2019-01-18 15:09:23,029 Commandline ['pytorch/pytorch_hyperbolic.py', 'learn', 'data/edges/parsing/ewt/ewt_dev/10.edges', '--dim', '0', '--hyp', '0', '--edim', '10', '--euc', '1', '--sdim', '0', '--sph', '0', '--log-name', 'ewt_devr2/10.edges.E10-1.lr1.log', '--batch-size', '65536', '--epochs', '50', '--checkpoint-freq', '10', '-g', '--subsample', '1024', '--learning-rate', '1']
2019-01-18 15:09:23,029 No Model Save selected!
2019-01-18 15:09:23,031 Loaded Graph data/edges/parsing/ewt/ewt_dev/10.edges with 21 nodes scale=1.0
2019-01-18 15:09:23,032 Building dataset
2019-01-18 15:09:23,032 Subsample: 21 points with scale 1.0 subsample=20
2019-01-18 15:09:23,055 Built Data Sampler
2019-01-18 15:09:23,055 Creating a fresh model warm_start?=None
2019-01-18 15:09:23,055 	 Warmstarting? None None 21
2019-01-18 15:09:23,056 Embedding() torch.Size([21, 10])
2019-01-18 15:09:23,056 relative No Rescale
2019-01-18 15:09:23,056 Constructed model with dim=0 and epochs=0 isnan=False
2019-01-18 15:09:23,056 SGD (
Parameter Group 0
    dampening: 0
    initial_lr: 0.1
    lr: 1.0
    momentum: 0.0
    nesterov: False
    weight_decay: 0

Parameter Group 1
    dampening: 0
    initial_lr: 0.1
    lr: 1.0
    momentum: 0.0
    nesterov: False
    weight_decay: 0

Parameter Group 2
    dampening: 0
    initial_lr: 0.1
    lr: 1.0
    momentum: 0.0
    nesterov: False
    weight_decay: 0

Parameter Group 3
    dampening: 0
    initial_lr: 0.0001
    lr: 0.001
    momentum: 0.0
    nesterov: False
    weight_decay: 0
)
2019-01-18 15:09:23,056 *** Initial Checkpoint. Computing Stats
2019-01-18 15:09:23,056 	 Computing Major Stats lazily... 
2019-01-18 15:09:23,059 		 Completed edges=420 good=420 bad=0
2019-01-18 15:09:23,062 Distortion avg=0.9982215861252017 wc=11.604509597864476 me=0.006196519622161948 mc=1872.7463649692593 nan_elements=0
2019-01-18 15:09:23,062 MAP = 0.26605183913012304
2019-01-18 15:09:23,062 scale=[array([1.])]
2019-01-18 15:09:23,063 *** End Initial Checkpoint

2019-01-18 15:09:23,122 1 loss=0.9964474338937018
2019-01-18 15:09:23,123 2 loss=0.9289574221019925
2019-01-18 15:09:23,124 3 loss=0.8668648104913812
2019-01-18 15:09:23,125 4 loss=0.8115138676509716
2019-01-18 15:09:23,125 5 loss=0.762248613296223
2019-01-18 15:09:23,126 6 loss=0.7183166176925271
2019-01-18 15:09:23,127 7 loss=0.6790264692724938
2019-01-18 15:09:23,128 8 loss=0.6437721003823733
2019-01-18 15:09:23,128 9 loss=0.6120306226735028
2019-01-18 15:09:23,129 10 loss=0.5833535848988464
2019-01-18 15:09:23,129 
*** Major Checkpoint. Computing Stats and Saving
2019-01-18 15:09:23,129 	 Computing Major Stats lazily... 
2019-01-18 15:09:23,131 		 Completed edges=420 good=420 bad=0
2019-01-18 15:09:23,134 Distortion avg=0.7193201699141881 wc=18.527194646559515 me=1.0843150030639381 mc=17.086542742844472 nan_elements=0
2019-01-18 15:09:23,135 MAP = 0.09797794845183538
2019-01-18 15:09:23,135 scale=[array([1.])]
2019-01-18 15:09:23,135 *** End Major Checkpoint

2019-01-18 15:09:23,136 11 loss=0.5573570663707099
2019-01-18 15:09:23,136 12 loss=0.5337123086411407
2019-01-18 15:09:23,137 13 loss=0.5121374007254982
2019-01-18 15:09:23,138 14 loss=0.49239010669865385
2019-01-18 15:09:23,139 15 loss=0.4742617668354263
2019-01-18 15:09:23,139 16 loss=0.45757215057645345
2019-01-18 15:09:23,140 17 loss=0.4421651295499676
2019-01-18 15:09:23,141 18 loss=0.42790504621751335
2019-01-18 15:09:23,142 19 loss=0.41467366740565875
2019-01-18 15:09:23,143 20 loss=0.4023676271500782
2019-01-18 15:09:23,143 
*** Major Checkpoint. Computing Stats and Saving
2019-01-18 15:09:23,143 	 Computing Major Stats lazily... 
2019-01-18 15:09:23,145 		 Completed edges=420 good=420 bad=0
2019-01-18 15:09:23,148 Distortion avg=0.5926282834159062 wc=13.762178872022977 me=1.4017374589919782 mc=9.817943284414813 nan_elements=0
2019-01-18 15:09:23,148 MAP = 0.1126352571931593
2019-01-18 15:09:23,148 scale=[array([1.])]
2019-01-18 15:09:23,148 *** End Major Checkpoint

2019-01-18 15:09:23,149 21 loss=0.39089627778956165
2019-01-18 15:09:23,150 22 loss=0.3801798812651324
2019-01-18 15:09:23,151 23 loss=0.37014808386488673
2019-01-18 15:09:23,151 24 loss=0.360738627246198
2019-01-18 15:09:23,152 25 loss=0.3518962566188794
2019-01-18 15:09:23,153 26 loss=0.3435717936807172
2019-01-18 15:09:23,154 27 loss=0.33572134745759397
2019-01-18 15:09:23,154 28 loss=0.3283056407964424
2019-01-18 15:09:23,155 29 loss=0.3212894340514313
2019-01-18 15:09:23,156 30 loss=0.3146410306301959
2019-01-18 15:09:23,156 
*** Major Checkpoint. Computing Stats and Saving
2019-01-18 15:09:23,156 	 Computing Major Stats lazily... 
2019-01-18 15:09:23,158 		 Completed edges=420 good=420 bad=0
2019-01-18 15:09:23,161 Distortion avg=0.5234919252905998 wc=11.302224977887482 me=1.560222553422166 mc=7.243982567164774 nan_elements=0
2019-01-18 15:09:23,161 MAP = 0.14561327725994908
2019-01-18 15:09:23,161 scale=[array([1.])]
2019-01-18 15:09:23,162 *** End Major Checkpoint

2019-01-18 15:09:23,162 31 loss=0.3083318516442835
2019-01-18 15:09:23,163 32 loss=0.3023360690336194
2019-01-18 15:09:23,164 33 loss=0.2966302882893533
2019-01-18 15:09:23,165 34 loss=0.29119327334940576
2019-01-18 15:09:23,166 35 loss=0.2860057074409272
2019-01-18 15:09:23,166 36 loss=0.2810499846384594
2019-01-18 15:09:23,167 37 loss=0.27631002773241725
2019-01-18 15:09:23,168 38 loss=0.2717711286895084
2019-01-18 15:09:23,169 39 loss=0.26741980855935243
2019-01-18 15:09:23,169 40 loss=0.26324369415985743
2019-01-18 15:09:23,169 
*** Major Checkpoint. Computing Stats and Saving
2019-01-18 15:09:23,170 	 Computing Major Stats lazily... 
2019-01-18 15:09:23,171 		 Completed edges=420 good=420 bad=0
2019-01-18 15:09:23,175 Distortion avg=0.47084980506936647 wc=9.766826399346924 me=1.6615713409505328 mc=5.8780662368427885 nan_elements=0
2019-01-18 15:09:23,175 MAP = 0.18802925706024443
2019-01-18 15:09:23,175 scale=[array([1.])]
2019-01-18 15:09:23,175 *** End Major Checkpoint

2019-01-18 15:09:23,176 41 loss=0.2592314092742456
2019-01-18 15:09:23,177 42 loss=0.25537247842841876
2019-01-18 15:09:23,177 43 loss=0.2516572415996304
2019-01-18 15:09:23,178 44 loss=0.24807677844524453
2019-01-18 15:09:23,179 45 loss=0.24462284084114247
2019-01-18 15:09:23,180 46 loss=0.2412877926892515
2019-01-18 15:09:23,180 47 loss=0.23806455609775248
2019-01-18 15:09:23,181 48 loss=0.23494656315999926
2019-01-18 15:09:23,182 49 loss=0.23192771266249385
2019-01-18 15:09:23,183 50 loss=0.2290023311413226
2019-01-18 15:09:23,183 
*** Major Checkpoint. Computing Stats and Saving
2019-01-18 15:09:23,183 	 Computing Major Stats lazily... 
2019-01-18 15:09:23,185 		 Completed edges=420 good=420 bad=0
2019-01-18 15:09:23,188 Distortion avg=0.43075873318175434 wc=8.521864913609313 me=1.704440097815312 mc=4.9998031168900114 nan_elements=0
2019-01-18 15:09:23,188 MAP = 0.3044309307833467
2019-01-18 15:09:23,189 scale=[array([1.])]
2019-01-18 15:09:23,189 *** End Major Checkpoint

2019-01-18 15:09:23,189 final loss=0.2290023311413226
2019-01-18 15:09:23,189 best loss=0.2290023311413226, distortion=0.43075873318175434, map=0.3044309307833467, wc_dist=8.521864913609313
2019-01-18 15:09:23,189 	 Computing Major Stats lazily... 
2019-01-18 15:09:23,191 		 Completed edges=420 good=420 bad=0
2019-01-18 15:09:23,194 Distortion avg=0.43075873318175417 wc=8.521864913609313 me=1.704440097815312 mc=4.9998031168900114 nan_elements=0
2019-01-18 15:09:23,194 MAP = 0.30443093078334665
2019-01-18 15:09:23,194 scale=[array([1.])]
