2019-01-18 15:09:41,467 Commandline ['pytorch/pytorch_hyperbolic.py', 'learn', 'data/edges/parsing/ewt/ewt_dev/100.edges', '--dim', '0', '--hyp', '0', '--edim', '10', '--euc', '1', '--sdim', '0', '--sph', '0', '--log-name', 'ewt_devr2/100.edges.E10-1.lr1.log', '--batch-size', '65536', '--epochs', '50', '--checkpoint-freq', '10', '-g', '--subsample', '1024', '--learning-rate', '1']
2019-01-18 15:09:41,467 No Model Save selected!
2019-01-18 15:09:41,468 Loaded Graph data/edges/parsing/ewt/ewt_dev/100.edges with 9 nodes scale=1.0
2019-01-18 15:09:41,468 Building dataset
2019-01-18 15:09:41,469 Subsample: 9 points with scale 1.0 subsample=8
2019-01-18 15:09:41,476 Built Data Sampler
2019-01-18 15:09:41,476 Creating a fresh model warm_start?=None
2019-01-18 15:09:41,476 	 Warmstarting? None None 9
2019-01-18 15:09:41,477 Embedding() torch.Size([9, 10])
2019-01-18 15:09:41,477 relative No Rescale
2019-01-18 15:09:41,477 Constructed model with dim=0 and epochs=0 isnan=False
2019-01-18 15:09:41,477 SGD (
Parameter Group 0
    dampening: 0
    initial_lr: 0.1
    lr: 1.0
    momentum: 0.0
    nesterov: False
    weight_decay: 0

Parameter Group 1
    dampening: 0
    initial_lr: 0.1
    lr: 1.0
    momentum: 0.0
    nesterov: False
    weight_decay: 0

Parameter Group 2
    dampening: 0
    initial_lr: 0.1
    lr: 1.0
    momentum: 0.0
    nesterov: False
    weight_decay: 0

Parameter Group 3
    dampening: 0
    initial_lr: 0.0001
    lr: 0.001
    momentum: 0.0
    nesterov: False
    weight_decay: 0
)
2019-01-18 15:09:41,478 *** Initial Checkpoint. Computing Stats
2019-01-18 15:09:41,478 	 Computing Major Stats lazily... 
2019-01-18 15:09:41,479 		 Completed edges=72 good=72 bad=0
2019-01-18 15:09:41,480 Distortion avg=0.9976113529420609 wc=5.464379816569827 me=0.005982886981094694 mc=913.334955822616 nan_elements=0
2019-01-18 15:09:41,480 MAP = 0.3423280423280423
2019-01-18 15:09:41,481 scale=[array([1.])]
2019-01-18 15:09:41,481 *** End Initial Checkpoint

2019-01-18 15:09:41,539 1 loss=0.9952301735446345
2019-01-18 15:09:41,540 2 loss=0.7319250509199988
2019-01-18 15:09:41,540 3 loss=0.5687807415159264
2019-01-18 15:09:41,541 4 loss=0.47167435465464547
2019-01-18 15:09:41,541 5 loss=0.40995716917787367
2019-01-18 15:09:41,542 6 loss=0.3673318408871172
2019-01-18 15:09:41,542 7 loss=0.3354137111197006
2019-01-18 15:09:41,543 8 loss=0.30986608715955494
2019-01-18 15:09:41,543 9 loss=0.2884008095977191
2019-01-18 15:09:41,544 10 loss=0.2697696944862924
2019-01-18 15:09:41,544 
*** Major Checkpoint. Computing Stats and Saving
2019-01-18 15:09:41,544 	 Computing Major Stats lazily... 
2019-01-18 15:09:41,545 		 Completed edges=72 good=72 bad=0
2019-01-18 15:09:41,546 Distortion avg=0.47471836993252176 wc=4.81947348799601 me=1.366454528638856 mc=3.526991485619908 nan_elements=0
2019-01-18 15:09:41,546 MAP = 0.2512345679012345
2019-01-18 15:09:41,546 scale=[array([1.])]
2019-01-18 15:09:41,546 *** End Major Checkpoint

2019-01-18 15:09:41,547 11 loss=0.2532567327951569
2019-01-18 15:09:41,547 12 loss=0.23842140878776796
2019-01-18 15:09:41,548 13 loss=0.22496852942099826
2019-01-18 15:09:41,548 14 loss=0.21268226027909218
2019-01-18 15:09:41,549 15 loss=0.20139290811790278
2019-01-18 15:09:41,549 16 loss=0.19096038092912185
2019-01-18 15:09:41,550 17 loss=0.18126604410846403
2019-01-18 15:09:41,550 18 loss=0.17220869059436902
2019-01-18 15:09:41,551 19 loss=0.1637024206553826
2019-01-18 15:09:41,551 20 loss=0.15567531270685858
2019-01-18 15:09:41,551 
*** Major Checkpoint. Computing Stats and Saving
2019-01-18 15:09:41,552 	 Computing Major Stats lazily... 
2019-01-18 15:09:41,552 		 Completed edges=72 good=72 bad=0
2019-01-18 15:09:41,554 Distortion avg=0.35478844750217736 wc=3.85026843402577 me=1.4652631104347353 mc=2.6276976514364145 nan_elements=0
2019-01-18 15:09:41,554 MAP = 0.7560185185185184
2019-01-18 15:09:41,554 scale=[array([1.])]
2019-01-18 15:09:41,554 *** End Major Checkpoint

2019-01-18 15:09:41,554 21 loss=0.14806833338106185
2019-01-18 15:09:41,555 22 loss=0.14083422990801844
2019-01-18 15:09:41,556 23 loss=0.13393630187911307
2019-01-18 15:09:41,556 24 loss=0.12734703244297424
2019-01-18 15:09:41,557 25 loss=0.121046606627037
2019-01-18 15:09:41,557 26 loss=0.11502137310143525
2019-01-18 15:09:41,558 27 loss=0.10926232109804017
2019-01-18 15:09:41,558 28 loss=0.10376364761356704
2019-01-18 15:09:41,559 29 loss=0.09852148211308939
2019-01-18 15:09:41,559 30 loss=0.09353281878941516
2019-01-18 15:09:41,559 
*** Major Checkpoint. Computing Stats and Saving
2019-01-18 15:09:41,559 	 Computing Major Stats lazily... 
2019-01-18 15:09:41,560 		 Completed edges=72 good=72 bad=0
2019-01-18 15:09:41,561 Distortion avg=0.2635069137837661 wc=2.840334941407803 me=1.3933968402487047 mc=2.03842499090269 nan_elements=0
2019-01-18 15:09:41,562 MAP = 0.9783950617283951
2019-01-18 15:09:41,562 scale=[array([1.])]
2019-01-18 15:09:41,562 *** End Major Checkpoint

2019-01-18 15:09:41,562 31 loss=0.08879468380201296
2019-01-18 15:09:41,563 32 loss=0.08430354137576096
2019-01-18 15:09:41,564 33 loss=0.08005492224678468
2019-01-18 15:09:41,564 34 loss=0.07604324331898964
2019-01-18 15:09:41,565 35 loss=0.07226177941930871
2019-01-18 15:09:41,565 36 loss=0.06870274613245872
2019-01-18 15:09:41,566 37 loss=0.06535745540097486
2019-01-18 15:09:41,566 38 loss=0.06221651115734111
2019-01-18 15:09:41,567 39 loss=0.059270019131374876
2019-01-18 15:09:41,567 40 loss=0.05650779194743246
2019-01-18 15:09:41,567 
*** Major Checkpoint. Computing Stats and Saving
2019-01-18 15:09:41,567 	 Computing Major Stats lazily... 
2019-01-18 15:09:41,568 		 Completed edges=72 good=72 bad=0
2019-01-18 15:09:41,569 Distortion avg=0.201594036815176 wc=2.2511683678038104 me=1.2844369737731605 mc=1.7526499265984077 nan_elements=0
2019-01-18 15:09:41,569 MAP = 1.0
2019-01-18 15:09:41,570 scale=[array([1.])]
2019-01-18 15:09:41,570 *** End Major Checkpoint

2019-01-18 15:09:41,570 41 loss=0.053919536923895395
2019-01-18 15:09:41,571 42 loss=0.051495019219445416
2019-01-18 15:09:41,571 43 loss=0.049224197021440666
2019-01-18 15:09:41,572 44 loss=0.04709732840147903
2019-01-18 15:09:41,572 45 loss=0.045105051425279846
2019-01-18 15:09:41,572 46 loss=0.04323844028668963
2019-01-18 15:09:41,573 47 loss=0.0414890408264319
2019-01-18 15:09:41,573 48 loss=0.039848888962600866
2019-01-18 15:09:41,574 49 loss=0.0383105154410939
2019-01-18 15:09:41,574 50 loss=0.036866940019885136
2019-01-18 15:09:41,574 
*** Major Checkpoint. Computing Stats and Saving
2019-01-18 15:09:41,575 	 Computing Major Stats lazily... 
2019-01-18 15:09:41,575 		 Completed edges=72 good=72 bad=0
2019-01-18 15:09:41,577 Distortion avg=0.16080813393662158 wc=1.9255849723877756 me=1.2261625046017746 mc=1.5704158014627556 nan_elements=0
2019-01-18 15:09:41,577 MAP = 1.0
2019-01-18 15:09:41,577 scale=[array([1.])]
2019-01-18 15:09:41,577 *** End Major Checkpoint

2019-01-18 15:09:41,577 final loss=0.036866940019885136
2019-01-18 15:09:41,577 best loss=0.036866940019885136, distortion=0.16080813393662158, map=1.0, wc_dist=1.9255849723877756
2019-01-18 15:09:41,577 	 Computing Major Stats lazily... 
2019-01-18 15:09:41,578 		 Completed edges=72 good=72 bad=0
2019-01-18 15:09:41,579 Distortion avg=0.16080813393662163 wc=1.9255849723877756 me=1.2261625046017746 mc=1.5704158014627556 nan_elements=0
2019-01-18 15:09:41,579 MAP = 1.0
2019-01-18 15:09:41,580 scale=[array([1.])]
