2019-01-18 15:06:13,981 Commandline ['pytorch/pytorch_hyperbolic.py', 'learn', 'data/edges/parsing/ewt/ewt_dev/1002.edges', '--dim', '0', '--hyp', '0', '--edim', '10', '--euc', '1', '--sdim', '0', '--sph', '0', '--log-name', 'ewt_devr2/1002.edges.E10-1.lr1.log', '--batch-size', '65536', '--epochs', '50', '--checkpoint-freq', '10', '-g', '--subsample', '1024', '--learning-rate', '1']
2019-01-18 15:06:13,981 No Model Save selected!
2019-01-18 15:06:13,983 Loaded Graph data/edges/parsing/ewt/ewt_dev/1002.edges with 25 nodes scale=1.0
2019-01-18 15:06:13,983 Building dataset
2019-01-18 15:06:13,984 Subsample: 25 points with scale 1.0 subsample=24
2019-01-18 15:06:14,013 Built Data Sampler
2019-01-18 15:06:14,013 Creating a fresh model warm_start?=None
2019-01-18 15:06:14,013 	 Warmstarting? None None 25
2019-01-18 15:06:14,014 Embedding() torch.Size([25, 10])
2019-01-18 15:06:14,014 relative No Rescale
2019-01-18 15:06:14,014 Constructed model with dim=0 and epochs=0 isnan=False
2019-01-18 15:06:14,014 SGD (
Parameter Group 0
    dampening: 0
    initial_lr: 0.1
    lr: 1.0
    momentum: 0.0
    nesterov: False
    weight_decay: 0

Parameter Group 1
    dampening: 0
    initial_lr: 0.1
    lr: 1.0
    momentum: 0.0
    nesterov: False
    weight_decay: 0

Parameter Group 2
    dampening: 0
    initial_lr: 0.1
    lr: 1.0
    momentum: 0.0
    nesterov: False
    weight_decay: 0

Parameter Group 3
    dampening: 0
    initial_lr: 0.0001
    lr: 0.001
    momentum: 0.0
    nesterov: False
    weight_decay: 0
)
2019-01-18 15:06:14,015 *** Initial Checkpoint. Computing Stats
2019-01-18 15:06:14,015 	 Computing Major Stats lazily... 
2019-01-18 15:06:14,018 		 Completed edges=600 good=600 bad=0
2019-01-18 15:06:14,022 Distortion avg=0.9984546275030148 wc=16.77380893544606 me=0.005970386167530054 mc=2809.5015070667323 nan_elements=0
2019-01-18 15:06:14,022 MAP = 0.11771126872135752
2019-01-18 15:06:14,022 scale=[array([1.])]
2019-01-18 15:06:14,022 *** End Initial Checkpoint

2019-01-18 15:06:14,081 1 loss=0.9969128836827591
2019-01-18 15:06:14,082 2 loss=0.9541339679973534
2019-01-18 15:06:14,083 3 loss=0.9133614285177636
2019-01-18 15:06:14,084 4 loss=0.8756046432824978
2019-01-18 15:06:14,085 5 loss=0.8407490719178319
2019-01-18 15:06:14,086 6 loss=0.8085823930032704
2019-01-18 15:06:14,087 7 loss=0.7788814297258535
2019-01-18 15:06:14,088 8 loss=0.7514320246832734
2019-01-18 15:06:14,088 9 loss=0.7260348643947879
2019-01-18 15:06:14,089 10 loss=0.7025069360894276
2019-01-18 15:06:14,089 
*** Major Checkpoint. Computing Stats and Saving
2019-01-18 15:06:14,090 	 Computing Major Stats lazily... 
2019-01-18 15:06:14,092 		 Completed edges=600 good=600 bad=0
2019-01-18 15:06:14,096 Distortion avg=0.8088995081469634 wc=26.844465138990333 me=0.9421799220758734 mc=28.491867115831575 nan_elements=0
2019-01-18 15:06:14,096 MAP = 0.07184857353128318
2019-01-18 15:06:14,096 scale=[array([1.])]
2019-01-18 15:06:14,096 *** End Major Checkpoint

2019-01-18 15:06:14,097 11 loss=0.6806813461779985
2019-01-18 15:06:14,098 12 loss=0.6604064772350714
2019-01-18 15:06:14,099 13 loss=0.6415448884184384
2019-01-18 15:06:14,100 14 loss=0.6239721431092837
2019-01-18 15:06:14,101 15 loss=0.6075756512466877
2019-01-18 15:06:14,102 16 loss=0.5922535681594338
2019-01-18 15:06:14,102 17 loss=0.5779137687036706
2019-01-18 15:06:14,103 18 loss=0.5644729034808849
2019-01-18 15:06:14,104 19 loss=0.5518555374979893
2019-01-18 15:06:14,105 20 loss=0.5399933682360286
2019-01-18 15:06:14,105 
*** Major Checkpoint. Computing Stats and Saving
2019-01-18 15:06:14,105 	 Computing Major Stats lazily... 
2019-01-18 15:06:14,108 		 Completed edges=600 good=600 bad=0
2019-01-18 15:06:14,111 Distortion avg=0.6947597466199258 wc=22.47206566660956 me=1.3932203626658168 mc=16.129584571683292 nan_elements=0
2019-01-18 15:06:14,112 MAP = 0.07221054328094642
2019-01-18 15:06:14,112 scale=[array([1.])]
2019-01-18 15:06:14,112 *** End Major Checkpoint

2019-01-18 15:06:14,113 21 loss=0.528824518373245
2019-01-18 15:06:14,114 22 loss=0.5182928976374885
2019-01-18 15:06:14,114 23 loss=0.5083476280363319
2019-01-18 15:06:14,115 24 loss=0.49894252679681406
2019-01-18 15:06:14,116 25 loss=0.4900356416024588
2019-01-18 15:06:14,117 26 loss=0.4815888330605033
2019-01-18 15:06:14,118 27 loss=0.4735673997172831
2019-01-18 15:06:14,119 28 loss=0.4659397413344731
2019-01-18 15:06:14,120 29 loss=0.45867705652558033
2019-01-18 15:06:14,121 30 loss=0.4517530712205024
2019-01-18 15:06:14,121 
*** Major Checkpoint. Computing Stats and Saving
2019-01-18 15:06:14,121 	 Computing Major Stats lazily... 
2019-01-18 15:06:14,124 		 Completed edges=600 good=600 bad=0
2019-01-18 15:06:14,128 Distortion avg=0.6408198674413345 wc=18.561568798044007 me=1.579999046713576 mc=11.747835441200028 nan_elements=0
2019-01-18 15:06:14,128 MAP = 0.07838945380646484
2019-01-18 15:06:14,128 scale=[array([1.])]
2019-01-18 15:06:14,128 *** End Major Checkpoint

2019-01-18 15:06:14,129 31 loss=0.4451437947706784
2019-01-18 15:06:14,130 32 loss=0.43882730082587573
2019-01-18 15:06:14,131 33 loss=0.43278353040539563
2019-01-18 15:06:14,132 34 loss=0.4269941148519416
2019-01-18 15:06:14,133 35 loss=0.42144221659681447
2019-01-18 15:06:14,133 36 loss=0.41611238588201327
2019-01-18 15:06:14,134 37 loss=0.4109904317800077
2019-01-18 15:06:14,136 38 loss=0.4060633060271941
2019-01-18 15:06:14,137 39 loss=0.40131899834413054
2019-01-18 15:06:14,138 40 loss=0.3967464420562616
2019-01-18 15:06:14,138 
*** Major Checkpoint. Computing Stats and Saving
2019-01-18 15:06:14,138 	 Computing Major Stats lazily... 
2019-01-18 15:06:14,141 		 Completed edges=600 good=600 bad=0
2019-01-18 15:06:14,144 Distortion avg=0.5988290169448344 wc=16.05196284749433 me=1.675122817905491 mc=9.582558768774392 nan_elements=0
2019-01-18 15:06:14,144 MAP = 0.08645429659069785
2019-01-18 15:06:14,145 scale=[array([1.])]
2019-01-18 15:06:14,145 *** End Major Checkpoint

2019-01-18 15:06:14,146 41 loss=0.39233542895461665
2019-01-18 15:06:14,146 42 loss=0.38807653244833623
2019-01-18 15:06:14,147 43 loss=0.3839610381612741
2019-01-18 15:06:14,148 44 loss=0.3799808812145242
2019-01-18 15:06:14,149 45 loss=0.3761285895167214
2019-01-18 15:06:14,150 46 loss=0.37239723245533685
2019-01-18 15:06:14,151 47 loss=0.3687803744458877
2019-01-18 15:06:14,152 48 loss=0.3652720328528226
2019-01-18 15:06:14,152 49 loss=0.36186663984656436
2019-01-18 15:06:14,153 50 loss=0.35855900780646766
2019-01-18 15:06:14,153 
*** Major Checkpoint. Computing Stats and Saving
2019-01-18 15:06:14,153 	 Computing Major Stats lazily... 
2019-01-18 15:06:14,156 		 Completed edges=600 good=600 bad=0
2019-01-18 15:06:14,160 Distortion avg=0.5632864332316337 wc=14.425166213939733 me=1.7534288769851072 mc=8.226832809291217 nan_elements=0
2019-01-18 15:06:14,160 MAP = 0.10064917290137709
2019-01-18 15:06:14,160 scale=[array([1.])]
2019-01-18 15:06:14,160 *** End Major Checkpoint

2019-01-18 15:06:14,160 final loss=0.35855900780646766
2019-01-18 15:06:14,160 best loss=0.35855900780646766, distortion=0.5632864332316337, map=0.10064917290137709, wc_dist=14.425166213939733
2019-01-18 15:06:14,160 	 Computing Major Stats lazily... 
2019-01-18 15:06:14,163 		 Completed edges=600 good=600 bad=0
2019-01-18 15:06:14,166 Distortion avg=0.5632864332316333 wc=14.425166213939733 me=1.7534288769851072 mc=8.226832809291217 nan_elements=0
2019-01-18 15:06:14,166 MAP = 0.10064917290137709
2019-01-18 15:06:14,167 scale=[array([1.])]
