2019-01-18 15:08:29,682 Commandline ['pytorch/pytorch_hyperbolic.py', 'learn', 'data/edges/parsing/ewt/ewt_dev/1003.edges', '--dim', '0', '--hyp', '0', '--edim', '10', '--euc', '1', '--sdim', '0', '--sph', '0', '--log-name', 'ewt_devr2/1003.edges.E10-1.lr1.log', '--batch-size', '65536', '--epochs', '50', '--checkpoint-freq', '10', '-g', '--subsample', '1024', '--learning-rate', '1']
2019-01-18 15:08:29,682 No Model Save selected!
2019-01-18 15:08:29,683 Loaded Graph data/edges/parsing/ewt/ewt_dev/1003.edges with 33 nodes scale=1.0
2019-01-18 15:08:29,683 Building dataset
2019-01-18 15:08:29,684 Subsample: 33 points with scale 1.0 subsample=32
2019-01-18 15:08:29,732 Built Data Sampler
2019-01-18 15:08:29,732 Creating a fresh model warm_start?=None
2019-01-18 15:08:29,732 	 Warmstarting? None None 33
2019-01-18 15:08:29,733 Embedding() torch.Size([33, 10])
2019-01-18 15:08:29,733 relative No Rescale
2019-01-18 15:08:29,733 Constructed model with dim=0 and epochs=0 isnan=False
2019-01-18 15:08:29,733 SGD (
Parameter Group 0
    dampening: 0
    initial_lr: 0.1
    lr: 1.0
    momentum: 0.0
    nesterov: False
    weight_decay: 0

Parameter Group 1
    dampening: 0
    initial_lr: 0.1
    lr: 1.0
    momentum: 0.0
    nesterov: False
    weight_decay: 0

Parameter Group 2
    dampening: 0
    initial_lr: 0.1
    lr: 1.0
    momentum: 0.0
    nesterov: False
    weight_decay: 0

Parameter Group 3
    dampening: 0
    initial_lr: 0.0001
    lr: 0.001
    momentum: 0.0
    nesterov: False
    weight_decay: 0
)
2019-01-18 15:08:29,734 *** Initial Checkpoint. Computing Stats
2019-01-18 15:08:29,734 	 Computing Major Stats lazily... 
2019-01-18 15:08:29,738 		 Completed edges=1056 good=1056 bad=0
2019-01-18 15:08:29,743 Distortion avg=0.998468719615722 wc=18.62081547994608 me=0.006841983940850235 mc=2721.5520587194073 nan_elements=0
2019-01-18 15:08:29,744 MAP = 0.1717484738030965
2019-01-18 15:08:29,744 scale=[array([1.])]
2019-01-18 15:08:29,744 *** End Initial Checkpoint

2019-01-18 15:08:29,803 1 loss=0.9969406712353155
2019-01-18 15:08:29,805 2 loss=0.9661235209563901
2019-01-18 15:08:29,806 3 loss=0.935866878993243
2019-01-18 15:08:29,808 4 loss=0.9070552976229068
2019-01-18 15:08:29,809 5 loss=0.8797336752140233
2019-01-18 15:08:29,810 6 loss=0.8538496255687561
2019-01-18 15:08:29,812 7 loss=0.8293280176180994
2019-01-18 15:08:29,813 8 loss=0.8060887462013521
2019-01-18 15:08:29,814 9 loss=0.7840526866387223
2019-01-18 15:08:29,815 10 loss=0.7631440015915595
2019-01-18 15:08:29,816 
*** Major Checkpoint. Computing Stats and Saving
2019-01-18 15:08:29,816 	 Computing Major Stats lazily... 
2019-01-18 15:08:29,820 		 Completed edges=1056 good=1056 bad=0
2019-01-18 15:08:29,825 Distortion avg=0.8542708438037814 wc=37.822272030082004 me=0.8294845820938502 mc=45.5973177157893 nan_elements=0
2019-01-18 15:08:29,826 MAP = 0.06594383073488316
2019-01-18 15:08:29,826 scale=[array([1.])]
2019-01-18 15:08:29,826 *** End Major Checkpoint

2019-01-18 15:08:29,828 11 loss=0.7432910450088044
2019-01-18 15:08:29,829 12 loss=0.7244266498096245
2019-01-18 15:08:29,830 13 loss=0.7064881229285449
2019-01-18 15:08:29,831 14 loss=0.6894170966357771
2019-01-18 15:08:29,833 15 loss=0.6731593103334066
2019-01-18 15:08:29,834 16 loss=0.6576643619132285
2019-01-18 15:08:29,835 17 loss=0.6428854500086796
2019-01-18 15:08:29,836 18 loss=0.6287791189732217
2019-01-18 15:08:29,837 19 loss=0.6153050131061137
2019-01-18 15:08:29,838 20 loss=0.6024256435780317
2019-01-18 15:08:29,839 
*** Major Checkpoint. Computing Stats and Saving
2019-01-18 15:08:29,839 	 Computing Major Stats lazily... 
2019-01-18 15:08:29,843 		 Completed edges=1056 good=1056 bad=0
2019-01-18 15:08:29,849 Distortion avg=0.7464404492103996 wc=31.925357357251947 me=1.2968150070505218 mc=24.618281854913935 nan_elements=0
2019-01-18 15:08:29,849 MAP = 0.06695348471319021
2019-01-18 15:08:29,849 scale=[array([1.])]
2019-01-18 15:08:29,849 *** End Major Checkpoint

2019-01-18 15:08:29,850 21 loss=0.5901061696956713
2019-01-18 15:08:29,852 22 loss=0.5783141950595267
2019-01-18 15:08:29,853 23 loss=0.5670195785193236
2019-01-18 15:08:29,854 24 loss=0.5561942594480743
2019-01-18 15:08:29,855 25 loss=0.5458120966378545
2019-01-18 15:08:29,856 26 loss=0.5358487200067827
2019-01-18 15:08:29,858 27 loss=0.5262813942589718
2019-01-18 15:08:29,859 28 loss=0.5170888936330817
2019-01-18 15:08:29,860 29 loss=0.508251386894792
2019-01-18 15:08:29,861 30 loss=0.49975033176380934
2019-01-18 15:08:29,861 
*** Major Checkpoint. Computing Stats and Saving
2019-01-18 15:08:29,861 	 Computing Major Stats lazily... 
2019-01-18 15:08:29,866 		 Completed edges=1056 good=1056 bad=0
2019-01-18 15:08:29,872 Distortion avg=0.6740585780188263 wc=26.630159958412364 me=1.532330552956851 mc=17.378861177848123 nan_elements=0
2019-01-18 15:08:29,872 MAP = 0.0702740166318732
2019-01-18 15:08:29,872 scale=[array([1.])]
2019-01-18 15:08:29,872 *** End Major Checkpoint

2019-01-18 15:08:29,874 31 loss=0.49156837801020453
2019-01-18 15:08:29,875 32 loss=0.4836892785035016
2019-01-18 15:08:29,876 33 loss=0.4760978075481474
2019-01-18 15:08:29,877 34 loss=0.468779685888872
2019-01-18 15:08:29,878 35 loss=0.4617215118178259
2019-01-18 15:08:29,880 36 loss=0.45491069786151517
2019-01-18 15:08:29,881 37 loss=0.4483354125690541
2019-01-18 15:08:29,882 38 loss=0.4419845269638767
2019-01-18 15:08:29,883 39 loss=0.4358475652587763
2019-01-18 15:08:29,885 40 loss=0.429914659468988
2019-01-18 15:08:29,885 
*** Major Checkpoint. Computing Stats and Saving
2019-01-18 15:08:29,885 	 Computing Major Stats lazily... 
2019-01-18 15:08:29,890 		 Completed edges=1056 good=1056 bad=0
2019-01-18 15:08:29,895 Distortion avg=0.622925444855697 wc=22.37642370764436 me=1.6331378132775463 mc=13.701491402453714 nan_elements=0
2019-01-18 15:08:29,895 MAP = 0.07976432610559764
2019-01-18 15:08:29,895 scale=[array([1.])]
2019-01-18 15:08:29,895 *** End Major Checkpoint

2019-01-18 15:08:29,897 41 loss=0.4241765075900831
2019-01-18 15:08:29,898 42 loss=0.41862433503686447
2019-01-18 15:08:29,900 43 loss=0.4132498590663674
2019-01-18 15:08:29,903 44 loss=0.40804525593265933
2019-01-18 15:08:29,905 45 loss=0.403003130543568
2019-01-18 15:08:29,907 46 loss=0.39811648840989655
2019-01-18 15:08:29,908 47 loss=0.39337870969629274
2019-01-18 15:08:29,910 48 loss=0.38878352519985937
2019-01-18 15:08:29,911 49 loss=0.384324994097975
2019-01-18 15:08:29,912 50 loss=0.3799974833207833
2019-01-18 15:08:29,913 
*** Major Checkpoint. Computing Stats and Saving
2019-01-18 15:08:29,913 	 Computing Major Stats lazily... 
2019-01-18 15:08:29,918 		 Completed edges=1056 good=1056 bad=0
2019-01-18 15:08:29,923 Distortion avg=0.5817081296799487 wc=19.909927136309946 me=1.7359018883452795 mc=11.469500246519557 nan_elements=0
2019-01-18 15:08:29,923 MAP = 0.09078934253666925
2019-01-18 15:08:29,924 scale=[array([1.])]
2019-01-18 15:08:29,924 *** End Major Checkpoint

2019-01-18 15:08:29,924 final loss=0.3799974833207833
2019-01-18 15:08:29,924 best loss=0.3799974833207833, distortion=0.5817081296799487, map=0.09078934253666925, wc_dist=19.909927136309946
2019-01-18 15:08:29,924 	 Computing Major Stats lazily... 
2019-01-18 15:08:29,929 		 Completed edges=1056 good=1056 bad=0
2019-01-18 15:08:29,934 Distortion avg=0.5817081296799488 wc=19.909927136309946 me=1.7359018883452795 mc=11.469500246519557 nan_elements=0
2019-01-18 15:08:29,934 MAP = 0.09078934253666926
2019-01-18 15:08:29,935 scale=[array([1.])]
