2019-01-18 15:04:16,591 Commandline ['pytorch/pytorch_hyperbolic.py', 'learn', 'data/edges/parsing/ewt/ewt_dev/1013.edges', '--dim', '0', '--hyp', '0', '--edim', '10', '--euc', '1', '--sdim', '0', '--sph', '0', '--log-name', 'ewt_devr2/1013.edges.E10-1.lr1.log', '--batch-size', '65536', '--epochs', '50', '--checkpoint-freq', '10', '-g', '--subsample', '1024', '--learning-rate', '1']
2019-01-18 15:04:16,591 No Model Save selected!
2019-01-18 15:04:16,592 Loaded Graph data/edges/parsing/ewt/ewt_dev/1013.edges with 19 nodes scale=1.0
2019-01-18 15:04:16,592 Building dataset
2019-01-18 15:04:16,593 Subsample: 19 points with scale 1.0 subsample=18
2019-01-18 15:04:16,612 Built Data Sampler
2019-01-18 15:04:16,612 Creating a fresh model warm_start?=None
2019-01-18 15:04:16,613 	 Warmstarting? None None 19
2019-01-18 15:04:16,613 Embedding() torch.Size([19, 10])
2019-01-18 15:04:16,613 relative No Rescale
2019-01-18 15:04:16,613 Constructed model with dim=0 and epochs=0 isnan=False
2019-01-18 15:04:16,614 SGD (
Parameter Group 0
    dampening: 0
    initial_lr: 0.1
    lr: 1.0
    momentum: 0.0
    nesterov: False
    weight_decay: 0

Parameter Group 1
    dampening: 0
    initial_lr: 0.1
    lr: 1.0
    momentum: 0.0
    nesterov: False
    weight_decay: 0

Parameter Group 2
    dampening: 0
    initial_lr: 0.1
    lr: 1.0
    momentum: 0.0
    nesterov: False
    weight_decay: 0

Parameter Group 3
    dampening: 0
    initial_lr: 0.0001
    lr: 0.001
    momentum: 0.0
    nesterov: False
    weight_decay: 0
)
2019-01-18 15:04:16,614 *** Initial Checkpoint. Computing Stats
2019-01-18 15:04:16,614 	 Computing Major Stats lazily... 
2019-01-18 15:04:16,616 		 Completed edges=342 good=342 bad=0
2019-01-18 15:04:16,619 Distortion avg=0.9983025859782003 wc=11.816276101140396 me=0.005941110731069004 mc=1988.9001629522318 nan_elements=0
2019-01-18 15:04:16,619 MAP = 0.2615461994718961
2019-01-18 15:04:16,619 scale=[array([1.])]
2019-01-18 15:04:16,619 *** End Initial Checkpoint

2019-01-18 15:04:16,679 1 loss=0.9966093238554244
2019-01-18 15:04:16,680 2 loss=0.9299859411461447
2019-01-18 15:04:16,681 3 loss=0.8686895565808467
2019-01-18 15:04:16,682 4 loss=0.8143690471607024
2019-01-18 15:04:16,682 5 loss=0.7664005645390913
2019-01-18 15:04:16,683 6 loss=0.7240102488816343
2019-01-18 15:04:16,684 7 loss=0.6864696045549586
2019-01-18 15:04:16,685 8 loss=0.6531314605137842
2019-01-18 15:04:16,685 9 loss=0.6234325240020423
2019-01-18 15:04:16,686 10 loss=0.596886789489644
2019-01-18 15:04:16,686 
*** Major Checkpoint. Computing Stats and Saving
2019-01-18 15:04:16,686 	 Computing Major Stats lazily... 
2019-01-18 15:04:16,688 		 Completed edges=342 good=342 bad=0
2019-01-18 15:04:16,691 Distortion avg=0.7249982869955304 wc=17.836504568190428 me=1.089007805127762 mc=16.378674683693248 nan_elements=0
2019-01-18 15:04:16,691 MAP = 0.10161510745876072
2019-01-18 15:04:16,691 scale=[array([1.])]
2019-01-18 15:04:16,691 *** End Major Checkpoint

2019-01-18 15:04:16,692 11 loss=0.5730765995195082
2019-01-18 15:04:16,693 12 loss=0.5516436240659754
2019-01-18 15:04:16,693 13 loss=0.5322805480571381
2019-01-18 15:04:16,694 14 loss=0.5147237063110298
2019-01-18 15:04:16,695 15 loss=0.49874668600029626
2019-01-18 15:04:16,695 16 loss=0.4841548297696668
2019-01-18 15:04:16,696 17 loss=0.4707805421113312
2019-01-18 15:04:16,697 18 loss=0.45847929599641407
2019-01-18 15:04:16,698 19 loss=0.447126242006766
2019-01-18 15:04:16,698 20 loss=0.43661333177492867
2019-01-18 15:04:16,698 
*** Major Checkpoint. Computing Stats and Saving
2019-01-18 15:04:16,699 	 Computing Major Stats lazily... 
2019-01-18 15:04:16,700 		 Completed edges=342 good=342 bad=0
2019-01-18 15:04:16,703 Distortion avg=0.6210439353243398 wc=13.379186917473708 me=1.4575816417338308 mc=9.17903089226537 nan_elements=0
2019-01-18 15:04:16,703 MAP = 0.10842650355034256
2019-01-18 15:04:16,703 scale=[array([1.])]
2019-01-18 15:04:16,703 *** End Major Checkpoint

2019-01-18 15:04:16,704 21 loss=0.4268468783266769
2019-01-18 15:04:16,705 22 loss=0.417745486481471
2019-01-18 15:04:16,705 23 loss=0.40923829616433155
2019-01-18 15:04:16,706 24 loss=0.4012634900861571
2019-01-18 15:04:16,707 25 loss=0.3937670247270633
2019-01-18 15:04:16,708 26 loss=0.38670154997311956
2019-01-18 15:04:16,708 27 loss=0.38002548821567705
2019-01-18 15:04:16,709 28 loss=0.3737022483412726
2019-01-18 15:04:16,710 29 loss=0.36769955393372
2019-01-18 15:04:16,711 30 loss=0.3619888682843645
2019-01-18 15:04:16,711 
*** Major Checkpoint. Computing Stats and Saving
2019-01-18 15:04:16,711 	 Computing Major Stats lazily... 
2019-01-18 15:04:16,712 		 Completed edges=342 good=342 bad=0
2019-01-18 15:04:16,715 Distortion avg=0.5668475303812442 wc=10.81504189935784 me=1.6290102165468798 mc=6.639026440413122 nan_elements=0
2019-01-18 15:04:16,715 MAP = 0.14355161450749684
2019-01-18 15:04:16,715 scale=[array([1.])]
2019-01-18 15:04:16,716 *** End Major Checkpoint

2019-01-18 15:04:16,716 31 loss=0.356544901555969
2019-01-18 15:04:16,717 32 loss=0.3513451877524688
2019-01-18 15:04:16,718 33 loss=0.34636972108152975
2019-01-18 15:04:16,718 34 loss=0.3416006429195296
2019-01-18 15:04:16,719 35 loss=0.3370219719500196
2019-01-18 15:04:16,720 36 loss=0.3326193711896188
2019-01-18 15:04:16,721 37 loss=0.3283799465754392
2019-01-18 15:04:16,721 38 loss=0.32429207259550386
2019-01-18 15:04:16,722 39 loss=0.32034524112317286
2019-01-18 15:04:16,723 40 loss=0.3165299301892647
2019-01-18 15:04:16,723 
*** Major Checkpoint. Computing Stats and Saving
2019-01-18 15:04:16,723 	 Computing Major Stats lazily... 
2019-01-18 15:04:16,724 		 Completed edges=342 good=342 bad=0
2019-01-18 15:04:16,727 Distortion avg=0.5233699404832532 wc=9.526300322632244 me=1.7126862765056452 mc=5.562198082224689 nan_elements=0
2019-01-18 15:04:16,727 MAP = 0.22291618626757947
2019-01-18 15:04:16,728 scale=[array([1.])]
2019-01-18 15:04:16,728 *** End Major Checkpoint

2019-01-18 15:04:16,728 41 loss=0.3128374899087015
2019-01-18 15:04:16,729 42 loss=0.30926004318668515
2019-01-18 15:04:16,730 43 loss=0.30579039917469697
2019-01-18 15:04:16,730 44 loss=0.3024219777391339
2019-01-18 15:04:16,731 45 loss=0.2991487434535612
2019-01-18 15:04:16,732 46 loss=0.29596514783642847
2019-01-18 15:04:16,733 47 loss=0.2928660787355377
2019-01-18 15:04:16,733 48 loss=0.2898468159134959
2019-01-18 15:04:16,734 49 loss=0.286902992018946
2019-01-18 15:04:16,735 50 loss=0.28403055824000506
2019-01-18 15:04:16,735 
*** Major Checkpoint. Computing Stats and Saving
2019-01-18 15:04:16,735 	 Computing Major Stats lazily... 
2019-01-18 15:04:16,736 		 Completed edges=342 good=342 bad=0
2019-01-18 15:04:16,739 Distortion avg=0.489976294437295 wc=8.751615207612993 me=1.7851451987578357 mc=4.9024668770376 nan_elements=0
2019-01-18 15:04:16,739 MAP = 0.28414672273031405
2019-01-18 15:04:16,739 scale=[array([1.])]
2019-01-18 15:04:16,739 *** End Major Checkpoint

2019-01-18 15:04:16,740 final loss=0.28403055824000506
2019-01-18 15:04:16,740 best loss=0.28403055824000506, distortion=0.489976294437295, map=0.28414672273031405, wc_dist=8.751615207612993
2019-01-18 15:04:16,740 	 Computing Major Stats lazily... 
2019-01-18 15:04:16,741 		 Completed edges=342 good=342 bad=0
2019-01-18 15:04:16,744 Distortion avg=0.4899762944372952 wc=8.751615207612993 me=1.7851451987578357 mc=4.9024668770376 nan_elements=0
2019-01-18 15:04:16,744 MAP = 0.28414672273031405
2019-01-18 15:04:16,745 scale=[array([1.])]
