2019-01-18 14:52:42,759 Commandline ['pytorch/pytorch_hyperbolic.py', 'learn', 'data/edges/parsing/ewt/ewt_dev/1014.edges', '--dim', '0', '--hyp', '0', '--edim', '10', '--euc', '1', '--sdim', '0', '--sph', '0', '--log-name', 'ewt_devr2/1014.edges.E10-1.lr1.log', '--batch-size', '65536', '--epochs', '50', '--checkpoint-freq', '10', '-g', '--subsample', '1024', '--learning-rate', '1']
2019-01-18 14:52:42,759 No Model Save selected!
2019-01-18 14:52:42,761 Loaded Graph data/edges/parsing/ewt/ewt_dev/1014.edges with 30 nodes scale=1.0
2019-01-18 14:52:42,761 Building dataset
2019-01-18 14:52:42,761 Subsample: 30 points with scale 1.0 subsample=29
2019-01-18 14:52:42,801 Built Data Sampler
2019-01-18 14:52:42,801 Creating a fresh model warm_start?=None
2019-01-18 14:52:42,801 	 Warmstarting? None None 30
2019-01-18 14:52:42,802 Embedding() torch.Size([30, 10])
2019-01-18 14:52:42,802 relative No Rescale
2019-01-18 14:52:42,802 Constructed model with dim=0 and epochs=0 isnan=False
2019-01-18 14:52:42,802 SGD (
Parameter Group 0
    dampening: 0
    initial_lr: 0.1
    lr: 1.0
    momentum: 0.0
    nesterov: False
    weight_decay: 0

Parameter Group 1
    dampening: 0
    initial_lr: 0.1
    lr: 1.0
    momentum: 0.0
    nesterov: False
    weight_decay: 0

Parameter Group 2
    dampening: 0
    initial_lr: 0.1
    lr: 1.0
    momentum: 0.0
    nesterov: False
    weight_decay: 0

Parameter Group 3
    dampening: 0
    initial_lr: 0.0001
    lr: 0.001
    momentum: 0.0
    nesterov: False
    weight_decay: 0
)
2019-01-18 14:52:42,803 *** Initial Checkpoint. Computing Stats
2019-01-18 14:52:42,803 	 Computing Major Stats lazily... 
2019-01-18 14:52:42,806 		 Completed edges=870 good=870 bad=0
2019-01-18 14:52:42,811 Distortion avg=0.9986306943510929 wc=22.690990556974732 me=0.005646750727165442 mc=4018.4154841142 nan_elements=0
2019-01-18 14:52:42,811 MAP = 0.1888271780193447
2019-01-18 14:52:42,812 scale=[array([1.])]
2019-01-18 14:52:42,812 *** End Initial Checkpoint

2019-01-18 14:52:42,871 1 loss=0.997264260021965
2019-01-18 14:52:42,872 2 loss=0.9683497089143713
2019-01-18 14:52:42,873 3 loss=0.9400181827467498
2019-01-18 14:52:42,874 4 loss=0.913043049196376
2019-01-18 14:52:42,875 5 loss=0.8874729985865966
2019-01-18 14:52:42,876 6 loss=0.8632651525443402
2019-01-18 14:52:42,877 7 loss=0.8403528388239164
2019-01-18 14:52:42,878 8 loss=0.8186631181404507
2019-01-18 14:52:42,879 9 loss=0.7981229706398375
2019-01-18 14:52:42,880 10 loss=0.7786618082365196
2019-01-18 14:52:42,880 
*** Major Checkpoint. Computing Stats and Saving
2019-01-18 14:52:42,880 	 Computing Major Stats lazily... 
2019-01-18 14:52:42,884 		 Completed edges=870 good=870 bad=0
2019-01-18 14:52:42,888 Distortion avg=0.863406160800227 wc=30.77861016779858 me=0.7014406939287587 mc=43.8791339513082 nan_elements=0
2019-01-18 14:52:42,888 MAP = 0.06698948802985108
2019-01-18 14:52:42,888 scale=[array([1.])]
2019-01-18 14:52:42,888 *** End Major Checkpoint

2019-01-18 14:52:42,889 11 loss=0.7602125285038022
2019-01-18 14:52:42,891 12 loss=0.7427119123295844
2019-01-18 14:52:42,892 13 loss=0.726100702820806
2019-01-18 14:52:42,893 14 loss=0.7103235232789002
2019-01-18 14:52:42,894 15 loss=0.695328713892489
2019-01-18 14:52:42,895 16 loss=0.6810681295796371
2019-01-18 14:52:42,896 17 loss=0.6674969224178051
2019-01-18 14:52:42,897 18 loss=0.6545733218611396
2019-01-18 14:52:42,898 19 loss=0.6422584201864661
2019-01-18 14:52:42,899 20 loss=0.630515967264859
2019-01-18 14:52:42,899 
*** Major Checkpoint. Computing Stats and Saving
2019-01-18 14:52:42,899 	 Computing Major Stats lazily... 
2019-01-18 14:52:42,903 		 Completed edges=870 good=870 bad=0
2019-01-18 14:52:42,907 Distortion avg=0.7611443446359275 wc=26.138447190660855 me=1.1177428934738889 mc=23.385026505893382 nan_elements=0
2019-01-18 14:52:42,907 MAP = 0.06648234751028256
2019-01-18 14:52:42,908 scale=[array([1.])]
2019-01-18 14:52:42,908 *** End Major Checkpoint

2019-01-18 14:52:42,909 21 loss=0.6193121767681155
2019-01-18 14:52:42,910 22 loss=0.6086155447219382
2019-01-18 14:52:42,911 23 loss=0.5983966805933555
2019-01-18 14:52:42,912 24 loss=0.5886281506655839
2019-01-18 14:52:42,913 25 loss=0.5792843331999874
2019-01-18 14:52:42,914 26 loss=0.5703412847451625
2019-01-18 14:52:42,915 27 loss=0.5617766168858435
2019-01-18 14:52:42,916 28 loss=0.5535693827027139
2019-01-18 14:52:42,917 29 loss=0.5456999722213128
2019-01-18 14:52:42,918 30 loss=0.538150016152833
2019-01-18 14:52:42,918 
*** Major Checkpoint. Computing Stats and Saving
2019-01-18 14:52:42,918 	 Computing Major Stats lazily... 
2019-01-18 14:52:42,921 		 Completed edges=870 good=870 bad=0
2019-01-18 14:52:42,926 Distortion avg=0.6964448841986938 wc=22.72667614049201 me=1.3689825997111131 mc=16.601143173980343 nan_elements=0
2019-01-18 14:52:42,926 MAP = 0.06935428838636402
2019-01-18 14:52:42,926 scale=[array([1.])]
2019-01-18 14:52:42,926 *** End Major Checkpoint

2019-01-18 14:52:42,927 31 loss=0.5309022972645261
2019-01-18 14:52:42,928 32 loss=0.5239406687577831
2019-01-18 14:52:42,929 33 loss=0.5172499790746674
2019-01-18 14:52:42,930 34 loss=0.5108160025966818
2019-01-18 14:52:42,931 35 loss=0.5046253757415563
2019-01-18 14:52:42,933 36 loss=0.49866553800406604
2019-01-18 14:52:42,934 37 loss=0.4929246775248477
2019-01-18 14:52:42,935 38 loss=0.4873916808066648
2019-01-18 14:52:42,936 39 loss=0.4820560862304824
2019-01-18 14:52:42,937 40 loss=0.4769080410540676
2019-01-18 14:52:42,937 
*** Major Checkpoint. Computing Stats and Saving
2019-01-18 14:52:42,937 	 Computing Major Stats lazily... 
2019-01-18 14:52:42,940 		 Completed edges=870 good=870 bad=0
2019-01-18 14:52:42,945 Distortion avg=0.6553690288164611 wc=20.160109432773556 me=1.5242641014115634 mc=13.2261262428893 nan_elements=0
2019-01-18 14:52:42,945 MAP = 0.07564925939501031
2019-01-18 14:52:42,945 scale=[array([1.])]
2019-01-18 14:52:42,945 *** End Major Checkpoint

2019-01-18 14:52:42,946 41 loss=0.47193826160371943
2019-01-18 14:52:42,947 42 loss=0.4671379963952654
2019-01-18 14:52:42,948 43 loss=0.4624989919437856
2019-01-18 14:52:42,949 44 loss=0.4580134610427887
2019-01-18 14:52:42,950 45 loss=0.4536740533129276
2019-01-18 14:52:42,951 46 loss=0.4494738278379494
2019-01-18 14:52:42,952 47 loss=0.4454062277215912
2019-01-18 14:52:42,953 48 loss=0.4414650564136631
2019-01-18 14:52:42,954 49 loss=0.43764445566678356
2019-01-18 14:52:42,955 50 loss=0.4339388849972165
2019-01-18 14:52:42,955 
*** Major Checkpoint. Computing Stats and Saving
2019-01-18 14:52:42,955 	 Computing Major Stats lazily... 
2019-01-18 14:52:42,959 		 Completed edges=870 good=870 bad=0
2019-01-18 14:52:42,963 Distortion avg=0.6213722036863651 wc=18.161020333847386 me=1.6217277923653097 mc=11.198562680706925 nan_elements=0
2019-01-18 14:52:42,963 MAP = 0.08569149094288103
2019-01-18 14:52:42,963 scale=[array([1.])]
2019-01-18 14:52:42,963 *** End Major Checkpoint

2019-01-18 14:52:42,963 final loss=0.4339388849972165
2019-01-18 14:52:42,963 best loss=0.4339388849972165, distortion=0.6213722036863651, map=0.08569149094288103, wc_dist=18.161020333847386
2019-01-18 14:52:42,964 	 Computing Major Stats lazily... 
2019-01-18 14:52:42,967 		 Completed edges=870 good=870 bad=0
2019-01-18 14:52:42,971 Distortion avg=0.6213722036863649 wc=18.161020333847386 me=1.6217277923653097 mc=11.198562680706925 nan_elements=0
2019-01-18 14:52:42,971 MAP = 0.08569149094288106
2019-01-18 14:52:42,971 scale=[array([1.])]
