2019-01-18 14:41:50,883 Commandline ['pytorch/pytorch_hyperbolic.py', 'learn', 'data/edges/parsing/ewt/ewt_dev/1017.edges', '--dim', '0', '--hyp', '0', '--edim', '10', '--euc', '1', '--sdim', '0', '--sph', '0', '--log-name', 'ewt_devr2/1017.edges.E10-1.lr1.log', '--batch-size', '65536', '--epochs', '50', '-g', '--subsample', '1024', '--learning-rate', '1']
2019-01-18 14:41:50,884 No Model Save selected!
2019-01-18 14:41:50,885 Loaded Graph data/edges/parsing/ewt/ewt_dev/1017.edges with 26 nodes scale=1.0
2019-01-18 14:41:50,885 Building dataset
2019-01-18 14:41:50,886 Subsample: 26 points with scale 1.0 subsample=25
2019-01-18 14:41:50,917 Built Data Sampler
2019-01-18 14:41:50,918 Creating a fresh model warm_start?=None
2019-01-18 14:41:50,918 	 Warmstarting? None None 26
2019-01-18 14:41:50,918 Embedding() torch.Size([26, 10])
2019-01-18 14:41:50,918 relative No Rescale
2019-01-18 14:41:50,919 Constructed model with dim=0 and epochs=0 isnan=False
2019-01-18 14:41:50,919 SGD (
Parameter Group 0
    dampening: 0
    initial_lr: 0.1
    lr: 1.0
    momentum: 0.0
    nesterov: False
    weight_decay: 0

Parameter Group 1
    dampening: 0
    initial_lr: 0.1
    lr: 1.0
    momentum: 0.0
    nesterov: False
    weight_decay: 0

Parameter Group 2
    dampening: 0
    initial_lr: 0.1
    lr: 1.0
    momentum: 0.0
    nesterov: False
    weight_decay: 0

Parameter Group 3
    dampening: 0
    initial_lr: 0.0001
    lr: 0.001
    momentum: 0.0
    nesterov: False
    weight_decay: 0
)
2019-01-18 14:41:50,919 *** Initial Checkpoint. Computing Stats
2019-01-18 14:41:50,919 	 Computing Major Stats lazily... 
2019-01-18 14:41:50,922 		 Completed edges=650 good=650 bad=0
2019-01-18 14:41:50,926 Distortion avg=0.9983299526082551 wc=16.360046851276206 me=0.006338194259239511 mc=2581.184195708001 nan_elements=0
2019-01-18 14:41:50,926 MAP = 0.13704338762007218
2019-01-18 14:41:50,926 scale=[array([1.])]
2019-01-18 14:41:50,927 *** End Initial Checkpoint

2019-01-18 14:41:50,989 1 loss=0.9966639143257264
2019-01-18 14:41:50,991 2 loss=0.9535846751671477
2019-01-18 14:41:50,992 3 loss=0.9122845670068194
2019-01-18 14:41:50,993 4 loss=0.8739710982105185
2019-01-18 14:41:50,995 5 loss=0.8385488586030535
2019-01-18 14:41:50,996 6 loss=0.80580653463177
2019-01-18 14:41:50,997 7 loss=0.7755195174092239
2019-01-18 14:41:50,998 8 loss=0.7474723875304693
2019-01-18 14:41:50,999 9 loss=0.721465280059864
2019-01-18 14:41:51,000 10 loss=0.6973153785565295
2019-01-18 14:41:51,001 11 loss=0.6748566294199719
2019-01-18 14:41:51,002 12 loss=0.6539387613478337
2019-01-18 14:41:51,003 13 loss=0.6344260512905168
2019-01-18 14:41:51,004 14 loss=0.6161960330264352
2019-01-18 14:41:51,004 15 loss=0.5991382390979231
2019-01-18 14:41:51,005 16 loss=0.5831530175899928
2019-01-18 14:41:51,006 17 loss=0.5681504408564713
2019-01-18 14:41:51,007 18 loss=0.5540493108223357
2019-01-18 14:41:51,008 19 loss=0.5407762590498126
2019-01-18 14:41:51,009 20 loss=0.528264936509421
2019-01-18 14:41:51,010 21 loss=0.516455286493443
2019-01-18 14:41:51,011 22 loss=0.5052928935718163
2019-01-18 14:41:51,012 23 loss=0.49472840148906994
2019-01-18 14:41:51,013 24 loss=0.48471699319091305
2019-01-18 14:41:51,014 25 loss=0.4752179266085277
2019-01-18 14:41:51,015 26 loss=0.46619412033441315
2019-01-18 14:41:51,016 27 loss=0.4576117838471438
2019-01-18 14:41:51,017 28 loss=0.44944008745555153
2019-01-18 14:41:51,017 29 loss=0.4416508676200533
2019-01-18 14:41:51,018 30 loss=0.4342183637620745
2019-01-18 14:41:51,019 31 loss=0.42711898308840895
2019-01-18 14:41:51,020 32 loss=0.42033109033532956
2019-01-18 14:41:51,021 33 loss=0.4138348196784164
2019-01-18 14:41:51,022 34 loss=0.4076119063603938
2019-01-18 14:41:51,023 35 loss=0.4016455358633057
2019-01-18 14:41:51,024 36 loss=0.3959202086957768
2019-01-18 14:41:51,025 37 loss=0.39042161908363887
2019-01-18 14:41:51,026 38 loss=0.38513654604548203
2019-01-18 14:41:51,027 39 loss=0.38005275550620987
2019-01-18 14:41:51,028 40 loss=0.3751589122537128
2019-01-18 14:41:51,028 41 loss=0.37044450067849327
2019-01-18 14:41:51,029 42 loss=0.36589975335534525
2019-01-18 14:41:51,030 43 loss=0.3615155866317764
2019-01-18 14:41:51,031 44 loss=0.35728354248131244
2019-01-18 14:41:51,032 45 loss=0.35319573596251974
2019-01-18 14:41:51,033 46 loss=0.34924480769778077
2019-01-18 14:41:51,034 47 loss=0.34542388085064185
2019-01-18 14:41:51,035 48 loss=0.3417265221379144
2019-01-18 14:41:51,036 49 loss=0.33814670646351225
2019-01-18 14:41:51,037 50 loss=0.3346787848060057
2019-01-18 14:41:51,037 final loss=0.3346787848060057
2019-01-18 14:41:51,038 best loss=10000000000.0, distortion=10000000000.0, map=0.0, wc_dist=10000000000.0
2019-01-18 14:41:51,038 	 Computing Major Stats lazily... 
2019-01-18 14:41:51,040 		 Completed edges=650 good=650 bad=0
2019-01-18 14:41:51,044 Distortion avg=0.5426687990288008 wc=13.771433103067297 me=1.7184171611840489 mc=8.014022097857952 nan_elements=0
2019-01-18 14:41:51,044 MAP = 0.11020271456904919
2019-01-18 14:41:51,045 scale=[array([1.])]
2019-01-18 14:50:45,331 Commandline ['pytorch/pytorch_hyperbolic.py', 'learn', 'data/edges/parsing/ewt/ewt_dev/1017.edges', '--dim', '0', '--hyp', '0', '--edim', '10', '--euc', '1', '--sdim', '0', '--sph', '0', '--log-name', 'ewt_devr2/1017.edges.E10-1.lr1.log', '--batch-size', '65536', '--epochs', '50', '--checkpoint-freq', '10', '-g', '--subsample', '1024', '--learning-rate', '1']
2019-01-18 14:50:45,331 No Model Save selected!
2019-01-18 14:50:45,333 Loaded Graph data/edges/parsing/ewt/ewt_dev/1017.edges with 26 nodes scale=1.0
2019-01-18 14:50:45,333 Building dataset
2019-01-18 14:50:45,333 Subsample: 26 points with scale 1.0 subsample=25
2019-01-18 14:50:45,365 Built Data Sampler
2019-01-18 14:50:45,365 Creating a fresh model warm_start?=None
2019-01-18 14:50:45,365 	 Warmstarting? None None 26
2019-01-18 14:50:45,366 Embedding() torch.Size([26, 10])
2019-01-18 14:50:45,366 relative No Rescale
2019-01-18 14:50:45,366 Constructed model with dim=0 and epochs=0 isnan=False
2019-01-18 14:50:45,366 SGD (
Parameter Group 0
    dampening: 0
    initial_lr: 0.1
    lr: 1.0
    momentum: 0.0
    nesterov: False
    weight_decay: 0

Parameter Group 1
    dampening: 0
    initial_lr: 0.1
    lr: 1.0
    momentum: 0.0
    nesterov: False
    weight_decay: 0

Parameter Group 2
    dampening: 0
    initial_lr: 0.1
    lr: 1.0
    momentum: 0.0
    nesterov: False
    weight_decay: 0

Parameter Group 3
    dampening: 0
    initial_lr: 0.0001
    lr: 0.001
    momentum: 0.0
    nesterov: False
    weight_decay: 0
)
2019-01-18 14:50:45,366 *** Initial Checkpoint. Computing Stats
2019-01-18 14:50:45,366 	 Computing Major Stats lazily... 
2019-01-18 14:50:45,369 		 Completed edges=650 good=650 bad=0
2019-01-18 14:50:45,374 Distortion avg=0.9983299526082551 wc=16.360046851276206 me=0.006338194259239511 mc=2581.184195708001 nan_elements=0
2019-01-18 14:50:45,374 MAP = 0.13704338762007218
2019-01-18 14:50:45,374 scale=[array([1.])]
2019-01-18 14:50:45,374 *** End Initial Checkpoint

2019-01-18 14:50:45,432 1 loss=0.9966639143257264
2019-01-18 14:50:45,433 2 loss=0.9535846751671477
2019-01-18 14:50:45,434 3 loss=0.9122845670068194
2019-01-18 14:50:45,435 4 loss=0.8739710982105185
2019-01-18 14:50:45,436 5 loss=0.8385488586030535
2019-01-18 14:50:45,437 6 loss=0.80580653463177
2019-01-18 14:50:45,438 7 loss=0.7755195174092239
2019-01-18 14:50:45,439 8 loss=0.7474723875304693
2019-01-18 14:50:45,440 9 loss=0.721465280059864
2019-01-18 14:50:45,441 10 loss=0.6973153785565295
2019-01-18 14:50:45,441 
*** Major Checkpoint. Computing Stats and Saving
2019-01-18 14:50:45,441 	 Computing Major Stats lazily... 
2019-01-18 14:50:45,444 		 Completed edges=650 good=650 bad=0
2019-01-18 14:50:45,448 Distortion avg=0.8061293972126964 wc=27.33242982644012 me=0.948478312861205 mc=28.817137361832113 nan_elements=0
2019-01-18 14:50:45,448 MAP = 0.07390597040366785
2019-01-18 14:50:45,448 scale=[array([1.])]
2019-01-18 14:50:45,448 *** End Major Checkpoint

2019-01-18 14:50:45,449 11 loss=0.6748566294199719
2019-01-18 14:50:45,450 12 loss=0.6539387613478337
2019-01-18 14:50:45,451 13 loss=0.634426051290517
2019-01-18 14:50:45,452 14 loss=0.616196033026435
2019-01-18 14:50:45,453 15 loss=0.5991382390979231
2019-01-18 14:50:45,454 16 loss=0.5831530175899928
2019-01-18 14:50:45,455 17 loss=0.5681504408564713
2019-01-18 14:50:45,456 18 loss=0.5540493108223358
2019-01-18 14:50:45,457 19 loss=0.5407762590498126
2019-01-18 14:50:45,458 20 loss=0.5282649365094212
2019-01-18 14:50:45,458 
*** Major Checkpoint. Computing Stats and Saving
2019-01-18 14:50:45,458 	 Computing Major Stats lazily... 
2019-01-18 14:50:45,461 		 Completed edges=650 good=650 bad=0
2019-01-18 14:50:45,465 Distortion avg=0.6898603366071488 wc=22.359457901405346 me=1.3802077561701376 mc=16.200066838813726 nan_elements=0
2019-01-18 14:50:45,465 MAP = 0.07396171742163801
2019-01-18 14:50:45,466 scale=[array([1.])]
2019-01-18 14:50:45,466 *** End Major Checkpoint

2019-01-18 14:50:45,467 21 loss=0.516455286493443
2019-01-18 14:50:45,468 22 loss=0.5052928935718161
2019-01-18 14:50:45,468 23 loss=0.4947284014890699
2019-01-18 14:50:45,469 24 loss=0.48471699319091305
2019-01-18 14:50:45,470 25 loss=0.4752179266085277
2019-01-18 14:50:45,471 26 loss=0.4661941203344134
2019-01-18 14:50:45,472 27 loss=0.45761178384714396
2019-01-18 14:50:45,473 28 loss=0.4494400874555514
2019-01-18 14:50:45,474 29 loss=0.44165086762005323
2019-01-18 14:50:45,475 30 loss=0.4342183637620744
2019-01-18 14:50:45,475 
*** Major Checkpoint. Computing Stats and Saving
2019-01-18 14:50:45,475 	 Computing Major Stats lazily... 
2019-01-18 14:50:45,478 		 Completed edges=650 good=650 bad=0
2019-01-18 14:50:45,482 Distortion avg=0.6276251352918318 wc=18.00842878615273 me=1.5388911736067707 mc=11.70221071834829 nan_elements=0
2019-01-18 14:50:45,482 MAP = 0.0807973457426355
2019-01-18 14:50:45,482 scale=[array([1.])]
2019-01-18 14:50:45,482 *** End Major Checkpoint

2019-01-18 14:50:45,483 31 loss=0.4271189830884088
2019-01-18 14:50:45,484 32 loss=0.42033109033532967
2019-01-18 14:50:45,485 33 loss=0.4138348196784164
2019-01-18 14:50:45,486 34 loss=0.4076119063603939
2019-01-18 14:50:45,487 35 loss=0.4016455358633057
2019-01-18 14:50:45,488 36 loss=0.3959202086957768
2019-01-18 14:50:45,489 37 loss=0.3904216190836387
2019-01-18 14:50:45,490 38 loss=0.385136546045482
2019-01-18 14:50:45,491 39 loss=0.3800527555062098
2019-01-18 14:50:45,492 40 loss=0.37515891225371273
2019-01-18 14:50:45,492 
*** Major Checkpoint. Computing Stats and Saving
2019-01-18 14:50:45,492 	 Computing Major Stats lazily... 
2019-01-18 14:50:45,494 		 Completed edges=650 good=650 bad=0
2019-01-18 14:50:45,498 Distortion avg=0.5806971519531595 wc=15.018071582646805 me=1.6052304679206844 mc=9.355710524296414 nan_elements=0
2019-01-18 14:50:45,498 MAP = 0.08864680421280337
2019-01-18 14:50:45,499 scale=[array([1.])]
2019-01-18 14:50:45,499 *** End Major Checkpoint

2019-01-18 14:50:45,500 41 loss=0.3704445006784933
2019-01-18 14:50:45,500 42 loss=0.36589975335534525
2019-01-18 14:50:45,501 43 loss=0.36151558663177646
2019-01-18 14:50:45,502 44 loss=0.35728354248131233
2019-01-18 14:50:45,503 45 loss=0.3531957359625196
2019-01-18 14:50:45,504 46 loss=0.3492448076977807
2019-01-18 14:50:45,505 47 loss=0.34542388085064196
2019-01-18 14:50:45,506 48 loss=0.3417265221379143
2019-01-18 14:50:45,507 49 loss=0.33814670646351236
2019-01-18 14:50:45,508 50 loss=0.33467878480600577
2019-01-18 14:50:45,508 
*** Major Checkpoint. Computing Stats and Saving
2019-01-18 14:50:45,508 	 Computing Major Stats lazily... 
2019-01-18 14:50:45,511 		 Completed edges=650 good=650 bad=0
2019-01-18 14:50:45,515 Distortion avg=0.5426687990288004 wc=13.771433103067297 me=1.7184171611840489 mc=8.014022097857952 nan_elements=0
2019-01-18 14:50:45,515 MAP = 0.11020271456904923
2019-01-18 14:50:45,515 scale=[array([1.])]
2019-01-18 14:50:45,515 *** End Major Checkpoint

2019-01-18 14:50:45,515 final loss=0.33467878480600577
2019-01-18 14:50:45,515 best loss=0.33467878480600577, distortion=0.5426687990288004, map=0.11020271456904923, wc_dist=13.771433103067297
2019-01-18 14:50:45,515 	 Computing Major Stats lazily... 
2019-01-18 14:50:45,518 		 Completed edges=650 good=650 bad=0
2019-01-18 14:50:45,522 Distortion avg=0.5426687990288008 wc=13.771433103067297 me=1.7184171611840489 mc=8.014022097857952 nan_elements=0
2019-01-18 14:50:45,522 MAP = 0.1102027145690492
2019-01-18 14:50:45,522 scale=[array([1.])]
