2019-01-18 14:53:03,672 Commandline ['pytorch/pytorch_hyperbolic.py', 'learn', 'data/edges/parsing/ewt/ewt_dev/1019.edges', '--dim', '0', '--hyp', '0', '--edim', '10', '--euc', '1', '--sdim', '0', '--sph', '0', '--log-name', 'ewt_devr2/1019.edges.E10-1.lr1.log', '--batch-size', '65536', '--epochs', '50', '--checkpoint-freq', '10', '-g', '--subsample', '1024', '--learning-rate', '1']
2019-01-18 14:53:03,672 No Model Save selected!
2019-01-18 14:53:03,674 Loaded Graph data/edges/parsing/ewt/ewt_dev/1019.edges with 34 nodes scale=1.0
2019-01-18 14:53:03,674 Building dataset
2019-01-18 14:53:03,675 Subsample: 34 points with scale 1.0 subsample=33
2019-01-18 14:53:03,724 Built Data Sampler
2019-01-18 14:53:03,725 Creating a fresh model warm_start?=None
2019-01-18 14:53:03,725 	 Warmstarting? None None 34
2019-01-18 14:53:03,725 Embedding() torch.Size([34, 10])
2019-01-18 14:53:03,725 relative No Rescale
2019-01-18 14:53:03,726 Constructed model with dim=0 and epochs=0 isnan=False
2019-01-18 14:53:03,726 SGD (
Parameter Group 0
    dampening: 0
    initial_lr: 0.1
    lr: 1.0
    momentum: 0.0
    nesterov: False
    weight_decay: 0

Parameter Group 1
    dampening: 0
    initial_lr: 0.1
    lr: 1.0
    momentum: 0.0
    nesterov: False
    weight_decay: 0

Parameter Group 2
    dampening: 0
    initial_lr: 0.1
    lr: 1.0
    momentum: 0.0
    nesterov: False
    weight_decay: 0

Parameter Group 3
    dampening: 0
    initial_lr: 0.0001
    lr: 0.001
    momentum: 0.0
    nesterov: False
    weight_decay: 0
)
2019-01-18 14:53:03,726 *** Initial Checkpoint. Computing Stats
2019-01-18 14:53:03,726 	 Computing Major Stats lazily... 
2019-01-18 14:53:03,731 		 Completed edges=1122 good=1122 bad=0
2019-01-18 14:53:03,736 Distortion avg=0.998669092817875 wc=32.15846543247787 me=0.006359069067667888 mc=5057.102712720118 nan_elements=0
2019-01-18 14:53:03,736 MAP = 0.17121077533982515
2019-01-18 14:53:03,736 scale=[array([1.])]
2019-01-18 14:53:03,737 *** End Initial Checkpoint

2019-01-18 14:53:03,793 1 loss=0.9973409446332103
2019-01-18 14:53:03,795 2 loss=0.9740510178230658
2019-01-18 14:53:03,796 3 loss=0.9509979074209475
2019-01-18 14:53:03,797 4 loss=0.9288153976738647
2019-01-18 14:53:03,799 5 loss=0.9075670685912716
2019-01-18 14:53:03,800 6 loss=0.8872421777483934
2019-01-18 14:53:03,801 7 loss=0.8678099028047179
2019-01-18 14:53:03,802 8 loss=0.8492326758890516
2019-01-18 14:53:03,803 9 loss=0.8314708689720276
2019-01-18 14:53:03,805 10 loss=0.814484786730005
2019-01-18 14:53:03,805 
*** Major Checkpoint. Computing Stats and Saving
2019-01-18 14:53:03,805 	 Computing Major Stats lazily... 
2019-01-18 14:53:03,809 		 Completed edges=1122 good=1122 bad=0
2019-01-18 14:53:03,814 Distortion avg=0.8876580338265939 wc=43.22937762171707 me=0.6923094304745451 mc=62.4422775695622 nan_elements=0
2019-01-18 14:53:03,814 MAP = 0.056808391368206326
2019-01-18 14:53:03,814 scale=[array([1.])]
2019-01-18 14:53:03,815 *** End Major Checkpoint

2019-01-18 14:53:03,817 11 loss=0.7982356080394208
2019-01-18 14:53:03,818 12 loss=0.7826858514297078
2019-01-18 14:53:03,820 13 loss=0.7677996018322358
2019-01-18 14:53:03,821 14 loss=0.7535426087583379
2019-01-18 14:53:03,823 15 loss=0.7398823117531632
2019-01-18 14:53:03,824 16 loss=0.7267878234559761
2019-01-18 14:53:03,825 17 loss=0.7142298876498653
2019-01-18 14:53:03,826 18 loss=0.7021808226929207
2019-01-18 14:53:03,828 19 loss=0.6906144567501268
2019-01-18 14:53:03,829 20 loss=0.6795060588893136
2019-01-18 14:53:03,829 
*** Major Checkpoint. Computing Stats and Saving
2019-01-18 14:53:03,829 	 Computing Major Stats lazily... 
2019-01-18 14:53:03,833 		 Completed edges=1122 good=1122 bad=0
2019-01-18 14:53:03,839 Distortion avg=0.7995510399481889 wc=39.09593694253742 me=1.1525636833566193 mc=33.92084750464985 nan_elements=0
2019-01-18 14:53:03,839 MAP = 0.05652152168672695
2019-01-18 14:53:03,839 scale=[array([1.])]
2019-01-18 14:53:03,839 *** End Major Checkpoint

2019-01-18 14:53:03,840 21 loss=0.6688322686566766
2019-01-18 14:53:03,841 22 loss=0.6585710258306515
2019-01-18 14:53:03,843 23 loss=0.6487015014578189
2019-01-18 14:53:03,844 24 loss=0.6392040308801938
2019-01-18 14:53:03,845 25 loss=0.6300600491976658
2019-01-18 14:53:03,846 26 loss=0.6212520294281751
2019-01-18 14:53:03,848 27 loss=0.6127634235035753
2019-01-18 14:53:03,849 28 loss=0.6045786061529687
2019-01-18 14:53:03,850 29 loss=0.5966828216657809
2019-01-18 14:53:03,851 30 loss=0.5890621334859363
2019-01-18 14:53:03,851 
*** Major Checkpoint. Computing Stats and Saving
2019-01-18 14:53:03,851 	 Computing Major Stats lazily... 
2019-01-18 14:53:03,855 		 Completed edges=1122 good=1122 bad=0
2019-01-18 14:53:03,861 Distortion avg=0.7368156357626094 wc=35.02088689599618 me=1.4413824635896488 mc=24.296734406480454 nan_elements=0
2019-01-18 14:53:03,861 MAP = 0.057132490515133874
2019-01-18 14:53:03,861 scale=[array([1.])]
2019-01-18 14:53:03,861 *** End Major Checkpoint

2019-01-18 14:53:03,862 31 loss=0.581703376560796
2019-01-18 14:53:03,863 32 loss=0.5745941123502337
2019-01-18 14:53:03,864 33 loss=0.5677225863896875
2019-01-18 14:53:03,866 34 loss=0.5610776882943561
2019-01-18 14:53:03,867 35 loss=0.554648914088562
2019-01-18 14:53:03,868 36 loss=0.5484263307436682
2019-01-18 14:53:03,869 37 loss=0.5424005428091111
2019-01-18 14:53:03,870 38 loss=0.5365626610235745
2019-01-18 14:53:03,872 39 loss=0.5309042727966602
2019-01-18 14:53:03,873 40 loss=0.5254174144553484
2019-01-18 14:53:03,873 
*** Major Checkpoint. Computing Stats and Saving
2019-01-18 14:53:03,873 	 Computing Major Stats lazily... 
2019-01-18 14:53:03,878 		 Completed edges=1122 good=1122 bad=0
2019-01-18 14:53:03,883 Distortion avg=0.6958905476038018 wc=32.07022382512714 me=1.6466591878224233 mc=19.475932884167413 nan_elements=0
2019-01-18 14:53:03,883 MAP = 0.05945543210198839
2019-01-18 14:53:03,883 scale=[array([1.])]
2019-01-18 14:53:03,883 *** End Major Checkpoint

2019-01-18 14:53:03,884 41 loss=0.520094545153859
2019-01-18 14:53:03,885 42 loss=0.5149285223500478
2019-01-18 14:53:03,886 43 loss=0.5099125787561137
2019-01-18 14:53:03,887 44 loss=0.50504030067603
2019-01-18 14:53:03,889 45 loss=0.5003056076467087
2019-01-18 14:53:03,890 46 loss=0.4957027333043942
2019-01-18 14:53:03,891 47 loss=0.4912262074021508
2019-01-18 14:53:03,892 48 loss=0.4868708389085075
2019-01-18 14:53:03,893 49 loss=0.4826317001213665
2019-01-18 14:53:03,894 50 loss=0.47850411173513613
2019-01-18 14:53:03,894 
*** Major Checkpoint. Computing Stats and Saving
2019-01-18 14:53:03,895 	 Computing Major Stats lazily... 
2019-01-18 14:53:03,899 		 Completed edges=1122 good=1122 bad=0
2019-01-18 14:53:03,904 Distortion avg=0.6635539837986498 wc=29.861136577679748 me=1.800808372417037 mc=16.58207338163375 nan_elements=0
2019-01-18 14:53:03,904 MAP = 0.06334335421625904
2019-01-18 14:53:03,904 scale=[array([1.])]
2019-01-18 14:53:03,904 *** End Major Checkpoint

2019-01-18 14:53:03,904 final loss=0.47850411173513613
2019-01-18 14:53:03,904 best loss=0.47850411173513613, distortion=0.6635539837986498, map=0.06334335421625904, wc_dist=29.861136577679748
2019-01-18 14:53:03,904 	 Computing Major Stats lazily... 
2019-01-18 14:53:03,908 		 Completed edges=1122 good=1122 bad=0
2019-01-18 14:53:03,913 Distortion avg=0.663553983798649 wc=29.861136577679748 me=1.800808372417037 mc=16.58207338163375 nan_elements=0
2019-01-18 14:53:03,913 MAP = 0.06334335421625903
2019-01-18 14:53:03,914 scale=[array([1.])]
