2019-01-18 15:08:47,452 Commandline ['pytorch/pytorch_hyperbolic.py', 'learn', 'data/edges/parsing/ewt/ewt_dev/1020.edges', '--dim', '0', '--hyp', '0', '--edim', '10', '--euc', '1', '--sdim', '0', '--sph', '0', '--log-name', 'ewt_devr2/1020.edges.E10-1.lr1.log', '--batch-size', '65536', '--epochs', '50', '--checkpoint-freq', '10', '-g', '--subsample', '1024', '--learning-rate', '1']
2019-01-18 15:08:47,452 No Model Save selected!
2019-01-18 15:08:47,454 Loaded Graph data/edges/parsing/ewt/ewt_dev/1020.edges with 13 nodes scale=1.0
2019-01-18 15:08:47,454 Building dataset
2019-01-18 15:08:47,455 Subsample: 13 points with scale 1.0 subsample=12
2019-01-18 15:08:47,466 Built Data Sampler
2019-01-18 15:08:47,466 Creating a fresh model warm_start?=None
2019-01-18 15:08:47,466 	 Warmstarting? None None 13
2019-01-18 15:08:47,467 Embedding() torch.Size([13, 10])
2019-01-18 15:08:47,467 relative No Rescale
2019-01-18 15:08:47,467 Constructed model with dim=0 and epochs=0 isnan=False
2019-01-18 15:08:47,467 SGD (
Parameter Group 0
    dampening: 0
    initial_lr: 0.1
    lr: 1.0
    momentum: 0.0
    nesterov: False
    weight_decay: 0

Parameter Group 1
    dampening: 0
    initial_lr: 0.1
    lr: 1.0
    momentum: 0.0
    nesterov: False
    weight_decay: 0

Parameter Group 2
    dampening: 0
    initial_lr: 0.1
    lr: 1.0
    momentum: 0.0
    nesterov: False
    weight_decay: 0

Parameter Group 3
    dampening: 0
    initial_lr: 0.0001
    lr: 0.001
    momentum: 0.0
    nesterov: False
    weight_decay: 0
)
2019-01-18 15:08:47,467 *** Initial Checkpoint. Computing Stats
2019-01-18 15:08:47,467 	 Computing Major Stats lazily... 
2019-01-18 15:08:47,469 		 Completed edges=156 good=156 bad=0
2019-01-18 15:08:47,471 Distortion avg=0.997958277355585 wc=8.427788954634368 me=0.005982886981094694 mc=1408.649199168447 nan_elements=0
2019-01-18 15:08:47,471 MAP = 0.34551282051282056
2019-01-18 15:08:47,471 scale=[array([1.])]
2019-01-18 15:08:47,471 *** End Initial Checkpoint

2019-01-18 15:08:47,529 1 loss=0.995921831243447
2019-01-18 15:08:47,530 2 loss=0.8483366742105073
2019-01-18 15:08:47,530 3 loss=0.7280498759143779
2019-01-18 15:08:47,531 4 loss=0.6354031237596458
2019-01-18 15:08:47,531 5 loss=0.5635215334767963
2019-01-18 15:08:47,532 6 loss=0.5068546632342009
2019-01-18 15:08:47,533 7 loss=0.46135331434924737
2019-01-18 15:08:47,533 8 loss=0.4241255640273393
2019-01-18 15:08:47,534 9 loss=0.39311291345498245
2019-01-18 15:08:47,534 10 loss=0.36684476678045286
2019-01-18 15:08:47,534 
*** Major Checkpoint. Computing Stats and Saving
2019-01-18 15:08:47,534 	 Computing Major Stats lazily... 
2019-01-18 15:08:47,535 		 Completed edges=156 good=156 bad=0
2019-01-18 15:08:47,537 Distortion avg=0.5422230724189495 wc=7.327646537889925 me=1.255368848389264 mc=5.837046655484455 nan_elements=0
2019-01-18 15:08:47,537 MAP = 0.17319717319717323
2019-01-18 15:08:47,537 scale=[array([1.])]
2019-01-18 15:08:47,538 *** End Major Checkpoint

2019-01-18 15:08:47,538 11 loss=0.3442626343720005
2019-01-18 15:08:47,539 12 loss=0.3245968513833305
2019-01-18 15:08:47,539 13 loss=0.3072808036955765
2019-01-18 15:08:47,540 14 loss=0.29189137483101163
2019-01-18 15:08:47,540 15 loss=0.2781075592089828
2019-01-18 15:08:47,541 16 loss=0.26568162178141097
2019-01-18 15:08:47,542 17 loss=0.25441892243607667
2019-01-18 15:08:47,542 18 loss=0.24416373497128602
2019-01-18 15:08:47,543 19 loss=0.23478922498826954
2019-01-18 15:08:47,543 20 loss=0.22619032309086096
2019-01-18 15:08:47,543 
*** Major Checkpoint. Computing Stats and Saving
2019-01-18 15:08:47,544 	 Computing Major Stats lazily... 
2019-01-18 15:08:47,545 		 Completed edges=156 good=156 bad=0
2019-01-18 15:08:47,547 Distortion avg=0.43244262371578357 wc=5.681190054655885 me=1.5151835903453628 mc=3.7495060604246286 nan_elements=0
2019-01-18 15:08:47,548 MAP = 0.3153263403263403
2019-01-18 15:08:47,548 scale=[array([1.])]
2019-01-18 15:08:47,548 *** End Major Checkpoint

2019-01-18 15:08:47,549 21 loss=0.2182786213747322
2019-01-18 15:08:47,550 22 loss=0.21097868949805212
2019-01-18 15:08:47,550 23 loss=0.204225390889567
2019-01-18 15:08:47,551 24 loss=0.19796190659798532
2019-01-18 15:08:47,551 25 loss=0.19213826206945878
2019-01-18 15:08:47,552 26 loss=0.18671021307957944
2019-01-18 15:08:47,552 27 loss=0.1816383895194394
2019-01-18 15:08:47,553 28 loss=0.17688762545234366
2019-01-18 15:08:47,554 29 loss=0.17242642472537265
2019-01-18 15:08:47,554 30 loss=0.16822652612170821
2019-01-18 15:08:47,554 
*** Major Checkpoint. Computing Stats and Saving
2019-01-18 15:08:47,554 	 Computing Major Stats lazily... 
2019-01-18 15:08:47,555 		 Completed edges=156 good=156 bad=0
2019-01-18 15:08:47,557 Distortion avg=0.3603029693164836 wc=4.802989050963421 me=1.5501794699753415 mc=3.0983438653331037 nan_elements=0
2019-01-18 15:08:47,557 MAP = 0.6747710622710622
2019-01-18 15:08:47,558 scale=[array([1.])]
2019-01-18 15:08:47,558 *** End Major Checkpoint

2019-01-18 15:08:47,558 31 loss=0.1642625424269721
2019-01-18 15:08:47,559 32 loss=0.16051165513895183
2019-01-18 15:08:47,559 33 loss=0.15695335176835346
2019-01-18 15:08:47,560 34 loss=0.15356919638331218
2019-01-18 15:08:47,560 35 loss=0.15034262668108125
2019-01-18 15:08:47,561 36 loss=0.14725877273610324
2019-01-18 15:08:47,561 37 loss=0.1443042938938154
2019-01-18 15:08:47,562 38 loss=0.14146723121006957
2019-01-18 15:08:47,563 39 loss=0.1387368734884595
2019-01-18 15:08:47,563 40 loss=0.13610363542216358
2019-01-18 15:08:47,563 
*** Major Checkpoint. Computing Stats and Saving
2019-01-18 15:08:47,563 	 Computing Major Stats lazily... 
2019-01-18 15:08:47,564 		 Completed edges=156 good=156 bad=0
2019-01-18 15:08:47,566 Distortion avg=0.3189683404397 wc=4.156225737615635 me=1.52344751589087 mc=2.728171265673822 nan_elements=0
2019-01-18 15:08:47,566 MAP = 0.8484890109890109
2019-01-18 15:08:47,566 scale=[array([1.])]
2019-01-18 15:08:47,567 *** End Major Checkpoint

2019-01-18 15:08:47,567 41 loss=0.13355894666078352
2019-01-18 15:08:47,568 42 loss=0.13109515083773898
2019-01-18 15:08:47,568 43 loss=0.1287054137402158
2019-01-18 15:08:47,569 44 loss=0.126383639903228
2019-01-18 15:08:47,569 45 loss=0.1241243969777371
2019-01-18 15:08:47,570 46 loss=0.12192284727113731
2019-01-18 15:08:47,570 47 loss=0.11977468589462144
2019-01-18 15:08:47,571 48 loss=0.11767608498136682
2019-01-18 15:08:47,571 49 loss=0.11562364346568413
2019-01-18 15:08:47,572 50 loss=0.11361434193847082
2019-01-18 15:08:47,572 
*** Major Checkpoint. Computing Stats and Saving
2019-01-18 15:08:47,572 	 Computing Major Stats lazily... 
2019-01-18 15:08:47,573 		 Completed edges=156 good=156 bad=0
2019-01-18 15:08:47,575 Distortion avg=0.29198433032513843 wc=3.631079041467299 me=1.4768259932628518 mc=2.4587047208215167 nan_elements=0
2019-01-18 15:08:47,575 MAP = 0.9528846153846153
2019-01-18 15:08:47,575 scale=[array([1.])]
2019-01-18 15:08:47,575 *** End Major Checkpoint

2019-01-18 15:08:47,575 final loss=0.11361434193847082
2019-01-18 15:08:47,575 best loss=0.11361434193847082, distortion=0.29198433032513843, map=0.9528846153846153, wc_dist=3.631079041467299
2019-01-18 15:08:47,575 	 Computing Major Stats lazily... 
2019-01-18 15:08:47,576 		 Completed edges=156 good=156 bad=0
2019-01-18 15:08:47,578 Distortion avg=0.29198433032513865 wc=3.631079041467299 me=1.4768259932628518 mc=2.4587047208215167 nan_elements=0
2019-01-18 15:08:47,578 MAP = 0.9528846153846153
2019-01-18 15:08:47,578 scale=[array([1.])]
