2019-01-18 15:11:27,144 Commandline ['pytorch/pytorch_hyperbolic.py', 'learn', 'data/edges/parsing/ewt/ewt_dev/1026.edges', '--dim', '0', '--hyp', '0', '--edim', '10', '--euc', '1', '--sdim', '0', '--sph', '0', '--log-name', 'ewt_devr2/1026.edges.E10-1.lr1.log', '--batch-size', '65536', '--epochs', '50', '--checkpoint-freq', '10', '-g', '--subsample', '1024', '--learning-rate', '1']
2019-01-18 15:11:27,144 No Model Save selected!
2019-01-18 15:11:27,146 Loaded Graph data/edges/parsing/ewt/ewt_dev/1026.edges with 50 nodes scale=1.0
2019-01-18 15:11:27,146 Building dataset
2019-01-18 15:11:27,147 Subsample: 50 points with scale 1.0 subsample=49
2019-01-18 15:11:27,244 Built Data Sampler
2019-01-18 15:11:27,244 Creating a fresh model warm_start?=None
2019-01-18 15:11:27,244 	 Warmstarting? None None 50
2019-01-18 15:11:27,244 Embedding() torch.Size([50, 10])
2019-01-18 15:11:27,244 relative No Rescale
2019-01-18 15:11:27,245 Constructed model with dim=0 and epochs=0 isnan=False
2019-01-18 15:11:27,245 SGD (
Parameter Group 0
    dampening: 0
    initial_lr: 0.1
    lr: 1.0
    momentum: 0.0
    nesterov: False
    weight_decay: 0

Parameter Group 1
    dampening: 0
    initial_lr: 0.1
    lr: 1.0
    momentum: 0.0
    nesterov: False
    weight_decay: 0

Parameter Group 2
    dampening: 0
    initial_lr: 0.1
    lr: 1.0
    momentum: 0.0
    nesterov: False
    weight_decay: 0

Parameter Group 3
    dampening: 0
    initial_lr: 0.0001
    lr: 0.001
    momentum: 0.0
    nesterov: False
    weight_decay: 0
)
2019-01-18 15:11:27,245 *** Initial Checkpoint. Computing Stats
2019-01-18 15:11:27,245 	 Computing Major Stats lazily... 
2019-01-18 15:11:27,255 		 Completed edges=2450 good=2450 bad=0
2019-01-18 15:11:27,263 Distortion avg=0.9988439592021183 wc=36.76705195730741 me=0.00612573968394251 mc=6002.059156004525 nan_elements=0
2019-01-18 15:11:27,263 MAP = 0.07606646594738936
2019-01-18 15:11:27,263 scale=[array([1.])]
2019-01-18 15:11:27,263 *** End Initial Checkpoint

2019-01-18 15:11:27,323 1 loss=0.9976900510135626
2019-01-18 15:11:27,325 2 loss=0.9858205673771121
2019-01-18 15:11:27,327 3 loss=0.9738676565736092
2019-01-18 15:11:27,329 4 loss=0.9621205186535973
2019-01-18 15:11:27,331 5 loss=0.9506209121252457
2019-01-18 15:11:27,333 6 loss=0.9393786673909659
2019-01-18 15:11:27,335 7 loss=0.9283944675733223
2019-01-18 15:11:27,337 8 loss=0.9176653909200676
2019-01-18 15:11:27,340 9 loss=0.9071868518777448
2019-01-18 15:11:27,342 10 loss=0.8969534387452749
2019-01-18 15:11:27,342 
*** Major Checkpoint. Computing Stats and Saving
2019-01-18 15:11:27,342 	 Computing Major Stats lazily... 
2019-01-18 15:11:27,351 		 Completed edges=2450 good=2450 bad=0
2019-01-18 15:11:27,359 Distortion avg=0.9400461661818732 wc=94.1164374089249 me=0.467570359596783 mc=201.28828844088355 nan_elements=0
2019-01-18 15:11:27,359 MAP = 0.04473556889847791
2019-01-18 15:11:27,359 scale=[array([1.])]
2019-01-18 15:11:27,359 *** End Major Checkpoint

2019-01-18 15:11:27,361 11 loss=0.8869593274709943
2019-01-18 15:11:27,364 12 loss=0.877198505993055
2019-01-18 15:11:27,366 13 loss=0.8676649041259014
2019-01-18 15:11:27,368 14 loss=0.8583524723131539
2019-01-18 15:11:27,370 15 loss=0.849255230866779
2019-01-18 15:11:27,372 16 loss=0.8403673012822367
2019-01-18 15:11:27,374 17 loss=0.8316829262139382
2019-01-18 15:11:27,376 18 loss=0.8231964820358193
2019-01-18 15:11:27,378 19 loss=0.8149024864228392
2019-01-18 15:11:27,380 20 loss=0.806795602517717
2019-01-18 15:11:27,380 
*** Major Checkpoint. Computing Stats and Saving
2019-01-18 15:11:27,380 	 Computing Major Stats lazily... 
2019-01-18 15:11:27,390 		 Completed edges=2450 good=2450 bad=0
2019-01-18 15:11:27,398 Distortion avg=0.8874995986178598 wc=89.20424608139231 me=0.8352904431545107 mc=106.7942855236181 nan_elements=0
2019-01-18 15:11:27,398 MAP = 0.04353334808865562
2019-01-18 15:11:27,398 scale=[array([1.])]
2019-01-18 15:11:27,398 *** End Major Checkpoint

2019-01-18 15:11:27,401 21 loss=0.7988706407173929
2019-01-18 15:11:27,403 22 loss=0.7911225587807434
2019-01-18 15:11:27,405 23 loss=0.7835464607437221
2019-01-18 15:11:27,407 24 loss=0.7761375949852214
2019-01-18 15:11:27,409 25 loss=0.7688913516899839
2019-01-18 15:11:27,411 26 loss=0.761803259887761
2019-01-18 15:11:27,414 27 loss=0.754868984200598
2019-01-18 15:11:27,416 28 loss=0.7480843213962381
2019-01-18 15:11:27,418 29 loss=0.7414451968209907
2019-01-18 15:11:27,420 30 loss=0.7349476607673131
2019-01-18 15:11:27,420 
*** Major Checkpoint. Computing Stats and Saving
2019-01-18 15:11:27,420 	 Computing Major Stats lazily... 
2019-01-18 15:11:27,429 		 Completed edges=2450 good=2450 bad=0
2019-01-18 15:11:27,437 Distortion avg=0.8410741567252739 wc=82.51626314328198 me=1.1170954260678743 mc=73.8667988586575 nan_elements=0
2019-01-18 15:11:27,437 MAP = 0.04297352331677241
2019-01-18 15:11:27,437 scale=[array([1.])]
2019-01-18 15:11:27,437 *** End Major Checkpoint

2019-01-18 15:11:27,439 31 loss=0.7285878848178313
2019-01-18 15:11:27,441 32 loss=0.722362158197388
2019-01-18 15:11:27,443 33 loss=0.716266884157001
2019-01-18 15:11:27,445 34 loss=0.7102985764077064
2019-01-18 15:11:27,447 35 loss=0.704453855617734
2019-01-18 15:11:27,449 36 loss=0.6987294459829204
2019-01-18 15:11:27,452 37 loss=0.6931221718775427
2019-01-18 15:11:27,454 38 loss=0.6876289545905935
2019-01-18 15:11:27,456 39 loss=0.6822468091508398
2019-01-18 15:11:27,458 40 loss=0.6769728412426885
2019-01-18 15:11:27,458 
*** Major Checkpoint. Computing Stats and Saving
2019-01-18 15:11:27,458 	 Computing Major Stats lazily... 
2019-01-18 15:11:27,467 		 Completed edges=2450 good=2450 bad=0
2019-01-18 15:11:27,475 Distortion avg=0.8019079113544954 wc=76.0054347325589 me=1.3307108353995905 mc=57.11641681322578 nan_elements=0
2019-01-18 15:11:27,475 MAP = 0.04291508947524507
2019-01-18 15:11:27,475 scale=[array([1.])]
2019-01-18 15:11:27,475 *** End Major Checkpoint

2019-01-18 15:11:27,477 41 loss=0.6718042442138409
2019-01-18 15:11:27,479 42 loss=0.6667382961748954
2019-01-18 15:11:27,482 43 loss=0.6617723571904263
2019-01-18 15:11:27,484 44 loss=0.6569038665605625
2019-01-18 15:11:27,486 45 loss=0.6521303401916994
2019-01-18 15:11:27,488 46 loss=0.647449368054686
2019-01-18 15:11:27,490 47 loss=0.6428586117286029
2019-01-18 15:11:27,492 48 loss=0.6383558020280776
2019-01-18 15:11:27,494 49 loss=0.6339387367119625
2019-01-18 15:11:27,496 50 loss=0.6296052782711296
2019-01-18 15:11:27,496 
*** Major Checkpoint. Computing Stats and Saving
2019-01-18 15:11:27,497 	 Computing Major Stats lazily... 
2019-01-18 15:11:27,506 		 Completed edges=2450 good=2450 bad=0
2019-01-18 15:11:27,514 Distortion avg=0.7704146222056755 wc=70.00541631261443 me=1.4904558758060755 mc=46.96913035064105 nan_elements=0
2019-01-18 15:11:27,514 MAP = 0.043257450268506636
2019-01-18 15:11:27,514 scale=[array([1.])]
2019-01-18 15:11:27,514 *** End Major Checkpoint

2019-01-18 15:11:27,514 final loss=0.6296052782711296
2019-01-18 15:11:27,514 best loss=0.6296052782711296, distortion=0.7704146222056755, map=0.04473556889847791, wc_dist=70.00541631261443
2019-01-18 15:11:27,514 	 Computing Major Stats lazily... 
2019-01-18 15:11:27,523 		 Completed edges=2450 good=2450 bad=0
2019-01-18 15:11:27,531 Distortion avg=0.7704146222056762 wc=70.00541631261443 me=1.4904558758060755 mc=46.96913035064105 nan_elements=0
2019-01-18 15:11:27,532 MAP = 0.043257450268506636
2019-01-18 15:11:27,532 scale=[array([1.])]
