2019-01-18 14:51:06,749 Commandline ['pytorch/pytorch_hyperbolic.py', 'learn', 'data/edges/parsing/ewt/ewt_dev/1029.edges', '--dim', '0', '--hyp', '0', '--edim', '10', '--euc', '1', '--sdim', '0', '--sph', '0', '--log-name', 'ewt_devr2/1029.edges.E10-1.lr1.log', '--batch-size', '65536', '--epochs', '50', '--checkpoint-freq', '10', '-g', '--subsample', '1024', '--learning-rate', '1']
2019-01-18 14:51:06,749 No Model Save selected!
2019-01-18 14:51:06,751 Loaded Graph data/edges/parsing/ewt/ewt_dev/1029.edges with 9 nodes scale=1.0
2019-01-18 14:51:06,751 Building dataset
2019-01-18 14:51:06,752 Subsample: 9 points with scale 1.0 subsample=8
2019-01-18 14:51:06,759 Built Data Sampler
2019-01-18 14:51:06,759 Creating a fresh model warm_start?=None
2019-01-18 14:51:06,759 	 Warmstarting? None None 9
2019-01-18 14:51:06,759 Embedding() torch.Size([9, 10])
2019-01-18 14:51:06,759 relative No Rescale
2019-01-18 14:51:06,760 Constructed model with dim=0 and epochs=0 isnan=False
2019-01-18 14:51:06,760 SGD (
Parameter Group 0
    dampening: 0
    initial_lr: 0.1
    lr: 1.0
    momentum: 0.0
    nesterov: False
    weight_decay: 0

Parameter Group 1
    dampening: 0
    initial_lr: 0.1
    lr: 1.0
    momentum: 0.0
    nesterov: False
    weight_decay: 0

Parameter Group 2
    dampening: 0
    initial_lr: 0.1
    lr: 1.0
    momentum: 0.0
    nesterov: False
    weight_decay: 0

Parameter Group 3
    dampening: 0
    initial_lr: 0.0001
    lr: 0.001
    momentum: 0.0
    nesterov: False
    weight_decay: 0
)
2019-01-18 14:51:06,760 *** Initial Checkpoint. Computing Stats
2019-01-18 14:51:06,760 	 Computing Major Stats lazily... 
2019-01-18 14:51:06,761 		 Completed edges=72 good=72 bad=0
2019-01-18 14:51:06,763 Distortion avg=0.9974379723300475 wc=5.7916249139023295 me=0.005982886981094694 mc=968.0318100949036 nan_elements=0
2019-01-18 14:51:06,763 MAP = 0.2700793650793651
2019-01-18 14:51:06,763 scale=[array([1.])]
2019-01-18 14:51:06,763 *** End Initial Checkpoint

2019-01-18 14:51:06,820 1 loss=0.99488434891318
2019-01-18 14:51:06,821 2 loss=0.7041843484861477
2019-01-18 14:51:06,822 3 loss=0.5366451167829018
2019-01-18 14:51:06,822 4 loss=0.43867428912365114
2019-01-18 14:51:06,823 5 loss=0.374346145505768
2019-01-18 14:51:06,823 6 loss=0.3273765946109337
2019-01-18 14:51:06,823 7 loss=0.2904086622242275
2019-01-18 14:51:06,824 8 loss=0.2599687781934328
2019-01-18 14:51:06,824 9 loss=0.2342818670082615
2019-01-18 14:51:06,825 10 loss=0.21233348499532614
2019-01-18 14:51:06,825 
*** Major Checkpoint. Computing Stats and Saving
2019-01-18 14:51:06,825 	 Computing Major Stats lazily... 
2019-01-18 14:51:06,826 		 Completed edges=72 good=72 bad=0
2019-01-18 14:51:06,827 Distortion avg=0.4115659521842338 wc=3.6722025900469313 me=1.3400124572405312 mc=2.740424217853203 nan_elements=0
2019-01-18 14:51:06,827 MAP = 0.34633597883597883
2019-01-18 14:51:06,827 scale=[array([1.])]
2019-01-18 14:51:06,827 *** End Major Checkpoint

2019-01-18 14:51:06,828 11 loss=0.1934639573682623
2019-01-18 14:51:06,828 12 loss=0.17719014538311095
2019-01-18 14:51:06,829 13 loss=0.1631258428911004
2019-01-18 14:51:06,829 14 loss=0.15094560688571673
2019-01-18 14:51:06,830 15 loss=0.14036798585991034
2019-01-18 14:51:06,830 16 loss=0.13114743573244825
2019-01-18 14:51:06,831 17 loss=0.12307003635035035
2019-01-18 14:51:06,831 18 loss=0.1159507433497481
2019-01-18 14:51:06,832 19 loss=0.10963113312297505
2019-01-18 14:51:06,832 20 loss=0.10397718952143489
2019-01-18 14:51:06,832 
*** Major Checkpoint. Computing Stats and Saving
2019-01-18 14:51:06,832 	 Computing Major Stats lazily... 
2019-01-18 14:51:06,833 		 Completed edges=72 good=72 bad=0
2019-01-18 14:51:06,834 Distortion avg=0.2839807544945598 wc=2.8819252696891255 me=1.4032911211055545 mc=2.0536902331560816 nan_elements=0
2019-01-18 14:51:06,834 MAP = 0.9168518518518519
2019-01-18 14:51:06,835 scale=[array([1.])]
2019-01-18 14:51:06,835 *** End Major Checkpoint

2019-01-18 14:51:06,835 21 loss=0.09887697431119415
2019-01-18 14:51:06,836 22 loss=0.09423817033371244
2019-01-18 14:51:06,836 23 loss=0.08998555718875974
2019-01-18 14:51:06,837 24 loss=0.08605850765019951
2019-01-18 14:51:06,837 25 loss=0.08240859572656917
2019-01-18 14:51:06,838 26 loss=0.07899739390020927
2019-01-18 14:51:06,838 27 loss=0.07579451456926162
2019-01-18 14:51:06,839 28 loss=0.07277592493171867
2019-01-18 14:51:06,839 29 loss=0.06992254028741059
2019-01-18 14:51:06,840 30 loss=0.06721908128789497
2019-01-18 14:51:06,840 
*** Major Checkpoint. Computing Stats and Saving
2019-01-18 14:51:06,840 	 Computing Major Stats lazily... 
2019-01-18 14:51:06,840 		 Completed edges=72 good=72 bad=0
2019-01-18 14:51:06,842 Distortion avg=0.22938209094836395 wc=2.461503866416738 me=1.3665289712044186 mc=1.801281874212473 nan_elements=0
2019-01-18 14:51:06,842 MAP = 0.9444444444444444
2019-01-18 14:51:06,842 scale=[array([1.])]
2019-01-18 14:51:06,842 *** End Major Checkpoint

2019-01-18 14:51:06,843 31 loss=0.06465316757994098
2019-01-18 14:51:06,843 32 loss=0.0622146135357228
2019-01-18 14:51:06,844 33 loss=0.05989489023972974
2019-01-18 14:51:06,844 34 loss=0.05768672002779011
2019-01-18 14:51:06,845 35 loss=0.05558377407557772
2019-01-18 14:51:06,845 36 loss=0.053580448541783954
2019-01-18 14:51:06,846 37 loss=0.05167169971883728
2019-01-18 14:51:06,846 38 loss=0.049852923044026415
2019-01-18 14:51:06,847 39 loss=0.0481198644769258
2019-01-18 14:51:06,847 40 loss=0.046468555641691625
2019-01-18 14:51:06,847 
*** Major Checkpoint. Computing Stats and Saving
2019-01-18 14:51:06,847 	 Computing Major Stats lazily... 
2019-01-18 14:51:06,848 		 Completed edges=72 good=72 bad=0
2019-01-18 14:51:06,849 Distortion avg=0.19061318230654414 wc=2.1100601389955482 me=1.2995702863664451 mc=1.6236598829103777 nan_elements=0
2019-01-18 14:51:06,849 MAP = 1.0
2019-01-18 14:51:06,850 scale=[array([1.])]
2019-01-18 14:51:06,850 *** End Major Checkpoint

2019-01-18 14:51:06,850 41 loss=0.044895266350381366
2019-01-18 14:51:06,851 42 loss=0.043396469788751134
2019-01-18 14:51:06,851 43 loss=0.04196881688277249
2019-01-18 14:51:06,852 44 loss=0.040609117279440415
2019-01-18 14:51:06,852 45 loss=0.0393143250540358
2019-01-18 14:51:06,853 46 loss=0.03808152776126982
2019-01-18 14:51:06,853 47 loss=0.036907937825526795
2019-01-18 14:51:06,854 48 loss=0.03579088554841278
2019-01-18 14:51:06,854 49 loss=0.03472781322333032
2019-01-18 14:51:06,855 50 loss=0.03371627000376603
2019-01-18 14:51:06,855 
*** Major Checkpoint. Computing Stats and Saving
2019-01-18 14:51:06,855 	 Computing Major Stats lazily... 
2019-01-18 14:51:06,855 		 Completed edges=72 good=72 bad=0
2019-01-18 14:51:06,857 Distortion avg=0.16402829762546062 wc=1.8476325857428904 me=1.245962273033189 mc=1.4828960922267624 nan_elements=0
2019-01-18 14:51:06,857 MAP = 1.0
2019-01-18 14:51:06,857 scale=[array([1.])]
2019-01-18 14:51:06,857 *** End Major Checkpoint

2019-01-18 14:51:06,857 final loss=0.03371627000376603
2019-01-18 14:51:06,857 best loss=0.03371627000376603, distortion=0.16402829762546062, map=1.0, wc_dist=1.8476325857428904
2019-01-18 14:51:06,857 	 Computing Major Stats lazily... 
2019-01-18 14:51:06,858 		 Completed edges=72 good=72 bad=0
2019-01-18 14:51:06,859 Distortion avg=0.16402829762546062 wc=1.8476325857428904 me=1.245962273033189 mc=1.4828960922267624 nan_elements=0
2019-01-18 14:51:06,859 MAP = 1.0
2019-01-18 14:51:06,859 scale=[array([1.])]
