2019-01-18 14:42:35,558 Commandline ['pytorch/pytorch_hyperbolic.py', 'learn', 'data/edges/parsing/ewt/ewt_dev/103.edges', '--dim', '0', '--hyp', '0', '--edim', '10', '--euc', '1', '--sdim', '0', '--sph', '0', '--log-name', 'ewt_devr2/103.edges.E10-1.lr1.log', '--batch-size', '65536', '--epochs', '50', '-g', '--subsample', '1024', '--learning-rate', '1']
2019-01-18 14:42:35,558 No Model Save selected!
2019-01-18 14:42:35,560 Loaded Graph data/edges/parsing/ewt/ewt_dev/103.edges with 21 nodes scale=1.0
2019-01-18 14:42:35,560 Building dataset
2019-01-18 14:42:35,560 Subsample: 21 points with scale 1.0 subsample=20
2019-01-18 14:42:35,583 Built Data Sampler
2019-01-18 14:42:35,583 Creating a fresh model warm_start?=None
2019-01-18 14:42:35,583 	 Warmstarting? None None 21
2019-01-18 14:42:35,583 Embedding() torch.Size([21, 10])
2019-01-18 14:42:35,583 relative No Rescale
2019-01-18 14:42:35,584 Constructed model with dim=0 and epochs=0 isnan=False
2019-01-18 14:42:35,584 SGD (
Parameter Group 0
    dampening: 0
    initial_lr: 0.1
    lr: 1.0
    momentum: 0.0
    nesterov: False
    weight_decay: 0

Parameter Group 1
    dampening: 0
    initial_lr: 0.1
    lr: 1.0
    momentum: 0.0
    nesterov: False
    weight_decay: 0

Parameter Group 2
    dampening: 0
    initial_lr: 0.1
    lr: 1.0
    momentum: 0.0
    nesterov: False
    weight_decay: 0

Parameter Group 3
    dampening: 0
    initial_lr: 0.0001
    lr: 0.001
    momentum: 0.0
    nesterov: False
    weight_decay: 0
)
2019-01-18 14:42:35,584 *** Initial Checkpoint. Computing Stats
2019-01-18 14:42:35,584 	 Computing Major Stats lazily... 
2019-01-18 14:42:35,586 		 Completed edges=420 good=420 bad=0
2019-01-18 14:42:35,589 Distortion avg=0.9984015101115632 wc=15.410666417902238 me=0.005970386167530054 mc=2581.184195708001 nan_elements=0
2019-01-18 14:42:35,590 MAP = 0.17547197458688363
2019-01-18 14:42:35,590 scale=[array([1.])]
2019-01-18 14:42:35,590 *** End Initial Checkpoint

2019-01-18 14:42:35,647 1 loss=0.996806814209216
2019-01-18 14:42:35,648 2 loss=0.9412642498387087
2019-01-18 14:42:35,649 3 loss=0.8892681309329213
2019-01-18 14:42:35,650 4 loss=0.8421765086502363
2019-01-18 14:42:35,650 5 loss=0.7996840816010211
2019-01-18 14:42:35,651 6 loss=0.7613424955123291
2019-01-18 14:42:35,652 7 loss=0.7267050858386934
2019-01-18 14:42:35,653 8 loss=0.6953597168043222
2019-01-18 14:42:35,654 9 loss=0.6669362542206017
2019-01-18 14:42:35,655 10 loss=0.641106195650157
2019-01-18 14:42:35,656 11 loss=0.6175796343052982
2019-01-18 14:42:35,656 12 loss=0.5961014133855129
2019-01-18 14:42:35,657 13 loss=0.5764472067351282
2019-01-18 14:42:35,658 14 loss=0.5584198247087593
2019-01-18 14:42:35,659 15 loss=0.5418458573841378
2019-01-18 14:42:35,659 16 loss=0.5265726832445105
2019-01-18 14:42:35,660 17 loss=0.5124658332199958
2019-01-18 14:42:35,661 18 loss=0.4994066833384657
2019-01-18 14:42:35,662 19 loss=0.4872904431333261
2019-01-18 14:42:35,662 20 loss=0.47602440604343926
2019-01-18 14:42:35,663 21 loss=0.4655264296297137
2019-01-18 14:42:35,664 22 loss=0.45572361613444695
2019-01-18 14:42:35,665 23 loss=0.44655116699820485
2019-01-18 14:42:35,665 24 loss=0.4379513880497953
2019-01-18 14:42:35,666 25 loss=0.4298728250111258
2019-01-18 14:42:35,667 26 loss=0.42226951162652415
2019-01-18 14:42:35,668 27 loss=0.41510031510746564
2019-01-18 14:42:35,668 28 loss=0.4083283656803974
2019-01-18 14:42:35,669 29 loss=0.40192055885455175
2019-01-18 14:42:35,670 30 loss=0.39584712061231736
2019-01-18 14:42:35,671 31 loss=0.3900812270931642
2019-01-18 14:42:35,671 32 loss=0.38459867151945726
2019-01-18 14:42:35,672 33 loss=0.3793775721232562
2019-01-18 14:42:35,673 34 loss=0.3743981156997799
2019-01-18 14:42:35,674 35 loss=0.3696423321556347
2019-01-18 14:42:35,674 36 loss=0.3650938960557478
2019-01-18 14:42:35,675 37 loss=0.3607379517176046
2019-01-18 14:42:35,676 38 loss=0.35656095886812766
2019-01-18 14:42:35,677 39 loss=0.35255055627882853
2019-01-18 14:42:35,678 40 loss=0.34869544113846634
2019-01-18 14:42:35,678 41 loss=0.3449852622177846
2019-01-18 14:42:35,679 42 loss=0.3414105251350221
2019-01-18 14:42:35,680 43 loss=0.3379625082499153
2019-01-18 14:42:35,681 44 loss=0.3346331879029283
2019-01-18 14:42:35,681 45 loss=0.33141517187982394
2019-01-18 14:42:35,682 46 loss=0.32830164012311974
2019-01-18 14:42:35,683 47 loss=0.3252862918345891
2019-01-18 14:42:35,684 48 loss=0.32236329821941595
2019-01-18 14:42:35,684 49 loss=0.3195272602151627
2019-01-18 14:42:35,685 50 loss=0.3167731706292834
2019-01-18 14:42:35,685 final loss=0.3167731706292834
2019-01-18 14:42:35,685 best loss=10000000000.0, distortion=10000000000.0, map=0.0, wc_dist=10000000000.0
2019-01-18 14:42:35,685 	 Computing Major Stats lazily... 
2019-01-18 14:42:35,687 		 Completed edges=420 good=420 bad=0
2019-01-18 14:42:35,690 Distortion avg=0.5155218443545152 wc=11.168059959053583 me=1.7806843702996642 mc=6.271779628848067 nan_elements=0
2019-01-18 14:42:35,690 MAP = 0.18582284311839292
2019-01-18 14:42:35,691 scale=[array([1.])]
2019-01-18 14:56:58,644 Commandline ['pytorch/pytorch_hyperbolic.py', 'learn', 'data/edges/parsing/ewt/ewt_dev/103.edges', '--dim', '0', '--hyp', '0', '--edim', '10', '--euc', '1', '--sdim', '0', '--sph', '0', '--log-name', 'ewt_devr2/103.edges.E10-1.lr1.log', '--batch-size', '65536', '--epochs', '50', '--checkpoint-freq', '10', '-g', '--subsample', '1024', '--learning-rate', '1']
2019-01-18 14:56:58,646 No Model Save selected!
2019-01-18 14:56:58,647 Loaded Graph data/edges/parsing/ewt/ewt_dev/103.edges with 21 nodes scale=1.0
2019-01-18 14:56:58,647 Building dataset
2019-01-18 14:56:58,648 Subsample: 21 points with scale 1.0 subsample=20
2019-01-18 14:56:58,670 Built Data Sampler
2019-01-18 14:56:58,671 Creating a fresh model warm_start?=None
2019-01-18 14:56:58,671 	 Warmstarting? None None 21
2019-01-18 14:56:58,671 Embedding() torch.Size([21, 10])
2019-01-18 14:56:58,671 relative No Rescale
2019-01-18 14:56:58,671 Constructed model with dim=0 and epochs=0 isnan=False
2019-01-18 14:56:58,672 SGD (
Parameter Group 0
    dampening: 0
    initial_lr: 0.1
    lr: 1.0
    momentum: 0.0
    nesterov: False
    weight_decay: 0

Parameter Group 1
    dampening: 0
    initial_lr: 0.1
    lr: 1.0
    momentum: 0.0
    nesterov: False
    weight_decay: 0

Parameter Group 2
    dampening: 0
    initial_lr: 0.1
    lr: 1.0
    momentum: 0.0
    nesterov: False
    weight_decay: 0

Parameter Group 3
    dampening: 0
    initial_lr: 0.0001
    lr: 0.001
    momentum: 0.0
    nesterov: False
    weight_decay: 0
)
2019-01-18 14:56:58,672 *** Initial Checkpoint. Computing Stats
2019-01-18 14:56:58,672 	 Computing Major Stats lazily... 
2019-01-18 14:56:58,674 		 Completed edges=420 good=420 bad=0
2019-01-18 14:56:58,677 Distortion avg=0.9984015101115632 wc=15.410666417902238 me=0.005970386167530054 mc=2581.184195708001 nan_elements=0
2019-01-18 14:56:58,677 MAP = 0.17547197458688363
2019-01-18 14:56:58,678 scale=[array([1.])]
2019-01-18 14:56:58,678 *** End Initial Checkpoint

2019-01-18 14:56:58,736 1 loss=0.996806814209216
2019-01-18 14:56:58,736 2 loss=0.9412642498387087
2019-01-18 14:56:58,737 3 loss=0.8892681309329213
2019-01-18 14:56:58,738 4 loss=0.8421765086502363
2019-01-18 14:56:58,739 5 loss=0.7996840816010211
2019-01-18 14:56:58,739 6 loss=0.7613424955123291
2019-01-18 14:56:58,740 7 loss=0.7267050858386934
2019-01-18 14:56:58,741 8 loss=0.6953597168043222
2019-01-18 14:56:58,742 9 loss=0.6669362542206017
2019-01-18 14:56:58,742 10 loss=0.641106195650157
2019-01-18 14:56:58,742 
*** Major Checkpoint. Computing Stats and Saving
2019-01-18 14:56:58,742 	 Computing Major Stats lazily... 
2019-01-18 14:56:58,744 		 Completed edges=420 good=420 bad=0
2019-01-18 14:56:58,747 Distortion avg=0.761381241004742 wc=21.26728947604172 me=1.0291624343935015 mc=20.664657750139128 nan_elements=0
2019-01-18 14:56:58,748 MAP = 0.09674772559005199
2019-01-18 14:56:58,748 scale=[array([1.])]
2019-01-18 14:56:58,748 *** End Major Checkpoint

2019-01-18 14:56:58,749 11 loss=0.6175796343052979
2019-01-18 14:56:58,749 12 loss=0.596101413385513
2019-01-18 14:56:58,750 13 loss=0.5764472067351281
2019-01-18 14:56:58,751 14 loss=0.5584198247087594
2019-01-18 14:56:58,751 15 loss=0.5418458573841378
2019-01-18 14:56:58,752 16 loss=0.5265726832445103
2019-01-18 14:56:58,753 17 loss=0.5124658332199957
2019-01-18 14:56:58,754 18 loss=0.49940668333846566
2019-01-18 14:56:58,754 19 loss=0.4872904431333262
2019-01-18 14:56:58,755 20 loss=0.4760244060434391
2019-01-18 14:56:58,755 
*** Major Checkpoint. Computing Stats and Saving
2019-01-18 14:56:58,755 	 Computing Major Stats lazily... 
2019-01-18 14:56:58,757 		 Completed edges=420 good=420 bad=0
2019-01-18 14:56:58,760 Distortion avg=0.6464537309042216 wc=18.010007791448672 me=1.5226650324613589 mc=11.827951261437875 nan_elements=0
2019-01-18 14:56:58,760 MAP = 0.0969851082651466
2019-01-18 14:56:58,760 scale=[array([1.])]
2019-01-18 14:56:58,760 *** End Major Checkpoint

2019-01-18 14:56:58,761 21 loss=0.4655264296297136
2019-01-18 14:56:58,762 22 loss=0.45572361613444695
2019-01-18 14:56:58,763 23 loss=0.44655116699820474
2019-01-18 14:56:58,763 24 loss=0.43795138804979517
2019-01-18 14:56:58,764 25 loss=0.4298728250111258
2019-01-18 14:56:58,765 26 loss=0.42226951162652393
2019-01-18 14:56:58,765 27 loss=0.4151003151074658
2019-01-18 14:56:58,766 28 loss=0.4083283656803972
2019-01-18 14:56:58,767 29 loss=0.4019205588545518
2019-01-18 14:56:58,768 30 loss=0.3958471206123175
2019-01-18 14:56:58,768 
*** Major Checkpoint. Computing Stats and Saving
2019-01-18 14:56:58,768 	 Computing Major Stats lazily... 
2019-01-18 14:56:58,770 		 Completed edges=420 good=420 bad=0
2019-01-18 14:56:58,773 Distortion avg=0.5922875046931831 wc=14.937055625866218 me=1.72710045580744 mc=8.648631627442288 nan_elements=0
2019-01-18 14:56:58,773 MAP = 0.11168279342298952
2019-01-18 14:56:58,773 scale=[array([1.])]
2019-01-18 14:56:58,773 *** End Major Checkpoint

2019-01-18 14:56:58,774 31 loss=0.39008122709316406
2019-01-18 14:56:58,774 32 loss=0.3845986715194572
2019-01-18 14:56:58,775 33 loss=0.37937757212325623
2019-01-18 14:56:58,776 34 loss=0.37439811569977993
2019-01-18 14:56:58,777 35 loss=0.36964233215563463
2019-01-18 14:56:58,777 36 loss=0.36509389605574777
2019-01-18 14:56:58,778 37 loss=0.3607379517176044
2019-01-18 14:56:58,779 38 loss=0.3565609588681277
2019-01-18 14:56:58,779 39 loss=0.35255055627882853
2019-01-18 14:56:58,780 40 loss=0.3486954411384663
2019-01-18 14:56:58,780 
*** Major Checkpoint. Computing Stats and Saving
2019-01-18 14:56:58,780 	 Computing Major Stats lazily... 
2019-01-18 14:56:58,782 		 Completed edges=420 good=420 bad=0
2019-01-18 14:56:58,785 Distortion avg=0.5498025004776983 wc=12.857203558773792 me=1.7881776335752624 mc=7.190115409880865 nan_elements=0
2019-01-18 14:56:58,785 MAP = 0.14949474637112853
2019-01-18 14:56:58,785 scale=[array([1.])]
2019-01-18 14:56:58,786 *** End Major Checkpoint

2019-01-18 14:56:58,786 41 loss=0.3449852622177846
2019-01-18 14:56:58,787 42 loss=0.34141052513502224
2019-01-18 14:56:58,788 43 loss=0.33796250824991536
2019-01-18 14:56:58,788 44 loss=0.33463318790292845
2019-01-18 14:56:58,789 45 loss=0.3314151718798239
2019-01-18 14:56:58,790 46 loss=0.32830164012311985
2019-01-18 14:56:58,791 47 loss=0.3252862918345892
2019-01-18 14:56:58,791 48 loss=0.32236329821941595
2019-01-18 14:56:58,792 49 loss=0.31952726021516287
2019-01-18 14:56:58,793 50 loss=0.3167731706292834
2019-01-18 14:56:58,793 
*** Major Checkpoint. Computing Stats and Saving
2019-01-18 14:56:58,793 	 Computing Major Stats lazily... 
2019-01-18 14:56:58,795 		 Completed edges=420 good=420 bad=0
2019-01-18 14:56:58,798 Distortion avg=0.5155218443545154 wc=11.168059959053581 me=1.780684370299664 mc=6.271779628848067 nan_elements=0
2019-01-18 14:56:58,798 MAP = 0.18582284311839292
2019-01-18 14:56:58,798 scale=[array([1.])]
2019-01-18 14:56:58,798 *** End Major Checkpoint

2019-01-18 14:56:58,798 final loss=0.3167731706292834
2019-01-18 14:56:58,798 best loss=0.3167731706292834, distortion=0.5155218443545154, map=0.18582284311839292, wc_dist=11.168059959053581
2019-01-18 14:56:58,798 	 Computing Major Stats lazily... 
2019-01-18 14:56:58,800 		 Completed edges=420 good=420 bad=0
2019-01-18 14:56:58,803 Distortion avg=0.5155218443545153 wc=11.168059959053581 me=1.780684370299664 mc=6.271779628848067 nan_elements=0
2019-01-18 14:56:58,803 MAP = 0.18582284311839295
2019-01-18 14:56:58,803 scale=[array([1.])]
