2019-01-18 15:05:52,175 Commandline ['pytorch/pytorch_hyperbolic.py', 'learn', 'data/edges/parsing/ewt/ewt_dev/1040.edges', '--dim', '0', '--hyp', '0', '--edim', '10', '--euc', '1', '--sdim', '0', '--sph', '0', '--log-name', 'ewt_devr2/1040.edges.E10-1.lr1.log', '--batch-size', '65536', '--epochs', '50', '--checkpoint-freq', '10', '-g', '--subsample', '1024', '--learning-rate', '1']
2019-01-18 15:05:52,175 No Model Save selected!
2019-01-18 15:05:52,177 Loaded Graph data/edges/parsing/ewt/ewt_dev/1040.edges with 9 nodes scale=1.0
2019-01-18 15:05:52,177 Building dataset
2019-01-18 15:05:52,177 Subsample: 9 points with scale 1.0 subsample=8
2019-01-18 15:05:52,184 Built Data Sampler
2019-01-18 15:05:52,184 Creating a fresh model warm_start?=None
2019-01-18 15:05:52,184 	 Warmstarting? None None 9
2019-01-18 15:05:52,185 Embedding() torch.Size([9, 10])
2019-01-18 15:05:52,185 relative No Rescale
2019-01-18 15:05:52,185 Constructed model with dim=0 and epochs=0 isnan=False
2019-01-18 15:05:52,185 SGD (
Parameter Group 0
    dampening: 0
    initial_lr: 0.1
    lr: 1.0
    momentum: 0.0
    nesterov: False
    weight_decay: 0

Parameter Group 1
    dampening: 0
    initial_lr: 0.1
    lr: 1.0
    momentum: 0.0
    nesterov: False
    weight_decay: 0

Parameter Group 2
    dampening: 0
    initial_lr: 0.1
    lr: 1.0
    momentum: 0.0
    nesterov: False
    weight_decay: 0

Parameter Group 3
    dampening: 0
    initial_lr: 0.0001
    lr: 0.001
    momentum: 0.0
    nesterov: False
    weight_decay: 0
)
2019-01-18 15:05:52,186 *** Initial Checkpoint. Computing Stats
2019-01-18 15:05:52,186 	 Computing Major Stats lazily... 
2019-01-18 15:05:52,187 		 Completed edges=72 good=72 bad=0
2019-01-18 15:05:52,188 Distortion avg=0.9976417984996261 wc=7.691898900099093 me=0.005628252251848828 mc=1366.658521314921 nan_elements=0
2019-01-18 15:05:52,188 MAP = 0.3182980599647267
2019-01-18 15:05:52,189 scale=[array([1.])]
2019-01-18 15:05:52,189 *** End Initial Checkpoint

2019-01-18 15:05:52,248 1 loss=0.9952909481002181
2019-01-18 15:05:52,248 2 loss=0.7407640346173672
2019-01-18 15:05:52,249 3 loss=0.5809853475179805
2019-01-18 15:05:52,249 4 loss=0.48429697787837295
2019-01-18 15:05:52,250 5 loss=0.42238636031773963
2019-01-18 15:05:52,250 6 loss=0.3798683098419027
2019-01-18 15:05:52,251 7 loss=0.34859265461115063
2019-01-18 15:05:52,251 8 loss=0.3241801854370188
2019-01-18 15:05:52,252 9 loss=0.3042078914766649
2019-01-18 15:05:52,252 10 loss=0.287280957038692
2019-01-18 15:05:52,252 
*** Major Checkpoint. Computing Stats and Saving
2019-01-18 15:05:52,253 	 Computing Major Stats lazily... 
2019-01-18 15:05:52,253 		 Completed edges=72 good=72 bad=0
2019-01-18 15:05:52,255 Distortion avg=0.4869204798925597 wc=6.789806557393128 me=1.4032039764598372 mc=4.838787996113883 nan_elements=0
2019-01-18 15:05:52,255 MAP = 0.2757936507936508
2019-01-18 15:05:52,255 scale=[array([1.])]
2019-01-18 15:05:52,255 *** End Major Checkpoint

2019-01-18 15:05:52,255 11 loss=0.2725570608732942
2019-01-18 15:05:52,256 12 loss=0.2594994243751589
2019-01-18 15:05:52,256 13 loss=0.24774628633432239
2019-01-18 15:05:52,257 14 loss=0.23704042399160802
2019-01-18 15:05:52,257 15 loss=0.22719017374481354
2019-01-18 15:05:52,258 16 loss=0.2180472995950803
2019-01-18 15:05:52,258 17 loss=0.20949406021425718
2019-01-18 15:05:52,259 18 loss=0.20143539863427884
2019-01-18 15:05:52,259 19 loss=0.1937940295082665
2019-01-18 15:05:52,260 20 loss=0.1865071778985616
2019-01-18 15:05:52,260 
*** Major Checkpoint. Computing Stats and Saving
2019-01-18 15:05:52,260 	 Computing Major Stats lazily... 
2019-01-18 15:05:52,261 		 Completed edges=72 good=72 bad=0
2019-01-18 15:05:52,262 Distortion avg=0.38565321507504485 wc=5.157921771555836 me=1.448887944936919 mc=3.5599176524174885 nan_elements=0
2019-01-18 15:05:52,262 MAP = 0.5981481481481481
2019-01-18 15:05:52,262 scale=[array([1.])]
2019-01-18 15:05:52,263 *** End Major Checkpoint

2019-01-18 15:05:52,263 21 loss=0.1795242570323202
2019-01-18 15:05:52,264 22 loss=0.17280507446184562
2019-01-18 15:05:52,264 23 loss=0.16631833376627644
2019-01-18 15:05:52,265 24 loss=0.1600403063361593
2019-01-18 15:05:52,265 25 loss=0.1539536128959377
2019-01-18 15:05:52,266 26 loss=0.14804609268494506
2019-01-18 15:05:52,266 27 loss=0.1423097589238791
2019-01-18 15:05:52,267 28 loss=0.13673984843051584
2019-01-18 15:05:52,267 29 loss=0.13133397525713134
2019-01-18 15:05:52,268 30 loss=0.12609139603510497
2019-01-18 15:05:52,268 
*** Major Checkpoint. Computing Stats and Saving
2019-01-18 15:05:52,268 	 Computing Major Stats lazily... 
2019-01-18 15:05:52,269 		 Completed edges=72 good=72 bad=0
2019-01-18 15:05:52,270 Distortion avg=0.30854884203692556 wc=3.64792731137347 me=1.3796101425952165 mc=2.644172580893954 nan_elements=0
2019-01-18 15:05:52,270 MAP = 0.9814814814814814
2019-01-18 15:05:52,270 scale=[array([1.])]
2019-01-18 15:05:52,271 *** End Major Checkpoint

2019-01-18 15:05:52,271 31 loss=0.12101239048431424
2019-01-18 15:05:52,272 32 loss=0.1160977557534882
2019-01-18 15:05:52,272 33 loss=0.11134840884582725
2019-01-18 15:05:52,272 34 loss=0.10676508787927162
2019-01-18 15:05:52,273 35 loss=0.10234814054927244
2019-01-18 15:05:52,273 36 loss=0.09809738690323423
2019-01-18 15:05:52,274 37 loss=0.09401204326346692
2019-01-18 15:05:52,274 38 loss=0.09009069464298472
2019-01-18 15:05:52,275 39 loss=0.08633130405868465
2019-01-18 15:05:52,275 40 loss=0.08273124854499511
2019-01-18 15:05:52,275 
*** Major Checkpoint. Computing Stats and Saving
2019-01-18 15:05:52,275 	 Computing Major Stats lazily... 
2019-01-18 15:05:52,276 		 Completed edges=72 good=72 bad=0
2019-01-18 15:05:52,277 Distortion avg=0.24348294704202195 wc=2.784294500699739 me=1.2815931096723874 mc=2.1725261158836022 nan_elements=0
2019-01-18 15:05:52,277 MAP = 1.0
2019-01-18 15:05:52,278 scale=[array([1.])]
2019-01-18 15:05:52,278 *** End Major Checkpoint

2019-01-18 15:05:52,278 41 loss=0.07928737322591102
2019-01-18 15:05:52,279 42 loss=0.0759960563729483
2019-01-18 15:05:52,279 43 loss=0.07285327986071218
2019-01-18 15:05:52,280 44 loss=0.06985470076720134
2019-01-18 15:05:52,280 45 loss=0.06699572101968938
2019-01-18 15:05:52,281 46 loss=0.06427155294898497
2019-01-18 15:05:52,281 47 loss=0.06167727939100625
2019-01-18 15:05:52,282 48 loss=0.0592079075809048
2019-01-18 15:05:52,282 49 loss=0.0568584165428277
2019-01-18 15:05:52,283 50 loss=0.05462379801116493
2019-01-18 15:05:52,283 
*** Major Checkpoint. Computing Stats and Saving
2019-01-18 15:05:52,283 	 Computing Major Stats lazily... 
2019-01-18 15:05:52,283 		 Completed edges=72 good=72 bad=0
2019-01-18 15:05:52,285 Distortion avg=0.1948737422476667 wc=2.286168881413056 me=1.2228903841183707 mc=1.869479808741193 nan_elements=0
2019-01-18 15:05:52,285 MAP = 1.0
2019-01-18 15:05:52,285 scale=[array([1.])]
2019-01-18 15:05:52,285 *** End Major Checkpoint

2019-01-18 15:05:52,285 final loss=0.05462379801116493
2019-01-18 15:05:52,285 best loss=0.05462379801116493, distortion=0.1948737422476667, map=1.0, wc_dist=2.286168881413056
2019-01-18 15:05:52,285 	 Computing Major Stats lazily... 
2019-01-18 15:05:52,286 		 Completed edges=72 good=72 bad=0
2019-01-18 15:05:52,287 Distortion avg=0.19487374224766665 wc=2.286168881413056 me=1.2228903841183707 mc=1.869479808741193 nan_elements=0
2019-01-18 15:05:52,287 MAP = 1.0
2019-01-18 15:05:52,287 scale=[array([1.])]
