2019-01-18 15:13:06,773 Commandline ['pytorch/pytorch_hyperbolic.py', 'learn', 'data/edges/parsing/ewt/ewt_dev/1042.edges', '--dim', '0', '--hyp', '0', '--edim', '10', '--euc', '1', '--sdim', '0', '--sph', '0', '--log-name', 'ewt_devr2/1042.edges.E10-1.lr1.log', '--batch-size', '65536', '--epochs', '50', '--checkpoint-freq', '10', '-g', '--subsample', '1024', '--learning-rate', '1']
2019-01-18 15:13:06,773 No Model Save selected!
2019-01-18 15:13:06,775 Loaded Graph data/edges/parsing/ewt/ewt_dev/1042.edges with 19 nodes scale=1.0
2019-01-18 15:13:06,775 Building dataset
2019-01-18 15:13:06,776 Subsample: 19 points with scale 1.0 subsample=18
2019-01-18 15:13:06,796 Built Data Sampler
2019-01-18 15:13:06,796 Creating a fresh model warm_start?=None
2019-01-18 15:13:06,796 	 Warmstarting? None None 19
2019-01-18 15:13:06,796 Embedding() torch.Size([19, 10])
2019-01-18 15:13:06,796 relative No Rescale
2019-01-18 15:13:06,797 Constructed model with dim=0 and epochs=0 isnan=False
2019-01-18 15:13:06,797 SGD (
Parameter Group 0
    dampening: 0
    initial_lr: 0.1
    lr: 1.0
    momentum: 0.0
    nesterov: False
    weight_decay: 0

Parameter Group 1
    dampening: 0
    initial_lr: 0.1
    lr: 1.0
    momentum: 0.0
    nesterov: False
    weight_decay: 0

Parameter Group 2
    dampening: 0
    initial_lr: 0.1
    lr: 1.0
    momentum: 0.0
    nesterov: False
    weight_decay: 0

Parameter Group 3
    dampening: 0
    initial_lr: 0.0001
    lr: 0.001
    momentum: 0.0
    nesterov: False
    weight_decay: 0
)
2019-01-18 15:13:06,797 *** Initial Checkpoint. Computing Stats
2019-01-18 15:13:06,797 	 Computing Major Stats lazily... 
2019-01-18 15:13:06,799 		 Completed edges=342 good=342 bad=0
2019-01-18 15:13:06,802 Distortion avg=0.9980700110150083 wc=7.727079600823044 me=0.00582765269827822 mc=1325.9334419681545 nan_elements=0
2019-01-18 15:13:06,802 MAP = 0.17374741609317015
2019-01-18 15:13:06,802 scale=[array([1.])]
2019-01-18 15:13:06,802 *** End Initial Checkpoint

2019-01-18 15:13:06,861 1 loss=0.9961448101438868
2019-01-18 15:13:06,862 2 loss=0.9095917336347742
2019-01-18 15:13:06,863 3 loss=0.8322631524524822
2019-01-18 15:13:06,864 4 loss=0.7656104335153912
2019-01-18 15:13:06,864 5 loss=0.7080408644082014
2019-01-18 15:13:06,865 6 loss=0.6580374808287431
2019-01-18 15:13:06,866 7 loss=0.6143264460706657
2019-01-18 15:13:06,866 8 loss=0.5758661026270342
2019-01-18 15:13:06,867 9 loss=0.541810712946691
2019-01-18 15:13:06,868 10 loss=0.5114739768402261
2019-01-18 15:13:06,868 
*** Major Checkpoint. Computing Stats and Saving
2019-01-18 15:13:06,868 	 Computing Major Stats lazily... 
2019-01-18 15:13:06,870 		 Completed edges=342 good=342 bad=0
2019-01-18 15:13:06,873 Distortion avg=0.6618378873773457 wc=13.877328975288494 me=1.248960400335865 mc=11.111104060270176 nan_elements=0
2019-01-18 15:13:06,873 MAP = 0.0992456900254888
2019-01-18 15:13:06,873 scale=[array([1.])]
2019-01-18 15:13:06,873 *** End Major Checkpoint

2019-01-18 15:13:06,874 11 loss=0.4842975926263627
2019-01-18 15:13:06,874 12 loss=0.45982550244038944
2019-01-18 15:13:06,875 13 loss=0.4376832394137493
2019-01-18 15:13:06,876 14 loss=0.4175615292895757
2019-01-18 15:13:06,876 15 loss=0.39920332830097854
2019-01-18 15:13:06,877 16 loss=0.3823935928028458
2019-01-18 15:13:06,878 17 loss=0.36695120254594404
2019-01-18 15:13:06,879 18 loss=0.35272257449989686
2019-01-18 15:13:06,879 19 loss=0.33957660113617744
2019-01-18 15:13:06,880 20 loss=0.32740062594670966
2019-01-18 15:13:06,880 
*** Major Checkpoint. Computing Stats and Saving
2019-01-18 15:13:06,880 	 Computing Major Stats lazily... 
2019-01-18 15:13:06,882 		 Completed edges=342 good=342 bad=0
2019-01-18 15:13:06,885 Distortion avg=0.5335590896058658 wc=9.517263940893383 me=1.436063097920895 mc=6.627329923505657 nan_elements=0
2019-01-18 15:13:06,885 MAP = 0.12107564961943554
2019-01-18 15:13:06,885 scale=[array([1.])]
2019-01-18 15:13:06,885 *** End Major Checkpoint

2019-01-18 15:13:06,886 21 loss=0.316097231817334
2019-01-18 15:13:06,887 22 loss=0.30558166736731013
2019-01-18 15:13:06,887 23 loss=0.2957797750652344
2019-01-18 15:13:06,888 24 loss=0.2866263150600677
2019-01-18 15:13:06,889 25 loss=0.27806360206175423
2019-01-18 15:13:06,889 26 loss=0.2700403907498566
2019-01-18 15:13:06,890 27 loss=0.26251095925404133
2019-01-18 15:13:06,891 28 loss=0.2554343511571777
2019-01-18 15:13:06,891 29 loss=0.24877374493678509
2019-01-18 15:13:06,892 30 loss=0.2424959263390288
2019-01-18 15:13:06,892 
*** Major Checkpoint. Computing Stats and Saving
2019-01-18 15:13:06,892 	 Computing Major Stats lazily... 
2019-01-18 15:13:06,894 		 Completed edges=342 good=342 bad=0
2019-01-18 15:13:06,897 Distortion avg=0.4536715073582361 wc=7.892762850007288 me=1.5704917508147977 mc=5.02566336048081 nan_elements=0
2019-01-18 15:13:06,897 MAP = 0.19823398780442125
2019-01-18 15:13:06,897 scale=[array([1.])]
2019-01-18 15:13:06,897 *** End Major Checkpoint

2019-01-18 15:13:06,898 31 loss=0.23657084430064645
2019-01-18 15:13:06,899 32 loss=0.23097123502922678
2019-01-18 15:13:06,899 33 loss=0.2256723019762161
2019-01-18 15:13:06,900 34 loss=0.2206514418864055
2019-01-18 15:13:06,901 35 loss=0.21588800903375355
2019-01-18 15:13:06,902 36 loss=0.21136311127285265
2019-01-18 15:13:06,902 37 loss=0.20705943273811114
2019-01-18 15:13:06,903 38 loss=0.2029610789782613
2019-01-18 15:13:06,904 39 loss=0.1990534410758548
2019-01-18 15:13:06,905 40 loss=0.19532307591161252
2019-01-18 15:13:06,905 
*** Major Checkpoint. Computing Stats and Saving
2019-01-18 15:13:06,905 	 Computing Major Stats lazily... 
2019-01-18 15:13:06,906 		 Completed edges=342 good=342 bad=0
2019-01-18 15:13:06,909 Distortion avg=0.3961842052053769 wc=7.174872090345462 me=1.7181763143314928 mc=4.175864857697714 nan_elements=0
2019-01-18 15:13:06,909 MAP = 0.29126991690431536
2019-01-18 15:13:06,910 scale=[array([1.])]
2019-01-18 15:13:06,910 *** End Major Checkpoint

2019-01-18 15:13:06,910 41 loss=0.19175760022417201
2019-01-18 15:13:06,911 42 loss=0.18834559651207539
2019-01-18 15:13:06,912 43 loss=0.18507652914637704
2019-01-18 15:13:06,913 44 loss=0.1819406693243514
2019-01-18 15:13:06,913 45 loss=0.17892902770946073
2019-01-18 15:13:06,915 46 loss=0.17603329377944799
2019-01-18 15:13:06,916 47 loss=0.17324578105058305
2019-01-18 15:13:06,916 48 loss=0.17055937746759545
2019-01-18 15:13:06,917 49 loss=0.16796750035032967
2019-01-18 15:13:06,918 50 loss=0.1654640553733628
2019-01-18 15:13:06,918 
*** Major Checkpoint. Computing Stats and Saving
2019-01-18 15:13:06,918 	 Computing Major Stats lazily... 
2019-01-18 15:13:06,920 		 Completed edges=342 good=342 bad=0
2019-01-18 15:13:06,923 Distortion avg=0.3587202890447187 wc=6.522661214523355 me=1.7929829436678466 mc=3.6378824670691845 nan_elements=0
2019-01-18 15:13:06,923 MAP = 0.41741115505213255
2019-01-18 15:13:06,923 scale=[array([1.])]
2019-01-18 15:13:06,923 *** End Major Checkpoint

2019-01-18 15:13:06,923 final loss=0.1654640553733628
2019-01-18 15:13:06,923 best loss=0.1654640553733628, distortion=0.3587202890447187, map=0.41741115505213255, wc_dist=6.522661214523355
2019-01-18 15:13:06,923 	 Computing Major Stats lazily... 
2019-01-18 15:13:06,925 		 Completed edges=342 good=342 bad=0
2019-01-18 15:13:06,928 Distortion avg=0.35872028904471853 wc=6.522661214523355 me=1.7929829436678466 mc=3.6378824670691845 nan_elements=0
2019-01-18 15:13:06,928 MAP = 0.4174111550521325
2019-01-18 15:13:06,928 scale=[array([1.])]
