2019-01-18 14:55:27,533 Commandline ['pytorch/pytorch_hyperbolic.py', 'learn', 'data/edges/parsing/ewt/ewt_dev/1043.edges', '--dim', '0', '--hyp', '0', '--edim', '10', '--euc', '1', '--sdim', '0', '--sph', '0', '--log-name', 'ewt_devr2/1043.edges.E10-1.lr1.log', '--batch-size', '65536', '--epochs', '50', '--checkpoint-freq', '10', '-g', '--subsample', '1024', '--learning-rate', '1']
2019-01-18 14:55:27,533 No Model Save selected!
2019-01-18 14:55:27,534 Loaded Graph data/edges/parsing/ewt/ewt_dev/1043.edges with 9 nodes scale=1.0
2019-01-18 14:55:27,534 Building dataset
2019-01-18 14:55:27,535 Subsample: 9 points with scale 1.0 subsample=8
2019-01-18 14:55:27,542 Built Data Sampler
2019-01-18 14:55:27,542 Creating a fresh model warm_start?=None
2019-01-18 14:55:27,542 	 Warmstarting? None None 9
2019-01-18 14:55:27,542 Embedding() torch.Size([9, 10])
2019-01-18 14:55:27,542 relative No Rescale
2019-01-18 14:55:27,543 Constructed model with dim=0 and epochs=0 isnan=False
2019-01-18 14:55:27,543 SGD (
Parameter Group 0
    dampening: 0
    initial_lr: 0.1
    lr: 1.0
    momentum: 0.0
    nesterov: False
    weight_decay: 0

Parameter Group 1
    dampening: 0
    initial_lr: 0.1
    lr: 1.0
    momentum: 0.0
    nesterov: False
    weight_decay: 0

Parameter Group 2
    dampening: 0
    initial_lr: 0.1
    lr: 1.0
    momentum: 0.0
    nesterov: False
    weight_decay: 0

Parameter Group 3
    dampening: 0
    initial_lr: 0.0001
    lr: 0.001
    momentum: 0.0
    nesterov: False
    weight_decay: 0
)
2019-01-18 14:55:27,543 *** Initial Checkpoint. Computing Stats
2019-01-18 14:55:27,543 	 Computing Major Stats lazily... 
2019-01-18 14:55:27,544 		 Completed edges=72 good=72 bad=0
2019-01-18 14:55:27,546 Distortion avg=0.9976661484091041 wc=6.132422606082875 me=0.005982886981094694 mc=1024.9938909861908 nan_elements=0
2019-01-18 14:55:27,546 MAP = 0.38778659611992944
2019-01-18 14:55:27,546 scale=[array([1.])]
2019-01-18 14:55:27,546 *** End Initial Checkpoint

2019-01-18 14:55:27,603 1 loss=0.9953392447181206
2019-01-18 14:55:27,603 2 loss=0.7418077757321455
2019-01-18 14:55:27,604 3 loss=0.5763075340753614
2019-01-18 14:55:27,604 4 loss=0.47471075403363067
2019-01-18 14:55:27,605 5 loss=0.40950067142175833
2019-01-18 14:55:27,605 6 loss=0.3647016070685998
2019-01-18 14:55:27,606 7 loss=0.3315866476248023
2019-01-18 14:55:27,606 8 loss=0.3054358537828303
2019-01-18 14:55:27,607 9 loss=0.2836799026904424
2019-01-18 14:55:27,607 10 loss=0.26489460741034826
2019-01-18 14:55:27,608 
*** Major Checkpoint. Computing Stats and Saving
2019-01-18 14:55:27,608 	 Computing Major Stats lazily... 
2019-01-18 14:55:27,608 		 Completed edges=72 good=72 bad=0
2019-01-18 14:55:27,610 Distortion avg=0.46226472313522204 wc=6.082534206594888 me=1.3170232582205472 mc=4.618395437308453 nan_elements=0
2019-01-18 14:55:27,610 MAP = 0.31117724867724866
2019-01-18 14:55:27,610 scale=[array([1.])]
2019-01-18 14:55:27,610 *** End Major Checkpoint

2019-01-18 14:55:27,610 11 loss=0.24826543610271898
2019-01-18 14:55:27,611 12 loss=0.23330400587735756
2019-01-18 14:55:27,611 13 loss=0.21969843454625043
2019-01-18 14:55:27,612 14 loss=0.2072345956199
2019-01-18 14:55:27,612 15 loss=0.19575482276213665
2019-01-18 14:55:27,613 16 loss=0.1851362666901154
2019-01-18 14:55:27,613 17 loss=0.17527943611220176
2019-01-18 14:55:27,614 18 loss=0.1661019108213414
2019-01-18 14:55:27,614 19 loss=0.15753461220218462
2019-01-18 14:55:27,615 20 loss=0.1495193065701395
2019-01-18 14:55:27,615 
*** Major Checkpoint. Computing Stats and Saving
2019-01-18 14:55:27,615 	 Computing Major Stats lazily... 
2019-01-18 14:55:27,615 		 Completed edges=72 good=72 bad=0
2019-01-18 14:55:27,617 Distortion avg=0.3424303367541094 wc=3.729543737908702 me=1.3406541511893757 mc=2.7818835563221116 nan_elements=0
2019-01-18 14:55:27,617 MAP = 1.0
2019-01-18 14:55:27,617 scale=[array([1.])]
2019-01-18 14:55:27,617 *** End Major Checkpoint

2019-01-18 14:55:27,618 21 loss=0.1420067048305062
2019-01-18 14:55:27,618 22 loss=0.13495487935706488
2019-01-18 14:55:27,619 23 loss=0.12832789438593883
2019-01-18 14:55:27,619 24 loss=0.12209462276644313
2019-01-18 14:55:27,620 25 loss=0.11622774703223697
2019-01-18 14:55:27,620 26 loss=0.11070294367349104
2019-01-18 14:55:27,620 27 loss=0.10549824150371409
2019-01-18 14:55:27,621 28 loss=0.10059353615039135
2019-01-18 14:55:27,621 29 loss=0.0959702365276678
2019-01-18 14:55:27,622 30 loss=0.09161101662551287
2019-01-18 14:55:27,622 
*** Major Checkpoint. Computing Stats and Saving
2019-01-18 14:55:27,622 	 Computing Major Stats lazily... 
2019-01-18 14:55:27,623 		 Completed edges=72 good=72 bad=0
2019-01-18 14:55:27,624 Distortion avg=0.25993345268447365 wc=2.6856262377839393 me=1.2701702285017922 mc=2.1143829209032274 nan_elements=0
2019-01-18 14:55:27,624 MAP = 1.0
2019-01-18 14:55:27,624 scale=[array([1.])]
2019-01-18 14:55:27,624 *** End Major Checkpoint

2019-01-18 14:55:27,625 31 loss=0.08749964664913544
2019-01-18 14:55:27,625 32 loss=0.08362088047839629
2019-01-18 14:55:27,626 33 loss=0.07996038053281357
2019-01-18 14:55:27,626 34 loss=0.07650466554923684
2019-01-18 14:55:27,627 35 loss=0.07324107090439044
2019-01-18 14:55:27,627 36 loss=0.07015771460598387
2019-01-18 14:55:27,628 37 loss=0.06724346480704418
2019-01-18 14:55:27,628 38 loss=0.06448790668456193
2019-01-18 14:55:27,629 39 loss=0.061881307862981995
2019-01-18 14:55:27,629 40 loss=0.059414582387370865
2019-01-18 14:55:27,629 
*** Major Checkpoint. Computing Stats and Saving
2019-01-18 14:55:27,629 	 Computing Major Stats lazily... 
2019-01-18 14:55:27,630 		 Completed edges=72 good=72 bad=0
2019-01-18 14:55:27,631 Distortion avg=0.20485639967764865 wc=2.181071803748331 me=1.2279810428720637 mc=1.7761445230841113 nan_elements=0
2019-01-18 14:55:27,631 MAP = 1.0
2019-01-18 14:55:27,631 scale=[array([1.])]
2019-01-18 14:55:27,631 *** End Major Checkpoint

2019-01-18 14:55:27,632 41 loss=0.05707925369492982
2019-01-18 14:55:27,632 42 loss=0.05486741721642571
2019-01-18 14:55:27,633 43 loss=0.052771703257520314
2019-01-18 14:55:27,633 44 loss=0.05078524073595064
2019-01-18 14:55:27,634 45 loss=0.04890162223410234
2019-01-18 14:55:27,634 46 loss=0.04711487069989411
2019-01-18 14:55:27,635 47 loss=0.045419408010731736
2019-01-18 14:55:27,635 48 loss=0.043810025514847306
2019-01-18 14:55:27,636 49 loss=0.0422818565846972
2019-01-18 14:55:27,636 50 loss=0.040830351157697654
2019-01-18 14:55:27,636 
*** Major Checkpoint. Computing Stats and Saving
2019-01-18 14:55:27,636 	 Computing Major Stats lazily... 
2019-01-18 14:55:27,637 		 Completed edges=72 good=72 bad=0
2019-01-18 14:55:27,639 Distortion avg=0.16680786589727423 wc=1.917348534706473 me=1.2050961690495214 mc=1.5910336319621 nan_elements=0
2019-01-18 14:55:27,639 MAP = 1.0
2019-01-18 14:55:27,639 scale=[array([1.])]
2019-01-18 14:55:27,639 *** End Major Checkpoint

2019-01-18 14:55:27,639 final loss=0.040830351157697654
2019-01-18 14:55:27,639 best loss=0.040830351157697654, distortion=0.16680786589727423, map=1.0, wc_dist=1.917348534706473
2019-01-18 14:55:27,640 	 Computing Major Stats lazily... 
2019-01-18 14:55:27,640 		 Completed edges=72 good=72 bad=0
2019-01-18 14:55:27,641 Distortion avg=0.16680786589727423 wc=1.917348534706473 me=1.2050961690495214 mc=1.5910336319621 nan_elements=0
2019-01-18 14:55:27,642 MAP = 1.0
2019-01-18 14:55:27,642 scale=[array([1.])]
