2019-01-18 14:43:23,315 Commandline ['pytorch/pytorch_hyperbolic.py', 'learn', 'data/edges/parsing/ewt/ewt_dev/1044.edges', '--dim', '0', '--hyp', '0', '--edim', '10', '--euc', '1', '--sdim', '0', '--sph', '0', '--log-name', 'ewt_devr2/1044.edges.E10-1.lr1.log', '--batch-size', '65536', '--epochs', '50', '-g', '--subsample', '1024', '--learning-rate', '1']
2019-01-18 14:43:23,315 No Model Save selected!
2019-01-18 14:43:23,317 Loaded Graph data/edges/parsing/ewt/ewt_dev/1044.edges with 5 nodes scale=1.0
2019-01-18 14:43:23,317 Building dataset
2019-01-18 14:43:23,317 Subsample: 5 points with scale 1.0 subsample=4
2019-01-18 14:43:23,321 Built Data Sampler
2019-01-18 14:43:23,321 Creating a fresh model warm_start?=None
2019-01-18 14:43:23,321 	 Warmstarting? None None 5
2019-01-18 14:43:23,322 Embedding() torch.Size([5, 10])
2019-01-18 14:43:23,322 relative No Rescale
2019-01-18 14:43:23,322 Constructed model with dim=0 and epochs=0 isnan=False
2019-01-18 14:43:23,322 SGD (
Parameter Group 0
    dampening: 0
    initial_lr: 0.1
    lr: 1.0
    momentum: 0.0
    nesterov: False
    weight_decay: 0

Parameter Group 1
    dampening: 0
    initial_lr: 0.1
    lr: 1.0
    momentum: 0.0
    nesterov: False
    weight_decay: 0

Parameter Group 2
    dampening: 0
    initial_lr: 0.1
    lr: 1.0
    momentum: 0.0
    nesterov: False
    weight_decay: 0

Parameter Group 3
    dampening: 0
    initial_lr: 0.0001
    lr: 0.001
    momentum: 0.0
    nesterov: False
    weight_decay: 0
)
2019-01-18 14:43:23,322 *** Initial Checkpoint. Computing Stats
2019-01-18 14:43:23,323 	 Computing Major Stats lazily... 
2019-01-18 14:43:23,323 		 Completed edges=20 good=20 bad=0
2019-01-18 14:43:23,324 Distortion avg=0.9967215143566446 wc=3.26429954782084 me=0.005628252251848828 mc=579.9845852233344 nan_elements=0
2019-01-18 14:43:23,324 MAP = 0.4666666666666666
2019-01-18 14:43:23,325 scale=[array([1.])]
2019-01-18 14:43:23,325 *** End Initial Checkpoint

2019-01-18 14:43:23,383 1 loss=0.9934557708423654
2019-01-18 14:43:23,384 2 loss=0.31325420002132776
2019-01-18 14:43:23,385 3 loss=0.19965912479249623
2019-01-18 14:43:23,385 4 loss=0.1354470408350513
2019-01-18 14:43:23,386 5 loss=0.09410374813156214
2019-01-18 14:43:23,386 6 loss=0.06724310757608973
2019-01-18 14:43:23,386 7 loss=0.04971216921647029
2019-01-18 14:43:23,387 8 loss=0.038164116018673595
2019-01-18 14:43:23,387 9 loss=0.03043463971625799
2019-01-18 14:43:23,388 10 loss=0.02515118905285792
2019-01-18 14:43:23,388 11 loss=0.021455211044445806
2019-01-18 14:43:23,389 12 loss=0.018810052787481206
2019-01-18 14:43:23,389 13 loss=0.01687651985411015
2019-01-18 14:43:23,390 14 loss=0.015436205515941298
2019-01-18 14:43:23,390 15 loss=0.01434537144574044
2019-01-18 14:43:23,390 16 loss=0.013507267383608332
2019-01-18 14:43:23,391 17 loss=0.012855329454479347
2019-01-18 14:43:23,391 18 loss=0.012342800911071507
2019-01-18 14:43:23,392 19 loss=0.011936194128025436
2019-01-18 14:43:23,392 20 loss=0.011611091103494797
2019-01-18 14:43:23,393 21 loss=0.011349394137594615
2019-01-18 14:43:23,393 22 loss=0.011137492013487871
2019-01-18 14:43:23,394 23 loss=0.010965014167966868
2019-01-18 14:43:23,394 24 loss=0.01082396892588931
2019-01-18 14:43:23,395 25 loss=0.010708136846685586
2019-01-18 14:43:23,395 26 loss=0.010612636403324131
2019-01-18 14:43:23,395 27 loss=0.010533608048264241
2019-01-18 14:43:23,396 28 loss=0.010467980971624656
2019-01-18 14:43:23,396 29 loss=0.010413298564591496
2019-01-18 14:43:23,397 30 loss=0.010367586214477186
2019-01-18 14:43:23,397 31 loss=0.010329250078027258
2019-01-18 14:43:23,398 32 loss=0.010296998837271826
2019-01-18 14:43:23,398 33 loss=0.010269782720813374
2019-01-18 14:43:23,398 34 loss=0.010246745642641969
2019-01-18 14:43:23,399 35 loss=0.010227187407291144
2019-01-18 14:43:23,399 36 loss=0.010210533707948052
2019-01-18 14:43:23,400 37 loss=0.010196312203691636
2019-01-18 14:43:23,400 38 loss=0.010184133370164042
2019-01-18 14:43:23,401 39 loss=0.010173675119559385
2019-01-18 14:43:23,401 40 loss=0.010164670411371573
2019-01-18 14:43:23,401 41 loss=0.010156897245919472
2019-01-18 14:43:23,402 42 loss=0.010150170562955812
2019-01-18 14:43:23,402 43 loss=0.010144335668064795
2019-01-18 14:43:23,403 44 loss=0.01013926288752077
2019-01-18 14:43:23,403 45 loss=0.01013484321323514
2019-01-18 14:43:23,404 46 loss=0.010130984747346418
2019-01-18 14:43:23,404 47 loss=0.010127609793880917
2019-01-18 14:43:23,405 48 loss=0.01012465247496063
2019-01-18 14:43:23,405 49 loss=0.010122056772961692
2019-01-18 14:43:23,405 50 loss=0.010119774919135271
2019-01-18 14:43:23,406 final loss=0.010119774919135271
2019-01-18 14:43:23,406 best loss=10000000000.0, distortion=10000000000.0, map=0.0, wc_dist=10000000000.0
2019-01-18 14:43:23,406 	 Computing Major Stats lazily... 
2019-01-18 14:43:23,406 		 Completed edges=20 good=20 bad=0
2019-01-18 14:43:23,407 Distortion avg=0.10001538114972722 wc=1.2297122210781037 me=1.1123763187225821 mc=1.105482200924833 nan_elements=0
2019-01-18 14:43:23,407 MAP = 1.0
2019-01-18 14:43:23,407 scale=[array([1.])]
2019-01-18 15:02:42,390 Commandline ['pytorch/pytorch_hyperbolic.py', 'learn', 'data/edges/parsing/ewt/ewt_dev/1044.edges', '--dim', '0', '--hyp', '0', '--edim', '10', '--euc', '1', '--sdim', '0', '--sph', '0', '--log-name', 'ewt_devr2/1044.edges.E10-1.lr1.log', '--batch-size', '65536', '--epochs', '50', '--checkpoint-freq', '10', '-g', '--subsample', '1024', '--learning-rate', '1']
2019-01-18 15:02:42,392 No Model Save selected!
2019-01-18 15:02:42,393 Loaded Graph data/edges/parsing/ewt/ewt_dev/1044.edges with 5 nodes scale=1.0
2019-01-18 15:02:42,393 Building dataset
2019-01-18 15:02:42,393 Subsample: 5 points with scale 1.0 subsample=4
2019-01-18 15:02:42,397 Built Data Sampler
2019-01-18 15:02:42,397 Creating a fresh model warm_start?=None
2019-01-18 15:02:42,397 	 Warmstarting? None None 5
2019-01-18 15:02:42,397 Embedding() torch.Size([5, 10])
2019-01-18 15:02:42,398 relative No Rescale
2019-01-18 15:02:42,398 Constructed model with dim=0 and epochs=0 isnan=False
2019-01-18 15:02:42,398 SGD (
Parameter Group 0
    dampening: 0
    initial_lr: 0.1
    lr: 1.0
    momentum: 0.0
    nesterov: False
    weight_decay: 0

Parameter Group 1
    dampening: 0
    initial_lr: 0.1
    lr: 1.0
    momentum: 0.0
    nesterov: False
    weight_decay: 0

Parameter Group 2
    dampening: 0
    initial_lr: 0.1
    lr: 1.0
    momentum: 0.0
    nesterov: False
    weight_decay: 0

Parameter Group 3
    dampening: 0
    initial_lr: 0.0001
    lr: 0.001
    momentum: 0.0
    nesterov: False
    weight_decay: 0
)
2019-01-18 15:02:42,398 *** Initial Checkpoint. Computing Stats
2019-01-18 15:02:42,398 	 Computing Major Stats lazily... 
2019-01-18 15:02:42,399 		 Completed edges=20 good=20 bad=0
2019-01-18 15:02:42,400 Distortion avg=0.9967215143566446 wc=3.26429954782084 me=0.005628252251848828 mc=579.9845852233344 nan_elements=0
2019-01-18 15:02:42,400 MAP = 0.4666666666666666
2019-01-18 15:02:42,400 scale=[array([1.])]
2019-01-18 15:02:42,400 *** End Initial Checkpoint

2019-01-18 15:02:42,457 1 loss=0.9934557708423654
2019-01-18 15:02:42,458 2 loss=0.31325420002132776
2019-01-18 15:02:42,458 3 loss=0.19965912479249623
2019-01-18 15:02:42,459 4 loss=0.1354470408350513
2019-01-18 15:02:42,459 5 loss=0.09410374813156214
2019-01-18 15:02:42,460 6 loss=0.06724310757608973
2019-01-18 15:02:42,460 7 loss=0.04971216921647029
2019-01-18 15:02:42,460 8 loss=0.038164116018673595
2019-01-18 15:02:42,461 9 loss=0.03043463971625799
2019-01-18 15:02:42,461 10 loss=0.02515118905285792
2019-01-18 15:02:42,461 
*** Major Checkpoint. Computing Stats and Saving
2019-01-18 15:02:42,461 	 Computing Major Stats lazily... 
2019-01-18 15:02:42,462 		 Completed edges=20 good=20 bad=0
2019-01-18 15:02:42,463 Distortion avg=0.14116234022342772 wc=1.4273544306352113 me=1.1218391727450057 mc=1.2723342751017033 nan_elements=0
2019-01-18 15:02:42,463 MAP = 1.0
2019-01-18 15:02:42,463 scale=[array([1.])]
2019-01-18 15:02:42,463 *** End Major Checkpoint

2019-01-18 15:02:42,463 11 loss=0.021455211044445803
2019-01-18 15:02:42,464 12 loss=0.018810052787481206
2019-01-18 15:02:42,464 13 loss=0.01687651985411015
2019-01-18 15:02:42,465 14 loss=0.015436205515941295
2019-01-18 15:02:42,465 15 loss=0.01434537144574044
2019-01-18 15:02:42,465 16 loss=0.013507267383608329
2019-01-18 15:02:42,466 17 loss=0.012855329454479347
2019-01-18 15:02:42,466 18 loss=0.012342800911071506
2019-01-18 15:02:42,467 19 loss=0.011936194128025438
2019-01-18 15:02:42,467 20 loss=0.011611091103494791
2019-01-18 15:02:42,467 
*** Major Checkpoint. Computing Stats and Saving
2019-01-18 15:02:42,467 	 Computing Major Stats lazily... 
2019-01-18 15:02:42,467 		 Completed edges=20 good=20 bad=0
2019-01-18 15:02:42,468 Distortion avg=0.1046377847684925 wc=1.2729063040138802 me=1.113398478985496 mc=1.1432621186744607 nan_elements=0
2019-01-18 15:02:42,468 MAP = 1.0
2019-01-18 15:02:42,469 scale=[array([1.])]
2019-01-18 15:02:42,469 *** End Major Checkpoint

2019-01-18 15:02:42,469 21 loss=0.011349394137594612
2019-01-18 15:02:42,469 22 loss=0.011137492013487876
2019-01-18 15:02:42,470 23 loss=0.010965014167966873
2019-01-18 15:02:42,470 24 loss=0.010823968925889315
2019-01-18 15:02:42,471 25 loss=0.010708136846685581
2019-01-18 15:02:42,471 26 loss=0.010612636403324119
2019-01-18 15:02:42,471 27 loss=0.010533608048264243
2019-01-18 15:02:42,472 28 loss=0.010467980971624661
2019-01-18 15:02:42,472 29 loss=0.010413298564591496
2019-01-18 15:02:42,473 30 loss=0.010367586214477186
2019-01-18 15:02:42,473 
*** Major Checkpoint. Computing Stats and Saving
2019-01-18 15:02:42,473 	 Computing Major Stats lazily... 
2019-01-18 15:02:42,473 		 Completed edges=20 good=20 bad=0
2019-01-18 15:02:42,474 Distortion avg=0.10059075935082898 wc=1.2440103187771545 me=1.1125305440457547 mc=1.1181808224817533 nan_elements=0
2019-01-18 15:02:42,474 MAP = 1.0
2019-01-18 15:02:42,474 scale=[array([1.])]
2019-01-18 15:02:42,474 *** End Major Checkpoint

2019-01-18 15:02:42,475 31 loss=0.010329250078027262
2019-01-18 15:02:42,475 32 loss=0.010296998837271823
2019-01-18 15:02:42,476 33 loss=0.010269782720813378
2019-01-18 15:02:42,476 34 loss=0.010246745642641969
2019-01-18 15:02:42,476 35 loss=0.010227187407291151
2019-01-18 15:02:42,477 36 loss=0.010210533707948055
2019-01-18 15:02:42,477 37 loss=0.010196312203691637
2019-01-18 15:02:42,478 38 loss=0.010184133370164047
2019-01-18 15:02:42,478 39 loss=0.010173675119559382
2019-01-18 15:02:42,478 40 loss=0.010164670411371568
2019-01-18 15:02:42,479 
*** Major Checkpoint. Computing Stats and Saving
2019-01-18 15:02:42,479 	 Computing Major Stats lazily... 
2019-01-18 15:02:42,479 		 Completed edges=20 good=20 bad=0
2019-01-18 15:02:42,480 Distortion avg=0.10008579644314097 wc=1.2341468644934892 me=1.1123956206209564 mc=1.1094495893507468 nan_elements=0
2019-01-18 15:02:42,480 MAP = 1.0
2019-01-18 15:02:42,480 scale=[array([1.])]
2019-01-18 15:02:42,480 *** End Major Checkpoint

2019-01-18 15:02:42,480 41 loss=0.010156897245919474
2019-01-18 15:02:42,481 42 loss=0.010150170562955826
2019-01-18 15:02:42,481 43 loss=0.01014433566806478
2019-01-18 15:02:42,482 44 loss=0.010139262887520772
2019-01-18 15:02:42,482 45 loss=0.010134843213235137
2019-01-18 15:02:42,482 46 loss=0.010130984747346417
2019-01-18 15:02:42,483 47 loss=0.010127609793880905
2019-01-18 15:02:42,483 48 loss=0.010124652474960633
2019-01-18 15:02:42,484 49 loss=0.010122056772961695
2019-01-18 15:02:42,484 50 loss=0.010119774919135276
2019-01-18 15:02:42,484 
*** Major Checkpoint. Computing Stats and Saving
2019-01-18 15:02:42,484 	 Computing Major Stats lazily... 
2019-01-18 15:02:42,485 		 Completed edges=20 good=20 bad=0
2019-01-18 15:02:42,485 Distortion avg=0.10001538114972722 wc=1.2297122210781037 me=1.1123763187225821 mc=1.105482200924833 nan_elements=0
2019-01-18 15:02:42,485 MAP = 1.0
2019-01-18 15:02:42,486 scale=[array([1.])]
2019-01-18 15:02:42,486 *** End Major Checkpoint

2019-01-18 15:02:42,486 final loss=0.010119774919135276
2019-01-18 15:02:42,486 best loss=0.010119774919135276, distortion=0.10001538114972722, map=1.0, wc_dist=1.2297122210781037
2019-01-18 15:02:42,486 	 Computing Major Stats lazily... 
2019-01-18 15:02:42,486 		 Completed edges=20 good=20 bad=0
2019-01-18 15:02:42,487 Distortion avg=0.10001538114972723 wc=1.2297122210781037 me=1.1123763187225821 mc=1.105482200924833 nan_elements=0
2019-01-18 15:02:42,487 MAP = 1.0
2019-01-18 15:02:42,487 scale=[array([1.])]
