2019-01-18 14:55:31,075 Commandline ['pytorch/pytorch_hyperbolic.py', 'learn', 'data/edges/parsing/ewt/ewt_dev/1047.edges', '--dim', '0', '--hyp', '0', '--edim', '10', '--euc', '1', '--sdim', '0', '--sph', '0', '--log-name', 'ewt_devr2/1047.edges.E10-1.lr1.log', '--batch-size', '65536', '--epochs', '50', '--checkpoint-freq', '10', '-g', '--subsample', '1024', '--learning-rate', '1']
2019-01-18 14:55:31,076 No Model Save selected!
2019-01-18 14:55:31,077 Loaded Graph data/edges/parsing/ewt/ewt_dev/1047.edges with 5 nodes scale=1.0
2019-01-18 14:55:31,077 Building dataset
2019-01-18 14:55:31,077 Subsample: 5 points with scale 1.0 subsample=4
2019-01-18 14:55:31,081 Built Data Sampler
2019-01-18 14:55:31,081 Creating a fresh model warm_start?=None
2019-01-18 14:55:31,081 	 Warmstarting? None None 5
2019-01-18 14:55:31,082 Embedding() torch.Size([5, 10])
2019-01-18 14:55:31,082 relative No Rescale
2019-01-18 14:55:31,082 Constructed model with dim=0 and epochs=0 isnan=False
2019-01-18 14:55:31,082 SGD (
Parameter Group 0
    dampening: 0
    initial_lr: 0.1
    lr: 1.0
    momentum: 0.0
    nesterov: False
    weight_decay: 0

Parameter Group 1
    dampening: 0
    initial_lr: 0.1
    lr: 1.0
    momentum: 0.0
    nesterov: False
    weight_decay: 0

Parameter Group 2
    dampening: 0
    initial_lr: 0.1
    lr: 1.0
    momentum: 0.0
    nesterov: False
    weight_decay: 0

Parameter Group 3
    dampening: 0
    initial_lr: 0.0001
    lr: 0.001
    momentum: 0.0
    nesterov: False
    weight_decay: 0
)
2019-01-18 14:55:31,082 *** Initial Checkpoint. Computing Stats
2019-01-18 14:55:31,082 	 Computing Major Stats lazily... 
2019-01-18 14:55:31,083 		 Completed edges=20 good=20 bad=0
2019-01-18 14:55:31,084 Distortion avg=0.9968641367264157 wc=3.578330819117069 me=0.006118754961534416 mc=584.813551386232 nan_elements=0
2019-01-18 14:55:31,084 MAP = 0.4499999999999999
2019-01-18 14:55:31,085 scale=[array([1.])]
2019-01-18 14:55:31,085 *** End Initial Checkpoint

2019-01-18 14:55:31,143 1 loss=0.9937407836615477
2019-01-18 14:55:31,143 2 loss=0.3502548698552255
2019-01-18 14:55:31,144 3 loss=0.25353207373624115
2019-01-18 14:55:31,144 4 loss=0.20591320177100444
2019-01-18 14:55:31,145 5 loss=0.17025641348274873
2019-01-18 14:55:31,145 6 loss=0.14263678780090766
2019-01-18 14:55:31,146 7 loss=0.1208931219157271
2019-01-18 14:55:31,146 8 loss=0.10328119928353267
2019-01-18 14:55:31,146 9 loss=0.08861055684984263
2019-01-18 14:55:31,147 10 loss=0.07618621718219613
2019-01-18 14:55:31,147 
*** Major Checkpoint. Computing Stats and Saving
2019-01-18 14:55:31,147 	 Computing Major Stats lazily... 
2019-01-18 14:55:31,147 		 Completed edges=20 good=20 bad=0
2019-01-18 14:55:31,148 Distortion avg=0.22615585569882093 wc=2.091214103430073 me=1.183783181347913 mc=1.7665516256523557 nan_elements=0
2019-01-18 14:55:31,148 MAP = 1.0
2019-01-18 14:55:31,149 scale=[array([1.])]
2019-01-18 14:55:31,149 *** End Major Checkpoint

2019-01-18 14:55:31,149 11 loss=0.0656179456707344
2019-01-18 14:55:31,149 12 loss=0.05665082020978539
2019-01-18 14:55:31,150 13 loss=0.04907330669951053
2019-01-18 14:55:31,150 14 loss=0.042687776991581994
2019-01-18 14:55:31,151 15 loss=0.03731028394499363
2019-01-18 14:55:31,151 16 loss=0.03277664828739134
2019-01-18 14:55:31,152 17 loss=0.02894585442408547
2019-01-18 14:55:31,152 18 loss=0.02569976626183416
2019-01-18 14:55:31,152 19 loss=0.022940687270930515
2019-01-18 14:55:31,153 20 loss=0.020588223501681515
2019-01-18 14:55:31,153 
*** Major Checkpoint. Computing Stats and Saving
2019-01-18 14:55:31,153 	 Computing Major Stats lazily... 
2019-01-18 14:55:31,153 		 Completed edges=20 good=20 bad=0
2019-01-18 14:55:31,154 Distortion avg=0.1213187788655519 wc=1.4592658775325396 me=1.1123265418943251 mc=1.3119042138897148 nan_elements=0
2019-01-18 14:55:31,154 MAP = 1.0
2019-01-18 14:55:31,154 scale=[array([1.])]
2019-01-18 14:55:31,154 *** End Major Checkpoint

2019-01-18 14:55:31,155 21 loss=0.01857625234264542
2019-01-18 14:55:31,155 22 loss=0.01685029778956481
2019-01-18 14:55:31,156 23 loss=0.015365359976336914
2019-01-18 14:55:31,156 24 loss=0.014084152632392887
2019-01-18 14:55:31,157 25 loss=0.01297568051896493
2019-01-18 14:55:31,157 26 loss=0.012014092728073408
2019-01-18 14:55:31,158 27 loss=0.011177757753588655
2019-01-18 14:55:31,158 28 loss=0.010448516267397638
2019-01-18 14:55:31,159 29 loss=0.009811076114190218
2019-01-18 14:55:31,159 30 loss=0.009252521097784239
2019-01-18 14:55:31,159 
*** Major Checkpoint. Computing Stats and Saving
2019-01-18 14:55:31,159 	 Computing Major Stats lazily... 
2019-01-18 14:55:31,160 		 Completed edges=20 good=20 bad=0
2019-01-18 14:55:31,161 Distortion avg=0.08574326904439382 wc=1.2922984649187463 me=1.0978631208733967 mc=1.1771034479149534 nan_elements=0
2019-01-18 14:55:31,161 MAP = 1.0
2019-01-18 14:55:31,161 scale=[array([1.])]
2019-01-18 14:55:31,161 *** End Major Checkpoint

2019-01-18 14:55:31,161 31 loss=0.00876191087076919
2019-01-18 14:55:31,162 32 loss=0.008329953871721155
2019-01-18 14:55:31,162 33 loss=0.007948738967911753
2019-01-18 14:55:31,163 34 loss=0.00761151441904097
2019-01-18 14:55:31,163 35 loss=0.007312505120252008
2019-01-18 14:55:31,164 36 loss=0.007046760931312311
2019-01-18 14:55:31,164 37 loss=0.006810030354528519
2019-01-18 14:55:31,165 38 loss=0.006598654969667571
2019-01-18 14:55:31,165 39 loss=0.0064094809367065434
2019-01-18 14:55:31,165 40 loss=0.006239784589706629
2019-01-18 14:55:31,165 
*** Major Checkpoint. Computing Stats and Saving
2019-01-18 14:55:31,166 	 Computing Major Stats lazily... 
2019-01-18 14:55:31,166 		 Completed edges=20 good=20 bad=0
2019-01-18 14:55:31,167 Distortion avg=0.07160178494577357 wc=1.2232426092193134 me=1.0877383457641259 mc=1.1245743187990647 nan_elements=0
2019-01-18 14:55:31,167 MAP = 1.0
2019-01-18 14:55:31,167 scale=[array([1.])]
2019-01-18 14:55:31,167 *** End Major Checkpoint

2019-01-18 14:55:31,167 41 loss=0.006087209709222747
2019-01-18 14:55:31,168 42 loss=0.005949714508974625
2019-01-18 14:55:31,168 43 loss=0.005825526730306781
2019-01-18 14:55:31,169 44 loss=0.005713105524842537
2019-01-18 14:55:31,169 45 loss=0.0056111090368569615
2019-01-18 14:55:31,170 46 loss=0.005518366784000805
2019-01-18 14:55:31,170 47 loss=0.005433856087216525
2019-01-18 14:55:31,170 48 loss=0.005356681925089523
2019-01-18 14:55:31,171 49 loss=0.005286059690010729
2019-01-18 14:55:31,171 50 loss=0.005221300407732677
2019-01-18 14:55:31,171 
*** Major Checkpoint. Computing Stats and Saving
2019-01-18 14:55:31,171 	 Computing Major Stats lazily... 
2019-01-18 14:55:31,172 		 Completed edges=20 good=20 bad=0
2019-01-18 14:55:31,173 Distortion avg=0.06737107650773777 wc=1.191013826972174 me=1.0825353066134393 mc=1.1002078358978373 nan_elements=0
2019-01-18 14:55:31,173 MAP = 1.0
2019-01-18 14:55:31,173 scale=[array([1.])]
2019-01-18 14:55:31,173 *** End Major Checkpoint

2019-01-18 14:55:31,173 final loss=0.005221300407732677
2019-01-18 14:55:31,173 best loss=0.005221300407732677, distortion=0.06737107650773777, map=1.0, wc_dist=1.191013826972174
2019-01-18 14:55:31,173 	 Computing Major Stats lazily... 
2019-01-18 14:55:31,173 		 Completed edges=20 good=20 bad=0
2019-01-18 14:55:31,174 Distortion avg=0.06737107650773778 wc=1.191013826972174 me=1.0825353066134393 mc=1.1002078358978373 nan_elements=0
2019-01-18 14:55:31,174 MAP = 1.0
2019-01-18 14:55:31,175 scale=[array([1.])]
