2019-01-18 14:56:42,505 Commandline ['pytorch/pytorch_hyperbolic.py', 'learn', 'data/edges/parsing/ewt/ewt_dev/1048.edges', '--dim', '0', '--hyp', '0', '--edim', '10', '--euc', '1', '--sdim', '0', '--sph', '0', '--log-name', 'ewt_devr2/1048.edges.E10-1.lr1.log', '--batch-size', '65536', '--epochs', '50', '--checkpoint-freq', '10', '-g', '--subsample', '1024', '--learning-rate', '1']
2019-01-18 14:56:42,505 No Model Save selected!
2019-01-18 14:56:42,507 Loaded Graph data/edges/parsing/ewt/ewt_dev/1048.edges with 12 nodes scale=1.0
2019-01-18 14:56:42,507 Building dataset
2019-01-18 14:56:42,508 Subsample: 12 points with scale 1.0 subsample=11
2019-01-18 14:56:42,518 Built Data Sampler
2019-01-18 14:56:42,518 Creating a fresh model warm_start?=None
2019-01-18 14:56:42,518 	 Warmstarting? None None 12
2019-01-18 14:56:42,518 Embedding() torch.Size([12, 10])
2019-01-18 14:56:42,519 relative No Rescale
2019-01-18 14:56:42,519 Constructed model with dim=0 and epochs=0 isnan=False
2019-01-18 14:56:42,519 SGD (
Parameter Group 0
    dampening: 0
    initial_lr: 0.1
    lr: 1.0
    momentum: 0.0
    nesterov: False
    weight_decay: 0

Parameter Group 1
    dampening: 0
    initial_lr: 0.1
    lr: 1.0
    momentum: 0.0
    nesterov: False
    weight_decay: 0

Parameter Group 2
    dampening: 0
    initial_lr: 0.1
    lr: 1.0
    momentum: 0.0
    nesterov: False
    weight_decay: 0

Parameter Group 3
    dampening: 0
    initial_lr: 0.0001
    lr: 0.001
    momentum: 0.0
    nesterov: False
    weight_decay: 0
)
2019-01-18 14:56:42,519 *** Initial Checkpoint. Computing Stats
2019-01-18 14:56:42,519 	 Computing Major Stats lazily... 
2019-01-18 14:56:42,520 		 Completed edges=132 good=132 bad=0
2019-01-18 14:56:42,522 Distortion avg=0.9979791083142849 wc=10.321552902137167 me=0.005941110731069004 mc=1737.3103059939053 nan_elements=0
2019-01-18 14:56:42,522 MAP = 0.3014117364117364
2019-01-18 14:56:42,523 scale=[array([1.])]
2019-01-18 14:56:42,523 *** End Initial Checkpoint

2019-01-18 14:56:42,581 1 loss=0.9959638807228126
2019-01-18 14:56:42,582 2 loss=0.839566531951183
2019-01-18 14:56:42,582 3 loss=0.7183554332915976
2019-01-18 14:56:42,583 4 loss=0.6280674079316148
2019-01-18 14:56:42,583 5 loss=0.5600200860432648
2019-01-18 14:56:42,584 6 loss=0.5077555979210733
2019-01-18 14:56:42,584 7 loss=0.4667519999981913
2019-01-18 14:56:42,585 8 loss=0.43387600788427344
2019-01-18 14:56:42,585 9 loss=0.40695181500136873
2019-01-18 14:56:42,586 10 loss=0.38445728106662763
2019-01-18 14:56:42,586 
*** Major Checkpoint. Computing Stats and Saving
2019-01-18 14:56:42,586 	 Computing Major Stats lazily... 
2019-01-18 14:56:42,587 		 Completed edges=132 good=132 bad=0
2019-01-18 14:56:42,589 Distortion avg=0.5631716660143447 wc=12.02792458750894 me=1.3214586496968272 mc=9.102006022109295 nan_elements=0
2019-01-18 14:56:42,589 MAP = 0.1623945807279141
2019-01-18 14:56:42,589 scale=[array([1.])]
2019-01-18 14:56:42,589 *** End Major Checkpoint

2019-01-18 14:56:42,590 11 loss=0.36531656112121796
2019-01-18 14:56:42,591 12 loss=0.3487599231846867
2019-01-18 14:56:42,591 13 loss=0.3342290816116016
2019-01-18 14:56:42,592 14 loss=0.3213130705008953
2019-01-18 14:56:42,592 15 loss=0.3097045766099274
2019-01-18 14:56:42,593 16 loss=0.29917001220211714
2019-01-18 14:56:42,593 17 loss=0.28952885787188504
2019-01-18 14:56:42,594 18 loss=0.2806392957038954
2019-01-18 14:56:42,594 19 loss=0.27238813772920756
2019-01-18 14:56:42,595 20 loss=0.2646837061653062
2019-01-18 14:56:42,595 
*** Major Checkpoint. Computing Stats and Saving
2019-01-18 14:56:42,595 	 Computing Major Stats lazily... 
2019-01-18 14:56:42,596 		 Completed edges=132 good=132 bad=0
2019-01-18 14:56:42,598 Distortion avg=0.47585937684453156 wc=8.445644306273008 me=1.5093526462633662 mc=5.595540795043156 nan_elements=0
2019-01-18 14:56:42,598 MAP = 0.2933561808561808
2019-01-18 14:56:42,598 scale=[array([1.])]
2019-01-18 14:56:42,598 *** End Major Checkpoint

2019-01-18 14:56:42,599 21 loss=0.25745075485824853
2019-01-18 14:56:42,599 22 loss=0.25062681069114795
2019-01-18 14:56:42,600 23 loss=0.2441595083966579
2019-01-18 14:56:42,601 24 loss=0.23800462410921405
2019-01-18 14:56:42,601 25 loss=0.23212460298411183
2019-01-18 14:56:42,602 26 loss=0.2264874380234057
2019-01-18 14:56:42,602 27 loss=0.22106579997721867
2019-01-18 14:56:42,603 28 loss=0.2158363479040705
2019-01-18 14:56:42,603 29 loss=0.21077917075889002
2019-01-18 14:56:42,604 30 loss=0.20587732499845496
2019-01-18 14:56:42,604 
*** Major Checkpoint. Computing Stats and Saving
2019-01-18 14:56:42,604 	 Computing Major Stats lazily... 
2019-01-18 14:56:42,605 		 Completed edges=132 good=132 bad=0
2019-01-18 14:56:42,607 Distortion avg=0.40696801070357685 wc=6.7995927408874905 me=1.6137463425490903 mc=4.21354494297213 nan_elements=0
2019-01-18 14:56:42,607 MAP = 0.5539351851851854
2019-01-18 14:56:42,607 scale=[array([1.])]
2019-01-18 14:56:42,607 *** End Major Checkpoint

2019-01-18 14:56:42,607 31 loss=0.2011164435349836
2019-01-18 14:56:42,608 32 loss=0.19648439871740953
2019-01-18 14:56:42,609 33 loss=0.19197100725898625
2019-01-18 14:56:42,609 34 loss=0.1875677687650346
2019-01-18 14:56:42,610 35 loss=0.18326763216312647
2019-01-18 14:56:42,610 36 loss=0.17906478618983795
2019-01-18 14:56:42,611 37 loss=0.17495447134869765
2019-01-18 14:56:42,611 38 loss=0.17093281157288293
2019-01-18 14:56:42,612 39 loss=0.16699666431722607
2019-01-18 14:56:42,612 40 loss=0.16314348805697762
2019-01-18 14:56:42,612 
*** Major Checkpoint. Computing Stats and Saving
2019-01-18 14:56:42,612 	 Computing Major Stats lazily... 
2019-01-18 14:56:42,613 		 Completed edges=132 good=132 bad=0
2019-01-18 14:56:42,615 Distortion avg=0.35165941440307646 wc=5.44628795335435 me=1.5958630035095982 mc=3.4127540655914417 nan_elements=0
2019-01-18 14:56:42,615 MAP = 0.783015873015873
2019-01-18 14:56:42,615 scale=[array([1.])]
2019-01-18 14:56:42,615 *** End Major Checkpoint

2019-01-18 14:56:42,616 41 loss=0.15937122625851846
2019-01-18 14:56:42,617 42 loss=0.15567820686972414
2019-01-18 14:56:42,617 43 loss=0.15206305630337758
2019-01-18 14:56:42,618 44 loss=0.14852462679351539
2019-01-18 14:56:42,618 45 loss=0.14506193591923974
2019-01-18 14:56:42,619 46 loss=0.14167411703112967
2019-01-18 14:56:42,619 47 loss=0.13836037929140216
2019-01-18 14:56:42,620 48 loss=0.13511997605299575
2019-01-18 14:56:42,620 49 loss=0.13195218035227368
2019-01-18 14:56:42,621 50 loss=0.12885626636917322
2019-01-18 14:56:42,621 
*** Major Checkpoint. Computing Stats and Saving
2019-01-18 14:56:42,621 	 Computing Major Stats lazily... 
2019-01-18 14:56:42,622 		 Completed edges=132 good=132 bad=0
2019-01-18 14:56:42,624 Distortion avg=0.30661844406813665 wc=4.39441585636137 me=1.5253608890737869 mc=2.880902406662399 nan_elements=0
2019-01-18 14:56:42,624 MAP = 0.9722222222222222
2019-01-18 14:56:42,624 scale=[array([1.])]
2019-01-18 14:56:42,624 *** End Major Checkpoint

2019-01-18 14:56:42,624 final loss=0.12885626636917322
2019-01-18 14:56:42,624 best loss=0.12885626636917322, distortion=0.30661844406813665, map=0.9722222222222222, wc_dist=4.39441585636137
2019-01-18 14:56:42,624 	 Computing Major Stats lazily... 
2019-01-18 14:56:42,625 		 Completed edges=132 good=132 bad=0
2019-01-18 14:56:42,627 Distortion avg=0.30661844406813643 wc=4.39441585636137 me=1.5253608890737869 mc=2.880902406662399 nan_elements=0
2019-01-18 14:56:42,627 MAP = 0.9722222222222222
2019-01-18 14:56:42,627 scale=[array([1.])]
