2019-01-18 14:45:47,258 Commandline ['pytorch/pytorch_hyperbolic.py', 'learn', 'data/edges/parsing/ewt/ewt_dev/105.edges', '--dim', '0', '--hyp', '0', '--edim', '10', '--euc', '1', '--sdim', '0', '--sph', '0', '--log-name', 'ewt_devr2/105.edges.E10-1.lr1.log', '--batch-size', '65536', '--epochs', '50', '--checkpoint-freq', '10', '-g', '--subsample', '1024', '--learning-rate', '1']
2019-01-18 14:45:47,258 No Model Save selected!
2019-01-18 14:45:47,260 Loaded Graph data/edges/parsing/ewt/ewt_dev/105.edges with 13 nodes scale=1.0
2019-01-18 14:45:47,260 Building dataset
2019-01-18 14:45:47,261 Subsample: 13 points with scale 1.0 subsample=12
2019-01-18 14:45:47,273 Built Data Sampler
2019-01-18 14:45:47,273 Creating a fresh model warm_start?=None
2019-01-18 14:45:47,273 	 Warmstarting? None None 13
2019-01-18 14:45:47,273 Embedding() torch.Size([13, 10])
2019-01-18 14:45:47,273 relative No Rescale
2019-01-18 14:45:47,274 Constructed model with dim=0 and epochs=0 isnan=False
2019-01-18 14:45:47,274 SGD (
Parameter Group 0
    dampening: 0
    initial_lr: 0.1
    lr: 1.0
    momentum: 0.0
    nesterov: False
    weight_decay: 0

Parameter Group 1
    dampening: 0
    initial_lr: 0.1
    lr: 1.0
    momentum: 0.0
    nesterov: False
    weight_decay: 0

Parameter Group 2
    dampening: 0
    initial_lr: 0.1
    lr: 1.0
    momentum: 0.0
    nesterov: False
    weight_decay: 0

Parameter Group 3
    dampening: 0
    initial_lr: 0.0001
    lr: 0.001
    momentum: 0.0
    nesterov: False
    weight_decay: 0
)
2019-01-18 14:45:47,274 *** Initial Checkpoint. Computing Stats
2019-01-18 14:45:47,274 	 Computing Major Stats lazily... 
2019-01-18 14:45:47,276 		 Completed edges=156 good=156 bad=0
2019-01-18 14:45:47,278 Distortion avg=0.9978383388324906 wc=7.8286259915973515 me=0.005982886981094694 mc=1308.5030715664532 nan_elements=0
2019-01-18 14:45:47,278 MAP = 0.22034965034965032
2019-01-18 14:45:47,279 scale=[array([1.])]
2019-01-18 14:45:47,279 *** End Initial Checkpoint

2019-01-18 14:45:47,338 1 loss=0.9956827084002012
2019-01-18 14:45:47,338 2 loss=0.8325696110022428
2019-01-18 14:45:47,339 3 loss=0.7074200115481516
2019-01-18 14:45:47,340 4 loss=0.6140331898284129
2019-01-18 14:45:47,340 5 loss=0.5424974684112
2019-01-18 14:45:47,341 6 loss=0.4860704082692639
2019-01-18 14:45:47,342 7 loss=0.44032216560539045
2019-01-18 14:45:47,342 8 loss=0.4023337030907636
2019-01-18 14:45:47,343 9 loss=0.37015455208215287
2019-01-18 14:45:47,343 10 loss=0.3424552595018402
2019-01-18 14:45:47,343 
*** Major Checkpoint. Computing Stats and Saving
2019-01-18 14:45:47,343 	 Computing Major Stats lazily... 
2019-01-18 14:45:47,344 		 Completed edges=156 good=156 bad=0
2019-01-18 14:45:47,346 Distortion avg=0.5306709665826405 wc=9.238248232530458 me=1.360300755366757 mc=6.7913277237280445 nan_elements=0
2019-01-18 14:45:47,346 MAP = 0.156174777603349
2019-01-18 14:45:47,347 scale=[array([1.])]
2019-01-18 14:45:47,347 *** End Major Checkpoint

2019-01-18 14:45:47,347 11 loss=0.3183076432880198
2019-01-18 14:45:47,348 12 loss=0.29704601635752337
2019-01-18 14:45:47,348 13 loss=0.27817913814049977
2019-01-18 14:45:47,349 14 loss=0.2613338958191058
2019-01-18 14:45:47,350 15 loss=0.24621889724325882
2019-01-18 14:45:47,350 16 loss=0.23260063909039325
2019-01-18 14:45:47,351 17 loss=0.22028768533675366
2019-01-18 14:45:47,351 18 loss=0.20912000032631772
2019-01-18 14:45:47,352 19 loss=0.198961636065109
2019-01-18 14:45:47,353 20 loss=0.1896956276745674
2019-01-18 14:45:47,353 
*** Major Checkpoint. Computing Stats and Saving
2019-01-18 14:45:47,353 	 Computing Major Stats lazily... 
2019-01-18 14:45:47,354 		 Completed edges=156 good=156 bad=0
2019-01-18 14:45:47,356 Distortion avg=0.39689703035801416 wc=6.677340698711626 me=1.5095138700568114 mc=4.423504037402664 nan_elements=0
2019-01-18 14:45:47,356 MAP = 0.43007952365095226
2019-01-18 14:45:47,356 scale=[array([1.])]
2019-01-18 14:45:47,356 *** End Major Checkpoint

2019-01-18 14:45:47,357 21 loss=0.18122035932682315
2019-01-18 14:45:47,358 22 loss=0.1734469201995905
2019-01-18 14:45:47,358 23 loss=0.16629713380278927
2019-01-18 14:45:47,359 24 loss=0.15970204970032853
2019-01-18 14:45:47,360 25 loss=0.15360075576363622
2019-01-18 14:45:47,360 26 loss=0.14793941493863488
2019-01-18 14:45:47,361 27 loss=0.14267046133449066
2019-01-18 14:45:47,361 28 loss=0.13775191142258789
2019-01-18 14:45:47,362 29 loss=0.13314676054664326
2019-01-18 14:45:47,362 30 loss=0.12882244489349878
2019-01-18 14:45:47,362 
*** Major Checkpoint. Computing Stats and Saving
2019-01-18 14:45:47,362 	 Computing Major Stats lazily... 
2019-01-18 14:45:47,363 		 Completed edges=156 good=156 bad=0
2019-01-18 14:45:47,365 Distortion avg=0.31347430960929934 wc=5.851334254768085 me=1.644668478511137 mc=3.5577591053882793 nan_elements=0
2019-01-18 14:45:47,366 MAP = 0.7100156985871272
2019-01-18 14:45:47,366 scale=[array([1.])]
2019-01-18 14:45:47,366 *** End Major Checkpoint

2019-01-18 14:45:47,366 31 loss=0.12475035592767096
2019-01-18 14:45:47,367 32 loss=0.12090539895816861
2019-01-18 14:45:47,368 33 loss=0.11726559060022088
2019-01-18 14:45:47,368 34 loss=0.11381169185211164
2019-01-18 14:45:47,369 35 loss=0.11052687464774091
2019-01-18 14:45:47,369 36 loss=0.10739642031290333
2019-01-18 14:45:47,370 37 loss=0.1044074485385767
2019-01-18 14:45:47,370 38 loss=0.10154867543751189
2019-01-18 14:45:47,371 39 loss=0.09881019908572936
2019-01-18 14:45:47,371 40 loss=0.0961833107516005
2019-01-18 14:45:47,371 
*** Major Checkpoint. Computing Stats and Saving
2019-01-18 14:45:47,372 	 Computing Major Stats lazily... 
2019-01-18 14:45:47,372 		 Completed edges=156 good=156 bad=0
2019-01-18 14:45:47,375 Distortion avg=0.26085031240517814 wc=4.98882222592671 me=1.648857554199753 mc=3.0256235374728635 nan_elements=0
2019-01-18 14:45:47,375 MAP = 0.9096938775510205
2019-01-18 14:45:47,375 scale=[array([1.])]
2019-01-18 14:45:47,375 *** End Major Checkpoint

2019-01-18 14:45:47,376 41 loss=0.0936603298379127
2019-01-18 14:45:47,376 42 loss=0.09123446043920798
2019-01-18 14:45:47,377 43 loss=0.08889966736170885
2019-01-18 14:45:47,378 44 loss=0.08665056946673634
2019-01-18 14:45:47,378 45 loss=0.08448234827233907
2019-01-18 14:45:47,379 46 loss=0.08239066986886637
2019-01-18 14:45:47,379 47 loss=0.0803716183578884
2019-01-18 14:45:47,380 48 loss=0.07842163919631807
2019-01-18 14:45:47,380 49 loss=0.0765374910069305
2019-01-18 14:45:47,381 50 loss=0.07471620459337726
2019-01-18 14:45:47,381 
*** Major Checkpoint. Computing Stats and Saving
2019-01-18 14:45:47,381 	 Computing Major Stats lazily... 
2019-01-18 14:45:47,382 		 Completed edges=156 good=156 bad=0
2019-01-18 14:45:47,384 Distortion avg=0.2240713750065103 wc=4.176972820146321 me=1.5892596771431715 mc=2.628250675594301 nan_elements=0
2019-01-18 14:45:47,384 MAP = 0.9230769230769231
2019-01-18 14:45:47,384 scale=[array([1.])]
2019-01-18 14:45:47,385 *** End Major Checkpoint

2019-01-18 14:45:47,385 final loss=0.07471620459337726
2019-01-18 14:45:47,385 best loss=0.07471620459337726, distortion=0.2240713750065103, map=0.9230769230769231, wc_dist=4.176972820146321
2019-01-18 14:45:47,385 	 Computing Major Stats lazily... 
2019-01-18 14:45:47,386 		 Completed edges=156 good=156 bad=0
2019-01-18 14:45:47,388 Distortion avg=0.2240713750065103 wc=4.176972820146321 me=1.5892596771431715 mc=2.628250675594301 nan_elements=0
2019-01-18 14:45:47,388 MAP = 0.9230769230769231
2019-01-18 14:45:47,388 scale=[array([1.])]
