2019-01-18 15:04:33,165 Commandline ['pytorch/pytorch_hyperbolic.py', 'learn', 'data/edges/parsing/ewt/ewt_dev/1051.edges', '--dim', '0', '--hyp', '0', '--edim', '10', '--euc', '1', '--sdim', '0', '--sph', '0', '--log-name', 'ewt_devr2/1051.edges.E10-1.lr1.log', '--batch-size', '65536', '--epochs', '50', '--checkpoint-freq', '10', '-g', '--subsample', '1024', '--learning-rate', '1']
2019-01-18 15:04:33,165 No Model Save selected!
2019-01-18 15:04:33,166 Loaded Graph data/edges/parsing/ewt/ewt_dev/1051.edges with 5 nodes scale=1.0
2019-01-18 15:04:33,166 Building dataset
2019-01-18 15:04:33,167 Subsample: 5 points with scale 1.0 subsample=4
2019-01-18 15:04:33,170 Built Data Sampler
2019-01-18 15:04:33,171 Creating a fresh model warm_start?=None
2019-01-18 15:04:33,171 	 Warmstarting? None None 5
2019-01-18 15:04:33,171 Embedding() torch.Size([5, 10])
2019-01-18 15:04:33,171 relative No Rescale
2019-01-18 15:04:33,171 Constructed model with dim=0 and epochs=0 isnan=False
2019-01-18 15:04:33,172 SGD (
Parameter Group 0
    dampening: 0
    initial_lr: 0.1
    lr: 1.0
    momentum: 0.0
    nesterov: False
    weight_decay: 0

Parameter Group 1
    dampening: 0
    initial_lr: 0.1
    lr: 1.0
    momentum: 0.0
    nesterov: False
    weight_decay: 0

Parameter Group 2
    dampening: 0
    initial_lr: 0.1
    lr: 1.0
    momentum: 0.0
    nesterov: False
    weight_decay: 0

Parameter Group 3
    dampening: 0
    initial_lr: 0.0001
    lr: 0.001
    momentum: 0.0
    nesterov: False
    weight_decay: 0
)
2019-01-18 15:04:33,172 *** Initial Checkpoint. Computing Stats
2019-01-18 15:04:33,172 	 Computing Major Stats lazily... 
2019-01-18 15:04:33,172 		 Completed edges=20 good=20 bad=0
2019-01-18 15:04:33,173 Distortion avg=0.9970648577989538 wc=4.7900427106326955 me=0.005628252251848828 mc=851.0710778926463 nan_elements=0
2019-01-18 15:04:33,173 MAP = 0.7
2019-01-18 15:04:33,174 scale=[array([1.])]
2019-01-18 15:04:33,174 *** End Initial Checkpoint

2019-01-18 15:04:33,233 1 loss=0.9941405603922423
2019-01-18 15:04:33,234 2 loss=0.3845839672534052
2019-01-18 15:04:33,234 3 loss=0.2741811088990345
2019-01-18 15:04:33,235 4 loss=0.23603090945578148
2019-01-18 15:04:33,235 5 loss=0.20924279156035866
2019-01-18 15:04:33,235 6 loss=0.18648554401582437
2019-01-18 15:04:33,236 7 loss=0.1662218920579452
2019-01-18 15:04:33,236 8 loss=0.14787105959563604
2019-01-18 15:04:33,237 9 loss=0.13120047989787426
2019-01-18 15:04:33,237 10 loss=0.11613362310509123
2019-01-18 15:04:33,237 
*** Major Checkpoint. Computing Stats and Saving
2019-01-18 15:04:33,237 	 Computing Major Stats lazily... 
2019-01-18 15:04:33,238 		 Completed edges=20 good=20 bad=0
2019-01-18 15:04:33,239 Distortion avg=0.2801762561279209 wc=2.9090556154689415 me=1.189866444316436 mc=2.44485894140847 nan_elements=0
2019-01-18 15:04:33,239 MAP = 1.0
2019-01-18 15:04:33,239 scale=[array([1.])]
2019-01-18 15:04:33,239 *** End Major Checkpoint

2019-01-18 15:04:33,239 11 loss=0.10263431976206816
2019-01-18 15:04:33,240 12 loss=0.0906483131601787
2019-01-18 15:04:33,240 13 loss=0.08008738812150765
2019-01-18 15:04:33,241 14 loss=0.07083542961049177
2019-01-18 15:04:33,241 15 loss=0.06276110735762082
2019-01-18 15:04:33,242 16 loss=0.05572961913181351
2019-01-18 15:04:33,242 17 loss=0.04961107948355388
2019-01-18 15:04:33,242 18 loss=0.04428552256823704
2019-01-18 15:04:33,243 19 loss=0.039645275582009656
2019-01-18 15:04:33,243 20 loss=0.03559555742196259
2019-01-18 15:04:33,243 
*** Major Checkpoint. Computing Stats and Saving
2019-01-18 15:04:33,243 	 Computing Major Stats lazily... 
2019-01-18 15:04:33,244 		 Completed edges=20 good=20 bad=0
2019-01-18 15:04:33,245 Distortion avg=0.1499519133906608 wc=1.7723134772393427 me=1.1015541529667014 mc=1.6089208800730812 nan_elements=0
2019-01-18 15:04:33,245 MAP = 1.0
2019-01-18 15:04:33,245 scale=[array([1.])]
2019-01-18 15:04:33,245 *** End Major Checkpoint

2019-01-18 15:04:33,245 21 loss=0.032054011635894566
2019-01-18 15:04:33,246 22 loss=0.028949682038641594
2019-01-18 15:04:33,246 23 loss=0.026221759320037924
2019-01-18 15:04:33,247 24 loss=0.023818292032610967
2019-01-18 15:04:33,247 25 loss=0.021694965221065295
2019-01-18 15:04:33,247 26 loss=0.01981399462291724
2019-01-18 15:04:33,248 27 loss=0.018143152611660402
2019-01-18 15:04:33,248 28 loss=0.01665492496344404
2019-01-18 15:04:33,249 29 loss=0.015325789074369942
2019-01-18 15:04:33,249 30 loss=0.01413560069371413
2019-01-18 15:04:33,249 
*** Major Checkpoint. Computing Stats and Saving
2019-01-18 15:04:33,249 	 Computing Major Stats lazily... 
2019-01-18 15:04:33,250 		 Completed edges=20 good=20 bad=0
2019-01-18 15:04:33,250 Distortion avg=0.09208905254329039 wc=1.449282363247713 me=1.0778715042564537 mc=1.3445780480554304 nan_elements=0
2019-01-18 15:04:33,251 MAP = 1.0
2019-01-18 15:04:33,251 scale=[array([1.])]
2019-01-18 15:04:33,251 *** End Major Checkpoint

2019-01-18 15:04:33,251 31 loss=0.013067075350153248
2019-01-18 15:04:33,252 32 loss=0.012105351150705546
2019-01-18 15:04:33,252 33 loss=0.011237620795178914
2019-01-18 15:04:33,253 34 loss=0.010452822063674556
2019-01-18 15:04:33,253 35 loss=0.009741377479094787
2019-01-18 15:04:33,253 36 loss=0.009094975206781984
2019-01-18 15:04:33,254 37 loss=0.008506384477604604
2019-01-18 15:04:33,254 38 loss=0.00796929989215211
2019-01-18 15:04:33,255 39 loss=0.00747820988421552
2019-01-18 15:04:33,255 40 loss=0.007028285402864863
2019-01-18 15:04:33,255 
*** Major Checkpoint. Computing Stats and Saving
2019-01-18 15:04:33,255 	 Computing Major Stats lazily... 
2019-01-18 15:04:33,255 		 Completed edges=20 good=20 bad=0
2019-01-18 15:04:33,256 Distortion avg=0.06348673769437618 wc=1.3046965833052633 me=1.0608462449975524 mc=1.2298639783640593 nan_elements=0
2019-01-18 15:04:33,256 MAP = 1.0
2019-01-18 15:04:33,256 scale=[array([1.])]
2019-01-18 15:04:33,257 *** End Major Checkpoint

2019-01-18 15:04:33,257 41 loss=0.0066152855296481945
2019-01-18 15:04:33,257 42 loss=0.006235477297144522
2019-01-18 15:04:33,258 43 loss=0.005885567433067627
2019-01-18 15:04:33,258 44 loss=0.005562644134664526
2019-01-18 15:04:33,259 45 loss=0.005264127293881497
2019-01-18 15:04:33,259 46 loss=0.004987725855521914
2019-01-18 15:04:33,259 47 loss=0.0047314012075886595
2019-01-18 15:04:33,260 48 loss=0.0044933356829066065
2019-01-18 15:04:33,260 49 loss=0.004271905400389619
2019-01-18 15:04:33,261 50 loss=0.00406565679828776
2019-01-18 15:04:33,261 
*** Major Checkpoint. Computing Stats and Saving
2019-01-18 15:04:33,261 	 Computing Major Stats lazily... 
2019-01-18 15:04:33,261 		 Completed edges=20 good=20 bad=0
2019-01-18 15:04:33,262 Distortion avg=0.04740681925797321 wc=1.2265229884802173 me=1.0491432778348888 mc=1.169071007166329 nan_elements=0
2019-01-18 15:04:33,262 MAP = 1.0
2019-01-18 15:04:33,262 scale=[array([1.])]
2019-01-18 15:04:33,262 *** End Major Checkpoint

2019-01-18 15:04:33,262 final loss=0.00406565679828776
2019-01-18 15:04:33,262 best loss=0.00406565679828776, distortion=0.04740681925797321, map=1.0, wc_dist=1.2265229884802173
2019-01-18 15:04:33,262 	 Computing Major Stats lazily... 
2019-01-18 15:04:33,263 		 Completed edges=20 good=20 bad=0
2019-01-18 15:04:33,263 Distortion avg=0.0474068192579732 wc=1.2265229884802173 me=1.0491432778348888 mc=1.169071007166329 nan_elements=0
2019-01-18 15:04:33,264 MAP = 1.0
2019-01-18 15:04:33,264 scale=[array([1.])]
