2019-01-18 14:42:59,620 Commandline ['pytorch/pytorch_hyperbolic.py', 'learn', 'data/edges/parsing/ewt/ewt_dev/1058.edges', '--dim', '0', '--hyp', '0', '--edim', '10', '--euc', '1', '--sdim', '0', '--sph', '0', '--log-name', 'ewt_devr2/1058.edges.E10-1.lr1.log', '--batch-size', '65536', '--epochs', '50', '-g', '--subsample', '1024', '--learning-rate', '1']
2019-01-18 14:42:59,620 No Model Save selected!
2019-01-18 14:42:59,622 Loaded Graph data/edges/parsing/ewt/ewt_dev/1058.edges with 9 nodes scale=1.0
2019-01-18 14:42:59,622 Building dataset
2019-01-18 14:42:59,622 Subsample: 9 points with scale 1.0 subsample=8
2019-01-18 14:42:59,630 Built Data Sampler
2019-01-18 14:42:59,630 Creating a fresh model warm_start?=None
2019-01-18 14:42:59,630 	 Warmstarting? None None 9
2019-01-18 14:42:59,630 Embedding() torch.Size([9, 10])
2019-01-18 14:42:59,630 relative No Rescale
2019-01-18 14:42:59,631 Constructed model with dim=0 and epochs=0 isnan=False
2019-01-18 14:42:59,631 SGD (
Parameter Group 0
    dampening: 0
    initial_lr: 0.1
    lr: 1.0
    momentum: 0.0
    nesterov: False
    weight_decay: 0

Parameter Group 1
    dampening: 0
    initial_lr: 0.1
    lr: 1.0
    momentum: 0.0
    nesterov: False
    weight_decay: 0

Parameter Group 2
    dampening: 0
    initial_lr: 0.1
    lr: 1.0
    momentum: 0.0
    nesterov: False
    weight_decay: 0

Parameter Group 3
    dampening: 0
    initial_lr: 0.0001
    lr: 0.001
    momentum: 0.0
    nesterov: False
    weight_decay: 0
)
2019-01-18 14:42:59,631 *** Initial Checkpoint. Computing Stats
2019-01-18 14:42:59,631 	 Computing Major Stats lazily... 
2019-01-18 14:42:59,632 		 Completed edges=72 good=72 bad=0
2019-01-18 14:42:59,634 Distortion avg=0.9975031906761286 wc=6.107758685830531 me=0.005941110731069004 mc=1028.0499661267113 nan_elements=0
2019-01-18 14:42:59,634 MAP = 0.29803350970017634
2019-01-18 14:42:59,634 scale=[array([1.])]
2019-01-18 14:42:59,634 *** End Initial Checkpoint

2019-01-18 14:42:59,692 1 loss=0.9950144720606673
2019-01-18 14:42:59,693 2 loss=0.7167043100094225
2019-01-18 14:42:59,694 3 loss=0.5501571876084003
2019-01-18 14:42:59,694 4 loss=0.451697318177637
2019-01-18 14:42:59,695 5 loss=0.38846237835471314
2019-01-18 14:42:59,695 6 loss=0.3442412374151602
2019-01-18 14:42:59,696 7 loss=0.31103627965414676
2019-01-18 14:42:59,696 8 loss=0.2847411857898562
2019-01-18 14:42:59,697 9 loss=0.2631252214716906
2019-01-18 14:42:59,697 10 loss=0.24489251150155575
2019-01-18 14:42:59,698 11 loss=0.22923279133029784
2019-01-18 14:42:59,698 12 loss=0.21560025507531927
2019-01-18 14:42:59,699 13 loss=0.2036012413647722
2019-01-18 14:42:59,699 14 loss=0.1929355104871654
2019-01-18 14:42:59,700 15 loss=0.18336467534222428
2019-01-18 14:42:59,700 16 loss=0.1746946825287012
2019-01-18 14:42:59,701 17 loss=0.16676564363752397
2019-01-18 14:42:59,702 18 loss=0.15944551657225092
2019-01-18 14:42:59,702 19 loss=0.15262579283690814
2019-01-18 14:42:59,703 20 loss=0.14621822563588
2019-01-18 14:42:59,703 21 loss=0.14015210564665778
2019-01-18 14:42:59,704 22 loss=0.13437184430275104
2019-01-18 14:42:59,704 23 loss=0.12883475775830153
2019-01-18 14:42:59,705 24 loss=0.12350901255692964
2019-01-18 14:42:59,705 25 loss=0.11837172633906697
2019-01-18 14:42:59,706 26 loss=0.11340723027172867
2019-01-18 14:42:59,706 27 loss=0.10860550336117283
2019-01-18 14:42:59,707 28 loss=0.10396078731017358
2019-01-18 14:42:59,707 29 loss=0.09947038670576784
2019-01-18 14:42:59,708 30 loss=0.09513365445938854
2019-01-18 14:42:59,708 31 loss=0.09095115736312602
2019-01-18 14:42:59,709 32 loss=0.0869240118895602
2019-01-18 14:42:59,709 33 loss=0.08305337632147597
2019-01-18 14:42:59,710 34 loss=0.07934008221673836
2019-01-18 14:42:59,710 35 loss=0.07578438624322653
2019-01-18 14:42:59,711 36 loss=0.07238582258755988
2019-01-18 14:42:59,711 37 loss=0.0691431363643794
2019-01-18 14:42:59,712 38 loss=0.06605427955767346
2019-01-18 14:42:59,712 39 loss=0.0631164527882885
2019-01-18 14:42:59,713 40 loss=0.06032617838405127
2019-01-18 14:42:59,713 41 loss=0.05767939260807658
2019-01-18 14:42:59,714 42 loss=0.05517154728937917
2019-01-18 14:42:59,714 43 loss=0.052797713355255356
2019-01-18 14:42:59,715 44 loss=0.050552680790527736
2019-01-18 14:42:59,715 45 loss=0.048431051289837414
2019-01-18 14:42:59,716 46 loss=0.046427321305211114
2019-01-18 14:42:59,716 47 loss=0.0445359543274905
2019-01-18 14:42:59,717 48 loss=0.042751442100016114
2019-01-18 14:42:59,717 49 loss=0.04106835508002661
2019-01-18 14:42:59,718 50 loss=0.03948138287638897
2019-01-18 14:42:59,718 final loss=0.03948138287638897
2019-01-18 14:42:59,718 best loss=10000000000.0, distortion=10000000000.0, map=0.0, wc_dist=10000000000.0
2019-01-18 14:42:59,718 	 Computing Major Stats lazily... 
2019-01-18 14:42:59,719 		 Completed edges=72 good=72 bad=0
2019-01-18 14:42:59,720 Distortion avg=0.1697770358057783 wc=1.952765101487528 me=1.2335915323014945 mc=1.582991655142348 nan_elements=0
2019-01-18 14:42:59,720 MAP = 1.0
2019-01-18 14:42:59,720 scale=[array([1.])]
2019-01-18 15:06:04,967 Commandline ['pytorch/pytorch_hyperbolic.py', 'learn', 'data/edges/parsing/ewt/ewt_dev/1058.edges', '--dim', '0', '--hyp', '0', '--edim', '10', '--euc', '1', '--sdim', '0', '--sph', '0', '--log-name', 'ewt_devr2/1058.edges.E10-1.lr1.log', '--batch-size', '65536', '--epochs', '50', '--checkpoint-freq', '10', '-g', '--subsample', '1024', '--learning-rate', '1']
2019-01-18 15:06:04,968 No Model Save selected!
2019-01-18 15:06:04,969 Loaded Graph data/edges/parsing/ewt/ewt_dev/1058.edges with 9 nodes scale=1.0
2019-01-18 15:06:04,970 Building dataset
2019-01-18 15:06:04,970 Subsample: 9 points with scale 1.0 subsample=8
2019-01-18 15:06:04,977 Built Data Sampler
2019-01-18 15:06:04,977 Creating a fresh model warm_start?=None
2019-01-18 15:06:04,977 	 Warmstarting? None None 9
2019-01-18 15:06:04,978 Embedding() torch.Size([9, 10])
2019-01-18 15:06:04,978 relative No Rescale
2019-01-18 15:06:04,978 Constructed model with dim=0 and epochs=0 isnan=False
2019-01-18 15:06:04,978 SGD (
Parameter Group 0
    dampening: 0
    initial_lr: 0.1
    lr: 1.0
    momentum: 0.0
    nesterov: False
    weight_decay: 0

Parameter Group 1
    dampening: 0
    initial_lr: 0.1
    lr: 1.0
    momentum: 0.0
    nesterov: False
    weight_decay: 0

Parameter Group 2
    dampening: 0
    initial_lr: 0.1
    lr: 1.0
    momentum: 0.0
    nesterov: False
    weight_decay: 0

Parameter Group 3
    dampening: 0
    initial_lr: 0.0001
    lr: 0.001
    momentum: 0.0
    nesterov: False
    weight_decay: 0
)
2019-01-18 15:06:04,978 *** Initial Checkpoint. Computing Stats
2019-01-18 15:06:04,978 	 Computing Major Stats lazily... 
2019-01-18 15:06:04,979 		 Completed edges=72 good=72 bad=0
2019-01-18 15:06:04,981 Distortion avg=0.9975031906761286 wc=6.107758685830531 me=0.005941110731069004 mc=1028.0499661267113 nan_elements=0
2019-01-18 15:06:04,981 MAP = 0.29803350970017634
2019-01-18 15:06:04,981 scale=[array([1.])]
2019-01-18 15:06:04,981 *** End Initial Checkpoint

2019-01-18 15:06:05,040 1 loss=0.9950144720606673
2019-01-18 15:06:05,040 2 loss=0.7167043100094225
2019-01-18 15:06:05,041 3 loss=0.5501571876084003
2019-01-18 15:06:05,041 4 loss=0.451697318177637
2019-01-18 15:06:05,042 5 loss=0.38846237835471314
2019-01-18 15:06:05,042 6 loss=0.3442412374151602
2019-01-18 15:06:05,043 7 loss=0.31103627965414676
2019-01-18 15:06:05,043 8 loss=0.2847411857898562
2019-01-18 15:06:05,044 9 loss=0.2631252214716906
2019-01-18 15:06:05,044 10 loss=0.24489251150155575
2019-01-18 15:06:05,044 
*** Major Checkpoint. Computing Stats and Saving
2019-01-18 15:06:05,044 	 Computing Major Stats lazily... 
2019-01-18 15:06:05,045 		 Completed edges=72 good=72 bad=0
2019-01-18 15:06:05,046 Distortion avg=0.44626814881254667 wc=4.804375287488997 me=1.3829265236900559 mc=3.474064026676925 nan_elements=0
2019-01-18 15:06:05,046 MAP = 0.2977689594356261
2019-01-18 15:06:05,047 scale=[array([1.])]
2019-01-18 15:06:05,047 *** End Major Checkpoint

2019-01-18 15:06:05,047 11 loss=0.22923279133029784
2019-01-18 15:06:05,048 12 loss=0.21560025507531924
2019-01-18 15:06:05,048 13 loss=0.2036012413647722
2019-01-18 15:06:05,048 14 loss=0.1929355104871654
2019-01-18 15:06:05,049 15 loss=0.1833646753422243
2019-01-18 15:06:05,049 16 loss=0.17469468252870118
2019-01-18 15:06:05,050 17 loss=0.166765643637524
2019-01-18 15:06:05,051 18 loss=0.159445516572251
2019-01-18 15:06:05,051 19 loss=0.15262579283690814
2019-01-18 15:06:05,051 20 loss=0.14621822563587997
2019-01-18 15:06:05,052 
*** Major Checkpoint. Computing Stats and Saving
2019-01-18 15:06:05,052 	 Computing Major Stats lazily... 
2019-01-18 15:06:05,052 		 Completed edges=72 good=72 bad=0
2019-01-18 15:06:05,054 Distortion avg=0.33739139346669345 wc=3.637736197776529 me=1.4752617931731333 mc=2.4658241775191234 nan_elements=0
2019-01-18 15:06:05,054 MAP = 0.6675485008818343
2019-01-18 15:06:05,054 scale=[array([1.])]
2019-01-18 15:06:05,054 *** End Major Checkpoint

2019-01-18 15:06:05,055 21 loss=0.1401521056466578
2019-01-18 15:06:05,055 22 loss=0.13437184430275106
2019-01-18 15:06:05,056 23 loss=0.12883475775830153
2019-01-18 15:06:05,056 24 loss=0.12350901255692959
2019-01-18 15:06:05,057 25 loss=0.11837172633906695
2019-01-18 15:06:05,057 26 loss=0.11340723027172867
2019-01-18 15:06:05,058 27 loss=0.10860550336117285
2019-01-18 15:06:05,058 28 loss=0.10396078731017355
2019-01-18 15:06:05,059 29 loss=0.09947038670576783
2019-01-18 15:06:05,059 30 loss=0.09513365445938853
2019-01-18 15:06:05,059 
*** Major Checkpoint. Computing Stats and Saving
2019-01-18 15:06:05,059 	 Computing Major Stats lazily... 
2019-01-18 15:06:05,060 		 Completed edges=72 good=72 bad=0
2019-01-18 15:06:05,061 Distortion avg=0.2660393542235732 wc=2.8300673110041665 me=1.391474329353536 mc=2.033862394226838 nan_elements=0
2019-01-18 15:06:05,061 MAP = 0.9166666666666666
2019-01-18 15:06:05,062 scale=[array([1.])]
2019-01-18 15:06:05,062 *** End Major Checkpoint

2019-01-18 15:06:05,062 31 loss=0.09095115736312602
2019-01-18 15:06:05,063 32 loss=0.0869240118895602
2019-01-18 15:06:05,063 33 loss=0.08305337632147597
2019-01-18 15:06:05,064 34 loss=0.07934008221673834
2019-01-18 15:06:05,064 35 loss=0.07578438624322653
2019-01-18 15:06:05,065 36 loss=0.07238582258755992
2019-01-18 15:06:05,065 37 loss=0.06914313636437938
2019-01-18 15:06:05,066 38 loss=0.06605427955767344
2019-01-18 15:06:05,066 39 loss=0.06311645278828851
2019-01-18 15:06:05,067 40 loss=0.0603261783840513
2019-01-18 15:06:05,067 
*** Major Checkpoint. Computing Stats and Saving
2019-01-18 15:06:05,067 	 Computing Major Stats lazily... 
2019-01-18 15:06:05,067 		 Completed edges=72 good=72 bad=0
2019-01-18 15:06:05,069 Distortion avg=0.2106736191432873 wc=2.283529460210846 me=1.2954631118611697 mc=1.7627128393722755 nan_elements=0
2019-01-18 15:06:05,069 MAP = 1.0
2019-01-18 15:06:05,069 scale=[array([1.])]
2019-01-18 15:06:05,069 *** End Major Checkpoint

2019-01-18 15:06:05,070 41 loss=0.05767939260807658
2019-01-18 15:06:05,070 42 loss=0.05517154728937917
2019-01-18 15:06:05,071 43 loss=0.052797713355255356
2019-01-18 15:06:05,071 44 loss=0.050552680790527736
2019-01-18 15:06:05,072 45 loss=0.04843105128983741
2019-01-18 15:06:05,072 46 loss=0.04642732130521111
2019-01-18 15:06:05,073 47 loss=0.044535954327490496
2019-01-18 15:06:05,073 48 loss=0.042751442100016114
2019-01-18 15:06:05,074 49 loss=0.04106835508002662
2019-01-18 15:06:05,074 50 loss=0.03948138287638898
2019-01-18 15:06:05,074 
*** Major Checkpoint. Computing Stats and Saving
2019-01-18 15:06:05,074 	 Computing Major Stats lazily... 
2019-01-18 15:06:05,075 		 Completed edges=72 good=72 bad=0
2019-01-18 15:06:05,076 Distortion avg=0.16977703580577833 wc=1.952765101487528 me=1.2335915323014945 mc=1.582991655142348 nan_elements=0
2019-01-18 15:06:05,076 MAP = 1.0
2019-01-18 15:06:05,076 scale=[array([1.])]
2019-01-18 15:06:05,076 *** End Major Checkpoint

2019-01-18 15:06:05,076 final loss=0.03948138287638898
2019-01-18 15:06:05,077 best loss=0.03948138287638898, distortion=0.16977703580577833, map=1.0, wc_dist=1.952765101487528
2019-01-18 15:06:05,077 	 Computing Major Stats lazily... 
2019-01-18 15:06:05,077 		 Completed edges=72 good=72 bad=0
2019-01-18 15:06:05,079 Distortion avg=0.16977703580577833 wc=1.952765101487528 me=1.2335915323014945 mc=1.582991655142348 nan_elements=0
2019-01-18 15:06:05,079 MAP = 1.0
2019-01-18 15:06:05,079 scale=[array([1.])]
