2019-01-18 14:49:37,552 Commandline ['pytorch/pytorch_hyperbolic.py', 'learn', 'data/edges/parsing/ewt/ewt_dev/106.edges', '--dim', '0', '--hyp', '0', '--edim', '10', '--euc', '1', '--sdim', '0', '--sph', '0', '--log-name', 'ewt_devr2/106.edges.E10-1.lr1.log', '--batch-size', '65536', '--epochs', '50', '--checkpoint-freq', '10', '-g', '--subsample', '1024', '--learning-rate', '1']
2019-01-18 14:49:37,552 No Model Save selected!
2019-01-18 14:49:37,554 Loaded Graph data/edges/parsing/ewt/ewt_dev/106.edges with 43 nodes scale=1.0
2019-01-18 14:49:37,554 Building dataset
2019-01-18 14:49:37,555 Subsample: 43 points with scale 1.0 subsample=42
2019-01-18 14:49:37,628 Built Data Sampler
2019-01-18 14:49:37,628 Creating a fresh model warm_start?=None
2019-01-18 14:49:37,628 	 Warmstarting? None None 43
2019-01-18 14:49:37,629 Embedding() torch.Size([43, 10])
2019-01-18 14:49:37,629 relative No Rescale
2019-01-18 14:49:37,629 Constructed model with dim=0 and epochs=0 isnan=False
2019-01-18 14:49:37,629 SGD (
Parameter Group 0
    dampening: 0
    initial_lr: 0.1
    lr: 1.0
    momentum: 0.0
    nesterov: False
    weight_decay: 0

Parameter Group 1
    dampening: 0
    initial_lr: 0.1
    lr: 1.0
    momentum: 0.0
    nesterov: False
    weight_decay: 0

Parameter Group 2
    dampening: 0
    initial_lr: 0.1
    lr: 1.0
    momentum: 0.0
    nesterov: False
    weight_decay: 0

Parameter Group 3
    dampening: 0
    initial_lr: 0.0001
    lr: 0.001
    momentum: 0.0
    nesterov: False
    weight_decay: 0
)
2019-01-18 14:49:37,629 *** Initial Checkpoint. Computing Stats
2019-01-18 14:49:37,629 	 Computing Major Stats lazily... 
2019-01-18 14:49:37,637 		 Completed edges=1806 good=1806 bad=0
2019-01-18 14:49:37,644 Distortion avg=0.9986892836352095 wc=22.11245742322404 me=0.006841983940850235 mc=3231.8780070793596 nan_elements=0
2019-01-18 14:49:37,644 MAP = 0.14185620792423656
2019-01-18 14:49:37,644 scale=[array([1.])]
2019-01-18 14:49:37,644 *** End Initial Checkpoint

2019-01-18 14:49:37,702 1 loss=0.9973811217910369
2019-01-18 14:49:37,704 2 loss=0.9802320298044028
2019-01-18 14:49:37,706 3 loss=0.9631319909799524
2019-01-18 14:49:37,708 4 loss=0.9464673097022058
2019-01-18 14:49:37,709 5 loss=0.9302868365680533
2019-01-18 14:49:37,711 6 loss=0.9145958488693938
2019-01-18 14:49:37,712 7 loss=0.8993872370127775
2019-01-18 14:49:37,714 8 loss=0.8846491409759658
2019-01-18 14:49:37,716 9 loss=0.8703676653563714
2019-01-18 14:49:37,718 10 loss=0.8565280662120162
2019-01-18 14:49:37,718 
*** Major Checkpoint. Computing Stats and Saving
2019-01-18 14:49:37,718 	 Computing Major Stats lazily... 
2019-01-18 14:49:37,725 		 Completed edges=1806 good=1806 bad=0
2019-01-18 14:49:37,731 Distortion avg=0.915255442145739 wc=29.432270822623785 me=0.5465974599742285 mc=53.84633661490393 nan_elements=0
2019-01-18 14:49:37,731 MAP = 0.05280757643011255
2019-01-18 14:49:37,732 scale=[array([1.])]
2019-01-18 14:49:37,732 *** End Major Checkpoint

2019-01-18 14:49:37,733 11 loss=0.8431153407198926
2019-01-18 14:49:37,735 12 loss=0.8301145452469594
2019-01-18 14:49:37,737 13 loss=0.817510975874431
2019-01-18 14:49:37,738 14 loss=0.8052902734804654
2019-01-18 14:49:37,740 15 loss=0.7934384848632412
2019-01-18 14:49:37,741 16 loss=0.7819420970323603
2019-01-18 14:49:37,743 17 loss=0.7707880545331851
2019-01-18 14:49:37,745 18 loss=0.7599637657567573
2019-01-18 14:49:37,746 19 loss=0.7494571019688655
2019-01-18 14:49:37,748 20 loss=0.7392563914766422
2019-01-18 14:49:37,748 
*** Major Checkpoint. Computing Stats and Saving
2019-01-18 14:49:37,749 	 Computing Major Stats lazily... 
2019-01-18 14:49:37,755 		 Completed edges=1806 good=1806 bad=0
2019-01-18 14:49:37,762 Distortion avg=0.8436153554851618 wc=28.09221816053344 me=0.9623573612638755 mc=29.191046165677573 nan_elements=0
2019-01-18 14:49:37,762 MAP = 0.05136958489891378
2019-01-18 14:49:37,762 scale=[array([1.])]
2019-01-18 14:49:37,762 *** End Major Checkpoint

2019-01-18 14:49:37,764 21 loss=0.7293504105419318
2019-01-18 14:49:37,766 22 loss=0.7197283721364993
2019-01-18 14:49:37,767 23 loss=0.7103799132981632
2019-01-18 14:49:37,769 24 loss=0.7012950816219061
2019-01-18 14:49:37,770 25 loss=0.6924643212660612
2019-01-18 14:49:37,772 26 loss=0.6838784587463487
2019-01-18 14:49:37,774 27 loss=0.6755286887144475
2019-01-18 14:49:37,775 28 loss=0.6674065598630886
2019-01-18 14:49:37,777 29 loss=0.6595039610598369
2019-01-18 14:49:37,778 30 loss=0.6518131077824131
2019-01-18 14:49:37,778 
*** Major Checkpoint. Computing Stats and Saving
2019-01-18 14:49:37,779 	 Computing Major Stats lazily... 
2019-01-18 14:49:37,785 		 Completed edges=1806 good=1806 bad=0
2019-01-18 14:49:37,792 Distortion avg=0.7843265038915322 wc=25.978024353146537 me=1.266017922741137 mc=20.51947597779646 nan_elements=0
2019-01-18 14:49:37,792 MAP = 0.050527797429392673
2019-01-18 14:49:37,792 scale=[array([1.])]
2019-01-18 14:49:37,792 *** End Major Checkpoint

2019-01-18 14:49:37,794 31 loss=0.6443265289066572
2019-01-18 14:49:37,795 32 loss=0.6370370538819423
2019-01-18 14:49:37,797 33 loss=0.6299378003166262
2019-01-18 14:49:37,798 34 loss=0.6230221619868536
2019-01-18 14:49:37,800 35 loss=0.6162837972750494
2019-01-18 14:49:37,802 36 loss=0.6097166180391231
2019-01-18 14:49:37,804 37 loss=0.6033147789094141
2019-01-18 14:49:37,805 38 loss=0.5970726670074078
2019-01-18 14:49:37,807 39 loss=0.5909848920779938
2019-01-18 14:49:37,808 40 loss=0.5850462770254211
2019-01-18 14:49:37,808 
*** Major Checkpoint. Computing Stats and Saving
2019-01-18 14:49:37,808 	 Computing Major Stats lazily... 
2019-01-18 14:49:37,815 		 Completed edges=1806 good=1806 bad=0
2019-01-18 14:49:37,822 Distortion avg=0.7394788557325961 wc=23.823135264301587 me=1.4840412602638244 mc=16.05287932497675 nan_elements=0
2019-01-18 14:49:37,822 MAP = 0.05150761246231537
2019-01-18 14:49:37,822 scale=[array([1.])]
2019-01-18 14:49:37,822 *** End Major Checkpoint

2019-01-18 14:49:37,824 41 loss=0.5792518488418992
2019-01-18 14:49:37,825 42 loss=0.5735968299169976
2019-01-18 14:49:37,827 43 loss=0.5680766297154518
2019-01-18 14:49:37,828 44 loss=0.562686836810668
2019-01-18 14:49:37,830 45 loss=0.5574232112610782
2019-01-18 14:49:37,832 46 loss=0.5522816773164995
2019-01-18 14:49:37,833 47 loss=0.5472583164417341
2019-01-18 14:49:37,835 48 loss=0.5423493606448377
2019-01-18 14:49:37,837 49 loss=0.5375511860977202
2019-01-18 14:49:37,839 50 loss=0.5328603070370227
2019-01-18 14:49:37,839 
*** Major Checkpoint. Computing Stats and Saving
2019-01-18 14:49:37,839 	 Computing Major Stats lazily... 
2019-01-18 14:49:37,846 		 Completed edges=1806 good=1806 bad=0
2019-01-18 14:49:37,852 Distortion avg=0.704028620757141 wc=21.899032877372395 me=1.6370778130273733 mc=13.376904080616372 nan_elements=0
2019-01-18 14:49:37,852 MAP = 0.051991167827766464
2019-01-18 14:49:37,853 scale=[array([1.])]
2019-01-18 14:49:37,853 *** End Major Checkpoint

2019-01-18 14:49:37,853 final loss=0.5328603070370227
2019-01-18 14:49:37,853 best loss=0.5328603070370227, distortion=0.704028620757141, map=0.05280757643011255, wc_dist=21.899032877372395
2019-01-18 14:49:37,853 	 Computing Major Stats lazily... 
2019-01-18 14:49:37,860 		 Completed edges=1806 good=1806 bad=0
2019-01-18 14:49:37,866 Distortion avg=0.7040286207571409 wc=21.899032877372395 me=1.6370778130273733 mc=13.376904080616372 nan_elements=0
2019-01-18 14:49:37,866 MAP = 0.051991167827766464
2019-01-18 14:49:37,867 scale=[array([1.])]
