2019-01-18 14:51:37,657 Commandline ['pytorch/pytorch_hyperbolic.py', 'learn', 'data/edges/parsing/ewt/ewt_dev/1066.edges', '--dim', '0', '--hyp', '0', '--edim', '10', '--euc', '1', '--sdim', '0', '--sph', '0', '--log-name', 'ewt_devr2/1066.edges.E10-1.lr1.log', '--batch-size', '65536', '--epochs', '50', '--checkpoint-freq', '10', '-g', '--subsample', '1024', '--learning-rate', '1']
2019-01-18 14:51:37,658 No Model Save selected!
2019-01-18 14:51:37,659 Loaded Graph data/edges/parsing/ewt/ewt_dev/1066.edges with 13 nodes scale=1.0
2019-01-18 14:51:37,659 Building dataset
2019-01-18 14:51:37,660 Subsample: 13 points with scale 1.0 subsample=12
2019-01-18 14:51:37,672 Built Data Sampler
2019-01-18 14:51:37,672 Creating a fresh model warm_start?=None
2019-01-18 14:51:37,672 	 Warmstarting? None None 13
2019-01-18 14:51:37,672 Embedding() torch.Size([13, 10])
2019-01-18 14:51:37,672 relative No Rescale
2019-01-18 14:51:37,673 Constructed model with dim=0 and epochs=0 isnan=False
2019-01-18 14:51:37,673 SGD (
Parameter Group 0
    dampening: 0
    initial_lr: 0.1
    lr: 1.0
    momentum: 0.0
    nesterov: False
    weight_decay: 0

Parameter Group 1
    dampening: 0
    initial_lr: 0.1
    lr: 1.0
    momentum: 0.0
    nesterov: False
    weight_decay: 0

Parameter Group 2
    dampening: 0
    initial_lr: 0.1
    lr: 1.0
    momentum: 0.0
    nesterov: False
    weight_decay: 0

Parameter Group 3
    dampening: 0
    initial_lr: 0.0001
    lr: 0.001
    momentum: 0.0
    nesterov: False
    weight_decay: 0
)
2019-01-18 14:51:37,673 *** Initial Checkpoint. Computing Stats
2019-01-18 14:51:37,673 	 Computing Major Stats lazily... 
2019-01-18 14:51:37,674 		 Completed edges=156 good=156 bad=0
2019-01-18 14:51:37,676 Distortion avg=0.9980799320290538 wc=12.641683431951552 me=0.005982886981094694 mc=2112.9737987526705 nan_elements=0
2019-01-18 14:51:37,677 MAP = 0.21374181374181378
2019-01-18 14:51:37,677 scale=[array([1.])]
2019-01-18 14:51:37,677 *** End Initial Checkpoint

2019-01-18 14:51:37,734 1 loss=0.9961652706649483
2019-01-18 14:51:37,735 2 loss=0.8680489340067213
2019-01-18 14:51:37,735 3 loss=0.7638427306369573
2019-01-18 14:51:37,736 4 loss=0.6822863074883149
2019-01-18 14:51:37,736 5 loss=0.6181989099595586
2019-01-18 14:51:37,737 6 loss=0.5673335633210619
2019-01-18 14:51:37,737 7 loss=0.5264636098799788
2019-01-18 14:51:37,738 8 loss=0.4931814857339417
2019-01-18 14:51:37,738 9 loss=0.4656987475350071
2019-01-18 14:51:37,739 10 loss=0.4426858509592999
2019-01-18 14:51:37,739 
*** Major Checkpoint. Computing Stats and Saving
2019-01-18 14:51:37,739 	 Computing Major Stats lazily... 
2019-01-18 14:51:37,740 		 Completed edges=156 good=156 bad=0
2019-01-18 14:51:37,742 Distortion avg=0.6027124266005227 wc=14.27933678255739 me=1.3671275497022606 mc=10.444772900427038 nan_elements=0
2019-01-18 14:51:37,742 MAP = 0.14141275391275393
2019-01-18 14:51:37,742 scale=[array([1.])]
2019-01-18 14:51:37,742 *** End Major Checkpoint

2019-01-18 14:51:37,743 11 loss=0.4231510435946444
2019-01-18 14:51:37,743 12 loss=0.40635081836843884
2019-01-18 14:51:37,744 13 loss=0.3917243061290937
2019-01-18 14:51:37,744 14 loss=0.37884536988764633
2019-01-18 14:51:37,745 15 loss=0.36738763795527035
2019-01-18 14:51:37,745 16 loss=0.35709894695693617
2019-01-18 14:51:37,746 17 loss=0.3477826174324372
2019-01-18 14:51:37,747 18 loss=0.33928369290240756
2019-01-18 14:51:37,747 19 loss=0.3314787907708403
2019-01-18 14:51:37,748 20 loss=0.32426858807814607
2019-01-18 14:51:37,748 
*** Major Checkpoint. Computing Stats and Saving
2019-01-18 14:51:37,748 	 Computing Major Stats lazily... 
2019-01-18 14:51:37,749 		 Completed edges=156 good=156 bad=0
2019-01-18 14:51:37,751 Distortion avg=0.5297209185572671 wc=9.727071942880462 me=1.5200562180387356 mc=6.399152759909692 nan_elements=0
2019-01-18 14:51:37,751 MAP = 0.18352966477966476
2019-01-18 14:51:37,751 scale=[array([1.])]
2019-01-18 14:51:37,751 *** End Major Checkpoint

2019-01-18 14:51:37,752 21 loss=0.3175722351237488
2019-01-18 14:51:37,752 22 loss=0.31132318426703076
2019-01-18 14:51:37,753 23 loss=0.30546606107306723
2019-01-18 14:51:37,753 24 loss=0.29995430581218135
2019-01-18 14:51:37,754 25 loss=0.29474838621890936
2019-01-18 14:51:37,754 26 loss=0.28981443527610706
2019-01-18 14:51:37,755 27 loss=0.28512320625453985
2019-01-18 14:51:37,755 28 loss=0.2806492653300604
2019-01-18 14:51:37,756 29 loss=0.2763703626921576
2019-01-18 14:51:37,757 30 loss=0.27226693820573883
2019-01-18 14:51:37,757 
*** Major Checkpoint. Computing Stats and Saving
2019-01-18 14:51:37,757 	 Computing Major Stats lazily... 
2019-01-18 14:51:37,758 		 Completed edges=156 good=156 bad=0
2019-01-18 14:51:37,759 Distortion avg=0.4748192940140458 wc=9.073633656516295 me=1.6141265030103946 mc=5.621389426165604 nan_elements=0
2019-01-18 14:51:37,760 MAP = 0.2981608669108669
2019-01-18 14:51:37,760 scale=[array([1.])]
2019-01-18 14:51:37,760 *** End Major Checkpoint

2019-01-18 14:51:37,760 31 loss=0.26832172886941585
2019-01-18 14:51:37,761 32 loss=0.26451945359303014
2019-01-18 14:51:37,761 33 loss=0.2608465569654041
2019-01-18 14:51:37,762 34 loss=0.25729099826067303
2019-01-18 14:51:37,762 35 loss=0.25384207534722364
2019-01-18 14:51:37,763 36 loss=0.25049027571723814
2019-01-18 14:51:37,764 37 loss=0.24722714876801996
2019-01-18 14:51:37,764 38 loss=0.2440451949017966
2019-01-18 14:51:37,765 39 loss=0.240937768089502
2019-01-18 14:51:37,765 40 loss=0.2378989893559205
2019-01-18 14:51:37,765 
*** Major Checkpoint. Computing Stats and Saving
2019-01-18 14:51:37,765 	 Computing Major Stats lazily... 
2019-01-18 14:51:37,766 		 Completed edges=156 good=156 bad=0
2019-01-18 14:51:37,768 Distortion avg=0.4365112197400208 wc=8.530241566975512 me=1.6054616035460818 mc=5.313264140440508 nan_elements=0
2019-01-18 14:51:37,768 MAP = 0.40082417582417584
2019-01-18 14:51:37,769 scale=[array([1.])]
2019-01-18 14:51:37,769 *** End Major Checkpoint

2019-01-18 14:51:37,769 41 loss=0.23492366925538663
2019-01-18 14:51:37,770 42 loss=0.23200723786878294
2019-01-18 14:51:37,770 43 loss=0.2291456812010157
2019-01-18 14:51:37,771 44 loss=0.22633548312120433
2019-01-18 14:51:37,771 45 loss=0.22357357218622356
2019-01-18 14:51:37,772 46 loss=0.2208572728374744
2019-01-18 14:51:37,772 47 loss=0.21818426057247978
2019-01-18 14:51:37,773 48 loss=0.21555252077585188
2019-01-18 14:51:37,773 49 loss=0.21296031095502763
2019-01-18 14:51:37,774 50 loss=0.2104061261699921
2019-01-18 14:51:37,774 
*** Major Checkpoint. Computing Stats and Saving
2019-01-18 14:51:37,774 	 Computing Major Stats lazily... 
2019-01-18 14:51:37,775 		 Completed edges=156 good=156 bad=0
2019-01-18 14:51:37,777 Distortion avg=0.4069528626763312 wc=7.68807223188345 me=1.5643144903920503 mc=4.914658963464985 nan_elements=0
2019-01-18 14:51:37,777 MAP = 0.6133241758241758
2019-01-18 14:51:37,777 scale=[array([1.])]
2019-01-18 14:51:37,777 *** End Major Checkpoint

2019-01-18 14:51:37,778 final loss=0.2104061261699921
2019-01-18 14:51:37,778 best loss=0.2104061261699921, distortion=0.4069528626763312, map=0.6133241758241758, wc_dist=7.68807223188345
2019-01-18 14:51:37,778 	 Computing Major Stats lazily... 
2019-01-18 14:51:37,778 		 Completed edges=156 good=156 bad=0
2019-01-18 14:51:37,780 Distortion avg=0.40695286267633124 wc=7.68807223188345 me=1.5643144903920503 mc=4.914658963464985 nan_elements=0
2019-01-18 14:51:37,780 MAP = 0.6133241758241759
2019-01-18 14:51:37,781 scale=[array([1.])]
