2019-01-18 15:07:15,491 Commandline ['pytorch/pytorch_hyperbolic.py', 'learn', 'data/edges/parsing/ewt/ewt_dev/1069.edges', '--dim', '0', '--hyp', '0', '--edim', '10', '--euc', '1', '--sdim', '0', '--sph', '0', '--log-name', 'ewt_devr2/1069.edges.E10-1.lr1.log', '--batch-size', '65536', '--epochs', '50', '--checkpoint-freq', '10', '-g', '--subsample', '1024', '--learning-rate', '1']
2019-01-18 15:07:15,491 No Model Save selected!
2019-01-18 15:07:15,493 Loaded Graph data/edges/parsing/ewt/ewt_dev/1069.edges with 14 nodes scale=1.0
2019-01-18 15:07:15,493 Building dataset
2019-01-18 15:07:15,493 Subsample: 14 points with scale 1.0 subsample=13
2019-01-18 15:07:15,506 Built Data Sampler
2019-01-18 15:07:15,506 Creating a fresh model warm_start?=None
2019-01-18 15:07:15,506 	 Warmstarting? None None 14
2019-01-18 15:07:15,506 Embedding() torch.Size([14, 10])
2019-01-18 15:07:15,507 relative No Rescale
2019-01-18 15:07:15,507 Constructed model with dim=0 and epochs=0 isnan=False
2019-01-18 15:07:15,507 SGD (
Parameter Group 0
    dampening: 0
    initial_lr: 0.1
    lr: 1.0
    momentum: 0.0
    nesterov: False
    weight_decay: 0

Parameter Group 1
    dampening: 0
    initial_lr: 0.1
    lr: 1.0
    momentum: 0.0
    nesterov: False
    weight_decay: 0

Parameter Group 2
    dampening: 0
    initial_lr: 0.1
    lr: 1.0
    momentum: 0.0
    nesterov: False
    weight_decay: 0

Parameter Group 3
    dampening: 0
    initial_lr: 0.0001
    lr: 0.001
    momentum: 0.0
    nesterov: False
    weight_decay: 0
)
2019-01-18 15:07:15,507 *** Initial Checkpoint. Computing Stats
2019-01-18 15:07:15,507 	 Computing Major Stats lazily... 
2019-01-18 15:07:15,508 		 Completed edges=182 good=182 bad=0
2019-01-18 15:07:15,511 Distortion avg=0.9980576746798212 wc=12.334637359861214 me=0.005941110731069004 mc=2076.150053113351 nan_elements=0
2019-01-18 15:07:15,511 MAP = 0.17992788957074676
2019-01-18 15:07:15,511 scale=[array([1.])]
2019-01-18 15:07:15,511 *** End Initial Checkpoint

2019-01-18 15:07:15,569 1 loss=0.9961209524925965
2019-01-18 15:07:15,570 2 loss=0.8759216200544615
2019-01-18 15:07:15,570 3 loss=0.7777172621566095
2019-01-18 15:07:15,571 4 loss=0.6995187006295336
2019-01-18 15:07:15,572 5 loss=0.6368956742865178
2019-01-18 15:07:15,572 6 loss=0.5862636463632834
2019-01-18 15:07:15,573 7 loss=0.5448808457256861
2019-01-18 15:07:15,573 8 loss=0.5106744683319173
2019-01-18 15:07:15,574 9 loss=0.48207896117156734
2019-01-18 15:07:15,575 10 loss=0.4579080452502169
2019-01-18 15:07:15,575 
*** Major Checkpoint. Computing Stats and Saving
2019-01-18 15:07:15,575 	 Computing Major Stats lazily... 
2019-01-18 15:07:15,576 		 Completed edges=182 good=182 bad=0
2019-01-18 15:07:15,578 Distortion avg=0.615831194684133 wc=13.275099813707401 me=1.3452238140480195 mc=9.868320553856572 nan_elements=0
2019-01-18 15:07:15,578 MAP = 0.132860175538747
2019-01-18 15:07:15,578 scale=[array([1.])]
2019-01-18 15:07:15,578 *** End Major Checkpoint

2019-01-18 15:07:15,579 11 loss=0.4372579540398717
2019-01-18 15:07:15,580 12 loss=0.41943550353148307
2019-01-18 15:07:15,580 13 loss=0.4039049634994185
2019-01-18 15:07:15,581 14 loss=0.39024887585937745
2019-01-18 15:07:15,581 15 loss=0.3781391261337774
2019-01-18 15:07:15,582 16 loss=0.36731552553705965
2019-01-18 15:07:15,582 17 loss=0.3575698916735532
2019-01-18 15:07:15,583 18 loss=0.34873416004782437
2019-01-18 15:07:15,584 19 loss=0.3406714579188517
2019-01-18 15:07:15,584 20 loss=0.3332693627552228
2019-01-18 15:07:15,584 
*** Major Checkpoint. Computing Stats and Saving
2019-01-18 15:07:15,584 	 Computing Major Stats lazily... 
2019-01-18 15:07:15,585 		 Completed edges=182 good=182 bad=0
2019-01-18 15:07:15,588 Distortion avg=0.5418415166713966 wc=9.289236654136198 me=1.4888051775454545 mc=6.239390347534299 nan_elements=0
2019-01-18 15:07:15,588 MAP = 0.1583643142571714
2019-01-18 15:07:15,588 scale=[array([1.])]
2019-01-18 15:07:15,588 *** End Major Checkpoint

2019-01-18 15:07:15,589 21 loss=0.32643477839649354
2019-01-18 15:07:15,589 22 loss=0.32009001473278276
2019-01-18 15:07:15,590 23 loss=0.31416976733994323
2019-01-18 15:07:15,591 24 loss=0.3086187737583719
2019-01-18 15:07:15,591 25 loss=0.3033899814490245
2019-01-18 15:07:15,592 26 loss=0.29844310500163795
2019-01-18 15:07:15,592 27 loss=0.2937434812937033
2019-01-18 15:07:15,593 28 loss=0.2892611541560841
2019-01-18 15:07:15,593 29 loss=0.2849701369580844
2019-01-18 15:07:15,594 30 loss=0.2808478140124439
2019-01-18 15:07:15,594 
*** Major Checkpoint. Computing Stats and Saving
2019-01-18 15:07:15,594 	 Computing Major Stats lazily... 
2019-01-18 15:07:15,595 		 Completed edges=182 good=182 bad=0
2019-01-18 15:07:15,597 Distortion avg=0.48882310898484205 wc=8.271805770345436 me=1.6607618424481674 mc=4.980729662087959 nan_elements=0
2019-01-18 15:07:15,598 MAP = 0.2131560899418042
2019-01-18 15:07:15,598 scale=[array([1.])]
2019-01-18 15:07:15,598 *** End Major Checkpoint

2019-01-18 15:07:15,598 31 loss=0.27687445099571456
2019-01-18 15:07:15,599 32 loss=0.2730327915325666
2019-01-18 15:07:15,600 33 loss=0.2693077223207665
2019-01-18 15:07:15,600 34 loss=0.2656859931257426
2019-01-18 15:07:15,601 35 loss=0.2621559809775918
2019-01-18 15:07:15,601 36 loss=0.2587074901992704
2019-01-18 15:07:15,602 37 loss=0.2553315816593712
2019-01-18 15:07:15,602 38 loss=0.25202042600693614
2019-01-18 15:07:15,603 39 loss=0.24876717670619541
2019-01-18 15:07:15,604 40 loss=0.2455658595182323
2019-01-18 15:07:15,604 
*** Major Checkpoint. Computing Stats and Saving
2019-01-18 15:07:15,604 	 Computing Major Stats lazily... 
2019-01-18 15:07:15,605 		 Completed edges=182 good=182 bad=0
2019-01-18 15:07:15,607 Distortion avg=0.4485366167488379 wc=7.28697045276524 me=1.7317353658808101 mc=4.207900696801256 nan_elements=0
2019-01-18 15:07:15,607 MAP = 0.3348742527313956
2019-01-18 15:07:15,607 scale=[array([1.])]
2019-01-18 15:07:15,607 *** End Major Checkpoint

2019-01-18 15:07:15,608 41 loss=0.24241127572853502
2019-01-18 15:07:15,609 42 loss=0.23929891693491492
2019-01-18 15:07:15,609 43 loss=0.23622488962015836
2019-01-18 15:07:15,610 44 loss=0.233185848061376
2019-01-18 15:07:15,610 45 loss=0.23017893439112977
2019-01-18 15:07:15,611 46 loss=0.22720172483769138
2019-01-18 15:07:15,612 47 loss=0.22425218134366878
2019-01-18 15:07:15,612 48 loss=0.2213286079018573
2019-01-18 15:07:15,613 49 loss=0.21842961106076877
2019-01-18 15:07:15,613 50 loss=0.21555406414482162
2019-01-18 15:07:15,613 
*** Major Checkpoint. Computing Stats and Saving
2019-01-18 15:07:15,613 	 Computing Major Stats lazily... 
2019-01-18 15:07:15,614 		 Completed edges=182 good=182 bad=0
2019-01-18 15:07:15,617 Distortion avg=0.4130503128235547 wc=6.818425469411157 me=1.7584070167329993 mc=3.877615025717611 nan_elements=0
2019-01-18 15:07:15,617 MAP = 0.49897083075654497
2019-01-18 15:07:15,617 scale=[array([1.])]
2019-01-18 15:07:15,617 *** End Major Checkpoint

2019-01-18 15:07:15,617 final loss=0.21555406414482162
2019-01-18 15:07:15,618 best loss=0.21555406414482162, distortion=0.4130503128235547, map=0.49897083075654497, wc_dist=6.818425469411157
2019-01-18 15:07:15,618 	 Computing Major Stats lazily... 
2019-01-18 15:07:15,619 		 Completed edges=182 good=182 bad=0
2019-01-18 15:07:15,621 Distortion avg=0.41305031282355453 wc=6.818425469411157 me=1.7584070167329993 mc=3.877615025717611 nan_elements=0
2019-01-18 15:07:15,621 MAP = 0.49897083075654497
2019-01-18 15:07:15,621 scale=[array([1.])]
