2019-01-18 14:50:48,018 Commandline ['pytorch/pytorch_hyperbolic.py', 'learn', 'data/edges/parsing/ewt/ewt_dev/1073.edges', '--dim', '0', '--hyp', '0', '--edim', '10', '--euc', '1', '--sdim', '0', '--sph', '0', '--log-name', 'ewt_devr2/1073.edges.E10-1.lr1.log', '--batch-size', '65536', '--epochs', '50', '--checkpoint-freq', '10', '-g', '--subsample', '1024', '--learning-rate', '1']
2019-01-18 14:50:48,018 No Model Save selected!
2019-01-18 14:50:48,020 Loaded Graph data/edges/parsing/ewt/ewt_dev/1073.edges with 11 nodes scale=1.0
2019-01-18 14:50:48,020 Building dataset
2019-01-18 14:50:48,021 Subsample: 11 points with scale 1.0 subsample=10
2019-01-18 14:50:48,030 Built Data Sampler
2019-01-18 14:50:48,030 Creating a fresh model warm_start?=None
2019-01-18 14:50:48,030 	 Warmstarting? None None 11
2019-01-18 14:50:48,030 Embedding() torch.Size([11, 10])
2019-01-18 14:50:48,031 relative No Rescale
2019-01-18 14:50:48,031 Constructed model with dim=0 and epochs=0 isnan=False
2019-01-18 14:50:48,031 SGD (
Parameter Group 0
    dampening: 0
    initial_lr: 0.1
    lr: 1.0
    momentum: 0.0
    nesterov: False
    weight_decay: 0

Parameter Group 1
    dampening: 0
    initial_lr: 0.1
    lr: 1.0
    momentum: 0.0
    nesterov: False
    weight_decay: 0

Parameter Group 2
    dampening: 0
    initial_lr: 0.1
    lr: 1.0
    momentum: 0.0
    nesterov: False
    weight_decay: 0

Parameter Group 3
    dampening: 0
    initial_lr: 0.0001
    lr: 0.001
    momentum: 0.0
    nesterov: False
    weight_decay: 0
)
2019-01-18 14:50:48,031 *** Initial Checkpoint. Computing Stats
2019-01-18 14:50:48,031 	 Computing Major Stats lazily... 
2019-01-18 14:50:48,032 		 Completed edges=110 good=110 bad=0
2019-01-18 14:50:48,034 Distortion avg=0.9977855087362727 wc=8.8940270972475 me=0.005982886981094694 mc=1486.5778219364179 nan_elements=0
2019-01-18 14:50:48,034 MAP = 0.3693506493506494
2019-01-18 14:50:48,035 scale=[array([1.])]
2019-01-18 14:50:48,035 *** End Initial Checkpoint

2019-01-18 14:50:48,096 1 loss=0.9955774916063251
2019-01-18 14:50:48,096 2 loss=0.7985943505510643
2019-01-18 14:50:48,097 3 loss=0.657204198318372
2019-01-18 14:50:48,098 4 loss=0.5589206429678096
2019-01-18 14:50:48,098 5 loss=0.48845585503291117
2019-01-18 14:50:48,099 6 loss=0.4359451146586199
2019-01-18 14:50:48,099 7 loss=0.39526959696224556
2019-01-18 14:50:48,100 8 loss=0.3626324456102556
2019-01-18 14:50:48,100 9 loss=0.3356473952130445
2019-01-18 14:50:48,101 10 loss=0.31278488075670985
2019-01-18 14:50:48,101 
*** Major Checkpoint. Computing Stats and Saving
2019-01-18 14:50:48,101 	 Computing Major Stats lazily... 
2019-01-18 14:50:48,102 		 Completed edges=110 good=110 bad=0
2019-01-18 14:50:48,104 Distortion avg=0.5063158571292335 wc=6.104799259685994 me=1.3311239100115224 mc=4.5861990861791 nan_elements=0
2019-01-18 14:50:48,104 MAP = 0.2216666666666667
2019-01-18 14:50:48,104 scale=[array([1.])]
2019-01-18 14:50:48,104 *** End Major Checkpoint

2019-01-18 14:50:48,104 11 loss=0.29303965946307836
2019-01-18 14:50:48,105 12 loss=0.27573135043793007
2019-01-18 14:50:48,106 13 loss=0.2603840580208005
2019-01-18 14:50:48,106 14 loss=0.24665309477793307
2019-01-18 14:50:48,107 15 loss=0.23427991147704555
2019-01-18 14:50:48,107 16 loss=0.22306405215563468
2019-01-18 14:50:48,108 17 loss=0.21284547511930424
2019-01-18 14:50:48,108 18 loss=0.20349324052524628
2019-01-18 14:50:48,109 19 loss=0.1948981400541889
2019-01-18 14:50:48,109 20 loss=0.18696778532655087
2019-01-18 14:50:48,109 
*** Major Checkpoint. Computing Stats and Saving
2019-01-18 14:50:48,110 	 Computing Major Stats lazily... 
2019-01-18 14:50:48,110 		 Completed edges=110 good=110 bad=0
2019-01-18 14:50:48,112 Distortion avg=0.3909486726361018 wc=4.796261785183522 me=1.5200194681588832 mc=3.155394970692693 nan_elements=0
2019-01-18 14:50:48,112 MAP = 0.4282467532467532
2019-01-18 14:50:48,112 scale=[array([1.])]
2019-01-18 14:50:48,112 *** End Major Checkpoint

2019-01-18 14:50:48,113 21 loss=0.1796232401805608
2019-01-18 14:50:48,114 22 loss=0.17279662907160231
2019-01-18 14:50:48,114 23 loss=0.16642936805266748
2019-01-18 14:50:48,115 24 loss=0.1604707981514847
2019-01-18 14:50:48,115 25 loss=0.1548770845272717
2019-01-18 14:50:48,116 26 loss=0.14961029731076003
2019-01-18 14:50:48,116 27 loss=0.1446376229610639
2019-01-18 14:50:48,117 28 loss=0.13993067541214346
2019-01-18 14:50:48,117 29 loss=0.13546488870011422
2019-01-18 14:50:48,118 30 loss=0.13121898002642787
2019-01-18 14:50:48,118 
*** Major Checkpoint. Computing Stats and Saving
2019-01-18 14:50:48,118 	 Computing Major Stats lazily... 
2019-01-18 14:50:48,118 		 Completed edges=110 good=110 bad=0
2019-01-18 14:50:48,120 Distortion avg=0.31608955792041815 wc=4.119722279140682 me=1.5340006759318021 mc=2.685606560530508 nan_elements=0
2019-01-18 14:50:48,120 MAP = 0.7762626262626262
2019-01-18 14:50:48,120 scale=[array([1.])]
2019-01-18 14:50:48,121 *** End Major Checkpoint

2019-01-18 14:50:48,121 31 loss=0.12717447619514843
2019-01-18 14:50:48,122 32 loss=0.1233152983128157
2019-01-18 14:50:48,122 33 loss=0.11962740039577657
2019-01-18 14:50:48,123 34 loss=0.11609845765408408
2019-01-18 14:50:48,124 35 loss=0.112717600079268
2019-01-18 14:50:48,124 36 loss=0.10947518678054949
2019-01-18 14:50:48,125 37 loss=0.10636261641389601
2019-01-18 14:50:48,125 38 loss=0.10337216908321352
2019-01-18 14:50:48,126 39 loss=0.1004968752690307
2019-01-18 14:50:48,126 40 loss=0.09773040763610362
2019-01-18 14:50:48,126 
*** Major Checkpoint. Computing Stats and Saving
2019-01-18 14:50:48,126 	 Computing Major Stats lazily... 
2019-01-18 14:50:48,127 		 Completed edges=110 good=110 bad=0
2019-01-18 14:50:48,129 Distortion avg=0.26929828130314615 wc=3.55475981500149 me=1.4850295263521969 mc=2.3937300585082277 nan_elements=0
2019-01-18 14:50:48,129 MAP = 0.9424242424242425
2019-01-18 14:50:48,129 scale=[array([1.])]
2019-01-18 14:50:48,129 *** End Major Checkpoint

2019-01-18 14:50:48,130 41 loss=0.09506699195356125
2019-01-18 14:50:48,130 42 loss=0.09250133379287662
2019-01-18 14:50:48,131 43 loss=0.09002855811686986
2019-01-18 14:50:48,131 44 loss=0.08764415931055772
2019-01-18 14:50:48,132 45 loss=0.08534395961297658
2019-01-18 14:50:48,132 46 loss=0.08312407427638456
2019-01-18 14:50:48,133 47 loss=0.08098088209978142
2019-01-18 14:50:48,133 48 loss=0.07891100025640263
2019-01-18 14:50:48,134 49 loss=0.07691126256185135
2019-01-18 14:50:48,135 50 loss=0.07497870051492851
2019-01-18 14:50:48,135 
*** Major Checkpoint. Computing Stats and Saving
2019-01-18 14:50:48,135 	 Computing Major Stats lazily... 
2019-01-18 14:50:48,135 		 Completed edges=110 good=110 bad=0
2019-01-18 14:50:48,137 Distortion avg=0.23338828630009542 wc=3.073135092163828 me=1.4208021203321504 mc=2.162957844858368 nan_elements=0
2019-01-18 14:50:48,137 MAP = 1.0
2019-01-18 14:50:48,137 scale=[array([1.])]
2019-01-18 14:50:48,137 *** End Major Checkpoint

2019-01-18 14:50:48,138 final loss=0.07497870051492851
2019-01-18 14:50:48,138 best loss=0.07497870051492851, distortion=0.23338828630009542, map=1.0, wc_dist=3.073135092163828
2019-01-18 14:50:48,138 	 Computing Major Stats lazily... 
2019-01-18 14:50:48,138 		 Completed edges=110 good=110 bad=0
2019-01-18 14:50:48,140 Distortion avg=0.23338828630009548 wc=3.073135092163828 me=1.4208021203321504 mc=2.162957844858368 nan_elements=0
2019-01-18 14:50:48,140 MAP = 1.0
2019-01-18 14:50:48,141 scale=[array([1.])]
