2019-01-18 15:06:17,774 Commandline ['pytorch/pytorch_hyperbolic.py', 'learn', 'data/edges/parsing/ewt/ewt_dev/108.edges', '--dim', '0', '--hyp', '0', '--edim', '10', '--euc', '1', '--sdim', '0', '--sph', '0', '--log-name', 'ewt_devr2/108.edges.E10-1.lr1.log', '--batch-size', '65536', '--epochs', '50', '--checkpoint-freq', '10', '-g', '--subsample', '1024', '--learning-rate', '1']
2019-01-18 15:06:17,774 No Model Save selected!
2019-01-18 15:06:17,775 Loaded Graph data/edges/parsing/ewt/ewt_dev/108.edges with 10 nodes scale=1.0
2019-01-18 15:06:17,775 Building dataset
2019-01-18 15:06:17,776 Subsample: 10 points with scale 1.0 subsample=9
2019-01-18 15:06:17,784 Built Data Sampler
2019-01-18 15:06:17,784 Creating a fresh model warm_start?=None
2019-01-18 15:06:17,784 	 Warmstarting? None None 10
2019-01-18 15:06:17,785 Embedding() torch.Size([10, 10])
2019-01-18 15:06:17,785 relative No Rescale
2019-01-18 15:06:17,785 Constructed model with dim=0 and epochs=0 isnan=False
2019-01-18 15:06:17,785 SGD (
Parameter Group 0
    dampening: 0
    initial_lr: 0.1
    lr: 1.0
    momentum: 0.0
    nesterov: False
    weight_decay: 0

Parameter Group 1
    dampening: 0
    initial_lr: 0.1
    lr: 1.0
    momentum: 0.0
    nesterov: False
    weight_decay: 0

Parameter Group 2
    dampening: 0
    initial_lr: 0.1
    lr: 1.0
    momentum: 0.0
    nesterov: False
    weight_decay: 0

Parameter Group 3
    dampening: 0
    initial_lr: 0.0001
    lr: 0.001
    momentum: 0.0
    nesterov: False
    weight_decay: 0
)
2019-01-18 15:06:17,786 *** Initial Checkpoint. Computing Stats
2019-01-18 15:06:17,786 	 Computing Major Stats lazily... 
2019-01-18 15:06:17,787 		 Completed edges=90 good=90 bad=0
2019-01-18 15:06:17,788 Distortion avg=0.9973729636513305 wc=5.763217821036421 me=0.005941110731069004 mc=970.0572976863917 nan_elements=0
2019-01-18 15:06:17,788 MAP = 0.2793310657596372
2019-01-18 15:06:17,789 scale=[array([1.])]
2019-01-18 15:06:17,789 *** End Initial Checkpoint

2019-01-18 15:06:17,847 1 loss=0.9947545570884055
2019-01-18 15:06:17,847 2 loss=0.7342107323806235
2019-01-18 15:06:17,848 3 loss=0.569809380222769
2019-01-18 15:06:17,849 4 loss=0.46563852376997616
2019-01-18 15:06:17,849 5 loss=0.3938599794795152
2019-01-18 15:06:17,850 6 loss=0.34074197765258063
2019-01-18 15:06:17,850 7 loss=0.2993476576228602
2019-01-18 15:06:17,851 8 loss=0.2659446226037453
2019-01-18 15:06:17,851 9 loss=0.2383672822458673
2019-01-18 15:06:17,852 10 loss=0.21525817978329392
2019-01-18 15:06:17,852 
*** Major Checkpoint. Computing Stats and Saving
2019-01-18 15:06:17,852 	 Computing Major Stats lazily... 
2019-01-18 15:06:17,852 		 Completed edges=90 good=90 bad=0
2019-01-18 15:06:17,854 Distortion avg=0.41047484755214453 wc=4.140253868595463 me=1.309089805842951 mc=3.1626965927898767 nan_elements=0
2019-01-18 15:06:17,854 MAP = 0.3716326530612245
2019-01-18 15:06:17,854 scale=[array([1.])]
2019-01-18 15:06:17,854 *** End Major Checkpoint

2019-01-18 15:06:17,855 11 loss=0.19570249695590142
2019-01-18 15:06:17,855 12 loss=0.17904322100520362
2019-01-18 15:06:17,856 13 loss=0.1647829247049667
2019-01-18 15:06:17,856 14 loss=0.15252914697889072
2019-01-18 15:06:17,857 15 loss=0.14196275837595523
2019-01-18 15:06:17,857 16 loss=0.1328188950604502
2019-01-18 15:06:17,858 17 loss=0.12487494032671427
2019-01-18 15:06:17,859 18 loss=0.11794252547165228
2019-01-18 15:06:17,859 19 loss=0.11186185914629634
2019-01-18 15:06:17,860 20 loss=0.1064974369643122
2019-01-18 15:06:17,860 
*** Major Checkpoint. Computing Stats and Saving
2019-01-18 15:06:17,860 	 Computing Major Stats lazily... 
2019-01-18 15:06:17,860 		 Completed edges=90 good=90 bad=0
2019-01-18 15:06:17,862 Distortion avg=0.2790374180002362 wc=3.367335407558157 me=1.4546706901232642 mc=2.3148437858968753 nan_elements=0
2019-01-18 15:06:17,862 MAP = 0.7767687074829932
2019-01-18 15:06:17,862 scale=[array([1.])]
2019-01-18 15:06:17,862 *** End Major Checkpoint

2019-01-18 15:06:17,863 21 loss=0.10173460185067208
2019-01-18 15:06:17,863 22 loss=0.09747666160529969
2019-01-18 15:06:17,864 23 loss=0.09364240181187039
2019-01-18 15:06:17,864 24 loss=0.09016390447861286
2019-01-18 15:06:17,865 25 loss=0.08698462160422579
2019-01-18 15:06:17,865 26 loss=0.08405767307772898
2019-01-18 15:06:17,866 27 loss=0.08134434834076329
2019-01-18 15:06:17,866 28 loss=0.07881279575728528
2019-01-18 15:06:17,867 29 loss=0.07643688527126093
2019-01-18 15:06:17,868 30 loss=0.07419523017266506
2019-01-18 15:06:17,868 
*** Major Checkpoint. Computing Stats and Saving
2019-01-18 15:06:17,868 	 Computing Major Stats lazily... 
2019-01-18 15:06:17,868 		 Completed edges=90 good=90 bad=0
2019-01-18 15:06:17,870 Distortion avg=0.23063837297616654 wc=2.9546733385746 me=1.4516431829697487 mc=2.035399176077124 nan_elements=0
2019-01-18 15:06:17,870 MAP = 0.9398809523809524
2019-01-18 15:06:17,870 scale=[array([1.])]
2019-01-18 15:06:17,870 *** End Major Checkpoint

2019-01-18 15:06:17,871 31 loss=0.07207035349325126
2019-01-18 15:06:17,871 32 loss=0.07004798421338275
2019-01-18 15:06:17,872 33 loss=0.06811646835367273
2019-01-18 15:06:17,872 34 loss=0.06626628027465142
2019-01-18 15:06:17,873 35 loss=0.06448962013532217
2019-01-18 15:06:17,873 36 loss=0.06278008442049733
2019-01-18 15:06:17,874 37 loss=0.06113239765201153
2019-01-18 15:06:17,874 38 loss=0.05954219475080915
2019-01-18 15:06:17,875 39 loss=0.05800584491969238
2019-01-18 15:06:17,875 40 loss=0.056520309289455874
2019-01-18 15:06:17,875 
*** Major Checkpoint. Computing Stats and Saving
2019-01-18 15:06:17,876 	 Computing Major Stats lazily... 
2019-01-18 15:06:17,876 		 Completed edges=90 good=90 bad=0
2019-01-18 15:06:17,878 Distortion avg=0.20169302924800736 wc=2.588758671744914 me=1.3974785565277397 mc=1.8524496563132256 nan_elements=0
2019-01-18 15:06:17,878 MAP = 1.0
2019-01-18 15:06:17,878 scale=[array([1.])]
2019-01-18 15:06:17,878 *** End Major Checkpoint

2019-01-18 15:06:17,879 41 loss=0.055083025854013465
2019-01-18 15:06:17,879 42 loss=0.05369181637409377
2019-01-18 15:06:17,880 43 loss=0.05234481093440767
2019-01-18 15:06:17,880 44 loss=0.05104038669143891
2019-01-18 15:06:17,881 45 loss=0.04977711805473024
2019-01-18 15:06:17,881 46 loss=0.04855373611726586
2019-01-18 15:06:17,882 47 loss=0.047369095607467944
2019-01-18 15:06:17,882 48 loss=0.046222147994741225
2019-01-18 15:06:17,883 49 loss=0.04511191966014188
2019-01-18 15:06:17,883 50 loss=0.04403749425970051
2019-01-18 15:06:17,884 
*** Major Checkpoint. Computing Stats and Saving
2019-01-18 15:06:17,884 	 Computing Major Stats lazily... 
2019-01-18 15:06:17,884 		 Completed edges=90 good=90 bad=0
2019-01-18 15:06:17,886 Distortion avg=0.17885650519061874 wc=2.264774244499665 me=1.3333821010109104 mc=1.6985185587706744 nan_elements=0
2019-01-18 15:06:17,886 MAP = 1.0
2019-01-18 15:06:17,886 scale=[array([1.])]
2019-01-18 15:06:17,886 *** End Major Checkpoint

2019-01-18 15:06:17,887 final loss=0.04403749425970051
2019-01-18 15:06:17,887 best loss=0.04403749425970051, distortion=0.17885650519061874, map=1.0, wc_dist=2.264774244499665
2019-01-18 15:06:17,887 	 Computing Major Stats lazily... 
2019-01-18 15:06:17,887 		 Completed edges=90 good=90 bad=0
2019-01-18 15:06:17,889 Distortion avg=0.1788565051906187 wc=2.264774244499665 me=1.3333821010109104 mc=1.6985185587706744 nan_elements=0
2019-01-18 15:06:17,889 MAP = 1.0
2019-01-18 15:06:17,889 scale=[array([1.])]
