2019-01-18 14:51:56,841 Commandline ['pytorch/pytorch_hyperbolic.py', 'learn', 'data/edges/parsing/ewt/ewt_dev/1082.edges', '--dim', '0', '--hyp', '0', '--edim', '10', '--euc', '1', '--sdim', '0', '--sph', '0', '--log-name', 'ewt_devr2/1082.edges.E10-1.lr1.log', '--batch-size', '65536', '--epochs', '50', '--checkpoint-freq', '10', '-g', '--subsample', '1024', '--learning-rate', '1']
2019-01-18 14:51:56,841 No Model Save selected!
2019-01-18 14:51:56,843 Loaded Graph data/edges/parsing/ewt/ewt_dev/1082.edges with 12 nodes scale=1.0
2019-01-18 14:51:56,843 Building dataset
2019-01-18 14:51:56,844 Subsample: 12 points with scale 1.0 subsample=11
2019-01-18 14:51:56,854 Built Data Sampler
2019-01-18 14:51:56,855 Creating a fresh model warm_start?=None
2019-01-18 14:51:56,855 	 Warmstarting? None None 12
2019-01-18 14:51:56,855 Embedding() torch.Size([12, 10])
2019-01-18 14:51:56,855 relative No Rescale
2019-01-18 14:51:56,855 Constructed model with dim=0 and epochs=0 isnan=False
2019-01-18 14:51:56,856 SGD (
Parameter Group 0
    dampening: 0
    initial_lr: 0.1
    lr: 1.0
    momentum: 0.0
    nesterov: False
    weight_decay: 0

Parameter Group 1
    dampening: 0
    initial_lr: 0.1
    lr: 1.0
    momentum: 0.0
    nesterov: False
    weight_decay: 0

Parameter Group 2
    dampening: 0
    initial_lr: 0.1
    lr: 1.0
    momentum: 0.0
    nesterov: False
    weight_decay: 0

Parameter Group 3
    dampening: 0
    initial_lr: 0.0001
    lr: 0.001
    momentum: 0.0
    nesterov: False
    weight_decay: 0
)
2019-01-18 14:51:56,856 *** Initial Checkpoint. Computing Stats
2019-01-18 14:51:56,856 	 Computing Major Stats lazily... 
2019-01-18 14:51:56,857 		 Completed edges=132 good=132 bad=0
2019-01-18 14:51:56,859 Distortion avg=0.9978407839667351 wc=8.04618509307902 me=0.005941110731069004 mc=1354.323367683006 nan_elements=0
2019-01-18 14:51:56,859 MAP = 0.23633898508898507
2019-01-18 14:51:56,859 scale=[array([1.])]
2019-01-18 14:51:56,859 *** End Initial Checkpoint

2019-01-18 14:51:56,916 1 loss=0.9956878018676398
2019-01-18 14:51:56,917 2 loss=0.8203090006778854
2019-01-18 14:51:56,917 3 loss=0.6889000093188737
2019-01-18 14:51:56,918 4 loss=0.5931826234682711
2019-01-18 14:51:56,918 5 loss=0.5219443644613581
2019-01-18 14:51:56,919 6 loss=0.4674436769120158
2019-01-18 14:51:56,919 7 loss=0.42455812647520486
2019-01-18 14:51:56,920 8 loss=0.3899097624724599
2019-01-18 14:51:56,920 9 loss=0.36125312590224845
2019-01-18 14:51:56,921 10 loss=0.33707467553470694
2019-01-18 14:51:56,921 
*** Major Checkpoint. Computing Stats and Saving
2019-01-18 14:51:56,921 	 Computing Major Stats lazily... 
2019-01-18 14:51:56,922 		 Completed edges=132 good=132 bad=0
2019-01-18 14:51:56,924 Distortion avg=0.5245780853548283 wc=7.7934765225471825 me=1.3381181999095337 mc=5.824206354172656 nan_elements=0
2019-01-18 14:51:56,924 MAP = 0.1841257816257816
2019-01-18 14:51:56,924 scale=[array([1.])]
2019-01-18 14:51:56,924 *** End Major Checkpoint

2019-01-18 14:51:56,925 11 loss=0.31633563988738317
2019-01-18 14:51:56,925 12 loss=0.298307722756489
2019-01-18 14:51:56,926 13 loss=0.28246795674277964
2019-01-18 14:51:56,926 14 loss=0.26843105929884703
2019-01-18 14:51:56,927 15 loss=0.2559055885490406
2019-01-18 14:51:56,927 16 loss=0.2446652639844069
2019-01-18 14:51:56,928 17 loss=0.23453000797432313
2019-01-18 14:51:56,928 18 loss=0.22535326368315994
2019-01-18 14:51:56,929 19 loss=0.21701339826480276
2019-01-18 14:51:56,930 20 loss=0.20940778815502115
2019-01-18 14:51:56,930 
*** Major Checkpoint. Computing Stats and Saving
2019-01-18 14:51:56,930 	 Computing Major Stats lazily... 
2019-01-18 14:51:56,930 		 Completed edges=132 good=132 bad=0
2019-01-18 14:51:56,932 Distortion avg=0.41501645908700796 wc=5.707943780761631 me=1.5001857746306673 mc=3.804824627247833 nan_elements=0
2019-01-18 14:51:56,932 MAP = 0.34404100529100523
2019-01-18 14:51:56,933 scale=[array([1.])]
2019-01-18 14:51:56,933 *** End Major Checkpoint

2019-01-18 14:51:56,933 21 loss=0.202448681207375
2019-01-18 14:51:56,934 22 loss=0.19606024710728412
2019-01-18 14:51:56,934 23 loss=0.1901764303899048
2019-01-18 14:51:56,935 24 loss=0.18473935137643632
2019-01-18 14:51:56,935 25 loss=0.1796980855716543
2019-01-18 14:51:56,936 26 loss=0.17500770794275966
2019-01-18 14:51:56,937 27 loss=0.17062852540201956
2019-01-18 14:51:56,937 28 loss=0.16652544535634725
2019-01-18 14:51:56,938 29 loss=0.16266744461544436
2019-01-18 14:51:56,938 30 loss=0.15902711401881311
2019-01-18 14:51:56,939 
*** Major Checkpoint. Computing Stats and Saving
2019-01-18 14:51:56,939 	 Computing Major Stats lazily... 
2019-01-18 14:51:56,939 		 Completed edges=132 good=132 bad=0
2019-01-18 14:51:56,941 Distortion avg=0.35136181029213 wc=4.8235295505752385 me=1.5590859915641266 mc=3.09381879939548 nan_elements=0
2019-01-18 14:51:56,941 MAP = 0.5993121693121694
2019-01-18 14:51:56,942 scale=[array([1.])]
2019-01-18 14:51:56,942 *** End Major Checkpoint

2019-01-18 14:51:56,942 31 loss=0.15558026164651353
2019-01-18 14:51:56,943 32 loss=0.15230556259783049
2019-01-18 14:51:56,943 33 loss=0.14918424683405515
2019-01-18 14:51:56,944 34 loss=0.14619981900215862
2019-01-18 14:51:56,944 35 loss=0.14333780582881409
2019-01-18 14:51:56,945 36 loss=0.1405855278291792
2019-01-18 14:51:56,945 37 loss=0.13793189286767898
2019-01-18 14:51:56,946 38 loss=0.13536720964534374
2019-01-18 14:51:56,946 39 loss=0.13288301954448767
2019-01-18 14:51:56,947 40 loss=0.1304719454898856
2019-01-18 14:51:56,947 
*** Major Checkpoint. Computing Stats and Saving
2019-01-18 14:51:56,947 	 Computing Major Stats lazily... 
2019-01-18 14:51:56,948 		 Completed edges=132 good=132 bad=0
2019-01-18 14:51:56,950 Distortion avg=0.3182772886329703 wc=4.194283440896382 me=1.5458980895582657 mc=2.71316943155993 nan_elements=0
2019-01-18 14:51:56,950 MAP = 0.8423611111111112
2019-01-18 14:51:56,950 scale=[array([1.])]
2019-01-18 14:51:56,950 *** End Major Checkpoint

2019-01-18 14:51:56,951 41 loss=0.1281275566251341
2019-01-18 14:51:56,951 42 loss=0.12584424768277497
2019-01-18 14:51:56,952 43 loss=0.1236171319691283
2019-01-18 14:51:56,952 44 loss=0.12144194690631946
2019-01-18 14:51:56,953 45 loss=0.11931497108702643
2019-01-18 14:51:56,953 46 loss=0.1172329518107295
2019-01-18 14:51:56,954 47 loss=0.11519304208941095
2019-01-18 14:51:56,954 48 loss=0.11319274613891961
2019-01-18 14:51:56,955 49 loss=0.11122987241079818
2019-01-18 14:51:56,956 50 loss=0.10930249326798741
2019-01-18 14:51:56,956 
*** Major Checkpoint. Computing Stats and Saving
2019-01-18 14:51:56,956 	 Computing Major Stats lazily... 
2019-01-18 14:51:56,957 		 Completed edges=132 good=132 bad=0
2019-01-18 14:51:56,959 Distortion avg=0.29111804746801756 wc=3.714293047363758 me=1.5067287041176043 mc=2.465137245486396 nan_elements=0
2019-01-18 14:51:56,959 MAP = 0.9318518518518518
2019-01-18 14:51:56,959 scale=[array([1.])]
2019-01-18 14:51:56,959 *** End Major Checkpoint

2019-01-18 14:51:56,959 final loss=0.10930249326798741
2019-01-18 14:51:56,959 best loss=0.10930249326798741, distortion=0.29111804746801756, map=0.9318518518518518, wc_dist=3.714293047363758
2019-01-18 14:51:56,959 	 Computing Major Stats lazily... 
2019-01-18 14:51:56,960 		 Completed edges=132 good=132 bad=0
2019-01-18 14:51:56,962 Distortion avg=0.2911180474680176 wc=3.714293047363758 me=1.5067287041176043 mc=2.465137245486396 nan_elements=0
2019-01-18 14:51:56,962 MAP = 0.9318518518518518
2019-01-18 14:51:56,962 scale=[array([1.])]
