2019-01-18 14:45:12,321 Commandline ['pytorch/pytorch_hyperbolic.py', 'learn', 'data/edges/parsing/ewt/ewt_dev/1087.edges', '--dim', '0', '--hyp', '0', '--edim', '10', '--euc', '1', '--sdim', '0', '--sph', '0', '--log-name', 'ewt_devr2/1087.edges.E10-1.lr1.log', '--batch-size', '65536', '--epochs', '50', '--checkpoint-freq', '10', '-g', '--subsample', '1024', '--learning-rate', '1']
2019-01-18 14:45:12,321 No Model Save selected!
2019-01-18 14:45:12,322 Loaded Graph data/edges/parsing/ewt/ewt_dev/1087.edges with 10 nodes scale=1.0
2019-01-18 14:45:12,323 Building dataset
2019-01-18 14:45:12,323 Subsample: 10 points with scale 1.0 subsample=9
2019-01-18 14:45:12,331 Built Data Sampler
2019-01-18 14:45:12,331 Creating a fresh model warm_start?=None
2019-01-18 14:45:12,331 	 Warmstarting? None None 10
2019-01-18 14:45:12,332 Embedding() torch.Size([10, 10])
2019-01-18 14:45:12,332 relative No Rescale
2019-01-18 14:45:12,332 Constructed model with dim=0 and epochs=0 isnan=False
2019-01-18 14:45:12,333 SGD (
Parameter Group 0
    dampening: 0
    initial_lr: 0.1
    lr: 1.0
    momentum: 0.0
    nesterov: False
    weight_decay: 0

Parameter Group 1
    dampening: 0
    initial_lr: 0.1
    lr: 1.0
    momentum: 0.0
    nesterov: False
    weight_decay: 0

Parameter Group 2
    dampening: 0
    initial_lr: 0.1
    lr: 1.0
    momentum: 0.0
    nesterov: False
    weight_decay: 0

Parameter Group 3
    dampening: 0
    initial_lr: 0.0001
    lr: 0.001
    momentum: 0.0
    nesterov: False
    weight_decay: 0
)
2019-01-18 14:45:12,333 *** Initial Checkpoint. Computing Stats
2019-01-18 14:45:12,333 	 Computing Major Stats lazily... 
2019-01-18 14:45:12,334 		 Completed edges=90 good=90 bad=0
2019-01-18 14:45:12,336 Distortion avg=0.9977388078173143 wc=7.67377506938881 me=0.006365646193963587 mc=1205.498206398228 nan_elements=0
2019-01-18 14:45:12,336 MAP = 0.3923412698412698
2019-01-18 14:45:12,336 scale=[array([1.])]
2019-01-18 14:45:12,336 *** End Initial Checkpoint

2019-01-18 14:45:12,394 1 loss=0.9954845294643416
2019-01-18 14:45:12,395 2 loss=0.7894987253291663
2019-01-18 14:45:12,395 3 loss=0.6440881094647037
2019-01-18 14:45:12,396 4 loss=0.5472580116695304
2019-01-18 14:45:12,396 5 loss=0.481415558055184
2019-01-18 14:45:12,397 6 loss=0.43504238702276
2019-01-18 14:45:12,397 7 loss=0.40098017174398864
2019-01-18 14:45:12,398 8 loss=0.3748246411073736
2019-01-18 14:45:12,398 9 loss=0.3538623644286405
2019-01-18 14:45:12,399 10 loss=0.33640995527513384
2019-01-18 14:45:12,399 
*** Major Checkpoint. Computing Stats and Saving
2019-01-18 14:45:12,399 	 Computing Major Stats lazily... 
2019-01-18 14:45:12,400 		 Completed edges=90 good=90 bad=0
2019-01-18 14:45:12,401 Distortion avg=0.5265463893200206 wc=10.700865436475963 me=1.506506847367399 mc=7.103097775609573 nan_elements=0
2019-01-18 14:45:12,401 MAP = 0.21535714285714286
2019-01-18 14:45:12,402 scale=[array([1.])]
2019-01-18 14:45:12,402 *** End Major Checkpoint

2019-01-18 14:45:12,402 11 loss=0.32141126520960506
2019-01-18 14:45:12,403 12 loss=0.3081932545890271
2019-01-18 14:45:12,403 13 loss=0.2963180364307131
2019-01-18 14:45:12,404 14 loss=0.2854929684130013
2019-01-18 14:45:12,404 15 loss=0.27551582213357106
2019-01-18 14:45:12,405 16 loss=0.26624123694506113
2019-01-18 14:45:12,405 17 loss=0.2575601610296577
2019-01-18 14:45:12,406 18 loss=0.2493872599657227
2019-01-18 14:45:12,406 19 loss=0.24165323097522473
2019-01-18 14:45:12,407 20 loss=0.23430013793773516
2019-01-18 14:45:12,407 
*** Major Checkpoint. Computing Stats and Saving
2019-01-18 14:45:12,407 	 Computing Major Stats lazily... 
2019-01-18 14:45:12,407 		 Completed edges=90 good=90 bad=0
2019-01-18 14:45:12,409 Distortion avg=0.43859414945376074 wc=6.737333403704909 me=1.6420210946615446 mc=4.103073599729616 nan_elements=0
2019-01-18 14:45:12,409 MAP = 0.45511904761904765
2019-01-18 14:45:12,410 scale=[array([1.])]
2019-01-18 14:45:12,410 *** End Major Checkpoint

2019-01-18 14:45:12,410 21 loss=0.2272785968268145
2019-01-18 14:45:12,411 22 loss=0.2205460805461478
2019-01-18 14:45:12,411 23 loss=0.21406588576057411
2019-01-18 14:45:12,412 24 loss=0.20780647665658206
2019-01-18 14:45:12,412 25 loss=0.20174102996916818
2019-01-18 14:45:12,413 26 loss=0.19584707531619946
2019-01-18 14:45:12,413 27 loss=0.19010616927965596
2019-01-18 14:45:12,414 28 loss=0.18450356985866276
2019-01-18 14:45:12,414 29 loss=0.17902789571599126
2019-01-18 14:45:12,415 30 loss=0.17367076579031174
2019-01-18 14:45:12,415 
*** Major Checkpoint. Computing Stats and Saving
2019-01-18 14:45:12,415 	 Computing Major Stats lazily... 
2019-01-18 14:45:12,415 		 Completed edges=90 good=90 bad=0
2019-01-18 14:45:12,417 Distortion avg=0.37032989910318587 wc=4.7621349097624295 me=1.5653045214673438 mc=3.0423057267465894 nan_elements=0
2019-01-18 14:45:12,417 MAP = 0.8037500000000002
2019-01-18 14:45:12,417 scale=[array([1.])]
2019-01-18 14:45:12,418 *** End Major Checkpoint

2019-01-18 14:45:12,418 31 loss=0.1684264217352945
2019-01-18 14:45:12,419 32 loss=0.1632913397622919
2019-01-18 14:45:12,419 33 loss=0.15826384071010774
2019-01-18 14:45:12,420 34 loss=0.15334370808149447
2019-01-18 14:45:12,420 35 loss=0.14853182369832751
2019-01-18 14:45:12,421 36 loss=0.1438298297580734
2019-01-18 14:45:12,421 37 loss=0.13923982460804446
2019-01-18 14:45:12,422 38 loss=0.13476409767350647
2019-01-18 14:45:12,422 39 loss=0.13040490687063172
2019-01-18 14:45:12,423 40 loss=0.12616429969500953
2019-01-18 14:45:12,423 
*** Major Checkpoint. Computing Stats and Saving
2019-01-18 14:45:12,423 	 Computing Major Stats lazily... 
2019-01-18 14:45:12,423 		 Completed edges=90 good=90 bad=0
2019-01-18 14:45:12,425 Distortion avg=0.31322448535962155 wc=3.583935653340642 me=1.4352687418423276 mc=2.497048496116665 nan_elements=0
2019-01-18 14:45:12,425 MAP = 1.0
2019-01-18 14:45:12,425 scale=[array([1.])]
2019-01-18 14:45:12,425 *** End Major Checkpoint

2019-01-18 14:45:12,426 41 loss=0.12204397717432283
2019-01-18 14:45:12,426 42 loss=0.1180451981504928
2019-01-18 14:45:12,427 43 loss=0.11416872000797268
2019-01-18 14:45:12,427 44 loss=0.11041477103733174
2019-01-18 14:45:12,428 45 loss=0.10678304911660026
2019-01-18 14:45:12,428 46 loss=0.10327274126880971
2019-01-18 14:45:12,429 47 loss=0.09988255884839536
2019-01-18 14:45:12,429 48 loss=0.09661078354362523
2019-01-18 14:45:12,430 49 loss=0.09345531997651385
2019-01-18 14:45:12,431 50 loss=0.09041375136131356
2019-01-18 14:45:12,431 
*** Major Checkpoint. Computing Stats and Saving
2019-01-18 14:45:12,431 	 Computing Major Stats lazily... 
2019-01-18 14:45:12,431 		 Completed edges=90 good=90 bad=0
2019-01-18 14:45:12,433 Distortion avg=0.26297135587437354 wc=2.848112065118499 me=1.3199725527178368 mc=2.1577055214172502 nan_elements=0
2019-01-18 14:45:12,433 MAP = 1.0
2019-01-18 14:45:12,434 scale=[array([1.])]
2019-01-18 14:45:12,434 *** End Major Checkpoint

2019-01-18 14:45:12,434 final loss=0.09041375136131356
2019-01-18 14:45:12,434 best loss=0.09041375136131356, distortion=0.26297135587437354, map=1.0, wc_dist=2.848112065118499
2019-01-18 14:45:12,434 	 Computing Major Stats lazily... 
2019-01-18 14:45:12,435 		 Completed edges=90 good=90 bad=0
2019-01-18 14:45:12,436 Distortion avg=0.2629713558743736 wc=2.848112065118499 me=1.3199725527178368 mc=2.1577055214172502 nan_elements=0
2019-01-18 14:45:12,436 MAP = 1.0
2019-01-18 14:45:12,437 scale=[array([1.])]
