2019-01-18 14:57:29,560 Commandline ['pytorch/pytorch_hyperbolic.py', 'learn', 'data/edges/parsing/ewt/ewt_dev/109.edges', '--dim', '0', '--hyp', '0', '--edim', '10', '--euc', '1', '--sdim', '0', '--sph', '0', '--log-name', 'ewt_devr2/109.edges.E10-1.lr1.log', '--batch-size', '65536', '--epochs', '50', '--checkpoint-freq', '10', '-g', '--subsample', '1024', '--learning-rate', '1']
2019-01-18 14:57:29,560 No Model Save selected!
2019-01-18 14:57:29,562 Loaded Graph data/edges/parsing/ewt/ewt_dev/109.edges with 42 nodes scale=1.0
2019-01-18 14:57:29,562 Building dataset
2019-01-18 14:57:29,563 Subsample: 42 points with scale 1.0 subsample=41
2019-01-18 14:57:29,632 Built Data Sampler
2019-01-18 14:57:29,632 Creating a fresh model warm_start?=None
2019-01-18 14:57:29,633 	 Warmstarting? None None 42
2019-01-18 14:57:29,633 Embedding() torch.Size([42, 10])
2019-01-18 14:57:29,633 relative No Rescale
2019-01-18 14:57:29,633 Constructed model with dim=0 and epochs=0 isnan=False
2019-01-18 14:57:29,634 SGD (
Parameter Group 0
    dampening: 0
    initial_lr: 0.1
    lr: 1.0
    momentum: 0.0
    nesterov: False
    weight_decay: 0

Parameter Group 1
    dampening: 0
    initial_lr: 0.1
    lr: 1.0
    momentum: 0.0
    nesterov: False
    weight_decay: 0

Parameter Group 2
    dampening: 0
    initial_lr: 0.1
    lr: 1.0
    momentum: 0.0
    nesterov: False
    weight_decay: 0

Parameter Group 3
    dampening: 0
    initial_lr: 0.0001
    lr: 0.001
    momentum: 0.0
    nesterov: False
    weight_decay: 0
)
2019-01-18 14:57:29,634 *** Initial Checkpoint. Computing Stats
2019-01-18 14:57:29,634 	 Computing Major Stats lazily... 
2019-01-18 14:57:29,641 		 Completed edges=1722 good=1722 bad=0
2019-01-18 14:57:29,647 Distortion avg=0.9988432148238765 wc=25.792207974348663 me=0.006273060872355345 mc=4111.582606827864 nan_elements=0
2019-01-18 14:57:29,647 MAP = 0.09342747157463607
2019-01-18 14:57:29,647 scale=[array([1.])]
2019-01-18 14:57:29,647 *** End Initial Checkpoint

2019-01-18 14:57:29,705 1 loss=0.9976886422272838
2019-01-18 14:57:29,707 2 loss=0.9835068461196935
2019-01-18 14:57:29,708 3 loss=0.9692705674816998
2019-01-18 14:57:29,710 4 loss=0.9553365503566646
2019-01-18 14:57:29,712 5 loss=0.9417583167045099
2019-01-18 14:57:29,713 6 loss=0.9285476349768182
2019-01-18 14:57:29,715 7 loss=0.9157038908831607
2019-01-18 14:57:29,716 8 loss=0.9032214830247406
2019-01-18 14:57:29,718 9 loss=0.8910924841962073
2019-01-18 14:57:29,720 10 loss=0.8793078166730548
2019-01-18 14:57:29,720 
*** Major Checkpoint. Computing Stats and Saving
2019-01-18 14:57:29,720 	 Computing Major Stats lazily... 
2019-01-18 14:57:29,727 		 Completed edges=1722 good=1722 bad=0
2019-01-18 14:57:29,733 Distortion avg=0.9290821236975543 wc=37.98387327957083 me=0.3979730970781719 mc=95.44331905457882 nan_elements=0
2019-01-18 14:57:29,734 MAP = 0.047403392197221735
2019-01-18 14:57:29,734 scale=[array([1.])]
2019-01-18 14:57:29,734 *** End Major Checkpoint

2019-01-18 14:57:29,735 11 loss=0.8678578443589535
2019-01-18 14:57:29,737 12 loss=0.856732699165036
2019-01-18 14:57:29,739 13 loss=0.8459224725047362
2019-01-18 14:57:29,740 14 loss=0.8354173325584531
2019-01-18 14:57:29,742 15 loss=0.8252075980412762
2019-01-18 14:57:29,743 16 loss=0.8152837851860009
2019-01-18 14:57:29,745 17 loss=0.8056366375651663
2019-01-18 14:57:29,746 18 loss=0.7962571445626215
2019-01-18 14:57:29,748 19 loss=0.7871365521448495
2019-01-18 14:57:29,750 20 loss=0.7782663683035931
2019-01-18 14:57:29,750 
*** Major Checkpoint. Computing Stats and Saving
2019-01-18 14:57:29,750 	 Computing Major Stats lazily... 
2019-01-18 14:57:29,756 		 Completed edges=1722 good=1722 bad=0
2019-01-18 14:57:29,763 Distortion avg=0.8682581903471998 wc=36.73450371012223 me=0.7175625675543185 mc=51.19345039879256 nan_elements=0
2019-01-18 14:57:29,763 MAP = 0.04703109062469252
2019-01-18 14:57:29,763 scale=[array([1.])]
2019-01-18 14:57:29,763 *** End Major Checkpoint

2019-01-18 14:57:29,765 21 loss=0.7696383647554023
2019-01-18 14:57:29,766 22 loss=0.7612445759847418
2019-01-18 14:57:29,768 23 loss=0.7530772963912279
2019-01-18 14:57:29,769 24 loss=0.7451290760831709
2019-01-18 14:57:29,771 25 loss=0.7373927157099768
2019-01-18 14:57:29,773 26 loss=0.7298612606214097
2019-01-18 14:57:29,774 27 loss=0.7225279945674045
2019-01-18 14:57:29,776 28 loss=0.7153864330983821
2019-01-18 14:57:29,778 29 loss=0.7084303167867135
2019-01-18 14:57:29,779 30 loss=0.7016536043607273
2019-01-18 14:57:29,779 
*** Major Checkpoint. Computing Stats and Saving
2019-01-18 14:57:29,779 	 Computing Major Stats lazily... 
2019-01-18 14:57:29,786 		 Completed edges=1722 good=1722 bad=0
2019-01-18 14:57:29,792 Distortion avg=0.8156149170094552 wc=34.8484346693141 me=0.9770326942964005 mc=35.667623890938295 nan_elements=0
2019-01-18 14:57:29,792 MAP = 0.04724431824407928
2019-01-18 14:57:29,792 scale=[array([1.])]
2019-01-18 14:57:29,792 *** End Major Checkpoint

2019-01-18 14:57:29,794 31 loss=0.6950504658207864
2019-01-18 14:57:29,795 32 loss=0.6886152755903198
2019-01-18 14:57:29,797 33 loss=0.6823426057420028
2019-01-18 14:57:29,798 34 loss=0.6762272193294699
2019-01-18 14:57:29,800 35 loss=0.6702640638473522
2019-01-18 14:57:29,801 36 loss=0.6644482648364891
2019-01-18 14:57:29,803 37 loss=0.6587751196465034
2019-01-18 14:57:29,804 38 loss=0.6532400913642652
2019-01-18 14:57:29,806 39 loss=0.6478388029138692
2019-01-18 14:57:29,808 40 loss=0.6425670313314557
2019-01-18 14:57:29,808 
*** Major Checkpoint. Computing Stats and Saving
2019-01-18 14:57:29,808 	 Computing Major Stats lazily... 
2019-01-18 14:57:29,814 		 Completed edges=1722 good=1722 bad=0
2019-01-18 14:57:29,820 Distortion avg=0.7750517360466437 wc=32.808935877134374 me=1.1834592658709815 mc=27.72291098079175 nan_elements=0
2019-01-18 14:57:29,820 MAP = 0.047869790894356494
2019-01-18 14:57:29,820 scale=[array([1.])]
2019-01-18 14:57:29,820 *** End Major Checkpoint

2019-01-18 14:57:29,822 41 loss=0.6374207022163938
2019-01-18 14:57:29,823 42 loss=0.6323958843589055
2019-01-18 14:57:29,825 43 loss=0.6274887845430751
2019-01-18 14:57:29,827 44 loss=0.6226957425233006
2019-01-18 14:57:29,828 45 loss=0.6180132261715398
2019-01-18 14:57:29,830 46 loss=0.6134378267921717
2019-01-18 14:57:29,831 47 loss=0.608966254600879
2019-01-18 14:57:29,833 48 loss=0.6045953343636458
2019-01-18 14:57:29,834 49 loss=0.6003220011917431
2019-01-18 14:57:29,836 50 loss=0.5961432964884203
2019-01-18 14:57:29,836 
*** Major Checkpoint. Computing Stats and Saving
2019-01-18 14:57:29,836 	 Computing Major Stats lazily... 
2019-01-18 14:57:29,843 		 Completed edges=1722 good=1722 bad=0
2019-01-18 14:57:29,849 Distortion avg=0.7453930124664098 wc=31.851923015551876 me=1.3653571966157332 mc=23.328637439713365 nan_elements=0
2019-01-18 14:57:29,849 MAP = 0.048819090679536235
2019-01-18 14:57:29,849 scale=[array([1.])]
2019-01-18 14:57:29,849 *** End Major Checkpoint

2019-01-18 14:57:29,849 final loss=0.5961432964884203
2019-01-18 14:57:29,850 best loss=0.5961432964884203, distortion=0.7453930124664098, map=0.048819090679536235, wc_dist=31.851923015551876
2019-01-18 14:57:29,850 	 Computing Major Stats lazily... 
2019-01-18 14:57:29,856 		 Completed edges=1722 good=1722 bad=0
2019-01-18 14:57:29,863 Distortion avg=0.745393012466411 wc=31.851923015551876 me=1.3653571966157332 mc=23.328637439713365 nan_elements=0
2019-01-18 14:57:29,863 MAP = 0.04881909067953625
2019-01-18 14:57:29,863 scale=[array([1.])]
