2019-01-18 15:05:49,439 Commandline ['pytorch/pytorch_hyperbolic.py', 'learn', 'data/edges/parsing/ewt/ewt_dev/1090.edges', '--dim', '0', '--hyp', '0', '--edim', '10', '--euc', '1', '--sdim', '0', '--sph', '0', '--log-name', 'ewt_devr2/1090.edges.E10-1.lr1.log', '--batch-size', '65536', '--epochs', '50', '--checkpoint-freq', '10', '-g', '--subsample', '1024', '--learning-rate', '1']
2019-01-18 15:05:49,439 No Model Save selected!
2019-01-18 15:05:49,441 Loaded Graph data/edges/parsing/ewt/ewt_dev/1090.edges with 6 nodes scale=1.0
2019-01-18 15:05:49,441 Building dataset
2019-01-18 15:05:49,441 Subsample: 6 points with scale 1.0 subsample=5
2019-01-18 15:05:49,446 Built Data Sampler
2019-01-18 15:05:49,446 Creating a fresh model warm_start?=None
2019-01-18 15:05:49,446 	 Warmstarting? None None 6
2019-01-18 15:05:49,447 Embedding() torch.Size([6, 10])
2019-01-18 15:05:49,447 relative No Rescale
2019-01-18 15:05:49,447 Constructed model with dim=0 and epochs=0 isnan=False
2019-01-18 15:05:49,447 SGD (
Parameter Group 0
    dampening: 0
    initial_lr: 0.1
    lr: 1.0
    momentum: 0.0
    nesterov: False
    weight_decay: 0

Parameter Group 1
    dampening: 0
    initial_lr: 0.1
    lr: 1.0
    momentum: 0.0
    nesterov: False
    weight_decay: 0

Parameter Group 2
    dampening: 0
    initial_lr: 0.1
    lr: 1.0
    momentum: 0.0
    nesterov: False
    weight_decay: 0

Parameter Group 3
    dampening: 0
    initial_lr: 0.0001
    lr: 0.001
    momentum: 0.0
    nesterov: False
    weight_decay: 0
)
2019-01-18 15:05:49,448 *** Initial Checkpoint. Computing Stats
2019-01-18 15:05:49,448 	 Computing Major Stats lazily... 
2019-01-18 15:05:49,448 		 Completed edges=30 good=30 bad=0
2019-01-18 15:05:49,449 Distortion avg=0.9974135899064197 wc=4.222603234570107 me=0.004841439921601976 mc=872.1792076215411 nan_elements=0
2019-01-18 15:05:49,450 MAP = 0.5972222222222222
2019-01-18 15:05:49,450 scale=[array([1.])]
2019-01-18 15:05:49,450 *** End Initial Checkpoint

2019-01-18 15:05:49,514 1 loss=0.9948353207946098
2019-01-18 15:05:49,515 2 loss=0.5231524307355181
2019-01-18 15:05:49,515 3 loss=0.34876361331032296
2019-01-18 15:05:49,516 4 loss=0.27942259369989275
2019-01-18 15:05:49,516 5 loss=0.2421127421849996
2019-01-18 15:05:49,517 6 loss=0.21624638807822963
2019-01-18 15:05:49,517 7 loss=0.19562646344439305
2019-01-18 15:05:49,518 8 loss=0.17809277077403954
2019-01-18 15:05:49,518 9 loss=0.1627143637386283
2019-01-18 15:05:49,519 10 loss=0.14899076604316838
2019-01-18 15:05:49,519 
*** Major Checkpoint. Computing Stats and Saving
2019-01-18 15:05:49,519 	 Computing Major Stats lazily... 
2019-01-18 15:05:49,519 		 Completed edges=30 good=30 bad=0
2019-01-18 15:05:49,521 Distortion avg=0.32882482116996115 wc=3.4639318552090357 me=1.2509092307293466 mc=2.7691312607785132 nan_elements=0
2019-01-18 15:05:49,521 MAP = 1.0
2019-01-18 15:05:49,521 scale=[array([1.])]
2019-01-18 15:05:49,521 *** End Major Checkpoint

2019-01-18 15:05:49,522 11 loss=0.13660914454102635
2019-01-18 15:05:49,522 12 loss=0.12535966449829997
2019-01-18 15:05:49,523 13 loss=0.11509690319696518
2019-01-18 15:05:49,524 14 loss=0.1057165228771639
2019-01-18 15:05:49,524 15 loss=0.09713934860466372
2019-01-18 15:05:49,525 16 loss=0.08930070563958539
2019-01-18 15:05:49,526 17 loss=0.08214385451716372
2019-01-18 15:05:49,526 18 loss=0.0756164097720766
2019-01-18 15:05:49,527 19 loss=0.0696687052970775
2019-01-18 15:05:49,527 20 loss=0.06425327841062593
2019-01-18 15:05:49,527 
*** Major Checkpoint. Computing Stats and Saving
2019-01-18 15:05:49,528 	 Computing Major Stats lazily... 
2019-01-18 15:05:49,528 		 Completed edges=30 good=30 bad=0
2019-01-18 15:05:49,529 Distortion avg=0.2089213784750613 wc=2.126971367819057 me=1.1571960170806133 mc=1.8380389635154497 nan_elements=0
2019-01-18 15:05:49,529 MAP = 1.0
2019-01-18 15:05:49,530 scale=[array([1.])]
2019-01-18 15:05:49,530 *** End Major Checkpoint

2019-01-18 15:05:49,530 21 loss=0.05932489872016598
2019-01-18 15:05:49,531 22 loss=0.05484079167504257
2019-01-18 15:05:49,531 23 loss=0.05076087043835108
2019-01-18 15:05:49,532 24 loss=0.04704789442693605
2019-01-18 15:05:49,533 25 loss=0.043667532307922384
2019-01-18 15:05:49,533 26 loss=0.040588336658454974
2019-01-18 15:05:49,534 27 loss=0.037781649107780514
2019-01-18 15:05:49,534 28 loss=0.035221456912727996
2019-01-18 15:05:49,535 29 loss=0.03288421966249587
2019-01-18 15:05:49,535 30 loss=0.03074868100965739
2019-01-18 15:05:49,535 
*** Major Checkpoint. Computing Stats and Saving
2019-01-18 15:05:49,535 	 Computing Major Stats lazily... 
2019-01-18 15:05:49,536 		 Completed edges=30 good=30 bad=0
2019-01-18 15:05:49,537 Distortion avg=0.14340727001407824 wc=1.6910496350210977 me=1.1330666470995672 mc=1.4924538105060807 nan_elements=0
2019-01-18 15:05:49,537 MAP = 1.0
2019-01-18 15:05:49,537 scale=[array([1.])]
2019-01-18 15:05:49,537 *** End Major Checkpoint

2019-01-18 15:05:49,538 31 loss=0.028795676416182064
2019-01-18 15:05:49,538 32 loss=0.027007944508005952
2019-01-18 15:05:49,539 33 loss=0.02536994693797568
2019-01-18 15:05:49,539 34 loss=0.023867699644922167
2019-01-18 15:05:49,540 35 loss=0.022488616962151188
2019-01-18 15:05:49,540 36 loss=0.021221369047584267
2019-01-18 15:05:49,540 37 loss=0.02005575246518892
2019-01-18 15:05:49,541 38 loss=0.018982573348212538
2019-01-18 15:05:49,541 39 loss=0.017993542345580926
2019-01-18 15:05:49,542 40 loss=0.017081180439158686
2019-01-18 15:05:49,542 
*** Major Checkpoint. Computing Stats and Saving
2019-01-18 15:05:49,542 	 Computing Major Stats lazily... 
2019-01-18 15:05:49,542 		 Completed edges=30 good=30 bad=0
2019-01-18 15:05:49,543 Distortion avg=0.10748921700738807 wc=1.4887679320114866 me=1.1203983024303263 mc=1.3287845302711603 nan_elements=0
2019-01-18 15:05:49,543 MAP = 1.0
2019-01-18 15:05:49,544 scale=[array([1.])]
2019-01-18 15:05:49,544 *** End Major Checkpoint

2019-01-18 15:05:49,544 41 loss=0.016238734682218644
2019-01-18 15:05:49,545 42 loss=0.015460102920899926
2019-01-18 15:05:49,545 43 loss=0.01473976660164883
2019-01-18 15:05:49,545 44 loss=0.014072730825742995
2019-01-18 15:05:49,546 45 loss=0.01345447087839714
2019-01-18 15:05:49,546 46 loss=0.012880884529015955
2019-01-18 15:05:49,547 47 loss=0.012348249467326038
2019-01-18 15:05:49,547 48 loss=0.011853185305207433
2019-01-18 15:05:49,548 49 loss=0.011392619634824071
2019-01-18 15:05:49,548 50 loss=0.01096375768951741
2019-01-18 15:05:49,548 
*** Major Checkpoint. Computing Stats and Saving
2019-01-18 15:05:49,548 	 Computing Major Stats lazily... 
2019-01-18 15:05:49,549 		 Completed edges=30 good=30 bad=0
2019-01-18 15:05:49,550 Distortion avg=0.08841060840533278 wc=1.3761736542650587 me=1.1097679156866185 mc=1.2400553618579013 nan_elements=0
2019-01-18 15:05:49,550 MAP = 1.0
2019-01-18 15:05:49,550 scale=[array([1.])]
2019-01-18 15:05:49,550 *** End Major Checkpoint

2019-01-18 15:05:49,551 final loss=0.01096375768951741
2019-01-18 15:05:49,551 best loss=0.01096375768951741, distortion=0.08841060840533278, map=1.0, wc_dist=1.3761736542650587
2019-01-18 15:05:49,551 	 Computing Major Stats lazily... 
2019-01-18 15:05:49,551 		 Completed edges=30 good=30 bad=0
2019-01-18 15:05:49,552 Distortion avg=0.0884106084053328 wc=1.3761736542650587 me=1.1097679156866185 mc=1.2400553618579013 nan_elements=0
2019-01-18 15:05:49,552 MAP = 1.0
2019-01-18 15:05:49,552 scale=[array([1.])]
