2019-01-18 14:52:33,030 Commandline ['pytorch/pytorch_hyperbolic.py', 'learn', 'data/edges/parsing/ewt/ewt_dev/1093.edges', '--dim', '0', '--hyp', '0', '--edim', '10', '--euc', '1', '--sdim', '0', '--sph', '0', '--log-name', 'ewt_devr2/1093.edges.E10-1.lr1.log', '--batch-size', '65536', '--epochs', '50', '--checkpoint-freq', '10', '-g', '--subsample', '1024', '--learning-rate', '1']
2019-01-18 14:52:33,030 No Model Save selected!
2019-01-18 14:52:33,032 Loaded Graph data/edges/parsing/ewt/ewt_dev/1093.edges with 11 nodes scale=1.0
2019-01-18 14:52:33,032 Building dataset
2019-01-18 14:52:33,032 Subsample: 11 points with scale 1.0 subsample=10
2019-01-18 14:52:33,041 Built Data Sampler
2019-01-18 14:52:33,041 Creating a fresh model warm_start?=None
2019-01-18 14:52:33,041 	 Warmstarting? None None 11
2019-01-18 14:52:33,042 Embedding() torch.Size([11, 10])
2019-01-18 14:52:33,042 relative No Rescale
2019-01-18 14:52:33,042 Constructed model with dim=0 and epochs=0 isnan=False
2019-01-18 14:52:33,042 SGD (
Parameter Group 0
    dampening: 0
    initial_lr: 0.1
    lr: 1.0
    momentum: 0.0
    nesterov: False
    weight_decay: 0

Parameter Group 1
    dampening: 0
    initial_lr: 0.1
    lr: 1.0
    momentum: 0.0
    nesterov: False
    weight_decay: 0

Parameter Group 2
    dampening: 0
    initial_lr: 0.1
    lr: 1.0
    momentum: 0.0
    nesterov: False
    weight_decay: 0

Parameter Group 3
    dampening: 0
    initial_lr: 0.0001
    lr: 0.001
    momentum: 0.0
    nesterov: False
    weight_decay: 0
)
2019-01-18 14:52:33,043 *** Initial Checkpoint. Computing Stats
2019-01-18 14:52:33,043 	 Computing Major Stats lazily... 
2019-01-18 14:52:33,044 		 Completed edges=110 good=110 bad=0
2019-01-18 14:52:33,046 Distortion avg=0.9978800190867504 wc=11.15577996514956 me=0.005628252251848828 mc=1982.1037625818906 nan_elements=0
2019-01-18 14:52:33,046 MAP = 0.24614898989898987
2019-01-18 14:52:33,046 scale=[array([1.])]
2019-01-18 14:52:33,046 *** End Initial Checkpoint

2019-01-18 14:52:33,101 1 loss=0.9957661940054997
2019-01-18 14:52:33,102 2 loss=0.8130901405770943
2019-01-18 14:52:33,102 3 loss=0.6790960648508972
2019-01-18 14:52:33,103 4 loss=0.5845137198083995
2019-01-18 14:52:33,103 5 loss=0.5163576336597836
2019-01-18 14:52:33,104 6 loss=0.46576828146912286
2019-01-18 14:52:33,105 7 loss=0.4269853357968524
2019-01-18 14:52:33,105 8 loss=0.39628805981515375
2019-01-18 14:52:33,106 9 loss=0.37126046508377225
2019-01-18 14:52:33,106 10 loss=0.3503160082861183
2019-01-18 14:52:33,106 
*** Major Checkpoint. Computing Stats and Saving
2019-01-18 14:52:33,106 	 Computing Major Stats lazily... 
2019-01-18 14:52:33,107 		 Completed edges=110 good=110 bad=0
2019-01-18 14:52:33,109 Distortion avg=0.5404908031572604 wc=10.176746289359462 me=1.3178814786109256 mc=7.722049709725008 nan_elements=0
2019-01-18 14:52:33,109 MAP = 0.17806637806637807
2019-01-18 14:52:33,109 scale=[array([1.])]
2019-01-18 14:52:33,109 *** End Major Checkpoint

2019-01-18 14:52:33,110 11 loss=0.3323964643464397
2019-01-18 14:52:33,110 12 loss=0.31678225301957824
2019-01-18 14:52:33,111 13 loss=0.3029729093106694
2019-01-18 14:52:33,111 14 loss=0.2906114723897398
2019-01-18 14:52:33,112 15 loss=0.27943637662250087
2019-01-18 14:52:33,112 16 loss=0.2692506152865859
2019-01-18 14:52:33,113 17 loss=0.25990180136624075
2019-01-18 14:52:33,113 18 loss=0.2512691402140223
2019-01-18 14:52:33,114 19 loss=0.2432548119319018
2019-01-18 14:52:33,114 20 loss=0.23577818418936725
2019-01-18 14:52:33,114 
*** Major Checkpoint. Computing Stats and Saving
2019-01-18 14:52:33,114 	 Computing Major Stats lazily... 
2019-01-18 14:52:33,115 		 Completed edges=110 good=110 bad=0
2019-01-18 14:52:33,117 Distortion avg=0.4446018640007566 wc=7.8222308547292245 me=1.5554561110935785 mc=5.02889846839184 nan_elements=0
2019-01-18 14:52:33,117 MAP = 0.346067821067821
2019-01-18 14:52:33,117 scale=[array([1.])]
2019-01-18 14:52:33,117 *** End Major Checkpoint

2019-01-18 14:52:33,117 21 loss=0.2287718531735097
2019-01-18 14:52:33,118 22 loss=0.2221788731986352
2019-01-18 14:52:33,119 23 loss=0.21595076514903389
2019-01-18 14:52:33,119 24 loss=0.21004604024506185
2019-01-18 14:52:33,120 25 loss=0.20442906942942296
2019-01-18 14:52:33,120 26 loss=0.19906918911440327
2019-01-18 14:52:33,121 27 loss=0.19393997308097174
2019-01-18 14:52:33,121 28 loss=0.1890186255187672
2019-01-18 14:52:33,122 29 loss=0.18428546634401624
2019-01-18 14:52:33,122 30 loss=0.17972349013089917
2019-01-18 14:52:33,122 
*** Major Checkpoint. Computing Stats and Saving
2019-01-18 14:52:33,122 	 Computing Major Stats lazily... 
2019-01-18 14:52:33,123 		 Completed edges=110 good=110 bad=0
2019-01-18 14:52:33,125 Distortion avg=0.3712141838544481 wc=6.313791939053433 me=1.6240097112446807 mc=3.887779669873026 nan_elements=0
2019-01-18 14:52:33,125 MAP = 0.6590909090909091
2019-01-18 14:52:33,125 scale=[array([1.])]
2019-01-18 14:52:33,125 *** End Major Checkpoint

2019-01-18 14:52:33,125 31 loss=0.17531798627764586
2019-01-18 14:52:33,126 32 loss=0.17105621176531052
2019-01-18 14:52:33,126 33 loss=0.16692710998235888
2019-01-18 14:52:33,127 34 loss=0.16292107021776578
2019-01-18 14:52:33,127 35 loss=0.1590297230019194
2019-01-18 14:52:33,128 36 loss=0.15524576678446436
2019-01-18 14:52:33,129 37 loss=0.15156282166007823
2019-01-18 14:52:33,129 38 loss=0.14797530608749124
2019-01-18 14:52:33,130 39 loss=0.14447833283897737
2019-01-18 14:52:33,130 40 loss=0.14106762077570761
2019-01-18 14:52:33,130 
*** Major Checkpoint. Computing Stats and Saving
2019-01-18 14:52:33,130 	 Computing Major Stats lazily... 
2019-01-18 14:52:33,131 		 Completed edges=110 good=110 bad=0
2019-01-18 14:52:33,133 Distortion avg=0.31577158215296836 wc=5.014853587376698 me=1.5863058398908216 mc=3.1613409351893 nan_elements=0
2019-01-18 14:52:33,133 MAP = 0.8488636363636363
2019-01-18 14:52:33,133 scale=[array([1.])]
2019-01-18 14:52:33,133 *** End Major Checkpoint

2019-01-18 14:52:33,133 41 loss=0.13773941945567877
2019-01-18 14:52:33,134 42 loss=0.13449044402196056
2019-01-18 14:52:33,134 43 loss=0.13131781826378724
2019-01-18 14:52:33,135 44 loss=0.12821902416813682
2019-01-18 14:52:33,136 45 loss=0.1251918566666743
2019-01-18 14:52:33,137 46 loss=0.12223438262019164
2019-01-18 14:52:33,137 47 loss=0.11934490336376775
2019-01-18 14:52:33,138 48 loss=0.11652192035965396
2019-01-18 14:52:33,139 49 loss=0.11376410367409326
2019-01-18 14:52:33,139 50 loss=0.11107026311430829
2019-01-18 14:52:33,139 
*** Major Checkpoint. Computing Stats and Saving
2019-01-18 14:52:33,139 	 Computing Major Stats lazily... 
2019-01-18 14:52:33,140 		 Completed edges=110 good=110 bad=0
2019-01-18 14:52:33,142 Distortion avg=0.2764070865397077 wc=4.012305257746874 me=1.5032829503303744 mc=2.669028646180744 nan_elements=0
2019-01-18 14:52:33,142 MAP = 0.9848484848484848
2019-01-18 14:52:33,142 scale=[array([1.])]
2019-01-18 14:52:33,142 *** End Major Checkpoint

2019-01-18 14:52:33,142 final loss=0.11107026311430829
2019-01-18 14:52:33,142 best loss=0.11107026311430829, distortion=0.2764070865397077, map=0.9848484848484848, wc_dist=4.012305257746874
2019-01-18 14:52:33,142 	 Computing Major Stats lazily... 
2019-01-18 14:52:33,143 		 Completed edges=110 good=110 bad=0
2019-01-18 14:52:33,144 Distortion avg=0.27640708653970775 wc=4.012305257746874 me=1.5032829503303744 mc=2.669028646180744 nan_elements=0
2019-01-18 14:52:33,144 MAP = 0.9848484848484849
2019-01-18 14:52:33,145 scale=[array([1.])]
