2019-01-18 14:48:49,852 Commandline ['pytorch/pytorch_hyperbolic.py', 'learn', 'data/edges/parsing/ewt/ewt_dev/1095.edges', '--dim', '0', '--hyp', '0', '--edim', '10', '--euc', '1', '--sdim', '0', '--sph', '0', '--log-name', 'ewt_devr2/1095.edges.E10-1.lr1.log', '--batch-size', '65536', '--epochs', '50', '--checkpoint-freq', '10', '-g', '--subsample', '1024', '--learning-rate', '1']
2019-01-18 14:48:49,853 No Model Save selected!
2019-01-18 14:48:49,854 Loaded Graph data/edges/parsing/ewt/ewt_dev/1095.edges with 6 nodes scale=1.0
2019-01-18 14:48:49,854 Building dataset
2019-01-18 14:48:49,855 Subsample: 6 points with scale 1.0 subsample=5
2019-01-18 14:48:49,859 Built Data Sampler
2019-01-18 14:48:49,859 Creating a fresh model warm_start?=None
2019-01-18 14:48:49,859 	 Warmstarting? None None 6
2019-01-18 14:48:49,860 Embedding() torch.Size([6, 10])
2019-01-18 14:48:49,860 relative No Rescale
2019-01-18 14:48:49,860 Constructed model with dim=0 and epochs=0 isnan=False
2019-01-18 14:48:49,860 SGD (
Parameter Group 0
    dampening: 0
    initial_lr: 0.1
    lr: 1.0
    momentum: 0.0
    nesterov: False
    weight_decay: 0

Parameter Group 1
    dampening: 0
    initial_lr: 0.1
    lr: 1.0
    momentum: 0.0
    nesterov: False
    weight_decay: 0

Parameter Group 2
    dampening: 0
    initial_lr: 0.1
    lr: 1.0
    momentum: 0.0
    nesterov: False
    weight_decay: 0

Parameter Group 3
    dampening: 0
    initial_lr: 0.0001
    lr: 0.001
    momentum: 0.0
    nesterov: False
    weight_decay: 0
)
2019-01-18 14:48:49,860 *** Initial Checkpoint. Computing Stats
2019-01-18 14:48:49,861 	 Computing Major Stats lazily... 
2019-01-18 14:48:49,861 		 Completed edges=30 good=30 bad=0
2019-01-18 14:48:49,862 Distortion avg=0.9973142800837578 wc=5.905607273393776 me=0.005628252251848828 mc=1049.2790673079444 nan_elements=0
2019-01-18 14:48:49,862 MAP = 0.6407407407407407
2019-01-18 14:48:49,863 scale=[array([1.])]
2019-01-18 14:48:49,863 *** End Initial Checkpoint

2019-01-18 14:48:49,921 1 loss=0.9946377608194737
2019-01-18 14:48:49,922 2 loss=0.5161312127494393
2019-01-18 14:48:49,923 3 loss=0.34858979611906593
2019-01-18 14:48:49,923 4 loss=0.28195922531401585
2019-01-18 14:48:49,924 5 loss=0.2462676927506293
2019-01-18 14:48:49,924 6 loss=0.22226614271729558
2019-01-18 14:48:49,924 7 loss=0.2038865156676505
2019-01-18 14:48:49,925 8 loss=0.18874630259138744
2019-01-18 14:48:49,925 9 loss=0.17566843817611802
2019-01-18 14:48:49,926 10 loss=0.1639702429938899
2019-01-18 14:48:49,926 
*** Major Checkpoint. Computing Stats and Saving
2019-01-18 14:48:49,926 	 Computing Major Stats lazily... 
2019-01-18 14:48:49,926 		 Completed edges=30 good=30 bad=0
2019-01-18 14:48:49,927 Distortion avg=0.34372110932155986 wc=4.113691622871523 me=1.2937459072697663 mc=3.1796750812938055 nan_elements=0
2019-01-18 14:48:49,927 MAP = 0.8472222222222222
2019-01-18 14:48:49,928 scale=[array([1.])]
2019-01-18 14:48:49,928 *** End Major Checkpoint

2019-01-18 14:48:49,928 11 loss=0.15323015230110454
2019-01-18 14:48:49,929 12 loss=0.14319165396237132
2019-01-18 14:48:49,929 13 loss=0.13370945162937958
2019-01-18 14:48:49,930 14 loss=0.12471153314604856
2019-01-18 14:48:49,930 15 loss=0.11617045896300045
2019-01-18 14:48:49,931 16 loss=0.10808223114052141
2019-01-18 14:48:49,931 17 loss=0.10045186344576193
2019-01-18 14:48:49,932 18 loss=0.09328453211092727
2019-01-18 14:48:49,932 19 loss=0.08658096025648775
2019-01-18 14:48:49,933 20 loss=0.08033569992879405
2019-01-18 14:48:49,933 
*** Major Checkpoint. Computing Stats and Saving
2019-01-18 14:48:49,933 	 Computing Major Stats lazily... 
2019-01-18 14:48:49,933 		 Completed edges=30 good=30 bad=0
2019-01-18 14:48:49,934 Distortion avg=0.2300210142515033 wc=2.503231346509181 me=1.1879134723952163 mc=2.1072505739511986 nan_elements=0
2019-01-18 14:48:49,934 MAP = 1.0
2019-01-18 14:48:49,935 scale=[array([1.])]
2019-01-18 14:48:49,935 *** End Major Checkpoint

2019-01-18 14:48:49,935 21 loss=0.07453717776602227
2019-01-18 14:48:49,936 22 loss=0.0691686559097156
2019-01-18 14:48:49,936 23 loss=0.06420954130577815
2019-01-18 14:48:49,937 24 loss=0.05963670665923484
2019-01-18 14:48:49,937 25 loss=0.05542565134771049
2019-01-18 14:48:49,937 26 loss=0.051551436602903365
2019-01-18 14:48:49,938 27 loss=0.04798939011630139
2019-01-18 14:48:49,938 28 loss=0.04471560539527617
2019-01-18 14:48:49,939 29 loss=0.04170727252838424
2019-01-18 14:48:49,939 30 loss=0.03894287794326796
2019-01-18 14:48:49,939 
*** Major Checkpoint. Computing Stats and Saving
2019-01-18 14:48:49,939 	 Computing Major Stats lazily... 
2019-01-18 14:48:49,940 		 Completed edges=30 good=30 bad=0
2019-01-18 14:48:49,941 Distortion avg=0.1584723151206729 wc=1.8509500838143422 me=1.1351335130770082 mc=1.630601213417591 nan_elements=0
2019-01-18 14:48:49,941 MAP = 1.0
2019-01-18 14:48:49,941 scale=[array([1.])]
2019-01-18 14:48:49,941 *** End Major Checkpoint

2019-01-18 14:48:49,942 31 loss=0.03640230667831879
2019-01-18 14:48:49,942 32 loss=0.034066874825069954
2019-01-18 14:48:49,943 33 loss=0.03191931382557144
2019-01-18 14:48:49,943 34 loss=0.029943723008527753
2019-01-18 14:48:49,944 35 loss=0.028125502385768397
2019-01-18 14:48:49,944 36 loss=0.02645127430899581
2019-01-18 14:48:49,944 37 loss=0.024908799991489795
2019-01-18 14:48:49,945 38 loss=0.02348689497979364
2019-01-18 14:48:49,945 39 loss=0.022175346268638527
2019-01-18 14:48:49,946 40 loss=0.020964832760448037
2019-01-18 14:48:49,946 
*** Major Checkpoint. Computing Stats and Saving
2019-01-18 14:48:49,946 	 Computing Major Stats lazily... 
2019-01-18 14:48:49,946 		 Completed edges=30 good=30 bad=0
2019-01-18 14:48:49,947 Distortion avg=0.11718219133296796 wc=1.5805507366479092 me=1.1246854811224098 mc=1.4053268786492705 nan_elements=0
2019-01-18 14:48:49,947 MAP = 1.0
2019-01-18 14:48:49,947 scale=[array([1.])]
2019-01-18 14:48:49,948 *** End Major Checkpoint

2019-01-18 14:48:49,948 41 loss=0.01984685007498745
2019-01-18 14:48:49,948 42 loss=0.01881364023456905
2019-01-18 14:48:49,949 43 loss=0.01785812642496436
2019-01-18 14:48:49,949 44 loss=0.016973852816931333
2019-01-18 14:48:49,950 45 loss=0.0161549292953682
2019-01-18 14:48:49,950 46 loss=0.015395980859033926
2019-01-18 14:48:49,951 47 loss=0.014692101406741475
2019-01-18 14:48:49,951 48 loss=0.014038811604029595
2019-01-18 14:48:49,952 49 loss=0.013432020519170149
2019-01-18 14:48:49,952 50 loss=0.012867990723095472
2019-01-18 14:48:49,952 
*** Major Checkpoint. Computing Stats and Saving
2019-01-18 14:48:49,952 	 Computing Major Stats lazily... 
2019-01-18 14:48:49,953 		 Completed edges=30 good=30 bad=0
2019-01-18 14:48:49,954 Distortion avg=0.09396811664812035 wc=1.4323057369651995 me=1.1135439918292402 mc=1.2862587805016334 nan_elements=0
2019-01-18 14:48:49,954 MAP = 1.0
2019-01-18 14:48:49,954 scale=[array([1.])]
2019-01-18 14:48:49,954 *** End Major Checkpoint

2019-01-18 14:48:49,954 final loss=0.012867990723095472
2019-01-18 14:48:49,954 best loss=0.012867990723095472, distortion=0.09396811664812035, map=1.0, wc_dist=1.4323057369651995
2019-01-18 14:48:49,954 	 Computing Major Stats lazily... 
2019-01-18 14:48:49,955 		 Completed edges=30 good=30 bad=0
2019-01-18 14:48:49,956 Distortion avg=0.09396811664812037 wc=1.4323057369651995 me=1.1135439918292402 mc=1.2862587805016334 nan_elements=0
2019-01-18 14:48:49,956 MAP = 1.0
2019-01-18 14:48:49,956 scale=[array([1.])]
