2019-01-18 15:02:11,388 Commandline ['pytorch/pytorch_hyperbolic.py', 'learn', 'data/edges/parsing/ewt/ewt_dev/110.edges', '--dim', '0', '--hyp', '0', '--edim', '10', '--euc', '1', '--sdim', '0', '--sph', '0', '--log-name', 'ewt_devr2/110.edges.E10-1.lr1.log', '--batch-size', '65536', '--epochs', '50', '--checkpoint-freq', '10', '-g', '--subsample', '1024', '--learning-rate', '1']
2019-01-18 15:02:11,389 No Model Save selected!
2019-01-18 15:02:11,391 Loaded Graph data/edges/parsing/ewt/ewt_dev/110.edges with 9 nodes scale=1.0
2019-01-18 15:02:11,391 Building dataset
2019-01-18 15:02:11,391 Subsample: 9 points with scale 1.0 subsample=8
2019-01-18 15:02:11,398 Built Data Sampler
2019-01-18 15:02:11,398 Creating a fresh model warm_start?=None
2019-01-18 15:02:11,398 	 Warmstarting? None None 9
2019-01-18 15:02:11,399 Embedding() torch.Size([9, 10])
2019-01-18 15:02:11,399 relative No Rescale
2019-01-18 15:02:11,399 Constructed model with dim=0 and epochs=0 isnan=False
2019-01-18 15:02:11,399 SGD (
Parameter Group 0
    dampening: 0
    initial_lr: 0.1
    lr: 1.0
    momentum: 0.0
    nesterov: False
    weight_decay: 0

Parameter Group 1
    dampening: 0
    initial_lr: 0.1
    lr: 1.0
    momentum: 0.0
    nesterov: False
    weight_decay: 0

Parameter Group 2
    dampening: 0
    initial_lr: 0.1
    lr: 1.0
    momentum: 0.0
    nesterov: False
    weight_decay: 0

Parameter Group 3
    dampening: 0
    initial_lr: 0.0001
    lr: 0.001
    momentum: 0.0
    nesterov: False
    weight_decay: 0
)
2019-01-18 15:02:11,399 *** Initial Checkpoint. Computing Stats
2019-01-18 15:02:11,399 	 Computing Major Stats lazily... 
2019-01-18 15:02:11,400 		 Completed edges=72 good=72 bad=0
2019-01-18 15:02:11,402 Distortion avg=0.9973720690268144 wc=5.751184174970984 me=0.005941110731069004 mc=968.0318100949036 nan_elements=0
2019-01-18 15:02:11,402 MAP = 0.269973544973545
2019-01-18 15:02:11,402 scale=[array([1.])]
2019-01-18 15:02:11,402 *** End Initial Checkpoint

2019-01-18 15:02:11,460 1 loss=0.9947529091570932
2019-01-18 15:02:11,460 2 loss=0.6940938305781889
2019-01-18 15:02:11,461 3 loss=0.523118754681191
2019-01-18 15:02:11,461 4 loss=0.4228756399720824
2019-01-18 15:02:11,462 5 loss=0.3568302973836262
2019-01-18 15:02:11,462 6 loss=0.3089258795308479
2019-01-18 15:02:11,463 7 loss=0.2718522596017819
2019-01-18 15:02:11,463 8 loss=0.24200601839841487
2019-01-18 15:02:11,464 9 loss=0.21742437720960123
2019-01-18 15:02:11,464 10 loss=0.19691727631567338
2019-01-18 15:02:11,464 
*** Major Checkpoint. Computing Stats and Saving
2019-01-18 15:02:11,464 	 Computing Major Stats lazily... 
2019-01-18 15:02:11,465 		 Completed edges=72 good=72 bad=0
2019-01-18 15:02:11,466 Distortion avg=0.38997505378804687 wc=4.049180417867183 me=1.374177251740453 mc=2.9466216332272475 nan_elements=0
2019-01-18 15:02:11,467 MAP = 0.415652557319224
2019-01-18 15:02:11,467 scale=[array([1.])]
2019-01-18 15:02:11,467 *** End Major Checkpoint

2019-01-18 15:02:11,467 11 loss=0.1796862929970034
2019-01-18 15:02:11,468 12 loss=0.16514843072434468
2019-01-18 15:02:11,468 13 loss=0.15285016770146645
2019-01-18 15:02:11,469 14 loss=0.14242325577644324
2019-01-18 15:02:11,469 15 loss=0.1335607218202747
2019-01-18 15:02:11,470 16 loss=0.12600300720331567
2019-01-18 15:02:11,470 17 loss=0.11952932784021847
2019-01-18 15:02:11,471 18 loss=0.11395177152423724
2019-01-18 15:02:11,471 19 loss=0.10911085860034925
2019-01-18 15:02:11,472 20 loss=0.10487191508806076
2019-01-18 15:02:11,472 
*** Major Checkpoint. Computing Stats and Saving
2019-01-18 15:02:11,472 	 Computing Major Stats lazily... 
2019-01-18 15:02:11,472 		 Completed edges=72 good=72 bad=0
2019-01-18 15:02:11,474 Distortion avg=0.27589842727072805 wc=3.2175687187585047 me=1.4717267921352453 mc=2.186254090061319 nan_elements=0
2019-01-18 15:02:11,474 MAP = 0.8697089947089947
2019-01-18 15:02:11,474 scale=[array([1.])]
2019-01-18 15:02:11,474 *** End Major Checkpoint

2019-01-18 15:02:11,475 21 loss=0.10112193404335568
2019-01-18 15:02:11,475 22 loss=0.09776677134001005
2019-01-18 15:02:11,476 23 loss=0.09472860809955384
2019-01-18 15:02:11,476 24 loss=0.09194365249799641
2019-01-18 15:02:11,477 25 loss=0.08936007016419403
2019-01-18 15:02:11,477 26 loss=0.08693613689628682
2019-01-18 15:02:11,478 27 loss=0.08463860656950356
2019-01-18 15:02:11,478 28 loss=0.08244128436910474
2019-01-18 15:02:11,479 29 loss=0.08032379255658946
2019-01-18 15:02:11,479 30 loss=0.07827051359937248
2019-01-18 15:02:11,480 
*** Major Checkpoint. Computing Stats and Saving
2019-01-18 15:02:11,480 	 Computing Major Stats lazily... 
2019-01-18 15:02:11,480 		 Completed edges=72 good=72 bad=0
2019-01-18 15:02:11,482 Distortion avg=0.24175006320761216 wc=2.8637058053923 me=1.4501808177547748 mc=1.974723269216868 nan_elements=0
2019-01-18 15:02:11,482 MAP = 0.9417989417989419
2019-01-18 15:02:11,482 scale=[array([1.])]
2019-01-18 15:02:11,482 *** End Major Checkpoint

2019-01-18 15:02:11,482 31 loss=0.0762696939070996
2019-01-18 15:02:11,483 32 loss=0.07431269063727311
2019-01-18 15:02:11,483 33 loss=0.07239334397959873
2019-01-18 15:02:11,484 34 loss=0.07050745788692611
2019-01-18 15:02:11,484 35 loss=0.06865237326184849
2019-01-18 15:02:11,485 36 loss=0.0668266189985619
2019-01-18 15:02:11,485 37 loss=0.06502962788798451
2019-01-18 15:02:11,486 38 loss=0.06326150609778992
2019-01-18 15:02:11,486 39 loss=0.061522846631355335
2019-01-18 15:02:11,487 40 loss=0.05981457876591523
2019-01-18 15:02:11,487 
*** Major Checkpoint. Computing Stats and Saving
2019-01-18 15:02:11,487 	 Computing Major Stats lazily... 
2019-01-18 15:02:11,488 		 Completed edges=72 good=72 bad=0
2019-01-18 15:02:11,489 Distortion avg=0.21198721422596162 wc=2.501087190208517 me=1.3807240413554693 mc=1.8114316223198206 nan_elements=0
2019-01-18 15:02:11,489 MAP = 1.0
2019-01-18 15:02:11,489 scale=[array([1.])]
2019-01-18 15:02:11,489 *** End Major Checkpoint

2019-01-18 15:02:11,490 41 loss=0.05813784691067847
2019-01-18 15:02:11,490 42 loss=0.05649391357552339
2019-01-18 15:02:11,491 43 loss=0.05488408218774361
2019-01-18 15:02:11,491 44 loss=0.05330963634368933
2019-01-18 15:02:11,492 45 loss=0.05177179275222863
2019-01-18 15:02:11,492 46 loss=0.050271665643398716
2019-01-18 15:02:11,493 47 loss=0.04881024080706577
2019-01-18 15:02:11,493 48 loss=0.04738835772100536
2019-01-18 15:02:11,494 49 loss=0.04600669845084502
2019-01-18 15:02:11,494 50 loss=0.04466578217691733
2019-01-18 15:02:11,494 
*** Major Checkpoint. Computing Stats and Saving
2019-01-18 15:02:11,494 	 Computing Major Stats lazily... 
2019-01-18 15:02:11,495 		 Completed edges=72 good=72 bad=0
2019-01-18 15:02:11,496 Distortion avg=0.18472911395488845 wc=2.146388191104502 me=1.3039505788795798 mc=1.6460655993180255 nan_elements=0
2019-01-18 15:02:11,496 MAP = 1.0
2019-01-18 15:02:11,497 scale=[array([1.])]
2019-01-18 15:02:11,497 *** End Major Checkpoint

2019-01-18 15:02:11,497 final loss=0.04466578217691733
2019-01-18 15:02:11,497 best loss=0.04466578217691733, distortion=0.18472911395488845, map=1.0, wc_dist=2.146388191104502
2019-01-18 15:02:11,497 	 Computing Major Stats lazily... 
2019-01-18 15:02:11,497 		 Completed edges=72 good=72 bad=0
2019-01-18 15:02:11,499 Distortion avg=0.18472911395488845 wc=2.146388191104502 me=1.3039505788795798 mc=1.6460655993180255 nan_elements=0
2019-01-18 15:02:11,499 MAP = 1.0
2019-01-18 15:02:11,499 scale=[array([1.])]
