2019-01-18 14:43:15,789 Commandline ['pytorch/pytorch_hyperbolic.py', 'learn', 'data/edges/parsing/ewt/ewt_dev/1106.edges', '--dim', '0', '--hyp', '0', '--edim', '10', '--euc', '1', '--sdim', '0', '--sph', '0', '--log-name', 'ewt_devr2/1106.edges.E10-1.lr1.log', '--batch-size', '65536', '--epochs', '50', '-g', '--subsample', '1024', '--learning-rate', '1']
2019-01-18 14:43:15,789 No Model Save selected!
2019-01-18 14:43:15,791 Loaded Graph data/edges/parsing/ewt/ewt_dev/1106.edges with 8 nodes scale=1.0
2019-01-18 14:43:15,791 Building dataset
2019-01-18 14:43:15,791 Subsample: 8 points with scale 1.0 subsample=7
2019-01-18 14:43:15,798 Built Data Sampler
2019-01-18 14:43:15,798 Creating a fresh model warm_start?=None
2019-01-18 14:43:15,798 	 Warmstarting? None None 8
2019-01-18 14:43:15,798 Embedding() torch.Size([8, 10])
2019-01-18 14:43:15,798 relative No Rescale
2019-01-18 14:43:15,799 Constructed model with dim=0 and epochs=0 isnan=False
2019-01-18 14:43:15,799 SGD (
Parameter Group 0
    dampening: 0
    initial_lr: 0.1
    lr: 1.0
    momentum: 0.0
    nesterov: False
    weight_decay: 0

Parameter Group 1
    dampening: 0
    initial_lr: 0.1
    lr: 1.0
    momentum: 0.0
    nesterov: False
    weight_decay: 0

Parameter Group 2
    dampening: 0
    initial_lr: 0.1
    lr: 1.0
    momentum: 0.0
    nesterov: False
    weight_decay: 0

Parameter Group 3
    dampening: 0
    initial_lr: 0.0001
    lr: 0.001
    momentum: 0.0
    nesterov: False
    weight_decay: 0
)
2019-01-18 14:43:15,799 *** Initial Checkpoint. Computing Stats
2019-01-18 14:43:15,799 	 Computing Major Stats lazily... 
2019-01-18 14:43:15,800 		 Completed edges=56 good=56 bad=0
2019-01-18 14:43:15,801 Distortion avg=0.9973939284742779 wc=5.7916249139023295 me=0.005982886981094694 mc=968.0318100949036 nan_elements=0
2019-01-18 14:43:15,801 MAP = 0.37237103174603176
2019-01-18 14:43:15,802 scale=[array([1.])]
2019-01-18 14:43:15,802 *** End Initial Checkpoint

2019-01-18 14:43:15,859 1 loss=0.9947966175143036
2019-01-18 14:43:15,860 2 loss=0.6767088323539266
2019-01-18 14:43:15,860 3 loss=0.5032948104108901
2019-01-18 14:43:15,861 4 loss=0.4094471143178053
2019-01-18 14:43:15,861 5 loss=0.3525702594858586
2019-01-18 14:43:15,862 6 loss=0.3137876540857189
2019-01-18 14:43:15,862 7 loss=0.28472106914362516
2019-01-18 14:43:15,863 8 loss=0.26146646877466484
2019-01-18 14:43:15,863 9 loss=0.24205911098718522
2019-01-18 14:43:15,864 10 loss=0.2254078764331525
2019-01-18 14:43:15,864 11 loss=0.21083889116341203
2019-01-18 14:43:15,864 12 loss=0.19789475042406804
2019-01-18 14:43:15,865 13 loss=0.1862430039246677
2019-01-18 14:43:15,865 14 loss=0.1756321971070685
2019-01-18 14:43:15,866 15 loss=0.1658689033631798
2019-01-18 14:43:15,866 16 loss=0.15680414427340658
2019-01-18 14:43:15,867 17 loss=0.14832412810195508
2019-01-18 14:43:15,867 18 loss=0.14034313761393863
2019-01-18 14:43:15,868 19 loss=0.13279768162675773
2019-01-18 14:43:15,868 20 loss=0.12564156893698322
2019-01-18 14:43:15,869 21 loss=0.11884176914171378
2019-01-18 14:43:15,869 22 loss=0.11237498375224396
2019-01-18 14:43:15,870 23 loss=0.1062248559341623
2019-01-18 14:43:15,870 24 loss=0.10037974106768245
2019-01-18 14:43:15,871 25 loss=0.09483095904129675
2019-01-18 14:43:15,871 26 loss=0.08957145498551876
2019-01-18 14:43:15,872 27 loss=0.08459480475744015
2019-01-18 14:43:15,873 28 loss=0.07989451100756965
2019-01-18 14:43:15,873 29 loss=0.07546354277948694
2019-01-18 14:43:15,874 30 loss=0.07129407592163974
2019-01-18 14:43:15,874 31 loss=0.06737739404551181
2019-01-18 14:43:15,875 32 loss=0.0637039116949803
2019-01-18 14:43:15,875 33 loss=0.060263283909682795
2019-01-18 14:43:15,876 34 loss=0.0570445700292195
2019-01-18 14:43:15,876 35 loss=0.05403642439502371
2019-01-18 14:43:15,877 36 loss=0.05122729217684507
2019-01-18 14:43:15,877 37 loss=0.04860559433028048
2019-01-18 14:43:15,878 38 loss=0.04615989114940161
2019-01-18 14:43:15,878 39 loss=0.04387901861478573
2019-01-18 14:43:15,879 40 loss=0.04175219552599875
2019-01-18 14:43:15,879 41 loss=0.039769102186101045
2019-01-18 14:43:15,880 42 loss=0.037919933236825354
2019-01-18 14:43:15,880 43 loss=0.036195428268227234
2019-01-18 14:43:15,881 44 loss=0.03458688422309426
2019-01-18 14:43:15,881 45 loss=0.03308615356424806
2019-01-18 14:43:15,882 46 loss=0.03168563183338469
2019-01-18 14:43:15,882 47 loss=0.030378237734728825
2019-01-18 14:43:15,883 48 loss=0.029157388323882646
2019-01-18 14:43:15,883 49 loss=0.028016971339071165
2019-01-18 14:43:15,884 50 loss=0.02695131621949513
2019-01-18 14:43:15,884 final loss=0.02695131621949513
2019-01-18 14:43:15,884 best loss=10000000000.0, distortion=10000000000.0, map=0.0, wc_dist=10000000000.0
2019-01-18 14:43:15,884 	 Computing Major Stats lazily... 
2019-01-18 14:43:15,884 		 Completed edges=56 good=56 bad=0
2019-01-18 14:43:15,886 Distortion avg=0.13906757287133864 wc=1.7622332693958611 me=1.1950639973893427 mc=1.4745932211542803 nan_elements=0
2019-01-18 14:43:15,886 MAP = 1.0
2019-01-18 14:43:15,886 scale=[array([1.])]
2019-01-18 15:03:55,112 Commandline ['pytorch/pytorch_hyperbolic.py', 'learn', 'data/edges/parsing/ewt/ewt_dev/1106.edges', '--dim', '0', '--hyp', '0', '--edim', '10', '--euc', '1', '--sdim', '0', '--sph', '0', '--log-name', 'ewt_devr2/1106.edges.E10-1.lr1.log', '--batch-size', '65536', '--epochs', '50', '--checkpoint-freq', '10', '-g', '--subsample', '1024', '--learning-rate', '1']
2019-01-18 15:03:55,113 No Model Save selected!
2019-01-18 15:03:55,114 Loaded Graph data/edges/parsing/ewt/ewt_dev/1106.edges with 8 nodes scale=1.0
2019-01-18 15:03:55,115 Building dataset
2019-01-18 15:03:55,115 Subsample: 8 points with scale 1.0 subsample=7
2019-01-18 15:03:55,121 Built Data Sampler
2019-01-18 15:03:55,121 Creating a fresh model warm_start?=None
2019-01-18 15:03:55,121 	 Warmstarting? None None 8
2019-01-18 15:03:55,122 Embedding() torch.Size([8, 10])
2019-01-18 15:03:55,122 relative No Rescale
2019-01-18 15:03:55,122 Constructed model with dim=0 and epochs=0 isnan=False
2019-01-18 15:03:55,123 SGD (
Parameter Group 0
    dampening: 0
    initial_lr: 0.1
    lr: 1.0
    momentum: 0.0
    nesterov: False
    weight_decay: 0

Parameter Group 1
    dampening: 0
    initial_lr: 0.1
    lr: 1.0
    momentum: 0.0
    nesterov: False
    weight_decay: 0

Parameter Group 2
    dampening: 0
    initial_lr: 0.1
    lr: 1.0
    momentum: 0.0
    nesterov: False
    weight_decay: 0

Parameter Group 3
    dampening: 0
    initial_lr: 0.0001
    lr: 0.001
    momentum: 0.0
    nesterov: False
    weight_decay: 0
)
2019-01-18 15:03:55,123 *** Initial Checkpoint. Computing Stats
2019-01-18 15:03:55,123 	 Computing Major Stats lazily... 
2019-01-18 15:03:55,124 		 Completed edges=56 good=56 bad=0
2019-01-18 15:03:55,125 Distortion avg=0.9973939284742779 wc=5.7916249139023295 me=0.005982886981094694 mc=968.0318100949036 nan_elements=0
2019-01-18 15:03:55,125 MAP = 0.37237103174603176
2019-01-18 15:03:55,126 scale=[array([1.])]
2019-01-18 15:03:55,126 *** End Initial Checkpoint

2019-01-18 15:03:55,183 1 loss=0.9947966175143036
2019-01-18 15:03:55,184 2 loss=0.6767088323539266
2019-01-18 15:03:55,184 3 loss=0.5032948104108901
2019-01-18 15:03:55,185 4 loss=0.4094471143178053
2019-01-18 15:03:55,185 5 loss=0.3525702594858586
2019-01-18 15:03:55,186 6 loss=0.3137876540857189
2019-01-18 15:03:55,186 7 loss=0.28472106914362516
2019-01-18 15:03:55,187 8 loss=0.26146646877466484
2019-01-18 15:03:55,187 9 loss=0.24205911098718522
2019-01-18 15:03:55,188 10 loss=0.2254078764331525
2019-01-18 15:03:55,188 
*** Major Checkpoint. Computing Stats and Saving
2019-01-18 15:03:55,188 	 Computing Major Stats lazily... 
2019-01-18 15:03:55,188 		 Completed edges=56 good=56 bad=0
2019-01-18 15:03:55,190 Distortion avg=0.4249099102594984 wc=4.433303888378228 me=1.3730492520301545 mc=3.2288017941259293 nan_elements=0
2019-01-18 15:03:55,190 MAP = 0.497172619047619
2019-01-18 15:03:55,190 scale=[array([1.])]
2019-01-18 15:03:55,190 *** End Major Checkpoint

2019-01-18 15:03:55,190 11 loss=0.21083889116341206
2019-01-18 15:03:55,191 12 loss=0.197894750424068
2019-01-18 15:03:55,191 13 loss=0.18624300392466764
2019-01-18 15:03:55,192 14 loss=0.17563219710706848
2019-01-18 15:03:55,192 15 loss=0.1658689033631798
2019-01-18 15:03:55,193 16 loss=0.15680414427340655
2019-01-18 15:03:55,193 17 loss=0.14832412810195503
2019-01-18 15:03:55,194 18 loss=0.14034313761393866
2019-01-18 15:03:55,194 19 loss=0.1327976816267577
2019-01-18 15:03:55,195 20 loss=0.12564156893698322
2019-01-18 15:03:55,195 
*** Major Checkpoint. Computing Stats and Saving
2019-01-18 15:03:55,195 	 Computing Major Stats lazily... 
2019-01-18 15:03:55,195 		 Completed edges=56 good=56 bad=0
2019-01-18 15:03:55,197 Distortion avg=0.3066143493382329 wc=3.367049996074045 me=1.4305060586865594 mc=2.3537474557539118 nan_elements=0
2019-01-18 15:03:55,197 MAP = 0.8958333333333333
2019-01-18 15:03:55,197 scale=[array([1.])]
2019-01-18 15:03:55,197 *** End Major Checkpoint

2019-01-18 15:03:55,197 21 loss=0.11884176914171382
2019-01-18 15:03:55,198 22 loss=0.11237498375224396
2019-01-18 15:03:55,198 23 loss=0.10622485593416234
2019-01-18 15:03:55,199 24 loss=0.10037974106768244
2019-01-18 15:03:55,199 25 loss=0.09483095904129675
2019-01-18 15:03:55,200 26 loss=0.08957145498551876
2019-01-18 15:03:55,200 27 loss=0.08459480475744015
2019-01-18 15:03:55,201 28 loss=0.07989451100756965
2019-01-18 15:03:55,201 29 loss=0.0754635427794869
2019-01-18 15:03:55,202 30 loss=0.07129407592163972
2019-01-18 15:03:55,202 
*** Major Checkpoint. Computing Stats and Saving
2019-01-18 15:03:55,202 	 Computing Major Stats lazily... 
2019-01-18 15:03:55,202 		 Completed edges=56 good=56 bad=0
2019-01-18 15:03:55,204 Distortion avg=0.22723779136770436 wc=2.5007264578581814 me=1.3039336599570772 mc=1.917832582019932 nan_elements=0
2019-01-18 15:03:55,204 MAP = 1.0
2019-01-18 15:03:55,204 scale=[array([1.])]
2019-01-18 15:03:55,204 *** End Major Checkpoint

2019-01-18 15:03:55,204 31 loss=0.06737739404551181
2019-01-18 15:03:55,205 32 loss=0.0637039116949803
2019-01-18 15:03:55,205 33 loss=0.060263283909682816
2019-01-18 15:03:55,206 34 loss=0.05704457002921949
2019-01-18 15:03:55,206 35 loss=0.05403642439502371
2019-01-18 15:03:55,207 36 loss=0.05122729217684504
2019-01-18 15:03:55,207 37 loss=0.048605594330280485
2019-01-18 15:03:55,208 38 loss=0.0461598911494016
2019-01-18 15:03:55,208 39 loss=0.04387901861478572
2019-01-18 15:03:55,209 40 loss=0.04175219552599875
2019-01-18 15:03:55,209 
*** Major Checkpoint. Computing Stats and Saving
2019-01-18 15:03:55,209 	 Computing Major Stats lazily... 
2019-01-18 15:03:55,209 		 Completed edges=56 good=56 bad=0
2019-01-18 15:03:55,210 Distortion avg=0.17287472413863744 wc=1.9755264055378037 me=1.2010617129009031 mc=1.6448167353252396 nan_elements=0
2019-01-18 15:03:55,211 MAP = 1.0
2019-01-18 15:03:55,211 scale=[array([1.])]
2019-01-18 15:03:55,211 *** End Major Checkpoint

2019-01-18 15:03:55,211 41 loss=0.03976910218610104
2019-01-18 15:03:55,212 42 loss=0.03791993323682535
2019-01-18 15:03:55,212 43 loss=0.036195428268227234
2019-01-18 15:03:55,213 44 loss=0.034586884223094264
2019-01-18 15:03:55,213 45 loss=0.03308615356424805
2019-01-18 15:03:55,214 46 loss=0.03168563183338469
2019-01-18 15:03:55,214 47 loss=0.03037823773472882
2019-01-18 15:03:55,215 48 loss=0.02915738832388265
2019-01-18 15:03:55,215 49 loss=0.028016971339071155
2019-01-18 15:03:55,216 50 loss=0.026951316219495147
2019-01-18 15:03:55,216 
*** Major Checkpoint. Computing Stats and Saving
2019-01-18 15:03:55,216 	 Computing Major Stats lazily... 
2019-01-18 15:03:55,216 		 Completed edges=56 good=56 bad=0
2019-01-18 15:03:55,217 Distortion avg=0.1390675728713386 wc=1.7622332693958611 me=1.1950639973893427 mc=1.4745932211542803 nan_elements=0
2019-01-18 15:03:55,218 MAP = 1.0
2019-01-18 15:03:55,218 scale=[array([1.])]
2019-01-18 15:03:55,218 *** End Major Checkpoint

2019-01-18 15:03:55,218 final loss=0.026951316219495147
2019-01-18 15:03:55,218 best loss=0.026951316219495147, distortion=0.1390675728713386, map=1.0, wc_dist=1.7622332693958611
2019-01-18 15:03:55,218 	 Computing Major Stats lazily... 
2019-01-18 15:03:55,218 		 Completed edges=56 good=56 bad=0
2019-01-18 15:03:55,220 Distortion avg=0.13906757287133864 wc=1.7622332693958611 me=1.1950639973893427 mc=1.4745932211542803 nan_elements=0
2019-01-18 15:03:55,220 MAP = 1.0
2019-01-18 15:03:55,220 scale=[array([1.])]
