2019-01-18 14:54:55,272 Commandline ['pytorch/pytorch_hyperbolic.py', 'learn', 'data/edges/parsing/ewt/ewt_dev/1107.edges', '--dim', '0', '--hyp', '0', '--edim', '10', '--euc', '1', '--sdim', '0', '--sph', '0', '--log-name', 'ewt_devr2/1107.edges.E10-1.lr1.log', '--batch-size', '65536', '--epochs', '50', '--checkpoint-freq', '10', '-g', '--subsample', '1024', '--learning-rate', '1']
2019-01-18 14:54:55,272 No Model Save selected!
2019-01-18 14:54:55,273 Loaded Graph data/edges/parsing/ewt/ewt_dev/1107.edges with 27 nodes scale=1.0
2019-01-18 14:54:55,273 Building dataset
2019-01-18 14:54:55,274 Subsample: 27 points with scale 1.0 subsample=26
2019-01-18 14:54:55,308 Built Data Sampler
2019-01-18 14:54:55,308 Creating a fresh model warm_start?=None
2019-01-18 14:54:55,308 	 Warmstarting? None None 27
2019-01-18 14:54:55,309 Embedding() torch.Size([27, 10])
2019-01-18 14:54:55,309 relative No Rescale
2019-01-18 14:54:55,309 Constructed model with dim=0 and epochs=0 isnan=False
2019-01-18 14:54:55,309 SGD (
Parameter Group 0
    dampening: 0
    initial_lr: 0.1
    lr: 1.0
    momentum: 0.0
    nesterov: False
    weight_decay: 0

Parameter Group 1
    dampening: 0
    initial_lr: 0.1
    lr: 1.0
    momentum: 0.0
    nesterov: False
    weight_decay: 0

Parameter Group 2
    dampening: 0
    initial_lr: 0.1
    lr: 1.0
    momentum: 0.0
    nesterov: False
    weight_decay: 0

Parameter Group 3
    dampening: 0
    initial_lr: 0.0001
    lr: 0.001
    momentum: 0.0
    nesterov: False
    weight_decay: 0
)
2019-01-18 14:54:55,309 *** Initial Checkpoint. Computing Stats
2019-01-18 14:54:55,309 	 Computing Major Stats lazily... 
2019-01-18 14:54:55,313 		 Completed edges=702 good=702 bad=0
2019-01-18 14:54:55,317 Distortion avg=0.9984382766011188 wc=19.743547764530465 me=0.0064665652334950086 mc=3053.173833655057 nan_elements=0
2019-01-18 14:54:55,317 MAP = 0.12968855056804932
2019-01-18 14:54:55,317 scale=[array([1.])]
2019-01-18 14:54:55,317 *** End Initial Checkpoint

2019-01-18 14:54:55,374 1 loss=0.9968801602929215
2019-01-18 14:54:55,376 2 loss=0.9569098597335558
2019-01-18 14:54:55,376 3 loss=0.9186285371983973
2019-01-18 14:54:55,377 4 loss=0.8829575758010197
2019-01-18 14:54:55,378 5 loss=0.8498073096410395
2019-01-18 14:54:55,379 6 loss=0.8190009069584471
2019-01-18 14:54:55,380 7 loss=0.7903516908007204
2019-01-18 14:54:55,381 8 loss=0.7636806886019025
2019-01-18 14:54:55,382 9 loss=0.7388216209164038
2019-01-18 14:54:55,383 10 loss=0.7156220375776212
2019-01-18 14:54:55,383 
*** Major Checkpoint. Computing Stats and Saving
2019-01-18 14:54:55,384 	 Computing Major Stats lazily... 
2019-01-18 14:54:55,386 		 Completed edges=702 good=702 bad=0
2019-01-18 14:54:55,390 Distortion avg=0.8193258591737254 wc=28.582803285001283 me=0.8961805560164199 mc=31.894023021492096 nan_elements=0
2019-01-18 14:54:55,390 MAP = 0.07174581796347475
2019-01-18 14:54:55,391 scale=[array([1.])]
2019-01-18 14:54:55,391 *** End Major Checkpoint

2019-01-18 14:54:55,392 11 loss=0.693943046338182
2019-01-18 14:54:55,393 12 loss=0.6736584982782686
2019-01-18 14:54:55,393 13 loss=0.6546539812101195
2019-01-18 14:54:55,394 14 loss=0.6368257759121888
2019-01-18 14:54:55,395 15 loss=0.6200798457359181
2019-01-18 14:54:55,396 16 loss=0.6043308909452146
2019-01-18 14:54:55,397 17 loss=0.5895014799472135
2019-01-18 14:54:55,398 18 loss=0.5755212598947353
2019-01-18 14:54:55,399 19 loss=0.562326244259617
2019-01-18 14:54:55,400 20 loss=0.5498581726098644
2019-01-18 14:54:55,400 
*** Major Checkpoint. Computing Stats and Saving
2019-01-18 14:54:55,400 	 Computing Major Stats lazily... 
2019-01-18 14:54:55,403 		 Completed edges=702 good=702 bad=0
2019-01-18 14:54:55,407 Distortion avg=0.7028502408350628 wc=23.139769759668415 me=1.316364878563893 mc=17.57853778726843 nan_elements=0
2019-01-18 14:54:55,407 MAP = 0.0710349942833815
2019-01-18 14:54:55,407 scale=[array([1.])]
2019-01-18 14:54:55,407 *** End Major Checkpoint

2019-01-18 14:54:55,408 21 loss=0.5380639368105213
2019-01-18 14:54:55,409 22 loss=0.5268950675909415
2019-01-18 14:54:55,410 23 loss=0.5163072755409547
2019-01-18 14:54:55,411 24 loss=0.506260040924671
2019-01-18 14:54:55,412 25 loss=0.4967162471245919
2019-01-18 14:54:55,413 26 loss=0.4876418529879506
2019-01-18 14:54:55,414 27 loss=0.4790055998064518
2019-01-18 14:54:55,414 28 loss=0.47077874910018547
2019-01-18 14:54:55,415 29 loss=0.4629348477864618
2019-01-18 14:54:55,416 30 loss=0.45544951769014963
2019-01-18 14:54:55,416 
*** Major Checkpoint. Computing Stats and Saving
2019-01-18 14:54:55,416 	 Computing Major Stats lazily... 
2019-01-18 14:54:55,419 		 Completed edges=702 good=702 bad=0
2019-01-18 14:54:55,423 Distortion avg=0.6405368777918234 wc=18.851836770471454 me=1.4880047290914218 mc=12.669204876776446 nan_elements=0
2019-01-18 14:54:55,423 MAP = 0.07487980644055685
2019-01-18 14:54:55,423 scale=[array([1.])]
2019-01-18 14:54:55,423 *** End Major Checkpoint

2019-01-18 14:54:55,424 31 loss=0.4483002666927163
2019-01-18 14:54:55,425 32 loss=0.441466319123376
2019-01-18 14:54:55,426 33 loss=0.43492846326944995
2019-01-18 14:54:55,427 34 loss=0.4286689141266617
2019-01-18 14:54:55,428 35 loss=0.4226711897262787
2019-01-18 14:54:55,429 36 loss=0.4169199995674266
2019-01-18 14:54:55,430 37 loss=0.41140114385211835
2019-01-18 14:54:55,431 38 loss=0.40610142236995705
2019-01-18 14:54:55,432 39 loss=0.4010085520113109
2019-01-18 14:54:55,433 40 loss=0.39611109200401945
2019-01-18 14:54:55,433 
*** Major Checkpoint. Computing Stats and Saving
2019-01-18 14:54:55,433 	 Computing Major Stats lazily... 
2019-01-18 14:54:55,436 		 Completed edges=702 good=702 bad=0
2019-01-18 14:54:55,440 Distortion avg=0.5942448584263884 wc=16.37569632347712 me=1.609081455821447 mc=10.177046204983585 nan_elements=0
2019-01-18 14:54:55,440 MAP = 0.08658854281686229
2019-01-18 14:54:55,441 scale=[array([1.])]
2019-01-18 14:54:55,441 *** End Major Checkpoint

2019-01-18 14:54:55,442 41 loss=0.39139837607120676
2019-01-18 14:54:55,443 42 loss=0.3868604507981478
2019-01-18 14:54:55,444 43 loss=0.38248801957582684
2019-01-18 14:54:55,445 44 loss=0.37827239155908937
2019-01-18 14:54:55,446 45 loss=0.3742054351392923
2019-01-18 14:54:55,447 46 loss=0.37027953548606646
2019-01-18 14:54:55,447 47 loss=0.36648755576111824
2019-01-18 14:54:55,448 48 loss=0.36282280164967695
2019-01-18 14:54:55,449 49 loss=0.35927898889294313
2019-01-18 14:54:55,450 50 loss=0.3558502135382695
2019-01-18 14:54:55,450 
*** Major Checkpoint. Computing Stats and Saving
2019-01-18 14:54:55,450 	 Computing Major Stats lazily... 
2019-01-18 14:54:55,453 		 Completed edges=702 good=702 bad=0
2019-01-18 14:54:55,457 Distortion avg=0.5569574042451652 wc=14.851775223280475 me=1.7141788342176927 mc=8.664075723498502 nan_elements=0
2019-01-18 14:54:55,457 MAP = 0.10270017238432123
2019-01-18 14:54:55,457 scale=[array([1.])]
2019-01-18 14:54:55,458 *** End Major Checkpoint

2019-01-18 14:54:55,458 final loss=0.3558502135382695
2019-01-18 14:54:55,458 best loss=0.3558502135382695, distortion=0.5569574042451652, map=0.10270017238432123, wc_dist=14.851775223280475
2019-01-18 14:54:55,458 	 Computing Major Stats lazily... 
2019-01-18 14:54:55,460 		 Completed edges=702 good=702 bad=0
2019-01-18 14:54:55,465 Distortion avg=0.5569574042451644 wc=14.851775223280475 me=1.7141788342176927 mc=8.664075723498502 nan_elements=0
2019-01-18 14:54:55,465 MAP = 0.1027001723843212
2019-01-18 14:54:55,465 scale=[array([1.])]
