2019-01-18 14:57:11,307 Commandline ['pytorch/pytorch_hyperbolic.py', 'learn', 'data/edges/parsing/ewt/ewt_dev/1110.edges', '--dim', '0', '--hyp', '0', '--edim', '10', '--euc', '1', '--sdim', '0', '--sph', '0', '--log-name', 'ewt_devr2/1110.edges.E10-1.lr1.log', '--batch-size', '65536', '--epochs', '50', '--checkpoint-freq', '10', '-g', '--subsample', '1024', '--learning-rate', '1']
2019-01-18 14:57:11,307 No Model Save selected!
2019-01-18 14:57:11,309 Loaded Graph data/edges/parsing/ewt/ewt_dev/1110.edges with 5 nodes scale=1.0
2019-01-18 14:57:11,309 Building dataset
2019-01-18 14:57:11,309 Subsample: 5 points with scale 1.0 subsample=4
2019-01-18 14:57:11,313 Built Data Sampler
2019-01-18 14:57:11,313 Creating a fresh model warm_start?=None
2019-01-18 14:57:11,313 	 Warmstarting? None None 5
2019-01-18 14:57:11,313 Embedding() torch.Size([5, 10])
2019-01-18 14:57:11,314 relative No Rescale
2019-01-18 14:57:11,314 Constructed model with dim=0 and epochs=0 isnan=False
2019-01-18 14:57:11,314 SGD (
Parameter Group 0
    dampening: 0
    initial_lr: 0.1
    lr: 1.0
    momentum: 0.0
    nesterov: False
    weight_decay: 0

Parameter Group 1
    dampening: 0
    initial_lr: 0.1
    lr: 1.0
    momentum: 0.0
    nesterov: False
    weight_decay: 0

Parameter Group 2
    dampening: 0
    initial_lr: 0.1
    lr: 1.0
    momentum: 0.0
    nesterov: False
    weight_decay: 0

Parameter Group 3
    dampening: 0
    initial_lr: 0.0001
    lr: 0.001
    momentum: 0.0
    nesterov: False
    weight_decay: 0
)
2019-01-18 14:57:11,314 *** Initial Checkpoint. Computing Stats
2019-01-18 14:57:11,314 	 Computing Major Stats lazily... 
2019-01-18 14:57:11,315 		 Completed edges=20 good=20 bad=0
2019-01-18 14:57:11,316 Distortion avg=0.9969002441147186 wc=4.7900427106326955 me=0.005628252251848828 mc=851.0710778926463 nan_elements=0
2019-01-18 14:57:11,316 MAP = 0.6611111111111111
2019-01-18 14:57:11,316 scale=[array([1.])]
2019-01-18 14:57:11,316 *** End Initial Checkpoint

2019-01-18 14:57:11,377 1 loss=0.993812299892074
2019-01-18 14:57:11,378 2 loss=0.35037834422263336
2019-01-18 14:57:11,378 3 loss=0.24634382556406975
2019-01-18 14:57:11,379 4 loss=0.19762130609783943
2019-01-18 14:57:11,379 5 loss=0.16107071683231505
2019-01-18 14:57:11,380 6 loss=0.13244400289502814
2019-01-18 14:57:11,381 7 loss=0.10987192124307428
2019-01-18 14:57:11,381 8 loss=0.09185258314478932
2019-01-18 14:57:11,381 9 loss=0.07726202920209826
2019-01-18 14:57:11,382 10 loss=0.0653302446286079
2019-01-18 14:57:11,382 
*** Major Checkpoint. Computing Stats and Saving
2019-01-18 14:57:11,382 	 Computing Major Stats lazily... 
2019-01-18 14:57:11,382 		 Completed edges=20 good=20 bad=0
2019-01-18 14:57:11,383 Distortion avg=0.21062502675264963 wc=1.9409802338794442 me=1.1398355561772333 mc=1.7028598760237663 nan_elements=0
2019-01-18 14:57:11,383 MAP = 1.0
2019-01-18 14:57:11,384 scale=[array([1.])]
2019-01-18 14:57:11,384 *** End Major Checkpoint

2019-01-18 14:57:11,384 11 loss=0.05552918216253425
2019-01-18 14:57:11,385 12 loss=0.04746806392913702
2019-01-18 14:57:11,385 13 loss=0.04083335688397818
2019-01-18 14:57:11,386 14 loss=0.03536399305357389
2019-01-18 14:57:11,386 15 loss=0.030842572541917745
2019-01-18 14:57:11,386 16 loss=0.02709053409321746
2019-01-18 14:57:11,387 17 loss=0.02396316003182202
2019-01-18 14:57:11,387 18 loss=0.021344128414288507
2019-01-18 14:57:11,388 19 loss=0.019140251696641387
2019-01-18 14:57:11,388 20 loss=0.017276865529257966
2019-01-18 14:57:11,388 
*** Major Checkpoint. Computing Stats and Saving
2019-01-18 14:57:11,388 	 Computing Major Stats lazily... 
2019-01-18 14:57:11,389 		 Completed edges=20 good=20 bad=0
2019-01-18 14:57:11,390 Distortion avg=0.11417393538508036 wc=1.4326551192054746 me=1.1102483838353987 mc=1.2903915376632287 nan_elements=0
2019-01-18 14:57:11,390 MAP = 1.0
2019-01-18 14:57:11,390 scale=[array([1.])]
2019-01-18 14:57:11,390 *** End Major Checkpoint

2019-01-18 14:57:11,390 21 loss=0.015694014439960415
2019-01-18 14:57:11,391 22 loss=0.014343391439147493
2019-01-18 14:57:11,391 23 loss=0.013185917891916001
2019-01-18 14:57:11,392 24 loss=0.01218984129120951
2019-01-18 14:57:11,392 25 loss=0.011329242864505254
2019-01-18 14:57:11,393 26 loss=0.010582866323853028
2019-01-18 14:57:11,393 27 loss=0.009933197158080123
2019-01-18 14:57:11,393 28 loss=0.009365737043856345
2019-01-18 14:57:11,394 29 loss=0.008868430183450553
2019-01-18 14:57:11,394 30 loss=0.008431208051523139
2019-01-18 14:57:11,394 
*** Major Checkpoint. Computing Stats and Saving
2019-01-18 14:57:11,394 	 Computing Major Stats lazily... 
2019-01-18 14:57:11,395 		 Completed edges=20 good=20 bad=0
2019-01-18 14:57:11,396 Distortion avg=0.08275802289831212 wc=1.2850835913986778 me=1.095721604939785 mc=1.1728194329702013 nan_elements=0
2019-01-18 14:57:11,396 MAP = 1.0
2019-01-18 14:57:11,396 scale=[array([1.])]
2019-01-18 14:57:11,396 *** End Major Checkpoint

2019-01-18 14:57:11,396 31 loss=0.008045626603440102
2019-01-18 14:57:11,397 32 loss=0.00770457587788555
2019-01-18 14:57:11,397 33 loss=0.007402046470805562
2019-01-18 14:57:11,398 34 loss=0.007132940857711373
2019-01-18 14:57:11,398 35 loss=0.006892920232198982
2019-01-18 14:57:11,399 36 loss=0.006678279596324735
2019-01-18 14:57:11,399 37 loss=0.0064858454285528664
2019-01-18 14:57:11,399 38 loss=0.006312891479719887
2019-01-18 14:57:11,400 39 loss=0.006157069193056078
2019-01-18 14:57:11,400 40 loss=0.0060163499766060285
2019-01-18 14:57:11,400 
*** Major Checkpoint. Computing Stats and Saving
2019-01-18 14:57:11,400 	 Computing Major Stats lazily... 
2019-01-18 14:57:11,401 		 Completed edges=20 good=20 bad=0
2019-01-18 14:57:11,402 Distortion avg=0.07066828003203253 wc=1.2229274427506032 me=1.0864389276570667 mc=1.1256292568491424 nan_elements=0
2019-01-18 14:57:11,402 MAP = 1.0
2019-01-18 14:57:11,402 scale=[array([1.])]
2019-01-18 14:57:11,402 *** End Major Checkpoint

2019-01-18 14:57:11,402 41 loss=0.005888977125514107
2019-01-18 14:57:11,403 42 loss=0.005773425635687255
2019-01-18 14:57:11,403 43 loss=0.005668368498267688
2019-01-18 14:57:11,404 44 loss=0.005572648338161542
2019-01-18 14:57:11,404 45 loss=0.005485253476346494
2019-01-18 14:57:11,404 46 loss=0.005405297667623378
2019-01-18 14:57:11,405 47 loss=0.005332002902684784
2019-01-18 14:57:11,405 48 loss=0.005264684773369872
2019-01-18 14:57:11,406 49 loss=0.0052027399885593295
2019-01-18 14:57:11,406 50 loss=0.005145635699822568
2019-01-18 14:57:11,406 
*** Major Checkpoint. Computing Stats and Saving
2019-01-18 14:57:11,406 	 Computing Major Stats lazily... 
2019-01-18 14:57:11,407 		 Completed edges=20 good=20 bad=0
2019-01-18 14:57:11,407 Distortion avg=0.06691709709490222 wc=1.1939079639159922 me=1.0826822878846885 mc=1.1027315928928818 nan_elements=0
2019-01-18 14:57:11,408 MAP = 1.0
2019-01-18 14:57:11,408 scale=[array([1.])]
2019-01-18 14:57:11,408 *** End Major Checkpoint

2019-01-18 14:57:11,408 final loss=0.005145635699822568
2019-01-18 14:57:11,408 best loss=0.005145635699822568, distortion=0.06691709709490222, map=1.0, wc_dist=1.1939079639159922
2019-01-18 14:57:11,408 	 Computing Major Stats lazily... 
2019-01-18 14:57:11,408 		 Completed edges=20 good=20 bad=0
2019-01-18 14:57:11,409 Distortion avg=0.06691709709490222 wc=1.1939079639159922 me=1.0826822878846885 mc=1.1027315928928818 nan_elements=0
2019-01-18 14:57:11,409 MAP = 1.0
2019-01-18 14:57:11,409 scale=[array([1.])]
