2019-01-18 15:11:38,813 Commandline ['pytorch/pytorch_hyperbolic.py', 'learn', 'data/edges/parsing/ewt/ewt_dev/1112.edges', '--dim', '0', '--hyp', '0', '--edim', '10', '--euc', '1', '--sdim', '0', '--sph', '0', '--log-name', 'ewt_devr2/1112.edges.E10-1.lr1.log', '--batch-size', '65536', '--epochs', '50', '--checkpoint-freq', '10', '-g', '--subsample', '1024', '--learning-rate', '1']
2019-01-18 15:11:38,813 No Model Save selected!
2019-01-18 15:11:38,814 Loaded Graph data/edges/parsing/ewt/ewt_dev/1112.edges with 19 nodes scale=1.0
2019-01-18 15:11:38,814 Building dataset
2019-01-18 15:11:38,815 Subsample: 19 points with scale 1.0 subsample=18
2019-01-18 15:11:38,838 Built Data Sampler
2019-01-18 15:11:38,839 Creating a fresh model warm_start?=None
2019-01-18 15:11:38,839 	 Warmstarting? None None 19
2019-01-18 15:11:38,839 Embedding() torch.Size([19, 10])
2019-01-18 15:11:38,850 relative No Rescale
2019-01-18 15:11:38,850 Constructed model with dim=0 and epochs=0 isnan=False
2019-01-18 15:11:38,850 SGD (
Parameter Group 0
    dampening: 0
    initial_lr: 0.1
    lr: 1.0
    momentum: 0.0
    nesterov: False
    weight_decay: 0

Parameter Group 1
    dampening: 0
    initial_lr: 0.1
    lr: 1.0
    momentum: 0.0
    nesterov: False
    weight_decay: 0

Parameter Group 2
    dampening: 0
    initial_lr: 0.1
    lr: 1.0
    momentum: 0.0
    nesterov: False
    weight_decay: 0

Parameter Group 3
    dampening: 0
    initial_lr: 0.0001
    lr: 0.001
    momentum: 0.0
    nesterov: False
    weight_decay: 0
)
2019-01-18 15:11:38,851 *** Initial Checkpoint. Computing Stats
2019-01-18 15:11:38,851 	 Computing Major Stats lazily... 
2019-01-18 15:11:38,853 		 Completed edges=342 good=342 bad=0
2019-01-18 15:11:38,857 Distortion avg=0.9981983845305901 wc=10.207997544456196 me=0.006196519622161948 mc=1647.375973433076 nan_elements=0
2019-01-18 15:11:38,857 MAP = 0.12812653878056357
2019-01-18 15:11:38,857 scale=[array([1.])]
2019-01-18 15:11:38,857 *** End Initial Checkpoint

2019-01-18 15:11:38,916 1 loss=0.9964015036728978
2019-01-18 15:11:38,917 2 loss=0.9218282609891676
2019-01-18 15:11:38,918 3 loss=0.8548601169660669
2019-01-18 15:11:38,919 4 loss=0.7964997595646882
2019-01-18 15:11:38,920 5 loss=0.7456383918851477
2019-01-18 15:11:38,921 6 loss=0.7011783757101784
2019-01-18 15:11:38,921 7 loss=0.6621614451553747
2019-01-18 15:11:38,922 8 loss=0.6277738663057666
2019-01-18 15:11:38,923 9 loss=0.597330895460095
2019-01-18 15:11:38,924 10 loss=0.5702580830133842
2019-01-18 15:11:38,924 
*** Major Checkpoint. Computing Stats and Saving
2019-01-18 15:11:38,924 	 Computing Major Stats lazily... 
2019-01-18 15:11:38,925 		 Completed edges=342 good=342 bad=0
2019-01-18 15:11:38,928 Distortion avg=0.7055969890750097 wc=19.02969981785644 me=1.2089762301526046 mc=15.74034240148327 nan_elements=0
2019-01-18 15:11:38,929 MAP = 0.09137001571986093
2019-01-18 15:11:38,929 scale=[array([1.])]
2019-01-18 15:11:38,929 *** End Major Checkpoint

2019-01-18 15:11:38,930 11 loss=0.546073721785475
2019-01-18 15:11:38,930 12 loss=0.524373513387029
2019-01-18 15:11:38,931 13 loss=0.5048175601534667
2019-01-18 15:11:38,932 14 loss=0.4871194834947635
2019-01-18 15:11:38,932 15 loss=0.471037386157984
2019-01-18 15:11:38,933 16 loss=0.4563663735838175
2019-01-18 15:11:38,934 17 loss=0.44293237601324315
2019-01-18 15:11:38,935 18 loss=0.4305870477018914
2019-01-18 15:11:38,935 19 loss=0.41920355426120093
2019-01-18 15:11:38,936 20 loss=0.4086730906028488
2019-01-18 15:11:38,936 
*** Major Checkpoint. Computing Stats and Saving
2019-01-18 15:11:38,936 	 Computing Major Stats lazily... 
2019-01-18 15:11:38,938 		 Completed edges=342 good=342 bad=0
2019-01-18 15:11:38,941 Distortion avg=0.6043339362298425 wc=13.852626597083189 me=1.5133438804334503 mc=9.153654219763677 nan_elements=0
2019-01-18 15:11:38,941 MAP = 0.09811749138374525
2019-01-18 15:11:38,941 scale=[array([1.])]
2019-01-18 15:11:38,941 *** End Major Checkpoint

2019-01-18 15:11:38,942 21 loss=0.3989019992476973
2019-01-18 15:11:38,943 22 loss=0.38980938185016833
2019-01-18 15:11:38,944 23 loss=0.3813251160464939
2019-01-18 15:11:38,944 24 loss=0.3733882056525583
2019-01-18 15:11:38,945 25 loss=0.3659454053180826
2019-01-18 15:11:38,946 26 loss=0.35895007145467156
2019-01-18 15:11:38,947 27 loss=0.3523612000051466
2019-01-18 15:11:38,947 28 loss=0.34614261876007424
2019-01-18 15:11:38,948 29 loss=0.34026230774754823
2019-01-18 15:11:38,949 30 loss=0.3346918259670574
2019-01-18 15:11:38,949 
*** Major Checkpoint. Computing Stats and Saving
2019-01-18 15:11:38,949 	 Computing Major Stats lazily... 
2019-01-18 15:11:38,951 		 Completed edges=342 good=342 bad=0
2019-01-18 15:11:38,954 Distortion avg=0.5468069971091922 wc=10.92655402689148 me=1.5993937322291654 mc=6.831684910795871 nan_elements=0
2019-01-18 15:11:38,954 MAP = 0.11832501290705628
2019-01-18 15:11:38,954 scale=[array([1.])]
2019-01-18 15:11:38,954 *** End Major Checkpoint

2019-01-18 15:11:38,955 31 loss=0.32940582660752793
2019-01-18 15:11:38,956 32 loss=0.3243816460468968
2019-01-18 15:11:38,957 33 loss=0.3195989545091702
2019-01-18 15:11:38,957 34 loss=0.3150394583632404
2019-01-18 15:11:38,958 35 loss=0.31068664577375826
2019-01-18 15:11:38,959 36 loss=0.3065255688294563
2019-01-18 15:11:38,960 37 loss=0.30254265643627903
2019-01-18 15:11:38,961 38 loss=0.2987255532184072
2019-01-18 15:11:38,961 39 loss=0.2950629804576877
2019-01-18 15:11:38,962 40 loss=0.2915446157519538
2019-01-18 15:11:38,962 
*** Major Checkpoint. Computing Stats and Saving
2019-01-18 15:11:38,962 	 Computing Major Stats lazily... 
2019-01-18 15:11:38,964 		 Completed edges=342 good=342 bad=0
2019-01-18 15:11:38,967 Distortion avg=0.5015930028944381 wc=9.680997655125429 me=1.7251698459467406 mc=5.611620025628653 nan_elements=0
2019-01-18 15:11:38,967 MAP = 0.15486182390594153
2019-01-18 15:11:38,967 scale=[array([1.])]
2019-01-18 15:11:38,967 *** End Major Checkpoint

2019-01-18 15:11:38,968 41 loss=0.2881609886102014
2019-01-18 15:11:38,969 42 loss=0.28490338964790796
2019-01-18 15:11:38,969 43 loss=0.2817637914154548
2019-01-18 15:11:38,970 44 loss=0.2787347792000931
2019-01-18 15:11:38,971 45 loss=0.27580949039816466
2019-01-18 15:11:38,971 46 loss=0.2729815612682984
2019-01-18 15:11:38,972 47 loss=0.27024508005540465
2019-01-18 15:11:38,973 48 loss=0.2675945456254785
2019-01-18 15:11:38,974 49 loss=0.2650248308774392
2019-01-18 15:11:38,974 50 loss=0.26253115030453406
2019-01-18 15:11:38,974 
*** Major Checkpoint. Computing Stats and Saving
2019-01-18 15:11:38,974 	 Computing Major Stats lazily... 
2019-01-18 15:11:38,976 		 Completed edges=342 good=342 bad=0
2019-01-18 15:11:38,980 Distortion avg=0.4672748032217323 wc=8.750685357216135 me=1.805383304051628 mc=4.84699583605205 nan_elements=0
2019-01-18 15:11:38,980 MAP = 0.2050894252519639
2019-01-18 15:11:38,980 scale=[array([1.])]
2019-01-18 15:11:38,980 *** End Major Checkpoint

2019-01-18 15:11:38,980 final loss=0.26253115030453406
2019-01-18 15:11:38,980 best loss=0.26253115030453406, distortion=0.4672748032217323, map=0.2050894252519639, wc_dist=8.750685357216135
2019-01-18 15:11:38,980 	 Computing Major Stats lazily... 
2019-01-18 15:11:38,982 		 Completed edges=342 good=342 bad=0
2019-01-18 15:11:38,985 Distortion avg=0.4672748032217323 wc=8.750685357216135 me=1.805383304051628 mc=4.84699583605205 nan_elements=0
2019-01-18 15:11:38,985 MAP = 0.20508942525196394
2019-01-18 15:11:38,985 scale=[array([1.])]
