2019-01-18 15:09:05,882 Commandline ['pytorch/pytorch_hyperbolic.py', 'learn', 'data/edges/parsing/ewt/ewt_dev/1114.edges', '--dim', '0', '--hyp', '0', '--edim', '10', '--euc', '1', '--sdim', '0', '--sph', '0', '--log-name', 'ewt_devr2/1114.edges.E10-1.lr1.log', '--batch-size', '65536', '--epochs', '50', '--checkpoint-freq', '10', '-g', '--subsample', '1024', '--learning-rate', '1']
2019-01-18 15:09:05,883 No Model Save selected!
2019-01-18 15:09:05,884 Loaded Graph data/edges/parsing/ewt/ewt_dev/1114.edges with 19 nodes scale=1.0
2019-01-18 15:09:05,884 Building dataset
2019-01-18 15:09:05,884 Subsample: 19 points with scale 1.0 subsample=18
2019-01-18 15:09:05,907 Built Data Sampler
2019-01-18 15:09:05,907 Creating a fresh model warm_start?=None
2019-01-18 15:09:05,907 	 Warmstarting? None None 19
2019-01-18 15:09:05,907 Embedding() torch.Size([19, 10])
2019-01-18 15:09:05,908 relative No Rescale
2019-01-18 15:09:05,908 Constructed model with dim=0 and epochs=0 isnan=False
2019-01-18 15:09:05,908 SGD (
Parameter Group 0
    dampening: 0
    initial_lr: 0.1
    lr: 1.0
    momentum: 0.0
    nesterov: False
    weight_decay: 0

Parameter Group 1
    dampening: 0
    initial_lr: 0.1
    lr: 1.0
    momentum: 0.0
    nesterov: False
    weight_decay: 0

Parameter Group 2
    dampening: 0
    initial_lr: 0.1
    lr: 1.0
    momentum: 0.0
    nesterov: False
    weight_decay: 0

Parameter Group 3
    dampening: 0
    initial_lr: 0.0001
    lr: 0.001
    momentum: 0.0
    nesterov: False
    weight_decay: 0
)
2019-01-18 15:09:05,908 *** Initial Checkpoint. Computing Stats
2019-01-18 15:09:05,908 	 Computing Major Stats lazily... 
2019-01-18 15:09:05,910 		 Completed edges=342 good=342 bad=0
2019-01-18 15:09:05,914 Distortion avg=0.9981527686632455 wc=13.843828405469107 me=0.006196519622161948 mc=2234.1296807899134 nan_elements=0
2019-01-18 15:09:05,914 MAP = 0.1828003502345608
2019-01-18 15:09:05,914 scale=[array([1.])]
2019-01-18 15:09:05,914 *** End Initial Checkpoint

2019-01-18 15:09:05,974 1 loss=0.9963101437541441
2019-01-18 15:09:05,975 2 loss=0.9175194055252481
2019-01-18 15:09:05,976 3 loss=0.8462304531258372
2019-01-18 15:09:05,977 4 loss=0.7840808111226257
2019-01-18 15:09:05,977 5 loss=0.7299438169294195
2019-01-18 15:09:05,978 6 loss=0.6826363852791819
2019-01-18 15:09:05,979 7 loss=0.6411181205948179
2019-01-18 15:09:05,980 8 loss=0.6045077933254438
2019-01-18 15:09:05,981 9 loss=0.5720678744435096
2019-01-18 15:09:05,982 10 loss=0.5431834715879377
2019-01-18 15:09:05,982 
*** Major Checkpoint. Computing Stats and Saving
2019-01-18 15:09:05,982 	 Computing Major Stats lazily... 
2019-01-18 15:09:05,983 		 Completed edges=342 good=342 bad=0
2019-01-18 15:09:05,986 Distortion avg=0.6842129126567847 wc=16.292620770055063 me=1.053024153872145 mc=15.47221942644372 nan_elements=0
2019-01-18 15:09:05,986 MAP = 0.09815190174033055
2019-01-18 15:09:05,987 scale=[array([1.])]
2019-01-18 15:09:05,987 *** End Major Checkpoint

2019-01-18 15:09:05,987 11 loss=0.5173421556501094
2019-01-18 15:09:05,988 12 loss=0.494116336650806
2019-01-18 15:09:05,989 13 loss=0.47314841099644867
2019-01-18 15:09:05,989 14 loss=0.45413845011580545
2019-01-18 15:09:05,990 15 loss=0.43683407813264286
2019-01-18 15:09:05,991 16 loss=0.4210221814108424
2019-01-18 15:09:05,992 17 loss=0.40652212854819675
2019-01-18 15:09:05,993 18 loss=0.39318022597441826
2019-01-18 15:09:05,993 19 loss=0.38086518013880694
2019-01-18 15:09:05,994 20 loss=0.3694643781543781
2019-01-18 15:09:05,994 
*** Major Checkpoint. Computing Stats and Saving
2019-01-18 15:09:05,994 	 Computing Major Stats lazily... 
2019-01-18 15:09:05,996 		 Completed edges=342 good=342 bad=0
2019-01-18 15:09:05,999 Distortion avg=0.5678378482826666 wc=12.969388407244503 me=1.3979978642016446 mc=9.277116038121374 nan_elements=0
2019-01-18 15:09:05,999 MAP = 0.11514665162981727
2019-01-18 15:09:05,999 scale=[array([1.])]
2019-01-18 15:09:05,999 *** End Major Checkpoint

2019-01-18 15:09:06,000 21 loss=0.35888083359391615
2019-01-18 15:09:06,001 22 loss=0.349030673081891
2019-01-18 15:09:06,002 23 loss=0.3398410630465663
2019-01-18 15:09:06,002 24 loss=0.331248495268277
2019-01-18 15:09:06,003 25 loss=0.3231973654377112
2019-01-18 15:09:06,004 26 loss=0.31563879149377594
2019-01-18 15:09:06,004 27 loss=0.3085296286163153
2019-01-18 15:09:06,005 28 loss=0.3018316458797016
2019-01-18 15:09:06,006 29 loss=0.2955108361177191
2019-01-18 15:09:06,007 30 loss=0.28953683582279094
2019-01-18 15:09:06,007 
*** Major Checkpoint. Computing Stats and Saving
2019-01-18 15:09:06,007 	 Computing Major Stats lazily... 
2019-01-18 15:09:06,008 		 Completed edges=342 good=342 bad=0
2019-01-18 15:09:06,011 Distortion avg=0.4979350861858413 wc=11.679665117147843 me=1.6063182645826637 mc=7.271077827271252 nan_elements=0
2019-01-18 15:09:06,011 MAP = 0.15553137340385792
2019-01-18 15:09:06,012 scale=[array([1.])]
2019-01-18 15:09:06,012 *** End Major Checkpoint

2019-01-18 15:09:06,013 31 loss=0.2838824361565648
2019-01-18 15:09:06,014 32 loss=0.2785231695868886
2019-01-18 15:09:06,015 33 loss=0.2734369594502311
2019-01-18 15:09:06,015 34 loss=0.26860382199786703
2019-01-18 15:09:06,016 35 loss=0.264005612321652
2019-01-18 15:09:06,017 36 loss=0.2596258070531624
2019-01-18 15:09:06,017 37 loss=0.255449317953928
2019-01-18 15:09:06,018 38 loss=0.2514623315168866
2019-01-18 15:09:06,019 39 loss=0.2476521705219844
2019-01-18 15:09:06,019 40 loss=0.24400717416573295
2019-01-18 15:09:06,020 
*** Major Checkpoint. Computing Stats and Saving
2019-01-18 15:09:06,020 	 Computing Major Stats lazily... 
2019-01-18 15:09:06,021 		 Completed edges=342 good=342 bad=0
2019-01-18 15:09:06,024 Distortion avg=0.4457129686772093 wc=10.801048596760573 me=1.7144105836168153 mc=6.300152775523634 nan_elements=0
2019-01-18 15:09:06,024 MAP = 0.23923851239060215
2019-01-18 15:09:06,025 scale=[array([1.])]
2019-01-18 15:09:06,025 *** End Major Checkpoint

2019-01-18 15:09:06,025 41 loss=0.24051659394255087
2019-01-18 15:09:06,026 42 loss=0.23717050291672787
2019-01-18 15:09:06,027 43 loss=0.2339597164054569
2019-01-18 15:09:06,028 44 loss=0.2308757224098894
2019-01-18 15:09:06,028 45 loss=0.22791062039419632
2019-01-18 15:09:06,029 46 loss=0.22505706723159025
2019-01-18 15:09:06,030 47 loss=0.2223082293189315
2019-01-18 15:09:06,031 48 loss=0.21965774001417995
2019-01-18 15:09:06,032 49 loss=0.21709966167877387
2019-01-18 15:09:06,032 50 loss=0.2146284517142298
2019-01-18 15:09:06,032 
*** Major Checkpoint. Computing Stats and Saving
2019-01-18 15:09:06,032 	 Computing Major Stats lazily... 
2019-01-18 15:09:06,034 		 Completed edges=342 good=342 bad=0
2019-01-18 15:09:06,037 Distortion avg=0.41057129047658425 wc=10.213889350693028 me=1.7809026241247463 mc=5.735231793323237 nan_elements=0
2019-01-18 15:09:06,037 MAP = 0.3316968243100209
2019-01-18 15:09:06,037 scale=[array([1.])]
2019-01-18 15:09:06,037 *** End Major Checkpoint

2019-01-18 15:09:06,037 final loss=0.2146284517142298
2019-01-18 15:09:06,037 best loss=0.2146284517142298, distortion=0.41057129047658425, map=0.3316968243100209, wc_dist=10.213889350693028
2019-01-18 15:09:06,037 	 Computing Major Stats lazily... 
2019-01-18 15:09:06,039 		 Completed edges=342 good=342 bad=0
2019-01-18 15:09:06,042 Distortion avg=0.4105712904765844 wc=10.213889350693028 me=1.7809026241247463 mc=5.735231793323237 nan_elements=0
2019-01-18 15:09:06,042 MAP = 0.3316968243100209
2019-01-18 15:09:06,042 scale=[array([1.])]
