2019-01-18 14:54:25,206 Commandline ['pytorch/pytorch_hyperbolic.py', 'learn', 'data/edges/parsing/ewt/ewt_dev/1115.edges', '--dim', '0', '--hyp', '0', '--edim', '10', '--euc', '1', '--sdim', '0', '--sph', '0', '--log-name', 'ewt_devr2/1115.edges.E10-1.lr1.log', '--batch-size', '65536', '--epochs', '50', '--checkpoint-freq', '10', '-g', '--subsample', '1024', '--learning-rate', '1']
2019-01-18 14:54:25,206 No Model Save selected!
2019-01-18 14:54:25,208 Loaded Graph data/edges/parsing/ewt/ewt_dev/1115.edges with 6 nodes scale=1.0
2019-01-18 14:54:25,208 Building dataset
2019-01-18 14:54:25,208 Subsample: 6 points with scale 1.0 subsample=5
2019-01-18 14:54:25,213 Built Data Sampler
2019-01-18 14:54:25,213 Creating a fresh model warm_start?=None
2019-01-18 14:54:25,213 	 Warmstarting? None None 6
2019-01-18 14:54:25,213 Embedding() torch.Size([6, 10])
2019-01-18 14:54:25,213 relative No Rescale
2019-01-18 14:54:25,214 Constructed model with dim=0 and epochs=0 isnan=False
2019-01-18 14:54:25,214 SGD (
Parameter Group 0
    dampening: 0
    initial_lr: 0.1
    lr: 1.0
    momentum: 0.0
    nesterov: False
    weight_decay: 0

Parameter Group 1
    dampening: 0
    initial_lr: 0.1
    lr: 1.0
    momentum: 0.0
    nesterov: False
    weight_decay: 0

Parameter Group 2
    dampening: 0
    initial_lr: 0.1
    lr: 1.0
    momentum: 0.0
    nesterov: False
    weight_decay: 0

Parameter Group 3
    dampening: 0
    initial_lr: 0.0001
    lr: 0.001
    momentum: 0.0
    nesterov: False
    weight_decay: 0
)
2019-01-18 14:54:25,214 *** Initial Checkpoint. Computing Stats
2019-01-18 14:54:25,214 	 Computing Major Stats lazily... 
2019-01-18 14:54:25,215 		 Completed edges=30 good=30 bad=0
2019-01-18 14:54:25,216 Distortion avg=0.9972498530454694 wc=5.905607273393776 me=0.005628252251848828 mc=1049.2790673079444 nan_elements=0
2019-01-18 14:54:25,216 MAP = 0.3939814814814815
2019-01-18 14:54:25,216 scale=[array([1.])]
2019-01-18 14:54:25,216 *** End Initial Checkpoint

2019-01-18 14:54:25,273 1 loss=0.9945094922473295
2019-01-18 14:54:25,273 2 loss=0.5020639456710678
2019-01-18 14:54:25,274 3 loss=0.3466237691807754
2019-01-18 14:54:25,274 4 loss=0.28688926915057256
2019-01-18 14:54:25,275 5 loss=0.2534572763434297
2019-01-18 14:54:25,275 6 loss=0.2295533289982896
2019-01-18 14:54:25,276 7 loss=0.21033029886463975
2019-01-18 14:54:25,276 8 loss=0.19389866426264818
2019-01-18 14:54:25,277 9 loss=0.1792849522078849
2019-01-18 14:54:25,277 10 loss=0.16591653139771834
2019-01-18 14:54:25,277 
*** Major Checkpoint. Computing Stats and Saving
2019-01-18 14:54:25,277 	 Computing Major Stats lazily... 
2019-01-18 14:54:25,277 		 Completed edges=30 good=30 bad=0
2019-01-18 14:54:25,278 Distortion avg=0.354384369009632 wc=4.340214553712118 me=1.3146556260030005 mc=3.3014079640824603 nan_elements=0
2019-01-18 14:54:25,279 MAP = 0.7222222222222222
2019-01-18 14:54:25,279 scale=[array([1.])]
2019-01-18 14:54:25,279 *** End Major Checkpoint

2019-01-18 14:54:25,279 11 loss=0.15345702792112859
2019-01-18 14:54:25,280 12 loss=0.1417262338335516
2019-01-18 14:54:25,280 13 loss=0.13064505957721478
2019-01-18 14:54:25,281 14 loss=0.12019368085782371
2019-01-18 14:54:25,281 15 loss=0.11038073337900126
2019-01-18 14:54:25,281 16 loss=0.10122243179815653
2019-01-18 14:54:25,282 17 loss=0.09273003200274386
2019-01-18 14:54:25,282 18 loss=0.08490371490968816
2019-01-18 14:54:25,283 19 loss=0.07773095202508967
2019-01-18 14:54:25,283 20 loss=0.07118763595889796
2019-01-18 14:54:25,283 
*** Major Checkpoint. Computing Stats and Saving
2019-01-18 14:54:25,283 	 Computing Major Stats lazily... 
2019-01-18 14:54:25,284 		 Completed edges=30 good=30 bad=0
2019-01-18 14:54:25,285 Distortion avg=0.2214081318490587 wc=2.5400611340663466 me=1.1950784422234086 mc=2.125434652925909 nan_elements=0
2019-01-18 14:54:25,285 MAP = 1.0
2019-01-18 14:54:25,285 scale=[array([1.])]
2019-01-18 14:54:25,285 *** End Major Checkpoint

2019-01-18 14:54:25,285 21 loss=0.06524061277831752
2019-01-18 14:54:25,286 22 loss=0.05985064594431043
2019-01-18 14:54:25,286 23 loss=0.05497520645389197
2019-01-18 14:54:25,287 24 loss=0.050570779491010895
2019-01-18 14:54:25,287 25 loss=0.04659458817884113
2019-01-18 14:54:25,288 26 loss=0.043005763791428085
2019-01-18 14:54:25,288 27 loss=0.03976605515929797
2019-01-18 14:54:25,288 28 loss=0.03684018848810921
2019-01-18 14:54:25,289 29 loss=0.03419598137269208
2019-01-18 14:54:25,289 30 loss=0.031804295806772506
2019-01-18 14:54:25,289 
*** Major Checkpoint. Computing Stats and Saving
2019-01-18 14:54:25,290 	 Computing Major Stats lazily... 
2019-01-18 14:54:25,290 		 Completed edges=30 good=30 bad=0
2019-01-18 14:54:25,291 Distortion avg=0.14515607085255428 wc=1.8555778217870307 me=1.1356318207827045 mc=1.6339607501559108 nan_elements=0
2019-01-18 14:54:25,291 MAP = 1.0
2019-01-18 14:54:25,291 scale=[array([1.])]
2019-01-18 14:54:25,291 *** End Major Checkpoint

2019-01-18 14:54:25,292 31 loss=0.02963889360089384
2019-01-18 14:54:25,292 32 loss=0.027676238572904684
2019-01-18 14:54:25,292 33 loss=0.02589527490721325
2019-01-18 14:54:25,293 34 loss=0.024277200235551407
2019-01-18 14:54:25,293 35 loss=0.02280524457513351
2019-01-18 14:54:25,294 36 loss=0.021464461395761202
2019-01-18 14:54:25,294 37 loss=0.020241533996057343
2019-01-18 14:54:25,295 38 loss=0.019124598453196574
2019-01-18 14:54:25,295 39 loss=0.0181030832512958
2019-01-18 14:54:25,296 40 loss=0.017167565013221822
2019-01-18 14:54:25,296 
*** Major Checkpoint. Computing Stats and Saving
2019-01-18 14:54:25,296 	 Computing Major Stats lazily... 
2019-01-18 14:54:25,296 		 Completed edges=30 good=30 bad=0
2019-01-18 14:54:25,297 Distortion avg=0.10655212705879741 wc=1.5899721557558637 me=1.1237859077649 mc=1.4148354635609932 nan_elements=0
2019-01-18 14:54:25,297 MAP = 1.0
2019-01-18 14:54:25,297 scale=[array([1.])]
2019-01-18 14:54:25,297 *** End Major Checkpoint

2019-01-18 14:54:25,298 41 loss=0.016309639380881372
2019-01-18 14:54:25,298 42 loss=0.015521805897804756
2019-01-18 14:54:25,299 43 loss=0.01479736567443391
2019-01-18 14:54:25,299 44 loss=0.014130330616273168
2019-01-18 14:54:25,299 45 loss=0.013515343039272345
2019-01-18 14:54:25,300 46 loss=0.012947604566830266
2019-01-18 14:54:25,300 47 loss=0.012422813286393629
2019-01-18 14:54:25,301 48 loss=0.011937108232738585
2019-01-18 14:54:25,301 49 loss=0.011487020354437846
2019-01-18 14:54:25,302 50 loss=0.011069429206429632
2019-01-18 14:54:25,302 
*** Major Checkpoint. Computing Stats and Saving
2019-01-18 14:54:25,302 	 Computing Major Stats lazily... 
2019-01-18 14:54:25,302 		 Completed edges=30 good=30 bad=0
2019-01-18 14:54:25,303 Distortion avg=0.08755250296690872 wc=1.449288660587554 me=1.113969026045599 mc=1.301013427395089 nan_elements=0
2019-01-18 14:54:25,303 MAP = 1.0
2019-01-18 14:54:25,303 scale=[array([1.])]
2019-01-18 14:54:25,303 *** End Major Checkpoint

2019-01-18 14:54:25,303 final loss=0.011069429206429632
2019-01-18 14:54:25,304 best loss=0.011069429206429632, distortion=0.08755250296690872, map=1.0, wc_dist=1.449288660587554
2019-01-18 14:54:25,304 	 Computing Major Stats lazily... 
2019-01-18 14:54:25,304 		 Completed edges=30 good=30 bad=0
2019-01-18 14:54:25,305 Distortion avg=0.08755250296690877 wc=1.449288660587554 me=1.113969026045599 mc=1.301013427395089 nan_elements=0
2019-01-18 14:54:25,305 MAP = 1.0
2019-01-18 14:54:25,305 scale=[array([1.])]
