2019-01-18 14:52:07,042 Commandline ['pytorch/pytorch_hyperbolic.py', 'learn', 'data/edges/parsing/ewt/ewt_dev/1118.edges', '--dim', '0', '--hyp', '0', '--edim', '10', '--euc', '1', '--sdim', '0', '--sph', '0', '--log-name', 'ewt_devr2/1118.edges.E10-1.lr1.log', '--batch-size', '65536', '--epochs', '50', '--checkpoint-freq', '10', '-g', '--subsample', '1024', '--learning-rate', '1']
2019-01-18 14:52:07,042 No Model Save selected!
2019-01-18 14:52:07,044 Loaded Graph data/edges/parsing/ewt/ewt_dev/1118.edges with 22 nodes scale=1.0
2019-01-18 14:52:07,044 Building dataset
2019-01-18 14:52:07,044 Subsample: 22 points with scale 1.0 subsample=21
2019-01-18 14:52:07,068 Built Data Sampler
2019-01-18 14:52:07,068 Creating a fresh model warm_start?=None
2019-01-18 14:52:07,069 	 Warmstarting? None None 22
2019-01-18 14:52:07,069 Embedding() torch.Size([22, 10])
2019-01-18 14:52:07,069 relative No Rescale
2019-01-18 14:52:07,069 Constructed model with dim=0 and epochs=0 isnan=False
2019-01-18 14:52:07,070 SGD (
Parameter Group 0
    dampening: 0
    initial_lr: 0.1
    lr: 1.0
    momentum: 0.0
    nesterov: False
    weight_decay: 0

Parameter Group 1
    dampening: 0
    initial_lr: 0.1
    lr: 1.0
    momentum: 0.0
    nesterov: False
    weight_decay: 0

Parameter Group 2
    dampening: 0
    initial_lr: 0.1
    lr: 1.0
    momentum: 0.0
    nesterov: False
    weight_decay: 0

Parameter Group 3
    dampening: 0
    initial_lr: 0.0001
    lr: 0.001
    momentum: 0.0
    nesterov: False
    weight_decay: 0
)
2019-01-18 14:52:07,070 *** Initial Checkpoint. Computing Stats
2019-01-18 14:52:07,070 	 Computing Major Stats lazily... 
2019-01-18 14:52:07,072 		 Completed edges=462 good=462 bad=0
2019-01-18 14:52:07,076 Distortion avg=0.998524797167944 wc=15.994358517118934 me=0.006196519622161948 mc=2581.184195708001 nan_elements=0
2019-01-18 14:52:07,076 MAP = 0.18252398684515916
2019-01-18 14:52:07,076 scale=[array([1.])]
2019-01-18 14:52:07,076 *** End Initial Checkpoint

2019-01-18 14:52:07,138 1 loss=0.9970530187053951
2019-01-18 14:52:07,139 2 loss=0.951470689898485
2019-01-18 14:52:07,140 3 loss=0.9081412673586611
2019-01-18 14:52:07,141 4 loss=0.8682919686477625
2019-01-18 14:52:07,142 5 loss=0.8318199948546735
2019-01-18 14:52:07,143 6 loss=0.7984745315203966
2019-01-18 14:52:07,143 7 loss=0.7679825665650035
2019-01-18 14:52:07,144 8 loss=0.7400795816466754
2019-01-18 14:52:07,145 9 loss=0.7145190335934193
2019-01-18 14:52:07,146 10 loss=0.6910750470883661
2019-01-18 14:52:07,146 
*** Major Checkpoint. Computing Stats and Saving
2019-01-18 14:52:07,146 	 Computing Major Stats lazily... 
2019-01-18 14:52:07,148 		 Completed edges=462 good=462 bad=0
2019-01-18 14:52:07,151 Distortion avg=0.7984128089625366 wc=27.30112008718015 me=0.9344997550094594 mc=29.214689400216905 nan_elements=0
2019-01-18 14:52:07,151 MAP = 0.09028504076632418
2019-01-18 14:52:07,151 scale=[array([1.])]
2019-01-18 14:52:07,152 *** End Major Checkpoint

2019-01-18 14:52:07,152 11 loss=0.6695425084539851
2019-01-18 14:52:07,153 12 loss=0.6497360863482035
2019-01-18 14:52:07,154 13 loss=0.6314888192563313
2019-01-18 14:52:07,155 14 loss=0.6146505628939427
2019-01-18 14:52:07,156 15 loss=0.5990864383571446
2019-01-18 14:52:07,156 16 loss=0.5846753492135816
2019-01-18 14:52:07,157 17 loss=0.5713085989844958
2019-01-18 14:52:07,158 18 loss=0.5588886211613024
2019-01-18 14:52:07,159 19 loss=0.5473278235674417
2019-01-18 14:52:07,159 20 loss=0.5365475433726065
2019-01-18 14:52:07,160 
*** Major Checkpoint. Computing Stats and Saving
2019-01-18 14:52:07,160 	 Computing Major Stats lazily... 
2019-01-18 14:52:07,162 		 Completed edges=462 good=462 bad=0
2019-01-18 14:52:07,165 Distortion avg=0.691243394491196 wc=24.040623820403624 me=1.4253162908588501 mc=16.866869462298443 nan_elements=0
2019-01-18 14:52:07,165 MAP = 0.0907968778961602
2019-01-18 14:52:07,165 scale=[array([1.])]
2019-01-18 14:52:07,165 *** End Major Checkpoint

2019-01-18 14:52:07,166 21 loss=0.5264771062475544
2019-01-18 14:52:07,167 22 loss=0.5170529818537646
2019-01-18 14:52:07,168 23 loss=0.5082180274427158
2019-01-18 14:52:07,168 24 loss=0.49992081141904415
2019-01-18 14:52:07,170 25 loss=0.4921150090788421
2019-01-18 14:52:07,170 26 loss=0.48475886323633743
2019-01-18 14:52:07,171 27 loss=0.47781470301930984
2019-01-18 14:52:07,172 28 loss=0.4712485146978364
2019-01-18 14:52:07,173 29 loss=0.4650295589839344
2019-01-18 14:52:07,173 30 loss=0.45913002978513
2019-01-18 14:52:07,173 
*** Major Checkpoint. Computing Stats and Saving
2019-01-18 14:52:07,174 	 Computing Major Stats lazily... 
2019-01-18 14:52:07,176 		 Completed edges=462 good=462 bad=0
2019-01-18 14:52:07,180 Distortion avg=0.6427848527543802 wc=20.940820825902264 me=1.6715996593178037 mc=12.527413911084679 nan_elements=0
2019-01-18 14:52:07,180 MAP = 0.09703967336777634
2019-01-18 14:52:07,180 scale=[array([1.])]
2019-01-18 14:52:07,180 *** End Major Checkpoint

2019-01-18 14:52:07,181 31 loss=0.45352474990430275
2019-01-18 14:52:07,182 32 loss=0.44819089964750514
2019-01-18 14:52:07,182 33 loss=0.4431077747298791
2019-01-18 14:52:07,183 34 loss=0.4382565702582211
2019-01-18 14:52:07,184 35 loss=0.4336201879190785
2019-01-18 14:52:07,185 36 loss=0.4291830638160407
2019-01-18 14:52:07,185 37 loss=0.424931014681841
2019-01-18 14:52:07,186 38 loss=0.4208511004429085
2019-01-18 14:52:07,187 39 loss=0.41693150133880186
2019-01-18 14:52:07,188 40 loss=0.41316140799925966
2019-01-18 14:52:07,188 
*** Major Checkpoint. Computing Stats and Saving
2019-01-18 14:52:07,188 	 Computing Major Stats lazily... 
2019-01-18 14:52:07,190 		 Completed edges=462 good=462 bad=0
2019-01-18 14:52:07,193 Distortion avg=0.6075554614639195 wc=18.64929068151404 me=1.8152968542952037 mc=10.273411005691795 nan_elements=0
2019-01-18 14:52:07,193 MAP = 0.1092769675044337
2019-01-18 14:52:07,193 scale=[array([1.])]
2019-01-18 14:52:07,194 *** End Major Checkpoint

2019-01-18 14:52:07,194 41 loss=0.4095309230598209
2019-01-18 14:52:07,195 42 loss=0.40603097305543945
2019-01-18 14:52:07,196 43 loss=0.40265322947232796
2019-01-18 14:52:07,197 44 loss=0.3993900379633006
2019-01-18 14:52:07,197 45 loss=0.3962343548429054
2019-01-18 14:52:07,198 46 loss=0.39317969007713716
2019-01-18 14:52:07,199 47 loss=0.39022005606993615
2019-01-18 14:52:07,200 48 loss=0.38734992162621856
2019-01-18 14:52:07,200 49 loss=0.3845641705399671
2019-01-18 14:52:07,201 50 loss=0.3818580643169175
2019-01-18 14:52:07,201 
*** Major Checkpoint. Computing Stats and Saving
2019-01-18 14:52:07,201 	 Computing Major Stats lazily... 
2019-01-18 14:52:07,203 		 Completed edges=462 good=462 bad=0
2019-01-18 14:52:07,207 Distortion avg=0.5778149899132571 wc=16.670725467103562 me=1.8797527015305784 mc=8.868573750967089 nan_elements=0
2019-01-18 14:52:07,207 MAP = 0.1288877979579499
2019-01-18 14:52:07,207 scale=[array([1.])]
2019-01-18 14:52:07,207 *** End Major Checkpoint

2019-01-18 14:52:07,207 final loss=0.3818580643169175
2019-01-18 14:52:07,207 best loss=0.3818580643169175, distortion=0.5778149899132571, map=0.1288877979579499, wc_dist=16.670725467103562
2019-01-18 14:52:07,207 	 Computing Major Stats lazily... 
2019-01-18 14:52:07,209 		 Completed edges=462 good=462 bad=0
2019-01-18 14:52:07,213 Distortion avg=0.5778149899132571 wc=16.670725467103562 me=1.8797527015305784 mc=8.868573750967089 nan_elements=0
2019-01-18 14:52:07,213 MAP = 0.12888779795794997
2019-01-18 14:52:07,213 scale=[array([1.])]
