2019-01-18 15:08:18,246 Commandline ['pytorch/pytorch_hyperbolic.py', 'learn', 'data/edges/parsing/ewt/ewt_dev/1137.edges', '--dim', '0', '--hyp', '0', '--edim', '10', '--euc', '1', '--sdim', '0', '--sph', '0', '--log-name', 'ewt_devr2/1137.edges.E10-1.lr1.log', '--batch-size', '65536', '--epochs', '50', '--checkpoint-freq', '10', '-g', '--subsample', '1024', '--learning-rate', '1']
2019-01-18 15:08:18,246 No Model Save selected!
2019-01-18 15:08:18,248 Loaded Graph data/edges/parsing/ewt/ewt_dev/1137.edges with 6 nodes scale=1.0
2019-01-18 15:08:18,248 Building dataset
2019-01-18 15:08:18,249 Subsample: 6 points with scale 1.0 subsample=5
2019-01-18 15:08:18,253 Built Data Sampler
2019-01-18 15:08:18,253 Creating a fresh model warm_start?=None
2019-01-18 15:08:18,253 	 Warmstarting? None None 6
2019-01-18 15:08:18,254 Embedding() torch.Size([6, 10])
2019-01-18 15:08:18,254 relative No Rescale
2019-01-18 15:08:18,254 Constructed model with dim=0 and epochs=0 isnan=False
2019-01-18 15:08:18,254 SGD (
Parameter Group 0
    dampening: 0
    initial_lr: 0.1
    lr: 1.0
    momentum: 0.0
    nesterov: False
    weight_decay: 0

Parameter Group 1
    dampening: 0
    initial_lr: 0.1
    lr: 1.0
    momentum: 0.0
    nesterov: False
    weight_decay: 0

Parameter Group 2
    dampening: 0
    initial_lr: 0.1
    lr: 1.0
    momentum: 0.0
    nesterov: False
    weight_decay: 0

Parameter Group 3
    dampening: 0
    initial_lr: 0.0001
    lr: 0.001
    momentum: 0.0
    nesterov: False
    weight_decay: 0
)
2019-01-18 15:08:18,254 *** Initial Checkpoint. Computing Stats
2019-01-18 15:08:18,255 	 Computing Major Stats lazily... 
2019-01-18 15:08:18,255 		 Completed edges=30 good=30 bad=0
2019-01-18 15:08:18,256 Distortion avg=0.997311455261999 wc=4.908844589311665 me=0.005628252251848828 mc=872.1792076215411 nan_elements=0
2019-01-18 15:08:18,256 MAP = 0.5666666666666667
2019-01-18 15:08:18,257 scale=[array([1.])]
2019-01-18 15:08:18,257 *** End Initial Checkpoint

2019-01-18 15:08:18,315 1 loss=0.994632083653216
2019-01-18 15:08:18,316 2 loss=0.5076920635204354
2019-01-18 15:08:18,316 3 loss=0.34920025359165163
2019-01-18 15:08:18,317 4 loss=0.28556144616880064
2019-01-18 15:08:18,317 5 loss=0.24801488595421964
2019-01-18 15:08:18,318 6 loss=0.2202259776816951
2019-01-18 15:08:18,318 7 loss=0.1974940771375032
2019-01-18 15:08:18,319 8 loss=0.17795951808078347
2019-01-18 15:08:18,319 9 loss=0.16066689691217767
2019-01-18 15:08:18,319 10 loss=0.1450797745818056
2019-01-18 15:08:18,320 
*** Major Checkpoint. Computing Stats and Saving
2019-01-18 15:08:18,320 	 Computing Major Stats lazily... 
2019-01-18 15:08:18,320 		 Completed edges=30 good=30 bad=0
2019-01-18 15:08:18,321 Distortion avg=0.3308447907814267 wc=3.4063768253639206 me=1.2560897188008955 mc=2.7118897435254543 nan_elements=0
2019-01-18 15:08:18,321 MAP = 1.0
2019-01-18 15:08:18,321 scale=[array([1.])]
2019-01-18 15:08:18,321 *** End Major Checkpoint

2019-01-18 15:08:18,322 11 loss=0.13090581696299364
2019-01-18 15:08:18,322 12 loss=0.11799540320215564
2019-01-18 15:08:18,323 13 loss=0.1062706669946634
2019-01-18 15:08:18,324 14 loss=0.09567872115613468
2019-01-18 15:08:18,324 15 loss=0.0861657991762416
2019-01-18 15:08:18,325 16 loss=0.0776670689388573
2019-01-18 15:08:18,325 17 loss=0.07010611636221746
2019-01-18 15:08:18,326 18 loss=0.06339898419860521
2019-01-18 15:08:18,326 19 loss=0.05745931480439768
2019-01-18 15:08:18,327 20 loss=0.05220277218914429
2019-01-18 15:08:18,327 
*** Major Checkpoint. Computing Stats and Saving
2019-01-18 15:08:18,327 	 Computing Major Stats lazily... 
2019-01-18 15:08:18,327 		 Completed edges=30 good=30 bad=0
2019-01-18 15:08:18,328 Distortion avg=0.19458976433082598 wc=2.045913453894785 me=1.1488638099399608 mc=1.7808146067388995 nan_elements=0
2019-01-18 15:08:18,328 MAP = 1.0
2019-01-18 15:08:18,328 scale=[array([1.])]
2019-01-18 15:08:18,328 *** End Major Checkpoint

2019-01-18 15:08:18,329 21 loss=0.04755009712772646
2019-01-18 15:08:18,329 22 loss=0.043428818065637795
2019-01-18 15:08:18,330 23 loss=0.03977391916969082
2019-01-18 15:08:18,330 24 loss=0.03652781420102169
2019-01-18 15:08:18,331 25 loss=0.03363991769330769
2019-01-18 15:08:18,331 26 loss=0.03106602011860665
2019-01-18 15:08:18,332 27 loss=0.028767597568058585
2019-01-18 15:08:18,332 28 loss=0.02671113033561795
2019-01-18 15:08:18,333 29 loss=0.02486746808094221
2019-01-18 15:08:18,333 30 loss=0.023211257296676478
2019-01-18 15:08:18,333 
*** Major Checkpoint. Computing Stats and Saving
2019-01-18 15:08:18,333 	 Computing Major Stats lazily... 
2019-01-18 15:08:18,333 		 Completed edges=30 good=30 bad=0
2019-01-18 15:08:18,334 Distortion avg=0.12842862735399585 wc=1.64765936887032 me=1.130765169302841 mc=1.4571189612129312 nan_elements=0
2019-01-18 15:08:18,335 MAP = 1.0
2019-01-18 15:08:18,335 scale=[array([1.])]
2019-01-18 15:08:18,335 *** End Major Checkpoint

2019-01-18 15:08:18,335 31 loss=0.021720434682451266
2019-01-18 15:08:18,336 32 loss=0.020375783886590497
2019-01-18 15:08:18,336 33 loss=0.019160550329784087
2019-01-18 15:08:18,337 34 loss=0.018060107889574347
2019-01-18 15:08:18,337 35 loss=0.01706167119608437
2019-01-18 15:08:18,338 36 loss=0.01615404767892627
2019-01-18 15:08:18,338 37 loss=0.015327424060234844
2019-01-18 15:08:18,338 38 loss=0.01457318258456831
2019-01-18 15:08:18,339 39 loss=0.013883742854389907
2019-01-18 15:08:18,339 40 loss=0.013252425674491348
2019-01-18 15:08:18,339 
*** Major Checkpoint. Computing Stats and Saving
2019-01-18 15:08:18,339 	 Computing Major Stats lazily... 
2019-01-18 15:08:18,340 		 Completed edges=30 good=30 bad=0
2019-01-18 15:08:18,341 Distortion avg=0.09652620574111542 wc=1.4684099304991287 me=1.1190030996996136 mc=1.3122483136045917 nan_elements=0
2019-01-18 15:08:18,341 MAP = 1.0
2019-01-18 15:08:18,341 scale=[array([1.])]
2019-01-18 15:08:18,341 *** End Major Checkpoint

2019-01-18 15:08:18,341 41 loss=0.012673335790735752
2019-01-18 15:08:18,342 42 loss=0.01214126083637886
2019-01-18 15:08:18,342 43 loss=0.0116515841751407
2019-01-18 15:08:18,343 44 loss=0.011200209657998868
2019-01-18 15:08:18,343 45 loss=0.010783496594879483
2019-01-18 15:08:18,344 46 loss=0.01039820348771315
2019-01-18 15:08:18,344 47 loss=0.01004143928225787
2019-01-18 15:08:18,344 48 loss=0.009710621076955089
2019-01-18 15:08:18,345 49 loss=0.009403437381808296
2019-01-18 15:08:18,345 50 loss=0.009117816152404524
2019-01-18 15:08:18,345 
*** Major Checkpoint. Computing Stats and Saving
2019-01-18 15:08:18,346 	 Computing Major Stats lazily... 
2019-01-18 15:08:18,346 		 Completed edges=30 good=30 bad=0
2019-01-18 15:08:18,347 Distortion avg=0.08239677047779283 wc=1.3710504112278619 me=1.110068926123882 mc=1.235103856131952 nan_elements=0
2019-01-18 15:08:18,347 MAP = 1.0
2019-01-18 15:08:18,347 scale=[array([1.])]
2019-01-18 15:08:18,347 *** End Major Checkpoint

2019-01-18 15:08:18,347 final loss=0.009117816152404524
2019-01-18 15:08:18,347 best loss=0.009117816152404524, distortion=0.08239677047779283, map=1.0, wc_dist=1.3710504112278619
2019-01-18 15:08:18,347 	 Computing Major Stats lazily... 
2019-01-18 15:08:18,348 		 Completed edges=30 good=30 bad=0
2019-01-18 15:08:18,349 Distortion avg=0.08239677047779283 wc=1.3710504112278619 me=1.110068926123882 mc=1.235103856131952 nan_elements=0
2019-01-18 15:08:18,349 MAP = 1.0
2019-01-18 15:08:18,349 scale=[array([1.])]
