2019-01-18 14:55:42,002 Commandline ['pytorch/pytorch_hyperbolic.py', 'learn', 'data/edges/parsing/ewt/ewt_dev/1146.edges', '--dim', '0', '--hyp', '0', '--edim', '10', '--euc', '1', '--sdim', '0', '--sph', '0', '--log-name', 'ewt_devr2/1146.edges.E10-1.lr1.log', '--batch-size', '65536', '--epochs', '50', '--checkpoint-freq', '10', '-g', '--subsample', '1024', '--learning-rate', '1']
2019-01-18 14:55:42,002 No Model Save selected!
2019-01-18 14:55:42,003 Loaded Graph data/edges/parsing/ewt/ewt_dev/1146.edges with 14 nodes scale=1.0
2019-01-18 14:55:42,004 Building dataset
2019-01-18 14:55:42,004 Subsample: 14 points with scale 1.0 subsample=13
2019-01-18 14:55:42,020 Built Data Sampler
2019-01-18 14:55:42,020 Creating a fresh model warm_start?=None
2019-01-18 14:55:42,020 	 Warmstarting? None None 14
2019-01-18 14:55:42,020 Embedding() torch.Size([14, 10])
2019-01-18 14:55:42,021 relative No Rescale
2019-01-18 14:55:42,021 Constructed model with dim=0 and epochs=0 isnan=False
2019-01-18 14:55:42,021 SGD (
Parameter Group 0
    dampening: 0
    initial_lr: 0.1
    lr: 1.0
    momentum: 0.0
    nesterov: False
    weight_decay: 0

Parameter Group 1
    dampening: 0
    initial_lr: 0.1
    lr: 1.0
    momentum: 0.0
    nesterov: False
    weight_decay: 0

Parameter Group 2
    dampening: 0
    initial_lr: 0.1
    lr: 1.0
    momentum: 0.0
    nesterov: False
    weight_decay: 0

Parameter Group 3
    dampening: 0
    initial_lr: 0.0001
    lr: 0.001
    momentum: 0.0
    nesterov: False
    weight_decay: 0
)
2019-01-18 14:55:42,021 *** Initial Checkpoint. Computing Stats
2019-01-18 14:55:42,022 	 Computing Major Stats lazily... 
2019-01-18 14:55:42,023 		 Completed edges=182 good=182 bad=0
2019-01-18 14:55:42,026 Distortion avg=0.9981475058718051 wc=11.061009850950603 me=0.005941110731069004 mc=1861.7747339915945 nan_elements=0
2019-01-18 14:55:42,026 MAP = 0.31778479457050884
2019-01-18 14:55:42,026 scale=[array([1.])]
2019-01-18 14:55:42,027 *** End Initial Checkpoint

2019-01-18 14:55:42,084 1 loss=0.9962999235439315
2019-01-18 14:55:42,085 2 loss=0.8837203420554856
2019-01-18 14:55:42,086 3 loss=0.78844701069829
2019-01-18 14:55:42,086 4 loss=0.7112334075612196
2019-01-18 14:55:42,087 5 loss=0.6487417451403825
2019-01-18 14:55:42,087 6 loss=0.5979176287607686
2019-01-18 14:55:42,088 7 loss=0.5562780663260289
2019-01-18 14:55:42,088 8 loss=0.5218636551105037
2019-01-18 14:55:42,089 9 loss=0.49314413472484314
2019-01-18 14:55:42,090 10 loss=0.46892866748327533
2019-01-18 14:55:42,090 
*** Major Checkpoint. Computing Stats and Saving
2019-01-18 14:55:42,090 	 Computing Major Stats lazily... 
2019-01-18 14:55:42,091 		 Completed edges=182 good=182 bad=0
2019-01-18 14:55:42,093 Distortion avg=0.6239373043530557 wc=14.455305159270685 me=1.3308923661989331 mc=10.861363042118464 nan_elements=0
2019-01-18 14:55:42,093 MAP = 0.13260657992800848
2019-01-18 14:55:42,093 scale=[array([1.])]
2019-01-18 14:55:42,093 *** End Major Checkpoint

2019-01-18 14:55:42,094 11 loss=0.44829101759934376
2019-01-18 14:55:42,094 12 loss=0.4305099346534612
2019-01-18 14:55:42,095 13 loss=0.41502258665492314
2019-01-18 14:55:42,095 14 loss=0.4013885282192601
2019-01-18 14:55:42,096 15 loss=0.38926194352248694
2019-01-18 14:55:42,097 16 loss=0.3783703004548638
2019-01-18 14:55:42,097 17 loss=0.36849793755423355
2019-01-18 14:55:42,098 18 loss=0.3594734335263621
2019-01-18 14:55:42,098 19 loss=0.3511598738150405
2019-01-18 14:55:42,099 20 loss=0.34344733621625995
2019-01-18 14:55:42,099 
*** Major Checkpoint. Computing Stats and Saving
2019-01-18 14:55:42,099 	 Computing Major Stats lazily... 
2019-01-18 14:55:42,100 		 Completed edges=182 good=182 bad=0
2019-01-18 14:55:42,102 Distortion avg=0.5522925656210844 wc=10.707491993054402 me=1.534875044536142 mc=6.976132702900474 nan_elements=0
2019-01-18 14:55:42,102 MAP = 0.17480710427138996
2019-01-18 14:55:42,102 scale=[array([1.])]
2019-01-18 14:55:42,102 *** End Major Checkpoint

2019-01-18 14:55:42,103 21 loss=0.33624707780968965
2019-01-18 14:55:42,103 22 loss=0.32948702821286047
2019-01-18 14:55:42,104 23 loss=0.3231082877075112
2019-01-18 14:55:42,105 24 loss=0.3170623999255681
2019-01-18 14:55:42,105 25 loss=0.3113092228459786
2019-01-18 14:55:42,106 26 loss=0.30581526295932265
2019-01-18 14:55:42,106 27 loss=0.3005523687480734
2019-01-18 14:55:42,107 28 loss=0.29549670349142876
2019-01-18 14:55:42,107 29 loss=0.2906279356373768
2019-01-18 14:55:42,108 30 loss=0.285928598951174
2019-01-18 14:55:42,108 
*** Major Checkpoint. Computing Stats and Saving
2019-01-18 14:55:42,108 	 Computing Major Stats lazily... 
2019-01-18 14:55:42,109 		 Completed edges=182 good=182 bad=0
2019-01-18 14:55:42,111 Distortion avg=0.49930828878394984 wc=9.095325014563752 me=1.65299770591332 mc=5.502321619701445 nan_elements=0
2019-01-18 14:55:42,111 MAP = 0.25348403250188967
2019-01-18 14:55:42,111 scale=[array([1.])]
2019-01-18 14:55:42,112 *** End Major Checkpoint

2019-01-18 14:55:42,112 31 loss=0.28138358537429675
2019-01-18 14:55:42,113 32 loss=0.2769797417849593
2019-01-18 14:55:42,113 33 loss=0.2727055482248992
2019-01-18 14:55:42,114 34 loss=0.2685508600895587
2019-01-18 14:55:42,114 35 loss=0.26450670060532355
2019-01-18 14:55:42,115 36 loss=0.26056509289301777
2019-01-18 14:55:42,115 37 loss=0.2567189232356724
2019-01-18 14:55:42,116 38 loss=0.2529618289791864
2019-01-18 14:55:42,117 39 loss=0.24928810591074316
2019-01-18 14:55:42,117 40 loss=0.24569263106929753
2019-01-18 14:55:42,117 
*** Major Checkpoint. Computing Stats and Saving
2019-01-18 14:55:42,117 	 Computing Major Stats lazily... 
2019-01-18 14:55:42,118 		 Completed edges=182 good=182 bad=0
2019-01-18 14:55:42,120 Distortion avg=0.4562819312500583 wc=7.700356714977598 me=1.6801143702251926 mc=4.583233648519706 nan_elements=0
2019-01-18 14:55:42,120 MAP = 0.36483843537414967
2019-01-18 14:55:42,120 scale=[array([1.])]
2019-01-18 14:55:42,121 *** End Major Checkpoint

2019-01-18 14:55:42,121 41 loss=0.24217079781266027
2019-01-18 14:55:42,122 42 loss=0.23871846064891422
2019-01-18 14:55:42,122 43 loss=0.2353318878766894
2019-01-18 14:55:42,123 44 loss=0.2320077205007099
2019-01-18 14:55:42,123 45 loss=0.22874293622065897
2019-01-18 14:55:42,124 46 loss=0.22553481755201205
2019-01-18 14:55:42,124 47 loss=0.22238092334216128
2019-01-18 14:55:42,125 48 loss=0.2192790631057479
2019-01-18 14:55:42,126 49 loss=0.21622727372893633
2019-01-18 14:55:42,126 50 loss=0.21322379819077256
2019-01-18 14:55:42,126 
*** Major Checkpoint. Computing Stats and Saving
2019-01-18 14:55:42,126 	 Computing Major Stats lazily... 
2019-01-18 14:55:42,127 		 Completed edges=182 good=182 bad=0
2019-01-18 14:55:42,129 Distortion avg=0.42205646271044484 wc=6.474764557753948 me=1.6581967188327975 mc=3.9047023095736955 nan_elements=0
2019-01-18 14:55:42,129 MAP = 0.5765731292517007
2019-01-18 14:55:42,130 scale=[array([1.])]
2019-01-18 14:55:42,130 *** End Major Checkpoint

2019-01-18 14:55:42,130 final loss=0.21322379819077256
2019-01-18 14:55:42,130 best loss=0.21322379819077256, distortion=0.42205646271044484, map=0.5765731292517007, wc_dist=6.474764557753948
2019-01-18 14:55:42,130 	 Computing Major Stats lazily... 
2019-01-18 14:55:42,131 		 Completed edges=182 good=182 bad=0
2019-01-18 14:55:42,133 Distortion avg=0.422056462710445 wc=6.474764557753948 me=1.6581967188327975 mc=3.9047023095736955 nan_elements=0
2019-01-18 14:55:42,133 MAP = 0.5765731292517007
2019-01-18 14:55:42,134 scale=[array([1.])]
