2019-01-18 15:08:05,562 Commandline ['pytorch/pytorch_hyperbolic.py', 'learn', 'data/edges/parsing/ewt/ewt_dev/115.edges', '--dim', '0', '--hyp', '0', '--edim', '10', '--euc', '1', '--sdim', '0', '--sph', '0', '--log-name', 'ewt_devr2/115.edges.E10-1.lr1.log', '--batch-size', '65536', '--epochs', '50', '--checkpoint-freq', '10', '-g', '--subsample', '1024', '--learning-rate', '1']
2019-01-18 15:08:05,562 No Model Save selected!
2019-01-18 15:08:05,564 Loaded Graph data/edges/parsing/ewt/ewt_dev/115.edges with 33 nodes scale=1.0
2019-01-18 15:08:05,564 Building dataset
2019-01-18 15:08:05,565 Subsample: 33 points with scale 1.0 subsample=32
2019-01-18 15:08:05,611 Built Data Sampler
2019-01-18 15:08:05,611 Creating a fresh model warm_start?=None
2019-01-18 15:08:05,611 	 Warmstarting? None None 33
2019-01-18 15:08:05,612 Embedding() torch.Size([33, 10])
2019-01-18 15:08:05,612 relative No Rescale
2019-01-18 15:08:05,612 Constructed model with dim=0 and epochs=0 isnan=False
2019-01-18 15:08:05,612 SGD (
Parameter Group 0
    dampening: 0
    initial_lr: 0.1
    lr: 1.0
    momentum: 0.0
    nesterov: False
    weight_decay: 0

Parameter Group 1
    dampening: 0
    initial_lr: 0.1
    lr: 1.0
    momentum: 0.0
    nesterov: False
    weight_decay: 0

Parameter Group 2
    dampening: 0
    initial_lr: 0.1
    lr: 1.0
    momentum: 0.0
    nesterov: False
    weight_decay: 0

Parameter Group 3
    dampening: 0
    initial_lr: 0.0001
    lr: 0.001
    momentum: 0.0
    nesterov: False
    weight_decay: 0
)
2019-01-18 15:08:05,613 *** Initial Checkpoint. Computing Stats
2019-01-18 15:08:05,613 	 Computing Major Stats lazily... 
2019-01-18 15:08:05,617 		 Completed edges=1056 good=1056 bad=0
2019-01-18 15:08:05,622 Distortion avg=0.99859532915902 wc=19.661324129020628 me=0.006841983940850235 mc=2873.6290963257316 nan_elements=0
2019-01-18 15:08:05,623 MAP = 0.1522770821401304
2019-01-18 15:08:05,623 scale=[array([1.])]
2019-01-18 15:08:05,623 *** End Initial Checkpoint

2019-01-18 15:08:05,681 1 loss=0.9971936559384456
2019-01-18 15:08:05,683 2 loss=0.9714969603545054
2019-01-18 15:08:05,684 3 loss=0.94623736088104
2019-01-18 15:08:05,685 4 loss=0.9220524746291454
2019-01-18 15:08:05,686 5 loss=0.8989856934835967
2019-01-18 15:08:05,687 6 loss=0.8770086341012975
2019-01-18 15:08:05,689 7 loss=0.8560748135255343
2019-01-18 15:08:05,690 8 loss=0.8361326044747428
2019-01-18 15:08:05,691 9 loss=0.8171297006021178
2019-01-18 15:08:05,692 10 loss=0.7990149535830166
2019-01-18 15:08:05,692 
*** Major Checkpoint. Computing Stats and Saving
2019-01-18 15:08:05,692 	 Computing Major Stats lazily... 
2019-01-18 15:08:05,696 		 Completed edges=1056 good=1056 bad=0
2019-01-18 15:08:05,701 Distortion avg=0.877529073125424 wc=36.94755785507863 me=0.735042516756271 mc=50.265878521051434 nan_elements=0
2019-01-18 15:08:05,701 MAP = 0.06091181650016899
2019-01-18 15:08:05,702 scale=[array([1.])]
2019-01-18 15:08:05,702 *** End Major Checkpoint

2019-01-18 15:08:05,703 11 loss=0.7817391891660105
2019-01-18 15:08:05,704 12 loss=0.765255564828261
2019-01-18 15:08:05,705 13 loss=0.7495197010503554
2019-01-18 15:08:05,706 14 loss=0.7344896937666149
2019-01-18 15:08:05,708 15 loss=0.7201260623700967
2019-01-18 15:08:05,709 16 loss=0.7063916626223272
2019-01-18 15:08:05,710 17 loss=0.693251581104823
2019-01-18 15:08:05,711 18 loss=0.6806730209854553
2019-01-18 15:08:05,712 19 loss=0.6686251849785548
2019-01-18 15:08:05,713 20 loss=0.6570791590775716
2019-01-18 15:08:05,713 
*** Major Checkpoint. Computing Stats and Saving
2019-01-18 15:08:05,713 	 Computing Major Stats lazily... 
2019-01-18 15:08:05,717 		 Completed edges=1056 good=1056 bad=0
2019-01-18 15:08:05,723 Distortion avg=0.7834551917982219 wc=33.19666182042777 me=1.1945821415806384 mc=27.789350489119865 nan_elements=0
2019-01-18 15:08:05,723 MAP = 0.05895675836817436
2019-01-18 15:08:05,723 scale=[array([1.])]
2019-01-18 15:08:05,723 *** End Major Checkpoint

2019-01-18 15:08:05,724 21 loss=0.6460077992356527
2019-01-18 15:08:05,726 22 loss=0.6353856222907079
2019-01-18 15:08:05,727 23 loss=0.6251887018703645
2019-01-18 15:08:05,728 24 loss=0.6153945696488519
2019-01-18 15:08:05,729 25 loss=0.6059821220908386
2019-01-18 15:08:05,731 26 loss=0.5969315326624933
2019-01-18 15:08:05,732 27 loss=0.5882241693898562
2019-01-18 15:08:05,733 28 loss=0.5798425175810545
2019-01-18 15:08:05,734 29 loss=0.5717701074902096
2019-01-18 15:08:05,735 30 loss=0.5639914466791879
2019-01-18 15:08:05,735 
*** Major Checkpoint. Computing Stats and Saving
2019-01-18 15:08:05,735 	 Computing Major Stats lazily... 
2019-01-18 15:08:05,740 		 Completed edges=1056 good=1056 bad=0
2019-01-18 15:08:05,745 Distortion avg=0.7180912534279424 wc=28.953292059614046 me=1.4604880555092392 mc=19.824394968789175 nan_elements=0
2019-01-18 15:08:05,745 MAP = 0.0611813777971529
2019-01-18 15:08:05,745 scale=[array([1.])]
2019-01-18 15:08:05,745 *** End Major Checkpoint

2019-01-18 15:08:05,746 31 loss=0.5564919568232701
2019-01-18 15:08:05,747 32 loss=0.5492579147047069
2019-01-18 15:08:05,749 33 loss=0.5422763971413945
2019-01-18 15:08:05,750 34 loss=0.5355352296047915
2019-01-18 15:08:05,751 35 loss=0.5290229382903922
2019-01-18 15:08:05,752 36 loss=0.522728705414741
2019-01-18 15:08:05,753 37 loss=0.5166423275244088
2019-01-18 15:08:05,754 38 loss=0.5107541766141757
2019-01-18 15:08:05,756 39 loss=0.5050551638635142
2019-01-18 15:08:05,757 40 loss=0.49953670581213006
2019-01-18 15:08:05,757 
*** Major Checkpoint. Computing Stats and Saving
2019-01-18 15:08:05,757 	 Computing Major Stats lazily... 
2019-01-18 15:08:05,761 		 Completed edges=1056 good=1056 bad=0
2019-01-18 15:08:05,766 Distortion avg=0.6759695967500191 wc=25.391469603111084 me=1.6156430357871046 mc=15.716014639793832 nan_elements=0
2019-01-18 15:08:05,766 MAP = 0.06586817656886355
2019-01-18 15:08:05,766 scale=[array([1.])]
2019-01-18 15:08:05,766 *** End Major Checkpoint

2019-01-18 15:08:05,768 41 loss=0.49419069280667216
2019-01-18 15:08:05,769 42 loss=0.4890094595616305
2019-01-18 15:08:05,770 43 loss=0.4839857576878649
2019-01-18 15:08:05,771 44 loss=0.4791127300521025
2019-01-18 15:08:05,772 45 loss=0.47438388684009625
2019-01-18 15:08:05,773 46 loss=0.46979308320494073
2019-01-18 15:08:05,775 47 loss=0.4653344983903105
2019-01-18 15:08:05,776 48 loss=0.46100261622613015
2019-01-18 15:08:05,777 49 loss=0.45679220690142175
2019-01-18 15:08:05,778 50 loss=0.45269830992583104
2019-01-18 15:08:05,778 
*** Major Checkpoint. Computing Stats and Saving
2019-01-18 15:08:05,778 	 Computing Major Stats lazily... 
2019-01-18 15:08:05,782 		 Completed edges=1056 good=1056 bad=0
2019-01-18 15:08:05,787 Distortion avg=0.6417425231045758 wc=23.25640103684362 me=1.7626115023054174 mc=13.19428643602137 nan_elements=0
2019-01-18 15:08:05,787 MAP = 0.0724135494820401
2019-01-18 15:08:05,788 scale=[array([1.])]
2019-01-18 15:08:05,788 *** End Major Checkpoint

2019-01-18 15:08:05,788 final loss=0.45269830992583104
2019-01-18 15:08:05,788 best loss=0.45269830992583104, distortion=0.6417425231045758, map=0.0724135494820401, wc_dist=23.25640103684362
2019-01-18 15:08:05,788 	 Computing Major Stats lazily... 
2019-01-18 15:08:05,792 		 Completed edges=1056 good=1056 bad=0
2019-01-18 15:08:05,797 Distortion avg=0.6417425231045756 wc=23.25640103684362 me=1.7626115023054174 mc=13.19428643602137 nan_elements=0
2019-01-18 15:08:05,797 MAP = 0.0724135494820401
2019-01-18 15:08:05,797 scale=[array([1.])]
