2019-01-18 14:54:42,511 Commandline ['pytorch/pytorch_hyperbolic.py', 'learn', 'data/edges/parsing/ewt/ewt_dev/1150.edges', '--dim', '0', '--hyp', '0', '--edim', '10', '--euc', '1', '--sdim', '0', '--sph', '0', '--log-name', 'ewt_devr2/1150.edges.E10-1.lr1.log', '--batch-size', '65536', '--epochs', '50', '--checkpoint-freq', '10', '-g', '--subsample', '1024', '--learning-rate', '1']
2019-01-18 14:54:42,511 No Model Save selected!
2019-01-18 14:54:42,513 Loaded Graph data/edges/parsing/ewt/ewt_dev/1150.edges with 13 nodes scale=1.0
2019-01-18 14:54:42,513 Building dataset
2019-01-18 14:54:42,513 Subsample: 13 points with scale 1.0 subsample=12
2019-01-18 14:54:42,525 Built Data Sampler
2019-01-18 14:54:42,525 Creating a fresh model warm_start?=None
2019-01-18 14:54:42,525 	 Warmstarting? None None 13
2019-01-18 14:54:42,526 Embedding() torch.Size([13, 10])
2019-01-18 14:54:42,526 relative No Rescale
2019-01-18 14:54:42,526 Constructed model with dim=0 and epochs=0 isnan=False
2019-01-18 14:54:42,526 SGD (
Parameter Group 0
    dampening: 0
    initial_lr: 0.1
    lr: 1.0
    momentum: 0.0
    nesterov: False
    weight_decay: 0

Parameter Group 1
    dampening: 0
    initial_lr: 0.1
    lr: 1.0
    momentum: 0.0
    nesterov: False
    weight_decay: 0

Parameter Group 2
    dampening: 0
    initial_lr: 0.1
    lr: 1.0
    momentum: 0.0
    nesterov: False
    weight_decay: 0

Parameter Group 3
    dampening: 0
    initial_lr: 0.0001
    lr: 0.001
    momentum: 0.0
    nesterov: False
    weight_decay: 0
)
2019-01-18 14:54:42,527 *** Initial Checkpoint. Computing Stats
2019-01-18 14:54:42,527 	 Computing Major Stats lazily... 
2019-01-18 14:54:42,528 		 Completed edges=156 good=156 bad=0
2019-01-18 14:54:42,530 Distortion avg=0.9980578567025798 wc=9.910291284106076 me=0.005628252251848828 mc=1760.811498960559 nan_elements=0
2019-01-18 14:54:42,530 MAP = 0.27343628593628594
2019-01-18 14:54:42,530 scale=[array([1.])]
2019-01-18 14:54:42,530 *** End Initial Checkpoint

2019-01-18 14:54:42,586 1 loss=0.9961208296540707
2019-01-18 14:54:42,587 2 loss=0.8614996567408816
2019-01-18 14:54:42,588 3 loss=0.7518284392634919
2019-01-18 14:54:42,588 4 loss=0.666817094324128
2019-01-18 14:54:42,589 5 loss=0.6006373027717469
2019-01-18 14:54:42,589 6 loss=0.5484871078720972
2019-01-18 14:54:42,590 7 loss=0.5067616557251139
2019-01-18 14:54:42,591 8 loss=0.47281418425824595
2019-01-18 14:54:42,591 9 loss=0.4447134733222929
2019-01-18 14:54:42,592 10 loss=0.4210507638097407
2019-01-18 14:54:42,592 
*** Major Checkpoint. Computing Stats and Saving
2019-01-18 14:54:42,592 	 Computing Major Stats lazily... 
2019-01-18 14:54:42,593 		 Completed edges=156 good=156 bad=0
2019-01-18 14:54:42,595 Distortion avg=0.5901076970624679 wc=11.124593599131266 me=1.3735551965450146 mc=8.099123811779549 nan_elements=0
2019-01-18 14:54:42,595 MAP = 0.1518994893994894
2019-01-18 14:54:42,595 scale=[array([1.])]
2019-01-18 14:54:42,595 *** End Major Checkpoint

2019-01-18 14:54:42,596 11 loss=0.40079551476998376
2019-01-18 14:54:42,596 12 loss=0.383190217881797
2019-01-18 14:54:42,597 13 loss=0.3676744959132097
2019-01-18 14:54:42,597 14 loss=0.35383057777641014
2019-01-18 14:54:42,598 15 loss=0.3413441831087327
2019-01-18 14:54:42,598 16 loss=0.3299764484174349
2019-01-18 14:54:42,599 17 loss=0.3195437450896634
2019-01-18 14:54:42,600 18 loss=0.3099031355238498
2019-01-18 14:54:42,600 19 loss=0.30094186078315777
2019-01-18 14:54:42,601 20 loss=0.2925697160658344
2019-01-18 14:54:42,601 
*** Major Checkpoint. Computing Stats and Saving
2019-01-18 14:54:42,601 	 Computing Major Stats lazily... 
2019-01-18 14:54:42,602 		 Completed edges=156 good=156 bad=0
2019-01-18 14:54:42,604 Distortion avg=0.5047476462321111 wc=7.763705314909986 me=1.5154293088818174 mc=5.123106217761193 nan_elements=0
2019-01-18 14:54:42,604 MAP = 0.21336302586302586
2019-01-18 14:54:42,604 scale=[array([1.])]
2019-01-18 14:54:42,604 *** End Major Checkpoint

2019-01-18 14:54:42,604 21 loss=0.28471349966340964
2019-01-18 14:54:42,605 22 loss=0.27731295486448987
2019-01-18 14:54:42,606 23 loss=0.27031779008575235
2019-01-18 14:54:42,606 24 loss=0.26368548019787424
2019-01-18 14:54:42,607 25 loss=0.2573796356640399
2019-01-18 14:54:42,607 26 loss=0.2513687857000769
2019-01-18 14:54:42,608 27 loss=0.24562546423703063
2019-01-18 14:54:42,608 28 loss=0.24012551797802614
2019-01-18 14:54:42,609 29 loss=0.2348475777847427
2019-01-18 14:54:42,609 30 loss=0.2297726504676558
2019-01-18 14:54:42,609 
*** Major Checkpoint. Computing Stats and Saving
2019-01-18 14:54:42,610 	 Computing Major Stats lazily... 
2019-01-18 14:54:42,610 		 Completed edges=156 good=156 bad=0
2019-01-18 14:54:42,612 Distortion avg=0.43848188781704905 wc=6.413227571758283 me=1.5914421403200456 mc=4.02982138607223 nan_elements=0
2019-01-18 14:54:42,612 MAP = 0.3747127872127872
2019-01-18 14:54:42,613 scale=[array([1.])]
2019-01-18 14:54:42,613 *** End Major Checkpoint

2019-01-18 14:54:42,613 31 loss=0.22488379952811732
2019-01-18 14:54:42,614 32 loss=0.22016589174174656
2019-01-18 14:54:42,614 33 loss=0.21560539255760047
2019-01-18 14:54:42,615 34 loss=0.21119019774181744
2019-01-18 14:54:42,615 35 loss=0.20690949196680591
2019-01-18 14:54:42,616 36 loss=0.20275362746126427
2019-01-18 14:54:42,617 37 loss=0.19871401762677382
2019-01-18 14:54:42,617 38 loss=0.19478304186352416
2019-01-18 14:54:42,618 39 loss=0.19095395885430766
2019-01-18 14:54:42,619 40 loss=0.1872208263213891
2019-01-18 14:54:42,619 
*** Major Checkpoint. Computing Stats and Saving
2019-01-18 14:54:42,619 	 Computing Major Stats lazily... 
2019-01-18 14:54:42,620 		 Completed edges=156 good=156 bad=0
2019-01-18 14:54:42,622 Distortion avg=0.3850096472494234 wc=5.4563206070854395 me=1.602839701840101 mc=3.4041586322209536 nan_elements=0
2019-01-18 14:54:42,622 MAP = 0.6014652014652015
2019-01-18 14:54:42,622 scale=[array([1.])]
2019-01-18 14:54:42,623 *** End Major Checkpoint

2019-01-18 14:54:42,623 41 loss=0.1835784258589005
2019-01-18 14:54:42,624 42 loss=0.1800221918988787
2019-01-18 14:54:42,624 43 loss=0.17654814422292978
2019-01-18 14:54:42,625 44 loss=0.1731528237046981
2019-01-18 14:54:42,625 45 loss=0.16983323117489613
2019-01-18 14:54:42,626 46 loss=0.16658676945019377
2019-01-18 14:54:42,626 47 loss=0.16341118866683335
2019-01-18 14:54:42,627 48 loss=0.16030453511537462
2019-01-18 14:54:42,627 49 loss=0.15726510379024755
2019-01-18 14:54:42,628 50 loss=0.15429139485289325
2019-01-18 14:54:42,628 
*** Major Checkpoint. Computing Stats and Saving
2019-01-18 14:54:42,628 	 Computing Major Stats lazily... 
2019-01-18 14:54:42,629 		 Completed edges=156 good=156 bad=0
2019-01-18 14:54:42,631 Distortion avg=0.3412538738602921 wc=4.7236134360956035 me=1.5805775184527284 mc=2.988536393153106 nan_elements=0
2019-01-18 14:54:42,631 MAP = 0.8458333333333333
2019-01-18 14:54:42,631 scale=[array([1.])]
2019-01-18 14:54:42,631 *** End Major Checkpoint

2019-01-18 14:54:42,631 final loss=0.15429139485289325
2019-01-18 14:54:42,631 best loss=0.15429139485289325, distortion=0.3412538738602921, map=0.8458333333333333, wc_dist=4.7236134360956035
2019-01-18 14:54:42,631 	 Computing Major Stats lazily... 
2019-01-18 14:54:42,632 		 Completed edges=156 good=156 bad=0
2019-01-18 14:54:42,634 Distortion avg=0.34125387386029205 wc=4.7236134360956035 me=1.5805775184527284 mc=2.988536393153106 nan_elements=0
2019-01-18 14:54:42,634 MAP = 0.8458333333333333
2019-01-18 14:54:42,634 scale=[array([1.])]
