2019-01-18 14:48:58,617 Commandline ['pytorch/pytorch_hyperbolic.py', 'learn', 'data/edges/parsing/ewt/ewt_dev/1158.edges', '--dim', '0', '--hyp', '0', '--edim', '10', '--euc', '1', '--sdim', '0', '--sph', '0', '--log-name', 'ewt_devr2/1158.edges.E10-1.lr1.log', '--batch-size', '65536', '--epochs', '50', '--checkpoint-freq', '10', '-g', '--subsample', '1024', '--learning-rate', '1']
2019-01-18 14:48:58,617 No Model Save selected!
2019-01-18 14:48:58,619 Loaded Graph data/edges/parsing/ewt/ewt_dev/1158.edges with 4 nodes scale=1.0
2019-01-18 14:48:58,619 Building dataset
2019-01-18 14:48:58,620 Subsample: 4 points with scale 1.0 subsample=3
2019-01-18 14:48:58,623 Built Data Sampler
2019-01-18 14:48:58,623 Creating a fresh model warm_start?=None
2019-01-18 14:48:58,623 	 Warmstarting? None None 4
2019-01-18 14:48:58,623 Embedding() torch.Size([4, 10])
2019-01-18 14:48:58,623 relative No Rescale
2019-01-18 14:48:58,624 Constructed model with dim=0 and epochs=0 isnan=False
2019-01-18 14:48:58,624 SGD (
Parameter Group 0
    dampening: 0
    initial_lr: 0.1
    lr: 1.0
    momentum: 0.0
    nesterov: False
    weight_decay: 0

Parameter Group 1
    dampening: 0
    initial_lr: 0.1
    lr: 1.0
    momentum: 0.0
    nesterov: False
    weight_decay: 0

Parameter Group 2
    dampening: 0
    initial_lr: 0.1
    lr: 1.0
    momentum: 0.0
    nesterov: False
    weight_decay: 0

Parameter Group 3
    dampening: 0
    initial_lr: 0.0001
    lr: 0.001
    momentum: 0.0
    nesterov: False
    weight_decay: 0
)
2019-01-18 14:48:58,624 *** Initial Checkpoint. Computing Stats
2019-01-18 14:48:58,624 	 Computing Major Stats lazily... 
2019-01-18 14:48:58,625 		 Completed edges=12 good=12 bad=0
2019-01-18 14:48:58,626 Distortion avg=0.9968269001602653 wc=4.364565737859869 me=0.005628252251848828 mc=775.4744355010297 nan_elements=0
2019-01-18 14:48:58,626 MAP = 0.6875
2019-01-18 14:48:58,626 scale=[array([1.])]
2019-01-18 14:48:58,626 *** End Initial Checkpoint

2019-01-18 14:48:58,684 1 loss=0.9936662679901981
2019-01-18 14:48:58,684 2 loss=0.2339343627728302
2019-01-18 14:48:58,685 3 loss=0.1807676486233216
2019-01-18 14:48:58,685 4 loss=0.13805420321174394
2019-01-18 14:48:58,686 5 loss=0.10631110747006013
2019-01-18 14:48:58,686 6 loss=0.08255671688743556
2019-01-18 14:48:58,687 7 loss=0.06433429311144191
2019-01-18 14:48:58,687 8 loss=0.05034622792300796
2019-01-18 14:48:58,687 9 loss=0.0397044840004404
2019-01-18 14:48:58,688 10 loss=0.03163482619095493
2019-01-18 14:48:58,688 
*** Major Checkpoint. Computing Stats and Saving
2019-01-18 14:48:58,688 	 Computing Major Stats lazily... 
2019-01-18 14:48:58,688 		 Completed edges=12 good=12 bad=0
2019-01-18 14:48:58,689 Distortion avg=0.1383161169883216 wc=1.551142427792335 me=1.0826108985699583 mc=1.4327792467647138 nan_elements=0
2019-01-18 14:48:58,689 MAP = 1.0
2019-01-18 14:48:58,689 scale=[array([1.])]
2019-01-18 14:48:58,689 *** End Major Checkpoint

2019-01-18 14:48:58,690 11 loss=0.025492654857087765
2019-01-18 14:48:58,690 12 loss=0.020781791118348502
2019-01-18 14:48:58,691 13 loss=0.017134539822635533
2019-01-18 14:48:58,691 14 loss=0.014281777306602165
2019-01-18 14:48:58,692 15 loss=0.012026904080947552
2019-01-18 14:48:58,692 16 loss=0.010225899969774438
2019-01-18 14:48:58,692 17 loss=0.008772680505010769
2019-01-18 14:48:58,693 18 loss=0.007588540979880271
2019-01-18 14:48:58,693 19 loss=0.006614609379267761
2019-01-18 14:48:58,694 20 loss=0.0058064619855459675
2019-01-18 14:48:58,694 
*** Major Checkpoint. Computing Stats and Saving
2019-01-18 14:48:58,694 	 Computing Major Stats lazily... 
2019-01-18 14:48:58,694 		 Completed edges=12 good=12 bad=0
2019-01-18 14:48:58,695 Distortion avg=0.062181611526823354 wc=1.226345921620697 me=1.0530192730879369 mc=1.1645996924866215 nan_elements=0
2019-01-18 14:48:58,695 MAP = 1.0
2019-01-18 14:48:58,695 scale=[array([1.])]
2019-01-18 14:48:58,695 *** End Major Checkpoint

2019-01-18 14:48:58,696 21 loss=0.005130275045615613
2019-01-18 14:48:58,696 22 loss=0.004560062449624662
2019-01-18 14:48:58,697 23 loss=0.004075681234056327
2019-01-18 14:48:58,697 24 loss=0.0036613815294402295
2019-01-18 14:48:58,698 25 loss=0.0033047444081613277
2019-01-18 14:48:58,698 26 loss=0.0029958977557829405
2019-01-18 14:48:58,699 27 loss=0.002726932760163166
2019-01-18 14:48:58,699 28 loss=0.0024914662098556683
2019-01-18 14:48:58,699 29 loss=0.0022843095602953253
2019-01-18 14:48:58,700 30 loss=0.002101216773883584
2019-01-18 14:48:58,700 
*** Major Checkpoint. Computing Stats and Saving
2019-01-18 14:48:58,700 	 Computing Major Stats lazily... 
2019-01-18 14:48:58,700 		 Completed edges=12 good=12 bad=0
2019-01-18 14:48:58,701 Distortion avg=0.03776159820846576 wc=1.134835884971993 me=1.0357742613813967 mc=1.0956401672488747 nan_elements=0
2019-01-18 14:48:58,701 MAP = 1.0
2019-01-18 14:48:58,701 scale=[array([1.])]
2019-01-18 14:48:58,701 *** End Major Checkpoint

2019-01-18 14:48:58,702 31 loss=0.0019386907217642255
2019-01-18 14:48:58,702 32 loss=0.0017938334491013018
2019-01-18 14:48:58,703 33 loss=0.0016642295380182885
2019-01-18 14:48:58,703 34 loss=0.00154785462557257
2019-01-18 14:48:58,703 35 loss=0.0014430031749833093
2019-01-18 14:48:58,704 36 loss=0.0013482310838333889
2019-01-18 14:48:58,704 37 loss=0.0012623098017181945
2019-01-18 14:48:58,705 38 loss=0.001184189433244979
2019-01-18 14:48:58,705 39 loss=0.0011129688991662603
2019-01-18 14:48:58,706 40 loss=0.0010478716747946376
2019-01-18 14:48:58,706 
*** Major Checkpoint. Computing Stats and Saving
2019-01-18 14:48:58,706 	 Computing Major Stats lazily... 
2019-01-18 14:48:58,706 		 Completed edges=12 good=12 bad=0
2019-01-18 14:48:58,707 Distortion avg=0.026676491685903695 wc=1.0947016843045365 me=1.0264514221928658 mc=1.0664914682137259 nan_elements=0
2019-01-18 14:48:58,707 MAP = 1.0
2019-01-18 14:48:58,707 scale=[array([1.])]
2019-01-18 14:48:58,707 *** End Major Checkpoint

2019-01-18 14:48:58,707 41 loss=0.0009882259608064393
2019-01-18 14:48:58,708 42 loss=0.000933448395999357
2019-01-18 14:48:58,708 43 loss=0.0008830306154766744
2019-01-18 14:48:58,709 44 loss=0.0008365281063758105
2019-01-18 14:48:58,709 45 loss=0.000793550927864247
2019-01-18 14:48:58,710 46 loss=0.0007537559509804573
2019-01-18 14:48:58,710 47 loss=0.0007168403431598375
2019-01-18 14:48:58,710 48 loss=0.0006825360765585721
2019-01-18 14:48:58,711 49 loss=0.0006506052820310647
2019-01-18 14:48:58,711 50 loss=0.0006208363044433987
2019-01-18 14:48:58,711 
*** Major Checkpoint. Computing Stats and Saving
2019-01-18 14:48:58,711 	 Computing Major Stats lazily... 
2019-01-18 14:48:58,712 		 Completed edges=12 good=12 bad=0
2019-01-18 14:48:58,712 Distortion avg=0.02050513944294136 wc=1.0726302813724986 me=1.0208318733522816 mc=1.0507413702220303 nan_elements=0
2019-01-18 14:48:58,712 MAP = 1.0
2019-01-18 14:48:58,713 scale=[array([1.])]
2019-01-18 14:48:58,713 *** End Major Checkpoint

2019-01-18 14:48:58,713 final loss=0.0006208363044433987
2019-01-18 14:48:58,713 best loss=0.0006208363044433987, distortion=0.02050513944294136, map=1.0, wc_dist=1.0726302813724986
2019-01-18 14:48:58,713 	 Computing Major Stats lazily... 
2019-01-18 14:48:58,713 		 Completed edges=12 good=12 bad=0
2019-01-18 14:48:58,714 Distortion avg=0.02050513944294136 wc=1.0726302813724986 me=1.0208318733522816 mc=1.0507413702220303 nan_elements=0
2019-01-18 14:48:58,714 MAP = 1.0
2019-01-18 14:48:58,714 scale=[array([1.])]
