2019-01-18 14:58:55,296 Commandline ['pytorch/pytorch_hyperbolic.py', 'learn', 'data/edges/parsing/ewt/ewt_dev/1160.edges', '--dim', '0', '--hyp', '0', '--edim', '10', '--euc', '1', '--sdim', '0', '--sph', '0', '--log-name', 'ewt_devr2/1160.edges.E10-1.lr1.log', '--batch-size', '65536', '--epochs', '50', '--checkpoint-freq', '10', '-g', '--subsample', '1024', '--learning-rate', '1']
2019-01-18 14:58:55,296 No Model Save selected!
2019-01-18 14:58:55,298 Loaded Graph data/edges/parsing/ewt/ewt_dev/1160.edges with 14 nodes scale=1.0
2019-01-18 14:58:55,298 Building dataset
2019-01-18 14:58:55,298 Subsample: 14 points with scale 1.0 subsample=13
2019-01-18 14:58:55,311 Built Data Sampler
2019-01-18 14:58:55,311 Creating a fresh model warm_start?=None
2019-01-18 14:58:55,311 	 Warmstarting? None None 14
2019-01-18 14:58:55,311 Embedding() torch.Size([14, 10])
2019-01-18 14:58:55,311 relative No Rescale
2019-01-18 14:58:55,312 Constructed model with dim=0 and epochs=0 isnan=False
2019-01-18 14:58:55,312 SGD (
Parameter Group 0
    dampening: 0
    initial_lr: 0.1
    lr: 1.0
    momentum: 0.0
    nesterov: False
    weight_decay: 0

Parameter Group 1
    dampening: 0
    initial_lr: 0.1
    lr: 1.0
    momentum: 0.0
    nesterov: False
    weight_decay: 0

Parameter Group 2
    dampening: 0
    initial_lr: 0.1
    lr: 1.0
    momentum: 0.0
    nesterov: False
    weight_decay: 0

Parameter Group 3
    dampening: 0
    initial_lr: 0.0001
    lr: 0.001
    momentum: 0.0
    nesterov: False
    weight_decay: 0
)
2019-01-18 14:58:55,312 *** Initial Checkpoint. Computing Stats
2019-01-18 14:58:55,312 	 Computing Major Stats lazily... 
2019-01-18 14:58:55,313 		 Completed edges=182 good=182 bad=0
2019-01-18 14:58:55,316 Distortion avg=0.9981487027858118 wc=8.951382090298106 me=0.006009979300171955 mc=1489.4197871932756 nan_elements=0
2019-01-18 14:58:55,316 MAP = 0.3736350950636665
2019-01-18 14:58:55,316 scale=[array([1.])]
2019-01-18 14:58:55,316 *** End Initial Checkpoint

2019-01-18 14:58:55,373 1 loss=0.996301973193216
2019-01-18 14:58:55,374 2 loss=0.8804408930745016
2019-01-18 14:58:55,374 3 loss=0.7807247529320733
2019-01-18 14:58:55,375 4 loss=0.6996606701063501
2019-01-18 14:58:55,375 5 loss=0.6339836264716392
2019-01-18 14:58:55,376 6 loss=0.580521606254042
2019-01-18 14:58:55,377 7 loss=0.5366645366151556
2019-01-18 14:58:55,377 8 loss=0.5003492496670511
2019-01-18 14:58:55,378 9 loss=0.46996817726161644
2019-01-18 14:58:55,379 10 loss=0.4442755690657768
2019-01-18 14:58:55,379 
*** Major Checkpoint. Computing Stats and Saving
2019-01-18 14:58:55,379 	 Computing Major Stats lazily... 
2019-01-18 14:58:55,380 		 Completed edges=182 good=182 bad=0
2019-01-18 14:58:55,382 Distortion avg=0.5996347175000436 wc=9.657244642984242 me=1.2003632186642244 mc=8.045268709358586 nan_elements=0
2019-01-18 14:58:55,383 MAP = 0.14090403643975072
2019-01-18 14:58:55,383 scale=[array([1.])]
2019-01-18 14:58:55,383 *** End Major Checkpoint

2019-01-18 14:58:55,383 11 loss=0.4223073859040799
2019-01-18 14:58:55,384 12 loss=0.40331693002014146
2019-01-18 14:58:55,385 13 loss=0.38672448738402654
2019-01-18 14:58:55,385 14 loss=0.3720784529038685
2019-01-18 14:58:55,386 15 loss=0.3590255269408089
2019-01-18 14:58:55,386 16 loss=0.3472879451456364
2019-01-18 14:58:55,387 17 loss=0.3366461060248438
2019-01-18 14:58:55,387 18 loss=0.32692531760099447
2019-01-18 14:58:55,388 19 loss=0.3179856780830994
2019-01-18 14:58:55,389 20 loss=0.3097143380213539
2019-01-18 14:58:55,389 
*** Major Checkpoint. Computing Stats and Saving
2019-01-18 14:58:55,389 	 Computing Major Stats lazily... 
2019-01-18 14:58:55,390 		 Completed edges=182 good=182 bad=0
2019-01-18 14:58:55,392 Distortion avg=0.5179208504878929 wc=7.817706877953639 me=1.5127497187830141 mc=5.1678785861833605 nan_elements=0
2019-01-18 14:58:55,392 MAP = 0.2146976535369393
2019-01-18 14:58:55,392 scale=[array([1.])]
2019-01-18 14:58:55,392 *** End Major Checkpoint

2019-01-18 14:58:55,393 21 loss=0.30201957188822776
2019-01-18 14:58:55,393 22 loss=0.2948262253741415
2019-01-18 14:58:55,394 23 loss=0.28807220996073146
2019-01-18 14:58:55,394 24 loss=0.2817057960888615
2019-01-18 14:58:55,395 25 loss=0.275683516507722
2019-01-18 14:58:55,395 26 loss=0.2699685368831262
2019-01-18 14:58:55,396 27 loss=0.26452938507423374
2019-01-18 14:58:55,397 28 loss=0.2593389564105508
2019-01-18 14:58:55,397 29 loss=0.2543737318963977
2019-01-18 14:58:55,398 30 loss=0.24961316110567758
2019-01-18 14:58:55,398 
*** Major Checkpoint. Computing Stats and Saving
2019-01-18 14:58:55,398 	 Computing Major Stats lazily... 
2019-01-18 14:58:55,399 		 Completed edges=182 good=182 bad=0
2019-01-18 14:58:55,401 Distortion avg=0.45683317924532185 wc=7.136369938035717 me=1.6805484716365662 mc=4.246452904203421 nan_elements=0
2019-01-18 14:58:55,401 MAP = 0.3928339517625233
2019-01-18 14:58:55,401 scale=[array([1.])]
2019-01-18 14:58:55,401 *** End Major Checkpoint

2019-01-18 14:58:55,402 31 loss=0.24503917278352125
2019-01-18 14:58:55,402 32 loss=0.24063578472704386
2019-01-18 14:58:55,403 33 loss=0.23638879103789506
2019-01-18 14:58:55,403 34 loss=0.23228550982180074
2019-01-18 14:58:55,404 35 loss=0.22831457822824358
2019-01-18 14:58:55,405 36 loss=0.2244657846574144
2019-01-18 14:58:55,405 37 loss=0.22072993022286522
2019-01-18 14:58:55,406 38 loss=0.21709871330623598
2019-01-18 14:58:55,406 39 loss=0.21356463239543286
2019-01-18 14:58:55,407 40 loss=0.21012090345094533
2019-01-18 14:58:55,407 
*** Major Checkpoint. Computing Stats and Saving
2019-01-18 14:58:55,407 	 Computing Major Stats lazily... 
2019-01-18 14:58:55,408 		 Completed edges=182 good=182 bad=0
2019-01-18 14:58:55,410 Distortion avg=0.411803597449292 wc=6.535798526452246 me=1.729243005048215 mc=3.7795720482154063 nan_elements=0
2019-01-18 14:58:55,410 MAP = 0.5636904761904761
2019-01-18 14:58:55,410 scale=[array([1.])]
2019-01-18 14:58:55,410 *** End Major Checkpoint

2019-01-18 14:58:55,411 41 loss=0.20676138886584983
2019-01-18 14:58:55,411 42 loss=0.20348053572623875
2019-01-18 14:58:55,412 43 loss=0.20027332158057906
2019-01-18 14:58:55,413 44 loss=0.1971352063197042
2019-01-18 14:58:55,413 45 loss=0.19406208907747505
2019-01-18 14:58:55,414 46 loss=0.19105026930388158
2019-01-18 14:58:55,414 47 loss=0.18809641135165567
2019-01-18 14:58:55,415 48 loss=0.1851975120653388
2019-01-18 14:58:55,415 49 loss=0.18235087097680183
2019-01-18 14:58:55,416 50 loss=0.17955406280022998
2019-01-18 14:58:55,416 
*** Major Checkpoint. Computing Stats and Saving
2019-01-18 14:58:55,416 	 Computing Major Stats lazily... 
2019-01-18 14:58:55,417 		 Completed edges=182 good=182 bad=0
2019-01-18 14:58:55,419 Distortion avg=0.375963906288434 wc=5.952639848212412 me=1.715011490738386 mc=3.470903769659027 nan_elements=0
2019-01-18 14:58:55,419 MAP = 0.6656604308390023
2019-01-18 14:58:55,419 scale=[array([1.])]
2019-01-18 14:58:55,419 *** End Major Checkpoint

2019-01-18 14:58:55,420 final loss=0.17955406280022998
2019-01-18 14:58:55,420 best loss=0.17955406280022998, distortion=0.375963906288434, map=0.6656604308390023, wc_dist=5.952639848212412
2019-01-18 14:58:55,420 	 Computing Major Stats lazily... 
2019-01-18 14:58:55,421 		 Completed edges=182 good=182 bad=0
2019-01-18 14:58:55,423 Distortion avg=0.37596390628843385 wc=5.952639848212412 me=1.715011490738386 mc=3.470903769659027 nan_elements=0
2019-01-18 14:58:55,423 MAP = 0.6656604308390023
2019-01-18 14:58:55,423 scale=[array([1.])]
