2019-01-18 14:45:02,841 Commandline ['pytorch/pytorch_hyperbolic.py', 'learn', 'data/edges/parsing/ewt/ewt_dev/1165.edges', '--dim', '0', '--hyp', '0', '--edim', '10', '--euc', '1', '--sdim', '0', '--sph', '0', '--log-name', 'ewt_devr2/1165.edges.E10-1.lr1.log', '--batch-size', '65536', '--epochs', '50', '--checkpoint-freq', '10', '-g', '--subsample', '1024', '--learning-rate', '1']
2019-01-18 14:45:02,841 No Model Save selected!
2019-01-18 14:45:02,843 Loaded Graph data/edges/parsing/ewt/ewt_dev/1165.edges with 18 nodes scale=1.0
2019-01-18 14:45:02,843 Building dataset
2019-01-18 14:45:02,844 Subsample: 18 points with scale 1.0 subsample=17
2019-01-18 14:45:02,863 Built Data Sampler
2019-01-18 14:45:02,863 Creating a fresh model warm_start?=None
2019-01-18 14:45:02,863 	 Warmstarting? None None 18
2019-01-18 14:45:02,863 Embedding() torch.Size([18, 10])
2019-01-18 14:45:02,864 relative No Rescale
2019-01-18 14:45:02,864 Constructed model with dim=0 and epochs=0 isnan=False
2019-01-18 14:45:02,864 SGD (
Parameter Group 0
    dampening: 0
    initial_lr: 0.1
    lr: 1.0
    momentum: 0.0
    nesterov: False
    weight_decay: 0

Parameter Group 1
    dampening: 0
    initial_lr: 0.1
    lr: 1.0
    momentum: 0.0
    nesterov: False
    weight_decay: 0

Parameter Group 2
    dampening: 0
    initial_lr: 0.1
    lr: 1.0
    momentum: 0.0
    nesterov: False
    weight_decay: 0

Parameter Group 3
    dampening: 0
    initial_lr: 0.0001
    lr: 0.001
    momentum: 0.0
    nesterov: False
    weight_decay: 0
)
2019-01-18 14:45:02,864 *** Initial Checkpoint. Computing Stats
2019-01-18 14:45:02,864 	 Computing Major Stats lazily... 
2019-01-18 14:45:02,866 		 Completed edges=306 good=306 bad=0
2019-01-18 14:45:02,869 Distortion avg=0.9981607239637924 wc=9.461886580196946 me=0.005982886981094694 mc=1581.4917798206004 nan_elements=0
2019-01-18 14:45:02,869 MAP = 0.15108888640926457
2019-01-18 14:45:02,870 scale=[array([1.])]
2019-01-18 14:45:02,870 *** End Initial Checkpoint

2019-01-18 14:45:02,929 1 loss=0.9963260533343482
2019-01-18 14:45:02,930 2 loss=0.9078822499129299
2019-01-18 14:45:02,931 3 loss=0.8299501019261123
2019-01-18 14:45:02,931 4 loss=0.7635556497901449
2019-01-18 14:45:02,932 5 loss=0.706834986627868
2019-01-18 14:45:02,933 6 loss=0.6580809894056492
2019-01-18 14:45:02,933 7 loss=0.6158802372218771
2019-01-18 14:45:02,934 8 loss=0.5790876662103758
2019-01-18 14:45:02,935 9 loss=0.5467810225933039
2019-01-18 14:45:02,936 10 loss=0.5182177876188867
2019-01-18 14:45:02,936 
*** Major Checkpoint. Computing Stats and Saving
2019-01-18 14:45:02,936 	 Computing Major Stats lazily... 
2019-01-18 14:45:02,937 		 Completed edges=306 good=306 bad=0
2019-01-18 14:45:02,941 Distortion avg=0.6648517681009258 wc=12.853990163233517 me=1.2593584911555802 mc=10.206776111414287 nan_elements=0
2019-01-18 14:45:02,941 MAP = 0.10012452371521
2019-01-18 14:45:02,941 scale=[array([1.])]
2019-01-18 14:45:02,941 *** End Major Checkpoint

2019-01-18 14:45:02,942 11 loss=0.49279887199776534
2019-01-18 14:45:02,943 12 loss=0.47003919693162444
2019-01-18 14:45:02,943 13 loss=0.44954425043120116
2019-01-18 14:45:02,944 14 loss=0.4309915473163465
2019-01-18 14:45:02,945 15 loss=0.4141160150691182
2019-01-18 14:45:02,945 16 loss=0.3986984843377998
2019-01-18 14:45:02,946 17 loss=0.3845566192847875
2019-01-18 14:45:02,947 18 loss=0.37153775954838536
2019-01-18 14:45:02,947 19 loss=0.35951325837396736
2019-01-18 14:45:02,948 20 loss=0.34837399202562375
2019-01-18 14:45:02,948 
*** Major Checkpoint. Computing Stats and Saving
2019-01-18 14:45:02,948 	 Computing Major Stats lazily... 
2019-01-18 14:45:02,950 		 Completed edges=306 good=306 bad=0
2019-01-18 14:45:02,953 Distortion avg=0.5536466254574446 wc=8.629800372833925 me=1.4458079281979854 mc=5.96884289021009 nan_elements=0
2019-01-18 14:45:02,953 MAP = 0.11539672752032695
2019-01-18 14:45:02,953 scale=[array([1.])]
2019-01-18 14:45:02,954 *** End Major Checkpoint

2019-01-18 14:45:02,954 21 loss=0.3380267871677172
2019-01-18 14:45:02,955 22 loss=0.32839156896561567
2019-01-18 14:45:02,956 23 loss=0.3193990763201374
2019-01-18 14:45:02,956 24 loss=0.3109890245537996
2019-01-18 14:45:02,957 25 loss=0.3031086221494171
2019-01-18 14:45:02,958 26 loss=0.29571136850729474
2019-01-18 14:45:02,959 27 loss=0.2887560754753454
2019-01-18 14:45:02,959 28 loss=0.28220606766014733
2019-01-18 14:45:02,960 29 loss=0.27602852605397715
2019-01-18 14:45:02,961 30 loss=0.27019394693633475
2019-01-18 14:45:02,961 
*** Major Checkpoint. Computing Stats and Saving
2019-01-18 14:45:02,961 	 Computing Major Stats lazily... 
2019-01-18 14:45:02,962 		 Completed edges=306 good=306 bad=0
2019-01-18 14:45:02,965 Distortion avg=0.4825800033468564 wc=7.164649293410179 me=1.5657413531896156 mc=4.575883033819648 nan_elements=0
2019-01-18 14:45:02,965 MAP = 0.16674737299737302
2019-01-18 14:45:02,965 scale=[array([1.])]
2019-01-18 14:45:02,965 *** End Major Checkpoint

2019-01-18 14:45:02,966 31 loss=0.26467569380772804
2019-01-18 14:45:02,967 32 loss=0.2594496246568499
2019-01-18 14:45:02,968 33 loss=0.25449378043255666
2019-01-18 14:45:02,969 34 loss=0.24978812340658255
2019-01-18 14:45:02,969 35 loss=0.24531431633880976
2019-01-18 14:45:02,970 36 loss=0.24105553512295846
2019-01-18 14:45:02,971 37 loss=0.23699630899622204
2019-01-18 14:45:02,971 38 loss=0.23312238351865294
2019-01-18 14:45:02,972 39 loss=0.22942060242685766
2019-01-18 14:45:02,973 40 loss=0.22587880518836853
2019-01-18 14:45:02,973 
*** Major Checkpoint. Computing Stats and Saving
2019-01-18 14:45:02,973 	 Computing Major Stats lazily... 
2019-01-18 14:45:02,974 		 Completed edges=306 good=306 bad=0
2019-01-18 14:45:02,978 Distortion avg=0.4317272003705908 wc=6.682469353288279 me=1.666496303826878 mc=4.009891493874251 nan_elements=0
2019-01-18 14:45:02,978 MAP = 0.26432787891121223
2019-01-18 14:45:02,978 scale=[array([1.])]
2019-01-18 14:45:02,978 *** End Major Checkpoint

2019-01-18 14:45:02,979 41 loss=0.22248573766442367
2019-01-18 14:45:02,979 42 loss=0.21923097375837386
2019-01-18 14:45:02,980 43 loss=0.21610484630709087
2019-01-18 14:45:02,981 44 loss=0.21309838578135637
2019-01-18 14:45:02,981 45 loss=0.21020326561236025
2019-01-18 14:45:02,982 46 loss=0.20741175316633487
2019-01-18 14:45:02,983 47 loss=0.20471666555691712
2019-01-18 14:45:02,983 48 loss=0.2021113296221943
2019-01-18 14:45:02,984 49 loss=0.19958954550624253
2019-01-18 14:45:02,985 50 loss=0.19714555337789783
2019-01-18 14:45:02,985 
*** Major Checkpoint. Computing Stats and Saving
2019-01-18 14:45:02,985 	 Computing Major Stats lazily... 
2019-01-18 14:45:02,986 		 Completed edges=306 good=306 bad=0
2019-01-18 14:45:02,989 Distortion avg=0.3954514467922249 wc=6.058621710137333 me=1.7062508536917806 mc=3.5508387861189434 nan_elements=0
2019-01-18 14:45:02,989 MAP = 0.38993305709575554
2019-01-18 14:45:02,990 scale=[array([1.])]
2019-01-18 14:45:02,990 *** End Major Checkpoint

2019-01-18 14:45:02,990 final loss=0.19714555337789783
2019-01-18 14:45:02,990 best loss=0.19714555337789783, distortion=0.3954514467922249, map=0.38993305709575554, wc_dist=6.058621710137333
2019-01-18 14:45:02,990 	 Computing Major Stats lazily... 
2019-01-18 14:45:02,991 		 Completed edges=306 good=306 bad=0
2019-01-18 14:45:02,994 Distortion avg=0.39545144679222477 wc=6.058621710137333 me=1.7062508536917806 mc=3.5508387861189434 nan_elements=0
2019-01-18 14:45:02,994 MAP = 0.38993305709575554
2019-01-18 14:45:02,995 scale=[array([1.])]
