2019-01-18 14:56:00,935 Commandline ['pytorch/pytorch_hyperbolic.py', 'learn', 'data/edges/parsing/ewt/ewt_dev/1168.edges', '--dim', '0', '--hyp', '0', '--edim', '10', '--euc', '1', '--sdim', '0', '--sph', '0', '--log-name', 'ewt_devr2/1168.edges.E10-1.lr1.log', '--batch-size', '65536', '--epochs', '50', '--checkpoint-freq', '10', '-g', '--subsample', '1024', '--learning-rate', '1']
2019-01-18 14:56:00,935 No Model Save selected!
2019-01-18 14:56:00,937 Loaded Graph data/edges/parsing/ewt/ewt_dev/1168.edges with 8 nodes scale=1.0
2019-01-18 14:56:00,937 Building dataset
2019-01-18 14:56:00,937 Subsample: 8 points with scale 1.0 subsample=7
2019-01-18 14:56:00,943 Built Data Sampler
2019-01-18 14:56:00,943 Creating a fresh model warm_start?=None
2019-01-18 14:56:00,943 	 Warmstarting? None None 8
2019-01-18 14:56:00,944 Embedding() torch.Size([8, 10])
2019-01-18 14:56:00,944 relative No Rescale
2019-01-18 14:56:00,944 Constructed model with dim=0 and epochs=0 isnan=False
2019-01-18 14:56:00,944 SGD (
Parameter Group 0
    dampening: 0
    initial_lr: 0.1
    lr: 1.0
    momentum: 0.0
    nesterov: False
    weight_decay: 0

Parameter Group 1
    dampening: 0
    initial_lr: 0.1
    lr: 1.0
    momentum: 0.0
    nesterov: False
    weight_decay: 0

Parameter Group 2
    dampening: 0
    initial_lr: 0.1
    lr: 1.0
    momentum: 0.0
    nesterov: False
    weight_decay: 0

Parameter Group 3
    dampening: 0
    initial_lr: 0.0001
    lr: 0.001
    momentum: 0.0
    nesterov: False
    weight_decay: 0
)
2019-01-18 14:56:00,944 *** Initial Checkpoint. Computing Stats
2019-01-18 14:56:00,944 	 Computing Major Stats lazily... 
2019-01-18 14:56:00,945 		 Completed edges=56 good=56 bad=0
2019-01-18 14:56:00,947 Distortion avg=0.9972184366505245 wc=4.766312477281529 me=0.005941110731069004 mc=802.259492043487 nan_elements=0
2019-01-18 14:56:00,947 MAP = 0.3599404761904762
2019-01-18 14:56:00,947 scale=[array([1.])]
2019-01-18 14:56:00,947 *** End Initial Checkpoint

2019-01-18 14:56:01,003 1 loss=0.9944466166565221
2019-01-18 14:56:01,004 2 loss=0.6463243020855071
2019-01-18 14:56:01,004 3 loss=0.4700854513544132
2019-01-18 14:56:01,005 4 loss=0.37655616247134116
2019-01-18 14:56:01,005 5 loss=0.3177013900757148
2019-01-18 14:56:01,006 6 loss=0.27530031051682263
2019-01-18 14:56:01,006 7 loss=0.24216510243505085
2019-01-18 14:56:01,006 8 loss=0.21514224600060633
2019-01-18 14:56:01,007 9 loss=0.19262125043720718
2019-01-18 14:56:01,007 10 loss=0.17362738516590742
2019-01-18 14:56:01,007 
*** Major Checkpoint. Computing Stats and Saving
2019-01-18 14:56:01,008 	 Computing Major Stats lazily... 
2019-01-18 14:56:01,008 		 Completed edges=56 good=56 bad=0
2019-01-18 14:56:01,009 Distortion avg=0.36481331805375555 wc=3.8843018479551827 me=1.3570564997218606 mc=2.862299284334367 nan_elements=0
2019-01-18 14:56:01,009 MAP = 0.6168849206349206
2019-01-18 14:56:01,010 scale=[array([1.])]
2019-01-18 14:56:01,010 *** End Major Checkpoint

2019-01-18 14:56:01,010 11 loss=0.15747852656233743
2019-01-18 14:56:01,011 12 loss=0.1436498857834189
2019-01-18 14:56:01,011 13 loss=0.1317180425824008
2019-01-18 14:56:01,012 14 loss=0.12133587109835917
2019-01-18 14:56:01,012 15 loss=0.1122193839070046
2019-01-18 14:56:01,013 16 loss=0.10413888367717007
2019-01-18 14:56:01,013 17 loss=0.09691143705609351
2019-01-18 14:56:01,013 18 loss=0.0903936633695147
2019-01-18 14:56:01,014 19 loss=0.08447469385771948
2019-01-18 14:56:01,014 20 loss=0.07906950328563092
2019-01-18 14:56:01,014 
*** Major Checkpoint. Computing Stats and Saving
2019-01-18 14:56:01,014 	 Computing Major Stats lazily... 
2019-01-18 14:56:01,015 		 Completed edges=56 good=56 bad=0
2019-01-18 14:56:01,016 Distortion avg=0.23967994495338588 wc=2.7577152686751214 me=1.3342398719379964 mc=2.066881170826887 nan_elements=0
2019-01-18 14:56:01,016 MAP = 1.0
2019-01-18 14:56:01,016 scale=[array([1.])]
2019-01-18 14:56:01,016 *** End Major Checkpoint

2019-01-18 14:56:01,017 21 loss=0.07411289678944841
2019-01-18 14:56:01,017 22 loss=0.06955437733008411
2019-01-18 14:56:01,018 23 loss=0.06535400281331541
2019-01-18 14:56:01,018 24 loss=0.06147922137504005
2019-01-18 14:56:01,019 25 loss=0.057902581047282756
2019-01-18 14:56:01,019 26 loss=0.05460015821133024
2019-01-18 14:56:01,020 27 loss=0.05155053499092693
2019-01-18 14:56:01,020 28 loss=0.04873416824945993
2019-01-18 14:56:01,021 29 loss=0.046133019804603485
2019-01-18 14:56:01,021 30 loss=0.04373034881808711
2019-01-18 14:56:01,021 
*** Major Checkpoint. Computing Stats and Saving
2019-01-18 14:56:01,021 	 Computing Major Stats lazily... 
2019-01-18 14:56:01,022 		 Completed edges=56 good=56 bad=0
2019-01-18 14:56:01,023 Distortion avg=0.1784388717707446 wc=2.0981661757383985 me=1.2422706046584893 mc=1.6889767558455608 nan_elements=0
2019-01-18 14:56:01,023 MAP = 1.0
2019-01-18 14:56:01,023 scale=[array([1.])]
2019-01-18 14:56:01,023 *** End Major Checkpoint

2019-01-18 14:56:01,024 31 loss=0.041510596610711104
2019-01-18 14:56:01,024 32 loss=0.0394593182437566
2019-01-18 14:56:01,024 33 loss=0.03756313327692527
2019-01-18 14:56:01,025 34 loss=0.03580968066474261
2019-01-18 14:56:01,025 35 loss=0.03418757085860617
2019-01-18 14:56:01,026 36 loss=0.03268633300864688
2019-01-18 14:56:01,026 37 loss=0.03129635773930283
2019-01-18 14:56:01,027 38 loss=0.030008837114742667
2019-01-18 14:56:01,027 39 loss=0.028815703701695113
2019-01-18 14:56:01,028 40 loss=0.027709570475711324
2019-01-18 14:56:01,028 
*** Major Checkpoint. Computing Stats and Saving
2019-01-18 14:56:01,028 	 Computing Major Stats lazily... 
2019-01-18 14:56:01,028 		 Completed edges=56 good=56 bad=0
2019-01-18 14:56:01,029 Distortion avg=0.1413251269946347 wc=1.7658039125644494 me=1.1986812907090763 mc=1.4731221103149892 nan_elements=0
2019-01-18 14:56:01,030 MAP = 1.0
2019-01-18 14:56:01,030 scale=[array([1.])]
2019-01-18 14:56:01,030 *** End Major Checkpoint

2019-01-18 14:56:01,030 41 loss=0.02668367295561565
2019-01-18 14:56:01,031 42 loss=0.025731814539780774
2019-01-18 14:56:01,031 43 loss=0.02484831563717429
2019-01-18 14:56:01,032 44 loss=0.024027966871878977
2019-01-18 14:56:01,032 45 loss=0.02326598640165253
2019-01-18 14:56:01,033 46 loss=0.02255798122444536
2019-01-18 14:56:01,033 47 loss=0.021899912240435963
2019-01-18 14:56:01,033 48 loss=0.02128806277790141
2019-01-18 14:56:01,034 49 loss=0.020719010266533222
2019-01-18 14:56:01,034 50 loss=0.02018960074084125
2019-01-18 14:56:01,034 
*** Major Checkpoint. Computing Stats and Saving
2019-01-18 14:56:01,035 	 Computing Major Stats lazily... 
2019-01-18 14:56:01,035 		 Completed edges=56 good=56 bad=0
2019-01-18 14:56:01,036 Distortion avg=0.12098602735418952 wc=1.6145120797597727 me=1.1988312421418184 mc=1.3467384090485528 nan_elements=0
2019-01-18 14:56:01,036 MAP = 1.0
2019-01-18 14:56:01,037 scale=[array([1.])]
2019-01-18 14:56:01,037 *** End Major Checkpoint

2019-01-18 14:56:01,037 final loss=0.02018960074084125
2019-01-18 14:56:01,037 best loss=0.02018960074084125, distortion=0.12098602735418952, map=1.0, wc_dist=1.6145120797597727
2019-01-18 14:56:01,037 	 Computing Major Stats lazily... 
2019-01-18 14:56:01,037 		 Completed edges=56 good=56 bad=0
2019-01-18 14:56:01,038 Distortion avg=0.12098602735418955 wc=1.6145120797597727 me=1.1988312421418184 mc=1.3467384090485528 nan_elements=0
2019-01-18 14:56:01,039 MAP = 1.0
2019-01-18 14:56:01,039 scale=[array([1.])]
