2019-01-18 14:58:10,787 Commandline ['pytorch/pytorch_hyperbolic.py', 'learn', 'data/edges/parsing/ewt/ewt_dev/117.edges', '--dim', '0', '--hyp', '0', '--edim', '10', '--euc', '1', '--sdim', '0', '--sph', '0', '--log-name', 'ewt_devr2/117.edges.E10-1.lr1.log', '--batch-size', '65536', '--epochs', '50', '--checkpoint-freq', '10', '-g', '--subsample', '1024', '--learning-rate', '1']
2019-01-18 14:58:10,787 No Model Save selected!
2019-01-18 14:58:10,789 Loaded Graph data/edges/parsing/ewt/ewt_dev/117.edges with 45 nodes scale=1.0
2019-01-18 14:58:10,789 Building dataset
2019-01-18 14:58:10,790 Subsample: 45 points with scale 1.0 subsample=44
2019-01-18 14:58:10,868 Built Data Sampler
2019-01-18 14:58:10,868 Creating a fresh model warm_start?=None
2019-01-18 14:58:10,868 	 Warmstarting? None None 45
2019-01-18 14:58:10,868 Embedding() torch.Size([45, 10])
2019-01-18 14:58:10,868 relative No Rescale
2019-01-18 14:58:10,869 Constructed model with dim=0 and epochs=0 isnan=False
2019-01-18 14:58:10,869 SGD (
Parameter Group 0
    dampening: 0
    initial_lr: 0.1
    lr: 1.0
    momentum: 0.0
    nesterov: False
    weight_decay: 0

Parameter Group 1
    dampening: 0
    initial_lr: 0.1
    lr: 1.0
    momentum: 0.0
    nesterov: False
    weight_decay: 0

Parameter Group 2
    dampening: 0
    initial_lr: 0.1
    lr: 1.0
    momentum: 0.0
    nesterov: False
    weight_decay: 0

Parameter Group 3
    dampening: 0
    initial_lr: 0.0001
    lr: 0.001
    momentum: 0.0
    nesterov: False
    weight_decay: 0
)
2019-01-18 14:58:10,869 *** Initial Checkpoint. Computing Stats
2019-01-18 14:58:10,869 	 Computing Major Stats lazily... 
2019-01-18 14:58:10,877 		 Completed edges=1980 good=1980 bad=0
2019-01-18 14:58:10,883 Distortion avg=0.998704041410819 wc=19.723425086719814 me=0.006874690460802863 mc=2868.9910039115284 nan_elements=0
2019-01-18 14:58:10,883 MAP = 0.12277657296244499
2019-01-18 14:58:10,884 scale=[array([1.])]
2019-01-18 14:58:10,884 *** End Initial Checkpoint

2019-01-18 14:58:10,942 1 loss=0.9974105808190591
2019-01-18 14:58:10,943 2 loss=0.9809606505071805
2019-01-18 14:58:10,945 3 loss=0.9644921463793825
2019-01-18 14:58:10,947 4 loss=0.9484268668857763
2019-01-18 14:58:10,949 5 loss=0.932814731695795
2019-01-18 14:58:10,950 6 loss=0.9176612110801803
2019-01-18 14:58:10,952 7 loss=0.9029596705142187
2019-01-18 14:58:10,954 8 loss=0.888698979089941
2019-01-18 14:58:10,955 9 loss=0.8748661382831369
2019-01-18 14:58:10,957 10 loss=0.8614474044177549
2019-01-18 14:58:10,957 
*** Major Checkpoint. Computing Stats and Saving
2019-01-18 14:58:10,957 	 Computing Major Stats lazily... 
2019-01-18 14:58:10,965 		 Completed edges=1980 good=1980 bad=0
2019-01-18 14:58:10,972 Distortion avg=0.9183142756869419 wc=36.003176460637185 me=0.5536684517086942 mc=65.02659913080944 nan_elements=0
2019-01-18 14:58:10,972 MAP = 0.04735243211953754
2019-01-18 14:58:10,972 scale=[array([1.])]
2019-01-18 14:58:10,972 *** End Major Checkpoint

2019-01-18 14:58:10,974 11 loss=0.8484288348079468
2019-01-18 14:58:10,976 12 loss=0.8357965764926273
2019-01-18 14:58:10,977 13 loss=0.8235370266874105
2019-01-18 14:58:10,979 14 loss=0.8116369239148878
2019-01-18 14:58:10,981 15 loss=0.8000833993119334
2019-01-18 14:58:10,982 16 loss=0.7888640039708196
2019-01-18 14:58:10,984 17 loss=0.777966721344287
2019-01-18 14:58:10,986 18 loss=0.767379970105343
2019-01-18 14:58:10,988 19 loss=0.7570926008077112
2019-01-18 14:58:10,989 20 loss=0.7470938884917603
2019-01-18 14:58:10,989 
*** Major Checkpoint. Computing Stats and Saving
2019-01-18 14:58:10,989 	 Computing Major Stats lazily... 
2019-01-18 14:58:10,997 		 Completed edges=1980 good=1980 bad=0
2019-01-18 14:58:11,003 Distortion avg=0.8489241226595267 wc=34.16088031061406 me=0.9742228507880534 mc=35.06474959295111 nan_elements=0
2019-01-18 14:58:11,004 MAP = 0.04640617391076156
2019-01-18 14:58:11,004 scale=[array([1.])]
2019-01-18 14:58:11,004 *** End Major Checkpoint

2019-01-18 14:58:11,006 21 loss=0.7373735226481162
2019-01-18 14:58:11,007 22 loss=0.7279215954894233
2019-01-18 14:58:11,009 23 loss=0.7187285891814374
2019-01-18 14:58:11,011 24 loss=0.7097853624857905
2019-01-18 14:58:11,012 25 loss=0.7010831371318053
2019-01-18 14:58:11,014 26 loss=0.692613484141431
2019-01-18 14:58:11,016 27 loss=0.6843683102657715
2019-01-18 14:58:11,017 28 loss=0.676339844644947
2019-01-18 14:58:11,019 29 loss=0.6685206257693218
2019-01-18 14:58:11,021 30 loss=0.6609034887955747
2019-01-18 14:58:11,021 
*** Major Checkpoint. Computing Stats and Saving
2019-01-18 14:58:11,021 	 Computing Major Stats lazily... 
2019-01-18 14:58:11,028 		 Completed edges=1980 good=1980 bad=0
2019-01-18 14:58:11,035 Distortion avg=0.7917713281556233 wc=31.507990529742013 me=1.2817795516104646 mc=24.581442643670254 nan_elements=0
2019-01-18 14:58:11,035 MAP = 0.046033798501879344
2019-01-18 14:58:11,035 scale=[array([1.])]
2019-01-18 14:58:11,035 *** End Major Checkpoint

2019-01-18 14:58:11,037 31 loss=0.653481553253073
2019-01-18 14:58:11,039 32 loss=0.646248211162686
2019-01-18 14:58:11,040 33 loss=0.6391971155803106
2019-01-18 14:58:11,042 34 loss=0.6323221695700403
2019-01-18 14:58:11,044 35 loss=0.6256175156064653
2019-01-18 14:58:11,046 36 loss=0.6190775254015662
2019-01-18 14:58:11,047 37 loss=0.6126967901487032
2019-01-18 14:58:11,049 38 loss=0.6064701111740697
2019-01-18 14:58:11,051 39 loss=0.6003924909844448
2019-01-18 14:58:11,052 40 loss=0.594459124699053
2019-01-18 14:58:11,052 
*** Major Checkpoint. Computing Stats and Saving
2019-01-18 14:58:11,052 	 Computing Major Stats lazily... 
2019-01-18 14:58:11,060 		 Completed edges=1980 good=1980 bad=0
2019-01-18 14:58:11,066 Distortion avg=0.7470346748183693 wc=28.87945688552173 me=1.5032031642000567 mc=19.211945246862353 nan_elements=0
2019-01-18 14:58:11,066 MAP = 0.046832863253631354
2019-01-18 14:58:11,067 scale=[array([1.])]
2019-01-18 14:58:11,067 *** End Major Checkpoint

2019-01-18 14:58:11,068 41 loss=0.588665391852651
2019-01-18 14:58:11,070 42 loss=0.5830068485565594
2019-01-18 14:58:11,072 43 loss=0.5774792200041923
2019-01-18 14:58:11,073 44 loss=0.5720783933075988
2019-01-18 14:58:11,075 45 loss=0.5668004106516654
2019-01-18 14:58:11,077 46 loss=0.5616414627528098
2019-01-18 14:58:11,079 47 loss=0.5565978826092847
2019-01-18 14:58:11,081 48 loss=0.551666139530541
2019-01-18 14:58:11,083 49 loss=0.5468428334334555
2019-01-18 14:58:11,085 50 loss=0.5421246893936279
2019-01-18 14:58:11,086 
*** Major Checkpoint. Computing Stats and Saving
2019-01-18 14:58:11,086 	 Computing Major Stats lazily... 
2019-01-18 14:58:11,093 		 Completed edges=1980 good=1980 bad=0
2019-01-18 14:58:11,099 Distortion avg=0.7113765240881105 wc=26.442336592586326 me=1.6592415535823015 mc=15.936399697498738 nan_elements=0
2019-01-18 14:58:11,099 MAP = 0.04791160568844121
2019-01-18 14:58:11,100 scale=[array([1.])]
2019-01-18 14:58:11,100 *** End Major Checkpoint

2019-01-18 14:58:11,100 final loss=0.5421246893936279
2019-01-18 14:58:11,100 best loss=0.5421246893936279, distortion=0.7113765240881105, map=0.04791160568844121, wc_dist=26.442336592586326
2019-01-18 14:58:11,100 	 Computing Major Stats lazily... 
2019-01-18 14:58:11,107 		 Completed edges=1980 good=1980 bad=0
2019-01-18 14:58:11,114 Distortion avg=0.7113765240881115 wc=26.442336592586326 me=1.6592415535823015 mc=15.936399697498738 nan_elements=0
2019-01-18 14:58:11,114 MAP = 0.04791160568844122
2019-01-18 14:58:11,114 scale=[array([1.])]
