2019-01-18 14:44:23,959 Commandline ['pytorch/pytorch_hyperbolic.py', 'learn', 'data/edges/parsing/ewt/ewt_dev/1176.edges', '--dim', '0', '--hyp', '0', '--edim', '10', '--euc', '1', '--sdim', '0', '--sph', '0', '--log-name', 'ewt_devr2/1176.edges.E10-1.lr1.log', '--batch-size', '65536', '--epochs', '50', '--checkpoint-freq', '10', '-g', '--subsample', '1024', '--learning-rate', '1']
2019-01-18 14:44:23,959 No Model Save selected!
2019-01-18 14:44:23,961 Loaded Graph data/edges/parsing/ewt/ewt_dev/1176.edges with 9 nodes scale=1.0
2019-01-18 14:44:23,961 Building dataset
2019-01-18 14:44:23,962 Subsample: 9 points with scale 1.0 subsample=8
2019-01-18 14:44:23,969 Built Data Sampler
2019-01-18 14:44:23,969 Creating a fresh model warm_start?=None
2019-01-18 14:44:23,969 	 Warmstarting? None None 9
2019-01-18 14:44:23,969 Embedding() torch.Size([9, 10])
2019-01-18 14:44:23,969 relative No Rescale
2019-01-18 14:44:23,970 Constructed model with dim=0 and epochs=0 isnan=False
2019-01-18 14:44:23,970 SGD (
Parameter Group 0
    dampening: 0
    initial_lr: 0.1
    lr: 1.0
    momentum: 0.0
    nesterov: False
    weight_decay: 0

Parameter Group 1
    dampening: 0
    initial_lr: 0.1
    lr: 1.0
    momentum: 0.0
    nesterov: False
    weight_decay: 0

Parameter Group 2
    dampening: 0
    initial_lr: 0.1
    lr: 1.0
    momentum: 0.0
    nesterov: False
    weight_decay: 0

Parameter Group 3
    dampening: 0
    initial_lr: 0.0001
    lr: 0.001
    momentum: 0.0
    nesterov: False
    weight_decay: 0
)
2019-01-18 14:44:23,970 *** Initial Checkpoint. Computing Stats
2019-01-18 14:44:23,970 	 Computing Major Stats lazily... 
2019-01-18 14:44:23,971 		 Completed edges=72 good=72 bad=0
2019-01-18 14:44:23,973 Distortion avg=0.9975545685356809 wc=6.150706758254342 me=0.005982886981094694 mc=1028.0499661267113 nan_elements=0
2019-01-18 14:44:23,973 MAP = 0.33850970017636683
2019-01-18 14:44:23,973 scale=[array([1.])]
2019-01-18 14:44:23,973 *** End Initial Checkpoint

2019-01-18 14:44:24,031 1 loss=0.9951168576239198
2019-01-18 14:44:24,032 2 loss=0.7236868181411438
2019-01-18 14:44:24,032 3 loss=0.5585261658814171
2019-01-18 14:44:24,033 4 loss=0.4593318227838183
2019-01-18 14:44:24,033 5 loss=0.39476305822647606
2019-01-18 14:44:24,034 6 loss=0.34914420153578113
2019-01-18 14:44:24,034 7 loss=0.3146508587801991
2019-01-18 14:44:24,035 8 loss=0.2872233767288375
2019-01-18 14:44:24,035 9 loss=0.2646326749642344
2019-01-18 14:44:24,036 10 loss=0.24556858806683987
2019-01-18 14:44:24,036 
*** Major Checkpoint. Computing Stats and Saving
2019-01-18 14:44:24,036 	 Computing Major Stats lazily... 
2019-01-18 14:44:24,037 		 Completed edges=72 good=72 bad=0
2019-01-18 14:44:24,038 Distortion avg=0.4419315790248111 wc=4.749610096798592 me=1.349763447662324 mc=3.5188462874917192 nan_elements=0
2019-01-18 14:44:24,038 MAP = 0.35570546737213404
2019-01-18 14:44:24,038 scale=[array([1.])]
2019-01-18 14:44:24,038 *** End Major Checkpoint

2019-01-18 14:44:24,039 11 loss=0.22920208398397493
2019-01-18 14:44:24,039 12 loss=0.21496911457609297
2019-01-18 14:44:24,040 13 loss=0.20246043338178132
2019-01-18 14:44:24,040 14 loss=0.19136350309299716
2019-01-18 14:44:24,041 15 loss=0.18143075646483767
2019-01-18 14:44:24,041 16 loss=0.17246153800423863
2019-01-18 14:44:24,042 17 loss=0.16429128691938766
2019-01-18 14:44:24,042 18 loss=0.1567845981722414
2019-01-18 14:44:24,043 19 loss=0.14983037427575452
2019-01-18 14:44:24,043 20 loss=0.14333811656640172
2019-01-18 14:44:24,044 
*** Major Checkpoint. Computing Stats and Saving
2019-01-18 14:44:24,044 	 Computing Major Stats lazily... 
2019-01-18 14:44:24,044 		 Completed edges=72 good=72 bad=0
2019-01-18 14:44:24,046 Distortion avg=0.32823570717011846 wc=4.04460890345724 me=1.5036148760495431 mc=2.6899234424200875 nan_elements=0
2019-01-18 14:44:24,046 MAP = 0.8347619047619047
2019-01-18 14:44:24,046 scale=[array([1.])]
2019-01-18 14:44:24,046 *** End Major Checkpoint

2019-01-18 14:44:24,046 21 loss=0.13723486000172824
2019-01-18 14:44:24,047 22 loss=0.13146250563671813
2019-01-18 14:44:24,047 23 loss=0.12597543979631917
2019-01-18 14:44:24,048 24 loss=0.1207383974023821
2019-01-18 14:44:24,048 25 loss=0.11572455711418732
2019-01-18 14:44:24,049 26 loss=0.1109138650685848
2019-01-18 14:44:24,049 27 loss=0.10629158278231178
2019-01-18 14:44:24,050 28 loss=0.1018470497585489
2019-01-18 14:44:24,050 29 loss=0.09757264618672662
2019-01-18 14:44:24,051 30 loss=0.09346293750398457
2019-01-18 14:44:24,051 
*** Major Checkpoint. Computing Stats and Saving
2019-01-18 14:44:24,051 	 Computing Major Stats lazily... 
2019-01-18 14:44:24,052 		 Completed edges=72 good=72 bad=0
2019-01-18 14:44:24,053 Distortion avg=0.25939010715284544 wc=3.191989592465846 me=1.4353363216633195 mc=2.2238617836737062 nan_elements=0
2019-01-18 14:44:24,053 MAP = 0.9814814814814814
2019-01-18 14:44:24,053 scale=[array([1.])]
2019-01-18 14:44:24,053 *** End Major Checkpoint

2019-01-18 14:44:24,054 31 loss=0.0895139808822502
2019-01-18 14:44:24,054 32 loss=0.08572277360702521
2019-01-18 14:44:24,055 33 loss=0.08208682425863804
2019-01-18 14:44:24,056 34 loss=0.07860382905354958
2019-01-18 14:44:24,056 35 loss=0.07527143726823568
2019-01-18 14:44:24,057 36 loss=0.07208709114899559
2019-01-18 14:44:24,057 37 loss=0.06904792705094073
2019-01-18 14:44:24,058 38 loss=0.06615072577801077
2019-01-18 14:44:24,058 39 loss=0.06339190127402966
2019-01-18 14:44:24,059 40 loss=0.06076751799637566
2019-01-18 14:44:24,059 
*** Major Checkpoint. Computing Stats and Saving
2019-01-18 14:44:24,059 	 Computing Major Stats lazily... 
2019-01-18 14:44:24,059 		 Completed edges=72 good=72 bad=0
2019-01-18 14:44:24,061 Distortion avg=0.20848151227519762 wc=2.5090242064503725 me=1.3136695160817198 mc=1.909935623636937 nan_elements=0
2019-01-18 14:44:24,061 MAP = 1.0
2019-01-18 14:44:24,061 scale=[array([1.])]
2019-01-18 14:44:24,061 *** End Major Checkpoint

2019-01-18 14:44:24,062 41 loss=0.058273328516488775
2019-01-18 14:44:24,062 42 loss=0.055904824133306455
2019-01-18 14:44:24,063 43 loss=0.05365729253163121
2019-01-18 14:44:24,063 44 loss=0.051525877729284554
2019-01-18 14:44:24,064 45 loss=0.04950563869392207
2019-01-18 14:44:24,064 46 loss=0.04759160403711196
2019-01-18 14:44:24,065 47 loss=0.045778821084314164
2019-01-18 14:44:24,065 48 loss=0.044062398361215005
2019-01-18 14:44:24,066 49 loss=0.04243754112733707
2019-01-18 14:44:24,066 50 loss=0.04089958003429145
2019-01-18 14:44:24,066 
*** Major Checkpoint. Computing Stats and Saving
2019-01-18 14:44:24,066 	 Computing Major Stats lazily... 
2019-01-18 14:44:24,067 		 Completed edges=72 good=72 bad=0
2019-01-18 14:44:24,068 Distortion avg=0.17115067067766254 wc=2.056359845070382 me=1.2255955114193835 mc=1.6778454440395885 nan_elements=0
2019-01-18 14:44:24,069 MAP = 1.0
2019-01-18 14:44:24,069 scale=[array([1.])]
2019-01-18 14:44:24,069 *** End Major Checkpoint

2019-01-18 14:44:24,069 final loss=0.04089958003429145
2019-01-18 14:44:24,069 best loss=0.04089958003429145, distortion=0.17115067067766254, map=1.0, wc_dist=2.056359845070382
2019-01-18 14:44:24,069 	 Computing Major Stats lazily... 
2019-01-18 14:44:24,070 		 Completed edges=72 good=72 bad=0
2019-01-18 14:44:24,071 Distortion avg=0.17115067067766254 wc=2.056359845070382 me=1.2255955114193835 mc=1.6778454440395885 nan_elements=0
2019-01-18 14:44:24,071 MAP = 1.0
2019-01-18 14:44:24,071 scale=[array([1.])]
