2019-01-18 14:47:05,797 Commandline ['pytorch/pytorch_hyperbolic.py', 'learn', 'data/edges/parsing/ewt/ewt_dev/1178.edges', '--dim', '0', '--hyp', '0', '--edim', '10', '--euc', '1', '--sdim', '0', '--sph', '0', '--log-name', 'ewt_devr2/1178.edges.E10-1.lr1.log', '--batch-size', '65536', '--epochs', '50', '--checkpoint-freq', '10', '-g', '--subsample', '1024', '--learning-rate', '1']
2019-01-18 14:47:05,797 No Model Save selected!
2019-01-18 14:47:05,799 Loaded Graph data/edges/parsing/ewt/ewt_dev/1178.edges with 14 nodes scale=1.0
2019-01-18 14:47:05,799 Building dataset
2019-01-18 14:47:05,799 Subsample: 14 points with scale 1.0 subsample=13
2019-01-18 14:47:05,812 Built Data Sampler
2019-01-18 14:47:05,812 Creating a fresh model warm_start?=None
2019-01-18 14:47:05,812 	 Warmstarting? None None 14
2019-01-18 14:47:05,812 Embedding() torch.Size([14, 10])
2019-01-18 14:47:05,812 relative No Rescale
2019-01-18 14:47:05,813 Constructed model with dim=0 and epochs=0 isnan=False
2019-01-18 14:47:05,813 SGD (
Parameter Group 0
    dampening: 0
    initial_lr: 0.1
    lr: 1.0
    momentum: 0.0
    nesterov: False
    weight_decay: 0

Parameter Group 1
    dampening: 0
    initial_lr: 0.1
    lr: 1.0
    momentum: 0.0
    nesterov: False
    weight_decay: 0

Parameter Group 2
    dampening: 0
    initial_lr: 0.1
    lr: 1.0
    momentum: 0.0
    nesterov: False
    weight_decay: 0

Parameter Group 3
    dampening: 0
    initial_lr: 0.0001
    lr: 0.001
    momentum: 0.0
    nesterov: False
    weight_decay: 0
)
2019-01-18 14:47:05,813 *** Initial Checkpoint. Computing Stats
2019-01-18 14:47:05,813 	 Computing Major Stats lazily... 
2019-01-18 14:47:05,814 		 Completed edges=182 good=182 bad=0
2019-01-18 14:47:05,817 Distortion avg=0.9978689164519582 wc=8.102763644702978 me=0.005982886981094694 mc=1354.323367683006 nan_elements=0
2019-01-18 14:47:05,817 MAP = 0.28305248323105464
2019-01-18 14:47:05,817 scale=[array([1.])]
2019-01-18 14:47:05,817 *** End Initial Checkpoint

2019-01-18 14:47:05,875 1 loss=0.9957436062780375
2019-01-18 14:47:05,875 2 loss=0.8468073323803063
2019-01-18 14:47:05,876 3 loss=0.7285703435966646
2019-01-18 14:47:05,877 4 loss=0.637217865353557
2019-01-18 14:47:05,877 5 loss=0.5652627817778687
2019-01-18 14:47:05,878 6 loss=0.5073196831947226
2019-01-18 14:47:05,878 7 loss=0.45967565918319037
2019-01-18 14:47:05,879 8 loss=0.419770526337669
2019-01-18 14:47:05,879 9 loss=0.38581865770702956
2019-01-18 14:47:05,880 10 loss=0.3565536776337669
2019-01-18 14:47:05,880 
*** Major Checkpoint. Computing Stats and Saving
2019-01-18 14:47:05,880 	 Computing Major Stats lazily... 
2019-01-18 14:47:05,881 		 Completed edges=182 good=182 bad=0
2019-01-18 14:47:05,883 Distortion avg=0.5355836520600956 wc=9.731295239338433 me=1.3567721007141114 mc=7.1723874880803855 nan_elements=0
2019-01-18 14:47:05,884 MAP = 0.1531843652379367
2019-01-18 14:47:05,884 scale=[array([1.])]
2019-01-18 14:47:05,884 *** End Major Checkpoint

2019-01-18 14:47:05,884 11 loss=0.3310594901117502
2019-01-18 14:47:05,885 12 loss=0.30865886170345785
2019-01-18 14:47:05,886 13 loss=0.28883972013545345
2019-01-18 14:47:05,886 14 loss=0.27120605831467937
2019-01-18 14:47:05,887 15 loss=0.2554449154274444
2019-01-18 14:47:05,887 16 loss=0.24130391479485438
2019-01-18 14:47:05,888 17 loss=0.2285757834393649
2019-01-18 14:47:05,888 18 loss=0.21708752949829047
2019-01-18 14:47:05,889 19 loss=0.20669275810714108
2019-01-18 14:47:05,890 20 loss=0.19726612510026792
2019-01-18 14:47:05,890 
*** Major Checkpoint. Computing Stats and Saving
2019-01-18 14:47:05,890 	 Computing Major Stats lazily... 
2019-01-18 14:47:05,891 		 Completed edges=182 good=182 bad=0
2019-01-18 14:47:05,893 Distortion avg=0.4013131899895493 wc=6.679076683559041 me=1.434537651712528 mc=4.655908944310849 nan_elements=0
2019-01-18 14:47:05,893 MAP = 0.3494671400028543
2019-01-18 14:47:05,893 scale=[array([1.])]
2019-01-18 14:47:05,893 *** End Major Checkpoint

2019-01-18 14:47:05,894 21 loss=0.18869926398415313
2019-01-18 14:47:05,895 22 loss=0.18089774080748044
2019-01-18 14:47:05,895 23 loss=0.1737787355285415
2019-01-18 14:47:05,896 24 loss=0.16726924383555222
2019-01-18 14:47:05,897 25 loss=0.16130465708003594
2019-01-18 14:47:05,897 26 loss=0.15582762093148295
2019-01-18 14:47:05,898 27 loss=0.15078710258875444
2019-01-18 14:47:05,898 28 loss=0.14613761646534318
2019-01-18 14:47:05,899 29 loss=0.14183857219864643
2019-01-18 14:47:05,899 30 loss=0.13785371859607395
2019-01-18 14:47:05,900 
*** Major Checkpoint. Computing Stats and Saving
2019-01-18 14:47:05,900 	 Computing Major Stats lazily... 
2019-01-18 14:47:05,901 		 Completed edges=182 good=182 bad=0
2019-01-18 14:47:05,903 Distortion avg=0.32055756130447144 wc=6.124027711371803 me=1.5974476062054441 mc=3.8336329076349096 nan_elements=0
2019-01-18 14:47:05,903 MAP = 0.6954528061224491
2019-01-18 14:47:05,903 scale=[array([1.])]
2019-01-18 14:47:05,903 *** End Major Checkpoint

2019-01-18 14:47:05,904 31 loss=0.1341506640390406
2019-01-18 14:47:05,904 32 loss=0.1307004588019683
2019-01-18 14:47:05,905 33 loss=0.1274772283036569
2019-01-18 14:47:05,906 34 loss=0.12445784889913745
2019-01-18 14:47:05,906 35 loss=0.12162165972075148
2019-01-18 14:47:05,907 36 loss=0.11895020548157251
2019-01-18 14:47:05,907 37 loss=0.11642700619837057
2019-01-18 14:47:05,908 38 loss=0.11403735057157456
2019-01-18 14:47:05,908 39 loss=0.11176811034543707
2019-01-18 14:47:05,909 40 loss=0.10960757341331549
2019-01-18 14:47:05,909 
*** Major Checkpoint. Computing Stats and Saving
2019-01-18 14:47:05,909 	 Computing Major Stats lazily... 
2019-01-18 14:47:05,910 		 Completed edges=182 good=182 bad=0
2019-01-18 14:47:05,912 Distortion avg=0.2809955363595666 wc=5.546666475101554 me=1.6417169918070458 mc=3.378576516404518 nan_elements=0
2019-01-18 14:47:05,912 MAP = 0.8250779478458049
2019-01-18 14:47:05,913 scale=[array([1.])]
2019-01-18 14:47:05,913 *** End Major Checkpoint

2019-01-18 14:47:05,913 41 loss=0.10754529376788043
2019-01-18 14:47:05,914 42 loss=0.10557195665190623
2019-01-18 14:47:05,914 43 loss=0.10367925746296533
2019-01-18 14:47:05,915 44 loss=0.10185979312059192
2019-01-18 14:47:05,916 45 loss=0.10010696472917141
2019-01-18 14:47:05,916 46 loss=0.09841489047281836
2019-01-18 14:47:05,917 47 loss=0.09677832776636165
2019-01-18 14:47:05,917 48 loss=0.09519260376395478
2019-01-18 14:47:05,918 49 loss=0.09365355339704418
2019-01-18 14:47:05,918 50 loss=0.09215746417863108
2019-01-18 14:47:05,919 
*** Major Checkpoint. Computing Stats and Saving
2019-01-18 14:47:05,919 	 Computing Major Stats lazily... 
2019-01-18 14:47:05,920 		 Completed edges=182 good=182 bad=0
2019-01-18 14:47:05,922 Distortion avg=0.255462770210632 wc=4.943415357904197 me=1.6270089973518431 mc=3.038345433829937 nan_elements=0
2019-01-18 14:47:05,922 MAP = 0.8546520691609978
2019-01-18 14:47:05,922 scale=[array([1.])]
2019-01-18 14:47:05,922 *** End Major Checkpoint

2019-01-18 14:47:05,922 final loss=0.09215746417863108
2019-01-18 14:47:05,922 best loss=0.09215746417863108, distortion=0.255462770210632, map=0.8546520691609978, wc_dist=4.943415357904197
2019-01-18 14:47:05,922 	 Computing Major Stats lazily... 
2019-01-18 14:47:05,923 		 Completed edges=182 good=182 bad=0
2019-01-18 14:47:05,925 Distortion avg=0.2554627702106322 wc=4.943415357904197 me=1.6270089973518431 mc=3.038345433829937 nan_elements=0
2019-01-18 14:47:05,925 MAP = 0.8546520691609978
2019-01-18 14:47:05,926 scale=[array([1.])]
