2019-01-18 15:11:07,153 Commandline ['pytorch/pytorch_hyperbolic.py', 'learn', 'data/edges/parsing/ewt/ewt_dev/1181.edges', '--dim', '0', '--hyp', '0', '--edim', '10', '--euc', '1', '--sdim', '0', '--sph', '0', '--log-name', 'ewt_devr2/1181.edges.E10-1.lr1.log', '--batch-size', '65536', '--epochs', '50', '--checkpoint-freq', '10', '-g', '--subsample', '1024', '--learning-rate', '1']
2019-01-18 15:11:07,154 No Model Save selected!
2019-01-18 15:11:07,155 Loaded Graph data/edges/parsing/ewt/ewt_dev/1181.edges with 21 nodes scale=1.0
2019-01-18 15:11:07,155 Building dataset
2019-01-18 15:11:07,156 Subsample: 21 points with scale 1.0 subsample=20
2019-01-18 15:11:07,179 Built Data Sampler
2019-01-18 15:11:07,179 Creating a fresh model warm_start?=None
2019-01-18 15:11:07,179 	 Warmstarting? None None 21
2019-01-18 15:11:07,179 Embedding() torch.Size([21, 10])
2019-01-18 15:11:07,180 relative No Rescale
2019-01-18 15:11:07,180 Constructed model with dim=0 and epochs=0 isnan=False
2019-01-18 15:11:07,180 SGD (
Parameter Group 0
    dampening: 0
    initial_lr: 0.1
    lr: 1.0
    momentum: 0.0
    nesterov: False
    weight_decay: 0

Parameter Group 1
    dampening: 0
    initial_lr: 0.1
    lr: 1.0
    momentum: 0.0
    nesterov: False
    weight_decay: 0

Parameter Group 2
    dampening: 0
    initial_lr: 0.1
    lr: 1.0
    momentum: 0.0
    nesterov: False
    weight_decay: 0

Parameter Group 3
    dampening: 0
    initial_lr: 0.0001
    lr: 0.001
    momentum: 0.0
    nesterov: False
    weight_decay: 0
)
2019-01-18 15:11:07,180 *** Initial Checkpoint. Computing Stats
2019-01-18 15:11:07,180 	 Computing Major Stats lazily... 
2019-01-18 15:11:07,182 		 Completed edges=420 good=420 bad=0
2019-01-18 15:11:07,186 Distortion avg=0.9983723476124952 wc=14.423928972077778 me=0.005941110731069004 mc=2427.816888961171 nan_elements=0
2019-01-18 15:11:07,186 MAP = 0.16977800064736157
2019-01-18 15:11:07,186 scale=[array([1.])]
2019-01-18 15:11:07,187 *** End Initial Checkpoint

2019-01-18 15:11:07,244 1 loss=0.9967485649437653
2019-01-18 15:11:07,245 2 loss=0.9400506487202305
2019-01-18 15:11:07,246 3 loss=0.8869895499719941
2019-01-18 15:11:07,247 4 loss=0.8389595286910574
2019-01-18 15:11:07,248 5 loss=0.7956566995576755
2019-01-18 15:11:07,248 6 loss=0.7566195983745319
2019-01-18 15:11:07,249 7 loss=0.7213871685153802
2019-01-18 15:11:07,250 8 loss=0.6895333703471505
2019-01-18 15:11:07,251 9 loss=0.6606750902422763
2019-01-18 15:11:07,252 10 loss=0.6344719576967427
2019-01-18 15:11:07,252 
*** Major Checkpoint. Computing Stats and Saving
2019-01-18 15:11:07,252 	 Computing Major Stats lazily... 
2019-01-18 15:11:07,254 		 Completed edges=420 good=420 bad=0
2019-01-18 15:11:07,257 Distortion avg=0.756771059815834 wc=18.781623155194556 me=0.8773512536336907 mc=21.40718791636469 nan_elements=0
2019-01-18 15:11:07,257 MAP = 0.09472985448704682
2019-01-18 15:11:07,257 scale=[array([1.])]
2019-01-18 15:11:07,257 *** End Major Checkpoint

2019-01-18 15:11:07,258 11 loss=0.6106233993459793
2019-01-18 15:11:07,259 12 loss=0.5888648196436199
2019-01-18 15:11:07,260 13 loss=0.5689636605478998
2019-01-18 15:11:07,261 14 loss=0.5507156523721164
2019-01-18 15:11:07,261 15 loss=0.5339413791834166
2019-01-18 15:11:07,262 16 loss=0.5184831959976789
2019-01-18 15:11:07,263 17 loss=0.5042024947259
2019-01-18 15:11:07,264 18 loss=0.49097729736752965
2019-01-18 15:11:07,264 19 loss=0.47870014733043825
2019-01-18 15:11:07,266 20 loss=0.46727626764009705
2019-01-18 15:11:07,266 
*** Major Checkpoint. Computing Stats and Saving
2019-01-18 15:11:07,266 	 Computing Major Stats lazily... 
2019-01-18 15:11:07,268 		 Completed edges=420 good=420 bad=0
2019-01-18 15:11:07,272 Distortion avg=0.6406522449203997 wc=16.579739435804 me=1.3479879089401916 mc=12.299620290243732 nan_elements=0
2019-01-18 15:11:07,272 MAP = 0.10047516875937718
2019-01-18 15:11:07,272 scale=[array([1.])]
2019-01-18 15:11:07,272 *** End Major Checkpoint

2019-01-18 15:11:07,273 21 loss=0.45662195545886225
2019-01-18 15:11:07,273 22 loss=0.4466631843365371
2019-01-18 15:11:07,274 23 loss=0.4373343881865738
2019-01-18 15:11:07,275 24 loss=0.42857740371404696
2019-01-18 15:11:07,276 25 loss=0.42034055069221266
2019-01-18 15:11:07,277 26 loss=0.4125778319832363
2019-01-18 15:11:07,277 27 loss=0.40524823747600963
2019-01-18 15:11:07,278 28 loss=0.398315138154847
2019-01-18 15:11:07,279 29 loss=0.39174575832119546
2019-01-18 15:11:07,280 30 loss=0.3855107155802253
2019-01-18 15:11:07,280 
*** Major Checkpoint. Computing Stats and Saving
2019-01-18 15:11:07,280 	 Computing Major Stats lazily... 
2019-01-18 15:11:07,282 		 Completed edges=420 good=420 bad=0
2019-01-18 15:11:07,285 Distortion avg=0.583299258947028 wc=14.797744021028892 me=1.6077816844829105 mc=9.203826715931333 nan_elements=0
2019-01-18 15:11:07,285 MAP = 0.12382177662842561
2019-01-18 15:11:07,285 scale=[array([1.])]
2019-01-18 15:11:07,286 *** End Major Checkpoint

2019-01-18 15:11:07,286 31 loss=0.379583619593899
2019-01-18 15:11:07,287 32 loss=0.3739407218121132
2019-01-18 15:11:07,288 33 loss=0.3685606094439223
2019-01-18 15:11:07,289 34 loss=0.3634239378407955
2019-01-18 15:11:07,289 35 loss=0.35851319625093336
2019-01-18 15:11:07,290 36 loss=0.35381250258372954
2019-01-18 15:11:07,291 37 loss=0.3493074234106766
2019-01-18 15:11:07,292 38 loss=0.3449848159358389
2019-01-18 15:11:07,292 39 loss=0.3408326891063756
2019-01-18 15:11:07,293 40 loss=0.3368400814110455
2019-01-18 15:11:07,293 
*** Major Checkpoint. Computing Stats and Saving
2019-01-18 15:11:07,293 	 Computing Major Stats lazily... 
2019-01-18 15:11:07,295 		 Completed edges=420 good=420 bad=0
2019-01-18 15:11:07,299 Distortion avg=0.5378351647490147 wc=13.300416942059897 me=1.7444360203562008 mc=7.624479652365841 nan_elements=0
2019-01-18 15:11:07,299 MAP = 0.16141832571030568
2019-01-18 15:11:07,299 scale=[array([1.])]
2019-01-18 15:11:07,299 *** End Major Checkpoint

2019-01-18 15:11:07,300 41 loss=0.3329969532403843
2019-01-18 15:11:07,300 42 loss=0.3292940919635191
2019-01-18 15:11:07,301 43 loss=0.3257230281195141
2019-01-18 15:11:07,302 44 loss=0.3222759613310754
2019-01-18 15:11:07,303 45 loss=0.31894569472996065
2019-01-18 15:11:07,304 46 loss=0.31572557684048513
2019-01-18 15:11:07,305 47 loss=0.3126094500034844
2019-01-18 15:11:07,305 48 loss=0.3095916045408994
2019-01-18 15:11:07,306 49 loss=0.3066667379632912
2019-01-18 15:11:07,307 50 loss=0.3038299186112352
2019-01-18 15:11:07,307 
*** Major Checkpoint. Computing Stats and Saving
2019-01-18 15:11:07,307 	 Computing Major Stats lazily... 
2019-01-18 15:11:07,309 		 Completed edges=420 good=420 bad=0
2019-01-18 15:11:07,312 Distortion avg=0.5008705954677625 wc=12.04482246617487 me=1.8107632161530134 mc=6.6517932100278845 nan_elements=0
2019-01-18 15:11:07,313 MAP = 0.19551497708523677
2019-01-18 15:11:07,313 scale=[array([1.])]
2019-01-18 15:11:07,313 *** End Major Checkpoint

2019-01-18 15:11:07,313 final loss=0.3038299186112352
2019-01-18 15:11:07,313 best loss=0.3038299186112352, distortion=0.5008705954677625, map=0.19551497708523677, wc_dist=12.04482246617487
2019-01-18 15:11:07,313 	 Computing Major Stats lazily... 
2019-01-18 15:11:07,315 		 Completed edges=420 good=420 bad=0
2019-01-18 15:11:07,318 Distortion avg=0.5008705954677624 wc=12.04482246617487 me=1.8107632161530134 mc=6.6517932100278845 nan_elements=0
2019-01-18 15:11:07,318 MAP = 0.19551497708523674
2019-01-18 15:11:07,318 scale=[array([1.])]
