2019-01-18 15:07:10,378 Commandline ['pytorch/pytorch_hyperbolic.py', 'learn', 'data/edges/parsing/ewt/ewt_dev/1184.edges', '--dim', '0', '--hyp', '0', '--edim', '10', '--euc', '1', '--sdim', '0', '--sph', '0', '--log-name', 'ewt_devr2/1184.edges.E10-1.lr1.log', '--batch-size', '65536', '--epochs', '50', '--checkpoint-freq', '10', '-g', '--subsample', '1024', '--learning-rate', '1']
2019-01-18 15:07:10,379 No Model Save selected!
2019-01-18 15:07:10,380 Loaded Graph data/edges/parsing/ewt/ewt_dev/1184.edges with 13 nodes scale=1.0
2019-01-18 15:07:10,381 Building dataset
2019-01-18 15:07:10,381 Subsample: 13 points with scale 1.0 subsample=12
2019-01-18 15:07:10,393 Built Data Sampler
2019-01-18 15:07:10,393 Creating a fresh model warm_start?=None
2019-01-18 15:07:10,393 	 Warmstarting? None None 13
2019-01-18 15:07:10,393 Embedding() torch.Size([13, 10])
2019-01-18 15:07:10,393 relative No Rescale
2019-01-18 15:07:10,394 Constructed model with dim=0 and epochs=0 isnan=False
2019-01-18 15:07:10,394 SGD (
Parameter Group 0
    dampening: 0
    initial_lr: 0.1
    lr: 1.0
    momentum: 0.0
    nesterov: False
    weight_decay: 0

Parameter Group 1
    dampening: 0
    initial_lr: 0.1
    lr: 1.0
    momentum: 0.0
    nesterov: False
    weight_decay: 0

Parameter Group 2
    dampening: 0
    initial_lr: 0.1
    lr: 1.0
    momentum: 0.0
    nesterov: False
    weight_decay: 0

Parameter Group 3
    dampening: 0
    initial_lr: 0.0001
    lr: 0.001
    momentum: 0.0
    nesterov: False
    weight_decay: 0
)
2019-01-18 15:07:10,394 *** Initial Checkpoint. Computing Stats
2019-01-18 15:07:10,394 	 Computing Major Stats lazily... 
2019-01-18 15:07:10,395 		 Completed edges=156 good=156 bad=0
2019-01-18 15:07:10,397 Distortion avg=0.997578368036699 wc=5.61934108975415 me=0.005941110731069004 mc=945.8401541596992 nan_elements=0
2019-01-18 15:07:10,398 MAP = 0.23640639663366933
2019-01-18 15:07:10,398 scale=[array([1.])]
2019-01-18 15:07:10,398 *** End Initial Checkpoint

2019-01-18 15:07:10,454 1 loss=0.9951637080545279
2019-01-18 15:07:10,455 2 loss=0.7962494939342452
2019-01-18 15:07:10,456 3 loss=0.6508694316370031
2019-01-18 15:07:10,456 4 loss=0.544990813394194
2019-01-18 15:07:10,457 5 loss=0.46423085210459686
2019-01-18 15:07:10,457 6 loss=0.4003117442083434
2019-01-18 15:07:10,458 7 loss=0.34836797511555445
2019-01-18 15:07:10,458 8 loss=0.3053789654347837
2019-01-18 15:07:10,459 9 loss=0.26934990466513603
2019-01-18 15:07:10,459 10 loss=0.2388839550562195
2019-01-18 15:07:10,460 
*** Major Checkpoint. Computing Stats and Saving
2019-01-18 15:07:10,460 	 Computing Major Stats lazily... 
2019-01-18 15:07:10,460 		 Completed edges=156 good=156 bad=0
2019-01-18 15:07:10,462 Distortion avg=0.43059465438854916 wc=5.8429587939985295 me=1.3092643343424222 mc=4.462780082475213 nan_elements=0
2019-01-18 15:07:10,463 MAP = 0.2912779140051867
2019-01-18 15:07:10,463 scale=[array([1.])]
2019-01-18 15:07:10,463 *** End Major Checkpoint

2019-01-18 15:07:10,463 11 loss=0.21295331529121042
2019-01-18 15:07:10,464 12 loss=0.19077185319007722
2019-01-18 15:07:10,464 13 loss=0.17172068578389493
2019-01-18 15:07:10,465 14 loss=0.15530224847766183
2019-01-18 15:07:10,466 15 loss=0.14111033690394123
2019-01-18 15:07:10,466 16 loss=0.12880954700316435
2019-01-18 15:07:10,467 17 loss=0.11812053928700116
2019-01-18 15:07:10,467 18 loss=0.10880910164564551
2019-01-18 15:07:10,468 19 loss=0.10067780727939671
2019-01-18 15:07:10,468 20 loss=0.09355951663005282
2019-01-18 15:07:10,468 
*** Major Checkpoint. Computing Stats and Saving
2019-01-18 15:07:10,468 	 Computing Major Stats lazily... 
2019-01-18 15:07:10,469 		 Completed edges=156 good=156 bad=0
2019-01-18 15:07:10,471 Distortion avg=0.26254529006926786 wc=3.862040047837206 me=1.3281851476023205 mc=2.9077572918271795 nan_elements=0
2019-01-18 15:07:10,471 MAP = 0.654523002250275
2019-01-18 15:07:10,471 scale=[array([1.])]
2019-01-18 15:07:10,471 *** End Major Checkpoint

2019-01-18 15:07:10,472 21 loss=0.08731223156949623
2019-01-18 15:07:10,473 22 loss=0.08181496592888436
2019-01-18 15:07:10,473 23 loss=0.0769643946875032
2019-01-18 15:07:10,474 24 loss=0.07267210896448811
2019-01-18 15:07:10,474 25 loss=0.06886234844992044
2019-01-18 15:07:10,475 26 loss=0.06547011441350056
2019-01-18 15:07:10,475 27 loss=0.06243958924916441
2019-01-18 15:07:10,476 28 loss=0.059722805317976246
2019-01-18 15:07:10,476 29 loss=0.057278518374011454
2019-01-18 15:07:10,477 30 loss=0.055071250278061666
2019-01-18 15:07:10,477 
*** Major Checkpoint. Computing Stats and Saving
2019-01-18 15:07:10,477 	 Computing Major Stats lazily... 
2019-01-18 15:07:10,478 		 Completed edges=156 good=156 bad=0
2019-01-18 15:07:10,480 Distortion avg=0.19172889306135346 wc=3.2286010576423667 me=1.39040663721354 mc=2.322055268746905 nan_elements=0
2019-01-18 15:07:10,480 MAP = 0.9403899131171858
2019-01-18 15:07:10,480 scale=[array([1.])]
2019-01-18 15:07:10,480 *** End Major Checkpoint

2019-01-18 15:07:10,481 31 loss=0.0530704728502681
2019-01-18 15:07:10,481 32 loss=0.05124991017990024
2019-01-18 15:07:10,482 33 loss=0.04958694093087526
2019-01-18 15:07:10,482 34 loss=0.04806208547190749
2019-01-18 15:07:10,483 35 loss=0.04665856525300867
2019-01-18 15:07:10,483 36 loss=0.04536192391653902
2019-01-18 15:07:10,484 37 loss=0.04415970129710266
2019-01-18 15:07:10,485 38 loss=0.0430411528230983
2019-01-18 15:07:10,485 39 loss=0.041997007952229715
2019-01-18 15:07:10,486 40 loss=0.04101926220459999
2019-01-18 15:07:10,486 
*** Major Checkpoint. Computing Stats and Saving
2019-01-18 15:07:10,486 	 Computing Major Stats lazily... 
2019-01-18 15:07:10,487 		 Completed edges=156 good=156 bad=0
2019-01-18 15:07:10,489 Distortion avg=0.16540718553077366 wc=2.7558757285367754 me=1.3842384611662282 mc=1.9908966596802515 nan_elements=0
2019-01-18 15:07:10,489 MAP = 1.0
2019-01-18 15:07:10,489 scale=[array([1.])]
2019-01-18 15:07:10,489 *** End Major Checkpoint

2019-01-18 15:07:10,490 41 loss=0.04010099813815053
2019-01-18 15:07:10,490 42 loss=0.039236231270838494
2019-01-18 15:07:10,491 43 loss=0.03841977751401254
2019-01-18 15:07:10,492 44 loss=0.037647139158995535
2019-01-18 15:07:10,492 45 loss=0.03691440686738977
2019-01-18 15:07:10,493 46 loss=0.036218175465925886
2019-01-18 15:07:10,493 47 loss=0.035555471647629025
2019-01-18 15:07:10,494 48 loss=0.0349236919400066
2019-01-18 15:07:10,494 49 loss=0.03432054952399873
2019-01-18 15:07:10,495 50 loss=0.0337440286797454
2019-01-18 15:07:10,495 
*** Major Checkpoint. Computing Stats and Saving
2019-01-18 15:07:10,495 	 Computing Major Stats lazily... 
2019-01-18 15:07:10,496 		 Completed edges=156 good=156 bad=0
2019-01-18 15:07:10,498 Distortion avg=0.1506715071594619 wc=2.401209885224536 me=1.3526882363300843 mc=1.7751391789575601 nan_elements=0
2019-01-18 15:07:10,498 MAP = 1.0
2019-01-18 15:07:10,498 scale=[array([1.])]
2019-01-18 15:07:10,499 *** End Major Checkpoint

2019-01-18 15:07:10,499 final loss=0.0337440286797454
2019-01-18 15:07:10,499 best loss=0.0337440286797454, distortion=0.1506715071594619, map=1.0, wc_dist=2.401209885224536
2019-01-18 15:07:10,499 	 Computing Major Stats lazily... 
2019-01-18 15:07:10,499 		 Completed edges=156 good=156 bad=0
2019-01-18 15:07:10,501 Distortion avg=0.15067150715946187 wc=2.401209885224536 me=1.3526882363300843 mc=1.7751391789575601 nan_elements=0
2019-01-18 15:07:10,502 MAP = 1.0
2019-01-18 15:07:10,502 scale=[array([1.])]
