2019-01-18 15:02:02,897 Commandline ['pytorch/pytorch_hyperbolic.py', 'learn', 'data/edges/parsing/ewt/ewt_dev/1185.edges', '--dim', '0', '--hyp', '0', '--edim', '10', '--euc', '1', '--sdim', '0', '--sph', '0', '--log-name', 'ewt_devr2/1185.edges.E10-1.lr1.log', '--batch-size', '65536', '--epochs', '50', '--checkpoint-freq', '10', '-g', '--subsample', '1024', '--learning-rate', '1']
2019-01-18 15:02:02,897 No Model Save selected!
2019-01-18 15:02:02,899 Loaded Graph data/edges/parsing/ewt/ewt_dev/1185.edges with 6 nodes scale=1.0
2019-01-18 15:02:02,899 Building dataset
2019-01-18 15:02:02,899 Subsample: 6 points with scale 1.0 subsample=5
2019-01-18 15:02:02,904 Built Data Sampler
2019-01-18 15:02:02,904 Creating a fresh model warm_start?=None
2019-01-18 15:02:02,904 	 Warmstarting? None None 6
2019-01-18 15:02:02,904 Embedding() torch.Size([6, 10])
2019-01-18 15:02:02,905 relative No Rescale
2019-01-18 15:02:02,905 Constructed model with dim=0 and epochs=0 isnan=False
2019-01-18 15:02:02,905 SGD (
Parameter Group 0
    dampening: 0
    initial_lr: 0.1
    lr: 1.0
    momentum: 0.0
    nesterov: False
    weight_decay: 0

Parameter Group 1
    dampening: 0
    initial_lr: 0.1
    lr: 1.0
    momentum: 0.0
    nesterov: False
    weight_decay: 0

Parameter Group 2
    dampening: 0
    initial_lr: 0.1
    lr: 1.0
    momentum: 0.0
    nesterov: False
    weight_decay: 0

Parameter Group 3
    dampening: 0
    initial_lr: 0.0001
    lr: 0.001
    momentum: 0.0
    nesterov: False
    weight_decay: 0
)
2019-01-18 15:02:02,905 *** Initial Checkpoint. Computing Stats
2019-01-18 15:02:02,905 	 Computing Major Stats lazily... 
2019-01-18 15:02:02,906 		 Completed edges=30 good=30 bad=0
2019-01-18 15:02:02,907 Distortion avg=0.9970107087516167 wc=3.6322181433519583 me=0.005628252251848828 mc=645.354540063269 nan_elements=0
2019-01-18 15:02:02,907 MAP = 0.44999999999999996
2019-01-18 15:02:02,908 scale=[array([1.])]
2019-01-18 15:02:02,908 *** End Initial Checkpoint

2019-01-18 15:02:02,964 1 loss=0.9940318309062036
2019-01-18 15:02:02,965 2 loss=0.4293061030090941
2019-01-18 15:02:02,966 3 loss=0.26996040000143373
2019-01-18 15:02:02,966 4 loss=0.19002482905619816
2019-01-18 15:02:02,967 5 loss=0.13769665547696744
2019-01-18 15:02:02,967 6 loss=0.10183942906149393
2019-01-18 15:02:02,968 7 loss=0.0769895567126652
2019-01-18 15:02:02,968 8 loss=0.05965395439234069
2019-01-18 15:02:02,968 9 loss=0.04747097945915806
2019-01-18 15:02:02,969 10 loss=0.03882966988573068
2019-01-18 15:02:02,969 
*** Major Checkpoint. Computing Stats and Saving
2019-01-18 15:02:02,969 	 Computing Major Stats lazily... 
2019-01-18 15:02:02,969 		 Completed edges=30 good=30 bad=0
2019-01-18 15:02:02,970 Distortion avg=0.1737054846994154 wc=1.6042972165760996 me=1.1512738967059148 mc=1.3934974302521743 nan_elements=0
2019-01-18 15:02:02,971 MAP = 1.0
2019-01-18 15:02:02,971 scale=[array([1.])]
2019-01-18 15:02:02,971 *** End Major Checkpoint

2019-01-18 15:02:02,971 11 loss=0.03263285478227044
2019-01-18 15:02:02,972 12 loss=0.028134611961158146
2019-01-18 15:02:02,972 13 loss=0.02482726646076498
2019-01-18 15:02:02,973 14 loss=0.0223637863355474
2019-01-18 15:02:02,973 15 loss=0.020505265824989644
2019-01-18 15:02:02,974 16 loss=0.019085739612479884
2019-01-18 15:02:02,974 17 loss=0.01798870898200264
2019-01-18 15:02:02,975 18 loss=0.017131474156989027
2019-01-18 15:02:02,975 19 loss=0.01645463700038582
2019-01-18 15:02:02,975 20 loss=0.015915025397711755
2019-01-18 15:02:02,976 
*** Major Checkpoint. Computing Stats and Saving
2019-01-18 15:02:02,976 	 Computing Major Stats lazily... 
2019-01-18 15:02:02,976 		 Completed edges=30 good=30 bad=0
2019-01-18 15:02:02,977 Distortion avg=0.11902283557089485 wc=1.367898982761477 me=1.1459825259718417 mc=1.193647330356491 nan_elements=0
2019-01-18 15:02:02,977 MAP = 1.0
2019-01-18 15:02:02,977 scale=[array([1.])]
2019-01-18 15:02:02,977 *** End Major Checkpoint

2019-01-18 15:02:02,978 21 loss=0.015480888146382253
2019-01-18 15:02:02,978 22 loss=0.015128603758513012
2019-01-18 15:02:02,979 23 loss=0.014840404936778644
2019-01-18 15:02:02,979 24 loss=0.014602789308538552
2019-01-18 15:02:02,980 25 loss=0.014405397510388945
2019-01-18 15:02:02,980 26 loss=0.014240212301424356
2019-01-18 15:02:02,980 27 loss=0.014100980269528447
2019-01-18 15:02:02,981 28 loss=0.01398278943906531
2019-01-18 15:02:02,981 29 loss=0.013881757241903225
2019-01-18 15:02:02,982 30 loss=0.013794797490223169
2019-01-18 15:02:02,982 
*** Major Checkpoint. Computing Stats and Saving
2019-01-18 15:02:02,982 	 Computing Major Stats lazily... 
2019-01-18 15:02:02,982 		 Completed edges=30 good=30 bad=0
2019-01-18 15:02:02,983 Distortion avg=0.11231488399602234 wc=1.3192964181588078 me=1.1469798044249042 mc=1.1502350896407485 nan_elements=0
2019-01-18 15:02:02,983 MAP = 1.0
2019-01-18 15:02:02,983 scale=[array([1.])]
2019-01-18 15:02:02,984 *** End Major Checkpoint

2019-01-18 15:02:02,984 31 loss=0.013719444549844513
2019-01-18 15:02:02,984 32 loss=0.01365371940497287
2019-01-18 15:02:02,985 33 loss=0.013596026748247999
2019-01-18 15:02:02,985 34 loss=0.013545075296794724
2019-01-18 15:02:02,986 35 loss=0.013499815671958735
2019-01-18 15:02:02,986 36 loss=0.01345939168473178
2019-01-18 15:02:02,987 37 loss=0.013423101939362117
2019-01-18 15:02:02,987 38 loss=0.013390369438044525
2019-01-18 15:02:02,988 39 loss=0.01336071743040273
2019-01-18 15:02:02,988 40 loss=0.013333750164403496
2019-01-18 15:02:02,988 
*** Major Checkpoint. Computing Stats and Saving
2019-01-18 15:02:02,988 	 Computing Major Stats lazily... 
2019-01-18 15:02:02,989 		 Completed edges=30 good=30 bad=0
2019-01-18 15:02:02,990 Distortion avg=0.11139718918461136 wc=1.2989113554747111 me=1.1470960242937074 mc=1.1323475349628902 nan_elements=0
2019-01-18 15:02:02,990 MAP = 1.0
2019-01-18 15:02:02,990 scale=[array([1.])]
2019-01-18 15:02:02,990 *** End Major Checkpoint

2019-01-18 15:02:02,990 41 loss=0.013309137502759855
2019-01-18 15:02:02,991 42 loss=0.013286602600165932
2019-01-18 15:02:02,991 43 loss=0.013265912012422032
2019-01-18 15:02:02,992 44 loss=0.013246867743199003
2019-01-18 15:02:02,992 45 loss=0.013229300838261425
2019-01-18 15:02:02,993 46 loss=0.013213066217943626
2019-01-18 15:02:02,993 47 loss=0.013198038502061835
2019-01-18 15:02:02,994 48 loss=0.013184108631325664
2019-01-18 15:02:02,994 49 loss=0.01317118112873472
2019-01-18 15:02:02,994 50 loss=0.013159171875718294
2019-01-18 15:02:02,994 
*** Major Checkpoint. Computing Stats and Saving
2019-01-18 15:02:02,995 	 Computing Major Stats lazily... 
2019-01-18 15:02:02,995 		 Completed edges=30 good=30 bad=0
2019-01-18 15:02:02,996 Distortion avg=0.11121833916716213 wc=1.287402320310921 me=1.1471392603295907 mc=1.1222720421416235 nan_elements=0
2019-01-18 15:02:02,996 MAP = 1.0
2019-01-18 15:02:02,996 scale=[array([1.])]
2019-01-18 15:02:02,996 *** End Major Checkpoint

2019-01-18 15:02:02,996 final loss=0.013159171875718294
2019-01-18 15:02:02,996 best loss=0.013159171875718294, distortion=0.11121833916716213, map=1.0, wc_dist=1.287402320310921
2019-01-18 15:02:02,996 	 Computing Major Stats lazily... 
2019-01-18 15:02:02,997 		 Completed edges=30 good=30 bad=0
2019-01-18 15:02:02,998 Distortion avg=0.1112183391671621 wc=1.287402320310921 me=1.1471392603295907 mc=1.1222720421416235 nan_elements=0
2019-01-18 15:02:02,998 MAP = 1.0
2019-01-18 15:02:02,998 scale=[array([1.])]
