2019-01-18 15:07:19,358 Commandline ['pytorch/pytorch_hyperbolic.py', 'learn', 'data/edges/parsing/ewt/ewt_dev/1186.edges', '--dim', '0', '--hyp', '0', '--edim', '10', '--euc', '1', '--sdim', '0', '--sph', '0', '--log-name', 'ewt_devr2/1186.edges.E10-1.lr1.log', '--batch-size', '65536', '--epochs', '50', '--checkpoint-freq', '10', '-g', '--subsample', '1024', '--learning-rate', '1']
2019-01-18 15:07:19,358 No Model Save selected!
2019-01-18 15:07:19,360 Loaded Graph data/edges/parsing/ewt/ewt_dev/1186.edges with 13 nodes scale=1.0
2019-01-18 15:07:19,360 Building dataset
2019-01-18 15:07:19,361 Subsample: 13 points with scale 1.0 subsample=12
2019-01-18 15:07:19,373 Built Data Sampler
2019-01-18 15:07:19,373 Creating a fresh model warm_start?=None
2019-01-18 15:07:19,373 	 Warmstarting? None None 13
2019-01-18 15:07:19,374 Embedding() torch.Size([13, 10])
2019-01-18 15:07:19,374 relative No Rescale
2019-01-18 15:07:19,374 Constructed model with dim=0 and epochs=0 isnan=False
2019-01-18 15:07:19,374 SGD (
Parameter Group 0
    dampening: 0
    initial_lr: 0.1
    lr: 1.0
    momentum: 0.0
    nesterov: False
    weight_decay: 0

Parameter Group 1
    dampening: 0
    initial_lr: 0.1
    lr: 1.0
    momentum: 0.0
    nesterov: False
    weight_decay: 0

Parameter Group 2
    dampening: 0
    initial_lr: 0.1
    lr: 1.0
    momentum: 0.0
    nesterov: False
    weight_decay: 0

Parameter Group 3
    dampening: 0
    initial_lr: 0.0001
    lr: 0.001
    momentum: 0.0
    nesterov: False
    weight_decay: 0
)
2019-01-18 15:07:19,374 *** Initial Checkpoint. Computing Stats
2019-01-18 15:07:19,374 	 Computing Major Stats lazily... 
2019-01-18 15:07:19,376 		 Completed edges=156 good=156 bad=0
2019-01-18 15:07:19,378 Distortion avg=0.9980912715385362 wc=10.53473619329296 me=0.005982886981094694 mc=1760.811498960559 nan_elements=0
2019-01-18 15:07:19,378 MAP = 0.3666056166056166
2019-01-18 15:07:19,378 scale=[array([1.])]
2019-01-18 15:07:19,378 *** End Initial Checkpoint

2019-01-18 15:07:19,438 1 loss=0.9961874267608283
2019-01-18 15:07:19,439 2 loss=0.8662807841071076
2019-01-18 15:07:19,440 3 loss=0.7573807835835195
2019-01-18 15:07:19,440 4 loss=0.6712948060325786
2019-01-18 15:07:19,441 5 loss=0.6033393692100538
2019-01-18 15:07:19,442 6 loss=0.5492986806612153
2019-01-18 15:07:19,442 7 loss=0.5058564612247423
2019-01-18 15:07:19,443 8 loss=0.4704902522554653
2019-01-18 15:07:19,444 9 loss=0.4413036909949328
2019-01-18 15:07:19,444 10 loss=0.4168765154552371
2019-01-18 15:07:19,444 
*** Major Checkpoint. Computing Stats and Saving
2019-01-18 15:07:19,444 	 Computing Major Stats lazily... 
2019-01-18 15:07:19,445 		 Completed edges=156 good=156 bad=0
2019-01-18 15:07:19,447 Distortion avg=0.5783558093346546 wc=9.802340688794471 me=1.2294542902574996 mc=7.972919990983518 nan_elements=0
2019-01-18 15:07:19,447 MAP = 0.16097194472194476
2019-01-18 15:07:19,448 scale=[array([1.])]
2019-01-18 15:07:19,448 *** End Major Checkpoint

2019-01-18 15:07:19,448 11 loss=0.3961450573274685
2019-01-18 15:07:19,449 12 loss=0.3783109427344568
2019-01-18 15:07:19,450 13 loss=0.36277264619166477
2019-01-18 15:07:19,451 14 loss=0.34907464909783303
2019-01-18 15:07:19,451 15 loss=0.3368698445498434
2019-01-18 15:07:19,452 16 loss=0.3258917901109954
2019-01-18 15:07:19,453 17 loss=0.31593423608536836
2019-01-18 15:07:19,453 18 loss=0.3068360120592362
2019-01-18 15:07:19,454 19 loss=0.298469854823179
2019-01-18 15:07:19,454 20 loss=0.29073413526885117
2019-01-18 15:07:19,454 
*** Major Checkpoint. Computing Stats and Saving
2019-01-18 15:07:19,454 	 Computing Major Stats lazily... 
2019-01-18 15:07:19,455 		 Completed edges=156 good=156 bad=0
2019-01-18 15:07:19,458 Distortion avg=0.49332926756522566 wc=8.232489590822892 me=1.5520236192114518 mc=5.3043584446257555 nan_elements=0
2019-01-18 15:07:19,458 MAP = 0.24300588300588297
2019-01-18 15:07:19,458 scale=[array([1.])]
2019-01-18 15:07:19,458 *** End Major Checkpoint

2019-01-18 15:07:19,459 21 loss=0.2835467189952279
2019-01-18 15:07:19,459 22 loss=0.27684039917500863
2019-01-18 15:07:19,460 23 loss=0.2705594896270422
2019-01-18 15:07:19,460 24 loss=0.2646572753923477
2019-01-18 15:07:19,461 25 loss=0.2590940981419654
2019-01-18 15:07:19,461 26 loss=0.2538359123590209
2019-01-18 15:07:19,462 27 loss=0.2488531912222505
2019-01-18 15:07:19,463 28 loss=0.24412009269434728
2019-01-18 15:07:19,463 29 loss=0.2396138195580002
2019-01-18 15:07:19,464 30 loss=0.2353141242806291
2019-01-18 15:07:19,464 
*** Major Checkpoint. Computing Stats and Saving
2019-01-18 15:07:19,464 	 Computing Major Stats lazily... 
2019-01-18 15:07:19,465 		 Completed edges=156 good=156 bad=0
2019-01-18 15:07:19,467 Distortion avg=0.43101528756202345 wc=6.984575330849665 me=1.6077025047858113 mc=4.344445138362334 nan_elements=0
2019-01-18 15:07:19,467 MAP = 0.40051892551892543
2019-01-18 15:07:19,467 scale=[array([1.])]
2019-01-18 15:07:19,467 *** End Major Checkpoint

2019-01-18 15:07:19,468 31 loss=0.2312029222526234
2019-01-18 15:07:19,468 32 loss=0.22726398631932412
2019-01-18 15:07:19,469 33 loss=0.22348270247990706
2019-01-18 15:07:19,470 34 loss=0.21984587179031542
2019-01-18 15:07:19,470 35 loss=0.21634154734714264
2019-01-18 15:07:19,471 36 loss=0.21295889808654947
2019-01-18 15:07:19,472 37 loss=0.20968809325884594
2019-01-18 15:07:19,472 38 loss=0.20652020302148946
2019-01-18 15:07:19,473 39 loss=0.20344711176901567
2019-01-18 15:07:19,473 40 loss=0.2004614416904851
2019-01-18 15:07:19,473 
*** Major Checkpoint. Computing Stats and Saving
2019-01-18 15:07:19,473 	 Computing Major Stats lazily... 
2019-01-18 15:07:19,474 		 Completed edges=156 good=156 bad=0
2019-01-18 15:07:19,476 Distortion avg=0.388961790417229 wc=5.945592929518294 me=1.5744894065910113 mc=3.776203831305115 nan_elements=0
2019-01-18 15:07:19,476 MAP = 0.7104548229548229
2019-01-18 15:07:19,477 scale=[array([1.])]
2019-01-18 15:07:19,477 *** End Major Checkpoint

2019-01-18 15:07:19,477 41 loss=0.19755648468991335
2019-01-18 15:07:19,478 42 loss=0.1947261412801213
2019-01-18 15:07:19,478 43 loss=0.19196486540839772
2019-01-18 15:07:19,479 44 loss=0.18926761442560394
2019-01-18 15:07:19,479 45 loss=0.18662980359317727
2019-01-18 15:07:19,480 46 loss=0.1840472646532831
2019-01-18 15:07:19,481 47 loss=0.18151620807997243
2019-01-18 15:07:19,481 48 loss=0.17903318869409998
2019-01-18 15:07:19,482 49 loss=0.17659507436982874
2019-01-18 15:07:19,482 50 loss=0.17419901759168727
2019-01-18 15:07:19,482 
*** Major Checkpoint. Computing Stats and Saving
2019-01-18 15:07:19,482 	 Computing Major Stats lazily... 
2019-01-18 15:07:19,483 		 Completed edges=156 good=156 bad=0
2019-01-18 15:07:19,485 Distortion avg=0.3618530521323638 wc=5.072180414431948 me=1.5104363654263755 mc=3.3580894439072515 nan_elements=0
2019-01-18 15:07:19,485 MAP = 0.9361172161172161
2019-01-18 15:07:19,486 scale=[array([1.])]
2019-01-18 15:07:19,486 *** End Major Checkpoint

2019-01-18 15:07:19,486 final loss=0.17419901759168727
2019-01-18 15:07:19,486 best loss=0.17419901759168727, distortion=0.3618530521323638, map=0.9361172161172161, wc_dist=5.072180414431948
2019-01-18 15:07:19,486 	 Computing Major Stats lazily... 
2019-01-18 15:07:19,487 		 Completed edges=156 good=156 bad=0
2019-01-18 15:07:19,489 Distortion avg=0.36185305213236363 wc=5.072180414431948 me=1.5104363654263755 mc=3.3580894439072515 nan_elements=0
2019-01-18 15:07:19,489 MAP = 0.9361172161172161
2019-01-18 15:07:19,489 scale=[array([1.])]
