2019-01-18 14:39:21,021 Commandline ['pytorch/pytorch_hyperbolic.py', 'learn', 'data/edges/parsing/ewt/ewt_dev/1191.edges', '--dim', '0', '--hyp', '0', '--edim', '10', '--euc', '1', '--sdim', '0', '--sph', '0', '--log-name', 'ewt_devr2/1191.edges.E10-1.lr1.log', '--batch-size', '65536', '--epochs', '50', '-g', '--subsample', '1024', '--learning-rate', '1']
2019-01-18 14:39:21,021 No Model Save selected!
2019-01-18 14:39:21,023 Loaded Graph data/edges/parsing/ewt/ewt_dev/1191.edges with 26 nodes scale=1.0
2019-01-18 14:39:21,023 Building dataset
2019-01-18 14:39:21,023 Subsample: 26 points with scale 1.0 subsample=25
2019-01-18 14:39:21,055 Built Data Sampler
2019-01-18 14:39:21,055 Creating a fresh model warm_start?=None
2019-01-18 14:39:21,055 	 Warmstarting? None None 26
2019-01-18 14:39:21,055 Embedding() torch.Size([26, 10])
2019-01-18 14:39:21,056 relative No Rescale
2019-01-18 14:39:21,056 Constructed model with dim=0 and epochs=0 isnan=False
2019-01-18 14:39:21,056 SGD (
Parameter Group 0
    dampening: 0
    initial_lr: 0.1
    lr: 1.0
    momentum: 0.0
    nesterov: False
    weight_decay: 0

Parameter Group 1
    dampening: 0
    initial_lr: 0.1
    lr: 1.0
    momentum: 0.0
    nesterov: False
    weight_decay: 0

Parameter Group 2
    dampening: 0
    initial_lr: 0.1
    lr: 1.0
    momentum: 0.0
    nesterov: False
    weight_decay: 0

Parameter Group 3
    dampening: 0
    initial_lr: 0.0001
    lr: 0.001
    momentum: 0.0
    nesterov: False
    weight_decay: 0
)
2019-01-18 14:39:21,056 *** Initial Checkpoint. Computing Stats
2019-01-18 14:39:21,056 	 Computing Major Stats lazily... 
2019-01-18 14:39:21,059 		 Completed edges=650 good=650 bad=0
2019-01-18 14:39:21,063 Distortion avg=0.9984041178627843 wc=20.8741646623956 me=0.0072640427705460125 mc=2873.6290963257316 nan_elements=0
2019-01-18 14:39:21,064 MAP = 0.20353242897574103
2019-01-18 14:39:21,064 scale=[array([1.])]
2019-01-18 14:39:21,064 *** End Initial Checkpoint

2019-01-18 14:39:21,123 1 loss=0.9968120490964126
2019-01-18 14:39:21,124 2 loss=0.9578493710943793
2019-01-18 14:39:21,125 3 loss=0.9202852913359028
2019-01-18 14:39:21,126 4 loss=0.8851826012993094
2019-01-18 14:39:21,127 5 loss=0.8525229288237351
2019-01-18 14:39:21,128 6 loss=0.8221640961098355
2019-01-18 14:39:21,129 7 loss=0.7939398821989507
2019-01-18 14:39:21,129 8 loss=0.767684048743451
2019-01-18 14:39:21,130 9 loss=0.74323815570181
2019-01-18 14:39:21,131 10 loss=0.7204542688703426
2019-01-18 14:39:21,132 11 loss=0.6991956916560681
2019-01-18 14:39:21,133 12 loss=0.6793368430940704
2019-01-18 14:39:21,134 13 loss=0.6607627508695656
2019-01-18 14:39:21,135 14 loss=0.6433683765006034
2019-01-18 14:39:21,136 15 loss=0.6270578803529742
2019-01-18 14:39:21,137 16 loss=0.6117438820008285
2019-01-18 14:39:21,138 17 loss=0.5973467448513664
2019-01-18 14:39:21,139 18 loss=0.5837938996917751
2019-01-18 14:39:21,140 19 loss=0.571019213895946
2019-01-18 14:39:21,141 20 loss=0.558962408535141
2019-01-18 14:39:21,142 21 loss=0.5475685230726262
2019-01-18 14:39:21,143 22 loss=0.5367874258787447
2019-01-18 14:39:21,143 23 loss=0.5265733680255686
2019-01-18 14:39:21,144 24 loss=0.5168845774450453
2019-01-18 14:39:21,145 25 loss=0.5076828904035411
2019-01-18 14:39:21,146 26 loss=0.4989334172623764
2019-01-18 14:39:21,147 27 loss=0.49060423959824595
2019-01-18 14:39:21,148 28 loss=0.4826661359114708
2019-01-18 14:39:21,149 29 loss=0.47509233332981765
2019-01-18 14:39:21,150 30 loss=0.4678582829058751
2019-01-18 14:39:21,151 31 loss=0.4609414562970493
2019-01-18 14:39:21,152 32 loss=0.45432116180322657
2019-01-18 14:39:21,152 33 loss=0.4479783779144065
2019-01-18 14:39:21,153 34 loss=0.44189560268722106
2019-01-18 14:39:21,155 35 loss=0.4360567174242399
2019-01-18 14:39:21,156 36 loss=0.43044686327306697
2019-01-18 14:39:21,157 37 loss=0.4250523294936016
2019-01-18 14:39:21,157 38 loss=0.41986045226194324
2019-01-18 14:39:21,159 39 loss=0.4148595229888203
2019-01-18 14:39:21,159 40 loss=0.41003870522984054
2019-01-18 14:39:21,160 41 loss=0.4053879593549969
2019-01-18 14:39:21,161 42 loss=0.40089797422645673
2019-01-18 14:39:21,162 43 loss=0.3965601052074208
2019-01-18 14:39:21,163 44 loss=0.3923663178914542
2019-01-18 14:39:21,164 45 loss=0.38830913700177827
2019-01-18 14:39:21,165 46 loss=0.3843815999642227
2019-01-18 14:39:21,166 47 loss=0.38057721470635736
2019-01-18 14:39:21,167 48 loss=0.376889921279334
2019-01-18 14:39:21,168 49 loss=0.37331405693858644
2019-01-18 14:39:21,169 50 loss=0.36984432435521825
2019-01-18 14:39:21,169 final loss=0.36984432435521825
2019-01-18 14:39:21,169 best loss=10000000000.0, distortion=10000000000.0, map=0.0, wc_dist=10000000000.0
2019-01-18 14:39:21,169 	 Computing Major Stats lazily... 
2019-01-18 14:39:21,171 		 Completed edges=650 good=650 bad=0
2019-01-18 14:39:21,176 Distortion avg=0.5735166191536757 wc=17.004641938335812 me=1.743380131275808 mc=9.753834882752617 nan_elements=0
2019-01-18 14:39:21,176 MAP = 0.10451962170967476
2019-01-18 14:39:21,176 scale=[array([1.])]
2019-01-18 14:49:41,467 Commandline ['pytorch/pytorch_hyperbolic.py', 'learn', 'data/edges/parsing/ewt/ewt_dev/1191.edges', '--dim', '0', '--hyp', '0', '--edim', '10', '--euc', '1', '--sdim', '0', '--sph', '0', '--log-name', 'ewt_devr2/1191.edges.E10-1.lr1.log', '--batch-size', '65536', '--epochs', '50', '--checkpoint-freq', '10', '-g', '--subsample', '1024', '--learning-rate', '1']
2019-01-18 14:49:41,468 No Model Save selected!
2019-01-18 14:49:41,469 Loaded Graph data/edges/parsing/ewt/ewt_dev/1191.edges with 26 nodes scale=1.0
2019-01-18 14:49:41,469 Building dataset
2019-01-18 14:49:41,470 Subsample: 26 points with scale 1.0 subsample=25
2019-01-18 14:49:41,505 Built Data Sampler
2019-01-18 14:49:41,505 Creating a fresh model warm_start?=None
2019-01-18 14:49:41,505 	 Warmstarting? None None 26
2019-01-18 14:49:41,506 Embedding() torch.Size([26, 10])
2019-01-18 14:49:41,506 relative No Rescale
2019-01-18 14:49:41,506 Constructed model with dim=0 and epochs=0 isnan=False
2019-01-18 14:49:41,507 SGD (
Parameter Group 0
    dampening: 0
    initial_lr: 0.1
    lr: 1.0
    momentum: 0.0
    nesterov: False
    weight_decay: 0

Parameter Group 1
    dampening: 0
    initial_lr: 0.1
    lr: 1.0
    momentum: 0.0
    nesterov: False
    weight_decay: 0

Parameter Group 2
    dampening: 0
    initial_lr: 0.1
    lr: 1.0
    momentum: 0.0
    nesterov: False
    weight_decay: 0

Parameter Group 3
    dampening: 0
    initial_lr: 0.0001
    lr: 0.001
    momentum: 0.0
    nesterov: False
    weight_decay: 0
)
2019-01-18 14:49:41,507 *** Initial Checkpoint. Computing Stats
2019-01-18 14:49:41,507 	 Computing Major Stats lazily... 
2019-01-18 14:49:41,510 		 Completed edges=650 good=650 bad=0
2019-01-18 14:49:41,515 Distortion avg=0.9984041178627843 wc=20.8741646623956 me=0.0072640427705460125 mc=2873.6290963257316 nan_elements=0
2019-01-18 14:49:41,515 MAP = 0.20353242897574103
2019-01-18 14:49:41,516 scale=[array([1.])]
2019-01-18 14:49:41,516 *** End Initial Checkpoint

2019-01-18 14:49:41,578 1 loss=0.9968120490964126
2019-01-18 14:49:41,579 2 loss=0.9578493710943793
2019-01-18 14:49:41,580 3 loss=0.9202852913359028
2019-01-18 14:49:41,581 4 loss=0.8851826012993094
2019-01-18 14:49:41,582 5 loss=0.8525229288237351
2019-01-18 14:49:41,583 6 loss=0.8221640961098355
2019-01-18 14:49:41,584 7 loss=0.7939398821989507
2019-01-18 14:49:41,585 8 loss=0.767684048743451
2019-01-18 14:49:41,586 9 loss=0.74323815570181
2019-01-18 14:49:41,587 10 loss=0.7204542688703426
2019-01-18 14:49:41,587 
*** Major Checkpoint. Computing Stats and Saving
2019-01-18 14:49:41,587 	 Computing Major Stats lazily... 
2019-01-18 14:49:41,590 		 Completed edges=650 good=650 bad=0
2019-01-18 14:49:41,594 Distortion avg=0.8224672167910468 wc=31.153942311740536 me=0.8556611554580522 mc=36.40920487393543 nan_elements=0
2019-01-18 14:49:41,594 MAP = 0.07711638779127675
2019-01-18 14:49:41,594 scale=[array([1.])]
2019-01-18 14:49:41,594 *** End Major Checkpoint

2019-01-18 14:49:41,595 11 loss=0.6991956916560679
2019-01-18 14:49:41,597 12 loss=0.6793368430940706
2019-01-18 14:49:41,598 13 loss=0.6607627508695652
2019-01-18 14:49:41,598 14 loss=0.6433683765006032
2019-01-18 14:49:41,599 15 loss=0.6270578803529739
2019-01-18 14:49:41,600 16 loss=0.6117438820008285
2019-01-18 14:49:41,601 17 loss=0.5973467448513664
2019-01-18 14:49:41,602 18 loss=0.5837938996917753
2019-01-18 14:49:41,603 19 loss=0.571019213895946
2019-01-18 14:49:41,604 20 loss=0.5589624085351411
2019-01-18 14:49:41,604 
*** Major Checkpoint. Computing Stats and Saving
2019-01-18 14:49:41,604 	 Computing Major Stats lazily... 
2019-01-18 14:49:41,607 		 Completed edges=650 good=650 bad=0
2019-01-18 14:49:41,611 Distortion avg=0.7102179152457967 wc=26.276332065796286 me=1.3003928312622837 mc=20.206457182857587 nan_elements=0
2019-01-18 14:49:41,611 MAP = 0.07620826909668973
2019-01-18 14:49:41,611 scale=[array([1.])]
2019-01-18 14:49:41,611 *** End Major Checkpoint

2019-01-18 14:49:41,612 21 loss=0.5475685230726263
2019-01-18 14:49:41,613 22 loss=0.5367874258787446
2019-01-18 14:49:41,614 23 loss=0.5265733680255686
2019-01-18 14:49:41,614 24 loss=0.5168845774450455
2019-01-18 14:49:41,615 25 loss=0.5076828904035411
2019-01-18 14:49:41,616 26 loss=0.4989334172623762
2019-01-18 14:49:41,617 27 loss=0.4906042395982459
2019-01-18 14:49:41,618 28 loss=0.4826661359114707
2019-01-18 14:49:41,619 29 loss=0.47509233332981765
2019-01-18 14:49:41,620 30 loss=0.4678582829058754
2019-01-18 14:49:41,620 
*** Major Checkpoint. Computing Stats and Saving
2019-01-18 14:49:41,620 	 Computing Major Stats lazily... 
2019-01-18 14:49:41,623 		 Completed edges=650 good=650 bad=0
2019-01-18 14:49:41,626 Distortion avg=0.6516498174560865 wc=21.95170928877628 me=1.5155208364012993 mc=14.484597480627194 nan_elements=0
2019-01-18 14:49:41,627 MAP = 0.07973506564796416
2019-01-18 14:49:41,627 scale=[array([1.])]
2019-01-18 14:49:41,627 *** End Major Checkpoint

2019-01-18 14:49:41,628 31 loss=0.4609414562970493
2019-01-18 14:49:41,629 32 loss=0.4543211618032267
2019-01-18 14:49:41,630 33 loss=0.44797837791440664
2019-01-18 14:49:41,630 34 loss=0.44189560268722095
2019-01-18 14:49:41,631 35 loss=0.4360567174242399
2019-01-18 14:49:41,632 36 loss=0.4304468632730668
2019-01-18 14:49:41,633 37 loss=0.42505232949360167
2019-01-18 14:49:41,634 38 loss=0.4198604522619434
2019-01-18 14:49:41,635 39 loss=0.41485952298882023
2019-01-18 14:49:41,636 40 loss=0.41003870522984054
2019-01-18 14:49:41,636 
*** Major Checkpoint. Computing Stats and Saving
2019-01-18 14:49:41,636 	 Computing Major Stats lazily... 
2019-01-18 14:49:41,638 		 Completed edges=650 good=650 bad=0
2019-01-18 14:49:41,642 Distortion avg=0.6092236687704174 wc=18.871589599967255 me=1.634239432417822 mc=11.547628349688727 nan_elements=0
2019-01-18 14:49:41,642 MAP = 0.08773847446601442
2019-01-18 14:49:41,643 scale=[array([1.])]
2019-01-18 14:49:41,643 *** End Major Checkpoint

2019-01-18 14:49:41,644 41 loss=0.405387959354997
2019-01-18 14:49:41,645 42 loss=0.4008979742264566
2019-01-18 14:49:41,645 43 loss=0.3965601052074209
2019-01-18 14:49:41,646 44 loss=0.3923663178914542
2019-01-18 14:49:41,647 45 loss=0.38830913700177827
2019-01-18 14:49:41,648 46 loss=0.3843815999642227
2019-01-18 14:49:41,649 47 loss=0.38057721470635747
2019-01-18 14:49:41,650 48 loss=0.3768899212793341
2019-01-18 14:49:41,651 49 loss=0.37331405693858644
2019-01-18 14:49:41,652 50 loss=0.3698443243552183
2019-01-18 14:49:41,652 
*** Major Checkpoint. Computing Stats and Saving
2019-01-18 14:49:41,652 	 Computing Major Stats lazily... 
2019-01-18 14:49:41,654 		 Completed edges=650 good=650 bad=0
2019-01-18 14:49:41,658 Distortion avg=0.5735166191536757 wc=17.004641938335816 me=1.743380131275808 mc=9.753834882752619 nan_elements=0
2019-01-18 14:49:41,658 MAP = 0.10451962170967476
2019-01-18 14:49:41,659 scale=[array([1.])]
2019-01-18 14:49:41,659 *** End Major Checkpoint

2019-01-18 14:49:41,659 final loss=0.3698443243552183
2019-01-18 14:49:41,659 best loss=0.3698443243552183, distortion=0.5735166191536757, map=0.10451962170967476, wc_dist=17.004641938335816
2019-01-18 14:49:41,659 	 Computing Major Stats lazily... 
2019-01-18 14:49:41,661 		 Completed edges=650 good=650 bad=0
2019-01-18 14:49:41,665 Distortion avg=0.573516619153676 wc=17.004641938335816 me=1.743380131275808 mc=9.753834882752619 nan_elements=0
2019-01-18 14:49:41,665 MAP = 0.10451962170967473
2019-01-18 14:49:41,666 scale=[array([1.])]
