2019-01-18 14:49:01,130 Commandline ['pytorch/pytorch_hyperbolic.py', 'learn', 'data/edges/parsing/ewt/ewt_dev/1195.edges', '--dim', '0', '--hyp', '0', '--edim', '10', '--euc', '1', '--sdim', '0', '--sph', '0', '--log-name', 'ewt_devr2/1195.edges.E10-1.lr1.log', '--batch-size', '65536', '--epochs', '50', '--checkpoint-freq', '10', '-g', '--subsample', '1024', '--learning-rate', '1']
2019-01-18 14:49:01,130 No Model Save selected!
2019-01-18 14:49:01,132 Loaded Graph data/edges/parsing/ewt/ewt_dev/1195.edges with 14 nodes scale=1.0
2019-01-18 14:49:01,132 Building dataset
2019-01-18 14:49:01,133 Subsample: 14 points with scale 1.0 subsample=13
2019-01-18 14:49:01,145 Built Data Sampler
2019-01-18 14:49:01,145 Creating a fresh model warm_start?=None
2019-01-18 14:49:01,146 	 Warmstarting? None None 14
2019-01-18 14:49:01,146 Embedding() torch.Size([14, 10])
2019-01-18 14:49:01,146 relative No Rescale
2019-01-18 14:49:01,146 Constructed model with dim=0 and epochs=0 isnan=False
2019-01-18 14:49:01,147 SGD (
Parameter Group 0
    dampening: 0
    initial_lr: 0.1
    lr: 1.0
    momentum: 0.0
    nesterov: False
    weight_decay: 0

Parameter Group 1
    dampening: 0
    initial_lr: 0.1
    lr: 1.0
    momentum: 0.0
    nesterov: False
    weight_decay: 0

Parameter Group 2
    dampening: 0
    initial_lr: 0.1
    lr: 1.0
    momentum: 0.0
    nesterov: False
    weight_decay: 0

Parameter Group 3
    dampening: 0
    initial_lr: 0.0001
    lr: 0.001
    momentum: 0.0
    nesterov: False
    weight_decay: 0
)
2019-01-18 14:49:01,147 *** Initial Checkpoint. Computing Stats
2019-01-18 14:49:01,147 	 Computing Major Stats lazily... 
2019-01-18 14:49:01,148 		 Completed edges=182 good=182 bad=0
2019-01-18 14:49:01,150 Distortion avg=0.9980528532343713 wc=7.622473543893366 me=0.005628252251848828 mc=1354.323367683006 nan_elements=0
2019-01-18 14:49:01,150 MAP = 0.31665790558647705
2019-01-18 14:49:01,151 scale=[array([1.])]
2019-01-18 14:49:01,151 *** End Initial Checkpoint

2019-01-18 14:49:01,208 1 loss=0.9961106398243815
2019-01-18 14:49:01,209 2 loss=0.8686077553900173
2019-01-18 14:49:01,209 3 loss=0.7623856563224898
2019-01-18 14:49:01,210 4 loss=0.6780008602823087
2019-01-18 14:49:01,211 5 loss=0.6106148355288221
2019-01-18 14:49:01,211 6 loss=0.5561427757631395
2019-01-18 14:49:01,212 7 loss=0.5114722878433073
2019-01-18 14:49:01,212 8 loss=0.47428627073570184
2019-01-18 14:49:01,213 9 loss=0.44286958055439707
2019-01-18 14:49:01,213 10 loss=0.4159516341206256
2019-01-18 14:49:01,214 
*** Major Checkpoint. Computing Stats and Saving
2019-01-18 14:49:01,214 	 Computing Major Stats lazily... 
2019-01-18 14:49:01,215 		 Completed edges=182 good=182 bad=0
2019-01-18 14:49:01,217 Distortion avg=0.5825060243590421 wc=11.578148142121968 me=1.368674961735863 mc=8.459384781495261 nan_elements=0
2019-01-18 14:49:01,217 MAP = 0.13745012923584352
2019-01-18 14:49:01,217 scale=[array([1.])]
2019-01-18 14:49:01,217 *** End Major Checkpoint

2019-01-18 14:49:01,218 11 loss=0.392587221976058
2019-01-18 14:49:01,218 12 loss=0.3720686564238741
2019-01-18 14:49:01,219 13 loss=0.3538617614163027
2019-01-18 14:49:01,220 14 loss=0.3375594598796955
2019-01-18 14:49:01,220 15 loss=0.32284816727480986
2019-01-18 14:49:01,221 16 loss=0.3094834419152744
2019-01-18 14:49:01,221 17 loss=0.2972723070578241
2019-01-18 14:49:01,222 18 loss=0.28606037861840405
2019-01-18 14:49:01,223 19 loss=0.2757224571487484
2019-01-18 14:49:01,223 20 loss=0.2661556215950423
2019-01-18 14:49:01,223 
*** Major Checkpoint. Computing Stats and Saving
2019-01-18 14:49:01,223 	 Computing Major Stats lazily... 
2019-01-18 14:49:01,224 		 Completed edges=182 good=182 bad=0
2019-01-18 14:49:01,227 Distortion avg=0.4776200935415479 wc=7.541608646307011 me=1.4416670524525672 mc=5.231172227649379 nan_elements=0
2019-01-18 14:49:01,227 MAP = 0.2291840599876314
2019-01-18 14:49:01,227 scale=[array([1.])]
2019-01-18 14:49:01,227 *** End Major Checkpoint

2019-01-18 14:49:01,228 21 loss=0.257274134286806
2019-01-18 14:49:01,228 22 loss=0.24900566118873374
2019-01-18 14:49:01,229 23 loss=0.24128845054280929
2019-01-18 14:49:01,229 24 loss=0.2340692124821441
2019-01-18 14:49:01,230 25 loss=0.22730151339423835
2019-01-18 14:49:01,230 26 loss=0.22094454987701442
2019-01-18 14:49:01,231 27 loss=0.21496220385009895
2019-01-18 14:49:01,232 28 loss=0.20932230686628073
2019-01-18 14:49:01,232 29 loss=0.20399606083281846
2019-01-18 14:49:01,233 30 loss=0.1989575762732369
2019-01-18 14:49:01,233 
*** Major Checkpoint. Computing Stats and Saving
2019-01-18 14:49:01,233 	 Computing Major Stats lazily... 
2019-01-18 14:49:01,234 		 Completed edges=182 good=182 bad=0
2019-01-18 14:49:01,236 Distortion avg=0.4019637533839384 wc=6.177354714788513 me=1.5070836713479192 mc=4.098879731915319 nan_elements=0
2019-01-18 14:49:01,236 MAP = 0.4820649092970521
2019-01-18 14:49:01,236 scale=[array([1.])]
2019-01-18 14:49:01,236 *** End Major Checkpoint

2019-01-18 14:49:01,237 31 loss=0.19418349941249152
2019-01-18 14:49:01,238 32 loss=0.18965270680260707
2019-01-18 14:49:01,238 33 loss=0.18534605167211615
2019-01-18 14:49:01,239 34 loss=0.18124615021747403
2019-01-18 14:49:01,239 35 loss=0.17733719904331452
2019-01-18 14:49:01,240 36 loss=0.1736048171784359
2019-01-18 14:49:01,240 37 loss=0.1700359077465692
2019-01-18 14:49:01,241 38 loss=0.16661853560140652
2019-01-18 14:49:01,242 39 loss=0.16334181815104612
2019-01-18 14:49:01,242 40 loss=0.16019582727688086
2019-01-18 14:49:01,242 
*** Major Checkpoint. Computing Stats and Saving
2019-01-18 14:49:01,242 	 Computing Major Stats lazily... 
2019-01-18 14:49:01,243 		 Completed edges=182 good=182 bad=0
2019-01-18 14:49:01,245 Distortion avg=0.35241432271071155 wc=5.253874632343557 me=1.5032597515335884 mc=3.494987893465307 nan_elements=0
2019-01-18 14:49:01,246 MAP = 0.7044047619047619
2019-01-18 14:49:01,246 scale=[array([1.])]
2019-01-18 14:49:01,246 *** End Major Checkpoint

2019-01-18 14:49:01,247 41 loss=0.15717150075472835
2019-01-18 14:49:01,247 42 loss=0.15426056195570728
2019-01-18 14:49:01,248 43 loss=0.15145544687428894
2019-01-18 14:49:01,248 44 loss=0.14874923772642046
2019-01-18 14:49:01,249 45 loss=0.14613560250097915
2019-01-18 14:49:01,250 46 loss=0.1436087399478701
2019-01-18 14:49:01,250 47 loss=0.14116332955711652
2019-01-18 14:49:01,251 48 loss=0.13879448613386577
2019-01-18 14:49:01,251 49 loss=0.13649771861075438
2019-01-18 14:49:01,252 50 loss=0.1342688927662559
2019-01-18 14:49:01,252 
*** Major Checkpoint. Computing Stats and Saving
2019-01-18 14:49:01,252 	 Computing Major Stats lazily... 
2019-01-18 14:49:01,253 		 Completed edges=182 good=182 bad=0
2019-01-18 14:49:01,255 Distortion avg=0.31609666875125597 wc=4.5851348175031115 me=1.4793940678779602 mc=3.099332974938868 nan_elements=0
2019-01-18 14:49:01,255 MAP = 0.8620238095238096
2019-01-18 14:49:01,255 scale=[array([1.])]
2019-01-18 14:49:01,256 *** End Major Checkpoint

2019-01-18 14:49:01,256 final loss=0.1342688927662559
2019-01-18 14:49:01,256 best loss=0.1342688927662559, distortion=0.31609666875125597, map=0.8620238095238096, wc_dist=4.5851348175031115
2019-01-18 14:49:01,256 	 Computing Major Stats lazily... 
2019-01-18 14:49:01,257 		 Completed edges=182 good=182 bad=0
2019-01-18 14:49:01,259 Distortion avg=0.3160966687512559 wc=4.5851348175031115 me=1.4793940678779602 mc=3.099332974938868 nan_elements=0
2019-01-18 14:49:01,259 MAP = 0.8620238095238095
2019-01-18 14:49:01,259 scale=[array([1.])]
