2019-01-18 15:00:17,388 Commandline ['pytorch/pytorch_hyperbolic.py', 'learn', 'data/edges/parsing/ewt/ewt_dev/12.edges', '--dim', '0', '--hyp', '0', '--edim', '10', '--euc', '1', '--sdim', '0', '--sph', '0', '--log-name', 'ewt_devr2/12.edges.E10-1.lr1.log', '--batch-size', '65536', '--epochs', '50', '--checkpoint-freq', '10', '-g', '--subsample', '1024', '--learning-rate', '1']
2019-01-18 15:00:17,388 No Model Save selected!
2019-01-18 15:00:17,389 Loaded Graph data/edges/parsing/ewt/ewt_dev/12.edges with 20 nodes scale=1.0
2019-01-18 15:00:17,390 Building dataset
2019-01-18 15:00:17,390 Subsample: 20 points with scale 1.0 subsample=19
2019-01-18 15:00:17,411 Built Data Sampler
2019-01-18 15:00:17,411 Creating a fresh model warm_start?=None
2019-01-18 15:00:17,411 	 Warmstarting? None None 20
2019-01-18 15:00:17,412 Embedding() torch.Size([20, 10])
2019-01-18 15:00:17,412 relative No Rescale
2019-01-18 15:00:17,412 Constructed model with dim=0 and epochs=0 isnan=False
2019-01-18 15:00:17,412 SGD (
Parameter Group 0
    dampening: 0
    initial_lr: 0.1
    lr: 1.0
    momentum: 0.0
    nesterov: False
    weight_decay: 0

Parameter Group 1
    dampening: 0
    initial_lr: 0.1
    lr: 1.0
    momentum: 0.0
    nesterov: False
    weight_decay: 0

Parameter Group 2
    dampening: 0
    initial_lr: 0.1
    lr: 1.0
    momentum: 0.0
    nesterov: False
    weight_decay: 0

Parameter Group 3
    dampening: 0
    initial_lr: 0.0001
    lr: 0.001
    momentum: 0.0
    nesterov: False
    weight_decay: 0
)
2019-01-18 15:00:17,413 *** Initial Checkpoint. Computing Stats
2019-01-18 15:00:17,413 	 Computing Major Stats lazily... 
2019-01-18 15:00:17,415 		 Completed edges=380 good=380 bad=0
2019-01-18 15:00:17,418 Distortion avg=0.9982301638487389 wc=16.027608614294472 me=0.006196519622161948 mc=2586.550126779472 nan_elements=0
2019-01-18 15:00:17,418 MAP = 0.23113576442109168
2019-01-18 15:00:17,418 scale=[array([1.])]
2019-01-18 15:00:17,418 *** End Initial Checkpoint

2019-01-18 15:00:17,475 1 loss=0.9964646601611015
2019-01-18 15:00:17,476 2 loss=0.9270034540185875
2019-01-18 15:00:17,477 3 loss=0.8633228790597871
2019-01-18 15:00:17,477 4 loss=0.8069432615208945
2019-01-18 15:00:17,478 5 loss=0.7571166767109465
2019-01-18 15:00:17,479 6 loss=0.712996392802207
2019-01-18 15:00:17,480 7 loss=0.6738093957484014
2019-01-18 15:00:17,480 8 loss=0.6388817437544257
2019-01-18 15:00:17,481 9 loss=0.6076350345118529
2019-01-18 15:00:17,482 10 loss=0.5795758668378808
2019-01-18 15:00:17,482 
*** Major Checkpoint. Computing Stats and Saving
2019-01-18 15:00:17,482 	 Computing Major Stats lazily... 
2019-01-18 15:00:17,483 		 Completed edges=380 good=380 bad=0
2019-01-18 15:00:17,487 Distortion avg=0.7148325995527256 wc=26.79329512132089 me=1.1588251062607942 mc=23.121086155766328 nan_elements=0
2019-01-18 15:00:17,487 MAP = 0.09662363215283658
2019-01-18 15:00:17,487 scale=[array([1.])]
2019-01-18 15:00:17,487 *** End Major Checkpoint

2019-01-18 15:00:17,488 11 loss=0.5542842030773806
2019-01-18 15:00:17,488 12 loss=0.5314024685057623
2019-01-18 15:00:17,489 13 loss=0.5106259269706963
2019-01-18 15:00:17,490 14 loss=0.49169440882308846
2019-01-18 15:00:17,491 15 loss=0.4743852979578413
2019-01-18 15:00:17,491 16 loss=0.458507629769348
2019-01-18 15:00:17,492 17 loss=0.44389714327665897
2019-01-18 15:00:17,493 18 loss=0.43041214078789464
2019-01-18 15:00:17,493 19 loss=0.41793002522924966
2019-01-18 15:00:17,494 20 loss=0.4063444033564569
2019-01-18 15:00:17,494 
*** Major Checkpoint. Computing Stats and Saving
2019-01-18 15:00:17,494 	 Computing Major Stats lazily... 
2019-01-18 15:00:17,496 		 Completed edges=380 good=380 bad=0
2019-01-18 15:00:17,499 Distortion avg=0.5980343701077747 wc=18.40039026659742 me=1.4677356635191385 mc=12.536583203599104 nan_elements=0
2019-01-18 15:00:17,499 MAP = 0.10871666439855295
2019-01-18 15:00:17,499 scale=[array([1.])]
2019-01-18 15:00:17,499 *** End Major Checkpoint

2019-01-18 15:00:17,500 21 loss=0.39556266020920106
2019-01-18 15:00:17,501 22 loss=0.38550392547453655
2019-01-18 15:00:17,502 23 loss=0.3760973656614584
2019-01-18 15:00:17,503 24 loss=0.36728074722203513
2019-01-18 15:00:17,504 25 loss=0.3589992251771922
2019-01-18 15:00:17,504 26 loss=0.3512043196501173
2019-01-18 15:00:17,505 27 loss=0.3438530492100057
2019-01-18 15:00:17,506 28 loss=0.3369071952975011
2019-01-18 15:00:17,507 29 loss=0.33033267642938186
2019-01-18 15:00:17,507 30 loss=0.3240990145256731
2019-01-18 15:00:17,508 
*** Major Checkpoint. Computing Stats and Saving
2019-01-18 15:00:17,508 	 Computing Major Stats lazily... 
2019-01-18 15:00:17,509 		 Completed edges=380 good=380 bad=0
2019-01-18 15:00:17,512 Distortion avg=0.5339762918822146 wc=13.793658762047167 me=1.545090410809711 mc=8.927412056630747 nan_elements=0
2019-01-18 15:00:17,512 MAP = 0.13597416558329872
2019-01-18 15:00:17,512 scale=[array([1.])]
2019-01-18 15:00:17,513 *** End Major Checkpoint

2019-01-18 15:00:17,513 31 loss=0.31817887870422096
2019-01-18 15:00:17,514 32 loss=0.3125476943600237
2019-01-18 15:00:17,515 33 loss=0.3071833073840053
2019-01-18 15:00:17,515 34 loss=0.3020656950565098
2019-01-18 15:00:17,516 35 loss=0.29717671653877836
2019-01-18 15:00:17,517 36 loss=0.2924998970336393
2019-01-18 15:00:17,517 37 loss=0.28802024063766785
2019-01-18 15:00:17,518 38 loss=0.28372406769632974
2019-01-18 15:00:17,519 39 loss=0.27959887312990783
2019-01-18 15:00:17,520 40 loss=0.27563320274481495
2019-01-18 15:00:17,520 
*** Major Checkpoint. Computing Stats and Saving
2019-01-18 15:00:17,520 	 Computing Major Stats lazily... 
2019-01-18 15:00:17,521 		 Completed edges=380 good=380 bad=0
2019-01-18 15:00:17,524 Distortion avg=0.4848782040817665 wc=12.143960916514654 me=1.726335382492555 mc=7.0345316672943925 nan_elements=0
2019-01-18 15:00:17,524 MAP = 0.20072245635771177
2019-01-18 15:00:17,524 scale=[array([1.])]
2019-01-18 15:00:17,525 *** End Major Checkpoint

2019-01-18 15:00:17,525 41 loss=0.27181654500145924
2019-01-18 15:00:17,526 42 loss=0.26813923609185
2019-01-18 15:00:17,527 43 loss=0.2645923765005254
2019-01-18 15:00:17,527 44 loss=0.2611677574916635
2019-01-18 15:00:17,528 45 loss=0.2578577961920966
2019-01-18 15:00:17,529 46 loss=0.25465547813149586
2019-01-18 15:00:17,529 47 loss=0.25155430626309244
2019-01-18 15:00:17,530 48 loss=0.24854825562579
2019-01-18 15:00:17,531 49 loss=0.2456317329253985
2019-01-18 15:00:17,532 50 loss=0.24279954041228996
2019-01-18 15:00:17,532 
*** Major Checkpoint. Computing Stats and Saving
2019-01-18 15:00:17,532 	 Computing Major Stats lazily... 
2019-01-18 15:00:17,533 		 Completed edges=380 good=380 bad=0
2019-01-18 15:00:17,536 Distortion avg=0.4461639516156715 wc=10.68476855572107 me=1.830231432926361 mc=5.8379330414171555 nan_elements=0
2019-01-18 15:00:17,536 MAP = 0.26856297394126344
2019-01-18 15:00:17,536 scale=[array([1.])]
2019-01-18 15:00:17,537 *** End Major Checkpoint

2019-01-18 15:00:17,537 final loss=0.24279954041228996
2019-01-18 15:00:17,537 best loss=0.24279954041228996, distortion=0.4461639516156715, map=0.26856297394126344, wc_dist=10.68476855572107
2019-01-18 15:00:17,537 	 Computing Major Stats lazily... 
2019-01-18 15:00:17,538 		 Completed edges=380 good=380 bad=0
2019-01-18 15:00:17,541 Distortion avg=0.4461639516156717 wc=10.68476855572107 me=1.830231432926361 mc=5.8379330414171555 nan_elements=0
2019-01-18 15:00:17,541 MAP = 0.2685629739412634
2019-01-18 15:00:17,542 scale=[array([1.])]
