2019-01-18 15:06:21,528 Commandline ['pytorch/pytorch_hyperbolic.py', 'learn', 'data/edges/parsing/ewt/ewt_dev/1200.edges', '--dim', '0', '--hyp', '0', '--edim', '10', '--euc', '1', '--sdim', '0', '--sph', '0', '--log-name', 'ewt_devr2/1200.edges.E10-1.lr1.log', '--batch-size', '65536', '--epochs', '50', '--checkpoint-freq', '10', '-g', '--subsample', '1024', '--learning-rate', '1']
2019-01-18 15:06:21,528 No Model Save selected!
2019-01-18 15:06:21,530 Loaded Graph data/edges/parsing/ewt/ewt_dev/1200.edges with 5 nodes scale=1.0
2019-01-18 15:06:21,530 Building dataset
2019-01-18 15:06:21,530 Subsample: 5 points with scale 1.0 subsample=4
2019-01-18 15:06:21,534 Built Data Sampler
2019-01-18 15:06:21,534 Creating a fresh model warm_start?=None
2019-01-18 15:06:21,535 	 Warmstarting? None None 5
2019-01-18 15:06:21,535 Embedding() torch.Size([5, 10])
2019-01-18 15:06:21,535 relative No Rescale
2019-01-18 15:06:21,535 Constructed model with dim=0 and epochs=0 isnan=False
2019-01-18 15:06:21,536 SGD (
Parameter Group 0
    dampening: 0
    initial_lr: 0.1
    lr: 1.0
    momentum: 0.0
    nesterov: False
    weight_decay: 0

Parameter Group 1
    dampening: 0
    initial_lr: 0.1
    lr: 1.0
    momentum: 0.0
    nesterov: False
    weight_decay: 0

Parameter Group 2
    dampening: 0
    initial_lr: 0.1
    lr: 1.0
    momentum: 0.0
    nesterov: False
    weight_decay: 0

Parameter Group 3
    dampening: 0
    initial_lr: 0.0001
    lr: 0.001
    momentum: 0.0
    nesterov: False
    weight_decay: 0
)
2019-01-18 15:06:21,536 *** Initial Checkpoint. Computing Stats
2019-01-18 15:06:21,536 	 Computing Major Stats lazily... 
2019-01-18 15:06:21,536 		 Completed edges=20 good=20 bad=0
2019-01-18 15:06:21,537 Distortion avg=0.996888193681215 wc=4.7900427106326955 me=0.005628252251848828 mc=851.0710778926463 nan_elements=0
2019-01-18 15:06:21,537 MAP = 0.4777777777777777
2019-01-18 15:06:21,538 scale=[array([1.])]
2019-01-18 15:06:21,538 *** End Initial Checkpoint

2019-01-18 15:06:21,594 1 loss=0.9937883375237689
2019-01-18 15:06:21,595 2 loss=0.3504264268182566
2019-01-18 15:06:21,595 3 loss=0.2480168754038476
2019-01-18 15:06:21,596 4 loss=0.19943389426559932
2019-01-18 15:06:21,596 5 loss=0.16272865801281136
2019-01-18 15:06:21,597 6 loss=0.13387183017820897
2019-01-18 15:06:21,597 7 loss=0.11105342640564086
2019-01-18 15:06:21,598 8 loss=0.09279649129941057
2019-01-18 15:06:21,598 9 loss=0.07799204797276951
2019-01-18 15:06:21,598 10 loss=0.06587865323493293
2019-01-18 15:06:21,598 
*** Major Checkpoint. Computing Stats and Saving
2019-01-18 15:06:21,599 	 Computing Major Stats lazily... 
2019-01-18 15:06:21,599 		 Completed edges=20 good=20 bad=0
2019-01-18 15:06:21,600 Distortion avg=0.211509245903798 wc=1.9370374310018443 me=1.1407579980702722 mc=1.6980266053611488 nan_elements=0
2019-01-18 15:06:21,600 MAP = 1.0
2019-01-18 15:06:21,600 scale=[array([1.])]
2019-01-18 15:06:21,600 *** End Major Checkpoint

2019-01-18 15:06:21,601 11 loss=0.05593087799906812
2019-01-18 15:06:21,601 12 loss=0.047755878012593886
2019-01-18 15:06:21,602 13 loss=0.041035363019106236
2019-01-18 15:06:21,602 14 loss=0.03550267217142346
2019-01-18 15:06:21,603 15 loss=0.030935172849448238
2019-01-18 15:06:21,603 16 loss=0.027149951584302008
2019-01-18 15:06:21,604 17 loss=0.023998898261343653
2019-01-18 15:06:21,604 18 loss=0.021363135824328548
2019-01-18 15:06:21,604 19 loss=0.019147583947647234
2019-01-18 15:06:21,605 20 loss=0.017276186372559146
2019-01-18 15:06:21,605 
*** Major Checkpoint. Computing Stats and Saving
2019-01-18 15:06:21,605 	 Computing Major Stats lazily... 
2019-01-18 15:06:21,605 		 Completed edges=20 good=20 bad=0
2019-01-18 15:06:21,606 Distortion avg=0.11424671987669824 wc=1.4304162690039148 me=1.1102861752371094 mc=1.2883311536311253 nan_elements=0
2019-01-18 15:06:21,606 MAP = 1.0
2019-01-18 15:06:21,607 scale=[array([1.])]
2019-01-18 15:06:21,607 *** End Major Checkpoint

2019-01-18 15:06:21,607 21 loss=0.01568796736703692
2019-01-18 15:06:21,607 22 loss=0.014333873532837525
2019-01-18 15:06:21,608 23 loss=0.013174281156760281
2019-01-18 15:06:21,608 24 loss=0.012177040531071978
2019-01-18 15:06:21,609 25 loss=0.011315944213835666
2019-01-18 15:06:21,609 26 loss=0.010569526826342001
2019-01-18 15:06:21,610 27 loss=0.0099201230499333
2019-01-18 15:06:21,610 28 loss=0.009353126382886236
2019-01-18 15:06:21,610 29 loss=0.008856403977927741
2019-01-18 15:06:21,611 30 loss=0.008419832945387852
2019-01-18 15:06:21,611 
*** Major Checkpoint. Computing Stats and Saving
2019-01-18 15:06:21,611 	 Computing Major Stats lazily... 
2019-01-18 15:06:21,611 		 Completed edges=20 good=20 bad=0
2019-01-18 15:06:21,612 Distortion avg=0.08273557506631915 wc=1.2839581144650059 me=1.095716746853783 mc=1.1717974724323006 nan_elements=0
2019-01-18 15:06:21,612 MAP = 1.0
2019-01-18 15:06:21,612 scale=[array([1.])]
2019-01-18 15:06:21,613 *** End Major Checkpoint

2019-01-18 15:06:21,613 31 loss=0.008034931365567922
2019-01-18 15:06:21,613 32 loss=0.007694563347559957
2019-01-18 15:06:21,614 33 loss=0.007392702173566022
2019-01-18 15:06:21,614 34 loss=0.0071242391838509805
2019-01-18 15:06:21,615 35 loss=0.0068848288336685135
2019-01-18 15:06:21,615 36 loss=0.006670762483991241
2019-01-18 15:06:21,616 37 loss=0.006478865123986002
2019-01-18 15:06:21,616 38 loss=0.006306410481693897
2019-01-18 15:06:21,616 39 loss=0.006151050949783921
2019-01-18 15:06:21,617 40 loss=0.006010759503784784
2019-01-18 15:06:21,617 
*** Major Checkpoint. Computing Stats and Saving
2019-01-18 15:06:21,617 	 Computing Major Stats lazily... 
2019-01-18 15:06:21,617 		 Completed edges=20 good=20 bad=0
2019-01-18 15:06:21,618 Distortion avg=0.0706452861707141 wc=1.222291586816377 me=1.0864226942853727 mc=1.1250608011464416 nan_elements=0
2019-01-18 15:06:21,618 MAP = 1.0
2019-01-18 15:06:21,618 scale=[array([1.])]
2019-01-18 15:06:21,619 *** End Major Checkpoint

2019-01-18 15:06:21,619 41 loss=0.00588378137273617
2019-01-18 15:06:21,619 42 loss=0.005768593676121776
2019-01-18 15:06:21,620 43 loss=0.0056638715961457135
2019-01-18 15:06:21,620 44 loss=0.005568459933595927
2019-01-18 15:06:21,621 45 loss=0.00548134911597948
2019-01-18 15:06:21,621 46 loss=0.005401654901485756
2019-01-18 15:06:21,622 47 loss=0.005328601161704741
2019-01-18 15:06:21,622 48 loss=0.005261505237623972
2019-01-18 15:06:21,622 49 loss=0.0051997654531932905
2019-01-18 15:06:21,623 50 loss=0.005142850443277304
2019-01-18 15:06:21,623 
*** Major Checkpoint. Computing Stats and Saving
2019-01-18 15:06:21,623 	 Computing Major Stats lazily... 
2019-01-18 15:06:21,623 		 Completed edges=20 good=20 bad=0
2019-01-18 15:06:21,624 Distortion avg=0.06690398690176778 wc=1.193501935975749 me=1.0826587238513359 mc=1.1023805652533896 nan_elements=0
2019-01-18 15:06:21,624 MAP = 1.0
2019-01-18 15:06:21,625 scale=[array([1.])]
2019-01-18 15:06:21,625 *** End Major Checkpoint

2019-01-18 15:06:21,625 final loss=0.005142850443277304
2019-01-18 15:06:21,625 best loss=0.005142850443277304, distortion=0.06690398690176778, map=1.0, wc_dist=1.193501935975749
2019-01-18 15:06:21,625 	 Computing Major Stats lazily... 
2019-01-18 15:06:21,625 		 Completed edges=20 good=20 bad=0
2019-01-18 15:06:21,626 Distortion avg=0.06690398690176777 wc=1.193501935975749 me=1.0826587238513359 mc=1.1023805652533896 nan_elements=0
2019-01-18 15:06:21,626 MAP = 1.0
2019-01-18 15:06:21,626 scale=[array([1.])]
