2019-01-18 15:05:00,788 Commandline ['pytorch/pytorch_hyperbolic.py', 'learn', 'data/edges/parsing/ewt/ewt_dev/1202.edges', '--dim', '0', '--hyp', '0', '--edim', '10', '--euc', '1', '--sdim', '0', '--sph', '0', '--log-name', 'ewt_devr2/1202.edges.E10-1.lr1.log', '--batch-size', '65536', '--epochs', '50', '--checkpoint-freq', '10', '-g', '--subsample', '1024', '--learning-rate', '1']
2019-01-18 15:05:00,788 No Model Save selected!
2019-01-18 15:05:00,789 Loaded Graph data/edges/parsing/ewt/ewt_dev/1202.edges with 15 nodes scale=1.0
2019-01-18 15:05:00,790 Building dataset
2019-01-18 15:05:00,790 Subsample: 15 points with scale 1.0 subsample=14
2019-01-18 15:05:00,804 Built Data Sampler
2019-01-18 15:05:00,804 Creating a fresh model warm_start?=None
2019-01-18 15:05:00,804 	 Warmstarting? None None 15
2019-01-18 15:05:00,805 Embedding() torch.Size([15, 10])
2019-01-18 15:05:00,805 relative No Rescale
2019-01-18 15:05:00,805 Constructed model with dim=0 and epochs=0 isnan=False
2019-01-18 15:05:00,805 SGD (
Parameter Group 0
    dampening: 0
    initial_lr: 0.1
    lr: 1.0
    momentum: 0.0
    nesterov: False
    weight_decay: 0

Parameter Group 1
    dampening: 0
    initial_lr: 0.1
    lr: 1.0
    momentum: 0.0
    nesterov: False
    weight_decay: 0

Parameter Group 2
    dampening: 0
    initial_lr: 0.1
    lr: 1.0
    momentum: 0.0
    nesterov: False
    weight_decay: 0

Parameter Group 3
    dampening: 0
    initial_lr: 0.0001
    lr: 0.001
    momentum: 0.0
    nesterov: False
    weight_decay: 0
)
2019-01-18 15:05:00,805 *** Initial Checkpoint. Computing Stats
2019-01-18 15:05:00,805 	 Computing Major Stats lazily... 
2019-01-18 15:05:00,807 		 Completed edges=210 good=210 bad=0
2019-01-18 15:05:00,809 Distortion avg=0.9980168553982263 wc=10.15070089044063 me=0.0059960279104134965 mc=1692.9042096037574 nan_elements=0
2019-01-18 15:05:00,809 MAP = 0.27600704850704855
2019-01-18 15:05:00,810 scale=[array([1.])]
2019-01-18 15:05:00,810 *** End Initial Checkpoint

2019-01-18 15:05:00,869 1 loss=0.9960389591258928
2019-01-18 15:05:00,870 2 loss=0.8786125217020692
2019-01-18 15:05:00,871 3 loss=0.780343281950053
2019-01-18 15:05:00,871 4 loss=0.7010980714501464
2019-01-18 15:05:00,872 5 loss=0.6366981859077474
2019-01-18 15:05:00,872 6 loss=0.5837270001771541
2019-01-18 15:05:00,873 7 loss=0.5395890878228219
2019-01-18 15:05:00,874 8 loss=0.5023383951469774
2019-01-18 15:05:00,874 9 loss=0.47051537931456977
2019-01-18 15:05:00,875 10 loss=0.4430197267297025
2019-01-18 15:05:00,875 
*** Major Checkpoint. Computing Stats and Saving
2019-01-18 15:05:00,875 	 Computing Major Stats lazily... 
2019-01-18 15:05:00,876 		 Completed edges=210 good=210 bad=0
2019-01-18 15:05:00,878 Distortion avg=0.6084907359113528 wc=15.074254948981544 me=1.3040495855898055 mc=11.55957190244698 nan_elements=0
2019-01-18 15:05:00,879 MAP = 0.14116509152223436
2019-01-18 15:05:00,879 scale=[array([1.])]
2019-01-18 15:05:00,879 *** End Major Checkpoint

2019-01-18 15:05:00,879 11 loss=0.4190156772036426
2019-01-18 15:05:00,880 12 loss=0.3978627553802251
2019-01-18 15:05:00,881 13 loss=0.37906533775132584
2019-01-18 15:05:00,881 14 loss=0.36223592087221895
2019-01-18 15:05:00,882 15 loss=0.34706828624554786
2019-01-18 15:05:00,882 16 loss=0.33331780414701334
2019-01-18 15:05:00,883 17 loss=0.32078689607614336
2019-01-18 15:05:00,884 18 loss=0.30931423822490023
2019-01-18 15:05:00,884 19 loss=0.29876669080372203
2019-01-18 15:05:00,885 20 loss=0.28903322442008933
2019-01-18 15:05:00,885 
*** Major Checkpoint. Computing Stats and Saving
2019-01-18 15:05:00,885 	 Computing Major Stats lazily... 
2019-01-18 15:05:00,886 		 Completed edges=210 good=210 bad=0
2019-01-18 15:05:00,888 Distortion avg=0.49905697306170205 wc=10.584337926866073 me=1.5419782357227285 mc=6.864129260491911 nan_elements=0
2019-01-18 15:05:00,889 MAP = 0.19949087949087949
2019-01-18 15:05:00,889 scale=[array([1.])]
2019-01-18 15:05:00,889 *** End Major Checkpoint

2019-01-18 15:05:00,889 21 loss=0.28002031821105794
2019-01-18 15:05:00,890 22 loss=0.2716484492416933
2019-01-18 15:05:00,891 23 loss=0.2638493960290355
2019-01-18 15:05:00,891 24 loss=0.25656415311382735
2019-01-18 15:05:00,892 25 loss=0.24974130694449542
2019-01-18 15:05:00,893 26 loss=0.24333576197371093
2019-01-18 15:05:00,893 27 loss=0.23730773402230984
2019-01-18 15:05:00,894 28 loss=0.23162194861281188
2019-01-18 15:05:00,894 29 loss=0.22624699721611682
2019-01-18 15:05:00,895 30 loss=0.22115481568016712
2019-01-18 15:05:00,895 
*** Major Checkpoint. Computing Stats and Saving
2019-01-18 15:05:00,895 	 Computing Major Stats lazily... 
2019-01-18 15:05:00,896 		 Completed edges=210 good=210 bad=0
2019-01-18 15:05:00,898 Distortion avg=0.42729100415311067 wc=8.37171712311792 me=1.6121343166552284 mc=5.192940213869473 nan_elements=0
2019-01-18 15:05:00,899 MAP = 0.3704769304769304
2019-01-18 15:05:00,899 scale=[array([1.])]
2019-01-18 15:05:00,899 *** End Major Checkpoint

2019-01-18 15:05:00,899 31 loss=0.21632025758034834
2019-01-18 15:05:00,900 32 loss=0.21172074160891374
2019-01-18 15:05:00,901 33 loss=0.20733595695277224
2019-01-18 15:05:00,901 34 loss=0.20314761429254005
2019-01-18 15:05:00,902 35 loss=0.19913923287990043
2019-01-18 15:05:00,902 36 loss=0.19529595632672206
2019-01-18 15:05:00,903 37 loss=0.19160439142380767
2019-01-18 15:05:00,904 38 loss=0.18805246561484384
2019-01-18 15:05:00,904 39 loss=0.18462929976786832
2019-01-18 15:05:00,905 40 loss=0.18132509367666041
2019-01-18 15:05:00,905 
*** Major Checkpoint. Computing Stats and Saving
2019-01-18 15:05:00,905 	 Computing Major Stats lazily... 
2019-01-18 15:05:00,906 		 Completed edges=210 good=210 bad=0
2019-01-18 15:05:00,908 Distortion avg=0.37648249710809 wc=7.473626655820356 me=1.6466661736351684 mc=4.538641028449398 nan_elements=0
2019-01-18 15:05:00,908 MAP = 0.5741326530612245
2019-01-18 15:05:00,909 scale=[array([1.])]
2019-01-18 15:05:00,909 *** End Major Checkpoint

2019-01-18 15:05:00,909 41 loss=0.17813102233649614
2019-01-18 15:05:00,910 42 loss=0.1750391415098833
2019-01-18 15:05:00,911 43 loss=0.17204230145700594
2019-01-18 15:05:00,911 44 loss=0.1691340679753953
2019-01-18 15:05:00,912 45 loss=0.16630865009200194
2019-01-18 15:05:00,912 46 loss=0.16356083389321038
2019-01-18 15:05:00,913 47 loss=0.1608859220766801
2019-01-18 15:05:00,914 48 loss=0.15827967887343672
2019-01-18 15:05:00,914 49 loss=0.15573828002791607
2019-01-18 15:05:00,915 50 loss=0.15325826754481062
2019-01-18 15:05:00,915 
*** Major Checkpoint. Computing Stats and Saving
2019-01-18 15:05:00,915 	 Computing Major Stats lazily... 
2019-01-18 15:05:00,916 		 Completed edges=210 good=210 bad=0
2019-01-18 15:05:00,918 Distortion avg=0.33854235489878204 wc=6.756417288649381 me=1.6265720369287042 mc=4.1537768603269845 nan_elements=0
2019-01-18 15:05:00,918 MAP = 0.6485090702947844
2019-01-18 15:05:00,919 scale=[array([1.])]
2019-01-18 15:05:00,919 *** End Major Checkpoint

2019-01-18 15:05:00,919 final loss=0.15325826754481062
2019-01-18 15:05:00,919 best loss=0.15325826754481062, distortion=0.33854235489878204, map=0.6485090702947844, wc_dist=6.756417288649381
2019-01-18 15:05:00,919 	 Computing Major Stats lazily... 
2019-01-18 15:05:00,920 		 Completed edges=210 good=210 bad=0
2019-01-18 15:05:00,922 Distortion avg=0.3385423548987819 wc=6.756417288649381 me=1.6265720369287042 mc=4.1537768603269845 nan_elements=0
2019-01-18 15:05:00,923 MAP = 0.6485090702947846
2019-01-18 15:05:00,923 scale=[array([1.])]
