2019-01-18 15:08:10,677 Commandline ['pytorch/pytorch_hyperbolic.py', 'learn', 'data/edges/parsing/ewt/ewt_dev/1206.edges', '--dim', '0', '--hyp', '0', '--edim', '10', '--euc', '1', '--sdim', '0', '--sph', '0', '--log-name', 'ewt_devr2/1206.edges.E10-1.lr1.log', '--batch-size', '65536', '--epochs', '50', '--checkpoint-freq', '10', '-g', '--subsample', '1024', '--learning-rate', '1']
2019-01-18 15:08:10,677 No Model Save selected!
2019-01-18 15:08:10,679 Loaded Graph data/edges/parsing/ewt/ewt_dev/1206.edges with 6 nodes scale=1.0
2019-01-18 15:08:10,679 Building dataset
2019-01-18 15:08:10,680 Subsample: 6 points with scale 1.0 subsample=5
2019-01-18 15:08:10,684 Built Data Sampler
2019-01-18 15:08:10,684 Creating a fresh model warm_start?=None
2019-01-18 15:08:10,684 	 Warmstarting? None None 6
2019-01-18 15:08:10,685 Embedding() torch.Size([6, 10])
2019-01-18 15:08:10,685 relative No Rescale
2019-01-18 15:08:10,685 Constructed model with dim=0 and epochs=0 isnan=False
2019-01-18 15:08:10,685 SGD (
Parameter Group 0
    dampening: 0
    initial_lr: 0.1
    lr: 1.0
    momentum: 0.0
    nesterov: False
    weight_decay: 0

Parameter Group 1
    dampening: 0
    initial_lr: 0.1
    lr: 1.0
    momentum: 0.0
    nesterov: False
    weight_decay: 0

Parameter Group 2
    dampening: 0
    initial_lr: 0.1
    lr: 1.0
    momentum: 0.0
    nesterov: False
    weight_decay: 0

Parameter Group 3
    dampening: 0
    initial_lr: 0.0001
    lr: 0.001
    momentum: 0.0
    nesterov: False
    weight_decay: 0
)
2019-01-18 15:08:10,686 *** Initial Checkpoint. Computing Stats
2019-01-18 15:08:10,686 	 Computing Major Stats lazily... 
2019-01-18 15:08:10,686 		 Completed edges=30 good=30 bad=0
2019-01-18 15:08:10,687 Distortion avg=0.9971468202815983 wc=4.429205455045332 me=0.005628252251848828 mc=786.9593004809583 nan_elements=0
2019-01-18 15:08:10,688 MAP = 0.45555555555555555
2019-01-18 15:08:10,688 scale=[array([1.])]
2019-01-18 15:08:10,688 *** End Initial Checkpoint

2019-01-18 15:08:10,745 1 loss=0.9943036683992853
2019-01-18 15:08:10,746 2 loss=0.46895896591539044
2019-01-18 15:08:10,747 3 loss=0.31363130427147967
2019-01-18 15:08:10,747 4 loss=0.24545644610691483
2019-01-18 15:08:10,747 5 loss=0.20155096324716354
2019-01-18 15:08:10,748 6 loss=0.1692022535367684
2019-01-18 15:08:10,748 7 loss=0.14425605440645312
2019-01-18 15:08:10,749 8 loss=0.12451900914960287
2019-01-18 15:08:10,749 9 loss=0.10854229711055983
2019-01-18 15:08:10,750 10 loss=0.09532524168088893
2019-01-18 15:08:10,750 
*** Major Checkpoint. Computing Stats and Saving
2019-01-18 15:08:10,750 	 Computing Major Stats lazily... 
2019-01-18 15:08:10,750 		 Completed edges=30 good=30 bad=0
2019-01-18 15:08:10,751 Distortion avg=0.2608004870057568 wc=2.5014652414050462 me=1.2508949582718976 mc=1.9997404457212 nan_elements=0
2019-01-18 15:08:10,751 MAP = 1.0
2019-01-18 15:08:10,752 scale=[array([1.])]
2019-01-18 15:08:10,752 *** End Major Checkpoint

2019-01-18 15:08:10,752 11 loss=0.08418674327181588
2019-01-18 15:08:10,753 12 loss=0.07467106007349288
2019-01-18 15:08:10,753 13 loss=0.06647133706733972
2019-01-18 15:08:10,754 14 loss=0.05937249107738992
2019-01-18 15:08:10,754 15 loss=0.053213326512301505
2019-01-18 15:08:10,755 16 loss=0.04786428688536968
2019-01-18 15:08:10,755 17 loss=0.04321585436073806
2019-01-18 15:08:10,755 18 loss=0.03917310275162971
2019-01-18 15:08:10,756 19 loss=0.03565323547952347
2019-01-18 15:08:10,756 20 loss=0.03258427463893052
2019-01-18 15:08:10,756 
*** Major Checkpoint. Computing Stats and Saving
2019-01-18 15:08:10,757 	 Computing Major Stats lazily... 
2019-01-18 15:08:10,757 		 Completed edges=30 good=30 bad=0
2019-01-18 15:08:10,758 Distortion avg=0.15559241158689788 wc=1.6415453021968307 me=1.1454591316540048 mc=1.4330893672535432 nan_elements=0
2019-01-18 15:08:10,758 MAP = 1.0
2019-01-18 15:08:10,758 scale=[array([1.])]
2019-01-18 15:08:10,758 *** End Major Checkpoint

2019-01-18 15:08:10,759 21 loss=0.029904039464066105
2019-01-18 15:08:10,759 22 loss=0.027559119031961007
2019-01-18 15:08:10,760 23 loss=0.025503807510257173
2019-01-18 15:08:10,760 24 loss=0.023699056087215235
2019-01-18 15:08:10,761 25 loss=0.022111499158508706
2019-01-18 15:08:10,761 26 loss=0.02071258934812076
2019-01-18 15:08:10,761 27 loss=0.01947785240285259
2019-01-18 15:08:10,762 28 loss=0.018386257191203733
2019-01-18 15:08:10,762 29 loss=0.017419688115156113
2019-01-18 15:08:10,763 30 loss=0.01656250479093748
2019-01-18 15:08:10,763 
*** Major Checkpoint. Computing Stats and Saving
2019-01-18 15:08:10,763 	 Computing Major Stats lazily... 
2019-01-18 15:08:10,763 		 Completed edges=30 good=30 bad=0
2019-01-18 15:08:10,764 Distortion avg=0.11585814783960172 wc=1.4304707075014873 me=1.1433106356702627 mc=1.2511653988619442 nan_elements=0
2019-01-18 15:08:10,764 MAP = 1.0
2019-01-18 15:08:10,765 scale=[array([1.])]
2019-01-18 15:08:10,765 *** End Major Checkpoint

2019-01-18 15:08:10,765 31 loss=0.015801174404816643
2019-01-18 15:08:10,766 32 loss=0.01512396397412073
2019-01-18 15:08:10,766 33 loss=0.014520681864635366
2019-01-18 15:08:10,766 34 loss=0.013982459881357715
2019-01-18 15:08:10,767 35 loss=0.013501568907510579
2019-01-18 15:08:10,767 36 loss=0.013071262406666147
2019-01-18 15:08:10,768 37 loss=0.012685643168234527
2019-01-18 15:08:10,768 38 loss=0.012339549521843159
2019-01-18 15:08:10,769 39 loss=0.012028457919917098
2019-01-18 15:08:10,769 40 loss=0.011748399328729673
2019-01-18 15:08:10,769 
*** Major Checkpoint. Computing Stats and Saving
2019-01-18 15:08:10,769 	 Computing Major Stats lazily... 
2019-01-18 15:08:10,769 		 Completed edges=30 good=30 bad=0
2019-01-18 15:08:10,771 Distortion avg=0.0997362914740244 wc=1.3356038755066904 me=1.1369597922691714 mc=1.1747151346848075 nan_elements=0
2019-01-18 15:08:10,771 MAP = 1.0
2019-01-18 15:08:10,771 scale=[array([1.])]
2019-01-18 15:08:10,771 *** End Major Checkpoint

2019-01-18 15:08:10,771 41 loss=0.011495887305657964
2019-01-18 15:08:10,772 42 loss=0.011267855996358454
2019-01-18 15:08:10,772 43 loss=0.011061606576715897
2019-01-18 15:08:10,773 44 loss=0.010874760903496037
2019-01-18 15:08:10,773 45 loss=0.010705221334634757
2019-01-18 15:08:10,773 46 loss=0.010551135842936188
2019-01-18 15:08:10,774 47 loss=0.010410867681959873
2019-01-18 15:08:10,774 48 loss=0.01028296897515681
2019-01-18 15:08:10,775 49 loss=0.010166157692987277
2019-01-18 15:08:10,775 50 loss=0.010059297561164597
2019-01-18 15:08:10,775 
*** Major Checkpoint. Computing Stats and Saving
2019-01-18 15:08:10,775 	 Computing Major Stats lazily... 
2019-01-18 15:08:10,776 		 Completed edges=30 good=30 bad=0
2019-01-18 15:08:10,777 Distortion avg=0.09483818524912609 wc=1.286727708244645 me=1.1311724060921398 mc=1.137516881878247 nan_elements=0
2019-01-18 15:08:10,777 MAP = 1.0
2019-01-18 15:08:10,777 scale=[array([1.])]
2019-01-18 15:08:10,777 *** End Major Checkpoint

2019-01-18 15:08:10,777 final loss=0.010059297561164597
2019-01-18 15:08:10,777 best loss=0.010059297561164597, distortion=0.09483818524912609, map=1.0, wc_dist=1.286727708244645
2019-01-18 15:08:10,777 	 Computing Major Stats lazily... 
2019-01-18 15:08:10,778 		 Completed edges=30 good=30 bad=0
2019-01-18 15:08:10,779 Distortion avg=0.09483818524912607 wc=1.286727708244645 me=1.1311724060921398 mc=1.137516881878247 nan_elements=0
2019-01-18 15:08:10,779 MAP = 1.0
2019-01-18 15:08:10,779 scale=[array([1.])]
