2019-01-18 14:53:13,410 Commandline ['pytorch/pytorch_hyperbolic.py', 'learn', 'data/edges/parsing/ewt/ewt_dev/1212.edges', '--dim', '0', '--hyp', '0', '--edim', '10', '--euc', '1', '--sdim', '0', '--sph', '0', '--log-name', 'ewt_devr2/1212.edges.E10-1.lr1.log', '--batch-size', '65536', '--epochs', '50', '--checkpoint-freq', '10', '-g', '--subsample', '1024', '--learning-rate', '1']
2019-01-18 14:53:13,410 No Model Save selected!
2019-01-18 14:53:13,412 Loaded Graph data/edges/parsing/ewt/ewt_dev/1212.edges with 13 nodes scale=1.0
2019-01-18 14:53:13,412 Building dataset
2019-01-18 14:53:13,412 Subsample: 13 points with scale 1.0 subsample=12
2019-01-18 14:53:13,424 Built Data Sampler
2019-01-18 14:53:13,424 Creating a fresh model warm_start?=None
2019-01-18 14:53:13,424 	 Warmstarting? None None 13
2019-01-18 14:53:13,424 Embedding() torch.Size([13, 10])
2019-01-18 14:53:13,424 relative No Rescale
2019-01-18 14:53:13,425 Constructed model with dim=0 and epochs=0 isnan=False
2019-01-18 14:53:13,425 SGD (
Parameter Group 0
    dampening: 0
    initial_lr: 0.1
    lr: 1.0
    momentum: 0.0
    nesterov: False
    weight_decay: 0

Parameter Group 1
    dampening: 0
    initial_lr: 0.1
    lr: 1.0
    momentum: 0.0
    nesterov: False
    weight_decay: 0

Parameter Group 2
    dampening: 0
    initial_lr: 0.1
    lr: 1.0
    momentum: 0.0
    nesterov: False
    weight_decay: 0

Parameter Group 3
    dampening: 0
    initial_lr: 0.0001
    lr: 0.001
    momentum: 0.0
    nesterov: False
    weight_decay: 0
)
2019-01-18 14:53:13,425 *** Initial Checkpoint. Computing Stats
2019-01-18 14:53:13,425 	 Computing Major Stats lazily... 
2019-01-18 14:53:13,426 		 Completed edges=156 good=156 bad=0
2019-01-18 14:53:13,428 Distortion avg=0.997958731347505 wc=8.288169342813498 me=0.005628252251848828 mc=1472.6009020101956 nan_elements=0
2019-01-18 14:53:13,428 MAP = 0.3040730103230103
2019-01-18 14:53:13,429 scale=[array([1.])]
2019-01-18 14:53:13,429 *** End Initial Checkpoint

2019-01-18 14:53:13,485 1 loss=0.9959229019790655
2019-01-18 14:53:13,486 2 loss=0.8489755008536957
2019-01-18 14:53:13,487 3 loss=0.7318634061015376
2019-01-18 14:53:13,487 4 loss=0.6422056522525323
2019-01-18 14:53:13,488 5 loss=0.5726731565356429
2019-01-18 14:53:13,488 6 loss=0.5177354147711754
2019-01-18 14:53:13,489 7 loss=0.4734685501922659
2019-01-18 14:53:13,489 8 loss=0.43711384431254163
2019-01-18 14:53:13,490 9 loss=0.40672436857149175
2019-01-18 14:53:13,490 10 loss=0.3809134778735088
2019-01-18 14:53:13,490 
*** Major Checkpoint. Computing Stats and Saving
2019-01-18 14:53:13,491 	 Computing Major Stats lazily... 
2019-01-18 14:53:13,491 		 Completed edges=156 good=156 bad=0
2019-01-18 14:53:13,493 Distortion avg=0.5563961671086841 wc=9.197324356273937 me=1.3847382202726286 mc=6.641922799287766 nan_elements=0
2019-01-18 14:53:13,494 MAP = 0.15695693195693192
2019-01-18 14:53:13,494 scale=[array([1.])]
2019-01-18 14:53:13,494 *** End Major Checkpoint

2019-01-18 14:53:13,494 11 loss=0.3586815447867208
2019-01-18 14:53:13,495 12 loss=0.3392977595181772
2019-01-18 14:53:13,495 13 loss=0.3222195688155927
2019-01-18 14:53:13,496 14 loss=0.30703758010255744
2019-01-18 14:53:13,497 15 loss=0.29343765929808235
2019-01-18 14:53:13,497 16 loss=0.2811746626300727
2019-01-18 14:53:13,498 17 loss=0.2700540767089756
2019-01-18 14:53:13,498 18 loss=0.25991906707439705
2019-01-18 14:53:13,499 19 loss=0.25064125170305507
2019-01-18 14:53:13,499 20 loss=0.24211405965643998
2019-01-18 14:53:13,499 
*** Major Checkpoint. Computing Stats and Saving
2019-01-18 14:53:13,499 	 Computing Major Stats lazily... 
2019-01-18 14:53:13,500 		 Completed edges=156 good=156 bad=0
2019-01-18 14:53:13,502 Distortion avg=0.45157468565500947 wc=6.82867347981876 me=1.5482854147617093 mc=4.410474589964238 nan_elements=0
2019-01-18 14:53:13,502 MAP = 0.29112276612276616
2019-01-18 14:53:13,502 scale=[array([1.])]
2019-01-18 14:53:13,503 *** End Major Checkpoint

2019-01-18 14:53:13,503 21 loss=0.2342478982646759
2019-01-18 14:53:13,504 22 loss=0.2269665960433326
2019-01-18 14:53:13,504 23 loss=0.22020475314430427
2019-01-18 14:53:13,505 24 loss=0.21390574300715132
2019-01-18 14:53:13,505 25 loss=0.20802018543070075
2019-01-18 14:53:13,506 26 loss=0.2025047640455352
2019-01-18 14:53:13,506 27 loss=0.19732129778834803
2019-01-18 14:53:13,507 28 loss=0.19243600157269408
2019-01-18 14:53:13,507 29 loss=0.18781888935768012
2019-01-18 14:53:13,508 30 loss=0.18344328556753073
2019-01-18 14:53:13,508 
*** Major Checkpoint. Computing Stats and Saving
2019-01-18 14:53:13,508 	 Computing Major Stats lazily... 
2019-01-18 14:53:13,509 		 Completed edges=156 good=156 bad=0
2019-01-18 14:53:13,512 Distortion avg=0.3806989620330325 wc=6.149208082306176 me=1.6664605372984838 mc=3.6899812174818853 nan_elements=0
2019-01-18 14:53:13,512 MAP = 0.5302045177045177
2019-01-18 14:53:13,513 scale=[array([1.])]
2019-01-18 14:53:13,513 *** End Major Checkpoint

2019-01-18 14:53:13,514 31 loss=0.17928541990140293
2019-01-18 14:53:13,514 32 loss=0.17532408708759237
2019-01-18 14:53:13,515 33 loss=0.17154035783593102
2019-01-18 14:53:13,515 34 loss=0.1679173306536327
2019-01-18 14:53:13,516 35 loss=0.1644399166822507
2019-01-18 14:53:13,516 36 loss=0.16109465154677033
2019-01-18 14:53:13,517 37 loss=0.15786952956622274
2019-01-18 14:53:13,518 38 loss=0.15475385668940003
2019-01-18 14:53:13,518 39 loss=0.15173811928270134
2019-01-18 14:53:13,519 40 loss=0.14881386647680367
2019-01-18 14:53:13,519 
*** Major Checkpoint. Computing Stats and Saving
2019-01-18 14:53:13,519 	 Computing Major Stats lazily... 
2019-01-18 14:53:13,520 		 Completed edges=156 good=156 bad=0
2019-01-18 14:53:13,522 Distortion avg=0.3347690562199034 wc=5.464883600562691 me=1.6919189311275937 mc=3.22999140208247 nan_elements=0
2019-01-18 14:53:13,522 MAP = 0.7561660561660563
2019-01-18 14:53:13,522 scale=[array([1.])]
2019-01-18 14:53:13,522 *** End Major Checkpoint

2019-01-18 14:53:13,523 41 loss=0.14597360422292815
2019-01-18 14:53:13,524 42 loss=0.14321069955281793
2019-01-18 14:53:13,524 43 loss=0.1405192938044639
2019-01-18 14:53:13,525 44 loss=0.13789422378660324
2019-01-18 14:53:13,525 45 loss=0.13533095002264559
2019-01-18 14:53:13,526 46 loss=0.13282549134898647
2019-01-18 14:53:13,526 47 loss=0.13037436525112053
2019-01-18 14:53:13,527 48 loss=0.12797453340914255
2019-01-18 14:53:13,527 49 loss=0.125623351996361
2019-01-18 14:53:13,528 50 loss=0.12331852633404687
2019-01-18 14:53:13,528 
*** Major Checkpoint. Computing Stats and Saving
2019-01-18 14:53:13,528 	 Computing Major Stats lazily... 
2019-01-18 14:53:13,529 		 Completed edges=156 good=156 bad=0
2019-01-18 14:53:13,531 Distortion avg=0.30014544743398064 wc=4.771270584783306 me=1.6649526033566169 mc=2.86570955543372 nan_elements=0
2019-01-18 14:53:13,531 MAP = 0.8384310134310134
2019-01-18 14:53:13,531 scale=[array([1.])]
2019-01-18 14:53:13,531 *** End Major Checkpoint

2019-01-18 14:53:13,531 final loss=0.12331852633404687
2019-01-18 14:53:13,531 best loss=0.12331852633404687, distortion=0.30014544743398064, map=0.8384310134310134, wc_dist=4.771270584783306
2019-01-18 14:53:13,531 	 Computing Major Stats lazily... 
2019-01-18 14:53:13,532 		 Completed edges=156 good=156 bad=0
2019-01-18 14:53:13,534 Distortion avg=0.30014544743398075 wc=4.771270584783306 me=1.6649526033566169 mc=2.86570955543372 nan_elements=0
2019-01-18 14:53:13,534 MAP = 0.8384310134310134
2019-01-18 14:53:13,534 scale=[array([1.])]
