2019-01-18 15:08:52,412 Commandline ['pytorch/pytorch_hyperbolic.py', 'learn', 'data/edges/parsing/ewt/ewt_dev/1214.edges', '--dim', '0', '--hyp', '0', '--edim', '10', '--euc', '1', '--sdim', '0', '--sph', '0', '--log-name', 'ewt_devr2/1214.edges.E10-1.lr1.log', '--batch-size', '65536', '--epochs', '50', '--checkpoint-freq', '10', '-g', '--subsample', '1024', '--learning-rate', '1']
2019-01-18 15:08:52,412 No Model Save selected!
2019-01-18 15:08:52,414 Loaded Graph data/edges/parsing/ewt/ewt_dev/1214.edges with 12 nodes scale=1.0
2019-01-18 15:08:52,414 Building dataset
2019-01-18 15:08:52,414 Subsample: 12 points with scale 1.0 subsample=11
2019-01-18 15:08:52,425 Built Data Sampler
2019-01-18 15:08:52,425 Creating a fresh model warm_start?=None
2019-01-18 15:08:52,425 	 Warmstarting? None None 12
2019-01-18 15:08:52,425 Embedding() torch.Size([12, 10])
2019-01-18 15:08:52,425 relative No Rescale
2019-01-18 15:08:52,426 Constructed model with dim=0 and epochs=0 isnan=False
2019-01-18 15:08:52,426 SGD (
Parameter Group 0
    dampening: 0
    initial_lr: 0.1
    lr: 1.0
    momentum: 0.0
    nesterov: False
    weight_decay: 0

Parameter Group 1
    dampening: 0
    initial_lr: 0.1
    lr: 1.0
    momentum: 0.0
    nesterov: False
    weight_decay: 0

Parameter Group 2
    dampening: 0
    initial_lr: 0.1
    lr: 1.0
    momentum: 0.0
    nesterov: False
    weight_decay: 0

Parameter Group 3
    dampening: 0
    initial_lr: 0.0001
    lr: 0.001
    momentum: 0.0
    nesterov: False
    weight_decay: 0
)
2019-01-18 15:08:52,426 *** Initial Checkpoint. Computing Stats
2019-01-18 15:08:52,426 	 Computing Major Stats lazily... 
2019-01-18 15:08:52,427 		 Completed edges=132 good=132 bad=0
2019-01-18 15:08:52,429 Distortion avg=0.9977999790359162 wc=7.00088857078436 me=0.005628252251848828 mc=1243.8832265353128 nan_elements=0
2019-01-18 15:08:52,429 MAP = 0.2090175565175565
2019-01-18 15:08:52,429 scale=[array([1.])]
2019-01-18 15:08:52,429 *** End Initial Checkpoint

2019-01-18 15:08:52,486 1 loss=0.9956062445105355
2019-01-18 15:08:52,487 2 loss=0.8125108675681588
2019-01-18 15:08:52,488 3 loss=0.6775988440928142
2019-01-18 15:08:52,488 4 loss=0.5801358433678329
2019-01-18 15:08:52,489 5 loss=0.5075395174536864
2019-01-18 15:08:52,489 6 loss=0.45159464279487854
2019-01-18 15:08:52,490 7 loss=0.4070922586639191
2019-01-18 15:08:52,490 8 loss=0.3707115538823196
2019-01-18 15:08:52,491 9 loss=0.34029900481734604
2019-01-18 15:08:52,491 10 loss=0.31442418698058544
2019-01-18 15:08:52,492 
*** Major Checkpoint. Computing Stats and Saving
2019-01-18 15:08:52,492 	 Computing Major Stats lazily... 
2019-01-18 15:08:52,492 		 Completed edges=132 good=132 bad=0
2019-01-18 15:08:52,495 Distortion avg=0.5039337347523686 wc=7.232640885307935 me=1.31679270175604 mc=5.492619207004016 nan_elements=0
2019-01-18 15:08:52,495 MAP = 0.1858203062369729
2019-01-18 15:08:52,495 scale=[array([1.])]
2019-01-18 15:08:52,495 *** End Major Checkpoint

2019-01-18 15:08:52,495 11 loss=0.2921091237539651
2019-01-18 15:08:52,496 12 loss=0.27266330249981446
2019-01-18 15:08:52,497 13 loss=0.25558247482104757
2019-01-18 15:08:52,497 14 loss=0.24048595908412299
2019-01-18 15:08:52,498 15 loss=0.22707729222777717
2019-01-18 15:08:52,498 16 loss=0.21511914871714605
2019-01-18 15:08:52,499 17 loss=0.20441706104389035
2019-01-18 15:08:52,499 18 loss=0.19480863075030663
2019-01-18 15:08:52,500 19 loss=0.1861562074461747
2019-01-18 15:08:52,500 20 loss=0.1783417886912743
2019-01-18 15:08:52,500 
*** Major Checkpoint. Computing Stats and Saving
2019-01-18 15:08:52,500 	 Computing Major Stats lazily... 
2019-01-18 15:08:52,501 		 Completed edges=132 good=132 bad=0
2019-01-18 15:08:52,503 Distortion avg=0.3798292657015365 wc=5.169193781737496 me=1.4496860705522834 mc=3.565733220964316 nan_elements=0
2019-01-18 15:08:52,503 MAP = 0.40066137566137566
2019-01-18 15:08:52,503 scale=[array([1.])]
2019-01-18 15:08:52,503 *** End Major Checkpoint

2019-01-18 15:08:52,504 21 loss=0.17126336396582437
2019-01-18 15:08:52,504 22 loss=0.16483221382370372
2019-01-18 15:08:52,505 23 loss=0.15897085318425733
2019-01-18 15:08:52,506 24 loss=0.15361141865839661
2019-01-18 15:08:52,506 25 loss=0.14869436964589489
2019-01-18 15:08:52,507 26 loss=0.14416741729832178
2019-01-18 15:08:52,507 27 loss=0.13998462385194718
2019-01-18 15:08:52,508 28 loss=0.1361056331797835
2019-01-18 15:08:52,508 29 loss=0.13249500535633457
2019-01-18 15:08:52,509 30 loss=0.12912163587625963
2019-01-18 15:08:52,509 
*** Major Checkpoint. Computing Stats and Saving
2019-01-18 15:08:52,509 	 Computing Major Stats lazily... 
2019-01-18 15:08:52,510 		 Completed edges=132 good=132 bad=0
2019-01-18 15:08:52,512 Distortion avg=0.3127918735669525 wc=4.374048777948364 me=1.5108518603419852 mc=2.8950877930270984 nan_elements=0
2019-01-18 15:08:52,512 MAP = 0.6676388888888889
2019-01-18 15:08:52,512 scale=[array([1.])]
2019-01-18 15:08:52,512 *** End Major Checkpoint

2019-01-18 15:08:52,512 31 loss=0.12595824537867228
2019-01-18 15:08:52,513 32 loss=0.122980929233075
2019-01-18 15:08:52,513 33 loss=0.12016875873763086
2019-01-18 15:08:52,514 34 loss=0.11750342734943986
2019-01-18 15:08:52,515 35 loss=0.11496893655724909
2019-01-18 15:08:52,515 36 loss=0.11255131687957885
2019-01-18 15:08:52,516 37 loss=0.11023838012922904
2019-01-18 15:08:52,516 38 loss=0.10801949959594606
2019-01-18 15:08:52,517 39 loss=0.10588541520678106
2019-01-18 15:08:52,517 40 loss=0.10382806105751205
2019-01-18 15:08:52,518 
*** Major Checkpoint. Computing Stats and Saving
2019-01-18 15:08:52,518 	 Computing Major Stats lazily... 
2019-01-18 15:08:52,518 		 Completed edges=132 good=132 bad=0
2019-01-18 15:08:52,520 Distortion avg=0.280593286368366 wc=3.8305708699507925 me=1.4815383645126745 mc=2.585536062855038 nan_elements=0
2019-01-18 15:08:52,520 MAP = 0.8913492063492064
2019-01-18 15:08:52,521 scale=[array([1.])]
2019-01-18 15:08:52,521 *** End Major Checkpoint

2019-01-18 15:08:52,521 41 loss=0.10184041298796519
2019-01-18 15:08:52,522 42 loss=0.09991635411249476
2019-01-18 15:08:52,522 43 loss=0.09805055642355207
2019-01-18 15:08:52,523 44 loss=0.09623837676782356
2019-01-18 15:08:52,524 45 loss=0.09447576565566498
2019-01-18 15:08:52,524 46 loss=0.0927591875090911
2019-01-18 15:08:52,525 47 loss=0.09108555108410413
2019-01-18 15:08:52,525 48 loss=0.08945214892173681
2019-01-18 15:08:52,526 49 loss=0.08785660479045654
2019-01-18 15:08:52,526 50 loss=0.08629682818179171
2019-01-18 15:08:52,526 
*** Major Checkpoint. Computing Stats and Saving
2019-01-18 15:08:52,526 	 Computing Major Stats lazily... 
2019-01-18 15:08:52,527 		 Completed edges=132 good=132 bad=0
2019-01-18 15:08:52,529 Distortion avg=0.2547732957635225 wc=3.373139726725377 me=1.4288464059705999 mc=2.3607434029510257 nan_elements=0
2019-01-18 15:08:52,529 MAP = 0.9738492063492062
2019-01-18 15:08:52,529 scale=[array([1.])]
2019-01-18 15:08:52,529 *** End Major Checkpoint

2019-01-18 15:08:52,530 final loss=0.08629682818179171
2019-01-18 15:08:52,530 best loss=0.08629682818179171, distortion=0.2547732957635225, map=0.9738492063492062, wc_dist=3.373139726725377
2019-01-18 15:08:52,530 	 Computing Major Stats lazily... 
2019-01-18 15:08:52,530 		 Completed edges=132 good=132 bad=0
2019-01-18 15:08:52,532 Distortion avg=0.2547732957635224 wc=3.373139726725377 me=1.4288464059705999 mc=2.3607434029510257 nan_elements=0
2019-01-18 15:08:52,532 MAP = 0.9738492063492062
2019-01-18 15:08:52,533 scale=[array([1.])]
