2019-01-18 15:08:57,562 Commandline ['pytorch/pytorch_hyperbolic.py', 'learn', 'data/edges/parsing/ewt/ewt_dev/1215.edges', '--dim', '0', '--hyp', '0', '--edim', '10', '--euc', '1', '--sdim', '0', '--sph', '0', '--log-name', 'ewt_devr2/1215.edges.E10-1.lr1.log', '--batch-size', '65536', '--epochs', '50', '--checkpoint-freq', '10', '-g', '--subsample', '1024', '--learning-rate', '1']
2019-01-18 15:08:57,562 No Model Save selected!
2019-01-18 15:08:57,564 Loaded Graph data/edges/parsing/ewt/ewt_dev/1215.edges with 34 nodes scale=1.0
2019-01-18 15:08:57,564 Building dataset
2019-01-18 15:08:57,565 Subsample: 34 points with scale 1.0 subsample=33
2019-01-18 15:08:57,620 Built Data Sampler
2019-01-18 15:08:57,620 Creating a fresh model warm_start?=None
2019-01-18 15:08:57,620 	 Warmstarting? None None 34
2019-01-18 15:08:57,620 Embedding() torch.Size([34, 10])
2019-01-18 15:08:57,621 relative No Rescale
2019-01-18 15:08:57,621 Constructed model with dim=0 and epochs=0 isnan=False
2019-01-18 15:08:57,621 SGD (
Parameter Group 0
    dampening: 0
    initial_lr: 0.1
    lr: 1.0
    momentum: 0.0
    nesterov: False
    weight_decay: 0

Parameter Group 1
    dampening: 0
    initial_lr: 0.1
    lr: 1.0
    momentum: 0.0
    nesterov: False
    weight_decay: 0

Parameter Group 2
    dampening: 0
    initial_lr: 0.1
    lr: 1.0
    momentum: 0.0
    nesterov: False
    weight_decay: 0

Parameter Group 3
    dampening: 0
    initial_lr: 0.0001
    lr: 0.001
    momentum: 0.0
    nesterov: False
    weight_decay: 0
)
2019-01-18 15:08:57,621 *** Initial Checkpoint. Computing Stats
2019-01-18 15:08:57,621 	 Computing Major Stats lazily... 
2019-01-18 15:08:57,626 		 Completed edges=1122 good=1122 bad=0
2019-01-18 15:08:57,631 Distortion avg=0.9985288029464201 wc=17.525829855984597 me=0.005941110731069004 mc=2949.9247950948584 nan_elements=0
2019-01-18 15:08:57,631 MAP = 0.15655316664448235
2019-01-18 15:08:57,632 scale=[array([1.])]
2019-01-18 15:08:57,632 *** End Initial Checkpoint

2019-01-18 15:08:57,697 1 loss=0.9970606709159234
2019-01-18 15:08:57,699 2 loss=0.9689259286048879
2019-01-18 15:08:57,700 3 loss=0.9413550148385226
2019-01-18 15:08:57,701 4 loss=0.914998405855487
2019-01-18 15:08:57,703 5 loss=0.8898916048432157
2019-01-18 15:08:57,704 6 loss=0.8659974409899315
2019-01-18 15:08:57,705 7 loss=0.8432604254619563
2019-01-18 15:08:57,706 8 loss=0.8216201551391086
2019-01-18 15:08:57,708 9 loss=0.8010160241023956
2019-01-18 15:08:57,709 10 loss=0.7813891720128825
2019-01-18 15:08:57,709 
*** Major Checkpoint. Computing Stats and Saving
2019-01-18 15:08:57,709 	 Computing Major Stats lazily... 
2019-01-18 15:08:57,713 		 Completed edges=1122 good=1122 bad=0
2019-01-18 15:08:57,719 Distortion avg=0.8664912478180987 wc=37.060027973314476 me=0.774576871795637 mc=47.8455132379583 nan_elements=0
2019-01-18 15:08:57,719 MAP = 0.06390958744074464
2019-01-18 15:08:57,719 scale=[array([1.])]
2019-01-18 15:08:57,719 *** End Major Checkpoint

2019-01-18 15:08:57,721 11 loss=0.7626833353709896
2019-01-18 15:08:57,722 12 loss=0.7448451992189123
2019-01-18 15:08:57,723 13 loss=0.7278245008296265
2019-01-18 15:08:57,724 14 loss=0.7115740038723303
2019-01-18 15:08:57,726 15 loss=0.6960494036271548
2019-01-18 15:08:57,727 16 loss=0.6812091961314669
2019-01-18 15:08:57,728 17 loss=0.6670145298971232
2019-01-18 15:08:57,730 18 loss=0.6534290510749685
2019-01-18 15:08:57,731 19 loss=0.6404187485114271
2019-01-18 15:08:57,732 20 loss=0.6279518025177283
2019-01-18 15:08:57,732 
*** Major Checkpoint. Computing Stats and Saving
2019-01-18 15:08:57,732 	 Computing Major Stats lazily... 
2019-01-18 15:08:57,737 		 Completed edges=1122 good=1122 bad=0
2019-01-18 15:08:57,742 Distortion avg=0.764306466275128 wc=32.53547440858221 me=1.2386396353979605 mc=26.26710261708115 nan_elements=0
2019-01-18 15:08:57,742 MAP = 0.06281552670900593
2019-01-18 15:08:57,743 scale=[array([1.])]
2019-01-18 15:08:57,743 *** End Major Checkpoint

2019-01-18 15:08:57,744 21 loss=0.6159984395729792
2019-01-18 15:08:57,745 22 loss=0.6045307941866132
2019-01-18 15:08:57,746 23 loss=0.5935227785168532
2019-01-18 15:08:57,748 24 loss=0.5829499599418563
2019-01-18 15:08:57,749 25 loss=0.572789446526175
2019-01-18 15:08:57,750 26 loss=0.5630197801658536
2019-01-18 15:08:57,751 27 loss=0.5536208370984504
2019-01-18 15:08:57,752 28 loss=0.5445737354085881
2019-01-18 15:08:57,754 29 loss=0.5358607491315247
2019-01-18 15:08:57,755 30 loss=0.5274652285475186
2019-01-18 15:08:57,755 
*** Major Checkpoint. Computing Stats and Saving
2019-01-18 15:08:57,755 	 Computing Major Stats lazily... 
2019-01-18 15:08:57,759 		 Completed edges=1122 good=1122 bad=0
2019-01-18 15:08:57,765 Distortion avg=0.6943427794605561 wc=27.847545273300103 me=1.4945245295409697 mc=18.633046646516558 nan_elements=0
2019-01-18 15:08:57,765 MAP = 0.0643022896698456
2019-01-18 15:08:57,765 scale=[array([1.])]
2019-01-18 15:08:57,765 *** End Major Checkpoint

2019-01-18 15:08:57,766 31 loss=0.5193715262622002
2019-01-18 15:08:57,767 32 loss=0.5115649286785708
2019-01-18 15:08:57,769 33 loss=0.5040315924816653
2019-01-18 15:08:57,770 34 loss=0.4967584857753569
2019-01-18 15:08:57,771 35 loss=0.48973333353087356
2019-01-18 15:08:57,772 36 loss=0.4829445670273362
2019-01-18 15:08:57,774 37 loss=0.47638127698541755
2019-01-18 15:08:57,775 38 loss=0.4700331701155871
2019-01-18 15:08:57,777 39 loss=0.46389052882205406
2019-01-18 15:08:57,778 40 loss=0.45794417382230085
2019-01-18 15:08:57,778 
*** Major Checkpoint. Computing Stats and Saving
2019-01-18 15:08:57,778 	 Computing Major Stats lazily... 
2019-01-18 15:08:57,782 		 Completed edges=1122 good=1122 bad=0
2019-01-18 15:08:57,788 Distortion avg=0.6453914055700499 wc=23.826324728580246 me=1.6219203300490463 mc=14.690194263647799 nan_elements=0
2019-01-18 15:08:57,788 MAP = 0.0668872493761102
2019-01-18 15:08:57,788 scale=[array([1.])]
2019-01-18 15:08:57,788 *** End Major Checkpoint

2019-01-18 15:08:57,789 41 loss=0.45218542945987084
2019-01-18 15:08:57,790 42 loss=0.446606091504802
2019-01-18 15:08:57,792 43 loss=0.441198397251767
2019-01-18 15:08:57,793 44 loss=0.43595499774059426
2019-01-18 15:08:57,794 45 loss=0.43086893193743936
2019-01-18 15:08:57,795 46 loss=0.4259336027274869
2019-01-18 15:08:57,796 47 loss=0.4211427545817439
2019-01-18 15:08:57,798 48 loss=0.4164904527712758
2019-01-18 15:08:57,799 49 loss=0.41197106401221095
2019-01-18 15:08:57,800 50 loss=0.4075792384340292
2019-01-18 15:08:57,800 
*** Major Checkpoint. Computing Stats and Saving
2019-01-18 15:08:57,800 	 Computing Major Stats lazily... 
2019-01-18 15:08:57,805 		 Completed edges=1122 good=1122 bad=0
2019-01-18 15:08:57,810 Distortion avg=0.6061228422311159 wc=20.565640916817134 me=1.6765815720779644 mc=12.266412359124265 nan_elements=0
2019-01-18 15:08:57,810 MAP = 0.07282260008372514
2019-01-18 15:08:57,810 scale=[array([1.])]
2019-01-18 15:08:57,811 *** End Major Checkpoint

2019-01-18 15:08:57,811 final loss=0.4075792384340292
2019-01-18 15:08:57,811 best loss=0.4075792384340292, distortion=0.6061228422311159, map=0.07282260008372514, wc_dist=20.565640916817134
2019-01-18 15:08:57,811 	 Computing Major Stats lazily... 
2019-01-18 15:08:57,815 		 Completed edges=1122 good=1122 bad=0
2019-01-18 15:08:57,820 Distortion avg=0.606122842231115 wc=20.565640916817134 me=1.6765815720779644 mc=12.266412359124265 nan_elements=0
2019-01-18 15:08:57,820 MAP = 0.07282260008372513
2019-01-18 15:08:57,821 scale=[array([1.])]
