2019-01-18 15:01:35,513 Commandline ['pytorch/pytorch_hyperbolic.py', 'learn', 'data/edges/parsing/ewt/ewt_dev/1219.edges', '--dim', '0', '--hyp', '0', '--edim', '10', '--euc', '1', '--sdim', '0', '--sph', '0', '--log-name', 'ewt_devr2/1219.edges.E10-1.lr1.log', '--batch-size', '65536', '--epochs', '50', '--checkpoint-freq', '10', '-g', '--subsample', '1024', '--learning-rate', '1']
2019-01-18 15:01:35,513 No Model Save selected!
2019-01-18 15:01:35,515 Loaded Graph data/edges/parsing/ewt/ewt_dev/1219.edges with 9 nodes scale=1.0
2019-01-18 15:01:35,515 Building dataset
2019-01-18 15:01:35,515 Subsample: 9 points with scale 1.0 subsample=8
2019-01-18 15:01:35,523 Built Data Sampler
2019-01-18 15:01:35,523 Creating a fresh model warm_start?=None
2019-01-18 15:01:35,523 	 Warmstarting? None None 9
2019-01-18 15:01:35,523 Embedding() torch.Size([9, 10])
2019-01-18 15:01:35,523 relative No Rescale
2019-01-18 15:01:35,524 Constructed model with dim=0 and epochs=0 isnan=False
2019-01-18 15:01:35,524 SGD (
Parameter Group 0
    dampening: 0
    initial_lr: 0.1
    lr: 1.0
    momentum: 0.0
    nesterov: False
    weight_decay: 0

Parameter Group 1
    dampening: 0
    initial_lr: 0.1
    lr: 1.0
    momentum: 0.0
    nesterov: False
    weight_decay: 0

Parameter Group 2
    dampening: 0
    initial_lr: 0.1
    lr: 1.0
    momentum: 0.0
    nesterov: False
    weight_decay: 0

Parameter Group 3
    dampening: 0
    initial_lr: 0.0001
    lr: 0.001
    momentum: 0.0
    nesterov: False
    weight_decay: 0
)
2019-01-18 15:01:35,524 *** Initial Checkpoint. Computing Stats
2019-01-18 15:01:35,524 	 Computing Major Stats lazily... 
2019-01-18 15:01:35,525 		 Completed edges=72 good=72 bad=0
2019-01-18 15:01:35,526 Distortion avg=0.9974152911980069 wc=6.107758685830531 me=0.005941110731069004 mc=1028.0499661267113 nan_elements=0
2019-01-18 15:01:35,527 MAP = 0.2811111111111111
2019-01-18 15:01:35,527 scale=[array([1.])]
2019-01-18 15:01:35,527 *** End Initial Checkpoint

2019-01-18 15:01:35,584 1 loss=0.994839157334523
2019-01-18 15:01:35,585 2 loss=0.7029529996132821
2019-01-18 15:01:35,585 3 loss=0.5341552712597454
2019-01-18 15:01:35,586 4 loss=0.4355636942657934
2019-01-18 15:01:35,586 5 loss=0.3712818574584622
2019-01-18 15:01:35,587 6 loss=0.324798111392673
2019-01-18 15:01:35,587 7 loss=0.28856438099830783
2019-01-18 15:01:35,588 8 loss=0.258979838343086
2019-01-18 15:01:35,588 9 loss=0.2341919330211476
2019-01-18 15:01:35,589 10 loss=0.21314293601645043
2019-01-18 15:01:35,589 
*** Major Checkpoint. Computing Stats and Saving
2019-01-18 15:01:35,589 	 Computing Major Stats lazily... 
2019-01-18 15:01:35,590 		 Completed edges=72 good=72 bad=0
2019-01-18 15:01:35,591 Distortion avg=0.4097235328502488 wc=4.000211510465326 me=1.3791567175025548 mc=2.9004763995995373 nan_elements=0
2019-01-18 15:01:35,591 MAP = 0.3532010582010583
2019-01-18 15:01:35,591 scale=[array([1.])]
2019-01-18 15:01:35,591 *** End Major Checkpoint

2019-01-18 15:01:35,592 11 loss=0.19515239306229334
2019-01-18 15:01:35,592 12 loss=0.17973057066782605
2019-01-18 15:01:35,593 13 loss=0.16649290879024
2019-01-18 15:01:35,593 14 loss=0.15511963406928797
2019-01-18 15:01:35,594 15 loss=0.1453360882373871
2019-01-18 15:01:35,594 16 loss=0.13690276331564993
2019-01-18 15:01:35,595 17 loss=0.12960991345779338
2019-01-18 15:01:35,595 18 loss=0.12327427812944232
2019-01-18 15:01:35,596 19 loss=0.11773671607403743
2019-01-18 15:01:35,596 20 loss=0.11286017729993508
2019-01-18 15:01:35,596 
*** Major Checkpoint. Computing Stats and Saving
2019-01-18 15:01:35,596 	 Computing Major Stats lazily... 
2019-01-18 15:01:35,597 		 Completed edges=72 good=72 bad=0
2019-01-18 15:01:35,598 Distortion avg=0.2907879151961183 wc=3.1154363769460693 me=1.426597926670539 mc=2.1838223080956105 nan_elements=0
2019-01-18 15:01:35,598 MAP = 0.8956878306878306
2019-01-18 15:01:35,599 scale=[array([1.])]
2019-01-18 15:01:35,599 *** End Major Checkpoint

2019-01-18 15:01:35,599 21 loss=0.10852776096855585
2019-01-18 15:01:35,600 22 loss=0.10464077082403532
2019-01-18 15:01:35,600 23 loss=0.10111676023447555
2019-01-18 15:01:35,601 24 loss=0.09788759457522707
2019-01-18 15:01:35,601 25 loss=0.09489757062551156
2019-01-18 15:01:35,602 26 loss=0.09210163241177478
2019-01-18 15:01:35,602 27 loss=0.089463716721903
2019-01-18 15:01:35,603 28 loss=0.08695525263407405
2019-01-18 15:01:35,603 29 loss=0.0845538296825954
2019-01-18 15:01:35,604 30 loss=0.08224203986045274
2019-01-18 15:01:35,604 
*** Major Checkpoint. Computing Stats and Saving
2019-01-18 15:01:35,604 	 Computing Major Stats lazily... 
2019-01-18 15:01:35,604 		 Completed edges=72 good=72 bad=0
2019-01-18 15:01:35,606 Distortion avg=0.2504489017075018 wc=2.744250234261346 me=1.3943315875151332 mc=1.968147504390925 nan_elements=0
2019-01-18 15:01:35,606 MAP = 0.9407407407407408
2019-01-18 15:01:35,606 scale=[array([1.])]
2019-01-18 15:01:35,606 *** End Major Checkpoint

2019-01-18 15:01:35,606 31 loss=0.08000649032715468
2019-01-18 15:01:35,607 32 loss=0.07783697699077842
2019-01-18 15:01:35,607 33 loss=0.07572580434999235
2019-01-18 15:01:35,608 34 loss=0.07366723414329443
2019-01-18 15:01:35,608 35 loss=0.07165704426627618
2019-01-18 15:01:35,609 36 loss=0.06969217974207581
2019-01-18 15:01:35,609 37 loss=0.06777047885929324
2019-01-18 15:01:35,610 38 loss=0.06589045952849645
2019-01-18 15:01:35,610 39 loss=0.06405115311511649
2019-01-18 15:01:35,611 40 loss=0.06225197522795239
2019-01-18 15:01:35,611 
*** Major Checkpoint. Computing Stats and Saving
2019-01-18 15:01:35,611 	 Computing Major Stats lazily... 
2019-01-18 15:01:35,611 		 Completed edges=72 good=72 bad=0
2019-01-18 15:01:35,613 Distortion avg=0.21682225761614718 wc=2.4151055188623083 me=1.3379283008671583 mc=1.80510832852328 nan_elements=0
2019-01-18 15:01:35,613 MAP = 1.0
2019-01-18 15:01:35,613 scale=[array([1.])]
2019-01-18 15:01:35,613 *** End Major Checkpoint

2019-01-18 15:01:35,614 41 loss=0.06049262500899634
2019-01-18 15:01:35,614 42 loss=0.05877300628642888
2019-01-18 15:01:35,615 43 loss=0.05709316548006885
2019-01-18 15:01:35,615 44 loss=0.05545324238806629
2019-01-18 15:01:35,616 45 loss=0.05385343095958314
2019-01-18 15:01:35,616 46 loss=0.05229394790674534
2019-01-18 15:01:35,616 47 loss=0.050775007569978776
2019-01-18 15:01:35,617 48 loss=0.04929680186219654
2019-01-18 15:01:35,617 49 loss=0.04785948441322577
2019-01-18 15:01:35,618 50 loss=0.04646315824508586
2019-01-18 15:01:35,618 
*** Major Checkpoint. Computing Stats and Saving
2019-01-18 15:01:35,618 	 Computing Major Stats lazily... 
2019-01-18 15:01:35,619 		 Completed edges=72 good=72 bad=0
2019-01-18 15:01:35,620 Distortion avg=0.18702967509457646 wc=2.106865307546579 me=1.2818024587384058 mc=1.6436739477159596 nan_elements=0
2019-01-18 15:01:35,620 MAP = 1.0
2019-01-18 15:01:35,620 scale=[array([1.])]
2019-01-18 15:01:35,620 *** End Major Checkpoint

2019-01-18 15:01:35,620 final loss=0.04646315824508586
2019-01-18 15:01:35,620 best loss=0.04646315824508586, distortion=0.18702967509457646, map=1.0, wc_dist=2.106865307546579
2019-01-18 15:01:35,621 	 Computing Major Stats lazily... 
2019-01-18 15:01:35,621 		 Completed edges=72 good=72 bad=0
2019-01-18 15:01:35,622 Distortion avg=0.1870296750945765 wc=2.106865307546579 me=1.2818024587384058 mc=1.6436739477159596 nan_elements=0
2019-01-18 15:01:35,622 MAP = 1.0
2019-01-18 15:01:35,623 scale=[array([1.])]
