2019-01-18 14:54:16,389 Commandline ['pytorch/pytorch_hyperbolic.py', 'learn', 'data/edges/parsing/ewt/ewt_dev/1222.edges', '--dim', '0', '--hyp', '0', '--edim', '10', '--euc', '1', '--sdim', '0', '--sph', '0', '--log-name', 'ewt_devr2/1222.edges.E10-1.lr1.log', '--batch-size', '65536', '--epochs', '50', '--checkpoint-freq', '10', '-g', '--subsample', '1024', '--learning-rate', '1']
2019-01-18 14:54:16,389 No Model Save selected!
2019-01-18 14:54:16,391 Loaded Graph data/edges/parsing/ewt/ewt_dev/1222.edges with 38 nodes scale=1.0
2019-01-18 14:54:16,391 Building dataset
2019-01-18 14:54:16,391 Subsample: 38 points with scale 1.0 subsample=37
2019-01-18 14:54:16,451 Built Data Sampler
2019-01-18 14:54:16,452 Creating a fresh model warm_start?=None
2019-01-18 14:54:16,452 	 Warmstarting? None None 38
2019-01-18 14:54:16,452 Embedding() torch.Size([38, 10])
2019-01-18 14:54:16,452 relative No Rescale
2019-01-18 14:54:16,452 Constructed model with dim=0 and epochs=0 isnan=False
2019-01-18 14:54:16,453 SGD (
Parameter Group 0
    dampening: 0
    initial_lr: 0.1
    lr: 1.0
    momentum: 0.0
    nesterov: False
    weight_decay: 0

Parameter Group 1
    dampening: 0
    initial_lr: 0.1
    lr: 1.0
    momentum: 0.0
    nesterov: False
    weight_decay: 0

Parameter Group 2
    dampening: 0
    initial_lr: 0.1
    lr: 1.0
    momentum: 0.0
    nesterov: False
    weight_decay: 0

Parameter Group 3
    dampening: 0
    initial_lr: 0.0001
    lr: 0.001
    momentum: 0.0
    nesterov: False
    weight_decay: 0
)
2019-01-18 14:54:16,453 *** Initial Checkpoint. Computing Stats
2019-01-18 14:54:16,453 	 Computing Major Stats lazily... 
2019-01-18 14:54:16,459 		 Completed edges=1406 good=1406 bad=0
2019-01-18 14:54:16,465 Distortion avg=0.9986224840309739 wc=20.72227723589767 me=0.005941110731069004 mc=3487.9466439719163 nan_elements=0
2019-01-18 14:54:16,465 MAP = 0.09448368204611113
2019-01-18 14:54:16,465 scale=[array([1.])]
2019-01-18 14:54:16,465 *** End Initial Checkpoint

2019-01-18 14:54:16,523 1 loss=0.9972477067074879
2019-01-18 14:54:16,525 2 loss=0.9738208434842544
2019-01-18 14:54:16,526 3 loss=0.9506901335761982
2019-01-18 14:54:16,528 4 loss=0.928406047161756
2019-01-18 14:54:16,529 5 loss=0.9070096130470114
2019-01-18 14:54:16,531 6 loss=0.8864849163261607
2019-01-18 14:54:16,532 7 loss=0.8668011321024228
2019-01-18 14:54:16,533 8 loss=0.8479227163885865
2019-01-18 14:54:16,535 9 loss=0.8298129753297008
2019-01-18 14:54:16,536 10 loss=0.8124355684349024
2019-01-18 14:54:16,536 
*** Major Checkpoint. Computing Stats and Saving
2019-01-18 14:54:16,536 	 Computing Major Stats lazily... 
2019-01-18 14:54:16,542 		 Completed edges=1406 good=1406 bad=0
2019-01-18 14:54:16,548 Distortion avg=0.8870601163909942 wc=50.697770006157626 me=0.5766052935187589 mc=87.92456568820636 nan_elements=0
2019-01-18 14:54:16,548 MAP = 0.05878909626438193
2019-01-18 14:54:16,548 scale=[array([1.])]
2019-01-18 14:54:16,548 *** End Major Checkpoint

2019-01-18 14:54:16,549 11 loss=0.795755202943087
2019-01-18 14:54:16,551 12 loss=0.7797379621840758
2019-01-18 14:54:16,552 13 loss=0.7643514513808817
2019-01-18 14:54:16,554 14 loss=0.7495648462083567
2019-01-18 14:54:16,555 15 loss=0.735348887365304
2019-01-18 14:54:16,556 16 loss=0.7216758445873122
2019-01-18 14:54:16,558 17 loss=0.7085194634478087
2019-01-18 14:54:16,559 18 loss=0.6958549028507512
2019-01-18 14:54:16,560 19 loss=0.6836586680286715
2019-01-18 14:54:16,562 20 loss=0.67190854203317
2019-01-18 14:54:16,562 
*** Major Checkpoint. Computing Stats and Saving
2019-01-18 14:54:16,562 	 Computing Major Stats lazily... 
2019-01-18 14:54:16,567 		 Completed edges=1406 good=1406 bad=0
2019-01-18 14:54:16,573 Distortion avg=0.7961633461533245 wc=47.83536437667283 me=0.9713781800368784 mc=49.244841360196865 nan_elements=0
2019-01-18 14:54:16,573 MAP = 0.057057031081351066
2019-01-18 14:54:16,573 scale=[array([1.])]
2019-01-18 14:54:16,573 *** End Major Checkpoint

2019-01-18 14:54:16,574 21 loss=0.6605835175881716
2019-01-18 14:54:16,576 22 loss=0.6496637304743952
2019-01-18 14:54:16,577 23 loss=0.6391303951625639
2019-01-18 14:54:16,578 24 loss=0.6289657431181861
2019-01-18 14:54:16,580 25 loss=0.6191529640057697
2019-01-18 14:54:16,581 26 loss=0.609676149890471
2019-01-18 14:54:16,582 27 loss=0.6005202424484822
2019-01-18 14:54:16,584 28 loss=0.5916709831399939
2019-01-18 14:54:16,585 29 loss=0.5831148662609699
2019-01-18 14:54:16,586 30 loss=0.5748390947661177
2019-01-18 14:54:16,586 
*** Major Checkpoint. Computing Stats and Saving
2019-01-18 14:54:16,587 	 Computing Major Stats lazily... 
2019-01-18 14:54:16,592 		 Completed edges=1406 good=1406 bad=0
2019-01-18 14:54:16,597 Distortion avg=0.7285130245957298 wc=43.15279101464539 me=1.238288559523061 mc=34.84873592893898 nan_elements=0
2019-01-18 14:54:16,597 MAP = 0.05728479909109405
2019-01-18 14:54:16,598 scale=[array([1.])]
2019-01-18 14:54:16,598 *** End Major Checkpoint

2019-01-18 14:54:16,599 31 loss=0.5668315387411483
2019-01-18 14:54:16,600 32 loss=0.559080696394711
2019-01-18 14:54:16,602 33 loss=0.5515756574373747
2019-01-18 14:54:16,603 34 loss=0.5443060687151602
2019-01-18 14:54:16,604 35 loss=0.537262101967498
2019-01-18 14:54:16,606 36 loss=0.53043442358332
2019-01-18 14:54:16,607 37 loss=0.5238141662337963
2019-01-18 14:54:16,608 38 loss=0.5173929022656214
2019-01-18 14:54:16,610 39 loss=0.5111626187444798
2019-01-18 14:54:16,611 40 loss=0.5051156940441803
2019-01-18 14:54:16,611 
*** Major Checkpoint. Computing Stats and Saving
2019-01-18 14:54:16,611 	 Computing Major Stats lazily... 
2019-01-18 14:54:16,616 		 Completed edges=1406 good=1406 bad=0
2019-01-18 14:54:16,622 Distortion avg=0.6814191905200256 wc=39.735256697695874 me=1.4609903373790356 mc=27.197480832747672 nan_elements=0
2019-01-18 14:54:16,622 MAP = 0.05856094982916327
2019-01-18 14:54:16,622 scale=[array([1.])]
2019-01-18 14:54:16,622 *** End Major Checkpoint

2019-01-18 14:54:16,624 41 loss=0.4992448758828011
2019-01-18 14:54:16,625 42 loss=0.4935432607129634
2019-01-18 14:54:16,626 43 loss=0.48800427437893695
2019-01-18 14:54:16,628 44 loss=0.482621653958695
2019-01-18 14:54:16,629 45 loss=0.4773894307141813
2019-01-18 14:54:16,630 46 loss=0.47230191407797895
2019-01-18 14:54:16,632 47 loss=0.4673536766092126
2019-01-18 14:54:16,633 48 loss=0.46253953985591656
2019-01-18 14:54:16,635 49 loss=0.45785456106523603
2019-01-18 14:54:16,636 50 loss=0.45329402068671776
2019-01-18 14:54:16,636 
*** Major Checkpoint. Computing Stats and Saving
2019-01-18 14:54:16,636 	 Computing Major Stats lazily... 
2019-01-18 14:54:16,641 		 Completed edges=1406 good=1406 bad=0
2019-01-18 14:54:16,647 Distortion avg=0.6433156893911368 wc=36.46398181868658 me=1.627500428589223 mc=22.404898443126612 nan_elements=0
2019-01-18 14:54:16,647 MAP = 0.06224348492521705
2019-01-18 14:54:16,648 scale=[array([1.])]
2019-01-18 14:54:16,648 *** End Major Checkpoint

2019-01-18 14:54:16,648 final loss=0.45329402068671776
2019-01-18 14:54:16,648 best loss=0.45329402068671776, distortion=0.6433156893911368, map=0.06224348492521705, wc_dist=36.46398181868658
2019-01-18 14:54:16,648 	 Computing Major Stats lazily... 
2019-01-18 14:54:16,653 		 Completed edges=1406 good=1406 bad=0
2019-01-18 14:54:16,659 Distortion avg=0.6433156893911355 wc=36.46398181868658 me=1.627500428589223 mc=22.404898443126612 nan_elements=0
2019-01-18 14:54:16,660 MAP = 0.06224348492521707
2019-01-18 14:54:16,660 scale=[array([1.])]
