2019-01-18 15:12:34,180 Commandline ['pytorch/pytorch_hyperbolic.py', 'learn', 'data/edges/parsing/ewt/ewt_dev/1228.edges', '--dim', '0', '--hyp', '0', '--edim', '10', '--euc', '1', '--sdim', '0', '--sph', '0', '--log-name', 'ewt_devr2/1228.edges.E10-1.lr1.log', '--batch-size', '65536', '--epochs', '50', '--checkpoint-freq', '10', '-g', '--subsample', '1024', '--learning-rate', '1']
2019-01-18 15:12:34,180 No Model Save selected!
2019-01-18 15:12:34,183 Loaded Graph data/edges/parsing/ewt/ewt_dev/1228.edges with 22 nodes scale=1.0
2019-01-18 15:12:34,183 Building dataset
2019-01-18 15:12:34,183 Subsample: 22 points with scale 1.0 subsample=21
2019-01-18 15:12:34,207 Built Data Sampler
2019-01-18 15:12:34,208 Creating a fresh model warm_start?=None
2019-01-18 15:12:34,208 	 Warmstarting? None None 22
2019-01-18 15:12:34,208 Embedding() torch.Size([22, 10])
2019-01-18 15:12:34,208 relative No Rescale
2019-01-18 15:12:34,209 Constructed model with dim=0 and epochs=0 isnan=False
2019-01-18 15:12:34,209 SGD (
Parameter Group 0
    dampening: 0
    initial_lr: 0.1
    lr: 1.0
    momentum: 0.0
    nesterov: False
    weight_decay: 0

Parameter Group 1
    dampening: 0
    initial_lr: 0.1
    lr: 1.0
    momentum: 0.0
    nesterov: False
    weight_decay: 0

Parameter Group 2
    dampening: 0
    initial_lr: 0.1
    lr: 1.0
    momentum: 0.0
    nesterov: False
    weight_decay: 0

Parameter Group 3
    dampening: 0
    initial_lr: 0.0001
    lr: 0.001
    momentum: 0.0
    nesterov: False
    weight_decay: 0
)
2019-01-18 15:12:34,209 *** Initial Checkpoint. Computing Stats
2019-01-18 15:12:34,209 	 Computing Major Stats lazily... 
2019-01-18 15:12:34,211 		 Completed edges=462 good=462 bad=0
2019-01-18 15:12:34,216 Distortion avg=0.9983448316674849 wc=16.372799038474167 me=0.00582765269827822 mc=2809.5015070667323 nan_elements=0
2019-01-18 15:12:34,216 MAP = 0.21432868230996568
2019-01-18 15:12:34,216 scale=[array([1.])]
2019-01-18 15:12:34,216 *** End Initial Checkpoint

2019-01-18 15:12:34,275 1 loss=0.996693571632442
2019-01-18 15:12:34,276 2 loss=0.9397277577324586
2019-01-18 15:12:34,277 3 loss=0.88660612780569
2019-01-18 15:12:34,278 4 loss=0.8385652476823316
2019-01-18 15:12:34,279 5 loss=0.7952274528414797
2019-01-18 15:12:34,280 6 loss=0.7561000799495595
2019-01-18 15:12:34,280 7 loss=0.720708662907185
2019-01-18 15:12:34,281 8 loss=0.6886230178759118
2019-01-18 15:12:34,282 9 loss=0.6594611961885821
2019-01-18 15:12:34,283 10 loss=0.6328871095245747
2019-01-18 15:12:34,283 
*** Major Checkpoint. Computing Stats and Saving
2019-01-18 15:12:34,283 	 Computing Major Stats lazily... 
2019-01-18 15:12:34,285 		 Completed edges=462 good=462 bad=0
2019-01-18 15:12:34,289 Distortion avg=0.7572872935156811 wc=19.885790670136206 me=1.0624981032049874 mc=18.716071690058957 nan_elements=0
2019-01-18 15:12:34,289 MAP = 0.08952840243457329
2019-01-18 15:12:34,289 scale=[array([1.])]
2019-01-18 15:12:34,289 *** End Major Checkpoint

2019-01-18 15:12:34,290 11 loss=0.6086062446463623
2019-01-18 15:12:34,291 12 loss=0.5863609823932099
2019-01-18 15:12:34,291 13 loss=0.5659260899137231
2019-01-18 15:12:34,293 14 loss=0.5471045966116096
2019-01-18 15:12:34,294 15 loss=0.5297241154292803
2019-01-18 15:12:34,295 16 loss=0.5136336067038988
2019-01-18 15:12:34,296 17 loss=0.498700554435295
2019-01-18 15:12:34,296 18 loss=0.4848085145129456
2019-01-18 15:12:34,297 19 loss=0.47185499226973254
2019-01-18 15:12:34,298 20 loss=0.4597496083676743
2019-01-18 15:12:34,298 
*** Major Checkpoint. Computing Stats and Saving
2019-01-18 15:12:34,298 	 Computing Major Stats lazily... 
2019-01-18 15:12:34,300 		 Completed edges=462 good=462 bad=0
2019-01-18 15:12:34,304 Distortion avg=0.6382785337786513 wc=16.206004376504268 me=1.50933597273086 mc=10.73717493606314 nan_elements=0
2019-01-18 15:12:34,304 MAP = 0.09576574444814566
2019-01-18 15:12:34,304 scale=[array([1.])]
2019-01-18 15:12:34,304 *** End Major Checkpoint

2019-01-18 15:12:34,305 21 loss=0.4484125153433903
2019-01-18 15:12:34,306 22 loss=0.43777303106888793
2019-01-18 15:12:34,307 23 loss=0.427768459370007
2019-01-18 15:12:34,308 24 loss=0.41834307182249575
2019-01-18 15:12:34,308 25 loss=0.40944722819426804
2019-01-18 15:12:34,309 26 loss=0.401036616080976
2019-01-18 15:12:34,310 27 loss=0.39307159299127936
2019-01-18 15:12:34,311 28 loss=0.3855166164997354
2019-01-18 15:12:34,312 29 loss=0.37833975013022947
2019-01-18 15:12:34,313 30 loss=0.3715122343956211
2019-01-18 15:12:34,313 
*** Major Checkpoint. Computing Stats and Saving
2019-01-18 15:12:34,313 	 Computing Major Stats lazily... 
2019-01-18 15:12:34,315 		 Completed edges=462 good=462 bad=0
2019-01-18 15:12:34,319 Distortion avg=0.5761875071512664 wc=13.264471090336484 me=1.6560440060072665 mc=8.0097334625287 nan_elements=0
2019-01-18 15:12:34,319 MAP = 0.11372009466728215
2019-01-18 15:12:34,319 scale=[array([1.])]
2019-01-18 15:12:34,319 *** End Major Checkpoint

2019-01-18 15:12:34,320 31 loss=0.36500811393383265
2019-01-18 15:12:34,321 32 loss=0.3588039129789543
2019-01-18 15:12:34,321 33 loss=0.35287835251719274
2019-01-18 15:12:34,322 34 loss=0.34721210342764675
2019-01-18 15:12:34,323 35 loss=0.3417875707197749
2019-01-18 15:12:34,324 36 loss=0.33658870467296714
2019-01-18 15:12:34,325 37 loss=0.3316008352760523
2019-01-18 15:12:34,325 38 loss=0.3268105268707011
2019-01-18 15:12:34,326 39 loss=0.32220545033525144
2019-01-18 15:12:34,327 40 loss=0.31777427051534396
2019-01-18 15:12:34,327 
*** Major Checkpoint. Computing Stats and Saving
2019-01-18 15:12:34,327 	 Computing Major Stats lazily... 
2019-01-18 15:12:34,329 		 Completed edges=462 good=462 bad=0
2019-01-18 15:12:34,332 Distortion avg=0.5269931000037259 wc=11.02416433153076 me=1.6705994320997486 mc=6.598927378823942 nan_elements=0
2019-01-18 15:12:34,332 MAP = 0.14462630331016205
2019-01-18 15:12:34,333 scale=[array([1.])]
2019-01-18 15:12:34,333 *** End Major Checkpoint

2019-01-18 15:12:34,334 41 loss=0.3135065469242188
2019-01-18 15:12:34,334 42 loss=0.30939264600647554
2019-01-18 15:12:34,335 43 loss=0.30542366349128786
2019-01-18 15:12:34,336 44 loss=0.3015913555602098
2019-01-18 15:12:34,337 45 loss=0.29788807772567394
2019-01-18 15:12:34,338 46 loss=0.2943067304632144
2019-01-18 15:12:34,339 47 loss=0.2908407107668457
2019-01-18 15:12:34,340 48 loss=0.28748386890589167
2019-01-18 15:12:34,341 49 loss=0.28423046975542837
2019-01-18 15:12:34,342 50 loss=0.2810751581535283
2019-01-18 15:12:34,342 
*** Major Checkpoint. Computing Stats and Saving
2019-01-18 15:12:34,343 	 Computing Major Stats lazily... 
2019-01-18 15:12:34,345 		 Completed edges=462 good=462 bad=0
2019-01-18 15:12:34,349 Distortion avg=0.4862101309974061 wc=10.01992585409001 me=1.7533816521015342 mc=5.714629123716746 nan_elements=0
2019-01-18 15:12:34,350 MAP = 0.18437051845308447
2019-01-18 15:12:34,350 scale=[array([1.])]
2019-01-18 15:12:34,350 *** End Major Checkpoint

2019-01-18 15:12:34,350 final loss=0.2810751581535283
2019-01-18 15:12:34,350 best loss=0.2810751581535283, distortion=0.4862101309974061, map=0.18437051845308447, wc_dist=10.01992585409001
2019-01-18 15:12:34,350 	 Computing Major Stats lazily... 
2019-01-18 15:12:34,352 		 Completed edges=462 good=462 bad=0
2019-01-18 15:12:34,356 Distortion avg=0.486210130997406 wc=10.01992585409001 me=1.7533816521015342 mc=5.714629123716746 nan_elements=0
2019-01-18 15:12:34,356 MAP = 0.1843705184530845
2019-01-18 15:12:34,356 scale=[array([1.])]
