2019-01-18 15:05:50,766 Commandline ['pytorch/pytorch_hyperbolic.py', 'learn', 'data/edges/parsing/ewt/ewt_dev/1229.edges', '--dim', '0', '--hyp', '0', '--edim', '10', '--euc', '1', '--sdim', '0', '--sph', '0', '--log-name', 'ewt_devr2/1229.edges.E10-1.lr1.log', '--batch-size', '65536', '--epochs', '50', '--checkpoint-freq', '10', '-g', '--subsample', '1024', '--learning-rate', '1']
2019-01-18 15:05:50,766 No Model Save selected!
2019-01-18 15:05:50,768 Loaded Graph data/edges/parsing/ewt/ewt_dev/1229.edges with 11 nodes scale=1.0
2019-01-18 15:05:50,768 Building dataset
2019-01-18 15:05:50,768 Subsample: 11 points with scale 1.0 subsample=10
2019-01-18 15:05:50,778 Built Data Sampler
2019-01-18 15:05:50,779 Creating a fresh model warm_start?=None
2019-01-18 15:05:50,779 	 Warmstarting? None None 11
2019-01-18 15:05:50,779 Embedding() torch.Size([11, 10])
2019-01-18 15:05:50,779 relative No Rescale
2019-01-18 15:05:50,780 Constructed model with dim=0 and epochs=0 isnan=False
2019-01-18 15:05:50,780 SGD (
Parameter Group 0
    dampening: 0
    initial_lr: 0.1
    lr: 1.0
    momentum: 0.0
    nesterov: False
    weight_decay: 0

Parameter Group 1
    dampening: 0
    initial_lr: 0.1
    lr: 1.0
    momentum: 0.0
    nesterov: False
    weight_decay: 0

Parameter Group 2
    dampening: 0
    initial_lr: 0.1
    lr: 1.0
    momentum: 0.0
    nesterov: False
    weight_decay: 0

Parameter Group 3
    dampening: 0
    initial_lr: 0.0001
    lr: 0.001
    momentum: 0.0
    nesterov: False
    weight_decay: 0
)
2019-01-18 15:05:50,780 *** Initial Checkpoint. Computing Stats
2019-01-18 15:05:50,780 	 Computing Major Stats lazily... 
2019-01-18 15:05:50,781 		 Completed edges=110 good=110 bad=0
2019-01-18 15:05:50,783 Distortion avg=0.9978529581953625 wc=6.613990196825831 me=0.005982886981094694 mc=1105.4847296506448 nan_elements=0
2019-01-18 15:05:50,784 MAP = 0.37850649350649346
2019-01-18 15:05:50,784 scale=[array([1.])]
2019-01-18 15:05:50,784 *** End Initial Checkpoint

2019-01-18 15:05:50,845 1 loss=0.9957120052312028
2019-01-18 15:05:50,846 2 loss=0.8080903512531444
2019-01-18 15:05:50,847 3 loss=0.6692377166630583
2019-01-18 15:05:50,847 4 loss=0.5709098127524342
2019-01-18 15:05:50,848 5 loss=0.49992159878259035
2019-01-18 15:05:50,848 6 loss=0.44712564979242503
2019-01-18 15:05:50,849 7 loss=0.4065458244388299
2019-01-18 15:05:50,850 8 loss=0.3743204732257703
2019-01-18 15:05:50,850 9 loss=0.3479477146375808
2019-01-18 15:05:50,851 10 loss=0.32579154371639407
2019-01-18 15:05:50,851 
*** Major Checkpoint. Computing Stats and Saving
2019-01-18 15:05:50,851 	 Computing Major Stats lazily... 
2019-01-18 15:05:50,852 		 Completed edges=110 good=110 bad=0
2019-01-18 15:05:50,854 Distortion avg=0.5133081492093401 wc=6.334749779244311 me=1.3117105202130963 mc=4.829380935524698 nan_elements=0
2019-01-18 15:05:50,854 MAP = 0.2292929292929293
2019-01-18 15:05:50,854 scale=[array([1.])]
2019-01-18 15:05:50,854 *** End Major Checkpoint

2019-01-18 15:05:50,855 11 loss=0.30676710894549447
2019-01-18 15:05:50,856 12 loss=0.290141875225795
2019-01-18 15:05:50,856 13 loss=0.2754101557657015
2019-01-18 15:05:50,857 14 loss=0.2622137519965684
2019-01-18 15:05:50,857 15 loss=0.25029153945484306
2019-01-18 15:05:50,858 16 loss=0.23944726599849697
2019-01-18 15:05:50,858 17 loss=0.22952885380412488
2019-01-18 15:05:50,859 18 loss=0.22041500119782917
2019-01-18 15:05:50,859 19 loss=0.2120064379001104
2019-01-18 15:05:50,860 20 loss=0.20422015863090318
2019-01-18 15:05:50,860 
*** Major Checkpoint. Computing Stats and Saving
2019-01-18 15:05:50,860 	 Computing Major Stats lazily... 
2019-01-18 15:05:50,861 		 Completed edges=110 good=110 bad=0
2019-01-18 15:05:50,863 Distortion avg=0.4039414562250863 wc=4.615258157701796 me=1.4789000915688988 mc=3.1207369476904123 nan_elements=0
2019-01-18 15:05:50,863 MAP = 0.4777958152958153
2019-01-18 15:05:50,863 scale=[array([1.])]
2019-01-18 15:05:50,863 *** End Major Checkpoint

2019-01-18 15:05:50,864 21 loss=0.19698556899337114
2019-01-18 15:05:50,864 22 loss=0.1902418619100447
2019-01-18 15:05:50,865 23 loss=0.1839361872807328
2019-01-18 15:05:50,866 24 loss=0.17802233406460302
2019-01-18 15:05:50,866 25 loss=0.1724597448584162
2019-01-18 15:05:50,867 26 loss=0.16721274829247354
2019-01-18 15:05:50,868 27 loss=0.16224993679255234
2019-01-18 15:05:50,868 28 loss=0.15754364447187252
2019-01-18 15:05:50,869 29 loss=0.15306949728668107
2019-01-18 15:05:50,869 30 loss=0.14880601848844063
2019-01-18 15:05:50,869 
*** Major Checkpoint. Computing Stats and Saving
2019-01-18 15:05:50,869 	 Computing Major Stats lazily... 
2019-01-18 15:05:50,870 		 Completed edges=110 good=110 bad=0
2019-01-18 15:05:50,872 Distortion avg=0.3352669091198341 wc=3.723916328749534 me=1.4323104437672027 mc=2.599936588436125 nan_elements=0
2019-01-18 15:05:50,872 MAP = 0.8882575757575758
2019-01-18 15:05:50,872 scale=[array([1.])]
2019-01-18 15:05:50,873 *** End Major Checkpoint

2019-01-18 15:05:50,873 31 loss=0.14473427907019057
2019-01-18 15:05:50,874 32 loss=0.1408375868288851
2019-01-18 15:05:50,874 33 loss=0.1371012098533027
2019-01-18 15:05:50,875 34 loss=0.13351213137129572
2019-01-18 15:05:50,875 35 loss=0.13005883339685492
2019-01-18 15:05:50,876 36 loss=0.12673110679621258
2019-01-18 15:05:50,876 37 loss=0.1235198854242881
2019-01-18 15:05:50,877 38 loss=0.12041710197542939
2019-01-18 15:05:50,877 39 loss=0.11741556320315989
2019-01-18 15:05:50,878 40 loss=0.11450884221783103
2019-01-18 15:05:50,878 
*** Major Checkpoint. Computing Stats and Saving
2019-01-18 15:05:50,878 	 Computing Major Stats lazily... 
2019-01-18 15:05:50,879 		 Completed edges=110 good=110 bad=0
2019-01-18 15:05:50,880 Distortion avg=0.2914925624874219 wc=3.1483472682342484 me=1.3755296027298927 mc=2.2888255272630995 nan_elements=0
2019-01-18 15:05:50,880 MAP = 1.0
2019-01-18 15:05:50,881 scale=[array([1.])]
2019-01-18 15:05:50,881 *** End Major Checkpoint

2019-01-18 15:05:50,881 41 loss=0.11169118567419811
2019-01-18 15:05:50,882 42 loss=0.10895743380727711
2019-01-18 15:05:50,882 43 loss=0.10630295145331616
2019-01-18 15:05:50,883 44 loss=0.10372356839062528
2019-01-18 15:05:50,883 45 loss=0.10121552754029926
2019-01-18 15:05:50,884 46 loss=0.09877543976936048
2019-01-18 15:05:50,884 47 loss=0.09640024423070756
2019-01-18 15:05:50,885 48 loss=0.09408717335008264
2019-01-18 15:05:50,886 49 loss=0.09183372172684252
2019-01-18 15:05:50,886 50 loss=0.08963761835123794
2019-01-18 15:05:50,886 
*** Major Checkpoint. Computing Stats and Saving
2019-01-18 15:05:50,886 	 Computing Major Stats lazily... 
2019-01-18 15:05:50,887 		 Completed edges=110 good=110 bad=0
2019-01-18 15:05:50,889 Distortion avg=0.25450478143283967 wc=2.7490417490831085 me=1.3345286809576467 mc=2.0599345584018613 nan_elements=0
2019-01-18 15:05:50,889 MAP = 1.0
2019-01-18 15:05:50,889 scale=[array([1.])]
2019-01-18 15:05:50,889 *** End Major Checkpoint

2019-01-18 15:05:50,890 final loss=0.08963761835123794
2019-01-18 15:05:50,890 best loss=0.08963761835123794, distortion=0.25450478143283967, map=1.0, wc_dist=2.7490417490831085
2019-01-18 15:05:50,890 	 Computing Major Stats lazily... 
2019-01-18 15:05:50,890 		 Completed edges=110 good=110 bad=0
2019-01-18 15:05:50,892 Distortion avg=0.2545047814328396 wc=2.7490417490831085 me=1.3345286809576467 mc=2.0599345584018613 nan_elements=0
2019-01-18 15:05:50,892 MAP = 1.0
2019-01-18 15:05:50,893 scale=[array([1.])]
