2019-01-18 14:52:29,245 Commandline ['pytorch/pytorch_hyperbolic.py', 'learn', 'data/edges/parsing/ewt/ewt_dev/123.edges', '--dim', '0', '--hyp', '0', '--edim', '10', '--euc', '1', '--sdim', '0', '--sph', '0', '--log-name', 'ewt_devr2/123.edges.E10-1.lr1.log', '--batch-size', '65536', '--epochs', '50', '--checkpoint-freq', '10', '-g', '--subsample', '1024', '--learning-rate', '1']
2019-01-18 14:52:29,245 No Model Save selected!
2019-01-18 14:52:29,247 Loaded Graph data/edges/parsing/ewt/ewt_dev/123.edges with 28 nodes scale=1.0
2019-01-18 14:52:29,247 Building dataset
2019-01-18 14:52:29,248 Subsample: 28 points with scale 1.0 subsample=27
2019-01-18 14:52:29,283 Built Data Sampler
2019-01-18 14:52:29,284 Creating a fresh model warm_start?=None
2019-01-18 14:52:29,284 	 Warmstarting? None None 28
2019-01-18 14:52:29,284 Embedding() torch.Size([28, 10])
2019-01-18 14:52:29,284 relative No Rescale
2019-01-18 14:52:29,284 Constructed model with dim=0 and epochs=0 isnan=False
2019-01-18 14:52:29,285 SGD (
Parameter Group 0
    dampening: 0
    initial_lr: 0.1
    lr: 1.0
    momentum: 0.0
    nesterov: False
    weight_decay: 0

Parameter Group 1
    dampening: 0
    initial_lr: 0.1
    lr: 1.0
    momentum: 0.0
    nesterov: False
    weight_decay: 0

Parameter Group 2
    dampening: 0
    initial_lr: 0.1
    lr: 1.0
    momentum: 0.0
    nesterov: False
    weight_decay: 0

Parameter Group 3
    dampening: 0
    initial_lr: 0.0001
    lr: 0.001
    momentum: 0.0
    nesterov: False
    weight_decay: 0
)
2019-01-18 14:52:29,285 *** Initial Checkpoint. Computing Stats
2019-01-18 14:52:29,285 	 Computing Major Stats lazily... 
2019-01-18 14:52:29,288 		 Completed edges=756 good=756 bad=0
2019-01-18 14:52:29,293 Distortion avg=0.998626045427414 wc=28.27458351412486 me=0.006841983940850235 mc=4132.5124055481565 nan_elements=0
2019-01-18 14:52:29,293 MAP = 0.2046494554649802
2019-01-18 14:52:29,293 scale=[array([1.])]
2019-01-18 14:52:29,293 *** End Initial Checkpoint

2019-01-18 14:52:29,351 1 loss=0.9972551254410496
2019-01-18 14:52:29,352 2 loss=0.9674744319079136
2019-01-18 14:52:29,353 3 loss=0.938410691461418
2019-01-18 14:52:29,354 4 loss=0.9108384762498589
2019-01-18 14:52:29,355 5 loss=0.884798181874138
2019-01-18 14:52:29,356 6 loss=0.8602375307367602
2019-01-18 14:52:29,357 7 loss=0.8370807101275269
2019-01-18 14:52:29,358 8 loss=0.8152459137413297
2019-01-18 14:52:29,359 9 loss=0.7946515185814437
2019-01-18 14:52:29,360 10 loss=0.7752186177916826
2019-01-18 14:52:29,360 
*** Major Checkpoint. Computing Stats and Saving
2019-01-18 14:52:29,360 	 Computing Major Stats lazily... 
2019-01-18 14:52:29,363 		 Completed edges=756 good=756 bad=0
2019-01-18 14:52:29,367 Distortion avg=0.8604436913925458 wc=29.259235032456463 me=0.6982612885837635 mc=41.90298891092904 nan_elements=0
2019-01-18 14:52:29,367 MAP = 0.07629033911031118
2019-01-18 14:52:29,367 scale=[array([1.])]
2019-01-18 14:52:29,367 *** End Major Checkpoint

2019-01-18 14:52:29,368 11 loss=0.7568721072005831
2019-01-18 14:52:29,369 12 loss=0.7395411157195717
2019-01-18 14:52:29,370 13 loss=0.7231591116666894
2019-01-18 14:52:29,371 14 loss=0.707663840981125
2019-01-18 14:52:29,372 15 loss=0.6929971768067458
2019-01-18 14:52:29,373 16 loss=0.679104923459237
2019-01-18 14:52:29,374 17 loss=0.665936599089857
2019-01-18 14:52:29,375 18 loss=0.653445211191524
2019-01-18 14:52:29,376 19 loss=0.6415870333011308
2019-01-18 14:52:29,378 20 loss=0.6303213878274366
2019-01-18 14:52:29,378 
*** Major Checkpoint. Computing Stats and Saving
2019-01-18 14:52:29,378 	 Computing Major Stats lazily... 
2019-01-18 14:52:29,381 		 Completed edges=756 good=756 bad=0
2019-01-18 14:52:29,385 Distortion avg=0.7587739708020453 wc=25.336286796388954 me=1.1324711792592084 mc=22.37256652567738 nan_elements=0
2019-01-18 14:52:29,385 MAP = 0.07378378739372936
2019-01-18 14:52:29,385 scale=[array([1.])]
2019-01-18 14:52:29,385 *** End Major Checkpoint

2019-01-18 14:52:29,386 21 loss=0.619610437849164
2019-01-18 14:52:29,387 22 loss=0.6094189894309043
2019-01-18 14:52:29,388 23 loss=0.5997143051855565
2019-01-18 14:52:29,389 24 loss=0.590465929291287
2019-01-18 14:52:29,390 25 loss=0.5816455238403787
2019-01-18 14:52:29,391 26 loss=0.5732267161900806
2019-01-18 14:52:29,392 27 loss=0.56518495685957
2019-01-18 14:52:29,393 28 loss=0.5574973874451006
2019-01-18 14:52:29,394 29 loss=0.5501427179894568
2019-01-18 14:52:29,395 30 loss=0.5431011132299896
2019-01-18 14:52:29,395 
*** Major Checkpoint. Computing Stats and Saving
2019-01-18 14:52:29,395 	 Computing Major Stats lazily... 
2019-01-18 14:52:29,398 		 Completed edges=756 good=756 bad=0
2019-01-18 14:52:29,402 Distortion avg=0.7022647605398699 wc=22.872399515075823 me=1.4291050047804714 mc=16.00470185085477 nan_elements=0
2019-01-18 14:52:29,402 MAP = 0.0770362996801796
2019-01-18 14:52:29,403 scale=[array([1.])]
2019-01-18 14:52:29,403 *** End Major Checkpoint

2019-01-18 14:52:29,404 31 loss=0.5363540871536697
2019-01-18 14:52:29,405 32 loss=0.5298844053022678
2019-01-18 14:52:29,406 33 loss=0.5236759942920886
2019-01-18 14:52:29,407 34 loss=0.5177138580380687
2019-01-18 14:52:29,408 35 loss=0.5119840001996303
2019-01-18 14:52:29,409 36 loss=0.5064733523942134
2019-01-18 14:52:29,409 37 loss=0.5011697077530176
2019-01-18 14:52:29,410 38 loss=0.4960616594215799
2019-01-18 14:52:29,411 39 loss=0.4911385436350018
2019-01-18 14:52:29,412 40 loss=0.4863903870236657
2019-01-18 14:52:29,412 
*** Major Checkpoint. Computing Stats and Saving
2019-01-18 14:52:29,413 	 Computing Major Stats lazily... 
2019-01-18 14:52:29,416 		 Completed edges=756 good=756 bad=0
2019-01-18 14:52:29,420 Distortion avg=0.6645584607885338 wc=20.969737321600643 me=1.6301907543078022 mc=12.863364159186778 nan_elements=0
2019-01-18 14:52:29,420 MAP = 0.08038714582413986
2019-01-18 14:52:29,420 scale=[array([1.])]
2019-01-18 14:52:29,420 *** End Major Checkpoint

2019-01-18 14:52:29,421 41 loss=0.4818078578300184
2019-01-18 14:52:29,422 42 loss=0.4773822207403175
2019-01-18 14:52:29,423 43 loss=0.47310529505718274
2019-01-18 14:52:29,424 44 loss=0.4689694159593028
2019-01-18 14:52:29,425 45 loss=0.4649673986137944
2019-01-18 14:52:29,426 46 loss=0.4610925049245378
2019-01-18 14:52:29,427 47 loss=0.4573384127163604
2019-01-18 14:52:29,428 48 loss=0.45369918717029617
2019-01-18 14:52:29,429 49 loss=0.45016925433936233
2019-01-18 14:52:29,430 50 loss=0.4467433765874627
2019-01-18 14:52:29,430 
*** Major Checkpoint. Computing Stats and Saving
2019-01-18 14:52:29,430 	 Computing Major Stats lazily... 
2019-01-18 14:52:29,433 		 Completed edges=756 good=756 bad=0
2019-01-18 14:52:29,437 Distortion avg=0.6337440734828771 wc=19.32031410378871 me=1.7573385330202707 mc=10.994076406316331 nan_elements=0
2019-01-18 14:52:29,437 MAP = 0.08763136817627666
2019-01-18 14:52:29,437 scale=[array([1.])]
2019-01-18 14:52:29,437 *** End Major Checkpoint

2019-01-18 14:52:29,437 final loss=0.4467433765874627
2019-01-18 14:52:29,438 best loss=0.4467433765874627, distortion=0.6337440734828771, map=0.08763136817627666, wc_dist=19.32031410378871
2019-01-18 14:52:29,438 	 Computing Major Stats lazily... 
2019-01-18 14:52:29,440 		 Completed edges=756 good=756 bad=0
2019-01-18 14:52:29,445 Distortion avg=0.6337440734828775 wc=19.32031410378871 me=1.7573385330202707 mc=10.994076406316331 nan_elements=0
2019-01-18 14:52:29,445 MAP = 0.08763136817627667
2019-01-18 14:52:29,445 scale=[array([1.])]
