2019-01-18 15:08:04,306 Commandline ['pytorch/pytorch_hyperbolic.py', 'learn', 'data/edges/parsing/ewt/ewt_dev/1230.edges', '--dim', '0', '--hyp', '0', '--edim', '10', '--euc', '1', '--sdim', '0', '--sph', '0', '--log-name', 'ewt_devr2/1230.edges.E10-1.lr1.log', '--batch-size', '65536', '--epochs', '50', '--checkpoint-freq', '10', '-g', '--subsample', '1024', '--learning-rate', '1']
2019-01-18 15:08:04,306 No Model Save selected!
2019-01-18 15:08:04,308 Loaded Graph data/edges/parsing/ewt/ewt_dev/1230.edges with 6 nodes scale=1.0
2019-01-18 15:08:04,308 Building dataset
2019-01-18 15:08:04,308 Subsample: 6 points with scale 1.0 subsample=5
2019-01-18 15:08:04,313 Built Data Sampler
2019-01-18 15:08:04,313 Creating a fresh model warm_start?=None
2019-01-18 15:08:04,313 	 Warmstarting? None None 6
2019-01-18 15:08:04,313 Embedding() torch.Size([6, 10])
2019-01-18 15:08:04,314 relative No Rescale
2019-01-18 15:08:04,314 Constructed model with dim=0 and epochs=0 isnan=False
2019-01-18 15:08:04,314 SGD (
Parameter Group 0
    dampening: 0
    initial_lr: 0.1
    lr: 1.0
    momentum: 0.0
    nesterov: False
    weight_decay: 0

Parameter Group 1
    dampening: 0
    initial_lr: 0.1
    lr: 1.0
    momentum: 0.0
    nesterov: False
    weight_decay: 0

Parameter Group 2
    dampening: 0
    initial_lr: 0.1
    lr: 1.0
    momentum: 0.0
    nesterov: False
    weight_decay: 0

Parameter Group 3
    dampening: 0
    initial_lr: 0.0001
    lr: 0.001
    momentum: 0.0
    nesterov: False
    weight_decay: 0
)
2019-01-18 15:08:04,314 *** Initial Checkpoint. Computing Stats
2019-01-18 15:08:04,314 	 Computing Major Stats lazily... 
2019-01-18 15:08:04,315 		 Completed edges=30 good=30 bad=0
2019-01-18 15:08:04,316 Distortion avg=0.9971546939481005 wc=5.448327215027938 me=0.005628252251848828 mc=968.0318100949036 nan_elements=0
2019-01-18 15:08:04,316 MAP = 0.5284722222222222
2019-01-18 15:08:04,316 scale=[array([1.])]
2019-01-18 15:08:04,316 *** End Initial Checkpoint

2019-01-18 15:08:04,374 1 loss=0.9943192067512822
2019-01-18 15:08:04,375 2 loss=0.46991990907424946
2019-01-18 15:08:04,376 3 loss=0.3108767236576337
2019-01-18 15:08:04,376 4 loss=0.24168774339066185
2019-01-18 15:08:04,376 5 loss=0.19759016489154343
2019-01-18 15:08:04,377 6 loss=0.16522658106028995
2019-01-18 15:08:04,377 7 loss=0.14028771800512346
2019-01-18 15:08:04,378 8 loss=0.12057049338116534
2019-01-18 15:08:04,378 9 loss=0.10464916627292092
2019-01-18 15:08:04,379 10 loss=0.09154158216494673
2019-01-18 15:08:04,379 
*** Major Checkpoint. Computing Stats and Saving
2019-01-18 15:08:04,379 	 Computing Major Stats lazily... 
2019-01-18 15:08:04,379 		 Completed edges=30 good=30 bad=0
2019-01-18 15:08:04,380 Distortion avg=0.254123484698187 wc=2.443153282438172 me=1.1891381358139654 mc=2.0545580104247794 nan_elements=0
2019-01-18 15:08:04,380 MAP = 1.0
2019-01-18 15:08:04,381 scale=[array([1.])]
2019-01-18 15:08:04,381 *** End Major Checkpoint

2019-01-18 15:08:04,381 11 loss=0.08057085936474499
2019-01-18 15:08:04,382 12 loss=0.07127260143004074
2019-01-18 15:08:04,382 13 loss=0.06332396406203095
2019-01-18 15:08:04,383 14 loss=0.05649231432949824
2019-01-18 15:08:04,383 15 loss=0.05060136495454977
2019-01-18 15:08:04,383 16 loss=0.04551071994428566
2019-01-18 15:08:04,384 17 loss=0.04110433700212692
2019-01-18 15:08:04,384 18 loss=0.03728421558527746
2019-01-18 15:08:04,385 19 loss=0.03396681670126922
2019-01-18 15:08:04,385 20 loss=0.031080772631553052
2019-01-18 15:08:04,385 
*** Major Checkpoint. Computing Stats and Saving
2019-01-18 15:08:04,386 	 Computing Major Stats lazily... 
2019-01-18 15:08:04,386 		 Completed edges=30 good=30 bad=0
2019-01-18 15:08:04,387 Distortion avg=0.15286267501213094 wc=1.6555592852523149 me=1.1462487654450322 mc=1.4443280858056518 nan_elements=0
2019-01-18 15:08:04,387 MAP = 1.0
2019-01-18 15:08:04,387 scale=[array([1.])]
2019-01-18 15:08:04,387 *** End Major Checkpoint

2019-01-18 15:08:04,388 21 loss=0.028565167616418093
2019-01-18 15:08:04,388 22 loss=0.026368086103948318
2019-01-18 15:08:04,389 23 loss=0.024445326831685387
2019-01-18 15:08:04,389 24 loss=0.022759260135522805
2019-01-18 15:08:04,390 25 loss=0.02127782655067837
2019-01-18 15:08:04,390 26 loss=0.01997367352334346
2019-01-18 15:08:04,390 27 loss=0.01882342107668298
2019-01-18 15:08:04,391 28 loss=0.017807042810016865
2019-01-18 15:08:04,391 29 loss=0.016907346819974568
2019-01-18 15:08:04,392 30 loss=0.016109541393821935
2019-01-18 15:08:04,392 
*** Major Checkpoint. Computing Stats and Saving
2019-01-18 15:08:04,392 	 Computing Major Stats lazily... 
2019-01-18 15:08:04,392 		 Completed edges=30 good=30 bad=0
2019-01-18 15:08:04,393 Distortion avg=0.11489413890670794 wc=1.4378334895765568 me=1.1434542901212486 mc=1.257447282325639 nan_elements=0
2019-01-18 15:08:04,393 MAP = 1.0
2019-01-18 15:08:04,394 scale=[array([1.])]
2019-01-18 15:08:04,394 *** End Major Checkpoint

2019-01-18 15:08:04,394 31 loss=0.015400871721823415
2019-01-18 15:08:04,394 32 loss=0.01477031570821983
2019-01-18 15:08:04,395 33 loss=0.014208328818498962
2019-01-18 15:08:04,395 34 loss=0.013706629590017172
2019-01-18 15:08:04,396 35 loss=0.01325801888811884
2019-01-18 15:08:04,396 36 loss=0.012856227209132397
2019-01-18 15:08:04,397 37 loss=0.012495785339507478
2019-01-18 15:08:04,397 38 loss=0.012171914508422376
2019-01-18 15:08:04,398 39 loss=0.011880432849814793
2019-01-18 15:08:04,398 40 loss=0.011617675545478053
2019-01-18 15:08:04,398 
*** Major Checkpoint. Computing Stats and Saving
2019-01-18 15:08:04,398 	 Computing Major Stats lazily... 
2019-01-18 15:08:04,398 		 Completed edges=30 good=30 bad=0
2019-01-18 15:08:04,399 Distortion avg=0.0994322449236577 wc=1.3407541558281568 me=1.1369323327566379 mc=1.1792734863800793 nan_elements=0
2019-01-18 15:08:04,400 MAP = 1.0
2019-01-18 15:08:04,400 scale=[array([1.])]
2019-01-18 15:08:04,400 *** End Major Checkpoint

2019-01-18 15:08:04,400 41 loss=0.011380426475831089
2019-01-18 15:08:04,401 42 loss=0.011165859577562375
2019-01-18 15:08:04,401 43 loss=0.010971488412633318
2019-01-18 15:08:04,402 44 loss=0.010795122703476814
2019-01-18 15:08:04,402 45 loss=0.010634830794773387
2019-01-18 15:08:04,402 46 loss=0.010488907171225314
2019-01-18 15:08:04,403 47 loss=0.010355844300046525
2019-01-18 15:08:04,403 48 loss=0.010234308181957428
2019-01-18 15:08:04,404 49 loss=0.01012311708979743
2019-01-18 15:08:04,404 50 loss=0.010021223053075647
2019-01-18 15:08:04,404 
*** Major Checkpoint. Computing Stats and Saving
2019-01-18 15:08:04,404 	 Computing Major Stats lazily... 
2019-01-18 15:08:04,405 		 Completed edges=30 good=30 bad=0
2019-01-18 15:08:04,406 Distortion avg=0.09471774963029969 wc=1.2905565477105776 me=1.131143407778815 mc=1.1409309720018581 nan_elements=0
2019-01-18 15:08:04,406 MAP = 1.0
2019-01-18 15:08:04,406 scale=[array([1.])]
2019-01-18 15:08:04,406 *** End Major Checkpoint

2019-01-18 15:08:04,406 final loss=0.010021223053075647
2019-01-18 15:08:04,406 best loss=0.010021223053075647, distortion=0.09471774963029969, map=1.0, wc_dist=1.2905565477105776
2019-01-18 15:08:04,406 	 Computing Major Stats lazily... 
2019-01-18 15:08:04,406 		 Completed edges=30 good=30 bad=0
2019-01-18 15:08:04,407 Distortion avg=0.09471774963029965 wc=1.2905565477105776 me=1.131143407778815 mc=1.1409309720018581 nan_elements=0
2019-01-18 15:08:04,408 MAP = 1.0
2019-01-18 15:08:04,408 scale=[array([1.])]
