2019-01-18 15:09:42,798 Commandline ['pytorch/pytorch_hyperbolic.py', 'learn', 'data/edges/parsing/ewt/ewt_dev/124.edges', '--dim', '0', '--hyp', '0', '--edim', '10', '--euc', '1', '--sdim', '0', '--sph', '0', '--log-name', 'ewt_devr2/124.edges.E10-1.lr1.log', '--batch-size', '65536', '--epochs', '50', '--checkpoint-freq', '10', '-g', '--subsample', '1024', '--learning-rate', '1']
2019-01-18 15:09:42,798 No Model Save selected!
2019-01-18 15:09:42,800 Loaded Graph data/edges/parsing/ewt/ewt_dev/124.edges with 21 nodes scale=1.0
2019-01-18 15:09:42,800 Building dataset
2019-01-18 15:09:42,800 Subsample: 21 points with scale 1.0 subsample=20
2019-01-18 15:09:42,824 Built Data Sampler
2019-01-18 15:09:42,824 Creating a fresh model warm_start?=None
2019-01-18 15:09:42,824 	 Warmstarting? None None 21
2019-01-18 15:09:42,825 Embedding() torch.Size([21, 10])
2019-01-18 15:09:42,825 relative No Rescale
2019-01-18 15:09:42,825 Constructed model with dim=0 and epochs=0 isnan=False
2019-01-18 15:09:42,825 SGD (
Parameter Group 0
    dampening: 0
    initial_lr: 0.1
    lr: 1.0
    momentum: 0.0
    nesterov: False
    weight_decay: 0

Parameter Group 1
    dampening: 0
    initial_lr: 0.1
    lr: 1.0
    momentum: 0.0
    nesterov: False
    weight_decay: 0

Parameter Group 2
    dampening: 0
    initial_lr: 0.1
    lr: 1.0
    momentum: 0.0
    nesterov: False
    weight_decay: 0

Parameter Group 3
    dampening: 0
    initial_lr: 0.0001
    lr: 0.001
    momentum: 0.0
    nesterov: False
    weight_decay: 0
)
2019-01-18 15:09:42,825 *** Initial Checkpoint. Computing Stats
2019-01-18 15:09:42,825 	 Computing Major Stats lazily... 
2019-01-18 15:09:42,828 		 Completed edges=420 good=420 bad=0
2019-01-18 15:09:42,831 Distortion avg=0.9984948713722431 wc=16.423575160964713 me=0.005398359481438293 mc=3042.327065738304 nan_elements=0
2019-01-18 15:09:42,831 MAP = 0.20017429169353093
2019-01-18 15:09:42,832 scale=[array([1.])]
2019-01-18 15:09:42,832 *** End Initial Checkpoint

2019-01-18 15:09:42,889 1 loss=0.9969932140366982
2019-01-18 15:09:42,890 2 loss=0.9477993008505283
2019-01-18 15:09:42,891 3 loss=0.9010856702173117
2019-01-18 15:09:42,892 4 loss=0.8583371776651735
2019-01-18 15:09:42,892 5 loss=0.8194407291908044
2019-01-18 15:09:42,893 6 loss=0.7840985354130077
2019-01-18 15:09:42,894 7 loss=0.7519845011816261
2019-01-18 15:09:42,895 8 loss=0.7227827699305244
2019-01-18 15:09:42,895 9 loss=0.696199697497549
2019-01-18 15:09:42,896 10 loss=0.6719672535425028
2019-01-18 15:09:42,896 
*** Major Checkpoint. Computing Stats and Saving
2019-01-18 15:09:42,896 	 Computing Major Stats lazily... 
2019-01-18 15:09:42,898 		 Completed edges=420 good=420 bad=0
2019-01-18 15:09:42,901 Distortion avg=0.7839064252887034 wc=31.518053234687027 me=0.8522766195851764 mc=36.98101357048563 nan_elements=0
2019-01-18 15:09:42,902 MAP = 0.09064600659304332
2019-01-18 15:09:42,902 scale=[array([1.])]
2019-01-18 15:09:42,902 *** End Major Checkpoint

2019-01-18 15:09:42,903 11 loss=0.649843124421189
2019-01-18 15:09:42,903 12 loss=0.629609451498809
2019-01-18 15:09:42,904 13 loss=0.6110710202644902
2019-01-18 15:09:42,905 14 loss=0.5940532750445333
2019-01-18 15:09:42,906 15 loss=0.5784003396310948
2019-01-18 15:09:42,906 16 loss=0.5639731309782647
2019-01-18 15:09:42,907 17 loss=0.5506476058525313
2019-01-18 15:09:42,908 18 loss=0.5383131554500321
2019-01-18 15:09:42,909 19 loss=0.5268711496851539
2019-01-18 15:09:42,910 20 loss=0.5162336257895529
2019-01-18 15:09:42,910 
*** Major Checkpoint. Computing Stats and Saving
2019-01-18 15:09:42,910 	 Computing Major Stats lazily... 
2019-01-18 15:09:42,912 		 Completed edges=420 good=420 bad=0
2019-01-18 15:09:42,916 Distortion avg=0.6761134640838584 wc=27.93008854021942 me=1.281851504645083 mc=21.788864341156785 nan_elements=0
2019-01-18 15:09:42,916 MAP = 0.09275202096133103
2019-01-18 15:09:42,916 scale=[array([1.])]
2019-01-18 15:09:42,916 *** End Major Checkpoint

2019-01-18 15:09:42,917 21 loss=0.5063221122725674
2019-01-18 15:09:42,918 22 loss=0.4970665776825399
2019-01-18 15:09:42,919 23 loss=0.4884044931295806
2019-01-18 15:09:42,919 24 loss=0.4802799976954088
2019-01-18 15:09:42,920 25 loss=0.4726431563765991
2019-01-18 15:09:42,921 26 loss=0.465449300911097
2019-01-18 15:09:42,922 27 loss=0.458658444620264
2019-01-18 15:09:42,922 28 loss=0.45223476319763983
2019-01-18 15:09:42,923 29 loss=0.4461461341543522
2019-01-18 15:09:42,924 30 loss=0.44036372836897186
2019-01-18 15:09:42,924 
*** Major Checkpoint. Computing Stats and Saving
2019-01-18 15:09:42,924 	 Computing Major Stats lazily... 
2019-01-18 15:09:42,926 		 Completed edges=420 good=420 bad=0
2019-01-18 15:09:42,929 Distortion avg=0.6297534036988128 wc=25.01915531855433 me=1.518021099849803 mc=16.481427907049376 nan_elements=0
2019-01-18 15:09:42,929 MAP = 0.10225490049821095
2019-01-18 15:09:42,929 scale=[array([1.])]
2019-01-18 15:09:42,929 *** End Major Checkpoint

2019-01-18 15:09:42,930 31 loss=0.4348616478757591
2019-01-18 15:09:42,931 32 loss=0.4296166046552056
2019-01-18 15:09:42,932 33 loss=0.4246076357637539
2019-01-18 15:09:42,933 34 loss=0.41981585065724125
2019-01-18 15:09:42,933 35 loss=0.41522420702790286
2019-01-18 15:09:42,934 36 loss=0.4108173118913167
2019-01-18 15:09:42,935 37 loss=0.4065812450314832
2019-01-18 15:09:42,936 38 loss=0.40250340224329734
2019-01-18 15:09:42,936 39 loss=0.3985723561059033
2019-01-18 15:09:42,937 40 loss=0.3947777322815343
2019-01-18 15:09:42,937 
*** Major Checkpoint. Computing Stats and Saving
2019-01-18 15:09:42,937 	 Computing Major Stats lazily... 
2019-01-18 15:09:42,939 		 Completed edges=420 good=420 bad=0
2019-01-18 15:09:42,942 Distortion avg=0.5931106109162493 wc=22.64784068854107 me=1.6571843027205018 mc=13.666458613783298 nan_elements=0
2019-01-18 15:09:42,943 MAP = 0.11706402479474869
2019-01-18 15:09:42,943 scale=[array([1.])]
2019-01-18 15:09:42,943 *** End Major Checkpoint

2019-01-18 15:09:42,944 41 loss=0.3911100995658849
2019-01-18 15:09:42,944 42 loss=0.38756087212100704
2019-01-18 15:09:42,945 43 loss=0.3841222225030931
2019-01-18 15:09:42,946 44 loss=0.3807870042578927
2019-01-18 15:09:42,947 45 loss=0.37754868299831296
2019-01-18 15:09:42,947 46 loss=0.37440127500404186
2019-01-18 15:09:42,948 47 loss=0.37133929249376674
2019-01-18 15:09:42,949 48 loss=0.3683576948183541
2019-01-18 15:09:42,950 49 loss=0.3654518449097676
2019-01-18 15:09:42,951 50 loss=0.36261747039682785
2019-01-18 15:09:42,951 
*** Major Checkpoint. Computing Stats and Saving
2019-01-18 15:09:42,951 	 Computing Major Stats lazily... 
2019-01-18 15:09:42,953 		 Completed edges=420 good=420 bad=0
2019-01-18 15:09:42,956 Distortion avg=0.561596408436356 wc=20.74773113088362 me=1.7540329621345754 mc=11.828586793280445 nan_elements=0
2019-01-18 15:09:42,956 MAP = 0.14842239823995684
2019-01-18 15:09:42,956 scale=[array([1.])]
2019-01-18 15:09:42,956 *** End Major Checkpoint

2019-01-18 15:09:42,956 final loss=0.36261747039682785
2019-01-18 15:09:42,956 best loss=0.36261747039682785, distortion=0.561596408436356, map=0.14842239823995684, wc_dist=20.74773113088362
2019-01-18 15:09:42,957 	 Computing Major Stats lazily... 
2019-01-18 15:09:42,958 		 Completed edges=420 good=420 bad=0
2019-01-18 15:09:42,962 Distortion avg=0.5615964084363567 wc=20.74773113088362 me=1.7540329621345754 mc=11.828586793280445 nan_elements=0
2019-01-18 15:09:42,962 MAP = 0.14842239823995682
2019-01-18 15:09:42,962 scale=[array([1.])]
