2019-01-18 15:11:37,543 Commandline ['pytorch/pytorch_hyperbolic.py', 'learn', 'data/edges/parsing/ewt/ewt_dev/1241.edges', '--dim', '0', '--hyp', '0', '--edim', '10', '--euc', '1', '--sdim', '0', '--sph', '0', '--log-name', 'ewt_devr2/1241.edges.E10-1.lr1.log', '--batch-size', '65536', '--epochs', '50', '--checkpoint-freq', '10', '-g', '--subsample', '1024', '--learning-rate', '1']
2019-01-18 15:11:37,543 No Model Save selected!
2019-01-18 15:11:37,545 Loaded Graph data/edges/parsing/ewt/ewt_dev/1241.edges with 10 nodes scale=1.0
2019-01-18 15:11:37,546 Building dataset
2019-01-18 15:11:37,546 Subsample: 10 points with scale 1.0 subsample=9
2019-01-18 15:11:37,554 Built Data Sampler
2019-01-18 15:11:37,554 Creating a fresh model warm_start?=None
2019-01-18 15:11:37,554 	 Warmstarting? None None 10
2019-01-18 15:11:37,555 Embedding() torch.Size([10, 10])
2019-01-18 15:11:37,555 relative No Rescale
2019-01-18 15:11:37,555 Constructed model with dim=0 and epochs=0 isnan=False
2019-01-18 15:11:37,555 SGD (
Parameter Group 0
    dampening: 0
    initial_lr: 0.1
    lr: 1.0
    momentum: 0.0
    nesterov: False
    weight_decay: 0

Parameter Group 1
    dampening: 0
    initial_lr: 0.1
    lr: 1.0
    momentum: 0.0
    nesterov: False
    weight_decay: 0

Parameter Group 2
    dampening: 0
    initial_lr: 0.1
    lr: 1.0
    momentum: 0.0
    nesterov: False
    weight_decay: 0

Parameter Group 3
    dampening: 0
    initial_lr: 0.0001
    lr: 0.001
    momentum: 0.0
    nesterov: False
    weight_decay: 0
)
2019-01-18 15:11:37,556 *** Initial Checkpoint. Computing Stats
2019-01-18 15:11:37,556 	 Computing Major Stats lazily... 
2019-01-18 15:11:37,557 		 Completed edges=90 good=90 bad=0
2019-01-18 15:11:37,558 Distortion avg=0.9978020578512556 wc=10.274653199984455 me=0.0052959001620263724 mc=1940.1145953727835 nan_elements=0
2019-01-18 15:11:37,558 MAP = 0.3873611111111111
2019-01-18 15:11:37,559 scale=[array([1.])]
2019-01-18 15:11:37,559 *** End Initial Checkpoint

2019-01-18 15:11:37,616 1 loss=0.9956104760703866
2019-01-18 15:11:37,617 2 loss=0.8006108472370438
2019-01-18 15:11:37,618 3 loss=0.6562083873080352
2019-01-18 15:11:37,618 4 loss=0.5569654185331372
2019-01-18 15:11:37,619 5 loss=0.48811929872321663
2019-01-18 15:11:37,619 6 loss=0.43914117014313653
2019-01-18 15:11:37,620 7 loss=0.4031484018520556
2019-01-18 15:11:37,620 8 loss=0.37573480597593745
2019-01-18 15:11:37,621 9 loss=0.3540903092425447
2019-01-18 15:11:37,621 10 loss=0.3364159597498676
2019-01-18 15:11:37,621 
*** Major Checkpoint. Computing Stats and Saving
2019-01-18 15:11:37,622 	 Computing Major Stats lazily... 
2019-01-18 15:11:37,622 		 Completed edges=90 good=90 bad=0
2019-01-18 15:11:37,624 Distortion avg=0.5215968009537352 wc=9.209672679178183 me=1.4194458804242511 mc=6.488216850103189 nan_elements=0
2019-01-18 15:11:37,624 MAP = 0.2200396825396825
2019-01-18 15:11:37,624 scale=[array([1.])]
2019-01-18 15:11:37,624 *** End Major Checkpoint

2019-01-18 15:11:37,625 11 loss=0.32154994027261297
2019-01-18 15:11:37,626 12 loss=0.3087320167733704
2019-01-18 15:11:37,627 13 loss=0.29745599535447426
2019-01-18 15:11:37,627 14 loss=0.28737739441932914
2019-01-18 15:11:37,628 15 loss=0.2782555785812711
2019-01-18 15:11:37,628 16 loss=0.2699173783599724
2019-01-18 15:11:37,629 17 loss=0.26223412188320805
2019-01-18 15:11:37,630 18 loss=0.25510705930804706
2019-01-18 15:11:37,631 19 loss=0.24845805482493558
2019-01-18 15:11:37,631 20 loss=0.24222359479979427
2019-01-18 15:11:37,631 
*** Major Checkpoint. Computing Stats and Saving
2019-01-18 15:11:37,631 	 Computing Major Stats lazily... 
2019-01-18 15:11:37,632 		 Completed edges=90 good=90 bad=0
2019-01-18 15:11:37,634 Distortion avg=0.4397307330229611 wc=6.40172652755627 me=1.4308210513883513 mc=4.474162943957639 nan_elements=0
2019-01-18 15:11:37,634 MAP = 0.4225
2019-01-18 15:11:37,634 scale=[array([1.])]
2019-01-18 15:11:37,634 *** End Major Checkpoint

2019-01-18 15:11:37,635 21 loss=0.2363508892191289
2019-01-18 15:11:37,635 22 loss=0.2307952975265962
2019-01-18 15:11:37,636 23 loss=0.22551859402028288
2019-01-18 15:11:37,637 24 loss=0.22048776662785494
2019-01-18 15:11:37,637 25 loss=0.21567415572256848
2019-01-18 15:11:37,638 26 loss=0.21105281116836683
2019-01-18 15:11:37,638 27 loss=0.20660199119677075
2019-01-18 15:11:37,639 28 loss=0.20230275553620913
2019-01-18 15:11:37,639 29 loss=0.19813862343094937
2019-01-18 15:11:37,640 30 loss=0.19409527860787507
2019-01-18 15:11:37,640 
*** Major Checkpoint. Computing Stats and Saving
2019-01-18 15:11:37,640 	 Computing Major Stats lazily... 
2019-01-18 15:11:37,640 		 Completed edges=90 good=90 bad=0
2019-01-18 15:11:37,642 Distortion avg=0.37855946834338156 wc=5.179956667696044 me=1.4371941129610515 mc=3.6042150611261397 nan_elements=0
2019-01-18 15:11:37,642 MAP = 0.7916666666666667
2019-01-18 15:11:37,642 scale=[array([1.])]
2019-01-18 15:11:37,642 *** End Major Checkpoint

2019-01-18 15:11:37,643 31 loss=0.1901603103092549
2019-01-18 15:11:37,643 32 loss=0.1863229837767509
2019-01-18 15:11:37,644 33 loss=0.18257403606396885
2019-01-18 15:11:37,644 34 loss=0.1789054944362637
2019-01-18 15:11:37,645 35 loss=0.1753105153225609
2019-01-18 15:11:37,645 36 loss=0.1717832420991831
2019-01-18 15:11:37,646 37 loss=0.1683186800940224
2019-01-18 15:11:37,647 38 loss=0.164912587216589
2019-01-18 15:11:37,647 39 loss=0.1615613786146489
2019-01-18 15:11:37,648 40 loss=0.15826204376879124
2019-01-18 15:11:37,648 
*** Major Checkpoint. Computing Stats and Saving
2019-01-18 15:11:37,648 	 Computing Major Stats lazily... 
2019-01-18 15:11:37,648 		 Completed edges=90 good=90 bad=0
2019-01-18 15:11:37,650 Distortion avg=0.3364903771640669 wc=4.304887075170492 me=1.3999600639070997 mc=3.0750070563842606 nan_elements=0
2019-01-18 15:11:37,650 MAP = 0.9199999999999999
2019-01-18 15:11:37,650 scale=[array([1.])]
2019-01-18 15:11:37,651 *** End Major Checkpoint

2019-01-18 15:11:37,651 41 loss=0.1550120744786916
2019-01-18 15:11:37,652 42 loss=0.15180940227207115
2019-01-18 15:11:37,652 43 loss=0.14865234387468493
2019-01-18 15:11:37,653 44 loss=0.14553955350872613
2019-01-18 15:11:37,653 45 loss=0.14246998092850438
2019-01-18 15:11:37,654 46 loss=0.13944283424756257
2019-01-18 15:11:37,654 47 loss=0.1364575467536083
2019-01-18 15:11:37,655 48 loss=0.13351374704170563
2019-01-18 15:11:37,655 49 loss=0.13061123191887186
2019-01-18 15:11:37,656 50 loss=0.12774994164282882
2019-01-18 15:11:37,656 
*** Major Checkpoint. Computing Stats and Saving
2019-01-18 15:11:37,656 	 Computing Major Stats lazily... 
2019-01-18 15:11:37,657 		 Completed edges=90 good=90 bad=0
2019-01-18 15:11:37,658 Distortion avg=0.2988777802128538 wc=3.8057490288382265 me=1.3591218111424799 mc=2.8001530088308333 nan_elements=0
2019-01-18 15:11:37,659 MAP = 1.0
2019-01-18 15:11:37,659 scale=[array([1.])]
2019-01-18 15:11:37,659 *** End Major Checkpoint

2019-01-18 15:11:37,659 final loss=0.12774994164282882
2019-01-18 15:11:37,659 best loss=0.12774994164282882, distortion=0.2988777802128538, map=1.0, wc_dist=3.8057490288382265
2019-01-18 15:11:37,659 	 Computing Major Stats lazily... 
2019-01-18 15:11:37,660 		 Completed edges=90 good=90 bad=0
2019-01-18 15:11:37,661 Distortion avg=0.29887778021285394 wc=3.8057490288382265 me=1.3591218111424799 mc=2.8001530088308333 nan_elements=0
2019-01-18 15:11:37,661 MAP = 1.0
2019-01-18 15:11:37,661 scale=[array([1.])]
