2019-01-18 15:11:03,145 Commandline ['pytorch/pytorch_hyperbolic.py', 'learn', 'data/edges/parsing/ewt/ewt_dev/1249.edges', '--dim', '0', '--hyp', '0', '--edim', '10', '--euc', '1', '--sdim', '0', '--sph', '0', '--log-name', 'ewt_devr2/1249.edges.E10-1.lr1.log', '--batch-size', '65536', '--epochs', '50', '--checkpoint-freq', '10', '-g', '--subsample', '1024', '--learning-rate', '1']
2019-01-18 15:11:03,145 No Model Save selected!
2019-01-18 15:11:03,147 Loaded Graph data/edges/parsing/ewt/ewt_dev/1249.edges with 23 nodes scale=1.0
2019-01-18 15:11:03,147 Building dataset
2019-01-18 15:11:03,148 Subsample: 23 points with scale 1.0 subsample=22
2019-01-18 15:11:03,174 Built Data Sampler
2019-01-18 15:11:03,174 Creating a fresh model warm_start?=None
2019-01-18 15:11:03,174 	 Warmstarting? None None 23
2019-01-18 15:11:03,175 Embedding() torch.Size([23, 10])
2019-01-18 15:11:03,175 relative No Rescale
2019-01-18 15:11:03,175 Constructed model with dim=0 and epochs=0 isnan=False
2019-01-18 15:11:03,175 SGD (
Parameter Group 0
    dampening: 0
    initial_lr: 0.1
    lr: 1.0
    momentum: 0.0
    nesterov: False
    weight_decay: 0

Parameter Group 1
    dampening: 0
    initial_lr: 0.1
    lr: 1.0
    momentum: 0.0
    nesterov: False
    weight_decay: 0

Parameter Group 2
    dampening: 0
    initial_lr: 0.1
    lr: 1.0
    momentum: 0.0
    nesterov: False
    weight_decay: 0

Parameter Group 3
    dampening: 0
    initial_lr: 0.0001
    lr: 0.001
    momentum: 0.0
    nesterov: False
    weight_decay: 0
)
2019-01-18 15:11:03,175 *** Initial Checkpoint. Computing Stats
2019-01-18 15:11:03,175 	 Computing Major Stats lazily... 
2019-01-18 15:11:03,178 		 Completed edges=506 good=506 bad=0
2019-01-18 15:11:03,182 Distortion avg=0.998495075570268 wc=13.102599504607257 me=0.005935337598003825 mc=2207.5575800463193 nan_elements=0
2019-01-18 15:11:03,182 MAP = 0.11385516075783948
2019-01-18 15:11:03,182 scale=[array([1.])]
2019-01-18 15:11:03,182 *** End Initial Checkpoint

2019-01-18 15:11:03,240 1 loss=0.9969937046342551
2019-01-18 15:11:03,241 2 loss=0.9533694596615016
2019-01-18 15:11:03,242 3 loss=0.9117512725973407
2019-01-18 15:11:03,243 4 loss=0.8733489031771716
2019-01-18 15:11:03,244 5 loss=0.8380762139485194
2019-01-18 15:11:03,244 6 loss=0.8057103416170726
2019-01-18 15:11:03,245 7 loss=0.7760085095392336
2019-01-18 15:11:03,246 8 loss=0.7487349440829949
2019-01-18 15:11:03,247 9 loss=0.7236689976958341
2019-01-18 15:11:03,248 10 loss=0.7006074822331905
2019-01-18 15:11:03,248 
*** Major Checkpoint. Computing Stats and Saving
2019-01-18 15:11:03,249 	 Computing Major Stats lazily... 
2019-01-18 15:11:03,251 		 Completed edges=506 good=506 bad=0
2019-01-18 15:11:03,255 Distortion avg=0.8059089705987833 wc=26.01164399820024 me=0.8529266826735731 mc=30.496928430781963 nan_elements=0
2019-01-18 15:11:03,255 MAP = 0.07832302436051257
2019-01-18 15:11:03,255 scale=[array([1.])]
2019-01-18 15:11:03,255 *** End Major Checkpoint

2019-01-18 15:11:03,256 11 loss=0.679364827573455
2019-01-18 15:11:03,257 12 loss=0.659772344646765
2019-01-18 15:11:03,258 13 loss=0.6416771201715306
2019-01-18 15:11:03,258 14 loss=0.6249407829074569
2019-01-18 15:11:03,259 15 loss=0.6094382569857377
2019-01-18 15:11:03,260 16 loss=0.5950565591620175
2019-01-18 15:11:03,261 17 loss=0.5816936672322889
2019-01-18 15:11:03,262 18 loss=0.5692574712388253
2019-01-18 15:11:03,262 19 loss=0.5576648106377533
2019-01-18 15:11:03,263 20 loss=0.5468405959887165
2019-01-18 15:11:03,263 
*** Major Checkpoint. Computing Stats and Saving
2019-01-18 15:11:03,263 	 Computing Major Stats lazily... 
2019-01-18 15:11:03,266 		 Completed edges=506 good=506 bad=0
2019-01-18 15:11:03,269 Distortion avg=0.6988628239140389 wc=23.023455308817148 me=1.326402662431672 mc=17.357817471964832 nan_elements=0
2019-01-18 15:11:03,269 MAP = 0.0785146550054344
2019-01-18 15:11:03,270 scale=[array([1.])]
2019-01-18 15:11:03,270 *** End Major Checkpoint

2019-01-18 15:11:03,271 21 loss=0.5367170112594251
2019-01-18 15:11:03,271 22 loss=0.5272327915980061
2019-01-18 15:11:03,272 23 loss=0.5183325709011781
2019-01-18 15:11:03,273 24 loss=0.5099662933999681
2019-01-18 15:11:03,274 25 loss=0.5020886836210402
2019-01-18 15:11:03,275 26 loss=0.494658769354435
2019-01-18 15:11:03,276 27 loss=0.4876394526024777
2019-01-18 15:11:03,277 28 loss=0.48099712385969967
2019-01-18 15:11:03,278 29 loss=0.4747013154552024
2019-01-18 15:11:03,278 30 loss=0.46872439006204936
2019-01-18 15:11:03,278 
*** Major Checkpoint. Computing Stats and Saving
2019-01-18 15:11:03,278 	 Computing Major Stats lazily... 
2019-01-18 15:11:03,281 		 Completed edges=506 good=506 bad=0
2019-01-18 15:11:03,284 Distortion avg=0.6542718010140388 wc=20.15762433214599 me=1.5759048488502638 mc=12.79114303560423 nan_elements=0
2019-01-18 15:11:03,284 MAP = 0.08178836006975732
2019-01-18 15:11:03,285 scale=[array([1.])]
2019-01-18 15:11:03,285 *** End Major Checkpoint

2019-01-18 15:11:03,286 31 loss=0.46304126083429387
2019-01-18 15:11:03,286 32 loss=0.45762913996632715
2019-01-18 15:11:03,287 33 loss=0.452467312779136
2019-01-18 15:11:03,288 34 loss=0.4475369347231275
2019-01-18 15:11:03,289 35 loss=0.4428208489477822
2019-01-18 15:11:03,290 36 loss=0.4383034223255239
2019-01-18 15:11:03,291 37 loss=0.4339703980321645
2019-01-18 15:11:03,291 38 loss=0.42980876298062015
2019-01-18 15:11:03,292 39 loss=0.4258066285798963
2019-01-18 15:11:03,293 40 loss=0.42195312344917096
2019-01-18 15:11:03,293 
*** Major Checkpoint. Computing Stats and Saving
2019-01-18 15:11:03,293 	 Computing Major Stats lazily... 
2019-01-18 15:11:03,295 		 Completed edges=506 good=506 bad=0
2019-01-18 15:11:03,299 Distortion avg=0.6196916253329319 wc=17.711846744279484 me=1.6977560384851795 mc=10.432504048156916 nan_elements=0
2019-01-18 15:11:03,299 MAP = 0.08844926573254745
2019-01-18 15:11:03,299 scale=[array([1.])]
2019-01-18 15:11:03,299 *** End Major Checkpoint

2019-01-18 15:11:03,300 41 loss=0.4182382968587294
2019-01-18 15:11:03,301 42 loss=0.41465303179695207
2019-01-18 15:11:03,302 43 loss=0.41118896667694244
2019-01-18 15:11:03,303 44 loss=0.40783842479891547
2019-01-18 15:11:03,303 45 loss=0.4045943507763875
2019-01-18 15:11:03,304 46 loss=0.4014502532165265
2019-01-18 15:11:03,305 47 loss=0.3984001530187542
2019-01-18 15:11:03,306 48 loss=0.39543853672168927
2019-01-18 15:11:03,307 49 loss=0.39256031438761985
2019-01-18 15:11:03,308 50 loss=0.3897607815665805
2019-01-18 15:11:03,308 
*** Major Checkpoint. Computing Stats and Saving
2019-01-18 15:11:03,308 	 Computing Major Stats lazily... 
2019-01-18 15:11:03,311 		 Completed edges=506 good=506 bad=0
2019-01-18 15:11:03,314 Distortion avg=0.5904609074775099 wc=16.099638837831776 me=1.7957420942955278 mc=8.96545160297514 nan_elements=0
2019-01-18 15:11:03,314 MAP = 0.10360237451535069
2019-01-18 15:11:03,314 scale=[array([1.])]
2019-01-18 15:11:03,314 *** End Major Checkpoint

2019-01-18 15:11:03,315 final loss=0.3897607815665805
2019-01-18 15:11:03,315 best loss=0.3897607815665805, distortion=0.5904609074775099, map=0.10360237451535069, wc_dist=16.099638837831776
2019-01-18 15:11:03,315 	 Computing Major Stats lazily... 
2019-01-18 15:11:03,317 		 Completed edges=506 good=506 bad=0
2019-01-18 15:11:03,320 Distortion avg=0.5904609074775097 wc=16.099638837831776 me=1.7957420942955278 mc=8.96545160297514 nan_elements=0
2019-01-18 15:11:03,320 MAP = 0.10360237451535066
2019-01-18 15:11:03,321 scale=[array([1.])]
