2019-01-18 15:04:11,577 Commandline ['pytorch/pytorch_hyperbolic.py', 'learn', 'data/edges/parsing/ewt/ewt_dev/1251.edges', '--dim', '0', '--hyp', '0', '--edim', '10', '--euc', '1', '--sdim', '0', '--sph', '0', '--log-name', 'ewt_devr2/1251.edges.E10-1.lr1.log', '--batch-size', '65536', '--epochs', '50', '--checkpoint-freq', '10', '-g', '--subsample', '1024', '--learning-rate', '1']
2019-01-18 15:04:11,577 No Model Save selected!
2019-01-18 15:04:11,579 Loaded Graph data/edges/parsing/ewt/ewt_dev/1251.edges with 9 nodes scale=1.0
2019-01-18 15:04:11,579 Building dataset
2019-01-18 15:04:11,579 Subsample: 9 points with scale 1.0 subsample=8
2019-01-18 15:04:11,586 Built Data Sampler
2019-01-18 15:04:11,586 Creating a fresh model warm_start?=None
2019-01-18 15:04:11,586 	 Warmstarting? None None 9
2019-01-18 15:04:11,587 Embedding() torch.Size([9, 10])
2019-01-18 15:04:11,587 relative No Rescale
2019-01-18 15:04:11,587 Constructed model with dim=0 and epochs=0 isnan=False
2019-01-18 15:04:11,588 SGD (
Parameter Group 0
    dampening: 0
    initial_lr: 0.1
    lr: 1.0
    momentum: 0.0
    nesterov: False
    weight_decay: 0

Parameter Group 1
    dampening: 0
    initial_lr: 0.1
    lr: 1.0
    momentum: 0.0
    nesterov: False
    weight_decay: 0

Parameter Group 2
    dampening: 0
    initial_lr: 0.1
    lr: 1.0
    momentum: 0.0
    nesterov: False
    weight_decay: 0

Parameter Group 3
    dampening: 0
    initial_lr: 0.0001
    lr: 0.001
    momentum: 0.0
    nesterov: False
    weight_decay: 0
)
2019-01-18 15:04:11,588 *** Initial Checkpoint. Computing Stats
2019-01-18 15:04:11,588 	 Computing Major Stats lazily... 
2019-01-18 15:04:11,589 		 Completed edges=72 good=72 bad=0
2019-01-18 15:04:11,591 Distortion avg=0.9973368122058398 wc=6.089602205018231 me=0.005941110731069004 mc=1024.9938909861908 nan_elements=0
2019-01-18 15:04:11,591 MAP = 0.388869992441421
2019-01-18 15:04:11,591 scale=[array([1.])]
2019-01-18 15:04:11,591 *** End Initial Checkpoint

2019-01-18 15:04:11,649 1 loss=0.9946821121025545
2019-01-18 15:04:11,650 2 loss=0.6823071136711274
2019-01-18 15:04:11,650 3 loss=0.5043498234363181
2019-01-18 15:04:11,651 4 loss=0.39826906682284224
2019-01-18 15:04:11,652 5 loss=0.3265531020712826
2019-01-18 15:04:11,652 6 loss=0.2737818768490833
2019-01-18 15:04:11,653 7 loss=0.23296120176453983
2019-01-18 15:04:11,653 8 loss=0.2004455453543884
2019-01-18 15:04:11,654 9 loss=0.17407502261019092
2019-01-18 15:04:11,655 10 loss=0.15243634334630304
2019-01-18 15:04:11,655 
*** Major Checkpoint. Computing Stats and Saving
2019-01-18 15:04:11,655 	 Computing Major Stats lazily... 
2019-01-18 15:04:11,655 		 Completed edges=72 good=72 bad=0
2019-01-18 15:04:11,657 Distortion avg=0.33237497594090587 wc=4.0618183501432314 me=1.3212570185171422 mc=3.074207586576792 nan_elements=0
2019-01-18 15:04:11,657 MAP = 0.6393990929705216
2019-01-18 15:04:11,657 scale=[array([1.])]
2019-01-18 15:04:11,657 *** End Major Checkpoint

2019-01-18 15:04:11,658 11 loss=0.13453563081525055
2019-01-18 15:04:11,658 12 loss=0.1196366275866749
2019-01-18 15:04:11,659 13 loss=0.10717309525391121
2019-01-18 15:04:11,659 14 loss=0.09669801442334228
2019-01-18 15:04:11,660 15 loss=0.0878523862239677
2019-01-18 15:04:11,660 16 loss=0.0803449520635581
2019-01-18 15:04:11,661 17 loss=0.07393819692138105
2019-01-18 15:04:11,661 18 loss=0.0684380995197872
2019-01-18 15:04:11,662 19 loss=0.06368622818103199
2019-01-18 15:04:11,662 20 loss=0.059553403823763715
2019-01-18 15:04:11,662 
*** Major Checkpoint. Computing Stats and Saving
2019-01-18 15:04:11,662 	 Computing Major Stats lazily... 
2019-01-18 15:04:11,663 		 Completed edges=72 good=72 bad=0
2019-01-18 15:04:11,664 Distortion avg=0.2032978741266559 wc=2.667090087493631 me=1.2499440832810713 mc=2.1337675206178726 nan_elements=0
2019-01-18 15:04:11,664 MAP = 1.0
2019-01-18 15:04:11,665 scale=[array([1.])]
2019-01-18 15:04:11,665 *** End Major Checkpoint

2019-01-18 15:04:11,665 21 loss=0.05593449154891424
2019-01-18 15:04:11,666 22 loss=0.05274406507990939
2019-01-18 15:04:11,666 23 loss=0.04991278429750468
2019-01-18 15:04:11,667 24 loss=0.04738437513615784
2019-01-18 15:04:11,667 25 loss=0.04511312580422221
2019-01-18 15:04:11,668 26 loss=0.04306182626155118
2019-01-18 15:04:11,668 27 loss=0.041200085869258024
2019-01-18 15:04:11,669 28 loss=0.03950297043064832
2019-01-18 15:04:11,669 29 loss=0.03794990586156691
2019-01-18 15:04:11,670 30 loss=0.03652380185252939
2019-01-18 15:04:11,670 
*** Major Checkpoint. Computing Stats and Saving
2019-01-18 15:04:11,670 	 Computing Major Stats lazily... 
2019-01-18 15:04:11,670 		 Completed edges=72 good=72 bad=0
2019-01-18 15:04:11,672 Distortion avg=0.1615747389050817 wc=2.1621319921711923 me=1.2332210248169155 mc=1.7532396453362311 nan_elements=0
2019-01-18 15:04:11,672 MAP = 1.0
2019-01-18 15:04:11,672 scale=[array([1.])]
2019-01-18 15:04:11,672 *** End Major Checkpoint

2019-01-18 15:04:11,673 31 loss=0.03521035504903527
2019-01-18 15:04:11,673 32 loss=0.033997497264754165
2019-01-18 15:04:11,674 33 loss=0.032874959839774474
2019-01-18 15:04:11,674 34 loss=0.0318339303089086
2019-01-18 15:04:11,675 35 loss=0.030866781972422423
2019-01-18 15:04:11,675 36 loss=0.029966860745594275
2019-01-18 15:04:11,676 37 loss=0.029128316831499038
2019-01-18 15:04:11,676 38 loss=0.02834597136843326
2019-01-18 15:04:11,676 39 loss=0.027615210318235838
2019-01-18 15:04:11,677 40 loss=0.02693189955688049
2019-01-18 15:04:11,677 
*** Major Checkpoint. Computing Stats and Saving
2019-01-18 15:04:11,677 	 Computing Major Stats lazily... 
2019-01-18 15:04:11,678 		 Completed edges=72 good=72 bad=0
2019-01-18 15:04:11,679 Distortion avg=0.14016356592780055 wc=1.8837393507956595 me=1.2218631861353004 mc=1.5416941701581535 nan_elements=0
2019-01-18 15:04:11,679 MAP = 1.0
2019-01-18 15:04:11,679 scale=[array([1.])]
2019-01-18 15:04:11,679 *** End Major Checkpoint

2019-01-18 15:04:11,680 41 loss=0.026292316473813238
2019-01-18 15:04:11,680 42 loss=0.02569309444487829
2019-01-18 15:04:11,681 43 loss=0.025131177370561558
2019-01-18 15:04:11,682 44 loss=0.024603782113519632
2019-01-18 15:04:11,682 45 loss=0.024108367165774733
2019-01-18 15:04:11,683 46 loss=0.023642606258174582
2019-01-18 15:04:11,683 47 loss=0.023204365918134594
2019-01-18 15:04:11,684 48 loss=0.022791686206462512
2019-01-18 15:04:11,684 49 loss=0.02240276403605239
2019-01-18 15:04:11,685 50 loss=0.022035938606782202
2019-01-18 15:04:11,685 
*** Major Checkpoint. Computing Stats and Saving
2019-01-18 15:04:11,685 	 Computing Major Stats lazily... 
2019-01-18 15:04:11,685 		 Completed edges=72 good=72 bad=0
2019-01-18 15:04:11,687 Distortion avg=0.12691745762360793 wc=1.7127732130712698 me=1.213098668908215 mc=1.4118993425429773 nan_elements=0
2019-01-18 15:04:11,687 MAP = 1.0
2019-01-18 15:04:11,687 scale=[array([1.])]
2019-01-18 15:04:11,687 *** End Major Checkpoint

2019-01-18 15:04:11,687 final loss=0.022035938606782202
2019-01-18 15:04:11,687 best loss=0.022035938606782202, distortion=0.12691745762360793, map=1.0, wc_dist=1.7127732130712698
2019-01-18 15:04:11,687 	 Computing Major Stats lazily... 
2019-01-18 15:04:11,688 		 Completed edges=72 good=72 bad=0
2019-01-18 15:04:11,689 Distortion avg=0.1269174576236079 wc=1.7127732130712698 me=1.213098668908215 mc=1.4118993425429773 nan_elements=0
2019-01-18 15:04:11,689 MAP = 1.0
2019-01-18 15:04:11,690 scale=[array([1.])]
