2019-01-18 15:05:45,365 Commandline ['pytorch/pytorch_hyperbolic.py', 'learn', 'data/edges/parsing/ewt/ewt_dev/1253.edges', '--dim', '0', '--hyp', '0', '--edim', '10', '--euc', '1', '--sdim', '0', '--sph', '0', '--log-name', 'ewt_devr2/1253.edges.E10-1.lr1.log', '--batch-size', '65536', '--epochs', '50', '--checkpoint-freq', '10', '-g', '--subsample', '1024', '--learning-rate', '1']
2019-01-18 15:05:45,365 No Model Save selected!
2019-01-18 15:05:45,367 Loaded Graph data/edges/parsing/ewt/ewt_dev/1253.edges with 14 nodes scale=1.0
2019-01-18 15:05:45,367 Building dataset
2019-01-18 15:05:45,367 Subsample: 14 points with scale 1.0 subsample=13
2019-01-18 15:05:45,380 Built Data Sampler
2019-01-18 15:05:45,380 Creating a fresh model warm_start?=None
2019-01-18 15:05:45,380 	 Warmstarting? None None 14
2019-01-18 15:05:45,381 Embedding() torch.Size([14, 10])
2019-01-18 15:05:45,381 relative No Rescale
2019-01-18 15:05:45,381 Constructed model with dim=0 and epochs=0 isnan=False
2019-01-18 15:05:45,381 SGD (
Parameter Group 0
    dampening: 0
    initial_lr: 0.1
    lr: 1.0
    momentum: 0.0
    nesterov: False
    weight_decay: 0

Parameter Group 1
    dampening: 0
    initial_lr: 0.1
    lr: 1.0
    momentum: 0.0
    nesterov: False
    weight_decay: 0

Parameter Group 2
    dampening: 0
    initial_lr: 0.1
    lr: 1.0
    momentum: 0.0
    nesterov: False
    weight_decay: 0

Parameter Group 3
    dampening: 0
    initial_lr: 0.0001
    lr: 0.001
    momentum: 0.0
    nesterov: False
    weight_decay: 0
)
2019-01-18 15:05:45,382 *** Initial Checkpoint. Computing Stats
2019-01-18 15:05:45,382 	 Computing Major Stats lazily... 
2019-01-18 15:05:45,383 		 Completed edges=182 good=182 bad=0
2019-01-18 15:05:45,385 Distortion avg=0.9981190909621688 wc=8.859546633488147 me=0.005941110731069004 mc=1491.227320029098 nan_elements=0
2019-01-18 15:05:45,385 MAP = 0.2951116343973487
2019-01-18 15:05:45,386 scale=[array([1.])]
2019-01-18 15:05:45,386 *** End Initial Checkpoint

2019-01-18 15:05:45,446 1 loss=0.9962431413782489
2019-01-18 15:05:45,446 2 loss=0.8789196058847666
2019-01-18 15:05:45,447 3 loss=0.7801604688896179
2019-01-18 15:05:45,448 4 loss=0.700860123509996
2019-01-18 15:05:45,448 5 loss=0.6371363133393513
2019-01-18 15:05:45,449 6 loss=0.5855524644149597
2019-01-18 15:05:45,449 7 loss=0.5433867321130771
2019-01-18 15:05:45,450 8 loss=0.5085397014380019
2019-01-18 15:05:45,451 9 loss=0.4794055031188762
2019-01-18 15:05:45,451 10 loss=0.4547580648563193
2019-01-18 15:05:45,451 
*** Major Checkpoint. Computing Stats and Saving
2019-01-18 15:05:45,451 	 Computing Major Stats lazily... 
2019-01-18 15:05:45,452 		 Completed edges=182 good=182 bad=0
2019-01-18 15:05:45,454 Distortion avg=0.6126792804146938 wc=12.505587559951998 me=1.362915049737458 mc=9.175617777763172 nan_elements=0
2019-01-18 15:05:45,455 MAP = 0.1338345682095682
2019-01-18 15:05:45,455 scale=[array([1.])]
2019-01-18 15:05:45,455 *** End Major Checkpoint

2019-01-18 15:05:45,455 11 loss=0.4336601231230695
2019-01-18 15:05:45,456 12 loss=0.4153929967662607
2019-01-18 15:05:45,457 13 loss=0.39940323290992913
2019-01-18 15:05:45,457 14 loss=0.3852623704767714
2019-01-18 15:05:45,458 15 loss=0.3726366945903494
2019-01-18 15:05:45,458 16 loss=0.36126452174367923
2019-01-18 15:05:45,459 17 loss=0.35093913151372796
2019-01-18 15:05:45,460 18 loss=0.3414959219125771
2019-01-18 15:05:45,460 19 loss=0.33280272206773454
2019-01-18 15:05:45,461 20 loss=0.32475246640783084
2019-01-18 15:05:45,461 
*** Major Checkpoint. Computing Stats and Saving
2019-01-18 15:05:45,461 	 Computing Major Stats lazily... 
2019-01-18 15:05:45,462 		 Completed edges=182 good=182 bad=0
2019-01-18 15:05:45,464 Distortion avg=0.5345440831071052 wc=8.66131865433152 me=1.5171472420273995 mc=5.708950597805654 nan_elements=0
2019-01-18 15:05:45,465 MAP = 0.17526778776778776
2019-01-18 15:05:45,465 scale=[array([1.])]
2019-01-18 15:05:45,465 *** End Major Checkpoint

2019-01-18 15:05:45,466 21 loss=0.31725763750492975
2019-01-18 15:05:45,467 22 loss=0.31024603610672413
2019-01-18 15:05:45,467 23 loss=0.30365754941589934
2019-01-18 15:05:45,468 24 loss=0.29744167218561385
2019-01-18 15:05:45,468 25 loss=0.2915555971631167
2019-01-18 15:05:45,469 26 loss=0.2859627374187383
2019-01-18 15:05:45,470 27 loss=0.28063157730152705
2019-01-18 15:05:45,470 28 loss=0.27553477424164513
2019-01-18 15:05:45,471 29 loss=0.2706484526433798
2019-01-18 15:05:45,471 30 loss=0.2659516453542744
2019-01-18 15:05:45,472 
*** Major Checkpoint. Computing Stats and Saving
2019-01-18 15:05:45,472 	 Computing Major Stats lazily... 
2019-01-18 15:05:45,473 		 Completed edges=182 good=182 bad=0
2019-01-18 15:05:45,475 Distortion avg=0.4756388958001158 wc=7.420132223899758 me=1.6671585819596468 mc=4.4507656945134935 nan_elements=0
2019-01-18 15:05:45,475 MAP = 0.34915753888968176
2019-01-18 15:05:45,475 scale=[array([1.])]
2019-01-18 15:05:45,475 *** End Major Checkpoint

2019-01-18 15:05:45,476 31 loss=0.2614258488879911
2019-01-18 15:05:45,476 32 loss=0.257054666629669
2019-01-18 15:05:45,477 33 loss=0.25282352033329974
2019-01-18 15:05:45,478 34 loss=0.24871941482684062
2019-01-18 15:05:45,479 35 loss=0.2447307443399484
2019-01-18 15:05:45,479 36 loss=0.24084713153451587
2019-01-18 15:05:45,480 37 loss=0.23705929235335876
2019-01-18 15:05:45,481 38 loss=0.2333589213598952
2019-01-18 15:05:45,481 39 loss=0.22973859343602002
2019-01-18 15:05:45,482 40 loss=0.22619167862297504
2019-01-18 15:05:45,482 
*** Major Checkpoint. Computing Stats and Saving
2019-01-18 15:05:45,482 	 Computing Major Stats lazily... 
2019-01-18 15:05:45,483 		 Completed edges=182 good=182 bad=0
2019-01-18 15:05:45,485 Distortion avg=0.43232977538112616 wc=6.700200356239697 me=1.7084285531754457 mc=3.921849903401623 nan_elements=0
2019-01-18 15:05:45,485 MAP = 0.45246147701504835
2019-01-18 15:05:45,485 scale=[array([1.])]
2019-01-18 15:05:45,485 *** End Major Checkpoint

2019-01-18 15:05:45,486 41 loss=0.22271226759625437
2019-01-18 15:05:45,487 42 loss=0.21929510581013484
2019-01-18 15:05:45,487 43 loss=0.21593553476818644
2019-01-18 15:05:45,488 44 loss=0.21262943920203992
2019-01-18 15:05:45,489 45 loss=0.20937319919396394
2019-01-18 15:05:45,489 46 loss=0.20616364647643146
2019-01-18 15:05:45,490 47 loss=0.20299802429686728
2019-01-18 15:05:45,490 48 loss=0.19987395035812308
2019-01-18 15:05:45,491 49 loss=0.19678938244250926
2019-01-18 15:05:45,491 50 loss=0.19374258640516134
2019-01-18 15:05:45,491 
*** Major Checkpoint. Computing Stats and Saving
2019-01-18 15:05:45,492 	 Computing Major Stats lazily... 
2019-01-18 15:05:45,492 		 Completed edges=182 good=182 bad=0
2019-01-18 15:05:45,495 Distortion avg=0.3959045618630034 wc=6.002488892948036 me=1.6803896255397586 mc=3.5720816182853867 nan_elements=0
2019-01-18 15:05:45,495 MAP = 0.6633078231292516
2019-01-18 15:05:45,495 scale=[array([1.])]
2019-01-18 15:05:45,495 *** End Major Checkpoint

2019-01-18 15:05:45,495 final loss=0.19374258640516134
2019-01-18 15:05:45,495 best loss=0.19374258640516134, distortion=0.3959045618630034, map=0.6633078231292516, wc_dist=6.002488892948036
2019-01-18 15:05:45,495 	 Computing Major Stats lazily... 
2019-01-18 15:05:45,496 		 Completed edges=182 good=182 bad=0
2019-01-18 15:05:45,498 Distortion avg=0.39590456186300366 wc=6.002488892948036 me=1.6803896255397586 mc=3.5720816182853867 nan_elements=0
2019-01-18 15:05:45,498 MAP = 0.6633078231292517
2019-01-18 15:05:45,499 scale=[array([1.])]
