2019-01-18 15:09:44,165 Commandline ['pytorch/pytorch_hyperbolic.py', 'learn', 'data/edges/parsing/ewt/ewt_dev/1254.edges', '--dim', '0', '--hyp', '0', '--edim', '10', '--euc', '1', '--sdim', '0', '--sph', '0', '--log-name', 'ewt_devr2/1254.edges.E10-1.lr1.log', '--batch-size', '65536', '--epochs', '50', '--checkpoint-freq', '10', '-g', '--subsample', '1024', '--learning-rate', '1']
2019-01-18 15:09:44,166 No Model Save selected!
2019-01-18 15:09:44,167 Loaded Graph data/edges/parsing/ewt/ewt_dev/1254.edges with 6 nodes scale=1.0
2019-01-18 15:09:44,167 Building dataset
2019-01-18 15:09:44,168 Subsample: 6 points with scale 1.0 subsample=5
2019-01-18 15:09:44,172 Built Data Sampler
2019-01-18 15:09:44,172 Creating a fresh model warm_start?=None
2019-01-18 15:09:44,173 	 Warmstarting? None None 6
2019-01-18 15:09:44,173 Embedding() torch.Size([6, 10])
2019-01-18 15:09:44,173 relative No Rescale
2019-01-18 15:09:44,173 Constructed model with dim=0 and epochs=0 isnan=False
2019-01-18 15:09:44,174 SGD (
Parameter Group 0
    dampening: 0
    initial_lr: 0.1
    lr: 1.0
    momentum: 0.0
    nesterov: False
    weight_decay: 0

Parameter Group 1
    dampening: 0
    initial_lr: 0.1
    lr: 1.0
    momentum: 0.0
    nesterov: False
    weight_decay: 0

Parameter Group 2
    dampening: 0
    initial_lr: 0.1
    lr: 1.0
    momentum: 0.0
    nesterov: False
    weight_decay: 0

Parameter Group 3
    dampening: 0
    initial_lr: 0.0001
    lr: 0.001
    momentum: 0.0
    nesterov: False
    weight_decay: 0
)
2019-01-18 15:09:44,174 *** Initial Checkpoint. Computing Stats
2019-01-18 15:09:44,174 	 Computing Major Stats lazily... 
2019-01-18 15:09:44,174 		 Completed edges=30 good=30 bad=0
2019-01-18 15:09:44,176 Distortion avg=0.9970107087516167 wc=3.6322181433519583 me=0.005628252251848828 mc=645.354540063269 nan_elements=0
2019-01-18 15:09:44,176 MAP = 0.44999999999999996
2019-01-18 15:09:44,176 scale=[array([1.])]
2019-01-18 15:09:44,176 *** End Initial Checkpoint

2019-01-18 15:09:44,236 1 loss=0.9940318309062036
2019-01-18 15:09:44,237 2 loss=0.4293061030090941
2019-01-18 15:09:44,237 3 loss=0.26996040000143373
2019-01-18 15:09:44,237 4 loss=0.19002482905619816
2019-01-18 15:09:44,238 5 loss=0.13769665547696744
2019-01-18 15:09:44,238 6 loss=0.10183942906149393
2019-01-18 15:09:44,239 7 loss=0.0769895567126652
2019-01-18 15:09:44,239 8 loss=0.05965395439234069
2019-01-18 15:09:44,240 9 loss=0.04747097945915806
2019-01-18 15:09:44,240 10 loss=0.03882966988573068
2019-01-18 15:09:44,240 
*** Major Checkpoint. Computing Stats and Saving
2019-01-18 15:09:44,240 	 Computing Major Stats lazily... 
2019-01-18 15:09:44,241 		 Completed edges=30 good=30 bad=0
2019-01-18 15:09:44,242 Distortion avg=0.1737054846994154 wc=1.6042972165760996 me=1.1512738967059148 mc=1.3934974302521743 nan_elements=0
2019-01-18 15:09:44,242 MAP = 1.0
2019-01-18 15:09:44,242 scale=[array([1.])]
2019-01-18 15:09:44,242 *** End Major Checkpoint

2019-01-18 15:09:44,242 11 loss=0.03263285478227044
2019-01-18 15:09:44,243 12 loss=0.028134611961158146
2019-01-18 15:09:44,244 13 loss=0.02482726646076498
2019-01-18 15:09:44,244 14 loss=0.0223637863355474
2019-01-18 15:09:44,244 15 loss=0.020505265824989644
2019-01-18 15:09:44,245 16 loss=0.019085739612479884
2019-01-18 15:09:44,245 17 loss=0.01798870898200264
2019-01-18 15:09:44,246 18 loss=0.017131474156989027
2019-01-18 15:09:44,246 19 loss=0.01645463700038582
2019-01-18 15:09:44,247 20 loss=0.015915025397711755
2019-01-18 15:09:44,247 
*** Major Checkpoint. Computing Stats and Saving
2019-01-18 15:09:44,247 	 Computing Major Stats lazily... 
2019-01-18 15:09:44,247 		 Completed edges=30 good=30 bad=0
2019-01-18 15:09:44,248 Distortion avg=0.11902283557089485 wc=1.367898982761477 me=1.1459825259718417 mc=1.193647330356491 nan_elements=0
2019-01-18 15:09:44,248 MAP = 1.0
2019-01-18 15:09:44,249 scale=[array([1.])]
2019-01-18 15:09:44,249 *** End Major Checkpoint

2019-01-18 15:09:44,249 21 loss=0.015480888146382253
2019-01-18 15:09:44,250 22 loss=0.015128603758513012
2019-01-18 15:09:44,250 23 loss=0.014840404936778644
2019-01-18 15:09:44,251 24 loss=0.014602789308538552
2019-01-18 15:09:44,251 25 loss=0.014405397510388945
2019-01-18 15:09:44,251 26 loss=0.014240212301424356
2019-01-18 15:09:44,252 27 loss=0.014100980269528447
2019-01-18 15:09:44,252 28 loss=0.01398278943906531
2019-01-18 15:09:44,253 29 loss=0.013881757241903225
2019-01-18 15:09:44,253 30 loss=0.013794797490223169
2019-01-18 15:09:44,253 
*** Major Checkpoint. Computing Stats and Saving
2019-01-18 15:09:44,253 	 Computing Major Stats lazily... 
2019-01-18 15:09:44,254 		 Completed edges=30 good=30 bad=0
2019-01-18 15:09:44,255 Distortion avg=0.11231488399602234 wc=1.3192964181588078 me=1.1469798044249042 mc=1.1502350896407485 nan_elements=0
2019-01-18 15:09:44,255 MAP = 1.0
2019-01-18 15:09:44,255 scale=[array([1.])]
2019-01-18 15:09:44,255 *** End Major Checkpoint

2019-01-18 15:09:44,256 31 loss=0.013719444549844513
2019-01-18 15:09:44,256 32 loss=0.01365371940497287
2019-01-18 15:09:44,257 33 loss=0.013596026748247999
2019-01-18 15:09:44,257 34 loss=0.013545075296794724
2019-01-18 15:09:44,257 35 loss=0.013499815671958735
2019-01-18 15:09:44,258 36 loss=0.01345939168473178
2019-01-18 15:09:44,258 37 loss=0.013423101939362117
2019-01-18 15:09:44,259 38 loss=0.013390369438044525
2019-01-18 15:09:44,259 39 loss=0.01336071743040273
2019-01-18 15:09:44,260 40 loss=0.013333750164403496
2019-01-18 15:09:44,260 
*** Major Checkpoint. Computing Stats and Saving
2019-01-18 15:09:44,260 	 Computing Major Stats lazily... 
2019-01-18 15:09:44,260 		 Completed edges=30 good=30 bad=0
2019-01-18 15:09:44,261 Distortion avg=0.11139718918461136 wc=1.2989113554747111 me=1.1470960242937074 mc=1.1323475349628902 nan_elements=0
2019-01-18 15:09:44,261 MAP = 1.0
2019-01-18 15:09:44,262 scale=[array([1.])]
2019-01-18 15:09:44,262 *** End Major Checkpoint

2019-01-18 15:09:44,262 41 loss=0.013309137502759855
2019-01-18 15:09:44,263 42 loss=0.013286602600165932
2019-01-18 15:09:44,263 43 loss=0.013265912012422032
2019-01-18 15:09:44,264 44 loss=0.013246867743199003
2019-01-18 15:09:44,264 45 loss=0.013229300838261425
2019-01-18 15:09:44,264 46 loss=0.013213066217943626
2019-01-18 15:09:44,265 47 loss=0.013198038502061835
2019-01-18 15:09:44,265 48 loss=0.013184108631325664
2019-01-18 15:09:44,266 49 loss=0.01317118112873472
2019-01-18 15:09:44,266 50 loss=0.013159171875718294
2019-01-18 15:09:44,266 
*** Major Checkpoint. Computing Stats and Saving
2019-01-18 15:09:44,266 	 Computing Major Stats lazily... 
2019-01-18 15:09:44,267 		 Completed edges=30 good=30 bad=0
2019-01-18 15:09:44,268 Distortion avg=0.11121833916716213 wc=1.287402320310921 me=1.1471392603295907 mc=1.1222720421416235 nan_elements=0
2019-01-18 15:09:44,268 MAP = 1.0
2019-01-18 15:09:44,268 scale=[array([1.])]
2019-01-18 15:09:44,268 *** End Major Checkpoint

2019-01-18 15:09:44,268 final loss=0.013159171875718294
2019-01-18 15:09:44,268 best loss=0.013159171875718294, distortion=0.11121833916716213, map=1.0, wc_dist=1.287402320310921
2019-01-18 15:09:44,268 	 Computing Major Stats lazily... 
2019-01-18 15:09:44,269 		 Completed edges=30 good=30 bad=0
2019-01-18 15:09:44,270 Distortion avg=0.1112183391671621 wc=1.287402320310921 me=1.1471392603295907 mc=1.1222720421416235 nan_elements=0
2019-01-18 15:09:44,270 MAP = 1.0
2019-01-18 15:09:44,270 scale=[array([1.])]
