2019-01-18 14:56:40,060 Commandline ['pytorch/pytorch_hyperbolic.py', 'learn', 'data/edges/parsing/ewt/ewt_dev/1256.edges', '--dim', '0', '--hyp', '0', '--edim', '10', '--euc', '1', '--sdim', '0', '--sph', '0', '--log-name', 'ewt_devr2/1256.edges.E10-1.lr1.log', '--batch-size', '65536', '--epochs', '50', '--checkpoint-freq', '10', '-g', '--subsample', '1024', '--learning-rate', '1']
2019-01-18 14:56:40,060 No Model Save selected!
2019-01-18 14:56:40,061 Loaded Graph data/edges/parsing/ewt/ewt_dev/1256.edges with 13 nodes scale=1.0
2019-01-18 14:56:40,061 Building dataset
2019-01-18 14:56:40,062 Subsample: 13 points with scale 1.0 subsample=12
2019-01-18 14:56:40,073 Built Data Sampler
2019-01-18 14:56:40,073 Creating a fresh model warm_start?=None
2019-01-18 14:56:40,073 	 Warmstarting? None None 13
2019-01-18 14:56:40,074 Embedding() torch.Size([13, 10])
2019-01-18 14:56:40,074 relative No Rescale
2019-01-18 14:56:40,074 Constructed model with dim=0 and epochs=0 isnan=False
2019-01-18 14:56:40,074 SGD (
Parameter Group 0
    dampening: 0
    initial_lr: 0.1
    lr: 1.0
    momentum: 0.0
    nesterov: False
    weight_decay: 0

Parameter Group 1
    dampening: 0
    initial_lr: 0.1
    lr: 1.0
    momentum: 0.0
    nesterov: False
    weight_decay: 0

Parameter Group 2
    dampening: 0
    initial_lr: 0.1
    lr: 1.0
    momentum: 0.0
    nesterov: False
    weight_decay: 0

Parameter Group 3
    dampening: 0
    initial_lr: 0.0001
    lr: 0.001
    momentum: 0.0
    nesterov: False
    weight_decay: 0
)
2019-01-18 14:56:40,074 *** Initial Checkpoint. Computing Stats
2019-01-18 14:56:40,074 	 Computing Major Stats lazily... 
2019-01-18 14:56:40,076 		 Completed edges=156 good=156 bad=0
2019-01-18 14:56:40,078 Distortion avg=0.9980010915350929 wc=8.427788954634368 me=0.005982886981094694 mc=1408.649199168447 nan_elements=0
2019-01-18 14:56:40,078 MAP = 0.3357020757020757
2019-01-18 14:56:40,078 scale=[array([1.])]
2019-01-18 14:56:40,078 *** End Initial Checkpoint

2019-01-18 14:56:40,138 1 loss=0.9960073538900664
2019-01-18 14:56:40,138 2 loss=0.8552858229332372
2019-01-18 14:56:40,139 3 loss=0.739244209491122
2019-01-18 14:56:40,139 4 loss=0.6489157695208974
2019-01-18 14:56:40,140 5 loss=0.5784638076075429
2019-01-18 14:56:40,140 6 loss=0.5228956341046297
2019-01-18 14:56:40,141 7 loss=0.47842701682586547
2019-01-18 14:56:40,142 8 loss=0.44227043020561807
2019-01-18 14:56:40,142 9 loss=0.41238941428575504
2019-01-18 14:56:40,143 10 loss=0.3872972021065833
2019-01-18 14:56:40,143 
*** Major Checkpoint. Computing Stats and Saving
2019-01-18 14:56:40,143 	 Computing Major Stats lazily... 
2019-01-18 14:56:40,144 		 Completed edges=156 good=156 bad=0
2019-01-18 14:56:40,146 Distortion avg=0.558086931751013 wc=10.053482589970761 me=1.2703313103313822 mc=7.914063448021431 nan_elements=0
2019-01-18 14:56:40,146 MAP = 0.162226245976246
2019-01-18 14:56:40,146 scale=[array([1.])]
2019-01-18 14:56:40,146 *** End Major Checkpoint

2019-01-18 14:56:40,147 11 loss=0.36590483634543214
2019-01-18 14:56:40,147 12 loss=0.3474101346321953
2019-01-18 14:56:40,148 13 loss=0.33121762103693303
2019-01-18 14:56:40,148 14 loss=0.31688113597235495
2019-01-18 14:56:40,149 15 loss=0.3040627884181217
2019-01-18 14:56:40,149 16 loss=0.29250359234592377
2019-01-18 14:56:40,150 17 loss=0.28200242761615674
2019-01-18 14:56:40,150 18 loss=0.2724009257432626
2019-01-18 14:56:40,151 19 loss=0.26357257498132053
2019-01-18 14:56:40,151 20 loss=0.2554148348683733
2019-01-18 14:56:40,151 
*** Major Checkpoint. Computing Stats and Saving
2019-01-18 14:56:40,151 	 Computing Major Stats lazily... 
2019-01-18 14:56:40,152 		 Completed edges=156 good=156 bad=0
2019-01-18 14:56:40,154 Distortion avg=0.4637926123340459 wc=7.627164819216933 me=1.5468587809871985 mc=4.93074410732524 nan_elements=0
2019-01-18 14:56:40,154 MAP = 0.2767757242757243
2019-01-18 14:56:40,154 scale=[array([1.])]
2019-01-18 14:56:40,155 *** End Major Checkpoint

2019-01-18 14:56:40,155 21 loss=0.24784340212375838
2019-01-18 14:56:40,156 22 loss=0.2407880186528041
2019-01-18 14:56:40,156 23 loss=0.2341893883165022
2019-01-18 14:56:40,157 24 loss=0.2279968935206592
2019-01-18 14:56:40,157 25 loss=0.22216689077937848
2019-01-18 14:56:40,158 26 loss=0.21666142693378587
2019-01-18 14:56:40,158 27 loss=0.2114472621955459
2019-01-18 14:56:40,159 28 loss=0.20649511792878775
2019-01-18 14:56:40,159 29 loss=0.20177908980229803
2019-01-18 14:56:40,160 30 loss=0.1972761832525819
2019-01-18 14:56:40,160 
*** Major Checkpoint. Computing Stats and Saving
2019-01-18 14:56:40,160 	 Computing Major Stats lazily... 
2019-01-18 14:56:40,161 		 Completed edges=156 good=156 bad=0
2019-01-18 14:56:40,163 Distortion avg=0.396106990063334 wc=5.942934954992563 me=1.5798579155856283 mc=3.7616895142052136 nan_elements=0
2019-01-18 14:56:40,163 MAP = 0.5379120879120879
2019-01-18 14:56:40,163 scale=[array([1.])]
2019-01-18 14:56:40,163 *** End Major Checkpoint

2019-01-18 14:56:40,164 31 loss=0.19296593994227187
2019-01-18 14:56:40,164 32 loss=0.1888301323811389
2019-01-18 14:56:40,165 33 loss=0.18485251002265274
2019-01-18 14:56:40,165 34 loss=0.1810185846144489
2019-01-18 14:56:40,166 35 loss=0.17731544583438333
2019-01-18 14:56:40,166 36 loss=0.17373160061983636
2019-01-18 14:56:40,167 37 loss=0.17025683133660005
2019-01-18 14:56:40,167 38 loss=0.16688206920767745
2019-01-18 14:56:40,168 39 loss=0.16359928035620966
2019-01-18 14:56:40,168 40 loss=0.16040136250074785
2019-01-18 14:56:40,168 
*** Major Checkpoint. Computing Stats and Saving
2019-01-18 14:56:40,169 	 Computing Major Stats lazily... 
2019-01-18 14:56:40,169 		 Completed edges=156 good=156 bad=0
2019-01-18 14:56:40,171 Distortion avg=0.3527869804840319 wc=4.863090384756854 me=1.5805245127918588 mc=3.0768838732950927 nan_elements=0
2019-01-18 14:56:40,172 MAP = 0.7190384615384615
2019-01-18 14:56:40,173 scale=[array([1.])]
2019-01-18 14:56:40,173 *** End Major Checkpoint

2019-01-18 14:56:40,173 41 loss=0.15728205084079477
2019-01-18 14:56:40,174 42 loss=0.1542358320339182
2019-01-18 14:56:40,174 43 loss=0.1512578654280413
2019-01-18 14:56:40,175 44 loss=0.14834391089983473
2019-01-18 14:56:40,176 45 loss=0.1454902627819487
2019-01-18 14:56:40,176 46 loss=0.14269368945274974
2019-01-18 14:56:40,177 47 loss=0.13995137822335338
2019-01-18 14:56:40,177 48 loss=0.13726088519649038
2019-01-18 14:56:40,178 49 loss=0.13462008979655316
2019-01-18 14:56:40,179 50 loss=0.13202715368494525
2019-01-18 14:56:40,179 
*** Major Checkpoint. Computing Stats and Saving
2019-01-18 14:56:40,179 	 Computing Major Stats lazily... 
2019-01-18 14:56:40,180 		 Completed edges=156 good=156 bad=0
2019-01-18 14:56:40,182 Distortion avg=0.3208773352195725 wc=4.024036853452838 me=1.537613530877028 mc=2.6170664946981814 nan_elements=0
2019-01-18 14:56:40,182 MAP = 0.8974358974358974
2019-01-18 14:56:40,182 scale=[array([1.])]
2019-01-18 14:56:40,182 *** End Major Checkpoint

2019-01-18 14:56:40,182 final loss=0.13202715368494525
2019-01-18 14:56:40,182 best loss=0.13202715368494525, distortion=0.3208773352195725, map=0.8974358974358974, wc_dist=4.024036853452838
2019-01-18 14:56:40,182 	 Computing Major Stats lazily... 
2019-01-18 14:56:40,183 		 Completed edges=156 good=156 bad=0
2019-01-18 14:56:40,185 Distortion avg=0.3208773352195726 wc=4.024036853452838 me=1.537613530877028 mc=2.6170664946981814 nan_elements=0
2019-01-18 14:56:40,185 MAP = 0.8974358974358974
2019-01-18 14:56:40,185 scale=[array([1.])]
