2019-01-18 14:56:41,295 Commandline ['pytorch/pytorch_hyperbolic.py', 'learn', 'data/edges/parsing/ewt/ewt_dev/1261.edges', '--dim', '0', '--hyp', '0', '--edim', '10', '--euc', '1', '--sdim', '0', '--sph', '0', '--log-name', 'ewt_devr2/1261.edges.E10-1.lr1.log', '--batch-size', '65536', '--epochs', '50', '--checkpoint-freq', '10', '-g', '--subsample', '1024', '--learning-rate', '1']
2019-01-18 14:56:41,295 No Model Save selected!
2019-01-18 14:56:41,297 Loaded Graph data/edges/parsing/ewt/ewt_dev/1261.edges with 8 nodes scale=1.0
2019-01-18 14:56:41,297 Building dataset
2019-01-18 14:56:41,298 Subsample: 8 points with scale 1.0 subsample=7
2019-01-18 14:56:41,304 Built Data Sampler
2019-01-18 14:56:41,305 Creating a fresh model warm_start?=None
2019-01-18 14:56:41,305 	 Warmstarting? None None 8
2019-01-18 14:56:41,305 Embedding() torch.Size([8, 10])
2019-01-18 14:56:41,305 relative No Rescale
2019-01-18 14:56:41,305 Constructed model with dim=0 and epochs=0 isnan=False
2019-01-18 14:56:41,306 SGD (
Parameter Group 0
    dampening: 0
    initial_lr: 0.1
    lr: 1.0
    momentum: 0.0
    nesterov: False
    weight_decay: 0

Parameter Group 1
    dampening: 0
    initial_lr: 0.1
    lr: 1.0
    momentum: 0.0
    nesterov: False
    weight_decay: 0

Parameter Group 2
    dampening: 0
    initial_lr: 0.1
    lr: 1.0
    momentum: 0.0
    nesterov: False
    weight_decay: 0

Parameter Group 3
    dampening: 0
    initial_lr: 0.0001
    lr: 0.001
    momentum: 0.0
    nesterov: False
    weight_decay: 0
)
2019-01-18 14:56:41,306 *** Initial Checkpoint. Computing Stats
2019-01-18 14:56:41,306 	 Computing Major Stats lazily... 
2019-01-18 14:56:41,307 		 Completed edges=56 good=56 bad=0
2019-01-18 14:56:41,308 Distortion avg=0.9971212079839493 wc=5.751184174970984 me=0.005941110731069004 mc=968.0318100949036 nan_elements=0
2019-01-18 14:56:41,308 MAP = 0.32514880952380953
2019-01-18 14:56:41,308 scale=[array([1.])]
2019-01-18 14:56:41,309 *** End Initial Checkpoint

2019-01-18 14:56:41,367 1 loss=0.9942526121492461
2019-01-18 14:56:41,368 2 loss=0.6264241252133498
2019-01-18 14:56:41,368 3 loss=0.4459968735676503
2019-01-18 14:56:41,369 4 loss=0.34896180628879303
2019-01-18 14:56:41,369 5 loss=0.2867785195183744
2019-01-18 14:56:41,370 6 loss=0.24236811337831837
2019-01-18 14:56:41,370 7 loss=0.20877169313147115
2019-01-18 14:56:41,371 8 loss=0.18256003549494543
2019-01-18 14:56:41,371 9 loss=0.16173490272538915
2019-01-18 14:56:41,371 10 loss=0.1449802779943295
2019-01-18 14:56:41,372 
*** Major Checkpoint. Computing Stats and Saving
2019-01-18 14:56:41,372 	 Computing Major Stats lazily... 
2019-01-18 14:56:41,372 		 Completed edges=56 good=56 bad=0
2019-01-18 14:56:41,373 Distortion avg=0.3260523448212277 wc=3.9601496454979066 me=1.3661183524977467 mc=2.8988335002288452 nan_elements=0
2019-01-18 14:56:41,374 MAP = 0.6480654761904762
2019-01-18 14:56:41,374 scale=[array([1.])]
2019-01-18 14:56:41,374 *** End Major Checkpoint

2019-01-18 14:56:41,374 11 loss=0.1313567785088611
2019-01-18 14:56:41,375 12 loss=0.1201600484045937
2019-01-18 14:56:41,375 13 loss=0.1108473508303507
2019-01-18 14:56:41,376 14 loss=0.10299533628818305
2019-01-18 14:56:41,376 15 loss=0.09627312146226898
2019-01-18 14:56:41,377 16 loss=0.09042337348494574
2019-01-18 14:56:41,377 17 loss=0.0852479002327117
2019-01-18 14:56:41,378 18 loss=0.08059604386269324
2019-01-18 14:56:41,378 19 loss=0.07635504387710727
2019-01-18 14:56:41,379 20 loss=0.07244195189215144
2019-01-18 14:56:41,379 
*** Major Checkpoint. Computing Stats and Saving
2019-01-18 14:56:41,379 	 Computing Major Stats lazily... 
2019-01-18 14:56:41,379 		 Completed edges=56 good=56 bad=0
2019-01-18 14:56:41,380 Distortion avg=0.21725538964272065 wc=2.9074590322983775 me=1.3946859866272139 mc=2.0846692805235114 nan_elements=0
2019-01-18 14:56:41,380 MAP = 0.9375
2019-01-18 14:56:41,381 scale=[array([1.])]
2019-01-18 14:56:41,381 *** End Major Checkpoint

2019-01-18 14:56:41,381 21 loss=0.06879686952830656
2019-01-18 14:56:41,382 22 loss=0.06537735802863627
2019-01-18 14:56:41,382 23 loss=0.06215389313218071
2019-01-18 14:56:41,383 24 loss=0.05910624267108013
2019-01-18 14:56:41,383 25 loss=0.056220643132526664
2019-01-18 14:56:41,384 26 loss=0.05348765218880046
2019-01-18 14:56:41,384 27 loss=0.05090055929291871
2019-01-18 14:56:41,384 28 loss=0.04845424569563323
2019-01-18 14:56:41,385 29 loss=0.0461443974125053
2019-01-18 14:56:41,385 30 loss=0.043966988276665855
2019-01-18 14:56:41,386 
*** Major Checkpoint. Computing Stats and Saving
2019-01-18 14:56:41,386 	 Computing Major Stats lazily... 
2019-01-18 14:56:41,386 		 Completed edges=56 good=56 bad=0
2019-01-18 14:56:41,387 Distortion avg=0.17020551790311994 wc=2.1635721464473274 me=1.2859180186531725 mc=1.6825117270799117 nan_elements=0
2019-01-18 14:56:41,387 MAP = 1.0
2019-01-18 14:56:41,388 scale=[array([1.])]
2019-01-18 14:56:41,388 *** End Major Checkpoint

2019-01-18 14:56:41,388 31 loss=0.041917963978654216
2019-01-18 14:56:41,389 32 loss=0.039993071010321936
2019-01-18 14:56:41,389 33 loss=0.03818778614980854
2019-01-18 14:56:41,390 34 loss=0.03649731229261492
2019-01-18 14:56:41,390 35 loss=0.03491661499245591
2019-01-18 14:56:41,391 36 loss=0.03344048109013351
2019-01-18 14:56:41,391 37 loss=0.03206358641245923
2019-01-18 14:56:41,392 38 loss=0.030780563882755862
2019-01-18 14:56:41,392 39 loss=0.029586066678225137
2019-01-18 14:56:41,393 40 loss=0.028474823475325185
2019-01-18 14:56:41,393 
*** Major Checkpoint. Computing Stats and Saving
2019-01-18 14:56:41,393 	 Computing Major Stats lazily... 
2019-01-18 14:56:41,393 		 Completed edges=56 good=56 bad=0
2019-01-18 14:56:41,395 Distortion avg=0.14132931367613752 wc=1.7516176461182322 me=1.2046741392535036 mc=1.4540178036889306 nan_elements=0
2019-01-18 14:56:41,395 MAP = 1.0
2019-01-18 14:56:41,395 scale=[array([1.])]
2019-01-18 14:56:41,395 *** End Major Checkpoint

2019-01-18 14:56:41,395 41 loss=0.027441684511216695
2019-01-18 14:56:41,396 42 loss=0.0264816583118077
2019-01-18 14:56:41,396 43 loss=0.025589939631243563
2019-01-18 14:56:41,397 44 loss=0.02476192952977429
2019-01-18 14:56:41,397 45 loss=0.02399324868173591
2019-01-18 14:56:41,398 46 loss=0.023279745027615952
2019-01-18 14:56:41,398 47 loss=0.022617496820152135
2019-01-18 14:56:41,399 48 loss=0.022002812004607655
2019-01-18 14:56:41,399 49 loss=0.02143222474529053
2019-01-18 14:56:41,400 50 loss=0.020902489781489002
2019-01-18 14:56:41,400 
*** Major Checkpoint. Computing Stats and Saving
2019-01-18 14:56:41,400 	 Computing Major Stats lazily... 
2019-01-18 14:56:41,400 		 Completed edges=56 good=56 bad=0
2019-01-18 14:56:41,402 Distortion avg=0.12468569554476548 wc=1.5807058026469418 me=1.194667184209909 mc=1.3231348642863567 nan_elements=0
2019-01-18 14:56:41,402 MAP = 1.0
2019-01-18 14:56:41,402 scale=[array([1.])]
2019-01-18 14:56:41,402 *** End Major Checkpoint

2019-01-18 14:56:41,402 final loss=0.020902489781489002
2019-01-18 14:56:41,402 best loss=0.020902489781489002, distortion=0.12468569554476548, map=1.0, wc_dist=1.5807058026469418
2019-01-18 14:56:41,402 	 Computing Major Stats lazily... 
2019-01-18 14:56:41,403 		 Completed edges=56 good=56 bad=0
2019-01-18 14:56:41,404 Distortion avg=0.12468569554476551 wc=1.5807058026469418 me=1.194667184209909 mc=1.3231348642863567 nan_elements=0
2019-01-18 14:56:41,404 MAP = 1.0
2019-01-18 14:56:41,404 scale=[array([1.])]
