2019-01-18 15:06:16,464 Commandline ['pytorch/pytorch_hyperbolic.py', 'learn', 'data/edges/parsing/ewt/ewt_dev/1262.edges', '--dim', '0', '--hyp', '0', '--edim', '10', '--euc', '1', '--sdim', '0', '--sph', '0', '--log-name', 'ewt_devr2/1262.edges.E10-1.lr1.log', '--batch-size', '65536', '--epochs', '50', '--checkpoint-freq', '10', '-g', '--subsample', '1024', '--learning-rate', '1']
2019-01-18 15:06:16,465 No Model Save selected!
2019-01-18 15:06:16,467 Loaded Graph data/edges/parsing/ewt/ewt_dev/1262.edges with 24 nodes scale=1.0
2019-01-18 15:06:16,467 Building dataset
2019-01-18 15:06:16,467 Subsample: 24 points with scale 1.0 subsample=23
2019-01-18 15:06:16,496 Built Data Sampler
2019-01-18 15:06:16,496 Creating a fresh model warm_start?=None
2019-01-18 15:06:16,496 	 Warmstarting? None None 24
2019-01-18 15:06:16,497 Embedding() torch.Size([24, 10])
2019-01-18 15:06:16,497 relative No Rescale
2019-01-18 15:06:16,497 Constructed model with dim=0 and epochs=0 isnan=False
2019-01-18 15:06:16,497 SGD (
Parameter Group 0
    dampening: 0
    initial_lr: 0.1
    lr: 1.0
    momentum: 0.0
    nesterov: False
    weight_decay: 0

Parameter Group 1
    dampening: 0
    initial_lr: 0.1
    lr: 1.0
    momentum: 0.0
    nesterov: False
    weight_decay: 0

Parameter Group 2
    dampening: 0
    initial_lr: 0.1
    lr: 1.0
    momentum: 0.0
    nesterov: False
    weight_decay: 0

Parameter Group 3
    dampening: 0
    initial_lr: 0.0001
    lr: 0.001
    momentum: 0.0
    nesterov: False
    weight_decay: 0
)
2019-01-18 15:06:16,497 *** Initial Checkpoint. Computing Stats
2019-01-18 15:06:16,497 	 Computing Major Stats lazily... 
2019-01-18 15:06:16,500 		 Completed edges=552 good=552 bad=0
2019-01-18 15:06:16,504 Distortion avg=0.9982890948896693 wc=19.80320502906689 me=0.007048654353541345 mc=2809.5015070667323 nan_elements=0
2019-01-18 15:06:16,504 MAP = 0.11508303703669835
2019-01-18 15:06:16,504 scale=[array([1.])]
2019-01-18 15:06:16,504 *** End Initial Checkpoint

2019-01-18 15:06:16,562 1 loss=0.9965823281420189
2019-01-18 15:06:16,563 2 loss=0.9436458374395574
2019-01-18 15:06:16,564 3 loss=0.8938721579564497
2019-01-18 15:06:16,565 4 loss=0.8485032700971707
2019-01-18 15:06:16,566 5 loss=0.8072318949856467
2019-01-18 15:06:16,567 6 loss=0.7696527616672432
2019-01-18 15:06:16,568 7 loss=0.7353747239669173
2019-01-18 15:06:16,568 8 loss=0.7040416864631067
2019-01-18 15:06:16,569 9 loss=0.6753357630555412
2019-01-18 15:06:16,570 10 loss=0.6489754855619184
2019-01-18 15:06:16,570 
*** Major Checkpoint. Computing Stats and Saving
2019-01-18 15:06:16,570 	 Computing Major Stats lazily... 
2019-01-18 15:06:16,572 		 Completed edges=552 good=552 bad=0
2019-01-18 15:06:16,576 Distortion avg=0.7700087110613119 wc=21.240966934475598 me=1.0104559001115696 mc=21.021171663335604 nan_elements=0
2019-01-18 15:06:16,576 MAP = 0.07730481973413143
2019-01-18 15:06:16,576 scale=[array([1.])]
2019-01-18 15:06:16,577 *** End Major Checkpoint

2019-01-18 15:06:16,577 11 loss=0.6247125284919476
2019-01-18 15:06:16,578 12 loss=0.6023281180122328
2019-01-18 15:06:16,579 13 loss=0.5816295608902997
2019-01-18 15:06:16,580 14 loss=0.5624470553531238
2019-01-18 15:06:16,581 15 loss=0.5446308328574448
2019-01-18 15:06:16,582 16 loss=0.5280486309233943
2019-01-18 15:06:16,583 17 loss=0.5125834762208211
2019-01-18 15:06:16,584 18 loss=0.49813174899514345
2019-01-18 15:06:16,585 19 loss=0.4846014979322323
2019-01-18 15:06:16,585 20 loss=0.47191097547916944
2019-01-18 15:06:16,586 
*** Major Checkpoint. Computing Stats and Saving
2019-01-18 15:06:16,586 	 Computing Major Stats lazily... 
2019-01-18 15:06:16,588 		 Completed edges=552 good=552 bad=0
2019-01-18 15:06:16,592 Distortion avg=0.6482844795316326 wc=16.597130621143418 me=1.384272115081665 mc=11.989789030868595 nan_elements=0
2019-01-18 15:06:16,592 MAP = 0.08064809715399358
2019-01-18 15:06:16,592 scale=[array([1.])]
2019-01-18 15:06:16,592 *** End Major Checkpoint

2019-01-18 15:06:16,593 21 loss=0.4599873658669489
2019-01-18 15:06:16,594 22 loss=0.4487656808128859
2019-01-18 15:06:16,595 23 loss=0.43818780070130464
2019-01-18 15:06:16,595 24 loss=0.4282016417445568
2019-01-18 15:06:16,596 25 loss=0.4187604321165617
2019-01-18 15:06:16,597 26 loss=0.40982208229120903
2019-01-18 15:06:16,598 27 loss=0.4013486368032392
2019-01-18 15:06:16,599 28 loss=0.39330579639113233
2019-01-18 15:06:16,600 29 loss=0.3856625009994802
2019-01-18 15:06:16,601 30 loss=0.37839056543473915
2019-01-18 15:06:16,601 
*** Major Checkpoint. Computing Stats and Saving
2019-01-18 15:06:16,601 	 Computing Major Stats lazily... 
2019-01-18 15:06:16,603 		 Completed edges=552 good=552 bad=0
2019-01-18 15:06:16,607 Distortion avg=0.5828358680345804 wc=13.375763417713108 me=1.4935732431087347 mc=8.955545688454281 nan_elements=0
2019-01-18 15:06:16,607 MAP = 0.09350058995725646
2019-01-18 15:06:16,607 scale=[array([1.])]
2019-01-18 15:06:16,607 *** End Major Checkpoint

2019-01-18 15:06:16,608 31 loss=0.37146436060602733
2019-01-18 15:06:16,609 32 loss=0.3648605342635989
2019-01-18 15:06:16,610 33 loss=0.35855776599198835
2019-01-18 15:06:16,611 34 loss=0.3525365519407224
2019-01-18 15:06:16,612 35 loss=0.3467790153991397
2019-01-18 15:06:16,612 36 loss=0.34126873985738215
2019-01-18 15:06:16,613 37 loss=0.3359906216554471
2019-01-18 15:06:16,614 38 loss=0.3309307397170121
2019-01-18 15:06:16,615 39 loss=0.32607624020385995
2019-01-18 15:06:16,616 40 loss=0.32141523421809914
2019-01-18 15:06:16,616 
*** Major Checkpoint. Computing Stats and Saving
2019-01-18 15:06:16,616 	 Computing Major Stats lazily... 
2019-01-18 15:06:16,618 		 Completed edges=552 good=552 bad=0
2019-01-18 15:06:16,622 Distortion avg=0.5315273122257759 wc=12.078072558190307 me=1.626258719578465 mc=7.426907178287725 nan_elements=0
2019-01-18 15:06:16,622 MAP = 0.1113148020468309
2019-01-18 15:06:16,622 scale=[array([1.])]
2019-01-18 15:06:16,623 *** End Major Checkpoint

2019-01-18 15:06:16,624 41 loss=0.31693670692986203
2019-01-18 15:06:16,625 42 loss=0.3126304367236299
2019-01-18 15:06:16,625 43 loss=0.3084869231418259
2019-01-18 15:06:16,626 44 loss=0.30449732256411055
2019-01-18 15:06:16,627 45 loss=0.3006533906986167
2019-01-18 15:06:16,628 46 loss=0.2969474310802857
2019-01-18 15:06:16,629 47 loss=0.2933722488742038
2019-01-18 15:06:16,630 48 loss=0.28992110937069626
2019-01-18 15:06:16,630 49 loss=0.28658770063584355
2019-01-18 15:06:16,631 50 loss=0.2833660998477424
2019-01-18 15:06:16,631 
*** Major Checkpoint. Computing Stats and Saving
2019-01-18 15:06:16,631 	 Computing Major Stats lazily... 
2019-01-18 15:06:16,634 		 Completed edges=552 good=552 bad=0
2019-01-18 15:06:16,637 Distortion avg=0.48958700108687314 wc=11.3590099343186 me=1.7347955283144096 mc=6.547751449045656 nan_elements=0
2019-01-18 15:06:16,638 MAP = 0.14010247216806815
2019-01-18 15:06:16,638 scale=[array([1.])]
2019-01-18 15:06:16,638 *** End Major Checkpoint

2019-01-18 15:06:16,638 final loss=0.2833660998477424
2019-01-18 15:06:16,638 best loss=0.2833660998477424, distortion=0.48958700108687314, map=0.14010247216806815, wc_dist=11.3590099343186
2019-01-18 15:06:16,638 	 Computing Major Stats lazily... 
2019-01-18 15:06:16,640 		 Completed edges=552 good=552 bad=0
2019-01-18 15:06:16,644 Distortion avg=0.48958700108687214 wc=11.3590099343186 me=1.7347955283144096 mc=6.547751449045656 nan_elements=0
2019-01-18 15:06:16,644 MAP = 0.14010247216806815
2019-01-18 15:06:16,644 scale=[array([1.])]
