2019-01-18 15:12:06,885 Commandline ['pytorch/pytorch_hyperbolic.py', 'learn', 'data/edges/parsing/ewt/ewt_dev/1268.edges', '--dim', '0', '--hyp', '0', '--edim', '10', '--euc', '1', '--sdim', '0', '--sph', '0', '--log-name', 'ewt_devr2/1268.edges.E10-1.lr1.log', '--batch-size', '65536', '--epochs', '50', '--checkpoint-freq', '10', '-g', '--subsample', '1024', '--learning-rate', '1']
2019-01-18 15:12:06,885 No Model Save selected!
2019-01-18 15:12:06,887 Loaded Graph data/edges/parsing/ewt/ewt_dev/1268.edges with 5 nodes scale=1.0
2019-01-18 15:12:06,888 Building dataset
2019-01-18 15:12:06,888 Subsample: 5 points with scale 1.0 subsample=4
2019-01-18 15:12:06,892 Built Data Sampler
2019-01-18 15:12:06,892 Creating a fresh model warm_start?=None
2019-01-18 15:12:06,892 	 Warmstarting? None None 5
2019-01-18 15:12:06,892 Embedding() torch.Size([5, 10])
2019-01-18 15:12:06,892 relative No Rescale
2019-01-18 15:12:06,893 Constructed model with dim=0 and epochs=0 isnan=False
2019-01-18 15:12:06,893 SGD (
Parameter Group 0
    dampening: 0
    initial_lr: 0.1
    lr: 1.0
    momentum: 0.0
    nesterov: False
    weight_decay: 0

Parameter Group 1
    dampening: 0
    initial_lr: 0.1
    lr: 1.0
    momentum: 0.0
    nesterov: False
    weight_decay: 0

Parameter Group 2
    dampening: 0
    initial_lr: 0.1
    lr: 1.0
    momentum: 0.0
    nesterov: False
    weight_decay: 0

Parameter Group 3
    dampening: 0
    initial_lr: 0.0001
    lr: 0.001
    momentum: 0.0
    nesterov: False
    weight_decay: 0
)
2019-01-18 15:12:06,893 *** Initial Checkpoint. Computing Stats
2019-01-18 15:12:06,893 	 Computing Major Stats lazily... 
2019-01-18 15:12:06,894 		 Completed edges=20 good=20 bad=0
2019-01-18 15:12:06,895 Distortion avg=0.9967215143566446 wc=3.26429954782084 me=0.005628252251848828 mc=579.9845852233344 nan_elements=0
2019-01-18 15:12:06,895 MAP = 0.4666666666666666
2019-01-18 15:12:06,895 scale=[array([1.])]
2019-01-18 15:12:06,895 *** End Initial Checkpoint

2019-01-18 15:12:06,952 1 loss=0.9934557708423654
2019-01-18 15:12:06,953 2 loss=0.31325420002132776
2019-01-18 15:12:06,953 3 loss=0.19965912479249623
2019-01-18 15:12:06,954 4 loss=0.1354470408350513
2019-01-18 15:12:06,954 5 loss=0.09410374813156214
2019-01-18 15:12:06,955 6 loss=0.06724310757608973
2019-01-18 15:12:06,955 7 loss=0.04971216921647029
2019-01-18 15:12:06,956 8 loss=0.038164116018673595
2019-01-18 15:12:06,956 9 loss=0.03043463971625799
2019-01-18 15:12:06,956 10 loss=0.02515118905285792
2019-01-18 15:12:06,957 
*** Major Checkpoint. Computing Stats and Saving
2019-01-18 15:12:06,957 	 Computing Major Stats lazily... 
2019-01-18 15:12:06,957 		 Completed edges=20 good=20 bad=0
2019-01-18 15:12:06,958 Distortion avg=0.14116234022342772 wc=1.4273544306352113 me=1.1218391727450057 mc=1.2723342751017033 nan_elements=0
2019-01-18 15:12:06,958 MAP = 1.0
2019-01-18 15:12:06,958 scale=[array([1.])]
2019-01-18 15:12:06,958 *** End Major Checkpoint

2019-01-18 15:12:06,959 11 loss=0.021455211044445803
2019-01-18 15:12:06,959 12 loss=0.018810052787481206
2019-01-18 15:12:06,960 13 loss=0.01687651985411015
2019-01-18 15:12:06,960 14 loss=0.015436205515941295
2019-01-18 15:12:06,961 15 loss=0.01434537144574044
2019-01-18 15:12:06,961 16 loss=0.013507267383608329
2019-01-18 15:12:06,961 17 loss=0.012855329454479347
2019-01-18 15:12:06,962 18 loss=0.012342800911071506
2019-01-18 15:12:06,962 19 loss=0.011936194128025438
2019-01-18 15:12:06,963 20 loss=0.011611091103494791
2019-01-18 15:12:06,963 
*** Major Checkpoint. Computing Stats and Saving
2019-01-18 15:12:06,963 	 Computing Major Stats lazily... 
2019-01-18 15:12:06,963 		 Completed edges=20 good=20 bad=0
2019-01-18 15:12:06,964 Distortion avg=0.1046377847684925 wc=1.2729063040138802 me=1.113398478985496 mc=1.1432621186744607 nan_elements=0
2019-01-18 15:12:06,964 MAP = 1.0
2019-01-18 15:12:06,964 scale=[array([1.])]
2019-01-18 15:12:06,964 *** End Major Checkpoint

2019-01-18 15:12:06,965 21 loss=0.011349394137594612
2019-01-18 15:12:06,965 22 loss=0.011137492013487876
2019-01-18 15:12:06,966 23 loss=0.010965014167966873
2019-01-18 15:12:06,966 24 loss=0.010823968925889315
2019-01-18 15:12:06,966 25 loss=0.010708136846685581
2019-01-18 15:12:06,967 26 loss=0.010612636403324119
2019-01-18 15:12:06,967 27 loss=0.010533608048264243
2019-01-18 15:12:06,968 28 loss=0.010467980971624661
2019-01-18 15:12:06,968 29 loss=0.010413298564591496
2019-01-18 15:12:06,969 30 loss=0.010367586214477186
2019-01-18 15:12:06,969 
*** Major Checkpoint. Computing Stats and Saving
2019-01-18 15:12:06,969 	 Computing Major Stats lazily... 
2019-01-18 15:12:06,969 		 Completed edges=20 good=20 bad=0
2019-01-18 15:12:06,970 Distortion avg=0.10059075935082898 wc=1.2440103187771545 me=1.1125305440457547 mc=1.1181808224817533 nan_elements=0
2019-01-18 15:12:06,970 MAP = 1.0
2019-01-18 15:12:06,970 scale=[array([1.])]
2019-01-18 15:12:06,970 *** End Major Checkpoint

2019-01-18 15:12:06,971 31 loss=0.010329250078027262
2019-01-18 15:12:06,971 32 loss=0.010296998837271823
2019-01-18 15:12:06,972 33 loss=0.010269782720813378
2019-01-18 15:12:06,972 34 loss=0.010246745642641969
2019-01-18 15:12:06,972 35 loss=0.010227187407291151
2019-01-18 15:12:06,973 36 loss=0.010210533707948055
2019-01-18 15:12:06,973 37 loss=0.010196312203691637
2019-01-18 15:12:06,974 38 loss=0.010184133370164047
2019-01-18 15:12:06,974 39 loss=0.010173675119559382
2019-01-18 15:12:06,975 40 loss=0.010164670411371568
2019-01-18 15:12:06,975 
*** Major Checkpoint. Computing Stats and Saving
2019-01-18 15:12:06,975 	 Computing Major Stats lazily... 
2019-01-18 15:12:06,975 		 Completed edges=20 good=20 bad=0
2019-01-18 15:12:06,976 Distortion avg=0.10008579644314097 wc=1.2341468644934892 me=1.1123956206209564 mc=1.1094495893507468 nan_elements=0
2019-01-18 15:12:06,976 MAP = 1.0
2019-01-18 15:12:06,977 scale=[array([1.])]
2019-01-18 15:12:06,977 *** End Major Checkpoint

2019-01-18 15:12:06,977 41 loss=0.010156897245919474
2019-01-18 15:12:06,978 42 loss=0.010150170562955826
2019-01-18 15:12:06,978 43 loss=0.01014433566806478
2019-01-18 15:12:06,978 44 loss=0.010139262887520772
2019-01-18 15:12:06,979 45 loss=0.010134843213235137
2019-01-18 15:12:06,979 46 loss=0.010130984747346417
2019-01-18 15:12:06,980 47 loss=0.010127609793880905
2019-01-18 15:12:06,980 48 loss=0.010124652474960633
2019-01-18 15:12:06,981 49 loss=0.010122056772961695
2019-01-18 15:12:06,981 50 loss=0.010119774919135276
2019-01-18 15:12:06,981 
*** Major Checkpoint. Computing Stats and Saving
2019-01-18 15:12:06,981 	 Computing Major Stats lazily... 
2019-01-18 15:12:06,981 		 Completed edges=20 good=20 bad=0
2019-01-18 15:12:06,982 Distortion avg=0.10001538114972722 wc=1.2297122210781037 me=1.1123763187225821 mc=1.105482200924833 nan_elements=0
2019-01-18 15:12:06,982 MAP = 1.0
2019-01-18 15:12:06,983 scale=[array([1.])]
2019-01-18 15:12:06,983 *** End Major Checkpoint

2019-01-18 15:12:06,983 final loss=0.010119774919135276
2019-01-18 15:12:06,983 best loss=0.010119774919135276, distortion=0.10001538114972722, map=1.0, wc_dist=1.2297122210781037
2019-01-18 15:12:06,983 	 Computing Major Stats lazily... 
2019-01-18 15:12:06,983 		 Completed edges=20 good=20 bad=0
2019-01-18 15:12:06,984 Distortion avg=0.10001538114972723 wc=1.2297122210781037 me=1.1123763187225821 mc=1.105482200924833 nan_elements=0
2019-01-18 15:12:06,984 MAP = 1.0
2019-01-18 15:12:06,984 scale=[array([1.])]
