2019-01-18 15:03:53,855 Commandline ['pytorch/pytorch_hyperbolic.py', 'learn', 'data/edges/parsing/ewt/ewt_dev/127.edges', '--dim', '0', '--hyp', '0', '--edim', '10', '--euc', '1', '--sdim', '0', '--sph', '0', '--log-name', 'ewt_devr2/127.edges.E10-1.lr1.log', '--batch-size', '65536', '--epochs', '50', '--checkpoint-freq', '10', '-g', '--subsample', '1024', '--learning-rate', '1']
2019-01-18 15:03:53,855 No Model Save selected!
2019-01-18 15:03:53,857 Loaded Graph data/edges/parsing/ewt/ewt_dev/127.edges with 18 nodes scale=1.0
2019-01-18 15:03:53,857 Building dataset
2019-01-18 15:03:53,857 Subsample: 18 points with scale 1.0 subsample=17
2019-01-18 15:03:53,875 Built Data Sampler
2019-01-18 15:03:53,875 Creating a fresh model warm_start?=None
2019-01-18 15:03:53,875 	 Warmstarting? None None 18
2019-01-18 15:03:53,876 Embedding() torch.Size([18, 10])
2019-01-18 15:03:53,876 relative No Rescale
2019-01-18 15:03:53,876 Constructed model with dim=0 and epochs=0 isnan=False
2019-01-18 15:03:53,876 SGD (
Parameter Group 0
    dampening: 0
    initial_lr: 0.1
    lr: 1.0
    momentum: 0.0
    nesterov: False
    weight_decay: 0

Parameter Group 1
    dampening: 0
    initial_lr: 0.1
    lr: 1.0
    momentum: 0.0
    nesterov: False
    weight_decay: 0

Parameter Group 2
    dampening: 0
    initial_lr: 0.1
    lr: 1.0
    momentum: 0.0
    nesterov: False
    weight_decay: 0

Parameter Group 3
    dampening: 0
    initial_lr: 0.0001
    lr: 0.001
    momentum: 0.0
    nesterov: False
    weight_decay: 0
)
2019-01-18 15:03:53,876 *** Initial Checkpoint. Computing Stats
2019-01-18 15:03:53,876 	 Computing Major Stats lazily... 
2019-01-18 15:03:53,878 		 Completed edges=306 good=306 bad=0
2019-01-18 15:03:53,881 Distortion avg=0.9983990957872547 wc=12.03111130938372 me=0.005325560980892679 mc=2259.1256306236205 nan_elements=0
2019-01-18 15:03:53,881 MAP = 0.2511502150717837
2019-01-18 15:03:53,881 scale=[array([1.])]
2019-01-18 15:03:53,881 *** End Initial Checkpoint

2019-01-18 15:03:53,939 1 loss=0.996801972080948
2019-01-18 15:03:53,940 2 loss=0.9302871128834809
2019-01-18 15:03:53,941 3 loss=0.8689443546235998
2019-01-18 15:03:53,942 4 loss=0.8146543327236739
2019-01-18 15:03:53,943 5 loss=0.7668451195198717
2019-01-18 15:03:53,944 6 loss=0.7247420352471926
2019-01-18 15:03:53,944 7 loss=0.6876006054599153
2019-01-18 15:03:53,945 8 loss=0.6547530494858953
2019-01-18 15:03:53,946 9 loss=0.6256149933316814
2019-01-18 15:03:53,946 10 loss=0.5996807591178894
2019-01-18 15:03:53,946 
*** Major Checkpoint. Computing Stats and Saving
2019-01-18 15:03:53,946 	 Computing Major Stats lazily... 
2019-01-18 15:03:53,948 		 Completed edges=306 good=306 bad=0
2019-01-18 15:03:53,950 Distortion avg=0.724622815035381 wc=15.056171790621594 me=0.9425817152374513 mc=15.973333183986819 nan_elements=0
2019-01-18 15:03:53,951 MAP = 0.10787230198994906
2019-01-18 15:03:53,951 scale=[array([1.])]
2019-01-18 15:03:53,951 *** End Major Checkpoint

2019-01-18 15:03:53,951 11 loss=0.5765152683332707
2019-01-18 15:03:53,952 12 loss=0.5557453264768907
2019-01-18 15:03:53,953 13 loss=0.5370513224472987
2019-01-18 15:03:53,953 14 loss=0.5201597150827763
2019-01-18 15:03:53,954 15 loss=0.504836404773088
2019-01-18 15:03:53,955 16 loss=0.49088097024061206
2019-01-18 15:03:53,956 17 loss=0.47812170162916495
2019-01-18 15:03:53,956 18 loss=0.46641134390351807
2019-01-18 15:03:53,957 19 loss=0.45562346242380486
2019-01-18 15:03:53,958 20 loss=0.44564934735045864
2019-01-18 15:03:53,958 
*** Major Checkpoint. Computing Stats and Saving
2019-01-18 15:03:53,958 	 Computing Major Stats lazily... 
2019-01-18 15:03:53,959 		 Completed edges=306 good=306 bad=0
2019-01-18 15:03:53,962 Distortion avg=0.6246597531944728 wc=13.234043727404705 me=1.423587242174427 mc=9.29626463018217 nan_elements=0
2019-01-18 15:03:53,962 MAP = 0.1216877394573473
2019-01-18 15:03:53,962 scale=[array([1.])]
2019-01-18 15:03:53,962 *** End Major Checkpoint

2019-01-18 15:03:53,963 21 loss=0.4363953812530996
2019-01-18 15:03:53,963 22 loss=0.42778080292233644
2019-01-18 15:03:53,964 23 loss=0.4197358089079104
2019-01-18 15:03:53,965 24 loss=0.412199942248718
2019-01-18 15:03:53,965 25 loss=0.4051207250185399
2019-01-18 15:03:53,966 26 loss=0.3984524976325169
2019-01-18 15:03:53,967 27 loss=0.39215543336692277
2019-01-18 15:03:53,968 28 loss=0.38619470129929584
2019-01-18 15:03:53,968 29 loss=0.3805397549537042
2019-01-18 15:03:53,969 30 loss=0.3751637274166065
2019-01-18 15:03:53,969 
*** Major Checkpoint. Computing Stats and Saving
2019-01-18 15:03:53,969 	 Computing Major Stats lazily... 
2019-01-18 15:03:53,970 		 Completed edges=306 good=306 bad=0
2019-01-18 15:03:53,973 Distortion avg=0.571968780207281 wc=11.89771071502666 me=1.6619255511503115 mc=7.158991392118372 nan_elements=0
2019-01-18 15:03:53,973 MAP = 0.17550986776476973
2019-01-18 15:03:53,973 scale=[array([1.])]
2019-01-18 15:03:53,973 *** End Major Checkpoint

2019-01-18 15:03:53,974 31 loss=0.3700429166494753
2019-01-18 15:03:53,975 32 loss=0.3651563472362129
2019-01-18 15:03:53,975 33 loss=0.36048539693034576
2019-01-18 15:03:53,976 34 loss=0.3560134781654859
2019-01-18 15:03:53,977 35 loss=0.3517257662117774
2019-01-18 15:03:53,977 36 loss=0.34760896694353666
2019-01-18 15:03:53,978 37 loss=0.34365111826548445
2019-01-18 15:03:53,979 38 loss=0.3398414201580326
2019-01-18 15:03:53,979 39 loss=0.3361700890724698
2019-01-18 15:03:53,980 40 loss=0.3326282330570483
2019-01-18 15:03:53,980 
*** Major Checkpoint. Computing Stats and Saving
2019-01-18 15:03:53,980 	 Computing Major Stats lazily... 
2019-01-18 15:03:53,981 		 Completed edges=306 good=306 bad=0
2019-01-18 15:03:53,984 Distortion avg=0.5286935812920033 wc=10.92611363372895 me=1.773368867404228 mc=6.161218816095531 nan_elements=0
2019-01-18 15:03:53,984 MAP = 0.2397188459688459
2019-01-18 15:03:53,984 scale=[array([1.])]
2019-01-18 15:03:53,984 *** End Major Checkpoint

2019-01-18 15:03:53,985 41 loss=0.32920774454387
2019-01-18 15:03:53,986 42 loss=0.3259012081901196
2019-01-18 15:03:53,986 43 loss=0.3227018215590701
2019-01-18 15:03:53,987 44 loss=0.31960332675774766
2019-01-18 15:03:53,988 45 loss=0.3165999514287383
2019-01-18 15:03:53,988 46 loss=0.3136863577313409
2019-01-18 15:03:53,989 47 loss=0.3108575981488911
2019-01-18 15:03:53,990 48 loss=0.3081090771302269
2019-01-18 15:03:53,990 49 loss=0.30543651771871594
2019-01-18 15:03:53,991 50 loss=0.30283593244599816
2019-01-18 15:03:53,991 
*** Major Checkpoint. Computing Stats and Saving
2019-01-18 15:03:53,991 	 Computing Major Stats lazily... 
2019-01-18 15:03:53,992 		 Completed edges=306 good=306 bad=0
2019-01-18 15:03:53,995 Distortion avg=0.49290859376087226 wc=10.116708828081048 me=1.8145414364736483 mc=5.575352882401905 nan_elements=0
2019-01-18 15:03:53,995 MAP = 0.30393560143560144
2019-01-18 15:03:53,995 scale=[array([1.])]
2019-01-18 15:03:53,996 *** End Major Checkpoint

2019-01-18 15:03:53,996 final loss=0.30283593244599816
2019-01-18 15:03:53,996 best loss=0.30283593244599816, distortion=0.49290859376087226, map=0.30393560143560144, wc_dist=10.116708828081048
2019-01-18 15:03:53,996 	 Computing Major Stats lazily... 
2019-01-18 15:03:53,997 		 Completed edges=306 good=306 bad=0
2019-01-18 15:03:54,000 Distortion avg=0.4929085937608724 wc=10.116708828081048 me=1.8145414364736483 mc=5.575352882401905 nan_elements=0
2019-01-18 15:03:54,000 MAP = 0.3039356014356015
2019-01-18 15:03:54,000 scale=[array([1.])]
