2019-01-18 14:45:09,579 Commandline ['pytorch/pytorch_hyperbolic.py', 'learn', 'data/edges/parsing/ewt/ewt_dev/1272.edges', '--dim', '0', '--hyp', '0', '--edim', '10', '--euc', '1', '--sdim', '0', '--sph', '0', '--log-name', 'ewt_devr2/1272.edges.E10-1.lr1.log', '--batch-size', '65536', '--epochs', '50', '--checkpoint-freq', '10', '-g', '--subsample', '1024', '--learning-rate', '1']
2019-01-18 14:45:09,579 No Model Save selected!
2019-01-18 14:45:09,581 Loaded Graph data/edges/parsing/ewt/ewt_dev/1272.edges with 11 nodes scale=1.0
2019-01-18 14:45:09,581 Building dataset
2019-01-18 14:45:09,582 Subsample: 11 points with scale 1.0 subsample=10
2019-01-18 14:45:09,592 Built Data Sampler
2019-01-18 14:45:09,592 Creating a fresh model warm_start?=None
2019-01-18 14:45:09,592 	 Warmstarting? None None 11
2019-01-18 14:45:09,593 Embedding() torch.Size([11, 10])
2019-01-18 14:45:09,593 relative No Rescale
2019-01-18 14:45:09,593 Constructed model with dim=0 and epochs=0 isnan=False
2019-01-18 14:45:09,593 SGD (
Parameter Group 0
    dampening: 0
    initial_lr: 0.1
    lr: 1.0
    momentum: 0.0
    nesterov: False
    weight_decay: 0

Parameter Group 1
    dampening: 0
    initial_lr: 0.1
    lr: 1.0
    momentum: 0.0
    nesterov: False
    weight_decay: 0

Parameter Group 2
    dampening: 0
    initial_lr: 0.1
    lr: 1.0
    momentum: 0.0
    nesterov: False
    weight_decay: 0

Parameter Group 3
    dampening: 0
    initial_lr: 0.0001
    lr: 0.001
    momentum: 0.0
    nesterov: False
    weight_decay: 0
)
2019-01-18 14:45:09,593 *** Initial Checkpoint. Computing Stats
2019-01-18 14:45:09,593 	 Computing Major Stats lazily... 
2019-01-18 14:45:09,594 		 Completed edges=110 good=110 bad=0
2019-01-18 14:45:09,597 Distortion avg=0.997803216546407 wc=8.83192345047564 me=0.005941110731069004 mc=1486.5778219364179 nan_elements=0
2019-01-18 14:45:09,597 MAP = 0.30227272727272725
2019-01-18 14:45:09,597 scale=[array([1.])]
2019-01-18 14:45:09,597 *** End Initial Checkpoint

2019-01-18 14:45:09,662 1 loss=0.9956127816965651
2019-01-18 14:45:09,663 2 loss=0.8014805644335048
2019-01-18 14:45:09,663 3 loss=0.6610797601216515
2019-01-18 14:45:09,664 4 loss=0.5631156036778161
2019-01-18 14:45:09,665 5 loss=0.4928802116332653
2019-01-18 14:45:09,666 6 loss=0.4406863546382844
2019-01-18 14:45:09,667 7 loss=0.4004262645137569
2019-01-18 14:45:09,668 8 loss=0.36825998091989126
2019-01-18 14:45:09,669 9 loss=0.3417506566068853
2019-01-18 14:45:09,670 10 loss=0.31932702043674954
2019-01-18 14:45:09,670 
*** Major Checkpoint. Computing Stats and Saving
2019-01-18 14:45:09,670 	 Computing Major Stats lazily... 
2019-01-18 14:45:09,671 		 Completed edges=110 good=110 bad=0
2019-01-18 14:45:09,673 Distortion avg=0.5084786932511712 wc=7.830683748109757 me=1.3394276002457606 mc=5.846291166967867 nan_elements=0
2019-01-18 14:45:09,673 MAP = 0.2356511544011544
2019-01-18 14:45:09,673 scale=[array([1.])]
2019-01-18 14:45:09,674 *** End Major Checkpoint

2019-01-18 14:45:09,674 11 loss=0.2999545718324172
2019-01-18 14:45:09,675 12 loss=0.28293495675564995
2019-01-18 14:45:09,676 13 loss=0.26778312523973286
2019-01-18 14:45:09,676 14 loss=0.2541516115514194
2019-01-18 14:45:09,677 15 loss=0.2417834602390935
2019-01-18 14:45:09,678 16 loss=0.230482671466887
2019-01-18 14:45:09,678 17 loss=0.22009543909105228
2019-01-18 14:45:09,679 18 loss=0.21049808792599084
2019-01-18 14:45:09,680 19 loss=0.20158919864184735
2019-01-18 14:45:09,680 20 loss=0.19328436596447213
2019-01-18 14:45:09,681 
*** Major Checkpoint. Computing Stats and Saving
2019-01-18 14:45:09,681 	 Computing Major Stats lazily... 
2019-01-18 14:45:09,682 		 Completed edges=110 good=110 bad=0
2019-01-18 14:45:09,684 Distortion avg=0.3951498324197043 wc=5.559826640022588 me=1.4473063303635656 mc=3.841499566042768 nan_elements=0
2019-01-18 14:45:09,684 MAP = 0.5220021645021645
2019-01-18 14:45:09,685 scale=[array([1.])]
2019-01-18 14:45:09,685 *** End Major Checkpoint

2019-01-18 14:45:09,686 21 loss=0.18551262037456187
2019-01-18 14:45:09,687 22 loss=0.17821390428156506
2019-01-18 14:45:09,688 23 loss=0.1713372189428974
2019-01-18 14:45:09,689 24 loss=0.16483920075389233
2019-01-18 14:45:09,691 25 loss=0.15868297640901913
2019-01-18 14:45:09,692 26 loss=0.15283720480076765
2019-01-18 14:45:09,693 27 loss=0.14727525093555058
2019-01-18 14:45:09,694 28 loss=0.1419744607649159
2019-01-18 14:45:09,695 29 loss=0.13691552021343598
2019-01-18 14:45:09,695 30 loss=0.13208188985015815
2019-01-18 14:45:09,695 
*** Major Checkpoint. Computing Stats and Saving
2019-01-18 14:45:09,696 	 Computing Major Stats lazily... 
2019-01-18 14:45:09,696 		 Completed edges=110 good=110 bad=0
2019-01-18 14:45:09,699 Distortion avg=0.32086147805842097 wc=4.227410079620227 me=1.4145030059235648 mc=2.9886186610540597 nan_elements=0
2019-01-18 14:45:09,699 MAP = 0.8741414141414142
2019-01-18 14:45:09,699 scale=[array([1.])]
2019-01-18 14:45:09,699 *** End Major Checkpoint

2019-01-18 14:45:09,700 31 loss=0.1274593106891383
2019-01-18 14:45:09,700 32 loss=0.12303537801994206
2019-01-18 14:45:09,701 33 loss=0.11879918005983854
2019-01-18 14:45:09,702 34 loss=0.11474099737709582
2019-01-18 14:45:09,702 35 loss=0.11085205800168632
2019-01-18 14:45:09,703 36 loss=0.10712434225386623
2019-01-18 14:45:09,704 37 loss=0.10355043075844263
2019-01-18 14:45:09,704 38 loss=0.10012338892890547
2019-01-18 14:45:09,705 39 loss=0.09683668137653974
2019-01-18 14:45:09,706 40 loss=0.09368411015508656
2019-01-18 14:45:09,706 
*** Major Checkpoint. Computing Stats and Saving
2019-01-18 14:45:09,706 	 Computing Major Stats lazily... 
2019-01-18 14:45:09,706 		 Completed edges=110 good=110 bad=0
2019-01-18 14:45:09,708 Distortion avg=0.2673174896082044 wc=3.3094237562983984 me=1.3364141985433744 mc=2.4763458513876215 nan_elements=0
2019-01-18 14:45:09,709 MAP = 1.0
2019-01-18 14:45:09,709 scale=[array([1.])]
2019-01-18 14:45:09,709 *** End Major Checkpoint

2019-01-18 14:45:09,710 41 loss=0.09065977140304826
2019-01-18 14:45:09,710 42 loss=0.08775802570556071
2019-01-18 14:45:09,711 43 loss=0.08497347829026874
2019-01-18 14:45:09,711 44 loss=0.08230096593866885
2019-01-18 14:45:09,712 45 loss=0.07973554819616267
2019-01-18 14:45:09,713 46 loss=0.07727250107740043
2019-01-18 14:45:09,713 47 loss=0.07490731197864921
2019-01-18 14:45:09,714 48 loss=0.07263567492606077
2019-01-18 14:45:09,714 49 loss=0.07045348561462206
2019-01-18 14:45:09,715 50 loss=0.06835683593787398
2019-01-18 14:45:09,715 
*** Major Checkpoint. Computing Stats and Saving
2019-01-18 14:45:09,715 	 Computing Major Stats lazily... 
2019-01-18 14:45:09,716 		 Completed edges=110 good=110 bad=0
2019-01-18 14:45:09,718 Distortion avg=0.22565694881279566 wc=2.769117767600029 me=1.2964525809244172 mc=2.135919051991511 nan_elements=0
2019-01-18 14:45:09,718 MAP = 1.0
2019-01-18 14:45:09,719 scale=[array([1.])]
2019-01-18 14:45:09,719 *** End Major Checkpoint

2019-01-18 14:45:09,719 final loss=0.06835683593787398
2019-01-18 14:45:09,719 best loss=0.06835683593787398, distortion=0.22565694881279566, map=1.0, wc_dist=2.769117767600029
2019-01-18 14:45:09,719 	 Computing Major Stats lazily... 
2019-01-18 14:45:09,720 		 Completed edges=110 good=110 bad=0
2019-01-18 14:45:09,721 Distortion avg=0.22565694881279566 wc=2.769117767600029 me=1.2964525809244172 mc=2.135919051991511 nan_elements=0
2019-01-18 14:45:09,721 MAP = 1.0
2019-01-18 14:45:09,722 scale=[array([1.])]
