2019-01-18 15:01:13,111 Commandline ['pytorch/pytorch_hyperbolic.py', 'learn', 'data/edges/parsing/ewt/ewt_dev/1273.edges', '--dim', '0', '--hyp', '0', '--edim', '10', '--euc', '1', '--sdim', '0', '--sph', '0', '--log-name', 'ewt_devr2/1273.edges.E10-1.lr1.log', '--batch-size', '65536', '--epochs', '50', '--checkpoint-freq', '10', '-g', '--subsample', '1024', '--learning-rate', '1']
2019-01-18 15:01:13,112 No Model Save selected!
2019-01-18 15:01:13,113 Loaded Graph data/edges/parsing/ewt/ewt_dev/1273.edges with 10 nodes scale=1.0
2019-01-18 15:01:13,114 Building dataset
2019-01-18 15:01:13,114 Subsample: 10 points with scale 1.0 subsample=9
2019-01-18 15:01:13,122 Built Data Sampler
2019-01-18 15:01:13,122 Creating a fresh model warm_start?=None
2019-01-18 15:01:13,122 	 Warmstarting? None None 10
2019-01-18 15:01:13,123 Embedding() torch.Size([10, 10])
2019-01-18 15:01:13,123 relative No Rescale
2019-01-18 15:01:13,123 Constructed model with dim=0 and epochs=0 isnan=False
2019-01-18 15:01:13,123 SGD (
Parameter Group 0
    dampening: 0
    initial_lr: 0.1
    lr: 1.0
    momentum: 0.0
    nesterov: False
    weight_decay: 0

Parameter Group 1
    dampening: 0
    initial_lr: 0.1
    lr: 1.0
    momentum: 0.0
    nesterov: False
    weight_decay: 0

Parameter Group 2
    dampening: 0
    initial_lr: 0.1
    lr: 1.0
    momentum: 0.0
    nesterov: False
    weight_decay: 0

Parameter Group 3
    dampening: 0
    initial_lr: 0.0001
    lr: 0.001
    momentum: 0.0
    nesterov: False
    weight_decay: 0
)
2019-01-18 15:01:13,123 *** Initial Checkpoint. Computing Stats
2019-01-18 15:01:13,123 	 Computing Major Stats lazily... 
2019-01-18 15:01:13,124 		 Completed edges=90 good=90 bad=0
2019-01-18 15:01:13,126 Distortion avg=0.9974607970210858 wc=5.459727170125823 me=0.005628252251848828 mc=970.0572976863917 nan_elements=0
2019-01-18 15:01:13,126 MAP = 0.31605442176870746
2019-01-18 15:01:13,126 scale=[array([1.])]
2019-01-18 15:01:13,127 *** End Initial Checkpoint

2019-01-18 15:01:13,185 1 loss=0.9949294353100533
2019-01-18 15:01:13,185 2 loss=0.7432239936270321
2019-01-18 15:01:13,186 3 loss=0.5786414567744287
2019-01-18 15:01:13,186 4 loss=0.47221925665254355
2019-01-18 15:01:13,187 5 loss=0.39815938222053665
2019-01-18 15:01:13,187 6 loss=0.34333376609847743
2019-01-18 15:01:13,188 7 loss=0.30087466862224727
2019-01-18 15:01:13,188 8 loss=0.2669356457876637
2019-01-18 15:01:13,189 9 loss=0.23919542665562718
2019-01-18 15:01:13,189 10 loss=0.21615289973712642
2019-01-18 15:01:13,189 
*** Major Checkpoint. Computing Stats and Saving
2019-01-18 15:01:13,189 	 Computing Major Stats lazily... 
2019-01-18 15:01:13,190 		 Completed edges=90 good=90 bad=0
2019-01-18 15:01:13,192 Distortion avg=0.4071074879480577 wc=6.6259832511784476 me=1.3356058369668096 mc=4.961031966007428 nan_elements=0
2019-01-18 15:01:13,192 MAP = 0.3387131519274376
2019-01-18 15:01:13,192 scale=[array([1.])]
2019-01-18 15:01:13,192 *** End Major Checkpoint

2019-01-18 15:01:13,193 11 loss=0.19677816174231846
2019-01-18 15:01:13,193 12 loss=0.18032923595796196
2019-01-18 15:01:13,194 13 loss=0.16625006138679257
2019-01-18 15:01:13,194 14 loss=0.15411078281115712
2019-01-18 15:01:13,195 15 loss=0.14357126487692312
2019-01-18 15:01:13,195 16 loss=0.13435788306995
2019-01-18 15:01:13,196 17 loss=0.1262481221334881
2019-01-18 15:01:13,196 18 loss=0.11905986934097602
2019-01-18 15:01:13,197 19 loss=0.1126436024067112
2019-01-18 15:01:13,197 20 loss=0.10687642606427662
2019-01-18 15:01:13,197 
*** Major Checkpoint. Computing Stats and Saving
2019-01-18 15:01:13,197 	 Computing Major Stats lazily... 
2019-01-18 15:01:13,198 		 Completed edges=90 good=90 bad=0
2019-01-18 15:01:13,199 Distortion avg=0.2791524078815274 wc=4.6291975161263546 me=1.4651298927442762 mc=3.1595816446387492 nan_elements=0
2019-01-18 15:01:13,200 MAP = 0.8116666666666668
2019-01-18 15:01:13,200 scale=[array([1.])]
2019-01-18 15:01:13,200 *** End Major Checkpoint

2019-01-18 15:01:13,200 21 loss=0.10165734844658522
2019-01-18 15:01:13,201 22 loss=0.09690343973461488
2019-01-18 15:01:13,202 23 loss=0.09254665771093973
2019-01-18 15:01:13,202 24 loss=0.08853120383021565
2019-01-18 15:01:13,203 25 loss=0.08481131675397158
2019-01-18 15:01:13,203 26 loss=0.08134943419073927
2019-01-18 15:01:13,204 27 loss=0.07811466758273251
2019-01-18 15:01:13,204 28 loss=0.07508154277266163
2019-01-18 15:01:13,205 29 loss=0.07222896593543042
2019-01-18 15:01:13,205 30 loss=0.0695393790787355
2019-01-18 15:01:13,205 
*** Major Checkpoint. Computing Stats and Saving
2019-01-18 15:01:13,205 	 Computing Major Stats lazily... 
2019-01-18 15:01:13,206 		 Completed edges=90 good=90 bad=0
2019-01-18 15:01:13,207 Distortion avg=0.21991211128982938 wc=3.4606329434537186 me=1.4202823073747173 mc=2.436581041307508 nan_elements=0
2019-01-18 15:01:13,208 MAP = 0.9833333333333334
2019-01-18 15:01:13,208 scale=[array([1.])]
2019-01-18 15:01:13,208 *** End Major Checkpoint

2019-01-18 15:01:13,208 31 loss=0.06699807388440197
2019-01-18 15:01:13,209 32 loss=0.0645926367907719
2019-01-18 15:01:13,209 33 loss=0.06231250204919335
2019-01-18 15:01:13,210 34 loss=0.06014859300516811
2019-01-18 15:01:13,210 35 loss=0.058093035026244716
2019-01-18 15:01:13,211 36 loss=0.056138926304275916
2019-01-18 15:01:13,211 37 loss=0.05428015519640904
2019-01-18 15:01:13,212 38 loss=0.052511254850567166
2019-01-18 15:01:13,212 39 loss=0.050827287612847556
2019-01-18 15:01:13,213 40 loss=0.04922375316946904
2019-01-18 15:01:13,213 
*** Major Checkpoint. Computing Stats and Saving
2019-01-18 15:01:13,213 	 Computing Major Stats lazily... 
2019-01-18 15:01:13,214 		 Completed edges=90 good=90 bad=0
2019-01-18 15:01:13,215 Distortion avg=0.18508116245283857 wc=2.730905904176296 me=1.3387687364008753 mc=2.039863816597645 nan_elements=0
2019-01-18 15:01:13,215 MAP = 1.0
2019-01-18 15:01:13,216 scale=[array([1.])]
2019-01-18 15:01:13,216 *** End Major Checkpoint

2019-01-18 15:01:13,216 41 loss=0.04769651557140523
2019-01-18 15:01:13,217 42 loss=0.046241745262766365
2019-01-18 15:01:13,217 43 loss=0.044855873019608014
2019-01-18 15:01:13,218 44 loss=0.0435355533362486
2019-01-18 15:01:13,218 45 loss=0.04227763529962434
2019-01-18 15:01:13,219 46 loss=0.04107913939292449
2019-01-18 15:01:13,219 47 loss=0.03993723898807283
2019-01-18 15:01:13,220 48 loss=0.038849245539320676
2019-01-18 15:01:13,220 49 loss=0.037812596690921664
2019-01-18 15:01:13,221 50 loss=0.036824846671503576
2019-01-18 15:01:13,221 
*** Major Checkpoint. Computing Stats and Saving
2019-01-18 15:01:13,221 	 Computing Major Stats lazily... 
2019-01-18 15:01:13,221 		 Completed edges=90 good=90 bad=0
2019-01-18 15:01:13,223 Distortion avg=0.16032494369340503 wc=2.277744510305173 me=1.2681481074999372 mc=1.7961186842722832 nan_elements=0
2019-01-18 15:01:13,223 MAP = 1.0
2019-01-18 15:01:13,223 scale=[array([1.])]
2019-01-18 15:01:13,223 *** End Major Checkpoint

2019-01-18 15:01:13,223 final loss=0.036824846671503576
2019-01-18 15:01:13,223 best loss=0.036824846671503576, distortion=0.16032494369340503, map=1.0, wc_dist=2.277744510305173
2019-01-18 15:01:13,224 	 Computing Major Stats lazily... 
2019-01-18 15:01:13,224 		 Completed edges=90 good=90 bad=0
2019-01-18 15:01:13,226 Distortion avg=0.16032494369340508 wc=2.277744510305173 me=1.2681481074999372 mc=1.7961186842722832 nan_elements=0
2019-01-18 15:01:13,226 MAP = 1.0
2019-01-18 15:01:13,226 scale=[array([1.])]
