2019-01-18 14:46:17,085 Commandline ['pytorch/pytorch_hyperbolic.py', 'learn', 'data/edges/parsing/ewt/ewt_dev/1278.edges', '--dim', '0', '--hyp', '0', '--edim', '10', '--euc', '1', '--sdim', '0', '--sph', '0', '--log-name', 'ewt_devr2/1278.edges.E10-1.lr1.log', '--batch-size', '65536', '--epochs', '50', '--checkpoint-freq', '10', '-g', '--subsample', '1024', '--learning-rate', '1']
2019-01-18 14:46:17,085 No Model Save selected!
2019-01-18 14:46:17,087 Loaded Graph data/edges/parsing/ewt/ewt_dev/1278.edges with 14 nodes scale=1.0
2019-01-18 14:46:17,087 Building dataset
2019-01-18 14:46:17,087 Subsample: 14 points with scale 1.0 subsample=13
2019-01-18 14:46:17,101 Built Data Sampler
2019-01-18 14:46:17,101 Creating a fresh model warm_start?=None
2019-01-18 14:46:17,101 	 Warmstarting? None None 14
2019-01-18 14:46:17,101 Embedding() torch.Size([14, 10])
2019-01-18 14:46:17,101 relative No Rescale
2019-01-18 14:46:17,102 Constructed model with dim=0 and epochs=0 isnan=False
2019-01-18 14:46:17,102 SGD (
Parameter Group 0
    dampening: 0
    initial_lr: 0.1
    lr: 1.0
    momentum: 0.0
    nesterov: False
    weight_decay: 0

Parameter Group 1
    dampening: 0
    initial_lr: 0.1
    lr: 1.0
    momentum: 0.0
    nesterov: False
    weight_decay: 0

Parameter Group 2
    dampening: 0
    initial_lr: 0.1
    lr: 1.0
    momentum: 0.0
    nesterov: False
    weight_decay: 0

Parameter Group 3
    dampening: 0
    initial_lr: 0.0001
    lr: 0.001
    momentum: 0.0
    nesterov: False
    weight_decay: 0
)
2019-01-18 14:46:17,102 *** Initial Checkpoint. Computing Stats
2019-01-18 14:46:17,102 	 Computing Major Stats lazily... 
2019-01-18 14:46:17,103 		 Completed edges=182 good=182 bad=0
2019-01-18 14:46:17,106 Distortion avg=0.9979856926644481 wc=9.93709689885674 me=0.005982886981094694 mc=1660.9200424906808 nan_elements=0
2019-01-18 14:46:17,106 MAP = 0.27248309891167033
2019-01-18 14:46:17,106 scale=[array([1.])]
2019-01-18 14:46:17,106 *** End Initial Checkpoint

2019-01-18 14:46:17,165 1 loss=0.9959769308022441
2019-01-18 14:46:17,166 2 loss=0.8638773002842373
2019-01-18 14:46:17,166 3 loss=0.7567536552688637
2019-01-18 14:46:17,167 4 loss=0.6726473310308657
2019-01-18 14:46:17,167 5 loss=0.6059363167402476
2019-01-18 14:46:17,168 6 loss=0.5522397825309328
2019-01-18 14:46:17,169 7 loss=0.5083418693796389
2019-01-18 14:46:17,169 8 loss=0.47190489266247393
2019-01-18 14:46:17,170 9 loss=0.4412256930307938
2019-01-18 14:46:17,170 10 loss=0.41505441939613635
2019-01-18 14:46:17,170 
*** Major Checkpoint. Computing Stats and Saving
2019-01-18 14:46:17,170 	 Computing Major Stats lazily... 
2019-01-18 14:46:17,171 		 Completed edges=182 good=182 bad=0
2019-01-18 14:46:17,174 Distortion avg=0.5855015025923331 wc=9.52916517299635 me=1.3344879400032055 mc=7.140690363206626 nan_elements=0
2019-01-18 14:46:17,174 MAP = 0.13913552056409198
2019-01-18 14:46:17,174 scale=[array([1.])]
2019-01-18 14:46:17,174 *** End Major Checkpoint

2019-01-18 14:46:17,175 11 loss=0.39246470931944355
2019-01-18 14:46:17,175 12 loss=0.3727618831388129
2019-01-18 14:46:17,176 13 loss=0.35541824903332175
2019-01-18 14:46:17,177 14 loss=0.3400274649605029
2019-01-18 14:46:17,177 15 loss=0.3262722241253912
2019-01-18 14:46:17,178 16 loss=0.3139012483198552
2019-01-18 14:46:17,178 17 loss=0.30271279628491776
2019-01-18 14:46:17,179 18 loss=0.29254274907867406
2019-01-18 14:46:17,180 19 loss=0.2832559268381397
2019-01-18 14:46:17,180 20 loss=0.27473970038056406
2019-01-18 14:46:17,180 
*** Major Checkpoint. Computing Stats and Saving
2019-01-18 14:46:17,180 	 Computing Major Stats lazily... 
2019-01-18 14:46:17,181 		 Completed edges=182 good=182 bad=0
2019-01-18 14:46:17,184 Distortion avg=0.48310677125415563 wc=8.234545720268786 me=1.5360199094014992 mc=5.360962881970277 nan_elements=0
2019-01-18 14:46:17,184 MAP = 0.19126144358287214
2019-01-18 14:46:17,184 scale=[array([1.])]
2019-01-18 14:46:17,184 *** End Major Checkpoint

2019-01-18 14:46:17,185 21 loss=0.2668992433861737
2019-01-18 14:46:17,185 22 loss=0.2596539660052083
2019-01-18 14:46:17,186 23 loss=0.2529348059540582
2019-01-18 14:46:17,186 24 loss=0.2466821472410546
2019-01-18 14:46:17,187 25 loss=0.24084420239954207
2019-01-18 14:46:17,187 26 loss=0.23537574025826574
2019-01-18 14:46:17,188 27 loss=0.23023707384137218
2019-01-18 14:46:17,189 28 loss=0.2253932460818157
2019-01-18 14:46:17,189 29 loss=0.22081336749625446
2019-01-18 14:46:17,190 30 loss=0.21647007177892444
2019-01-18 14:46:17,190 
*** Major Checkpoint. Computing Stats and Saving
2019-01-18 14:46:17,190 	 Computing Major Stats lazily... 
2019-01-18 14:46:17,191 		 Completed edges=182 good=182 bad=0
2019-01-18 14:46:17,193 Distortion avg=0.4177994961413295 wc=7.4922256623420145 me=1.6590398419339103 mc=4.516001046489922 nan_elements=0
2019-01-18 14:46:17,193 MAP = 0.3839620696763554
2019-01-18 14:46:17,194 scale=[array([1.])]
2019-01-18 14:46:17,194 *** End Major Checkpoint

2019-01-18 14:46:17,194 31 loss=0.21233906380043302
2019-01-18 14:46:17,195 32 loss=0.20839874070512693
2019-01-18 14:46:17,195 33 loss=0.20462987136015306
2019-01-18 14:46:17,196 34 loss=0.2010153227919868
2019-01-18 14:46:17,197 35 loss=0.1975398247827668
2019-01-18 14:46:17,197 36 loss=0.1941897657214768
2019-01-18 14:46:17,199 37 loss=0.19095301427726225
2019-01-18 14:46:17,199 38 loss=0.18781876259954522
2019-01-18 14:46:17,200 39 loss=0.18477738763439747
2019-01-18 14:46:17,200 40 loss=0.18182032783820445
2019-01-18 14:46:17,200 
*** Major Checkpoint. Computing Stats and Saving
2019-01-18 14:46:17,201 	 Computing Major Stats lazily... 
2019-01-18 14:46:17,201 		 Completed edges=182 good=182 bad=0
2019-01-18 14:46:17,204 Distortion avg=0.3768538034547984 wc=6.2298939458869205 me=1.7066985919161364 mc=3.650260201417594 nan_elements=0
2019-01-18 14:46:17,204 MAP = 0.5928826530612243
2019-01-18 14:46:17,204 scale=[array([1.])]
2019-01-18 14:46:17,204 *** End Major Checkpoint

2019-01-18 14:46:17,205 41 loss=0.17893997311138804
2019-01-18 14:46:17,205 42 loss=0.17612956619925277
2019-01-18 14:46:17,206 43 loss=0.17338311413851337
2019-01-18 14:46:17,207 44 loss=0.17069530858597054
2019-01-18 14:46:17,207 45 loss=0.16806145406536258
2019-01-18 14:46:17,208 46 loss=0.16547740332197047
2019-01-18 14:46:17,208 47 loss=0.16293949909213476
2019-01-18 14:46:17,209 48 loss=0.16044452168471576
2019-01-18 14:46:17,210 49 loss=0.157989641840437
2019-01-18 14:46:17,210 50 loss=0.15557237838847154
2019-01-18 14:46:17,210 
*** Major Checkpoint. Computing Stats and Saving
2019-01-18 14:46:17,210 	 Computing Major Stats lazily... 
2019-01-18 14:46:17,211 		 Completed edges=182 good=182 bad=0
2019-01-18 14:46:17,213 Distortion avg=0.3462035319300316 wc=5.063188415805658 me=1.68996573298658 mc=2.9960302253334885 nan_elements=0
2019-01-18 14:46:17,213 MAP = 0.7308956916099772
2019-01-18 14:46:17,214 scale=[array([1.])]
2019-01-18 14:46:17,214 *** End Major Checkpoint

2019-01-18 14:46:17,214 final loss=0.15557237838847154
2019-01-18 14:46:17,214 best loss=0.15557237838847154, distortion=0.3462035319300316, map=0.7308956916099772, wc_dist=5.063188415805658
2019-01-18 14:46:17,214 	 Computing Major Stats lazily... 
2019-01-18 14:46:17,215 		 Completed edges=182 good=182 bad=0
2019-01-18 14:46:17,217 Distortion avg=0.3462035319300317 wc=5.063188415805658 me=1.68996573298658 mc=2.9960302253334885 nan_elements=0
2019-01-18 14:46:17,217 MAP = 0.7308956916099774
2019-01-18 14:46:17,217 scale=[array([1.])]
