2019-01-18 15:03:06,182 Commandline ['pytorch/pytorch_hyperbolic.py', 'learn', 'data/edges/parsing/ewt/ewt_dev/1279.edges', '--dim', '0', '--hyp', '0', '--edim', '10', '--euc', '1', '--sdim', '0', '--sph', '0', '--log-name', 'ewt_devr2/1279.edges.E10-1.lr1.log', '--batch-size', '65536', '--epochs', '50', '--checkpoint-freq', '10', '-g', '--subsample', '1024', '--learning-rate', '1']
2019-01-18 15:03:06,183 No Model Save selected!
2019-01-18 15:03:06,184 Loaded Graph data/edges/parsing/ewt/ewt_dev/1279.edges with 13 nodes scale=1.0
2019-01-18 15:03:06,185 Building dataset
2019-01-18 15:03:06,185 Subsample: 13 points with scale 1.0 subsample=12
2019-01-18 15:03:06,196 Built Data Sampler
2019-01-18 15:03:06,197 Creating a fresh model warm_start?=None
2019-01-18 15:03:06,197 	 Warmstarting? None None 13
2019-01-18 15:03:06,197 Embedding() torch.Size([13, 10])
2019-01-18 15:03:06,197 relative No Rescale
2019-01-18 15:03:06,197 Constructed model with dim=0 and epochs=0 isnan=False
2019-01-18 15:03:06,198 SGD (
Parameter Group 0
    dampening: 0
    initial_lr: 0.1
    lr: 1.0
    momentum: 0.0
    nesterov: False
    weight_decay: 0

Parameter Group 1
    dampening: 0
    initial_lr: 0.1
    lr: 1.0
    momentum: 0.0
    nesterov: False
    weight_decay: 0

Parameter Group 2
    dampening: 0
    initial_lr: 0.1
    lr: 1.0
    momentum: 0.0
    nesterov: False
    weight_decay: 0

Parameter Group 3
    dampening: 0
    initial_lr: 0.0001
    lr: 0.001
    momentum: 0.0
    nesterov: False
    weight_decay: 0
)
2019-01-18 15:03:06,198 *** Initial Checkpoint. Computing Stats
2019-01-18 15:03:06,198 	 Computing Major Stats lazily... 
2019-01-18 15:03:06,199 		 Completed edges=156 good=156 bad=0
2019-01-18 15:03:06,201 Distortion avg=0.9979157078026198 wc=8.36894087349142 me=0.005941110731069004 mc=1408.649199168447 nan_elements=0
2019-01-18 15:03:06,201 MAP = 0.25940059940059945
2019-01-18 15:03:06,202 scale=[array([1.])]
2019-01-18 15:03:06,202 *** End Initial Checkpoint

2019-01-18 15:03:06,259 1 loss=0.9958371525428046
2019-01-18 15:03:06,260 2 loss=0.8443331967280946
2019-01-18 15:03:06,260 3 loss=0.7244372037087514
2019-01-18 15:03:06,261 4 loss=0.6334882576731308
2019-01-18 15:03:06,262 5 loss=0.5636235800079115
2019-01-18 15:03:06,262 6 loss=0.5088787161708677
2019-01-18 15:03:06,263 7 loss=0.46503415428871675
2019-01-18 15:03:06,264 8 loss=0.4291464959468847
2019-01-18 15:03:06,264 9 loss=0.3991636501774561
2019-01-18 15:03:06,265 10 loss=0.3736474509654332
2019-01-18 15:03:06,265 
*** Major Checkpoint. Computing Stats and Saving
2019-01-18 15:03:06,265 	 Computing Major Stats lazily... 
2019-01-18 15:03:06,266 		 Completed edges=156 good=156 bad=0
2019-01-18 15:03:06,268 Distortion avg=0.5554205898314191 wc=7.631368749080419 me=1.3769907570054656 mc=5.5420624359718405 nan_elements=0
2019-01-18 15:03:06,268 MAP = 0.15076756576756575
2019-01-18 15:03:06,268 scale=[array([1.])]
2019-01-18 15:03:06,268 *** End Major Checkpoint

2019-01-18 15:03:06,269 11 loss=0.3515810865756828
2019-01-18 15:03:06,269 12 loss=0.3322372383125987
2019-01-18 15:03:06,270 13 loss=0.31508822397315456
2019-01-18 15:03:06,270 14 loss=0.2997448035046013
2019-01-18 15:03:06,271 15 loss=0.28591443507821585
2019-01-18 15:03:06,271 16 loss=0.2733727126615989
2019-01-18 15:03:06,272 17 loss=0.26194374546271676
2019-01-18 15:03:06,273 18 loss=0.2514866176696343
2019-01-18 15:03:06,273 19 loss=0.2418859960363335
2019-01-18 15:03:06,274 20 loss=0.23304557760695105
2019-01-18 15:03:06,274 
*** Major Checkpoint. Computing Stats and Saving
2019-01-18 15:03:06,274 	 Computing Major Stats lazily... 
2019-01-18 15:03:06,275 		 Completed edges=156 good=156 bad=0
2019-01-18 15:03:06,277 Distortion avg=0.44618761242070065 wc=5.864860712437594 me=1.5599815487130677 mc=3.7595705649697635 nan_elements=0
2019-01-18 15:03:06,277 MAP = 0.27873570873570874
2019-01-18 15:03:06,277 scale=[array([1.])]
2019-01-18 15:03:06,277 *** End Major Checkpoint

2019-01-18 15:03:06,278 21 loss=0.2248834899244058
2019-01-18 15:03:06,278 22 loss=0.2173290389672085
2019-01-18 15:03:06,279 23 loss=0.2103203911111645
2019-01-18 15:03:06,279 24 loss=0.20380290488300284
2019-01-18 15:03:06,280 25 loss=0.19772791634522383
2019-01-18 15:03:06,280 26 loss=0.19205184210178972
2019-01-18 15:03:06,281 27 loss=0.18673550516452694
2019-01-18 15:03:06,281 28 loss=0.18174361733421138
2019-01-18 15:03:06,282 29 loss=0.1770443714231615
2019-01-18 15:03:06,283 30 loss=0.17260911035553514
2019-01-18 15:03:06,283 
*** Major Checkpoint. Computing Stats and Saving
2019-01-18 15:03:06,283 	 Computing Major Stats lazily... 
2019-01-18 15:03:06,284 		 Completed edges=156 good=156 bad=0
2019-01-18 15:03:06,286 Distortion avg=0.373399258621358 wc=5.129730049143272 me=1.6396494877138283 mc=3.1285528325298846 nan_elements=0
2019-01-18 15:03:06,286 MAP = 0.5146092796092796
2019-01-18 15:03:06,286 scale=[array([1.])]
2019-01-18 15:03:06,286 *** End Major Checkpoint

2019-01-18 15:03:06,286 31 loss=0.16841204981797991
2019-01-18 15:03:06,287 32 loss=0.164430037984284
2019-01-18 15:03:06,288 33 loss=0.16064234077690573
2019-01-18 15:03:06,288 34 loss=0.15703044474329386
2019-01-18 15:03:06,289 35 loss=0.15357787230545553
2019-01-18 15:03:06,289 36 loss=0.15027000614148234
2019-01-18 15:03:06,290 37 loss=0.14709392094177692
2019-01-18 15:03:06,290 38 loss=0.1440382218576059
2019-01-18 15:03:06,291 39 loss=0.14109288969923148
2019-01-18 15:03:06,291 40 loss=0.13824913340215986
2019-01-18 15:03:06,291 
*** Major Checkpoint. Computing Stats and Saving
2019-01-18 15:03:06,292 	 Computing Major Stats lazily... 
2019-01-18 15:03:06,292 		 Completed edges=156 good=156 bad=0
2019-01-18 15:03:06,294 Distortion avg=0.3256850233574588 wc=4.6219190131544385 me=1.6435740142844064 mc=2.8121149233226164 nan_elements=0
2019-01-18 15:03:06,294 MAP = 0.7409615384615383
2019-01-18 15:03:06,295 scale=[array([1.])]
2019-01-18 15:03:06,295 *** End Major Checkpoint

2019-01-18 15:03:06,295 41 loss=0.13549925051273798
2019-01-18 15:03:06,296 42 loss=0.13283649649579857
2019-01-18 15:03:06,296 43 loss=0.13025496358345062
2019-01-18 15:03:06,297 44 loss=0.12774946970928466
2019-01-18 15:03:06,297 45 loss=0.12531545784585066
2019-01-18 15:03:06,298 46 loss=0.12294890581874722
2019-01-18 15:03:06,298 47 loss=0.1206462464341812
2019-01-18 15:03:06,299 48 loss=0.11840429754683526
2019-01-18 15:03:06,300 49 loss=0.11622020152249564
2019-01-18 15:03:06,300 50 loss=0.11409137342014418
2019-01-18 15:03:06,300 
*** Major Checkpoint. Computing Stats and Saving
2019-01-18 15:03:06,300 	 Computing Major Stats lazily... 
2019-01-18 15:03:06,301 		 Completed edges=156 good=156 bad=0
2019-01-18 15:03:06,303 Distortion avg=0.2931837305200917 wc=4.075014406135377 me=1.600607975548242 mc=2.54591659443631 nan_elements=0
2019-01-18 15:03:06,303 MAP = 0.8994780219780221
2019-01-18 15:03:06,303 scale=[array([1.])]
2019-01-18 15:03:06,303 *** End Major Checkpoint

2019-01-18 15:03:06,303 final loss=0.11409137342014418
2019-01-18 15:03:06,304 best loss=0.11409137342014418, distortion=0.2931837305200917, map=0.8994780219780221, wc_dist=4.075014406135377
2019-01-18 15:03:06,304 	 Computing Major Stats lazily... 
2019-01-18 15:03:06,305 		 Completed edges=156 good=156 bad=0
2019-01-18 15:03:06,306 Distortion avg=0.29318373052009206 wc=4.075014406135377 me=1.600607975548242 mc=2.54591659443631 nan_elements=0
2019-01-18 15:03:06,307 MAP = 0.899478021978022
2019-01-18 15:03:06,307 scale=[array([1.])]
