2019-01-18 15:08:32,397 Commandline ['pytorch/pytorch_hyperbolic.py', 'learn', 'data/edges/parsing/ewt/ewt_dev/1280.edges', '--dim', '0', '--hyp', '0', '--edim', '10', '--euc', '1', '--sdim', '0', '--sph', '0', '--log-name', 'ewt_devr2/1280.edges.E10-1.lr1.log', '--batch-size', '65536', '--epochs', '50', '--checkpoint-freq', '10', '-g', '--subsample', '1024', '--learning-rate', '1']
2019-01-18 15:08:32,397 No Model Save selected!
2019-01-18 15:08:32,399 Loaded Graph data/edges/parsing/ewt/ewt_dev/1280.edges with 13 nodes scale=1.0
2019-01-18 15:08:32,399 Building dataset
2019-01-18 15:08:32,399 Subsample: 13 points with scale 1.0 subsample=12
2019-01-18 15:08:32,411 Built Data Sampler
2019-01-18 15:08:32,411 Creating a fresh model warm_start?=None
2019-01-18 15:08:32,411 	 Warmstarting? None None 13
2019-01-18 15:08:32,411 Embedding() torch.Size([13, 10])
2019-01-18 15:08:32,412 relative No Rescale
2019-01-18 15:08:32,412 Constructed model with dim=0 and epochs=0 isnan=False
2019-01-18 15:08:32,412 SGD (
Parameter Group 0
    dampening: 0
    initial_lr: 0.1
    lr: 1.0
    momentum: 0.0
    nesterov: False
    weight_decay: 0

Parameter Group 1
    dampening: 0
    initial_lr: 0.1
    lr: 1.0
    momentum: 0.0
    nesterov: False
    weight_decay: 0

Parameter Group 2
    dampening: 0
    initial_lr: 0.1
    lr: 1.0
    momentum: 0.0
    nesterov: False
    weight_decay: 0

Parameter Group 3
    dampening: 0
    initial_lr: 0.0001
    lr: 0.001
    momentum: 0.0
    nesterov: False
    weight_decay: 0
)
2019-01-18 15:08:32,412 *** Initial Checkpoint. Computing Stats
2019-01-18 15:08:32,412 	 Computing Major Stats lazily... 
2019-01-18 15:08:32,413 		 Completed edges=156 good=156 bad=0
2019-01-18 15:08:32,416 Distortion avg=0.9979156886228038 wc=7.364585359094998 me=0.005628252251848828 mc=1308.5030715664532 nan_elements=0
2019-01-18 15:08:32,416 MAP = 0.2878850778850779
2019-01-18 15:08:32,416 scale=[array([1.])]
2019-01-18 15:08:32,416 *** End Initial Checkpoint

2019-01-18 15:08:32,473 1 loss=0.9958370024197697
2019-01-18 15:08:32,474 2 loss=0.8426307263840502
2019-01-18 15:08:32,475 3 loss=0.7220106348510645
2019-01-18 15:08:32,475 4 loss=0.630655539617689
2019-01-18 15:08:32,476 5 loss=0.5602918562798713
2019-01-18 15:08:32,476 6 loss=0.5048690848852061
2019-01-18 15:08:32,477 7 loss=0.4602100592425745
2019-01-18 15:08:32,477 8 loss=0.42345143740310986
2019-01-18 15:08:32,478 9 loss=0.3926182409338158
2019-01-18 15:08:32,478 10 loss=0.3663311270502682
2019-01-18 15:08:32,479 
*** Major Checkpoint. Computing Stats and Saving
2019-01-18 15:08:32,479 	 Computing Major Stats lazily... 
2019-01-18 15:08:32,479 		 Completed edges=156 good=156 bad=0
2019-01-18 15:08:32,482 Distortion avg=0.5460701931576801 wc=8.495416359847894 me=1.396861614406119 mc=6.081788111458524 nan_elements=0
2019-01-18 15:08:32,482 MAP = 0.17187312687312686
2019-01-18 15:08:32,482 scale=[array([1.])]
2019-01-18 15:08:32,482 *** End Major Checkpoint

2019-01-18 15:08:32,482 11 loss=0.3436108022040232
2019-01-18 15:08:32,483 12 loss=0.32374854253524216
2019-01-18 15:08:32,484 13 loss=0.306220549929289
2019-01-18 15:08:32,484 14 loss=0.29063109287433403
2019-01-18 15:08:32,485 15 loss=0.27667450492240964
2019-01-18 15:08:32,485 16 loss=0.26410956063342955
2019-01-18 15:08:32,486 17 loss=0.25274201393346607
2019-01-18 15:08:32,486 18 loss=0.24241255564999106
2019-01-18 15:08:32,487 19 loss=0.23298839884700895
2019-01-18 15:08:32,488 20 loss=0.22435731566982292
2019-01-18 15:08:32,488 
*** Major Checkpoint. Computing Stats and Saving
2019-01-18 15:08:32,488 	 Computing Major Stats lazily... 
2019-01-18 15:08:32,489 		 Completed edges=156 good=156 bad=0
2019-01-18 15:08:32,491 Distortion avg=0.43321417932851486 wc=5.643426643264346 me=1.4864421713925127 mc=3.796600198699645 nan_elements=0
2019-01-18 15:08:32,491 MAP = 0.3583388833388833
2019-01-18 15:08:32,491 scale=[array([1.])]
2019-01-18 15:08:32,491 *** End Major Checkpoint

2019-01-18 15:08:32,492 21 loss=0.21642334768394045
2019-01-18 15:08:32,492 22 loss=0.20910367069959604
2019-01-18 15:08:32,493 23 loss=0.20232626457499306
2019-01-18 15:08:32,493 24 loss=0.19602815030248308
2019-01-18 15:08:32,494 25 loss=0.190154031120471
2019-01-18 15:08:32,495 26 loss=0.18465522445167568
2019-01-18 15:08:32,495 27 loss=0.17948880548204996
2019-01-18 15:08:32,496 28 loss=0.17461690654465364
2019-01-18 15:08:32,496 29 loss=0.17000613265917067
2019-01-18 15:08:32,497 30 loss=0.16562706489957543
2019-01-18 15:08:32,497 
*** Major Checkpoint. Computing Stats and Saving
2019-01-18 15:08:32,497 	 Computing Major Stats lazily... 
2019-01-18 15:08:32,498 		 Completed edges=156 good=156 bad=0
2019-01-18 15:08:32,500 Distortion avg=0.3601753419054287 wc=4.705389221824293 me=1.5917896847776654 mc=2.9560370109330885 nan_elements=0
2019-01-18 15:08:32,500 MAP = 0.6365293040293041
2019-01-18 15:08:32,500 scale=[array([1.])]
2019-01-18 15:08:32,500 *** End Major Checkpoint

2019-01-18 15:08:32,501 31 loss=0.1614538312460739
2019-01-18 15:08:32,501 32 loss=0.15746373024762944
2019-01-18 15:08:32,502 33 loss=0.1536368968733875
2019-01-18 15:08:32,502 34 loss=0.1499560028412909
2019-01-18 15:08:32,503 35 loss=0.1464059858088645
2019-01-18 15:08:32,503 36 loss=0.14297380332309353
2019-01-18 15:08:32,504 37 loss=0.13964820851361093
2019-01-18 15:08:32,505 38 loss=0.1364195452891885
2019-01-18 15:08:32,505 39 loss=0.1332795613428483
2019-01-18 15:08:32,506 40 loss=0.13022123764489066
2019-01-18 15:08:32,506 
*** Major Checkpoint. Computing Stats and Saving
2019-01-18 15:08:32,506 	 Computing Major Stats lazily... 
2019-01-18 15:08:32,507 		 Completed edges=156 good=156 bad=0
2019-01-18 15:08:32,509 Distortion avg=0.317007178424159 wc=3.955028148508036 me=1.5879223370165736 mc=2.490693692198346 nan_elements=0
2019-01-18 15:08:32,509 MAP = 0.7332112332112332
2019-01-18 15:08:32,509 scale=[array([1.])]
2019-01-18 15:08:32,510 *** End Major Checkpoint

2019-01-18 15:08:32,510 41 loss=0.12723863334992982
2019-01-18 15:08:32,511 42 loss=0.12432674519746754
2019-01-18 15:08:32,512 43 loss=0.12148138057211359
2019-01-18 15:08:32,512 44 loss=0.11869904343036214
2019-01-18 15:08:32,513 45 loss=0.11597683231262852
2019-01-18 15:08:32,513 46 loss=0.11331234965522348
2019-01-18 15:08:32,514 47 loss=0.11070362160714367
2019-01-18 15:08:32,514 48 loss=0.10814902754825037
2019-01-18 15:08:32,515 49 loss=0.10564723850344092
2019-01-18 15:08:32,516 50 loss=0.10319716365456016
2019-01-18 15:08:32,516 
*** Major Checkpoint. Computing Stats and Saving
2019-01-18 15:08:32,516 	 Computing Major Stats lazily... 
2019-01-18 15:08:32,517 		 Completed edges=156 good=156 bad=0
2019-01-18 15:08:32,519 Distortion avg=0.2822164993658195 wc=3.3489189161708195 me=1.5343083845419048 mc=2.1826895752581703 nan_elements=0
2019-01-18 15:08:32,519 MAP = 0.891025641025641
2019-01-18 15:08:32,519 scale=[array([1.])]
2019-01-18 15:08:32,519 *** End Major Checkpoint

2019-01-18 15:08:32,519 final loss=0.10319716365456016
2019-01-18 15:08:32,519 best loss=0.10319716365456016, distortion=0.2822164993658195, map=0.891025641025641, wc_dist=3.3489189161708195
2019-01-18 15:08:32,519 	 Computing Major Stats lazily... 
2019-01-18 15:08:32,520 		 Completed edges=156 good=156 bad=0
2019-01-18 15:08:32,522 Distortion avg=0.28221649936581955 wc=3.3489189161708195 me=1.5343083845419048 mc=2.1826895752581703 nan_elements=0
2019-01-18 15:08:32,522 MAP = 0.891025641025641
2019-01-18 15:08:32,522 scale=[array([1.])]
