2019-01-18 15:10:57,871 Commandline ['pytorch/pytorch_hyperbolic.py', 'learn', 'data/edges/parsing/ewt/ewt_dev/1281.edges', '--dim', '0', '--hyp', '0', '--edim', '10', '--euc', '1', '--sdim', '0', '--sph', '0', '--log-name', 'ewt_devr2/1281.edges.E10-1.lr1.log', '--batch-size', '65536', '--epochs', '50', '--checkpoint-freq', '10', '-g', '--subsample', '1024', '--learning-rate', '1']
2019-01-18 15:10:57,871 No Model Save selected!
2019-01-18 15:10:57,873 Loaded Graph data/edges/parsing/ewt/ewt_dev/1281.edges with 24 nodes scale=1.0
2019-01-18 15:10:57,873 Building dataset
2019-01-18 15:10:57,874 Subsample: 24 points with scale 1.0 subsample=23
2019-01-18 15:10:57,902 Built Data Sampler
2019-01-18 15:10:57,902 Creating a fresh model warm_start?=None
2019-01-18 15:10:57,902 	 Warmstarting? None None 24
2019-01-18 15:10:57,903 Embedding() torch.Size([24, 10])
2019-01-18 15:10:57,903 relative No Rescale
2019-01-18 15:10:57,903 Constructed model with dim=0 and epochs=0 isnan=False
2019-01-18 15:10:57,903 SGD (
Parameter Group 0
    dampening: 0
    initial_lr: 0.1
    lr: 1.0
    momentum: 0.0
    nesterov: False
    weight_decay: 0

Parameter Group 1
    dampening: 0
    initial_lr: 0.1
    lr: 1.0
    momentum: 0.0
    nesterov: False
    weight_decay: 0

Parameter Group 2
    dampening: 0
    initial_lr: 0.1
    lr: 1.0
    momentum: 0.0
    nesterov: False
    weight_decay: 0

Parameter Group 3
    dampening: 0
    initial_lr: 0.0001
    lr: 0.001
    momentum: 0.0
    nesterov: False
    weight_decay: 0
)
2019-01-18 15:10:57,904 *** Initial Checkpoint. Computing Stats
2019-01-18 15:10:57,904 	 Computing Major Stats lazily... 
2019-01-18 15:10:57,906 		 Completed edges=552 good=552 bad=0
2019-01-18 15:10:57,910 Distortion avg=0.9984186206258436 wc=15.919525120612002 me=0.005982886981094694 mc=2660.8433639004147 nan_elements=0
2019-01-18 15:10:57,911 MAP = 0.22503343723559685
2019-01-18 15:10:57,911 scale=[array([1.])]
2019-01-18 15:10:57,911 *** End Initial Checkpoint

2019-01-18 15:10:57,970 1 loss=0.9968408392198653
2019-01-18 15:10:57,971 2 loss=0.9514959479391685
2019-01-18 15:10:57,972 3 loss=0.9081193655800983
2019-01-18 15:10:57,973 4 loss=0.8680185949864104
2019-01-18 15:10:57,974 5 loss=0.8310981328267757
2019-01-18 15:10:57,975 6 loss=0.7971242696955952
2019-01-18 15:10:57,976 7 loss=0.7658446243570789
2019-01-18 15:10:57,976 8 loss=0.7370158262132342
2019-01-18 15:10:57,977 9 loss=0.7104117159824272
2019-01-18 15:10:57,978 10 loss=0.685825478989518
2019-01-18 15:10:57,978 
*** Major Checkpoint. Computing Stats and Saving
2019-01-18 15:10:57,978 	 Computing Major Stats lazily... 
2019-01-18 15:10:57,981 		 Completed edges=552 good=552 bad=0
2019-01-18 15:10:57,985 Distortion avg=0.797176147285199 wc=27.81730816612589 me=0.994298689776736 mc=27.976812654125197 nan_elements=0
2019-01-18 15:10:57,985 MAP = 0.0997649846794247
2019-01-18 15:10:57,985 scale=[array([1.])]
2019-01-18 15:10:57,985 *** End Major Checkpoint

2019-01-18 15:10:57,986 11 loss=0.6630695094509
2019-01-18 15:10:57,987 12 loss=0.6419743657525313
2019-01-18 15:10:57,988 13 loss=0.62238737872501
2019-01-18 15:10:57,989 14 loss=0.6041711661188629
2019-01-18 15:10:57,989 15 loss=0.5872021722086258
2019-01-18 15:10:57,990 16 loss=0.5713692880604426
2019-01-18 15:10:57,991 17 loss=0.5565725763371708
2019-01-18 15:10:57,992 18 loss=0.5427221081611375
2019-01-18 15:10:57,993 19 loss=0.5297369110176053
2019-01-18 15:10:57,994 20 loss=0.5175440223100927
2019-01-18 15:10:57,994 
*** Major Checkpoint. Computing Stats and Saving
2019-01-18 15:10:57,994 	 Computing Major Stats lazily... 
2019-01-18 15:10:57,996 		 Completed edges=552 good=552 bad=0
2019-01-18 15:10:58,000 Distortion avg=0.6784236171142983 wc=22.572065700883652 me=1.4353798623013732 mc=15.72549977445929 nan_elements=0
2019-01-18 15:10:58,000 MAP = 0.10098426462807886
2019-01-18 15:10:58,000 scale=[array([1.])]
2019-01-18 15:10:58,000 *** End Major Checkpoint

2019-01-18 15:10:58,001 21 loss=0.5060776410926252
2019-01-18 15:10:58,002 22 loss=0.4952783696933153
2019-01-18 15:10:58,003 23 loss=0.4850925368459746
2019-01-18 15:10:58,004 24 loss=0.47547159424029417
2019-01-18 15:10:58,005 25 loss=0.46637157889936204
2019-01-18 15:10:58,006 26 loss=0.45775263438588093
2019-01-18 15:10:58,007 27 loss=0.4495785844607423
2019-01-18 15:10:58,008 28 loss=0.4418165534320244
2019-01-18 15:10:58,009 29 loss=0.4344366280179939
2019-01-18 15:10:58,010 30 loss=0.42741155609328707
2019-01-18 15:10:58,010 
*** Major Checkpoint. Computing Stats and Saving
2019-01-18 15:10:58,010 	 Computing Major Stats lazily... 
2019-01-18 15:10:58,012 		 Completed edges=552 good=552 bad=0
2019-01-18 15:10:58,016 Distortion avg=0.6168629562956582 wc=18.095283339544853 me=1.590188405077386 mc=11.379332965683554 nan_elements=0
2019-01-18 15:10:58,016 MAP = 0.10661693971866382
2019-01-18 15:10:58,016 scale=[array([1.])]
2019-01-18 15:10:58,017 *** End Major Checkpoint

2019-01-18 15:10:58,018 31 loss=0.42071647818830665
2019-01-18 15:10:58,019 32 loss=0.4143286880669096
2019-01-18 15:10:58,019 33 loss=0.40822741911776933
2019-01-18 15:10:58,020 34 loss=0.40239365366279023
2019-01-18 15:10:58,021 35 loss=0.39680995261461793
2019-01-18 15:10:58,022 36 loss=0.3914603032079647
2019-01-18 15:10:58,023 37 loss=0.3863299827894872
2019-01-18 15:10:58,024 38 loss=0.38140543688155853
2019-01-18 15:10:58,025 39 loss=0.376674169939538
2019-01-18 15:10:58,026 40 loss=0.37212464740289974
2019-01-18 15:10:58,026 
*** Major Checkpoint. Computing Stats and Saving
2019-01-18 15:10:58,026 	 Computing Major Stats lazily... 
2019-01-18 15:10:58,029 		 Completed edges=552 good=552 bad=0
2019-01-18 15:10:58,033 Distortion avg=0.572616096570569 wc=16.029462090903035 me=1.7192226801861892 mc=9.323668350610095 nan_elements=0
2019-01-18 15:10:58,033 MAP = 0.12406399554163665
2019-01-18 15:10:58,033 scale=[array([1.])]
2019-01-18 15:10:58,033 *** End Major Checkpoint

2019-01-18 15:10:58,034 41 loss=0.367746207800427
2019-01-18 15:10:58,035 42 loss=0.3635289838109845
2019-01-18 15:10:58,036 43 loss=0.3594638313062459
2019-01-18 15:10:58,037 44 loss=0.35554226551209894
2019-01-18 15:10:58,038 45 loss=0.3517564035229477
2019-01-18 15:10:58,039 46 loss=0.3480989124893001
2019-01-18 15:10:58,040 47 loss=0.34456296287519655
2019-01-18 15:10:58,041 48 loss=0.3411421862493809
2019-01-18 15:10:58,042 49 loss=0.3378306371336762
2019-01-18 15:10:58,042 50 loss=0.33462275848474077
2019-01-18 15:10:58,043 
*** Major Checkpoint. Computing Stats and Saving
2019-01-18 15:10:58,043 	 Computing Major Stats lazily... 
2019-01-18 15:10:58,045 		 Completed edges=552 good=552 bad=0
2019-01-18 15:10:58,049 Distortion avg=0.5367295543596055 wc=14.556626769556665 me=1.7955342005769868 mc=8.107128655571673 nan_elements=0
2019-01-18 15:10:58,049 MAP = 0.14478387710763224
2019-01-18 15:10:58,050 scale=[array([1.])]
2019-01-18 15:10:58,050 *** End Major Checkpoint

2019-01-18 15:10:58,050 final loss=0.33462275848474077
2019-01-18 15:10:58,050 best loss=0.33462275848474077, distortion=0.5367295543596055, map=0.14478387710763224, wc_dist=14.556626769556665
2019-01-18 15:10:58,050 	 Computing Major Stats lazily... 
2019-01-18 15:10:58,052 		 Completed edges=552 good=552 bad=0
2019-01-18 15:10:58,056 Distortion avg=0.5367295543596052 wc=14.556626769556665 me=1.7955342005769868 mc=8.107128655571673 nan_elements=0
2019-01-18 15:10:58,057 MAP = 0.1447838771076323
2019-01-18 15:10:58,057 scale=[array([1.])]
