2019-01-18 15:04:38,317 Commandline ['pytorch/pytorch_hyperbolic.py', 'learn', 'data/edges/parsing/ewt/ewt_dev/1285.edges', '--dim', '0', '--hyp', '0', '--edim', '10', '--euc', '1', '--sdim', '0', '--sph', '0', '--log-name', 'ewt_devr2/1285.edges.E10-1.lr1.log', '--batch-size', '65536', '--epochs', '50', '--checkpoint-freq', '10', '-g', '--subsample', '1024', '--learning-rate', '1']
2019-01-18 15:04:38,317 No Model Save selected!
2019-01-18 15:04:38,319 Loaded Graph data/edges/parsing/ewt/ewt_dev/1285.edges with 18 nodes scale=1.0
2019-01-18 15:04:38,319 Building dataset
2019-01-18 15:04:38,319 Subsample: 18 points with scale 1.0 subsample=17
2019-01-18 15:04:38,337 Built Data Sampler
2019-01-18 15:04:38,337 Creating a fresh model warm_start?=None
2019-01-18 15:04:38,337 	 Warmstarting? None None 18
2019-01-18 15:04:38,338 Embedding() torch.Size([18, 10])
2019-01-18 15:04:38,338 relative No Rescale
2019-01-18 15:04:38,338 Constructed model with dim=0 and epochs=0 isnan=False
2019-01-18 15:04:38,338 SGD (
Parameter Group 0
    dampening: 0
    initial_lr: 0.1
    lr: 1.0
    momentum: 0.0
    nesterov: False
    weight_decay: 0

Parameter Group 1
    dampening: 0
    initial_lr: 0.1
    lr: 1.0
    momentum: 0.0
    nesterov: False
    weight_decay: 0

Parameter Group 2
    dampening: 0
    initial_lr: 0.1
    lr: 1.0
    momentum: 0.0
    nesterov: False
    weight_decay: 0

Parameter Group 3
    dampening: 0
    initial_lr: 0.0001
    lr: 0.001
    momentum: 0.0
    nesterov: False
    weight_decay: 0
)
2019-01-18 15:04:38,339 *** Initial Checkpoint. Computing Stats
2019-01-18 15:04:38,339 	 Computing Major Stats lazily... 
2019-01-18 15:04:38,340 		 Completed edges=306 good=306 bad=0
2019-01-18 15:04:38,343 Distortion avg=0.9981738495776595 wc=11.88091607514239 me=0.006009979300171955 mc=1976.8647247757503 nan_elements=0
2019-01-18 15:04:38,343 MAP = 0.15470412167716088
2019-01-18 15:04:38,344 scale=[array([1.])]
2019-01-18 15:04:38,344 *** End Initial Checkpoint

2019-01-18 15:04:38,401 1 loss=0.9963522966844436
2019-01-18 15:04:38,402 2 loss=0.9096892287531599
2019-01-18 15:04:38,402 3 loss=0.8331224774548017
2019-01-18 15:04:38,403 4 loss=0.7675266290112246
2019-01-18 15:04:38,404 5 loss=0.7111876834429913
2019-01-18 15:04:38,405 6 loss=0.6625280717674648
2019-01-18 15:04:38,405 7 loss=0.6202354196109613
2019-01-18 15:04:38,406 8 loss=0.5832411257152139
2019-01-18 15:04:38,407 9 loss=0.5506795173047538
2019-01-18 15:04:38,407 10 loss=0.5218489460835146
2019-01-18 15:04:38,407 
*** Major Checkpoint. Computing Stats and Saving
2019-01-18 15:04:38,407 	 Computing Major Stats lazily... 
2019-01-18 15:04:38,409 		 Completed edges=306 good=306 bad=0
2019-01-18 15:04:38,412 Distortion avg=0.6673624839650832 wc=26.45059650335869 me=1.2389451593708685 mc=21.34928758008159 nan_elements=0
2019-01-18 15:04:38,412 MAP = 0.10598482751362653
2019-01-18 15:04:38,412 scale=[array([1.])]
2019-01-18 15:04:38,412 *** End Major Checkpoint

2019-01-18 15:04:38,413 11 loss=0.4961789587734588
2019-01-18 15:04:38,413 12 loss=0.4732037046662545
2019-01-18 15:04:38,414 13 loss=0.45254075742734606
2019-01-18 15:04:38,415 14 loss=0.433874371486764
2019-01-18 15:04:38,415 15 loss=0.4169422792222067
2019-01-18 15:04:38,416 16 loss=0.4015252807348976
2019-01-18 15:04:38,417 17 loss=0.38743902309135014
2019-01-18 15:04:38,418 18 loss=0.37452749196302043
2019-01-18 15:04:38,418 19 loss=0.3626578420799038
2019-01-18 15:04:38,419 20 loss=0.3517162754908288
2019-01-18 15:04:38,419 
*** Major Checkpoint. Computing Stats and Saving
2019-01-18 15:04:38,419 	 Computing Major Stats lazily... 
2019-01-18 15:04:38,420 		 Completed edges=306 good=306 bad=0
2019-01-18 15:04:38,423 Distortion avg=0.5505223754923635 wc=18.391892136096168 me=1.445041978959117 mc=12.72758328401234 nan_elements=0
2019-01-18 15:04:38,423 MAP = 0.1319017523643749
2019-01-18 15:04:38,424 scale=[array([1.])]
2019-01-18 15:04:38,424 *** End Major Checkpoint

2019-01-18 15:04:38,424 21 loss=0.3416047415015067
2019-01-18 15:04:38,425 22 loss=0.3322382826854162
2019-01-18 15:04:38,426 23 loss=0.32354289051209667
2019-01-18 15:04:38,426 24 loss=0.31545376439517253
2019-01-18 15:04:38,427 25 loss=0.30791389132605274
2019-01-18 15:04:38,428 26 loss=0.3008728813040081
2019-01-18 15:04:38,428 27 loss=0.29428600772596863
2019-01-18 15:04:38,429 28 loss=0.28811341270780516
2019-01-18 15:04:38,430 29 loss=0.2823194457017756
2019-01-18 15:04:38,430 30 loss=0.27687211031070486
2019-01-18 15:04:38,430 
*** Major Checkpoint. Computing Stats and Saving
2019-01-18 15:04:38,430 	 Computing Major Stats lazily... 
2019-01-18 15:04:38,432 		 Completed edges=306 good=306 bad=0
2019-01-18 15:04:38,435 Distortion avg=0.4808579803913169 wc=14.859493325359379 me=1.5652294487878877 mc=9.493492047997536 nan_elements=0
2019-01-18 15:04:38,435 MAP = 0.1954291695958363
2019-01-18 15:04:38,435 scale=[array([1.])]
2019-01-18 15:04:38,435 *** End Major Checkpoint

2019-01-18 15:04:38,436 31 loss=0.27174259930564476
2019-01-18 15:04:38,436 32 loss=0.2669049018569761
2019-01-18 15:04:38,437 33 loss=0.2623354701390787
2019-01-18 15:04:38,438 34 loss=0.25801293495719424
2019-01-18 15:04:38,438 35 loss=0.2539178620186517
2019-01-18 15:04:38,439 36 loss=0.2500325420420425
2019-01-18 15:04:38,440 37 loss=0.2463408091540631
2019-01-18 15:04:38,440 38 loss=0.2428278830317806
2019-01-18 15:04:38,441 39 loss=0.23948023106003072
2019-01-18 15:04:38,442 40 loss=0.2362854474300615
2019-01-18 15:04:38,442 
*** Major Checkpoint. Computing Stats and Saving
2019-01-18 15:04:38,442 	 Computing Major Stats lazily... 
2019-01-18 15:04:38,443 		 Completed edges=306 good=306 bad=0
2019-01-18 15:04:38,446 Distortion avg=0.43113393156669466 wc=12.60190491323044 me=1.6357550723119414 mc=7.704029244072082 nan_elements=0
2019-01-18 15:04:38,446 MAP = 0.2727670477670478
2019-01-18 15:04:38,447 scale=[array([1.])]
2019-01-18 15:04:38,447 *** End Major Checkpoint

2019-01-18 15:04:38,447 41 loss=0.23323214663798505
2019-01-18 15:04:38,448 42 loss=0.23030986927492716
2019-01-18 15:04:38,449 43 loss=0.2275089983544755
2019-01-18 15:04:38,449 44 loss=0.22482068471260724
2019-01-18 15:04:38,450 45 loss=0.22223678025297683
2019-01-18 15:04:38,451 46 loss=0.21974977800609888
2019-01-18 15:04:38,451 47 loss=0.2173527581324004
2019-01-18 15:04:38,452 48 loss=0.215039339132692
2019-01-18 15:04:38,453 49 loss=0.2128036336403961
2019-01-18 15:04:38,453 50 loss=0.21064020826203353
2019-01-18 15:04:38,453 
*** Major Checkpoint. Computing Stats and Saving
2019-01-18 15:04:38,454 	 Computing Major Stats lazily... 
2019-01-18 15:04:38,455 		 Completed edges=306 good=306 bad=0
2019-01-18 15:04:38,458 Distortion avg=0.4000824750441093 wc=11.2393169915565 me=1.7224892702135897 mc=6.525043253339289 nan_elements=0
2019-01-18 15:04:38,458 MAP = 0.3722807478015811
2019-01-18 15:04:38,458 scale=[array([1.])]
2019-01-18 15:04:38,458 *** End Major Checkpoint

2019-01-18 15:04:38,458 final loss=0.21064020826203353
2019-01-18 15:04:38,458 best loss=0.21064020826203353, distortion=0.4000824750441093, map=0.3722807478015811, wc_dist=11.2393169915565
2019-01-18 15:04:38,458 	 Computing Major Stats lazily... 
2019-01-18 15:04:38,459 		 Completed edges=306 good=306 bad=0
2019-01-18 15:04:38,462 Distortion avg=0.40008247504410943 wc=11.2393169915565 me=1.7224892702135897 mc=6.525043253339289 nan_elements=0
2019-01-18 15:04:38,462 MAP = 0.3722807478015811
2019-01-18 15:04:38,462 scale=[array([1.])]
