2019-01-18 14:56:36,071 Commandline ['pytorch/pytorch_hyperbolic.py', 'learn', 'data/edges/parsing/ewt/ewt_dev/1290.edges', '--dim', '0', '--hyp', '0', '--edim', '10', '--euc', '1', '--sdim', '0', '--sph', '0', '--log-name', 'ewt_devr2/1290.edges.E10-1.lr1.log', '--batch-size', '65536', '--epochs', '50', '--checkpoint-freq', '10', '-g', '--subsample', '1024', '--learning-rate', '1']
2019-01-18 14:56:36,071 No Model Save selected!
2019-01-18 14:56:36,073 Loaded Graph data/edges/parsing/ewt/ewt_dev/1290.edges with 32 nodes scale=1.0
2019-01-18 14:56:36,073 Building dataset
2019-01-18 14:56:36,074 Subsample: 32 points with scale 1.0 subsample=31
2019-01-18 14:56:36,117 Built Data Sampler
2019-01-18 14:56:36,117 Creating a fresh model warm_start?=None
2019-01-18 14:56:36,117 	 Warmstarting? None None 32
2019-01-18 14:56:36,117 Embedding() torch.Size([32, 10])
2019-01-18 14:56:36,118 relative No Rescale
2019-01-18 14:56:36,118 Constructed model with dim=0 and epochs=0 isnan=False
2019-01-18 14:56:36,118 SGD (
Parameter Group 0
    dampening: 0
    initial_lr: 0.1
    lr: 1.0
    momentum: 0.0
    nesterov: False
    weight_decay: 0

Parameter Group 1
    dampening: 0
    initial_lr: 0.1
    lr: 1.0
    momentum: 0.0
    nesterov: False
    weight_decay: 0

Parameter Group 2
    dampening: 0
    initial_lr: 0.1
    lr: 1.0
    momentum: 0.0
    nesterov: False
    weight_decay: 0

Parameter Group 3
    dampening: 0
    initial_lr: 0.0001
    lr: 0.001
    momentum: 0.0
    nesterov: False
    weight_decay: 0
)
2019-01-18 14:56:36,118 *** Initial Checkpoint. Computing Stats
2019-01-18 14:56:36,118 	 Computing Major Stats lazily... 
2019-01-18 14:56:36,123 		 Completed edges=992 good=992 bad=0
2019-01-18 14:56:36,128 Distortion avg=0.9986546931922772 wc=26.034732553959376 me=0.007048654353541345 mc=3693.5748652335537 nan_elements=0
2019-01-18 14:56:36,128 MAP = 0.13434862295523753
2019-01-18 14:56:36,128 scale=[array([1.])]
2019-01-18 14:56:36,128 *** End Initial Checkpoint

2019-01-18 14:56:36,185 1 loss=0.9973122294935404
2019-01-18 14:56:36,186 2 loss=0.9716809737073452
2019-01-18 14:56:36,187 3 loss=0.9463900471682026
2019-01-18 14:56:36,189 4 loss=0.9221902056956277
2019-01-18 14:56:36,190 5 loss=0.8991375565144292
2019-01-18 14:56:36,191 6 loss=0.8772065794094625
2019-01-18 14:56:36,192 7 loss=0.8563508688399385
2019-01-18 14:56:36,193 8 loss=0.836517687851867
2019-01-18 14:56:36,194 9 loss=0.817653030616379
2019-01-18 14:56:36,195 10 loss=0.7997037427593687
2019-01-18 14:56:36,195 
*** Major Checkpoint. Computing Stats and Saving
2019-01-18 14:56:36,195 	 Computing Major Stats lazily... 
2019-01-18 14:56:36,199 		 Completed edges=992 good=992 bad=0
2019-01-18 14:56:36,204 Distortion avg=0.8775421328122819 wc=31.368257927515934 me=0.6627782470897252 mc=47.3284361175924 nan_elements=0
2019-01-18 14:56:36,204 MAP = 0.06335113886764726
2019-01-18 14:56:36,204 scale=[array([1.])]
2019-01-18 14:56:36,204 *** End Major Checkpoint

2019-01-18 14:56:36,205 11 loss=0.782618491708672
2019-01-18 14:56:36,206 12 loss=0.7663482162679667
2019-01-18 14:56:36,207 13 loss=0.7508463160063754
2019-01-18 14:56:36,208 14 loss=0.7360687018816053
2019-01-18 14:56:36,209 15 loss=0.7219737698503719
2019-01-18 14:56:36,211 16 loss=0.7085223310394214
2019-01-18 14:56:36,212 17 loss=0.6956775176853307
2019-01-18 14:56:36,213 18 loss=0.6834046762648339
2019-01-18 14:56:36,214 19 loss=0.6716712547998672
2019-01-18 14:56:36,215 20 loss=0.66044668868601
2019-01-18 14:56:36,215 
*** Major Checkpoint. Computing Stats and Saving
2019-01-18 14:56:36,215 	 Computing Major Stats lazily... 
2019-01-18 14:56:36,219 		 Completed edges=992 good=992 bad=0
2019-01-18 14:56:36,223 Distortion avg=0.7842934204458787 wc=29.522777502319975 me=1.1388189747192305 mc=25.924030208223964 nan_elements=0
2019-01-18 14:56:36,223 MAP = 0.060776600142480236
2019-01-18 14:56:36,224 scale=[array([1.])]
2019-01-18 14:56:36,224 *** End Major Checkpoint

2019-01-18 14:56:36,225 21 loss=0.6497022877736123
2019-01-18 14:56:36,226 22 loss=0.6394111264078804
2019-01-18 14:56:36,227 23 loss=0.6295479374732695
2019-01-18 14:56:36,228 24 loss=0.6200890110531746
2019-01-18 14:56:36,229 25 loss=0.6110120980268495
2019-01-18 14:56:36,230 26 loss=0.6022963187317485
2019-01-18 14:56:36,231 27 loss=0.5939220766894215
2019-01-18 14:56:36,232 28 loss=0.5858709773062474
2019-01-18 14:56:36,233 29 loss=0.578125751403154
2019-01-18 14:56:36,234 30 loss=0.5706701833919743
2019-01-18 14:56:36,235 
*** Major Checkpoint. Computing Stats and Saving
2019-01-18 14:56:36,235 	 Computing Major Stats lazily... 
2019-01-18 14:56:36,238 		 Completed edges=992 good=992 bad=0
2019-01-18 14:56:36,243 Distortion avg=0.7254588685924847 wc=27.25391338981567 me=1.4748025250969536 mc=18.479703503371745 nan_elements=0
2019-01-18 14:56:36,243 MAP = 0.062380726825352194
2019-01-18 14:56:36,243 scale=[array([1.])]
2019-01-18 14:56:36,243 *** End Major Checkpoint

2019-01-18 14:56:36,244 31 loss=0.5634890438940122
2019-01-18 14:56:36,245 32 loss=0.5565680265844635
2019-01-18 14:56:36,246 33 loss=0.5498936890415244
2019-01-18 14:56:36,247 34 loss=0.5434533973792166
2019-01-18 14:56:36,249 35 loss=0.5372352744465978
2019-01-18 14:56:36,250 36 loss=0.5312281513820669
2019-01-18 14:56:36,251 37 loss=0.5254215223190599
2019-01-18 14:56:36,252 38 loss=0.5198055020480414
2019-01-18 14:56:36,253 39 loss=0.5143707864488727
2019-01-18 14:56:36,254 40 loss=0.5091086155170872
2019-01-18 14:56:36,254 
*** Major Checkpoint. Computing Stats and Saving
2019-01-18 14:56:36,254 	 Computing Major Stats lazily... 
2019-01-18 14:56:36,258 		 Completed edges=992 good=992 bad=0
2019-01-18 14:56:36,263 Distortion avg=0.6849225760228209 wc=25.120068385579316 me=1.7120421834732868 mc=14.672575610617988 nan_elements=0
2019-01-18 14:56:36,263 MAP = 0.06475096942574422
2019-01-18 14:56:36,263 scale=[array([1.])]
2019-01-18 14:56:36,263 *** End Major Checkpoint

2019-01-18 14:56:36,265 41 loss=0.5040107388171213
2019-01-18 14:56:36,266 42 loss=0.49906938320495037
2019-01-18 14:56:36,267 43 loss=0.4942772226717697
2019-01-18 14:56:36,268 44 loss=0.48962735016927034
2019-01-18 14:56:36,269 45 loss=0.4851132512856034
2019-01-18 14:56:36,270 46 loss=0.4807287796493254
2019-01-18 14:56:36,271 47 loss=0.47646813394639
2019-01-18 14:56:36,272 48 loss=0.47232583644265097
2019-01-18 14:56:36,273 49 loss=0.468296712911321
2019-01-18 14:56:36,274 50 loss=0.46437587387142265
2019-01-18 14:56:36,274 
*** Major Checkpoint. Computing Stats and Saving
2019-01-18 14:56:36,274 	 Computing Major Stats lazily... 
2019-01-18 14:56:36,278 		 Completed edges=992 good=992 bad=0
2019-01-18 14:56:36,283 Distortion avg=0.6527477761845953 wc=23.353273124865858 me=1.879161940049452 mc=12.427493675319592 nan_elements=0
2019-01-18 14:56:36,283 MAP = 0.0699013141496016
2019-01-18 14:56:36,283 scale=[array([1.])]
2019-01-18 14:56:36,283 *** End Major Checkpoint

2019-01-18 14:56:36,283 final loss=0.46437587387142265
2019-01-18 14:56:36,283 best loss=0.46437587387142265, distortion=0.6527477761845953, map=0.0699013141496016, wc_dist=23.353273124865858
2019-01-18 14:56:36,284 	 Computing Major Stats lazily... 
2019-01-18 14:56:36,287 		 Completed edges=992 good=992 bad=0
2019-01-18 14:56:36,292 Distortion avg=0.6527477761845958 wc=23.353273124865858 me=1.879161940049452 mc=12.427493675319592 nan_elements=0
2019-01-18 14:56:36,292 MAP = 0.06990131414960161
2019-01-18 14:56:36,292 scale=[array([1.])]
