2019-01-18 15:04:15,310 Commandline ['pytorch/pytorch_hyperbolic.py', 'learn', 'data/edges/parsing/ewt/ewt_dev/1299.edges', '--dim', '0', '--hyp', '0', '--edim', '10', '--euc', '1', '--sdim', '0', '--sph', '0', '--log-name', 'ewt_devr2/1299.edges.E10-1.lr1.log', '--batch-size', '65536', '--epochs', '50', '--checkpoint-freq', '10', '-g', '--subsample', '1024', '--learning-rate', '1']
2019-01-18 15:04:15,310 No Model Save selected!
2019-01-18 15:04:15,312 Loaded Graph data/edges/parsing/ewt/ewt_dev/1299.edges with 13 nodes scale=1.0
2019-01-18 15:04:15,312 Building dataset
2019-01-18 15:04:15,312 Subsample: 13 points with scale 1.0 subsample=12
2019-01-18 15:04:15,324 Built Data Sampler
2019-01-18 15:04:15,324 Creating a fresh model warm_start?=None
2019-01-18 15:04:15,324 	 Warmstarting? None None 13
2019-01-18 15:04:15,325 Embedding() torch.Size([13, 10])
2019-01-18 15:04:15,325 relative No Rescale
2019-01-18 15:04:15,325 Constructed model with dim=0 and epochs=0 isnan=False
2019-01-18 15:04:15,325 SGD (
Parameter Group 0
    dampening: 0
    initial_lr: 0.1
    lr: 1.0
    momentum: 0.0
    nesterov: False
    weight_decay: 0

Parameter Group 1
    dampening: 0
    initial_lr: 0.1
    lr: 1.0
    momentum: 0.0
    nesterov: False
    weight_decay: 0

Parameter Group 2
    dampening: 0
    initial_lr: 0.1
    lr: 1.0
    momentum: 0.0
    nesterov: False
    weight_decay: 0

Parameter Group 3
    dampening: 0
    initial_lr: 0.0001
    lr: 0.001
    momentum: 0.0
    nesterov: False
    weight_decay: 0
)
2019-01-18 15:04:15,326 *** Initial Checkpoint. Computing Stats
2019-01-18 15:04:15,326 	 Computing Major Stats lazily... 
2019-01-18 15:04:15,327 		 Completed edges=156 good=156 bad=0
2019-01-18 15:04:15,329 Distortion avg=0.9979685351091948 wc=7.622473543893366 me=0.005628252251848828 mc=1354.323367683006 nan_elements=0
2019-01-18 15:04:15,329 MAP = 0.32427479927479924
2019-01-18 15:04:15,330 scale=[array([1.])]
2019-01-18 15:04:15,330 *** End Initial Checkpoint

2019-01-18 15:04:15,386 1 loss=0.995942374583503
2019-01-18 15:04:15,387 2 loss=0.8497484053101616
2019-01-18 15:04:15,387 3 loss=0.7321457081852513
2019-01-18 15:04:15,388 4 loss=0.6417209627944264
2019-01-18 15:04:15,388 5 loss=0.571450657248923
2019-01-18 15:04:15,389 6 loss=0.5158949265109362
2019-01-18 15:04:15,389 7 loss=0.4711453691352237
2019-01-18 15:04:15,390 8 loss=0.434430650662449
2019-01-18 15:04:15,391 9 loss=0.40378205687268587
2019-01-18 15:04:15,391 10 loss=0.37778995467504295
2019-01-18 15:04:15,391 
*** Major Checkpoint. Computing Stats and Saving
2019-01-18 15:04:15,391 	 Computing Major Stats lazily... 
2019-01-18 15:04:15,392 		 Completed edges=156 good=156 bad=0
2019-01-18 15:04:15,394 Distortion avg=0.5516554404108839 wc=10.29119308456369 me=1.4067080786922097 mc=7.315798665300352 nan_elements=0
2019-01-18 15:04:15,394 MAP = 0.17193732193732192
2019-01-18 15:04:15,395 scale=[array([1.])]
2019-01-18 15:04:15,395 *** End Major Checkpoint

2019-01-18 15:04:15,395 11 loss=0.35543375709769676
2019-01-18 15:04:15,396 12 loss=0.33596482412108236
2019-01-18 15:04:15,396 13 loss=0.3188260490802382
2019-01-18 15:04:15,397 14 loss=0.30359650654023723
2019-01-18 15:04:15,398 15 loss=0.28995314907308256
2019-01-18 15:04:15,398 16 loss=0.27764411356428226
2019-01-18 15:04:15,399 17 loss=0.26646996462372863
2019-01-18 15:04:15,399 18 loss=0.25627039615272856
2019-01-18 15:04:15,400 19 loss=0.2469147127542667
2019-01-18 15:04:15,400 20 loss=0.23829494897416817
2019-01-18 15:04:15,401 
*** Major Checkpoint. Computing Stats and Saving
2019-01-18 15:04:15,401 	 Computing Major Stats lazily... 
2019-01-18 15:04:15,401 		 Completed edges=156 good=156 bad=0
2019-01-18 15:04:15,404 Distortion avg=0.4460400499485856 wc=6.934258194184141 me=1.456609839856866 mc=4.760546032605091 nan_elements=0
2019-01-18 15:04:15,404 MAP = 0.36463721463721466
2019-01-18 15:04:15,404 scale=[array([1.])]
2019-01-18 15:04:15,404 *** End Major Checkpoint

2019-01-18 15:04:15,404 21 loss=0.23032084426943022
2019-01-18 15:04:15,405 22 loss=0.2229161341400716
2019-01-18 15:04:15,406 23 loss=0.21601578225848167
2019-01-18 15:04:15,406 24 loss=0.20956389064194497
2019-01-18 15:04:15,407 25 loss=0.20351210210329537
2019-01-18 15:04:15,407 26 loss=0.1978183627521216
2019-01-18 15:04:15,408 27 loss=0.19244594976674648
2019-01-18 15:04:15,408 28 loss=0.1873626960719341
2019-01-18 15:04:15,409 29 loss=0.1825403623423713
2019-01-18 15:04:15,410 30 loss=0.17795412021494444
2019-01-18 15:04:15,410 
*** Major Checkpoint. Computing Stats and Saving
2019-01-18 15:04:15,410 	 Computing Major Stats lazily... 
2019-01-18 15:04:15,411 		 Completed edges=156 good=156 bad=0
2019-01-18 15:04:15,413 Distortion avg=0.37224649232255436 wc=6.185268886590778 me=1.5514887363840888 mc=3.986666961570222 nan_elements=0
2019-01-18 15:04:15,413 MAP = 0.5774114774114774
2019-01-18 15:04:15,413 scale=[array([1.])]
2019-01-18 15:04:15,413 *** End Major Checkpoint

2019-01-18 15:04:15,414 31 loss=0.1735821203102719
2019-01-18 15:04:15,414 32 loss=0.16940512572150637
2019-01-18 15:04:15,415 33 loss=0.16540619677959517
2019-01-18 15:04:15,415 34 loss=0.16157041667619876
2019-01-18 15:04:15,416 35 loss=0.15788465029041118
2019-01-18 15:04:15,417 36 loss=0.1543373305884903
2019-01-18 15:04:15,417 37 loss=0.15091826843820633
2019-01-18 15:04:15,418 38 loss=0.14761848274091968
2019-01-18 15:04:15,418 39 loss=0.14443004853888888
2019-01-18 15:04:15,419 40 loss=0.14134596128089785
2019-01-18 15:04:15,419 
*** Major Checkpoint. Computing Stats and Saving
2019-01-18 15:04:15,419 	 Computing Major Stats lazily... 
2019-01-18 15:04:15,420 		 Completed edges=156 good=156 bad=0
2019-01-18 15:04:15,422 Distortion avg=0.3216225773043074 wc=5.509211310329694 me=1.5524685248456098 mc=3.548678264428952 nan_elements=0
2019-01-18 15:04:15,422 MAP = 0.6507020757020757
2019-01-18 15:04:15,422 scale=[array([1.])]
2019-01-18 15:04:15,422 *** End Major Checkpoint

2019-01-18 15:04:15,423 41 loss=0.1383600157860808
2019-01-18 15:04:15,423 42 loss=0.13546669868028594
2019-01-18 15:04:15,424 43 loss=0.1326610932276386
2019-01-18 15:04:15,425 44 loss=0.12993879557019644
2019-01-18 15:04:15,425 45 loss=0.127295841442226
2019-01-18 15:04:15,426 46 loss=0.12472864245871793
2019-01-18 15:04:15,426 47 loss=0.12223393110184634
2019-01-18 15:04:15,427 48 loss=0.1198087135520004
2019-01-18 15:04:15,427 49 loss=0.11745022953662605
2019-01-18 15:04:15,428 50 loss=0.11515591840293947
2019-01-18 15:04:15,428 
*** Major Checkpoint. Computing Stats and Saving
2019-01-18 15:04:15,428 	 Computing Major Stats lazily... 
2019-01-18 15:04:15,429 		 Completed edges=156 good=156 bad=0
2019-01-18 15:04:15,431 Distortion avg=0.2853946081946625 wc=4.859437329553101 me=1.5092739120028424 mc=3.2197186282140873 nan_elements=0
2019-01-18 15:04:15,431 MAP = 0.9272283272283273
2019-01-18 15:04:15,431 scale=[array([1.])]
2019-01-18 15:04:15,431 *** End Major Checkpoint

2019-01-18 15:04:15,431 final loss=0.11515591840293947
2019-01-18 15:04:15,432 best loss=0.11515591840293947, distortion=0.2853946081946625, map=0.9272283272283273, wc_dist=4.859437329553101
2019-01-18 15:04:15,432 	 Computing Major Stats lazily... 
2019-01-18 15:04:15,432 		 Completed edges=156 good=156 bad=0
2019-01-18 15:04:15,435 Distortion avg=0.28539460819466245 wc=4.859437329553101 me=1.5092739120028424 mc=3.2197186282140873 nan_elements=0
2019-01-18 15:04:15,435 MAP = 0.9272283272283273
2019-01-18 15:04:15,435 scale=[array([1.])]
