2019-01-18 15:02:00,478 Commandline ['pytorch/pytorch_hyperbolic.py', 'learn', 'data/edges/parsing/ewt/ewt_dev/1306.edges', '--dim', '0', '--hyp', '0', '--edim', '10', '--euc', '1', '--sdim', '0', '--sph', '0', '--log-name', 'ewt_devr2/1306.edges.E10-1.lr1.log', '--batch-size', '65536', '--epochs', '50', '--checkpoint-freq', '10', '-g', '--subsample', '1024', '--learning-rate', '1']
2019-01-18 15:02:00,479 No Model Save selected!
2019-01-18 15:02:00,480 Loaded Graph data/edges/parsing/ewt/ewt_dev/1306.edges with 7 nodes scale=1.0
2019-01-18 15:02:00,480 Building dataset
2019-01-18 15:02:00,481 Subsample: 7 points with scale 1.0 subsample=6
2019-01-18 15:02:00,486 Built Data Sampler
2019-01-18 15:02:00,486 Creating a fresh model warm_start?=None
2019-01-18 15:02:00,486 	 Warmstarting? None None 7
2019-01-18 15:02:00,487 Embedding() torch.Size([7, 10])
2019-01-18 15:02:00,487 relative No Rescale
2019-01-18 15:02:00,487 Constructed model with dim=0 and epochs=0 isnan=False
2019-01-18 15:02:00,487 SGD (
Parameter Group 0
    dampening: 0
    initial_lr: 0.1
    lr: 1.0
    momentum: 0.0
    nesterov: False
    weight_decay: 0

Parameter Group 1
    dampening: 0
    initial_lr: 0.1
    lr: 1.0
    momentum: 0.0
    nesterov: False
    weight_decay: 0

Parameter Group 2
    dampening: 0
    initial_lr: 0.1
    lr: 1.0
    momentum: 0.0
    nesterov: False
    weight_decay: 0

Parameter Group 3
    dampening: 0
    initial_lr: 0.0001
    lr: 0.001
    momentum: 0.0
    nesterov: False
    weight_decay: 0
)
2019-01-18 15:02:00,488 *** Initial Checkpoint. Computing Stats
2019-01-18 15:02:00,488 	 Computing Major Stats lazily... 
2019-01-18 15:02:00,488 		 Completed edges=42 good=42 bad=0
2019-01-18 15:02:00,490 Distortion avg=0.9973581505235084 wc=5.448327215027938 me=0.005628252251848828 mc=968.0318100949036 nan_elements=0
2019-01-18 15:02:00,490 MAP = 0.44583333333333325
2019-01-18 15:02:00,490 scale=[array([1.])]
2019-01-18 15:02:00,490 *** End Initial Checkpoint

2019-01-18 15:02:00,547 1 loss=0.9947251802940572
2019-01-18 15:02:00,548 2 loss=0.6029676042662205
2019-01-18 15:02:00,548 3 loss=0.42459863263761977
2019-01-18 15:02:00,548 4 loss=0.3391667299626266
2019-01-18 15:02:00,549 5 loss=0.29021877938046314
2019-01-18 15:02:00,549 6 loss=0.2576870383085403
2019-01-18 15:02:00,550 7 loss=0.2338785914822198
2019-01-18 15:02:00,550 8 loss=0.21540947232458466
2019-01-18 15:02:00,551 9 loss=0.2005335199163866
2019-01-18 15:02:00,551 10 loss=0.18820604428084126
2019-01-18 15:02:00,551 
*** Major Checkpoint. Computing Stats and Saving
2019-01-18 15:02:00,551 	 Computing Major Stats lazily... 
2019-01-18 15:02:00,552 		 Completed edges=42 good=42 bad=0
2019-01-18 15:02:00,553 Distortion avg=0.3732004463449936 wc=4.7877815667494845 me=1.3830663188099455 mc=3.4617151047891284 nan_elements=0
2019-01-18 15:02:00,553 MAP = 0.5678571428571428
2019-01-18 15:02:00,553 scale=[array([1.])]
2019-01-18 15:02:00,553 *** End Major Checkpoint

2019-01-18 15:02:00,554 11 loss=0.1777296415253971
2019-01-18 15:02:00,554 12 loss=0.16860759769174677
2019-01-18 15:02:00,555 13 loss=0.1604757629898162
2019-01-18 15:02:00,555 14 loss=0.15306583181501435
2019-01-18 15:02:00,556 15 loss=0.1461821756488197
2019-01-18 15:02:00,556 16 loss=0.139685265018359
2019-01-18 15:02:00,556 17 loss=0.1334788643627961
2019-01-18 15:02:00,557 18 loss=0.12749977132106236
2019-01-18 15:02:00,557 19 loss=0.12170948630506312
2019-01-18 15:02:00,558 20 loss=0.11608744849898409
2019-01-18 15:02:00,558 
*** Major Checkpoint. Computing Stats and Saving
2019-01-18 15:02:00,558 	 Computing Major Stats lazily... 
2019-01-18 15:02:00,558 		 Completed edges=42 good=42 bad=0
2019-01-18 15:02:00,559 Distortion avg=0.28029492058260536 wc=3.392328288804188 me=1.3394074629134367 mc=2.5327082181738056 nan_elements=0
2019-01-18 15:02:00,560 MAP = 1.0
2019-01-18 15:02:00,560 scale=[array([1.])]
2019-01-18 15:02:00,560 *** End Major Checkpoint

2019-01-18 15:02:00,560 21 loss=0.1106255886724675
2019-01-18 15:02:00,561 22 loss=0.10532400886766988
2019-01-18 15:02:00,561 23 loss=0.10018763261931277
2019-01-18 15:02:00,562 24 loss=0.09522368817948704
2019-01-18 15:02:00,563 25 loss=0.09043989753970634
2019-01-18 15:02:00,564 26 loss=0.08584325052659
2019-01-18 15:02:00,564 27 loss=0.08143924938954418
2019-01-18 15:02:00,564 28 loss=0.07723151729273467
2019-01-18 15:02:00,565 29 loss=0.07322167483059916
2019-01-18 15:02:00,565 30 loss=0.06940940185492357
2019-01-18 15:02:00,565 
*** Major Checkpoint. Computing Stats and Saving
2019-01-18 15:02:00,566 	 Computing Major Stats lazily... 
2019-01-18 15:02:00,566 		 Completed edges=42 good=42 bad=0
2019-01-18 15:02:00,567 Distortion avg=0.21533197073908705 wc=2.418863378574817 me=1.2176603776845079 mc=1.9864844277634341 nan_elements=0
2019-01-18 15:02:00,567 MAP = 1.0
2019-01-18 15:02:00,567 scale=[array([1.])]
2019-01-18 15:02:00,567 *** End Major Checkpoint

2019-01-18 15:02:00,568 31 loss=0.0657926165654613
2019-01-18 15:02:00,568 32 loss=0.062367718730408264
2019-01-18 15:02:00,569 33 loss=0.05912985790613131
2019-01-18 15:02:00,569 34 loss=0.05607319976273076
2019-01-18 15:02:00,570 35 loss=0.05319117362714761
2019-01-18 15:02:00,570 36 loss=0.05047669202326189
2019-01-18 15:02:00,571 37 loss=0.047922338484690095
2019-01-18 15:02:00,571 38 loss=0.04552052356962594
2019-01-18 15:02:00,571 39 loss=0.04326361121236612
2019-01-18 15:02:00,572 40 loss=0.04114401869093493
2019-01-18 15:02:00,572 
*** Major Checkpoint. Computing Stats and Saving
2019-01-18 15:02:00,572 	 Computing Major Stats lazily... 
2019-01-18 15:02:00,572 		 Completed edges=42 good=42 bad=0
2019-01-18 15:02:00,573 Distortion avg=0.16626064370409882 wc=1.9245412374981425 me=1.1691798245241916 mc=1.6460609370174106 nan_elements=0
2019-01-18 15:02:00,574 MAP = 1.0
2019-01-18 15:02:00,574 scale=[array([1.])]
2019-01-18 15:02:00,574 *** End Major Checkpoint

2019-01-18 15:02:00,574 41 loss=0.03915429391239729
2019-01-18 15:02:00,575 42 loss=0.037287173686042646
2019-01-18 15:02:00,575 43 loss=0.035535626367964
2019-01-18 15:02:00,576 44 loss=0.033892881854655214
2019-01-18 15:02:00,576 45 loss=0.03235245146449451
2019-01-18 15:02:00,576 46 loss=0.030908139824391574
2019-01-18 15:02:00,577 47 loss=0.029554050499673096
2019-01-18 15:02:00,577 48 loss=0.028284586778035047
2019-01-18 15:02:00,578 49 loss=0.027094448743555974
2019-01-18 15:02:00,578 50 loss=0.02597862755011247
2019-01-18 15:02:00,578 
*** Major Checkpoint. Computing Stats and Saving
2019-01-18 15:02:00,578 	 Computing Major Stats lazily... 
2019-01-18 15:02:00,579 		 Completed edges=42 good=42 bad=0
2019-01-18 15:02:00,580 Distortion avg=0.13383005489932281 wc=1.6844253554299613 me=1.1628578047151625 mc=1.4485222084763447 nan_elements=0
2019-01-18 15:02:00,580 MAP = 1.0
2019-01-18 15:02:00,580 scale=[array([1.])]
2019-01-18 15:02:00,580 *** End Major Checkpoint

2019-01-18 15:02:00,580 final loss=0.02597862755011247
2019-01-18 15:02:00,580 best loss=0.02597862755011247, distortion=0.13383005489932281, map=1.0, wc_dist=1.6844253554299613
2019-01-18 15:02:00,580 	 Computing Major Stats lazily... 
2019-01-18 15:02:00,581 		 Completed edges=42 good=42 bad=0
2019-01-18 15:02:00,582 Distortion avg=0.13383005489932276 wc=1.6844253554299613 me=1.1628578047151625 mc=1.4485222084763447 nan_elements=0
2019-01-18 15:02:00,582 MAP = 1.0
2019-01-18 15:02:00,582 scale=[array([1.])]
