2019-01-18 15:13:22,277 Commandline ['pytorch/pytorch_hyperbolic.py', 'learn', 'data/edges/parsing/ewt/ewt_dev/1309.edges', '--dim', '0', '--hyp', '0', '--edim', '10', '--euc', '1', '--sdim', '0', '--sph', '0', '--log-name', 'ewt_devr2/1309.edges.E10-1.lr1.log', '--batch-size', '65536', '--epochs', '50', '--checkpoint-freq', '10', '-g', '--subsample', '1024', '--learning-rate', '1']
2019-01-18 15:13:22,277 No Model Save selected!
2019-01-18 15:13:22,280 Loaded Graph data/edges/parsing/ewt/ewt_dev/1309.edges with 14 nodes scale=1.0
2019-01-18 15:13:22,280 Building dataset
2019-01-18 15:13:22,280 Subsample: 14 points with scale 1.0 subsample=13
2019-01-18 15:13:22,293 Built Data Sampler
2019-01-18 15:13:22,293 Creating a fresh model warm_start?=None
2019-01-18 15:13:22,293 	 Warmstarting? None None 14
2019-01-18 15:13:22,294 Embedding() torch.Size([14, 10])
2019-01-18 15:13:22,294 relative No Rescale
2019-01-18 15:13:22,294 Constructed model with dim=0 and epochs=0 isnan=False
2019-01-18 15:13:22,294 SGD (
Parameter Group 0
    dampening: 0
    initial_lr: 0.1
    lr: 1.0
    momentum: 0.0
    nesterov: False
    weight_decay: 0

Parameter Group 1
    dampening: 0
    initial_lr: 0.1
    lr: 1.0
    momentum: 0.0
    nesterov: False
    weight_decay: 0

Parameter Group 2
    dampening: 0
    initial_lr: 0.1
    lr: 1.0
    momentum: 0.0
    nesterov: False
    weight_decay: 0

Parameter Group 3
    dampening: 0
    initial_lr: 0.0001
    lr: 0.001
    momentum: 0.0
    nesterov: False
    weight_decay: 0
)
2019-01-18 15:13:22,294 *** Initial Checkpoint. Computing Stats
2019-01-18 15:13:22,295 	 Computing Major Stats lazily... 
2019-01-18 15:13:22,296 		 Completed edges=182 good=182 bad=0
2019-01-18 15:13:22,298 Distortion avg=0.9980957292811249 wc=10.438167988796467 me=0.005982886981094694 mc=1744.670762088604 nan_elements=0
2019-01-18 15:13:22,298 MAP = 0.18259909733124022
2019-01-18 15:13:22,299 scale=[array([1.])]
2019-01-18 15:13:22,299 *** End Initial Checkpoint

2019-01-18 15:13:22,357 1 loss=0.9961968040192422
2019-01-18 15:13:22,358 2 loss=0.8778919689824514
2019-01-18 15:13:22,359 3 loss=0.7806760098195727
2019-01-18 15:13:22,359 4 loss=0.7031753951158414
2019-01-18 15:13:22,360 5 loss=0.6410409748329011
2019-01-18 15:13:22,360 6 loss=0.5907211003386391
2019-01-18 15:13:22,361 7 loss=0.5494888366126681
2019-01-18 15:13:22,362 8 loss=0.5152795476192383
2019-01-18 15:13:22,362 9 loss=0.48653483346851006
2019-01-18 15:13:22,363 10 loss=0.4620771534366025
2019-01-18 15:13:22,363 
*** Major Checkpoint. Computing Stats and Saving
2019-01-18 15:13:22,363 	 Computing Major Stats lazily... 
2019-01-18 15:13:22,364 		 Completed edges=182 good=182 bad=0
2019-01-18 15:13:22,366 Distortion avg=0.617331503793936 wc=13.919653480017166 me=1.337356471599233 mc=10.408334483454373 nan_elements=0
2019-01-18 15:13:22,366 MAP = 0.12819627462484603
2019-01-18 15:13:22,366 scale=[array([1.])]
2019-01-18 15:13:22,367 *** End Major Checkpoint

2019-01-18 15:13:22,367 11 loss=0.4410139145670972
2019-01-18 15:13:22,368 12 loss=0.4226654459808369
2019-01-18 15:13:22,368 13 loss=0.4065113267711889
2019-01-18 15:13:22,369 14 loss=0.39215050818738595
2019-01-18 15:13:22,369 15 loss=0.37927169868820565
2019-01-18 15:13:22,370 16 loss=0.3676313493946796
2019-01-18 15:13:22,371 17 loss=0.3570372587923997
2019-01-18 15:13:22,371 18 loss=0.34733633216918175
2019-01-18 15:13:22,372 19 loss=0.3384054164780211
2019-01-18 15:13:22,372 20 loss=0.33014441595969674
2019-01-18 15:13:22,372 
*** Major Checkpoint. Computing Stats and Saving
2019-01-18 15:13:22,373 	 Computing Major Stats lazily... 
2019-01-18 15:13:22,373 		 Completed edges=182 good=182 bad=0
2019-01-18 15:13:22,376 Distortion avg=0.5371746092004628 wc=10.516101411766577 me=1.5209928046312675 mc=6.913971834545255 nan_elements=0
2019-01-18 15:13:22,376 MAP = 0.16867865930365933
2019-01-18 15:13:22,376 scale=[array([1.])]
2019-01-18 15:13:22,376 *** End Major Checkpoint

2019-01-18 15:13:22,377 21 loss=0.3224711032073148
2019-01-18 15:13:22,377 22 loss=0.315317193988875
2019-01-18 15:13:22,378 23 loss=0.3086253668278393
2019-01-18 15:13:22,378 24 loss=0.3023469910362028
2019-01-18 15:13:22,379 25 loss=0.2964403876633092
2019-01-18 15:13:22,379 26 loss=0.2908694925676759
2019-01-18 15:13:22,380 27 loss=0.2856028238441453
2019-01-18 15:13:22,381 28 loss=0.28061268028232456
2019-01-18 15:13:22,381 29 loss=0.2758745156802553
2019-01-18 15:13:22,382 30 loss=0.2713664473558443
2019-01-18 15:13:22,382 
*** Major Checkpoint. Computing Stats and Saving
2019-01-18 15:13:22,382 	 Computing Major Stats lazily... 
2019-01-18 15:13:22,383 		 Completed edges=182 good=182 bad=0
2019-01-18 15:13:22,386 Distortion avg=0.47645106281274097 wc=9.212651703612435 me=1.60001095795605 mc=5.757867880718285 nan_elements=0
2019-01-18 15:13:22,386 MAP = 0.2368132859204288
2019-01-18 15:13:22,386 scale=[array([1.])]
2019-01-18 15:13:22,386 *** End Major Checkpoint

2019-01-18 15:13:22,387 31 loss=0.26706886730407203
2019-01-18 15:13:22,387 32 loss=0.26296413202979685
2019-01-18 15:13:22,388 33 loss=0.25903631279599043
2019-01-18 15:13:22,389 34 loss=0.25527099234448564
2019-01-18 15:13:22,389 35 loss=0.2516550974237144
2019-01-18 15:13:22,390 36 loss=0.2481767589562173
2019-01-18 15:13:22,390 37 loss=0.24482519359101182
2019-01-18 15:13:22,391 38 loss=0.24159060185561737
2019-01-18 15:13:22,392 39 loss=0.2384640792562645
2019-01-18 15:13:22,392 40 loss=0.23543753755204133
2019-01-18 15:13:22,392 
*** Major Checkpoint. Computing Stats and Saving
2019-01-18 15:13:22,392 	 Computing Major Stats lazily... 
2019-01-18 15:13:22,393 		 Completed edges=182 good=182 bad=0
2019-01-18 15:13:22,396 Distortion avg=0.43136300023220076 wc=8.454627962285663 me=1.6391536569666845 mc=5.157922764807339 nan_elements=0
2019-01-18 15:13:22,396 MAP = 0.4265306122448979
2019-01-18 15:13:22,396 scale=[array([1.])]
2019-01-18 15:13:22,396 *** End Major Checkpoint

2019-01-18 15:13:22,397 41 loss=0.2325036341087761
2019-01-18 15:13:22,397 42 loss=0.22965570776572639
2019-01-18 15:13:22,398 43 loss=0.22688772005602725
2019-01-18 15:13:22,398 44 loss=0.22419420093560216
2019-01-18 15:13:22,399 45 loss=0.22157019841421519
2019-01-18 15:13:22,400 46 loss=0.21901123166152167
2019-01-18 15:13:22,400 47 loss=0.21651324729227361
2019-01-18 15:13:22,401 48 loss=0.2140725786278368
2019-01-18 15:13:22,401 49 loss=0.2116859077938159
2019-01-18 15:13:22,402 50 loss=0.2093502305525103
2019-01-18 15:13:22,402 
*** Major Checkpoint. Computing Stats and Saving
2019-01-18 15:13:22,402 	 Computing Major Stats lazily... 
2019-01-18 15:13:22,403 		 Completed edges=182 good=182 bad=0
2019-01-18 15:13:22,405 Distortion avg=0.4010025885311744 wc=7.778702890015982 me=1.638990582376258 mc=4.746032694549217 nan_elements=0
2019-01-18 15:13:22,405 MAP = 0.6047052154195011
2019-01-18 15:13:22,406 scale=[array([1.])]
2019-01-18 15:13:22,406 *** End Major Checkpoint

2019-01-18 15:13:22,406 final loss=0.2093502305525103
2019-01-18 15:13:22,406 best loss=0.2093502305525103, distortion=0.4010025885311744, map=0.6047052154195011, wc_dist=7.778702890015982
2019-01-18 15:13:22,406 	 Computing Major Stats lazily... 
2019-01-18 15:13:22,407 		 Completed edges=182 good=182 bad=0
2019-01-18 15:13:22,409 Distortion avg=0.40100258853117415 wc=7.778702890015982 me=1.638990582376258 mc=4.746032694549217 nan_elements=0
2019-01-18 15:13:22,409 MAP = 0.6047052154195011
2019-01-18 15:13:22,409 scale=[array([1.])]
