2019-01-18 15:04:02,781 Commandline ['pytorch/pytorch_hyperbolic.py', 'learn', 'data/edges/parsing/ewt/ewt_dev/1319.edges', '--dim', '0', '--hyp', '0', '--edim', '10', '--euc', '1', '--sdim', '0', '--sph', '0', '--log-name', 'ewt_devr2/1319.edges.E10-1.lr1.log', '--batch-size', '65536', '--epochs', '50', '--checkpoint-freq', '10', '-g', '--subsample', '1024', '--learning-rate', '1']
2019-01-18 15:04:02,781 No Model Save selected!
2019-01-18 15:04:02,782 Loaded Graph data/edges/parsing/ewt/ewt_dev/1319.edges with 10 nodes scale=1.0
2019-01-18 15:04:02,782 Building dataset
2019-01-18 15:04:02,783 Subsample: 10 points with scale 1.0 subsample=9
2019-01-18 15:04:02,791 Built Data Sampler
2019-01-18 15:04:02,791 Creating a fresh model warm_start?=None
2019-01-18 15:04:02,791 	 Warmstarting? None None 10
2019-01-18 15:04:02,791 Embedding() torch.Size([10, 10])
2019-01-18 15:04:02,791 relative No Rescale
2019-01-18 15:04:02,792 Constructed model with dim=0 and epochs=0 isnan=False
2019-01-18 15:04:02,792 SGD (
Parameter Group 0
    dampening: 0
    initial_lr: 0.1
    lr: 1.0
    momentum: 0.0
    nesterov: False
    weight_decay: 0

Parameter Group 1
    dampening: 0
    initial_lr: 0.1
    lr: 1.0
    momentum: 0.0
    nesterov: False
    weight_decay: 0

Parameter Group 2
    dampening: 0
    initial_lr: 0.1
    lr: 1.0
    momentum: 0.0
    nesterov: False
    weight_decay: 0

Parameter Group 3
    dampening: 0
    initial_lr: 0.0001
    lr: 0.001
    momentum: 0.0
    nesterov: False
    weight_decay: 0
)
2019-01-18 15:04:02,792 *** Initial Checkpoint. Computing Stats
2019-01-18 15:04:02,793 	 Computing Major Stats lazily... 
2019-01-18 15:04:02,794 		 Completed edges=90 good=90 bad=0
2019-01-18 15:04:02,795 Distortion avg=0.997571883858985 wc=6.865870945531335 me=0.005982886981094694 mc=1147.5849313595224 nan_elements=0
2019-01-18 15:04:02,795 MAP = 0.42861111111111116
2019-01-18 15:04:02,796 scale=[array([1.])]
2019-01-18 15:04:02,796 *** End Initial Checkpoint

2019-01-18 15:04:02,853 1 loss=0.9951512353647732
2019-01-18 15:04:02,854 2 loss=0.7640483516529274
2019-01-18 15:04:02,854 3 loss=0.6067367483239877
2019-01-18 15:04:02,855 4 loss=0.5040382442265492
2019-01-18 15:04:02,855 5 loss=0.43363431077737863
2019-01-18 15:04:02,856 6 loss=0.38254664743587097
2019-01-18 15:04:02,856 7 loss=0.34349588164803735
2019-01-18 15:04:02,857 8 loss=0.31234811637614013
2019-01-18 15:04:02,857 9 loss=0.2866842163421147
2019-01-18 15:04:02,858 10 loss=0.26502912779676624
2019-01-18 15:04:02,858 
*** Major Checkpoint. Computing Stats and Saving
2019-01-18 15:04:02,858 	 Computing Major Stats lazily... 
2019-01-18 15:04:02,859 		 Completed edges=90 good=90 bad=0
2019-01-18 15:04:02,860 Distortion avg=0.4586557961950966 wc=6.501592290492812 me=1.359667507476428 mc=4.781751608200086 nan_elements=0
2019-01-18 15:04:02,860 MAP = 0.27865079365079365
2019-01-18 15:04:02,861 scale=[array([1.])]
2019-01-18 15:04:02,861 *** End Major Checkpoint

2019-01-18 15:04:02,861 11 loss=0.24643850667538378
2019-01-18 15:04:02,862 12 loss=0.23027500833057032
2019-01-18 15:04:02,863 13 loss=0.21608528106190716
2019-01-18 15:04:02,863 14 loss=0.20353094907453556
2019-01-18 15:04:02,864 15 loss=0.19234897275394233
2019-01-18 15:04:02,864 16 loss=0.18232827465225807
2019-01-18 15:04:02,865 17 loss=0.17329553394500416
2019-01-18 15:04:02,865 18 loss=0.1651062362143488
2019-01-18 15:04:02,866 19 loss=0.15763878116089988
2019-01-18 15:04:02,866 20 loss=0.15079039507655362
2019-01-18 15:04:02,866 
*** Major Checkpoint. Computing Stats and Saving
2019-01-18 15:04:02,866 	 Computing Major Stats lazily... 
2019-01-18 15:04:02,867 		 Completed edges=90 good=90 bad=0
2019-01-18 15:04:02,869 Distortion avg=0.34215380433925424 wc=4.632312589405691 me=1.472579210827004 mc=3.145713694276706 nan_elements=0
2019-01-18 15:04:02,869 MAP = 0.8262499999999999
2019-01-18 15:04:02,869 scale=[array([1.])]
2019-01-18 15:04:02,869 *** End Major Checkpoint

2019-01-18 15:04:02,869 21 loss=0.14447412600145754
2019-01-18 15:04:02,870 22 loss=0.13861650400826392
2019-01-18 15:04:02,870 23 loss=0.13315562603866057
2019-01-18 15:04:02,871 24 loss=0.12803952810430672
2019-01-18 15:04:02,871 25 loss=0.12322476773092106
2019-01-18 15:04:02,872 26 loss=0.11867517378043699
2019-01-18 15:04:02,872 27 loss=0.11436073963184629
2019-01-18 15:04:02,873 28 loss=0.11025664543868606
2019-01-18 15:04:02,874 29 loss=0.10634239967422816
2019-01-18 15:04:02,874 30 loss=0.10260109179853605
2019-01-18 15:04:02,874 
*** Major Checkpoint. Computing Stats and Saving
2019-01-18 15:04:02,874 	 Computing Major Stats lazily... 
2019-01-18 15:04:02,875 		 Completed edges=90 good=90 bad=0
2019-01-18 15:04:02,876 Distortion avg=0.28283414498858506 wc=3.5951631975623104 me=1.431694819628782 mc=2.511123982759458 nan_elements=0
2019-01-18 15:04:02,876 MAP = 0.9833333333333334
2019-01-18 15:04:02,877 scale=[array([1.])]
2019-01-18 15:04:02,877 *** End Major Checkpoint

2019-01-18 15:04:02,877 31 loss=0.09901874807929914
2019-01-18 15:04:02,878 32 loss=0.09558378222717949
2019-01-18 15:04:02,878 33 loss=0.09228653204836894
2019-01-18 15:04:02,879 34 loss=0.08911887301724118
2019-01-18 15:04:02,879 35 loss=0.08607389962856378
2019-01-18 15:04:02,880 36 loss=0.08314566561293467
2019-01-18 15:04:02,880 37 loss=0.08032897455504123
2019-01-18 15:04:02,881 38 loss=0.07761921308510106
2019-01-18 15:04:02,881 39 loss=0.07501221955786767
2019-01-18 15:04:02,882 40 loss=0.07250418193413619
2019-01-18 15:04:02,882 
*** Major Checkpoint. Computing Stats and Saving
2019-01-18 15:04:02,882 	 Computing Major Stats lazily... 
2019-01-18 15:04:02,882 		 Completed edges=90 good=90 bad=0
2019-01-18 15:04:02,884 Distortion avg=0.2385336317176045 wc=2.8466900494254497 me=1.338277779873681 mc=2.1271294287604077 nan_elements=0
2019-01-18 15:04:02,884 MAP = 1.0
2019-01-18 15:04:02,884 scale=[array([1.])]
2019-01-18 15:04:02,884 *** End Major Checkpoint

2019-01-18 15:04:02,885 41 loss=0.07009155938965175
2019-01-18 15:04:02,885 42 loss=0.06777102295979932
2019-01-18 15:04:02,886 43 loss=0.06553941126045824
2019-01-18 15:04:02,886 44 loss=0.0633936979904725
2019-01-18 15:04:02,887 45 loss=0.06133096851159069
2019-01-18 15:04:02,887 46 loss=0.059348403315556714
2019-01-18 15:04:02,888 47 loss=0.05744326662752343
2019-01-18 15:04:02,888 48 loss=0.05561289876504103
2019-01-18 15:04:02,889 49 loss=0.053854711179040046
2019-01-18 15:04:02,889 50 loss=0.05216618335470869
2019-01-18 15:04:02,889 
*** Major Checkpoint. Computing Stats and Saving
2019-01-18 15:04:02,890 	 Computing Major Stats lazily... 
2019-01-18 15:04:02,890 		 Completed edges=90 good=90 bad=0
2019-01-18 15:04:02,892 Distortion avg=0.20085340571819432 wc=2.3930860321126284 me=1.284282696226941 mc=1.8633639144584058 nan_elements=0
2019-01-18 15:04:02,892 MAP = 1.0
2019-01-18 15:04:02,892 scale=[array([1.])]
2019-01-18 15:04:02,892 *** End Major Checkpoint

2019-01-18 15:04:02,892 final loss=0.05216618335470869
2019-01-18 15:04:02,892 best loss=0.05216618335470869, distortion=0.20085340571819432, map=1.0, wc_dist=2.3930860321126284
2019-01-18 15:04:02,892 	 Computing Major Stats lazily... 
2019-01-18 15:04:02,893 		 Completed edges=90 good=90 bad=0
2019-01-18 15:04:02,894 Distortion avg=0.20085340571819432 wc=2.3930860321126284 me=1.284282696226941 mc=1.8633639144584058 nan_elements=0
2019-01-18 15:04:02,894 MAP = 1.0
2019-01-18 15:04:02,895 scale=[array([1.])]
