2019-01-18 14:45:28,861 Commandline ['pytorch/pytorch_hyperbolic.py', 'learn', 'data/edges/parsing/ewt/ewt_dev/132.edges', '--dim', '0', '--hyp', '0', '--edim', '10', '--euc', '1', '--sdim', '0', '--sph', '0', '--log-name', 'ewt_devr2/132.edges.E10-1.lr1.log', '--batch-size', '65536', '--epochs', '50', '--checkpoint-freq', '10', '-g', '--subsample', '1024', '--learning-rate', '1']
2019-01-18 14:45:28,861 No Model Save selected!
2019-01-18 14:45:28,863 Loaded Graph data/edges/parsing/ewt/ewt_dev/132.edges with 20 nodes scale=1.0
2019-01-18 14:45:28,863 Building dataset
2019-01-18 14:45:28,863 Subsample: 20 points with scale 1.0 subsample=19
2019-01-18 14:45:28,884 Built Data Sampler
2019-01-18 14:45:28,884 Creating a fresh model warm_start?=None
2019-01-18 14:45:28,884 	 Warmstarting? None None 20
2019-01-18 14:45:28,885 Embedding() torch.Size([20, 10])
2019-01-18 14:45:28,885 relative No Rescale
2019-01-18 14:45:28,885 Constructed model with dim=0 and epochs=0 isnan=False
2019-01-18 14:45:28,885 SGD (
Parameter Group 0
    dampening: 0
    initial_lr: 0.1
    lr: 1.0
    momentum: 0.0
    nesterov: False
    weight_decay: 0

Parameter Group 1
    dampening: 0
    initial_lr: 0.1
    lr: 1.0
    momentum: 0.0
    nesterov: False
    weight_decay: 0

Parameter Group 2
    dampening: 0
    initial_lr: 0.1
    lr: 1.0
    momentum: 0.0
    nesterov: False
    weight_decay: 0

Parameter Group 3
    dampening: 0
    initial_lr: 0.0001
    lr: 0.001
    momentum: 0.0
    nesterov: False
    weight_decay: 0
)
2019-01-18 14:45:28,885 *** Initial Checkpoint. Computing Stats
2019-01-18 14:45:28,886 	 Computing Major Stats lazily... 
2019-01-18 14:45:28,887 		 Completed edges=380 good=380 bad=0
2019-01-18 14:45:28,891 Distortion avg=0.9982802297211734 wc=15.013043139684394 me=0.005941110731069004 mc=2526.9758163526176 nan_elements=0
2019-01-18 14:45:28,891 MAP = 0.21620860766095173
2019-01-18 14:45:28,891 scale=[array([1.])]
2019-01-18 14:45:28,891 *** End Initial Checkpoint

2019-01-18 14:45:28,950 1 loss=0.9965645548612256
2019-01-18 14:45:28,951 2 loss=0.9300220273095821
2019-01-18 14:45:28,952 3 loss=0.8685159107841455
2019-01-18 14:45:28,953 4 loss=0.8138277405059327
2019-01-18 14:45:28,954 5 loss=0.7653287854101121
2019-01-18 14:45:28,955 6 loss=0.7222554711003754
2019-01-18 14:45:28,956 7 loss=0.683897025132006
2019-01-18 14:45:28,957 8 loss=0.6496270436192093
2019-01-18 14:45:28,957 9 loss=0.6189037493585717
2019-01-18 14:45:28,958 10 loss=0.591262110964413
2019-01-18 14:45:28,958 
*** Major Checkpoint. Computing Stats and Saving
2019-01-18 14:45:28,958 	 Computing Major Stats lazily... 
2019-01-18 14:45:28,960 		 Completed edges=380 good=380 bad=0
2019-01-18 14:45:28,963 Distortion avg=0.7236193723732082 wc=26.055314670079262 me=1.1500643717629817 mc=22.655527212044646 nan_elements=0
2019-01-18 14:45:28,963 MAP = 0.09603239273871737
2019-01-18 14:45:28,964 scale=[array([1.])]
2019-01-18 14:45:28,964 *** End Major Checkpoint

2019-01-18 14:45:28,964 11 loss=0.5663041627840293
2019-01-18 14:45:28,965 12 loss=0.543689574717926
2019-01-18 14:45:28,966 13 loss=0.5231271419751168
2019-01-18 14:45:28,967 14 loss=0.5043673607921397
2019-01-18 14:45:28,967 15 loss=0.487196062237572
2019-01-18 14:45:28,968 16 loss=0.4714290045027096
2019-01-18 14:45:28,969 17 loss=0.4569073035282346
2019-01-18 14:45:28,970 18 loss=0.4434935830479874
2019-01-18 14:45:28,970 19 loss=0.4310687352122439
2019-01-18 14:45:28,971 20 loss=0.41952919599418603
2019-01-18 14:45:28,971 
*** Major Checkpoint. Computing Stats and Saving
2019-01-18 14:45:28,971 	 Computing Major Stats lazily... 
2019-01-18 14:45:28,973 		 Completed edges=380 good=380 bad=0
2019-01-18 14:45:28,976 Distortion avg=0.6064565897495882 wc=19.805202307762052 me=1.4699841845691812 mc=13.473071694010438 nan_elements=0
2019-01-18 14:45:28,976 MAP = 0.104610305461284
2019-01-18 14:45:28,977 scale=[array([1.])]
2019-01-18 14:45:28,977 *** End Major Checkpoint

2019-01-18 14:45:28,977 21 loss=0.4087846528903316
2019-01-18 14:45:28,978 22 loss=0.3987561148150853
2019-01-18 14:45:28,979 23 loss=0.38937428510791244
2019-01-18 14:45:28,980 24 loss=0.3805781881187376
2019-01-18 14:45:28,980 25 loss=0.3723140079784416
2019-01-18 14:45:28,981 26 loss=0.3645341050329794
2019-01-18 14:45:28,982 27 loss=0.35719618118055924
2019-01-18 14:45:28,982 28 loss=0.3502625701594485
2019-01-18 14:45:28,983 29 loss=0.3436996328351066
2019-01-18 14:45:28,984 30 loss=0.3374772408588632
2019-01-18 14:45:28,984 
*** Major Checkpoint. Computing Stats and Saving
2019-01-18 14:45:28,984 	 Computing Major Stats lazily... 
2019-01-18 14:45:28,986 		 Completed edges=380 good=380 bad=0
2019-01-18 14:45:28,989 Distortion avg=0.5442147565280521 wc=16.951770379114578 me=1.6247707606850803 mc=10.433330528404456 nan_elements=0
2019-01-18 14:45:28,989 MAP = 0.12683962172158764
2019-01-18 14:45:28,989 scale=[array([1.])]
2019-01-18 14:45:28,989 *** End Major Checkpoint

2019-01-18 14:45:28,990 31 loss=0.3315683348282514
2019-01-18 14:45:28,990 32 loss=0.32594854536672785
2019-01-18 14:45:28,991 33 loss=0.32059586743828367
2019-01-18 14:45:28,992 34 loss=0.31549037978754596
2019-01-18 14:45:28,993 35 loss=0.31061400270430556
2019-01-18 14:45:28,993 36 loss=0.3059502883992691
2019-01-18 14:45:28,994 37 loss=0.3014842391834964
2019-01-18 14:45:28,995 38 loss=0.2972021493989829
2019-01-18 14:45:28,995 39 loss=0.29309146767819455
2019-01-18 14:45:28,996 40 loss=0.2891406766374498
2019-01-18 14:45:28,996 
*** Major Checkpoint. Computing Stats and Saving
2019-01-18 14:45:28,996 	 Computing Major Stats lazily... 
2019-01-18 14:45:28,998 		 Completed edges=380 good=380 bad=0
2019-01-18 14:45:29,001 Distortion avg=0.4957317442783879 wc=15.351985359957492 me=1.7238967240826102 mc=8.90539737415373 nan_elements=0
2019-01-18 14:45:29,001 MAP = 0.1858110769949005
2019-01-18 14:45:29,001 scale=[array([1.])]
2019-01-18 14:45:29,001 *** End Major Checkpoint

2019-01-18 14:45:29,002 41 loss=0.2853391875505199
2019-01-18 14:45:29,003 42 loss=0.28167724791919396
2019-01-18 14:45:29,004 43 loss=0.2781458601688217
2019-01-18 14:45:29,004 44 loss=0.2747367099588754
2019-01-18 14:45:29,005 45 loss=0.2714421028195473
2019-01-18 14:45:29,006 46 loss=0.26825490801206525
2019-01-18 14:45:29,006 47 loss=0.2651685086683744
2019-01-18 14:45:29,007 48 loss=0.26217675739974294
2019-01-18 14:45:29,008 49 loss=0.2592739366775694
2019-01-18 14:45:29,009 50 loss=0.25645472338640424
2019-01-18 14:45:29,009 
*** Major Checkpoint. Computing Stats and Saving
2019-01-18 14:45:29,009 	 Computing Major Stats lazily... 
2019-01-18 14:45:29,011 		 Completed edges=380 good=380 bad=0
2019-01-18 14:45:29,014 Distortion avg=0.46007263534589626 wc=14.04143944369039 me=1.7649986626449183 mc=7.955495797741146 nan_elements=0
2019-01-18 14:45:29,014 MAP = 0.24278781238602667
2019-01-18 14:45:29,014 scale=[array([1.])]
2019-01-18 14:45:29,014 *** End Major Checkpoint

2019-01-18 14:45:29,014 final loss=0.25645472338640424
2019-01-18 14:45:29,015 best loss=0.25645472338640424, distortion=0.46007263534589626, map=0.24278781238602667, wc_dist=14.04143944369039
2019-01-18 14:45:29,015 	 Computing Major Stats lazily... 
2019-01-18 14:45:29,016 		 Completed edges=380 good=380 bad=0
2019-01-18 14:45:29,019 Distortion avg=0.4600726353458963 wc=14.04143944369039 me=1.7649986626449183 mc=7.955495797741146 nan_elements=0
2019-01-18 14:45:29,019 MAP = 0.24278781238602667
2019-01-18 14:45:29,020 scale=[array([1.])]
