2019-01-18 14:42:14,333 Commandline ['pytorch/pytorch_hyperbolic.py', 'learn', 'data/edges/parsing/ewt/ewt_dev/1320.edges', '--dim', '0', '--hyp', '0', '--edim', '10', '--euc', '1', '--sdim', '0', '--sph', '0', '--log-name', 'ewt_devr2/1320.edges.E10-1.lr1.log', '--batch-size', '65536', '--epochs', '50', '-g', '--subsample', '1024', '--learning-rate', '1']
2019-01-18 14:42:14,333 No Model Save selected!
2019-01-18 14:42:14,334 Loaded Graph data/edges/parsing/ewt/ewt_dev/1320.edges with 10 nodes scale=1.0
2019-01-18 14:42:14,334 Building dataset
2019-01-18 14:42:14,335 Subsample: 10 points with scale 1.0 subsample=9
2019-01-18 14:42:14,345 Built Data Sampler
2019-01-18 14:42:14,345 Creating a fresh model warm_start?=None
2019-01-18 14:42:14,345 	 Warmstarting? None None 10
2019-01-18 14:42:14,346 Embedding() torch.Size([10, 10])
2019-01-18 14:42:14,346 relative No Rescale
2019-01-18 14:42:14,346 Constructed model with dim=0 and epochs=0 isnan=False
2019-01-18 14:42:14,346 SGD (
Parameter Group 0
    dampening: 0
    initial_lr: 0.1
    lr: 1.0
    momentum: 0.0
    nesterov: False
    weight_decay: 0

Parameter Group 1
    dampening: 0
    initial_lr: 0.1
    lr: 1.0
    momentum: 0.0
    nesterov: False
    weight_decay: 0

Parameter Group 2
    dampening: 0
    initial_lr: 0.1
    lr: 1.0
    momentum: 0.0
    nesterov: False
    weight_decay: 0

Parameter Group 3
    dampening: 0
    initial_lr: 0.0001
    lr: 0.001
    momentum: 0.0
    nesterov: False
    weight_decay: 0
)
2019-01-18 14:42:14,346 *** Initial Checkpoint. Computing Stats
2019-01-18 14:42:14,347 	 Computing Major Stats lazily... 
2019-01-18 14:42:14,348 		 Completed edges=90 good=90 bad=0
2019-01-18 14:42:14,350 Distortion avg=0.997571883858985 wc=6.865870945531335 me=0.005982886981094694 mc=1147.5849313595224 nan_elements=0
2019-01-18 14:42:14,350 MAP = 0.42861111111111116
2019-01-18 14:42:14,350 scale=[array([1.])]
2019-01-18 14:42:14,350 *** End Initial Checkpoint

2019-01-18 14:42:14,408 1 loss=0.9951512353647732
2019-01-18 14:42:14,409 2 loss=0.7640483516529274
2019-01-18 14:42:14,409 3 loss=0.6067367483239877
2019-01-18 14:42:14,410 4 loss=0.5040382442265492
2019-01-18 14:42:14,410 5 loss=0.43363431077737863
2019-01-18 14:42:14,411 6 loss=0.38254664743587097
2019-01-18 14:42:14,411 7 loss=0.34349588164803735
2019-01-18 14:42:14,412 8 loss=0.31234811637614013
2019-01-18 14:42:14,412 9 loss=0.2866842163421147
2019-01-18 14:42:14,413 10 loss=0.26502912779676624
2019-01-18 14:42:14,413 11 loss=0.24643850667538378
2019-01-18 14:42:14,414 12 loss=0.2302750083305702
2019-01-18 14:42:14,415 13 loss=0.21608528106190714
2019-01-18 14:42:14,415 14 loss=0.20353094907453553
2019-01-18 14:42:14,416 15 loss=0.19234897275394228
2019-01-18 14:42:14,416 16 loss=0.182328274652258
2019-01-18 14:42:14,417 17 loss=0.17329553394500422
2019-01-18 14:42:14,417 18 loss=0.16510623621434883
2019-01-18 14:42:14,418 19 loss=0.15763878116089983
2019-01-18 14:42:14,418 20 loss=0.15079039507655362
2019-01-18 14:42:14,419 21 loss=0.1444741260014576
2019-01-18 14:42:14,419 22 loss=0.13861650400826395
2019-01-18 14:42:14,420 23 loss=0.13315562603866055
2019-01-18 14:42:14,420 24 loss=0.12803952810430674
2019-01-18 14:42:14,421 25 loss=0.12322476773092107
2019-01-18 14:42:14,421 26 loss=0.11867517378043702
2019-01-18 14:42:14,422 27 loss=0.11436073963184637
2019-01-18 14:42:14,422 28 loss=0.11025664543868606
2019-01-18 14:42:14,423 29 loss=0.10634239967422818
2019-01-18 14:42:14,423 30 loss=0.10260109179853602
2019-01-18 14:42:14,424 31 loss=0.09901874807929915
2019-01-18 14:42:14,425 32 loss=0.09558378222717946
2019-01-18 14:42:14,425 33 loss=0.09228653204836892
2019-01-18 14:42:14,426 34 loss=0.08911887301724118
2019-01-18 14:42:14,426 35 loss=0.08607389962856378
2019-01-18 14:42:14,427 36 loss=0.0831456656129347
2019-01-18 14:42:14,427 37 loss=0.0803289745550412
2019-01-18 14:42:14,428 38 loss=0.07761921308510109
2019-01-18 14:42:14,428 39 loss=0.07501221955786766
2019-01-18 14:42:14,429 40 loss=0.07250418193413619
2019-01-18 14:42:14,429 41 loss=0.07009155938965174
2019-01-18 14:42:14,430 42 loss=0.06777102295979931
2019-01-18 14:42:14,430 43 loss=0.06553941126045823
2019-01-18 14:42:14,431 44 loss=0.0633936979904725
2019-01-18 14:42:14,431 45 loss=0.06133096851159072
2019-01-18 14:42:14,432 46 loss=0.059348403315556714
2019-01-18 14:42:14,432 47 loss=0.05744326662752343
2019-01-18 14:42:14,433 48 loss=0.055612898765041045
2019-01-18 14:42:14,433 49 loss=0.05385471117904006
2019-01-18 14:42:14,434 50 loss=0.0521661833547087
2019-01-18 14:42:14,434 final loss=0.0521661833547087
2019-01-18 14:42:14,434 best loss=10000000000.0, distortion=10000000000.0, map=0.0, wc_dist=10000000000.0
2019-01-18 14:42:14,434 	 Computing Major Stats lazily... 
2019-01-18 14:42:14,435 		 Completed edges=90 good=90 bad=0
2019-01-18 14:42:14,436 Distortion avg=0.20085340571819438 wc=2.3930860321126284 me=1.284282696226941 mc=1.8633639144584058 nan_elements=0
2019-01-18 14:42:14,436 MAP = 1.0
2019-01-18 14:42:14,437 scale=[array([1.])]
2019-01-18 14:48:23,737 Commandline ['pytorch/pytorch_hyperbolic.py', 'learn', 'data/edges/parsing/ewt/ewt_dev/1320.edges', '--dim', '0', '--hyp', '0', '--edim', '10', '--euc', '1', '--sdim', '0', '--sph', '0', '--log-name', 'ewt_devr2/1320.edges.E10-1.lr1.log', '--batch-size', '65536', '--epochs', '50', '--checkpoint-freq', '10', '-g', '--subsample', '1024', '--learning-rate', '1']
2019-01-18 14:48:23,738 No Model Save selected!
2019-01-18 14:48:23,740 Loaded Graph data/edges/parsing/ewt/ewt_dev/1320.edges with 10 nodes scale=1.0
2019-01-18 14:48:23,740 Building dataset
2019-01-18 14:48:23,740 Subsample: 10 points with scale 1.0 subsample=9
2019-01-18 14:48:23,748 Built Data Sampler
2019-01-18 14:48:23,748 Creating a fresh model warm_start?=None
2019-01-18 14:48:23,748 	 Warmstarting? None None 10
2019-01-18 14:48:23,748 Embedding() torch.Size([10, 10])
2019-01-18 14:48:23,749 relative No Rescale
2019-01-18 14:48:23,749 Constructed model with dim=0 and epochs=0 isnan=False
2019-01-18 14:48:23,749 SGD (
Parameter Group 0
    dampening: 0
    initial_lr: 0.1
    lr: 1.0
    momentum: 0.0
    nesterov: False
    weight_decay: 0

Parameter Group 1
    dampening: 0
    initial_lr: 0.1
    lr: 1.0
    momentum: 0.0
    nesterov: False
    weight_decay: 0

Parameter Group 2
    dampening: 0
    initial_lr: 0.1
    lr: 1.0
    momentum: 0.0
    nesterov: False
    weight_decay: 0

Parameter Group 3
    dampening: 0
    initial_lr: 0.0001
    lr: 0.001
    momentum: 0.0
    nesterov: False
    weight_decay: 0
)
2019-01-18 14:48:23,749 *** Initial Checkpoint. Computing Stats
2019-01-18 14:48:23,749 	 Computing Major Stats lazily... 
2019-01-18 14:48:23,750 		 Completed edges=90 good=90 bad=0
2019-01-18 14:48:23,752 Distortion avg=0.997571883858985 wc=6.865870945531335 me=0.005982886981094694 mc=1147.5849313595224 nan_elements=0
2019-01-18 14:48:23,752 MAP = 0.42861111111111116
2019-01-18 14:48:23,752 scale=[array([1.])]
2019-01-18 14:48:23,752 *** End Initial Checkpoint

2019-01-18 14:48:23,814 1 loss=0.9951512353647732
2019-01-18 14:48:23,815 2 loss=0.7640483516529274
2019-01-18 14:48:23,815 3 loss=0.6067367483239877
2019-01-18 14:48:23,816 4 loss=0.5040382442265492
2019-01-18 14:48:23,816 5 loss=0.43363431077737863
2019-01-18 14:48:23,817 6 loss=0.38254664743587097
2019-01-18 14:48:23,817 7 loss=0.34349588164803735
2019-01-18 14:48:23,818 8 loss=0.31234811637614013
2019-01-18 14:48:23,819 9 loss=0.2866842163421147
2019-01-18 14:48:23,819 10 loss=0.26502912779676624
2019-01-18 14:48:23,819 
*** Major Checkpoint. Computing Stats and Saving
2019-01-18 14:48:23,819 	 Computing Major Stats lazily... 
2019-01-18 14:48:23,820 		 Completed edges=90 good=90 bad=0
2019-01-18 14:48:23,822 Distortion avg=0.4586557961950966 wc=6.501592290492812 me=1.359667507476428 mc=4.781751608200086 nan_elements=0
2019-01-18 14:48:23,822 MAP = 0.27865079365079365
2019-01-18 14:48:23,822 scale=[array([1.])]
2019-01-18 14:48:23,822 *** End Major Checkpoint

2019-01-18 14:48:23,822 11 loss=0.24643850667538378
2019-01-18 14:48:23,823 12 loss=0.23027500833057032
2019-01-18 14:48:23,823 13 loss=0.21608528106190716
2019-01-18 14:48:23,824 14 loss=0.20353094907453556
2019-01-18 14:48:23,824 15 loss=0.19234897275394233
2019-01-18 14:48:23,825 16 loss=0.18232827465225807
2019-01-18 14:48:23,825 17 loss=0.17329553394500416
2019-01-18 14:48:23,826 18 loss=0.1651062362143488
2019-01-18 14:48:23,826 19 loss=0.15763878116089988
2019-01-18 14:48:23,827 20 loss=0.15079039507655362
2019-01-18 14:48:23,827 
*** Major Checkpoint. Computing Stats and Saving
2019-01-18 14:48:23,827 	 Computing Major Stats lazily... 
2019-01-18 14:48:23,828 		 Completed edges=90 good=90 bad=0
2019-01-18 14:48:23,830 Distortion avg=0.34215380433925424 wc=4.632312589405691 me=1.472579210827004 mc=3.145713694276706 nan_elements=0
2019-01-18 14:48:23,830 MAP = 0.8262499999999999
2019-01-18 14:48:23,830 scale=[array([1.])]
2019-01-18 14:48:23,830 *** End Major Checkpoint

2019-01-18 14:48:23,830 21 loss=0.14447412600145754
2019-01-18 14:48:23,831 22 loss=0.13861650400826392
2019-01-18 14:48:23,831 23 loss=0.13315562603866057
2019-01-18 14:48:23,832 24 loss=0.12803952810430672
2019-01-18 14:48:23,832 25 loss=0.12322476773092106
2019-01-18 14:48:23,833 26 loss=0.11867517378043699
2019-01-18 14:48:23,833 27 loss=0.11436073963184629
2019-01-18 14:48:23,834 28 loss=0.11025664543868606
2019-01-18 14:48:23,834 29 loss=0.10634239967422816
2019-01-18 14:48:23,835 30 loss=0.10260109179853605
2019-01-18 14:48:23,835 
*** Major Checkpoint. Computing Stats and Saving
2019-01-18 14:48:23,835 	 Computing Major Stats lazily... 
2019-01-18 14:48:23,836 		 Completed edges=90 good=90 bad=0
2019-01-18 14:48:23,837 Distortion avg=0.28283414498858506 wc=3.5951631975623104 me=1.431694819628782 mc=2.511123982759458 nan_elements=0
2019-01-18 14:48:23,837 MAP = 0.9833333333333334
2019-01-18 14:48:23,837 scale=[array([1.])]
2019-01-18 14:48:23,838 *** End Major Checkpoint

2019-01-18 14:48:23,838 31 loss=0.09901874807929914
2019-01-18 14:48:23,839 32 loss=0.09558378222717949
2019-01-18 14:48:23,839 33 loss=0.09228653204836894
2019-01-18 14:48:23,840 34 loss=0.08911887301724118
2019-01-18 14:48:23,840 35 loss=0.08607389962856378
2019-01-18 14:48:23,841 36 loss=0.08314566561293467
2019-01-18 14:48:23,841 37 loss=0.08032897455504123
2019-01-18 14:48:23,842 38 loss=0.07761921308510106
2019-01-18 14:48:23,842 39 loss=0.07501221955786767
2019-01-18 14:48:23,843 40 loss=0.07250418193413619
2019-01-18 14:48:23,843 
*** Major Checkpoint. Computing Stats and Saving
2019-01-18 14:48:23,843 	 Computing Major Stats lazily... 
2019-01-18 14:48:23,844 		 Completed edges=90 good=90 bad=0
2019-01-18 14:48:23,845 Distortion avg=0.2385336317176045 wc=2.8466900494254497 me=1.338277779873681 mc=2.1271294287604077 nan_elements=0
2019-01-18 14:48:23,845 MAP = 1.0
2019-01-18 14:48:23,846 scale=[array([1.])]
2019-01-18 14:48:23,846 *** End Major Checkpoint

2019-01-18 14:48:23,846 41 loss=0.07009155938965175
2019-01-18 14:48:23,847 42 loss=0.06777102295979932
2019-01-18 14:48:23,847 43 loss=0.06553941126045824
2019-01-18 14:48:23,848 44 loss=0.0633936979904725
2019-01-18 14:48:23,848 45 loss=0.06133096851159069
2019-01-18 14:48:23,849 46 loss=0.059348403315556714
2019-01-18 14:48:23,849 47 loss=0.05744326662752343
2019-01-18 14:48:23,850 48 loss=0.05561289876504103
2019-01-18 14:48:23,850 49 loss=0.053854711179040046
2019-01-18 14:48:23,851 50 loss=0.05216618335470869
2019-01-18 14:48:23,851 
*** Major Checkpoint. Computing Stats and Saving
2019-01-18 14:48:23,851 	 Computing Major Stats lazily... 
2019-01-18 14:48:23,851 		 Completed edges=90 good=90 bad=0
2019-01-18 14:48:23,853 Distortion avg=0.20085340571819432 wc=2.3930860321126284 me=1.284282696226941 mc=1.8633639144584058 nan_elements=0
2019-01-18 14:48:23,853 MAP = 1.0
2019-01-18 14:48:23,853 scale=[array([1.])]
2019-01-18 14:48:23,853 *** End Major Checkpoint

2019-01-18 14:48:23,853 final loss=0.05216618335470869
2019-01-18 14:48:23,853 best loss=0.05216618335470869, distortion=0.20085340571819432, map=1.0, wc_dist=2.3930860321126284
2019-01-18 14:48:23,854 	 Computing Major Stats lazily... 
2019-01-18 14:48:23,854 		 Completed edges=90 good=90 bad=0
2019-01-18 14:48:23,856 Distortion avg=0.20085340571819432 wc=2.3930860321126284 me=1.284282696226941 mc=1.8633639144584058 nan_elements=0
2019-01-18 14:48:23,856 MAP = 1.0
2019-01-18 14:48:23,856 scale=[array([1.])]
