2019-01-18 14:50:12,232 Commandline ['pytorch/pytorch_hyperbolic.py', 'learn', 'data/edges/parsing/ewt/ewt_dev/1321.edges', '--dim', '0', '--hyp', '0', '--edim', '10', '--euc', '1', '--sdim', '0', '--sph', '0', '--log-name', 'ewt_devr2/1321.edges.E10-1.lr1.log', '--batch-size', '65536', '--epochs', '50', '--checkpoint-freq', '10', '-g', '--subsample', '1024', '--learning-rate', '1']
2019-01-18 14:50:12,232 No Model Save selected!
2019-01-18 14:50:12,234 Loaded Graph data/edges/parsing/ewt/ewt_dev/1321.edges with 35 nodes scale=1.0
2019-01-18 14:50:12,234 Building dataset
2019-01-18 14:50:12,235 Subsample: 35 points with scale 1.0 subsample=34
2019-01-18 14:50:12,286 Built Data Sampler
2019-01-18 14:50:12,286 Creating a fresh model warm_start?=None
2019-01-18 14:50:12,286 	 Warmstarting? None None 35
2019-01-18 14:50:12,287 Embedding() torch.Size([35, 10])
2019-01-18 14:50:12,287 relative No Rescale
2019-01-18 14:50:12,287 Constructed model with dim=0 and epochs=0 isnan=False
2019-01-18 14:50:12,288 SGD (
Parameter Group 0
    dampening: 0
    initial_lr: 0.1
    lr: 1.0
    momentum: 0.0
    nesterov: False
    weight_decay: 0

Parameter Group 1
    dampening: 0
    initial_lr: 0.1
    lr: 1.0
    momentum: 0.0
    nesterov: False
    weight_decay: 0

Parameter Group 2
    dampening: 0
    initial_lr: 0.1
    lr: 1.0
    momentum: 0.0
    nesterov: False
    weight_decay: 0

Parameter Group 3
    dampening: 0
    initial_lr: 0.0001
    lr: 0.001
    momentum: 0.0
    nesterov: False
    weight_decay: 0
)
2019-01-18 14:50:12,288 *** Initial Checkpoint. Computing Stats
2019-01-18 14:50:12,288 	 Computing Major Stats lazily... 
2019-01-18 14:50:12,293 		 Completed edges=1190 good=1190 bad=0
2019-01-18 14:50:12,298 Distortion avg=0.9987626014275407 wc=24.662940489745452 me=0.005935337598003825 mc=4155.271723387748 nan_elements=0
2019-01-18 14:50:12,298 MAP = 0.10421392230037207
2019-01-18 14:50:12,299 scale=[array([1.])]
2019-01-18 14:50:12,299 *** End Initial Checkpoint

2019-01-18 14:50:12,356 1 loss=0.9975277213069605
2019-01-18 14:50:12,358 2 loss=0.9770957315041795
2019-01-18 14:50:12,359 3 loss=0.956778682700381
2019-01-18 14:50:12,361 4 loss=0.9371568419286525
2019-01-18 14:50:12,362 5 loss=0.9182935637908268
2019-01-18 14:50:12,363 6 loss=0.9001865660566543
2019-01-18 14:50:12,364 7 loss=0.882815212536905
2019-01-18 14:50:12,366 8 loss=0.8661523698652166
2019-01-18 14:50:12,367 9 loss=0.8501686133654891
2019-01-18 14:50:12,368 10 loss=0.8348340281570149
2019-01-18 14:50:12,368 
*** Major Checkpoint. Computing Stats and Saving
2019-01-18 14:50:12,368 	 Computing Major Stats lazily... 
2019-01-18 14:50:12,373 		 Completed edges=1190 good=1190 bad=0
2019-01-18 14:50:12,379 Distortion avg=0.9005482201245206 wc=41.45004514078426 me=0.6254008513990497 mc=66.27756429825553 nan_elements=0
2019-01-18 14:50:12,379 MAP = 0.05461837210867581
2019-01-18 14:50:12,379 scale=[array([1.])]
2019-01-18 14:50:12,379 *** End Major Checkpoint

2019-01-18 14:50:12,381 11 loss=0.8201190695093524
2019-01-18 14:50:12,382 12 loss=0.8059949979504275
2019-01-18 14:50:12,383 13 loss=0.7924341016617773
2019-01-18 14:50:12,385 14 loss=0.7794098044474292
2019-01-18 14:50:12,386 15 loss=0.7668967088739581
2019-01-18 14:50:12,387 16 loss=0.7548706013747946
2019-01-18 14:50:12,388 17 loss=0.7433084345964979
2019-01-18 14:50:12,390 18 loss=0.7321882960822091
2019-01-18 14:50:12,391 19 loss=0.7214893688952578
2019-01-18 14:50:12,392 20 loss=0.7111918877274459
2019-01-18 14:50:12,392 
*** Major Checkpoint. Computing Stats and Saving
2019-01-18 14:50:12,392 	 Computing Major Stats lazily... 
2019-01-18 14:50:12,397 		 Completed edges=1190 good=1190 bad=0
2019-01-18 14:50:12,403 Distortion avg=0.8205672804273493 wc=37.35043555989242 me=1.068581165599791 mc=34.95329766450426 nan_elements=0
2019-01-18 14:50:12,403 MAP = 0.053571600713306876
2019-01-18 14:50:12,403 scale=[array([1.])]
2019-01-18 14:50:12,403 *** End Major Checkpoint

2019-01-18 14:50:12,404 21 loss=0.7012770927788797
2019-01-18 14:50:12,406 22 loss=0.6917271829040897
2019-01-18 14:50:12,407 23 loss=0.6825252690072937
2019-01-18 14:50:12,409 24 loss=0.6736553283317028
2019-01-18 14:50:12,410 25 loss=0.6651021600606035
2019-01-18 14:50:12,411 26 loss=0.6568513424931058
2019-01-18 14:50:12,412 27 loss=0.6488891919507496
2019-01-18 14:50:12,414 28 loss=0.641202723497079
2019-01-18 14:50:12,415 29 loss=0.6337796135007194
2019-01-18 14:50:12,416 30 loss=0.6266081640365818
2019-01-18 14:50:12,416 
*** Major Checkpoint. Computing Stats and Saving
2019-01-18 14:50:12,416 	 Computing Major Stats lazily... 
2019-01-18 14:50:12,421 		 Completed edges=1190 good=1190 bad=0
2019-01-18 14:50:12,426 Distortion avg=0.7622609367171739 wc=34.332526903727164 me=1.3717841527984995 mc=25.027645080814874 nan_elements=0
2019-01-18 14:50:12,427 MAP = 0.054089773370601855
2019-01-18 14:50:12,427 scale=[array([1.])]
2019-01-18 14:50:12,427 *** End Major Checkpoint

2019-01-18 14:50:12,428 31 loss=0.6196772690950081
2019-01-18 14:50:12,429 32 loss=0.6129763825517343
2019-01-18 14:50:12,431 33 loss=0.6064954878403045
2019-01-18 14:50:12,432 34 loss=0.6002250692614021
2019-01-18 14:50:12,433 35 loss=0.5941560848593682
2019-01-18 14:50:12,434 36 loss=0.588279940794133
2019-01-18 14:50:12,436 37 loss=0.5825884671362908
2019-01-18 14:50:12,437 38 loss=0.5770738950136682
2019-01-18 14:50:12,438 39 loss=0.5717288350391596
2019-01-18 14:50:12,439 40 loss=0.5665462569515685
2019-01-18 14:50:12,439 
*** Major Checkpoint. Computing Stats and Saving
2019-01-18 14:50:12,440 	 Computing Major Stats lazily... 
2019-01-18 14:50:12,444 		 Completed edges=1190 good=1190 bad=0
2019-01-18 14:50:12,449 Distortion avg=0.7228914607551653 wc=31.359032867282387 me=1.5758734908615524 mc=19.899460869881096 nan_elements=0
2019-01-18 14:50:12,450 MAP = 0.05537293637348014
2019-01-18 14:50:12,450 scale=[array([1.])]
2019-01-18 14:50:12,450 *** End Major Checkpoint

2019-01-18 14:50:12,451 41 loss=0.5615194704035383
2019-01-18 14:50:12,452 42 loss=0.5566421068332535
2019-01-18 14:50:12,454 43 loss=0.5519081023593144
2019-01-18 14:50:12,455 44 loss=0.547311681640995
2019-01-18 14:50:12,456 45 loss=0.5428473426489171
2019-01-18 14:50:12,457 46 loss=0.5385098422939473
2019-01-18 14:50:12,459 47 loss=0.5342941828648813
2019-01-18 14:50:12,460 48 loss=0.5301955992281284
2019-01-18 14:50:12,461 49 loss=0.5262095467451792
2019-01-18 14:50:12,462 50 loss=0.5223316898661243
2019-01-18 14:50:12,463 
*** Major Checkpoint. Computing Stats and Saving
2019-01-18 14:50:12,463 	 Computing Major Stats lazily... 
2019-01-18 14:50:12,467 		 Completed edges=1190 good=1190 bad=0
2019-01-18 14:50:12,473 Distortion avg=0.6937357885930626 wc=28.63398905645872 me=1.709735033359411 mc=16.7476179043934 nan_elements=0
2019-01-18 14:50:12,473 MAP = 0.05736288858736024
2019-01-18 14:50:12,473 scale=[array([1.])]
2019-01-18 14:50:12,473 *** End Major Checkpoint

2019-01-18 14:50:12,473 final loss=0.5223316898661243
2019-01-18 14:50:12,473 best loss=0.5223316898661243, distortion=0.6937357885930626, map=0.05736288858736024, wc_dist=28.63398905645872
2019-01-18 14:50:12,473 	 Computing Major Stats lazily... 
2019-01-18 14:50:12,478 		 Completed edges=1190 good=1190 bad=0
2019-01-18 14:50:12,483 Distortion avg=0.6937357885930632 wc=28.63398905645872 me=1.709735033359411 mc=16.7476179043934 nan_elements=0
2019-01-18 14:50:12,483 MAP = 0.05736288858736024
2019-01-18 14:50:12,483 scale=[array([1.])]
