2019-01-18 15:01:54,335 Commandline ['pytorch/pytorch_hyperbolic.py', 'learn', 'data/edges/parsing/ewt/ewt_dev/133.edges', '--dim', '0', '--hyp', '0', '--edim', '10', '--euc', '1', '--sdim', '0', '--sph', '0', '--log-name', 'ewt_devr2/133.edges.E10-1.lr1.log', '--batch-size', '65536', '--epochs', '50', '--checkpoint-freq', '10', '-g', '--subsample', '1024', '--learning-rate', '1']
2019-01-18 15:01:54,335 No Model Save selected!
2019-01-18 15:01:54,337 Loaded Graph data/edges/parsing/ewt/ewt_dev/133.edges with 6 nodes scale=1.0
2019-01-18 15:01:54,337 Building dataset
2019-01-18 15:01:54,337 Subsample: 6 points with scale 1.0 subsample=5
2019-01-18 15:01:54,341 Built Data Sampler
2019-01-18 15:01:54,342 Creating a fresh model warm_start?=None
2019-01-18 15:01:54,342 	 Warmstarting? None None 6
2019-01-18 15:01:54,342 Embedding() torch.Size([6, 10])
2019-01-18 15:01:54,342 relative No Rescale
2019-01-18 15:01:54,342 Constructed model with dim=0 and epochs=0 isnan=False
2019-01-18 15:01:54,343 SGD (
Parameter Group 0
    dampening: 0
    initial_lr: 0.1
    lr: 1.0
    momentum: 0.0
    nesterov: False
    weight_decay: 0

Parameter Group 1
    dampening: 0
    initial_lr: 0.1
    lr: 1.0
    momentum: 0.0
    nesterov: False
    weight_decay: 0

Parameter Group 2
    dampening: 0
    initial_lr: 0.1
    lr: 1.0
    momentum: 0.0
    nesterov: False
    weight_decay: 0

Parameter Group 3
    dampening: 0
    initial_lr: 0.0001
    lr: 0.001
    momentum: 0.0
    nesterov: False
    weight_decay: 0
)
2019-01-18 15:01:54,343 *** Initial Checkpoint. Computing Stats
2019-01-18 15:01:54,343 	 Computing Major Stats lazily... 
2019-01-18 15:01:54,344 		 Completed edges=30 good=30 bad=0
2019-01-18 15:01:54,345 Distortion avg=0.9970107087516167 wc=3.6322181433519583 me=0.005628252251848828 mc=645.354540063269 nan_elements=0
2019-01-18 15:01:54,345 MAP = 0.44999999999999996
2019-01-18 15:01:54,345 scale=[array([1.])]
2019-01-18 15:01:54,345 *** End Initial Checkpoint

2019-01-18 15:01:54,402 1 loss=0.9940318309062036
2019-01-18 15:01:54,403 2 loss=0.4293061030090941
2019-01-18 15:01:54,403 3 loss=0.26996040000143373
2019-01-18 15:01:54,404 4 loss=0.19002482905619816
2019-01-18 15:01:54,404 5 loss=0.13769665547696744
2019-01-18 15:01:54,404 6 loss=0.10183942906149393
2019-01-18 15:01:54,405 7 loss=0.0769895567126652
2019-01-18 15:01:54,405 8 loss=0.05965395439234069
2019-01-18 15:01:54,406 9 loss=0.04747097945915806
2019-01-18 15:01:54,406 10 loss=0.03882966988573068
2019-01-18 15:01:54,406 
*** Major Checkpoint. Computing Stats and Saving
2019-01-18 15:01:54,406 	 Computing Major Stats lazily... 
2019-01-18 15:01:54,407 		 Completed edges=30 good=30 bad=0
2019-01-18 15:01:54,408 Distortion avg=0.1737054846994154 wc=1.6042972165760996 me=1.1512738967059148 mc=1.3934974302521743 nan_elements=0
2019-01-18 15:01:54,408 MAP = 1.0
2019-01-18 15:01:54,408 scale=[array([1.])]
2019-01-18 15:01:54,408 *** End Major Checkpoint

2019-01-18 15:01:54,409 11 loss=0.03263285478227044
2019-01-18 15:01:54,409 12 loss=0.028134611961158146
2019-01-18 15:01:54,409 13 loss=0.02482726646076498
2019-01-18 15:01:54,410 14 loss=0.0223637863355474
2019-01-18 15:01:54,410 15 loss=0.020505265824989644
2019-01-18 15:01:54,411 16 loss=0.019085739612479884
2019-01-18 15:01:54,411 17 loss=0.01798870898200264
2019-01-18 15:01:54,412 18 loss=0.017131474156989027
2019-01-18 15:01:54,412 19 loss=0.01645463700038582
2019-01-18 15:01:54,413 20 loss=0.015915025397711755
2019-01-18 15:01:54,413 
*** Major Checkpoint. Computing Stats and Saving
2019-01-18 15:01:54,413 	 Computing Major Stats lazily... 
2019-01-18 15:01:54,413 		 Completed edges=30 good=30 bad=0
2019-01-18 15:01:54,414 Distortion avg=0.11902283557089485 wc=1.367898982761477 me=1.1459825259718417 mc=1.193647330356491 nan_elements=0
2019-01-18 15:01:54,414 MAP = 1.0
2019-01-18 15:01:54,414 scale=[array([1.])]
2019-01-18 15:01:54,414 *** End Major Checkpoint

2019-01-18 15:01:54,415 21 loss=0.015480888146382253
2019-01-18 15:01:54,415 22 loss=0.015128603758513012
2019-01-18 15:01:54,416 23 loss=0.014840404936778644
2019-01-18 15:01:54,416 24 loss=0.014602789308538552
2019-01-18 15:01:54,417 25 loss=0.014405397510388945
2019-01-18 15:01:54,417 26 loss=0.014240212301424356
2019-01-18 15:01:54,418 27 loss=0.014100980269528447
2019-01-18 15:01:54,418 28 loss=0.01398278943906531
2019-01-18 15:01:54,418 29 loss=0.013881757241903225
2019-01-18 15:01:54,419 30 loss=0.013794797490223169
2019-01-18 15:01:54,419 
*** Major Checkpoint. Computing Stats and Saving
2019-01-18 15:01:54,419 	 Computing Major Stats lazily... 
2019-01-18 15:01:54,419 		 Completed edges=30 good=30 bad=0
2019-01-18 15:01:54,420 Distortion avg=0.11231488399602234 wc=1.3192964181588078 me=1.1469798044249042 mc=1.1502350896407485 nan_elements=0
2019-01-18 15:01:54,420 MAP = 1.0
2019-01-18 15:01:54,421 scale=[array([1.])]
2019-01-18 15:01:54,421 *** End Major Checkpoint

2019-01-18 15:01:54,421 31 loss=0.013719444549844513
2019-01-18 15:01:54,422 32 loss=0.01365371940497287
2019-01-18 15:01:54,422 33 loss=0.013596026748247999
2019-01-18 15:01:54,422 34 loss=0.013545075296794724
2019-01-18 15:01:54,423 35 loss=0.013499815671958735
2019-01-18 15:01:54,423 36 loss=0.01345939168473178
2019-01-18 15:01:54,424 37 loss=0.013423101939362117
2019-01-18 15:01:54,424 38 loss=0.013390369438044525
2019-01-18 15:01:54,425 39 loss=0.01336071743040273
2019-01-18 15:01:54,425 40 loss=0.013333750164403496
2019-01-18 15:01:54,425 
*** Major Checkpoint. Computing Stats and Saving
2019-01-18 15:01:54,426 	 Computing Major Stats lazily... 
2019-01-18 15:01:54,426 		 Completed edges=30 good=30 bad=0
2019-01-18 15:01:54,427 Distortion avg=0.11139718918461136 wc=1.2989113554747111 me=1.1470960242937074 mc=1.1323475349628902 nan_elements=0
2019-01-18 15:01:54,427 MAP = 1.0
2019-01-18 15:01:54,427 scale=[array([1.])]
2019-01-18 15:01:54,427 *** End Major Checkpoint

2019-01-18 15:01:54,428 41 loss=0.013309137502759855
2019-01-18 15:01:54,428 42 loss=0.013286602600165932
2019-01-18 15:01:54,428 43 loss=0.013265912012422032
2019-01-18 15:01:54,429 44 loss=0.013246867743199003
2019-01-18 15:01:54,429 45 loss=0.013229300838261425
2019-01-18 15:01:54,430 46 loss=0.013213066217943626
2019-01-18 15:01:54,430 47 loss=0.013198038502061835
2019-01-18 15:01:54,431 48 loss=0.013184108631325664
2019-01-18 15:01:54,431 49 loss=0.01317118112873472
2019-01-18 15:01:54,431 50 loss=0.013159171875718294
2019-01-18 15:01:54,432 
*** Major Checkpoint. Computing Stats and Saving
2019-01-18 15:01:54,432 	 Computing Major Stats lazily... 
2019-01-18 15:01:54,432 		 Completed edges=30 good=30 bad=0
2019-01-18 15:01:54,433 Distortion avg=0.11121833916716213 wc=1.287402320310921 me=1.1471392603295907 mc=1.1222720421416235 nan_elements=0
2019-01-18 15:01:54,433 MAP = 1.0
2019-01-18 15:01:54,433 scale=[array([1.])]
2019-01-18 15:01:54,433 *** End Major Checkpoint

2019-01-18 15:01:54,433 final loss=0.013159171875718294
2019-01-18 15:01:54,433 best loss=0.013159171875718294, distortion=0.11121833916716213, map=1.0, wc_dist=1.287402320310921
2019-01-18 15:01:54,433 	 Computing Major Stats lazily... 
2019-01-18 15:01:54,434 		 Completed edges=30 good=30 bad=0
2019-01-18 15:01:54,435 Distortion avg=0.1112183391671621 wc=1.287402320310921 me=1.1471392603295907 mc=1.1222720421416235 nan_elements=0
2019-01-18 15:01:54,435 MAP = 1.0
2019-01-18 15:01:54,435 scale=[array([1.])]
