2019-01-18 15:07:37,289 Commandline ['pytorch/pytorch_hyperbolic.py', 'learn', 'data/edges/parsing/ewt/ewt_dev/1330.edges', '--dim', '0', '--hyp', '0', '--edim', '10', '--euc', '1', '--sdim', '0', '--sph', '0', '--log-name', 'ewt_devr2/1330.edges.E10-1.lr1.log', '--batch-size', '65536', '--epochs', '50', '--checkpoint-freq', '10', '-g', '--subsample', '1024', '--learning-rate', '1']
2019-01-18 15:07:37,290 No Model Save selected!
2019-01-18 15:07:37,291 Loaded Graph data/edges/parsing/ewt/ewt_dev/1330.edges with 7 nodes scale=1.0
2019-01-18 15:07:37,292 Building dataset
2019-01-18 15:07:37,292 Subsample: 7 points with scale 1.0 subsample=6
2019-01-18 15:07:37,297 Built Data Sampler
2019-01-18 15:07:37,298 Creating a fresh model warm_start?=None
2019-01-18 15:07:37,298 	 Warmstarting? None None 7
2019-01-18 15:07:37,298 Embedding() torch.Size([7, 10])
2019-01-18 15:07:37,298 relative No Rescale
2019-01-18 15:07:37,298 Constructed model with dim=0 and epochs=0 isnan=False
2019-01-18 15:07:37,299 SGD (
Parameter Group 0
    dampening: 0
    initial_lr: 0.1
    lr: 1.0
    momentum: 0.0
    nesterov: False
    weight_decay: 0

Parameter Group 1
    dampening: 0
    initial_lr: 0.1
    lr: 1.0
    momentum: 0.0
    nesterov: False
    weight_decay: 0

Parameter Group 2
    dampening: 0
    initial_lr: 0.1
    lr: 1.0
    momentum: 0.0
    nesterov: False
    weight_decay: 0

Parameter Group 3
    dampening: 0
    initial_lr: 0.0001
    lr: 0.001
    momentum: 0.0
    nesterov: False
    weight_decay: 0
)
2019-01-18 15:07:37,299 *** Initial Checkpoint. Computing Stats
2019-01-18 15:07:37,299 	 Computing Major Stats lazily... 
2019-01-18 15:07:37,300 		 Completed edges=42 good=42 bad=0
2019-01-18 15:07:37,301 Distortion avg=0.9972748065100209 wc=6.217460021277733 me=0.005628252251848828 mc=1104.687519866466 nan_elements=0
2019-01-18 15:07:37,301 MAP = 0.3761904761904762
2019-01-18 15:07:37,302 scale=[array([1.])]
2019-01-18 15:07:37,302 *** End Initial Checkpoint

2019-01-18 15:07:37,362 1 loss=0.9945591280591485
2019-01-18 15:07:37,362 2 loss=0.5884251633694346
2019-01-18 15:07:37,363 3 loss=0.41369067985088065
2019-01-18 15:07:37,364 4 loss=0.33274006848658066
2019-01-18 15:07:37,364 5 loss=0.28678440023165563
2019-01-18 15:07:37,365 6 loss=0.2558947917675226
2019-01-18 15:07:37,365 7 loss=0.23268117468664895
2019-01-18 15:07:37,366 8 loss=0.2139850502734662
2019-01-18 15:07:37,366 9 loss=0.1982320088720801
2019-01-18 15:07:37,367 10 loss=0.1845243321841345
2019-01-18 15:07:37,367 
*** Major Checkpoint. Computing Stats and Saving
2019-01-18 15:07:37,367 	 Computing Major Stats lazily... 
2019-01-18 15:07:37,368 		 Completed edges=42 good=42 bad=0
2019-01-18 15:07:37,369 Distortion avg=0.3785692748277019 wc=5.035651091127534 me=1.36151981943325 mc=3.698551441743747 nan_elements=0
2019-01-18 15:07:37,369 MAP = 0.5291666666666667
2019-01-18 15:07:37,369 scale=[array([1.])]
2019-01-18 15:07:37,369 *** End Major Checkpoint

2019-01-18 15:07:37,370 11 loss=0.17229964122118538
2019-01-18 15:07:37,371 12 loss=0.16118723743209107
2019-01-18 15:07:37,371 13 loss=0.15093857861488727
2019-01-18 15:07:37,372 14 loss=0.14138793214441298
2019-01-18 15:07:37,372 15 loss=0.13242688332690405
2019-01-18 15:07:37,373 16 loss=0.12398637569419349
2019-01-18 15:07:37,374 17 loss=0.11602361463513561
2019-01-18 15:07:37,374 18 loss=0.10851249269183182
2019-01-18 15:07:37,375 19 loss=0.10143669364620432
2019-01-18 15:07:37,376 20 loss=0.09478485780027222
2019-01-18 15:07:37,376 
*** Major Checkpoint. Computing Stats and Saving
2019-01-18 15:07:37,376 	 Computing Major Stats lazily... 
2019-01-18 15:07:37,376 		 Completed edges=42 good=42 bad=0
2019-01-18 15:07:37,378 Distortion avg=0.2600844323092323 wc=3.3077020776324098 me=1.298126685944247 mc=2.548057992680748 nan_elements=0
2019-01-18 15:07:37,378 MAP = 1.0
2019-01-18 15:07:37,378 scale=[array([1.])]
2019-01-18 15:07:37,378 *** End Major Checkpoint

2019-01-18 15:07:37,379 21 loss=0.08854732902839675
2019-01-18 15:07:37,379 22 loss=0.0827141059850075
2019-01-18 15:07:37,380 23 loss=0.07727369617001421
2019-01-18 15:07:37,380 24 loss=0.07221262776108467
2019-01-18 15:07:37,381 25 loss=0.06751541720608017
2019-01-18 15:07:37,382 26 loss=0.06316482720908209
2019-01-18 15:07:37,382 27 loss=0.059142283932828575
2019-01-18 15:07:37,383 28 loss=0.05542835490838022
2019-01-18 15:07:37,383 29 loss=0.05200321925549373
2019-01-18 15:07:37,384 30 loss=0.04884708779178767
2019-01-18 15:07:37,384 
*** Major Checkpoint. Computing Stats and Saving
2019-01-18 15:07:37,384 	 Computing Major Stats lazily... 
2019-01-18 15:07:37,384 		 Completed edges=42 good=42 bad=0
2019-01-18 15:07:37,385 Distortion avg=0.18248623373294173 wc=2.3081271202854516 me=1.1906051915250526 mc=1.9386167108249872 nan_elements=0
2019-01-18 15:07:37,386 MAP = 1.0
2019-01-18 15:07:37,386 scale=[array([1.])]
2019-01-18 15:07:37,386 *** End Major Checkpoint

2019-01-18 15:07:37,386 31 loss=0.04594055130014256
2019-01-18 15:07:37,387 32 loss=0.043264850306733736
2019-01-18 15:07:37,387 33 loss=0.04080206962630951
2019-01-18 15:07:37,388 34 loss=0.038535266566844376
2019-01-18 15:07:37,388 35 loss=0.03644854414399871
2019-01-18 15:07:37,389 36 loss=0.03452708098248338
2019-01-18 15:07:37,389 37 loss=0.03275712864618326
2019-01-18 15:07:37,390 38 loss=0.03112598558914903
2019-01-18 15:07:37,390 39 loss=0.029621955189700296
2019-01-18 15:07:37,391 40 loss=0.028234293679172476
2019-01-18 15:07:37,391 
*** Major Checkpoint. Computing Stats and Saving
2019-01-18 15:07:37,391 	 Computing Major Stats lazily... 
2019-01-18 15:07:37,391 		 Completed edges=42 good=42 bad=0
2019-01-18 15:07:37,393 Distortion avg=0.13838040259182943 wc=1.8950344593384256 me=1.1664446250967118 mc=1.6246244515733486 nan_elements=0
2019-01-18 15:07:37,393 MAP = 1.0
2019-01-18 15:07:37,393 scale=[array([1.])]
2019-01-18 15:07:37,393 *** End Major Checkpoint

2019-01-18 15:07:37,394 41 loss=0.026953152336143742
2019-01-18 15:07:37,394 42 loss=0.02576951713220202
2019-01-18 15:07:37,395 43 loss=0.024675148082162847
2019-01-18 15:07:37,395 44 loss=0.023662519840507986
2019-01-18 15:07:37,396 45 loss=0.022724764557762994
2019-01-18 15:07:37,396 46 loss=0.021855617626643464
2019-01-18 15:07:37,397 47 loss=0.02104936667368286
2019-01-18 15:07:37,397 48 loss=0.02030080395951413
2019-01-18 15:07:37,398 49 loss=0.01960518221799231
2019-01-18 15:07:37,398 50 loss=0.018958173874309186
2019-01-18 15:07:37,398 
*** Major Checkpoint. Computing Stats and Saving
2019-01-18 15:07:37,398 	 Computing Major Stats lazily... 
2019-01-18 15:07:37,399 		 Completed edges=42 good=42 bad=0
2019-01-18 15:07:37,400 Distortion avg=0.11439765931878267 wc=1.6867104262058936 me=1.160260414035758 mc=1.4537343563579608 nan_elements=0
2019-01-18 15:07:37,400 MAP = 1.0
2019-01-18 15:07:37,400 scale=[array([1.])]
2019-01-18 15:07:37,400 *** End Major Checkpoint

2019-01-18 15:07:37,400 final loss=0.018958173874309186
2019-01-18 15:07:37,400 best loss=0.018958173874309186, distortion=0.11439765931878267, map=1.0, wc_dist=1.6867104262058936
2019-01-18 15:07:37,401 	 Computing Major Stats lazily... 
2019-01-18 15:07:37,401 		 Completed edges=42 good=42 bad=0
2019-01-18 15:07:37,402 Distortion avg=0.11439765931878271 wc=1.6867104262058936 me=1.160260414035758 mc=1.4537343563579608 nan_elements=0
2019-01-18 15:07:37,402 MAP = 1.0
2019-01-18 15:07:37,402 scale=[array([1.])]
