2019-01-18 14:48:12,358 Commandline ['pytorch/pytorch_hyperbolic.py', 'learn', 'data/edges/parsing/ewt/ewt_dev/1331.edges', '--dim', '0', '--hyp', '0', '--edim', '10', '--euc', '1', '--sdim', '0', '--sph', '0', '--log-name', 'ewt_devr2/1331.edges.E10-1.lr1.log', '--batch-size', '65536', '--epochs', '50', '--checkpoint-freq', '10', '-g', '--subsample', '1024', '--learning-rate', '1']
2019-01-18 14:48:12,359 No Model Save selected!
2019-01-18 14:48:12,360 Loaded Graph data/edges/parsing/ewt/ewt_dev/1331.edges with 12 nodes scale=1.0
2019-01-18 14:48:12,361 Building dataset
2019-01-18 14:48:12,361 Subsample: 12 points with scale 1.0 subsample=11
2019-01-18 14:48:12,371 Built Data Sampler
2019-01-18 14:48:12,371 Creating a fresh model warm_start?=None
2019-01-18 14:48:12,371 	 Warmstarting? None None 12
2019-01-18 14:48:12,372 Embedding() torch.Size([12, 10])
2019-01-18 14:48:12,372 relative No Rescale
2019-01-18 14:48:12,372 Constructed model with dim=0 and epochs=0 isnan=False
2019-01-18 14:48:12,372 SGD (
Parameter Group 0
    dampening: 0
    initial_lr: 0.1
    lr: 1.0
    momentum: 0.0
    nesterov: False
    weight_decay: 0

Parameter Group 1
    dampening: 0
    initial_lr: 0.1
    lr: 1.0
    momentum: 0.0
    nesterov: False
    weight_decay: 0

Parameter Group 2
    dampening: 0
    initial_lr: 0.1
    lr: 1.0
    momentum: 0.0
    nesterov: False
    weight_decay: 0

Parameter Group 3
    dampening: 0
    initial_lr: 0.0001
    lr: 0.001
    momentum: 0.0
    nesterov: False
    weight_decay: 0
)
2019-01-18 14:48:12,373 *** Initial Checkpoint. Computing Stats
2019-01-18 14:48:12,373 	 Computing Major Stats lazily... 
2019-01-18 14:48:12,374 		 Completed edges=132 good=132 bad=0
2019-01-18 14:48:12,376 Distortion avg=0.9978762837307671 wc=7.097902636717826 me=0.005628252251848828 mc=1261.1202055462657 nan_elements=0
2019-01-18 14:48:12,376 MAP = 0.24985088985088988
2019-01-18 14:48:12,376 scale=[array([1.])]
2019-01-18 14:48:12,376 *** End Initial Checkpoint

2019-01-18 14:48:12,434 1 loss=0.9957584773736705
2019-01-18 14:48:12,435 2 loss=0.8220017075299901
2019-01-18 14:48:12,435 3 loss=0.6912272559573405
2019-01-18 14:48:12,436 4 loss=0.5959349928634214
2019-01-18 14:48:12,437 5 loss=0.5248805306377571
2019-01-18 14:48:12,438 6 loss=0.4703213125100159
2019-01-18 14:48:12,438 7 loss=0.4271603742338795
2019-01-18 14:48:12,439 8 loss=0.3920560062574293
2019-01-18 14:48:12,439 9 loss=0.3628004519575141
2019-01-18 14:48:12,440 10 loss=0.33791484804999705
2019-01-18 14:48:12,440 
*** Major Checkpoint. Computing Stats and Saving
2019-01-18 14:48:12,440 	 Computing Major Stats lazily... 
2019-01-18 14:48:12,441 		 Completed edges=132 good=132 bad=0
2019-01-18 14:48:12,443 Distortion avg=0.5267518609870778 wc=8.244441784998543 me=1.321359501754857 mc=6.2393631513977486 nan_elements=0
2019-01-18 14:48:12,443 MAP = 0.1672637085137085
2019-01-18 14:48:12,443 scale=[array([1.])]
2019-01-18 14:48:12,443 *** End Major Checkpoint

2019-01-18 14:48:12,444 11 loss=0.31639030094791876
2019-01-18 14:48:12,444 12 loss=0.29752321067632204
2019-01-18 14:48:12,445 13 loss=0.28081041368532433
2019-01-18 14:48:12,445 14 loss=0.2658821191746752
2019-01-18 14:48:12,446 15 loss=0.2524587412603113
2019-01-18 14:48:12,446 16 loss=0.24032289391920236
2019-01-18 14:48:12,447 17 loss=0.22930105649907936
2019-01-18 14:48:12,447 18 loss=0.21925144319697684
2019-01-18 14:48:12,448 19 loss=0.21005587699601452
2019-01-18 14:48:12,448 20 loss=0.20161426412134986
2019-01-18 14:48:12,449 
*** Major Checkpoint. Computing Stats and Saving
2019-01-18 14:48:12,449 	 Computing Major Stats lazily... 
2019-01-18 14:48:12,449 		 Completed edges=132 good=132 bad=0
2019-01-18 14:48:12,451 Distortion avg=0.41023895861118276 wc=6.036357589755369 me=1.4678955744507667 mc=4.112252734336334 nan_elements=0
2019-01-18 14:48:12,451 MAP = 0.4058730158730159
2019-01-18 14:48:12,451 scale=[array([1.])]
2019-01-18 14:48:12,452 *** End Major Checkpoint

2019-01-18 14:48:12,452 21 loss=0.19384076739512987
2019-01-18 14:48:12,453 22 loss=0.18666109615374718
2019-01-18 14:48:12,453 23 loss=0.18001053478848886
2019-01-18 14:48:12,454 24 loss=0.17383246375355668
2019-01-18 14:48:12,454 25 loss=0.16807721241052725
2019-01-18 14:48:12,455 26 loss=0.16270113888945534
2019-01-18 14:48:12,455 27 loss=0.1576658687066917
2019-01-18 14:48:12,456 28 loss=0.15293764785923922
2019-01-18 14:48:12,457 29 loss=0.14848678180699384
2019-01-18 14:48:12,457 30 loss=0.14428714194676812
2019-01-18 14:48:12,457 
*** Major Checkpoint. Computing Stats and Saving
2019-01-18 14:48:12,457 	 Computing Major Stats lazily... 
2019-01-18 14:48:12,458 		 Completed edges=132 good=132 bad=0
2019-01-18 14:48:12,460 Distortion avg=0.33488704304352107 wc=5.02419496716994 me=1.5023885904542673 mc=3.3441381271744133 nan_elements=0
2019-01-18 14:48:12,460 MAP = 0.7847685185185185
2019-01-18 14:48:12,460 scale=[array([1.])]
2019-01-18 14:48:12,460 *** End Major Checkpoint

2019-01-18 14:48:12,461 31 loss=0.1403157277096974
2019-01-18 14:48:12,461 32 loss=0.13655227649856136
2019-01-18 14:48:12,462 33 loss=0.13297891614931065
2019-01-18 14:48:12,462 34 loss=0.12957985601608898
2019-01-18 14:48:12,463 35 loss=0.1263411135297938
2019-01-18 14:48:12,463 36 loss=0.1232502734336046
2019-01-18 14:48:12,464 37 loss=0.12029627703559567
2019-01-18 14:48:12,465 38 loss=0.11746923885705075
2019-01-18 14:48:12,465 39 loss=0.11476028806900643
2019-01-18 14:48:12,466 40 loss=0.112161432140352
2019-01-18 14:48:12,466 
*** Major Checkpoint. Computing Stats and Saving
2019-01-18 14:48:12,466 	 Computing Major Stats lazily... 
2019-01-18 14:48:12,466 		 Completed edges=132 good=132 bad=0
2019-01-18 14:48:12,468 Distortion avg=0.2885643489986099 wc=4.249181165717425 me=1.4624446737338206 mc=2.905532935388719 nan_elements=0
2019-01-18 14:48:12,469 MAP = 0.8501455026455026
2019-01-18 14:48:12,469 scale=[array([1.])]
2019-01-18 14:48:12,469 *** End Major Checkpoint

2019-01-18 14:48:12,469 41 loss=0.1096654401878629
2019-01-18 14:48:12,470 42 loss=0.10726574362660446
2019-01-18 14:48:12,470 43 loss=0.10495635186426655
2019-01-18 14:48:12,471 44 loss=0.10273178095665073
2019-01-18 14:48:12,472 45 loss=0.10058699333360462
2019-01-18 14:48:12,472 46 loss=0.09851734690527386
2019-01-18 14:48:12,473 47 loss=0.09651855205901111
2019-01-18 14:48:12,473 48 loss=0.0945866352508078
2019-01-18 14:48:12,474 49 loss=0.0927179080767314
2019-01-18 14:48:12,474 50 loss=0.09090894087633151
2019-01-18 14:48:12,474 
*** Major Checkpoint. Computing Stats and Saving
2019-01-18 14:48:12,474 	 Computing Major Stats lazily... 
2019-01-18 14:48:12,475 		 Completed edges=132 good=132 bad=0
2019-01-18 14:48:12,477 Distortion avg=0.2566942757551784 wc=3.636820136507075 me=1.4029640776132863 mc=2.5922403820160604 nan_elements=0
2019-01-18 14:48:12,477 MAP = 0.967962962962963
2019-01-18 14:48:12,477 scale=[array([1.])]
2019-01-18 14:48:12,477 *** End Major Checkpoint

2019-01-18 14:48:12,477 final loss=0.09090894087633151
2019-01-18 14:48:12,477 best loss=0.09090894087633151, distortion=0.2566942757551784, map=0.967962962962963, wc_dist=3.636820136507075
2019-01-18 14:48:12,478 	 Computing Major Stats lazily... 
2019-01-18 14:48:12,478 		 Completed edges=132 good=132 bad=0
2019-01-18 14:48:12,480 Distortion avg=0.2566942757551784 wc=3.636820136507075 me=1.4029640776132863 mc=2.5922403820160604 nan_elements=0
2019-01-18 14:48:12,480 MAP = 0.967962962962963
2019-01-18 14:48:12,480 scale=[array([1.])]
