2019-01-18 14:50:05,782 Commandline ['pytorch/pytorch_hyperbolic.py', 'learn', 'data/edges/parsing/ewt/ewt_dev/1332.edges', '--dim', '0', '--hyp', '0', '--edim', '10', '--euc', '1', '--sdim', '0', '--sph', '0', '--log-name', 'ewt_devr2/1332.edges.E10-1.lr1.log', '--batch-size', '65536', '--epochs', '50', '--checkpoint-freq', '10', '-g', '--subsample', '1024', '--learning-rate', '1']
2019-01-18 14:50:05,782 No Model Save selected!
2019-01-18 14:50:05,783 Loaded Graph data/edges/parsing/ewt/ewt_dev/1332.edges with 24 nodes scale=1.0
2019-01-18 14:50:05,783 Building dataset
2019-01-18 14:50:05,784 Subsample: 24 points with scale 1.0 subsample=23
2019-01-18 14:50:05,811 Built Data Sampler
2019-01-18 14:50:05,812 Creating a fresh model warm_start?=None
2019-01-18 14:50:05,812 	 Warmstarting? None None 24
2019-01-18 14:50:05,812 Embedding() torch.Size([24, 10])
2019-01-18 14:50:05,812 relative No Rescale
2019-01-18 14:50:05,813 Constructed model with dim=0 and epochs=0 isnan=False
2019-01-18 14:50:05,813 SGD (
Parameter Group 0
    dampening: 0
    initial_lr: 0.1
    lr: 1.0
    momentum: 0.0
    nesterov: False
    weight_decay: 0

Parameter Group 1
    dampening: 0
    initial_lr: 0.1
    lr: 1.0
    momentum: 0.0
    nesterov: False
    weight_decay: 0

Parameter Group 2
    dampening: 0
    initial_lr: 0.1
    lr: 1.0
    momentum: 0.0
    nesterov: False
    weight_decay: 0

Parameter Group 3
    dampening: 0
    initial_lr: 0.0001
    lr: 0.001
    momentum: 0.0
    nesterov: False
    weight_decay: 0
)
2019-01-18 14:50:05,813 *** Initial Checkpoint. Computing Stats
2019-01-18 14:50:05,813 	 Computing Major Stats lazily... 
2019-01-18 14:50:05,816 		 Completed edges=552 good=552 bad=0
2019-01-18 14:50:05,819 Distortion avg=0.998250690878978 wc=16.808929989995477 me=0.005982886981094694 mc=2809.5015070667323 nan_elements=0
2019-01-18 14:50:05,819 MAP = 0.2162909053383145
2019-01-18 14:50:05,820 scale=[array([1.])]
2019-01-18 14:50:05,820 *** End Initial Checkpoint

2019-01-18 14:50:05,881 1 loss=0.9965053838839508
2019-01-18 14:50:05,882 2 loss=0.9414809715750426
2019-01-18 14:50:05,883 3 loss=0.8892885928053518
2019-01-18 14:50:05,884 4 loss=0.8415706086859457
2019-01-18 14:50:05,885 5 loss=0.7981019981956857
2019-01-18 14:50:05,885 6 loss=0.7584910266716092
2019-01-18 14:50:05,886 7 loss=0.7223417367589526
2019-01-18 14:50:05,887 8 loss=0.6892870221998135
2019-01-18 14:50:05,888 9 loss=0.6589960401212537
2019-01-18 14:50:05,889 10 loss=0.6311742023028167
2019-01-18 14:50:05,889 
*** Major Checkpoint. Computing Stats and Saving
2019-01-18 14:50:05,889 	 Computing Major Stats lazily... 
2019-01-18 14:50:05,891 		 Completed edges=552 good=552 bad=0
2019-01-18 14:50:05,895 Distortion avg=0.7586725585454844 wc=14.658998376426132 me=0.8610296262795605 mc=17.02496398383698 nan_elements=0
2019-01-18 14:50:05,895 MAP = 0.08410084537195144
2019-01-18 14:50:05,895 scale=[array([1.])]
2019-01-18 14:50:05,895 *** End Major Checkpoint

2019-01-18 14:50:05,896 11 loss=0.6055607004361115
2019-01-18 14:50:05,896 12 loss=0.5819252653478839
2019-01-18 14:50:05,897 13 loss=0.5600648218136862
2019-01-18 14:50:05,898 14 loss=0.5398003087771814
2019-01-18 14:50:05,899 15 loss=0.5209737698779621
2019-01-18 14:50:05,900 16 loss=0.5034457450380986
2019-01-18 14:50:05,901 17 loss=0.4870929596058656
2019-01-18 14:50:05,901 18 loss=0.47180629206434654
2019-01-18 14:50:05,902 19 loss=0.45748899504187684
2019-01-18 14:50:05,903 20 loss=0.444055142721684
2019-01-18 14:50:05,903 
*** Major Checkpoint. Computing Stats and Saving
2019-01-18 14:50:05,903 	 Computing Major Stats lazily... 
2019-01-18 14:50:05,905 		 Completed edges=552 good=552 bad=0
2019-01-18 14:50:05,909 Distortion avg=0.6255758938666571 wc=12.704406401014039 me=1.3370054487856122 mc=9.502135097918497 nan_elements=0
2019-01-18 14:50:05,909 MAP = 0.09059244510590168
2019-01-18 14:50:05,909 scale=[array([1.])]
2019-01-18 14:50:05,909 *** End Major Checkpoint

2019-01-18 14:50:05,910 21 loss=0.4314282784240493
2019-01-18 14:50:05,911 22 loss=0.41954023791690126
2019-01-18 14:50:05,912 23 loss=0.4083301262559629
2019-01-18 14:50:05,913 24 loss=0.39774342831876114
2019-01-18 14:50:05,914 25 loss=0.3877312354966353
2019-01-18 14:50:05,915 26 loss=0.3782495731547189
2019-01-18 14:50:05,916 27 loss=0.3692588154219924
2019-01-18 14:50:05,917 28 loss=0.36072317562065565
2019-01-18 14:50:05,918 29 loss=0.3526102621906073
2019-01-18 14:50:05,919 30 loss=0.3448906913232259
2019-01-18 14:50:05,919 
*** Major Checkpoint. Computing Stats and Saving
2019-01-18 14:50:05,919 	 Computing Major Stats lazily... 
2019-01-18 14:50:05,921 		 Completed edges=552 good=552 bad=0
2019-01-18 14:50:05,925 Distortion avg=0.5522961591567608 wc=11.19695256722946 me=1.5887884315243082 mc=7.0474786605079505 nan_elements=0
2019-01-18 14:50:05,925 MAP = 0.11163941883930693
2019-01-18 14:50:05,925 scale=[array([1.])]
2019-01-18 14:50:05,925 *** End Major Checkpoint

2019-01-18 14:50:05,926 31 loss=0.33753774870518843
2019-01-18 14:50:05,927 32 loss=0.33052709380530015
2019-01-18 14:50:05,928 33 loss=0.32383650103260514
2019-01-18 14:50:05,929 34 loss=0.31744563286886635
2019-01-18 14:50:05,930 35 loss=0.31133584074794324
2019-01-18 14:50:05,931 36 loss=0.3054899900323264
2019-01-18 14:50:05,932 37 loss=0.2998923059352369
2019-01-18 14:50:05,932 38 loss=0.2945282376660066
2019-01-18 14:50:05,933 39 loss=0.2893843384463003
2019-01-18 14:50:05,934 40 loss=0.28444815936333356
2019-01-18 14:50:05,934 
*** Major Checkpoint. Computing Stats and Saving
2019-01-18 14:50:05,934 	 Computing Major Stats lazily... 
2019-01-18 14:50:05,937 		 Completed edges=552 good=552 bad=0
2019-01-18 14:50:05,941 Distortion avg=0.494830857920001 wc=10.047609826946832 me=1.7184540338618535 mc=5.846888906517333 nan_elements=0
2019-01-18 14:50:05,941 MAP = 0.14717422453188225
2019-01-18 14:50:05,941 scale=[array([1.])]
2019-01-18 14:50:05,941 *** End Major Checkpoint

2019-01-18 14:50:05,942 41 loss=0.279708155300656
2019-01-18 14:50:05,943 42 loss=0.2751536014235009
2019-01-18 14:50:05,944 43 loss=0.2707745188994163
2019-01-18 14:50:05,944 44 loss=0.26656160871050927
2019-01-18 14:50:05,945 45 loss=0.2625061925650528
2019-01-18 14:50:05,946 46 loss=0.25860016004684316
2019-01-18 14:50:05,947 47 loss=0.2548359212534378
2019-01-18 14:50:05,948 48 loss=0.25120636427176396
2019-01-18 14:50:05,949 49 loss=0.2477048169237081
2019-01-18 14:50:05,949 50 loss=0.24432501228700598
2019-01-18 14:50:05,949 
*** Major Checkpoint. Computing Stats and Saving
2019-01-18 14:50:05,950 	 Computing Major Stats lazily... 
2019-01-18 14:50:05,952 		 Completed edges=552 good=552 bad=0
2019-01-18 14:50:05,955 Distortion avg=0.44933613639867054 wc=9.145326778350336 me=1.7794978299831508 mc=5.139273914392427 nan_elements=0
2019-01-18 14:50:05,956 MAP = 0.18956560918889187
2019-01-18 14:50:05,956 scale=[array([1.])]
2019-01-18 14:50:05,956 *** End Major Checkpoint

2019-01-18 14:50:05,956 final loss=0.24432501228700598
2019-01-18 14:50:05,956 best loss=0.24432501228700598, distortion=0.44933613639867054, map=0.18956560918889187, wc_dist=9.145326778350336
2019-01-18 14:50:05,956 	 Computing Major Stats lazily... 
2019-01-18 14:50:05,958 		 Completed edges=552 good=552 bad=0
2019-01-18 14:50:05,962 Distortion avg=0.4493361363986704 wc=9.145326778350336 me=1.7794978299831508 mc=5.139273914392427 nan_elements=0
2019-01-18 14:50:05,962 MAP = 0.18956560918889187
2019-01-18 14:50:05,962 scale=[array([1.])]
