2019-01-18 14:52:21,784 Commandline ['pytorch/pytorch_hyperbolic.py', 'learn', 'data/edges/parsing/ewt/ewt_dev/1335.edges', '--dim', '0', '--hyp', '0', '--edim', '10', '--euc', '1', '--sdim', '0', '--sph', '0', '--log-name', 'ewt_devr2/1335.edges.E10-1.lr1.log', '--batch-size', '65536', '--epochs', '50', '--checkpoint-freq', '10', '-g', '--subsample', '1024', '--learning-rate', '1']
2019-01-18 14:52:21,784 No Model Save selected!
2019-01-18 14:52:21,786 Loaded Graph data/edges/parsing/ewt/ewt_dev/1335.edges with 21 nodes scale=1.0
2019-01-18 14:52:21,786 Building dataset
2019-01-18 14:52:21,787 Subsample: 21 points with scale 1.0 subsample=20
2019-01-18 14:52:21,809 Built Data Sampler
2019-01-18 14:52:21,809 Creating a fresh model warm_start?=None
2019-01-18 14:52:21,809 	 Warmstarting? None None 21
2019-01-18 14:52:21,809 Embedding() torch.Size([21, 10])
2019-01-18 14:52:21,810 relative No Rescale
2019-01-18 14:52:21,810 Constructed model with dim=0 and epochs=0 isnan=False
2019-01-18 14:52:21,810 SGD (
Parameter Group 0
    dampening: 0
    initial_lr: 0.1
    lr: 1.0
    momentum: 0.0
    nesterov: False
    weight_decay: 0

Parameter Group 1
    dampening: 0
    initial_lr: 0.1
    lr: 1.0
    momentum: 0.0
    nesterov: False
    weight_decay: 0

Parameter Group 2
    dampening: 0
    initial_lr: 0.1
    lr: 1.0
    momentum: 0.0
    nesterov: False
    weight_decay: 0

Parameter Group 3
    dampening: 0
    initial_lr: 0.0001
    lr: 0.001
    momentum: 0.0
    nesterov: False
    weight_decay: 0
)
2019-01-18 14:52:21,810 *** Initial Checkpoint. Computing Stats
2019-01-18 14:52:21,810 	 Computing Major Stats lazily... 
2019-01-18 14:52:21,812 		 Completed edges=420 good=420 bad=0
2019-01-18 14:52:21,816 Distortion avg=0.9983090833894362 wc=13.925411517437373 me=0.006196519622161948 mc=2247.2956379631114 nan_elements=0
2019-01-18 14:52:21,816 MAP = 0.14699898996117478
2019-01-18 14:52:21,816 scale=[array([1.])]
2019-01-18 14:52:21,816 *** End Initial Checkpoint

2019-01-18 14:52:21,873 1 loss=0.9966223185780083
2019-01-18 14:52:21,874 2 loss=0.9353316309479863
2019-01-18 14:52:21,875 3 loss=0.8786570481067622
2019-01-18 14:52:21,876 4 loss=0.827871515302035
2019-01-18 14:52:21,876 5 loss=0.7824709323184006
2019-01-18 14:52:21,877 6 loss=0.741844585981366
2019-01-18 14:52:21,878 7 loss=0.7054158177082138
2019-01-18 14:52:21,878 8 loss=0.6726675138996128
2019-01-18 14:52:21,879 9 loss=0.6431443993741953
2019-01-18 14:52:21,880 10 loss=0.6164489020508052
2019-01-18 14:52:21,880 
*** Major Checkpoint. Computing Stats and Saving
2019-01-18 14:52:21,880 	 Computing Major Stats lazily... 
2019-01-18 14:52:21,882 		 Completed edges=420 good=420 bad=0
2019-01-18 14:52:21,885 Distortion avg=0.7427618906690213 wc=22.05702314705616 me=1.0691011414712066 mc=20.631371805199972 nan_elements=0
2019-01-18 14:52:21,885 MAP = 0.08709796904216778
2019-01-18 14:52:21,885 scale=[array([1.])]
2019-01-18 14:52:21,885 *** End Major Checkpoint

2019-01-18 14:52:21,886 11 loss=0.5922352206106662
2019-01-18 14:52:21,887 12 loss=0.5702031650532645
2019-01-18 14:52:21,888 13 loss=0.5500923472960667
2019-01-18 14:52:21,888 14 loss=0.5316769238244433
2019-01-18 14:52:21,889 15 loss=0.5147609374525107
2019-01-18 14:52:21,890 16 loss=0.4991742390581762
2019-01-18 14:52:21,890 17 loss=0.48476894286015604
2019-01-18 14:52:21,891 18 loss=0.4714163594792282
2019-01-18 14:52:21,892 19 loss=0.4590043501819867
2019-01-18 14:52:21,893 20 loss=0.4474350487949832
2019-01-18 14:52:21,893 
*** Major Checkpoint. Computing Stats and Saving
2019-01-18 14:52:21,893 	 Computing Major Stats lazily... 
2019-01-18 14:52:21,895 		 Completed edges=420 good=420 bad=0
2019-01-18 14:52:21,898 Distortion avg=0.6306253531607808 wc=17.628962112869274 me=1.51245154162449 mc=11.655885578941858 nan_elements=0
2019-01-18 14:52:21,898 MAP = 0.09109419727896066
2019-01-18 14:52:21,898 scale=[array([1.])]
2019-01-18 14:52:21,898 *** End Major Checkpoint

2019-01-18 14:52:21,899 21 loss=0.4366229025380648
2019-01-18 14:52:21,900 22 loss=0.4264929883118323
2019-01-18 14:52:21,900 23 loss=0.4169795662078253
2019-01-18 14:52:21,901 24 loss=0.4080248369116694
2019-01-18 14:52:21,902 25 loss=0.39957787411841855
2019-01-18 14:52:21,902 26 loss=0.39159370704021973
2019-01-18 14:52:21,903 27 loss=0.3840325315683911
2019-01-18 14:52:21,904 28 loss=0.37685903168666013
2019-01-18 14:52:21,905 29 loss=0.37004179536106035
2019-01-18 14:52:21,905 30 loss=0.36355281139921064
2019-01-18 14:52:21,905 
*** Major Checkpoint. Computing Stats and Saving
2019-01-18 14:52:21,906 	 Computing Major Stats lazily... 
2019-01-18 14:52:21,907 		 Completed edges=420 good=420 bad=0
2019-01-18 14:52:21,910 Distortion avg=0.5707163293768206 wc=14.199539314443152 me=1.6589806727412653 mc=8.559195141785544 nan_elements=0
2019-01-18 14:52:21,910 MAP = 0.10670560133021431
2019-01-18 14:52:21,911 scale=[array([1.])]
2019-01-18 14:52:21,911 *** End Major Checkpoint

2019-01-18 14:52:21,911 31 loss=0.35736703572090434
2019-01-18 14:52:21,912 32 loss=0.3514620171538015
2019-01-18 14:52:21,913 33 loss=0.34581757429957577
2019-01-18 14:52:21,914 34 loss=0.3404155162401426
2019-01-18 14:52:21,914 35 loss=0.33523940089968235
2019-01-18 14:52:21,915 36 loss=0.33027432577152116
2019-01-18 14:52:21,916 37 loss=0.3255067464815494
2019-01-18 14:52:21,917 38 loss=0.3209243193108152
2019-01-18 14:52:21,917 39 loss=0.31651576435555184
2019-01-18 14:52:21,918 40 loss=0.31227074647723996
2019-01-18 14:52:21,918 
*** Major Checkpoint. Computing Stats and Saving
2019-01-18 14:52:21,918 	 Computing Major Stats lazily... 
2019-01-18 14:52:21,920 		 Completed edges=420 good=420 bad=0
2019-01-18 14:52:21,923 Distortion avg=0.5218304747316868 wc=11.698378570719745 me=1.678909176770252 mc=6.9678447962409304 nan_elements=0
2019-01-18 14:52:21,923 MAP = 0.1446794189192464
2019-01-18 14:52:21,923 scale=[array([1.])]
2019-01-18 14:52:21,924 *** End Major Checkpoint

2019-01-18 14:52:21,924 41 loss=0.30817977160034854
2019-01-18 14:52:21,925 42 loss=0.3042340962614001
2019-01-18 14:52:21,926 43 loss=0.30042564860869475
2019-01-18 14:52:21,927 44 loss=0.29674695930485834
2019-01-18 14:52:21,928 45 loss=0.2931911010006835
2019-01-18 14:52:21,928 46 loss=0.28975163523390396
2019-01-18 14:52:21,929 47 loss=0.2864225657651772
2019-01-18 14:52:21,930 48 loss=0.28319829749953906
2019-01-18 14:52:21,930 49 loss=0.28007360025827494
2019-01-18 14:52:21,931 50 loss=0.277043576766331
2019-01-18 14:52:21,931 
*** Major Checkpoint. Computing Stats and Saving
2019-01-18 14:52:21,931 	 Computing Major Stats lazily... 
2019-01-18 14:52:21,933 		 Completed edges=420 good=420 bad=0
2019-01-18 14:52:21,936 Distortion avg=0.4821824630625607 wc=10.590220692248227 me=1.7691264866290466 mc=5.98612974950547 nan_elements=0
2019-01-18 14:52:21,936 MAP = 0.19632078642195847
2019-01-18 14:52:21,936 scale=[array([1.])]
2019-01-18 14:52:21,937 *** End Major Checkpoint

2019-01-18 14:52:21,937 final loss=0.277043576766331
2019-01-18 14:52:21,937 best loss=0.277043576766331, distortion=0.4821824630625607, map=0.19632078642195847, wc_dist=10.590220692248227
2019-01-18 14:52:21,937 	 Computing Major Stats lazily... 
2019-01-18 14:52:21,938 		 Completed edges=420 good=420 bad=0
2019-01-18 14:52:21,942 Distortion avg=0.48218246306256163 wc=10.590220692248227 me=1.7691264866290466 mc=5.98612974950547 nan_elements=0
2019-01-18 14:52:21,942 MAP = 0.19632078642195847
2019-01-18 14:52:21,942 scale=[array([1.])]
