2019-01-18 14:53:45,519 Commandline ['pytorch/pytorch_hyperbolic.py', 'learn', 'data/edges/parsing/ewt/ewt_dev/1339.edges', '--dim', '0', '--hyp', '0', '--edim', '10', '--euc', '1', '--sdim', '0', '--sph', '0', '--log-name', 'ewt_devr2/1339.edges.E10-1.lr1.log', '--batch-size', '65536', '--epochs', '50', '--checkpoint-freq', '10', '-g', '--subsample', '1024', '--learning-rate', '1']
2019-01-18 14:53:45,520 No Model Save selected!
2019-01-18 14:53:45,521 Loaded Graph data/edges/parsing/ewt/ewt_dev/1339.edges with 28 nodes scale=1.0
2019-01-18 14:53:45,521 Building dataset
2019-01-18 14:53:45,521 Subsample: 28 points with scale 1.0 subsample=27
2019-01-18 14:53:45,557 Built Data Sampler
2019-01-18 14:53:45,557 Creating a fresh model warm_start?=None
2019-01-18 14:53:45,557 	 Warmstarting? None None 28
2019-01-18 14:53:45,558 Embedding() torch.Size([28, 10])
2019-01-18 14:53:45,558 relative No Rescale
2019-01-18 14:53:45,558 Constructed model with dim=0 and epochs=0 isnan=False
2019-01-18 14:53:45,558 SGD (
Parameter Group 0
    dampening: 0
    initial_lr: 0.1
    lr: 1.0
    momentum: 0.0
    nesterov: False
    weight_decay: 0

Parameter Group 1
    dampening: 0
    initial_lr: 0.1
    lr: 1.0
    momentum: 0.0
    nesterov: False
    weight_decay: 0

Parameter Group 2
    dampening: 0
    initial_lr: 0.1
    lr: 1.0
    momentum: 0.0
    nesterov: False
    weight_decay: 0

Parameter Group 3
    dampening: 0
    initial_lr: 0.0001
    lr: 0.001
    momentum: 0.0
    nesterov: False
    weight_decay: 0
)
2019-01-18 14:53:45,558 *** Initial Checkpoint. Computing Stats
2019-01-18 14:53:45,558 	 Computing Major Stats lazily... 
2019-01-18 14:53:45,562 		 Completed edges=756 good=756 bad=0
2019-01-18 14:53:45,566 Distortion avg=0.998422156854024 wc=20.029871463106442 me=0.005941110731069004 mc=3371.4018084800787 nan_elements=0
2019-01-18 14:53:45,566 MAP = 0.13358604447185876
2019-01-18 14:53:45,567 scale=[array([1.])]
2019-01-18 14:53:45,567 *** End Initial Checkpoint

2019-01-18 14:53:45,625 1 loss=0.9968478500581947
2019-01-18 14:53:45,626 2 loss=0.957937065831703
2019-01-18 14:53:45,627 3 loss=0.9204876978053088
2019-01-18 14:53:45,628 4 loss=0.8854276634418127
2019-01-18 14:53:45,629 5 loss=0.8527063490709442
2019-01-18 14:53:45,630 6 loss=0.822177480704056
2019-01-18 14:53:45,631 7 loss=0.7936799800737014
2019-01-18 14:53:45,632 8 loss=0.7670562055935192
2019-01-18 14:53:45,633 9 loss=0.7421575093751128
2019-01-18 14:53:45,634 10 loss=0.7188459306703674
2019-01-18 14:53:45,634 
*** Major Checkpoint. Computing Stats and Saving
2019-01-18 14:53:45,634 	 Computing Major Stats lazily... 
2019-01-18 14:53:45,637 		 Completed edges=756 good=756 bad=0
2019-01-18 14:53:45,642 Distortion avg=0.8226658919137954 wc=26.629026561780822 me=0.7927713371752912 mc=33.58979482868567 nan_elements=0
2019-01-18 14:53:45,642 MAP = 0.0680678080876643
2019-01-18 14:53:45,643 scale=[array([1.])]
2019-01-18 14:53:45,643 *** End Major Checkpoint

2019-01-18 14:53:45,644 11 loss=0.6969944394356377
2019-01-18 14:53:45,645 12 loss=0.6764865766259893
2019-01-18 14:53:45,645 13 loss=0.6572158387610377
2019-01-18 14:53:45,646 14 loss=0.6390849648734602
2019-01-18 14:53:45,647 15 loss=0.622005202497105
2019-01-18 14:53:45,648 16 loss=0.6058955909718674
2019-01-18 14:53:45,649 17 loss=0.5906822809990553
2019-01-18 14:53:45,650 18 loss=0.5762978991516577
2019-01-18 14:53:45,651 19 loss=0.562680960464013
2019-01-18 14:53:45,652 20 loss=0.5497753291394727
2019-01-18 14:53:45,652 
*** Major Checkpoint. Computing Stats and Saving
2019-01-18 14:53:45,652 	 Computing Major Stats lazily... 
2019-01-18 14:53:45,655 		 Completed edges=756 good=756 bad=0
2019-01-18 14:53:45,659 Distortion avg=0.7037974303814347 wc=23.051749221705492 me=1.2571995653070187 mc=18.33579159413411 nan_elements=0
2019-01-18 14:53:45,660 MAP = 0.06972721836623678
2019-01-18 14:53:45,660 scale=[array([1.])]
2019-01-18 14:53:45,660 *** End Major Checkpoint

2019-01-18 14:53:45,661 21 loss=0.5375297257201739
2019-01-18 14:53:45,662 22 loss=0.5258972781679536
2019-01-18 14:53:45,663 23 loss=0.5148351138789063
2019-01-18 14:53:45,664 24 loss=0.5043039895049631
2019-01-18 14:53:45,665 25 loss=0.49426795547064534
2019-01-18 14:53:45,665 26 loss=0.48469405218308564
2019-01-18 14:53:45,666 27 loss=0.4755520350961299
2019-01-18 14:53:45,667 28 loss=0.46681412597855604
2019-01-18 14:53:45,668 29 loss=0.4584547879358021
2019-01-18 14:53:45,669 30 loss=0.45045052193394086
2019-01-18 14:53:45,669 
*** Major Checkpoint. Computing Stats and Saving
2019-01-18 14:53:45,669 	 Computing Major Stats lazily... 
2019-01-18 14:53:45,672 		 Completed edges=756 good=756 bad=0
2019-01-18 14:53:45,676 Distortion avg=0.637512825116505 wc=19.961986997801155 me=1.5038950665219915 mc=13.273523826344205 nan_elements=0
2019-01-18 14:53:45,676 MAP = 0.07697824403276253
2019-01-18 14:53:45,677 scale=[array([1.])]
2019-01-18 14:53:45,677 *** End Major Checkpoint

2019-01-18 14:53:45,678 31 loss=0.4427796827678658
2019-01-18 14:53:45,679 32 loss=0.4354223125991672
2019-01-18 14:53:45,680 33 loss=0.42835999036106825
2019-01-18 14:53:45,681 34 loss=0.42157569548722706
2019-01-18 14:53:45,681 35 loss=0.4150536845680033
2019-01-18 14:53:45,682 36 loss=0.40877937967223454
2019-01-18 14:53:45,683 37 loss=0.40273926719518127
2019-01-18 14:53:45,684 38 loss=0.39692080620477804
2019-01-18 14:53:45,685 39 loss=0.3913123453594239
2019-01-18 14:53:45,686 40 loss=0.38590304756204163
2019-01-18 14:53:45,686 
*** Major Checkpoint. Computing Stats and Saving
2019-01-18 14:53:45,686 	 Computing Major Stats lazily... 
2019-01-18 14:53:45,689 		 Completed edges=756 good=756 bad=0
2019-01-18 14:53:45,693 Distortion avg=0.5875802132988488 wc=17.79478457429127 me=1.651958024748059 mc=10.771935065968256 nan_elements=0
2019-01-18 14:53:45,693 MAP = 0.09643026521599794
2019-01-18 14:53:45,693 scale=[array([1.])]
2019-01-18 14:53:45,693 *** End Major Checkpoint

2019-01-18 14:53:45,694 41 loss=0.3806828215978327
2019-01-18 14:53:45,695 42 loss=0.3756422600777791
2019-01-18 14:53:45,696 43 loss=0.3707725830772563
2019-01-18 14:53:45,697 44 loss=0.36606558691974084
2019-01-18 14:53:45,698 45 loss=0.3615135976102184
2019-01-18 14:53:45,699 46 loss=0.3571094284720303
2019-01-18 14:53:45,700 47 loss=0.3528463415851253
2019-01-18 14:53:45,701 48 loss=0.34871801266345775
2019-01-18 14:53:45,702 49 loss=0.3447184990450539
2019-01-18 14:53:45,703 50 loss=0.34084221050043734
2019-01-18 14:53:45,703 
*** Major Checkpoint. Computing Stats and Saving
2019-01-18 14:53:45,703 	 Computing Major Stats lazily... 
2019-01-18 14:53:45,706 		 Completed edges=756 good=756 bad=0
2019-01-18 14:53:45,710 Distortion avg=0.5454146663896247 wc=16.451753865372908 me=1.7714464219098423 mc=9.287186821962047 nan_elements=0
2019-01-18 14:53:45,710 MAP = 0.12109083388813648
2019-01-18 14:53:45,711 scale=[array([1.])]
2019-01-18 14:53:45,711 *** End Major Checkpoint

2019-01-18 14:53:45,711 final loss=0.34084221050043734
2019-01-18 14:53:45,711 best loss=0.34084221050043734, distortion=0.5454146663896247, map=0.12109083388813648, wc_dist=16.451753865372908
2019-01-18 14:53:45,711 	 Computing Major Stats lazily... 
2019-01-18 14:53:45,714 		 Completed edges=756 good=756 bad=0
2019-01-18 14:53:45,718 Distortion avg=0.5454146663896252 wc=16.451753865372908 me=1.7714464219098423 mc=9.287186821962047 nan_elements=0
2019-01-18 14:53:45,718 MAP = 0.12109083388813646
2019-01-18 14:53:45,718 scale=[array([1.])]
