2019-01-18 14:53:39,362 Commandline ['pytorch/pytorch_hyperbolic.py', 'learn', 'data/edges/parsing/ewt/ewt_dev/1340.edges', '--dim', '0', '--hyp', '0', '--edim', '10', '--euc', '1', '--sdim', '0', '--sph', '0', '--log-name', 'ewt_devr2/1340.edges.E10-1.lr1.log', '--batch-size', '65536', '--epochs', '50', '--checkpoint-freq', '10', '-g', '--subsample', '1024', '--learning-rate', '1']
2019-01-18 14:53:39,363 No Model Save selected!
2019-01-18 14:53:39,364 Loaded Graph data/edges/parsing/ewt/ewt_dev/1340.edges with 14 nodes scale=1.0
2019-01-18 14:53:39,365 Building dataset
2019-01-18 14:53:39,365 Subsample: 14 points with scale 1.0 subsample=13
2019-01-18 14:53:39,377 Built Data Sampler
2019-01-18 14:53:39,377 Creating a fresh model warm_start?=None
2019-01-18 14:53:39,377 	 Warmstarting? None None 14
2019-01-18 14:53:39,378 Embedding() torch.Size([14, 10])
2019-01-18 14:53:39,378 relative No Rescale
2019-01-18 14:53:39,378 Constructed model with dim=0 and epochs=0 isnan=False
2019-01-18 14:53:39,378 SGD (
Parameter Group 0
    dampening: 0
    initial_lr: 0.1
    lr: 1.0
    momentum: 0.0
    nesterov: False
    weight_decay: 0

Parameter Group 1
    dampening: 0
    initial_lr: 0.1
    lr: 1.0
    momentum: 0.0
    nesterov: False
    weight_decay: 0

Parameter Group 2
    dampening: 0
    initial_lr: 0.1
    lr: 1.0
    momentum: 0.0
    nesterov: False
    weight_decay: 0

Parameter Group 3
    dampening: 0
    initial_lr: 0.0001
    lr: 0.001
    momentum: 0.0
    nesterov: False
    weight_decay: 0
)
2019-01-18 14:53:39,379 *** Initial Checkpoint. Computing Stats
2019-01-18 14:53:39,379 	 Computing Major Stats lazily... 
2019-01-18 14:53:39,380 		 Completed edges=182 good=182 bad=0
2019-01-18 14:53:39,382 Distortion avg=0.998124433723767 wc=8.385362095698763 me=0.005629952124847547 mc=1489.4197871932756 nan_elements=0
2019-01-18 14:53:39,382 MAP = 0.35928519892805605
2019-01-18 14:53:39,383 scale=[array([1.])]
2019-01-18 14:53:39,383 *** End Initial Checkpoint

2019-01-18 14:53:39,439 1 loss=0.996253584991126
2019-01-18 14:53:39,440 2 loss=0.8781394877170855
2019-01-18 14:53:39,441 3 loss=0.7780109684186824
2019-01-18 14:53:39,441 4 loss=0.6970402810662375
2019-01-18 14:53:39,442 5 loss=0.6315914039745579
2019-01-18 14:53:39,442 6 loss=0.5783806458779163
2019-01-18 14:53:39,443 7 loss=0.5347650366135923
2019-01-18 14:53:39,443 8 loss=0.4986759632471983
2019-01-18 14:53:39,444 9 loss=0.4685089568302977
2019-01-18 14:53:39,445 10 loss=0.44302255839836524
2019-01-18 14:53:39,445 
*** Major Checkpoint. Computing Stats and Saving
2019-01-18 14:53:39,445 	 Computing Major Stats lazily... 
2019-01-18 14:53:39,446 		 Completed edges=182 good=182 bad=0
2019-01-18 14:53:39,448 Distortion avg=0.5994280423541567 wc=10.587964828725896 me=1.2767892609966267 mc=8.292648718286697 nan_elements=0
2019-01-18 14:53:39,448 MAP = 0.1423028690885834
2019-01-18 14:53:39,448 scale=[array([1.])]
2019-01-18 14:53:39,448 *** End Major Checkpoint

2019-01-18 14:53:39,449 11 loss=0.4212556386117998
2019-01-18 14:53:39,449 12 loss=0.40246249231076997
2019-01-18 14:53:39,450 13 loss=0.38606275723997086
2019-01-18 14:53:39,450 14 loss=0.37160306467408416
2019-01-18 14:53:39,451 15 loss=0.3587277609933404
2019-01-18 14:53:39,452 16 loss=0.34715656551045265
2019-01-18 14:53:39,452 17 loss=0.3366675053089092
2019-01-18 14:53:39,453 18 loss=0.32708385745770346
2019-01-18 14:53:39,453 19 loss=0.3182641346859616
2019-01-18 14:53:39,454 20 loss=0.3100943853160339
2019-01-18 14:53:39,454 
*** Major Checkpoint. Computing Stats and Saving
2019-01-18 14:53:39,454 	 Computing Major Stats lazily... 
2019-01-18 14:53:39,455 		 Completed edges=182 good=182 bad=0
2019-01-18 14:53:39,457 Distortion avg=0.5177274112556975 wc=8.30963515130152 me=1.5580609530827794 mc=5.3333184012217725 nan_elements=0
2019-01-18 14:53:39,457 MAP = 0.20924809317666462
2019-01-18 14:53:39,458 scale=[array([1.])]
2019-01-18 14:53:39,458 *** End Major Checkpoint

2019-01-18 14:53:39,458 21 loss=0.3024822563958434
2019-01-18 14:53:39,459 22 loss=0.29535240338072694
2019-01-18 14:53:39,459 23 loss=0.2886429308642798
2019-01-18 14:53:39,460 24 loss=0.2823026249362926
2019-01-18 14:53:39,461 25 loss=0.276288795013953
2019-01-18 14:53:39,461 26 loss=0.27056558617446763
2019-01-18 14:53:39,462 27 loss=0.2651026556529882
2019-01-18 14:53:39,462 28 loss=0.2598741319015782
2019-01-18 14:53:39,463 29 loss=0.25485779340254555
2019-01-18 14:53:39,463 30 loss=0.25003441876097
2019-01-18 14:53:39,464 
*** Major Checkpoint. Computing Stats and Saving
2019-01-18 14:53:39,464 	 Computing Major Stats lazily... 
2019-01-18 14:53:39,465 		 Completed edges=182 good=182 bad=0
2019-01-18 14:53:39,467 Distortion avg=0.45727219203616254 wc=6.899529533800678 me=1.619547488550379 mc=4.260158829906429 nan_elements=0
2019-01-18 14:53:39,467 MAP = 0.33264120799835084
2019-01-18 14:53:39,467 scale=[array([1.])]
2019-01-18 14:53:39,467 *** End Major Checkpoint

2019-01-18 14:53:39,468 31 loss=0.24538727056234244
2019-01-18 14:53:39,468 32 loss=0.24090168389113514
2019-01-18 14:53:39,469 33 loss=0.23656473687878285
2019-01-18 14:53:39,469 34 loss=0.2323649856464534
2019-01-18 14:53:39,470 35 loss=0.22829224987692445
2019-01-18 14:53:39,470 36 loss=0.2243374382539168
2019-01-18 14:53:39,471 37 loss=0.22049240534586093
2019-01-18 14:53:39,472 38 loss=0.2167498333361564
2019-01-18 14:53:39,472 39 loss=0.21310313342942583
2019-01-18 14:53:39,473 40 loss=0.2095463628818292
2019-01-18 14:53:39,473 
*** Major Checkpoint. Computing Stats and Saving
2019-01-18 14:53:39,473 	 Computing Major Stats lazily... 
2019-01-18 14:53:39,474 		 Completed edges=182 good=182 bad=0
2019-01-18 14:53:39,476 Distortion avg=0.4092269743322371 wc=6.031917576179138 me=1.6529638329524035 mc=3.6491527860021997 nan_elements=0
2019-01-18 14:53:39,476 MAP = 0.5155045351473923
2019-01-18 14:53:39,476 scale=[array([1.])]
2019-01-18 14:53:39,476 *** End Major Checkpoint

2019-01-18 14:53:39,477 41 loss=0.20607415448139624
2019-01-18 14:53:39,477 42 loss=0.2026816559940658
2019-01-18 14:53:39,478 43 loss=0.1993644776333308
2019-01-18 14:53:39,478 44 loss=0.19611864603755144
2019-01-18 14:53:39,479 45 loss=0.19294056357364084
2019-01-18 14:53:39,480 46 loss=0.1898269720481027
2019-01-18 14:53:39,480 47 loss=0.18677492011133526
2019-01-18 14:53:39,481 48 loss=0.18378173380056803
2019-01-18 14:53:39,481 49 loss=0.1808449897901575
2019-01-18 14:53:39,482 50 loss=0.17796249101272218
2019-01-18 14:53:39,482 
*** Major Checkpoint. Computing Stats and Saving
2019-01-18 14:53:39,482 	 Computing Major Stats lazily... 
2019-01-18 14:53:39,483 		 Completed edges=182 good=182 bad=0
2019-01-18 14:53:39,485 Distortion avg=0.37334650909265765 wc=5.306699790704759 me=1.64483368285552 mc=3.2262835118332704 nan_elements=0
2019-01-18 14:53:39,485 MAP = 0.7866780045351474
2019-01-18 14:53:39,485 scale=[array([1.])]
2019-01-18 14:53:39,485 *** End Major Checkpoint

2019-01-18 14:53:39,485 final loss=0.17796249101272218
2019-01-18 14:53:39,485 best loss=0.17796249101272218, distortion=0.37334650909265765, map=0.7866780045351474, wc_dist=5.306699790704759
2019-01-18 14:53:39,486 	 Computing Major Stats lazily... 
2019-01-18 14:53:39,486 		 Completed edges=182 good=182 bad=0
2019-01-18 14:53:39,489 Distortion avg=0.3733465090926575 wc=5.306699790704759 me=1.64483368285552 mc=3.2262835118332704 nan_elements=0
2019-01-18 14:53:39,489 MAP = 0.7866780045351474
2019-01-18 14:53:39,489 scale=[array([1.])]
