2019-01-18 14:44:40,443 Commandline ['pytorch/pytorch_hyperbolic.py', 'learn', 'data/edges/parsing/ewt/ewt_dev/1347.edges', '--dim', '0', '--hyp', '0', '--edim', '10', '--euc', '1', '--sdim', '0', '--sph', '0', '--log-name', 'ewt_devr2/1347.edges.E10-1.lr1.log', '--batch-size', '65536', '--epochs', '50', '--checkpoint-freq', '10', '-g', '--subsample', '1024', '--learning-rate', '1']
2019-01-18 14:44:40,443 No Model Save selected!
2019-01-18 14:44:40,445 Loaded Graph data/edges/parsing/ewt/ewt_dev/1347.edges with 5 nodes scale=1.0
2019-01-18 14:44:40,445 Building dataset
2019-01-18 14:44:40,445 Subsample: 5 points with scale 1.0 subsample=4
2019-01-18 14:44:40,449 Built Data Sampler
2019-01-18 14:44:40,449 Creating a fresh model warm_start?=None
2019-01-18 14:44:40,449 	 Warmstarting? None None 5
2019-01-18 14:44:40,450 Embedding() torch.Size([5, 10])
2019-01-18 14:44:40,450 relative No Rescale
2019-01-18 14:44:40,450 Constructed model with dim=0 and epochs=0 isnan=False
2019-01-18 14:44:40,450 SGD (
Parameter Group 0
    dampening: 0
    initial_lr: 0.1
    lr: 1.0
    momentum: 0.0
    nesterov: False
    weight_decay: 0

Parameter Group 1
    dampening: 0
    initial_lr: 0.1
    lr: 1.0
    momentum: 0.0
    nesterov: False
    weight_decay: 0

Parameter Group 2
    dampening: 0
    initial_lr: 0.1
    lr: 1.0
    momentum: 0.0
    nesterov: False
    weight_decay: 0

Parameter Group 3
    dampening: 0
    initial_lr: 0.0001
    lr: 0.001
    momentum: 0.0
    nesterov: False
    weight_decay: 0
)
2019-01-18 14:44:40,451 *** Initial Checkpoint. Computing Stats
2019-01-18 14:44:40,451 	 Computing Major Stats lazily... 
2019-01-18 14:44:40,451 		 Completed edges=20 good=20 bad=0
2019-01-18 14:44:40,452 Distortion avg=0.9969002441147186 wc=4.7900427106326955 me=0.005628252251848828 mc=851.0710778926463 nan_elements=0
2019-01-18 14:44:40,452 MAP = 0.6611111111111111
2019-01-18 14:44:40,453 scale=[array([1.])]
2019-01-18 14:44:40,453 *** End Initial Checkpoint

2019-01-18 14:44:40,510 1 loss=0.993812299892074
2019-01-18 14:44:40,511 2 loss=0.35037834422263336
2019-01-18 14:44:40,512 3 loss=0.24634382556406975
2019-01-18 14:44:40,512 4 loss=0.19762130609783943
2019-01-18 14:44:40,512 5 loss=0.16107071683231505
2019-01-18 14:44:40,513 6 loss=0.13244400289502814
2019-01-18 14:44:40,513 7 loss=0.10987192124307428
2019-01-18 14:44:40,514 8 loss=0.09185258314478932
2019-01-18 14:44:40,515 9 loss=0.07726202920209826
2019-01-18 14:44:40,515 10 loss=0.0653302446286079
2019-01-18 14:44:40,515 
*** Major Checkpoint. Computing Stats and Saving
2019-01-18 14:44:40,515 	 Computing Major Stats lazily... 
2019-01-18 14:44:40,516 		 Completed edges=20 good=20 bad=0
2019-01-18 14:44:40,516 Distortion avg=0.21062502675264963 wc=1.9409802338794442 me=1.1398355561772333 mc=1.7028598760237663 nan_elements=0
2019-01-18 14:44:40,516 MAP = 1.0
2019-01-18 14:44:40,517 scale=[array([1.])]
2019-01-18 14:44:40,517 *** End Major Checkpoint

2019-01-18 14:44:40,517 11 loss=0.05552918216253425
2019-01-18 14:44:40,518 12 loss=0.04746806392913702
2019-01-18 14:44:40,518 13 loss=0.04083335688397818
2019-01-18 14:44:40,519 14 loss=0.03536399305357389
2019-01-18 14:44:40,519 15 loss=0.030842572541917745
2019-01-18 14:44:40,519 16 loss=0.02709053409321746
2019-01-18 14:44:40,520 17 loss=0.02396316003182202
2019-01-18 14:44:40,520 18 loss=0.021344128414288507
2019-01-18 14:44:40,521 19 loss=0.019140251696641387
2019-01-18 14:44:40,521 20 loss=0.017276865529257966
2019-01-18 14:44:40,521 
*** Major Checkpoint. Computing Stats and Saving
2019-01-18 14:44:40,521 	 Computing Major Stats lazily... 
2019-01-18 14:44:40,522 		 Completed edges=20 good=20 bad=0
2019-01-18 14:44:40,523 Distortion avg=0.11417393538508036 wc=1.4326551192054746 me=1.1102483838353987 mc=1.2903915376632287 nan_elements=0
2019-01-18 14:44:40,523 MAP = 1.0
2019-01-18 14:44:40,523 scale=[array([1.])]
2019-01-18 14:44:40,523 *** End Major Checkpoint

2019-01-18 14:44:40,523 21 loss=0.015694014439960415
2019-01-18 14:44:40,524 22 loss=0.014343391439147493
2019-01-18 14:44:40,524 23 loss=0.013185917891916001
2019-01-18 14:44:40,525 24 loss=0.01218984129120951
2019-01-18 14:44:40,525 25 loss=0.011329242864505254
2019-01-18 14:44:40,526 26 loss=0.010582866323853028
2019-01-18 14:44:40,526 27 loss=0.009933197158080123
2019-01-18 14:44:40,527 28 loss=0.009365737043856345
2019-01-18 14:44:40,527 29 loss=0.008868430183450553
2019-01-18 14:44:40,527 30 loss=0.008431208051523139
2019-01-18 14:44:40,528 
*** Major Checkpoint. Computing Stats and Saving
2019-01-18 14:44:40,528 	 Computing Major Stats lazily... 
2019-01-18 14:44:40,528 		 Completed edges=20 good=20 bad=0
2019-01-18 14:44:40,529 Distortion avg=0.08275802289831212 wc=1.2850835913986778 me=1.095721604939785 mc=1.1728194329702013 nan_elements=0
2019-01-18 14:44:40,529 MAP = 1.0
2019-01-18 14:44:40,529 scale=[array([1.])]
2019-01-18 14:44:40,529 *** End Major Checkpoint

2019-01-18 14:44:40,530 31 loss=0.008045626603440102
2019-01-18 14:44:40,530 32 loss=0.00770457587788555
2019-01-18 14:44:40,530 33 loss=0.007402046470805562
2019-01-18 14:44:40,531 34 loss=0.007132940857711373
2019-01-18 14:44:40,531 35 loss=0.006892920232198982
2019-01-18 14:44:40,532 36 loss=0.006678279596324735
2019-01-18 14:44:40,532 37 loss=0.0064858454285528664
2019-01-18 14:44:40,533 38 loss=0.006312891479719887
2019-01-18 14:44:40,533 39 loss=0.006157069193056078
2019-01-18 14:44:40,534 40 loss=0.0060163499766060285
2019-01-18 14:44:40,534 
*** Major Checkpoint. Computing Stats and Saving
2019-01-18 14:44:40,534 	 Computing Major Stats lazily... 
2019-01-18 14:44:40,534 		 Completed edges=20 good=20 bad=0
2019-01-18 14:44:40,535 Distortion avg=0.07066828003203253 wc=1.2229274427506032 me=1.0864389276570667 mc=1.1256292568491424 nan_elements=0
2019-01-18 14:44:40,535 MAP = 1.0
2019-01-18 14:44:40,535 scale=[array([1.])]
2019-01-18 14:44:40,535 *** End Major Checkpoint

2019-01-18 14:44:40,536 41 loss=0.005888977125514107
2019-01-18 14:44:40,536 42 loss=0.005773425635687255
2019-01-18 14:44:40,537 43 loss=0.005668368498267688
2019-01-18 14:44:40,537 44 loss=0.005572648338161542
2019-01-18 14:44:40,537 45 loss=0.005485253476346494
2019-01-18 14:44:40,538 46 loss=0.005405297667623378
2019-01-18 14:44:40,538 47 loss=0.005332002902684784
2019-01-18 14:44:40,539 48 loss=0.005264684773369872
2019-01-18 14:44:40,539 49 loss=0.0052027399885593295
2019-01-18 14:44:40,540 50 loss=0.005145635699822568
2019-01-18 14:44:40,540 
*** Major Checkpoint. Computing Stats and Saving
2019-01-18 14:44:40,540 	 Computing Major Stats lazily... 
2019-01-18 14:44:40,540 		 Completed edges=20 good=20 bad=0
2019-01-18 14:44:40,541 Distortion avg=0.06691709709490222 wc=1.1939079639159922 me=1.0826822878846885 mc=1.1027315928928818 nan_elements=0
2019-01-18 14:44:40,541 MAP = 1.0
2019-01-18 14:44:40,541 scale=[array([1.])]
2019-01-18 14:44:40,541 *** End Major Checkpoint

2019-01-18 14:44:40,541 final loss=0.005145635699822568
2019-01-18 14:44:40,541 best loss=0.005145635699822568, distortion=0.06691709709490222, map=1.0, wc_dist=1.1939079639159922
2019-01-18 14:44:40,541 	 Computing Major Stats lazily... 
2019-01-18 14:44:40,542 		 Completed edges=20 good=20 bad=0
2019-01-18 14:44:40,543 Distortion avg=0.06691709709490222 wc=1.1939079639159922 me=1.0826822878846885 mc=1.1027315928928818 nan_elements=0
2019-01-18 14:44:40,543 MAP = 1.0
2019-01-18 14:44:40,543 scale=[array([1.])]
