2019-01-18 15:05:19,505 Commandline ['pytorch/pytorch_hyperbolic.py', 'learn', 'data/edges/parsing/ewt/ewt_dev/1352.edges', '--dim', '0', '--hyp', '0', '--edim', '10', '--euc', '1', '--sdim', '0', '--sph', '0', '--log-name', 'ewt_devr2/1352.edges.E10-1.lr1.log', '--batch-size', '65536', '--epochs', '50', '--checkpoint-freq', '10', '-g', '--subsample', '1024', '--learning-rate', '1']
2019-01-18 15:05:19,505 No Model Save selected!
2019-01-18 15:05:19,507 Loaded Graph data/edges/parsing/ewt/ewt_dev/1352.edges with 32 nodes scale=1.0
2019-01-18 15:05:19,507 Building dataset
2019-01-18 15:05:19,507 Subsample: 32 points with scale 1.0 subsample=31
2019-01-18 15:05:19,552 Built Data Sampler
2019-01-18 15:05:19,552 Creating a fresh model warm_start?=None
2019-01-18 15:05:19,552 	 Warmstarting? None None 32
2019-01-18 15:05:19,552 Embedding() torch.Size([32, 10])
2019-01-18 15:05:19,552 relative No Rescale
2019-01-18 15:05:19,553 Constructed model with dim=0 and epochs=0 isnan=False
2019-01-18 15:05:19,553 SGD (
Parameter Group 0
    dampening: 0
    initial_lr: 0.1
    lr: 1.0
    momentum: 0.0
    nesterov: False
    weight_decay: 0

Parameter Group 1
    dampening: 0
    initial_lr: 0.1
    lr: 1.0
    momentum: 0.0
    nesterov: False
    weight_decay: 0

Parameter Group 2
    dampening: 0
    initial_lr: 0.1
    lr: 1.0
    momentum: 0.0
    nesterov: False
    weight_decay: 0

Parameter Group 3
    dampening: 0
    initial_lr: 0.0001
    lr: 0.001
    momentum: 0.0
    nesterov: False
    weight_decay: 0
)
2019-01-18 15:05:19,553 *** Initial Checkpoint. Computing Stats
2019-01-18 15:05:19,553 	 Computing Major Stats lazily... 
2019-01-18 15:05:19,557 		 Completed edges=992 good=992 bad=0
2019-01-18 15:05:19,562 Distortion avg=0.9986641942708097 wc=21.713940918831412 me=0.006322757085624978 mc=3434.251960778133 nan_elements=0
2019-01-18 15:05:19,563 MAP = 0.14289348216731262
2019-01-18 15:05:19,563 scale=[array([1.])]
2019-01-18 15:05:19,563 *** End Initial Checkpoint

2019-01-18 15:05:19,622 1 loss=0.9973311547993825
2019-01-18 15:05:19,624 2 loss=0.9717934951027334
2019-01-18 15:05:19,625 3 loss=0.9465291011336919
2019-01-18 15:05:19,626 4 loss=0.9223325098461114
2019-01-18 15:05:19,627 5 loss=0.8992739017253535
2019-01-18 15:05:19,628 6 loss=0.8773325449242122
2019-01-18 15:05:19,630 7 loss=0.8564638425316472
2019-01-18 15:05:19,631 8 loss=0.8366158008452158
2019-01-18 15:05:19,632 9 loss=0.817734752081629
2019-01-18 15:05:19,633 10 loss=0.7997677322090131
2019-01-18 15:05:19,633 
*** Major Checkpoint. Computing Stats and Saving
2019-01-18 15:05:19,633 	 Computing Major Stats lazily... 
2019-01-18 15:05:19,637 		 Completed edges=992 good=992 bad=0
2019-01-18 15:05:19,642 Distortion avg=0.8775886699753 wc=47.64469354042801 me=0.7113217410551576 mc=66.98051077386306 nan_elements=0
2019-01-18 15:05:19,642 MAP = 0.061467950531696944
2019-01-18 15:05:19,642 scale=[array([1.])]
2019-01-18 15:05:19,643 *** End Major Checkpoint

2019-01-18 15:05:19,644 11 loss=0.7826635587357728
2019-01-18 15:05:19,645 12 loss=0.7663733252984112
2019-01-18 15:05:19,646 13 loss=0.7508506081259441
2019-01-18 15:05:19,647 14 loss=0.7360515207393248
2019-01-18 15:05:19,648 15 loss=0.7219346855909992
2019-01-18 15:05:19,649 16 loss=0.7084611596196954
2019-01-18 15:05:19,650 17 loss=0.6955943346452723
2019-01-18 15:05:19,651 18 loss=0.6832998248991641
2019-01-18 15:05:19,653 19 loss=0.6715453491097442
2019-01-18 15:05:19,654 20 loss=0.6603006116916723
2019-01-18 15:05:19,654 
*** Major Checkpoint. Computing Stats and Saving
2019-01-18 15:05:19,654 	 Computing Major Stats lazily... 
2019-01-18 15:05:19,658 		 Completed edges=992 good=992 bad=0
2019-01-18 15:05:19,664 Distortion avg=0.7839955606359487 wc=41.81568572333663 me=1.1459255996793336 mc=36.4907510007962 nan_elements=0
2019-01-18 15:05:19,664 MAP = 0.06126905979976246
2019-01-18 15:05:19,664 scale=[array([1.])]
2019-01-18 15:05:19,664 *** End Major Checkpoint

2019-01-18 15:05:19,666 21 loss=0.6495371858413669
2019-01-18 15:05:19,667 22 loss=0.6392284002484133
2019-01-18 15:05:19,668 23 loss=0.6293492304350486
2019-01-18 15:05:19,669 24 loss=0.6198761952831496
2019-01-18 15:05:19,670 25 loss=0.6107872590113833
2019-01-18 15:05:19,672 26 loss=0.6020617386697731
2019-01-18 15:05:19,673 27 loss=0.5936802170906331
2019-01-18 15:05:19,674 28 loss=0.5856244611515875
2019-01-18 15:05:19,675 29 loss=0.577877345153779
2019-01-18 15:05:19,676 30 loss=0.570422779086738
2019-01-18 15:05:19,676 
*** Major Checkpoint. Computing Stats and Saving
2019-01-18 15:05:19,676 	 Computing Major Stats lazily... 
2019-01-18 15:05:19,680 		 Completed edges=992 good=992 bad=0
2019-01-18 15:05:19,685 Distortion avg=0.7241625471728353 wc=36.40362605320455 me=1.3930450257685139 mc=26.132411644857946 nan_elements=0
2019-01-18 15:05:19,685 MAP = 0.0600192470415604
2019-01-18 15:05:19,685 scale=[array([1.])]
2019-01-18 15:05:19,685 *** End Major Checkpoint

2019-01-18 15:05:19,686 31 loss=0.563245641534183
2019-01-18 15:05:19,687 32 loss=0.5563317169678015
2019-01-18 15:05:19,688 33 loss=0.5496676371756537
2019-01-18 15:05:19,689 34 loss=0.5432408265760957
2019-01-18 15:05:19,690 35 loss=0.5370394511754942
2019-01-18 15:05:19,692 36 loss=0.5310523709373637
2019-01-18 15:05:19,693 37 loss=0.5252690953411757
2019-01-18 15:05:19,694 38 loss=0.5196797419203605
2019-01-18 15:05:19,695 39 loss=0.5142749975805866
2019-01-18 15:05:19,696 40 loss=0.5090460825109504
2019-01-18 15:05:19,697 
*** Major Checkpoint. Computing Stats and Saving
2019-01-18 15:05:19,697 	 Computing Major Stats lazily... 
2019-01-18 15:05:19,700 		 Completed edges=992 good=992 bad=0
2019-01-18 15:05:19,705 Distortion avg=0.6848978763695425 wc=33.625714718134425 me=1.6073211208893254 mc=20.920346457918395 nan_elements=0
2019-01-18 15:05:19,705 MAP = 0.06265317861274701
2019-01-18 15:05:19,705 scale=[array([1.])]
2019-01-18 15:05:19,705 *** End Major Checkpoint

2019-01-18 15:05:19,707 41 loss=0.5039847165120783
2019-01-18 15:05:19,708 42 loss=0.4990830875761687
2019-01-18 15:05:19,709 43 loss=0.4943338225646131
2019-01-18 15:05:19,710 44 loss=0.48972995983897494
2019-01-18 15:05:19,711 45 loss=0.48526492371073543
2019-01-18 15:05:19,712 46 loss=0.48093250058432546
2019-01-18 15:05:19,713 47 loss=0.4767268166765504
2019-01-18 15:05:19,714 48 loss=0.4726423172035857
2019-01-18 15:05:19,715 49 loss=0.4686737469342902
2019-01-18 15:05:19,716 50 loss=0.46481613201566746
2019-01-18 15:05:19,716 
*** Major Checkpoint. Computing Stats and Saving
2019-01-18 15:05:19,717 	 Computing Major Stats lazily... 
2019-01-18 15:05:19,720 		 Completed edges=992 good=992 bad=0
2019-01-18 15:05:19,725 Distortion avg=0.6533550948428181 wc=31.392679310625397 me=1.7659633741865888 mc=17.776517774659407 nan_elements=0
2019-01-18 15:05:19,726 MAP = 0.06627979425902554
2019-01-18 15:05:19,726 scale=[array([1.])]
2019-01-18 15:05:19,726 *** End Major Checkpoint

2019-01-18 15:05:19,726 final loss=0.46481613201566746
2019-01-18 15:05:19,726 best loss=0.46481613201566746, distortion=0.6533550948428181, map=0.06627979425902554, wc_dist=31.392679310625397
2019-01-18 15:05:19,726 	 Computing Major Stats lazily... 
2019-01-18 15:05:19,730 		 Completed edges=992 good=992 bad=0
2019-01-18 15:05:19,735 Distortion avg=0.6533550948428164 wc=31.392679310625397 me=1.7659633741865888 mc=17.776517774659407 nan_elements=0
2019-01-18 15:05:19,735 MAP = 0.06627979425902555
2019-01-18 15:05:19,735 scale=[array([1.])]
