2019-01-18 15:05:40,351 Commandline ['pytorch/pytorch_hyperbolic.py', 'learn', 'data/edges/parsing/ewt/ewt_dev/1355.edges', '--dim', '0', '--hyp', '0', '--edim', '10', '--euc', '1', '--sdim', '0', '--sph', '0', '--log-name', 'ewt_devr2/1355.edges.E10-1.lr1.log', '--batch-size', '65536', '--epochs', '50', '--checkpoint-freq', '10', '-g', '--subsample', '1024', '--learning-rate', '1']
2019-01-18 15:05:40,351 No Model Save selected!
2019-01-18 15:05:40,352 Loaded Graph data/edges/parsing/ewt/ewt_dev/1355.edges with 7 nodes scale=1.0
2019-01-18 15:05:40,353 Building dataset
2019-01-18 15:05:40,353 Subsample: 7 points with scale 1.0 subsample=6
2019-01-18 15:05:40,358 Built Data Sampler
2019-01-18 15:05:40,358 Creating a fresh model warm_start?=None
2019-01-18 15:05:40,358 	 Warmstarting? None None 7
2019-01-18 15:05:40,359 Embedding() torch.Size([7, 10])
2019-01-18 15:05:40,359 relative No Rescale
2019-01-18 15:05:40,359 Constructed model with dim=0 and epochs=0 isnan=False
2019-01-18 15:05:40,359 SGD (
Parameter Group 0
    dampening: 0
    initial_lr: 0.1
    lr: 1.0
    momentum: 0.0
    nesterov: False
    weight_decay: 0

Parameter Group 1
    dampening: 0
    initial_lr: 0.1
    lr: 1.0
    momentum: 0.0
    nesterov: False
    weight_decay: 0

Parameter Group 2
    dampening: 0
    initial_lr: 0.1
    lr: 1.0
    momentum: 0.0
    nesterov: False
    weight_decay: 0

Parameter Group 3
    dampening: 0
    initial_lr: 0.0001
    lr: 0.001
    momentum: 0.0
    nesterov: False
    weight_decay: 0
)
2019-01-18 15:05:40,360 *** Initial Checkpoint. Computing Stats
2019-01-18 15:05:40,360 	 Computing Major Stats lazily... 
2019-01-18 15:05:40,360 		 Completed edges=42 good=42 bad=0
2019-01-18 15:05:40,362 Distortion avg=0.9974129418712406 wc=4.97750864381357 me=0.005422238309635374 mc=917.9804279292714 nan_elements=0
2019-01-18 15:05:40,362 MAP = 0.4934523809523809
2019-01-18 15:05:40,363 scale=[array([1.])]
2019-01-18 15:05:40,363 *** End Initial Checkpoint

2019-01-18 15:05:40,422 1 loss=0.9948341708799863
2019-01-18 15:05:40,422 2 loss=0.6094311856440411
2019-01-18 15:05:40,423 3 loss=0.4265237996352768
2019-01-18 15:05:40,423 4 loss=0.33711580817014497
2019-01-18 15:05:40,424 5 loss=0.2859931783377288
2019-01-18 15:05:40,425 6 loss=0.2523260161556856
2019-01-18 15:05:40,425 7 loss=0.22769074217235924
2019-01-18 15:05:40,426 8 loss=0.2083105353679691
2019-01-18 15:05:40,426 9 loss=0.19230063385209828
2019-01-18 15:05:40,427 10 loss=0.17861865564435359
2019-01-18 15:05:40,427 
*** Major Checkpoint. Computing Stats and Saving
2019-01-18 15:05:40,427 	 Computing Major Stats lazily... 
2019-01-18 15:05:40,427 		 Completed edges=42 good=42 bad=0
2019-01-18 15:05:40,429 Distortion avg=0.36378712471757096 wc=4.898867211122193 me=1.3075576519259413 mc=3.746578366090782 nan_elements=0
2019-01-18 15:05:40,429 MAP = 0.7041666666666667
2019-01-18 15:05:40,429 scale=[array([1.])]
2019-01-18 15:05:40,429 *** End Major Checkpoint

2019-01-18 15:05:40,430 11 loss=0.1666326536660594
2019-01-18 15:05:40,430 12 loss=0.15593057890816214
2019-01-18 15:05:40,431 13 loss=0.14623028527005144
2019-01-18 15:05:40,431 14 loss=0.13733337074087046
2019-01-18 15:05:40,431 15 loss=0.12909889266213642
2019-01-18 15:05:40,432 16 loss=0.12142662050095099
2019-01-18 15:05:40,432 17 loss=0.1142453553268805
2019-01-18 15:05:40,433 18 loss=0.10750435959598358
2019-01-18 15:05:40,433 19 loss=0.10116697795798942
2019-01-18 15:05:40,434 20 loss=0.09520593387613874
2019-01-18 15:05:40,434 
*** Major Checkpoint. Computing Stats and Saving
2019-01-18 15:05:40,434 	 Computing Major Stats lazily... 
2019-01-18 15:05:40,434 		 Completed edges=42 good=42 bad=0
2019-01-18 15:05:40,436 Distortion avg=0.2542194502749765 wc=3.1211002129329453 me=1.2656538293175845 mc=2.465998316945622 nan_elements=0
2019-01-18 15:05:40,436 MAP = 1.0
2019-01-18 15:05:40,436 scale=[array([1.])]
2019-01-18 15:05:40,436 *** End Major Checkpoint

2019-01-18 15:05:40,436 21 loss=0.0895999410607857
2019-01-18 15:05:40,437 22 loss=0.08433133802577576
2019-01-18 15:05:40,437 23 loss=0.07938450093876386
2019-01-18 15:05:40,438 24 loss=0.0747448324011608
2019-01-18 15:05:40,438 25 loss=0.07039816383993855
2019-01-18 15:05:40,439 26 loss=0.06633044505959437
2019-01-18 15:05:40,439 27 loss=0.06252762489072694
2019-01-18 15:05:40,440 28 loss=0.05897565163445927
2019-01-18 15:05:40,441 29 loss=0.05566054171675515
2019-01-18 15:05:40,441 30 loss=0.052568480436079916
2019-01-18 15:05:40,441 
*** Major Checkpoint. Computing Stats and Saving
2019-01-18 15:05:40,441 	 Computing Major Stats lazily... 
2019-01-18 15:05:40,442 		 Completed edges=42 good=42 bad=0
2019-01-18 15:05:40,443 Distortion avg=0.1874415957365589 wc=2.211903460721481 me=1.1795952256787128 mc=1.875137685004448 nan_elements=0
2019-01-18 15:05:40,443 MAP = 1.0
2019-01-18 15:05:40,443 scale=[array([1.])]
2019-01-18 15:05:40,443 *** End Major Checkpoint

2019-01-18 15:05:40,444 31 loss=0.04968593065899361
2019-01-18 15:05:40,444 32 loss=0.04699973440195694
2019-01-18 15:05:40,445 33 loss=0.044497198929535534
2019-01-18 15:05:40,445 34 loss=0.04216616372470115
2019-01-18 15:05:40,446 35 loss=0.03999504783196596
2019-01-18 15:05:40,446 36 loss=0.0379728789944139
2019-01-18 15:05:40,447 37 loss=0.0360893070218325
2019-01-18 15:05:40,447 38 loss=0.03433460421488851
2019-01-18 15:05:40,447 39 loss=0.03269965565374705
2019-01-18 15:05:40,448 40 loss=0.031175941909778588
2019-01-18 15:05:40,448 
*** Major Checkpoint. Computing Stats and Saving
2019-01-18 15:05:40,448 	 Computing Major Stats lazily... 
2019-01-18 15:05:40,448 		 Completed edges=42 good=42 bad=0
2019-01-18 15:05:40,450 Distortion avg=0.146206295592691 wc=1.839319164897011 me=1.1665152927751183 mc=1.576763867811201 nan_elements=0
2019-01-18 15:05:40,450 MAP = 1.0
2019-01-18 15:05:40,450 scale=[array([1.])]
2019-01-18 15:05:40,450 *** End Major Checkpoint

2019-01-18 15:05:40,450 41 loss=0.029755516378067202
2019-01-18 15:05:40,451 42 loss=0.028430979036949404
2019-01-18 15:05:40,451 43 loss=0.02719544806715269
2019-01-18 15:05:40,452 44 loss=0.026042530432383148
2019-01-18 15:05:40,452 45 loss=0.024966292245050082
2019-01-18 15:05:40,453 46 loss=0.023961229515402513
2019-01-18 15:05:40,453 47 loss=0.023022239704820504
2019-01-18 15:05:40,454 48 loss=0.022144594367322936
2019-01-18 15:05:40,454 49 loss=0.021323913060087664
2019-01-18 15:05:40,455 50 loss=0.020556138627038673
2019-01-18 15:05:40,455 
*** Major Checkpoint. Computing Stats and Saving
2019-01-18 15:05:40,455 	 Computing Major Stats lazily... 
2019-01-18 15:05:40,455 		 Completed edges=42 good=42 bad=0
2019-01-18 15:05:40,456 Distortion avg=0.12127142046163224 wc=1.6372169687704137 me=1.159458193608094 mc=1.4120534727307346 nan_elements=0
2019-01-18 15:05:40,456 MAP = 1.0
2019-01-18 15:05:40,457 scale=[array([1.])]
2019-01-18 15:05:40,457 *** End Major Checkpoint

2019-01-18 15:05:40,457 final loss=0.020556138627038673
2019-01-18 15:05:40,457 best loss=0.020556138627038673, distortion=0.12127142046163224, map=1.0, wc_dist=1.6372169687704137
2019-01-18 15:05:40,457 	 Computing Major Stats lazily... 
2019-01-18 15:05:40,457 		 Completed edges=42 good=42 bad=0
2019-01-18 15:05:40,458 Distortion avg=0.1212714204616322 wc=1.6372169687704137 me=1.159458193608094 mc=1.4120534727307346 nan_elements=0
2019-01-18 15:05:40,459 MAP = 1.0
2019-01-18 15:05:40,459 scale=[array([1.])]
