2019-01-18 15:08:11,931 Commandline ['pytorch/pytorch_hyperbolic.py', 'learn', 'data/edges/parsing/ewt/ewt_dev/1358.edges', '--dim', '0', '--hyp', '0', '--edim', '10', '--euc', '1', '--sdim', '0', '--sph', '0', '--log-name', 'ewt_devr2/1358.edges.E10-1.lr1.log', '--batch-size', '65536', '--epochs', '50', '--checkpoint-freq', '10', '-g', '--subsample', '1024', '--learning-rate', '1']
2019-01-18 15:08:11,932 No Model Save selected!
2019-01-18 15:08:11,934 Loaded Graph data/edges/parsing/ewt/ewt_dev/1358.edges with 17 nodes scale=1.0
2019-01-18 15:08:11,934 Building dataset
2019-01-18 15:08:11,934 Subsample: 17 points with scale 1.0 subsample=16
2019-01-18 15:08:11,951 Built Data Sampler
2019-01-18 15:08:11,951 Creating a fresh model warm_start?=None
2019-01-18 15:08:11,951 	 Warmstarting? None None 17
2019-01-18 15:08:11,951 Embedding() torch.Size([17, 10])
2019-01-18 15:08:11,952 relative No Rescale
2019-01-18 15:08:11,952 Constructed model with dim=0 and epochs=0 isnan=False
2019-01-18 15:08:11,952 SGD (
Parameter Group 0
    dampening: 0
    initial_lr: 0.1
    lr: 1.0
    momentum: 0.0
    nesterov: False
    weight_decay: 0

Parameter Group 1
    dampening: 0
    initial_lr: 0.1
    lr: 1.0
    momentum: 0.0
    nesterov: False
    weight_decay: 0

Parameter Group 2
    dampening: 0
    initial_lr: 0.1
    lr: 1.0
    momentum: 0.0
    nesterov: False
    weight_decay: 0

Parameter Group 3
    dampening: 0
    initial_lr: 0.0001
    lr: 0.001
    momentum: 0.0
    nesterov: False
    weight_decay: 0
)
2019-01-18 15:08:11,952 *** Initial Checkpoint. Computing Stats
2019-01-18 15:08:11,952 	 Computing Major Stats lazily... 
2019-01-18 15:08:11,954 		 Completed edges=272 good=272 bad=0
2019-01-18 15:08:11,957 Distortion avg=0.9980239384909154 wc=11.138787817729348 me=0.005982886981094694 mc=1861.7747339915945 nan_elements=0
2019-01-18 15:08:11,957 MAP = 0.24217402967402968
2019-01-18 15:08:11,957 scale=[array([1.])]
2019-01-18 15:08:11,957 *** End Initial Checkpoint

2019-01-18 15:08:12,015 1 loss=0.9960529790912974
2019-01-18 15:08:12,016 2 loss=0.890441604473296
2019-01-18 15:08:12,016 3 loss=0.7998431960751687
2019-01-18 15:08:12,017 4 loss=0.7244068635229011
2019-01-18 15:08:12,018 5 loss=0.6612001717706745
2019-01-18 15:08:12,018 6 loss=0.6077297590717675
2019-01-18 15:08:12,019 7 loss=0.5620349457477359
2019-01-18 15:08:12,020 8 loss=0.5225969430799526
2019-01-18 15:08:12,020 9 loss=0.48824088999127246
2019-01-18 15:08:12,021 10 loss=0.45805462171164724
2019-01-18 15:08:12,021 
*** Major Checkpoint. Computing Stats and Saving
2019-01-18 15:08:12,021 	 Computing Major Stats lazily... 
2019-01-18 15:08:12,022 		 Completed edges=272 good=272 bad=0
2019-01-18 15:08:12,025 Distortion avg=0.6209506904931514 wc=15.708665100353354 me=1.2699257992942272 mc=12.369750350046898 nan_elements=0
2019-01-18 15:08:12,026 MAP = 0.1377202046319693
2019-01-18 15:08:12,026 scale=[array([1.])]
2019-01-18 15:08:12,026 *** End Major Checkpoint

2019-01-18 15:08:12,027 11 loss=0.43132552445394484
2019-01-18 15:08:12,027 12 loss=0.4074925740404048
2019-01-18 15:08:12,028 13 loss=0.38611023829915664
2019-01-18 15:08:12,029 14 loss=0.3668213884132741
2019-01-18 15:08:12,029 15 loss=0.34933696433125616
2019-01-18 15:08:12,030 16 loss=0.3334206750774865
2019-01-18 15:08:12,031 17 loss=0.31887744530339074
2019-01-18 15:08:12,031 18 loss=0.3055446503284858
2019-01-18 15:08:12,032 19 loss=0.293285430742951
2019-01-18 15:08:12,033 20 loss=0.2819835625557099
2019-01-18 15:08:12,033 
*** Major Checkpoint. Computing Stats and Saving
2019-01-18 15:08:12,033 	 Computing Major Stats lazily... 
2019-01-18 15:08:12,034 		 Completed edges=272 good=272 bad=0
2019-01-18 15:08:12,036 Distortion avg=0.4915351404702366 wc=10.940079264998218 me=1.4574911023419301 mc=7.506103637558711 nan_elements=0
2019-01-18 15:08:12,037 MAP = 0.17682224502077445
2019-01-18 15:08:12,037 scale=[array([1.])]
2019-01-18 15:08:12,037 *** End Major Checkpoint

2019-01-18 15:08:12,037 21 loss=0.27153949541597366
2019-01-18 15:08:12,038 22 loss=0.26186727193893927
2019-01-18 15:08:12,039 23 loss=0.2528921150527232
2019-01-18 15:08:12,039 24 loss=0.2445485246150558
2019-01-18 15:08:12,040 25 loss=0.23677876455267038
2019-01-18 15:08:12,041 26 loss=0.22953165129608435
2019-01-18 15:08:12,041 27 loss=0.22276157612916822
2019-01-18 15:08:12,042 28 loss=0.21642771029860852
2019-01-18 15:08:12,043 29 loss=0.21049335382898834
2019-01-18 15:08:12,043 30 loss=0.20492539805500343
2019-01-18 15:08:12,043 
*** Major Checkpoint. Computing Stats and Saving
2019-01-18 15:08:12,043 	 Computing Major Stats lazily... 
2019-01-18 15:08:12,045 		 Completed edges=272 good=272 bad=0
2019-01-18 15:08:12,047 Distortion avg=0.40939995622551373 wc=9.25926424057329 me=1.6048964587216688 mc=5.769384180676973 nan_elements=0
2019-01-18 15:08:12,047 MAP = 0.35894856777209716
2019-01-18 15:08:12,048 scale=[array([1.])]
2019-01-18 15:08:12,048 *** End Major Checkpoint

2019-01-18 15:08:12,048 31 loss=0.19969387870841462
2019-01-18 15:08:12,049 32 loss=0.1947716015644005
2019-01-18 15:08:12,050 33 loss=0.19013382658494266
2019-01-18 15:08:12,050 34 loss=0.18575799950756766
2019-01-18 15:08:12,051 35 loss=0.18162352214569888
2019-01-18 15:08:12,052 36 loss=0.17771155446167697
2019-01-18 15:08:12,053 37 loss=0.17400484287107118
2019-01-18 15:08:12,053 38 loss=0.17048757033111173
2019-01-18 15:08:12,054 39 loss=0.16714522462730808
2019-01-18 15:08:12,054 40 loss=0.16396448195362504
2019-01-18 15:08:12,055 
*** Major Checkpoint. Computing Stats and Saving
2019-01-18 15:08:12,055 	 Computing Major Stats lazily... 
2019-01-18 15:08:12,056 		 Completed edges=272 good=272 bad=0
2019-01-18 15:08:12,058 Distortion avg=0.3545602702905069 wc=8.14185491618808 me=1.6869416667621542 mc=4.826399795918977 nan_elements=0
2019-01-18 15:08:12,059 MAP = 0.5229621481459715
2019-01-18 15:08:12,059 scale=[array([1.])]
2019-01-18 15:08:12,059 *** End Major Checkpoint

2019-01-18 15:08:12,059 41 loss=0.16093310342316847
2019-01-18 15:08:12,060 42 loss=0.15803984257884074
2019-01-18 15:08:12,061 43 loss=0.1552743623203395
2019-01-18 15:08:12,062 44 loss=0.15262715994329995
2019-01-18 15:08:12,062 45 loss=0.15008949921232
2019-01-18 15:08:12,063 46 loss=0.1476533485729754
2019-01-18 15:08:12,064 47 loss=0.14531132475722683
2019-01-18 15:08:12,064 48 loss=0.14305664115853883
2019-01-18 15:08:12,065 49 loss=0.14088306045281862
2019-01-18 15:08:12,066 50 loss=0.1387848510231146
2019-01-18 15:08:12,066 
*** Major Checkpoint. Computing Stats and Saving
2019-01-18 15:08:12,066 	 Computing Major Stats lazily... 
2019-01-18 15:08:12,067 		 Completed edges=272 good=272 bad=0
2019-01-18 15:08:12,070 Distortion avg=0.3203901402898697 wc=7.178771193559736 me=1.7065107750072113 mc=4.206695497442376 nan_elements=0
2019-01-18 15:08:12,070 MAP = 0.6322526737967913
2019-01-18 15:08:12,070 scale=[array([1.])]
2019-01-18 15:08:12,070 *** End Major Checkpoint

2019-01-18 15:08:12,070 final loss=0.1387848510231146
2019-01-18 15:08:12,070 best loss=0.1387848510231146, distortion=0.3203901402898697, map=0.6322526737967913, wc_dist=7.178771193559736
2019-01-18 15:08:12,070 	 Computing Major Stats lazily... 
2019-01-18 15:08:12,071 		 Completed edges=272 good=272 bad=0
2019-01-18 15:08:12,074 Distortion avg=0.3203901402898695 wc=7.178771193559736 me=1.7065107750072113 mc=4.206695497442376 nan_elements=0
2019-01-18 15:08:12,074 MAP = 0.6322526737967914
2019-01-18 15:08:12,075 scale=[array([1.])]
