2019-01-18 15:05:23,560 Commandline ['pytorch/pytorch_hyperbolic.py', 'learn', 'data/edges/parsing/ewt/ewt_dev/1360.edges', '--dim', '0', '--hyp', '0', '--edim', '10', '--euc', '1', '--sdim', '0', '--sph', '0', '--log-name', 'ewt_devr2/1360.edges.E10-1.lr1.log', '--batch-size', '65536', '--epochs', '50', '--checkpoint-freq', '10', '-g', '--subsample', '1024', '--learning-rate', '1']
2019-01-18 15:05:23,560 No Model Save selected!
2019-01-18 15:05:23,562 Loaded Graph data/edges/parsing/ewt/ewt_dev/1360.edges with 7 nodes scale=1.0
2019-01-18 15:05:23,563 Building dataset
2019-01-18 15:05:23,563 Subsample: 7 points with scale 1.0 subsample=6
2019-01-18 15:05:23,568 Built Data Sampler
2019-01-18 15:05:23,568 Creating a fresh model warm_start?=None
2019-01-18 15:05:23,569 	 Warmstarting? None None 7
2019-01-18 15:05:23,569 Embedding() torch.Size([7, 10])
2019-01-18 15:05:23,569 relative No Rescale
2019-01-18 15:05:23,569 Constructed model with dim=0 and epochs=0 isnan=False
2019-01-18 15:05:23,570 SGD (
Parameter Group 0
    dampening: 0
    initial_lr: 0.1
    lr: 1.0
    momentum: 0.0
    nesterov: False
    weight_decay: 0

Parameter Group 1
    dampening: 0
    initial_lr: 0.1
    lr: 1.0
    momentum: 0.0
    nesterov: False
    weight_decay: 0

Parameter Group 2
    dampening: 0
    initial_lr: 0.1
    lr: 1.0
    momentum: 0.0
    nesterov: False
    weight_decay: 0

Parameter Group 3
    dampening: 0
    initial_lr: 0.0001
    lr: 0.001
    momentum: 0.0
    nesterov: False
    weight_decay: 0
)
2019-01-18 15:05:23,570 *** Initial Checkpoint. Computing Stats
2019-01-18 15:05:23,570 	 Computing Major Stats lazily... 
2019-01-18 15:05:23,571 		 Completed edges=42 good=42 bad=0
2019-01-18 15:05:23,572 Distortion avg=0.997241815091314 wc=4.6630950159583 me=0.005628252251848828 mc=828.5156398998494 nan_elements=0
2019-01-18 15:05:23,572 MAP = 0.38690476190476186
2019-01-18 15:05:23,572 scale=[array([1.])]
2019-01-18 15:05:23,572 *** End Initial Checkpoint

2019-01-18 15:05:23,630 1 loss=0.9944932098875712
2019-01-18 15:05:23,630 2 loss=0.5780968085537571
2019-01-18 15:05:23,631 3 loss=0.40660903748576094
2019-01-18 15:05:23,631 4 loss=0.32559924802583884
2019-01-18 15:05:23,632 5 loss=0.27516394471212713
2019-01-18 15:05:23,632 6 loss=0.23764849370961405
2019-01-18 15:05:23,633 7 loss=0.20743107593321738
2019-01-18 15:05:23,633 8 loss=0.18231762875604496
2019-01-18 15:05:23,634 9 loss=0.16115508801700354
2019-01-18 15:05:23,634 10 loss=0.1431611153639494
2019-01-18 15:05:23,634 
*** Major Checkpoint. Computing Stats and Saving
2019-01-18 15:05:23,634 	 Computing Major Stats lazily... 
2019-01-18 15:05:23,635 		 Completed edges=42 good=42 bad=0
2019-01-18 15:05:23,636 Distortion avg=0.3312131668107198 wc=3.1646652486898685 me=1.3093000746111394 mc=2.417066423546772 nan_elements=0
2019-01-18 15:05:23,636 MAP = 0.8767857142857143
2019-01-18 15:05:23,636 scale=[array([1.])]
2019-01-18 15:05:23,636 *** End Major Checkpoint

2019-01-18 15:05:23,637 11 loss=0.12773475876450585
2019-01-18 15:05:23,637 12 loss=0.1144009962376185
2019-01-18 15:05:23,638 13 loss=0.10278843238840876
2019-01-18 15:05:23,638 14 loss=0.09261184451487348
2019-01-18 15:05:23,639 15 loss=0.08365392956855804
2019-01-18 15:05:23,640 16 loss=0.0757473882799784
2019-01-18 15:05:23,640 17 loss=0.06875955442584603
2019-01-18 15:05:23,641 18 loss=0.06258086074853678
2019-01-18 15:05:23,642 19 loss=0.057117211490558095
2019-01-18 15:05:23,642 20 loss=0.052285517946616275
2019-01-18 15:05:23,642 
*** Major Checkpoint. Computing Stats and Saving
2019-01-18 15:05:23,642 	 Computing Major Stats lazily... 
2019-01-18 15:05:23,643 		 Completed edges=42 good=42 bad=0
2019-01-18 15:05:23,644 Distortion avg=0.19934270131523693 wc=2.0558642496799044 me=1.2157431518792619 mc=1.6910350237235612 nan_elements=0
2019-01-18 15:05:23,644 MAP = 1.0
2019-01-18 15:05:23,644 scale=[array([1.])]
2019-01-18 15:05:23,644 *** End Major Checkpoint

2019-01-18 15:05:23,645 21 loss=0.04801137579711293
2019-01-18 15:05:23,645 22 loss=0.04422796242924312
2019-01-18 15:05:23,646 23 loss=0.04087549391390003
2019-01-18 15:05:23,646 24 loss=0.037900850606281684
2019-01-18 15:05:23,647 25 loss=0.035257185702884185
2019-01-18 15:05:23,647 26 loss=0.032903459222938754
2019-01-18 15:05:23,648 27 loss=0.03080390543304937
2019-01-18 15:05:23,648 28 loss=0.028927466315307827
2019-01-18 15:05:23,648 29 loss=0.027247225859478422
2019-01-18 15:05:23,649 30 loss=0.025739872410237792
2019-01-18 15:05:23,649 
*** Major Checkpoint. Computing Stats and Saving
2019-01-18 15:05:23,649 	 Computing Major Stats lazily... 
2019-01-18 15:05:23,650 		 Completed edges=42 good=42 bad=0
2019-01-18 15:05:23,651 Distortion avg=0.14024687867235555 wc=1.6504397198332033 me=1.168609984875289 mc=1.4123101301494816 nan_elements=0
2019-01-18 15:05:23,651 MAP = 1.0
2019-01-18 15:05:23,651 scale=[array([1.])]
2019-01-18 15:05:23,651 *** End Major Checkpoint

2019-01-18 15:05:23,652 31 loss=0.02438520632805264
2019-01-18 15:05:23,652 32 loss=0.02316570133597778
2019-01-18 15:05:23,653 33 loss=0.022066121346220508
2019-01-18 15:05:23,654 34 loss=0.021073190331926513
2019-01-18 15:05:23,654 35 loss=0.020175310486011025
2019-01-18 15:05:23,655 36 loss=0.01936232293413353
2019-01-18 15:05:23,656 37 loss=0.018625305149796385
2019-01-18 15:05:23,656 38 loss=0.017956399582427524
2019-01-18 15:05:23,656 39 loss=0.01734866860002837
2019-01-18 15:05:23,657 40 loss=0.016795971508955027
2019-01-18 15:05:23,657 
*** Major Checkpoint. Computing Stats and Saving
2019-01-18 15:05:23,657 	 Computing Major Stats lazily... 
2019-01-18 15:05:23,657 		 Completed edges=42 good=42 bad=0
2019-01-18 15:05:23,659 Distortion avg=0.11423085370834302 wc=1.505209210159945 me=1.173513976803187 mc=1.2826512848703697 nan_elements=0
2019-01-18 15:05:23,659 MAP = 1.0
2019-01-18 15:05:23,659 scale=[array([1.])]
2019-01-18 15:05:23,659 *** End Major Checkpoint

2019-01-18 15:05:23,660 41 loss=0.016292860056271254
2019-01-18 15:05:23,660 42 loss=0.01583448940177886
2019-01-18 15:05:23,661 43 loss=0.015416542051516194
2019-01-18 15:05:23,661 44 loss=0.015035162671486687
2019-01-18 15:05:23,661 45 loss=0.014686902056214632
2019-01-18 15:05:23,662 46 loss=0.014368668820798538
2019-01-18 15:05:23,662 47 loss=0.01407768762718748
2019-01-18 15:05:23,663 48 loss=0.013811462954409251
2019-01-18 15:05:23,663 49 loss=0.013567747586182944
2019-01-18 15:05:23,664 50 loss=0.013344515124229578
2019-01-18 15:05:23,664 
*** Major Checkpoint. Computing Stats and Saving
2019-01-18 15:05:23,664 	 Computing Major Stats lazily... 
2019-01-18 15:05:23,664 		 Completed edges=42 good=42 bad=0
2019-01-18 15:05:23,665 Distortion avg=0.10230545652193401 wc=1.424057955841398 me=1.171562642169062 mc=1.2155201135509575 nan_elements=0
2019-01-18 15:05:23,666 MAP = 1.0
2019-01-18 15:05:23,666 scale=[array([1.])]
2019-01-18 15:05:23,666 *** End Major Checkpoint

2019-01-18 15:05:23,666 final loss=0.013344515124229578
2019-01-18 15:05:23,666 best loss=0.013344515124229578, distortion=0.10230545652193401, map=1.0, wc_dist=1.424057955841398
2019-01-18 15:05:23,666 	 Computing Major Stats lazily... 
2019-01-18 15:05:23,666 		 Completed edges=42 good=42 bad=0
2019-01-18 15:05:23,667 Distortion avg=0.10230545652193401 wc=1.424057955841398 me=1.171562642169062 mc=1.2155201135509575 nan_elements=0
2019-01-18 15:05:23,668 MAP = 1.0
2019-01-18 15:05:23,668 scale=[array([1.])]
