2019-01-18 14:55:26,305 Commandline ['pytorch/pytorch_hyperbolic.py', 'learn', 'data/edges/parsing/ewt/ewt_dev/1366.edges', '--dim', '0', '--hyp', '0', '--edim', '10', '--euc', '1', '--sdim', '0', '--sph', '0', '--log-name', 'ewt_devr2/1366.edges.E10-1.lr1.log', '--batch-size', '65536', '--epochs', '50', '--checkpoint-freq', '10', '-g', '--subsample', '1024', '--learning-rate', '1']
2019-01-18 14:55:26,305 No Model Save selected!
2019-01-18 14:55:26,306 Loaded Graph data/edges/parsing/ewt/ewt_dev/1366.edges with 9 nodes scale=1.0
2019-01-18 14:55:26,306 Building dataset
2019-01-18 14:55:26,307 Subsample: 9 points with scale 1.0 subsample=8
2019-01-18 14:55:26,313 Built Data Sampler
2019-01-18 14:55:26,313 Creating a fresh model warm_start?=None
2019-01-18 14:55:26,313 	 Warmstarting? None None 9
2019-01-18 14:55:26,314 Embedding() torch.Size([9, 10])
2019-01-18 14:55:26,314 relative No Rescale
2019-01-18 14:55:26,314 Constructed model with dim=0 and epochs=0 isnan=False
2019-01-18 14:55:26,314 SGD (
Parameter Group 0
    dampening: 0
    initial_lr: 0.1
    lr: 1.0
    momentum: 0.0
    nesterov: False
    weight_decay: 0

Parameter Group 1
    dampening: 0
    initial_lr: 0.1
    lr: 1.0
    momentum: 0.0
    nesterov: False
    weight_decay: 0

Parameter Group 2
    dampening: 0
    initial_lr: 0.1
    lr: 1.0
    momentum: 0.0
    nesterov: False
    weight_decay: 0

Parameter Group 3
    dampening: 0
    initial_lr: 0.0001
    lr: 0.001
    momentum: 0.0
    nesterov: False
    weight_decay: 0
)
2019-01-18 14:55:26,315 *** Initial Checkpoint. Computing Stats
2019-01-18 14:55:26,315 	 Computing Major Stats lazily... 
2019-01-18 14:55:26,316 		 Completed edges=72 good=72 bad=0
2019-01-18 14:55:26,317 Distortion avg=0.9976776761998521 wc=8.119469606690975 me=0.005941110731069004 mc=1366.658521314921 nan_elements=0
2019-01-18 14:55:26,317 MAP = 0.49475308641975313
2019-01-18 14:55:26,318 scale=[array([1.])]
2019-01-18 14:55:26,318 *** End Initial Checkpoint

2019-01-18 14:55:26,375 1 loss=0.9953620686228396
2019-01-18 14:55:26,375 2 loss=0.7441572441501304
2019-01-18 14:55:26,376 3 loss=0.5758504521786121
2019-01-18 14:55:26,376 4 loss=0.4710778032902883
2019-01-18 14:55:26,377 5 loss=0.4035076235269396
2019-01-18 14:55:26,377 6 loss=0.35733001003936443
2019-01-18 14:55:26,378 7 loss=0.3236844634836532
2019-01-18 14:55:26,378 8 loss=0.29765298757067743
2019-01-18 14:55:26,379 9 loss=0.2764826147590167
2019-01-18 14:55:26,379 10 loss=0.2586013324350464
2019-01-18 14:55:26,379 
*** Major Checkpoint. Computing Stats and Saving
2019-01-18 14:55:26,379 	 Computing Major Stats lazily... 
2019-01-18 14:55:26,380 		 Completed edges=72 good=72 bad=0
2019-01-18 14:55:26,381 Distortion avg=0.4529534990789259 wc=6.2694877054676486 me=1.329315495912788 mc=4.7163278580173635 nan_elements=0
2019-01-18 14:55:26,381 MAP = 0.34735449735449736
2019-01-18 14:55:26,381 scale=[array([1.])]
2019-01-18 14:55:26,381 *** End Major Checkpoint

2019-01-18 14:55:26,382 11 loss=0.24308316277900532
2019-01-18 14:55:26,382 12 loss=0.22935862223280068
2019-01-18 14:55:26,383 13 loss=0.21705787698053455
2019-01-18 14:55:26,383 14 loss=0.205925557496303
2019-01-18 14:55:26,384 15 loss=0.19577432108465004
2019-01-18 14:55:26,384 16 loss=0.18645938903406337
2019-01-18 14:55:26,385 17 loss=0.17786442829165164
2019-01-18 14:55:26,385 18 loss=0.16989354671883836
2019-01-18 14:55:26,386 19 loss=0.162466561192543
2019-01-18 14:55:26,386 20 loss=0.15551600339124444
2019-01-18 14:55:26,386 
*** Major Checkpoint. Computing Stats and Saving
2019-01-18 14:55:26,386 	 Computing Major Stats lazily... 
2019-01-18 14:55:26,387 		 Completed edges=72 good=72 bad=0
2019-01-18 14:55:26,388 Distortion avg=0.3452553264673418 wc=4.498130199466028 me=1.3506586911760308 mc=3.3303233665564065 nan_elements=0
2019-01-18 14:55:26,388 MAP = 0.8092592592592592
2019-01-18 14:55:26,389 scale=[array([1.])]
2019-01-18 14:55:26,389 *** End Major Checkpoint

2019-01-18 14:55:26,389 21 loss=0.14898504343567961
2019-01-18 14:55:26,390 22 loss=0.1428259030211983
2019-01-18 14:55:26,390 23 loss=0.1369985421566265
2019-01-18 14:55:26,391 24 loss=0.13146951673731902
2019-01-18 14:55:26,391 25 loss=0.12621096217232153
2019-01-18 14:55:26,392 26 loss=0.12119968599389225
2019-01-18 14:55:26,392 27 loss=0.1164163638493074
2019-01-18 14:55:26,393 28 loss=0.11184483646976659
2019-01-18 14:55:26,393 29 loss=0.10747150460272954
2019-01-18 14:55:26,394 30 loss=0.10328481693243695
2019-01-18 14:55:26,394 
*** Major Checkpoint. Computing Stats and Saving
2019-01-18 14:55:26,394 	 Computing Major Stats lazily... 
2019-01-18 14:55:26,394 		 Completed edges=72 good=72 bad=0
2019-01-18 14:55:26,396 Distortion avg=0.27418323419059365 wc=3.4998413005123314 me=1.321346450145588 mc=2.648693156989004 nan_elements=0
2019-01-18 14:55:26,396 MAP = 1.0
2019-01-18 14:55:26,396 scale=[array([1.])]
2019-01-18 14:55:26,396 *** End Major Checkpoint

2019-01-18 14:55:26,397 31 loss=0.09927484396624228
2019-01-18 14:55:26,397 32 loss=0.09543292931056087
2019-01-18 14:55:26,398 33 loss=0.09175140888674577
2019-01-18 14:55:26,398 34 loss=0.08822338842070214
2019-01-18 14:55:26,399 35 loss=0.08484256985796586
2019-01-18 14:55:26,399 36 loss=0.0816031180531057
2019-01-18 14:55:26,400 37 loss=0.07849956000861444
2019-01-18 14:55:26,400 38 loss=0.07552670996786985
2019-01-18 14:55:26,401 39 loss=0.07267961470399173
2019-01-18 14:55:26,401 40 loss=0.06995351432658058
2019-01-18 14:55:26,401 
*** Major Checkpoint. Computing Stats and Saving
2019-01-18 14:55:26,401 	 Computing Major Stats lazily... 
2019-01-18 14:55:26,402 		 Completed edges=72 good=72 bad=0
2019-01-18 14:55:26,403 Distortion avg=0.22514748863889572 wc=2.7996328798685366 me=1.2751143154475486 mc=2.195593638901232 nan_elements=0
2019-01-18 14:55:26,403 MAP = 1.0
2019-01-18 14:55:26,403 scale=[array([1.])]
2019-01-18 14:55:26,403 *** End Major Checkpoint

2019-01-18 14:55:26,404 41 loss=0.06734381481258603
2019-01-18 14:55:26,404 42 loss=0.06484606923749861
2019-01-18 14:55:26,405 43 loss=0.062455965334795395
2019-01-18 14:55:26,405 44 loss=0.060169317550679176
2019-01-18 14:55:26,406 45 loss=0.057982062198593115
2019-01-18 14:55:26,406 46 loss=0.05589025466718727
2019-01-18 14:55:26,407 47 loss=0.05389006791021844
2019-01-18 14:55:26,407 48 loss=0.05197779166038425
2019-01-18 14:55:26,408 49 loss=0.05014983197301748
2019-01-18 14:55:26,408 50 loss=0.04840271082993678
2019-01-18 14:55:26,408 
*** Major Checkpoint. Computing Stats and Saving
2019-01-18 14:55:26,408 	 Computing Major Stats lazily... 
2019-01-18 14:55:26,409 		 Completed edges=72 good=72 bad=0
2019-01-18 14:55:26,410 Distortion avg=0.18542477614856445 wc=2.325452661657946 me=1.2322587934745217 mc=1.8871463315761903 nan_elements=0
2019-01-18 14:55:26,410 MAP = 1.0
2019-01-18 14:55:26,410 scale=[array([1.])]
2019-01-18 14:55:26,410 *** End Major Checkpoint

2019-01-18 14:55:26,410 final loss=0.04840271082993678
2019-01-18 14:55:26,411 best loss=0.04840271082993678, distortion=0.18542477614856445, map=1.0, wc_dist=2.325452661657946
2019-01-18 14:55:26,411 	 Computing Major Stats lazily... 
2019-01-18 14:55:26,411 		 Completed edges=72 good=72 bad=0
2019-01-18 14:55:26,412 Distortion avg=0.18542477614856445 wc=2.325452661657946 me=1.2322587934745217 mc=1.8871463315761903 nan_elements=0
2019-01-18 14:55:26,413 MAP = 1.0
2019-01-18 14:55:26,413 scale=[array([1.])]
