2019-01-18 14:53:49,275 Commandline ['pytorch/pytorch_hyperbolic.py', 'learn', 'data/edges/parsing/ewt/ewt_dev/1367.edges', '--dim', '0', '--hyp', '0', '--edim', '10', '--euc', '1', '--sdim', '0', '--sph', '0', '--log-name', 'ewt_devr2/1367.edges.E10-1.lr1.log', '--batch-size', '65536', '--epochs', '50', '--checkpoint-freq', '10', '-g', '--subsample', '1024', '--learning-rate', '1']
2019-01-18 14:53:49,275 No Model Save selected!
2019-01-18 14:53:49,276 Loaded Graph data/edges/parsing/ewt/ewt_dev/1367.edges with 11 nodes scale=1.0
2019-01-18 14:53:49,277 Building dataset
2019-01-18 14:53:49,277 Subsample: 11 points with scale 1.0 subsample=10
2019-01-18 14:53:49,287 Built Data Sampler
2019-01-18 14:53:49,287 Creating a fresh model warm_start?=None
2019-01-18 14:53:49,288 	 Warmstarting? None None 11
2019-01-18 14:53:49,288 Embedding() torch.Size([11, 10])
2019-01-18 14:53:49,288 relative No Rescale
2019-01-18 14:53:49,288 Constructed model with dim=0 and epochs=0 isnan=False
2019-01-18 14:53:49,289 SGD (
Parameter Group 0
    dampening: 0
    initial_lr: 0.1
    lr: 1.0
    momentum: 0.0
    nesterov: False
    weight_decay: 0

Parameter Group 1
    dampening: 0
    initial_lr: 0.1
    lr: 1.0
    momentum: 0.0
    nesterov: False
    weight_decay: 0

Parameter Group 2
    dampening: 0
    initial_lr: 0.1
    lr: 1.0
    momentum: 0.0
    nesterov: False
    weight_decay: 0

Parameter Group 3
    dampening: 0
    initial_lr: 0.0001
    lr: 0.001
    momentum: 0.0
    nesterov: False
    weight_decay: 0
)
2019-01-18 14:53:49,289 *** Initial Checkpoint. Computing Stats
2019-01-18 14:53:49,289 	 Computing Major Stats lazily... 
2019-01-18 14:53:49,290 		 Completed edges=110 good=110 bad=0
2019-01-18 14:53:49,292 Distortion avg=0.9976517101561712 wc=8.83192345047564 me=0.005941110731069004 mc=1486.5778219364179 nan_elements=0
2019-01-18 14:53:49,292 MAP = 0.27791245791245794
2019-01-18 14:53:49,292 scale=[array([1.])]
2019-01-18 14:53:49,292 *** End Initial Checkpoint

2019-01-18 14:53:49,350 1 loss=0.9953103868344186
2019-01-18 14:53:49,351 2 loss=0.7786422362451975
2019-01-18 14:53:49,352 3 loss=0.6286273140489506
2019-01-18 14:53:49,352 4 loss=0.5263762954901839
2019-01-18 14:53:49,353 5 loss=0.45316609951205294
2019-01-18 14:53:49,353 6 loss=0.39795463342822257
2019-01-18 14:53:49,354 7 loss=0.354392166943184
2019-01-18 14:53:49,354 8 loss=0.31877816333340975
2019-01-18 14:53:49,355 9 loss=0.28889183968910015
2019-01-18 14:53:49,355 10 loss=0.2633451458899614
2019-01-18 14:53:49,355 
*** Major Checkpoint. Computing Stats and Saving
2019-01-18 14:53:49,355 	 Computing Major Stats lazily... 
2019-01-18 14:53:49,356 		 Completed edges=110 good=110 bad=0
2019-01-18 14:53:49,358 Distortion avg=0.457205774151136 wc=6.684407477118869 me=1.326222182382231 mc=5.040186754463705 nan_elements=0
2019-01-18 14:53:49,358 MAP = 0.2882010582010583
2019-01-18 14:53:49,358 scale=[array([1.])]
2019-01-18 14:53:49,358 *** End Major Checkpoint

2019-01-18 14:53:49,359 11 loss=0.24122685646980122
2019-01-18 14:53:49,359 12 loss=0.2219058170000404
2019-01-18 14:53:49,360 13 loss=0.20492096113640976
2019-01-18 14:53:49,360 14 loss=0.18991886302895286
2019-01-18 14:53:49,361 15 loss=0.176617571858117
2019-01-18 14:53:49,361 16 loss=0.16478515357911094
2019-01-18 14:53:49,362 17 loss=0.15422657760075711
2019-01-18 14:53:49,362 18 loss=0.14477541002287386
2019-01-18 14:53:49,363 19 loss=0.1362883192481412
2019-01-18 14:53:49,364 20 loss=0.12864125433346205
2019-01-18 14:53:49,364 
*** Major Checkpoint. Computing Stats and Saving
2019-01-18 14:53:49,364 	 Computing Major Stats lazily... 
2019-01-18 14:53:49,364 		 Completed edges=110 good=110 bad=0
2019-01-18 14:53:49,366 Distortion avg=0.31636213717205713 wc=4.0181215110970125 me=1.3833833241854203 mc=2.9045611876686523 nan_elements=0
2019-01-18 14:53:49,366 MAP = 0.6504112554112553
2019-01-18 14:53:49,366 scale=[array([1.])]
2019-01-18 14:53:49,366 *** End Major Checkpoint

2019-01-18 14:53:49,367 21 loss=0.12172663598853972
2019-01-18 14:53:49,367 22 loss=0.11545117346165103
2019-01-18 14:53:49,368 23 loss=0.10973407900619873
2019-01-18 14:53:49,368 24 loss=0.10450554509413867
2019-01-18 14:53:49,369 25 loss=0.0997054055608072
2019-01-18 14:53:49,370 26 loss=0.09528193576568306
2019-01-18 14:53:49,370 27 loss=0.0911907672867692
2019-01-18 14:53:49,371 28 loss=0.08739390462121403
2019-01-18 14:53:49,371 29 loss=0.08385883783666999
2019-01-18 14:53:49,372 30 loss=0.0805577480218927
2019-01-18 14:53:49,372 
*** Major Checkpoint. Computing Stats and Saving
2019-01-18 14:53:49,372 	 Computing Major Stats lazily... 
2019-01-18 14:53:49,372 		 Completed edges=110 good=110 bad=0
2019-01-18 14:53:49,374 Distortion avg=0.2455615010682983 wc=2.9458195152246223 me=1.333882094889259 mc=2.208455699728985 nan_elements=0
2019-01-18 14:53:49,374 MAP = 1.0
2019-01-18 14:53:49,375 scale=[array([1.])]
2019-01-18 14:53:49,375 *** End Major Checkpoint

2019-01-18 14:53:49,375 31 loss=0.07746680303833486
2019-01-18 14:53:49,376 32 loss=0.07456554043307953
2019-01-18 14:53:49,376 33 loss=0.0718363331392939
2019-01-18 14:53:49,377 34 loss=0.06926393225828782
2019-01-18 14:53:49,377 35 loss=0.06683508010309436
2019-01-18 14:53:49,378 36 loss=0.06453818595253631
2019-01-18 14:53:49,378 37 loss=0.06236305666525647
2019-01-18 14:53:49,379 38 loss=0.060300674402798425
2019-01-18 14:53:49,379 39 loss=0.05834301413078283
2019-01-18 14:53:49,380 40 loss=0.05648289421062488
2019-01-18 14:53:49,380 
*** Major Checkpoint. Computing Stats and Saving
2019-01-18 14:53:49,380 	 Computing Major Stats lazily... 
2019-01-18 14:53:49,381 		 Completed edges=110 good=110 bad=0
2019-01-18 14:53:49,382 Distortion avg=0.20458453521114264 wc=2.410920924507672 me=1.2953201198225208 mc=1.8612549034118349 nan_elements=0
2019-01-18 14:53:49,382 MAP = 1.0
2019-01-18 14:53:49,383 scale=[array([1.])]
2019-01-18 14:53:49,383 *** End Major Checkpoint

2019-01-18 14:53:49,383 41 loss=0.054713854166066986
2019-01-18 14:53:49,384 42 loss=0.05303005452795065
2019-01-18 14:53:49,385 43 loss=0.051426194465242304
2019-01-18 14:53:49,386 44 loss=0.049897443658251224
2019-01-18 14:53:49,387 45 loss=0.04843938553659638
2019-01-18 14:53:49,388 46 loss=0.04704796957902104
2019-01-18 14:53:49,388 47 loss=0.04571947085382902
2019-01-18 14:53:49,389 48 loss=0.0444504553732464
2019-01-18 14:53:49,390 49 loss=0.043237750151797934
2019-01-18 14:53:49,391 50 loss=0.04207841710882199
2019-01-18 14:53:49,391 
*** Major Checkpoint. Computing Stats and Saving
2019-01-18 14:53:49,391 	 Computing Major Stats lazily... 
2019-01-18 14:53:49,392 		 Completed edges=110 good=110 bad=0
2019-01-18 14:53:49,394 Distortion avg=0.17481689919415566 wc=2.1425025542844844 me=1.2746692907569321 mc=1.6808301336044662 nan_elements=0
2019-01-18 14:53:49,395 MAP = 1.0
2019-01-18 14:53:49,395 scale=[array([1.])]
2019-01-18 14:53:49,395 *** End Major Checkpoint

2019-01-18 14:53:49,395 final loss=0.04207841710882199
2019-01-18 14:53:49,395 best loss=0.04207841710882199, distortion=0.17481689919415566, map=1.0, wc_dist=2.1425025542844844
2019-01-18 14:53:49,395 	 Computing Major Stats lazily... 
2019-01-18 14:53:49,396 		 Completed edges=110 good=110 bad=0
2019-01-18 14:53:49,398 Distortion avg=0.17481689919415558 wc=2.1425025542844844 me=1.2746692907569321 mc=1.6808301336044662 nan_elements=0
2019-01-18 14:53:49,398 MAP = 1.0
2019-01-18 14:53:49,398 scale=[array([1.])]
