2019-01-18 14:45:43,267 Commandline ['pytorch/pytorch_hyperbolic.py', 'learn', 'data/edges/parsing/ewt/ewt_dev/1369.edges', '--dim', '0', '--hyp', '0', '--edim', '10', '--euc', '1', '--sdim', '0', '--sph', '0', '--log-name', 'ewt_devr2/1369.edges.E10-1.lr1.log', '--batch-size', '65536', '--epochs', '50', '--checkpoint-freq', '10', '-g', '--subsample', '1024', '--learning-rate', '1']
2019-01-18 14:45:43,268 No Model Save selected!
2019-01-18 14:45:43,269 Loaded Graph data/edges/parsing/ewt/ewt_dev/1369.edges with 23 nodes scale=1.0
2019-01-18 14:45:43,269 Building dataset
2019-01-18 14:45:43,270 Subsample: 23 points with scale 1.0 subsample=22
2019-01-18 14:45:43,297 Built Data Sampler
2019-01-18 14:45:43,297 Creating a fresh model warm_start?=None
2019-01-18 14:45:43,297 	 Warmstarting? None None 23
2019-01-18 14:45:43,298 Embedding() torch.Size([23, 10])
2019-01-18 14:45:43,298 relative No Rescale
2019-01-18 14:45:43,298 Constructed model with dim=0 and epochs=0 isnan=False
2019-01-18 14:45:43,299 SGD (
Parameter Group 0
    dampening: 0
    initial_lr: 0.1
    lr: 1.0
    momentum: 0.0
    nesterov: False
    weight_decay: 0

Parameter Group 1
    dampening: 0
    initial_lr: 0.1
    lr: 1.0
    momentum: 0.0
    nesterov: False
    weight_decay: 0

Parameter Group 2
    dampening: 0
    initial_lr: 0.1
    lr: 1.0
    momentum: 0.0
    nesterov: False
    weight_decay: 0

Parameter Group 3
    dampening: 0
    initial_lr: 0.0001
    lr: 0.001
    momentum: 0.0
    nesterov: False
    weight_decay: 0
)
2019-01-18 14:45:43,299 *** Initial Checkpoint. Computing Stats
2019-01-18 14:45:43,299 	 Computing Major Stats lazily... 
2019-01-18 14:45:43,301 		 Completed edges=506 good=506 bad=0
2019-01-18 14:45:43,305 Distortion avg=0.9983615152208792 wc=16.691559552588703 me=0.005941110731069004 mc=2809.5015070667323 nan_elements=0
2019-01-18 14:45:43,305 MAP = 0.1479163406751238
2019-01-18 14:45:43,306 scale=[array([1.])]
2019-01-18 14:45:43,306 *** End Initial Checkpoint

2019-01-18 14:45:43,364 1 loss=0.9967268561727616
2019-01-18 14:45:43,366 2 loss=0.9450666632230018
2019-01-18 14:45:43,366 3 loss=0.8962985419338274
2019-01-18 14:45:43,367 4 loss=0.8517489510066447
2019-01-18 14:45:43,368 5 loss=0.8111921332859281
2019-01-18 14:45:43,369 6 loss=0.7742709803627283
2019-01-18 14:45:43,370 7 loss=0.7406250258983422
2019-01-18 14:45:43,371 8 loss=0.7099178980532169
2019-01-18 14:45:43,372 9 loss=0.6818439665977132
2019-01-18 14:45:43,373 10 loss=0.6561287515292643
2019-01-18 14:45:43,373 
*** Major Checkpoint. Computing Stats and Saving
2019-01-18 14:45:43,373 	 Computing Major Stats lazily... 
2019-01-18 14:45:43,375 		 Completed edges=506 good=506 bad=0
2019-01-18 14:45:43,379 Distortion avg=0.7750040825086881 wc=23.61736215867686 me=1.0557570228298516 mc=22.37007346195327 nan_elements=0
2019-01-18 14:45:43,379 MAP = 0.08319789566971218
2019-01-18 14:45:43,379 scale=[array([1.])]
2019-01-18 14:45:43,379 *** End Major Checkpoint

2019-01-18 14:45:43,380 11 loss=0.6325271649617169
2019-01-18 14:45:43,381 12 loss=0.6108210164443274
2019-01-18 14:45:43,382 13 loss=0.5908163532453367
2019-01-18 14:45:43,382 14 loss=0.5723408780601823
2019-01-18 14:45:43,383 15 loss=0.5552415457980817
2019-01-18 14:45:43,384 16 loss=0.5393823764076651
2019-01-18 14:45:43,385 17 loss=0.5246424898281898
2019-01-18 14:45:43,386 18 loss=0.5109143543839056
2019-01-18 14:45:43,387 19 loss=0.49810223322344754
2019-01-18 14:45:43,387 20 loss=0.4861208108406175
2019-01-18 14:45:43,387 
*** Major Checkpoint. Computing Stats and Saving
2019-01-18 14:45:43,388 	 Computing Major Stats lazily... 
2019-01-18 14:45:43,390 		 Completed edges=506 good=506 bad=0
2019-01-18 14:45:43,393 Distortion avg=0.6566883725569216 wc=18.55500131348018 me=1.481739269183705 mc=12.522446896951168 nan_elements=0
2019-01-18 14:45:43,393 MAP = 0.08522226051158276
2019-01-18 14:45:43,394 scale=[array([1.])]
2019-01-18 14:45:43,394 *** End Major Checkpoint

2019-01-18 14:45:43,395 21 loss=0.47489398130825655
2019-01-18 14:45:43,396 22 loss=0.46435378056034887
2019-01-18 14:45:43,396 23 loss=0.4544394462970628
2019-01-18 14:45:43,397 24 loss=0.44509659054806405
2019-01-18 14:45:43,398 25 loss=0.43627647143749837
2019-01-18 14:45:43,399 26 loss=0.4279353521558052
2019-01-18 14:45:43,400 27 loss=0.42003393651089443
2019-01-18 14:45:43,401 28 loss=0.41253687168255465
2019-01-18 14:45:43,401 29 loss=0.4054123099327548
2019-01-18 14:45:43,402 30 loss=0.39863152203275076
2019-01-18 14:45:43,402 
*** Major Checkpoint. Computing Stats and Saving
2019-01-18 14:45:43,402 	 Computing Major Stats lazily... 
2019-01-18 14:45:43,405 		 Completed edges=506 good=506 bad=0
2019-01-18 14:45:43,408 Distortion avg=0.6000780180976714 wc=14.716256315499342 me=1.6066796046291607 mc=9.159421874217427 nan_elements=0
2019-01-18 14:45:43,408 MAP = 0.09432095775479808
2019-01-18 14:45:43,409 scale=[array([1.])]
2019-01-18 14:45:43,409 *** End Major Checkpoint

2019-01-18 14:45:43,410 31 loss=0.39216855606234224
2019-01-18 14:45:43,411 32 loss=0.3859999360260891
2019-01-18 14:45:43,412 33 loss=0.3801043954256526
2019-01-18 14:45:43,413 34 loss=0.3744626415364871
2019-01-18 14:45:43,414 35 loss=0.36905714667032324
2019-01-18 14:45:43,415 36 loss=0.3638719631710494
2019-01-18 14:45:43,416 37 loss=0.3588925592987326
2019-01-18 14:45:43,417 38 loss=0.35410567351185457
2019-01-18 14:45:43,418 39 loss=0.3494991849678424
2019-01-18 14:45:43,419 40 loss=0.34506199833235435
2019-01-18 14:45:43,419 
*** Major Checkpoint. Computing Stats and Saving
2019-01-18 14:45:43,419 	 Computing Major Stats lazily... 
2019-01-18 14:45:43,421 		 Completed edges=506 good=506 bad=0
2019-01-18 14:45:43,425 Distortion avg=0.554523830170982 wc=12.3958661480428 me=1.6628715097985631 mc=7.454494273910802 nan_elements=0
2019-01-18 14:45:43,425 MAP = 0.1097451155593234
2019-01-18 14:45:43,425 scale=[array([1.])]
2019-01-18 14:45:43,425 *** End Major Checkpoint

2019-01-18 14:45:43,426 41 loss=0.34078394122360317
2019-01-18 14:45:43,427 42 loss=0.336655672823697
2019-01-18 14:45:43,428 43 loss=0.3326686023684266
2019-01-18 14:45:43,429 44 loss=0.3288148163835562
2019-01-18 14:45:43,429 45 loss=0.32508701367240284
2019-01-18 14:45:43,430 46 loss=0.32147844717895385
2019-01-18 14:45:43,431 47 loss=0.317982871955172
2019-01-18 14:45:43,432 48 loss=0.31459449855246896
2019-01-18 14:45:43,433 49 loss=0.3113079512372617
2019-01-18 14:45:43,434 50 loss=0.3081182305005594
2019-01-18 14:45:43,434 
*** Major Checkpoint. Computing Stats and Saving
2019-01-18 14:45:43,434 	 Computing Major Stats lazily... 
2019-01-18 14:45:43,436 		 Completed edges=506 good=506 bad=0
2019-01-18 14:45:43,440 Distortion avg=0.5172196379176754 wc=11.34784142531733 me=1.7674725987163526 mc=6.420377568262632 nan_elements=0
2019-01-18 14:45:43,440 MAP = 0.14783759130533594
2019-01-18 14:45:43,440 scale=[array([1.])]
2019-01-18 14:45:43,440 *** End Major Checkpoint

2019-01-18 14:45:43,440 final loss=0.3081182305005594
2019-01-18 14:45:43,440 best loss=0.3081182305005594, distortion=0.5172196379176754, map=0.14783759130533594, wc_dist=11.34784142531733
2019-01-18 14:45:43,440 	 Computing Major Stats lazily... 
2019-01-18 14:45:43,442 		 Completed edges=506 good=506 bad=0
2019-01-18 14:45:43,446 Distortion avg=0.5172196379176757 wc=11.34784142531733 me=1.7674725987163526 mc=6.420377568262632 nan_elements=0
2019-01-18 14:45:43,446 MAP = 0.14783759130533594
2019-01-18 14:45:43,446 scale=[array([1.])]
