2019-01-18 15:05:44,062 Commandline ['pytorch/pytorch_hyperbolic.py', 'learn', 'data/edges/parsing/ewt/ewt_dev/1371.edges', '--dim', '0', '--hyp', '0', '--edim', '10', '--euc', '1', '--sdim', '0', '--sph', '0', '--log-name', 'ewt_devr2/1371.edges.E10-1.lr1.log', '--batch-size', '65536', '--epochs', '50', '--checkpoint-freq', '10', '-g', '--subsample', '1024', '--learning-rate', '1']
2019-01-18 15:05:44,063 No Model Save selected!
2019-01-18 15:05:44,064 Loaded Graph data/edges/parsing/ewt/ewt_dev/1371.edges with 8 nodes scale=1.0
2019-01-18 15:05:44,064 Building dataset
2019-01-18 15:05:44,065 Subsample: 8 points with scale 1.0 subsample=7
2019-01-18 15:05:44,071 Built Data Sampler
2019-01-18 15:05:44,071 Creating a fresh model warm_start?=None
2019-01-18 15:05:44,071 	 Warmstarting? None None 8
2019-01-18 15:05:44,071 Embedding() torch.Size([8, 10])
2019-01-18 15:05:44,072 relative No Rescale
2019-01-18 15:05:44,072 Constructed model with dim=0 and epochs=0 isnan=False
2019-01-18 15:05:44,072 SGD (
Parameter Group 0
    dampening: 0
    initial_lr: 0.1
    lr: 1.0
    momentum: 0.0
    nesterov: False
    weight_decay: 0

Parameter Group 1
    dampening: 0
    initial_lr: 0.1
    lr: 1.0
    momentum: 0.0
    nesterov: False
    weight_decay: 0

Parameter Group 2
    dampening: 0
    initial_lr: 0.1
    lr: 1.0
    momentum: 0.0
    nesterov: False
    weight_decay: 0

Parameter Group 3
    dampening: 0
    initial_lr: 0.0001
    lr: 0.001
    momentum: 0.0
    nesterov: False
    weight_decay: 0
)
2019-01-18 15:05:44,072 *** Initial Checkpoint. Computing Stats
2019-01-18 15:05:44,072 	 Computing Major Stats lazily... 
2019-01-18 15:05:44,073 		 Completed edges=56 good=56 bad=0
2019-01-18 15:05:44,074 Distortion avg=0.9973350266188958 wc=5.084682254558222 me=0.005628252251848828 mc=903.4211735779882 nan_elements=0
2019-01-18 15:05:44,074 MAP = 0.3711904761904762
2019-01-18 15:05:44,075 scale=[array([1.])]
2019-01-18 15:05:44,075 *** End Initial Checkpoint

2019-01-18 15:05:44,134 1 loss=0.9946787913486101
2019-01-18 15:05:44,134 2 loss=0.6613587971098218
2019-01-18 15:05:44,135 3 loss=0.48297479303999596
2019-01-18 15:05:44,135 4 loss=0.3845654610026897
2019-01-18 15:05:44,136 5 loss=0.3222498342799091
2019-01-18 15:05:44,136 6 loss=0.2782468776719556
2019-01-18 15:05:44,137 7 loss=0.24484207629442514
2019-01-18 15:05:44,137 8 loss=0.218291962679898
2019-01-18 15:05:44,138 9 loss=0.1965501091655442
2019-01-18 15:05:44,138 10 loss=0.17836891881451097
2019-01-18 15:05:44,138 
*** Major Checkpoint. Computing Stats and Saving
2019-01-18 15:05:44,138 	 Computing Major Stats lazily... 
2019-01-18 15:05:44,139 		 Completed edges=56 good=56 bad=0
2019-01-18 15:05:44,140 Distortion avg=0.37125134065053284 wc=5.658716917395121 me=1.3362684727957024 mc=4.234715577443892 nan_elements=0
2019-01-18 15:05:44,140 MAP = 0.6929166666666666
2019-01-18 15:05:44,140 scale=[array([1.])]
2019-01-18 15:05:44,140 *** End Major Checkpoint

2019-01-18 15:05:44,141 11 loss=0.1629178573832036
2019-01-18 15:05:44,141 12 loss=0.14960837865318796
2019-01-18 15:05:44,142 13 loss=0.13800675041827223
2019-01-18 15:05:44,142 14 loss=0.1277862500808141
2019-01-18 15:05:44,143 15 loss=0.1186979675289449
2019-01-18 15:05:44,144 16 loss=0.11055108752219873
2019-01-18 15:05:44,144 17 loss=0.10319855916675069
2019-01-18 15:05:44,145 18 loss=0.09652625332416961
2019-01-18 15:05:44,145 19 loss=0.09044465066435181
2019-01-18 15:05:44,146 20 loss=0.0848824977172409
2019-01-18 15:05:44,146 
*** Major Checkpoint. Computing Stats and Saving
2019-01-18 15:05:44,146 	 Computing Major Stats lazily... 
2019-01-18 15:05:44,147 		 Completed edges=56 good=56 bad=0
2019-01-18 15:05:44,148 Distortion avg=0.24892736440844088 wc=3.602168372221636 me=1.3396960107858904 mc=2.6887953261191972 nan_elements=0
2019-01-18 15:05:44,148 MAP = 1.0
2019-01-18 15:05:44,148 scale=[array([1.])]
2019-01-18 15:05:44,148 *** End Major Checkpoint

2019-01-18 15:05:44,149 21 loss=0.07978203279867803
2019-01-18 15:05:44,149 22 loss=0.07509545941760443
2019-01-18 15:05:44,150 23 loss=0.07078239171912783
2019-01-18 15:05:44,150 24 loss=0.06680803717307636
2019-01-18 15:05:44,151 25 loss=0.0631419219941171
2019-01-18 15:05:44,151 26 loss=0.059757004150887263
2019-01-18 15:05:44,152 27 loss=0.05662905510153702
2019-01-18 15:05:44,152 28 loss=0.05373622274731157
2019-01-18 15:05:44,153 29 loss=0.051058713638838134
2019-01-18 15:05:44,153 30 loss=0.048578552205990555
2019-01-18 15:05:44,153 
*** Major Checkpoint. Computing Stats and Saving
2019-01-18 15:05:44,153 	 Computing Major Stats lazily... 
2019-01-18 15:05:44,154 		 Completed edges=56 good=56 bad=0
2019-01-18 15:05:44,155 Distortion avg=0.18448339871900452 wc=2.554114013658414 me=1.2390724046212487 mc=2.0613113520506 nan_elements=0
2019-01-18 15:05:44,155 MAP = 1.0
2019-01-18 15:05:44,155 scale=[array([1.])]
2019-01-18 15:05:44,155 *** End Major Checkpoint

2019-01-18 15:05:44,156 31 loss=0.04627938931587618
2019-01-18 15:05:44,156 32 loss=0.04414634269412908
2019-01-18 15:05:44,157 33 loss=0.042165858634934335
2019-01-18 15:05:44,157 34 loss=0.040325588858299524
2019-01-18 15:05:44,158 35 loss=0.03861427908499435
2019-01-18 15:05:44,158 36 loss=0.0370216674619269
2019-01-18 15:05:44,159 37 loss=0.03553839180292011
2019-01-18 15:05:44,159 38 loss=0.034155905004399925
2019-01-18 15:05:44,160 39 loss=0.032866398146615114
2019-01-18 15:05:44,160 40 loss=0.03166273082101907
2019-01-18 15:05:44,160 
*** Major Checkpoint. Computing Stats and Saving
2019-01-18 15:05:44,160 	 Computing Major Stats lazily... 
2019-01-18 15:05:44,161 		 Completed edges=56 good=56 bad=0
2019-01-18 15:05:44,162 Distortion avg=0.14908894934787462 wc=2.0789064149977188 me=1.193713056253659 mc=1.7415461815607047 nan_elements=0
2019-01-18 15:05:44,162 MAP = 1.0
2019-01-18 15:05:44,163 scale=[array([1.])]
2019-01-18 15:05:44,163 *** End Major Checkpoint

2019-01-18 15:05:44,164 41 loss=0.030538368205747155
2019-01-18 15:05:44,164 42 loss=0.02948732438309868
2019-01-18 15:05:44,165 43 loss=0.02850411137425233
2019-01-18 15:05:44,165 44 loss=0.027583693363621396
2019-01-18 15:05:44,166 45 loss=0.026721445598272803
2019-01-18 15:05:44,166 46 loss=0.02591311747366242
2019-01-18 15:05:44,167 47 loss=0.025154799351601
2019-01-18 15:05:44,167 48 loss=0.024442892696034443
2019-01-18 15:05:44,168 49 loss=0.023774083153725457
2019-01-18 15:05:44,168 50 loss=0.023145316247889323
2019-01-18 15:05:44,169 
*** Major Checkpoint. Computing Stats and Saving
2019-01-18 15:05:44,169 	 Computing Major Stats lazily... 
2019-01-18 15:05:44,169 		 Completed edges=56 good=56 bad=0
2019-01-18 15:05:44,170 Distortion avg=0.12795385530915365 wc=1.8566204315861623 me=1.1913717265793307 mc=1.5583888640004033 nan_elements=0
2019-01-18 15:05:44,170 MAP = 1.0
2019-01-18 15:05:44,171 scale=[array([1.])]
2019-01-18 15:05:44,171 *** End Major Checkpoint

2019-01-18 15:05:44,171 final loss=0.023145316247889323
2019-01-18 15:05:44,171 best loss=0.023145316247889323, distortion=0.12795385530915365, map=1.0, wc_dist=1.8566204315861623
2019-01-18 15:05:44,171 	 Computing Major Stats lazily... 
2019-01-18 15:05:44,171 		 Completed edges=56 good=56 bad=0
2019-01-18 15:05:44,173 Distortion avg=0.12795385530915365 wc=1.8566204315861623 me=1.1913717265793307 mc=1.5583888640004033 nan_elements=0
2019-01-18 15:05:44,173 MAP = 1.0
2019-01-18 15:05:44,173 scale=[array([1.])]
