2019-01-18 15:13:26,425 Commandline ['pytorch/pytorch_hyperbolic.py', 'learn', 'data/edges/parsing/ewt/ewt_dev/1373.edges', '--dim', '0', '--hyp', '0', '--edim', '10', '--euc', '1', '--sdim', '0', '--sph', '0', '--log-name', 'ewt_devr2/1373.edges.E10-1.lr1.log', '--batch-size', '65536', '--epochs', '50', '--checkpoint-freq', '10', '-g', '--subsample', '1024', '--learning-rate', '1']
2019-01-18 15:13:26,425 No Model Save selected!
2019-01-18 15:13:26,427 Loaded Graph data/edges/parsing/ewt/ewt_dev/1373.edges with 15 nodes scale=1.0
2019-01-18 15:13:26,427 Building dataset
2019-01-18 15:13:26,428 Subsample: 15 points with scale 1.0 subsample=14
2019-01-18 15:13:26,442 Built Data Sampler
2019-01-18 15:13:26,442 Creating a fresh model warm_start?=None
2019-01-18 15:13:26,442 	 Warmstarting? None None 15
2019-01-18 15:13:26,442 Embedding() torch.Size([15, 10])
2019-01-18 15:13:26,442 relative No Rescale
2019-01-18 15:13:26,443 Constructed model with dim=0 and epochs=0 isnan=False
2019-01-18 15:13:26,443 SGD (
Parameter Group 0
    dampening: 0
    initial_lr: 0.1
    lr: 1.0
    momentum: 0.0
    nesterov: False
    weight_decay: 0

Parameter Group 1
    dampening: 0
    initial_lr: 0.1
    lr: 1.0
    momentum: 0.0
    nesterov: False
    weight_decay: 0

Parameter Group 2
    dampening: 0
    initial_lr: 0.1
    lr: 1.0
    momentum: 0.0
    nesterov: False
    weight_decay: 0

Parameter Group 3
    dampening: 0
    initial_lr: 0.0001
    lr: 0.001
    momentum: 0.0
    nesterov: False
    weight_decay: 0
)
2019-01-18 15:13:26,443 *** Initial Checkpoint. Computing Stats
2019-01-18 15:13:26,443 	 Computing Major Stats lazily... 
2019-01-18 15:13:26,445 		 Completed edges=210 good=210 bad=0
2019-01-18 15:13:26,447 Distortion avg=0.997978705916111 wc=7.892371214058059 me=0.0059960279104134965 mc=1316.266590479194 nan_elements=0
2019-01-18 15:13:26,447 MAP = 0.3035753135753136
2019-01-18 15:13:26,448 scale=[array([1.])]
2019-01-18 15:13:26,448 *** End Initial Checkpoint

2019-01-18 15:13:26,508 1 loss=0.9959627066294652
2019-01-18 15:13:26,509 2 loss=0.875349560789971
2019-01-18 15:13:26,509 3 loss=0.7733887766109231
2019-01-18 15:13:26,510 4 loss=0.690657181717876
2019-01-18 15:13:26,511 5 loss=0.6232084657706445
2019-01-18 15:13:26,511 6 loss=0.5676438303148238
2019-01-18 15:13:26,512 7 loss=0.5213207920043809
2019-01-18 15:13:26,512 8 loss=0.48222903572964054
2019-01-18 15:13:26,513 9 loss=0.4488462869334615
2019-01-18 15:13:26,514 10 loss=0.42001813431333346
2019-01-18 15:13:26,514 
*** Major Checkpoint. Computing Stats and Saving
2019-01-18 15:13:26,514 	 Computing Major Stats lazily... 
2019-01-18 15:13:26,515 		 Completed edges=210 good=210 bad=0
2019-01-18 15:13:26,517 Distortion avg=0.5827272473780707 wc=8.314120277648117 me=1.2147228889156245 mc=6.844458397478687 nan_elements=0
2019-01-18 15:13:26,517 MAP = 0.13807655307655306
2019-01-18 15:13:26,518 scale=[array([1.])]
2019-01-18 15:13:26,518 *** End Major Checkpoint

2019-01-18 15:13:26,518 11 loss=0.39486519563525935
2019-01-18 15:13:26,519 12 loss=0.3727133281783321
2019-01-18 15:13:26,520 13 loss=0.35304173888724727
2019-01-18 15:13:26,520 14 loss=0.33544456419285623
2019-01-18 15:13:26,521 15 loss=0.3196024442402847
2019-01-18 15:13:26,521 16 loss=0.30526146655251407
2019-01-18 15:13:26,522 17 loss=0.2922175312461402
2019-01-18 15:13:26,523 18 loss=0.28030470475527114
2019-01-18 15:13:26,523 19 loss=0.26938651185529533
2019-01-18 15:13:26,524 20 loss=0.25934939721549816
2019-01-18 15:13:26,524 
*** Major Checkpoint. Computing Stats and Saving
2019-01-18 15:13:26,524 	 Computing Major Stats lazily... 
2019-01-18 15:13:26,525 		 Completed edges=210 good=210 bad=0
2019-01-18 15:13:26,528 Distortion avg=0.4668218065688979 wc=6.206531595006754 me=1.4419923259998655 mc=4.304136355721031 nan_elements=0
2019-01-18 15:13:26,528 MAP = 0.23442463885321024
2019-01-18 15:13:26,528 scale=[array([1.])]
2019-01-18 15:13:26,528 *** End Major Checkpoint

2019-01-18 15:13:26,529 21 loss=0.25009779341557714
2019-01-18 15:13:26,529 22 loss=0.24155038234362217
2019-01-18 15:13:26,530 23 loss=0.23363724620270634
2019-01-18 15:13:26,531 24 loss=0.22629768409631054
2019-01-18 15:13:26,531 25 loss=0.21947852844705554
2019-01-18 15:13:26,532 26 loss=0.21313283821182635
2019-01-18 15:13:26,532 27 loss=0.20721887724553673
2019-01-18 15:13:26,533 28 loss=0.2016993093116001
2019-01-18 15:13:26,534 29 loss=0.1965405583637208
2019-01-18 15:13:26,534 30 loss=0.1917122954412779
2019-01-18 15:13:26,534 
*** Major Checkpoint. Computing Stats and Saving
2019-01-18 15:13:26,534 	 Computing Major Stats lazily... 
2019-01-18 15:13:26,535 		 Completed edges=210 good=210 bad=0
2019-01-18 15:13:26,538 Distortion avg=0.38892039709143383 wc=5.285569331048786 me=1.51786429050091 mc=3.4822410436340765 nan_elements=0
2019-01-18 15:13:26,538 MAP = 0.41594671201814065
2019-01-18 15:13:26,538 scale=[array([1.])]
2019-01-18 15:13:26,538 *** End Major Checkpoint

2019-01-18 15:13:26,539 31 loss=0.18718702299788972
2019-01-18 15:13:26,539 32 loss=0.18293973456999693
2019-01-18 15:13:26,540 33 loss=0.1789476330101239
2019-01-18 15:13:26,541 34 loss=0.1751898945124552
2019-01-18 15:13:26,541 35 loss=0.1716474686806588
2019-01-18 15:13:26,542 36 loss=0.16830290717606455
2019-01-18 15:13:26,542 37 loss=0.16514021522100789
2019-01-18 15:13:26,543 38 loss=0.16214472155316095
2019-01-18 15:13:26,544 39 loss=0.15930296343336087
2019-01-18 15:13:26,544 40 loss=0.15660258407775934
2019-01-18 15:13:26,544 
*** Major Checkpoint. Computing Stats and Saving
2019-01-18 15:13:26,544 	 Computing Major Stats lazily... 
2019-01-18 15:13:26,545 		 Completed edges=210 good=210 bad=0
2019-01-18 15:13:26,548 Distortion avg=0.3433552270684872 wc=4.729743799984185 me=1.5274835162527356 mc=3.096428700970418 nan_elements=0
2019-01-18 15:13:26,548 MAP = 0.6253157081014222
2019-01-18 15:13:26,548 scale=[array([1.])]
2019-01-18 15:13:26,548 *** End Major Checkpoint

2019-01-18 15:13:26,549 41 loss=0.15403224047216973
2019-01-18 15:13:26,550 42 loss=0.15158151997540295
2019-01-18 15:13:26,550 43 loss=0.14924086446181303
2019-01-18 15:13:26,551 44 loss=0.14700150101604803
2019-01-18 15:13:26,551 45 loss=0.14485537839402607
2019-01-18 15:13:26,552 46 loss=0.1427951086179044
2019-01-18 15:13:26,553 47 loss=0.1408139131903349
2019-01-18 15:13:26,553 48 loss=0.1389055735031105
2019-01-18 15:13:26,554 49 loss=0.13706438508391428
2019-01-18 15:13:26,554 50 loss=0.13528511537730883
2019-01-18 15:13:26,555 
*** Major Checkpoint. Computing Stats and Saving
2019-01-18 15:13:26,555 	 Computing Major Stats lazily... 
2019-01-18 15:13:26,556 		 Completed edges=210 good=210 bad=0
2019-01-18 15:13:26,558 Distortion avg=0.31699209441438386 wc=4.325522840270682 me=1.5030939874387026 mc=2.8777460866844695 nan_elements=0
2019-01-18 15:13:26,558 MAP = 0.8527736205593348
2019-01-18 15:13:26,559 scale=[array([1.])]
2019-01-18 15:13:26,559 *** End Major Checkpoint

2019-01-18 15:13:26,559 final loss=0.13528511537730883
2019-01-18 15:13:26,559 best loss=0.13528511537730883, distortion=0.31699209441438386, map=0.8527736205593348, wc_dist=4.325522840270682
2019-01-18 15:13:26,559 	 Computing Major Stats lazily... 
2019-01-18 15:13:26,560 		 Completed edges=210 good=210 bad=0
2019-01-18 15:13:26,562 Distortion avg=0.31699209441438386 wc=4.325522840270682 me=1.5030939874387026 mc=2.8777460866844695 nan_elements=0
2019-01-18 15:13:26,562 MAP = 0.8527736205593347
2019-01-18 15:13:26,562 scale=[array([1.])]
