2019-01-18 14:46:26,034 Commandline ['pytorch/pytorch_hyperbolic.py', 'learn', 'data/edges/parsing/ewt/ewt_dev/1374.edges', '--dim', '0', '--hyp', '0', '--edim', '10', '--euc', '1', '--sdim', '0', '--sph', '0', '--log-name', 'ewt_devr2/1374.edges.E10-1.lr1.log', '--batch-size', '65536', '--epochs', '50', '--checkpoint-freq', '10', '-g', '--subsample', '1024', '--learning-rate', '1']
2019-01-18 14:46:26,034 No Model Save selected!
2019-01-18 14:46:26,036 Loaded Graph data/edges/parsing/ewt/ewt_dev/1374.edges with 16 nodes scale=1.0
2019-01-18 14:46:26,036 Building dataset
2019-01-18 14:46:26,036 Subsample: 16 points with scale 1.0 subsample=15
2019-01-18 14:46:26,052 Built Data Sampler
2019-01-18 14:46:26,052 Creating a fresh model warm_start?=None
2019-01-18 14:46:26,052 	 Warmstarting? None None 16
2019-01-18 14:46:26,052 Embedding() torch.Size([16, 10])
2019-01-18 14:46:26,052 relative No Rescale
2019-01-18 14:46:26,053 Constructed model with dim=0 and epochs=0 isnan=False
2019-01-18 14:46:26,053 SGD (
Parameter Group 0
    dampening: 0
    initial_lr: 0.1
    lr: 1.0
    momentum: 0.0
    nesterov: False
    weight_decay: 0

Parameter Group 1
    dampening: 0
    initial_lr: 0.1
    lr: 1.0
    momentum: 0.0
    nesterov: False
    weight_decay: 0

Parameter Group 2
    dampening: 0
    initial_lr: 0.1
    lr: 1.0
    momentum: 0.0
    nesterov: False
    weight_decay: 0

Parameter Group 3
    dampening: 0
    initial_lr: 0.0001
    lr: 0.001
    momentum: 0.0
    nesterov: False
    weight_decay: 0
)
2019-01-18 14:46:26,053 *** Initial Checkpoint. Computing Stats
2019-01-18 14:46:26,053 	 Computing Major Stats lazily... 
2019-01-18 14:46:26,055 		 Completed edges=240 good=240 bad=0
2019-01-18 14:46:26,057 Distortion avg=0.9980433570710565 wc=11.744772230236984 me=0.005941110731069004 mc=1976.8647247757503 nan_elements=0
2019-01-18 14:46:26,057 MAP = 0.1893754145986289
2019-01-18 14:46:26,058 scale=[array([1.])]
2019-01-18 14:46:26,058 *** End Initial Checkpoint

2019-01-18 14:46:26,115 1 loss=0.996091716945579
2019-01-18 14:46:26,116 2 loss=0.8851196878824733
2019-01-18 14:46:26,117 3 loss=0.7905515891244
2019-01-18 14:46:26,118 4 loss=0.7128071390940431
2019-01-18 14:46:26,118 5 loss=0.6484728743580886
2019-01-18 14:46:26,119 6 loss=0.5946632621510698
2019-01-18 14:46:26,119 7 loss=0.5491374105993934
2019-01-18 14:46:26,120 8 loss=0.5101841806228903
2019-01-18 14:46:26,121 9 loss=0.47649955322094467
2019-01-18 14:46:26,121 10 loss=0.44708616639367166
2019-01-18 14:46:26,121 
*** Major Checkpoint. Computing Stats and Saving
2019-01-18 14:46:26,122 	 Computing Major Stats lazily... 
2019-01-18 14:46:26,123 		 Completed edges=240 good=240 bad=0
2019-01-18 14:46:26,125 Distortion avg=0.6067530360377742 wc=11.902652702024266 me=1.2931662496238152 mc=9.204271071478066 nan_elements=0
2019-01-18 14:46:26,125 MAP = 0.11845284758231187
2019-01-18 14:46:26,126 scale=[array([1.])]
2019-01-18 14:46:26,126 *** End Major Checkpoint

2019-01-18 14:46:26,126 11 loss=0.42117623745732014
2019-01-18 14:46:26,127 12 loss=0.3981738156669683
2019-01-18 14:46:26,128 13 loss=0.3776119250518757
2019-01-18 14:46:26,128 14 loss=0.35912085783768866
2019-01-18 14:46:26,129 15 loss=0.3424047123293592
2019-01-18 14:46:26,130 16 loss=0.32722399226428134
2019-01-18 14:46:26,130 17 loss=0.31338265451167874
2019-01-18 14:46:26,131 18 loss=0.3007184228623359
2019-01-18 14:46:26,131 19 loss=0.28909550473241014
2019-01-18 14:46:26,132 20 loss=0.2783990812756986
2019-01-18 14:46:26,132 
*** Major Checkpoint. Computing Stats and Saving
2019-01-18 14:46:26,132 	 Computing Major Stats lazily... 
2019-01-18 14:46:26,133 		 Completed edges=240 good=240 bad=0
2019-01-18 14:46:26,136 Distortion avg=0.48886461133381653 wc=8.560268772588122 me=1.4567688387997217 mc=5.876202554992322 nan_elements=0
2019-01-18 14:46:26,136 MAP = 0.1816665725147868
2019-01-18 14:46:26,136 scale=[array([1.])]
2019-01-18 14:46:26,136 *** End Major Checkpoint

2019-01-18 14:46:26,137 21 loss=0.2685311114970667
2019-01-18 14:46:26,138 22 loss=0.2594071144263721
2019-01-18 14:46:26,138 23 loss=0.2509536829644455
2019-01-18 14:46:26,139 24 loss=0.24310654802006054
2019-01-18 14:46:26,139 25 loss=0.2358090588433739
2019-01-18 14:46:26,140 26 loss=0.2290109799610615
2019-01-18 14:46:26,141 27 loss=0.22266753038298184
2019-01-18 14:46:26,141 28 loss=0.2167386093303726
2019-01-18 14:46:26,142 29 loss=0.21118816646232877
2019-01-18 14:46:26,143 30 loss=0.20598368476633608
2019-01-18 14:46:26,143 
*** Major Checkpoint. Computing Stats and Saving
2019-01-18 14:46:26,143 	 Computing Major Stats lazily... 
2019-01-18 14:46:26,144 		 Completed edges=240 good=240 bad=0
2019-01-18 14:46:26,146 Distortion avg=0.409298597440725 wc=7.885800952627925 me=1.62999358947008 mc=4.837933721685152 nan_elements=0
2019-01-18 14:46:26,146 MAP = 0.3354372231604375
2019-01-18 14:46:26,147 scale=[array([1.])]
2019-01-18 14:46:26,147 *** End Major Checkpoint

2019-01-18 14:46:26,147 31 loss=0.20109575187768464
2019-01-18 14:46:26,148 32 loss=0.19649770128670682
2019-01-18 14:46:26,149 33 loss=0.19216530917919775
2019-01-18 14:46:26,149 34 loss=0.18807653589671564
2019-01-18 14:46:26,150 35 loss=0.18421130346544937
2019-01-18 14:46:26,150 36 loss=0.18055130252061227
2019-01-18 14:46:26,151 37 loss=0.17707982339257045
2019-01-18 14:46:26,152 38 loss=0.1737816072285709
2019-01-18 14:46:26,152 39 loss=0.17064271388009028
2019-01-18 14:46:26,153 40 loss=0.16765040395036415
2019-01-18 14:46:26,153 
*** Major Checkpoint. Computing Stats and Saving
2019-01-18 14:46:26,153 	 Computing Major Stats lazily... 
2019-01-18 14:46:26,154 		 Completed edges=240 good=240 bad=0
2019-01-18 14:46:26,157 Distortion avg=0.36109707645849215 wc=7.305139754790098 me=1.6859695111847732 mc=4.332901458969203 nan_elements=0
2019-01-18 14:46:26,157 MAP = 0.45343797241118666
2019-01-18 14:46:26,157 scale=[array([1.])]
2019-01-18 14:46:26,157 *** End Major Checkpoint

2019-01-18 14:46:26,158 41 loss=0.1647930329145518
2019-01-18 14:46:26,158 42 loss=0.16205995563009273
2019-01-18 14:46:26,159 43 loss=0.15944143987273207
2019-01-18 14:46:26,160 44 loss=0.15692858778389643
2019-01-18 14:46:26,160 45 loss=0.1545132643124422
2019-01-18 14:46:26,161 46 loss=0.1521880318897154
2019-01-18 14:46:26,161 47 loss=0.14994609070020395
2019-01-18 14:46:26,162 48 loss=0.1477812240077327
2019-01-18 14:46:26,163 49 loss=0.14568774807459298
2019-01-18 14:46:26,163 50 loss=0.14366046627250456
2019-01-18 14:46:26,163 
*** Major Checkpoint. Computing Stats and Saving
2019-01-18 14:46:26,163 	 Computing Major Stats lazily... 
2019-01-18 14:46:26,165 		 Completed edges=240 good=240 bad=0
2019-01-18 14:46:26,167 Distortion avg=0.3299972455138768 wc=6.750382499366038 me=1.684122885224411 mc=4.008248185800612 nan_elements=0
2019-01-18 14:46:26,167 MAP = 0.6760452097505668
2019-01-18 14:46:26,167 scale=[array([1.])]
2019-01-18 14:46:26,168 *** End Major Checkpoint

2019-01-18 14:46:26,168 final loss=0.14366046627250456
2019-01-18 14:46:26,168 best loss=0.14366046627250456, distortion=0.3299972455138768, map=0.6760452097505668, wc_dist=6.750382499366038
2019-01-18 14:46:26,168 	 Computing Major Stats lazily... 
2019-01-18 14:46:26,169 		 Completed edges=240 good=240 bad=0
2019-01-18 14:46:26,171 Distortion avg=0.3299972455138768 wc=6.750382499366038 me=1.684122885224411 mc=4.008248185800612 nan_elements=0
2019-01-18 14:46:26,171 MAP = 0.6760452097505669
2019-01-18 14:46:26,172 scale=[array([1.])]
