2019-01-18 15:01:34,253 Commandline ['pytorch/pytorch_hyperbolic.py', 'learn', 'data/edges/parsing/ewt/ewt_dev/1375.edges', '--dim', '0', '--hyp', '0', '--edim', '10', '--euc', '1', '--sdim', '0', '--sph', '0', '--log-name', 'ewt_devr2/1375.edges.E10-1.lr1.log', '--batch-size', '65536', '--epochs', '50', '--checkpoint-freq', '10', '-g', '--subsample', '1024', '--learning-rate', '1']
2019-01-18 15:01:34,253 No Model Save selected!
2019-01-18 15:01:34,255 Loaded Graph data/edges/parsing/ewt/ewt_dev/1375.edges with 21 nodes scale=1.0
2019-01-18 15:01:34,255 Building dataset
2019-01-18 15:01:34,255 Subsample: 21 points with scale 1.0 subsample=20
2019-01-18 15:01:34,277 Built Data Sampler
2019-01-18 15:01:34,278 Creating a fresh model warm_start?=None
2019-01-18 15:01:34,278 	 Warmstarting? None None 21
2019-01-18 15:01:34,278 Embedding() torch.Size([21, 10])
2019-01-18 15:01:34,278 relative No Rescale
2019-01-18 15:01:34,279 Constructed model with dim=0 and epochs=0 isnan=False
2019-01-18 15:01:34,279 SGD (
Parameter Group 0
    dampening: 0
    initial_lr: 0.1
    lr: 1.0
    momentum: 0.0
    nesterov: False
    weight_decay: 0

Parameter Group 1
    dampening: 0
    initial_lr: 0.1
    lr: 1.0
    momentum: 0.0
    nesterov: False
    weight_decay: 0

Parameter Group 2
    dampening: 0
    initial_lr: 0.1
    lr: 1.0
    momentum: 0.0
    nesterov: False
    weight_decay: 0

Parameter Group 3
    dampening: 0
    initial_lr: 0.0001
    lr: 0.001
    momentum: 0.0
    nesterov: False
    weight_decay: 0
)
2019-01-18 15:01:34,279 *** Initial Checkpoint. Computing Stats
2019-01-18 15:01:34,279 	 Computing Major Stats lazily... 
2019-01-18 15:01:34,281 		 Completed edges=420 good=420 bad=0
2019-01-18 15:01:34,285 Distortion avg=0.9983489363965826 wc=15.616895740050646 me=0.005988741940966903 mc=2607.7089134899747 nan_elements=0
2019-01-18 15:01:34,285 MAP = 0.17865781490283925
2019-01-18 15:01:34,285 scale=[array([1.])]
2019-01-18 15:01:34,285 *** End Initial Checkpoint

2019-01-18 15:01:34,342 1 loss=0.9967019238722119
2019-01-18 15:01:34,343 2 loss=0.9384467605969387
2019-01-18 15:01:34,344 3 loss=0.8844356650333214
2019-01-18 15:01:34,345 4 loss=0.8359046411497918
2019-01-18 15:01:34,346 5 loss=0.7924082475668963
2019-01-18 15:01:34,346 6 loss=0.7533951916292959
2019-01-18 15:01:34,347 7 loss=0.718340596582951
2019-01-18 15:01:34,348 8 loss=0.686770821682409
2019-01-18 15:01:34,349 9 loss=0.6582665175291454
2019-01-18 15:01:34,349 10 loss=0.6324595295037928
2019-01-18 15:01:34,349 
*** Major Checkpoint. Computing Stats and Saving
2019-01-18 15:01:34,349 	 Computing Major Stats lazily... 
2019-01-18 15:01:34,351 		 Completed edges=420 good=420 bad=0
2019-01-18 15:01:34,355 Distortion avg=0.7547630324678226 wc=21.23627223297662 me=1.0812352174449558 mc=19.640751513033038 nan_elements=0
2019-01-18 15:01:34,355 MAP = 0.09072990813509389
2019-01-18 15:01:34,355 scale=[array([1.])]
2019-01-18 15:01:34,355 *** End Major Checkpoint

2019-01-18 15:01:34,356 11 loss=0.6090279861579577
2019-01-18 15:01:34,356 12 loss=0.5876910579467227
2019-01-18 15:01:34,357 13 loss=0.5682039439028154
2019-01-18 15:01:34,358 14 loss=0.5503532913924866
2019-01-18 15:01:34,359 15 loss=0.5339531071329973
2019-01-18 15:01:34,359 16 loss=0.5188411537234475
2019-01-18 15:01:34,360 17 loss=0.504875798564155
2019-01-18 15:01:34,361 18 loss=0.49193327167841905
2019-01-18 15:01:34,362 19 loss=0.47990528673394206
2019-01-18 15:01:34,362 20 loss=0.4686969812243964
2019-01-18 15:01:34,362 
*** Major Checkpoint. Computing Stats and Saving
2019-01-18 15:01:34,363 	 Computing Major Stats lazily... 
2019-01-18 15:01:34,364 		 Completed edges=420 good=420 bad=0
2019-01-18 15:01:34,368 Distortion avg=0.6470077361643048 wc=16.642672826220014 me=1.5029962042532392 mc=11.072997243189244 nan_elements=0
2019-01-18 15:01:34,368 MAP = 0.09327112873939498
2019-01-18 15:01:34,368 scale=[array([1.])]
2019-01-18 15:01:34,368 *** End Major Checkpoint

2019-01-18 15:01:34,369 21 loss=0.458225135180474
2019-01-18 15:01:34,369 22 loss=0.4484166318418177
2019-01-18 15:01:34,370 23 loss=0.4392071278756238
2019-01-18 15:01:34,371 24 loss=0.4305399046934594
2019-01-18 15:01:34,372 25 loss=0.42236487606446227
2019-01-18 15:01:34,372 26 loss=0.41463773050159136
2019-01-18 15:01:34,373 27 loss=0.4073191898027158
2019-01-18 15:01:34,374 28 loss=0.40037436767768025
2019-01-18 15:01:34,375 29 loss=0.39377221461448125
2019-01-18 15:01:34,375 30 loss=0.38748503706510284
2019-01-18 15:01:34,375 
*** Major Checkpoint. Computing Stats and Saving
2019-01-18 15:01:34,375 	 Computing Major Stats lazily... 
2019-01-18 15:01:34,377 		 Completed edges=420 good=420 bad=0
2019-01-18 15:01:34,380 Distortion avg=0.5921813319011238 wc=13.612296060623052 me=1.6219452813543551 mc=8.392574162092895 nan_elements=0
2019-01-18 15:01:34,381 MAP = 0.106301247628647
2019-01-18 15:01:34,381 scale=[array([1.])]
2019-01-18 15:01:34,381 *** End Major Checkpoint

2019-01-18 15:01:34,382 31 loss=0.3814880806976471
2019-01-18 15:01:34,382 32 loss=0.37575916889795896
2019-01-18 15:01:34,383 33 loss=0.3702783889403832
2019-01-18 15:01:34,384 34 loss=0.3650278193100774
2019-01-18 15:01:34,385 35 loss=0.3599912925720397
2019-01-18 15:01:34,385 36 loss=0.3551541889654031
2019-01-18 15:01:34,386 37 loss=0.3505032565737308
2019-01-18 15:01:34,387 38 loss=0.3460264544987284
2019-01-18 15:01:34,387 39 loss=0.3417128159595576
2019-01-18 15:01:34,388 40 loss=0.3375523286645302
2019-01-18 15:01:34,388 
*** Major Checkpoint. Computing Stats and Saving
2019-01-18 15:01:34,388 	 Computing Major Stats lazily... 
2019-01-18 15:01:34,390 		 Completed edges=420 good=420 bad=0
2019-01-18 15:01:34,393 Distortion avg=0.5475606218225441 wc=11.983418399606556 me=1.6930895410733477 mc=7.077840899075882 nan_elements=0
2019-01-18 15:01:34,393 MAP = 0.13293818958900785
2019-01-18 15:01:34,394 scale=[array([1.])]
2019-01-18 15:01:34,394 *** End Major Checkpoint

2019-01-18 15:01:34,394 41 loss=0.33353583016642335
2019-01-18 15:01:34,395 42 loss=0.32965491622566523
2019-01-18 15:01:34,396 43 loss=0.3259018604745654
2019-01-18 15:01:34,397 44 loss=0.3222695439069763
2019-01-18 15:01:34,397 45 loss=0.31875139291667676
2019-01-18 15:01:34,398 46 loss=0.3153413247790071
2019-01-18 15:01:34,399 47 loss=0.3120336996178148
2019-01-18 15:01:34,400 48 loss=0.3088232780269812
2019-01-18 15:01:34,400 49 loss=0.3057051836255775
2019-01-18 15:01:34,401 50 loss=0.3026748699205129
2019-01-18 15:01:34,401 
*** Major Checkpoint. Computing Stats and Saving
2019-01-18 15:01:34,401 	 Computing Major Stats lazily... 
2019-01-18 15:01:34,403 		 Completed edges=420 good=420 bad=0
2019-01-18 15:01:34,406 Distortion avg=0.5101147695936822 wc=11.009992203888899 me=1.7531644121932426 mc=6.280068273867815 nan_elements=0
2019-01-18 15:01:34,406 MAP = 0.17732371373827957
2019-01-18 15:01:34,407 scale=[array([1.])]
2019-01-18 15:01:34,407 *** End Major Checkpoint

2019-01-18 15:01:34,407 final loss=0.3026748699205129
2019-01-18 15:01:34,407 best loss=0.3026748699205129, distortion=0.5101147695936822, map=0.17732371373827957, wc_dist=11.009992203888899
2019-01-18 15:01:34,407 	 Computing Major Stats lazily... 
2019-01-18 15:01:34,409 		 Completed edges=420 good=420 bad=0
2019-01-18 15:01:34,412 Distortion avg=0.5101147695936824 wc=11.009992203888899 me=1.7531644121932426 mc=6.280068273867815 nan_elements=0
2019-01-18 15:01:34,412 MAP = 0.17732371373827957
2019-01-18 15:01:34,412 scale=[array([1.])]
