2019-01-18 14:54:56,592 Commandline ['pytorch/pytorch_hyperbolic.py', 'learn', 'data/edges/parsing/ewt/ewt_dev/1378.edges', '--dim', '0', '--hyp', '0', '--edim', '10', '--euc', '1', '--sdim', '0', '--sph', '0', '--log-name', 'ewt_devr2/1378.edges.E10-1.lr1.log', '--batch-size', '65536', '--epochs', '50', '--checkpoint-freq', '10', '-g', '--subsample', '1024', '--learning-rate', '1']
2019-01-18 14:54:56,592 No Model Save selected!
2019-01-18 14:54:56,594 Loaded Graph data/edges/parsing/ewt/ewt_dev/1378.edges with 24 nodes scale=1.0
2019-01-18 14:54:56,594 Building dataset
2019-01-18 14:54:56,595 Subsample: 24 points with scale 1.0 subsample=23
2019-01-18 14:54:56,622 Built Data Sampler
2019-01-18 14:54:56,623 Creating a fresh model warm_start?=None
2019-01-18 14:54:56,623 	 Warmstarting? None None 24
2019-01-18 14:54:56,623 Embedding() torch.Size([24, 10])
2019-01-18 14:54:56,623 relative No Rescale
2019-01-18 14:54:56,624 Constructed model with dim=0 and epochs=0 isnan=False
2019-01-18 14:54:56,624 SGD (
Parameter Group 0
    dampening: 0
    initial_lr: 0.1
    lr: 1.0
    momentum: 0.0
    nesterov: False
    weight_decay: 0

Parameter Group 1
    dampening: 0
    initial_lr: 0.1
    lr: 1.0
    momentum: 0.0
    nesterov: False
    weight_decay: 0

Parameter Group 2
    dampening: 0
    initial_lr: 0.1
    lr: 1.0
    momentum: 0.0
    nesterov: False
    weight_decay: 0

Parameter Group 3
    dampening: 0
    initial_lr: 0.0001
    lr: 0.001
    momentum: 0.0
    nesterov: False
    weight_decay: 0
)
2019-01-18 14:54:56,624 *** Initial Checkpoint. Computing Stats
2019-01-18 14:54:56,624 	 Computing Major Stats lazily... 
2019-01-18 14:54:56,627 		 Completed edges=552 good=552 bad=0
2019-01-18 14:54:56,630 Distortion avg=0.998329323960484 wc=16.33627771855737 me=0.007048654353541345 mc=2317.6448864100976 nan_elements=0
2019-01-18 14:54:56,630 MAP = 0.1360701254056926
2019-01-18 14:54:56,631 scale=[array([1.])]
2019-01-18 14:54:56,631 *** End Initial Checkpoint

2019-01-18 14:54:56,689 1 loss=0.9966626216762234
2019-01-18 14:54:56,690 2 loss=0.9461772756808438
2019-01-18 14:54:56,691 3 loss=0.8983645330376663
2019-01-18 14:54:56,692 4 loss=0.8545454483265745
2019-01-18 14:54:56,693 5 loss=0.8145147875179424
2019-01-18 14:54:56,694 6 loss=0.7779416397167261
2019-01-18 14:54:56,694 7 loss=0.7444909669986175
2019-01-18 14:54:56,695 8 loss=0.7138495450551184
2019-01-18 14:54:56,696 9 loss=0.6857322991437782
2019-01-18 14:54:56,697 10 loss=0.6598827790276319
2019-01-18 14:54:56,697 
*** Major Checkpoint. Computing Stats and Saving
2019-01-18 14:54:56,697 	 Computing Major Stats lazily... 
2019-01-18 14:54:56,699 		 Completed edges=552 good=552 bad=0
2019-01-18 14:54:56,703 Distortion avg=0.7782931117471185 wc=23.206982558886903 me=1.0148470859233252 mc=22.867467306932053 nan_elements=0
2019-01-18 14:54:56,703 MAP = 0.07703563343337229
2019-01-18 14:54:56,703 scale=[array([1.])]
2019-01-18 14:54:56,703 *** End Major Checkpoint

2019-01-18 14:54:56,704 11 loss=0.6360715960592063
2019-01-18 14:54:56,705 12 loss=0.6140941620829559
2019-01-18 14:54:56,706 13 loss=0.5937682652148633
2019-01-18 14:54:56,707 14 loss=0.5749317098005098
2019-01-18 14:54:56,708 15 loss=0.5574401163110403
2019-01-18 14:54:56,708 16 loss=0.5411649165102573
2019-01-18 14:54:56,709 17 loss=0.5259915503597804
2019-01-18 14:54:56,710 18 loss=0.5118178572816205
2019-01-18 14:54:56,711 19 loss=0.49855264805893923
2019-01-18 14:54:56,712 20 loss=0.48611444118921915
2019-01-18 14:54:56,712 
*** Major Checkpoint. Computing Stats and Saving
2019-01-18 14:54:56,713 	 Computing Major Stats lazily... 
2019-01-18 14:54:56,715 		 Completed edges=552 good=552 bad=0
2019-01-18 14:54:56,718 Distortion avg=0.6574891829599737 wc=18.52141959374741 me=1.437851139898701 mc=12.881319268594297 nan_elements=0
2019-01-18 14:54:56,719 MAP = 0.07940075047744316
2019-01-18 14:54:56,719 scale=[array([1.])]
2019-01-18 14:54:56,719 *** End Major Checkpoint

2019-01-18 14:54:56,720 21 loss=0.47443034705698717
2019-01-18 14:54:56,721 22 loss=0.463435083885342
2019-01-18 14:54:56,721 23 loss=0.45307011052411494
2019-01-18 14:54:56,722 24 loss=0.443282862443768
2019-01-18 14:54:56,723 25 loss=0.43402607866586074
2019-01-18 14:54:56,724 26 loss=0.4252572086852127
2019-01-18 14:54:56,725 27 loss=0.4169378896802884
2019-01-18 14:54:56,726 28 loss=0.40903348544609136
2019-01-18 14:54:56,727 29 loss=0.4015126795112648
2019-01-18 14:54:56,727 30 loss=0.39434711581961035
2019-01-18 14:54:56,727 
*** Major Checkpoint. Computing Stats and Saving
2019-01-18 14:54:56,728 	 Computing Major Stats lazily... 
2019-01-18 14:54:56,730 		 Completed edges=552 good=552 bad=0
2019-01-18 14:54:56,733 Distortion avg=0.5970369744537216 wc=15.038306484218507 me=1.5741701920437454 mc=9.553164302199288 nan_elements=0
2019-01-18 14:54:56,733 MAP = 0.09049630857151625
2019-01-18 14:54:56,734 scale=[array([1.])]
2019-01-18 14:54:56,734 *** End Major Checkpoint

2019-01-18 14:54:56,734 31 loss=0.3875110811715071
2019-01-18 14:54:56,735 32 loss=0.38098122434072773
2019-01-18 14:54:56,736 33 loss=0.37473630741564
2019-01-18 14:54:56,737 34 loss=0.368756985469645
2019-01-18 14:54:56,738 35 loss=0.3630256111524862
2019-01-18 14:54:56,739 36 loss=0.35752606121974134
2019-01-18 14:54:56,740 37 loss=0.3522435823896709
2019-01-18 14:54:56,741 38 loss=0.34716465424123905
2019-01-18 14:54:56,741 39 loss=0.34227686715042394
2019-01-18 14:54:56,742 40 loss=0.33756881350911006
2019-01-18 14:54:56,742 
*** Major Checkpoint. Computing Stats and Saving
2019-01-18 14:54:56,742 	 Computing Major Stats lazily... 
2019-01-18 14:54:56,745 		 Completed edges=552 good=552 bad=0
2019-01-18 14:54:56,748 Distortion avg=0.548416325661638 wc=13.175160820294069 me=1.6678738902838135 mc=7.89937470515359 nan_elements=0
2019-01-18 14:54:56,748 MAP = 0.11982056809582388
2019-01-18 14:54:56,748 scale=[array([1.])]
2019-01-18 14:54:56,749 *** End Major Checkpoint

2019-01-18 14:54:56,749 41 loss=0.33302999068653366
2019-01-18 14:54:56,750 42 loss=0.3286507143814392
2019-01-18 14:54:56,751 43 loss=0.3244220411774012
2019-01-18 14:54:56,752 44 loss=0.3203356992572093
2019-01-18 14:54:56,753 45 loss=0.3163840263575646
2019-01-18 14:54:56,753 46 loss=0.31255991415489254
2019-01-18 14:54:56,754 47 loss=0.30885675836892434
2019-01-18 14:54:56,755 48 loss=0.30526841395460047
2019-01-18 14:54:56,756 49 loss=0.3017891548263445
2019-01-18 14:54:56,757 50 loss=0.29841363762319734
2019-01-18 14:54:56,757 
*** Major Checkpoint. Computing Stats and Saving
2019-01-18 14:54:56,757 	 Computing Major Stats lazily... 
2019-01-18 14:54:56,759 		 Completed edges=552 good=552 bad=0
2019-01-18 14:54:56,763 Distortion avg=0.5077533469866701 wc=12.413082645982389 me=1.7946606018230882 mc=6.916674179715475 nan_elements=0
2019-01-18 14:54:56,763 MAP = 0.15771945998692535
2019-01-18 14:54:56,763 scale=[array([1.])]
2019-01-18 14:54:56,763 *** End Major Checkpoint

2019-01-18 14:54:56,763 final loss=0.29841363762319734
2019-01-18 14:54:56,763 best loss=0.29841363762319734, distortion=0.5077533469866701, map=0.15771945998692535, wc_dist=12.413082645982389
2019-01-18 14:54:56,763 	 Computing Major Stats lazily... 
2019-01-18 14:54:56,765 		 Completed edges=552 good=552 bad=0
2019-01-18 14:54:56,769 Distortion avg=0.50775334698667 wc=12.413082645982389 me=1.7946606018230882 mc=6.916674179715475 nan_elements=0
2019-01-18 14:54:56,769 MAP = 0.15771945998692535
2019-01-18 14:54:56,769 scale=[array([1.])]
