2019-01-18 15:01:53,071 Commandline ['pytorch/pytorch_hyperbolic.py', 'learn', 'data/edges/parsing/ewt/ewt_dev/138.edges', '--dim', '0', '--hyp', '0', '--edim', '10', '--euc', '1', '--sdim', '0', '--sph', '0', '--log-name', 'ewt_devr2/138.edges.E10-1.lr1.log', '--batch-size', '65536', '--epochs', '50', '--checkpoint-freq', '10', '-g', '--subsample', '1024', '--learning-rate', '1']
2019-01-18 15:01:53,071 No Model Save selected!
2019-01-18 15:01:53,073 Loaded Graph data/edges/parsing/ewt/ewt_dev/138.edges with 19 nodes scale=1.0
2019-01-18 15:01:53,073 Building dataset
2019-01-18 15:01:53,074 Subsample: 19 points with scale 1.0 subsample=18
2019-01-18 15:01:53,093 Built Data Sampler
2019-01-18 15:01:53,093 Creating a fresh model warm_start?=None
2019-01-18 15:01:53,093 	 Warmstarting? None None 19
2019-01-18 15:01:53,093 Embedding() torch.Size([19, 10])
2019-01-18 15:01:53,094 relative No Rescale
2019-01-18 15:01:53,094 Constructed model with dim=0 and epochs=0 isnan=False
2019-01-18 15:01:53,094 SGD (
Parameter Group 0
    dampening: 0
    initial_lr: 0.1
    lr: 1.0
    momentum: 0.0
    nesterov: False
    weight_decay: 0

Parameter Group 1
    dampening: 0
    initial_lr: 0.1
    lr: 1.0
    momentum: 0.0
    nesterov: False
    weight_decay: 0

Parameter Group 2
    dampening: 0
    initial_lr: 0.1
    lr: 1.0
    momentum: 0.0
    nesterov: False
    weight_decay: 0

Parameter Group 3
    dampening: 0
    initial_lr: 0.0001
    lr: 0.001
    momentum: 0.0
    nesterov: False
    weight_decay: 0
)
2019-01-18 15:01:53,094 *** Initial Checkpoint. Computing Stats
2019-01-18 15:01:53,094 	 Computing Major Stats lazily... 
2019-01-18 15:01:53,096 		 Completed edges=342 good=342 bad=0
2019-01-18 15:01:53,099 Distortion avg=0.9982233020607877 wc=11.715809310651025 me=0.006196519622161948 mc=1890.7080143423177 nan_elements=0
2019-01-18 15:01:53,099 MAP = 0.279336188300004
2019-01-18 15:01:53,099 scale=[array([1.])]
2019-01-18 15:01:53,100 *** End Initial Checkpoint

2019-01-18 15:01:53,157 1 loss=0.9964510880026195
2019-01-18 15:01:53,157 2 loss=0.9230953002188113
2019-01-18 15:01:53,158 3 loss=0.8565922853675733
2019-01-18 15:01:53,159 4 loss=0.7983845751187814
2019-01-18 15:01:53,159 5 loss=0.7474539670498517
2019-01-18 15:01:53,160 6 loss=0.7027502384755363
2019-01-18 15:01:53,161 7 loss=0.6633517405848518
2019-01-18 15:01:53,161 8 loss=0.6284770040271624
2019-01-18 15:01:53,162 9 loss=0.5974702905930086
2019-01-18 15:01:53,163 10 loss=0.5697828320047293
2019-01-18 15:01:53,163 
*** Major Checkpoint. Computing Stats and Saving
2019-01-18 15:01:53,163 	 Computing Major Stats lazily... 
2019-01-18 15:01:53,164 		 Completed edges=342 good=342 bad=0
2019-01-18 15:01:53,167 Distortion avg=0.7051239471609344 wc=25.876007461120256 me=1.167345388905203 mc=22.166539318228786 nan_elements=0
2019-01-18 15:01:53,167 MAP = 0.11549844920587952
2019-01-18 15:01:53,168 scale=[array([1.])]
2019-01-18 15:01:53,168 *** End Major Checkpoint

2019-01-18 15:01:53,168 11 loss=0.5449551059398867
2019-01-18 15:01:53,169 12 loss=0.5226014713067414
2019-01-18 15:01:53,170 13 loss=0.5023972905543878
2019-01-18 15:01:53,170 14 loss=0.48406829969364984
2019-01-18 15:01:53,171 15 loss=0.4673818954609892
2019-01-18 15:01:53,172 16 loss=0.4521400144788853
2019-01-18 15:01:53,172 17 loss=0.4381733166124755
2019-01-18 15:01:53,173 18 loss=0.42533642931327875
2019-01-18 15:01:53,174 19 loss=0.4135040522152762
2019-01-18 15:01:53,174 20 loss=0.4025677584290609
2019-01-18 15:01:53,175 
*** Major Checkpoint. Computing Stats and Saving
2019-01-18 15:01:53,175 	 Computing Major Stats lazily... 
2019-01-18 15:01:53,176 		 Completed edges=342 good=342 bad=0
2019-01-18 15:01:53,179 Distortion avg=0.5908101451437007 wc=18.07016117660359 me=1.4441552071618773 mc=12.512617125216018 nan_elements=0
2019-01-18 15:01:53,179 MAP = 0.13149900638290732
2019-01-18 15:01:53,179 scale=[array([1.])]
2019-01-18 15:01:53,179 *** End Major Checkpoint

2019-01-18 15:01:53,180 21 loss=0.3924333602294549
2019-01-18 15:01:53,181 22 loss=0.38301873252395124
2019-01-18 15:01:53,181 23 loss=0.3742520083445202
2019-01-18 15:01:53,182 24 loss=0.3660700774069708
2019-01-18 15:01:53,183 25 loss=0.358417332258475
2019-01-18 15:01:53,183 26 loss=0.35124461731729856
2019-01-18 15:01:53,184 27 loss=0.34450834472853337
2019-01-18 15:01:53,185 28 loss=0.33816974784949744
2019-01-18 15:01:53,186 29 loss=0.3321942486893841
2019-01-18 15:01:53,186 30 loss=0.32655092004121483
2019-01-18 15:01:53,186 
*** Major Checkpoint. Computing Stats and Saving
2019-01-18 15:01:53,186 	 Computing Major Stats lazily... 
2019-01-18 15:01:53,188 		 Completed edges=342 good=342 bad=0
2019-01-18 15:01:53,191 Distortion avg=0.5266797988860825 wc=14.710441749072006 me=1.6360636887998932 mc=8.991362530551974 nan_elements=0
2019-01-18 15:01:53,191 MAP = 0.15439306458075808
2019-01-18 15:01:53,191 scale=[array([1.])]
2019-01-18 15:01:53,191 *** End Major Checkpoint

2019-01-18 15:01:53,192 31 loss=0.32121202658483816
2019-01-18 15:01:53,192 32 loss=0.3161526320862542
2019-01-18 15:01:53,193 33 loss=0.31135026211268657
2019-01-18 15:01:53,194 34 loss=0.30678461353692615
2019-01-18 15:01:53,194 35 loss=0.30243730360751725
2019-01-18 15:01:53,195 36 loss=0.29829165258381285
2019-01-18 15:01:53,196 37 loss=0.294332494932633
2019-01-18 15:01:53,196 38 loss=0.2905460149004673
2019-01-18 15:01:53,197 39 loss=0.2869196029469932
2019-01-18 15:01:53,198 40 loss=0.28344173008006684
2019-01-18 15:01:53,198 
*** Major Checkpoint. Computing Stats and Saving
2019-01-18 15:01:53,198 	 Computing Major Stats lazily... 
2019-01-18 15:01:53,199 		 Completed edges=342 good=342 bad=0
2019-01-18 15:01:53,202 Distortion avg=0.4796066005555152 wc=12.41230509514364 me=1.7421514752437148 mc=7.124699127214093 nan_elements=0
2019-01-18 15:01:53,202 MAP = 0.23804842281041969
2019-01-18 15:01:53,202 scale=[array([1.])]
2019-01-18 15:01:53,202 *** End Major Checkpoint

2019-01-18 15:01:53,203 41 loss=0.28010183759147345
2019-01-18 15:01:53,204 42 loss=0.2768902400743916
2019-01-18 15:01:53,204 43 loss=0.27379803992187257
2019-01-18 15:01:53,205 44 loss=0.27081705177210036
2019-01-18 15:01:53,206 45 loss=0.26793973558993306
2019-01-18 15:01:53,206 46 loss=0.26515913726267365
2019-01-18 15:01:53,207 47 loss=0.2624688357471847
2019-01-18 15:01:53,208 48 loss=0.2598628959402762
2019-01-18 15:01:53,209 49 loss=0.25733582655876686
2019-01-18 15:01:53,209 50 loss=0.25488254241304886
2019-01-18 15:01:53,209 
*** Major Checkpoint. Computing Stats and Saving
2019-01-18 15:01:53,209 	 Computing Major Stats lazily... 
2019-01-18 15:01:53,211 		 Completed edges=342 good=342 bad=0
2019-01-18 15:01:53,214 Distortion avg=0.4476493599113456 wc=10.602710758324713 me=1.7804080202984798 mc=5.9552139944568445 nan_elements=0
2019-01-18 15:01:53,214 MAP = 0.32441546993598075
2019-01-18 15:01:53,214 scale=[array([1.])]
2019-01-18 15:01:53,214 *** End Major Checkpoint

2019-01-18 15:01:53,214 final loss=0.25488254241304886
2019-01-18 15:01:53,214 best loss=0.25488254241304886, distortion=0.4476493599113456, map=0.32441546993598075, wc_dist=10.602710758324713
2019-01-18 15:01:53,214 	 Computing Major Stats lazily... 
2019-01-18 15:01:53,216 		 Completed edges=342 good=342 bad=0
2019-01-18 15:01:53,219 Distortion avg=0.44764935991134563 wc=10.602710758324713 me=1.7804080202984798 mc=5.9552139944568445 nan_elements=0
2019-01-18 15:01:53,219 MAP = 0.32441546993598075
2019-01-18 15:01:53,219 scale=[array([1.])]
