2019-01-18 15:10:11,174 Commandline ['pytorch/pytorch_hyperbolic.py', 'learn', 'data/edges/parsing/ewt/ewt_dev/1389.edges', '--dim', '0', '--hyp', '0', '--edim', '10', '--euc', '1', '--sdim', '0', '--sph', '0', '--log-name', 'ewt_devr2/1389.edges.E10-1.lr1.log', '--batch-size', '65536', '--epochs', '50', '--checkpoint-freq', '10', '-g', '--subsample', '1024', '--learning-rate', '1']
2019-01-18 15:10:11,174 No Model Save selected!
2019-01-18 15:10:11,176 Loaded Graph data/edges/parsing/ewt/ewt_dev/1389.edges with 12 nodes scale=1.0
2019-01-18 15:10:11,176 Building dataset
2019-01-18 15:10:11,176 Subsample: 12 points with scale 1.0 subsample=11
2019-01-18 15:10:11,190 Built Data Sampler
2019-01-18 15:10:11,190 Creating a fresh model warm_start?=None
2019-01-18 15:10:11,190 	 Warmstarting? None None 12
2019-01-18 15:10:11,190 Embedding() torch.Size([12, 10])
2019-01-18 15:10:11,191 relative No Rescale
2019-01-18 15:10:11,191 Constructed model with dim=0 and epochs=0 isnan=False
2019-01-18 15:10:11,191 SGD (
Parameter Group 0
    dampening: 0
    initial_lr: 0.1
    lr: 1.0
    momentum: 0.0
    nesterov: False
    weight_decay: 0

Parameter Group 1
    dampening: 0
    initial_lr: 0.1
    lr: 1.0
    momentum: 0.0
    nesterov: False
    weight_decay: 0

Parameter Group 2
    dampening: 0
    initial_lr: 0.1
    lr: 1.0
    momentum: 0.0
    nesterov: False
    weight_decay: 0

Parameter Group 3
    dampening: 0
    initial_lr: 0.0001
    lr: 0.001
    momentum: 0.0
    nesterov: False
    weight_decay: 0
)
2019-01-18 15:10:11,191 *** Initial Checkpoint. Computing Stats
2019-01-18 15:10:11,191 	 Computing Major Stats lazily... 
2019-01-18 15:10:11,193 		 Completed edges=132 good=132 bad=0
2019-01-18 15:10:11,195 Distortion avg=0.9979343166578132 wc=9.365568482923583 me=0.005941110731069004 mc=1576.400256932832 nan_elements=0
2019-01-18 15:10:11,195 MAP = 0.29643157768157763
2019-01-18 15:10:11,196 scale=[array([1.])]
2019-01-18 15:10:11,196 *** End Initial Checkpoint

2019-01-18 15:10:11,263 1 loss=0.9958745191897407
2019-01-18 15:10:11,264 2 loss=0.8336803680359947
2019-01-18 15:10:11,264 3 loss=0.7094885784426762
2019-01-18 15:10:11,265 4 loss=0.6169734902549947
2019-01-18 15:10:11,266 5 loss=0.5468678066305709
2019-01-18 15:10:11,267 6 loss=0.49258056338883804
2019-01-18 15:10:11,268 7 loss=0.4496082995620486
2019-01-18 15:10:11,268 8 loss=0.4148764979892687
2019-01-18 15:10:11,269 9 loss=0.38626593631603623
2019-01-18 15:10:11,269 10 loss=0.3622953161460062
2019-01-18 15:10:11,269 
*** Major Checkpoint. Computing Stats and Saving
2019-01-18 15:10:11,270 	 Computing Major Stats lazily... 
2019-01-18 15:10:11,270 		 Completed edges=132 good=132 bad=0
2019-01-18 15:10:11,273 Distortion avg=0.5383963164142515 wc=10.636450973527706 me=1.3346918543129596 mc=7.969218467286505 nan_elements=0
2019-01-18 15:10:11,273 MAP = 0.18315796857463526
2019-01-18 15:10:11,273 scale=[array([1.])]
2019-01-18 15:10:11,273 *** End Major Checkpoint

2019-01-18 15:10:11,274 11 loss=0.3419122920322925
2019-01-18 15:10:11,275 12 loss=0.3243560568936013
2019-01-18 15:10:11,276 13 loss=0.3090664907239816
2019-01-18 15:10:11,276 14 loss=0.295623567453978
2019-01-18 15:10:11,277 15 loss=0.2837065157381846
2019-01-18 15:10:11,278 16 loss=0.27306597663433163
2019-01-18 15:10:11,279 17 loss=0.2635047936301045
2019-01-18 15:10:11,280 18 loss=0.2548645952943773
2019-01-18 15:10:11,280 19 loss=0.24701630614996337
2019-01-18 15:10:11,281 20 loss=0.23985334947680767
2019-01-18 15:10:11,281 
*** Major Checkpoint. Computing Stats and Saving
2019-01-18 15:10:11,282 	 Computing Major Stats lazily... 
2019-01-18 15:10:11,282 		 Completed edges=132 good=132 bad=0
2019-01-18 15:10:11,285 Distortion avg=0.43981554593537453 wc=7.791635473818796 me=1.474467526544104 mc=5.284372380910305 nan_elements=0
2019-01-18 15:10:11,285 MAP = 0.35722001763668426
2019-01-18 15:10:11,285 scale=[array([1.])]
2019-01-18 15:10:11,285 *** End Major Checkpoint

2019-01-18 15:10:11,286 21 loss=0.23328671383449487
2019-01-18 15:10:11,286 22 loss=0.22724132286089496
2019-01-18 15:10:11,287 23 loss=0.22165332543825142
2019-01-18 15:10:11,288 24 loss=0.2164680422514758
2019-01-18 15:10:11,288 25 loss=0.21163838523490267
2019-01-18 15:10:11,289 26 loss=0.20712362135764814
2019-01-18 15:10:11,290 27 loss=0.20288839004220655
2019-01-18 15:10:11,290 28 loss=0.19890190976842434
2019-01-18 15:10:11,291 29 loss=0.19513732775304024
2019-01-18 15:10:11,292 30 loss=0.19157117947554034
2019-01-18 15:10:11,292 
*** Major Checkpoint. Computing Stats and Saving
2019-01-18 15:10:11,292 	 Computing Major Stats lazily... 
2019-01-18 15:10:11,293 		 Completed edges=132 good=132 bad=0
2019-01-18 15:10:11,296 Distortion avg=0.38159687335547005 wc=6.964735547278151 me=1.575993804391333 mc=4.4192658168272505 nan_elements=0
2019-01-18 15:10:11,296 MAP = 0.6605985449735449
2019-01-18 15:10:11,296 scale=[array([1.])]
2019-01-18 15:10:11,297 *** End Major Checkpoint

2019-01-18 15:10:11,297 31 loss=0.18818293391363852
2019-01-18 15:10:11,298 32 loss=0.18495460679877676
2019-01-18 15:10:11,299 33 loss=0.1818704287920128
2019-01-18 15:10:11,300 34 loss=0.17891655876135748
2019-01-18 15:10:11,301 35 loss=0.17608083469609193
2019-01-18 15:10:11,301 36 loss=0.17335255649099157
2019-01-18 15:10:11,302 37 loss=0.17072229606368494
2019-01-18 15:10:11,303 38 loss=0.1681817311660986
2019-01-18 15:10:11,303 39 loss=0.1657234999116278
2019-01-18 15:10:11,304 40 loss=0.1633410735313288
2019-01-18 15:10:11,304 
*** Major Checkpoint. Computing Stats and Saving
2019-01-18 15:10:11,304 	 Computing Major Stats lazily... 
2019-01-18 15:10:11,305 		 Completed edges=132 good=132 bad=0
2019-01-18 15:10:11,307 Distortion avg=0.3442389126447451 wc=6.298811645650147 me=1.5948661663032595 mc=3.9494296002592892 nan_elements=0
2019-01-18 15:10:11,307 MAP = 0.6988095238095239
2019-01-18 15:10:11,308 scale=[array([1.])]
2019-01-18 15:10:11,308 *** End Major Checkpoint

2019-01-18 15:10:11,309 41 loss=0.16102864524353722
2019-01-18 15:10:11,309 42 loss=0.15878103340645394
2019-01-18 15:10:11,310 43 loss=0.1565935973471028
2019-01-18 15:10:11,311 44 loss=0.1544621644402018
2019-01-18 15:10:11,311 45 loss=0.15238296715939434
2019-01-18 15:10:11,312 46 loss=0.1503525889497464
2019-01-18 15:10:11,313 47 loss=0.14836791788058917
2019-01-18 15:10:11,314 48 loss=0.1464261071359151
2019-01-18 15:10:11,315 49 loss=0.14452454148850202
2019-01-18 15:10:11,316 50 loss=0.14266080898563926
2019-01-18 15:10:11,316 
*** Major Checkpoint. Computing Stats and Saving
2019-01-18 15:10:11,316 	 Computing Major Stats lazily... 
2019-01-18 15:10:11,317 		 Completed edges=132 good=132 bad=0
2019-01-18 15:10:11,319 Distortion avg=0.31572925771393023 wc=6.154530641924579 me=1.5681028443669 mc=3.924825890108876 nan_elements=0
2019-01-18 15:10:11,320 MAP = 0.8029761904761905
2019-01-18 15:10:11,320 scale=[array([1.])]
2019-01-18 15:10:11,320 *** End Major Checkpoint

2019-01-18 15:10:11,320 final loss=0.14266080898563926
2019-01-18 15:10:11,320 best loss=0.14266080898563926, distortion=0.31572925771393023, map=0.8029761904761905, wc_dist=6.154530641924579
2019-01-18 15:10:11,320 	 Computing Major Stats lazily... 
2019-01-18 15:10:11,321 		 Completed edges=132 good=132 bad=0
2019-01-18 15:10:11,323 Distortion avg=0.3157292577139302 wc=6.154530641924579 me=1.5681028443669 mc=3.924825890108876 nan_elements=0
2019-01-18 15:10:11,323 MAP = 0.8029761904761905
2019-01-18 15:10:11,324 scale=[array([1.])]
