2019-01-18 15:07:29,596 Commandline ['pytorch/pytorch_hyperbolic.py', 'learn', 'data/edges/parsing/ewt/ewt_dev/1392.edges', '--dim', '0', '--hyp', '0', '--edim', '10', '--euc', '1', '--sdim', '0', '--sph', '0', '--log-name', 'ewt_devr2/1392.edges.E10-1.lr1.log', '--batch-size', '65536', '--epochs', '50', '--checkpoint-freq', '10', '-g', '--subsample', '1024', '--learning-rate', '1']
2019-01-18 15:07:29,596 No Model Save selected!
2019-01-18 15:07:29,598 Loaded Graph data/edges/parsing/ewt/ewt_dev/1392.edges with 20 nodes scale=1.0
2019-01-18 15:07:29,598 Building dataset
2019-01-18 15:07:29,599 Subsample: 20 points with scale 1.0 subsample=19
2019-01-18 15:07:29,621 Built Data Sampler
2019-01-18 15:07:29,621 Creating a fresh model warm_start?=None
2019-01-18 15:07:29,621 	 Warmstarting? None None 20
2019-01-18 15:07:29,622 Embedding() torch.Size([20, 10])
2019-01-18 15:07:29,622 relative No Rescale
2019-01-18 15:07:29,622 Constructed model with dim=0 and epochs=0 isnan=False
2019-01-18 15:07:29,622 SGD (
Parameter Group 0
    dampening: 0
    initial_lr: 0.1
    lr: 1.0
    momentum: 0.0
    nesterov: False
    weight_decay: 0

Parameter Group 1
    dampening: 0
    initial_lr: 0.1
    lr: 1.0
    momentum: 0.0
    nesterov: False
    weight_decay: 0

Parameter Group 2
    dampening: 0
    initial_lr: 0.1
    lr: 1.0
    momentum: 0.0
    nesterov: False
    weight_decay: 0

Parameter Group 3
    dampening: 0
    initial_lr: 0.0001
    lr: 0.001
    momentum: 0.0
    nesterov: False
    weight_decay: 0
)
2019-01-18 15:07:29,623 *** Initial Checkpoint. Computing Stats
2019-01-18 15:07:29,623 	 Computing Major Stats lazily... 
2019-01-18 15:07:29,625 		 Completed edges=380 good=380 bad=0
2019-01-18 15:07:29,628 Distortion avg=0.9983462610727972 wc=18.440376857588898 me=0.005941110731069004 mc=3103.8601521353667 nan_elements=0
2019-01-18 15:07:29,628 MAP = 0.16535724691974693
2019-01-18 15:07:29,628 scale=[array([1.])]
2019-01-18 15:07:29,628 *** End Initial Checkpoint

2019-01-18 15:07:29,688 1 loss=0.9966966526745544
2019-01-18 15:07:29,689 2 loss=0.9365694900366179
2019-01-18 15:07:29,689 3 loss=0.8810982549803074
2019-01-18 15:07:29,690 4 loss=0.8314306868806
2019-01-18 15:07:29,691 5 loss=0.7870869369838894
2019-01-18 15:07:29,691 6 loss=0.7474784184924528
2019-01-18 15:07:29,692 7 loss=0.7120446619695979
2019-01-18 15:07:29,693 8 loss=0.6802798713928251
2019-01-18 15:07:29,694 9 loss=0.6517363356754633
2019-01-18 15:07:29,694 10 loss=0.6260211796008348
2019-01-18 15:07:29,694 
*** Major Checkpoint. Computing Stats and Saving
2019-01-18 15:07:29,695 	 Computing Major Stats lazily... 
2019-01-18 15:07:29,696 		 Completed edges=380 good=380 bad=0
2019-01-18 15:07:29,699 Distortion avg=0.7477631825181049 wc=19.295749488214547 me=0.9482747139475954 mc=20.348269551433898 nan_elements=0
2019-01-18 15:07:29,699 MAP = 0.0928496169866139
2019-01-18 15:07:29,700 scale=[array([1.])]
2019-01-18 15:07:29,700 *** End Major Checkpoint

2019-01-18 15:07:29,700 11 loss=0.602791121106714
2019-01-18 15:07:29,701 12 loss=0.58174685246572
2019-01-18 15:07:29,702 13 loss=0.5626276576930154
2019-01-18 15:07:29,703 14 loss=0.5452064931858692
2019-01-18 15:07:29,703 15 loss=0.5292855969360613
2019-01-18 15:07:29,704 16 loss=0.5146926210384045
2019-01-18 15:07:29,705 17 loss=0.5012772518935977
2019-01-18 15:07:29,706 18 loss=0.48890827099891
2019-01-18 15:07:29,706 19 loss=0.47747100673858667
2019-01-18 15:07:29,707 20 loss=0.46686512940087926
2019-01-18 15:07:29,707 
*** Major Checkpoint. Computing Stats and Saving
2019-01-18 15:07:29,707 	 Computing Major Stats lazily... 
2019-01-18 15:07:29,709 		 Completed edges=380 good=380 bad=0
2019-01-18 15:07:29,712 Distortion avg=0.6419914066664311 wc=16.84964633619114 me=1.370646248062358 mc=12.293213044584615 nan_elements=0
2019-01-18 15:07:29,712 MAP = 0.09734117021752471
2019-01-18 15:07:29,712 scale=[array([1.])]
2019-01-18 15:07:29,713 *** End Major Checkpoint

2019-01-18 15:07:29,713 21 loss=0.4570027453912443
2019-01-18 15:07:29,714 22 loss=0.4478067510688878
2019-01-18 15:07:29,715 23 loss=0.4392094111852353
2019-01-18 15:07:29,715 24 loss=0.4311511312384557
2019-01-18 15:07:29,716 25 loss=0.42357939703554864
2019-01-18 15:07:29,717 26 loss=0.41644785832080083
2019-01-18 15:07:29,718 27 loss=0.4097155364829137
2019-01-18 15:07:29,718 28 loss=0.40334613911396905
2019-01-18 15:07:29,719 29 loss=0.39730746659446275
2019-01-18 15:07:29,720 30 loss=0.3915708979570411
2019-01-18 15:07:29,720 
*** Major Checkpoint. Computing Stats and Saving
2019-01-18 15:07:29,720 	 Computing Major Stats lazily... 
2019-01-18 15:07:29,722 		 Completed edges=380 good=380 bad=0
2019-01-18 15:07:29,725 Distortion avg=0.590490458489488 wc=15.272321574577214 me=1.5603928193572494 mc=9.787485167272255 nan_elements=0
2019-01-18 15:07:29,725 MAP = 0.1117371627985018
2019-01-18 15:07:29,725 scale=[array([1.])]
2019-01-18 15:07:29,725 *** End Major Checkpoint

2019-01-18 15:07:29,726 31 loss=0.38611094507472304
2019-01-18 15:07:29,727 32 loss=0.38090486576282745
2019-01-18 15:07:29,728 33 loss=0.3759323277100892
2019-01-18 15:07:29,728 34 loss=0.3711751162928652
2019-01-18 15:07:29,729 35 loss=0.3666168803027356
2019-01-18 15:07:29,730 36 loss=0.36224291045493867
2019-01-18 15:07:29,731 37 loss=0.35803994626263164
2019-01-18 15:07:29,731 38 loss=0.3539960074770496
2019-01-18 15:07:29,732 39 loss=0.35010024682093843
2019-01-18 15:07:29,733 40 loss=0.3463428211948194
2019-01-18 15:07:29,733 
*** Major Checkpoint. Computing Stats and Saving
2019-01-18 15:07:29,733 	 Computing Major Stats lazily... 
2019-01-18 15:07:29,734 		 Completed edges=380 good=380 bad=0
2019-01-18 15:07:29,737 Distortion avg=0.5486114024954466 wc=14.570917838168047 me=1.7042526923370878 mc=8.549740249015862 nan_elements=0
2019-01-18 15:07:29,737 MAP = 0.14376350773409594
2019-01-18 15:07:29,738 scale=[array([1.])]
2019-01-18 15:07:29,738 *** End Major Checkpoint

2019-01-18 15:07:29,738 41 loss=0.34271477892356017
2019-01-18 15:07:29,739 42 loss=0.3392079609436551
2019-01-18 15:07:29,740 43 loss=0.33581491411752057
2019-01-18 15:07:29,740 44 loss=0.33252881510675864
2019-01-18 15:07:29,741 45 loss=0.3293434034475699
2019-01-18 15:07:29,742 46 loss=0.3262529226532237
2019-01-18 15:07:29,743 47 loss=0.32325206832498105
2019-01-18 15:07:29,743 48 loss=0.32033594238771423
2019-01-18 15:07:29,744 49 loss=0.3175000126827599
2019-01-18 15:07:29,745 50 loss=0.3147400772509251
2019-01-18 15:07:29,745 
*** Major Checkpoint. Computing Stats and Saving
2019-01-18 15:07:29,745 	 Computing Major Stats lazily... 
2019-01-18 15:07:29,747 		 Completed edges=380 good=380 bad=0
2019-01-18 15:07:29,750 Distortion avg=0.5143361843853761 wc=13.956043127684959 me=1.7911546380703982 mc=7.79164614324966 nan_elements=0
2019-01-18 15:07:29,750 MAP = 0.1707983281696517
2019-01-18 15:07:29,750 scale=[array([1.])]
2019-01-18 15:07:29,750 *** End Major Checkpoint

2019-01-18 15:07:29,750 final loss=0.3147400772509251
2019-01-18 15:07:29,750 best loss=0.3147400772509251, distortion=0.5143361843853761, map=0.1707983281696517, wc_dist=13.956043127684959
2019-01-18 15:07:29,750 	 Computing Major Stats lazily... 
2019-01-18 15:07:29,752 		 Completed edges=380 good=380 bad=0
2019-01-18 15:07:29,755 Distortion avg=0.514336184385376 wc=13.956043127684959 me=1.7911546380703982 mc=7.79164614324966 nan_elements=0
2019-01-18 15:07:29,755 MAP = 0.1707983281696517
2019-01-18 15:07:29,755 scale=[array([1.])]
