2019-01-18 14:54:10,007 Commandline ['pytorch/pytorch_hyperbolic.py', 'learn', 'data/edges/parsing/ewt/ewt_dev/1393.edges', '--dim', '0', '--hyp', '0', '--edim', '10', '--euc', '1', '--sdim', '0', '--sph', '0', '--log-name', 'ewt_devr2/1393.edges.E10-1.lr1.log', '--batch-size', '65536', '--epochs', '50', '--checkpoint-freq', '10', '-g', '--subsample', '1024', '--learning-rate', '1']
2019-01-18 14:54:10,007 No Model Save selected!
2019-01-18 14:54:10,009 Loaded Graph data/edges/parsing/ewt/ewt_dev/1393.edges with 22 nodes scale=1.0
2019-01-18 14:54:10,009 Building dataset
2019-01-18 14:54:10,009 Subsample: 22 points with scale 1.0 subsample=21
2019-01-18 14:54:10,034 Built Data Sampler
2019-01-18 14:54:10,034 Creating a fresh model warm_start?=None
2019-01-18 14:54:10,034 	 Warmstarting? None None 22
2019-01-18 14:54:10,034 Embedding() torch.Size([22, 10])
2019-01-18 14:54:10,035 relative No Rescale
2019-01-18 14:54:10,035 Constructed model with dim=0 and epochs=0 isnan=False
2019-01-18 14:54:10,035 SGD (
Parameter Group 0
    dampening: 0
    initial_lr: 0.1
    lr: 1.0
    momentum: 0.0
    nesterov: False
    weight_decay: 0

Parameter Group 1
    dampening: 0
    initial_lr: 0.1
    lr: 1.0
    momentum: 0.0
    nesterov: False
    weight_decay: 0

Parameter Group 2
    dampening: 0
    initial_lr: 0.1
    lr: 1.0
    momentum: 0.0
    nesterov: False
    weight_decay: 0

Parameter Group 3
    dampening: 0
    initial_lr: 0.0001
    lr: 0.001
    momentum: 0.0
    nesterov: False
    weight_decay: 0
)
2019-01-18 14:54:10,035 *** Initial Checkpoint. Computing Stats
2019-01-18 14:54:10,035 	 Computing Major Stats lazily... 
2019-01-18 14:54:10,038 		 Completed edges=462 good=462 bad=0
2019-01-18 14:54:10,041 Distortion avg=0.9984457088934846 wc=23.532501985993665 me=0.005982886981094694 mc=3933.302109893425 nan_elements=0
2019-01-18 14:54:10,041 MAP = 0.2050248418201556
2019-01-18 14:54:10,041 scale=[array([1.])]
2019-01-18 14:54:10,042 *** End Initial Checkpoint

2019-01-18 14:54:10,099 1 loss=0.9968951859870617
2019-01-18 14:54:10,100 2 loss=0.9464068594060004
2019-01-18 14:54:10,101 3 loss=0.8991359579302961
2019-01-18 14:54:10,101 4 loss=0.8561959220506152
2019-01-18 14:54:10,102 5 loss=0.8172991920272272
2019-01-18 14:54:10,103 6 loss=0.7820551353042011
2019-01-18 14:54:10,104 7 loss=0.7500812612217381
2019-01-18 14:54:10,105 8 loss=0.721025592689925
2019-01-18 14:54:10,106 9 loss=0.6945710926707208
2019-01-18 14:54:10,106 10 loss=0.6704348742938009
2019-01-18 14:54:10,106 
*** Major Checkpoint. Computing Stats and Saving
2019-01-18 14:54:10,107 	 Computing Major Stats lazily... 
2019-01-18 14:54:10,108 		 Completed edges=462 good=462 bad=0
2019-01-18 14:54:10,112 Distortion avg=0.7825472464780572 wc=32.89450820701248 me=1.0307973107365913 mc=31.911713257678745 nan_elements=0
2019-01-18 14:54:10,112 MAP = 0.08945722635676548
2019-01-18 14:54:10,112 scale=[array([1.])]
2019-01-18 14:54:10,112 *** End Major Checkpoint

2019-01-18 14:54:10,113 11 loss=0.6483657008721848
2019-01-18 14:54:10,114 12 loss=0.6281409869716301
2019-01-18 14:54:10,115 13 loss=0.6095637728829393
2019-01-18 14:54:10,115 14 loss=0.5924598645249022
2019-01-18 14:54:10,116 15 loss=0.5766752123554882
2019-01-18 14:54:10,117 16 loss=0.5620735494189656
2019-01-18 14:54:10,118 17 loss=0.5485342838721593
2019-01-18 14:54:10,119 18 loss=0.5359506300723879
2019-01-18 14:54:10,119 19 loss=0.5242279577251068
2019-01-18 14:54:10,120 20 loss=0.5132823373804559
2019-01-18 14:54:10,120 
*** Major Checkpoint. Computing Stats and Saving
2019-01-18 14:54:10,120 	 Computing Major Stats lazily... 
2019-01-18 14:54:10,122 		 Completed edges=462 good=462 bad=0
2019-01-18 14:54:10,126 Distortion avg=0.6786451297038254 wc=25.776455683382675 me=1.4746538980321837 mc=17.479664698123027 nan_elements=0
2019-01-18 14:54:10,126 MAP = 0.09496847129595865
2019-01-18 14:54:10,126 scale=[array([1.])]
2019-01-18 14:54:10,126 *** End Major Checkpoint

2019-01-18 14:54:10,127 21 loss=0.5030392610642042
2019-01-18 14:54:10,127 22 loss=0.49343251815393063
2019-01-18 14:54:10,128 23 loss=0.4844032082956369
2019-01-18 14:54:10,129 24 loss=0.4758988749451934
2019-01-18 14:54:10,130 25 loss=0.467872744876952
2019-01-18 14:54:10,130 26 loss=0.46028306065856256
2019-01-18 14:54:10,131 27 loss=0.4530924946138834
2019-01-18 14:54:10,132 28 loss=0.4462676341735714
2019-01-18 14:54:10,133 29 loss=0.43977852974597287
2019-01-18 14:54:10,133 30 loss=0.4335982973363493
2019-01-18 14:54:10,134 
*** Major Checkpoint. Computing Stats and Saving
2019-01-18 14:54:10,134 	 Computing Major Stats lazily... 
2019-01-18 14:54:10,136 		 Completed edges=462 good=462 bad=0
2019-01-18 14:54:10,139 Distortion avg=0.6266991055578787 wc=20.877200719975193 me=1.629219304036401 mc=12.81423603823733 nan_elements=0
2019-01-18 14:54:10,139 MAP = 0.1020147310061643
2019-01-18 14:54:10,139 scale=[array([1.])]
2019-01-18 14:54:10,140 *** End Major Checkpoint

2019-01-18 14:54:10,140 31 loss=0.4277027691104466
2019-01-18 14:54:10,141 32 loss=0.42207018595050044
2019-01-18 14:54:10,142 33 loss=0.4166809267997621
2019-01-18 14:54:10,143 34 loss=0.41151727024686463
2019-01-18 14:54:10,143 35 loss=0.4065631843745087
2019-01-18 14:54:10,144 36 loss=0.40180414139777937
2019-01-18 14:54:10,145 37 loss=0.3972269540546888
2019-01-18 14:54:10,146 38 loss=0.39281963109321405
2019-01-18 14:54:10,146 39 loss=0.3885712495321164
2019-01-18 14:54:10,147 40 loss=0.38447184166337756
2019-01-18 14:54:10,147 
*** Major Checkpoint. Computing Stats and Saving
2019-01-18 14:54:10,147 	 Computing Major Stats lazily... 
2019-01-18 14:54:10,149 		 Completed edges=462 good=462 bad=0
2019-01-18 14:54:10,152 Distortion avg=0.5867900721857428 wc=17.61196168435201 me=1.6717399169356164 mc=10.535108664890663 nan_elements=0
2019-01-18 14:54:10,153 MAP = 0.11905980041877523
2019-01-18 14:54:10,153 scale=[array([1.])]
2019-01-18 14:54:10,153 *** End Major Checkpoint

2019-01-18 14:54:10,154 41 loss=0.3805122950176204
2019-01-18 14:54:10,154 42 loss=0.3766842637351229
2019-01-18 14:54:10,155 43 loss=0.37298008997817256
2019-01-18 14:54:10,156 44 loss=0.36939273418915547
2019-01-18 14:54:10,157 45 loss=0.36591571314608795
2019-01-18 14:54:10,157 46 loss=0.3625430448960497
2019-01-18 14:54:10,158 47 loss=0.3592691997595188
2019-01-18 14:54:10,159 48 loss=0.3560890566970546
2019-01-18 14:54:10,160 49 loss=0.35299786441590136
2019-01-18 14:54:10,160 50 loss=0.3499912066694766
2019-01-18 14:54:10,160 
*** Major Checkpoint. Computing Stats and Saving
2019-01-18 14:54:10,161 	 Computing Major Stats lazily... 
2019-01-18 14:54:10,162 		 Completed edges=462 good=462 bad=0
2019-01-18 14:54:10,166 Distortion avg=0.5541750935221372 wc=16.188167035074507 me=1.7589932909258756 mc=9.203086287244219 nan_elements=0
2019-01-18 14:54:10,166 MAP = 0.15222466112136812
2019-01-18 14:54:10,166 scale=[array([1.])]
2019-01-18 14:54:10,166 *** End Major Checkpoint

2019-01-18 14:54:10,166 final loss=0.3499912066694766
2019-01-18 14:54:10,166 best loss=0.3499912066694766, distortion=0.5541750935221372, map=0.15222466112136812, wc_dist=16.188167035074507
2019-01-18 14:54:10,166 	 Computing Major Stats lazily... 
2019-01-18 14:54:10,168 		 Completed edges=462 good=462 bad=0
2019-01-18 14:54:10,171 Distortion avg=0.5541750935221373 wc=16.188167035074507 me=1.7589932909258756 mc=9.203086287244219 nan_elements=0
2019-01-18 14:54:10,171 MAP = 0.15222466112136812
2019-01-18 14:54:10,172 scale=[array([1.])]
