2019-01-18 15:11:19,301 Commandline ['pytorch/pytorch_hyperbolic.py', 'learn', 'data/edges/parsing/ewt/ewt_dev/1394.edges', '--dim', '0', '--hyp', '0', '--edim', '10', '--euc', '1', '--sdim', '0', '--sph', '0', '--log-name', 'ewt_devr2/1394.edges.E10-1.lr1.log', '--batch-size', '65536', '--epochs', '50', '--checkpoint-freq', '10', '-g', '--subsample', '1024', '--learning-rate', '1']
2019-01-18 15:11:19,302 No Model Save selected!
2019-01-18 15:11:19,305 Loaded Graph data/edges/parsing/ewt/ewt_dev/1394.edges with 14 nodes scale=1.0
2019-01-18 15:11:19,305 Building dataset
2019-01-18 15:11:19,306 Subsample: 14 points with scale 1.0 subsample=13
2019-01-18 15:11:19,320 Built Data Sampler
2019-01-18 15:11:19,320 Creating a fresh model warm_start?=None
2019-01-18 15:11:19,320 	 Warmstarting? None None 14
2019-01-18 15:11:19,321 Embedding() torch.Size([14, 10])
2019-01-18 15:11:19,321 relative No Rescale
2019-01-18 15:11:19,321 Constructed model with dim=0 and epochs=0 isnan=False
2019-01-18 15:11:19,322 SGD (
Parameter Group 0
    dampening: 0
    initial_lr: 0.1
    lr: 1.0
    momentum: 0.0
    nesterov: False
    weight_decay: 0

Parameter Group 1
    dampening: 0
    initial_lr: 0.1
    lr: 1.0
    momentum: 0.0
    nesterov: False
    weight_decay: 0

Parameter Group 2
    dampening: 0
    initial_lr: 0.1
    lr: 1.0
    momentum: 0.0
    nesterov: False
    weight_decay: 0

Parameter Group 3
    dampening: 0
    initial_lr: 0.0001
    lr: 0.001
    momentum: 0.0
    nesterov: False
    weight_decay: 0
)
2019-01-18 15:11:19,322 *** Initial Checkpoint. Computing Stats
2019-01-18 15:11:19,322 	 Computing Major Stats lazily... 
2019-01-18 15:11:19,323 		 Completed edges=182 good=182 bad=0
2019-01-18 15:11:19,325 Distortion avg=0.9981666711075226 wc=12.015274154679835 me=0.005982886981094694 mc=2008.2736298791642 nan_elements=0
2019-01-18 15:11:19,325 MAP = 0.2575575218432361
2019-01-18 15:11:19,326 scale=[array([1.])]
2019-01-18 15:11:19,326 *** End Initial Checkpoint

2019-01-18 15:11:19,386 1 loss=0.9963383944600095
2019-01-18 15:11:19,386 2 loss=0.8865988078022632
2019-01-18 15:11:19,387 3 loss=0.7942448470255028
2019-01-18 15:11:19,388 4 loss=0.719421864866106
2019-01-18 15:11:19,388 5 loss=0.6587743670709656
2019-01-18 15:11:19,389 6 loss=0.6093165790526315
2019-01-18 15:11:19,389 7 loss=0.5686497459908654
2019-01-18 15:11:19,390 8 loss=0.5348951448804925
2019-01-18 15:11:19,390 9 loss=0.5065940285197579
2019-01-18 15:11:19,391 10 loss=0.48261679465339286
2019-01-18 15:11:19,391 
*** Major Checkpoint. Computing Stats and Saving
2019-01-18 15:11:19,391 	 Computing Major Stats lazily... 
2019-01-18 15:11:19,392 		 Completed edges=182 good=182 bad=0
2019-01-18 15:11:19,394 Distortion avg=0.6308594939555552 wc=18.767945601457352 me=1.296906202177328 mc=14.471320724620284 nan_elements=0
2019-01-18 15:11:19,394 MAP = 0.12784274257488543
2019-01-18 15:11:19,395 scale=[array([1.])]
2019-01-18 15:11:19,395 *** End Major Checkpoint

2019-01-18 15:11:19,395 11 loss=0.46208863729132377
2019-01-18 15:11:19,396 12 loss=0.4443309243974377
2019-01-18 15:11:19,397 13 loss=0.428815740533716
2019-01-18 15:11:19,397 14 loss=0.41513092449928907
2019-01-18 15:11:19,398 15 loss=0.4029532866007247
2019-01-18 15:11:19,398 16 loss=0.39202812753326416
2019-01-18 15:11:19,399 17 loss=0.38215358210364364
2019-01-18 15:11:19,399 18 loss=0.3731686452548817
2019-01-18 15:11:19,400 19 loss=0.3649440043952009
2019-01-18 15:11:19,401 20 loss=0.3573750098127712
2019-01-18 15:11:19,401 
*** Major Checkpoint. Computing Stats and Saving
2019-01-18 15:11:19,401 	 Computing Major Stats lazily... 
2019-01-18 15:11:19,402 		 Completed edges=182 good=182 bad=0
2019-01-18 15:11:19,404 Distortion avg=0.5576581322333539 wc=13.627088707913446 me=1.4719210757918522 mc=9.258029477281895 nan_elements=0
2019-01-18 15:11:19,404 MAP = 0.16669174079888366
2019-01-18 15:11:19,404 scale=[array([1.])]
2019-01-18 15:11:19,404 *** End Major Checkpoint

2019-01-18 15:11:19,405 21 loss=0.3503762748541342
2019-01-18 15:11:19,405 22 loss=0.3438775196590926
2019-01-18 15:11:19,406 23 loss=0.33782036508736096
2019-01-18 15:11:19,407 24 loss=0.3321558538816107
2019-01-18 15:11:19,408 25 loss=0.3268425294449698
2019-01-18 15:11:19,408 26 loss=0.32184494300064126
2019-01-18 15:11:19,409 27 loss=0.31713249050344033
2019-01-18 15:11:19,409 28 loss=0.31267850388360624
2019-01-18 15:11:19,410 29 loss=0.3084595388336038
2019-01-18 15:11:19,410 30 loss=0.30445481476468433
2019-01-18 15:11:19,410 
*** Major Checkpoint. Computing Stats and Saving
2019-01-18 15:11:19,411 	 Computing Major Stats lazily... 
2019-01-18 15:11:19,411 		 Completed edges=182 good=182 bad=0
2019-01-18 15:11:19,414 Distortion avg=0.5054642590259324 wc=11.713265675158732 me=1.5700395158659517 mc=7.460490998341725 nan_elements=0
2019-01-18 15:11:19,414 MAP = 0.23322768501339933
2019-01-18 15:11:19,414 scale=[array([1.])]
2019-01-18 15:11:19,414 *** End Major Checkpoint

2019-01-18 15:11:19,415 31 loss=0.3006457727903631
2019-01-18 15:11:19,415 32 loss=0.2970157254127736
2019-01-18 15:11:19,416 33 loss=0.2935495775777787
2019-01-18 15:11:19,416 34 loss=0.2902336033646505
2019-01-18 15:11:19,417 35 loss=0.28705526611705795
2019-01-18 15:11:19,418 36 loss=0.28400307255410867
2019-01-18 15:11:19,418 37 loss=0.2810664535125379
2019-01-18 15:11:19,419 38 loss=0.2782356656075082
2019-01-18 15:11:19,419 39 loss=0.2755017093691584
2019-01-18 15:11:19,420 40 loss=0.2728562603984641
2019-01-18 15:11:19,420 
*** Major Checkpoint. Computing Stats and Saving
2019-01-18 15:11:19,420 	 Computing Major Stats lazily... 
2019-01-18 15:11:19,421 		 Completed edges=182 good=182 bad=0
2019-01-18 15:11:19,423 Distortion avg=0.46932336352206155 wc=10.53133531994925 me=1.6095558336153146 mc=6.543007145203668 nan_elements=0
2019-01-18 15:11:19,424 MAP = 0.40885577715934857
2019-01-18 15:11:19,424 scale=[array([1.])]
2019-01-18 15:11:19,424 *** End Major Checkpoint

2019-01-18 15:11:19,424 41 loss=0.2702916108529976
2019-01-18 15:11:19,425 42 loss=0.26780061916986664
2019-01-18 15:11:19,426 43 loss=0.2653766663972513
2019-01-18 15:11:19,426 44 loss=0.2630136178667827
2019-01-18 15:11:19,427 45 loss=0.2607057892191623
2019-01-18 15:11:19,427 46 loss=0.25844791601255
2019-01-18 15:11:19,428 47 loss=0.2562351263110959
2019-01-18 15:11:19,428 48 loss=0.25406291578035256
2019-01-18 15:11:19,429 49 loss=0.25192712491559943
2019-01-18 15:11:19,430 50 loss=0.24982391810505242
2019-01-18 15:11:19,430 
*** Major Checkpoint. Computing Stats and Saving
2019-01-18 15:11:19,430 	 Computing Major Stats lazily... 
2019-01-18 15:11:19,431 		 Completed edges=182 good=182 bad=0
2019-01-18 15:11:19,433 Distortion avg=0.4450399273869283 wc=9.933970615335419 me=1.661055572864581 mc=5.980516713359411 nan_elements=0
2019-01-18 15:11:19,433 MAP = 0.5578257060399917
2019-01-18 15:11:19,433 scale=[array([1.])]
2019-01-18 15:11:19,433 *** End Major Checkpoint

2019-01-18 15:11:19,433 final loss=0.24982391810505242
2019-01-18 15:11:19,433 best loss=0.24982391810505242, distortion=0.4450399273869283, map=0.5578257060399917, wc_dist=9.933970615335419
2019-01-18 15:11:19,433 	 Computing Major Stats lazily... 
2019-01-18 15:11:19,434 		 Completed edges=182 good=182 bad=0
2019-01-18 15:11:19,436 Distortion avg=0.4450399273869286 wc=9.933970615335419 me=1.661055572864581 mc=5.980516713359411 nan_elements=0
2019-01-18 15:11:19,436 MAP = 0.5578257060399917
2019-01-18 15:11:19,437 scale=[array([1.])]
