2019-01-18 15:03:42,724 Commandline ['pytorch/pytorch_hyperbolic.py', 'learn', 'data/edges/parsing/ewt/ewt_dev/1395.edges', '--dim', '0', '--hyp', '0', '--edim', '10', '--euc', '1', '--sdim', '0', '--sph', '0', '--log-name', 'ewt_devr2/1395.edges.E10-1.lr1.log', '--batch-size', '65536', '--epochs', '50', '--checkpoint-freq', '10', '-g', '--subsample', '1024', '--learning-rate', '1']
2019-01-18 15:03:42,724 No Model Save selected!
2019-01-18 15:03:42,726 Loaded Graph data/edges/parsing/ewt/ewt_dev/1395.edges with 21 nodes scale=1.0
2019-01-18 15:03:42,726 Building dataset
2019-01-18 15:03:42,726 Subsample: 21 points with scale 1.0 subsample=20
2019-01-18 15:03:42,750 Built Data Sampler
2019-01-18 15:03:42,750 Creating a fresh model warm_start?=None
2019-01-18 15:03:42,750 	 Warmstarting? None None 21
2019-01-18 15:03:42,750 Embedding() torch.Size([21, 10])
2019-01-18 15:03:42,751 relative No Rescale
2019-01-18 15:03:42,751 Constructed model with dim=0 and epochs=0 isnan=False
2019-01-18 15:03:42,751 SGD (
Parameter Group 0
    dampening: 0
    initial_lr: 0.1
    lr: 1.0
    momentum: 0.0
    nesterov: False
    weight_decay: 0

Parameter Group 1
    dampening: 0
    initial_lr: 0.1
    lr: 1.0
    momentum: 0.0
    nesterov: False
    weight_decay: 0

Parameter Group 2
    dampening: 0
    initial_lr: 0.1
    lr: 1.0
    momentum: 0.0
    nesterov: False
    weight_decay: 0

Parameter Group 3
    dampening: 0
    initial_lr: 0.0001
    lr: 0.001
    momentum: 0.0
    nesterov: False
    weight_decay: 0
)
2019-01-18 15:03:42,751 *** Initial Checkpoint. Computing Stats
2019-01-18 15:03:42,751 	 Computing Major Stats lazily... 
2019-01-18 15:03:42,753 		 Completed edges=420 good=420 bad=0
2019-01-18 15:03:42,757 Distortion avg=0.9981950053536346 wc=13.465599542772702 me=0.006196519622161948 mc=2173.090761241646 nan_elements=0
2019-01-18 15:03:42,757 MAP = 0.15082540835756594
2019-01-18 15:03:42,757 scale=[array([1.])]
2019-01-18 15:03:42,757 *** End Initial Checkpoint

2019-01-18 15:03:42,814 1 loss=0.9963944491619259
2019-01-18 15:03:42,815 2 loss=0.9267589002690635
2019-01-18 15:03:42,816 3 loss=0.8632697752937762
2019-01-18 15:03:42,817 4 loss=0.8070090032277926
2019-01-18 15:03:42,818 5 loss=0.75715290484201
2019-01-18 15:03:42,818 6 loss=0.7128449029321694
2019-01-18 15:03:42,819 7 loss=0.6733226568710943
2019-01-18 15:03:42,820 8 loss=0.637930121030986
2019-01-18 15:03:42,821 9 loss=0.6061088571926313
2019-01-18 15:03:42,821 10 loss=0.5773852266725814
2019-01-18 15:03:42,821 
*** Major Checkpoint. Computing Stats and Saving
2019-01-18 15:03:42,822 	 Computing Major Stats lazily... 
2019-01-18 15:03:42,823 		 Completed edges=420 good=420 bad=0
2019-01-18 15:03:42,827 Distortion avg=0.7149626044034638 wc=19.321715426983776 me=1.1500728117326309 mc=16.8004279640998 nan_elements=0
2019-01-18 15:03:42,827 MAP = 0.09781080802936912
2019-01-18 15:03:42,827 scale=[array([1.])]
2019-01-18 15:03:42,827 *** End Major Checkpoint

2019-01-18 15:03:42,828 11 loss=0.5513577145158646
2019-01-18 15:03:42,829 12 loss=0.5276855785299784
2019-01-18 15:03:42,829 13 loss=0.5060790743454079
2019-01-18 15:03:42,830 14 loss=0.486291190390229
2019-01-18 15:03:42,831 15 loss=0.4681107244722868
2019-01-18 15:03:42,832 16 loss=0.4513565121852484
2019-01-18 15:03:42,832 17 loss=0.435872626712192
2019-01-18 15:03:42,833 18 loss=0.4215243897626837
2019-01-18 15:03:42,834 19 loss=0.40819505598529005
2019-01-18 15:03:42,835 20 loss=0.3957830547866421
2019-01-18 15:03:42,835 
*** Major Checkpoint. Computing Stats and Saving
2019-01-18 15:03:42,835 	 Computing Major Stats lazily... 
2019-01-18 15:03:42,837 		 Completed edges=420 good=420 bad=0
2019-01-18 15:03:42,840 Distortion avg=0.5889149667534793 wc=13.521429182139277 me=1.4347849827980113 mc=9.424010805975115 nan_elements=0
2019-01-18 15:03:42,840 MAP = 0.11375508497541521
2019-01-18 15:03:42,840 scale=[array([1.])]
2019-01-18 15:03:42,841 *** End Major Checkpoint

2019-01-18 15:03:42,841 21 loss=0.3841996927547528
2019-01-18 15:03:42,842 22 loss=0.3733672364878428
2019-01-18 15:03:42,843 23 loss=0.36321730965473586
2019-01-18 15:03:42,844 24 loss=0.35368954981528794
2019-01-18 15:03:42,844 25 loss=0.34473048021824615
2019-01-18 15:03:42,845 26 loss=0.3362925597756491
2019-01-18 15:03:42,846 27 loss=0.3283333809670898
2019-01-18 15:03:42,847 28 loss=0.32081499079850645
2019-01-18 15:03:42,847 29 loss=0.3137033143373473
2019-01-18 15:03:42,848 30 loss=0.3069676639441252
2019-01-18 15:03:42,848 
*** Major Checkpoint. Computing Stats and Saving
2019-01-18 15:03:42,848 	 Computing Major Stats lazily... 
2019-01-18 15:03:42,850 		 Completed edges=420 good=420 bad=0
2019-01-18 15:03:42,853 Distortion avg=0.5173283549546446 wc=10.714239116771402 me=1.5519691162034235 mc=6.903641963560207 nan_elements=0
2019-01-18 15:03:42,853 MAP = 0.13311212397485064
2019-01-18 15:03:42,854 scale=[array([1.])]
2019-01-18 15:03:42,854 *** End Major Checkpoint

2019-01-18 15:03:42,854 31 loss=0.3005803202650056
2019-01-18 15:03:42,855 32 loss=0.29451617346111464
2019-01-18 15:03:42,856 33 loss=0.2887524151260676
2019-01-18 15:03:42,857 34 loss=0.28326827296422874
2019-01-18 15:03:42,857 35 loss=0.27804478163397206
2019-01-18 15:03:42,858 36 loss=0.273064584256052
2019-01-18 15:03:42,859 37 loss=0.2683117599905097
2019-01-18 15:03:42,860 38 loss=0.2637716738315489
2019-01-18 15:03:42,860 39 loss=0.25943084538716144
2019-01-18 15:03:42,861 40 loss=0.2552768339222206
2019-01-18 15:03:42,861 
*** Major Checkpoint. Computing Stats and Saving
2019-01-18 15:03:42,861 	 Computing Major Stats lazily... 
2019-01-18 15:03:42,863 		 Completed edges=420 good=420 bad=0
2019-01-18 15:03:42,866 Distortion avg=0.46219383294778316 wc=9.050895151219038 me=1.621767702394074 mc=5.580882599806367 nan_elements=0
2019-01-18 15:03:42,866 MAP = 0.19763632822981558
2019-01-18 15:03:42,866 scale=[array([1.])]
2019-01-18 15:03:42,867 *** End Major Checkpoint

2019-01-18 15:03:42,867 41 loss=0.2512981373692127
2019-01-18 15:03:42,868 42 loss=0.24748410336512508
2019-01-18 15:03:42,869 43 loss=0.243824850668813
2019-01-18 15:03:42,870 44 loss=0.24031119956063643
2019-01-18 15:03:42,870 45 loss=0.2369346100336729
2019-01-18 15:03:42,871 46 loss=0.23368712676019981
2019-01-18 15:03:42,872 47 loss=0.23056132996402473
2019-01-18 15:03:42,873 48 loss=0.22755029145322403
2019-01-18 15:03:42,873 49 loss=0.22464753517273206
2019-01-18 15:03:42,874 50 loss=0.22184700172513608
2019-01-18 15:03:42,874 
*** Major Checkpoint. Computing Stats and Saving
2019-01-18 15:03:42,874 	 Computing Major Stats lazily... 
2019-01-18 15:03:42,876 		 Completed edges=420 good=420 bad=0
2019-01-18 15:03:42,879 Distortion avg=0.4217892533766732 wc=8.183108438082558 me=1.7043563668572494 mc=4.8012895643249855 nan_elements=0
2019-01-18 15:03:42,879 MAP = 0.25287064741721604
2019-01-18 15:03:42,880 scale=[array([1.])]
2019-01-18 15:03:42,880 *** End Major Checkpoint

2019-01-18 15:03:42,880 final loss=0.22184700172513608
2019-01-18 15:03:42,880 best loss=0.22184700172513608, distortion=0.4217892533766732, map=0.25287064741721604, wc_dist=8.183108438082558
2019-01-18 15:03:42,880 	 Computing Major Stats lazily... 
2019-01-18 15:03:42,882 		 Completed edges=420 good=420 bad=0
2019-01-18 15:03:42,885 Distortion avg=0.4217892533766732 wc=8.183108438082558 me=1.7043563668572494 mc=4.8012895643249855 nan_elements=0
2019-01-18 15:03:42,885 MAP = 0.2528706474172161
2019-01-18 15:03:42,885 scale=[array([1.])]
