2019-01-18 14:51:46,408 Commandline ['pytorch/pytorch_hyperbolic.py', 'learn', 'data/edges/parsing/ewt/ewt_dev/1396.edges', '--dim', '0', '--hyp', '0', '--edim', '10', '--euc', '1', '--sdim', '0', '--sph', '0', '--log-name', 'ewt_devr2/1396.edges.E10-1.lr1.log', '--batch-size', '65536', '--epochs', '50', '--checkpoint-freq', '10', '-g', '--subsample', '1024', '--learning-rate', '1']
2019-01-18 14:51:46,409 No Model Save selected!
2019-01-18 14:51:46,410 Loaded Graph data/edges/parsing/ewt/ewt_dev/1396.edges with 13 nodes scale=1.0
2019-01-18 14:51:46,410 Building dataset
2019-01-18 14:51:46,411 Subsample: 13 points with scale 1.0 subsample=12
2019-01-18 14:51:46,422 Built Data Sampler
2019-01-18 14:51:46,423 Creating a fresh model warm_start?=None
2019-01-18 14:51:46,423 	 Warmstarting? None None 13
2019-01-18 14:51:46,423 Embedding() torch.Size([13, 10])
2019-01-18 14:51:46,423 relative No Rescale
2019-01-18 14:51:46,424 Constructed model with dim=0 and epochs=0 isnan=False
2019-01-18 14:51:46,424 SGD (
Parameter Group 0
    dampening: 0
    initial_lr: 0.1
    lr: 1.0
    momentum: 0.0
    nesterov: False
    weight_decay: 0

Parameter Group 1
    dampening: 0
    initial_lr: 0.1
    lr: 1.0
    momentum: 0.0
    nesterov: False
    weight_decay: 0

Parameter Group 2
    dampening: 0
    initial_lr: 0.1
    lr: 1.0
    momentum: 0.0
    nesterov: False
    weight_decay: 0

Parameter Group 3
    dampening: 0
    initial_lr: 0.0001
    lr: 0.001
    momentum: 0.0
    nesterov: False
    weight_decay: 0
)
2019-01-18 14:51:46,424 *** Initial Checkpoint. Computing Stats
2019-01-18 14:51:46,424 	 Computing Major Stats lazily... 
2019-01-18 14:51:46,425 		 Completed edges=156 good=156 bad=0
2019-01-18 14:51:46,427 Distortion avg=0.9978695455114203 wc=8.36894087349142 me=0.005941110731069004 mc=1408.649199168447 nan_elements=0
2019-01-18 14:51:46,427 MAP = 0.2615130900845187
2019-01-18 14:51:46,428 scale=[array([1.])]
2019-01-18 14:51:46,428 *** End Initial Checkpoint

2019-01-18 14:51:46,485 1 loss=0.9957449397685556
2019-01-18 14:51:46,486 2 loss=0.8392381709431448
2019-01-18 14:51:46,487 3 loss=0.7164008454314164
2019-01-18 14:51:46,487 4 loss=0.6235619903272439
2019-01-18 14:51:46,488 5 loss=0.5521603133461185
2019-01-18 14:51:46,488 6 loss=0.4960083907266879
2019-01-18 14:51:46,489 7 loss=0.4508661091307832
2019-01-18 14:51:46,489 8 loss=0.41383388280892464
2019-01-18 14:51:46,490 9 loss=0.3829075839974077
2019-01-18 14:51:46,491 10 loss=0.3566796548442592
2019-01-18 14:51:46,491 
*** Major Checkpoint. Computing Stats and Saving
2019-01-18 14:51:46,491 	 Computing Major Stats lazily... 
2019-01-18 14:51:46,492 		 Completed edges=156 good=156 bad=0
2019-01-18 14:51:46,494 Distortion avg=0.5363661101381259 wc=10.246013272834741 me=1.3794088213357298 mc=7.427829309452413 nan_elements=0
2019-01-18 14:51:46,494 MAP = 0.17189100581957725
2019-01-18 14:51:46,494 scale=[array([1.])]
2019-01-18 14:51:46,494 *** End Major Checkpoint

2019-01-18 14:51:46,495 11 loss=0.3341428089647933
2019-01-18 14:51:46,495 12 loss=0.31456152362806916
2019-01-18 14:51:46,496 13 loss=0.2973875032020009
2019-01-18 14:51:46,496 14 loss=0.28220356019981796
2019-01-18 14:51:46,497 15 loss=0.26868592572575406
2019-01-18 14:51:46,498 16 loss=0.2565786018908192
2019-01-18 14:51:46,498 17 loss=0.24567566190418652
2019-01-18 14:51:46,499 18 loss=0.23580885671452897
2019-01-18 14:51:46,499 19 loss=0.2268388089820403
2019-01-18 14:51:46,500 20 loss=0.21864866303108968
2019-01-18 14:51:46,500 
*** Major Checkpoint. Computing Stats and Saving
2019-01-18 14:51:46,500 	 Computing Major Stats lazily... 
2019-01-18 14:51:46,501 		 Completed edges=156 good=156 bad=0
2019-01-18 14:51:46,503 Distortion avg=0.4224682408160335 wc=7.292011819227037 me=1.5186849778469016 mc=4.8015302222618965 nan_elements=0
2019-01-18 14:51:46,503 MAP = 0.3158480408480409
2019-01-18 14:51:46,503 scale=[array([1.])]
2019-01-18 14:51:46,503 *** End Major Checkpoint

2019-01-18 14:51:46,504 21 loss=0.21113943733105087
2019-01-18 14:51:46,504 22 loss=0.2042265714812578
2019-01-18 14:51:46,505 23 loss=0.19783732096257667
2019-01-18 14:51:46,506 24 loss=0.19190876025708292
2019-01-18 14:51:46,506 25 loss=0.18638622729169874
2019-01-18 14:51:46,507 26 loss=0.1812220915369925
2019-01-18 14:51:46,508 27 loss=0.17637476217044576
2019-01-18 14:51:46,508 28 loss=0.1718078764716848
2019-01-18 14:51:46,509 29 loss=0.1674896253253127
2019-01-18 14:51:46,509 30 loss=0.16339218454380786
2019-01-18 14:51:46,509 
*** Major Checkpoint. Computing Stats and Saving
2019-01-18 14:51:46,509 	 Computing Major Stats lazily... 
2019-01-18 14:51:46,510 		 Completed edges=156 good=156 bad=0
2019-01-18 14:51:46,512 Distortion avg=0.3518154574699498 wc=6.164511202890342 me=1.6207528381764449 mc=3.8034862921025074 nan_elements=0
2019-01-18 14:51:46,512 MAP = 0.6649447774447774
2019-01-18 14:51:46,512 scale=[array([1.])]
2019-01-18 14:51:46,513 *** End Major Checkpoint

2019-01-18 14:51:46,513 31 loss=0.15949122916024078
2019-01-18 14:51:46,514 32 loss=0.15576551388504442
2019-01-18 14:51:46,514 33 loss=0.15219650726904527
2019-01-18 14:51:46,515 34 loss=0.14876807025263628
2019-01-18 14:51:46,515 35 loss=0.14546617205060947
2019-01-18 14:51:46,516 36 loss=0.14227863796654175
2019-01-18 14:51:46,516 37 loss=0.13919492492305946
2019-01-18 14:51:46,517 38 loss=0.13620592135945467
2019-01-18 14:51:46,518 39 loss=0.1333037687762273
2019-01-18 14:51:46,518 40 loss=0.13048170266296424
2019-01-18 14:51:46,518 
*** Major Checkpoint. Computing Stats and Saving
2019-01-18 14:51:46,518 	 Computing Major Stats lazily... 
2019-01-18 14:51:46,519 		 Completed edges=156 good=156 bad=0
2019-01-18 14:51:46,521 Distortion avg=0.3084793680263443 wc=5.265258697165222 me=1.6447514226532296 mc=3.2012489088907876 nan_elements=0
2019-01-18 14:51:46,521 MAP = 0.7712192569335425
2019-01-18 14:51:46,521 scale=[array([1.])]
2019-01-18 14:51:46,522 *** End Major Checkpoint

2019-01-18 14:51:46,522 41 loss=0.12773391087977154
2019-01-18 14:51:46,523 42 loss=0.12505540780875624
2019-01-18 14:51:46,523 43 loss=0.1224419227769679
2019-01-18 14:51:46,524 44 loss=0.1198898013949346
2019-01-18 14:51:46,524 45 loss=0.11739591856940997
2019-01-18 14:51:46,525 46 loss=0.11495760204511082
2019-01-18 14:51:46,525 47 loss=0.11257256541495234
2019-01-18 14:51:46,526 48 loss=0.11023884961613167
2019-01-18 14:51:46,527 49 loss=0.10795477200319428
2019-01-18 14:51:46,527 50 loss=0.10571888216048009
2019-01-18 14:51:46,527 
*** Major Checkpoint. Computing Stats and Saving
2019-01-18 14:51:46,527 	 Computing Major Stats lazily... 
2019-01-18 14:51:46,528 		 Completed edges=156 good=156 bad=0
2019-01-18 14:51:46,530 Distortion avg=0.2748171782357503 wc=4.461990470986446 me=1.6126327255408852 mc=2.766898128952376 nan_elements=0
2019-01-18 14:51:46,530 MAP = 0.8496206174777604
2019-01-18 14:51:46,530 scale=[array([1.])]
2019-01-18 14:51:46,530 *** End Major Checkpoint

2019-01-18 14:51:46,531 final loss=0.10571888216048009
2019-01-18 14:51:46,531 best loss=0.10571888216048009, distortion=0.2748171782357503, map=0.8496206174777604, wc_dist=4.461990470986446
2019-01-18 14:51:46,531 	 Computing Major Stats lazily... 
2019-01-18 14:51:46,531 		 Completed edges=156 good=156 bad=0
2019-01-18 14:51:46,533 Distortion avg=0.27481717823575047 wc=4.461990470986446 me=1.6126327255408852 mc=2.766898128952376 nan_elements=0
2019-01-18 14:51:46,534 MAP = 0.8496206174777604
2019-01-18 14:51:46,534 scale=[array([1.])]
