2019-01-18 14:42:44,237 Commandline ['pytorch/pytorch_hyperbolic.py', 'learn', 'data/edges/parsing/ewt/ewt_dev/1397.edges', '--dim', '0', '--hyp', '0', '--edim', '10', '--euc', '1', '--sdim', '0', '--sph', '0', '--log-name', 'ewt_devr2/1397.edges.E10-1.lr1.log', '--batch-size', '65536', '--epochs', '50', '-g', '--subsample', '1024', '--learning-rate', '1']
2019-01-18 14:42:44,238 No Model Save selected!
2019-01-18 14:42:44,240 Loaded Graph data/edges/parsing/ewt/ewt_dev/1397.edges with 10 nodes scale=1.0
2019-01-18 14:42:44,240 Building dataset
2019-01-18 14:42:44,240 Subsample: 10 points with scale 1.0 subsample=9
2019-01-18 14:42:44,248 Built Data Sampler
2019-01-18 14:42:44,248 Creating a fresh model warm_start?=None
2019-01-18 14:42:44,248 	 Warmstarting? None None 10
2019-01-18 14:42:44,249 Embedding() torch.Size([10, 10])
2019-01-18 14:42:44,249 relative No Rescale
2019-01-18 14:42:44,249 Constructed model with dim=0 and epochs=0 isnan=False
2019-01-18 14:42:44,250 SGD (
Parameter Group 0
    dampening: 0
    initial_lr: 0.1
    lr: 1.0
    momentum: 0.0
    nesterov: False
    weight_decay: 0

Parameter Group 1
    dampening: 0
    initial_lr: 0.1
    lr: 1.0
    momentum: 0.0
    nesterov: False
    weight_decay: 0

Parameter Group 2
    dampening: 0
    initial_lr: 0.1
    lr: 1.0
    momentum: 0.0
    nesterov: False
    weight_decay: 0

Parameter Group 3
    dampening: 0
    initial_lr: 0.0001
    lr: 0.001
    momentum: 0.0
    nesterov: False
    weight_decay: 0
)
2019-01-18 14:42:44,250 *** Initial Checkpoint. Computing Stats
2019-01-18 14:42:44,250 	 Computing Major Stats lazily... 
2019-01-18 14:42:44,251 		 Completed edges=90 good=90 bad=0
2019-01-18 14:42:44,253 Distortion avg=0.9977434807505451 wc=6.756333472306294 me=0.005982886981094694 mc=1129.2764669724852 nan_elements=0
2019-01-18 14:42:44,253 MAP = 0.4650793650793651
2019-01-18 14:42:44,254 scale=[array([1.])]
2019-01-18 14:42:44,254 *** End Initial Checkpoint

2019-01-18 14:42:44,315 1 loss=0.9954936048717489
2019-01-18 14:42:44,316 2 loss=0.7909618499489511
2019-01-18 14:42:44,317 3 loss=0.6413238563681966
2019-01-18 14:42:44,317 4 loss=0.5396865225700906
2019-01-18 14:42:44,318 5 loss=0.4697866289106943
2019-01-18 14:42:44,318 6 loss=0.42031158563252646
2019-01-18 14:42:44,319 7 loss=0.3840138616358605
2019-01-18 14:42:44,319 8 loss=0.35633047014372515
2019-01-18 14:42:44,320 9 loss=0.33438936965347366
2019-01-18 14:42:44,321 10 loss=0.3163694451642943
2019-01-18 14:42:44,321 11 loss=0.3011018562930614
2019-01-18 14:42:44,322 12 loss=0.2878244318585206
2019-01-18 14:42:44,322 13 loss=0.27603059801525176
2019-01-18 14:42:44,323 14 loss=0.26537616602969355
2019-01-18 14:42:44,323 15 loss=0.2556214872651662
2019-01-18 14:42:44,324 16 loss=0.2465952882189654
2019-01-18 14:42:44,324 17 loss=0.23817186344492644
2019-01-18 14:42:44,325 18 loss=0.23025654996077344
2019-01-18 14:42:44,325 19 loss=0.22277636927065764
2019-01-18 14:42:44,326 20 loss=0.21567391401893474
2019-01-18 14:42:44,327 21 loss=0.20890328357206683
2019-01-18 14:42:44,327 22 loss=0.20242732062673408
2019-01-18 14:42:44,328 23 loss=0.19621567912268584
2019-01-18 14:42:44,328 24 loss=0.19024342800026817
2019-01-18 14:42:44,329 25 loss=0.1844900052136003
2019-01-18 14:42:44,329 26 loss=0.17893840589787272
2019-01-18 14:42:44,330 27 loss=0.17357453245929952
2019-01-18 14:42:44,330 28 loss=0.168386661832886
2019-01-18 14:42:44,331 29 loss=0.1633650020980992
2019-01-18 14:42:44,332 30 loss=0.1585013208438837
2019-01-18 14:42:44,332 31 loss=0.15378863361371287
2019-01-18 14:42:44,333 32 loss=0.14922094407520925
2019-01-18 14:42:44,334 33 loss=0.1447930293234867
2019-01-18 14:42:44,334 34 loss=0.14050026463884183
2019-01-18 14:42:44,335 35 loss=0.1363384825131134
2019-01-18 14:42:44,335 36 loss=0.1323038610919024
2019-01-18 14:42:44,336 37 loss=0.12839283748926264
2019-01-18 14:42:44,336 38 loss=0.12460204177767749
2019-01-18 14:42:44,337 39 loss=0.12092824785303675
2019-01-18 14:42:44,337 40 loss=0.11736833781092824
2019-01-18 14:42:44,338 41 loss=0.11391927692546007
2019-01-18 14:42:44,338 42 loss=0.1105780967720955
2019-01-18 14:42:44,339 43 loss=0.10734188446210159
2019-01-18 14:42:44,339 44 loss=0.10420777634414685
2019-01-18 14:42:44,340 45 loss=0.10117295487012098
2019-01-18 14:42:44,340 46 loss=0.09823464761426823
2019-01-18 14:42:44,341 47 loss=0.09539012767803177
2019-01-18 14:42:44,341 48 loss=0.0926367149110906
2019-01-18 14:42:44,342 49 loss=0.08997177753698433
2019-01-18 14:42:44,342 50 loss=0.08739273389516751
2019-01-18 14:42:44,342 final loss=0.08739273389516751
2019-01-18 14:42:44,342 best loss=10000000000.0, distortion=10000000000.0, map=0.0, wc_dist=10000000000.0
2019-01-18 14:42:44,343 	 Computing Major Stats lazily... 
2019-01-18 14:42:44,343 		 Completed edges=90 good=90 bad=0
2019-01-18 14:42:44,345 Distortion avg=0.24960399264116048 wc=3.853507568516498 me=1.311379363640356 mc=2.9385147237785247 nan_elements=0
2019-01-18 14:42:44,345 MAP = 1.0
2019-01-18 14:42:44,345 scale=[array([1.])]
2019-01-18 14:53:46,843 Commandline ['pytorch/pytorch_hyperbolic.py', 'learn', 'data/edges/parsing/ewt/ewt_dev/1397.edges', '--dim', '0', '--hyp', '0', '--edim', '10', '--euc', '1', '--sdim', '0', '--sph', '0', '--log-name', 'ewt_devr2/1397.edges.E10-1.lr1.log', '--batch-size', '65536', '--epochs', '50', '--checkpoint-freq', '10', '-g', '--subsample', '1024', '--learning-rate', '1']
2019-01-18 14:53:46,844 No Model Save selected!
2019-01-18 14:53:46,845 Loaded Graph data/edges/parsing/ewt/ewt_dev/1397.edges with 10 nodes scale=1.0
2019-01-18 14:53:46,845 Building dataset
2019-01-18 14:53:46,845 Subsample: 10 points with scale 1.0 subsample=9
2019-01-18 14:53:46,853 Built Data Sampler
2019-01-18 14:53:46,853 Creating a fresh model warm_start?=None
2019-01-18 14:53:46,854 	 Warmstarting? None None 10
2019-01-18 14:53:46,854 Embedding() torch.Size([10, 10])
2019-01-18 14:53:46,854 relative No Rescale
2019-01-18 14:53:46,854 Constructed model with dim=0 and epochs=0 isnan=False
2019-01-18 14:53:46,855 SGD (
Parameter Group 0
    dampening: 0
    initial_lr: 0.1
    lr: 1.0
    momentum: 0.0
    nesterov: False
    weight_decay: 0

Parameter Group 1
    dampening: 0
    initial_lr: 0.1
    lr: 1.0
    momentum: 0.0
    nesterov: False
    weight_decay: 0

Parameter Group 2
    dampening: 0
    initial_lr: 0.1
    lr: 1.0
    momentum: 0.0
    nesterov: False
    weight_decay: 0

Parameter Group 3
    dampening: 0
    initial_lr: 0.0001
    lr: 0.001
    momentum: 0.0
    nesterov: False
    weight_decay: 0
)
2019-01-18 14:53:46,855 *** Initial Checkpoint. Computing Stats
2019-01-18 14:53:46,855 	 Computing Major Stats lazily... 
2019-01-18 14:53:46,856 		 Completed edges=90 good=90 bad=0
2019-01-18 14:53:46,857 Distortion avg=0.9977434807505451 wc=6.756333472306294 me=0.005982886981094694 mc=1129.2764669724852 nan_elements=0
2019-01-18 14:53:46,857 MAP = 0.4650793650793651
2019-01-18 14:53:46,858 scale=[array([1.])]
2019-01-18 14:53:46,858 *** End Initial Checkpoint

2019-01-18 14:53:46,915 1 loss=0.9954936048717489
2019-01-18 14:53:46,915 2 loss=0.7909618499489511
2019-01-18 14:53:46,916 3 loss=0.6413238563681966
2019-01-18 14:53:46,916 4 loss=0.5396865225700906
2019-01-18 14:53:46,917 5 loss=0.4697866289106943
2019-01-18 14:53:46,917 6 loss=0.42031158563252646
2019-01-18 14:53:46,918 7 loss=0.3840138616358605
2019-01-18 14:53:46,918 8 loss=0.35633047014372515
2019-01-18 14:53:46,919 9 loss=0.33438936965347366
2019-01-18 14:53:46,919 10 loss=0.3163694451642943
2019-01-18 14:53:46,919 
*** Major Checkpoint. Computing Stats and Saving
2019-01-18 14:53:46,919 	 Computing Major Stats lazily... 
2019-01-18 14:53:46,920 		 Completed edges=90 good=90 bad=0
2019-01-18 14:53:46,922 Distortion avg=0.5069095897898122 wc=8.53712208249571 me=1.3207191541539836 mc=6.463995055757601 nan_elements=0
2019-01-18 14:53:46,922 MAP = 0.23134920634920633
2019-01-18 14:53:46,922 scale=[array([1.])]
2019-01-18 14:53:46,922 *** End Major Checkpoint

2019-01-18 14:53:46,922 11 loss=0.30110185629306147
2019-01-18 14:53:46,923 12 loss=0.28782443185852064
2019-01-18 14:53:46,923 13 loss=0.2760305980152518
2019-01-18 14:53:46,924 14 loss=0.26537616602969366
2019-01-18 14:53:46,924 15 loss=0.25562148726516626
2019-01-18 14:53:46,925 16 loss=0.24659528821896537
2019-01-18 14:53:46,925 17 loss=0.23817186344492644
2019-01-18 14:53:46,926 18 loss=0.2302565499607733
2019-01-18 14:53:46,926 19 loss=0.22277636927065766
2019-01-18 14:53:46,927 20 loss=0.21567391401893468
2019-01-18 14:53:46,927 
*** Major Checkpoint. Computing Stats and Saving
2019-01-18 14:53:46,927 	 Computing Major Stats lazily... 
2019-01-18 14:53:46,928 		 Completed edges=90 good=90 bad=0
2019-01-18 14:53:46,929 Distortion avg=0.41705717973072126 wc=7.532631985377875 me=1.5031898959073007 mc=5.011098069436731 nan_elements=0
2019-01-18 14:53:46,929 MAP = 0.5403968253968254
2019-01-18 14:53:46,929 scale=[array([1.])]
2019-01-18 14:53:46,930 *** End Major Checkpoint

2019-01-18 14:53:46,930 21 loss=0.2089032835720668
2019-01-18 14:53:46,931 22 loss=0.20242732062673402
2019-01-18 14:53:46,931 23 loss=0.19621567912268587
2019-01-18 14:53:46,932 24 loss=0.19024342800026814
2019-01-18 14:53:46,932 25 loss=0.18449000521360023
2019-01-18 14:53:46,933 26 loss=0.17893840589787274
2019-01-18 14:53:46,933 27 loss=0.1735745324592994
2019-01-18 14:53:46,933 28 loss=0.16838666183288603
2019-01-18 14:53:46,934 29 loss=0.16336500209809923
2019-01-18 14:53:46,934 30 loss=0.1585013208438837
2019-01-18 14:53:46,935 
*** Major Checkpoint. Computing Stats and Saving
2019-01-18 14:53:46,935 	 Computing Major Stats lazily... 
2019-01-18 14:53:46,935 		 Completed edges=90 good=90 bad=0
2019-01-18 14:53:46,937 Distortion avg=0.34631311381213437 wc=6.260745171526275 me=1.4770645866566863 mc=4.238640089325666 nan_elements=0
2019-01-18 14:53:46,938 MAP = 0.8416666666666666
2019-01-18 14:53:46,938 scale=[array([1.])]
2019-01-18 14:53:46,938 *** End Major Checkpoint

2019-01-18 14:53:46,938 31 loss=0.15378863361371284
2019-01-18 14:53:46,939 32 loss=0.14922094407520925
2019-01-18 14:53:46,939 33 loss=0.14479302932348667
2019-01-18 14:53:46,940 34 loss=0.14050026463884185
2019-01-18 14:53:46,940 35 loss=0.1363384825131134
2019-01-18 14:53:46,941 36 loss=0.13230386109190242
2019-01-18 14:53:46,941 37 loss=0.1283928374892626
2019-01-18 14:53:46,942 38 loss=0.12460204177767749
2019-01-18 14:53:46,942 39 loss=0.12092824785303675
2019-01-18 14:53:46,943 40 loss=0.11736833781092826
2019-01-18 14:53:46,943 
*** Major Checkpoint. Computing Stats and Saving
2019-01-18 14:53:46,943 	 Computing Major Stats lazily... 
2019-01-18 14:53:46,944 		 Completed edges=90 good=90 bad=0
2019-01-18 14:53:46,945 Distortion avg=0.2941169526962782 wc=4.905200296198811 me=1.391178512536504 mc=3.525931612654994 nan_elements=0
2019-01-18 14:53:46,945 MAP = 1.0
2019-01-18 14:53:46,945 scale=[array([1.])]
2019-01-18 14:53:46,946 *** End Major Checkpoint

2019-01-18 14:53:46,946 41 loss=0.11391927692546008
2019-01-18 14:53:46,947 42 loss=0.1105780967720955
2019-01-18 14:53:46,947 43 loss=0.1073418844621016
2019-01-18 14:53:46,948 44 loss=0.10420777634414685
2019-01-18 14:53:46,948 45 loss=0.10117295487012094
2019-01-18 14:53:46,949 46 loss=0.09823464761426826
2019-01-18 14:53:46,949 47 loss=0.09539012767803183
2019-01-18 14:53:46,950 48 loss=0.0926367149110906
2019-01-18 14:53:46,950 49 loss=0.08997177753698433
2019-01-18 14:53:46,951 50 loss=0.08739273389516751
2019-01-18 14:53:46,951 
*** Major Checkpoint. Computing Stats and Saving
2019-01-18 14:53:46,951 	 Computing Major Stats lazily... 
2019-01-18 14:53:46,951 		 Completed edges=90 good=90 bad=0
2019-01-18 14:53:46,953 Distortion avg=0.2496039926411606 wc=3.8535075685164983 me=1.311379363640356 mc=2.938514723778525 nan_elements=0
2019-01-18 14:53:46,953 MAP = 1.0
2019-01-18 14:53:46,953 scale=[array([1.])]
2019-01-18 14:53:46,953 *** End Major Checkpoint

2019-01-18 14:53:46,953 final loss=0.08739273389516751
2019-01-18 14:53:46,953 best loss=0.08739273389516751, distortion=0.2496039926411606, map=1.0, wc_dist=3.8535075685164983
2019-01-18 14:53:46,953 	 Computing Major Stats lazily... 
2019-01-18 14:53:46,954 		 Completed edges=90 good=90 bad=0
2019-01-18 14:53:46,955 Distortion avg=0.2496039926411606 wc=3.8535075685164983 me=1.311379363640356 mc=2.938514723778525 nan_elements=0
2019-01-18 14:53:46,956 MAP = 1.0
2019-01-18 14:53:46,956 scale=[array([1.])]
