2019-01-18 14:56:37,403 Commandline ['pytorch/pytorch_hyperbolic.py', 'learn', 'data/edges/parsing/ewt/ewt_dev/1407.edges', '--dim', '0', '--hyp', '0', '--edim', '10', '--euc', '1', '--sdim', '0', '--sph', '0', '--log-name', 'ewt_devr2/1407.edges.E10-1.lr1.log', '--batch-size', '65536', '--epochs', '50', '--checkpoint-freq', '10', '-g', '--subsample', '1024', '--learning-rate', '1']
2019-01-18 14:56:37,403 No Model Save selected!
2019-01-18 14:56:37,405 Loaded Graph data/edges/parsing/ewt/ewt_dev/1407.edges with 22 nodes scale=1.0
2019-01-18 14:56:37,405 Building dataset
2019-01-18 14:56:37,405 Subsample: 22 points with scale 1.0 subsample=21
2019-01-18 14:56:37,430 Built Data Sampler
2019-01-18 14:56:37,431 Creating a fresh model warm_start?=None
2019-01-18 14:56:37,431 	 Warmstarting? None None 22
2019-01-18 14:56:37,431 Embedding() torch.Size([22, 10])
2019-01-18 14:56:37,431 relative No Rescale
2019-01-18 14:56:37,431 Constructed model with dim=0 and epochs=0 isnan=False
2019-01-18 14:56:37,432 SGD (
Parameter Group 0
    dampening: 0
    initial_lr: 0.1
    lr: 1.0
    momentum: 0.0
    nesterov: False
    weight_decay: 0

Parameter Group 1
    dampening: 0
    initial_lr: 0.1
    lr: 1.0
    momentum: 0.0
    nesterov: False
    weight_decay: 0

Parameter Group 2
    dampening: 0
    initial_lr: 0.1
    lr: 1.0
    momentum: 0.0
    nesterov: False
    weight_decay: 0

Parameter Group 3
    dampening: 0
    initial_lr: 0.0001
    lr: 0.001
    momentum: 0.0
    nesterov: False
    weight_decay: 0
)
2019-01-18 14:56:37,432 *** Initial Checkpoint. Computing Stats
2019-01-18 14:56:37,432 	 Computing Major Stats lazily... 
2019-01-18 14:56:37,434 		 Completed edges=462 good=462 bad=0
2019-01-18 14:56:37,438 Distortion avg=0.9985251247398692 wc=20.591090889360274 me=0.006196519622161948 mc=3323.009067173114 nan_elements=0
2019-01-18 14:56:37,438 MAP = 0.19250459808509346
2019-01-18 14:56:37,438 scale=[array([1.])]
2019-01-18 14:56:37,438 *** End Initial Checkpoint

2019-01-18 14:56:37,494 1 loss=0.9970536480745977
2019-01-18 14:56:37,495 2 loss=0.9511184779442268
2019-01-18 14:56:37,496 3 loss=0.9073278921997405
2019-01-18 14:56:37,497 4 loss=0.8670796725808402
2019-01-18 14:56:37,498 5 loss=0.8302786938181221
2019-01-18 14:56:37,498 6 loss=0.7966660128996607
2019-01-18 14:56:37,499 7 loss=0.7659582556151642
2019-01-18 14:56:37,500 8 loss=0.7378809918581245
2019-01-18 14:56:37,501 9 loss=0.7121788718629559
2019-01-18 14:56:37,501 10 loss=0.6886184294127597
2019-01-18 14:56:37,501 
*** Major Checkpoint. Computing Stats and Saving
2019-01-18 14:56:37,501 	 Computing Major Stats lazily... 
2019-01-18 14:56:37,503 		 Completed edges=462 good=462 bad=0
2019-01-18 14:56:37,507 Distortion avg=0.796536939067756 wc=25.063650618092307 me=0.8420835617160625 mc=29.763852137210325 nan_elements=0
2019-01-18 14:56:37,507 MAP = 0.08767246584971045
2019-01-18 14:56:37,507 scale=[array([1.])]
2019-01-18 14:56:37,507 *** End Major Checkpoint

2019-01-18 14:56:37,508 11 loss=0.6669881147142901
2019-01-18 14:56:37,509 12 loss=0.6470972001811953
2019-01-18 14:56:37,509 13 loss=0.6287742412840781
2019-01-18 14:56:37,510 14 loss=0.6118654017765172
2019-01-18 14:56:37,511 15 loss=0.596232790187477
2019-01-18 14:56:37,512 16 loss=0.5817528775829733
2019-01-18 14:56:37,512 17 loss=0.568315028016532
2019-01-18 14:56:37,513 18 loss=0.5558201529952473
2019-01-18 14:56:37,514 19 loss=0.5441794906559467
2019-01-18 14:56:37,515 20 loss=0.5333135047730684
2019-01-18 14:56:37,515 
*** Major Checkpoint. Computing Stats and Saving
2019-01-18 14:56:37,515 	 Computing Major Stats lazily... 
2019-01-18 14:56:37,517 		 Completed edges=462 good=462 bad=0
2019-01-18 14:56:37,520 Distortion avg=0.6895835804859494 wc=21.929558527318452 me=1.2912669144822722 mc=16.982978717541922 nan_elements=0
2019-01-18 14:56:37,520 MAP = 0.089331830951413
2019-01-18 14:56:37,520 scale=[array([1.])]
2019-01-18 14:56:37,520 *** End Major Checkpoint

2019-01-18 14:56:37,521 21 loss=0.523150895940569
2019-01-18 14:56:37,522 22 loss=0.5136277160646349
2019-01-18 14:56:37,523 23 loss=0.5046865769912934
2019-01-18 14:56:37,523 24 loss=0.49627594428228267
2019-01-18 14:56:37,524 25 loss=0.4883495076145545
2019-01-18 14:56:37,525 26 loss=0.4808656198774537
2019-01-18 14:56:37,526 27 loss=0.4737867976956696
2019-01-18 14:56:37,526 28 loss=0.46707927676734023
2019-01-18 14:56:37,527 29 loss=0.46071261604719593
2019-01-18 14:56:37,528 30 loss=0.45465934540885994
2019-01-18 14:56:37,528 
*** Major Checkpoint. Computing Stats and Saving
2019-01-18 14:56:37,528 	 Computing Major Stats lazily... 
2019-01-18 14:56:37,530 		 Completed edges=462 good=462 bad=0
2019-01-18 14:56:37,533 Distortion avg=0.6400104684722516 wc=19.175683870152127 me=1.5388931840726312 mc=12.460698421838673 nan_elements=0
2019-01-18 14:56:37,533 MAP = 0.0992337600291266
2019-01-18 14:56:37,534 scale=[array([1.])]
2019-01-18 14:56:37,534 *** End Major Checkpoint

2019-01-18 14:56:37,534 31 loss=0.4488946519806204
2019-01-18 14:56:37,535 32 loss=0.44339610086211345
2019-01-18 14:56:37,536 33 loss=0.43814338639541794
2019-01-18 14:56:37,537 34 loss=0.4331181105846426
2019-01-18 14:56:37,538 35 loss=0.4283035856359146
2019-01-18 14:56:37,539 36 loss=0.42368465792783244
2019-01-18 14:56:37,540 37 loss=0.4192475510243118
2019-01-18 14:56:37,541 38 loss=0.4149797256106329
2019-01-18 14:56:37,542 39 loss=0.4108697544726194
2019-01-18 14:56:37,542 40 loss=0.4069072108512679
2019-01-18 14:56:37,543 
*** Major Checkpoint. Computing Stats and Saving
2019-01-18 14:56:37,543 	 Computing Major Stats lazily... 
2019-01-18 14:56:37,545 		 Completed edges=462 good=462 bad=0
2019-01-18 14:56:37,548 Distortion avg=0.6024272665003771 wc=16.952322005542555 me=1.6792628323091983 mc=10.095097491219391 nan_elements=0
2019-01-18 14:56:37,548 MAP = 0.11408230068552329
2019-01-18 14:56:37,548 scale=[array([1.])]
2019-01-18 14:56:37,548 *** End Major Checkpoint

2019-01-18 14:56:37,549 41 loss=0.4030825686936233
2019-01-18 14:56:37,550 42 loss=0.39938711348780837
2019-01-18 14:56:37,551 43 loss=0.395812862518247
2019-01-18 14:56:37,551 44 loss=0.39235249350834034
2019-01-18 14:56:37,552 45 loss=0.38899928073410056
2019-01-18 14:56:37,553 46 loss=0.3857470377951838
2019-01-18 14:56:37,554 47 loss=0.38259006632094916
2019-01-18 14:56:37,554 48 loss=0.37952310996990263
2019-01-18 14:56:37,555 49 loss=0.37654131315242456
2019-01-18 14:56:37,556 50 loss=0.37364018397002474
2019-01-18 14:56:37,556 
*** Major Checkpoint. Computing Stats and Saving
2019-01-18 14:56:37,556 	 Computing Major Stats lazily... 
2019-01-18 14:56:37,558 		 Completed edges=462 good=462 bad=0
2019-01-18 14:56:37,561 Distortion avg=0.5703253327956532 wc=15.45548373609372 me=1.769315301592043 mc=8.735290833796984 nan_elements=0
2019-01-18 14:56:37,562 MAP = 0.13417725014298335
2019-01-18 14:56:37,562 scale=[array([1.])]
2019-01-18 14:56:37,562 *** End Major Checkpoint

2019-01-18 14:56:37,562 final loss=0.37364018397002474
2019-01-18 14:56:37,562 best loss=0.37364018397002474, distortion=0.5703253327956532, map=0.13417725014298335, wc_dist=15.45548373609372
2019-01-18 14:56:37,562 	 Computing Major Stats lazily... 
2019-01-18 14:56:37,564 		 Completed edges=462 good=462 bad=0
2019-01-18 14:56:37,567 Distortion avg=0.5703253327956535 wc=15.45548373609372 me=1.769315301592043 mc=8.735290833796984 nan_elements=0
2019-01-18 14:56:37,567 MAP = 0.13417725014298335
2019-01-18 14:56:37,568 scale=[array([1.])]
