2019-01-18 14:44:39,083 Commandline ['pytorch/pytorch_hyperbolic.py', 'learn', 'data/edges/parsing/ewt/ewt_dev/1409.edges', '--dim', '0', '--hyp', '0', '--edim', '10', '--euc', '1', '--sdim', '0', '--sph', '0', '--log-name', 'ewt_devr2/1409.edges.E10-1.lr1.log', '--batch-size', '65536', '--epochs', '50', '--checkpoint-freq', '10', '-g', '--subsample', '1024', '--learning-rate', '1']
2019-01-18 14:44:39,084 No Model Save selected!
2019-01-18 14:44:39,085 Loaded Graph data/edges/parsing/ewt/ewt_dev/1409.edges with 32 nodes scale=1.0
2019-01-18 14:44:39,085 Building dataset
2019-01-18 14:44:39,086 Subsample: 32 points with scale 1.0 subsample=31
2019-01-18 14:44:39,130 Built Data Sampler
2019-01-18 14:44:39,130 Creating a fresh model warm_start?=None
2019-01-18 14:44:39,130 	 Warmstarting? None None 32
2019-01-18 14:44:39,130 Embedding() torch.Size([32, 10])
2019-01-18 14:44:39,131 relative No Rescale
2019-01-18 14:44:39,131 Constructed model with dim=0 and epochs=0 isnan=False
2019-01-18 14:44:39,131 SGD (
Parameter Group 0
    dampening: 0
    initial_lr: 0.1
    lr: 1.0
    momentum: 0.0
    nesterov: False
    weight_decay: 0

Parameter Group 1
    dampening: 0
    initial_lr: 0.1
    lr: 1.0
    momentum: 0.0
    nesterov: False
    weight_decay: 0

Parameter Group 2
    dampening: 0
    initial_lr: 0.1
    lr: 1.0
    momentum: 0.0
    nesterov: False
    weight_decay: 0

Parameter Group 3
    dampening: 0
    initial_lr: 0.0001
    lr: 0.001
    momentum: 0.0
    nesterov: False
    weight_decay: 0
)
2019-01-18 14:44:39,131 *** Initial Checkpoint. Computing Stats
2019-01-18 14:44:39,131 	 Computing Major Stats lazily... 
2019-01-18 14:44:39,136 		 Completed edges=992 good=992 bad=0
2019-01-18 14:44:39,141 Distortion avg=0.9987073704882753 wc=29.85290066368374 me=0.006841983940850235 mc=4363.1936177818625 nan_elements=0
2019-01-18 14:44:39,141 MAP = 0.12377351343071956
2019-01-18 14:44:39,141 scale=[array([1.])]
2019-01-18 14:44:39,142 *** End Initial Checkpoint

2019-01-18 14:44:39,200 1 loss=0.9974174617812074
2019-01-18 14:44:39,202 2 loss=0.9736944008987283
2019-01-18 14:44:39,203 3 loss=0.9503350027545696
2019-01-18 14:44:39,204 4 loss=0.9279328708978661
2019-01-18 14:44:39,205 5 loss=0.9065366276715374
2019-01-18 14:44:39,206 6 loss=0.886128101649112
2019-01-18 14:44:39,207 7 loss=0.8666705668999332
2019-01-18 14:44:39,208 8 loss=0.8481211437510678
2019-01-18 14:44:39,210 9 loss=0.8304352970984141
2019-01-18 14:44:39,211 10 loss=0.8135687815978838
2019-01-18 14:44:39,211 
*** Major Checkpoint. Computing Stats and Saving
2019-01-18 14:44:39,211 	 Computing Major Stats lazily... 
2019-01-18 14:44:39,215 		 Completed edges=992 good=992 bad=0
2019-01-18 14:44:39,220 Distortion avg=0.886504552345165 wc=48.06043028695158 me=0.6999347633819941 mc=68.66415672044893 nan_elements=0
2019-01-18 14:44:39,220 MAP = 0.061639678581963904
2019-01-18 14:44:39,220 scale=[array([1.])]
2019-01-18 14:44:39,220 *** End Major Checkpoint

2019-01-18 14:44:39,222 11 loss=0.7974785629077433
2019-01-18 14:44:39,223 12 loss=0.7821232667830944
2019-01-18 14:44:39,224 13 loss=0.7674633887400419
2019-01-18 14:44:39,225 14 loss=0.7534613741025759
2019-01-18 14:44:39,226 15 loss=0.7400816248136909
2019-01-18 14:44:39,227 16 loss=0.7272904639020784
2019-01-18 14:44:39,228 17 loss=0.71505607540629
2019-01-18 14:44:39,229 18 loss=0.7033484304237363
2019-01-18 14:44:39,231 19 loss=0.6921392058677369
2019-01-18 14:44:39,232 20 loss=0.6814017000809287
2019-01-18 14:44:39,232 
*** Major Checkpoint. Computing Stats and Saving
2019-01-18 14:44:39,232 	 Computing Major Stats lazily... 
2019-01-18 14:44:39,236 		 Completed edges=992 good=992 bad=0
2019-01-18 14:44:39,241 Distortion avg=0.7988983784772204 wc=42.28967879225768 me=1.1462765816564524 mc=36.89308450421803 nan_elements=0
2019-01-18 14:44:39,241 MAP = 0.061452608662198115
2019-01-18 14:44:39,241 scale=[array([1.])]
2019-01-18 14:44:39,242 *** End Major Checkpoint

2019-01-18 14:44:39,243 21 loss=0.6711107479517294
2019-01-18 14:44:39,244 22 loss=0.6612426372282274
2019-01-18 14:44:39,245 23 loss=0.6517750271058214
2019-01-18 14:44:39,246 24 loss=0.6426868697563903
2019-01-18 14:44:39,247 25 loss=0.6339583351928997
2019-01-18 14:44:39,249 26 loss=0.6255707396779003
2019-01-18 14:44:39,250 27 loss=0.6175064777582008
2019-01-18 14:44:39,251 28 loss=0.6097489579220767
2019-01-18 14:44:39,252 29 loss=0.6022825418172935
2019-01-18 14:44:39,253 30 loss=0.5950924869294939
2019-01-18 14:44:39,253 
*** Major Checkpoint. Computing Stats and Saving
2019-01-18 14:44:39,253 	 Computing Major Stats lazily... 
2019-01-18 14:44:39,257 		 Completed edges=992 good=992 bad=0
2019-01-18 14:44:39,262 Distortion avg=0.73998927295671 wc=36.8486908513192 me=1.4162781814130123 mc=26.017975377235196 nan_elements=0
2019-01-18 14:44:39,262 MAP = 0.062023053127282256
2019-01-18 14:44:39,263 scale=[array([1.])]
2019-01-18 14:44:39,263 *** End Major Checkpoint

2019-01-18 14:44:39,264 31 loss=0.5881648925954359
2019-01-18 14:44:39,265 32 loss=0.5814866492101313
2019-01-18 14:44:39,266 33 loss=0.5750453904783798
2019-01-18 14:44:39,267 34 loss=0.5688294485574926
2019-01-18 14:44:39,269 35 loss=0.5628278119377428
2019-01-18 14:44:39,270 36 loss=0.5570300859092694
2019-01-18 14:44:39,271 37 loss=0.5514264554679922
2019-01-18 14:44:39,272 38 loss=0.5460076505180779
2019-01-18 14:44:39,273 39 loss=0.540764913234211
2019-01-18 14:44:39,274 40 loss=0.5356899674530614
2019-01-18 14:44:39,274 
*** Major Checkpoint. Computing Stats and Saving
2019-01-18 14:44:39,275 	 Computing Major Stats lazily... 
2019-01-18 14:44:39,279 		 Completed edges=992 good=992 bad=0
2019-01-18 14:44:39,284 Distortion avg=0.7027321215918534 wc=33.02893629075504 me=1.6112152818831766 mc=20.499393632954536 nan_elements=0
2019-01-18 14:44:39,284 MAP = 0.06345863933229454
2019-01-18 14:44:39,284 scale=[array([1.])]
2019-01-18 14:44:39,284 *** End Major Checkpoint

2019-01-18 14:44:39,286 41 loss=0.5307749899697162
2019-01-18 14:44:39,287 42 loss=0.5260125836212909
2019-01-18 14:44:39,288 43 loss=0.5213957520463219
2019-01-18 14:44:39,289 44 loss=0.5169178760148185
2019-01-18 14:44:39,290 45 loss=0.512572691229957
2019-01-18 14:44:39,291 46 loss=0.5083542675082487
2019-01-18 14:44:39,293 47 loss=0.5042569892506693
2019-01-18 14:44:39,294 48 loss=0.5002755371225811
2019-01-18 14:44:39,295 49 loss=0.49640487086540647
2019-01-18 14:44:39,296 50 loss=0.4926402131678262
2019-01-18 14:44:39,296 
*** Major Checkpoint. Computing Stats and Saving
2019-01-18 14:44:39,296 	 Computing Major Stats lazily... 
2019-01-18 14:44:39,300 		 Completed edges=992 good=992 bad=0
2019-01-18 14:44:39,305 Distortion avg=0.6733270022743894 wc=30.466279265282683 me=1.7769399182836083 mc=17.145362626954118 nan_elements=0
2019-01-18 14:44:39,305 MAP = 0.06545057391401227
2019-01-18 14:44:39,306 scale=[array([1.])]
2019-01-18 14:44:39,306 *** End Major Checkpoint

2019-01-18 14:44:39,306 final loss=0.4926402131678262
2019-01-18 14:44:39,306 best loss=0.4926402131678262, distortion=0.6733270022743894, map=0.06545057391401227, wc_dist=30.466279265282683
2019-01-18 14:44:39,306 	 Computing Major Stats lazily... 
2019-01-18 14:44:39,310 		 Completed edges=992 good=992 bad=0
2019-01-18 14:44:39,315 Distortion avg=0.6733270022743889 wc=30.466279265282683 me=1.7769399182836083 mc=17.145362626954118 nan_elements=0
2019-01-18 14:44:39,315 MAP = 0.06545057391401228
2019-01-18 14:44:39,315 scale=[array([1.])]
