2019-01-18 15:02:38,573 Commandline ['pytorch/pytorch_hyperbolic.py', 'learn', 'data/edges/parsing/ewt/ewt_dev/1410.edges', '--dim', '0', '--hyp', '0', '--edim', '10', '--euc', '1', '--sdim', '0', '--sph', '0', '--log-name', 'ewt_devr2/1410.edges.E10-1.lr1.log', '--batch-size', '65536', '--epochs', '50', '--checkpoint-freq', '10', '-g', '--subsample', '1024', '--learning-rate', '1']
2019-01-18 15:02:38,573 No Model Save selected!
2019-01-18 15:02:38,575 Loaded Graph data/edges/parsing/ewt/ewt_dev/1410.edges with 11 nodes scale=1.0
2019-01-18 15:02:38,575 Building dataset
2019-01-18 15:02:38,576 Subsample: 11 points with scale 1.0 subsample=10
2019-01-18 15:02:38,585 Built Data Sampler
2019-01-18 15:02:38,585 Creating a fresh model warm_start?=None
2019-01-18 15:02:38,585 	 Warmstarting? None None 11
2019-01-18 15:02:38,585 Embedding() torch.Size([11, 10])
2019-01-18 15:02:38,585 relative No Rescale
2019-01-18 15:02:38,586 Constructed model with dim=0 and epochs=0 isnan=False
2019-01-18 15:02:38,586 SGD (
Parameter Group 0
    dampening: 0
    initial_lr: 0.1
    lr: 1.0
    momentum: 0.0
    nesterov: False
    weight_decay: 0

Parameter Group 1
    dampening: 0
    initial_lr: 0.1
    lr: 1.0
    momentum: 0.0
    nesterov: False
    weight_decay: 0

Parameter Group 2
    dampening: 0
    initial_lr: 0.1
    lr: 1.0
    momentum: 0.0
    nesterov: False
    weight_decay: 0

Parameter Group 3
    dampening: 0
    initial_lr: 0.0001
    lr: 0.001
    momentum: 0.0
    nesterov: False
    weight_decay: 0
)
2019-01-18 15:02:38,586 *** Initial Checkpoint. Computing Stats
2019-01-18 15:02:38,586 	 Computing Major Stats lazily... 
2019-01-18 15:02:38,587 		 Completed edges=110 good=110 bad=0
2019-01-18 15:02:38,589 Distortion avg=0.9976203495246054 wc=5.57788998257478 me=0.005628252251848828 mc=991.0518812909453 nan_elements=0
2019-01-18 15:02:38,589 MAP = 0.23672889610389614
2019-01-18 15:02:38,589 scale=[array([1.])]
2019-01-18 15:02:38,589 *** End Initial Checkpoint

2019-01-18 15:02:38,647 1 loss=0.9952477464936846
2019-01-18 15:02:38,647 2 loss=0.7687012896170888
2019-01-18 15:02:38,648 3 loss=0.6151274046574143
2019-01-18 15:02:38,648 4 loss=0.5101796255294233
2019-01-18 15:02:38,649 5 loss=0.43405393184260543
2019-01-18 15:02:38,649 6 loss=0.37609579927281417
2019-01-18 15:02:38,650 7 loss=0.33037414498818524
2019-01-18 15:02:38,650 8 loss=0.2933743895554773
2019-01-18 15:02:38,651 9 loss=0.262870841088749
2019-01-18 15:02:38,652 10 loss=0.23736655507428686
2019-01-18 15:02:38,652 
*** Major Checkpoint. Computing Stats and Saving
2019-01-18 15:02:38,652 	 Computing Major Stats lazily... 
2019-01-18 15:02:38,652 		 Completed edges=110 good=110 bad=0
2019-01-18 15:02:38,654 Distortion avg=0.42897660608457333 wc=6.857660914253358 me=1.2897235899344013 mc=5.317155526791719 nan_elements=0
2019-01-18 15:02:38,654 MAP = 0.29913419913419914
2019-01-18 15:02:38,654 scale=[array([1.])]
2019-01-18 15:02:38,654 *** End Major Checkpoint

2019-01-18 15:02:38,655 11 loss=0.21580345792917252
2019-01-18 15:02:38,656 12 loss=0.1974039899791067
2019-01-18 15:02:38,656 13 loss=0.18157932026530255
2019-01-18 15:02:38,657 14 loss=0.1678730333501755
2019-01-18 15:02:38,657 15 loss=0.15592482034263427
2019-01-18 15:02:38,658 16 loss=0.14544608655800292
2019-01-18 15:02:38,658 17 loss=0.13620300196428672
2019-01-18 15:02:38,659 18 loss=0.12800438023257885
2019-01-18 15:02:38,659 19 loss=0.1206927862345179
2019-01-18 15:02:38,660 20 loss=0.1141378573133922
2019-01-18 15:02:38,660 
*** Major Checkpoint. Computing Stats and Saving
2019-01-18 15:02:38,660 	 Computing Major Stats lazily... 
2019-01-18 15:02:38,661 		 Completed edges=110 good=110 bad=0
2019-01-18 15:02:38,662 Distortion avg=0.28922049153125534 wc=4.878726252445163 me=1.4700366284500765 mc=3.3187787011736 nan_elements=0
2019-01-18 15:02:38,662 MAP = 0.6733450577200577
2019-01-18 15:02:38,663 scale=[array([1.])]
2019-01-18 15:02:38,663 *** End Major Checkpoint

2019-01-18 15:02:38,663 21 loss=0.10823117834372553
2019-01-18 15:02:38,664 22 loss=0.10288227305619017
2019-01-18 15:02:38,664 23 loss=0.09801541675896935
2019-01-18 15:02:38,665 24 loss=0.09356706827167631
2019-01-18 15:02:38,665 25 loss=0.08948377960615315
2019-01-18 15:02:38,666 26 loss=0.0857204819951584
2019-01-18 15:02:38,666 27 loss=0.08223907356686512
2019-01-18 15:02:38,667 28 loss=0.07900725202251144
2019-01-18 15:02:38,667 29 loss=0.07599754817136255
2019-01-18 15:02:38,668 30 loss=0.07318652509458003
2019-01-18 15:02:38,668 
*** Major Checkpoint. Computing Stats and Saving
2019-01-18 15:02:38,668 	 Computing Major Stats lazily... 
2019-01-18 15:02:38,669 		 Completed edges=110 good=110 bad=0
2019-01-18 15:02:38,670 Distortion avg=0.22746186330066043 wc=3.695957998053386 me=1.454776368385758 mc=2.540567800227933 nan_elements=0
2019-01-18 15:02:38,670 MAP = 0.9848484848484849
2019-01-18 15:02:38,671 scale=[array([1.])]
2019-01-18 15:02:38,671 *** End Major Checkpoint

2019-01-18 15:02:38,671 31 loss=0.0705541143106496
2019-01-18 15:02:38,672 32 loss=0.0680830653912835
2019-01-18 15:02:38,672 33 loss=0.0657584895162742
2019-01-18 15:02:38,673 34 loss=0.06356748075607398
2019-01-18 15:02:38,673 35 loss=0.06149880161341947
2019-01-18 15:02:38,674 36 loss=0.05954262165379228
2019-01-18 15:02:38,674 37 loss=0.05769029998461508
2019-01-18 15:02:38,675 38 loss=0.05593420396003572
2019-01-18 15:02:38,676 39 loss=0.05426755783630913
2019-01-18 15:02:38,676 40 loss=0.05268431622038837
2019-01-18 15:02:38,676 
*** Major Checkpoint. Computing Stats and Saving
2019-01-18 15:02:38,676 	 Computing Major Stats lazily... 
2019-01-18 15:02:38,677 		 Completed edges=110 good=110 bad=0
2019-01-18 15:02:38,679 Distortion avg=0.1931205552365772 wc=2.9379370900261246 me=1.3839987434371306 mc=2.122788842083644 nan_elements=0
2019-01-18 15:02:38,679 MAP = 1.0
2019-01-18 15:02:38,679 scale=[array([1.])]
2019-01-18 15:02:38,679 *** End Major Checkpoint

2019-01-18 15:02:38,679 41 loss=0.05117905807556276
2019-01-18 15:02:38,680 42 loss=0.049746897803598804
2019-01-18 15:02:38,680 43 loss=0.04838341054030342
2019-01-18 15:02:38,681 44 loss=0.047084569304818864
2019-01-18 15:02:38,681 45 loss=0.045846692053003964
2019-01-18 15:02:38,682 46 loss=0.044666397019469124
2019-01-18 15:02:38,682 47 loss=0.04354056500575751
2019-01-18 15:02:38,683 48 loss=0.042466307495702404
2019-01-18 15:02:38,683 49 loss=0.041440939662775386
2019-01-18 15:02:38,684 50 loss=0.04046195748598116
2019-01-18 15:02:38,684 
*** Major Checkpoint. Computing Stats and Saving
2019-01-18 15:02:38,684 	 Computing Major Stats lazily... 
2019-01-18 15:02:38,685 		 Completed edges=110 good=110 bad=0
2019-01-18 15:02:38,686 Distortion avg=0.16927123982359407 wc=2.4543929877871293 me=1.3152920816789493 mc=1.8660440688232047 nan_elements=0
2019-01-18 15:02:38,687 MAP = 1.0
2019-01-18 15:02:38,687 scale=[array([1.])]
2019-01-18 15:02:38,687 *** End Major Checkpoint

2019-01-18 15:02:38,687 final loss=0.04046195748598116
2019-01-18 15:02:38,687 best loss=0.04046195748598116, distortion=0.16927123982359407, map=1.0, wc_dist=2.4543929877871293
2019-01-18 15:02:38,687 	 Computing Major Stats lazily... 
2019-01-18 15:02:38,688 		 Completed edges=110 good=110 bad=0
2019-01-18 15:02:38,689 Distortion avg=0.169271239823594 wc=2.4543929877871293 me=1.3152920816789493 mc=1.8660440688232047 nan_elements=0
2019-01-18 15:02:38,689 MAP = 1.0
2019-01-18 15:02:38,690 scale=[array([1.])]
