2019-01-18 14:53:50,516 Commandline ['pytorch/pytorch_hyperbolic.py', 'learn', 'data/edges/parsing/ewt/ewt_dev/1411.edges', '--dim', '0', '--hyp', '0', '--edim', '10', '--euc', '1', '--sdim', '0', '--sph', '0', '--log-name', 'ewt_devr2/1411.edges.E10-1.lr1.log', '--batch-size', '65536', '--epochs', '50', '--checkpoint-freq', '10', '-g', '--subsample', '1024', '--learning-rate', '1']
2019-01-18 14:53:50,516 No Model Save selected!
2019-01-18 14:53:50,518 Loaded Graph data/edges/parsing/ewt/ewt_dev/1411.edges with 7 nodes scale=1.0
2019-01-18 14:53:50,518 Building dataset
2019-01-18 14:53:50,518 Subsample: 7 points with scale 1.0 subsample=6
2019-01-18 14:53:50,524 Built Data Sampler
2019-01-18 14:53:50,524 Creating a fresh model warm_start?=None
2019-01-18 14:53:50,524 	 Warmstarting? None None 7
2019-01-18 14:53:50,525 Embedding() torch.Size([7, 10])
2019-01-18 14:53:50,525 relative No Rescale
2019-01-18 14:53:50,525 Constructed model with dim=0 and epochs=0 isnan=False
2019-01-18 14:53:50,525 SGD (
Parameter Group 0
    dampening: 0
    initial_lr: 0.1
    lr: 1.0
    momentum: 0.0
    nesterov: False
    weight_decay: 0

Parameter Group 1
    dampening: 0
    initial_lr: 0.1
    lr: 1.0
    momentum: 0.0
    nesterov: False
    weight_decay: 0

Parameter Group 2
    dampening: 0
    initial_lr: 0.1
    lr: 1.0
    momentum: 0.0
    nesterov: False
    weight_decay: 0

Parameter Group 3
    dampening: 0
    initial_lr: 0.0001
    lr: 0.001
    momentum: 0.0
    nesterov: False
    weight_decay: 0
)
2019-01-18 14:53:50,525 *** Initial Checkpoint. Computing Stats
2019-01-18 14:53:50,525 	 Computing Major Stats lazily... 
2019-01-18 14:53:50,526 		 Completed edges=42 good=42 bad=0
2019-01-18 14:53:50,528 Distortion avg=0.9973614045654551 wc=6.217460021277733 me=0.005628252251848828 mc=1104.687519866466 nan_elements=0
2019-01-18 14:53:50,528 MAP = 0.5023809523809524
2019-01-18 14:53:50,528 scale=[array([1.])]
2019-01-18 14:53:50,528 *** End Initial Checkpoint

2019-01-18 14:53:50,585 1 loss=0.9947315826259435
2019-01-18 14:53:50,586 2 loss=0.6041278302883046
2019-01-18 14:53:50,587 3 loss=0.42465175012569223
2019-01-18 14:53:50,587 4 loss=0.33875213272207805
2019-01-18 14:53:50,588 5 loss=0.2896537751844609
2019-01-18 14:53:50,588 6 loss=0.2570557598256432
2019-01-18 14:53:50,588 7 loss=0.23316717749240445
2019-01-18 14:53:50,589 8 loss=0.21456968438136356
2019-01-18 14:53:50,589 9 loss=0.19951096826405074
2019-01-18 14:53:50,590 10 loss=0.18695279135355394
2019-01-18 14:53:50,590 
*** Major Checkpoint. Computing Stats and Saving
2019-01-18 14:53:50,590 	 Computing Major Stats lazily... 
2019-01-18 14:53:50,590 		 Completed edges=42 good=42 bad=0
2019-01-18 14:53:50,592 Distortion avg=0.37202518661362177 wc=4.7420908726839075 me=1.363669831540392 mc=3.4774479591788543 nan_elements=0
2019-01-18 14:53:50,592 MAP = 0.6154761904761905
2019-01-18 14:53:50,592 scale=[array([1.])]
2019-01-18 14:53:50,592 *** End Major Checkpoint

2019-01-18 14:53:50,592 11 loss=0.1762092882660167
2019-01-18 14:53:50,593 12 loss=0.16679647229329075
2019-01-18 14:53:50,593 13 loss=0.15836215643233484
2019-01-18 14:53:50,594 14 loss=0.15064842478313242
2019-01-18 14:53:50,594 15 loss=0.1434682965894208
2019-01-18 14:53:50,595 16 loss=0.13668927986459384
2019-01-18 14:53:50,595 17 loss=0.13022079105077244
2019-01-18 14:53:50,596 18 loss=0.12400410531854353
2019-01-18 14:53:50,596 19 loss=0.11800418226474212
2019-01-18 14:53:50,597 20 loss=0.11220299912640999
2019-01-18 14:53:50,597 
*** Major Checkpoint. Computing Stats and Saving
2019-01-18 14:53:50,597 	 Computing Major Stats lazily... 
2019-01-18 14:53:50,597 		 Completed edges=42 good=42 bad=0
2019-01-18 14:53:50,598 Distortion avg=0.27705675267829943 wc=3.4203375136213854 me=1.3288239558388981 mc=2.5739583475992474 nan_elements=0
2019-01-18 14:53:50,598 MAP = 1.0
2019-01-18 14:53:50,598 scale=[array([1.])]
2019-01-18 14:53:50,599 *** End Major Checkpoint

2019-01-18 14:53:50,599 21 loss=0.10659415608298514
2019-01-18 14:53:50,599 22 loss=0.10117858507720558
2019-01-18 14:53:50,600 23 loss=0.09596122767016337
2019-01-18 14:53:50,600 24 loss=0.09094856214128229
2019-01-18 14:53:50,601 25 loss=0.08614686324477021
2019-01-18 14:53:50,601 26 loss=0.08156107628456381
2019-01-18 14:53:50,602 27 loss=0.07719418594674624
2019-01-18 14:53:50,602 28 loss=0.0730469633248131
2019-01-18 14:53:50,603 29 loss=0.06911798327068659
2019-01-18 14:53:50,603 30 loss=0.06540381809076284
2019-01-18 14:53:50,603 
*** Major Checkpoint. Computing Stats and Saving
2019-01-18 14:53:50,603 	 Computing Major Stats lazily... 
2019-01-18 14:53:50,604 		 Completed edges=42 good=42 bad=0
2019-01-18 14:53:50,605 Distortion avg=0.21086185297631263 wc=2.405505753724879 me=1.2083174827336052 mc=1.9907894970474536 nan_elements=0
2019-01-18 14:53:50,605 MAP = 1.0
2019-01-18 14:53:50,605 scale=[array([1.])]
2019-01-18 14:53:50,605 *** End Major Checkpoint

2019-01-18 14:53:50,606 31 loss=0.06189933087226309
2019-01-18 14:53:50,606 32 loss=0.05859801009783573
2019-01-18 14:53:50,607 33 loss=0.055492304630198906
2019-01-18 14:53:50,607 34 loss=0.052573933177137905
2019-01-18 14:53:50,608 35 loss=0.04983415424943362
2019-01-18 14:53:50,608 36 loss=0.047263991291051334
2019-01-18 14:53:50,609 37 loss=0.04485441341437629
2019-01-18 14:53:50,609 38 loss=0.04259647556428077
2019-01-18 14:53:50,609 39 loss=0.040481423577147534
2019-01-18 14:53:50,610 40 loss=0.038500770061427825
2019-01-18 14:53:50,610 
*** Major Checkpoint. Computing Stats and Saving
2019-01-18 14:53:50,610 	 Computing Major Stats lazily... 
2019-01-18 14:53:50,610 		 Completed edges=42 good=42 bad=0
2019-01-18 14:53:50,612 Distortion avg=0.1624566655703435 wc=1.9179611087236956 me=1.1672699285031496 mc=1.6431170390752685 nan_elements=0
2019-01-18 14:53:50,612 MAP = 1.0
2019-01-18 14:53:50,612 scale=[array([1.])]
2019-01-18 14:53:50,612 *** End Major Checkpoint

2019-01-18 14:53:50,612 41 loss=0.03664634676784546
2019-01-18 14:53:50,613 42 loss=0.03491033848278696
2019-01-18 14:53:50,613 43 loss=0.03328530269931497
2019-01-18 14:53:50,614 44 loss=0.03176417853810482
2019-01-18 14:53:50,614 45 loss=0.030340287681083423
2019-01-18 14:53:50,615 46 loss=0.02900732947544324
2019-01-18 14:53:50,615 47 loss=0.02775937187034823
2019-01-18 14:53:50,616 48 loss=0.02659083945434055
2019-01-18 14:53:50,616 49 loss=0.025496499553508172
2019-01-18 14:53:50,617 50 loss=0.024471447112957234
2019-01-18 14:53:50,617 
*** Major Checkpoint. Computing Stats and Saving
2019-01-18 14:53:50,617 	 Computing Major Stats lazily... 
2019-01-18 14:53:50,617 		 Completed edges=42 good=42 bad=0
2019-01-18 14:53:50,618 Distortion avg=0.1302560829543134 wc=1.6800994753715428 me=1.1619926813879549 mc=1.4458778461192454 nan_elements=0
2019-01-18 14:53:50,618 MAP = 1.0
2019-01-18 14:53:50,619 scale=[array([1.])]
2019-01-18 14:53:50,619 *** End Major Checkpoint

2019-01-18 14:53:50,619 final loss=0.024471447112957234
2019-01-18 14:53:50,619 best loss=0.024471447112957234, distortion=0.1302560829543134, map=1.0, wc_dist=1.6800994753715428
2019-01-18 14:53:50,619 	 Computing Major Stats lazily... 
2019-01-18 14:53:50,619 		 Completed edges=42 good=42 bad=0
2019-01-18 14:53:50,620 Distortion avg=0.1302560829543134 wc=1.6800994753715428 me=1.1619926813879549 mc=1.4458778461192454 nan_elements=0
2019-01-18 14:53:50,620 MAP = 1.0
2019-01-18 14:53:50,621 scale=[array([1.])]
