2019-01-18 15:11:13,810 Commandline ['pytorch/pytorch_hyperbolic.py', 'learn', 'data/edges/parsing/ewt/ewt_dev/1412.edges', '--dim', '0', '--hyp', '0', '--edim', '10', '--euc', '1', '--sdim', '0', '--sph', '0', '--log-name', 'ewt_devr2/1412.edges.E10-1.lr1.log', '--batch-size', '65536', '--epochs', '50', '--checkpoint-freq', '10', '-g', '--subsample', '1024', '--learning-rate', '1']
2019-01-18 15:11:13,810 No Model Save selected!
2019-01-18 15:11:13,813 Loaded Graph data/edges/parsing/ewt/ewt_dev/1412.edges with 8 nodes scale=1.0
2019-01-18 15:11:13,813 Building dataset
2019-01-18 15:11:13,813 Subsample: 8 points with scale 1.0 subsample=7
2019-01-18 15:11:13,820 Built Data Sampler
2019-01-18 15:11:13,820 Creating a fresh model warm_start?=None
2019-01-18 15:11:13,820 	 Warmstarting? None None 8
2019-01-18 15:11:13,821 Embedding() torch.Size([8, 10])
2019-01-18 15:11:13,821 relative No Rescale
2019-01-18 15:11:13,821 Constructed model with dim=0 and epochs=0 isnan=False
2019-01-18 15:11:13,821 SGD (
Parameter Group 0
    dampening: 0
    initial_lr: 0.1
    lr: 1.0
    momentum: 0.0
    nesterov: False
    weight_decay: 0

Parameter Group 1
    dampening: 0
    initial_lr: 0.1
    lr: 1.0
    momentum: 0.0
    nesterov: False
    weight_decay: 0

Parameter Group 2
    dampening: 0
    initial_lr: 0.1
    lr: 1.0
    momentum: 0.0
    nesterov: False
    weight_decay: 0

Parameter Group 3
    dampening: 0
    initial_lr: 0.0001
    lr: 0.001
    momentum: 0.0
    nesterov: False
    weight_decay: 0
)
2019-01-18 15:11:13,821 *** Initial Checkpoint. Computing Stats
2019-01-18 15:11:13,822 	 Computing Major Stats lazily... 
2019-01-18 15:11:13,823 		 Completed edges=56 good=56 bad=0
2019-01-18 15:11:13,824 Distortion avg=0.9973991496567928 wc=5.149403209148501 me=0.005982886981094694 mc=860.6886985196418 nan_elements=0
2019-01-18 15:11:13,824 MAP = 0.37080853174603173
2019-01-18 15:11:13,825 scale=[array([1.])]
2019-01-18 15:11:13,825 *** End Initial Checkpoint

2019-01-18 15:11:13,887 1 loss=0.9948069235427929
2019-01-18 15:11:13,888 2 loss=0.6746378513110898
2019-01-18 15:11:13,888 3 loss=0.5010076549867614
2019-01-18 15:11:13,889 4 loss=0.40726096067156325
2019-01-18 15:11:13,889 5 loss=0.3499624367463432
2019-01-18 15:11:13,890 6 loss=0.31021246979449874
2019-01-18 15:11:13,890 7 loss=0.2797869274419772
2019-01-18 15:11:13,891 8 loss=0.25493698313991436
2019-01-18 15:11:13,892 9 loss=0.23382003092803072
2019-01-18 15:11:13,892 10 loss=0.21543414425296442
2019-01-18 15:11:13,892 
*** Major Checkpoint. Computing Stats and Saving
2019-01-18 15:11:13,892 	 Computing Major Stats lazily... 
2019-01-18 15:11:13,893 		 Completed edges=56 good=56 bad=0
2019-01-18 15:11:13,894 Distortion avg=0.41657589804648554 wc=4.293884267544105 me=1.345631705796378 mc=3.190980302446782 nan_elements=0
2019-01-18 15:11:13,894 MAP = 0.403125
2019-01-18 15:11:13,895 scale=[array([1.])]
2019-01-18 15:11:13,895 *** End Major Checkpoint

2019-01-18 15:11:13,895 11 loss=0.19916845305808537
2019-01-18 15:11:13,896 12 loss=0.1846095125301719
2019-01-18 15:11:13,896 13 loss=0.1714558762977941
2019-01-18 15:11:13,897 14 loss=0.15947872100944796
2019-01-18 15:11:13,897 15 loss=0.14850186921200037
2019-01-18 15:11:13,898 16 loss=0.138389779782591
2019-01-18 15:11:13,898 17 loss=0.12903878517005904
2019-01-18 15:11:13,899 18 loss=0.12036982649872219
2019-01-18 15:11:13,899 19 loss=0.11232219627741347
2019-01-18 15:11:13,900 20 loss=0.10484825435878406
2019-01-18 15:11:13,900 
*** Major Checkpoint. Computing Stats and Saving
2019-01-18 15:11:13,900 	 Computing Major Stats lazily... 
2019-01-18 15:11:13,900 		 Completed edges=56 good=56 bad=0
2019-01-18 15:11:13,902 Distortion avg=0.28465160726475 wc=2.9448029601125767 me=1.357712125089531 mc=2.1689450257493936 nan_elements=0
2019-01-18 15:11:13,902 MAP = 0.9791666666666666
2019-01-18 15:11:13,902 scale=[array([1.])]
2019-01-18 15:11:13,902 *** End Major Checkpoint

2019-01-18 15:11:13,902 21 loss=0.09790917334067392
2019-01-18 15:11:13,903 22 loss=0.09147171648803233
2019-01-18 15:11:13,903 23 loss=0.08550596666723777
2019-01-18 15:11:13,904 24 loss=0.07998385944568964
2019-01-18 15:11:13,904 25 loss=0.07487834277353868
2019-01-18 15:11:13,905 26 loss=0.07016298637520643
2019-01-18 15:11:13,905 27 loss=0.06581188570185331
2019-01-18 15:11:13,906 28 loss=0.061799737025812866
2019-01-18 15:11:13,906 29 loss=0.05810199354949557
2019-01-18 15:11:13,907 30 loss=0.054695042123957385
2019-01-18 15:11:13,907 
*** Major Checkpoint. Computing Stats and Saving
2019-01-18 15:11:13,907 	 Computing Major Stats lazily... 
2019-01-18 15:11:13,907 		 Completed edges=56 good=56 bad=0
2019-01-18 15:11:13,909 Distortion avg=0.2008212330614991 wc=2.1700413175095234 me=1.2388686756865328 mc=1.7516314360817713 nan_elements=0
2019-01-18 15:11:13,909 MAP = 1.0
2019-01-18 15:11:13,909 scale=[array([1.])]
2019-01-18 15:11:13,909 *** End Major Checkpoint

2019-01-18 15:11:13,910 31 loss=0.051556364019666005
2019-01-18 15:11:13,910 32 loss=0.04866466077637251
2019-01-18 15:11:13,911 33 loss=0.04599993815568642
2019-01-18 15:11:13,911 34 loss=0.043543548740005475
2019-01-18 15:11:13,912 35 loss=0.04127819792873318
2019-01-18 15:11:13,913 36 loss=0.039187920001107386
2019-01-18 15:11:13,913 37 loss=0.037258031358670694
2019-01-18 15:11:13,914 38 loss=0.035475067632360205
2019-01-18 15:11:13,914 39 loss=0.03382671046032167
2019-01-18 15:11:13,915 40 loss=0.03230170869044286
2019-01-18 15:11:13,915 
*** Major Checkpoint. Computing Stats and Saving
2019-01-18 15:11:13,915 	 Computing Major Stats lazily... 
2019-01-18 15:11:13,915 		 Completed edges=56 good=56 bad=0
2019-01-18 15:11:13,917 Distortion avg=0.1523802806482771 wc=1.8304566347780102 me=1.1947862581436177 mc=1.5320368997397547 nan_elements=0
2019-01-18 15:11:13,917 MAP = 1.0
2019-01-18 15:11:13,917 scale=[array([1.])]
2019-01-18 15:11:13,917 *** End Major Checkpoint

2019-01-18 15:11:13,918 41 loss=0.030889797707569822
2019-01-18 15:11:13,918 42 loss=0.029581619625720614
2019-01-18 15:11:13,919 43 loss=0.02836864626604033
2019-01-18 15:11:13,919 44 loss=0.02724310617503493
2019-01-18 15:11:13,920 45 loss=0.026197916418658103
2019-01-18 15:11:13,920 46 loss=0.025226619499610976
2019-01-18 15:11:13,921 47 loss=0.02432332546682871
2019-01-18 15:11:13,921 48 loss=0.023482659096024067
2019-01-18 15:11:13,922 49 loss=0.022699711898320173
2019-01-18 15:11:13,922 50 loss=0.02196999864307308
2019-01-18 15:11:13,923 
*** Major Checkpoint. Computing Stats and Saving
2019-01-18 15:11:13,923 	 Computing Major Stats lazily... 
2019-01-18 15:11:13,923 		 Completed edges=56 good=56 bad=0
2019-01-18 15:11:13,924 Distortion avg=0.12513710281001164 wc=1.6746957225890255 me=1.1928124925474681 mc=1.4039890871803398 nan_elements=0
2019-01-18 15:11:13,925 MAP = 1.0
2019-01-18 15:11:13,925 scale=[array([1.])]
2019-01-18 15:11:13,925 *** End Major Checkpoint

2019-01-18 15:11:13,925 final loss=0.02196999864307308
2019-01-18 15:11:13,925 best loss=0.02196999864307308, distortion=0.12513710281001164, map=1.0, wc_dist=1.6746957225890255
2019-01-18 15:11:13,925 	 Computing Major Stats lazily... 
2019-01-18 15:11:13,925 		 Completed edges=56 good=56 bad=0
2019-01-18 15:11:13,927 Distortion avg=0.12513710281001167 wc=1.6746957225890255 me=1.1928124925474681 mc=1.4039890871803398 nan_elements=0
2019-01-18 15:11:13,927 MAP = 1.0
2019-01-18 15:11:13,927 scale=[array([1.])]
