2019-01-18 15:11:43,979 Commandline ['pytorch/pytorch_hyperbolic.py', 'learn', 'data/edges/parsing/ewt/ewt_dev/1413.edges', '--dim', '0', '--hyp', '0', '--edim', '10', '--euc', '1', '--sdim', '0', '--sph', '0', '--log-name', 'ewt_devr2/1413.edges.E10-1.lr1.log', '--batch-size', '65536', '--epochs', '50', '--checkpoint-freq', '10', '-g', '--subsample', '1024', '--learning-rate', '1']
2019-01-18 15:11:43,979 No Model Save selected!
2019-01-18 15:11:43,981 Loaded Graph data/edges/parsing/ewt/ewt_dev/1413.edges with 16 nodes scale=1.0
2019-01-18 15:11:43,981 Building dataset
2019-01-18 15:11:43,982 Subsample: 16 points with scale 1.0 subsample=15
2019-01-18 15:11:43,997 Built Data Sampler
2019-01-18 15:11:43,997 Creating a fresh model warm_start?=None
2019-01-18 15:11:43,997 	 Warmstarting? None None 16
2019-01-18 15:11:43,998 Embedding() torch.Size([16, 10])
2019-01-18 15:11:43,998 relative No Rescale
2019-01-18 15:11:43,998 Constructed model with dim=0 and epochs=0 isnan=False
2019-01-18 15:11:43,999 SGD (
Parameter Group 0
    dampening: 0
    initial_lr: 0.1
    lr: 1.0
    momentum: 0.0
    nesterov: False
    weight_decay: 0

Parameter Group 1
    dampening: 0
    initial_lr: 0.1
    lr: 1.0
    momentum: 0.0
    nesterov: False
    weight_decay: 0

Parameter Group 2
    dampening: 0
    initial_lr: 0.1
    lr: 1.0
    momentum: 0.0
    nesterov: False
    weight_decay: 0

Parameter Group 3
    dampening: 0
    initial_lr: 0.0001
    lr: 0.001
    momentum: 0.0
    nesterov: False
    weight_decay: 0
)
2019-01-18 15:11:43,999 *** Initial Checkpoint. Computing Stats
2019-01-18 15:11:43,999 	 Computing Major Stats lazily... 
2019-01-18 15:11:44,000 		 Completed edges=240 good=240 bad=0
2019-01-18 15:11:44,003 Distortion avg=0.9980248953720571 wc=9.84384280978484 me=0.005982886981094694 mc=1645.3332380989928 nan_elements=0
2019-01-18 15:11:44,003 MAP = 0.18158213314463317
2019-01-18 15:11:44,003 scale=[array([1.])]
2019-01-18 15:11:44,003 *** End Initial Checkpoint

2019-01-18 15:11:44,061 1 loss=0.9960549363021923
2019-01-18 15:11:44,062 2 loss=0.8837276731870314
2019-01-18 15:11:44,062 3 loss=0.7885351952250602
2019-01-18 15:11:44,063 4 loss=0.7104950028794202
2019-01-18 15:11:44,064 5 loss=0.6460684545323302
2019-01-18 15:11:44,064 6 loss=0.5923075591113751
2019-01-18 15:11:44,065 7 loss=0.5469333872270781
2019-01-18 15:11:44,066 8 loss=0.5082089939760313
2019-01-18 15:11:44,066 9 loss=0.4748114459050755
2019-01-18 15:11:44,067 10 loss=0.4457286185662634
2019-01-18 15:11:44,067 
*** Major Checkpoint. Computing Stats and Saving
2019-01-18 15:11:44,067 	 Computing Major Stats lazily... 
2019-01-18 15:11:44,068 		 Completed edges=240 good=240 bad=0
2019-01-18 15:11:44,071 Distortion avg=0.6058379863365875 wc=14.124753745531127 me=1.3091829731726805 mc=10.788983690569339 nan_elements=0
2019-01-18 15:11:44,071 MAP = 0.11652659096855522
2019-01-18 15:11:44,071 scale=[array([1.])]
2019-01-18 15:11:44,071 *** End Major Checkpoint

2019-01-18 15:11:44,072 11 loss=0.42018061254529326
2019-01-18 15:11:44,072 12 loss=0.39756115682404464
2019-01-18 15:11:44,073 13 loss=0.37739427207706433
2019-01-18 15:11:44,074 14 loss=0.35930229629142413
2019-01-18 15:11:44,074 15 loss=0.342982275068121
2019-01-18 15:11:44,075 16 loss=0.3281884793231987
2019-01-18 15:11:44,075 17 loss=0.31471940491565065
2019-01-18 15:11:44,076 18 loss=0.30240805292567224
2019-01-18 15:11:44,077 19 loss=0.2911146166201173
2019-01-18 15:11:44,077 20 loss=0.2807209399343626
2019-01-18 15:11:44,077 
*** Major Checkpoint. Computing Stats and Saving
2019-01-18 15:11:44,078 	 Computing Major Stats lazily... 
2019-01-18 15:11:44,079 		 Completed edges=240 good=240 bad=0
2019-01-18 15:11:44,081 Distortion avg=0.49277812143132477 wc=9.50228999089188 me=1.4168638355170668 mc=6.706565410658631 nan_elements=0
2019-01-18 15:11:44,081 MAP = 0.1644787504162504
2019-01-18 15:11:44,082 scale=[array([1.])]
2019-01-18 15:11:44,082 *** End Major Checkpoint

2019-01-18 15:11:44,083 21 loss=0.27112628557171076
2019-01-18 15:11:44,083 22 loss=0.2622440762158884
2019-01-18 15:11:44,084 23 loss=0.2539993630211281
2019-01-18 15:11:44,085 24 loss=0.24632684113457207
2019-01-18 15:11:44,086 25 loss=0.23916927952467454
2019-01-18 15:11:44,086 26 loss=0.23247626689669693
2019-01-18 15:11:44,087 27 loss=0.22620320061253038
2019-01-18 15:11:44,088 28 loss=0.22031046391058082
2019-01-18 15:11:44,088 29 loss=0.21476275021734811
2019-01-18 15:11:44,089 30 loss=0.20952850330094405
2019-01-18 15:11:44,089 
*** Major Checkpoint. Computing Stats and Saving
2019-01-18 15:11:44,089 	 Computing Major Stats lazily... 
2019-01-18 15:11:44,090 		 Completed edges=240 good=240 bad=0
2019-01-18 15:11:44,093 Distortion avg=0.4156969226135387 wc=8.670676138124033 me=1.6401644236805508 mc=5.286467632718749 nan_elements=0
2019-01-18 15:11:44,093 MAP = 0.29486005892255895
2019-01-18 15:11:44,093 scale=[array([1.])]
2019-01-18 15:11:44,093 *** End Major Checkpoint

2019-01-18 15:11:44,094 31 loss=0.204579449404356
2019-01-18 15:11:44,094 32 loss=0.19989020300791033
2019-01-18 15:11:44,095 33 loss=0.1954379320074223
2019-01-18 15:11:44,096 34 loss=0.19120207121951185
2019-01-18 15:11:44,096 35 loss=0.18716407550164452
2019-01-18 15:11:44,097 36 loss=0.18330720559332014
2019-01-18 15:11:44,098 37 loss=0.17961634118670117
2019-01-18 15:11:44,099 38 loss=0.17607781682286816
2019-01-18 15:11:44,099 39 loss=0.17267927705985625
2019-01-18 15:11:44,100 40 loss=0.16940954802706107
2019-01-18 15:11:44,100 
*** Major Checkpoint. Computing Stats and Saving
2019-01-18 15:11:44,100 	 Computing Major Stats lazily... 
2019-01-18 15:11:44,101 		 Completed edges=240 good=240 bad=0
2019-01-18 15:11:44,104 Distortion avg=0.36269366229580585 wc=7.8304750766902895 me=1.7384974726254654 mc=4.504162473624288 nan_elements=0
2019-01-18 15:11:44,104 MAP = 0.5580184820140176
2019-01-18 15:11:44,104 scale=[array([1.])]
2019-01-18 15:11:44,104 *** End Major Checkpoint

2019-01-18 15:11:44,105 41 loss=0.16625852300955515
2019-01-18 15:11:44,105 42 loss=0.16321706012685064
2019-01-18 15:11:44,106 43 loss=0.160276890507464
2019-01-18 15:11:44,107 44 loss=0.1574305356313467
2019-01-18 15:11:44,107 45 loss=0.15467123273067576
2019-01-18 15:11:44,108 46 loss=0.1519928673163103
2019-01-18 15:11:44,109 47 loss=0.1493899120407533
2019-01-18 15:11:44,109 48 loss=0.14685737122523276
2019-01-18 15:11:44,110 49 loss=0.14439073047374562
2019-01-18 15:11:44,111 50 loss=0.14198591087474943
2019-01-18 15:11:44,111 
*** Major Checkpoint. Computing Stats and Saving
2019-01-18 15:11:44,111 	 Computing Major Stats lazily... 
2019-01-18 15:11:44,112 		 Completed edges=240 good=240 bad=0
2019-01-18 15:11:44,114 Distortion avg=0.32800103580348466 wc=6.9943814672793945 me=1.7644061755820502 mc=3.964156079295096 nan_elements=0
2019-01-18 15:11:44,114 MAP = 0.6856682256235827
2019-01-18 15:11:44,115 scale=[array([1.])]
2019-01-18 15:11:44,115 *** End Major Checkpoint

2019-01-18 15:11:44,115 final loss=0.14198591087474943
2019-01-18 15:11:44,115 best loss=0.14198591087474943, distortion=0.32800103580348466, map=0.6856682256235827, wc_dist=6.9943814672793945
2019-01-18 15:11:44,115 	 Computing Major Stats lazily... 
2019-01-18 15:11:44,116 		 Completed edges=240 good=240 bad=0
2019-01-18 15:11:44,118 Distortion avg=0.3280010358034844 wc=6.9943814672793945 me=1.7644061755820502 mc=3.964156079295096 nan_elements=0
2019-01-18 15:11:44,119 MAP = 0.6856682256235828
2019-01-18 15:11:44,119 scale=[array([1.])]
