2019-01-18 15:03:08,585 Commandline ['pytorch/pytorch_hyperbolic.py', 'learn', 'data/edges/parsing/ewt/ewt_dev/1424.edges', '--dim', '0', '--hyp', '0', '--edim', '10', '--euc', '1', '--sdim', '0', '--sph', '0', '--log-name', 'ewt_devr2/1424.edges.E10-1.lr1.log', '--batch-size', '65536', '--epochs', '50', '--checkpoint-freq', '10', '-g', '--subsample', '1024', '--learning-rate', '1']
2019-01-18 15:03:08,585 No Model Save selected!
2019-01-18 15:03:08,587 Loaded Graph data/edges/parsing/ewt/ewt_dev/1424.edges with 6 nodes scale=1.0
2019-01-18 15:03:08,587 Building dataset
2019-01-18 15:03:08,587 Subsample: 6 points with scale 1.0 subsample=5
2019-01-18 15:03:08,592 Built Data Sampler
2019-01-18 15:03:08,592 Creating a fresh model warm_start?=None
2019-01-18 15:03:08,592 	 Warmstarting? None None 6
2019-01-18 15:03:08,592 Embedding() torch.Size([6, 10])
2019-01-18 15:03:08,593 relative No Rescale
2019-01-18 15:03:08,593 Constructed model with dim=0 and epochs=0 isnan=False
2019-01-18 15:03:08,593 SGD (
Parameter Group 0
    dampening: 0
    initial_lr: 0.1
    lr: 1.0
    momentum: 0.0
    nesterov: False
    weight_decay: 0

Parameter Group 1
    dampening: 0
    initial_lr: 0.1
    lr: 1.0
    momentum: 0.0
    nesterov: False
    weight_decay: 0

Parameter Group 2
    dampening: 0
    initial_lr: 0.1
    lr: 1.0
    momentum: 0.0
    nesterov: False
    weight_decay: 0

Parameter Group 3
    dampening: 0
    initial_lr: 0.0001
    lr: 0.001
    momentum: 0.0
    nesterov: False
    weight_decay: 0
)
2019-01-18 15:03:08,593 *** Initial Checkpoint. Computing Stats
2019-01-18 15:03:08,593 	 Computing Major Stats lazily... 
2019-01-18 15:03:08,594 		 Completed edges=30 good=30 bad=0
2019-01-18 15:03:08,595 Distortion avg=0.9972013655344056 wc=5.448327215027938 me=0.005628252251848828 mc=968.0318100949036 nan_elements=0
2019-01-18 15:03:08,595 MAP = 0.5157407407407407
2019-01-18 15:03:08,595 scale=[array([1.])]
2019-01-18 15:03:08,595 *** End Initial Checkpoint

2019-01-18 15:03:08,653 1 loss=0.9944124643383934
2019-01-18 15:03:08,653 2 loss=0.4842956424101141
2019-01-18 15:03:08,654 3 loss=0.32684005935728055
2019-01-18 15:03:08,654 4 loss=0.2608686738120253
2019-01-18 15:03:08,655 5 loss=0.21872250806109902
2019-01-18 15:03:08,655 6 loss=0.18660755202018695
2019-01-18 15:03:08,656 7 loss=0.16088289028695626
2019-01-18 15:03:08,656 8 loss=0.13989682229042813
2019-01-18 15:03:08,656 9 loss=0.12253593628511651
2019-01-18 15:03:08,657 10 loss=0.10797119735171254
2019-01-18 15:03:08,657 
*** Major Checkpoint. Computing Stats and Saving
2019-01-18 15:03:08,657 	 Computing Major Stats lazily... 
2019-01-18 15:03:08,657 		 Completed edges=30 good=30 bad=0
2019-01-18 15:03:08,658 Distortion avg=0.28166227974188185 wc=2.4681579166955867 me=1.2083489046861269 mc=2.042587126221379 nan_elements=0
2019-01-18 15:03:08,658 MAP = 1.0
2019-01-18 15:03:08,659 scale=[array([1.])]
2019-01-18 15:03:08,659 *** End Major Checkpoint

2019-01-18 15:03:08,659 11 loss=0.09559362838035197
2019-01-18 15:03:08,660 12 loss=0.08496663446804377
2019-01-18 15:03:08,660 13 loss=0.07577798532406174
2019-01-18 15:03:08,660 14 loss=0.06779828253938995
2019-01-18 15:03:08,661 15 loss=0.060850638911454875
2019-01-18 15:03:08,661 16 loss=0.05479147670399767
2019-01-18 15:03:08,662 17 loss=0.04949970074086911
2019-01-18 15:03:08,662 18 loss=0.0448710610423466
2019-01-18 15:03:08,663 19 loss=0.04081522337693484
2019-01-18 15:03:08,664 20 loss=0.03725401848399309
2019-01-18 15:03:08,664 
*** Major Checkpoint. Computing Stats and Saving
2019-01-18 15:03:08,664 	 Computing Major Stats lazily... 
2019-01-18 15:03:08,664 		 Completed edges=30 good=30 bad=0
2019-01-18 15:03:08,665 Distortion avg=0.16517458425301446 wc=1.6809084323339505 me=1.1488591303115583 mc=1.4631110011530362 nan_elements=0
2019-01-18 15:03:08,666 MAP = 1.0
2019-01-18 15:03:08,666 scale=[array([1.])]
2019-01-18 15:03:08,666 *** End Major Checkpoint

2019-01-18 15:03:08,666 21 loss=0.03412010053852207
2019-01-18 15:03:08,667 22 loss=0.03135571258437317
2019-01-18 15:03:08,668 23 loss=0.02891148851864376
2019-01-18 15:03:08,668 24 loss=0.026745309182268015
2019-01-18 15:03:08,669 25 loss=0.024821247065875403
2019-01-18 15:03:08,669 26 loss=0.023108624187296912
2019-01-18 15:03:08,670 27 loss=0.021581192519026047
2019-01-18 15:03:08,670 28 loss=0.020216434229276204
2019-01-18 15:03:08,671 29 loss=0.018994971688227773
2019-01-18 15:03:08,671 30 loss=0.017900073892521007
2019-01-18 15:03:08,671 
*** Major Checkpoint. Computing Stats and Saving
2019-01-18 15:03:08,671 	 Computing Major Stats lazily... 
2019-01-18 15:03:08,672 		 Completed edges=30 good=30 bad=0
2019-01-18 15:03:08,673 Distortion avg=0.11657289778174049 wc=1.4567369080564396 me=1.1431289609578374 mc=1.2743417040504577 nan_elements=0
2019-01-18 15:03:08,673 MAP = 1.0
2019-01-18 15:03:08,673 scale=[array([1.])]
2019-01-18 15:03:08,673 *** End Major Checkpoint

2019-01-18 15:03:08,674 31 loss=0.016917245313086474
2019-01-18 15:03:08,674 32 loss=0.016033883997154476
2019-01-18 15:03:08,675 33 loss=0.01523899724733847
2019-01-18 15:03:08,675 34 loss=0.014522964879435978
2019-01-18 15:03:08,676 35 loss=0.013877341675909288
2019-01-18 15:03:08,676 36 loss=0.013294692093991272
2019-01-18 15:03:08,677 37 loss=0.012768451523144772
2019-01-18 15:03:08,677 38 loss=0.012292809421260053
2019-01-18 15:03:08,678 39 loss=0.011862610513581794
2019-01-18 15:03:08,678 40 loss=0.011473270938703633
2019-01-18 15:03:08,678 
*** Major Checkpoint. Computing Stats and Saving
2019-01-18 15:03:08,678 	 Computing Major Stats lazily... 
2019-01-18 15:03:08,678 		 Completed edges=30 good=30 bad=0
2019-01-18 15:03:08,679 Distortion avg=0.09570469463482326 wc=1.3541038953744704 me=1.136299460633823 mc=1.1916787275593328 nan_elements=0
2019-01-18 15:03:08,680 MAP = 1.0
2019-01-18 15:03:08,680 scale=[array([1.])]
2019-01-18 15:03:08,680 *** End Major Checkpoint

2019-01-18 15:03:08,680 41 loss=0.0111207067972881
2019-01-18 15:03:08,681 42 loss=0.010801273024026803
2019-01-18 15:03:08,681 43 loss=0.010511710881063247
2019-01-18 15:03:08,682 44 loss=0.010249102677799304
2019-01-18 15:03:08,682 45 loss=0.010010832571024697
2019-01-18 15:03:08,682 46 loss=0.009794552501558472
2019-01-18 15:03:08,683 47 loss=0.00959815248797408
2019-01-18 15:03:08,683 48 loss=0.00941973463172425
2019-01-18 15:03:08,684 49 loss=0.009257590296954327
2019-01-18 15:03:08,684 50 loss=0.009110180017234846
2019-01-18 15:03:08,684 
*** Major Checkpoint. Computing Stats and Saving
2019-01-18 15:03:08,684 	 Computing Major Stats lazily... 
2019-01-18 15:03:08,685 		 Completed edges=30 good=30 bad=0
2019-01-18 15:03:08,686 Distortion avg=0.08608157333910098 wc=1.3016431283092353 me=1.1311334862116098 mc=1.1507422812392338 nan_elements=0
2019-01-18 15:03:08,686 MAP = 1.0
2019-01-18 15:03:08,686 scale=[array([1.])]
2019-01-18 15:03:08,686 *** End Major Checkpoint

2019-01-18 15:03:08,686 final loss=0.009110180017234846
2019-01-18 15:03:08,686 best loss=0.009110180017234846, distortion=0.08608157333910098, map=1.0, wc_dist=1.3016431283092353
2019-01-18 15:03:08,686 	 Computing Major Stats lazily... 
2019-01-18 15:03:08,687 		 Completed edges=30 good=30 bad=0
2019-01-18 15:03:08,687 Distortion avg=0.08608157333910095 wc=1.3016431283092353 me=1.1311334862116098 mc=1.1507422812392338 nan_elements=0
2019-01-18 15:03:08,688 MAP = 1.0
2019-01-18 15:03:08,688 scale=[array([1.])]
