2019-01-18 14:58:59,084 Commandline ['pytorch/pytorch_hyperbolic.py', 'learn', 'data/edges/parsing/ewt/ewt_dev/1425.edges', '--dim', '0', '--hyp', '0', '--edim', '10', '--euc', '1', '--sdim', '0', '--sph', '0', '--log-name', 'ewt_devr2/1425.edges.E10-1.lr1.log', '--batch-size', '65536', '--epochs', '50', '--checkpoint-freq', '10', '-g', '--subsample', '1024', '--learning-rate', '1']
2019-01-18 14:58:59,084 No Model Save selected!
2019-01-18 14:58:59,086 Loaded Graph data/edges/parsing/ewt/ewt_dev/1425.edges with 9 nodes scale=1.0
2019-01-18 14:58:59,086 Building dataset
2019-01-18 14:58:59,086 Subsample: 9 points with scale 1.0 subsample=8
2019-01-18 14:58:59,093 Built Data Sampler
2019-01-18 14:58:59,093 Creating a fresh model warm_start?=None
2019-01-18 14:58:59,094 	 Warmstarting? None None 9
2019-01-18 14:58:59,094 Embedding() torch.Size([9, 10])
2019-01-18 14:58:59,094 relative No Rescale
2019-01-18 14:58:59,094 Constructed model with dim=0 and epochs=0 isnan=False
2019-01-18 14:58:59,095 SGD (
Parameter Group 0
    dampening: 0
    initial_lr: 0.1
    lr: 1.0
    momentum: 0.0
    nesterov: False
    weight_decay: 0

Parameter Group 1
    dampening: 0
    initial_lr: 0.1
    lr: 1.0
    momentum: 0.0
    nesterov: False
    weight_decay: 0

Parameter Group 2
    dampening: 0
    initial_lr: 0.1
    lr: 1.0
    momentum: 0.0
    nesterov: False
    weight_decay: 0

Parameter Group 3
    dampening: 0
    initial_lr: 0.0001
    lr: 0.001
    momentum: 0.0
    nesterov: False
    weight_decay: 0
)
2019-01-18 14:58:59,095 *** Initial Checkpoint. Computing Stats
2019-01-18 14:58:59,095 	 Computing Major Stats lazily... 
2019-01-18 14:58:59,096 		 Completed edges=72 good=72 bad=0
2019-01-18 14:58:59,097 Distortion avg=0.997583608276148 wc=5.786124536865774 me=0.005628252251848828 mc=1028.0499661267113 nan_elements=0
2019-01-18 14:58:59,098 MAP = 0.45365961199294524
2019-01-18 14:58:59,098 scale=[array([1.])]
2019-01-18 14:58:59,098 *** End Initial Checkpoint

2019-01-18 14:58:59,155 1 loss=0.995174464693544
2019-01-18 14:58:59,156 2 loss=0.7276162601041516
2019-01-18 14:58:59,156 3 loss=0.5591483628919243
2019-01-18 14:58:59,157 4 loss=0.45650223761910247
2019-01-18 14:58:59,157 5 loss=0.3891800934061026
2019-01-18 14:58:59,158 6 loss=0.3414380415748108
2019-01-18 14:58:59,158 7 loss=0.3053155731082521
2019-01-18 14:58:59,159 8 loss=0.2766503973516447
2019-01-18 14:58:59,159 9 loss=0.25314108184043976
2019-01-18 14:58:59,160 10 loss=0.2334235693831793
2019-01-18 14:58:59,160 
*** Major Checkpoint. Computing Stats and Saving
2019-01-18 14:58:59,160 	 Computing Major Stats lazily... 
2019-01-18 14:58:59,161 		 Completed edges=72 good=72 bad=0
2019-01-18 14:58:59,162 Distortion avg=0.4249409195777505 wc=6.107109532598747 me=1.3852781379183225 mc=4.408580028394867 nan_elements=0
2019-01-18 14:58:59,162 MAP = 0.3625220458553791
2019-01-18 14:58:59,162 scale=[array([1.])]
2019-01-18 14:58:59,162 *** End Major Checkpoint

2019-01-18 14:58:59,163 11 loss=0.21662589545235503
2019-01-18 14:58:59,163 12 loss=0.2021483477758129
2019-01-18 14:58:59,164 13 loss=0.1895516282503358
2019-01-18 14:58:59,164 14 loss=0.17849795261452672
2019-01-18 14:58:59,165 15 loss=0.1687187495135069
2019-01-18 14:58:59,165 16 loss=0.15999604466983627
2019-01-18 14:58:59,166 17 loss=0.15215103624754267
2019-01-18 14:58:59,166 18 loss=0.1450365255065734
2019-01-18 14:58:59,167 19 loss=0.13853146613917647
2019-01-18 14:58:59,167 20 loss=0.13253672642446343
2019-01-18 14:58:59,167 
*** Major Checkpoint. Computing Stats and Saving
2019-01-18 14:58:59,167 	 Computing Major Stats lazily... 
2019-01-18 14:58:59,168 		 Completed edges=72 good=72 bad=0
2019-01-18 14:58:59,169 Distortion avg=0.3102551676418609 wc=4.479974922566562 me=1.4374476156113378 mc=3.1166178676092176 nan_elements=0
2019-01-18 14:58:59,169 MAP = 0.8807407407407407
2019-01-18 14:58:59,169 scale=[array([1.])]
2019-01-18 14:58:59,169 *** End Major Checkpoint

2019-01-18 14:58:59,170 21 loss=0.12697159674400005
2019-01-18 14:58:59,170 22 loss=0.12177080642435108
2019-01-18 14:58:59,171 23 loss=0.11688193341956321
2019-01-18 14:58:59,171 24 loss=0.11226314890854734
2019-01-18 14:58:59,172 25 loss=0.10788126467372794
2019-01-18 14:58:59,172 26 loss=0.10371006012180382
2019-01-18 14:58:59,173 27 loss=0.09972886704484409
2019-01-18 14:58:59,173 28 loss=0.09592138867002184
2019-01-18 14:58:59,174 29 loss=0.09227472775249064
2019-01-18 14:58:59,174 30 loss=0.08877859753992978
2019-01-18 14:58:59,174 
*** Major Checkpoint. Computing Stats and Saving
2019-01-18 14:58:59,175 	 Computing Major Stats lazily... 
2019-01-18 14:58:59,175 		 Completed edges=72 good=72 bad=0
2019-01-18 14:58:59,176 Distortion avg=0.24559726967694395 wc=3.4707688698484733 me=1.3753826941684066 mc=2.5234931954316857 nan_elements=0
2019-01-18 14:58:59,177 MAP = 1.0
2019-01-18 14:58:59,177 scale=[array([1.])]
2019-01-18 14:58:59,177 *** End Major Checkpoint

2019-01-18 14:58:59,177 31 loss=0.08542468968178661
2019-01-18 14:58:59,178 32 loss=0.08220617445763377
2019-01-18 14:58:59,178 33 loss=0.07911731076978715
2019-01-18 14:58:59,179 34 loss=0.07615314586463566
2019-01-18 14:58:59,179 35 loss=0.07330928743390103
2019-01-18 14:58:59,180 36 loss=0.07058173338904061
2019-01-18 14:58:59,180 37 loss=0.06796674705922444
2019-01-18 14:58:59,181 38 loss=0.0654607677581052
2019-01-18 14:58:59,181 39 loss=0.06306034856660243
2019-01-18 14:58:59,182 40 loss=0.06076211478996733
2019-01-18 14:58:59,182 
*** Major Checkpoint. Computing Stats and Saving
2019-01-18 14:58:59,182 	 Computing Major Stats lazily... 
2019-01-18 14:58:59,182 		 Completed edges=72 good=72 bad=0
2019-01-18 14:58:59,184 Distortion avg=0.19953861976703227 wc=2.704802211663973 me=1.2845058679216332 mc=2.1057141732177675 nan_elements=0
2019-01-18 14:58:59,184 MAP = 1.0
2019-01-18 14:58:59,184 scale=[array([1.])]
2019-01-18 14:58:59,184 *** End Major Checkpoint

2019-01-18 14:58:59,185 41 loss=0.05856273788860358
2019-01-18 14:58:59,185 42 loss=0.05645892078423217
2019-01-18 14:58:59,185 43 loss=0.05444739133974756
2019-01-18 14:58:59,186 44 loss=0.05252490153524936
2019-01-18 14:58:59,186 45 loss=0.050688230443829516
2019-01-18 14:58:59,187 46 loss=0.04893418957435307
2019-01-18 14:58:59,187 47 loss=0.04725962951624793
2019-01-18 14:58:59,188 48 loss=0.04566144711108317
2019-01-18 14:58:59,188 49 loss=0.04413659260215527
2019-01-18 14:58:59,189 50 loss=0.04268207638846471
2019-01-18 14:58:59,189 
*** Major Checkpoint. Computing Stats and Saving
2019-01-18 14:58:59,189 	 Computing Major Stats lazily... 
2019-01-18 14:58:59,189 		 Completed edges=72 good=72 bad=0
2019-01-18 14:58:59,191 Distortion avg=0.16646856155220024 wc=2.2353484671948833 me=1.2283445467853336 mc=1.8198057483504542 nan_elements=0
2019-01-18 14:58:59,191 MAP = 1.0
2019-01-18 14:58:59,191 scale=[array([1.])]
2019-01-18 14:58:59,191 *** End Major Checkpoint

2019-01-18 14:58:59,191 final loss=0.04268207638846471
2019-01-18 14:58:59,191 best loss=0.04268207638846471, distortion=0.16646856155220024, map=1.0, wc_dist=2.2353484671948833
2019-01-18 14:58:59,191 	 Computing Major Stats lazily... 
2019-01-18 14:58:59,192 		 Completed edges=72 good=72 bad=0
2019-01-18 14:58:59,193 Distortion avg=0.16646856155220024 wc=2.2353484671948833 me=1.2283445467853336 mc=1.8198057483504542 nan_elements=0
2019-01-18 14:58:59,193 MAP = 1.0
2019-01-18 14:58:59,194 scale=[array([1.])]
