2019-01-18 15:02:47,275 Commandline ['pytorch/pytorch_hyperbolic.py', 'learn', 'data/edges/parsing/ewt/ewt_dev/1426.edges', '--dim', '0', '--hyp', '0', '--edim', '10', '--euc', '1', '--sdim', '0', '--sph', '0', '--log-name', 'ewt_devr2/1426.edges.E10-1.lr1.log', '--batch-size', '65536', '--epochs', '50', '--checkpoint-freq', '10', '-g', '--subsample', '1024', '--learning-rate', '1']
2019-01-18 15:02:47,275 No Model Save selected!
2019-01-18 15:02:47,277 Loaded Graph data/edges/parsing/ewt/ewt_dev/1426.edges with 15 nodes scale=1.0
2019-01-18 15:02:47,277 Building dataset
2019-01-18 15:02:47,278 Subsample: 15 points with scale 1.0 subsample=14
2019-01-18 15:02:47,292 Built Data Sampler
2019-01-18 15:02:47,292 Creating a fresh model warm_start?=None
2019-01-18 15:02:47,292 	 Warmstarting? None None 15
2019-01-18 15:02:47,292 Embedding() torch.Size([15, 10])
2019-01-18 15:02:47,292 relative No Rescale
2019-01-18 15:02:47,293 Constructed model with dim=0 and epochs=0 isnan=False
2019-01-18 15:02:47,293 SGD (
Parameter Group 0
    dampening: 0
    initial_lr: 0.1
    lr: 1.0
    momentum: 0.0
    nesterov: False
    weight_decay: 0

Parameter Group 1
    dampening: 0
    initial_lr: 0.1
    lr: 1.0
    momentum: 0.0
    nesterov: False
    weight_decay: 0

Parameter Group 2
    dampening: 0
    initial_lr: 0.1
    lr: 1.0
    momentum: 0.0
    nesterov: False
    weight_decay: 0

Parameter Group 3
    dampening: 0
    initial_lr: 0.0001
    lr: 0.001
    momentum: 0.0
    nesterov: False
    weight_decay: 0
)
2019-01-18 15:02:47,293 *** Initial Checkpoint. Computing Stats
2019-01-18 15:02:47,293 	 Computing Major Stats lazily... 
2019-01-18 15:02:47,294 		 Completed edges=210 good=210 bad=0
2019-01-18 15:02:47,297 Distortion avg=0.9980784197452125 wc=10.365282186826944 me=0.005941110731069004 mc=1744.670762088604 nan_elements=0
2019-01-18 15:02:47,297 MAP = 0.24430140230140235
2019-01-18 15:02:47,297 scale=[array([1.])]
2019-01-18 15:02:47,297 *** End Initial Checkpoint

2019-01-18 15:02:47,353 1 loss=0.9961619296963362
2019-01-18 15:02:47,354 2 loss=0.8876490113446276
2019-01-18 15:02:47,355 3 loss=0.7949507124091637
2019-01-18 15:02:47,356 4 loss=0.7189141968633094
2019-01-18 15:02:47,356 5 loss=0.6564156984622479
2019-01-18 15:02:47,357 6 loss=0.6046684680058045
2019-01-18 15:02:47,357 7 loss=0.5614382396074897
2019-01-18 15:02:47,358 8 loss=0.5249763720210742
2019-01-18 15:02:47,358 9 loss=0.49392312953958506
2019-01-18 15:02:47,359 10 loss=0.46722139079628033
2019-01-18 15:02:47,359 
*** Major Checkpoint. Computing Stats and Saving
2019-01-18 15:02:47,359 	 Computing Major Stats lazily... 
2019-01-18 15:02:47,360 		 Completed edges=210 good=210 bad=0
2019-01-18 15:02:47,363 Distortion avg=0.6196132909234415 wc=16.47050198430331 me=1.315382980944969 mc=12.521449815681002 nan_elements=0
2019-01-18 15:02:47,363 MAP = 0.12573478990145656
2019-01-18 15:02:47,363 scale=[array([1.])]
2019-01-18 15:02:47,363 *** End Major Checkpoint

2019-01-18 15:02:47,363 11 loss=0.4440470241200993
2019-01-18 15:02:47,364 12 loss=0.42375467927149413
2019-01-18 15:02:47,365 13 loss=0.4058362152594063
2019-01-18 15:02:47,365 14 loss=0.3898890257784315
2019-01-18 15:02:47,366 15 loss=0.3755919593900237
2019-01-18 15:02:47,366 16 loss=0.36268700948397176
2019-01-18 15:02:47,367 17 loss=0.3509653671938028
2019-01-18 15:02:47,367 18 loss=0.34025676802337496
2019-01-18 15:02:47,368 19 loss=0.3304213255390208
2019-01-18 15:02:47,369 20 loss=0.3213432458112091
2019-01-18 15:02:47,369 
*** Major Checkpoint. Computing Stats and Saving
2019-01-18 15:02:47,369 	 Computing Major Stats lazily... 
2019-01-18 15:02:47,370 		 Completed edges=210 good=210 bad=0
2019-01-18 15:02:47,372 Distortion avg=0.5292570799563686 wc=10.770476819675059 me=1.4497284450400638 mc=7.429306403226028 nan_elements=0
2019-01-18 15:02:47,372 MAP = 0.1672020202020202
2019-01-18 15:02:47,372 scale=[array([1.])]
2019-01-18 15:02:47,372 *** End Major Checkpoint

2019-01-18 15:02:47,373 21 loss=0.3129259674784466
2019-01-18 15:02:47,374 22 loss=0.3050883857273951
2019-01-18 15:02:47,374 23 loss=0.2977619033089637
2019-01-18 15:02:47,375 24 loss=0.2908881150736444
2019-01-18 15:02:47,375 25 loss=0.28441697984607445
2019-01-18 15:02:47,376 26 loss=0.27830536886052887
2019-01-18 15:02:47,377 27 loss=0.272515906503267
2019-01-18 15:02:47,377 28 loss=0.26701603902881343
2019-01-18 15:02:47,378 29 loss=0.26177728192300187
2019-01-18 15:02:47,378 30 loss=0.25677460792671836
2019-01-18 15:02:47,378 
*** Major Checkpoint. Computing Stats and Saving
2019-01-18 15:02:47,379 	 Computing Major Stats lazily... 
2019-01-18 15:02:47,380 		 Completed edges=210 good=210 bad=0
2019-01-18 15:02:47,382 Distortion avg=0.46569624556097494 wc=9.254697225303056 me=1.659549644890236 mc=5.576631740905328 nan_elements=0
2019-01-18 15:02:47,382 MAP = 0.25877489177489177
2019-01-18 15:02:47,382 scale=[array([1.])]
2019-01-18 15:02:47,382 *** End Major Checkpoint

2019-01-18 15:02:47,383 31 loss=0.2519859463375566
2019-01-18 15:02:47,383 32 loss=0.24739177075920238
2019-01-18 15:02:47,384 33 loss=0.2429747574803881
2019-01-18 15:02:47,385 34 loss=0.2387195005159996
2019-01-18 15:02:47,385 35 loss=0.23461227231504306
2019-01-18 15:02:47,386 36 loss=0.2306408214448783
2019-01-18 15:02:47,386 37 loss=0.22679420035664696
2019-01-18 15:02:47,387 38 loss=0.2230626177421287
2019-01-18 15:02:47,387 39 loss=0.2194373110970885
2019-01-18 15:02:47,389 40 loss=0.21591043597847287
2019-01-18 15:02:47,389 
*** Major Checkpoint. Computing Stats and Saving
2019-01-18 15:02:47,389 	 Computing Major Stats lazily... 
2019-01-18 15:02:47,390 		 Completed edges=210 good=210 bad=0
2019-01-18 15:02:47,392 Distortion avg=0.41758612041218596 wc=7.987688453833633 me=1.740904177193251 mc=4.588241304993406 nan_elements=0
2019-01-18 15:02:47,392 MAP = 0.5153463203463203
2019-01-18 15:02:47,392 scale=[array([1.])]
2019-01-18 15:02:47,392 *** End Major Checkpoint

2019-01-18 15:02:47,393 41 loss=0.21247496913422886
2019-01-18 15:02:47,394 42 loss=0.2091246232344674
2019-01-18 15:02:47,394 43 loss=0.2058537713714178
2019-01-18 15:02:47,395 44 loss=0.20265737984639967
2019-01-18 15:02:47,395 45 loss=0.1995309480429366
2019-01-18 15:02:47,396 46 loss=0.1964704544102086
2019-01-18 15:02:47,397 47 loss=0.19347230776134183
2019-01-18 15:02:47,397 48 loss=0.1905333032352929
2019-01-18 15:02:47,398 49 loss=0.18765058238626434
2019-01-18 15:02:47,398 50 loss=0.18482159695628966
2019-01-18 15:02:47,398 
*** Major Checkpoint. Computing Stats and Saving
2019-01-18 15:02:47,399 	 Computing Major Stats lazily... 
2019-01-18 15:02:47,400 		 Completed edges=210 good=210 bad=0
2019-01-18 15:02:47,402 Distortion avg=0.37948118730701136 wc=6.93215740612051 me=1.749161947338085 mc=3.963130696199987 nan_elements=0
2019-01-18 15:02:47,402 MAP = 0.6398042328042328
2019-01-18 15:02:47,402 scale=[array([1.])]
2019-01-18 15:02:47,402 *** End Major Checkpoint

2019-01-18 15:02:47,402 final loss=0.18482159695628966
2019-01-18 15:02:47,402 best loss=0.18482159695628966, distortion=0.37948118730701136, map=0.6398042328042328, wc_dist=6.93215740612051
2019-01-18 15:02:47,402 	 Computing Major Stats lazily... 
2019-01-18 15:02:47,403 		 Completed edges=210 good=210 bad=0
2019-01-18 15:02:47,406 Distortion avg=0.37948118730701136 wc=6.93215740612051 me=1.749161947338085 mc=3.963130696199987 nan_elements=0
2019-01-18 15:02:47,406 MAP = 0.6398042328042328
2019-01-18 15:02:47,406 scale=[array([1.])]
