2019-01-18 14:52:49,013 Commandline ['pytorch/pytorch_hyperbolic.py', 'learn', 'data/edges/parsing/ewt/ewt_dev/1429.edges', '--dim', '0', '--hyp', '0', '--edim', '10', '--euc', '1', '--sdim', '0', '--sph', '0', '--log-name', 'ewt_devr2/1429.edges.E10-1.lr1.log', '--batch-size', '65536', '--epochs', '50', '--checkpoint-freq', '10', '-g', '--subsample', '1024', '--learning-rate', '1']
2019-01-18 14:52:49,013 No Model Save selected!
2019-01-18 14:52:49,014 Loaded Graph data/edges/parsing/ewt/ewt_dev/1429.edges with 13 nodes scale=1.0
2019-01-18 14:52:49,014 Building dataset
2019-01-18 14:52:49,015 Subsample: 13 points with scale 1.0 subsample=12
2019-01-18 14:52:49,026 Built Data Sampler
2019-01-18 14:52:49,027 Creating a fresh model warm_start?=None
2019-01-18 14:52:49,027 	 Warmstarting? None None 13
2019-01-18 14:52:49,027 Embedding() torch.Size([13, 10])
2019-01-18 14:52:49,027 relative No Rescale
2019-01-18 14:52:49,028 Constructed model with dim=0 and epochs=0 isnan=False
2019-01-18 14:52:49,028 SGD (
Parameter Group 0
    dampening: 0
    initial_lr: 0.1
    lr: 1.0
    momentum: 0.0
    nesterov: False
    weight_decay: 0

Parameter Group 1
    dampening: 0
    initial_lr: 0.1
    lr: 1.0
    momentum: 0.0
    nesterov: False
    weight_decay: 0

Parameter Group 2
    dampening: 0
    initial_lr: 0.1
    lr: 1.0
    momentum: 0.0
    nesterov: False
    weight_decay: 0

Parameter Group 3
    dampening: 0
    initial_lr: 0.0001
    lr: 0.001
    momentum: 0.0
    nesterov: False
    weight_decay: 0
)
2019-01-18 14:52:49,028 *** Initial Checkpoint. Computing Stats
2019-01-18 14:52:49,028 	 Computing Major Stats lazily... 
2019-01-18 14:52:49,029 		 Completed edges=156 good=156 bad=0
2019-01-18 14:52:49,031 Distortion avg=0.9980154620537685 wc=8.288169342813498 me=0.005628252251848828 mc=1472.6009020101956 nan_elements=0
2019-01-18 14:52:49,031 MAP = 0.2204356754356754
2019-01-18 14:52:49,032 scale=[array([1.])]
2019-01-18 14:52:49,032 *** End Initial Checkpoint

2019-01-18 14:52:49,089 1 loss=0.9960363498205985
2019-01-18 14:52:49,090 2 loss=0.8590958791747548
2019-01-18 14:52:49,090 3 loss=0.7480073456550206
2019-01-18 14:52:49,091 4 loss=0.6617998471245995
2019-01-18 14:52:49,091 5 loss=0.5946473648350586
2019-01-18 14:52:49,092 6 loss=0.5417928823079823
2019-01-18 14:52:49,092 7 loss=0.49965993232881206
2019-01-18 14:52:49,093 8 loss=0.4656060670107962
2019-01-18 14:52:49,093 9 loss=0.4376838136810548
2019-01-18 14:52:49,094 10 loss=0.4144537035808787
2019-01-18 14:52:49,094 
*** Major Checkpoint. Computing Stats and Saving
2019-01-18 14:52:49,094 	 Computing Major Stats lazily... 
2019-01-18 14:52:49,095 		 Completed edges=156 good=156 bad=0
2019-01-18 14:52:49,097 Distortion avg=0.5826195848774015 wc=11.555481455783545 me=1.3711962193589484 mc=8.427299676472181 nan_elements=0
2019-01-18 14:52:49,097 MAP = 0.14726606726606725
2019-01-18 14:52:49,097 scale=[array([1.])]
2019-01-18 14:52:49,097 *** End Major Checkpoint

2019-01-18 14:52:49,098 11 loss=0.39484601090066224
2019-01-18 14:52:49,099 12 loss=0.3780604726477219
2019-01-18 14:52:49,099 13 loss=0.3634940055836627
2019-01-18 14:52:49,100 14 loss=0.35068861802842755
2019-01-18 14:52:49,100 15 loss=0.3392937688014035
2019-01-18 14:52:49,101 16 loss=0.329039041935022
2019-01-18 14:52:49,101 17 loss=0.319714198651698
2019-01-18 14:52:49,102 18 loss=0.3111545240608936
2019-01-18 14:52:49,103 19 loss=0.3032299923492627
2019-01-18 14:52:49,103 20 loss=0.2958372013904869
2019-01-18 14:52:49,103 
*** Major Checkpoint. Computing Stats and Saving
2019-01-18 14:52:49,103 	 Computing Major Stats lazily... 
2019-01-18 14:52:49,104 		 Completed edges=156 good=156 bad=0
2019-01-18 14:52:49,106 Distortion avg=0.5080976502407787 wc=7.656337488428515 me=1.5075618798412724 mc=5.078622370867213 nan_elements=0
2019-01-18 14:52:49,106 MAP = 0.19580882080882078
2019-01-18 14:52:49,106 scale=[array([1.])]
2019-01-18 14:52:49,106 *** End Major Checkpoint

2019-01-18 14:52:49,107 21 loss=0.2888933282696503
2019-01-18 14:52:49,108 22 loss=0.282331569001184
2019-01-18 14:52:49,108 23 loss=0.2760976753990529
2019-01-18 14:52:49,109 24 loss=0.2701473082880309
2019-01-18 14:52:49,109 25 loss=0.26444400201579604
2019-01-18 14:52:49,110 26 loss=0.2589575895734527
2019-01-18 14:52:49,110 27 loss=0.25366297684928035
2019-01-18 14:52:49,111 28 loss=0.24853918301894964
2019-01-18 14:52:49,111 29 loss=0.24356858489097236
2019-01-18 14:52:49,112 30 loss=0.23873631834164774
2019-01-18 14:52:49,112 
*** Major Checkpoint. Computing Stats and Saving
2019-01-18 14:52:49,112 	 Computing Major Stats lazily... 
2019-01-18 14:52:49,113 		 Completed edges=156 good=156 bad=0
2019-01-18 14:52:49,115 Distortion avg=0.44886309412249364 wc=6.042246656562184 me=1.6010282734685113 mc=3.77397873397457 nan_elements=0
2019-01-18 14:52:49,115 MAP = 0.3206613756613757
2019-01-18 14:52:49,115 scale=[array([1.])]
2019-01-18 14:52:49,115 *** End Major Checkpoint

2019-01-18 14:52:49,116 31 loss=0.2340298013172045
2019-01-18 14:52:49,116 32 loss=0.22943835133725407
2019-01-18 14:52:49,117 33 loss=0.22495287677777354
2019-01-18 14:52:49,118 34 loss=0.22056562600009594
2019-01-18 14:52:49,118 35 loss=0.2162699820269256
2019-01-18 14:52:49,119 36 loss=0.21206029323972495
2019-01-18 14:52:49,119 37 loss=0.2079317326980702
2019-01-18 14:52:49,120 38 loss=0.20388018031857355
2019-01-18 14:52:49,120 39 loss=0.19990212341584176
2019-01-18 14:52:49,121 40 loss=0.1959945720881483
2019-01-18 14:52:49,121 
*** Major Checkpoint. Computing Stats and Saving
2019-01-18 14:52:49,121 	 Computing Major Stats lazily... 
2019-01-18 14:52:49,122 		 Completed edges=156 good=156 bad=0
2019-01-18 14:52:49,124 Distortion avg=0.3996115997342788 wc=4.953689355955947 me=1.5945271508577226 mc=3.106682349868596 nan_elements=0
2019-01-18 14:52:49,124 MAP = 0.5363247863247863
2019-01-18 14:52:49,124 scale=[array([1.])]
2019-01-18 14:52:49,124 *** End Major Checkpoint

2019-01-18 14:52:49,125 41 loss=0.1921549866918334
2019-01-18 14:52:49,126 42 loss=0.18838121524070994
2019-01-18 14:52:49,126 43 loss=0.18467143902787855
2019-01-18 14:52:49,127 44 loss=0.18102412512643903
2019-01-18 14:52:49,127 45 loss=0.17743798470506086
2019-01-18 14:52:49,128 46 loss=0.17391193631166135
2019-01-18 14:52:49,128 47 loss=0.17044507344710005
2019-01-18 14:52:49,129 48 loss=0.16703663588147966
2019-01-18 14:52:49,129 49 loss=0.16368598426670308
2019-01-18 14:52:49,130 50 loss=0.1603925776769593
2019-01-18 14:52:49,130 
*** Major Checkpoint. Computing Stats and Saving
2019-01-18 14:52:49,130 	 Computing Major Stats lazily... 
2019-01-18 14:52:49,131 		 Completed edges=156 good=156 bad=0
2019-01-18 14:52:49,133 Distortion avg=0.35907444964924184 wc=4.232558325970227 me=1.543483559659409 mc=2.7422114731848515 nan_elements=0
2019-01-18 14:52:49,133 MAP = 0.8029914529914529
2019-01-18 14:52:49,133 scale=[array([1.])]
2019-01-18 14:52:49,133 *** End Major Checkpoint

2019-01-18 14:52:49,133 final loss=0.1603925776769593
2019-01-18 14:52:49,133 best loss=0.1603925776769593, distortion=0.35907444964924184, map=0.8029914529914529, wc_dist=4.232558325970227
2019-01-18 14:52:49,133 	 Computing Major Stats lazily... 
2019-01-18 14:52:49,134 		 Completed edges=156 good=156 bad=0
2019-01-18 14:52:49,136 Distortion avg=0.3590744496492416 wc=4.232558325970227 me=1.543483559659409 mc=2.7422114731848515 nan_elements=0
2019-01-18 14:52:49,136 MAP = 0.802991452991453
2019-01-18 14:52:49,136 scale=[array([1.])]
