2019-01-18 14:55:47,021 Commandline ['pytorch/pytorch_hyperbolic.py', 'learn', 'data/edges/parsing/ewt/ewt_dev/1430.edges', '--dim', '0', '--hyp', '0', '--edim', '10', '--euc', '1', '--sdim', '0', '--sph', '0', '--log-name', 'ewt_devr2/1430.edges.E10-1.lr1.log', '--batch-size', '65536', '--epochs', '50', '--checkpoint-freq', '10', '-g', '--subsample', '1024', '--learning-rate', '1']
2019-01-18 14:55:47,021 No Model Save selected!
2019-01-18 14:55:47,022 Loaded Graph data/edges/parsing/ewt/ewt_dev/1430.edges with 26 nodes scale=1.0
2019-01-18 14:55:47,023 Building dataset
2019-01-18 14:55:47,023 Subsample: 26 points with scale 1.0 subsample=25
2019-01-18 14:55:47,055 Built Data Sampler
2019-01-18 14:55:47,055 Creating a fresh model warm_start?=None
2019-01-18 14:55:47,055 	 Warmstarting? None None 26
2019-01-18 14:55:47,055 Embedding() torch.Size([26, 10])
2019-01-18 14:55:47,056 relative No Rescale
2019-01-18 14:55:47,056 Constructed model with dim=0 and epochs=0 isnan=False
2019-01-18 14:55:47,056 SGD (
Parameter Group 0
    dampening: 0
    initial_lr: 0.1
    lr: 1.0
    momentum: 0.0
    nesterov: False
    weight_decay: 0

Parameter Group 1
    dampening: 0
    initial_lr: 0.1
    lr: 1.0
    momentum: 0.0
    nesterov: False
    weight_decay: 0

Parameter Group 2
    dampening: 0
    initial_lr: 0.1
    lr: 1.0
    momentum: 0.0
    nesterov: False
    weight_decay: 0

Parameter Group 3
    dampening: 0
    initial_lr: 0.0001
    lr: 0.001
    momentum: 0.0
    nesterov: False
    weight_decay: 0
)
2019-01-18 14:55:47,056 *** Initial Checkpoint. Computing Stats
2019-01-18 14:55:47,056 	 Computing Major Stats lazily... 
2019-01-18 14:55:47,059 		 Completed edges=650 good=650 bad=0
2019-01-18 14:55:47,063 Distortion avg=0.9983730075715888 wc=20.67032673301617 me=0.008391960263540338 mc=2463.110653993484 nan_elements=0
2019-01-18 14:55:47,063 MAP = 0.14980810184498694
2019-01-18 14:55:47,064 scale=[array([1.])]
2019-01-18 14:55:47,064 *** End Initial Checkpoint

2019-01-18 14:55:47,122 1 loss=0.9967499119750356
2019-01-18 14:55:47,123 2 loss=0.9553932934514073
2019-01-18 14:55:47,124 3 loss=0.9155280497308589
2019-01-18 14:55:47,125 4 loss=0.878371073050315
2019-01-18 14:55:47,126 5 loss=0.8438822449341358
2019-01-18 14:55:47,127 6 loss=0.8118945805095732
2019-01-18 14:55:47,128 7 loss=0.7822193840954607
2019-01-18 14:55:47,129 8 loss=0.7546704922634573
2019-01-18 14:55:47,130 9 loss=0.7290718615497284
2019-01-18 14:55:47,130 10 loss=0.705260014559829
2019-01-18 14:55:47,130 
*** Major Checkpoint. Computing Stats and Saving
2019-01-18 14:55:47,131 	 Computing Major Stats lazily... 
2019-01-18 14:55:47,133 		 Completed edges=650 good=650 bad=0
2019-01-18 14:55:47,137 Distortion avg=0.8121873942573089 wc=19.715122206805436 me=0.7913903147774913 mc=24.912008447245874 nan_elements=0
2019-01-18 14:55:47,137 MAP = 0.07153811951960247
2019-01-18 14:55:47,138 scale=[array([1.])]
2019-01-18 14:55:47,138 *** End Major Checkpoint

2019-01-18 14:55:47,139 11 loss=0.683084529942902
2019-01-18 14:55:47,140 12 loss=0.6624077045345372
2019-01-18 14:55:47,141 13 loss=0.6431038551987663
2019-01-18 14:55:47,142 14 loss=0.6250584751234366
2019-01-18 14:55:47,143 15 loss=0.6081673498289645
2019-01-18 14:55:47,144 16 loss=0.5923356861904844
2019-01-18 14:55:47,145 17 loss=0.577477281397361
2019-01-18 14:55:47,146 18 loss=0.5635137447193813
2019-01-18 14:55:47,147 19 loss=0.5503737772157258
2019-01-18 14:55:47,148 20 loss=0.537992510199806
2019-01-18 14:55:47,148 
*** Major Checkpoint. Computing Stats and Saving
2019-01-18 14:55:47,148 	 Computing Major Stats lazily... 
2019-01-18 14:55:47,150 		 Completed edges=650 good=650 bad=0
2019-01-18 14:55:47,154 Distortion avg=0.6931646673628726 wc=17.199455904837997 me=1.2397171062718693 mc=13.87369410152042 nan_elements=0
2019-01-18 14:55:47,155 MAP = 0.07291272126911048
2019-01-18 14:55:47,155 scale=[array([1.])]
2019-01-18 14:55:47,155 *** End Major Checkpoint

2019-01-18 14:55:47,156 21 loss=0.5263109008635947
2019-01-18 14:55:47,157 22 loss=0.5152751821617323
2019-01-18 14:55:47,157 23 loss=0.5048363634051259
2019-01-18 14:55:47,158 24 loss=0.49494977775278404
2019-01-18 14:55:47,159 25 loss=0.4855746727622594
2019-01-18 14:55:47,160 26 loss=0.4766738402677311
2019-01-18 14:55:47,161 27 loss=0.4682132820411879
2019-01-18 14:55:47,162 28 loss=0.46016190791945605
2019-01-18 14:55:47,163 29 loss=0.45249126332469525
2019-01-18 14:55:47,164 30 loss=0.44517528335401835
2019-01-18 14:55:47,164 
*** Major Checkpoint. Computing Stats and Saving
2019-01-18 14:55:47,164 	 Computing Major Stats lazily... 
2019-01-18 14:55:47,166 		 Completed edges=650 good=650 bad=0
2019-01-18 14:55:47,170 Distortion avg=0.6344237107429326 wc=15.426480065112278 me=1.5039807276928825 mc=10.257099563221539 nan_elements=0
2019-01-18 14:55:47,171 MAP = 0.07748634271276088
2019-01-18 14:55:47,171 scale=[array([1.])]
2019-01-18 14:55:47,171 *** End Major Checkpoint

2019-01-18 14:55:47,172 31 loss=0.4381900708561631
2019-01-18 14:55:47,173 32 loss=0.4315136961443965
2019-01-18 14:55:47,174 33 loss=0.4251260162120973
2019-01-18 14:55:47,175 34 loss=0.41900851151936114
2019-01-18 14:55:47,176 35 loss=0.4131441386050557
2019-01-18 14:55:47,177 36 loss=0.40751719694921085
2019-01-18 14:55:47,178 37 loss=0.4021132086660956
2019-01-18 14:55:47,179 38 loss=0.39691880974955474
2019-01-18 14:55:47,180 39 loss=0.3919216517201587
2019-01-18 14:55:47,181 40 loss=0.3871103126394023
2019-01-18 14:55:47,181 
*** Major Checkpoint. Computing Stats and Saving
2019-01-18 14:55:47,181 	 Computing Major Stats lazily... 
2019-01-18 14:55:47,184 		 Completed edges=650 good=650 bad=0
2019-01-18 14:55:47,188 Distortion avg=0.589386279226006 wc=14.564835633476271 me=1.6822499703925942 mc=8.657949704155566 nan_elements=0
2019-01-18 14:55:47,188 MAP = 0.08986525039731105
2019-01-18 14:55:47,188 scale=[array([1.])]
2019-01-18 14:55:47,188 *** End Major Checkpoint

2019-01-18 14:55:47,189 41 loss=0.38247421656059366
2019-01-18 14:55:47,190 42 loss=0.37800356058015294
2019-01-18 14:55:47,191 43 loss=0.3736892487377328
2019-01-18 14:55:47,192 44 loss=0.3695228320897338
2019-01-18 14:55:47,193 45 loss=0.36549645434923583
2019-01-18 14:55:47,194 46 loss=0.3616028025468528
2019-01-18 14:55:47,194 47 loss=0.3578350622222105
2019-01-18 14:55:47,195 48 loss=0.3541868767052984
2019-01-18 14:55:47,196 49 loss=0.3506523100914063
2019-01-18 14:55:47,197 50 loss=0.3472258135532407
2019-01-18 14:55:47,197 
*** Major Checkpoint. Computing Stats and Saving
2019-01-18 14:55:47,197 	 Computing Major Stats lazily... 
2019-01-18 14:55:47,200 		 Completed edges=650 good=650 bad=0
2019-01-18 14:55:47,204 Distortion avg=0.5516005775719994 wc=13.817745777243102 me=1.7900536000907383 mc=7.719179904189839 nan_elements=0
2019-01-18 14:55:47,204 MAP = 0.11284842065676823
2019-01-18 14:55:47,204 scale=[array([1.])]
2019-01-18 14:55:47,204 *** End Major Checkpoint

2019-01-18 14:55:47,204 final loss=0.3472258135532407
2019-01-18 14:55:47,204 best loss=0.3472258135532407, distortion=0.5516005775719994, map=0.11284842065676823, wc_dist=13.817745777243102
2019-01-18 14:55:47,204 	 Computing Major Stats lazily... 
2019-01-18 14:55:47,207 		 Completed edges=650 good=650 bad=0
2019-01-18 14:55:47,210 Distortion avg=0.5516005775719995 wc=13.817745777243102 me=1.7900536000907383 mc=7.719179904189839 nan_elements=0
2019-01-18 14:55:47,211 MAP = 0.11284842065676824
2019-01-18 14:55:47,211 scale=[array([1.])]
