2019-01-18 14:45:56,237 Commandline ['pytorch/pytorch_hyperbolic.py', 'learn', 'data/edges/parsing/ewt/ewt_dev/1435.edges', '--dim', '0', '--hyp', '0', '--edim', '10', '--euc', '1', '--sdim', '0', '--sph', '0', '--log-name', 'ewt_devr2/1435.edges.E10-1.lr1.log', '--batch-size', '65536', '--epochs', '50', '--checkpoint-freq', '10', '-g', '--subsample', '1024', '--learning-rate', '1']
2019-01-18 14:45:56,237 No Model Save selected!
2019-01-18 14:45:56,239 Loaded Graph data/edges/parsing/ewt/ewt_dev/1435.edges with 27 nodes scale=1.0
2019-01-18 14:45:56,239 Building dataset
2019-01-18 14:45:56,240 Subsample: 27 points with scale 1.0 subsample=26
2019-01-18 14:45:56,274 Built Data Sampler
2019-01-18 14:45:56,274 Creating a fresh model warm_start?=None
2019-01-18 14:45:56,274 	 Warmstarting? None None 27
2019-01-18 14:45:56,275 Embedding() torch.Size([27, 10])
2019-01-18 14:45:56,275 relative No Rescale
2019-01-18 14:45:56,275 Constructed model with dim=0 and epochs=0 isnan=False
2019-01-18 14:45:56,275 SGD (
Parameter Group 0
    dampening: 0
    initial_lr: 0.1
    lr: 1.0
    momentum: 0.0
    nesterov: False
    weight_decay: 0

Parameter Group 1
    dampening: 0
    initial_lr: 0.1
    lr: 1.0
    momentum: 0.0
    nesterov: False
    weight_decay: 0

Parameter Group 2
    dampening: 0
    initial_lr: 0.1
    lr: 1.0
    momentum: 0.0
    nesterov: False
    weight_decay: 0

Parameter Group 3
    dampening: 0
    initial_lr: 0.0001
    lr: 0.001
    momentum: 0.0
    nesterov: False
    weight_decay: 0
)
2019-01-18 14:45:56,275 *** Initial Checkpoint. Computing Stats
2019-01-18 14:45:56,275 	 Computing Major Stats lazily... 
2019-01-18 14:45:56,279 		 Completed edges=702 good=702 bad=0
2019-01-18 14:45:56,283 Distortion avg=0.9985459980180467 wc=20.93620071334087 me=0.0056666017499448365 mc=3694.665980990226 nan_elements=0
2019-01-18 14:45:56,283 MAP = 0.22090677030633932
2019-01-18 14:45:56,284 scale=[array([1.])]
2019-01-18 14:45:56,284 *** End Initial Checkpoint

2019-01-18 14:45:56,345 1 loss=0.9970951727150914
2019-01-18 14:45:56,346 2 loss=0.962404080369832
2019-01-18 14:45:56,347 3 loss=0.9286622187732941
2019-01-18 14:45:56,348 4 loss=0.8968916270595286
2019-01-18 14:45:56,349 5 loss=0.8671104834268231
2019-01-18 14:45:56,350 6 loss=0.8392250643841559
2019-01-18 14:45:56,351 7 loss=0.813116876070167
2019-01-18 14:45:56,352 8 loss=0.78866381636442
2019-01-18 14:45:56,353 9 loss=0.765747319311024
2019-01-18 14:45:56,354 10 loss=0.7442550673096756
2019-01-18 14:45:56,354 
*** Major Checkpoint. Computing Stats and Saving
2019-01-18 14:45:56,354 	 Computing Major Stats lazily... 
2019-01-18 14:45:56,357 		 Completed edges=702 good=702 bad=0
2019-01-18 14:45:56,361 Distortion avg=0.8394071338797153 wc=35.564043953125726 me=0.8368335080111389 mc=42.498350762326716 nan_elements=0
2019-01-18 14:45:56,361 MAP = 0.0850954109031912
2019-01-18 14:45:56,361 scale=[array([1.])]
2019-01-18 14:45:56,362 *** End Major Checkpoint

2019-01-18 14:45:56,363 11 loss=0.7240819678721822
2019-01-18 14:45:56,363 12 loss=0.7051303609150636
2019-01-18 14:45:56,364 13 loss=0.6873098614207259
2019-01-18 14:45:56,365 14 loss=0.6705370264989661
2019-01-18 14:45:56,366 15 loss=0.6547349420229365
2019-01-18 14:45:56,367 16 loss=0.6398327792420961
2019-01-18 14:45:56,368 17 loss=0.6257653488503708
2019-01-18 14:45:56,369 18 loss=0.6124726675918769
2019-01-18 14:45:56,370 19 loss=0.5998995455006579
2019-01-18 14:45:56,371 20 loss=0.5879951978143327
2019-01-18 14:45:56,371 
*** Major Checkpoint. Computing Stats and Saving
2019-01-18 14:45:56,371 	 Computing Major Stats lazily... 
2019-01-18 14:45:56,374 		 Completed edges=702 good=702 bad=0
2019-01-18 14:45:56,378 Distortion avg=0.7298568163898327 wc=29.253347097966213 me=1.2913113796240618 mc=22.653983817971703 nan_elements=0
2019-01-18 14:45:56,378 MAP = 0.08082973988168535
2019-01-18 14:45:56,378 scale=[array([1.])]
2019-01-18 14:45:56,379 *** End Major Checkpoint

2019-01-18 14:45:56,380 21 loss=0.5767128832006435
2019-01-18 14:45:56,381 22 loss=0.5660095685040135
2019-01-18 14:45:56,382 23 loss=0.5558456193705735
2019-01-18 14:45:56,383 24 loss=0.5461845156201581
2019-01-18 14:45:56,384 25 loss=0.5369925899677833
2019-01-18 14:45:56,385 26 loss=0.5282387885722588
2019-01-18 14:45:56,386 27 loss=0.5198944518537456
2019-01-18 14:45:56,387 28 loss=0.5119331140419638
2019-01-18 14:45:56,387 29 loss=0.5043303199708118
2019-01-18 14:45:56,388 30 loss=0.49706345770922994
2019-01-18 14:45:56,389 
*** Major Checkpoint. Computing Stats and Saving
2019-01-18 14:45:56,389 	 Computing Major Stats lazily... 
2019-01-18 14:45:56,391 		 Completed edges=702 good=702 bad=0
2019-01-18 14:45:56,396 Distortion avg=0.6699523769864144 wc=25.468088358421145 me=1.5711734650573344 mc=16.209596791715025 nan_elements=0
2019-01-18 14:45:56,396 MAP = 0.08256121235420387
2019-01-18 14:45:56,396 scale=[array([1.])]
2019-01-18 14:45:56,396 *** End Major Checkpoint

2019-01-18 14:45:56,397 31 loss=0.4901116057029961
2019-01-18 14:45:56,398 32 loss=0.4834553931916554
2019-01-18 14:45:56,399 33 loss=0.4770768727549783
2019-01-18 14:45:56,400 34 loss=0.47095940393165914
2019-01-18 14:45:56,401 35 loss=0.4650875469377965
2019-01-18 14:45:56,402 36 loss=0.4594469655931095
2019-01-18 14:45:56,403 37 loss=0.45402433863829006
2019-01-18 14:45:56,404 38 loss=0.4488072786972114
2019-01-18 14:45:56,405 39 loss=0.44378425820285466
2019-01-18 14:45:56,406 40 loss=0.43894454166591956
2019-01-18 14:45:56,406 
*** Major Checkpoint. Computing Stats and Saving
2019-01-18 14:45:56,406 	 Computing Major Stats lazily... 
2019-01-18 14:45:56,409 		 Completed edges=702 good=702 bad=0
2019-01-18 14:45:56,413 Distortion avg=0.628743379689667 wc=23.149573854193246 me=1.7740447875910221 mc=13.049035749333074 nan_elements=0
2019-01-18 14:45:56,413 MAP = 0.08873153222023766
2019-01-18 14:45:56,413 scale=[array([1.])]
2019-01-18 14:45:56,413 *** End Major Checkpoint

2019-01-18 14:45:56,414 41 loss=0.43427812372035046
2019-01-18 14:45:56,415 42 loss=0.42977567243069054
2019-01-18 14:45:56,416 43 loss=0.42542847739255335
2019-01-18 14:45:56,417 44 loss=0.4212284021998666
2019-01-18 14:45:56,418 45 loss=0.4171678408911907
2019-01-18 14:45:56,419 46 loss=0.41323967802263256
2019-01-18 14:45:56,420 47 loss=0.4094372520469372
2019-01-18 14:45:56,421 48 loss=0.4057543217075016
2019-01-18 14:45:56,422 49 loss=0.40218503518258053
2019-01-18 14:45:56,423 50 loss=0.39872390173904104
2019-01-18 14:45:56,423 
*** Major Checkpoint. Computing Stats and Saving
2019-01-18 14:45:56,423 	 Computing Major Stats lazily... 
2019-01-18 14:45:56,426 		 Completed edges=702 good=702 bad=0
2019-01-18 14:45:56,430 Distortion avg=0.5950312002696442 wc=21.266745308343747 me=1.9027666685883016 mc=11.176748920098515 nan_elements=0
2019-01-18 14:45:56,430 MAP = 0.10053734132108172
2019-01-18 14:45:56,430 scale=[array([1.])]
2019-01-18 14:45:56,430 *** End Major Checkpoint

2019-01-18 14:45:56,430 final loss=0.39872390173904104
2019-01-18 14:45:56,430 best loss=0.39872390173904104, distortion=0.5950312002696442, map=0.10053734132108172, wc_dist=21.266745308343747
2019-01-18 14:45:56,430 	 Computing Major Stats lazily... 
2019-01-18 14:45:56,433 		 Completed edges=702 good=702 bad=0
2019-01-18 14:45:56,437 Distortion avg=0.595031200269644 wc=21.266745308343747 me=1.9027666685883016 mc=11.176748920098515 nan_elements=0
2019-01-18 14:45:56,437 MAP = 0.10053734132108173
2019-01-18 14:45:56,438 scale=[array([1.])]
