2019-01-18 15:00:50,612 Commandline ['pytorch/pytorch_hyperbolic.py', 'learn', 'data/edges/parsing/ewt/ewt_dev/1438.edges', '--dim', '0', '--hyp', '0', '--edim', '10', '--euc', '1', '--sdim', '0', '--sph', '0', '--log-name', 'ewt_devr2/1438.edges.E10-1.lr1.log', '--batch-size', '65536', '--epochs', '50', '--checkpoint-freq', '10', '-g', '--subsample', '1024', '--learning-rate', '1']
2019-01-18 15:00:50,612 No Model Save selected!
2019-01-18 15:00:50,614 Loaded Graph data/edges/parsing/ewt/ewt_dev/1438.edges with 16 nodes scale=1.0
2019-01-18 15:00:50,614 Building dataset
2019-01-18 15:00:50,615 Subsample: 16 points with scale 1.0 subsample=15
2019-01-18 15:00:50,630 Built Data Sampler
2019-01-18 15:00:50,630 Creating a fresh model warm_start?=None
2019-01-18 15:00:50,630 	 Warmstarting? None None 16
2019-01-18 15:00:50,630 Embedding() torch.Size([16, 10])
2019-01-18 15:00:50,631 relative No Rescale
2019-01-18 15:00:50,631 Constructed model with dim=0 and epochs=0 isnan=False
2019-01-18 15:00:50,631 SGD (
Parameter Group 0
    dampening: 0
    initial_lr: 0.1
    lr: 1.0
    momentum: 0.0
    nesterov: False
    weight_decay: 0

Parameter Group 1
    dampening: 0
    initial_lr: 0.1
    lr: 1.0
    momentum: 0.0
    nesterov: False
    weight_decay: 0

Parameter Group 2
    dampening: 0
    initial_lr: 0.1
    lr: 1.0
    momentum: 0.0
    nesterov: False
    weight_decay: 0

Parameter Group 3
    dampening: 0
    initial_lr: 0.0001
    lr: 0.001
    momentum: 0.0
    nesterov: False
    weight_decay: 0
)
2019-01-18 15:00:50,631 *** Initial Checkpoint. Computing Stats
2019-01-18 15:00:50,631 	 Computing Major Stats lazily... 
2019-01-18 15:00:50,633 		 Completed edges=240 good=240 bad=0
2019-01-18 15:00:50,635 Distortion avg=0.9981238769683851 wc=11.189227612872632 me=0.006009979300171955 mc=1861.7747339915945 nan_elements=0
2019-01-18 15:00:50,635 MAP = 0.26433225752422185
2019-01-18 15:00:50,636 scale=[array([1.])]
2019-01-18 15:00:50,636 *** End Initial Checkpoint

2019-01-18 15:00:50,691 1 loss=0.9962526146761045
2019-01-18 15:00:50,692 2 loss=0.8941530535855965
2019-01-18 15:00:50,693 3 loss=0.8062417058636906
2019-01-18 15:00:50,693 4 loss=0.7331413734708359
2019-01-18 15:00:50,694 5 loss=0.6721436687708374
2019-01-18 15:00:50,694 6 loss=0.6208602038321474
2019-01-18 15:00:50,695 7 loss=0.5773716404545676
2019-01-18 15:00:50,696 8 loss=0.5401659141098405
2019-01-18 15:00:50,696 9 loss=0.5080567214411782
2019-01-18 15:00:50,697 10 loss=0.48011201285393224
2019-01-18 15:00:50,697 
*** Major Checkpoint. Computing Stats and Saving
2019-01-18 15:00:50,697 	 Computing Major Stats lazily... 
2019-01-18 15:00:50,698 		 Completed edges=240 good=240 bad=0
2019-01-18 15:00:50,701 Distortion avg=0.6328085946270348 wc=15.772067316785517 me=1.2774735614939903 mc=12.346296465298483 nan_elements=0
2019-01-18 15:00:50,701 MAP = 0.13731818363514792
2019-01-18 15:00:50,701 scale=[array([1.])]
2019-01-18 15:00:50,701 *** End Major Checkpoint

2019-01-18 15:00:50,702 11 loss=0.455596603805195
2019-01-18 15:00:50,702 12 loss=0.4339275217901468
2019-01-18 15:00:50,703 13 loss=0.4146396840117095
2019-01-18 15:00:50,703 14 loss=0.39735962843018874
2019-01-18 15:00:50,704 15 loss=0.38178541538049476
2019-01-18 15:00:50,705 16 loss=0.36767122163604593
2019-01-18 15:00:50,705 17 loss=0.3548154936414741
2019-01-18 15:00:50,706 18 loss=0.3430518009372319
2019-01-18 15:00:50,706 19 loss=0.3322417421316384
2019-01-18 15:00:50,707 20 loss=0.3222694159621506
2019-01-18 15:00:50,707 
*** Major Checkpoint. Computing Stats and Saving
2019-01-18 15:00:50,707 	 Computing Major Stats lazily... 
2019-01-18 15:00:50,708 		 Completed edges=240 good=240 bad=0
2019-01-18 15:00:50,711 Distortion avg=0.5282242897148464 wc=10.580760629477384 me=1.4165937677382512 mc=7.469156557402296 nan_elements=0
2019-01-18 15:00:50,711 MAP = 0.1872925375715554
2019-01-18 15:00:50,711 scale=[array([1.])]
2019-01-18 15:00:50,711 *** End Major Checkpoint

2019-01-18 15:00:50,712 21 loss=0.3130370903810335
2019-01-18 15:00:50,712 22 loss=0.3044617927185197
2019-01-18 15:00:50,713 23 loss=0.2964726113415507
2019-01-18 15:00:50,713 24 loss=0.2890085496068876
2019-01-18 15:00:50,714 25 loss=0.2820168106531746
2019-01-18 15:00:50,715 26 loss=0.2754514199346147
2019-01-18 15:00:50,715 27 loss=0.26927211377982474
2019-01-18 15:00:50,716 28 loss=0.26344343844713364
2019-01-18 15:00:50,716 29 loss=0.25793401646067415
2019-01-18 15:00:50,717 30 loss=0.2527159464247134
2019-01-18 15:00:50,717 
*** Major Checkpoint. Computing Stats and Saving
2019-01-18 15:00:50,717 	 Computing Major Stats lazily... 
2019-01-18 15:00:50,718 		 Completed edges=240 good=240 bad=0
2019-01-18 15:00:50,721 Distortion avg=0.46024857019416027 wc=9.774734942235444 me=1.6247638861701734 mc=6.016095646534861 nan_elements=0
2019-01-18 15:00:50,721 MAP = 0.30453305375180373
2019-01-18 15:00:50,721 scale=[array([1.])]
2019-01-18 15:00:50,721 *** End Major Checkpoint

2019-01-18 15:00:50,722 31 loss=0.2477643097479446
2019-01-18 15:00:50,722 32 loss=0.24305676329952738
2019-01-18 15:00:50,723 33 loss=0.23857320136191512
2019-01-18 15:00:50,723 34 loss=0.23429547363830552
2019-01-18 15:00:50,724 35 loss=0.23020714873679265
2019-01-18 15:00:50,725 36 loss=0.22629331465587033
2019-01-18 15:00:50,725 37 loss=0.22254040946298473
2019-01-18 15:00:50,726 38 loss=0.21893607668519638
2019-01-18 15:00:50,726 39 loss=0.21546904099194533
2019-01-18 15:00:50,727 40 loss=0.21212900060069068
2019-01-18 15:00:50,727 
*** Major Checkpoint. Computing Stats and Saving
2019-01-18 15:00:50,727 	 Computing Major Stats lazily... 
2019-01-18 15:00:50,728 		 Completed edges=240 good=240 bad=0
2019-01-18 15:00:50,731 Distortion avg=0.4112613964830764 wc=9.246131317584146 me=1.7459876679493527 mc=5.295645259879554 nan_elements=0
2019-01-18 15:00:50,731 MAP = 0.4063132613913863
2019-01-18 15:00:50,731 scale=[array([1.])]
2019-01-18 15:00:50,731 *** End Major Checkpoint

2019-01-18 15:00:50,732 41 loss=0.20890653352035118
2019-01-18 15:00:50,732 42 loss=0.2057930152988263
2019-01-18 15:00:50,733 43 loss=0.20278054638590942
2019-01-18 15:00:50,733 44 loss=0.19986188758242188
2019-01-18 15:00:50,734 45 loss=0.19703040233689142
2019-01-18 15:00:50,735 46 loss=0.19428000488566805
2019-01-18 15:00:50,735 47 loss=0.1916051134215343
2019-01-18 15:00:50,736 48 loss=0.18900060762807264
2019-01-18 15:00:50,736 49 loss=0.1864617900391653
2019-01-18 15:00:50,737 50 loss=0.18398435078060724
2019-01-18 15:00:50,737 
*** Major Checkpoint. Computing Stats and Saving
2019-01-18 15:00:50,737 	 Computing Major Stats lazily... 
2019-01-18 15:00:50,738 		 Completed edges=240 good=240 bad=0
2019-01-18 15:00:50,741 Distortion avg=0.3766407475194363 wc=8.687605145374345 me=1.79535235942632 mc=4.8389415591657725 nan_elements=0
2019-01-18 15:00:50,741 MAP = 0.5759686308235415
2019-01-18 15:00:50,741 scale=[array([1.])]
2019-01-18 15:00:50,741 *** End Major Checkpoint

2019-01-18 15:00:50,741 final loss=0.18398435078060724
2019-01-18 15:00:50,741 best loss=0.18398435078060724, distortion=0.3766407475194363, map=0.5759686308235415, wc_dist=8.687605145374345
2019-01-18 15:00:50,741 	 Computing Major Stats lazily... 
2019-01-18 15:00:50,742 		 Completed edges=240 good=240 bad=0
2019-01-18 15:00:50,745 Distortion avg=0.37664074751943655 wc=8.687605145374345 me=1.79535235942632 mc=4.8389415591657725 nan_elements=0
2019-01-18 15:00:50,745 MAP = 0.5759686308235415
2019-01-18 15:00:50,745 scale=[array([1.])]
