2019-01-18 14:57:19,987 Commandline ['pytorch/pytorch_hyperbolic.py', 'learn', 'data/edges/parsing/ewt/ewt_dev/144.edges', '--dim', '0', '--hyp', '0', '--edim', '10', '--euc', '1', '--sdim', '0', '--sph', '0', '--log-name', 'ewt_devr2/144.edges.E10-1.lr1.log', '--batch-size', '65536', '--epochs', '50', '--checkpoint-freq', '10', '-g', '--subsample', '1024', '--learning-rate', '1']
2019-01-18 14:57:19,987 No Model Save selected!
2019-01-18 14:57:19,989 Loaded Graph data/edges/parsing/ewt/ewt_dev/144.edges with 20 nodes scale=1.0
2019-01-18 14:57:19,989 Building dataset
2019-01-18 14:57:19,990 Subsample: 20 points with scale 1.0 subsample=19
2019-01-18 14:57:20,011 Built Data Sampler
2019-01-18 14:57:20,012 Creating a fresh model warm_start?=None
2019-01-18 14:57:20,012 	 Warmstarting? None None 20
2019-01-18 14:57:20,012 Embedding() torch.Size([20, 10])
2019-01-18 14:57:20,012 relative No Rescale
2019-01-18 14:57:20,012 Constructed model with dim=0 and epochs=0 isnan=False
2019-01-18 14:57:20,013 SGD (
Parameter Group 0
    dampening: 0
    initial_lr: 0.1
    lr: 1.0
    momentum: 0.0
    nesterov: False
    weight_decay: 0

Parameter Group 1
    dampening: 0
    initial_lr: 0.1
    lr: 1.0
    momentum: 0.0
    nesterov: False
    weight_decay: 0

Parameter Group 2
    dampening: 0
    initial_lr: 0.1
    lr: 1.0
    momentum: 0.0
    nesterov: False
    weight_decay: 0

Parameter Group 3
    dampening: 0
    initial_lr: 0.0001
    lr: 0.001
    momentum: 0.0
    nesterov: False
    weight_decay: 0
)
2019-01-18 14:57:20,013 *** Initial Checkpoint. Computing Stats
2019-01-18 14:57:20,013 	 Computing Major Stats lazily... 
2019-01-18 14:57:20,015 		 Completed edges=380 good=380 bad=0
2019-01-18 14:57:20,018 Distortion avg=0.9982098629810534 wc=19.23313033715337 me=0.006196519622161948 mc=3103.8601521353667 nan_elements=0
2019-01-18 14:57:20,018 MAP = 0.14100832520699974
2019-01-18 14:57:20,019 scale=[array([1.])]
2019-01-18 14:57:20,019 *** End Initial Checkpoint

2019-01-18 14:57:20,073 1 loss=0.9964243797319264
2019-01-18 14:57:20,074 2 loss=0.9262197409953247
2019-01-18 14:57:20,075 3 loss=0.8628498917223129
2019-01-18 14:57:20,076 4 loss=0.807113449890748
2019-01-18 14:57:20,077 5 loss=0.7580399305666355
2019-01-18 14:57:20,077 6 loss=0.7146785166228777
2019-01-18 14:57:20,078 7 loss=0.676202318257085
2019-01-18 14:57:20,079 8 loss=0.6419106270016037
2019-01-18 14:57:20,080 9 loss=0.6112143142018582
2019-01-18 14:57:20,081 10 loss=0.5836189964079771
2019-01-18 14:57:20,081 
*** Major Checkpoint. Computing Stats and Saving
2019-01-18 14:57:20,081 	 Computing Major Stats lazily... 
2019-01-18 14:57:20,083 		 Completed edges=380 good=380 bad=0
2019-01-18 14:57:20,086 Distortion avg=0.7164686229691232 wc=20.80311709087047 me=1.1410252040743596 mc=18.231952297448768 nan_elements=0
2019-01-18 14:57:20,086 MAP = 0.09317116211030683
2019-01-18 14:57:20,086 scale=[array([1.])]
2019-01-18 14:57:20,087 *** End Major Checkpoint

2019-01-18 14:57:20,087 11 loss=0.5587094963935323
2019-01-18 14:57:20,088 12 loss=0.5361364239657969
2019-01-18 14:57:20,089 13 loss=0.515604900194271
2019-01-18 14:57:20,089 14 loss=0.4968652042894321
2019-01-18 14:57:20,090 15 loss=0.47970506468959745
2019-01-18 14:57:20,091 16 loss=0.46394332432897495
2019-01-18 14:57:20,092 17 loss=0.449424740545675
2019-01-18 14:57:20,092 18 loss=0.436015715600855
2019-01-18 14:57:20,093 19 loss=0.42360078770327514
2019-01-18 14:57:20,094 20 loss=0.41207974243044276
2019-01-18 14:57:20,094 
*** Major Checkpoint. Computing Stats and Saving
2019-01-18 14:57:20,094 	 Computing Major Stats lazily... 
2019-01-18 14:57:20,095 		 Completed edges=380 good=380 bad=0
2019-01-18 14:57:20,098 Distortion avg=0.5993137373772908 wc=15.36496942171195 me=1.401466987861413 mc=10.963490082030635 nan_elements=0
2019-01-18 14:57:20,099 MAP = 0.10037490600716219
2019-01-18 14:57:20,099 scale=[array([1.])]
2019-01-18 14:57:20,099 *** End Major Checkpoint

2019-01-18 14:57:20,099 21 loss=0.40136522997294366
2019-01-18 14:57:20,100 22 loss=0.39138079491139893
2019-01-18 14:57:20,101 23 loss=0.3820592427512997
2019-01-18 14:57:20,102 24 loss=0.37334128174347614
2019-01-18 14:57:20,102 25 loss=0.36517439013833797
2019-01-18 14:57:20,103 26 loss=0.3575118684335588
2019-01-18 14:57:20,104 27 loss=0.3503120437830702
2019-01-18 14:57:20,104 28 loss=0.3435375998795353
2019-01-18 14:57:20,105 29 loss=0.33715501058315334
2019-01-18 14:57:20,106 30 loss=0.33113405957560754
2019-01-18 14:57:20,106 
*** Major Checkpoint. Computing Stats and Saving
2019-01-18 14:57:20,106 	 Computing Major Stats lazily... 
2019-01-18 14:57:20,108 		 Completed edges=380 good=380 bad=0
2019-01-18 14:57:20,110 Distortion avg=0.5332318299348802 wc=14.064694155039732 me=1.6322569105156228 mc=8.616715949817456 nan_elements=0
2019-01-18 14:57:20,111 MAP = 0.13167595267005097
2019-01-18 14:57:20,111 scale=[array([1.])]
2019-01-18 14:57:20,111 *** End Major Checkpoint

2019-01-18 14:57:20,111 31 loss=0.32544743155525113
2019-01-18 14:57:20,112 32 loss=0.3200703631084064
2019-01-18 14:57:20,113 33 loss=0.31498034351308674
2019-01-18 14:57:20,114 34 loss=0.3101568574527755
2019-01-18 14:57:20,115 35 loss=0.30558116301724725
2019-01-18 14:57:20,116 36 loss=0.3012360995073838
2019-01-18 14:57:20,117 37 loss=0.2971059204917314
2019-01-18 14:57:20,117 38 loss=0.2931761483243625
2019-01-18 14:57:20,118 39 loss=0.2894334469587316
2019-01-18 14:57:20,119 40 loss=0.28586551040650077
2019-01-18 14:57:20,119 
*** Major Checkpoint. Computing Stats and Saving
2019-01-18 14:57:20,119 	 Computing Major Stats lazily... 
2019-01-18 14:57:20,121 		 Completed edges=380 good=380 bad=0
2019-01-18 14:57:20,128 Distortion avg=0.48356052965744056 wc=12.911053651617081 me=1.7255308038990196 mc=7.4823663665946665 nan_elements=0
2019-01-18 14:57:20,128 MAP = 0.17396573402088109
2019-01-18 14:57:20,128 scale=[array([1.])]
2019-01-18 14:57:20,128 *** End Major Checkpoint

2019-01-18 14:57:20,129 41 loss=0.28246096461457315
2019-01-18 14:57:20,129 42 loss=0.2792092808845183
2019-01-18 14:57:20,130 43 loss=0.27610069924968433
2019-01-18 14:57:20,131 44 loss=0.2731261604674443
2019-01-18 14:57:20,132 45 loss=0.2702772454859985
2019-01-18 14:57:20,132 46 loss=0.26754612141410794
2019-01-18 14:57:20,133 47 loss=0.26492549316381814
2019-01-18 14:57:20,134 48 loss=0.2624085600554013
2019-01-18 14:57:20,134 49 loss=0.259988976774217
2019-01-18 14:57:20,135 50 loss=0.2576608181541329
2019-01-18 14:57:20,135 
*** Major Checkpoint. Computing Stats and Saving
2019-01-18 14:57:20,135 	 Computing Major Stats lazily... 
2019-01-18 14:57:20,137 		 Completed edges=380 good=380 bad=0
2019-01-18 14:57:20,140 Distortion avg=0.44887245678780674 wc=12.100122919275254 me=1.7756811663670609 mc=6.814355610940782 nan_elements=0
2019-01-18 14:57:20,140 MAP = 0.23814898081901764
2019-01-18 14:57:20,140 scale=[array([1.])]
2019-01-18 14:57:20,140 *** End Major Checkpoint

2019-01-18 14:57:20,140 final loss=0.2576608181541329
2019-01-18 14:57:20,140 best loss=0.2576608181541329, distortion=0.44887245678780674, map=0.23814898081901764, wc_dist=12.100122919275254
2019-01-18 14:57:20,140 	 Computing Major Stats lazily... 
2019-01-18 14:57:20,142 		 Completed edges=380 good=380 bad=0
2019-01-18 14:57:20,145 Distortion avg=0.4488724567878063 wc=12.100122919275254 me=1.7756811663670609 mc=6.814355610940782 nan_elements=0
2019-01-18 14:57:20,145 MAP = 0.23814898081901764
2019-01-18 14:57:20,145 scale=[array([1.])]
