2019-01-18 15:01:51,810 Commandline ['pytorch/pytorch_hyperbolic.py', 'learn', 'data/edges/parsing/ewt/ewt_dev/1442.edges', '--dim', '0', '--hyp', '0', '--edim', '10', '--euc', '1', '--sdim', '0', '--sph', '0', '--log-name', 'ewt_devr2/1442.edges.E10-1.lr1.log', '--batch-size', '65536', '--epochs', '50', '--checkpoint-freq', '10', '-g', '--subsample', '1024', '--learning-rate', '1']
2019-01-18 15:01:51,810 No Model Save selected!
2019-01-18 15:01:51,812 Loaded Graph data/edges/parsing/ewt/ewt_dev/1442.edges with 15 nodes scale=1.0
2019-01-18 15:01:51,812 Building dataset
2019-01-18 15:01:51,813 Subsample: 15 points with scale 1.0 subsample=14
2019-01-18 15:01:51,828 Built Data Sampler
2019-01-18 15:01:51,828 Creating a fresh model warm_start?=None
2019-01-18 15:01:51,828 	 Warmstarting? None None 15
2019-01-18 15:01:51,829 Embedding() torch.Size([15, 10])
2019-01-18 15:01:51,829 relative No Rescale
2019-01-18 15:01:51,830 Constructed model with dim=0 and epochs=0 isnan=False
2019-01-18 15:01:51,830 SGD (
Parameter Group 0
    dampening: 0
    initial_lr: 0.1
    lr: 1.0
    momentum: 0.0
    nesterov: False
    weight_decay: 0

Parameter Group 1
    dampening: 0
    initial_lr: 0.1
    lr: 1.0
    momentum: 0.0
    nesterov: False
    weight_decay: 0

Parameter Group 2
    dampening: 0
    initial_lr: 0.1
    lr: 1.0
    momentum: 0.0
    nesterov: False
    weight_decay: 0

Parameter Group 3
    dampening: 0
    initial_lr: 0.0001
    lr: 0.001
    momentum: 0.0
    nesterov: False
    weight_decay: 0
)
2019-01-18 15:01:51,830 *** Initial Checkpoint. Computing Stats
2019-01-18 15:01:51,830 	 Computing Major Stats lazily... 
2019-01-18 15:01:51,832 		 Completed edges=210 good=210 bad=0
2019-01-18 15:01:51,835 Distortion avg=0.9980199308245149 wc=7.8286259915973515 me=0.005982886981094694 mc=1308.5030715664532 nan_elements=0
2019-01-18 15:01:51,835 MAP = 0.20328486328486328
2019-01-18 15:01:51,836 scale=[array([1.])]
2019-01-18 15:01:51,836 *** End Initial Checkpoint

2019-01-18 15:01:51,894 1 loss=0.9960450808201687
2019-01-18 15:01:51,895 2 loss=0.8797955968073286
2019-01-18 15:01:51,895 3 loss=0.7815539364381227
2019-01-18 15:01:51,896 4 loss=0.7017927352784065
2019-01-18 15:01:51,896 5 loss=0.6368316453196197
2019-01-18 15:01:51,897 6 loss=0.5834898113913428
2019-01-18 15:01:51,898 7 loss=0.5392581332473773
2019-01-18 15:01:51,898 8 loss=0.50219649638443
2019-01-18 15:01:51,899 9 loss=0.47081132079525273
2019-01-18 15:01:51,899 10 loss=0.44395150304615905
2019-01-18 15:01:51,900 
*** Major Checkpoint. Computing Stats and Saving
2019-01-18 15:01:51,900 	 Computing Major Stats lazily... 
2019-01-18 15:01:51,901 		 Completed edges=210 good=210 bad=0
2019-01-18 15:01:51,903 Distortion avg=0.6023607396856303 wc=9.363890673883557 me=1.2951152854737569 mc=7.230159954801413 nan_elements=0
2019-01-18 15:01:51,903 MAP = 0.1191494770661437
2019-01-18 15:01:51,903 scale=[array([1.])]
2019-01-18 15:01:51,904 *** End Major Checkpoint

2019-01-18 15:01:51,904 11 loss=0.4207266749935058
2019-01-18 15:01:51,905 12 loss=0.40044474533054697
2019-01-18 15:01:51,905 13 loss=0.382564682664392
2019-01-18 15:01:51,906 14 loss=0.3666609422335701
2019-01-18 15:01:51,907 15 loss=0.352396658399993
2019-01-18 15:01:51,907 16 loss=0.3395033969394014
2019-01-18 15:01:51,908 17 loss=0.3277658088202742
2019-01-18 15:01:51,908 18 loss=0.3170099501296529
2019-01-18 15:01:51,909 19 loss=0.30709435123915646
2019-01-18 15:01:51,910 20 loss=0.29790315499342773
2019-01-18 15:01:51,910 
*** Major Checkpoint. Computing Stats and Saving
2019-01-18 15:01:51,910 	 Computing Major Stats lazily... 
2019-01-18 15:01:51,911 		 Completed edges=210 good=210 bad=0
2019-01-18 15:01:51,913 Distortion avg=0.5124310622173682 wc=6.469567428398831 me=1.499174272138191 mc=4.315420527575915 nan_elements=0
2019-01-18 15:01:51,913 MAP = 0.16396103896103897
2019-01-18 15:01:51,913 scale=[array([1.])]
2019-01-18 15:01:51,913 *** End Major Checkpoint

2019-01-18 15:01:51,914 21 loss=0.28934081854985993
2019-01-18 15:01:51,914 22 loss=0.28132800236143796
2019-01-18 15:01:51,915 23 loss=0.27379836477693753
2019-01-18 15:01:51,916 24 loss=0.26669605086315196
2019-01-18 15:01:51,916 25 loss=0.2599737159823341
2019-01-18 15:01:51,917 26 loss=0.2535909632489361
2019-01-18 15:01:51,918 27 loss=0.24751310278887592
2019-01-18 15:01:51,918 28 loss=0.241710162314272
2019-01-18 15:01:51,919 29 loss=0.2361560947887846
2019-01-18 15:01:51,920 30 loss=0.23082814126770526
2019-01-18 15:01:51,920 
*** Major Checkpoint. Computing Stats and Saving
2019-01-18 15:01:51,920 	 Computing Major Stats lazily... 
2019-01-18 15:01:51,921 		 Completed edges=210 good=210 bad=0
2019-01-18 15:01:51,923 Distortion avg=0.4445198212092432 wc=5.264292396970918 me=1.5991775055529855 mc=3.29187496615678 nan_elements=0
2019-01-18 15:01:51,923 MAP = 0.2735847948347948
2019-01-18 15:01:51,923 scale=[array([1.])]
2019-01-18 15:01:51,923 *** End Major Checkpoint

2019-01-18 15:01:51,924 31 loss=0.22570631635933938
2019-01-18 15:01:51,925 32 loss=0.22077299091008967
2019-01-18 15:01:51,925 33 loss=0.21601255201136146
2019-01-18 15:01:51,926 34 loss=0.21141112466723605
2019-01-18 15:01:51,926 35 loss=0.20695634274982713
2019-01-18 15:01:51,927 36 loss=0.2026371594305035
2019-01-18 15:01:51,928 37 loss=0.19844368927987668
2019-01-18 15:01:51,928 38 loss=0.19436707580618315
2019-01-18 15:01:51,929 39 loss=0.19039937944797375
2019-01-18 15:01:51,929 40 loss=0.18653348202713743
2019-01-18 15:01:51,929 
*** Major Checkpoint. Computing Stats and Saving
2019-01-18 15:01:51,930 	 Computing Major Stats lazily... 
2019-01-18 15:01:51,930 		 Completed edges=210 good=210 bad=0
2019-01-18 15:01:51,933 Distortion avg=0.39304256763922507 wc=4.553984726242202 me=1.6434433348053392 mc=2.7710019748150354 nan_elements=0
2019-01-18 15:01:51,933 MAP = 0.43912698412698414
2019-01-18 15:01:51,933 scale=[array([1.])]
2019-01-18 15:01:51,933 *** End Major Checkpoint

2019-01-18 15:01:51,934 41 loss=0.18276300445894336
2019-01-18 15:01:51,934 42 loss=0.1790822351504109
2019-01-18 15:01:51,935 43 loss=0.17548606703021535
2019-01-18 15:01:51,936 44 loss=0.1719699415680923
2019-01-18 15:01:51,936 45 loss=0.1685297984789784
2019-01-18 15:01:51,937 46 loss=0.16516203008209276
2019-01-18 15:01:51,937 47 loss=0.1618634395095111
2019-01-18 15:01:51,938 48 loss=0.1586312021416035
2019-01-18 15:01:51,939 49 loss=0.15546282979509776
2019-01-18 15:01:51,939 50 loss=0.15235613730910422
2019-01-18 15:01:51,939 
*** Major Checkpoint. Computing Stats and Saving
2019-01-18 15:01:51,939 	 Computing Major Stats lazily... 
2019-01-18 15:01:51,940 		 Completed edges=210 good=210 bad=0
2019-01-18 15:01:51,943 Distortion avg=0.35099015136087997 wc=3.966473560904139 me=1.625166753155749 mc=2.440656353080101 nan_elements=0
2019-01-18 15:01:51,943 MAP = 0.6280687830687831
2019-01-18 15:01:51,943 scale=[array([1.])]
2019-01-18 15:01:51,943 *** End Major Checkpoint

2019-01-18 15:01:51,943 final loss=0.15235613730910422
2019-01-18 15:01:51,943 best loss=0.15235613730910422, distortion=0.35099015136087997, map=0.6280687830687831, wc_dist=3.966473560904139
2019-01-18 15:01:51,943 	 Computing Major Stats lazily... 
2019-01-18 15:01:51,944 		 Completed edges=210 good=210 bad=0
2019-01-18 15:01:51,946 Distortion avg=0.35099015136087997 wc=3.966473560904139 me=1.625166753155749 mc=2.440656353080101 nan_elements=0
2019-01-18 15:01:51,946 MAP = 0.6280687830687829
2019-01-18 15:01:51,947 scale=[array([1.])]
