2019-01-18 14:49:24,014 Commandline ['pytorch/pytorch_hyperbolic.py', 'learn', 'data/edges/parsing/ewt/ewt_dev/1443.edges', '--dim', '0', '--hyp', '0', '--edim', '10', '--euc', '1', '--sdim', '0', '--sph', '0', '--log-name', 'ewt_devr2/1443.edges.E10-1.lr1.log', '--batch-size', '65536', '--epochs', '50', '--checkpoint-freq', '10', '-g', '--subsample', '1024', '--learning-rate', '1']
2019-01-18 14:49:24,014 No Model Save selected!
2019-01-18 14:49:24,016 Loaded Graph data/edges/parsing/ewt/ewt_dev/1443.edges with 7 nodes scale=1.0
2019-01-18 14:49:24,016 Building dataset
2019-01-18 14:49:24,016 Subsample: 7 points with scale 1.0 subsample=6
2019-01-18 14:49:24,022 Built Data Sampler
2019-01-18 14:49:24,022 Creating a fresh model warm_start?=None
2019-01-18 14:49:24,022 	 Warmstarting? None None 7
2019-01-18 14:49:24,022 Embedding() torch.Size([7, 10])
2019-01-18 14:49:24,022 relative No Rescale
2019-01-18 14:49:24,023 Constructed model with dim=0 and epochs=0 isnan=False
2019-01-18 14:49:24,023 SGD (
Parameter Group 0
    dampening: 0
    initial_lr: 0.1
    lr: 1.0
    momentum: 0.0
    nesterov: False
    weight_decay: 0

Parameter Group 1
    dampening: 0
    initial_lr: 0.1
    lr: 1.0
    momentum: 0.0
    nesterov: False
    weight_decay: 0

Parameter Group 2
    dampening: 0
    initial_lr: 0.1
    lr: 1.0
    momentum: 0.0
    nesterov: False
    weight_decay: 0

Parameter Group 3
    dampening: 0
    initial_lr: 0.0001
    lr: 0.001
    momentum: 0.0
    nesterov: False
    weight_decay: 0
)
2019-01-18 14:49:24,023 *** Initial Checkpoint. Computing Stats
2019-01-18 14:49:24,023 	 Computing Major Stats lazily... 
2019-01-18 14:49:24,024 		 Completed edges=42 good=42 bad=0
2019-01-18 14:49:24,025 Distortion avg=0.9971852852563587 wc=3.8749690579845546 me=0.005628252251848828 mc=688.4853209469536 nan_elements=0
2019-01-18 14:49:24,025 MAP = 0.3895238095238095
2019-01-18 14:49:24,026 scale=[array([1.])]
2019-01-18 14:49:24,026 *** End Initial Checkpoint

2019-01-18 14:49:24,082 1 loss=0.994380224528927
2019-01-18 14:49:24,083 2 loss=0.5604815933061318
2019-01-18 14:49:24,083 3 loss=0.38393074231492375
2019-01-18 14:49:24,084 4 loss=0.29739261797978234
2019-01-18 14:49:24,084 5 loss=0.24265274082224544
2019-01-18 14:49:24,085 6 loss=0.20318314178597655
2019-01-18 14:49:24,085 7 loss=0.17299548310515725
2019-01-18 14:49:24,086 8 loss=0.14921930712706327
2019-01-18 14:49:24,086 9 loss=0.13014651827922968
2019-01-18 14:49:24,087 10 loss=0.11462013248847679
2019-01-18 14:49:24,087 
*** Major Checkpoint. Computing Stats and Saving
2019-01-18 14:49:24,087 	 Computing Major Stats lazily... 
2019-01-18 14:49:24,087 		 Completed edges=42 good=42 bad=0
2019-01-18 14:49:24,088 Distortion avg=0.2890673095351349 wc=3.0475524058839505 me=1.2655776879009837 mc=2.4080326597243116 nan_elements=0
2019-01-18 14:49:24,088 MAP = 0.8704761904761904
2019-01-18 14:49:24,089 scale=[array([1.])]
2019-01-18 14:49:24,089 *** End Major Checkpoint

2019-01-18 14:49:24,089 11 loss=0.1018056992212509
2019-01-18 14:49:24,090 12 loss=0.09108736302292435
2019-01-18 14:49:24,090 13 loss=0.08200881106560731
2019-01-18 14:49:24,090 14 loss=0.07423256281920547
2019-01-18 14:49:24,091 15 loss=0.06750888496169377
2019-01-18 14:49:24,091 16 loss=0.06165158867357472
2019-01-18 14:49:24,092 17 loss=0.05651963610415175
2019-01-18 14:49:24,092 18 loss=0.0520037070039681
2019-01-18 14:49:24,093 19 loss=0.04801678288656063
2019-01-18 14:49:24,093 20 loss=0.04448777501111412
2019-01-18 14:49:24,093 
*** Major Checkpoint. Computing Stats and Saving
2019-01-18 14:49:24,093 	 Computing Major Stats lazily... 
2019-01-18 14:49:24,094 		 Completed edges=42 good=42 bad=0
2019-01-18 14:49:24,095 Distortion avg=0.17870161432223883 wc=2.036162715397453 me=1.2082326073244793 mc=1.685240659003856 nan_elements=0
2019-01-18 14:49:24,095 MAP = 1.0
2019-01-18 14:49:24,095 scale=[array([1.])]
2019-01-18 14:49:24,095 *** End Major Checkpoint

2019-01-18 14:49:24,096 21 loss=0.04135731517711917
2019-01-18 14:49:24,096 22 loss=0.03857499791219005
2019-01-18 14:49:24,097 23 loss=0.036097550174742685
2019-01-18 14:49:24,097 24 loss=0.033887571405484984
2019-01-18 14:49:24,098 25 loss=0.03191261635903661
2019-01-18 14:49:24,098 26 loss=0.030144484470399
2019-01-18 14:49:24,099 27 loss=0.028558638801342025
2019-01-18 14:49:24,099 28 loss=0.02713371326307582
2019-01-18 14:49:24,099 29 loss=0.025851086604986494
2019-01-18 14:49:24,100 30 loss=0.024694511687651688
2019-01-18 14:49:24,100 
*** Major Checkpoint. Computing Stats and Saving
2019-01-18 14:49:24,100 	 Computing Major Stats lazily... 
2019-01-18 14:49:24,100 		 Completed edges=42 good=42 bad=0
2019-01-18 14:49:24,102 Distortion avg=0.13615664723938414 wc=1.6607782802421842 me=1.173709815988901 mc=1.4149820148201684 nan_elements=0
2019-01-18 14:49:24,102 MAP = 1.0
2019-01-18 14:49:24,102 scale=[array([1.])]
2019-01-18 14:49:24,102 *** End Major Checkpoint

2019-01-18 14:49:24,102 31 loss=0.023649793087223068
2019-01-18 14:49:24,103 32 loss=0.02270450782722476
2019-01-18 14:49:24,103 33 loss=0.021847764582532993
2019-01-18 14:49:24,104 34 loss=0.0210699968704573
2019-01-18 14:49:24,104 35 loss=0.02036278589962864
2019-01-18 14:49:24,105 36 loss=0.019718709005130793
2019-01-18 14:49:24,105 37 loss=0.019131209958421814
2019-01-18 14:49:24,106 38 loss=0.018594487862325752
2019-01-18 14:49:24,106 39 loss=0.0181034017797664
2019-01-18 14:49:24,107 40 loss=0.01765338866548285
2019-01-18 14:49:24,107 
*** Major Checkpoint. Computing Stats and Saving
2019-01-18 14:49:24,107 	 Computing Major Stats lazily... 
2019-01-18 14:49:24,107 		 Completed edges=42 good=42 bad=0
2019-01-18 14:49:24,108 Distortion avg=0.11723420204696587 wc=1.5074342719393328 me=1.1715660830415697 mc=1.2866830934758682 nan_elements=0
2019-01-18 14:49:24,108 MAP = 1.0
2019-01-18 14:49:24,109 scale=[array([1.])]
2019-01-18 14:49:24,109 *** End Major Checkpoint

2019-01-18 14:49:24,109 41 loss=0.017240392551738433
2019-01-18 14:49:24,109 42 loss=0.016860803272543568
2019-01-18 14:49:24,110 43 loss=0.016511403294688393
2019-01-18 14:49:24,110 44 loss=0.01618932146119099
2019-01-18 14:49:24,111 45 loss=0.015891992649143198
2019-01-18 14:49:24,111 46 loss=0.015617122505576654
2019-01-18 14:49:24,112 47 loss=0.015362656557826385
2019-01-18 14:49:24,112 48 loss=0.015126753104199687
2019-01-18 14:49:24,113 49 loss=0.01490775938100834
2019-01-18 14:49:24,113 50 loss=0.01470419057682858
2019-01-18 14:49:24,113 
*** Major Checkpoint. Computing Stats and Saving
2019-01-18 14:49:24,113 	 Computing Major Stats lazily... 
2019-01-18 14:49:24,114 		 Completed edges=42 good=42 bad=0
2019-01-18 14:49:24,115 Distortion avg=0.10934388061096338 wc=1.4243560437372962 me=1.1694105182795504 mc=1.21801199961227 nan_elements=0
2019-01-18 14:49:24,115 MAP = 1.0
2019-01-18 14:49:24,115 scale=[array([1.])]
2019-01-18 14:49:24,115 *** End Major Checkpoint

2019-01-18 14:49:24,115 final loss=0.01470419057682858
2019-01-18 14:49:24,115 best loss=0.01470419057682858, distortion=0.10934388061096338, map=1.0, wc_dist=1.4243560437372962
2019-01-18 14:49:24,115 	 Computing Major Stats lazily... 
2019-01-18 14:49:24,116 		 Completed edges=42 good=42 bad=0
2019-01-18 14:49:24,117 Distortion avg=0.10934388061096335 wc=1.4243560437372962 me=1.1694105182795504 mc=1.21801199961227 nan_elements=0
2019-01-18 14:49:24,117 MAP = 1.0
2019-01-18 14:49:24,117 scale=[array([1.])]
