2019-01-18 14:49:59,318 Commandline ['pytorch/pytorch_hyperbolic.py', 'learn', 'data/edges/parsing/ewt/ewt_dev/1450.edges', '--dim', '0', '--hyp', '0', '--edim', '10', '--euc', '1', '--sdim', '0', '--sph', '0', '--log-name', 'ewt_devr2/1450.edges.E10-1.lr1.log', '--batch-size', '65536', '--epochs', '50', '--checkpoint-freq', '10', '-g', '--subsample', '1024', '--learning-rate', '1']
2019-01-18 14:49:59,318 No Model Save selected!
2019-01-18 14:49:59,320 Loaded Graph data/edges/parsing/ewt/ewt_dev/1450.edges with 4 nodes scale=1.0
2019-01-18 14:49:59,320 Building dataset
2019-01-18 14:49:59,320 Subsample: 4 points with scale 1.0 subsample=3
2019-01-18 14:49:59,323 Built Data Sampler
2019-01-18 14:49:59,323 Creating a fresh model warm_start?=None
2019-01-18 14:49:59,323 	 Warmstarting? None None 4
2019-01-18 14:49:59,324 Embedding() torch.Size([4, 10])
2019-01-18 14:49:59,324 relative No Rescale
2019-01-18 14:49:59,324 Constructed model with dim=0 and epochs=0 isnan=False
2019-01-18 14:49:59,324 SGD (
Parameter Group 0
    dampening: 0
    initial_lr: 0.1
    lr: 1.0
    momentum: 0.0
    nesterov: False
    weight_decay: 0

Parameter Group 1
    dampening: 0
    initial_lr: 0.1
    lr: 1.0
    momentum: 0.0
    nesterov: False
    weight_decay: 0

Parameter Group 2
    dampening: 0
    initial_lr: 0.1
    lr: 1.0
    momentum: 0.0
    nesterov: False
    weight_decay: 0

Parameter Group 3
    dampening: 0
    initial_lr: 0.0001
    lr: 0.001
    momentum: 0.0
    nesterov: False
    weight_decay: 0
)
2019-01-18 14:49:59,324 *** Initial Checkpoint. Computing Stats
2019-01-18 14:49:59,324 	 Computing Major Stats lazily... 
2019-01-18 14:49:59,325 		 Completed edges=12 good=12 bad=0
2019-01-18 14:49:59,326 Distortion avg=0.9968269001602653 wc=4.364565737859869 me=0.005628252251848828 mc=775.4744355010297 nan_elements=0
2019-01-18 14:49:59,326 MAP = 0.6875
2019-01-18 14:49:59,326 scale=[array([1.])]
2019-01-18 14:49:59,326 *** End Initial Checkpoint

2019-01-18 14:49:59,384 1 loss=0.9936662679901981
2019-01-18 14:49:59,385 2 loss=0.2339343627728302
2019-01-18 14:49:59,385 3 loss=0.1807676486233216
2019-01-18 14:49:59,385 4 loss=0.13805420321174394
2019-01-18 14:49:59,386 5 loss=0.10631110747006013
2019-01-18 14:49:59,386 6 loss=0.08255671688743556
2019-01-18 14:49:59,387 7 loss=0.06433429311144191
2019-01-18 14:49:59,387 8 loss=0.05034622792300796
2019-01-18 14:49:59,388 9 loss=0.0397044840004404
2019-01-18 14:49:59,388 10 loss=0.03163482619095493
2019-01-18 14:49:59,388 
*** Major Checkpoint. Computing Stats and Saving
2019-01-18 14:49:59,388 	 Computing Major Stats lazily... 
2019-01-18 14:49:59,388 		 Completed edges=12 good=12 bad=0
2019-01-18 14:49:59,389 Distortion avg=0.1383161169883216 wc=1.551142427792335 me=1.0826108985699583 mc=1.4327792467647138 nan_elements=0
2019-01-18 14:49:59,389 MAP = 1.0
2019-01-18 14:49:59,390 scale=[array([1.])]
2019-01-18 14:49:59,390 *** End Major Checkpoint

2019-01-18 14:49:59,390 11 loss=0.025492654857087765
2019-01-18 14:49:59,390 12 loss=0.020781791118348502
2019-01-18 14:49:59,391 13 loss=0.017134539822635533
2019-01-18 14:49:59,391 14 loss=0.014281777306602165
2019-01-18 14:49:59,392 15 loss=0.012026904080947552
2019-01-18 14:49:59,392 16 loss=0.010225899969774438
2019-01-18 14:49:59,393 17 loss=0.008772680505010769
2019-01-18 14:49:59,393 18 loss=0.007588540979880271
2019-01-18 14:49:59,394 19 loss=0.006614609379267761
2019-01-18 14:49:59,394 20 loss=0.0058064619855459675
2019-01-18 14:49:59,394 
*** Major Checkpoint. Computing Stats and Saving
2019-01-18 14:49:59,394 	 Computing Major Stats lazily... 
2019-01-18 14:49:59,394 		 Completed edges=12 good=12 bad=0
2019-01-18 14:49:59,395 Distortion avg=0.062181611526823354 wc=1.226345921620697 me=1.0530192730879369 mc=1.1645996924866215 nan_elements=0
2019-01-18 14:49:59,395 MAP = 1.0
2019-01-18 14:49:59,395 scale=[array([1.])]
2019-01-18 14:49:59,395 *** End Major Checkpoint

2019-01-18 14:49:59,396 21 loss=0.005130275045615613
2019-01-18 14:49:59,396 22 loss=0.004560062449624662
2019-01-18 14:49:59,397 23 loss=0.004075681234056327
2019-01-18 14:49:59,397 24 loss=0.0036613815294402295
2019-01-18 14:49:59,398 25 loss=0.0033047444081613277
2019-01-18 14:49:59,398 26 loss=0.0029958977557829405
2019-01-18 14:49:59,398 27 loss=0.002726932760163166
2019-01-18 14:49:59,399 28 loss=0.0024914662098556683
2019-01-18 14:49:59,399 29 loss=0.0022843095602953253
2019-01-18 14:49:59,400 30 loss=0.002101216773883584
2019-01-18 14:49:59,400 
*** Major Checkpoint. Computing Stats and Saving
2019-01-18 14:49:59,400 	 Computing Major Stats lazily... 
2019-01-18 14:49:59,400 		 Completed edges=12 good=12 bad=0
2019-01-18 14:49:59,401 Distortion avg=0.03776159820846576 wc=1.134835884971993 me=1.0357742613813967 mc=1.0956401672488747 nan_elements=0
2019-01-18 14:49:59,401 MAP = 1.0
2019-01-18 14:49:59,401 scale=[array([1.])]
2019-01-18 14:49:59,401 *** End Major Checkpoint

2019-01-18 14:49:59,402 31 loss=0.0019386907217642255
2019-01-18 14:49:59,402 32 loss=0.0017938334491013018
2019-01-18 14:49:59,403 33 loss=0.0016642295380182885
2019-01-18 14:49:59,403 34 loss=0.00154785462557257
2019-01-18 14:49:59,404 35 loss=0.0014430031749833093
2019-01-18 14:49:59,404 36 loss=0.0013482310838333889
2019-01-18 14:49:59,404 37 loss=0.0012623098017181945
2019-01-18 14:49:59,405 38 loss=0.001184189433244979
2019-01-18 14:49:59,405 39 loss=0.0011129688991662603
2019-01-18 14:49:59,406 40 loss=0.0010478716747946376
2019-01-18 14:49:59,406 
*** Major Checkpoint. Computing Stats and Saving
2019-01-18 14:49:59,406 	 Computing Major Stats lazily... 
2019-01-18 14:49:59,406 		 Completed edges=12 good=12 bad=0
2019-01-18 14:49:59,407 Distortion avg=0.026676491685903695 wc=1.0947016843045365 me=1.0264514221928658 mc=1.0664914682137259 nan_elements=0
2019-01-18 14:49:59,407 MAP = 1.0
2019-01-18 14:49:59,407 scale=[array([1.])]
2019-01-18 14:49:59,407 *** End Major Checkpoint

2019-01-18 14:49:59,408 41 loss=0.0009882259608064393
2019-01-18 14:49:59,408 42 loss=0.000933448395999357
2019-01-18 14:49:59,409 43 loss=0.0008830306154766744
2019-01-18 14:49:59,409 44 loss=0.0008365281063758105
2019-01-18 14:49:59,409 45 loss=0.000793550927864247
2019-01-18 14:49:59,410 46 loss=0.0007537559509804573
2019-01-18 14:49:59,410 47 loss=0.0007168403431598375
2019-01-18 14:49:59,411 48 loss=0.0006825360765585721
2019-01-18 14:49:59,411 49 loss=0.0006506052820310647
2019-01-18 14:49:59,412 50 loss=0.0006208363044433987
2019-01-18 14:49:59,412 
*** Major Checkpoint. Computing Stats and Saving
2019-01-18 14:49:59,412 	 Computing Major Stats lazily... 
2019-01-18 14:49:59,412 		 Completed edges=12 good=12 bad=0
2019-01-18 14:49:59,413 Distortion avg=0.02050513944294136 wc=1.0726302813724986 me=1.0208318733522816 mc=1.0507413702220303 nan_elements=0
2019-01-18 14:49:59,413 MAP = 1.0
2019-01-18 14:49:59,413 scale=[array([1.])]
2019-01-18 14:49:59,413 *** End Major Checkpoint

2019-01-18 14:49:59,413 final loss=0.0006208363044433987
2019-01-18 14:49:59,413 best loss=0.0006208363044433987, distortion=0.02050513944294136, map=1.0, wc_dist=1.0726302813724986
2019-01-18 14:49:59,413 	 Computing Major Stats lazily... 
2019-01-18 14:49:59,413 		 Completed edges=12 good=12 bad=0
2019-01-18 14:49:59,414 Distortion avg=0.02050513944294136 wc=1.0726302813724986 me=1.0208318733522816 mc=1.0507413702220303 nan_elements=0
2019-01-18 14:49:59,414 MAP = 1.0
2019-01-18 14:49:59,414 scale=[array([1.])]
