2019-01-18 14:45:16,203 Commandline ['pytorch/pytorch_hyperbolic.py', 'learn', 'data/edges/parsing/ewt/ewt_dev/1454.edges', '--dim', '0', '--hyp', '0', '--edim', '10', '--euc', '1', '--sdim', '0', '--sph', '0', '--log-name', 'ewt_devr2/1454.edges.E10-1.lr1.log', '--batch-size', '65536', '--epochs', '50', '--checkpoint-freq', '10', '-g', '--subsample', '1024', '--learning-rate', '1']
2019-01-18 14:45:16,203 No Model Save selected!
2019-01-18 14:45:16,205 Loaded Graph data/edges/parsing/ewt/ewt_dev/1454.edges with 5 nodes scale=1.0
2019-01-18 14:45:16,205 Building dataset
2019-01-18 14:45:16,206 Subsample: 5 points with scale 1.0 subsample=4
2019-01-18 14:45:16,209 Built Data Sampler
2019-01-18 14:45:16,210 Creating a fresh model warm_start?=None
2019-01-18 14:45:16,210 	 Warmstarting? None None 5
2019-01-18 14:45:16,210 Embedding() torch.Size([5, 10])
2019-01-18 14:45:16,210 relative No Rescale
2019-01-18 14:45:16,210 Constructed model with dim=0 and epochs=0 isnan=False
2019-01-18 14:45:16,211 SGD (
Parameter Group 0
    dampening: 0
    initial_lr: 0.1
    lr: 1.0
    momentum: 0.0
    nesterov: False
    weight_decay: 0

Parameter Group 1
    dampening: 0
    initial_lr: 0.1
    lr: 1.0
    momentum: 0.0
    nesterov: False
    weight_decay: 0

Parameter Group 2
    dampening: 0
    initial_lr: 0.1
    lr: 1.0
    momentum: 0.0
    nesterov: False
    weight_decay: 0

Parameter Group 3
    dampening: 0
    initial_lr: 0.0001
    lr: 0.001
    momentum: 0.0
    nesterov: False
    weight_decay: 0
)
2019-01-18 14:45:16,211 *** Initial Checkpoint. Computing Stats
2019-01-18 14:45:16,211 	 Computing Major Stats lazily... 
2019-01-18 14:45:16,211 		 Completed edges=20 good=20 bad=0
2019-01-18 14:45:16,212 Distortion avg=0.9968641367264157 wc=3.578330819117069 me=0.006118754961534416 mc=584.813551386232 nan_elements=0
2019-01-18 14:45:16,213 MAP = 0.4499999999999999
2019-01-18 14:45:16,213 scale=[array([1.])]
2019-01-18 14:45:16,213 *** End Initial Checkpoint

2019-01-18 14:45:16,271 1 loss=0.9937407836615477
2019-01-18 14:45:16,271 2 loss=0.3502548698552255
2019-01-18 14:45:16,272 3 loss=0.25353207373624115
2019-01-18 14:45:16,272 4 loss=0.20591320177100444
2019-01-18 14:45:16,273 5 loss=0.17025641348274873
2019-01-18 14:45:16,273 6 loss=0.14263678780090766
2019-01-18 14:45:16,274 7 loss=0.1208931219157271
2019-01-18 14:45:16,274 8 loss=0.10328119928353267
2019-01-18 14:45:16,275 9 loss=0.08861055684984263
2019-01-18 14:45:16,275 10 loss=0.07618621718219613
2019-01-18 14:45:16,275 
*** Major Checkpoint. Computing Stats and Saving
2019-01-18 14:45:16,275 	 Computing Major Stats lazily... 
2019-01-18 14:45:16,276 		 Completed edges=20 good=20 bad=0
2019-01-18 14:45:16,277 Distortion avg=0.22615585569882093 wc=2.091214103430073 me=1.183783181347913 mc=1.7665516256523557 nan_elements=0
2019-01-18 14:45:16,277 MAP = 1.0
2019-01-18 14:45:16,277 scale=[array([1.])]
2019-01-18 14:45:16,277 *** End Major Checkpoint

2019-01-18 14:45:16,278 11 loss=0.0656179456707344
2019-01-18 14:45:16,278 12 loss=0.05665082020978539
2019-01-18 14:45:16,279 13 loss=0.04907330669951053
2019-01-18 14:45:16,279 14 loss=0.042687776991581994
2019-01-18 14:45:16,280 15 loss=0.03731028394499363
2019-01-18 14:45:16,280 16 loss=0.03277664828739134
2019-01-18 14:45:16,281 17 loss=0.02894585442408547
2019-01-18 14:45:16,281 18 loss=0.02569976626183416
2019-01-18 14:45:16,282 19 loss=0.022940687270930515
2019-01-18 14:45:16,282 20 loss=0.020588223501681515
2019-01-18 14:45:16,282 
*** Major Checkpoint. Computing Stats and Saving
2019-01-18 14:45:16,282 	 Computing Major Stats lazily... 
2019-01-18 14:45:16,283 		 Completed edges=20 good=20 bad=0
2019-01-18 14:45:16,283 Distortion avg=0.1213187788655519 wc=1.4592658775325396 me=1.1123265418943251 mc=1.3119042138897148 nan_elements=0
2019-01-18 14:45:16,283 MAP = 1.0
2019-01-18 14:45:16,284 scale=[array([1.])]
2019-01-18 14:45:16,284 *** End Major Checkpoint

2019-01-18 14:45:16,284 21 loss=0.01857625234264542
2019-01-18 14:45:16,285 22 loss=0.01685029778956481
2019-01-18 14:45:16,285 23 loss=0.015365359976336914
2019-01-18 14:45:16,286 24 loss=0.014084152632392887
2019-01-18 14:45:16,286 25 loss=0.01297568051896493
2019-01-18 14:45:16,286 26 loss=0.012014092728073408
2019-01-18 14:45:16,287 27 loss=0.011177757753588655
2019-01-18 14:45:16,287 28 loss=0.010448516267397638
2019-01-18 14:45:16,288 29 loss=0.009811076114190218
2019-01-18 14:45:16,288 30 loss=0.009252521097784239
2019-01-18 14:45:16,288 
*** Major Checkpoint. Computing Stats and Saving
2019-01-18 14:45:16,288 	 Computing Major Stats lazily... 
2019-01-18 14:45:16,289 		 Completed edges=20 good=20 bad=0
2019-01-18 14:45:16,290 Distortion avg=0.08574326904439382 wc=1.2922984649187463 me=1.0978631208733967 mc=1.1771034479149534 nan_elements=0
2019-01-18 14:45:16,290 MAP = 1.0
2019-01-18 14:45:16,290 scale=[array([1.])]
2019-01-18 14:45:16,290 *** End Major Checkpoint

2019-01-18 14:45:16,291 31 loss=0.00876191087076919
2019-01-18 14:45:16,291 32 loss=0.008329953871721155
2019-01-18 14:45:16,291 33 loss=0.007948738967911753
2019-01-18 14:45:16,292 34 loss=0.00761151441904097
2019-01-18 14:45:16,292 35 loss=0.007312505120252008
2019-01-18 14:45:16,293 36 loss=0.007046760931312311
2019-01-18 14:45:16,293 37 loss=0.006810030354528519
2019-01-18 14:45:16,294 38 loss=0.006598654969667571
2019-01-18 14:45:16,294 39 loss=0.0064094809367065434
2019-01-18 14:45:16,294 40 loss=0.006239784589706629
2019-01-18 14:45:16,295 
*** Major Checkpoint. Computing Stats and Saving
2019-01-18 14:45:16,295 	 Computing Major Stats lazily... 
2019-01-18 14:45:16,295 		 Completed edges=20 good=20 bad=0
2019-01-18 14:45:16,296 Distortion avg=0.07160178494577357 wc=1.2232426092193134 me=1.0877383457641259 mc=1.1245743187990647 nan_elements=0
2019-01-18 14:45:16,296 MAP = 1.0
2019-01-18 14:45:16,296 scale=[array([1.])]
2019-01-18 14:45:16,296 *** End Major Checkpoint

2019-01-18 14:45:16,297 41 loss=0.006087209709222747
2019-01-18 14:45:16,297 42 loss=0.005949714508974625
2019-01-18 14:45:16,297 43 loss=0.005825526730306781
2019-01-18 14:45:16,298 44 loss=0.005713105524842537
2019-01-18 14:45:16,298 45 loss=0.0056111090368569615
2019-01-18 14:45:16,299 46 loss=0.005518366784000805
2019-01-18 14:45:16,299 47 loss=0.005433856087216525
2019-01-18 14:45:16,300 48 loss=0.005356681925089523
2019-01-18 14:45:16,300 49 loss=0.005286059690010729
2019-01-18 14:45:16,300 50 loss=0.005221300407732677
2019-01-18 14:45:16,301 
*** Major Checkpoint. Computing Stats and Saving
2019-01-18 14:45:16,301 	 Computing Major Stats lazily... 
2019-01-18 14:45:16,301 		 Completed edges=20 good=20 bad=0
2019-01-18 14:45:16,302 Distortion avg=0.06737107650773777 wc=1.191013826972174 me=1.0825353066134393 mc=1.1002078358978373 nan_elements=0
2019-01-18 14:45:16,302 MAP = 1.0
2019-01-18 14:45:16,302 scale=[array([1.])]
2019-01-18 14:45:16,302 *** End Major Checkpoint

2019-01-18 14:45:16,302 final loss=0.005221300407732677
2019-01-18 14:45:16,302 best loss=0.005221300407732677, distortion=0.06737107650773777, map=1.0, wc_dist=1.191013826972174
2019-01-18 14:45:16,302 	 Computing Major Stats lazily... 
2019-01-18 14:45:16,303 		 Completed edges=20 good=20 bad=0
2019-01-18 14:45:16,303 Distortion avg=0.06737107650773778 wc=1.191013826972174 me=1.0825353066134393 mc=1.1002078358978373 nan_elements=0
2019-01-18 14:45:16,304 MAP = 1.0
2019-01-18 14:45:16,304 scale=[array([1.])]
