2019-01-18 14:54:35,009 Commandline ['pytorch/pytorch_hyperbolic.py', 'learn', 'data/edges/parsing/ewt/ewt_dev/1458.edges', '--dim', '0', '--hyp', '0', '--edim', '10', '--euc', '1', '--sdim', '0', '--sph', '0', '--log-name', 'ewt_devr2/1458.edges.E10-1.lr1.log', '--batch-size', '65536', '--epochs', '50', '--checkpoint-freq', '10', '-g', '--subsample', '1024', '--learning-rate', '1']
2019-01-18 14:54:35,009 No Model Save selected!
2019-01-18 14:54:35,011 Loaded Graph data/edges/parsing/ewt/ewt_dev/1458.edges with 5 nodes scale=1.0
2019-01-18 14:54:35,011 Building dataset
2019-01-18 14:54:35,012 Subsample: 5 points with scale 1.0 subsample=4
2019-01-18 14:54:35,015 Built Data Sampler
2019-01-18 14:54:35,015 Creating a fresh model warm_start?=None
2019-01-18 14:54:35,015 	 Warmstarting? None None 5
2019-01-18 14:54:35,016 Embedding() torch.Size([5, 10])
2019-01-18 14:54:35,016 relative No Rescale
2019-01-18 14:54:35,016 Constructed model with dim=0 and epochs=0 isnan=False
2019-01-18 14:54:35,016 SGD (
Parameter Group 0
    dampening: 0
    initial_lr: 0.1
    lr: 1.0
    momentum: 0.0
    nesterov: False
    weight_decay: 0

Parameter Group 1
    dampening: 0
    initial_lr: 0.1
    lr: 1.0
    momentum: 0.0
    nesterov: False
    weight_decay: 0

Parameter Group 2
    dampening: 0
    initial_lr: 0.1
    lr: 1.0
    momentum: 0.0
    nesterov: False
    weight_decay: 0

Parameter Group 3
    dampening: 0
    initial_lr: 0.0001
    lr: 0.001
    momentum: 0.0
    nesterov: False
    weight_decay: 0
)
2019-01-18 14:54:35,017 *** Initial Checkpoint. Computing Stats
2019-01-18 14:54:35,017 	 Computing Major Stats lazily... 
2019-01-18 14:54:35,017 		 Completed edges=20 good=20 bad=0
2019-01-18 14:54:35,018 Distortion avg=0.996888193681215 wc=4.7900427106326955 me=0.005628252251848828 mc=851.0710778926463 nan_elements=0
2019-01-18 14:54:35,018 MAP = 0.4777777777777777
2019-01-18 14:54:35,019 scale=[array([1.])]
2019-01-18 14:54:35,019 *** End Initial Checkpoint

2019-01-18 14:54:35,075 1 loss=0.9937883375237689
2019-01-18 14:54:35,075 2 loss=0.3504264268182566
2019-01-18 14:54:35,076 3 loss=0.2480168754038476
2019-01-18 14:54:35,076 4 loss=0.19943389426559932
2019-01-18 14:54:35,077 5 loss=0.16272865801281136
2019-01-18 14:54:35,077 6 loss=0.13387183017820897
2019-01-18 14:54:35,078 7 loss=0.11105342640564086
2019-01-18 14:54:35,078 8 loss=0.09279649129941057
2019-01-18 14:54:35,078 9 loss=0.07799204797276951
2019-01-18 14:54:35,079 10 loss=0.06587865323493293
2019-01-18 14:54:35,079 
*** Major Checkpoint. Computing Stats and Saving
2019-01-18 14:54:35,079 	 Computing Major Stats lazily... 
2019-01-18 14:54:35,079 		 Completed edges=20 good=20 bad=0
2019-01-18 14:54:35,080 Distortion avg=0.211509245903798 wc=1.9370374310018443 me=1.1407579980702722 mc=1.6980266053611488 nan_elements=0
2019-01-18 14:54:35,080 MAP = 1.0
2019-01-18 14:54:35,081 scale=[array([1.])]
2019-01-18 14:54:35,081 *** End Major Checkpoint

2019-01-18 14:54:35,081 11 loss=0.05593087799906812
2019-01-18 14:54:35,082 12 loss=0.047755878012593886
2019-01-18 14:54:35,082 13 loss=0.041035363019106236
2019-01-18 14:54:35,082 14 loss=0.03550267217142346
2019-01-18 14:54:35,083 15 loss=0.030935172849448238
2019-01-18 14:54:35,083 16 loss=0.027149951584302008
2019-01-18 14:54:35,084 17 loss=0.023998898261343653
2019-01-18 14:54:35,084 18 loss=0.021363135824328548
2019-01-18 14:54:35,085 19 loss=0.019147583947647234
2019-01-18 14:54:35,085 20 loss=0.017276186372559146
2019-01-18 14:54:35,085 
*** Major Checkpoint. Computing Stats and Saving
2019-01-18 14:54:35,085 	 Computing Major Stats lazily... 
2019-01-18 14:54:35,085 		 Completed edges=20 good=20 bad=0
2019-01-18 14:54:35,086 Distortion avg=0.11424671987669824 wc=1.4304162690039148 me=1.1102861752371094 mc=1.2883311536311253 nan_elements=0
2019-01-18 14:54:35,086 MAP = 1.0
2019-01-18 14:54:35,087 scale=[array([1.])]
2019-01-18 14:54:35,087 *** End Major Checkpoint

2019-01-18 14:54:35,087 21 loss=0.01568796736703692
2019-01-18 14:54:35,088 22 loss=0.014333873532837525
2019-01-18 14:54:35,088 23 loss=0.013174281156760281
2019-01-18 14:54:35,088 24 loss=0.012177040531071978
2019-01-18 14:54:35,089 25 loss=0.011315944213835666
2019-01-18 14:54:35,089 26 loss=0.010569526826342001
2019-01-18 14:54:35,090 27 loss=0.0099201230499333
2019-01-18 14:54:35,090 28 loss=0.009353126382886236
2019-01-18 14:54:35,091 29 loss=0.008856403977927741
2019-01-18 14:54:35,091 30 loss=0.008419832945387852
2019-01-18 14:54:35,091 
*** Major Checkpoint. Computing Stats and Saving
2019-01-18 14:54:35,091 	 Computing Major Stats lazily... 
2019-01-18 14:54:35,091 		 Completed edges=20 good=20 bad=0
2019-01-18 14:54:35,092 Distortion avg=0.08273557506631915 wc=1.2839581144650059 me=1.095716746853783 mc=1.1717974724323006 nan_elements=0
2019-01-18 14:54:35,092 MAP = 1.0
2019-01-18 14:54:35,093 scale=[array([1.])]
2019-01-18 14:54:35,093 *** End Major Checkpoint

2019-01-18 14:54:35,093 31 loss=0.008034931365567922
2019-01-18 14:54:35,093 32 loss=0.007694563347559957
2019-01-18 14:54:35,094 33 loss=0.007392702173566022
2019-01-18 14:54:35,094 34 loss=0.0071242391838509805
2019-01-18 14:54:35,095 35 loss=0.0068848288336685135
2019-01-18 14:54:35,095 36 loss=0.006670762483991241
2019-01-18 14:54:35,096 37 loss=0.006478865123986002
2019-01-18 14:54:35,096 38 loss=0.006306410481693897
2019-01-18 14:54:35,097 39 loss=0.006151050949783921
2019-01-18 14:54:35,097 40 loss=0.006010759503784784
2019-01-18 14:54:35,097 
*** Major Checkpoint. Computing Stats and Saving
2019-01-18 14:54:35,097 	 Computing Major Stats lazily... 
2019-01-18 14:54:35,098 		 Completed edges=20 good=20 bad=0
2019-01-18 14:54:35,099 Distortion avg=0.0706452861707141 wc=1.222291586816377 me=1.0864226942853727 mc=1.1250608011464416 nan_elements=0
2019-01-18 14:54:35,099 MAP = 1.0
2019-01-18 14:54:35,099 scale=[array([1.])]
2019-01-18 14:54:35,100 *** End Major Checkpoint

2019-01-18 14:54:35,100 41 loss=0.00588378137273617
2019-01-18 14:54:35,100 42 loss=0.005768593676121776
2019-01-18 14:54:35,101 43 loss=0.0056638715961457135
2019-01-18 14:54:35,101 44 loss=0.005568459933595927
2019-01-18 14:54:35,102 45 loss=0.00548134911597948
2019-01-18 14:54:35,102 46 loss=0.005401654901485756
2019-01-18 14:54:35,103 47 loss=0.005328601161704741
2019-01-18 14:54:35,103 48 loss=0.005261505237623972
2019-01-18 14:54:35,103 49 loss=0.0051997654531932905
2019-01-18 14:54:35,104 50 loss=0.005142850443277304
2019-01-18 14:54:35,104 
*** Major Checkpoint. Computing Stats and Saving
2019-01-18 14:54:35,104 	 Computing Major Stats lazily... 
2019-01-18 14:54:35,104 		 Completed edges=20 good=20 bad=0
2019-01-18 14:54:35,105 Distortion avg=0.06690398690176778 wc=1.193501935975749 me=1.0826587238513359 mc=1.1023805652533896 nan_elements=0
2019-01-18 14:54:35,105 MAP = 1.0
2019-01-18 14:54:35,105 scale=[array([1.])]
2019-01-18 14:54:35,105 *** End Major Checkpoint

2019-01-18 14:54:35,105 final loss=0.005142850443277304
2019-01-18 14:54:35,106 best loss=0.005142850443277304, distortion=0.06690398690176778, map=1.0, wc_dist=1.193501935975749
2019-01-18 14:54:35,106 	 Computing Major Stats lazily... 
2019-01-18 14:54:35,106 		 Completed edges=20 good=20 bad=0
2019-01-18 14:54:35,107 Distortion avg=0.06690398690176777 wc=1.193501935975749 me=1.0826587238513359 mc=1.1023805652533896 nan_elements=0
2019-01-18 14:54:35,107 MAP = 1.0
2019-01-18 14:54:35,107 scale=[array([1.])]
