2019-01-18 14:47:47,010 Commandline ['pytorch/pytorch_hyperbolic.py', 'learn', 'data/edges/parsing/ewt/ewt_dev/1467.edges', '--dim', '0', '--hyp', '0', '--edim', '10', '--euc', '1', '--sdim', '0', '--sph', '0', '--log-name', 'ewt_devr2/1467.edges.E10-1.lr1.log', '--batch-size', '65536', '--epochs', '50', '--checkpoint-freq', '10', '-g', '--subsample', '1024', '--learning-rate', '1']
2019-01-18 14:47:47,010 No Model Save selected!
2019-01-18 14:47:47,012 Loaded Graph data/edges/parsing/ewt/ewt_dev/1467.edges with 7 nodes scale=1.0
2019-01-18 14:47:47,012 Building dataset
2019-01-18 14:47:47,012 Subsample: 7 points with scale 1.0 subsample=6
2019-01-18 14:47:47,017 Built Data Sampler
2019-01-18 14:47:47,018 Creating a fresh model warm_start?=None
2019-01-18 14:47:47,018 	 Warmstarting? None None 7
2019-01-18 14:47:47,018 Embedding() torch.Size([7, 10])
2019-01-18 14:47:47,018 relative No Rescale
2019-01-18 14:47:47,018 Constructed model with dim=0 and epochs=0 isnan=False
2019-01-18 14:47:47,019 SGD (
Parameter Group 0
    dampening: 0
    initial_lr: 0.1
    lr: 1.0
    momentum: 0.0
    nesterov: False
    weight_decay: 0

Parameter Group 1
    dampening: 0
    initial_lr: 0.1
    lr: 1.0
    momentum: 0.0
    nesterov: False
    weight_decay: 0

Parameter Group 2
    dampening: 0
    initial_lr: 0.1
    lr: 1.0
    momentum: 0.0
    nesterov: False
    weight_decay: 0

Parameter Group 3
    dampening: 0
    initial_lr: 0.0001
    lr: 0.001
    momentum: 0.0
    nesterov: False
    weight_decay: 0
)
2019-01-18 14:47:47,019 *** Initial Checkpoint. Computing Stats
2019-01-18 14:47:47,019 	 Computing Major Stats lazily... 
2019-01-18 14:47:47,020 		 Completed edges=42 good=42 bad=0
2019-01-18 14:47:47,021 Distortion avg=0.997186733411164 wc=4.089572890406305 me=0.005939956548066182 mc=688.4853209469536 nan_elements=0
2019-01-18 14:47:47,021 MAP = 0.3952380952380952
2019-01-18 14:47:47,021 scale=[array([1.])]
2019-01-18 14:47:47,022 *** End Initial Checkpoint

2019-01-18 14:47:47,079 1 loss=0.994383138555614
2019-01-18 14:47:47,079 2 loss=0.5598477429202743
2019-01-18 14:47:47,080 3 loss=0.3813331299002186
2019-01-18 14:47:47,080 4 loss=0.294541384880412
2019-01-18 14:47:47,081 5 loss=0.24047385612644873
2019-01-18 14:47:47,081 6 loss=0.20205798580402906
2019-01-18 14:47:47,082 7 loss=0.17305974388166412
2019-01-18 14:47:47,082 8 loss=0.15048178084296465
2019-01-18 14:47:47,083 9 loss=0.13253840073419745
2019-01-18 14:47:47,083 10 loss=0.1180224327563502
2019-01-18 14:47:47,083 
*** Major Checkpoint. Computing Stats and Saving
2019-01-18 14:47:47,083 	 Computing Major Stats lazily... 
2019-01-18 14:47:47,084 		 Completed edges=42 good=42 bad=0
2019-01-18 14:47:47,085 Distortion avg=0.29258300466679554 wc=3.1536834354495498 me=1.3316382067200352 mc=2.368273469125975 nan_elements=0
2019-01-18 14:47:47,085 MAP = 0.8809523809523808
2019-01-18 14:47:47,086 scale=[array([1.])]
2019-01-18 14:47:47,086 *** End Major Checkpoint

2019-01-18 14:47:47,086 11 loss=0.10606860256629776
2019-01-18 14:47:47,087 12 loss=0.0960451015472758
2019-01-18 14:47:47,087 13 loss=0.08749127360511044
2019-01-18 14:47:47,087 14 loss=0.0800743581801322
2019-01-18 14:47:47,088 15 loss=0.07355626029365435
2019-01-18 14:47:47,088 16 loss=0.06776736117129403
2019-01-18 14:47:47,089 17 loss=0.06258621364662804
2019-01-18 14:47:47,089 18 loss=0.05792434140924899
2019-01-18 14:47:47,090 19 loss=0.053715326605758194
2019-01-18 14:47:47,090 20 loss=0.049907310732914045
2019-01-18 14:47:47,090 
*** Major Checkpoint. Computing Stats and Saving
2019-01-18 14:47:47,090 	 Computing Major Stats lazily... 
2019-01-18 14:47:47,091 		 Completed edges=42 good=42 bad=0
2019-01-18 14:47:47,092 Distortion avg=0.18889846451543274 wc=2.115748260060862 me=1.2385368484732813 mc=1.708264281897548 nan_elements=0
2019-01-18 14:47:47,092 MAP = 1.0
2019-01-18 14:47:47,092 scale=[array([1.])]
2019-01-18 14:47:47,092 *** End Major Checkpoint

2019-01-18 14:47:47,093 21 loss=0.046458057577872164
2019-01-18 14:47:47,093 22 loss=0.04333183123434181
2019-01-18 14:47:47,094 23 loss=0.040497489768173314
2019-01-18 14:47:47,094 24 loss=0.03792734923731748
2019-01-18 14:47:47,095 25 loss=0.03559650938364357
2019-01-18 14:47:47,095 26 loss=0.03348244056248492
2019-01-18 14:47:47,096 27 loss=0.03156471006239506
2019-01-18 14:47:47,096 28 loss=0.029824778849552005
2019-01-18 14:47:47,097 29 loss=0.028245832863566328
2019-01-18 14:47:47,097 30 loss=0.02681263216692782
2019-01-18 14:47:47,097 
*** Major Checkpoint. Computing Stats and Saving
2019-01-18 14:47:47,097 	 Computing Major Stats lazily... 
2019-01-18 14:47:47,098 		 Completed edges=42 good=42 bad=0
2019-01-18 14:47:47,099 Distortion avg=0.14212822869269748 wc=1.6786795774530028 me=1.1761531164458114 mc=1.4272627891560274 nan_elements=0
2019-01-18 14:47:47,099 MAP = 1.0
2019-01-18 14:47:47,099 scale=[array([1.])]
2019-01-18 14:47:47,099 *** End Major Checkpoint

2019-01-18 14:47:47,099 31 loss=0.025511371390553404
2019-01-18 14:47:47,100 32 loss=0.024329549643816485
2019-01-18 14:47:47,100 33 loss=0.023255849823106016
2019-01-18 14:47:47,101 34 loss=0.022280027587509705
2019-01-18 14:47:47,101 35 loss=0.02139281004386903
2019-01-18 14:47:47,102 36 loss=0.020585803837692172
2019-01-18 14:47:47,102 37 loss=0.019851412067995493
2019-01-18 14:47:47,103 38 loss=0.019182759283915645
2019-01-18 14:47:47,103 39 loss=0.018573623767633437
2019-01-18 14:47:47,104 40 loss=0.018018376329822266
2019-01-18 14:47:47,104 
*** Major Checkpoint. Computing Stats and Saving
2019-01-18 14:47:47,104 	 Computing Major Stats lazily... 
2019-01-18 14:47:47,104 		 Completed edges=42 good=42 bad=0
2019-01-18 14:47:47,105 Distortion avg=0.11969453421530558 wc=1.5081082689269614 me=1.1724839532937639 mc=1.2862506686683048 nan_elements=0
2019-01-18 14:47:47,105 MAP = 1.0
2019-01-18 14:47:47,105 scale=[array([1.])]
2019-01-18 14:47:47,106 *** End Major Checkpoint

2019-01-18 14:47:47,106 41 loss=0.017511924908084776
2019-01-18 14:47:47,107 42 loss=0.017049664340700155
2019-01-18 14:47:47,107 43 loss=0.016627430771287234
2019-01-18 14:47:47,107 44 loss=0.016241460215895558
2019-01-18 14:47:47,108 45 loss=0.015888350888944212
2019-01-18 14:47:47,108 46 loss=0.01556502893787427
2019-01-18 14:47:47,109 47 loss=0.015268717279531729
2019-01-18 14:47:47,109 48 loss=0.014996907265959798
2019-01-18 14:47:47,110 49 loss=0.014747332935313287
2019-01-18 14:47:47,110 50 loss=0.014517947626654466
2019-01-18 14:47:47,110 
*** Major Checkpoint. Computing Stats and Saving
2019-01-18 14:47:47,110 	 Computing Major Stats lazily... 
2019-01-18 14:47:47,111 		 Completed edges=42 good=42 bad=0
2019-01-18 14:47:47,112 Distortion avg=0.11026170961993545 wc=1.417753643444468 me=1.1705647713076357 mc=1.2111706060149905 nan_elements=0
2019-01-18 14:47:47,112 MAP = 1.0
2019-01-18 14:47:47,112 scale=[array([1.])]
2019-01-18 14:47:47,112 *** End Major Checkpoint

2019-01-18 14:47:47,112 final loss=0.014517947626654466
2019-01-18 14:47:47,112 best loss=0.014517947626654466, distortion=0.11026170961993545, map=1.0, wc_dist=1.417753643444468
2019-01-18 14:47:47,112 	 Computing Major Stats lazily... 
2019-01-18 14:47:47,113 		 Completed edges=42 good=42 bad=0
2019-01-18 14:47:47,114 Distortion avg=0.11026170961993549 wc=1.417753643444468 me=1.1705647713076357 mc=1.2111706060149905 nan_elements=0
2019-01-18 14:47:47,114 MAP = 1.0
2019-01-18 14:47:47,114 scale=[array([1.])]
