2019-01-18 15:08:54,902 Commandline ['pytorch/pytorch_hyperbolic.py', 'learn', 'data/edges/parsing/ewt/ewt_dev/1473.edges', '--dim', '0', '--hyp', '0', '--edim', '10', '--euc', '1', '--sdim', '0', '--sph', '0', '--log-name', 'ewt_devr2/1473.edges.E10-1.lr1.log', '--batch-size', '65536', '--epochs', '50', '--checkpoint-freq', '10', '-g', '--subsample', '1024', '--learning-rate', '1']
2019-01-18 15:08:54,902 No Model Save selected!
2019-01-18 15:08:54,904 Loaded Graph data/edges/parsing/ewt/ewt_dev/1473.edges with 9 nodes scale=1.0
2019-01-18 15:08:54,904 Building dataset
2019-01-18 15:08:54,904 Subsample: 9 points with scale 1.0 subsample=8
2019-01-18 15:08:54,912 Built Data Sampler
2019-01-18 15:08:54,912 Creating a fresh model warm_start?=None
2019-01-18 15:08:54,912 	 Warmstarting? None None 9
2019-01-18 15:08:54,912 Embedding() torch.Size([9, 10])
2019-01-18 15:08:54,912 relative No Rescale
2019-01-18 15:08:54,913 Constructed model with dim=0 and epochs=0 isnan=False
2019-01-18 15:08:54,913 SGD (
Parameter Group 0
    dampening: 0
    initial_lr: 0.1
    lr: 1.0
    momentum: 0.0
    nesterov: False
    weight_decay: 0

Parameter Group 1
    dampening: 0
    initial_lr: 0.1
    lr: 1.0
    momentum: 0.0
    nesterov: False
    weight_decay: 0

Parameter Group 2
    dampening: 0
    initial_lr: 0.1
    lr: 1.0
    momentum: 0.0
    nesterov: False
    weight_decay: 0

Parameter Group 3
    dampening: 0
    initial_lr: 0.0001
    lr: 0.001
    momentum: 0.0
    nesterov: False
    weight_decay: 0
)
2019-01-18 15:08:54,913 *** Initial Checkpoint. Computing Stats
2019-01-18 15:08:54,913 	 Computing Major Stats lazily... 
2019-01-18 15:08:54,914 		 Completed edges=72 good=72 bad=0
2019-01-18 15:08:54,915 Distortion avg=0.9975819277319761 wc=6.089602205018231 me=0.005941110731069004 mc=1024.9938909861908 nan_elements=0
2019-01-18 15:08:54,916 MAP = 0.47744708994709
2019-01-18 15:08:54,916 scale=[array([1.])]
2019-01-18 15:08:54,916 *** End Initial Checkpoint

2019-01-18 15:08:54,973 1 loss=0.9951713334477569
2019-01-18 15:08:54,974 2 loss=0.7280457998716208
2019-01-18 15:08:54,974 3 loss=0.5623775679785075
2019-01-18 15:08:54,975 4 loss=0.4631737338936401
2019-01-18 15:08:54,975 5 loss=0.39902740709473034
2019-01-18 15:08:54,976 6 loss=0.3538131734552176
2019-01-18 15:08:54,976 7 loss=0.31947360649473316
2019-01-18 15:08:54,977 8 loss=0.29189241961829093
2019-01-18 15:08:54,977 9 loss=0.2688710116372215
2019-01-18 15:08:54,978 10 loss=0.24916017870128546
2019-01-18 15:08:54,978 
*** Major Checkpoint. Computing Stats and Saving
2019-01-18 15:08:54,978 	 Computing Major Stats lazily... 
2019-01-18 15:08:54,978 		 Completed edges=72 good=72 bad=0
2019-01-18 15:08:54,980 Distortion avg=0.44844683553280645 wc=4.940321909944795 me=1.4062133022702001 mc=3.513209483916207 nan_elements=0
2019-01-18 15:08:54,980 MAP = 0.3906084656084656
2019-01-18 15:08:54,980 scale=[array([1.])]
2019-01-18 15:08:54,980 *** End Major Checkpoint

2019-01-18 15:08:54,981 11 loss=0.23199470321122906
2019-01-18 15:08:54,981 12 loss=0.21686613245017933
2019-01-18 15:08:54,982 13 loss=0.2034095971071267
2019-01-18 15:08:54,982 14 loss=0.19134624221106933
2019-01-18 15:08:54,982 15 loss=0.18045330170396107
2019-01-18 15:08:54,983 16 loss=0.1705480962794362
2019-01-18 15:08:54,983 17 loss=0.16147905545105554
2019-01-18 15:08:54,984 18 loss=0.15312023763440044
2019-01-18 15:08:54,984 19 loss=0.1453675463772926
2019-01-18 15:08:54,985 20 loss=0.13813574445296561
2019-01-18 15:08:54,985 
*** Major Checkpoint. Computing Stats and Saving
2019-01-18 15:08:54,985 	 Computing Major Stats lazily... 
2019-01-18 15:08:54,986 		 Completed edges=72 good=72 bad=0
2019-01-18 15:08:54,987 Distortion avg=0.3267357580856716 wc=3.422848398128027 me=1.4192043351829875 mc=2.41180802036283 nan_elements=0
2019-01-18 15:08:54,987 MAP = 0.7259259259259259
2019-01-18 15:08:54,987 scale=[array([1.])]
2019-01-18 15:08:54,987 *** End Major Checkpoint

2019-01-18 15:08:54,988 21 loss=0.13135584462926364
2019-01-18 15:08:54,988 22 loss=0.12497270402429678
2019-01-18 15:08:54,989 23 loss=0.11894277223633698
2019-01-18 15:08:54,989 24 loss=0.11323199897611039
2019-01-18 15:08:54,990 25 loss=0.10781392648551137
2019-01-18 15:08:54,990 26 loss=0.10266799317708855
2019-01-18 15:08:54,991 27 loss=0.09777806730068435
2019-01-18 15:08:54,991 28 loss=0.0931312183290078
2019-01-18 15:08:54,992 29 loss=0.08871672215766996
2019-01-18 15:08:54,992 30 loss=0.08452528591521456
2019-01-18 15:08:54,992 
*** Major Checkpoint. Computing Stats and Saving
2019-01-18 15:08:54,992 	 Computing Major Stats lazily... 
2019-01-18 15:08:54,993 		 Completed edges=72 good=72 bad=0
2019-01-18 15:08:54,994 Distortion avg=0.2548517036204043 wc=2.569742207138969 me=1.3341392926268199 mc=1.9261423611018456 nan_elements=0
2019-01-18 15:08:54,994 MAP = 1.0
2019-01-18 15:08:54,995 scale=[array([1.])]
2019-01-18 15:08:54,995 *** End Major Checkpoint

2019-01-18 15:08:54,995 31 loss=0.08054847020220568
2019-01-18 15:08:54,996 32 loss=0.07677828139528604
2019-01-18 15:08:54,996 33 loss=0.07320690427808843
2019-01-18 15:08:54,997 34 loss=0.06982654536445772
2019-01-18 15:08:54,997 35 loss=0.06662935931062443
2019-01-18 15:08:54,998 36 loss=0.06360743413576114
2019-01-18 15:08:54,998 37 loss=0.06075281497367142
2019-01-18 15:08:54,999 38 loss=0.05805755024996468
2019-01-18 15:08:55,000 39 loss=0.05551374814024698
2019-01-18 15:08:55,000 40 loss=0.05311363467343558
2019-01-18 15:08:55,000 
*** Major Checkpoint. Computing Stats and Saving
2019-01-18 15:08:55,000 	 Computing Major Stats lazily... 
2019-01-18 15:08:55,001 		 Completed edges=72 good=72 bad=0
2019-01-18 15:08:55,002 Distortion avg=0.2012900451690124 wc=2.0716366170826648 me=1.2574943420340383 mc=1.6474321576125142 nan_elements=0
2019-01-18 15:08:55,002 MAP = 1.0
2019-01-18 15:08:55,002 scale=[array([1.])]
2019-01-18 15:08:55,003 *** End Major Checkpoint

2019-01-18 15:08:55,003 41 loss=0.05084960777711787
2019-01-18 15:08:55,003 42 loss=0.04871428388763136
2019-01-18 15:08:55,004 43 loss=0.04670053549799366
2019-01-18 15:08:55,004 44 loss=0.04480151926119366
2019-01-18 15:08:55,005 45 loss=0.043010695091223065
2019-01-18 15:08:55,005 46 loss=0.04132183719911428
2019-01-18 15:08:55,006 47 loss=0.039729038249528004
2019-01-18 15:08:55,006 48 loss=0.03822670789729646
2019-01-18 15:08:55,007 49 loss=0.03680956692180642
2019-01-18 15:08:55,007 50 loss=0.03547263806606839
2019-01-18 15:08:55,007 
*** Major Checkpoint. Computing Stats and Saving
2019-01-18 15:08:55,007 	 Computing Major Stats lazily... 
2019-01-18 15:08:55,008 		 Completed edges=72 good=72 bad=0
2019-01-18 15:08:55,009 Distortion avg=0.1621539617342358 wc=1.7946492590017946 me=1.214625597714233 mc=1.4775328812261905 nan_elements=0
2019-01-18 15:08:55,009 MAP = 1.0
2019-01-18 15:08:55,010 scale=[array([1.])]
2019-01-18 15:08:55,010 *** End Major Checkpoint

2019-01-18 15:08:55,010 final loss=0.03547263806606839
2019-01-18 15:08:55,010 best loss=0.03547263806606839, distortion=0.1621539617342358, map=1.0, wc_dist=1.7946492590017946
2019-01-18 15:08:55,010 	 Computing Major Stats lazily... 
2019-01-18 15:08:55,010 		 Completed edges=72 good=72 bad=0
2019-01-18 15:08:55,012 Distortion avg=0.1621539617342358 wc=1.7946492590017946 me=1.214625597714233 mc=1.4775328812261905 nan_elements=0
2019-01-18 15:08:55,012 MAP = 1.0
2019-01-18 15:08:55,012 scale=[array([1.])]
