2019-01-18 15:12:01,701 Commandline ['pytorch/pytorch_hyperbolic.py', 'learn', 'data/edges/parsing/ewt/ewt_dev/1477.edges', '--dim', '0', '--hyp', '0', '--edim', '10', '--euc', '1', '--sdim', '0', '--sph', '0', '--log-name', 'ewt_devr2/1477.edges.E10-1.lr1.log', '--batch-size', '65536', '--epochs', '50', '--checkpoint-freq', '10', '-g', '--subsample', '1024', '--learning-rate', '1']
2019-01-18 15:12:01,702 No Model Save selected!
2019-01-18 15:12:01,703 Loaded Graph data/edges/parsing/ewt/ewt_dev/1477.edges with 9 nodes scale=1.0
2019-01-18 15:12:01,704 Building dataset
2019-01-18 15:12:01,704 Subsample: 9 points with scale 1.0 subsample=8
2019-01-18 15:12:01,711 Built Data Sampler
2019-01-18 15:12:01,711 Creating a fresh model warm_start?=None
2019-01-18 15:12:01,711 	 Warmstarting? None None 9
2019-01-18 15:12:01,712 Embedding() torch.Size([9, 10])
2019-01-18 15:12:01,712 relative No Rescale
2019-01-18 15:12:01,712 Constructed model with dim=0 and epochs=0 isnan=False
2019-01-18 15:12:01,713 SGD (
Parameter Group 0
    dampening: 0
    initial_lr: 0.1
    lr: 1.0
    momentum: 0.0
    nesterov: False
    weight_decay: 0

Parameter Group 1
    dampening: 0
    initial_lr: 0.1
    lr: 1.0
    momentum: 0.0
    nesterov: False
    weight_decay: 0

Parameter Group 2
    dampening: 0
    initial_lr: 0.1
    lr: 1.0
    momentum: 0.0
    nesterov: False
    weight_decay: 0

Parameter Group 3
    dampening: 0
    initial_lr: 0.0001
    lr: 0.001
    momentum: 0.0
    nesterov: False
    weight_decay: 0
)
2019-01-18 15:12:01,713 *** Initial Checkpoint. Computing Stats
2019-01-18 15:12:01,713 	 Computing Major Stats lazily... 
2019-01-18 15:12:01,714 		 Completed edges=72 good=72 bad=0
2019-01-18 15:12:01,715 Distortion avg=0.9976599663111608 wc=6.020425056881136 me=0.005628252251848828 mc=1069.6793227246492 nan_elements=0
2019-01-18 15:12:01,715 MAP = 0.3534832451499118
2019-01-18 15:12:01,716 scale=[array([1.])]
2019-01-18 15:12:01,716 *** End Initial Checkpoint

2019-01-18 15:12:01,774 1 loss=0.9953271320413991
2019-01-18 15:12:01,775 2 loss=0.7424830979446945
2019-01-18 15:12:01,775 3 loss=0.583264410697906
2019-01-18 15:12:01,776 4 loss=0.48698675844906336
2019-01-18 15:12:01,776 5 loss=0.4251899669938829
2019-01-18 15:12:01,776 6 loss=0.38246873319046987
2019-01-18 15:12:01,777 7 loss=0.3507095334179206
2019-01-18 15:12:01,777 8 loss=0.32558453102880924
2019-01-18 15:12:01,778 9 loss=0.30472266339941956
2019-01-18 15:12:01,779 10 loss=0.28677753631863967
2019-01-18 15:12:01,779 
*** Major Checkpoint. Computing Stats and Saving
2019-01-18 15:12:01,779 	 Computing Major Stats lazily... 
2019-01-18 15:12:01,779 		 Completed edges=72 good=72 bad=0
2019-01-18 15:12:01,781 Distortion avg=0.48540726036699117 wc=6.7895205784188954 me=1.4224166081334604 mc=4.773229263210247 nan_elements=0
2019-01-18 15:12:01,781 MAP = 0.2807980599647266
2019-01-18 15:12:01,781 scale=[array([1.])]
2019-01-18 15:12:01,781 *** End Major Checkpoint

2019-01-18 15:12:01,782 11 loss=0.2709503542178099
2019-01-18 15:12:01,782 12 loss=0.2567422522055745
2019-01-18 15:12:01,783 13 loss=0.24382340632973307
2019-01-18 15:12:01,783 14 loss=0.23196260941434682
2019-01-18 15:12:01,784 15 loss=0.2209887659194803
2019-01-18 15:12:01,784 16 loss=0.21076953318782415
2019-01-18 15:12:01,785 17 loss=0.20119928242844415
2019-01-18 15:12:01,785 18 loss=0.19219214071453894
2019-01-18 15:12:01,786 19 loss=0.18367778238992688
2019-01-18 15:12:01,786 20 loss=0.1755986814246575
2019-01-18 15:12:01,786 
*** Major Checkpoint. Computing Stats and Saving
2019-01-18 15:12:01,786 	 Computing Major Stats lazily... 
2019-01-18 15:12:01,787 		 Completed edges=72 good=72 bad=0
2019-01-18 15:12:01,788 Distortion avg=0.37520101501087527 wc=5.474940746028398 me=1.4535793495865121 mc=3.7665234770883407 nan_elements=0
2019-01-18 15:12:01,788 MAP = 0.8212962962962963
2019-01-18 15:12:01,788 scale=[array([1.])]
2019-01-18 15:12:01,789 *** End Major Checkpoint

2019-01-18 15:12:01,789 21 loss=0.1679081201758313
2019-01-18 15:12:01,790 22 loss=0.1605685810954317
2019-01-18 15:12:01,790 23 loss=0.15355033558716719
2019-01-18 15:12:01,791 24 loss=0.14683014886427437
2019-01-18 15:12:01,791 25 loss=0.14039007577472462
2019-01-18 15:12:01,792 26 loss=0.13421635019326475
2019-01-18 15:12:01,792 27 loss=0.12829838151885317
2019-01-18 15:12:01,793 28 loss=0.12262787309710348
2019-01-18 15:12:01,793 29 loss=0.11719807335685253
2019-01-18 15:12:01,794 30 loss=0.11200316393647983
2019-01-18 15:12:01,794 
*** Major Checkpoint. Computing Stats and Saving
2019-01-18 15:12:01,794 	 Computing Major Stats lazily... 
2019-01-18 15:12:01,794 		 Completed edges=72 good=72 bad=0
2019-01-18 15:12:01,796 Distortion avg=0.29005766708605546 wc=3.9996908438748973 me=1.3765557201994532 mc=2.9055786011301965 nan_elements=0
2019-01-18 15:12:01,796 MAP = 1.0
2019-01-18 15:12:01,796 scale=[array([1.])]
2019-01-18 15:12:01,796 *** End Major Checkpoint

2019-01-18 15:12:01,797 31 loss=0.10703778199690045
2019-01-18 15:12:01,797 32 loss=0.10229666755899404
2019-01-18 15:12:01,798 33 loss=0.0977744218365862
2019-01-18 15:12:01,798 34 loss=0.09346535949952638
2019-01-18 15:12:01,798 35 loss=0.08936343658232282
2019-01-18 15:12:01,799 36 loss=0.0854622360939278
2019-01-18 15:12:01,799 37 loss=0.08175499489040311
2019-01-18 15:12:01,800 38 loss=0.07823465761449137
2019-01-18 15:12:01,800 39 loss=0.07489394609080223
2019-01-18 15:12:01,802 40 loss=0.0717254351771802
2019-01-18 15:12:01,802 
*** Major Checkpoint. Computing Stats and Saving
2019-01-18 15:12:01,802 	 Computing Major Stats lazily... 
2019-01-18 15:12:01,802 		 Completed edges=72 good=72 bad=0
2019-01-18 15:12:01,804 Distortion avg=0.2256365982868799 wc=2.9269154338632752 me=1.2781234293252508 mc=2.2900099995885825 nan_elements=0
2019-01-18 15:12:01,804 MAP = 1.0
2019-01-18 15:12:01,804 scale=[array([1.])]
2019-01-18 15:12:01,804 *** End Major Checkpoint

2019-01-18 15:12:01,805 41 loss=0.06872162849076903
2019-01-18 15:12:01,805 42 loss=0.0658750295201927
2019-01-18 15:12:01,806 43 loss=0.06317820534639623
2019-01-18 15:12:01,806 44 loss=0.0606238415217109
2019-01-18 15:12:01,807 45 loss=0.058204787632246444
2019-01-18 15:12:01,807 46 loss=0.055914093744005945
2019-01-18 15:12:01,808 47 loss=0.053745038365921594
2019-01-18 15:12:01,808 48 loss=0.05169114880954145
2019-01-18 15:12:01,809 49 loss=0.049746214935409996
2019-01-18 15:12:01,809 50 loss=0.04790429729207257
2019-01-18 15:12:01,809 
*** Major Checkpoint. Computing Stats and Saving
2019-01-18 15:12:01,809 	 Computing Major Stats lazily... 
2019-01-18 15:12:01,810 		 Completed edges=72 good=72 bad=0
2019-01-18 15:12:01,811 Distortion avg=0.17921702701117828 wc=2.4353981352203906 me=1.215606049042372 mc=2.003443580376179 nan_elements=0
2019-01-18 15:12:01,811 MAP = 1.0
2019-01-18 15:12:01,812 scale=[array([1.])]
2019-01-18 15:12:01,812 *** End Major Checkpoint

2019-01-18 15:12:01,812 final loss=0.04790429729207257
2019-01-18 15:12:01,812 best loss=0.04790429729207257, distortion=0.17921702701117828, map=1.0, wc_dist=2.4353981352203906
2019-01-18 15:12:01,812 	 Computing Major Stats lazily... 
2019-01-18 15:12:01,812 		 Completed edges=72 good=72 bad=0
2019-01-18 15:12:01,814 Distortion avg=0.17921702701117828 wc=2.4353981352203906 me=1.215606049042372 mc=2.003443580376179 nan_elements=0
2019-01-18 15:12:01,814 MAP = 1.0
2019-01-18 15:12:01,814 scale=[array([1.])]
