2019-01-18 14:59:01,543 Commandline ['pytorch/pytorch_hyperbolic.py', 'learn', 'data/edges/parsing/ewt/ewt_dev/1478.edges', '--dim', '0', '--hyp', '0', '--edim', '10', '--euc', '1', '--sdim', '0', '--sph', '0', '--log-name', 'ewt_devr2/1478.edges.E10-1.lr1.log', '--batch-size', '65536', '--epochs', '50', '--checkpoint-freq', '10', '-g', '--subsample', '1024', '--learning-rate', '1']
2019-01-18 14:59:01,543 No Model Save selected!
2019-01-18 14:59:01,545 Loaded Graph data/edges/parsing/ewt/ewt_dev/1478.edges with 9 nodes scale=1.0
2019-01-18 14:59:01,545 Building dataset
2019-01-18 14:59:01,545 Subsample: 9 points with scale 1.0 subsample=8
2019-01-18 14:59:01,552 Built Data Sampler
2019-01-18 14:59:01,552 Creating a fresh model warm_start?=None
2019-01-18 14:59:01,552 	 Warmstarting? None None 9
2019-01-18 14:59:01,553 Embedding() torch.Size([9, 10])
2019-01-18 14:59:01,553 relative No Rescale
2019-01-18 14:59:01,553 Constructed model with dim=0 and epochs=0 isnan=False
2019-01-18 14:59:01,553 SGD (
Parameter Group 0
    dampening: 0
    initial_lr: 0.1
    lr: 1.0
    momentum: 0.0
    nesterov: False
    weight_decay: 0

Parameter Group 1
    dampening: 0
    initial_lr: 0.1
    lr: 1.0
    momentum: 0.0
    nesterov: False
    weight_decay: 0

Parameter Group 2
    dampening: 0
    initial_lr: 0.1
    lr: 1.0
    momentum: 0.0
    nesterov: False
    weight_decay: 0

Parameter Group 3
    dampening: 0
    initial_lr: 0.0001
    lr: 0.001
    momentum: 0.0
    nesterov: False
    weight_decay: 0
)
2019-01-18 14:59:01,553 *** Initial Checkpoint. Computing Stats
2019-01-18 14:59:01,554 	 Computing Major Stats lazily... 
2019-01-18 14:59:01,554 		 Completed edges=72 good=72 bad=0
2019-01-18 14:59:01,556 Distortion avg=0.9976809962161143 wc=10.149337008363718 me=0.005941110731069004 mc=1708.3231516436513 nan_elements=0
2019-01-18 14:59:01,556 MAP = 0.38132716049382714
2019-01-18 14:59:01,556 scale=[array([1.])]
2019-01-18 14:59:01,557 *** End Initial Checkpoint

2019-01-18 14:59:01,614 1 loss=0.9953691915205588
2019-01-18 14:59:01,615 2 loss=0.7498566955522852
2019-01-18 14:59:01,615 3 loss=0.5910189433656111
2019-01-18 14:59:01,616 4 loss=0.49215621646914287
2019-01-18 14:59:01,616 5 loss=0.42770777763388107
2019-01-18 14:59:01,616 6 loss=0.3831644182252417
2019-01-18 14:59:01,617 7 loss=0.35052136785021554
2019-01-18 14:59:01,617 8 loss=0.325310830940432
2019-01-18 14:59:01,618 9 loss=0.3049764581686878
2019-01-18 14:59:01,618 10 loss=0.2880077681258219
2019-01-18 14:59:01,619 
*** Major Checkpoint. Computing Stats and Saving
2019-01-18 14:59:01,619 	 Computing Major Stats lazily... 
2019-01-18 14:59:01,619 		 Completed edges=72 good=72 bad=0
2019-01-18 14:59:01,621 Distortion avg=0.4793473231025712 wc=8.10849528132462 me=1.3792271433213161 mc=5.879013707487338 nan_elements=0
2019-01-18 14:59:01,621 MAP = 0.3271604938271605
2019-01-18 14:59:01,621 scale=[array([1.])]
2019-01-18 14:59:01,621 *** End Major Checkpoint

2019-01-18 14:59:01,622 11 loss=0.2734782383443526
2019-01-18 14:59:01,622 12 loss=0.2607954396380002
2019-01-18 14:59:01,623 13 loss=0.24956330747798322
2019-01-18 14:59:01,623 14 loss=0.2395046222057714
2019-01-18 14:59:01,624 15 loss=0.23041644660710736
2019-01-18 14:59:01,624 16 loss=0.2221439776437849
2019-01-18 14:59:01,625 17 loss=0.21456488934951917
2019-01-18 14:59:01,625 18 loss=0.20757975580845375
2019-01-18 14:59:01,626 19 loss=0.20110604770849994
2019-01-18 14:59:01,626 20 loss=0.19507425313835836
2019-01-18 14:59:01,626 
*** Major Checkpoint. Computing Stats and Saving
2019-01-18 14:59:01,626 	 Computing Major Stats lazily... 
2019-01-18 14:59:01,627 		 Completed edges=72 good=72 bad=0
2019-01-18 14:59:01,628 Distortion avg=0.3839488575513219 wc=6.066999634908026 me=1.3996159313297365 mc=4.334760343249263 nan_elements=0
2019-01-18 14:59:01,628 MAP = 0.6396384479717813
2019-01-18 14:59:01,628 scale=[array([1.])]
2019-01-18 14:59:01,628 *** End Major Checkpoint

2019-01-18 14:59:01,629 21 loss=0.1894252732586759
2019-01-18 14:59:01,629 22 loss=0.18410859073247826
2019-01-18 14:59:01,630 23 loss=0.17908091311641167
2019-01-18 14:59:01,630 24 loss=0.17430511510437915
2019-01-18 14:59:01,631 25 loss=0.16974937643911545
2019-01-18 14:59:01,631 26 loss=0.16538645588132747
2019-01-18 14:59:01,632 27 loss=0.16119306725111232
2019-01-18 14:59:01,632 28 loss=0.15714933811704906
2019-01-18 14:59:01,633 29 loss=0.15323833949018473
2019-01-18 14:59:01,633 30 loss=0.14944567862243816
2019-01-18 14:59:01,633 
*** Major Checkpoint. Computing Stats and Saving
2019-01-18 14:59:01,633 	 Computing Major Stats lazily... 
2019-01-18 14:59:01,634 		 Completed edges=72 good=72 bad=0
2019-01-18 14:59:01,635 Distortion avg=0.32292581288174455 wc=5.309659439357455 me=1.4122540842461158 mc=3.7597054939245145 nan_elements=0
2019-01-18 14:59:01,635 MAP = 0.836111111111111
2019-01-18 14:59:01,635 scale=[array([1.])]
2019-01-18 14:59:01,636 *** End Major Checkpoint

2019-01-18 14:59:01,636 31 loss=0.14575914848730098
2019-01-18 14:59:01,636 32 loss=0.14216842787768635
2019-01-18 14:59:01,637 33 loss=0.138664825999673
2019-01-18 14:59:01,637 34 loss=0.1352410653761983
2019-01-18 14:59:01,638 35 loss=0.13189109699599086
2019-01-18 14:59:01,638 36 loss=0.12860994200656756
2019-01-18 14:59:01,639 37 loss=0.12539355482973585
2019-01-18 14:59:01,639 38 loss=0.12223870330653612
2019-01-18 14:59:01,640 39 loss=0.11914286227677885
2019-01-18 14:59:01,640 40 loss=0.11610411779336058
2019-01-18 14:59:01,640 
*** Major Checkpoint. Computing Stats and Saving
2019-01-18 14:59:01,641 	 Computing Major Stats lazily... 
2019-01-18 14:59:01,641 		 Completed edges=72 good=72 bad=0
2019-01-18 14:59:01,642 Distortion avg=0.2789791215737779 wc=4.462506835795406 me=1.3635233848447228 mc=3.2727761660674366 nan_elements=0
2019-01-18 14:59:01,643 MAP = 1.0
2019-01-18 14:59:01,643 scale=[array([1.])]
2019-01-18 14:59:01,643 *** End Major Checkpoint

2019-01-18 14:59:01,643 41 loss=0.11312107990621528
2019-01-18 14:59:01,644 42 loss=0.11019280258688469
2019-01-18 14:59:01,644 43 loss=0.1073187098822445
2019-01-18 14:59:01,645 44 loss=0.10449852778001442
2019-01-18 14:59:01,645 45 loss=0.10173222154567592
2019-01-18 14:59:01,646 46 loss=0.09901993846410152
2019-01-18 14:59:01,646 47 loss=0.09636195600737535
2019-01-18 14:59:01,647 48 loss=0.09375863547215235
2019-01-18 14:59:01,647 49 loss=0.09121038110411842
2019-01-18 14:59:01,648 50 loss=0.08871760467051139
2019-01-18 14:59:01,648 
*** Major Checkpoint. Computing Stats and Saving
2019-01-18 14:59:01,648 	 Computing Major Stats lazily... 
2019-01-18 14:59:01,648 		 Completed edges=72 good=72 bad=0
2019-01-18 14:59:01,650 Distortion avg=0.24106049166621346 wc=3.613107934468917 me=1.298140445685046 mc=2.7832950945167045 nan_elements=0
2019-01-18 14:59:01,650 MAP = 1.0
2019-01-18 14:59:01,650 scale=[array([1.])]
2019-01-18 14:59:01,650 *** End Major Checkpoint

2019-01-18 14:59:01,650 final loss=0.08871760467051139
2019-01-18 14:59:01,650 best loss=0.08871760467051139, distortion=0.24106049166621346, map=1.0, wc_dist=3.613107934468917
2019-01-18 14:59:01,650 	 Computing Major Stats lazily... 
2019-01-18 14:59:01,651 		 Completed edges=72 good=72 bad=0
2019-01-18 14:59:01,652 Distortion avg=0.24106049166621338 wc=3.613107934468917 me=1.298140445685046 mc=2.7832950945167045 nan_elements=0
2019-01-18 14:59:01,652 MAP = 1.0
2019-01-18 14:59:01,652 scale=[array([1.])]
