2019-01-18 15:13:35,663 Commandline ['pytorch/pytorch_hyperbolic.py', 'learn', 'data/edges/parsing/ewt/ewt_dev/1491.edges', '--dim', '0', '--hyp', '0', '--edim', '10', '--euc', '1', '--sdim', '0', '--sph', '0', '--log-name', 'ewt_devr2/1491.edges.E10-1.lr1.log', '--batch-size', '65536', '--epochs', '50', '--checkpoint-freq', '10', '-g', '--subsample', '1024', '--learning-rate', '1']
2019-01-18 15:13:35,663 No Model Save selected!
2019-01-18 15:13:35,665 Loaded Graph data/edges/parsing/ewt/ewt_dev/1491.edges with 11 nodes scale=1.0
2019-01-18 15:13:35,665 Building dataset
2019-01-18 15:13:35,666 Subsample: 11 points with scale 1.0 subsample=10
2019-01-18 15:13:35,675 Built Data Sampler
2019-01-18 15:13:35,675 Creating a fresh model warm_start?=None
2019-01-18 15:13:35,675 	 Warmstarting? None None 11
2019-01-18 15:13:35,676 Embedding() torch.Size([11, 10])
2019-01-18 15:13:35,676 relative No Rescale
2019-01-18 15:13:35,676 Constructed model with dim=0 and epochs=0 isnan=False
2019-01-18 15:13:35,676 SGD (
Parameter Group 0
    dampening: 0
    initial_lr: 0.1
    lr: 1.0
    momentum: 0.0
    nesterov: False
    weight_decay: 0

Parameter Group 1
    dampening: 0
    initial_lr: 0.1
    lr: 1.0
    momentum: 0.0
    nesterov: False
    weight_decay: 0

Parameter Group 2
    dampening: 0
    initial_lr: 0.1
    lr: 1.0
    momentum: 0.0
    nesterov: False
    weight_decay: 0

Parameter Group 3
    dampening: 0
    initial_lr: 0.0001
    lr: 0.001
    momentum: 0.0
    nesterov: False
    weight_decay: 0
)
2019-01-18 15:13:35,676 *** Initial Checkpoint. Computing Stats
2019-01-18 15:13:35,676 	 Computing Major Stats lazily... 
2019-01-18 15:13:35,677 		 Completed edges=110 good=110 bad=0
2019-01-18 15:13:35,679 Distortion avg=0.9978989813139133 wc=11.15577996514956 me=0.005628252251848828 mc=1982.1037625818906 nan_elements=0
2019-01-18 15:13:35,679 MAP = 0.29219877344877343
2019-01-18 15:13:35,680 scale=[array([1.])]
2019-01-18 15:13:35,680 *** End Initial Checkpoint

2019-01-18 15:13:35,736 1 loss=0.995803877255771
2019-01-18 15:13:35,737 2 loss=0.8151522980284679
2019-01-18 15:13:35,738 3 loss=0.6812196388184042
2019-01-18 15:13:35,738 4 loss=0.5862424711822625
2019-01-18 15:13:35,739 5 loss=0.5175275766003478
2019-01-18 15:13:35,739 6 loss=0.4662917988029622
2019-01-18 15:13:35,740 7 loss=0.4267992793980913
2019-01-18 15:13:35,740 8 loss=0.39534150175801097
2019-01-18 15:13:35,741 9 loss=0.36951281623105103
2019-01-18 15:13:35,741 10 loss=0.3477371781329295
2019-01-18 15:13:35,742 
*** Major Checkpoint. Computing Stats and Saving
2019-01-18 15:13:35,742 	 Computing Major Stats lazily... 
2019-01-18 15:13:35,742 		 Completed edges=110 good=110 bad=0
2019-01-18 15:13:35,744 Distortion avg=0.536089630881127 wc=9.88564299735984 me=1.3378823952965837 mc=7.389022407435428 nan_elements=0
2019-01-18 15:13:35,744 MAP = 0.19195526695526696
2019-01-18 15:13:35,744 scale=[array([1.])]
2019-01-18 15:13:35,744 *** End Major Checkpoint

2019-01-18 15:13:35,745 11 loss=0.32896680099057013
2019-01-18 15:13:35,746 12 loss=0.3124918881061247
2019-01-18 15:13:35,746 13 loss=0.2978206696292887
2019-01-18 15:13:35,747 14 loss=0.28460360792952777
2019-01-18 15:13:35,747 15 loss=0.27258530654222923
2019-01-18 15:13:35,748 16 loss=0.2615738181660681
2019-01-18 15:13:35,748 17 loss=0.251420910089924
2019-01-18 15:13:35,749 18 loss=0.24200925359764652
2019-01-18 15:13:35,749 19 loss=0.23324400405783113
2019-01-18 15:13:35,750 20 loss=0.22504717503916052
2019-01-18 15:13:35,750 
*** Major Checkpoint. Computing Stats and Saving
2019-01-18 15:13:35,750 	 Computing Major Stats lazily... 
2019-01-18 15:13:35,751 		 Completed edges=110 good=110 bad=0
2019-01-18 15:13:35,753 Distortion avg=0.4340647708894824 wc=7.369588491634658 me=1.4861598936930818 mc=4.958812657311965 nan_elements=0
2019-01-18 15:13:35,753 MAP = 0.38849206349206344
2019-01-18 15:13:35,753 scale=[array([1.])]
2019-01-18 15:13:35,753 *** End Major Checkpoint

2019-01-18 15:13:35,754 21 loss=0.2173537969738558
2019-01-18 15:13:35,754 22 loss=0.21010922085523578
2019-01-18 15:13:35,755 23 loss=0.20326716175837437
2019-01-18 15:13:35,755 24 loss=0.19678822599655882
2019-01-18 15:13:35,756 25 loss=0.19063876071869243
2019-01-18 15:13:35,756 26 loss=0.18478992522199533
2019-01-18 15:13:35,757 27 loss=0.17921692149357835
2019-01-18 15:13:35,757 28 loss=0.17389834534638376
2019-01-18 15:13:35,758 29 loss=0.16881563405665836
2019-01-18 15:13:35,758 30 loss=0.1639525949775251
2019-01-18 15:13:35,758 
*** Major Checkpoint. Computing Stats and Saving
2019-01-18 15:13:35,759 	 Computing Major Stats lazily... 
2019-01-18 15:13:35,759 		 Completed edges=110 good=110 bad=0
2019-01-18 15:13:35,761 Distortion avg=0.35674006855671003 wc=5.821101527020489 me=1.4875404115846749 mc=3.913239251644449 nan_elements=0
2019-01-18 15:13:35,761 MAP = 0.7573232323232323
2019-01-18 15:13:35,761 scale=[array([1.])]
2019-01-18 15:13:35,761 *** End Major Checkpoint

2019-01-18 15:13:35,762 31 loss=0.15929500441399985
2019-01-18 15:13:35,762 32 loss=0.15483026857892873
2019-01-18 15:13:35,763 33 loss=0.1505471396863929
2019-01-18 15:13:35,763 34 loss=0.14643548081153182
2019-01-18 15:13:35,764 35 loss=0.1424860734428449
2019-01-18 15:13:35,765 36 loss=0.13869046189572976
2019-01-18 15:13:35,765 37 loss=0.13504082905195994
2019-01-18 15:13:35,766 38 loss=0.13152989827479786
2019-01-18 15:13:35,766 39 loss=0.12815085681773075
2019-01-18 15:13:35,767 40 loss=0.12489729657049185
2019-01-18 15:13:35,767 
*** Major Checkpoint. Computing Stats and Saving
2019-01-18 15:13:35,767 	 Computing Major Stats lazily... 
2019-01-18 15:13:35,767 		 Completed edges=110 good=110 bad=0
2019-01-18 15:13:35,769 Distortion avg=0.29981693891277383 wc=4.619357378989746 me=1.4285469418033818 mc=3.2336055916778768 nan_elements=0
2019-01-18 15:13:35,769 MAP = 0.9045454545454547
2019-01-18 15:13:35,770 scale=[array([1.])]
2019-01-18 15:13:35,770 *** End Major Checkpoint

2019-01-18 15:13:35,770 41 loss=0.12176316853692994
2019-01-18 15:13:35,771 42 loss=0.11874274798536087
2019-01-18 15:13:35,771 43 loss=0.11583060772937426
2019-01-18 15:13:35,772 44 loss=0.1130215974692791
2019-01-18 15:13:35,772 45 loss=0.11031082754214257
2019-01-18 15:13:35,773 46 loss=0.1076936557882557
2019-01-18 15:13:35,773 47 loss=0.10516567654474918
2019-01-18 15:13:35,774 48 loss=0.10272271102674244
2019-01-18 15:13:35,775 49 loss=0.10036079855827715
2019-01-18 15:13:35,775 50 loss=0.09807618827550779
2019-01-18 15:13:35,775 
*** Major Checkpoint. Computing Stats and Saving
2019-01-18 15:13:35,775 	 Computing Major Stats lazily... 
2019-01-18 15:13:35,776 		 Completed edges=110 good=110 bad=0
2019-01-18 15:13:35,778 Distortion avg=0.2592620546249986 wc=3.9464385605101726 me=1.3742839611121707 mc=2.871632553520036 nan_elements=0
2019-01-18 15:13:35,778 MAP = 1.0
2019-01-18 15:13:35,778 scale=[array([1.])]
2019-01-18 15:13:35,778 *** End Major Checkpoint

2019-01-18 15:13:35,778 final loss=0.09807618827550779
2019-01-18 15:13:35,778 best loss=0.09807618827550779, distortion=0.2592620546249986, map=1.0, wc_dist=3.9464385605101726
2019-01-18 15:13:35,778 	 Computing Major Stats lazily... 
2019-01-18 15:13:35,779 		 Completed edges=110 good=110 bad=0
2019-01-18 15:13:35,781 Distortion avg=0.25926205462499863 wc=3.9464385605101726 me=1.3742839611121707 mc=2.871632553520036 nan_elements=0
2019-01-18 15:13:35,781 MAP = 1.0
2019-01-18 15:13:35,781 scale=[array([1.])]
