2019-01-18 15:13:18,429 Commandline ['pytorch/pytorch_hyperbolic.py', 'learn', 'data/edges/parsing/ewt/ewt_dev/1493.edges', '--dim', '0', '--hyp', '0', '--edim', '10', '--euc', '1', '--sdim', '0', '--sph', '0', '--log-name', 'ewt_devr2/1493.edges.E10-1.lr1.log', '--batch-size', '65536', '--epochs', '50', '--checkpoint-freq', '10', '-g', '--subsample', '1024', '--learning-rate', '1']
2019-01-18 15:13:18,429 No Model Save selected!
2019-01-18 15:13:18,431 Loaded Graph data/edges/parsing/ewt/ewt_dev/1493.edges with 8 nodes scale=1.0
2019-01-18 15:13:18,431 Building dataset
2019-01-18 15:13:18,432 Subsample: 8 points with scale 1.0 subsample=7
2019-01-18 15:13:18,438 Built Data Sampler
2019-01-18 15:13:18,438 Creating a fresh model warm_start?=None
2019-01-18 15:13:18,438 	 Warmstarting? None None 8
2019-01-18 15:13:18,439 Embedding() torch.Size([8, 10])
2019-01-18 15:13:18,439 relative No Rescale
2019-01-18 15:13:18,439 Constructed model with dim=0 and epochs=0 isnan=False
2019-01-18 15:13:18,439 SGD (
Parameter Group 0
    dampening: 0
    initial_lr: 0.1
    lr: 1.0
    momentum: 0.0
    nesterov: False
    weight_decay: 0

Parameter Group 1
    dampening: 0
    initial_lr: 0.1
    lr: 1.0
    momentum: 0.0
    nesterov: False
    weight_decay: 0

Parameter Group 2
    dampening: 0
    initial_lr: 0.1
    lr: 1.0
    momentum: 0.0
    nesterov: False
    weight_decay: 0

Parameter Group 3
    dampening: 0
    initial_lr: 0.0001
    lr: 0.001
    momentum: 0.0
    nesterov: False
    weight_decay: 0
)
2019-01-18 15:13:18,440 *** Initial Checkpoint. Computing Stats
2019-01-18 15:13:18,440 	 Computing Major Stats lazily... 
2019-01-18 15:13:18,441 		 Completed edges=56 good=56 bad=0
2019-01-18 15:13:18,442 Distortion avg=0.9972031768128735 wc=5.751184174970984 me=0.005941110731069004 mc=968.0318100949036 nan_elements=0
2019-01-18 15:13:18,442 MAP = 0.2911904761904762
2019-01-18 15:13:18,442 scale=[array([1.])]
2019-01-18 15:13:18,443 *** End Initial Checkpoint

2019-01-18 15:13:18,501 1 loss=0.9944162886823212
2019-01-18 15:13:18,501 2 loss=0.6439489707201264
2019-01-18 15:13:18,502 3 loss=0.4687267665080087
2019-01-18 15:13:18,502 4 loss=0.3756510450234259
2019-01-18 15:13:18,503 5 loss=0.31702295935392916
2019-01-18 15:13:18,503 6 loss=0.27491669378904104
2019-01-18 15:13:18,504 7 loss=0.24225285579281408
2019-01-18 15:13:18,504 8 loss=0.2158955903667237
2019-01-18 15:13:18,505 9 loss=0.19421586819697137
2019-01-18 15:13:18,505 10 loss=0.17620832732908198
2019-01-18 15:13:18,505 
*** Major Checkpoint. Computing Stats and Saving
2019-01-18 15:13:18,505 	 Computing Major Stats lazily... 
2019-01-18 15:13:18,506 		 Completed edges=56 good=56 bad=0
2019-01-18 15:13:18,507 Distortion avg=0.36935401482767893 wc=3.6868427679300217 me=1.34957436895979 mc=2.7318559486067637 nan_elements=0
2019-01-18 15:13:18,507 MAP = 0.4842460317460317
2019-01-18 15:13:18,507 scale=[array([1.])]
2019-01-18 15:13:18,507 *** End Major Checkpoint

2019-01-18 15:13:18,508 11 loss=0.16115806426106052
2019-01-18 15:13:18,508 12 loss=0.14850899471271672
2019-01-18 15:13:18,509 13 loss=0.13780868835004542
2019-01-18 15:13:18,509 14 loss=0.12868294150615722
2019-01-18 15:13:18,510 15 loss=0.12082202181038541
2019-01-18 15:13:18,510 16 loss=0.1139714697830979
2019-01-18 15:13:18,511 17 loss=0.10792468041511064
2019-01-18 15:13:18,511 18 loss=0.10251624446882958
2019-01-18 15:13:18,512 19 loss=0.0976157401981987
2019-01-18 15:13:18,512 20 loss=0.09312194270518019
2019-01-18 15:13:18,512 
*** Major Checkpoint. Computing Stats and Saving
2019-01-18 15:13:18,512 	 Computing Major Stats lazily... 
2019-01-18 15:13:18,513 		 Completed edges=56 good=56 bad=0
2019-01-18 15:13:18,514 Distortion avg=0.2557919670674459 wc=2.8402616284926165 me=1.3805533606661555 mc=2.0573356375896337 nan_elements=0
2019-01-18 15:13:18,514 MAP = 0.9333333333333333
2019-01-18 15:13:18,514 scale=[array([1.])]
2019-01-18 15:13:18,514 *** End Major Checkpoint

2019-01-18 15:13:18,515 21 loss=0.08895751150506688
2019-01-18 15:13:18,515 22 loss=0.08506423190026587
2019-01-18 15:13:18,516 23 loss=0.08139886689133
2019-01-18 15:13:18,516 24 loss=0.07792964382282368
2019-01-18 15:13:18,517 25 loss=0.07463336471882993
2019-01-18 15:13:18,517 26 loss=0.07149309823409133
2019-01-18 15:13:18,518 27 loss=0.06849638850736525
2019-01-18 15:13:18,518 28 loss=0.06563390357020546
2019-01-18 15:13:18,519 29 loss=0.06289844275246856
2019-01-18 15:13:18,519 30 loss=0.06028422668994077
2019-01-18 15:13:18,519 
*** Major Checkpoint. Computing Stats and Saving
2019-01-18 15:13:18,519 	 Computing Major Stats lazily... 
2019-01-18 15:13:18,520 		 Completed edges=56 good=56 bad=0
2019-01-18 15:13:18,521 Distortion avg=0.20866752934415692 wc=2.3175662180252132 me=1.3072464298405175 mc=1.7728610039561963 nan_elements=0
2019-01-18 15:13:18,521 MAP = 1.0
2019-01-18 15:13:18,521 scale=[array([1.])]
2019-01-18 15:13:18,521 *** End Major Checkpoint

2019-01-18 15:13:18,522 31 loss=0.05778640244975525
2019-01-18 15:13:18,522 32 loss=0.05540070745192599
2019-01-18 15:13:18,523 33 loss=0.053123247341478434
2019-01-18 15:13:18,523 34 loss=0.050950353498959884
2019-01-18 15:13:18,524 35 loss=0.04887849482470847
2019-01-18 15:13:18,524 36 loss=0.04690422560558215
2019-01-18 15:13:18,525 37 loss=0.04502415676692301
2019-01-18 15:13:18,525 38 loss=0.04323494186557377
2019-01-18 15:13:18,526 39 loss=0.04153327207618106
2019-01-18 15:13:18,526 40 loss=0.03991587643614071
2019-01-18 15:13:18,526 
*** Major Checkpoint. Computing Stats and Saving
2019-01-18 15:13:18,526 	 Computing Major Stats lazily... 
2019-01-18 15:13:18,527 		 Completed edges=56 good=56 bad=0
2019-01-18 15:13:18,528 Distortion avg=0.17095989581474283 wc=1.9210908581644393 me=1.2325545299572864 mc=1.5586254493998035 nan_elements=0
2019-01-18 15:13:18,528 MAP = 1.0
2019-01-18 15:13:18,528 scale=[array([1.])]
2019-01-18 15:13:18,528 *** End Major Checkpoint

2019-01-18 15:13:18,529 41 loss=0.03837952497905066
2019-01-18 15:13:18,529 42 loss=0.03692103328992457
2019-01-18 15:13:18,530 43 loss=0.03553726759997481
2019-01-18 15:13:18,530 44 loss=0.034225149908311873
2019-01-18 15:13:18,531 45 loss=0.03298166284581538
2019-01-18 15:13:18,531 46 loss=0.03180385413319473
2019-01-18 15:13:18,532 47 loss=0.030688840564784246
2019-01-18 15:13:18,532 48 loss=0.029633811494168032
2019-01-18 15:13:18,533 49 loss=0.028636031821583297
2019-01-18 15:13:18,533 50 loss=0.027692844495142244
2019-01-18 15:13:18,533 
*** Major Checkpoint. Computing Stats and Saving
2019-01-18 15:13:18,533 	 Computing Major Stats lazily... 
2019-01-18 15:13:18,534 		 Completed edges=56 good=56 bad=0
2019-01-18 15:13:18,535 Distortion avg=0.14297225923420023 wc=1.68509814736257 me=1.1986635242415729 mc=1.405814153249368 nan_elements=0
2019-01-18 15:13:18,535 MAP = 1.0
2019-01-18 15:13:18,535 scale=[array([1.])]
2019-01-18 15:13:18,535 *** End Major Checkpoint

2019-01-18 15:13:18,535 final loss=0.027692844495142244
2019-01-18 15:13:18,535 best loss=0.027692844495142244, distortion=0.14297225923420023, map=1.0, wc_dist=1.68509814736257
2019-01-18 15:13:18,536 	 Computing Major Stats lazily... 
2019-01-18 15:13:18,536 		 Completed edges=56 good=56 bad=0
2019-01-18 15:13:18,537 Distortion avg=0.1429722592342002 wc=1.68509814736257 me=1.1986635242415729 mc=1.405814153249368 nan_elements=0
2019-01-18 15:13:18,537 MAP = 1.0
2019-01-18 15:13:18,537 scale=[array([1.])]
