2019-01-18 15:05:09,481 Commandline ['pytorch/pytorch_hyperbolic.py', 'learn', 'data/edges/parsing/ewt/ewt_dev/1494.edges', '--dim', '0', '--hyp', '0', '--edim', '10', '--euc', '1', '--sdim', '0', '--sph', '0', '--log-name', 'ewt_devr2/1494.edges.E10-1.lr1.log', '--batch-size', '65536', '--epochs', '50', '--checkpoint-freq', '10', '-g', '--subsample', '1024', '--learning-rate', '1']
2019-01-18 15:05:09,481 No Model Save selected!
2019-01-18 15:05:09,483 Loaded Graph data/edges/parsing/ewt/ewt_dev/1494.edges with 4 nodes scale=1.0
2019-01-18 15:05:09,483 Building dataset
2019-01-18 15:05:09,483 Subsample: 4 points with scale 1.0 subsample=3
2019-01-18 15:05:09,486 Built Data Sampler
2019-01-18 15:05:09,486 Creating a fresh model warm_start?=None
2019-01-18 15:05:09,487 	 Warmstarting? None None 4
2019-01-18 15:05:09,487 Embedding() torch.Size([4, 10])
2019-01-18 15:05:09,487 relative No Rescale
2019-01-18 15:05:09,487 Constructed model with dim=0 and epochs=0 isnan=False
2019-01-18 15:05:09,488 SGD (
Parameter Group 0
    dampening: 0
    initial_lr: 0.1
    lr: 1.0
    momentum: 0.0
    nesterov: False
    weight_decay: 0

Parameter Group 1
    dampening: 0
    initial_lr: 0.1
    lr: 1.0
    momentum: 0.0
    nesterov: False
    weight_decay: 0

Parameter Group 2
    dampening: 0
    initial_lr: 0.1
    lr: 1.0
    momentum: 0.0
    nesterov: False
    weight_decay: 0

Parameter Group 3
    dampening: 0
    initial_lr: 0.0001
    lr: 0.001
    momentum: 0.0
    nesterov: False
    weight_decay: 0
)
2019-01-18 15:05:09,488 *** Initial Checkpoint. Computing Stats
2019-01-18 15:05:09,488 	 Computing Major Stats lazily... 
2019-01-18 15:05:09,488 		 Completed edges=12 good=12 bad=0
2019-01-18 15:05:09,489 Distortion avg=0.9968354072523257 wc=4.364565737859869 me=0.005628252251848828 mc=775.4744355010297 nan_elements=0
2019-01-18 15:05:09,489 MAP = 0.6875
2019-01-18 15:05:09,489 scale=[array([1.])]
2019-01-18 15:05:09,490 *** End Initial Checkpoint

2019-01-18 15:05:09,547 1 loss=0.9936832202789656
2019-01-18 15:05:09,548 2 loss=0.23329844994257695
2019-01-18 15:05:09,548 3 loss=0.18000549600636453
2019-01-18 15:05:09,548 4 loss=0.13725259061632808
2019-01-18 15:05:09,549 5 loss=0.10563354717664736
2019-01-18 15:05:09,549 6 loss=0.08203473461876658
2019-01-18 15:05:09,550 7 loss=0.06394433123042903
2019-01-18 15:05:09,550 8 loss=0.050057973783984834
2019-01-18 15:05:09,551 9 loss=0.0394915663247685
2019-01-18 15:05:09,551 10 loss=0.03147658558935556
2019-01-18 15:05:09,551 
*** Major Checkpoint. Computing Stats and Saving
2019-01-18 15:05:09,551 	 Computing Major Stats lazily... 
2019-01-18 15:05:09,551 		 Completed edges=12 good=12 bad=0
2019-01-18 15:05:09,552 Distortion avg=0.13800906450022393 wc=1.5497512855084115 me=1.0825695145853016 mc=1.4315489810389428 nan_elements=0
2019-01-18 15:05:09,552 MAP = 1.0
2019-01-18 15:05:09,553 scale=[array([1.])]
2019-01-18 15:05:09,553 *** End Major Checkpoint

2019-01-18 15:05:09,553 11 loss=0.025373881683033932
2019-01-18 15:05:09,553 12 loss=0.02069161074935885
2019-01-18 15:05:09,554 13 loss=0.017065236879576055
2019-01-18 15:05:09,554 14 loss=0.014227867830690218
2019-01-18 15:05:09,555 15 loss=0.01198446693917664
2019-01-18 15:05:09,555 16 loss=0.010192108548100843
2019-01-18 15:05:09,556 17 loss=0.008745477889064107
2019-01-18 15:05:09,557 18 loss=0.007566415151690194
2019-01-18 15:05:09,557 19 loss=0.006596437262388216
2019-01-18 15:05:09,558 20 loss=0.005791400675304815
2019-01-18 15:05:09,558 
*** Major Checkpoint. Computing Stats and Saving
2019-01-18 15:05:09,558 	 Computing Major Stats lazily... 
2019-01-18 15:05:09,558 		 Completed edges=12 good=12 bad=0
2019-01-18 15:05:09,559 Distortion avg=0.0621030751773432 wc=1.226053088108214 me=1.052970011716194 mc=1.164376073835112 nan_elements=0
2019-01-18 15:05:09,559 MAP = 1.0
2019-01-18 15:05:09,559 scale=[array([1.])]
2019-01-18 15:05:09,559 *** End Major Checkpoint

2019-01-18 15:05:09,560 21 loss=0.0051176854040206774
2019-01-18 15:05:09,560 22 loss=0.004549454991009301
2019-01-18 15:05:09,560 23 loss=0.0040666774579290995
2019-01-18 15:05:09,561 24 loss=0.0036536860374605344
2019-01-18 15:05:09,561 25 loss=0.0032981246112197132
2019-01-18 15:05:09,562 26 loss=0.002990168968913045
2019-01-18 15:05:09,562 27 loss=0.0027219471554712268
2019-01-18 15:05:09,563 28 loss=0.002487104556302525
2019-01-18 15:05:09,563 29 loss=0.0022804749941235315
2019-01-18 15:05:09,563 30 loss=0.0020978300613699614
2019-01-18 15:05:09,563 
*** Major Checkpoint. Computing Stats and Saving
2019-01-18 15:05:09,564 	 Computing Major Stats lazily... 
2019-01-18 15:05:09,564 		 Completed edges=12 good=12 bad=0
2019-01-18 15:05:09,565 Distortion avg=0.03773075126766248 wc=1.1347269881430408 me=1.0357491817278497 mc=1.095561558880573 nan_elements=0
2019-01-18 15:05:09,565 MAP = 1.0
2019-01-18 15:05:09,565 scale=[array([1.])]
2019-01-18 15:05:09,565 *** End Major Checkpoint

2019-01-18 15:05:09,565 31 loss=0.001935686627883235
2019-01-18 15:05:09,566 32 loss=0.0017911579324288794
2019-01-18 15:05:09,566 33 loss=0.0016618375678149843
2019-01-18 15:05:09,567 34 loss=0.0015457084709673621
2019-01-18 15:05:09,567 35 loss=0.0014410710550247948
2019-01-18 15:05:09,567 36 loss=0.0013464860953445274
2019-01-18 15:05:09,568 37 loss=0.0012607290624732813
2019-01-18 15:05:09,568 38 loss=0.0011827533931377382
2019-01-18 15:05:09,569 39 loss=0.0011116607832701202
2019-01-18 15:05:09,569 40 loss=0.0010466770306012988
2019-01-18 15:05:09,569 
*** Major Checkpoint. Computing Stats and Saving
2019-01-18 15:05:09,569 	 Computing Major Stats lazily... 
2019-01-18 15:05:09,569 		 Completed edges=12 good=12 bad=0
2019-01-18 15:05:09,570 Distortion avg=0.02666082994527977 wc=1.0946474705772171 me=1.0264372387320873 mc=1.0664533877681475 nan_elements=0
2019-01-18 15:05:09,570 MAP = 1.0
2019-01-18 15:05:09,570 scale=[array([1.])]
2019-01-18 15:05:09,570 *** End Major Checkpoint

2019-01-18 15:05:09,571 41 loss=0.0009871322882315451
2019-01-18 15:05:09,571 42 loss=0.0009324448435121184
2019-01-18 15:05:09,572 43 loss=0.0008821077293402917
2019-01-18 15:05:09,572 44 loss=0.0008356776227663589
2019-01-18 15:05:09,573 45 loss=0.0007927655997781789
2019-01-18 15:05:09,573 46 loss=0.0007530294035012221
2019-01-18 15:05:09,573 47 loss=0.0007161669519479709
2019-01-18 15:05:09,574 48 loss=0.0006819108654429005
2019-01-18 15:05:09,574 49 loss=0.0006500238363768498
2019-01-18 15:05:09,575 50 loss=0.0006202946976043537
2019-01-18 15:05:09,575 
*** Major Checkpoint. Computing Stats and Saving
2019-01-18 15:05:09,575 	 Computing Major Stats lazily... 
2019-01-18 15:05:09,575 		 Completed edges=12 good=12 bad=0
2019-01-18 15:05:09,576 Distortion avg=0.02049585757755321 wc=1.0725984493435377 me=1.02082297996809 mc=1.0507193415425133 nan_elements=0
2019-01-18 15:05:09,576 MAP = 1.0
2019-01-18 15:05:09,576 scale=[array([1.])]
2019-01-18 15:05:09,576 *** End Major Checkpoint

2019-01-18 15:05:09,576 final loss=0.0006202946976043537
2019-01-18 15:05:09,576 best loss=0.0006202946976043537, distortion=0.02049585757755321, map=1.0, wc_dist=1.0725984493435377
2019-01-18 15:05:09,576 	 Computing Major Stats lazily... 
2019-01-18 15:05:09,577 		 Completed edges=12 good=12 bad=0
2019-01-18 15:05:09,577 Distortion avg=0.02049585757755321 wc=1.0725984493435377 me=1.02082297996809 mc=1.0507193415425133 nan_elements=0
2019-01-18 15:05:09,577 MAP = 1.0
2019-01-18 15:05:09,578 scale=[array([1.])]
