2019-01-18 15:12:22,093 Commandline ['pytorch/pytorch_hyperbolic.py', 'learn', 'data/edges/parsing/ewt/ewt_dev/1502.edges', '--dim', '0', '--hyp', '0', '--edim', '10', '--euc', '1', '--sdim', '0', '--sph', '0', '--log-name', 'ewt_devr2/1502.edges.E10-1.lr1.log', '--batch-size', '65536', '--epochs', '50', '--checkpoint-freq', '10', '-g', '--subsample', '1024', '--learning-rate', '1']
2019-01-18 15:12:22,093 No Model Save selected!
2019-01-18 15:12:22,095 Loaded Graph data/edges/parsing/ewt/ewt_dev/1502.edges with 9 nodes scale=1.0
2019-01-18 15:12:22,095 Building dataset
2019-01-18 15:12:22,095 Subsample: 9 points with scale 1.0 subsample=8
2019-01-18 15:12:22,102 Built Data Sampler
2019-01-18 15:12:22,103 Creating a fresh model warm_start?=None
2019-01-18 15:12:22,103 	 Warmstarting? None None 9
2019-01-18 15:12:22,103 Embedding() torch.Size([9, 10])
2019-01-18 15:12:22,103 relative No Rescale
2019-01-18 15:12:22,103 Constructed model with dim=0 and epochs=0 isnan=False
2019-01-18 15:12:22,104 SGD (
Parameter Group 0
    dampening: 0
    initial_lr: 0.1
    lr: 1.0
    momentum: 0.0
    nesterov: False
    weight_decay: 0

Parameter Group 1
    dampening: 0
    initial_lr: 0.1
    lr: 1.0
    momentum: 0.0
    nesterov: False
    weight_decay: 0

Parameter Group 2
    dampening: 0
    initial_lr: 0.1
    lr: 1.0
    momentum: 0.0
    nesterov: False
    weight_decay: 0

Parameter Group 3
    dampening: 0
    initial_lr: 0.0001
    lr: 0.001
    momentum: 0.0
    nesterov: False
    weight_decay: 0
)
2019-01-18 15:12:22,104 *** Initial Checkpoint. Computing Stats
2019-01-18 15:12:22,104 	 Computing Major Stats lazily... 
2019-01-18 15:12:22,105 		 Completed edges=72 good=72 bad=0
2019-01-18 15:12:22,107 Distortion avg=0.9976667309108235 wc=7.691898900099093 me=0.005628252251848828 mc=1366.658521314921 nan_elements=0
2019-01-18 15:12:22,107 MAP = 0.41291887125220444
2019-01-18 15:12:22,107 scale=[array([1.])]
2019-01-18 15:12:22,107 *** End Initial Checkpoint

2019-01-18 15:12:22,166 1 loss=0.9953404767998022
2019-01-18 15:12:22,167 2 loss=0.7438103290404029
2019-01-18 15:12:22,167 3 loss=0.5811556319881298
2019-01-18 15:12:22,168 4 loss=0.481158114151948
2019-01-18 15:12:22,168 5 loss=0.4167839506827485
2019-01-18 15:12:22,169 6 loss=0.3727048657718435
2019-01-18 15:12:22,169 7 loss=0.3405527977071403
2019-01-18 15:12:22,170 8 loss=0.31571683286540353
2019-01-18 15:12:22,170 9 loss=0.29559228854119834
2019-01-18 15:12:22,171 10 loss=0.278657701181327
2019-01-18 15:12:22,171 
*** Major Checkpoint. Computing Stats and Saving
2019-01-18 15:12:22,171 	 Computing Major Stats lazily... 
2019-01-18 15:12:22,171 		 Completed edges=72 good=72 bad=0
2019-01-18 15:12:22,173 Distortion avg=0.4747563368382985 wc=6.641490380721739 me=1.4218937823767055 mc=4.670876589403493 nan_elements=0
2019-01-18 15:12:22,173 MAP = 0.30753968253968256
2019-01-18 15:12:22,173 scale=[array([1.])]
2019-01-18 15:12:22,173 *** End Major Checkpoint

2019-01-18 15:12:22,174 11 loss=0.26398874684533047
2019-01-18 15:12:22,174 12 loss=0.25099917923048376
2019-01-18 15:12:22,174 13 loss=0.23930023306504392
2019-01-18 15:12:22,175 14 loss=0.2286226743702707
2019-01-18 15:12:22,175 15 loss=0.218772568135831
2019-01-18 15:12:22,176 16 loss=0.20960554260700456
2019-01-18 15:12:22,176 17 loss=0.20101138928524018
2019-01-18 15:12:22,177 18 loss=0.1929045341304626
2019-01-18 15:12:22,177 19 loss=0.18521789154963444
2019-01-18 15:12:22,178 20 loss=0.17789869402760317
2019-01-18 15:12:22,178 
*** Major Checkpoint. Computing Stats and Saving
2019-01-18 15:12:22,178 	 Computing Major Stats lazily... 
2019-01-18 15:12:22,178 		 Completed edges=72 good=72 bad=0
2019-01-18 15:12:22,180 Distortion avg=0.3723818927626761 wc=4.680044097571406 me=1.4455838000326582 mc=3.2374768570771724 nan_elements=0
2019-01-18 15:12:22,180 MAP = 0.6561728395061728
2019-01-18 15:12:22,180 scale=[array([1.])]
2019-01-18 15:12:22,180 *** End Major Checkpoint

2019-01-18 15:12:22,181 21 loss=0.17090549570461772
2019-01-18 15:12:22,181 22 loss=0.1642058938123383
2019-01-18 15:12:22,182 23 loss=0.15777471134469423
2019-01-18 15:12:22,182 24 loss=0.15159249921642085
2019-01-18 15:12:22,183 25 loss=0.14564428097988835
2019-01-18 15:12:22,183 26 loss=0.1399184980978626
2019-01-18 15:12:22,184 27 loss=0.13440613104901253
2019-01-18 15:12:22,184 28 loss=0.12909997881130514
2019-01-18 15:12:22,185 29 loss=0.12399408132161785
2019-01-18 15:12:22,185 30 loss=0.11908326929602094
2019-01-18 15:12:22,185 
*** Major Checkpoint. Computing Stats and Saving
2019-01-18 15:12:22,185 	 Computing Major Stats lazily... 
2019-01-18 15:12:22,186 		 Completed edges=72 good=72 bad=0
2019-01-18 15:12:22,187 Distortion avg=0.2942074783920993 wc=3.4893640784843525 me=1.3854791805246822 mc=2.5185250904765866 nan_elements=0
2019-01-18 15:12:22,187 MAP = 1.0
2019-01-18 15:12:22,188 scale=[array([1.])]
2019-01-18 15:12:22,188 *** End Major Checkpoint

2019-01-18 15:12:22,188 31 loss=0.11436282502402825
2019-01-18 15:12:22,189 32 loss=0.10982823730287104
2019-01-18 15:12:22,189 33 loss=0.10547503390101672
2019-01-18 15:12:22,190 34 loss=0.10129867586050072
2019-01-18 15:12:22,190 35 loss=0.09729449942573377
2019-01-18 15:12:22,191 36 loss=0.09345769322008228
2019-01-18 15:12:22,191 37 loss=0.08978330027903637
2019-01-18 15:12:22,192 38 loss=0.08626623652237142
2019-01-18 15:12:22,192 39 loss=0.08290131908596263
2019-01-18 15:12:22,193 40 loss=0.07968329956156575
2019-01-18 15:12:22,193 
*** Major Checkpoint. Computing Stats and Saving
2019-01-18 15:12:22,193 	 Computing Major Stats lazily... 
2019-01-18 15:12:22,193 		 Completed edges=72 good=72 bad=0
2019-01-18 15:12:22,195 Distortion avg=0.23689047294433138 wc=2.6930561567366493 me=1.290690538806224 mc=2.086523512620997 nan_elements=0
2019-01-18 15:12:22,195 MAP = 1.0
2019-01-18 15:12:22,195 scale=[array([1.])]
2019-01-18 15:12:22,195 *** End Major Checkpoint

2019-01-18 15:12:22,196 41 loss=0.0766068985738412
2019-01-18 15:12:22,196 42 loss=0.0736668392517536
2019-01-18 15:12:22,197 43 loss=0.0708578780399935
2019-01-18 15:12:22,197 44 loss=0.06817483197106274
2019-01-18 15:12:22,198 45 loss=0.06561260201170457
2019-01-18 15:12:22,198 46 loss=0.06316619244128531
2019-01-18 15:12:22,199 47 loss=0.060830726445744915
2019-01-18 15:12:22,199 48 loss=0.058601458246714415
2019-01-18 15:12:22,200 49 loss=0.056473782155143676
2019-01-18 15:12:22,200 50 loss=0.0544432389618224
2019-01-18 15:12:22,200 
*** Major Checkpoint. Computing Stats and Saving
2019-01-18 15:12:22,201 	 Computing Major Stats lazily... 
2019-01-18 15:12:22,201 		 Completed edges=72 good=72 bad=0
2019-01-18 15:12:22,203 Distortion avg=0.19270368478409491 wc=2.2134185893846596 me=1.2194669789010546 mc=1.8150705412124593 nan_elements=0
2019-01-18 15:12:22,203 MAP = 1.0
2019-01-18 15:12:22,203 scale=[array([1.])]
2019-01-18 15:12:22,203 *** End Major Checkpoint

2019-01-18 15:12:22,203 final loss=0.0544432389618224
2019-01-18 15:12:22,203 best loss=0.0544432389618224, distortion=0.19270368478409491, map=1.0, wc_dist=2.2134185893846596
2019-01-18 15:12:22,203 	 Computing Major Stats lazily... 
2019-01-18 15:12:22,204 		 Completed edges=72 good=72 bad=0
2019-01-18 15:12:22,205 Distortion avg=0.19270368478409491 wc=2.2134185893846596 me=1.2194669789010546 mc=1.8150705412124593 nan_elements=0
2019-01-18 15:12:22,205 MAP = 1.0
2019-01-18 15:12:22,205 scale=[array([1.])]
