2019-01-18 15:02:43,586 Commandline ['pytorch/pytorch_hyperbolic.py', 'learn', 'data/edges/parsing/ewt/ewt_dev/1505.edges', '--dim', '0', '--hyp', '0', '--edim', '10', '--euc', '1', '--sdim', '0', '--sph', '0', '--log-name', 'ewt_devr2/1505.edges.E10-1.lr1.log', '--batch-size', '65536', '--epochs', '50', '--checkpoint-freq', '10', '-g', '--subsample', '1024', '--learning-rate', '1']
2019-01-18 15:02:43,586 No Model Save selected!
2019-01-18 15:02:43,588 Loaded Graph data/edges/parsing/ewt/ewt_dev/1505.edges with 8 nodes scale=1.0
2019-01-18 15:02:43,588 Building dataset
2019-01-18 15:02:43,588 Subsample: 8 points with scale 1.0 subsample=7
2019-01-18 15:02:43,594 Built Data Sampler
2019-01-18 15:02:43,594 Creating a fresh model warm_start?=None
2019-01-18 15:02:43,595 	 Warmstarting? None None 8
2019-01-18 15:02:43,595 Embedding() torch.Size([8, 10])
2019-01-18 15:02:43,595 relative No Rescale
2019-01-18 15:02:43,595 Constructed model with dim=0 and epochs=0 isnan=False
2019-01-18 15:02:43,596 SGD (
Parameter Group 0
    dampening: 0
    initial_lr: 0.1
    lr: 1.0
    momentum: 0.0
    nesterov: False
    weight_decay: 0

Parameter Group 1
    dampening: 0
    initial_lr: 0.1
    lr: 1.0
    momentum: 0.0
    nesterov: False
    weight_decay: 0

Parameter Group 2
    dampening: 0
    initial_lr: 0.1
    lr: 1.0
    momentum: 0.0
    nesterov: False
    weight_decay: 0

Parameter Group 3
    dampening: 0
    initial_lr: 0.0001
    lr: 0.001
    momentum: 0.0
    nesterov: False
    weight_decay: 0
)
2019-01-18 15:02:43,596 *** Initial Checkpoint. Computing Stats
2019-01-18 15:02:43,596 	 Computing Major Stats lazily... 
2019-01-18 15:02:43,597 		 Completed edges=56 good=56 bad=0
2019-01-18 15:02:43,598 Distortion avg=0.9973110056625524 wc=4.79982787040662 me=0.005982886981094694 mc=802.259492043487 nan_elements=0
2019-01-18 15:02:43,598 MAP = 0.5647321428571429
2019-01-18 15:02:43,599 scale=[array([1.])]
2019-01-18 15:02:43,599 *** End Initial Checkpoint

2019-01-18 15:02:43,655 1 loss=0.9946308195127853
2019-01-18 15:02:43,656 2 loss=0.6578325033187699
2019-01-18 15:02:43,657 3 loss=0.47572961438372524
2019-01-18 15:02:43,657 4 loss=0.3775164464607005
2019-01-18 15:02:43,658 5 loss=0.31634867606421324
2019-01-18 15:02:43,658 6 loss=0.2729475781299137
2019-01-18 15:02:43,658 7 loss=0.23941342197868343
2019-01-18 15:02:43,659 8 loss=0.21226436071983015
2019-01-18 15:02:43,660 9 loss=0.18975426304499146
2019-01-18 15:02:43,660 10 loss=0.17085360237455668
2019-01-18 15:02:43,660 
*** Major Checkpoint. Computing Stats and Saving
2019-01-18 15:02:43,660 	 Computing Major Stats lazily... 
2019-01-18 15:02:43,661 		 Completed edges=56 good=56 bad=0
2019-01-18 15:02:43,662 Distortion avg=0.362016490244713 wc=3.52136302835345 me=1.3043221157226996 mc=2.6997648708902946 nan_elements=0
2019-01-18 15:02:43,662 MAP = 0.6645833333333333
2019-01-18 15:02:43,662 scale=[array([1.])]
2019-01-18 15:02:43,662 *** End Major Checkpoint

2019-01-18 15:02:43,663 11 loss=0.15485804202848433
2019-01-18 15:02:43,663 12 loss=0.14123422057037857
2019-01-18 15:02:43,664 13 loss=0.12955600892036992
2019-01-18 15:02:43,664 14 loss=0.11947553803101056
2019-01-18 15:02:43,665 15 loss=0.11070761245306822
2019-01-18 15:02:43,665 16 loss=0.10301929891462822
2019-01-18 15:02:43,666 17 loss=0.09622162524606949
2019-01-18 15:02:43,666 18 loss=0.09016234357881871
2019-01-18 15:02:43,667 19 loss=0.08471947810185358
2019-01-18 15:02:43,667 20 loss=0.07979563338033246
2019-01-18 15:02:43,667 
*** Major Checkpoint. Computing Stats and Saving
2019-01-18 15:02:43,667 	 Computing Major Stats lazily... 
2019-01-18 15:02:43,668 		 Completed edges=56 good=56 bad=0
2019-01-18 15:02:43,669 Distortion avg=0.24164334745104502 wc=2.5579238850632393 me=1.293548312813632 mc=1.9774475059995478 nan_elements=0
2019-01-18 15:02:43,669 MAP = 1.0
2019-01-18 15:02:43,669 scale=[array([1.])]
2019-01-18 15:02:43,669 *** End Major Checkpoint

2019-01-18 15:02:43,670 21 loss=0.0753130894908081
2019-01-18 15:02:43,670 22 loss=0.07120968586045419
2019-01-18 15:02:43,671 23 loss=0.06743545407879635
2019-01-18 15:02:43,671 24 loss=0.06394992508895435
2019-01-18 15:02:43,672 25 loss=0.06072001584714421
2019-01-18 15:02:43,672 26 loss=0.05771839460427043
2019-01-18 15:02:43,673 27 loss=0.05492222886043203
2019-01-18 15:02:43,673 28 loss=0.05231223144211862
2019-01-18 15:02:43,674 29 loss=0.04987193430503424
2019-01-18 15:02:43,674 30 loss=0.04758713392310506
2019-01-18 15:02:43,674 
*** Major Checkpoint. Computing Stats and Saving
2019-01-18 15:02:43,674 	 Computing Major Stats lazily... 
2019-01-18 15:02:43,675 		 Completed edges=56 good=56 bad=0
2019-01-18 15:02:43,676 Distortion avg=0.1880578186907549 wc=2.078356935505579 me=1.2404207324437937 mc=1.6755257963247192 nan_elements=0
2019-01-18 15:02:43,676 MAP = 1.0
2019-01-18 15:02:43,676 scale=[array([1.])]
2019-01-18 15:02:43,677 *** End Major Checkpoint

2019-01-18 15:02:43,677 31 loss=0.04544546494016236
2019-01-18 15:02:43,677 32 loss=0.043436069456844965
2019-01-18 15:02:43,678 33 loss=0.04154933779624239
2019-01-18 15:02:43,678 34 loss=0.039776703048776195
2019-01-18 15:02:43,679 35 loss=0.03811047648325617
2019-01-18 15:02:43,680 36 loss=0.03654371439036128
2019-01-18 15:02:43,680 37 loss=0.035070109422639446
2019-01-18 15:02:43,681 38 loss=0.03368390127753033
2019-01-18 15:02:43,681 39 loss=0.03237980284157276
2019-01-18 15:02:43,682 40 loss=0.031152938825949796
2019-01-18 15:02:43,682 
*** Major Checkpoint. Computing Stats and Saving
2019-01-18 15:02:43,682 	 Computing Major Stats lazily... 
2019-01-18 15:02:43,682 		 Completed edges=56 good=56 bad=0
2019-01-18 15:02:43,684 Distortion avg=0.15090830144851505 wc=1.7899028943124713 me=1.202539975495023 mc=1.4884352543670423 nan_elements=0
2019-01-18 15:02:43,684 MAP = 1.0
2019-01-18 15:02:43,684 scale=[array([1.])]
2019-01-18 15:02:43,684 *** End Major Checkpoint

2019-01-18 15:02:43,684 41 loss=0.029998794584129695
2019-01-18 15:02:43,685 42 loss=0.028913173287596423
2019-01-18 15:02:43,685 43 loss=0.027892159998153622
2019-01-18 15:02:43,686 44 loss=0.026932091451173916
2019-01-18 15:02:43,686 45 loss=0.026029530578190713
2019-01-18 15:02:43,687 46 loss=0.02518124496635285
2019-01-18 15:02:43,687 47 loss=0.024384188588168817
2019-01-18 15:02:43,688 48 loss=0.023635486245786225
2019-01-18 15:02:43,688 49 loss=0.02293242026550671
2019-01-18 15:02:43,689 50 loss=0.022272419054422548
2019-01-18 15:02:43,689 
*** Major Checkpoint. Computing Stats and Saving
2019-01-18 15:02:43,689 	 Computing Major Stats lazily... 
2019-01-18 15:02:43,689 		 Completed edges=56 good=56 bad=0
2019-01-18 15:02:43,691 Distortion avg=0.12576394092851925 wc=1.6383903619133853 me=1.1992432575890852 mc=1.3661868445332312 nan_elements=0
2019-01-18 15:02:43,691 MAP = 1.0
2019-01-18 15:02:43,691 scale=[array([1.])]
2019-01-18 15:02:43,691 *** End Major Checkpoint

2019-01-18 15:02:43,691 final loss=0.022272419054422548
2019-01-18 15:02:43,691 best loss=0.022272419054422548, distortion=0.12576394092851925, map=1.0, wc_dist=1.6383903619133853
2019-01-18 15:02:43,691 	 Computing Major Stats lazily... 
2019-01-18 15:02:43,692 		 Completed edges=56 good=56 bad=0
2019-01-18 15:02:43,693 Distortion avg=0.12576394092851925 wc=1.6383903619133853 me=1.1992432575890852 mc=1.3661868445332312 nan_elements=0
2019-01-18 15:02:43,693 MAP = 1.0
2019-01-18 15:02:43,693 scale=[array([1.])]
