2019-01-18 14:51:22,657 Commandline ['pytorch/pytorch_hyperbolic.py', 'learn', 'data/edges/parsing/ewt/ewt_dev/1518.edges', '--dim', '0', '--hyp', '0', '--edim', '10', '--euc', '1', '--sdim', '0', '--sph', '0', '--log-name', 'ewt_devr2/1518.edges.E10-1.lr1.log', '--batch-size', '65536', '--epochs', '50', '--checkpoint-freq', '10', '-g', '--subsample', '1024', '--learning-rate', '1']
2019-01-18 14:51:22,657 No Model Save selected!
2019-01-18 14:51:22,659 Loaded Graph data/edges/parsing/ewt/ewt_dev/1518.edges with 9 nodes scale=1.0
2019-01-18 14:51:22,659 Building dataset
2019-01-18 14:51:22,660 Subsample: 9 points with scale 1.0 subsample=8
2019-01-18 14:51:22,668 Built Data Sampler
2019-01-18 14:51:22,668 Creating a fresh model warm_start?=None
2019-01-18 14:51:22,669 	 Warmstarting? None None 9
2019-01-18 14:51:22,669 Embedding() torch.Size([9, 10])
2019-01-18 14:51:22,669 relative No Rescale
2019-01-18 14:51:22,669 Constructed model with dim=0 and epochs=0 isnan=False
2019-01-18 14:51:22,670 SGD (
Parameter Group 0
    dampening: 0
    initial_lr: 0.1
    lr: 1.0
    momentum: 0.0
    nesterov: False
    weight_decay: 0

Parameter Group 1
    dampening: 0
    initial_lr: 0.1
    lr: 1.0
    momentum: 0.0
    nesterov: False
    weight_decay: 0

Parameter Group 2
    dampening: 0
    initial_lr: 0.1
    lr: 1.0
    momentum: 0.0
    nesterov: False
    weight_decay: 0

Parameter Group 3
    dampening: 0
    initial_lr: 0.0001
    lr: 0.001
    momentum: 0.0
    nesterov: False
    weight_decay: 0
)
2019-01-18 14:51:22,670 *** Initial Checkpoint. Computing Stats
2019-01-18 14:51:22,670 	 Computing Major Stats lazily... 
2019-01-18 14:51:22,671 		 Completed edges=72 good=72 bad=0
2019-01-18 14:51:22,672 Distortion avg=0.9977180403481287 wc=6.089602205018231 me=0.005941110731069004 mc=1024.9938909861908 nan_elements=0
2019-01-18 14:51:22,672 MAP = 0.43152557319223983
2019-01-18 14:51:22,673 scale=[array([1.])]
2019-01-18 14:51:22,673 *** End Initial Checkpoint

2019-01-18 14:51:22,729 1 loss=0.9954430158292009
2019-01-18 14:51:22,729 2 loss=0.7543213151822991
2019-01-18 14:51:22,730 3 loss=0.5938961876497514
2019-01-18 14:51:22,730 4 loss=0.49423813255793864
2019-01-18 14:51:22,731 5 loss=0.4306221348409385
2019-01-18 14:51:22,731 6 loss=0.38792941305625
2019-01-18 14:51:22,732 7 loss=0.3574863573811128
2019-01-18 14:51:22,732 8 loss=0.3343800047548407
2019-01-18 14:51:22,733 9 loss=0.3158221234967289
2019-01-18 14:51:22,733 10 loss=0.30021473581971986
2019-01-18 14:51:22,733 
*** Major Checkpoint. Computing Stats and Saving
2019-01-18 14:51:22,733 	 Computing Major Stats lazily... 
2019-01-18 14:51:22,734 		 Completed edges=72 good=72 bad=0
2019-01-18 14:51:22,735 Distortion avg=0.4960533814676355 wc=6.731358470459791 me=1.4386554448057296 mc=4.678923292414027 nan_elements=0
2019-01-18 14:51:22,735 MAP = 0.24925044091710757
2019-01-18 14:51:22,735 scale=[array([1.])]
2019-01-18 14:51:22,736 *** End Major Checkpoint

2019-01-18 14:51:22,736 11 loss=0.2866266146187758
2019-01-18 14:51:22,736 12 loss=0.27450154302714647
2019-01-18 14:51:22,737 13 loss=0.26349566749440106
2019-01-18 14:51:22,738 14 loss=0.25338658899806543
2019-01-18 14:51:22,738 15 loss=0.24402239930694883
2019-01-18 14:51:22,739 16 loss=0.23529303637846744
2019-01-18 14:51:22,739 17 loss=0.22711414809485497
2019-01-18 14:51:22,739 18 loss=0.2194179738325172
2019-01-18 14:51:22,740 19 loss=0.2121481559127663
2019-01-18 14:51:22,740 20 loss=0.20525673947996134
2019-01-18 14:51:22,740 
*** Major Checkpoint. Computing Stats and Saving
2019-01-18 14:51:22,741 	 Computing Major Stats lazily... 
2019-01-18 14:51:22,741 		 Completed edges=72 good=72 bad=0
2019-01-18 14:51:22,742 Distortion avg=0.40469677599054 wc=4.781778607128261 me=1.4347943275586839 mc=3.332727566092697 nan_elements=0
2019-01-18 14:51:22,742 MAP = 0.6876543209876543
2019-01-18 14:51:22,743 scale=[array([1.])]
2019-01-18 14:51:22,743 *** End Major Checkpoint

2019-01-18 14:51:22,743 21 loss=0.19870237988197603
2019-01-18 14:51:22,744 22 loss=0.19244920873346624
2019-01-18 14:51:22,744 23 loss=0.18646605583575393
2019-01-18 14:51:22,745 24 loss=0.1807258635831931
2019-01-18 14:51:22,745 25 loss=0.17520520853429422
2019-01-18 14:51:22,746 26 loss=0.1698838874472275
2019-01-18 14:51:22,746 27 loss=0.16474454743372288
2019-01-18 14:51:22,747 28 loss=0.1597723508970628
2019-01-18 14:51:22,747 29 loss=0.15495467084079495
2019-01-18 14:51:22,748 30 loss=0.15028081401078755
2019-01-18 14:51:22,748 
*** Major Checkpoint. Computing Stats and Saving
2019-01-18 14:51:22,748 	 Computing Major Stats lazily... 
2019-01-18 14:51:22,748 		 Completed edges=72 good=72 bad=0
2019-01-18 14:51:22,750 Distortion avg=0.33416916484681697 wc=3.8512639268580284 me=1.3776902867736045 mc=2.7954497203266597 nan_elements=0
2019-01-18 14:51:22,750 MAP = 0.8919753086419754
2019-01-18 14:51:22,750 scale=[array([1.])]
2019-01-18 14:51:22,750 *** End Major Checkpoint

2019-01-18 14:51:22,751 31 loss=0.1457417698674349
2019-01-18 14:51:22,751 32 loss=0.1413299834645501
2019-01-18 14:51:22,752 33 loss=0.13703915034052686
2019-01-18 14:51:22,752 34 loss=0.13286403163950025
2019-01-18 14:51:22,753 35 loss=0.12880028787588244
2019-01-18 14:51:22,753 36 loss=0.12484432998535344
2019-01-18 14:51:22,754 37 loss=0.12099318651641876
2019-01-18 14:51:22,755 38 loss=0.11724438597393222
2019-01-18 14:51:22,756 39 loss=0.11359585341698833
2019-01-18 14:51:22,756 40 loss=0.11004582044429462
2019-01-18 14:51:22,756 
*** Major Checkpoint. Computing Stats and Saving
2019-01-18 14:51:22,757 	 Computing Major Stats lazily... 
2019-01-18 14:51:22,757 		 Completed edges=72 good=72 bad=0
2019-01-18 14:51:22,759 Distortion avg=0.2824656988623761 wc=3.2590913460535833 me=1.3341024993249795 mc=2.442909257499028 nan_elements=0
2019-01-18 14:51:22,759 MAP = 1.0
2019-01-18 14:51:22,759 scale=[array([1.])]
2019-01-18 14:51:22,759 *** End Major Checkpoint

2019-01-18 14:51:22,760 41 loss=0.10659274768762018
2019-01-18 14:51:22,760 42 loss=0.10323525889893716
2019-01-18 14:51:22,761 43 loss=0.09997208567839391
2019-01-18 14:51:22,761 44 loss=0.09680202186229028
2019-01-18 14:51:22,762 45 loss=0.09372388658092326
2019-01-18 14:51:22,762 46 loss=0.09073649500833172
2019-01-18 14:51:22,763 47 loss=0.08783863585840748
2019-01-18 14:51:22,763 48 loss=0.08502905473091664
2019-01-18 14:51:22,764 49 loss=0.08230644247200414
2019-01-18 14:51:22,764 50 loss=0.079669427782009
2019-01-18 14:51:22,764 
*** Major Checkpoint. Computing Stats and Saving
2019-01-18 14:51:22,764 	 Computing Major Stats lazily... 
2019-01-18 14:51:22,765 		 Completed edges=72 good=72 bad=0
2019-01-18 14:51:22,766 Distortion avg=0.23665562779634788 wc=2.7369686556042123 me=1.2785139237636776 mc=2.1407421575411156 nan_elements=0
2019-01-18 14:51:22,767 MAP = 1.0
2019-01-18 14:51:22,767 scale=[array([1.])]
2019-01-18 14:51:22,767 *** End Major Checkpoint

2019-01-18 14:51:22,767 final loss=0.079669427782009
2019-01-18 14:51:22,767 best loss=0.079669427782009, distortion=0.23665562779634788, map=1.0, wc_dist=2.7369686556042123
2019-01-18 14:51:22,767 	 Computing Major Stats lazily... 
2019-01-18 14:51:22,767 		 Completed edges=72 good=72 bad=0
2019-01-18 14:51:22,769 Distortion avg=0.23665562779634788 wc=2.7369686556042123 me=1.2785139237636776 mc=2.1407421575411156 nan_elements=0
2019-01-18 14:51:22,769 MAP = 1.0
2019-01-18 14:51:22,769 scale=[array([1.])]
