2019-01-18 14:42:26,902 Commandline ['pytorch/pytorch_hyperbolic.py', 'learn', 'data/edges/parsing/ewt/ewt_dev/1527.edges', '--dim', '0', '--hyp', '0', '--edim', '10', '--euc', '1', '--sdim', '0', '--sph', '0', '--log-name', 'ewt_devr2/1527.edges.E10-1.lr1.log', '--batch-size', '65536', '--epochs', '50', '-g', '--subsample', '1024', '--learning-rate', '1']
2019-01-18 14:42:26,902 No Model Save selected!
2019-01-18 14:42:26,904 Loaded Graph data/edges/parsing/ewt/ewt_dev/1527.edges with 12 nodes scale=1.0
2019-01-18 14:42:26,904 Building dataset
2019-01-18 14:42:26,904 Subsample: 12 points with scale 1.0 subsample=11
2019-01-18 14:42:26,915 Built Data Sampler
2019-01-18 14:42:26,915 Creating a fresh model warm_start?=None
2019-01-18 14:42:26,915 	 Warmstarting? None None 12
2019-01-18 14:42:26,916 Embedding() torch.Size([12, 10])
2019-01-18 14:42:26,916 relative No Rescale
2019-01-18 14:42:26,916 Constructed model with dim=0 and epochs=0 isnan=False
2019-01-18 14:42:26,916 SGD (
Parameter Group 0
    dampening: 0
    initial_lr: 0.1
    lr: 1.0
    momentum: 0.0
    nesterov: False
    weight_decay: 0

Parameter Group 1
    dampening: 0
    initial_lr: 0.1
    lr: 1.0
    momentum: 0.0
    nesterov: False
    weight_decay: 0

Parameter Group 2
    dampening: 0
    initial_lr: 0.1
    lr: 1.0
    momentum: 0.0
    nesterov: False
    weight_decay: 0

Parameter Group 3
    dampening: 0
    initial_lr: 0.0001
    lr: 0.001
    momentum: 0.0
    nesterov: False
    weight_decay: 0
)
2019-01-18 14:42:26,916 *** Initial Checkpoint. Computing Stats
2019-01-18 14:42:26,916 	 Computing Major Stats lazily... 
2019-01-18 14:42:26,917 		 Completed edges=132 good=132 bad=0
2019-01-18 14:42:26,919 Distortion avg=0.9978648481771737 wc=7.821769303279778 me=0.005628252251848828 mc=1389.7332516875733 nan_elements=0
2019-01-18 14:42:26,919 MAP = 0.2637127725669392
2019-01-18 14:42:26,920 scale=[array([1.])]
2019-01-18 14:42:26,920 *** End Initial Checkpoint

2019-01-18 14:42:26,984 1 loss=0.9957356950336504
2019-01-18 14:42:26,985 2 loss=0.8220669457750797
2019-01-18 14:42:26,985 3 loss=0.6911572076461088
2019-01-18 14:42:26,986 4 loss=0.5953093718767553
2019-01-18 14:42:26,986 5 loss=0.5235497093129751
2019-01-18 14:42:26,987 6 loss=0.46831871998315394
2019-01-18 14:42:26,987 7 loss=0.4246232333666267
2019-01-18 14:42:26,988 8 loss=0.38916892289888266
2019-01-18 14:42:26,988 9 loss=0.3597592532936679
2019-01-18 14:42:26,989 10 loss=0.3349055747033014
2019-01-18 14:42:26,989 11 loss=0.31357852981805057
2019-01-18 14:42:26,990 12 loss=0.295049919953013
2019-01-18 14:42:26,991 13 loss=0.2787916916554344
2019-01-18 14:42:26,991 14 loss=0.26441092031731167
2019-01-18 14:42:26,992 15 loss=0.25160755967026754
2019-01-18 14:42:26,992 16 loss=0.24014668374453665
2019-01-18 14:42:26,993 17 loss=0.22984003035262823
2019-01-18 14:42:26,993 18 loss=0.22053356855297526
2019-01-18 14:42:26,994 19 loss=0.21209900408506194
2019-01-18 14:42:26,994 20 loss=0.20442788340806986
2019-01-18 14:42:26,995 21 loss=0.1974274286280555
2019-01-18 14:42:26,996 22 loss=0.19101753626244733
2019-01-18 14:42:26,996 23 loss=0.1851285662712039
2019-01-18 14:42:26,997 24 loss=0.17969967344683163
2019-01-18 14:42:26,997 25 loss=0.1746775155790468
2019-01-18 14:42:26,998 26 loss=0.1700152271591318
2019-01-18 14:42:26,998 27 loss=0.16567158350787226
2019-01-18 14:42:26,999 28 loss=0.16161030434390486
2019-01-18 14:42:26,999 29 loss=0.1577994619996619
2019-01-18 14:42:27,000 30 loss=0.15421097038331733
2019-01-18 14:42:27,001 31 loss=0.1508201381209715
2019-01-18 14:42:27,001 32 loss=0.14760527425325154
2019-01-18 14:42:27,002 33 loss=0.14454733818123688
2019-01-18 14:42:27,002 34 loss=0.14162962778176022
2019-01-18 14:42:27,003 35 loss=0.13883750109680132
2019-01-18 14:42:27,003 36 loss=0.13615812798788898
2019-01-18 14:42:27,004 37 loss=0.1335802687997031
2019-01-18 14:42:27,004 38 loss=0.1310940775108569
2019-01-18 14:42:27,005 39 loss=0.12869092714176358
2019-01-18 14:42:27,005 40 loss=0.12636325539239163
2019-01-18 14:42:27,006 41 loss=0.1241044286321332
2019-01-18 14:42:27,007 42 loss=0.12190862248341974
2019-01-18 14:42:27,007 43 loss=0.11977071734508558
2019-01-18 14:42:27,008 44 loss=0.11768620729991076
2019-01-18 14:42:27,008 45 loss=0.11565112094828119
2019-01-18 14:42:27,009 46 loss=0.11366195280880378
2019-01-18 14:42:27,009 47 loss=0.1117156040275279
2019-01-18 14:42:27,010 48 loss=0.10980933123961492
2019-01-18 14:42:27,010 49 loss=0.10794070252971996
2019-01-18 14:42:27,011 50 loss=0.10610755953862096
2019-01-18 14:42:27,011 final loss=0.10610755953862096
2019-01-18 14:42:27,011 best loss=10000000000.0, distortion=10000000000.0, map=0.0, wc_dist=10000000000.0
2019-01-18 14:42:27,011 	 Computing Major Stats lazily... 
2019-01-18 14:42:27,012 		 Completed edges=132 good=132 bad=0
2019-01-18 14:42:27,014 Distortion avg=0.27712304458165626 wc=3.486234952754366 me=1.4775854699526743 mc=2.359413396820982 nan_elements=0
2019-01-18 14:42:27,014 MAP = 0.9686177248677249
2019-01-18 14:42:27,014 scale=[array([1.])]
2019-01-18 14:56:03,391 Commandline ['pytorch/pytorch_hyperbolic.py', 'learn', 'data/edges/parsing/ewt/ewt_dev/1527.edges', '--dim', '0', '--hyp', '0', '--edim', '10', '--euc', '1', '--sdim', '0', '--sph', '0', '--log-name', 'ewt_devr2/1527.edges.E10-1.lr1.log', '--batch-size', '65536', '--epochs', '50', '--checkpoint-freq', '10', '-g', '--subsample', '1024', '--learning-rate', '1']
2019-01-18 14:56:03,392 No Model Save selected!
2019-01-18 14:56:03,393 Loaded Graph data/edges/parsing/ewt/ewt_dev/1527.edges with 12 nodes scale=1.0
2019-01-18 14:56:03,393 Building dataset
2019-01-18 14:56:03,394 Subsample: 12 points with scale 1.0 subsample=11
2019-01-18 14:56:03,404 Built Data Sampler
2019-01-18 14:56:03,404 Creating a fresh model warm_start?=None
2019-01-18 14:56:03,404 	 Warmstarting? None None 12
2019-01-18 14:56:03,404 Embedding() torch.Size([12, 10])
2019-01-18 14:56:03,404 relative No Rescale
2019-01-18 14:56:03,405 Constructed model with dim=0 and epochs=0 isnan=False
2019-01-18 14:56:03,405 SGD (
Parameter Group 0
    dampening: 0
    initial_lr: 0.1
    lr: 1.0
    momentum: 0.0
    nesterov: False
    weight_decay: 0

Parameter Group 1
    dampening: 0
    initial_lr: 0.1
    lr: 1.0
    momentum: 0.0
    nesterov: False
    weight_decay: 0

Parameter Group 2
    dampening: 0
    initial_lr: 0.1
    lr: 1.0
    momentum: 0.0
    nesterov: False
    weight_decay: 0

Parameter Group 3
    dampening: 0
    initial_lr: 0.0001
    lr: 0.001
    momentum: 0.0
    nesterov: False
    weight_decay: 0
)
2019-01-18 14:56:03,405 *** Initial Checkpoint. Computing Stats
2019-01-18 14:56:03,405 	 Computing Major Stats lazily... 
2019-01-18 14:56:03,406 		 Completed edges=132 good=132 bad=0
2019-01-18 14:56:03,408 Distortion avg=0.9978648481771737 wc=7.821769303279778 me=0.005628252251848828 mc=1389.7332516875733 nan_elements=0
2019-01-18 14:56:03,408 MAP = 0.2637127725669392
2019-01-18 14:56:03,408 scale=[array([1.])]
2019-01-18 14:56:03,408 *** End Initial Checkpoint

2019-01-18 14:56:03,465 1 loss=0.9957356950336504
2019-01-18 14:56:03,465 2 loss=0.8220669457750797
2019-01-18 14:56:03,466 3 loss=0.6911572076461088
2019-01-18 14:56:03,466 4 loss=0.5953093718767553
2019-01-18 14:56:03,467 5 loss=0.5235497093129751
2019-01-18 14:56:03,467 6 loss=0.46831871998315394
2019-01-18 14:56:03,468 7 loss=0.4246232333666267
2019-01-18 14:56:03,468 8 loss=0.38916892289888266
2019-01-18 14:56:03,469 9 loss=0.3597592532936679
2019-01-18 14:56:03,469 10 loss=0.3349055747033014
2019-01-18 14:56:03,470 
*** Major Checkpoint. Computing Stats and Saving
2019-01-18 14:56:03,470 	 Computing Major Stats lazily... 
2019-01-18 14:56:03,470 		 Completed edges=132 good=132 bad=0
2019-01-18 14:56:03,472 Distortion avg=0.5195637467946155 wc=6.806351043995353 me=1.3407344930398284 mc=5.076583827244878 nan_elements=0
2019-01-18 14:56:03,472 MAP = 0.19776885922719256
2019-01-18 14:56:03,473 scale=[array([1.])]
2019-01-18 14:56:03,473 *** End Major Checkpoint

2019-01-18 14:56:03,473 11 loss=0.31357852981805046
2019-01-18 14:56:03,474 12 loss=0.2950499199530131
2019-01-18 14:56:03,474 13 loss=0.2787916916554344
2019-01-18 14:56:03,475 14 loss=0.2644109203173117
2019-01-18 14:56:03,475 15 loss=0.25160755967026754
2019-01-18 14:56:03,476 16 loss=0.24014668374453668
2019-01-18 14:56:03,476 17 loss=0.22984003035262818
2019-01-18 14:56:03,477 18 loss=0.22053356855297526
2019-01-18 14:56:03,477 19 loss=0.21209900408506197
2019-01-18 14:56:03,478 20 loss=0.20442788340806986
2019-01-18 14:56:03,478 
*** Major Checkpoint. Computing Stats and Saving
2019-01-18 14:56:03,478 	 Computing Major Stats lazily... 
2019-01-18 14:56:03,479 		 Completed edges=132 good=132 bad=0
2019-01-18 14:56:03,481 Distortion avg=0.4067590845531584 wc=4.94419095544044 me=1.460314606443947 mc=3.385702596976811 nan_elements=0
2019-01-18 14:56:03,481 MAP = 0.40965357944524605
2019-01-18 14:56:03,481 scale=[array([1.])]
2019-01-18 14:56:03,481 *** End Major Checkpoint

2019-01-18 14:56:03,482 21 loss=0.19742742862805554
2019-01-18 14:56:03,482 22 loss=0.1910175362624473
2019-01-18 14:56:03,483 23 loss=0.1851285662712038
2019-01-18 14:56:03,483 24 loss=0.17969967344683166
2019-01-18 14:56:03,484 25 loss=0.17467751557904676
2019-01-18 14:56:03,484 26 loss=0.17001522715913184
2019-01-18 14:56:03,485 27 loss=0.1656715835078722
2019-01-18 14:56:03,485 28 loss=0.16161030434390486
2019-01-18 14:56:03,486 29 loss=0.1577994619996619
2019-01-18 14:56:03,486 30 loss=0.15421097038331738
2019-01-18 14:56:03,486 
*** Major Checkpoint. Computing Stats and Saving
2019-01-18 14:56:03,486 	 Computing Major Stats lazily... 
2019-01-18 14:56:03,487 		 Completed edges=132 good=132 bad=0
2019-01-18 14:56:03,489 Distortion avg=0.33844982277723634 wc=4.286666300183709 me=1.517713014082345 mc=2.824424815765026 nan_elements=0
2019-01-18 14:56:03,489 MAP = 0.6723048941798941
2019-01-18 14:56:03,489 scale=[array([1.])]
2019-01-18 14:56:03,489 *** End Major Checkpoint

2019-01-18 14:56:03,490 31 loss=0.1508201381209715
2019-01-18 14:56:03,490 32 loss=0.1476052742532515
2019-01-18 14:56:03,491 33 loss=0.14454733818123688
2019-01-18 14:56:03,492 34 loss=0.1416296277817602
2019-01-18 14:56:03,492 35 loss=0.13883750109680126
2019-01-18 14:56:03,493 36 loss=0.13615812798788898
2019-01-18 14:56:03,493 37 loss=0.1335802687997031
2019-01-18 14:56:03,494 38 loss=0.13109407751085686
2019-01-18 14:56:03,494 39 loss=0.1286909271417636
2019-01-18 14:56:03,495 40 loss=0.12636325539239163
2019-01-18 14:56:03,495 
*** Major Checkpoint. Computing Stats and Saving
2019-01-18 14:56:03,495 	 Computing Major Stats lazily... 
2019-01-18 14:56:03,496 		 Completed edges=132 good=132 bad=0
2019-01-18 14:56:03,497 Distortion avg=0.30369247454215714 wc=3.85270043229069 me=1.5146210799105264 mc=2.543672792747795 nan_elements=0
2019-01-18 14:56:03,497 MAP = 0.9057539682539684
2019-01-18 14:56:03,498 scale=[array([1.])]
2019-01-18 14:56:03,498 *** End Major Checkpoint

2019-01-18 14:56:03,498 41 loss=0.12410442863213322
2019-01-18 14:56:03,499 42 loss=0.12190862248341974
2019-01-18 14:56:03,499 43 loss=0.11977071734508558
2019-01-18 14:56:03,500 44 loss=0.11768620729991075
2019-01-18 14:56:03,500 45 loss=0.11565112094828119
2019-01-18 14:56:03,501 46 loss=0.1136619528088038
2019-01-18 14:56:03,501 47 loss=0.11171560402752795
2019-01-18 14:56:03,502 48 loss=0.10980933123961491
2019-01-18 14:56:03,502 49 loss=0.10794070252971998
2019-01-18 14:56:03,503 50 loss=0.10610755953862094
2019-01-18 14:56:03,503 
*** Major Checkpoint. Computing Stats and Saving
2019-01-18 14:56:03,503 	 Computing Major Stats lazily... 
2019-01-18 14:56:03,504 		 Completed edges=132 good=132 bad=0
2019-01-18 14:56:03,506 Distortion avg=0.27712304458165615 wc=3.486234952754366 me=1.4775854699526743 mc=2.359413396820982 nan_elements=0
2019-01-18 14:56:03,506 MAP = 0.9686177248677249
2019-01-18 14:56:03,506 scale=[array([1.])]
2019-01-18 14:56:03,506 *** End Major Checkpoint

2019-01-18 14:56:03,506 final loss=0.10610755953862094
2019-01-18 14:56:03,506 best loss=0.10610755953862094, distortion=0.27712304458165615, map=0.9686177248677249, wc_dist=3.486234952754366
2019-01-18 14:56:03,506 	 Computing Major Stats lazily... 
2019-01-18 14:56:03,507 		 Completed edges=132 good=132 bad=0
2019-01-18 14:56:03,509 Distortion avg=0.2771230445816562 wc=3.486234952754366 me=1.4775854699526743 mc=2.359413396820982 nan_elements=0
2019-01-18 14:56:03,509 MAP = 0.9686177248677249
2019-01-18 14:56:03,509 scale=[array([1.])]
