2019-01-18 14:58:46,656 Commandline ['pytorch/pytorch_hyperbolic.py', 'learn', 'data/edges/parsing/ewt/ewt_dev/153.edges', '--dim', '0', '--hyp', '0', '--edim', '10', '--euc', '1', '--sdim', '0', '--sph', '0', '--log-name', 'ewt_devr2/153.edges.E10-1.lr1.log', '--batch-size', '65536', '--epochs', '50', '--checkpoint-freq', '10', '-g', '--subsample', '1024', '--learning-rate', '1']
2019-01-18 14:58:46,656 No Model Save selected!
2019-01-18 14:58:46,658 Loaded Graph data/edges/parsing/ewt/ewt_dev/153.edges with 16 nodes scale=1.0
2019-01-18 14:58:46,658 Building dataset
2019-01-18 14:58:46,659 Subsample: 16 points with scale 1.0 subsample=15
2019-01-18 14:58:46,674 Built Data Sampler
2019-01-18 14:58:46,674 Creating a fresh model warm_start?=None
2019-01-18 14:58:46,674 	 Warmstarting? None None 16
2019-01-18 14:58:46,675 Embedding() torch.Size([16, 10])
2019-01-18 14:58:46,675 relative No Rescale
2019-01-18 14:58:46,675 Constructed model with dim=0 and epochs=0 isnan=False
2019-01-18 14:58:46,675 SGD (
Parameter Group 0
    dampening: 0
    initial_lr: 0.1
    lr: 1.0
    momentum: 0.0
    nesterov: False
    weight_decay: 0

Parameter Group 1
    dampening: 0
    initial_lr: 0.1
    lr: 1.0
    momentum: 0.0
    nesterov: False
    weight_decay: 0

Parameter Group 2
    dampening: 0
    initial_lr: 0.1
    lr: 1.0
    momentum: 0.0
    nesterov: False
    weight_decay: 0

Parameter Group 3
    dampening: 0
    initial_lr: 0.0001
    lr: 0.001
    momentum: 0.0
    nesterov: False
    weight_decay: 0
)
2019-01-18 14:58:46,676 *** Initial Checkpoint. Computing Stats
2019-01-18 14:58:46,676 	 Computing Major Stats lazily... 
2019-01-18 14:58:46,677 		 Completed edges=240 good=240 bad=0
2019-01-18 14:58:46,680 Distortion avg=0.9982055334553743 wc=12.069277639618528 me=0.005941110731069004 mc=2031.485051524509 nan_elements=0
2019-01-18 14:58:46,680 MAP = 0.1755834298803049
2019-01-18 14:58:46,680 scale=[array([1.])]
2019-01-18 14:58:46,680 *** End Initial Checkpoint

2019-01-18 14:58:46,738 1 loss=0.9964157772256246
2019-01-18 14:58:46,738 2 loss=0.9035457618912447
2019-01-18 14:58:46,739 3 loss=0.822334438301395
2019-01-18 14:58:46,740 4 loss=0.7539419785739894
2019-01-18 14:58:46,740 5 loss=0.6964188412284205
2019-01-18 14:58:46,741 6 loss=0.6478681481335963
2019-01-18 14:58:46,742 7 loss=0.6066759711849664
2019-01-18 14:58:46,742 8 loss=0.57151269507904
2019-01-18 14:58:46,743 9 loss=0.5412957010106798
2019-01-18 14:58:46,744 10 loss=0.5151476793581474
2019-01-18 14:58:46,744 
*** Major Checkpoint. Computing Stats and Saving
2019-01-18 14:58:46,744 	 Computing Major Stats lazily... 
2019-01-18 14:58:46,745 		 Completed edges=240 good=240 bad=0
2019-01-18 14:58:46,747 Distortion avg=0.6540723059475488 wc=17.925195610126327 me=1.1896721650626174 mc=15.067340513243705 nan_elements=0
2019-01-18 14:58:46,747 MAP = 0.1117276646964147
2019-01-18 14:58:46,748 scale=[array([1.])]
2019-01-18 14:58:46,748 *** End Major Checkpoint

2019-01-18 14:58:46,748 11 loss=0.4923588724675729
2019-01-18 14:58:46,749 12 loss=0.4723550597106764
2019-01-18 14:58:46,750 13 loss=0.4546711718138456
2019-01-18 14:58:46,750 14 loss=0.43892985283952723
2019-01-18 14:58:46,751 15 loss=0.4248241771955509
2019-01-18 14:58:46,751 16 loss=0.4121037774441226
2019-01-18 14:58:46,752 17 loss=0.40056373688305236
2019-01-18 14:58:46,753 18 loss=0.39003570670501353
2019-01-18 14:58:46,753 19 loss=0.3803808051360995
2019-01-18 14:58:46,754 20 loss=0.3714839402349223
2019-01-18 14:58:46,754 
*** Major Checkpoint. Computing Stats and Saving
2019-01-18 14:58:46,754 	 Computing Major Stats lazily... 
2019-01-18 14:58:46,755 		 Completed edges=240 good=240 bad=0
2019-01-18 14:58:46,758 Distortion avg=0.5724308716759492 wc=13.9487415159482 me=1.4972946327586474 mc=9.31596307818772 nan_elements=0
2019-01-18 14:58:46,758 MAP = 0.13141604922854921
2019-01-18 14:58:46,758 scale=[array([1.])]
2019-01-18 14:58:46,758 *** End Major Checkpoint

2019-01-18 14:58:46,759 21 loss=0.3632492683974297
2019-01-18 14:58:46,759 22 loss=0.35559655823055203
2019-01-18 14:58:46,760 23 loss=0.3484582760807974
2019-01-18 14:58:46,761 24 loss=0.34177724694439315
2019-01-18 14:58:46,761 25 loss=0.3355047744033861
2019-01-18 14:58:46,762 26 loss=0.3295991270616557
2019-01-18 14:58:46,762 27 loss=0.3240243178962633
2019-01-18 14:58:46,763 28 loss=0.3187491179776308
2019-01-18 14:58:46,764 29 loss=0.31374625794430755
2019-01-18 14:58:46,764 30 loss=0.3089917800851367
2019-01-18 14:58:46,764 
*** Major Checkpoint. Computing Stats and Saving
2019-01-18 14:58:46,764 	 Computing Major Stats lazily... 
2019-01-18 14:58:46,765 		 Completed edges=240 good=240 bad=0
2019-01-18 14:58:46,768 Distortion avg=0.5165863887534338 wc=11.774717440495246 me=1.6097384503324141 mc=7.31467738629449 nan_elements=0
2019-01-18 14:58:46,768 MAP = 0.17195419164169168
2019-01-18 14:58:46,768 scale=[array([1.])]
2019-01-18 14:58:46,768 *** End Major Checkpoint

2019-01-18 14:58:46,769 31 loss=0.3044645113948738
2019-01-18 14:58:46,769 32 loss=0.3001456339353987
2019-01-18 14:58:46,770 33 loss=0.29601833357598495
2019-01-18 14:58:46,771 34 loss=0.2920675119578079
2019-01-18 14:58:46,771 35 loss=0.2882795495316447
2019-01-18 14:58:46,772 36 loss=0.28464210991286343
2019-01-18 14:58:46,773 37 loss=0.28114397771015
2019-01-18 14:58:46,773 38 loss=0.27777492351339644
2019-01-18 14:58:46,774 39 loss=0.27452559095034557
2019-01-18 14:58:46,775 40 loss=0.2713874017031356
2019-01-18 14:58:46,775 
*** Major Checkpoint. Computing Stats and Saving
2019-01-18 14:58:46,775 	 Computing Major Stats lazily... 
2019-01-18 14:58:46,776 		 Completed edges=240 good=240 bad=0
2019-01-18 14:58:46,778 Distortion avg=0.4755189375238222 wc=10.445338929965073 me=1.6694668378659814 mc=6.25669147361859 nan_elements=0
2019-01-18 14:58:46,778 MAP = 0.25214199284511785
2019-01-18 14:58:46,779 scale=[array([1.])]
2019-01-18 14:58:46,779 *** End Major Checkpoint

2019-01-18 14:58:46,779 41 loss=0.268352475164045
2019-01-18 14:58:46,780 42 loss=0.26541356004353034
2019-01-18 14:58:46,780 43 loss=0.2625639757540779
2019-01-18 14:58:46,781 44 loss=0.259797561805086
2019-01-18 14:58:46,782 45 loss=0.2571086337765696
2019-01-18 14:58:46,782 46 loss=0.25449194470857134
2019-01-18 14:58:46,783 47 loss=0.251942650961245
2019-01-18 14:58:46,783 48 loss=0.24945628177762363
2019-01-18 14:58:46,784 49 loss=0.24702871192506368
2019-01-18 14:58:46,785 50 loss=0.244656136908651
2019-01-18 14:58:46,785 
*** Major Checkpoint. Computing Stats and Saving
2019-01-18 14:58:46,785 	 Computing Major Stats lazily... 
2019-01-18 14:58:46,786 		 Completed edges=240 good=240 bad=0
2019-01-18 14:58:46,788 Distortion avg=0.44570680199464596 wc=9.550062894793538 me=1.7170947955282685 mc=5.561756357112151 nan_elements=0
2019-01-18 14:58:46,788 MAP = 0.3514975649350649
2019-01-18 14:58:46,789 scale=[array([1.])]
2019-01-18 14:58:46,789 *** End Major Checkpoint

2019-01-18 14:58:46,789 final loss=0.244656136908651
2019-01-18 14:58:46,789 best loss=0.244656136908651, distortion=0.44570680199464596, map=0.3514975649350649, wc_dist=9.550062894793538
2019-01-18 14:58:46,789 	 Computing Major Stats lazily... 
2019-01-18 14:58:46,790 		 Completed edges=240 good=240 bad=0
2019-01-18 14:58:46,792 Distortion avg=0.4457068019946462 wc=9.550062894793538 me=1.7170947955282685 mc=5.561756357112151 nan_elements=0
2019-01-18 14:58:46,793 MAP = 0.3514975649350649
2019-01-18 14:58:46,793 scale=[array([1.])]
