2019-01-18 15:08:41,248 Commandline ['pytorch/pytorch_hyperbolic.py', 'learn', 'data/edges/parsing/ewt/ewt_dev/1542.edges', '--dim', '0', '--hyp', '0', '--edim', '10', '--euc', '1', '--sdim', '0', '--sph', '0', '--log-name', 'ewt_devr2/1542.edges.E10-1.lr1.log', '--batch-size', '65536', '--epochs', '50', '--checkpoint-freq', '10', '-g', '--subsample', '1024', '--learning-rate', '1']
2019-01-18 15:08:41,248 No Model Save selected!
2019-01-18 15:08:41,250 Loaded Graph data/edges/parsing/ewt/ewt_dev/1542.edges with 7 nodes scale=1.0
2019-01-18 15:08:41,250 Building dataset
2019-01-18 15:08:41,251 Subsample: 7 points with scale 1.0 subsample=6
2019-01-18 15:08:41,256 Built Data Sampler
2019-01-18 15:08:41,256 Creating a fresh model warm_start?=None
2019-01-18 15:08:41,256 	 Warmstarting? None None 7
2019-01-18 15:08:41,256 Embedding() torch.Size([7, 10])
2019-01-18 15:08:41,257 relative No Rescale
2019-01-18 15:08:41,257 Constructed model with dim=0 and epochs=0 isnan=False
2019-01-18 15:08:41,257 SGD (
Parameter Group 0
    dampening: 0
    initial_lr: 0.1
    lr: 1.0
    momentum: 0.0
    nesterov: False
    weight_decay: 0

Parameter Group 1
    dampening: 0
    initial_lr: 0.1
    lr: 1.0
    momentum: 0.0
    nesterov: False
    weight_decay: 0

Parameter Group 2
    dampening: 0
    initial_lr: 0.1
    lr: 1.0
    momentum: 0.0
    nesterov: False
    weight_decay: 0

Parameter Group 3
    dampening: 0
    initial_lr: 0.0001
    lr: 0.001
    momentum: 0.0
    nesterov: False
    weight_decay: 0
)
2019-01-18 15:08:41,257 *** Initial Checkpoint. Computing Stats
2019-01-18 15:08:41,257 	 Computing Major Stats lazily... 
2019-01-18 15:08:41,258 		 Completed edges=42 good=42 bad=0
2019-01-18 15:08:41,259 Distortion avg=0.9971852852563587 wc=3.8749690579845546 me=0.005628252251848828 mc=688.4853209469536 nan_elements=0
2019-01-18 15:08:41,259 MAP = 0.3895238095238095
2019-01-18 15:08:41,260 scale=[array([1.])]
2019-01-18 15:08:41,260 *** End Initial Checkpoint

2019-01-18 15:08:41,318 1 loss=0.994380224528927
2019-01-18 15:08:41,319 2 loss=0.5604815933061318
2019-01-18 15:08:41,319 3 loss=0.38393074231492375
2019-01-18 15:08:41,320 4 loss=0.29739261797978234
2019-01-18 15:08:41,320 5 loss=0.24265274082224544
2019-01-18 15:08:41,321 6 loss=0.20318314178597655
2019-01-18 15:08:41,321 7 loss=0.17299548310515725
2019-01-18 15:08:41,322 8 loss=0.14921930712706327
2019-01-18 15:08:41,322 9 loss=0.13014651827922968
2019-01-18 15:08:41,323 10 loss=0.11462013248847679
2019-01-18 15:08:41,323 
*** Major Checkpoint. Computing Stats and Saving
2019-01-18 15:08:41,323 	 Computing Major Stats lazily... 
2019-01-18 15:08:41,323 		 Completed edges=42 good=42 bad=0
2019-01-18 15:08:41,324 Distortion avg=0.2890673095351349 wc=3.0475524058839505 me=1.2655776879009837 mc=2.4080326597243116 nan_elements=0
2019-01-18 15:08:41,324 MAP = 0.8704761904761904
2019-01-18 15:08:41,325 scale=[array([1.])]
2019-01-18 15:08:41,325 *** End Major Checkpoint

2019-01-18 15:08:41,325 11 loss=0.1018056992212509
2019-01-18 15:08:41,326 12 loss=0.09108736302292435
2019-01-18 15:08:41,326 13 loss=0.08200881106560731
2019-01-18 15:08:41,326 14 loss=0.07423256281920547
2019-01-18 15:08:41,327 15 loss=0.06750888496169377
2019-01-18 15:08:41,327 16 loss=0.06165158867357472
2019-01-18 15:08:41,328 17 loss=0.05651963610415175
2019-01-18 15:08:41,328 18 loss=0.0520037070039681
2019-01-18 15:08:41,329 19 loss=0.04801678288656063
2019-01-18 15:08:41,329 20 loss=0.04448777501111412
2019-01-18 15:08:41,329 
*** Major Checkpoint. Computing Stats and Saving
2019-01-18 15:08:41,329 	 Computing Major Stats lazily... 
2019-01-18 15:08:41,330 		 Completed edges=42 good=42 bad=0
2019-01-18 15:08:41,331 Distortion avg=0.17870161432223883 wc=2.036162715397453 me=1.2082326073244793 mc=1.685240659003856 nan_elements=0
2019-01-18 15:08:41,331 MAP = 1.0
2019-01-18 15:08:41,331 scale=[array([1.])]
2019-01-18 15:08:41,331 *** End Major Checkpoint

2019-01-18 15:08:41,332 21 loss=0.04135731517711917
2019-01-18 15:08:41,332 22 loss=0.03857499791219005
2019-01-18 15:08:41,332 23 loss=0.036097550174742685
2019-01-18 15:08:41,333 24 loss=0.033887571405484984
2019-01-18 15:08:41,333 25 loss=0.03191261635903661
2019-01-18 15:08:41,334 26 loss=0.030144484470399
2019-01-18 15:08:41,334 27 loss=0.028558638801342025
2019-01-18 15:08:41,335 28 loss=0.02713371326307582
2019-01-18 15:08:41,335 29 loss=0.025851086604986494
2019-01-18 15:08:41,336 30 loss=0.024694511687651688
2019-01-18 15:08:41,336 
*** Major Checkpoint. Computing Stats and Saving
2019-01-18 15:08:41,336 	 Computing Major Stats lazily... 
2019-01-18 15:08:41,336 		 Completed edges=42 good=42 bad=0
2019-01-18 15:08:41,337 Distortion avg=0.13615664723938414 wc=1.6607782802421842 me=1.173709815988901 mc=1.4149820148201684 nan_elements=0
2019-01-18 15:08:41,338 MAP = 1.0
2019-01-18 15:08:41,338 scale=[array([1.])]
2019-01-18 15:08:41,338 *** End Major Checkpoint

2019-01-18 15:08:41,338 31 loss=0.023649793087223068
2019-01-18 15:08:41,339 32 loss=0.02270450782722476
2019-01-18 15:08:41,339 33 loss=0.021847764582532993
2019-01-18 15:08:41,340 34 loss=0.0210699968704573
2019-01-18 15:08:41,340 35 loss=0.02036278589962864
2019-01-18 15:08:41,341 36 loss=0.019718709005130793
2019-01-18 15:08:41,341 37 loss=0.019131209958421814
2019-01-18 15:08:41,342 38 loss=0.018594487862325752
2019-01-18 15:08:41,342 39 loss=0.0181034017797664
2019-01-18 15:08:41,343 40 loss=0.01765338866548285
2019-01-18 15:08:41,343 
*** Major Checkpoint. Computing Stats and Saving
2019-01-18 15:08:41,343 	 Computing Major Stats lazily... 
2019-01-18 15:08:41,343 		 Completed edges=42 good=42 bad=0
2019-01-18 15:08:41,344 Distortion avg=0.11723420204696587 wc=1.5074342719393328 me=1.1715660830415697 mc=1.2866830934758682 nan_elements=0
2019-01-18 15:08:41,344 MAP = 1.0
2019-01-18 15:08:41,344 scale=[array([1.])]
2019-01-18 15:08:41,345 *** End Major Checkpoint

2019-01-18 15:08:41,345 41 loss=0.017240392551738433
2019-01-18 15:08:41,345 42 loss=0.016860803272543568
2019-01-18 15:08:41,346 43 loss=0.016511403294688393
2019-01-18 15:08:41,346 44 loss=0.01618932146119099
2019-01-18 15:08:41,347 45 loss=0.015891992649143198
2019-01-18 15:08:41,347 46 loss=0.015617122505576654
2019-01-18 15:08:41,348 47 loss=0.015362656557826385
2019-01-18 15:08:41,348 48 loss=0.015126753104199687
2019-01-18 15:08:41,349 49 loss=0.01490775938100834
2019-01-18 15:08:41,349 50 loss=0.01470419057682858
2019-01-18 15:08:41,349 
*** Major Checkpoint. Computing Stats and Saving
2019-01-18 15:08:41,349 	 Computing Major Stats lazily... 
2019-01-18 15:08:41,350 		 Completed edges=42 good=42 bad=0
2019-01-18 15:08:41,351 Distortion avg=0.10934388061096338 wc=1.4243560437372962 me=1.1694105182795504 mc=1.21801199961227 nan_elements=0
2019-01-18 15:08:41,351 MAP = 1.0
2019-01-18 15:08:41,351 scale=[array([1.])]
2019-01-18 15:08:41,352 *** End Major Checkpoint

2019-01-18 15:08:41,352 final loss=0.01470419057682858
2019-01-18 15:08:41,352 best loss=0.01470419057682858, distortion=0.10934388061096338, map=1.0, wc_dist=1.4243560437372962
2019-01-18 15:08:41,352 	 Computing Major Stats lazily... 
2019-01-18 15:08:41,352 		 Completed edges=42 good=42 bad=0
2019-01-18 15:08:41,353 Distortion avg=0.10934388061096335 wc=1.4243560437372962 me=1.1694105182795504 mc=1.21801199961227 nan_elements=0
2019-01-18 15:08:41,353 MAP = 1.0
2019-01-18 15:08:41,354 scale=[array([1.])]
