2019-01-18 14:42:13,118 Commandline ['pytorch/pytorch_hyperbolic.py', 'learn', 'data/edges/parsing/ewt/ewt_dev/1543.edges', '--dim', '0', '--hyp', '0', '--edim', '10', '--euc', '1', '--sdim', '0', '--sph', '0', '--log-name', 'ewt_devr2/1543.edges.E10-1.lr1.log', '--batch-size', '65536', '--epochs', '50', '-g', '--subsample', '1024', '--learning-rate', '1']
2019-01-18 14:42:13,119 No Model Save selected!
2019-01-18 14:42:13,120 Loaded Graph data/edges/parsing/ewt/ewt_dev/1543.edges with 6 nodes scale=1.0
2019-01-18 14:42:13,120 Building dataset
2019-01-18 14:42:13,121 Subsample: 6 points with scale 1.0 subsample=5
2019-01-18 14:42:13,125 Built Data Sampler
2019-01-18 14:42:13,125 Creating a fresh model warm_start?=None
2019-01-18 14:42:13,125 	 Warmstarting? None None 6
2019-01-18 14:42:13,126 Embedding() torch.Size([6, 10])
2019-01-18 14:42:13,126 relative No Rescale
2019-01-18 14:42:13,126 Constructed model with dim=0 and epochs=0 isnan=False
2019-01-18 14:42:13,126 SGD (
Parameter Group 0
    dampening: 0
    initial_lr: 0.1
    lr: 1.0
    momentum: 0.0
    nesterov: False
    weight_decay: 0

Parameter Group 1
    dampening: 0
    initial_lr: 0.1
    lr: 1.0
    momentum: 0.0
    nesterov: False
    weight_decay: 0

Parameter Group 2
    dampening: 0
    initial_lr: 0.1
    lr: 1.0
    momentum: 0.0
    nesterov: False
    weight_decay: 0

Parameter Group 3
    dampening: 0
    initial_lr: 0.0001
    lr: 0.001
    momentum: 0.0
    nesterov: False
    weight_decay: 0
)
2019-01-18 14:42:13,126 *** Initial Checkpoint. Computing Stats
2019-01-18 14:42:13,127 	 Computing Major Stats lazily... 
2019-01-18 14:42:13,127 		 Completed edges=30 good=30 bad=0
2019-01-18 14:42:13,128 Distortion avg=0.9970107087516167 wc=3.6322181433519583 me=0.005628252251848828 mc=645.354540063269 nan_elements=0
2019-01-18 14:42:13,128 MAP = 0.44999999999999996
2019-01-18 14:42:13,129 scale=[array([1.])]
2019-01-18 14:42:13,129 *** End Initial Checkpoint

2019-01-18 14:42:13,186 1 loss=0.9940318309062036
2019-01-18 14:42:13,186 2 loss=0.4293061030090941
2019-01-18 14:42:13,187 3 loss=0.26996040000143373
2019-01-18 14:42:13,187 4 loss=0.19002482905619816
2019-01-18 14:42:13,188 5 loss=0.13769665547696744
2019-01-18 14:42:13,188 6 loss=0.10183942906149393
2019-01-18 14:42:13,189 7 loss=0.0769895567126652
2019-01-18 14:42:13,189 8 loss=0.05965395439234069
2019-01-18 14:42:13,189 9 loss=0.04747097945915806
2019-01-18 14:42:13,190 10 loss=0.03882966988573068
2019-01-18 14:42:13,190 11 loss=0.03263285478227043
2019-01-18 14:42:13,191 12 loss=0.028134611961158146
2019-01-18 14:42:13,191 13 loss=0.024827266460764986
2019-01-18 14:42:13,192 14 loss=0.022363786335547396
2019-01-18 14:42:13,192 15 loss=0.02050526582498964
2019-01-18 14:42:13,193 16 loss=0.019085739612479887
2019-01-18 14:42:13,193 17 loss=0.01798870898200263
2019-01-18 14:42:13,194 18 loss=0.01713147415698903
2019-01-18 14:42:13,194 19 loss=0.016454637000385818
2019-01-18 14:42:13,194 20 loss=0.015915025397711762
2019-01-18 14:42:13,195 21 loss=0.015480888146382248
2019-01-18 14:42:13,195 22 loss=0.01512860375851301
2019-01-18 14:42:13,196 23 loss=0.014840404936778637
2019-01-18 14:42:13,196 24 loss=0.014602789308538542
2019-01-18 14:42:13,197 25 loss=0.014405397510388945
2019-01-18 14:42:13,197 26 loss=0.014240212301424358
2019-01-18 14:42:13,198 27 loss=0.014100980269528446
2019-01-18 14:42:13,198 28 loss=0.013982789439065306
2019-01-18 14:42:13,199 29 loss=0.01388175724190322
2019-01-18 14:42:13,199 30 loss=0.013794797490223169
2019-01-18 14:42:13,200 31 loss=0.013719444549844523
2019-01-18 14:42:13,200 32 loss=0.013653719404972866
2019-01-18 14:42:13,201 33 loss=0.013596026748247999
2019-01-18 14:42:13,201 34 loss=0.013545075296794716
2019-01-18 14:42:13,202 35 loss=0.013499815671958742
2019-01-18 14:42:13,202 36 loss=0.013459391684731786
2019-01-18 14:42:13,203 37 loss=0.013423101939362119
2019-01-18 14:42:13,203 38 loss=0.013390369438044527
2019-01-18 14:42:13,204 39 loss=0.013360717430402735
2019-01-18 14:42:13,204 40 loss=0.013333750164403496
2019-01-18 14:42:13,204 41 loss=0.013309137502759848
2019-01-18 14:42:13,205 42 loss=0.01328660260016593
2019-01-18 14:42:13,205 43 loss=0.013265912012422042
2019-01-18 14:42:13,206 44 loss=0.013246867743199007
2019-01-18 14:42:13,206 45 loss=0.013229300838261427
2019-01-18 14:42:13,207 46 loss=0.013213066217943614
2019-01-18 14:42:13,207 47 loss=0.013198038502061835
2019-01-18 14:42:13,208 48 loss=0.013184108631325667
2019-01-18 14:42:13,208 49 loss=0.013171181128734725
2019-01-18 14:42:13,209 50 loss=0.013159171875718296
2019-01-18 14:42:13,209 final loss=0.013159171875718296
2019-01-18 14:42:13,209 best loss=10000000000.0, distortion=10000000000.0, map=0.0, wc_dist=10000000000.0
2019-01-18 14:42:13,209 	 Computing Major Stats lazily... 
2019-01-18 14:42:13,209 		 Completed edges=30 good=30 bad=0
2019-01-18 14:42:13,210 Distortion avg=0.1112183391671621 wc=1.287402320310921 me=1.1471392603295907 mc=1.1222720421416235 nan_elements=0
2019-01-18 14:42:13,210 MAP = 1.0
2019-01-18 14:42:13,210 scale=[array([1.])]
2019-01-18 14:59:24,930 Commandline ['pytorch/pytorch_hyperbolic.py', 'learn', 'data/edges/parsing/ewt/ewt_dev/1543.edges', '--dim', '0', '--hyp', '0', '--edim', '10', '--euc', '1', '--sdim', '0', '--sph', '0', '--log-name', 'ewt_devr2/1543.edges.E10-1.lr1.log', '--batch-size', '65536', '--epochs', '50', '--checkpoint-freq', '10', '-g', '--subsample', '1024', '--learning-rate', '1']
2019-01-18 14:59:24,931 No Model Save selected!
2019-01-18 14:59:24,932 Loaded Graph data/edges/parsing/ewt/ewt_dev/1543.edges with 6 nodes scale=1.0
2019-01-18 14:59:24,932 Building dataset
2019-01-18 14:59:24,933 Subsample: 6 points with scale 1.0 subsample=5
2019-01-18 14:59:24,937 Built Data Sampler
2019-01-18 14:59:24,937 Creating a fresh model warm_start?=None
2019-01-18 14:59:24,937 	 Warmstarting? None None 6
2019-01-18 14:59:24,937 Embedding() torch.Size([6, 10])
2019-01-18 14:59:24,938 relative No Rescale
2019-01-18 14:59:24,938 Constructed model with dim=0 and epochs=0 isnan=False
2019-01-18 14:59:24,938 SGD (
Parameter Group 0
    dampening: 0
    initial_lr: 0.1
    lr: 1.0
    momentum: 0.0
    nesterov: False
    weight_decay: 0

Parameter Group 1
    dampening: 0
    initial_lr: 0.1
    lr: 1.0
    momentum: 0.0
    nesterov: False
    weight_decay: 0

Parameter Group 2
    dampening: 0
    initial_lr: 0.1
    lr: 1.0
    momentum: 0.0
    nesterov: False
    weight_decay: 0

Parameter Group 3
    dampening: 0
    initial_lr: 0.0001
    lr: 0.001
    momentum: 0.0
    nesterov: False
    weight_decay: 0
)
2019-01-18 14:59:24,938 *** Initial Checkpoint. Computing Stats
2019-01-18 14:59:24,938 	 Computing Major Stats lazily... 
2019-01-18 14:59:24,939 		 Completed edges=30 good=30 bad=0
2019-01-18 14:59:24,940 Distortion avg=0.9970107087516167 wc=3.6322181433519583 me=0.005628252251848828 mc=645.354540063269 nan_elements=0
2019-01-18 14:59:24,940 MAP = 0.44999999999999996
2019-01-18 14:59:24,940 scale=[array([1.])]
2019-01-18 14:59:24,940 *** End Initial Checkpoint

2019-01-18 14:59:24,997 1 loss=0.9940318309062036
2019-01-18 14:59:24,998 2 loss=0.4293061030090941
2019-01-18 14:59:24,998 3 loss=0.26996040000143373
2019-01-18 14:59:24,998 4 loss=0.19002482905619816
2019-01-18 14:59:24,999 5 loss=0.13769665547696744
2019-01-18 14:59:24,999 6 loss=0.10183942906149393
2019-01-18 14:59:25,000 7 loss=0.0769895567126652
2019-01-18 14:59:25,000 8 loss=0.05965395439234069
2019-01-18 14:59:25,001 9 loss=0.04747097945915806
2019-01-18 14:59:25,001 10 loss=0.03882966988573068
2019-01-18 14:59:25,001 
*** Major Checkpoint. Computing Stats and Saving
2019-01-18 14:59:25,001 	 Computing Major Stats lazily... 
2019-01-18 14:59:25,002 		 Completed edges=30 good=30 bad=0
2019-01-18 14:59:25,003 Distortion avg=0.1737054846994154 wc=1.6042972165760996 me=1.1512738967059148 mc=1.3934974302521743 nan_elements=0
2019-01-18 14:59:25,003 MAP = 1.0
2019-01-18 14:59:25,003 scale=[array([1.])]
2019-01-18 14:59:25,003 *** End Major Checkpoint

2019-01-18 14:59:25,004 11 loss=0.03263285478227044
2019-01-18 14:59:25,004 12 loss=0.028134611961158146
2019-01-18 14:59:25,005 13 loss=0.02482726646076498
2019-01-18 14:59:25,005 14 loss=0.0223637863355474
2019-01-18 14:59:25,006 15 loss=0.020505265824989644
2019-01-18 14:59:25,006 16 loss=0.019085739612479884
2019-01-18 14:59:25,006 17 loss=0.01798870898200264
2019-01-18 14:59:25,007 18 loss=0.017131474156989027
2019-01-18 14:59:25,007 19 loss=0.01645463700038582
2019-01-18 14:59:25,008 20 loss=0.015915025397711755
2019-01-18 14:59:25,008 
*** Major Checkpoint. Computing Stats and Saving
2019-01-18 14:59:25,008 	 Computing Major Stats lazily... 
2019-01-18 14:59:25,008 		 Completed edges=30 good=30 bad=0
2019-01-18 14:59:25,009 Distortion avg=0.11902283557089485 wc=1.367898982761477 me=1.1459825259718417 mc=1.193647330356491 nan_elements=0
2019-01-18 14:59:25,009 MAP = 1.0
2019-01-18 14:59:25,010 scale=[array([1.])]
2019-01-18 14:59:25,010 *** End Major Checkpoint

2019-01-18 14:59:25,010 21 loss=0.015480888146382253
2019-01-18 14:59:25,010 22 loss=0.015128603758513012
2019-01-18 14:59:25,011 23 loss=0.014840404936778644
2019-01-18 14:59:25,011 24 loss=0.014602789308538552
2019-01-18 14:59:25,012 25 loss=0.014405397510388945
2019-01-18 14:59:25,012 26 loss=0.014240212301424356
2019-01-18 14:59:25,013 27 loss=0.014100980269528447
2019-01-18 14:59:25,013 28 loss=0.01398278943906531
2019-01-18 14:59:25,014 29 loss=0.013881757241903225
2019-01-18 14:59:25,014 30 loss=0.013794797490223169
2019-01-18 14:59:25,014 
*** Major Checkpoint. Computing Stats and Saving
2019-01-18 14:59:25,014 	 Computing Major Stats lazily... 
2019-01-18 14:59:25,015 		 Completed edges=30 good=30 bad=0
2019-01-18 14:59:25,016 Distortion avg=0.11231488399602234 wc=1.3192964181588078 me=1.1469798044249042 mc=1.1502350896407485 nan_elements=0
2019-01-18 14:59:25,016 MAP = 1.0
2019-01-18 14:59:25,016 scale=[array([1.])]
2019-01-18 14:59:25,016 *** End Major Checkpoint

2019-01-18 14:59:25,016 31 loss=0.013719444549844513
2019-01-18 14:59:25,017 32 loss=0.01365371940497287
2019-01-18 14:59:25,017 33 loss=0.013596026748247999
2019-01-18 14:59:25,018 34 loss=0.013545075296794724
2019-01-18 14:59:25,018 35 loss=0.013499815671958735
2019-01-18 14:59:25,019 36 loss=0.01345939168473178
2019-01-18 14:59:25,019 37 loss=0.013423101939362117
2019-01-18 14:59:25,019 38 loss=0.013390369438044525
2019-01-18 14:59:25,020 39 loss=0.01336071743040273
2019-01-18 14:59:25,020 40 loss=0.013333750164403496
2019-01-18 14:59:25,020 
*** Major Checkpoint. Computing Stats and Saving
2019-01-18 14:59:25,020 	 Computing Major Stats lazily... 
2019-01-18 14:59:25,021 		 Completed edges=30 good=30 bad=0
2019-01-18 14:59:25,022 Distortion avg=0.11139718918461136 wc=1.2989113554747111 me=1.1470960242937074 mc=1.1323475349628902 nan_elements=0
2019-01-18 14:59:25,022 MAP = 1.0
2019-01-18 14:59:25,022 scale=[array([1.])]
2019-01-18 14:59:25,022 *** End Major Checkpoint

2019-01-18 14:59:25,023 41 loss=0.013309137502759855
2019-01-18 14:59:25,023 42 loss=0.013286602600165932
2019-01-18 14:59:25,023 43 loss=0.013265912012422032
2019-01-18 14:59:25,024 44 loss=0.013246867743199003
2019-01-18 14:59:25,024 45 loss=0.013229300838261425
2019-01-18 14:59:25,025 46 loss=0.013213066217943626
2019-01-18 14:59:25,025 47 loss=0.013198038502061835
2019-01-18 14:59:25,026 48 loss=0.013184108631325664
2019-01-18 14:59:25,026 49 loss=0.01317118112873472
2019-01-18 14:59:25,027 50 loss=0.013159171875718294
2019-01-18 14:59:25,027 
*** Major Checkpoint. Computing Stats and Saving
2019-01-18 14:59:25,027 	 Computing Major Stats lazily... 
2019-01-18 14:59:25,027 		 Completed edges=30 good=30 bad=0
2019-01-18 14:59:25,028 Distortion avg=0.11121833916716213 wc=1.287402320310921 me=1.1471392603295907 mc=1.1222720421416235 nan_elements=0
2019-01-18 14:59:25,028 MAP = 1.0
2019-01-18 14:59:25,028 scale=[array([1.])]
2019-01-18 14:59:25,028 *** End Major Checkpoint

2019-01-18 14:59:25,028 final loss=0.013159171875718294
2019-01-18 14:59:25,029 best loss=0.013159171875718294, distortion=0.11121833916716213, map=1.0, wc_dist=1.287402320310921
2019-01-18 14:59:25,029 	 Computing Major Stats lazily... 
2019-01-18 14:59:25,029 		 Completed edges=30 good=30 bad=0
2019-01-18 14:59:25,030 Distortion avg=0.1112183391671621 wc=1.287402320310921 me=1.1471392603295907 mc=1.1222720421416235 nan_elements=0
2019-01-18 14:59:25,030 MAP = 1.0
2019-01-18 14:59:25,030 scale=[array([1.])]
