2019-01-18 14:41:30,627 Commandline ['pytorch/pytorch_hyperbolic.py', 'learn', 'data/edges/parsing/ewt/ewt_dev/1545.edges', '--dim', '0', '--hyp', '0', '--edim', '10', '--euc', '1', '--sdim', '0', '--sph', '0', '--log-name', 'ewt_devr2/1545.edges.E10-1.lr1.log', '--batch-size', '65536', '--epochs', '50', '-g', '--subsample', '1024', '--learning-rate', '1']
2019-01-18 14:41:30,627 No Model Save selected!
2019-01-18 14:41:30,629 Loaded Graph data/edges/parsing/ewt/ewt_dev/1545.edges with 9 nodes scale=1.0
2019-01-18 14:41:30,629 Building dataset
2019-01-18 14:41:30,629 Subsample: 9 points with scale 1.0 subsample=8
2019-01-18 14:41:30,636 Built Data Sampler
2019-01-18 14:41:30,637 Creating a fresh model warm_start?=None
2019-01-18 14:41:30,637 	 Warmstarting? None None 9
2019-01-18 14:41:30,637 Embedding() torch.Size([9, 10])
2019-01-18 14:41:30,637 relative No Rescale
2019-01-18 14:41:30,638 Constructed model with dim=0 and epochs=0 isnan=False
2019-01-18 14:41:30,638 SGD (
Parameter Group 0
    dampening: 0
    initial_lr: 0.1
    lr: 1.0
    momentum: 0.0
    nesterov: False
    weight_decay: 0

Parameter Group 1
    dampening: 0
    initial_lr: 0.1
    lr: 1.0
    momentum: 0.0
    nesterov: False
    weight_decay: 0

Parameter Group 2
    dampening: 0
    initial_lr: 0.1
    lr: 1.0
    momentum: 0.0
    nesterov: False
    weight_decay: 0

Parameter Group 3
    dampening: 0
    initial_lr: 0.0001
    lr: 0.001
    momentum: 0.0
    nesterov: False
    weight_decay: 0
)
2019-01-18 14:41:30,638 *** Initial Checkpoint. Computing Stats
2019-01-18 14:41:30,638 	 Computing Major Stats lazily... 
2019-01-18 14:41:30,639 		 Completed edges=72 good=72 bad=0
2019-01-18 14:41:30,641 Distortion avg=0.9976413662850836 wc=6.355083303042038 me=0.005941110731069004 mc=1069.6793227246492 nan_elements=0
2019-01-18 14:41:30,641 MAP = 0.6517195767195767
2019-01-18 14:41:30,641 scale=[array([1.])]
2019-01-18 14:41:30,641 *** End Initial Checkpoint

2019-01-18 14:41:30,707 1 loss=0.9952897822111103
2019-01-18 14:41:30,708 2 loss=0.7390199441534817
2019-01-18 14:41:30,708 3 loss=0.5725230666148157
2019-01-18 14:41:30,709 4 loss=0.4695056401028473
2019-01-18 14:41:30,709 5 loss=0.4022893311115095
2019-01-18 14:41:30,710 6 loss=0.3556628672578486
2019-01-18 14:41:30,710 7 loss=0.3214272538572401
2019-01-18 14:41:30,711 8 loss=0.2950308039272023
2019-01-18 14:41:30,711 9 loss=0.2738404090330629
2019-01-18 14:41:30,712 10 loss=0.2562647748184495
2019-01-18 14:41:30,712 11 loss=0.24129987830506827
2019-01-18 14:41:30,713 12 loss=0.2282854800074727
2019-01-18 14:41:30,713 13 loss=0.21677011388610323
2019-01-18 14:41:30,714 14 loss=0.20643376883300413
2019-01-18 14:41:30,714 15 loss=0.1970422971040437
2019-01-18 14:41:30,715 16 loss=0.18841978472343562
2019-01-18 14:41:30,715 17 loss=0.1804313315458374
2019-01-18 14:41:30,716 18 loss=0.17297197795290056
2019-01-18 14:41:30,716 19 loss=0.1659593214176377
2019-01-18 14:41:30,717 20 loss=0.15932838811454852
2019-01-18 14:41:30,717 21 loss=0.15302791521997572
2019-01-18 14:41:30,718 22 loss=0.14701754472554224
2019-01-18 14:41:30,718 23 loss=0.14126563201727024
2019-01-18 14:41:30,719 24 loss=0.13574749074219472
2019-01-18 14:41:30,719 25 loss=0.13044396400792382
2019-01-18 14:41:30,720 26 loss=0.1253402512950419
2019-01-18 14:41:30,720 27 loss=0.12042494294607835
2019-01-18 14:41:30,721 28 loss=0.11568922707963251
2019-01-18 14:41:30,721 29 loss=0.11112624155817755
2019-01-18 14:41:30,722 30 loss=0.10673054864016593
2019-01-18 14:41:30,722 31 loss=0.10249771348095937
2019-01-18 14:41:30,723 32 loss=0.09842397037820977
2019-01-18 14:41:30,723 33 loss=0.0945059629008767
2019-01-18 14:41:30,724 34 loss=0.09074054593830823
2019-01-18 14:41:30,725 35 loss=0.08712463932285752
2019-01-18 14:41:30,725 36 loss=0.08365512405744285
2019-01-18 14:41:30,726 37 loss=0.0803287733551411
2019-01-18 14:41:30,726 38 loss=0.07714221170911258
2019-01-18 14:41:30,726 39 loss=0.07409189609465269
2019-01-18 14:41:30,727 40 loss=0.07117411419304603
2019-01-18 14:41:30,727 41 loss=0.06838499524368705
2019-01-18 14:41:30,728 42 loss=0.06572052979252262
2019-01-18 14:41:30,728 43 loss=0.06317659521915112
2019-01-18 14:41:30,729 44 loss=0.06074898449353283
2019-01-18 14:41:30,729 45 loss=0.05843343613397843
2019-01-18 14:41:30,730 46 loss=0.056225663806944354
2019-01-18 14:41:30,730 47 loss=0.054121384422411975
2019-01-18 14:41:30,731 48 loss=0.052116343933887706
2019-01-18 14:41:30,731 49 loss=0.050206340348998804
2019-01-18 14:41:30,732 50 loss=0.04838724369712213
2019-01-18 14:41:30,732 final loss=0.04838724369712213
2019-01-18 14:41:30,732 best loss=10000000000.0, distortion=10000000000.0, map=0.0, wc_dist=10000000000.0
2019-01-18 14:41:30,732 	 Computing Major Stats lazily... 
2019-01-18 14:41:30,733 		 Completed edges=72 good=72 bad=0
2019-01-18 14:41:30,734 Distortion avg=0.18582420226617494 wc=2.055191445668949 me=1.2163436728429302 mc=1.6896470064791806 nan_elements=0
2019-01-18 14:41:30,734 MAP = 1.0
2019-01-18 14:41:30,734 scale=[array([1.])]
2019-01-18 15:20:38,898 Commandline ['pytorch/pytorch_hyperbolic.py', 'learn', 'data/edges/parsing/ewt/ewt_dev/1545.edges', '--dim', '0', '--hyp', '0', '--edim', '10', '--euc', '1', '--sdim', '0', '--sph', '0', '--log-name', 'ewt_devr2/1545.edges.E10-1.lr1.log', '--batch-size', '65536', '--epochs', '50', '--checkpoint-freq', '10', '-g', '--subsample', '1024', '--learning-rate', '1']
2019-01-18 15:20:38,899 No Model Save selected!
