2019-01-18 14:51:09,251 Commandline ['pytorch/pytorch_hyperbolic.py', 'learn', 'data/edges/parsing/ewt/ewt_dev/1549.edges', '--dim', '0', '--hyp', '0', '--edim', '10', '--euc', '1', '--sdim', '0', '--sph', '0', '--log-name', 'ewt_devr2/1549.edges.E10-1.lr1.log', '--batch-size', '65536', '--epochs', '50', '--checkpoint-freq', '10', '-g', '--subsample', '1024', '--learning-rate', '1']
2019-01-18 14:51:09,251 No Model Save selected!
2019-01-18 14:51:09,253 Loaded Graph data/edges/parsing/ewt/ewt_dev/1549.edges with 17 nodes scale=1.0
2019-01-18 14:51:09,253 Building dataset
2019-01-18 14:51:09,254 Subsample: 17 points with scale 1.0 subsample=16
2019-01-18 14:51:09,270 Built Data Sampler
2019-01-18 14:51:09,270 Creating a fresh model warm_start?=None
2019-01-18 14:51:09,270 	 Warmstarting? None None 17
2019-01-18 14:51:09,270 Embedding() torch.Size([17, 10])
2019-01-18 14:51:09,270 relative No Rescale
2019-01-18 14:51:09,271 Constructed model with dim=0 and epochs=0 isnan=False
2019-01-18 14:51:09,271 SGD (
Parameter Group 0
    dampening: 0
    initial_lr: 0.1
    lr: 1.0
    momentum: 0.0
    nesterov: False
    weight_decay: 0

Parameter Group 1
    dampening: 0
    initial_lr: 0.1
    lr: 1.0
    momentum: 0.0
    nesterov: False
    weight_decay: 0

Parameter Group 2
    dampening: 0
    initial_lr: 0.1
    lr: 1.0
    momentum: 0.0
    nesterov: False
    weight_decay: 0

Parameter Group 3
    dampening: 0
    initial_lr: 0.0001
    lr: 0.001
    momentum: 0.0
    nesterov: False
    weight_decay: 0
)
2019-01-18 14:51:09,271 *** Initial Checkpoint. Computing Stats
2019-01-18 14:51:09,271 	 Computing Major Stats lazily... 
2019-01-18 14:51:09,273 		 Completed edges=272 good=272 bad=0
2019-01-18 14:51:09,275 Distortion avg=0.9982832310278058 wc=14.093726676284382 me=0.005941110731069004 mc=2372.2376697309005 nan_elements=0
2019-01-18 14:51:09,276 MAP = 0.2588431176666471
2019-01-18 14:51:09,276 scale=[array([1.])]
2019-01-18 14:51:09,276 *** End Initial Checkpoint

2019-01-18 14:51:09,341 1 loss=0.9965707477222606
2019-01-18 14:51:09,342 2 loss=0.9150636451257017
2019-01-18 14:51:09,343 3 loss=0.8421595850476241
2019-01-18 14:51:09,344 4 loss=0.7794179563480454
2019-01-18 14:51:09,344 5 loss=0.7255361427712006
2019-01-18 14:51:09,345 6 loss=0.6791503407107232
2019-01-18 14:51:09,346 7 loss=0.6390584094933032
2019-01-18 14:51:09,347 8 loss=0.6042414394830781
2019-01-18 14:51:09,347 9 loss=0.5738478826173614
2019-01-18 14:51:09,348 10 loss=0.5471702769197938
2019-01-18 14:51:09,348 
*** Major Checkpoint. Computing Stats and Saving
2019-01-18 14:51:09,348 	 Computing Major Stats lazily... 
2019-01-18 14:51:09,350 		 Completed edges=272 good=272 bad=0
2019-01-18 14:51:09,352 Distortion avg=0.6821359528397055 wc=15.603841620783724 me=1.0969047905015359 mc=14.225338202460769 nan_elements=0
2019-01-18 14:51:09,352 MAP = 0.12555481011363365
2019-01-18 14:51:09,353 scale=[array([1.])]
2019-01-18 14:51:09,353 *** End Major Checkpoint

2019-01-18 14:51:09,353 11 loss=0.523622323208845
2019-01-18 14:51:09,354 12 loss=0.5027184818298671
2019-01-18 14:51:09,355 13 loss=0.4840565279128729
2019-01-18 14:51:09,355 14 loss=0.46730292190977113
2019-01-18 14:51:09,356 15 loss=0.45218066730816453
2019-01-18 14:51:09,357 16 loss=0.43845929148248425
2019-01-18 14:51:09,358 17 loss=0.4259466062775418
2019-01-18 14:51:09,358 18 loss=0.4144819450050142
2019-01-18 14:51:09,359 19 loss=0.40393061660680796
2019-01-18 14:51:09,360 20 loss=0.39417935944892296
2019-01-18 14:51:09,360 
*** Major Checkpoint. Computing Stats and Saving
2019-01-18 14:51:09,360 	 Computing Major Stats lazily... 
2019-01-18 14:51:09,361 		 Completed edges=272 good=272 bad=0
2019-01-18 14:51:09,364 Distortion avg=0.5866299277095439 wc=11.832881117879747 me=1.4584489400995535 mc=8.113332453772456 nan_elements=0
2019-01-18 14:51:09,364 MAP = 0.13312246032834268
2019-01-18 14:51:09,364 scale=[array([1.])]
2019-01-18 14:51:09,364 *** End Major Checkpoint

2019-01-18 14:51:09,365 21 loss=0.3851326142092342
2019-01-18 14:51:09,366 22 loss=0.37670946705518904
2019-01-18 14:51:09,366 23 loss=0.36884114099608745
2019-01-18 14:51:09,367 24 loss=0.3614689354721188
2019-01-18 14:51:09,368 25 loss=0.3545425325291138
2019-01-18 14:51:09,368 26 loss=0.34801860293033654
2019-01-18 14:51:09,369 27 loss=0.34185965782357464
2019-01-18 14:51:09,369 28 loss=0.33603310159061656
2019-01-18 14:51:09,370 29 loss=0.33051044966201826
2019-01-18 14:51:09,371 30 loss=0.32526668172140516
2019-01-18 14:51:09,371 
*** Major Checkpoint. Computing Stats and Saving
2019-01-18 14:51:09,371 	 Computing Major Stats lazily... 
2019-01-18 14:51:09,372 		 Completed edges=272 good=272 bad=0
2019-01-18 14:51:09,375 Distortion avg=0.5281509627432023 wc=10.096403250272644 me=1.6488328788324926 mc=6.123363610641799 nan_elements=0
2019-01-18 14:51:09,375 MAP = 0.18542274718745308
2019-01-18 14:51:09,375 scale=[array([1.])]
2019-01-18 14:51:09,375 *** End Major Checkpoint

2019-01-18 14:51:09,376 31 loss=0.3202797061304741
2019-01-18 14:51:09,377 32 loss=0.3155299158083888
2019-01-18 14:51:09,377 33 loss=0.31099981938543353
2019-01-18 14:51:09,378 34 loss=0.30667373437377193
2019-01-18 14:51:09,378 35 loss=0.3025375314824493
2019-01-18 14:51:09,379 36 loss=0.29857842115040206
2019-01-18 14:51:09,380 37 loss=0.2947847749620904
2019-01-18 14:51:09,380 38 loss=0.2911459759118489
2019-01-18 14:51:09,381 39 loss=0.2876522925489286
2019-01-18 14:51:09,382 40 loss=0.2842947729091039
2019-01-18 14:51:09,382 
*** Major Checkpoint. Computing Stats and Saving
2019-01-18 14:51:09,382 	 Computing Major Stats lazily... 
2019-01-18 14:51:09,383 		 Completed edges=272 good=272 bad=0
2019-01-18 14:51:09,386 Distortion avg=0.4823017159465472 wc=8.936211541787394 me=1.721576074491784 mc=5.190715457883787 nan_elements=0
2019-01-18 14:51:09,386 MAP = 0.28568707980472685
2019-01-18 14:51:09,386 scale=[array([1.])]
2019-01-18 14:51:09,386 *** End Major Checkpoint

2019-01-18 14:51:09,387 41 loss=0.28106515485600264
2019-01-18 14:51:09,387 42 loss=0.27795579004469717
2019-01-18 14:51:09,388 43 loss=0.2749595792048951
2019-01-18 14:51:09,389 44 loss=0.2720699168402607
2019-01-18 14:51:09,389 45 loss=0.26928064376942273
2019-01-18 14:51:09,390 46 loss=0.2665860062056812
2019-01-18 14:51:09,391 47 loss=0.2639806202965768
2019-01-18 14:51:09,391 48 loss=0.2614594412297424
2019-01-18 14:51:09,392 49 loss=0.25901773616467577
2019-01-18 14:51:09,393 50 loss=0.25665106037688856
2019-01-18 14:51:09,393 
*** Major Checkpoint. Computing Stats and Saving
2019-01-18 14:51:09,393 	 Computing Major Stats lazily... 
2019-01-18 14:51:09,394 		 Completed edges=272 good=272 bad=0
2019-01-18 14:51:09,397 Distortion avg=0.44894576441809025 wc=8.221448956158762 me=1.7341494078352686 mc=4.740911549496512 nan_elements=0
2019-01-18 14:51:09,397 MAP = 0.39714950082597145
2019-01-18 14:51:09,397 scale=[array([1.])]
2019-01-18 14:51:09,397 *** End Major Checkpoint

2019-01-18 14:51:09,397 final loss=0.25665106037688856
2019-01-18 14:51:09,397 best loss=0.25665106037688856, distortion=0.44894576441809025, map=0.39714950082597145, wc_dist=8.221448956158762
2019-01-18 14:51:09,397 	 Computing Major Stats lazily... 
2019-01-18 14:51:09,399 		 Completed edges=272 good=272 bad=0
2019-01-18 14:51:09,401 Distortion avg=0.4489457644180901 wc=8.221448956158762 me=1.7341494078352686 mc=4.740911549496512 nan_elements=0
2019-01-18 14:51:09,401 MAP = 0.39714950082597145
2019-01-18 14:51:09,402 scale=[array([1.])]
