2019-01-18 14:59:50,151 Commandline ['pytorch/pytorch_hyperbolic.py', 'learn', 'data/edges/parsing/ewt/ewt_dev/155.edges', '--dim', '0', '--hyp', '0', '--edim', '10', '--euc', '1', '--sdim', '0', '--sph', '0', '--log-name', 'ewt_devr2/155.edges.E10-1.lr1.log', '--batch-size', '65536', '--epochs', '50', '--checkpoint-freq', '10', '-g', '--subsample', '1024', '--learning-rate', '1']
2019-01-18 14:59:50,152 No Model Save selected!
2019-01-18 14:59:50,153 Loaded Graph data/edges/parsing/ewt/ewt_dev/155.edges with 12 nodes scale=1.0
2019-01-18 14:59:50,153 Building dataset
2019-01-18 14:59:50,154 Subsample: 12 points with scale 1.0 subsample=11
2019-01-18 14:59:50,164 Built Data Sampler
2019-01-18 14:59:50,164 Creating a fresh model warm_start?=None
2019-01-18 14:59:50,164 	 Warmstarting? None None 12
2019-01-18 14:59:50,165 Embedding() torch.Size([12, 10])
2019-01-18 14:59:50,165 relative No Rescale
2019-01-18 14:59:50,165 Constructed model with dim=0 and epochs=0 isnan=False
2019-01-18 14:59:50,165 SGD (
Parameter Group 0
    dampening: 0
    initial_lr: 0.1
    lr: 1.0
    momentum: 0.0
    nesterov: False
    weight_decay: 0

Parameter Group 1
    dampening: 0
    initial_lr: 0.1
    lr: 1.0
    momentum: 0.0
    nesterov: False
    weight_decay: 0

Parameter Group 2
    dampening: 0
    initial_lr: 0.1
    lr: 1.0
    momentum: 0.0
    nesterov: False
    weight_decay: 0

Parameter Group 3
    dampening: 0
    initial_lr: 0.0001
    lr: 0.001
    momentum: 0.0
    nesterov: False
    weight_decay: 0
)
2019-01-18 14:59:50,165 *** Initial Checkpoint. Computing Stats
2019-01-18 14:59:50,165 	 Computing Major Stats lazily... 
2019-01-18 14:59:50,166 		 Completed edges=132 good=132 bad=0
2019-01-18 14:59:50,168 Distortion avg=0.9980928917556654 wc=11.874985686709838 me=0.005941110731069004 mc=1998.7820837288336 nan_elements=0
2019-01-18 14:59:50,168 MAP = 0.37650763588263586
2019-01-18 14:59:50,169 scale=[array([1.])]
2019-01-18 14:59:50,169 *** End Initial Checkpoint

2019-01-18 14:59:50,226 1 loss=0.9961912081369362
2019-01-18 14:59:50,226 2 loss=0.8571938237211119
2019-01-18 14:59:50,227 3 loss=0.747239855721127
2019-01-18 14:59:50,228 4 loss=0.6636083384639175
2019-01-18 14:59:50,228 5 loss=0.5997145692313524
2019-01-18 14:59:50,229 6 loss=0.5503686442032952
2019-01-18 14:59:50,229 7 loss=0.5117411159882426
2019-01-18 14:59:50,230 8 loss=0.48104806192493155
2019-01-18 14:59:50,230 9 loss=0.4562700358888894
2019-01-18 14:59:50,231 10 loss=0.43593812035206614
2019-01-18 14:59:50,231 
*** Major Checkpoint. Computing Stats and Saving
2019-01-18 14:59:50,231 	 Computing Major Stats lazily... 
2019-01-18 14:59:50,232 		 Completed edges=132 good=132 bad=0
2019-01-18 14:59:50,234 Distortion avg=0.6002299082653224 wc=13.009954732466111 me=1.33539227717773 mc=9.742421724919554 nan_elements=0
2019-01-18 14:59:50,234 MAP = 0.16051762666346
2019-01-18 14:59:50,234 scale=[array([1.])]
2019-01-18 14:59:50,234 *** End Major Checkpoint

2019-01-18 14:59:50,235 11 loss=0.41897829650038165
2019-01-18 14:59:50,235 12 loss=0.404600084801696
2019-01-18 14:59:50,236 13 loss=0.39221730921203657
2019-01-18 14:59:50,236 14 loss=0.38139175114037077
2019-01-18 14:59:50,237 15 loss=0.37179299557269846
2019-01-18 14:59:50,237 16 loss=0.363169709037299
2019-01-18 14:59:50,238 17 loss=0.3553289962292766
2019-01-18 14:59:50,238 18 loss=0.34812148107897906
2019-01-18 14:59:50,239 19 loss=0.34143045960615137
2019-01-18 14:59:50,240 20 loss=0.3351639622935669
2019-01-18 14:59:50,240 
*** Major Checkpoint. Computing Stats and Saving
2019-01-18 14:59:50,240 	 Computing Major Stats lazily... 
2019-01-18 14:59:50,241 		 Completed edges=132 good=132 bad=0
2019-01-18 14:59:50,243 Distortion avg=0.539938360467831 wc=9.867316126786166 me=1.5556740752907672 mc=6.342791387676684 nan_elements=0
2019-01-18 14:59:50,243 MAP = 0.21723785473785476
2019-01-18 14:59:50,243 scale=[array([1.])]
2019-01-18 14:59:50,243 *** End Major Checkpoint

2019-01-18 14:59:50,244 21 loss=0.32924890609437385
2019-01-18 14:59:50,244 22 loss=0.3236267554598878
2019-01-18 14:59:50,245 23 loss=0.3182502793849175
2019-01-18 14:59:50,245 24 loss=0.3130811092672959
2019-01-18 14:59:50,246 25 loss=0.30808788549837307
2019-01-18 14:59:50,246 26 loss=0.30324483961090615
2019-01-18 14:59:50,247 27 loss=0.2985307007597669
2019-01-18 14:59:50,248 28 loss=0.29392784532995586
2019-01-18 14:59:50,248 29 loss=0.28942163005665383
2019-01-18 14:59:50,249 30 loss=0.28499986464866583
2019-01-18 14:59:50,249 
*** Major Checkpoint. Computing Stats and Saving
2019-01-18 14:59:50,249 	 Computing Major Stats lazily... 
2019-01-18 14:59:50,249 		 Completed edges=132 good=132 bad=0
2019-01-18 14:59:50,251 Distortion avg=0.48770416616476064 wc=8.372472326121782 me=1.6408256135590298 mc=5.102597288179507 nan_elements=0
2019-01-18 14:59:50,251 MAP = 0.3653769841269841
2019-01-18 14:59:50,252 scale=[array([1.])]
2019-01-18 14:59:50,252 *** End Major Checkpoint

2019-01-18 14:59:50,252 31 loss=0.280652391244258
2019-01-18 14:59:50,253 32 loss=0.27637074630485925
2019-01-18 14:59:50,253 33 loss=0.2721478866222791
2019-01-18 14:59:50,254 34 loss=0.26797796558729714
2019-01-18 14:59:50,254 35 loss=0.26385614917694145
2019-01-18 14:59:50,255 36 loss=0.25977846357766926
2019-01-18 14:59:50,255 37 loss=0.2557416681986432
2019-01-18 14:59:50,256 38 loss=0.25174314920823354
2019-01-18 14:59:50,256 39 loss=0.2477808297683063
2019-01-18 14:59:50,257 40 loss=0.24385309393316582
2019-01-18 14:59:50,257 
*** Major Checkpoint. Computing Stats and Saving
2019-01-18 14:59:50,257 	 Computing Major Stats lazily... 
2019-01-18 14:59:50,258 		 Completed edges=132 good=132 bad=0
2019-01-18 14:59:50,260 Distortion avg=0.4411661652718045 wc=7.250732152964856 me=1.648331637969083 mc=4.39883090632084 nan_elements=0
2019-01-18 14:59:50,260 MAP = 0.5813822751322751
2019-01-18 14:59:50,260 scale=[array([1.])]
2019-01-18 14:59:50,260 *** End Major Checkpoint

2019-01-18 14:59:50,261 41 loss=0.23995872178818292
2019-01-18 14:59:50,261 42 loss=0.23609683387489336
2019-01-18 14:59:50,262 43 loss=0.23226684331969483
2019-01-18 14:59:50,262 44 loss=0.22846841437774396
2019-01-18 14:59:50,263 45 loss=0.2247014263407654
2019-01-18 14:59:50,263 46 loss=0.22096594195053593
2019-01-18 14:59:50,264 47 loss=0.21726217961829028
2019-01-18 14:59:50,264 48 loss=0.2135904888809613
2019-01-18 14:59:50,265 49 loss=0.20995132863282223
2019-01-18 14:59:50,265 50 loss=0.20634524775927482
2019-01-18 14:59:50,265 
*** Major Checkpoint. Computing Stats and Saving
2019-01-18 14:59:50,266 	 Computing Major Stats lazily... 
2019-01-18 14:59:50,266 		 Completed edges=132 good=132 bad=0
2019-01-18 14:59:50,268 Distortion avg=0.39722566084971617 wc=6.250930467418292 me=1.5927199380311308 mc=3.9246890292247434 nan_elements=0
2019-01-18 14:59:50,268 MAP = 0.732638888888889
2019-01-18 14:59:50,268 scale=[array([1.])]
2019-01-18 14:59:50,268 *** End Major Checkpoint

2019-01-18 14:59:50,268 final loss=0.20634524775927482
2019-01-18 14:59:50,268 best loss=0.20634524775927482, distortion=0.39722566084971617, map=0.732638888888889, wc_dist=6.250930467418292
2019-01-18 14:59:50,269 	 Computing Major Stats lazily... 
2019-01-18 14:59:50,269 		 Completed edges=132 good=132 bad=0
2019-01-18 14:59:50,271 Distortion avg=0.3972256608497162 wc=6.250930467418292 me=1.5927199380311308 mc=3.9246890292247434 nan_elements=0
2019-01-18 14:59:50,271 MAP = 0.7326388888888888
2019-01-18 14:59:50,271 scale=[array([1.])]
