2019-01-18 14:47:43,159 Commandline ['pytorch/pytorch_hyperbolic.py', 'learn', 'data/edges/parsing/ewt/ewt_dev/1553.edges', '--dim', '0', '--hyp', '0', '--edim', '10', '--euc', '1', '--sdim', '0', '--sph', '0', '--log-name', 'ewt_devr2/1553.edges.E10-1.lr1.log', '--batch-size', '65536', '--epochs', '50', '--checkpoint-freq', '10', '-g', '--subsample', '1024', '--learning-rate', '1']
2019-01-18 14:47:43,159 No Model Save selected!
2019-01-18 14:47:43,161 Loaded Graph data/edges/parsing/ewt/ewt_dev/1553.edges with 16 nodes scale=1.0
2019-01-18 14:47:43,161 Building dataset
2019-01-18 14:47:43,161 Subsample: 16 points with scale 1.0 subsample=15
2019-01-18 14:47:43,177 Built Data Sampler
2019-01-18 14:47:43,177 Creating a fresh model warm_start?=None
2019-01-18 14:47:43,178 	 Warmstarting? None None 16
2019-01-18 14:47:43,178 Embedding() torch.Size([16, 10])
2019-01-18 14:47:43,178 relative No Rescale
2019-01-18 14:47:43,179 Constructed model with dim=0 and epochs=0 isnan=False
2019-01-18 14:47:43,179 SGD (
Parameter Group 0
    dampening: 0
    initial_lr: 0.1
    lr: 1.0
    momentum: 0.0
    nesterov: False
    weight_decay: 0

Parameter Group 1
    dampening: 0
    initial_lr: 0.1
    lr: 1.0
    momentum: 0.0
    nesterov: False
    weight_decay: 0

Parameter Group 2
    dampening: 0
    initial_lr: 0.1
    lr: 1.0
    momentum: 0.0
    nesterov: False
    weight_decay: 0

Parameter Group 3
    dampening: 0
    initial_lr: 0.0001
    lr: 0.001
    momentum: 0.0
    nesterov: False
    weight_decay: 0
)
2019-01-18 14:47:43,179 *** Initial Checkpoint. Computing Stats
2019-01-18 14:47:43,179 	 Computing Major Stats lazily... 
2019-01-18 14:47:43,180 		 Completed edges=240 good=240 bad=0
2019-01-18 14:47:43,183 Distortion avg=0.998164194250344 wc=10.723602242631712 me=0.005941110731069004 mc=1804.9827259661556 nan_elements=0
2019-01-18 14:47:43,183 MAP = 0.23108503186628188
2019-01-18 14:47:43,183 scale=[array([1.])]
2019-01-18 14:47:43,183 *** End Initial Checkpoint

2019-01-18 14:47:43,241 1 loss=0.9963331103819948
2019-01-18 14:47:43,242 2 loss=0.8992784360328255
2019-01-18 14:47:43,242 3 loss=0.8149564747182084
2019-01-18 14:47:43,243 4 loss=0.7442665282931531
2019-01-18 14:47:43,244 5 loss=0.6849752191544722
2019-01-18 14:47:43,244 6 loss=0.6350049887705365
2019-01-18 14:47:43,245 7 loss=0.5926289445535792
2019-01-18 14:47:43,246 8 loss=0.5564486763972883
2019-01-18 14:47:43,246 9 loss=0.5253404557650856
2019-01-18 14:47:43,247 10 loss=0.4984024508511597
2019-01-18 14:47:43,247 
*** Major Checkpoint. Computing Stats and Saving
2019-01-18 14:47:43,247 	 Computing Major Stats lazily... 
2019-01-18 14:47:43,248 		 Completed edges=240 good=240 bad=0
2019-01-18 14:47:43,251 Distortion avg=0.6456201186516587 wc=14.20928756504248 me=1.2815751947829186 mc=11.087361571046435 nan_elements=0
2019-01-18 14:47:43,251 MAP = 0.12353187900062901
2019-01-18 14:47:43,251 scale=[array([1.])]
2019-01-18 14:47:43,251 *** End Major Checkpoint

2019-01-18 14:47:43,252 11 loss=0.47490979527927263
2019-01-18 14:47:43,252 12 loss=0.4542781216874025
2019-01-18 14:47:43,253 13 loss=0.4360345450270012
2019-01-18 14:47:43,254 14 loss=0.4197947709847032
2019-01-18 14:47:43,254 15 loss=0.40524509446528545
2019-01-18 14:47:43,255 16 loss=0.3921282478721768
2019-01-18 14:47:43,256 17 loss=0.3802322602963581
2019-01-18 14:47:43,256 18 loss=0.36938166542757017
2019-01-18 14:47:43,257 19 loss=0.3594305412201393
2019-01-18 14:47:43,258 20 loss=0.35025697993966326
2019-01-18 14:47:43,258 
*** Major Checkpoint. Computing Stats and Saving
2019-01-18 14:47:43,258 	 Computing Major Stats lazily... 
2019-01-18 14:47:43,259 		 Completed edges=240 good=240 bad=0
2019-01-18 14:47:43,261 Distortion avg=0.554402917029888 wc=10.070427840500926 me=1.5127953447319265 mc=6.656834234432052 nan_elements=0
2019-01-18 14:47:43,261 MAP = 0.1445786852036852
2019-01-18 14:47:43,262 scale=[array([1.])]
2019-01-18 14:47:43,262 *** End Major Checkpoint

2019-01-18 14:47:43,262 21 loss=0.34175867767907053
2019-01-18 14:47:43,263 22 loss=0.3338494025725967
2019-01-18 14:47:43,264 23 loss=0.32645615505447334
2019-01-18 14:47:43,264 24 loss=0.31951687517488797
2019-01-18 14:47:43,265 25 loss=0.3129785840515153
2019-01-18 14:47:43,266 26 loss=0.3067958712325505
2019-01-18 14:47:43,266 27 loss=0.3009296588015454
2019-01-18 14:47:43,267 28 loss=0.29534618778884336
2019-01-18 14:47:43,268 29 loss=0.29001618388026446
2019-01-18 14:47:43,268 30 loss=0.28491416830208416
2019-01-18 14:47:43,268 
*** Major Checkpoint. Computing Stats and Saving
2019-01-18 14:47:43,268 	 Computing Major Stats lazily... 
2019-01-18 14:47:43,270 		 Completed edges=240 good=240 bad=0
2019-01-18 14:47:43,272 Distortion avg=0.49594198396250816 wc=8.157602921215764 me=1.6134750190466025 mc=5.055921427302956 nan_elements=0
2019-01-18 14:47:43,272 MAP = 0.19498270826395825
2019-01-18 14:47:43,272 scale=[array([1.])]
2019-01-18 14:47:43,272 *** End Major Checkpoint

2019-01-18 14:47:43,273 31 loss=0.28001788670003336
2019-01-18 14:47:43,274 32 loss=0.27530783426710326
2019-01-18 14:47:43,275 33 loss=0.2707668596523432
2019-01-18 14:47:43,275 34 loss=0.2663798335619199
2019-01-18 14:47:43,276 35 loss=0.26213337064456177
2019-01-18 14:47:43,277 36 loss=0.25801559538968344
2019-01-18 14:47:43,277 37 loss=0.2540159444760386
2019-01-18 14:47:43,278 38 loss=0.2501249993827958
2019-01-18 14:47:43,279 39 loss=0.24633434418393044
2019-01-18 14:47:43,279 40 loss=0.24263644434549556
2019-01-18 14:47:43,279 
*** Major Checkpoint. Computing Stats and Saving
2019-01-18 14:47:43,279 	 Computing Major Stats lazily... 
2019-01-18 14:47:43,281 		 Completed edges=240 good=240 bad=0
2019-01-18 14:47:43,283 Distortion avg=0.4506141420553437 wc=7.220281726565 me=1.6746288275034809 mc=4.311571381061749 nan_elements=0
2019-01-18 14:47:43,283 MAP = 0.2660530152717653
2019-01-18 14:47:43,283 scale=[array([1.])]
2019-01-18 14:47:43,283 *** End Major Checkpoint

2019-01-18 14:47:43,284 41 loss=0.2390245430763307
2019-01-18 14:47:43,285 42 loss=0.2354925723794635
2019-01-18 14:47:43,285 43 loss=0.23203507644010132
2019-01-18 14:47:43,286 44 loss=0.2286471453874282
2019-01-18 14:47:43,287 45 loss=0.22532435779788046
2019-01-18 14:47:43,287 46 loss=0.222062730580302
2019-01-18 14:47:43,288 47 loss=0.21885867510890533
2019-01-18 14:47:43,289 48 loss=0.2157089586567972
2019-01-18 14:47:43,289 49 loss=0.21261067033781755
2019-01-18 14:47:43,290 50 loss=0.2095611908932168
2019-01-18 14:47:43,290 
*** Major Checkpoint. Computing Stats and Saving
2019-01-18 14:47:43,290 	 Computing Major Stats lazily... 
2019-01-18 14:47:43,291 		 Completed edges=240 good=240 bad=0
2019-01-18 14:47:43,294 Distortion avg=0.41317812191650316 wc=6.462244008044684 me=1.6767050285667484 mc=3.854132896332175 nan_elements=0
2019-01-18 14:47:43,294 MAP = 0.4888167388167388
2019-01-18 14:47:43,294 scale=[array([1.])]
2019-01-18 14:47:43,294 *** End Major Checkpoint

2019-01-18 14:47:43,294 final loss=0.2095611908932168
2019-01-18 14:47:43,294 best loss=0.2095611908932168, distortion=0.41317812191650316, map=0.4888167388167388, wc_dist=6.462244008044684
2019-01-18 14:47:43,294 	 Computing Major Stats lazily... 
2019-01-18 14:47:43,295 		 Completed edges=240 good=240 bad=0
2019-01-18 14:47:43,298 Distortion avg=0.4131781219165037 wc=6.462244008044684 me=1.6767050285667484 mc=3.854132896332175 nan_elements=0
2019-01-18 14:47:43,298 MAP = 0.48881673881673887
2019-01-18 14:47:43,298 scale=[array([1.])]
