2019-01-18 14:40:48,415 Commandline ['pytorch/pytorch_hyperbolic.py', 'learn', 'data/edges/parsing/ewt/ewt_dev/1556.edges', '--dim', '0', '--hyp', '0', '--edim', '10', '--euc', '1', '--sdim', '0', '--sph', '0', '--log-name', 'ewt_devr2/1556.edges.E10-1.lr1.log', '--batch-size', '65536', '--epochs', '50', '-g', '--subsample', '1024', '--learning-rate', '1']
2019-01-18 14:40:48,415 No Model Save selected!
2019-01-18 14:40:48,417 Loaded Graph data/edges/parsing/ewt/ewt_dev/1556.edges with 4 nodes scale=1.0
2019-01-18 14:40:48,417 Building dataset
2019-01-18 14:40:48,417 Subsample: 4 points with scale 1.0 subsample=3
2019-01-18 14:40:48,420 Built Data Sampler
2019-01-18 14:40:48,420 Creating a fresh model warm_start?=None
2019-01-18 14:40:48,420 	 Warmstarting? None None 4
2019-01-18 14:40:48,421 Embedding() torch.Size([4, 10])
2019-01-18 14:40:48,421 relative No Rescale
2019-01-18 14:40:48,421 Constructed model with dim=0 and epochs=0 isnan=False
2019-01-18 14:40:48,422 SGD (
Parameter Group 0
    dampening: 0
    initial_lr: 0.1
    lr: 1.0
    momentum: 0.0
    nesterov: False
    weight_decay: 0

Parameter Group 1
    dampening: 0
    initial_lr: 0.1
    lr: 1.0
    momentum: 0.0
    nesterov: False
    weight_decay: 0

Parameter Group 2
    dampening: 0
    initial_lr: 0.1
    lr: 1.0
    momentum: 0.0
    nesterov: False
    weight_decay: 0

Parameter Group 3
    dampening: 0
    initial_lr: 0.0001
    lr: 0.001
    momentum: 0.0
    nesterov: False
    weight_decay: 0
)
2019-01-18 14:40:48,422 *** Initial Checkpoint. Computing Stats
2019-01-18 14:40:48,422 	 Computing Major Stats lazily... 
2019-01-18 14:40:48,422 		 Completed edges=12 good=12 bad=0
2019-01-18 14:40:48,423 Distortion avg=0.9966404299181114 wc=3.2869580912217393 me=0.005628252251848828 mc=584.0104430539702 nan_elements=0
2019-01-18 14:40:48,423 MAP = 0.5
2019-01-18 14:40:48,424 scale=[array([1.])]
2019-01-18 14:40:48,424 *** End Initial Checkpoint

2019-01-18 14:40:48,479 1 loss=0.9932946490341571
2019-01-18 14:40:48,480 2 loss=0.2407395144924753
2019-01-18 14:40:48,481 3 loss=0.1294833284649695
2019-01-18 14:40:48,481 4 loss=0.07888125022286527
2019-01-18 14:40:48,482 5 loss=0.05111446373423253
2019-01-18 14:40:48,482 6 loss=0.035110241552562343
2019-01-18 14:40:48,482 7 loss=0.02553088144826274
2019-01-18 14:40:48,483 8 loss=0.01952698322341952
2019-01-18 14:40:48,483 9 loss=0.015603051035423412
2019-01-18 14:40:48,484 10 loss=0.01294279876686467
2019-01-18 14:40:48,484 11 loss=0.011080267580807442
2019-01-18 14:40:48,484 12 loss=0.009739192030568788
2019-01-18 14:40:48,485 13 loss=0.008750077509507341
2019-01-18 14:40:48,485 14 loss=0.008005510421100225
2019-01-18 14:40:48,486 15 loss=0.00743530225563032
2019-01-18 14:40:48,486 16 loss=0.006992263995116508
2019-01-18 14:40:48,487 17 loss=0.006643831475188717
2019-01-18 14:40:48,487 18 loss=0.006366996279128556
2019-01-18 14:40:48,487 19 loss=0.0061451537737712515
2019-01-18 14:40:48,488 20 loss=0.005966092316536989
2019-01-18 14:40:48,488 21 loss=0.00582067911886724
2019-01-18 14:40:48,489 22 loss=0.005701981819181498
2019-01-18 14:40:48,489 23 loss=0.005604668880595393
2019-01-18 14:40:48,490 24 loss=0.005524592303003056
2019-01-18 14:40:48,490 25 loss=0.005458491969625524
2019-01-18 14:40:48,491 26 loss=0.0054037826825149285
2019-01-18 14:40:48,491 27 loss=0.00535839840338033
2019-01-18 14:40:48,492 28 loss=0.0053206767205548665
2019-01-18 14:40:48,493 29 loss=0.005289272036446989
2019-01-18 14:40:48,493 30 loss=0.005263089554618169
2019-01-18 14:40:48,494 31 loss=0.005241234532094112
2019-01-18 14:40:48,494 32 loss=0.005222972875700671
2019-01-18 14:40:48,494 33 loss=0.005207700267418497
2019-01-18 14:40:48,495 34 loss=0.005194917772591086
2019-01-18 14:40:48,495 35 loss=0.0051842124260252365
2019-01-18 14:40:48,496 36 loss=0.005175241676609974
2019-01-18 14:40:48,496 37 loss=0.005167720848972987
2019-01-18 14:40:48,497 38 loss=0.005161412983185449
2019-01-18 14:40:48,497 39 loss=0.005156120562642375
2019-01-18 14:40:48,497 40 loss=0.00515167875117728
2019-01-18 14:40:48,498 41 loss=0.005147949843805555
2019-01-18 14:40:48,498 42 loss=0.005144818698686664
2019-01-18 14:40:48,499 43 loss=0.005142188966251414
2019-01-18 14:40:48,499 44 loss=0.005139979968761199
2019-01-18 14:40:48,500 45 loss=0.005138124112604783
2019-01-18 14:40:48,500 46 loss=0.005136564738407268
2019-01-18 14:40:48,500 47 loss=0.005135254332007701
2019-01-18 14:40:48,501 48 loss=0.005134153033657964
2019-01-18 14:40:48,501 49 loss=0.0051332273942311475
2019-01-18 14:40:48,502 50 loss=0.0051324493364284995
2019-01-18 14:40:48,502 final loss=0.0051324493364284995
2019-01-18 14:40:48,502 best loss=10000000000.0, distortion=10000000000.0, map=0.0, wc_dist=10000000000.0
2019-01-18 14:40:48,502 	 Computing Major Stats lazily... 
2019-01-18 14:40:48,502 		 Completed edges=12 good=12 bad=0
2019-01-18 14:40:48,503 Distortion avg=0.07145200514321905 wc=1.1548810574391133 me=1.066326818975048 mc=1.083046057632859 nan_elements=0
2019-01-18 14:40:48,503 MAP = 1.0
2019-01-18 14:40:48,503 scale=[array([1.])]
2019-01-18 14:59:04,046 Commandline ['pytorch/pytorch_hyperbolic.py', 'learn', 'data/edges/parsing/ewt/ewt_dev/1556.edges', '--dim', '0', '--hyp', '0', '--edim', '10', '--euc', '1', '--sdim', '0', '--sph', '0', '--log-name', 'ewt_devr2/1556.edges.E10-1.lr1.log', '--batch-size', '65536', '--epochs', '50', '--checkpoint-freq', '10', '-g', '--subsample', '1024', '--learning-rate', '1']
2019-01-18 14:59:04,047 No Model Save selected!
2019-01-18 14:59:04,048 Loaded Graph data/edges/parsing/ewt/ewt_dev/1556.edges with 4 nodes scale=1.0
2019-01-18 14:59:04,048 Building dataset
2019-01-18 14:59:04,049 Subsample: 4 points with scale 1.0 subsample=3
2019-01-18 14:59:04,052 Built Data Sampler
2019-01-18 14:59:04,052 Creating a fresh model warm_start?=None
2019-01-18 14:59:04,052 	 Warmstarting? None None 4
2019-01-18 14:59:04,052 Embedding() torch.Size([4, 10])
2019-01-18 14:59:04,052 relative No Rescale
2019-01-18 14:59:04,053 Constructed model with dim=0 and epochs=0 isnan=False
2019-01-18 14:59:04,053 SGD (
Parameter Group 0
    dampening: 0
    initial_lr: 0.1
    lr: 1.0
    momentum: 0.0
    nesterov: False
    weight_decay: 0

Parameter Group 1
    dampening: 0
    initial_lr: 0.1
    lr: 1.0
    momentum: 0.0
    nesterov: False
    weight_decay: 0

Parameter Group 2
    dampening: 0
    initial_lr: 0.1
    lr: 1.0
    momentum: 0.0
    nesterov: False
    weight_decay: 0

Parameter Group 3
    dampening: 0
    initial_lr: 0.0001
    lr: 0.001
    momentum: 0.0
    nesterov: False
    weight_decay: 0
)
2019-01-18 14:59:04,053 *** Initial Checkpoint. Computing Stats
2019-01-18 14:59:04,053 	 Computing Major Stats lazily... 
2019-01-18 14:59:04,053 		 Completed edges=12 good=12 bad=0
2019-01-18 14:59:04,054 Distortion avg=0.9966404299181114 wc=3.2869580912217393 me=0.005628252251848828 mc=584.0104430539702 nan_elements=0
2019-01-18 14:59:04,054 MAP = 0.5
2019-01-18 14:59:04,055 scale=[array([1.])]
2019-01-18 14:59:04,055 *** End Initial Checkpoint

2019-01-18 14:59:04,112 1 loss=0.9932946490341571
2019-01-18 14:59:04,112 2 loss=0.2407395144924753
2019-01-18 14:59:04,113 3 loss=0.1294833284649695
2019-01-18 14:59:04,113 4 loss=0.07888125022286527
2019-01-18 14:59:04,113 5 loss=0.05111446373423253
2019-01-18 14:59:04,114 6 loss=0.035110241552562343
2019-01-18 14:59:04,114 7 loss=0.02553088144826274
2019-01-18 14:59:04,115 8 loss=0.01952698322341952
2019-01-18 14:59:04,115 9 loss=0.015603051035423412
2019-01-18 14:59:04,115 10 loss=0.01294279876686467
2019-01-18 14:59:04,116 
*** Major Checkpoint. Computing Stats and Saving
2019-01-18 14:59:04,116 	 Computing Major Stats lazily... 
2019-01-18 14:59:04,116 		 Completed edges=12 good=12 bad=0
2019-01-18 14:59:04,117 Distortion avg=0.10162759159646832 wc=1.2591472358577938 me=1.0805921398963225 mc=1.1652381961417957 nan_elements=0
2019-01-18 14:59:04,117 MAP = 1.0
2019-01-18 14:59:04,117 scale=[array([1.])]
2019-01-18 14:59:04,117 *** End Major Checkpoint

2019-01-18 14:59:04,117 11 loss=0.011080267580807442
2019-01-18 14:59:04,118 12 loss=0.009739192030568788
2019-01-18 14:59:04,118 13 loss=0.008750077509507343
2019-01-18 14:59:04,119 14 loss=0.008005510421100225
2019-01-18 14:59:04,119 15 loss=0.007435302255630326
2019-01-18 14:59:04,120 16 loss=0.006992263995116498
2019-01-18 14:59:04,120 17 loss=0.006643831475188718
2019-01-18 14:59:04,121 18 loss=0.00636699627912856
2019-01-18 14:59:04,121 19 loss=0.006145153773771256
2019-01-18 14:59:04,122 20 loss=0.005966092316536989
2019-01-18 14:59:04,122 
*** Major Checkpoint. Computing Stats and Saving
2019-01-18 14:59:04,122 	 Computing Major Stats lazily... 
2019-01-18 14:59:04,122 		 Completed edges=12 good=12 bad=0
2019-01-18 14:59:04,123 Distortion avg=0.07584531129545503 wc=1.1721338856563208 me=1.0693961364103017 mc=1.096070806456141 nan_elements=0
2019-01-18 14:59:04,123 MAP = 1.0
2019-01-18 14:59:04,123 scale=[array([1.])]
2019-01-18 14:59:04,123 *** End Major Checkpoint

2019-01-18 14:59:04,123 21 loss=0.005820679118867233
2019-01-18 14:59:04,124 22 loss=0.005701981819181491
2019-01-18 14:59:04,124 23 loss=0.005604668880595393
2019-01-18 14:59:04,125 24 loss=0.005524592303003055
2019-01-18 14:59:04,125 25 loss=0.005458491969625521
2019-01-18 14:59:04,126 26 loss=0.00540378268251492
2019-01-18 14:59:04,126 27 loss=0.005358398403380333
2019-01-18 14:59:04,126 28 loss=0.00532067672055487
2019-01-18 14:59:04,127 29 loss=0.005289272036446988
2019-01-18 14:59:04,127 30 loss=0.005263089554618167
2019-01-18 14:59:04,127 
*** Major Checkpoint. Computing Stats and Saving
2019-01-18 14:59:04,127 	 Computing Major Stats lazily... 
2019-01-18 14:59:04,128 		 Completed edges=12 good=12 bad=0
2019-01-18 14:59:04,128 Distortion avg=0.07218243953867791 wc=1.1582831361138066 me=1.0669175059389235 mc=1.0856351401737272 nan_elements=0
2019-01-18 14:59:04,129 MAP = 1.0
2019-01-18 14:59:04,129 scale=[array([1.])]
2019-01-18 14:59:04,129 *** End Major Checkpoint

2019-01-18 14:59:04,129 31 loss=0.005241234532094112
2019-01-18 14:59:04,130 32 loss=0.005222972875700674
2019-01-18 14:59:04,130 33 loss=0.005207700267418497
2019-01-18 14:59:04,130 34 loss=0.005194917772591083
2019-01-18 14:59:04,131 35 loss=0.005184212426025241
2019-01-18 14:59:04,131 36 loss=0.00517524167660998
2019-01-18 14:59:04,132 37 loss=0.005167720848972991
2019-01-18 14:59:04,132 38 loss=0.00516141298318545
2019-01-18 14:59:04,132 39 loss=0.0051561205626423695
2019-01-18 14:59:04,133 40 loss=0.005151678751177279
2019-01-18 14:59:04,133 
*** Major Checkpoint. Computing Stats and Saving
2019-01-18 14:59:04,133 	 Computing Major Stats lazily... 
2019-01-18 14:59:04,133 		 Completed edges=12 good=12 bad=0
2019-01-18 14:59:04,134 Distortion avg=0.07156109664487552 wc=1.155487461986976 me=1.0664260496921794 mc=1.0835139129623699 nan_elements=0
2019-01-18 14:59:04,134 MAP = 1.0
2019-01-18 14:59:04,134 scale=[array([1.])]
2019-01-18 14:59:04,134 *** End Major Checkpoint

2019-01-18 14:59:04,135 41 loss=0.005147949843805557
2019-01-18 14:59:04,135 42 loss=0.005144818698686658
2019-01-18 14:59:04,136 43 loss=0.00514218896625141
2019-01-18 14:59:04,136 44 loss=0.0051399799687612035
2019-01-18 14:59:04,136 45 loss=0.005138124112604785
2019-01-18 14:59:04,137 46 loss=0.005136564738407258
2019-01-18 14:59:04,137 47 loss=0.005135254332007711
2019-01-18 14:59:04,138 48 loss=0.005134153033657962
2019-01-18 14:59:04,138 49 loss=0.005133227394231143
2019-01-18 14:59:04,138 50 loss=0.005132449336428505
2019-01-18 14:59:04,138 
*** Major Checkpoint. Computing Stats and Saving
2019-01-18 14:59:04,139 	 Computing Major Stats lazily... 
2019-01-18 14:59:04,139 		 Completed edges=12 good=12 bad=0
2019-01-18 14:59:04,139 Distortion avg=0.07145200514321907 wc=1.1548810574391133 me=1.066326818975048 mc=1.083046057632859 nan_elements=0
2019-01-18 14:59:04,140 MAP = 1.0
2019-01-18 14:59:04,140 scale=[array([1.])]
2019-01-18 14:59:04,140 *** End Major Checkpoint

2019-01-18 14:59:04,140 final loss=0.005132449336428505
2019-01-18 14:59:04,140 best loss=0.005132449336428505, distortion=0.07145200514321907, map=1.0, wc_dist=1.1548810574391133
2019-01-18 14:59:04,140 	 Computing Major Stats lazily... 
2019-01-18 14:59:04,140 		 Completed edges=12 good=12 bad=0
2019-01-18 14:59:04,141 Distortion avg=0.07145200514321907 wc=1.1548810574391133 me=1.066326818975048 mc=1.083046057632859 nan_elements=0
2019-01-18 14:59:04,141 MAP = 1.0
2019-01-18 14:59:04,141 scale=[array([1.])]
