2019-01-18 14:42:54,424 Commandline ['pytorch/pytorch_hyperbolic.py', 'learn', 'data/edges/parsing/ewt/ewt_dev/1557.edges', '--dim', '0', '--hyp', '0', '--edim', '10', '--euc', '1', '--sdim', '0', '--sph', '0', '--log-name', 'ewt_devr2/1557.edges.E10-1.lr1.log', '--batch-size', '65536', '--epochs', '50', '-g', '--subsample', '1024', '--learning-rate', '1']
2019-01-18 14:42:54,424 No Model Save selected!
2019-01-18 14:42:54,426 Loaded Graph data/edges/parsing/ewt/ewt_dev/1557.edges with 14 nodes scale=1.0
2019-01-18 14:42:54,426 Building dataset
2019-01-18 14:42:54,426 Subsample: 14 points with scale 1.0 subsample=13
2019-01-18 14:42:54,439 Built Data Sampler
2019-01-18 14:42:54,439 Creating a fresh model warm_start?=None
2019-01-18 14:42:54,439 	 Warmstarting? None None 14
2019-01-18 14:42:54,440 Embedding() torch.Size([14, 10])
2019-01-18 14:42:54,440 relative No Rescale
2019-01-18 14:42:54,440 Constructed model with dim=0 and epochs=0 isnan=False
2019-01-18 14:42:54,440 SGD (
Parameter Group 0
    dampening: 0
    initial_lr: 0.1
    lr: 1.0
    momentum: 0.0
    nesterov: False
    weight_decay: 0

Parameter Group 1
    dampening: 0
    initial_lr: 0.1
    lr: 1.0
    momentum: 0.0
    nesterov: False
    weight_decay: 0

Parameter Group 2
    dampening: 0
    initial_lr: 0.1
    lr: 1.0
    momentum: 0.0
    nesterov: False
    weight_decay: 0

Parameter Group 3
    dampening: 0
    initial_lr: 0.0001
    lr: 0.001
    momentum: 0.0
    nesterov: False
    weight_decay: 0
)
2019-01-18 14:42:54,440 *** Initial Checkpoint. Computing Stats
2019-01-18 14:42:54,440 	 Computing Major Stats lazily... 
2019-01-18 14:42:54,442 		 Completed edges=182 good=182 bad=0
2019-01-18 14:42:54,444 Distortion avg=0.9979402302831741 wc=7.545139659358218 me=0.005982886981094694 mc=1261.1202055462657 nan_elements=0
2019-01-18 14:42:54,444 MAP = 0.30625852322280894
2019-01-18 14:42:54,444 scale=[array([1.])]
2019-01-18 14:42:54,445 *** End Initial Checkpoint

2019-01-18 14:42:54,503 1 loss=0.9958860234581555
2019-01-18 14:42:54,504 2 loss=0.856396001954632
2019-01-18 14:42:54,505 3 loss=0.7439386066665399
2019-01-18 14:42:54,505 4 loss=0.6561813060835134
2019-01-18 14:42:54,506 5 loss=0.5868207280789005
2019-01-18 14:42:54,507 6 loss=0.5310704339949283
2019-01-18 14:42:54,507 7 loss=0.48548440857997294
2019-01-18 14:42:54,508 8 loss=0.44759462400738764
2019-01-18 14:42:54,508 9 loss=0.4156226359205421
2019-01-18 14:42:54,509 10 loss=0.38827337940937307
2019-01-18 14:42:54,510 11 loss=0.36459181352471165
2019-01-18 14:42:54,510 12 loss=0.3438639313450219
2019-01-18 14:42:54,511 13 loss=0.3255482966060826
2019-01-18 14:42:54,512 14 loss=0.30922842345657536
2019-01-18 14:42:54,512 15 loss=0.29457938957290286
2019-01-18 14:42:54,513 16 loss=0.2813442102612959
2019-01-18 14:42:54,513 17 loss=0.26931695087522617
2019-01-18 14:42:54,514 18 loss=0.25833052833936376
2019-01-18 14:42:54,515 19 loss=0.24824780462209176
2019-01-18 14:42:54,515 20 loss=0.23895501261728663
2019-01-18 14:42:54,516 21 loss=0.23035685002949707
2019-01-18 14:42:54,516 22 loss=0.22237277724952934
2019-01-18 14:42:54,517 23 loss=0.21493419235902064
2019-01-18 14:42:54,518 24 loss=0.20798225107397855
2019-01-18 14:42:54,518 25 loss=0.20146616534816758
2019-01-18 14:42:54,519 26 loss=0.19534186062386263
2019-01-18 14:42:54,519 27 loss=0.18957090444409072
2019-01-18 14:42:54,520 28 loss=0.18411964245237733
2019-01-18 14:42:54,521 29 loss=0.1789584945192898
2019-01-18 14:42:54,521 30 loss=0.17406137579137898
2019-01-18 14:42:54,522 31 loss=0.16940521620861784
2019-01-18 14:42:54,522 32 loss=0.16496955842867353
2019-01-18 14:42:54,523 33 loss=0.16073621879893427
2019-01-18 14:42:54,524 34 loss=0.15668899950389523
2019-01-18 14:42:54,524 35 loss=0.15281344262296254
2019-01-18 14:42:54,525 36 loss=0.1490966188016792
2019-01-18 14:42:54,525 37 loss=0.14552694473878705
2019-01-18 14:42:54,526 38 loss=0.1420940248446874
2019-01-18 14:42:54,527 39 loss=0.1387885133215462
2019-01-18 14:42:54,527 40 loss=0.13560199361494926
2019-01-18 14:42:54,528 41 loss=0.13252687273792668
2019-01-18 14:42:54,528 42 loss=0.12955628840447972
2019-01-18 14:42:54,529 43 loss=0.12668402725702244
2019-01-18 14:42:54,529 44 loss=0.12390445274980129
2019-01-18 14:42:54,530 45 loss=0.12121244147334502
2019-01-18 14:42:54,531 46 loss=0.11860332688498347
2019-01-18 14:42:54,531 47 loss=0.11607284955663685
2019-01-18 14:42:54,532 48 loss=0.11361711317065837
2019-01-18 14:42:54,532 49 loss=0.11123254559325813
2019-01-18 14:42:54,533 50 loss=0.10891586443743789
2019-01-18 14:42:54,533 final loss=0.10891586443743789
2019-01-18 14:42:54,533 best loss=10000000000.0, distortion=10000000000.0, map=0.0, wc_dist=10000000000.0
2019-01-18 14:42:54,533 	 Computing Major Stats lazily... 
2019-01-18 14:42:54,534 		 Completed edges=182 good=182 bad=0
2019-01-18 14:42:54,536 Distortion avg=0.2882964737867285 wc=4.1999010124087395 me=1.5751100314064446 mc=2.6664175382456112 nan_elements=0
2019-01-18 14:42:54,536 MAP = 0.8747874149659864
2019-01-18 14:42:54,536 scale=[array([1.])]
2019-01-18 14:57:42,277 Commandline ['pytorch/pytorch_hyperbolic.py', 'learn', 'data/edges/parsing/ewt/ewt_dev/1557.edges', '--dim', '0', '--hyp', '0', '--edim', '10', '--euc', '1', '--sdim', '0', '--sph', '0', '--log-name', 'ewt_devr2/1557.edges.E10-1.lr1.log', '--batch-size', '65536', '--epochs', '50', '--checkpoint-freq', '10', '-g', '--subsample', '1024', '--learning-rate', '1']
2019-01-18 14:57:42,278 No Model Save selected!
2019-01-18 14:57:42,280 Loaded Graph data/edges/parsing/ewt/ewt_dev/1557.edges with 14 nodes scale=1.0
2019-01-18 14:57:42,280 Building dataset
2019-01-18 14:57:42,281 Subsample: 14 points with scale 1.0 subsample=13
2019-01-18 14:57:42,293 Built Data Sampler
2019-01-18 14:57:42,293 Creating a fresh model warm_start?=None
2019-01-18 14:57:42,293 	 Warmstarting? None None 14
2019-01-18 14:57:42,293 Embedding() torch.Size([14, 10])
2019-01-18 14:57:42,294 relative No Rescale
2019-01-18 14:57:42,294 Constructed model with dim=0 and epochs=0 isnan=False
2019-01-18 14:57:42,294 SGD (
Parameter Group 0
    dampening: 0
    initial_lr: 0.1
    lr: 1.0
    momentum: 0.0
    nesterov: False
    weight_decay: 0

Parameter Group 1
    dampening: 0
    initial_lr: 0.1
    lr: 1.0
    momentum: 0.0
    nesterov: False
    weight_decay: 0

Parameter Group 2
    dampening: 0
    initial_lr: 0.1
    lr: 1.0
    momentum: 0.0
    nesterov: False
    weight_decay: 0

Parameter Group 3
    dampening: 0
    initial_lr: 0.0001
    lr: 0.001
    momentum: 0.0
    nesterov: False
    weight_decay: 0
)
2019-01-18 14:57:42,294 *** Initial Checkpoint. Computing Stats
2019-01-18 14:57:42,294 	 Computing Major Stats lazily... 
2019-01-18 14:57:42,295 		 Completed edges=182 good=182 bad=0
2019-01-18 14:57:42,298 Distortion avg=0.9979402302831741 wc=7.545139659358218 me=0.005982886981094694 mc=1261.1202055462657 nan_elements=0
2019-01-18 14:57:42,298 MAP = 0.30625852322280894
2019-01-18 14:57:42,298 scale=[array([1.])]
2019-01-18 14:57:42,298 *** End Initial Checkpoint

2019-01-18 14:57:42,355 1 loss=0.9958860234581555
2019-01-18 14:57:42,355 2 loss=0.856396001954632
2019-01-18 14:57:42,356 3 loss=0.7439386066665399
2019-01-18 14:57:42,356 4 loss=0.6561813060835134
2019-01-18 14:57:42,357 5 loss=0.5868207280789005
2019-01-18 14:57:42,358 6 loss=0.5310704339949283
2019-01-18 14:57:42,358 7 loss=0.48548440857997294
2019-01-18 14:57:42,359 8 loss=0.44759462400738764
2019-01-18 14:57:42,359 9 loss=0.4156226359205421
2019-01-18 14:57:42,360 10 loss=0.38827337940937307
2019-01-18 14:57:42,360 
*** Major Checkpoint. Computing Stats and Saving
2019-01-18 14:57:42,360 	 Computing Major Stats lazily... 
2019-01-18 14:57:42,361 		 Completed edges=182 good=182 bad=0
2019-01-18 14:57:42,363 Distortion avg=0.5625322539012073 wc=9.749906461623738 me=1.3472886828721828 mc=7.236686974048241 nan_elements=0
2019-01-18 14:57:42,363 MAP = 0.14615331758188901
2019-01-18 14:57:42,364 scale=[array([1.])]
2019-01-18 14:57:42,364 *** End Major Checkpoint

2019-01-18 14:57:42,364 11 loss=0.36459181352471154
2019-01-18 14:57:42,365 12 loss=0.3438639313450219
2019-01-18 14:57:42,365 13 loss=0.32554829660608264
2019-01-18 14:57:42,366 14 loss=0.30922842345657536
2019-01-18 14:57:42,367 15 loss=0.29457938957290286
2019-01-18 14:57:42,367 16 loss=0.28134421026129597
2019-01-18 14:57:42,368 17 loss=0.2693169508752262
2019-01-18 14:57:42,368 18 loss=0.2583305283393637
2019-01-18 14:57:42,369 19 loss=0.24824780462209173
2019-01-18 14:57:42,369 20 loss=0.23895501261728672
2019-01-18 14:57:42,370 
*** Major Checkpoint. Computing Stats and Saving
2019-01-18 14:57:42,370 	 Computing Major Stats lazily... 
2019-01-18 14:57:42,370 		 Completed edges=182 good=182 bad=0
2019-01-18 14:57:42,373 Distortion avg=0.44919927645840363 wc=6.547980091435149 me=1.4748995329669359 mc=4.439610932863412 nan_elements=0
2019-01-18 14:57:42,373 MAP = 0.23623301301872734
2019-01-18 14:57:42,373 scale=[array([1.])]
2019-01-18 14:57:42,373 *** End Major Checkpoint

2019-01-18 14:57:42,374 21 loss=0.23035685002949716
2019-01-18 14:57:42,374 22 loss=0.2223727772495293
2019-01-18 14:57:42,375 23 loss=0.21493419235902064
2019-01-18 14:57:42,376 24 loss=0.2079822510739786
2019-01-18 14:57:42,376 25 loss=0.20146616534816758
2019-01-18 14:57:42,377 26 loss=0.19534186062386272
2019-01-18 14:57:42,377 27 loss=0.18957090444409075
2019-01-18 14:57:42,378 28 loss=0.18411964245237739
2019-01-18 14:57:42,379 29 loss=0.17895849451928975
2019-01-18 14:57:42,379 30 loss=0.17406137579137898
2019-01-18 14:57:42,379 
*** Major Checkpoint. Computing Stats and Saving
2019-01-18 14:57:42,379 	 Computing Major Stats lazily... 
2019-01-18 14:57:42,380 		 Completed edges=182 good=182 bad=0
2019-01-18 14:57:42,382 Distortion avg=0.3728076791163694 wc=5.4990177490638095 me=1.5842860253134519 mc=3.4709753549557605 nan_elements=0
2019-01-18 14:57:42,382 MAP = 0.4167539093559502
2019-01-18 14:57:42,383 scale=[array([1.])]
2019-01-18 14:57:42,383 *** End Major Checkpoint

2019-01-18 14:57:42,383 31 loss=0.16940521620861784
2019-01-18 14:57:42,384 32 loss=0.1649695584286735
2019-01-18 14:57:42,384 33 loss=0.1607362187989342
2019-01-18 14:57:42,385 34 loss=0.15668899950389523
2019-01-18 14:57:42,386 35 loss=0.1528134426229625
2019-01-18 14:57:42,386 36 loss=0.1490966188016792
2019-01-18 14:57:42,387 37 loss=0.145526944738787
2019-01-18 14:57:42,387 38 loss=0.14209402484468736
2019-01-18 14:57:42,388 39 loss=0.1387885133215462
2019-01-18 14:57:42,388 40 loss=0.13560199361494932
2019-01-18 14:57:42,388 
*** Major Checkpoint. Computing Stats and Saving
2019-01-18 14:57:42,389 	 Computing Major Stats lazily... 
2019-01-18 14:57:42,389 		 Completed edges=182 good=182 bad=0
2019-01-18 14:57:42,392 Distortion avg=0.3244645485678993 wc=4.761019546031681 me=1.5998235635119877 mc=2.9759653843203355 nan_elements=0
2019-01-18 14:57:42,392 MAP = 0.62947091174132
2019-01-18 14:57:42,392 scale=[array([1.])]
2019-01-18 14:57:42,392 *** End Major Checkpoint

2019-01-18 14:57:42,392 41 loss=0.1325268727379267
2019-01-18 14:57:42,393 42 loss=0.1295562884044797
2019-01-18 14:57:42,394 43 loss=0.12668402725702244
2019-01-18 14:57:42,394 44 loss=0.12390445274980132
2019-01-18 14:57:42,395 45 loss=0.121212441473345
2019-01-18 14:57:42,395 46 loss=0.11860332688498347
2019-01-18 14:57:42,396 47 loss=0.11607284955663681
2019-01-18 14:57:42,396 48 loss=0.11361711317065837
2019-01-18 14:57:42,397 49 loss=0.11123254559325807
2019-01-18 14:57:42,398 50 loss=0.10891586443743789
2019-01-18 14:57:42,398 
*** Major Checkpoint. Computing Stats and Saving
2019-01-18 14:57:42,398 	 Computing Major Stats lazily... 
2019-01-18 14:57:42,399 		 Completed edges=182 good=182 bad=0
2019-01-18 14:57:42,401 Distortion avg=0.2882964737867285 wc=4.1999010124087395 me=1.5751100314064446 mc=2.6664175382456112 nan_elements=0
2019-01-18 14:57:42,402 MAP = 0.8747874149659864
2019-01-18 14:57:42,402 scale=[array([1.])]
2019-01-18 14:57:42,402 *** End Major Checkpoint

2019-01-18 14:57:42,402 final loss=0.10891586443743789
2019-01-18 14:57:42,402 best loss=0.10891586443743789, distortion=0.2882964737867285, map=0.8747874149659864, wc_dist=4.1999010124087395
2019-01-18 14:57:42,402 	 Computing Major Stats lazily... 
2019-01-18 14:57:42,403 		 Completed edges=182 good=182 bad=0
2019-01-18 14:57:42,405 Distortion avg=0.28829647378672846 wc=4.1999010124087395 me=1.5751100314064446 mc=2.6664175382456112 nan_elements=0
2019-01-18 14:57:42,405 MAP = 0.8747874149659863
2019-01-18 14:57:42,405 scale=[array([1.])]
