2019-01-18 15:12:47,115 Commandline ['pytorch/pytorch_hyperbolic.py', 'learn', 'data/edges/parsing/ewt/ewt_dev/1559.edges', '--dim', '0', '--hyp', '0', '--edim', '10', '--euc', '1', '--sdim', '0', '--sph', '0', '--log-name', 'ewt_devr2/1559.edges.E10-1.lr1.log', '--batch-size', '65536', '--epochs', '50', '--checkpoint-freq', '10', '-g', '--subsample', '1024', '--learning-rate', '1']
2019-01-18 15:12:47,116 No Model Save selected!
2019-01-18 15:12:47,117 Loaded Graph data/edges/parsing/ewt/ewt_dev/1559.edges with 8 nodes scale=1.0
2019-01-18 15:12:47,118 Building dataset
2019-01-18 15:12:47,118 Subsample: 8 points with scale 1.0 subsample=7
2019-01-18 15:12:47,124 Built Data Sampler
2019-01-18 15:12:47,124 Creating a fresh model warm_start?=None
2019-01-18 15:12:47,124 	 Warmstarting? None None 8
2019-01-18 15:12:47,125 Embedding() torch.Size([8, 10])
2019-01-18 15:12:47,125 relative No Rescale
2019-01-18 15:12:47,125 Constructed model with dim=0 and epochs=0 isnan=False
2019-01-18 15:12:47,125 SGD (
Parameter Group 0
    dampening: 0
    initial_lr: 0.1
    lr: 1.0
    momentum: 0.0
    nesterov: False
    weight_decay: 0

Parameter Group 1
    dampening: 0
    initial_lr: 0.1
    lr: 1.0
    momentum: 0.0
    nesterov: False
    weight_decay: 0

Parameter Group 2
    dampening: 0
    initial_lr: 0.1
    lr: 1.0
    momentum: 0.0
    nesterov: False
    weight_decay: 0

Parameter Group 3
    dampening: 0
    initial_lr: 0.0001
    lr: 0.001
    momentum: 0.0
    nesterov: False
    weight_decay: 0
)
2019-01-18 15:12:47,125 *** Initial Checkpoint. Computing Stats
2019-01-18 15:12:47,125 	 Computing Major Stats lazily... 
2019-01-18 15:12:47,126 		 Completed edges=56 good=56 bad=0
2019-01-18 15:12:47,128 Distortion avg=0.9972930015577698 wc=5.42622410709818 me=0.005941110731069004 mc=913.334955822616 nan_elements=0
2019-01-18 15:12:47,128 MAP = 0.37973214285714285
2019-01-18 15:12:47,128 scale=[array([1.])]
2019-01-18 15:12:47,128 *** End Initial Checkpoint

2019-01-18 15:12:47,186 1 loss=0.9945951886630044
2019-01-18 15:12:47,186 2 loss=0.6570479695874561
2019-01-18 15:12:47,187 3 loss=0.47846991271289246
2019-01-18 15:12:47,188 4 loss=0.38218470232726515
2019-01-18 15:12:47,188 5 loss=0.323064527928814
2019-01-18 15:12:47,189 6 loss=0.28253791015968216
2019-01-18 15:12:47,189 7 loss=0.2524770549797381
2019-01-18 15:12:47,190 8 loss=0.22893977044617647
2019-01-18 15:12:47,190 9 loss=0.2097974087923567
2019-01-18 15:12:47,191 10 loss=0.1937822469511665
2019-01-18 15:12:47,191 
*** Major Checkpoint. Computing Stats and Saving
2019-01-18 15:12:47,191 	 Computing Major Stats lazily... 
2019-01-18 15:12:47,191 		 Completed edges=56 good=56 bad=0
2019-01-18 15:12:47,193 Distortion avg=0.3879351994630323 wc=4.309625073193194 me=1.382961872497274 mc=3.116228407230864 nan_elements=0
2019-01-18 15:12:47,193 MAP = 0.5027976190476191
2019-01-18 15:12:47,193 scale=[array([1.])]
2019-01-18 15:12:47,193 *** End Major Checkpoint

2019-01-18 15:12:47,193 11 loss=0.1800747413705099
2019-01-18 15:12:47,194 12 loss=0.16811095542947982
2019-01-18 15:12:47,194 13 loss=0.1574863158995094
2019-01-18 15:12:47,195 14 loss=0.1479039384158569
2019-01-18 15:12:47,195 15 loss=0.13914443351399075
2019-01-18 15:12:47,196 16 loss=0.13104645916591884
2019-01-18 15:12:47,196 17 loss=0.12349294388576411
2019-01-18 15:12:47,197 18 loss=0.11640057967778794
2019-01-18 15:12:47,197 19 loss=0.10971145304861944
2019-01-18 15:12:47,198 20 loss=0.10338627106599942
2019-01-18 15:12:47,198 
*** Major Checkpoint. Computing Stats and Saving
2019-01-18 15:12:47,198 	 Computing Major Stats lazily... 
2019-01-18 15:12:47,198 		 Completed edges=56 good=56 bad=0
2019-01-18 15:12:47,200 Distortion avg=0.27278841901890005 wc=3.149746716690988 me=1.4226804269282463 mc=2.213952379658237 nan_elements=0
2019-01-18 15:12:47,200 MAP = 0.8958333333333333
2019-01-18 15:12:47,200 scale=[array([1.])]
2019-01-18 15:12:47,200 *** End Major Checkpoint

2019-01-18 15:12:47,200 21 loss=0.09739889960726555
2019-01-18 15:12:47,201 22 loss=0.09173203610840709
2019-01-18 15:12:47,201 23 loss=0.08637387490058776
2019-01-18 15:12:47,202 24 loss=0.08131563128960902
2019-01-18 15:12:47,202 25 loss=0.07654979074446186
2019-01-18 15:12:47,203 26 loss=0.07206895086906218
2019-01-18 15:12:47,203 27 loss=0.06786512962451745
2019-01-18 15:12:47,204 28 loss=0.06392942400827074
2019-01-18 15:12:47,204 29 loss=0.06025191804175694
2019-01-18 15:12:47,205 30 loss=0.05682175580579474
2019-01-18 15:12:47,205 
*** Major Checkpoint. Computing Stats and Saving
2019-01-18 15:12:47,205 	 Computing Major Stats lazily... 
2019-01-18 15:12:47,205 		 Completed edges=56 good=56 bad=0
2019-01-18 15:12:47,206 Distortion avg=0.20371320969905335 wc=2.2116789712992144 me=1.2939816782387124 mc=1.7092042402869372 nan_elements=0
2019-01-18 15:12:47,207 MAP = 1.0
2019-01-18 15:12:47,207 scale=[array([1.])]
2019-01-18 15:12:47,207 *** End Major Checkpoint

2019-01-18 15:12:47,207 31 loss=0.05362731267304438
2019-01-18 15:12:47,208 32 loss=0.0506564143860808
2019-01-18 15:12:47,208 33 loss=0.04789656822730689
2019-01-18 15:12:47,209 34 loss=0.04533518269172759
2019-01-18 15:12:47,209 35 loss=0.04295976166310942
2019-01-18 15:12:47,210 36 loss=0.04075806624619295
2019-01-18 15:12:47,210 37 loss=0.03871824242969197
2019-01-18 15:12:47,211 38 loss=0.03682891603059333
2019-01-18 15:12:47,211 39 loss=0.035079258293027
2019-01-18 15:12:47,212 40 loss=0.03345902644556085
2019-01-18 15:12:47,212 
*** Major Checkpoint. Computing Stats and Saving
2019-01-18 15:12:47,212 	 Computing Major Stats lazily... 
2019-01-18 15:12:47,212 		 Completed edges=56 good=56 bad=0
2019-01-18 15:12:47,214 Distortion avg=0.15762508787500293 wc=1.737760862029654 me=1.2005892831744378 mc=1.4474232665436584 nan_elements=0
2019-01-18 15:12:47,214 MAP = 1.0
2019-01-18 15:12:47,214 scale=[array([1.])]
2019-01-18 15:12:47,214 *** End Major Checkpoint

2019-01-18 15:12:47,215 41 loss=0.03195858376609663
2019-01-18 15:12:47,215 42 loss=0.03056890350943415
2019-01-18 15:12:47,216 43 loss=0.029281560605725336
2019-01-18 15:12:47,216 44 loss=0.028088714472896365
2019-01-18 15:12:47,216 45 loss=0.026983085693843525
2019-01-18 15:12:47,217 46 loss=0.025957928747003384
2019-01-18 15:12:47,217 47 loss=0.02500700247861163
2019-01-18 15:12:47,218 48 loss=0.02412453958050273
2019-01-18 15:12:47,218 49 loss=0.02330521599066417
2019-01-18 15:12:47,219 50 loss=0.02254412085970078
2019-01-18 15:12:47,219 
*** Major Checkpoint. Computing Stats and Saving
2019-01-18 15:12:47,219 	 Computing Major Stats lazily... 
2019-01-18 15:12:47,219 		 Completed edges=56 good=56 bad=0
2019-01-18 15:12:47,221 Distortion avg=0.12976853203174213 wc=1.5785795943302892 me=1.1926963704917646 mc=1.3235385244606888 nan_elements=0
2019-01-18 15:12:47,221 MAP = 1.0
2019-01-18 15:12:47,221 scale=[array([1.])]
2019-01-18 15:12:47,221 *** End Major Checkpoint

2019-01-18 15:12:47,221 final loss=0.02254412085970078
2019-01-18 15:12:47,221 best loss=0.02254412085970078, distortion=0.12976853203174213, map=1.0, wc_dist=1.5785795943302892
2019-01-18 15:12:47,221 	 Computing Major Stats lazily... 
2019-01-18 15:12:47,222 		 Completed edges=56 good=56 bad=0
2019-01-18 15:12:47,223 Distortion avg=0.1297685320317421 wc=1.5785795943302892 me=1.1926963704917646 mc=1.3235385244606888 nan_elements=0
2019-01-18 15:12:47,223 MAP = 1.0
2019-01-18 15:12:47,223 scale=[array([1.])]
