2019-01-18 15:00:44,381 Commandline ['pytorch/pytorch_hyperbolic.py', 'learn', 'data/edges/parsing/ewt/ewt_dev/156.edges', '--dim', '0', '--hyp', '0', '--edim', '10', '--euc', '1', '--sdim', '0', '--sph', '0', '--log-name', 'ewt_devr2/156.edges.E10-1.lr1.log', '--batch-size', '65536', '--epochs', '50', '--checkpoint-freq', '10', '-g', '--subsample', '1024', '--learning-rate', '1']
2019-01-18 15:00:44,381 No Model Save selected!
2019-01-18 15:00:44,383 Loaded Graph data/edges/parsing/ewt/ewt_dev/156.edges with 15 nodes scale=1.0
2019-01-18 15:00:44,383 Building dataset
2019-01-18 15:00:44,384 Subsample: 15 points with scale 1.0 subsample=14
2019-01-18 15:00:44,398 Built Data Sampler
2019-01-18 15:00:44,398 Creating a fresh model warm_start?=None
2019-01-18 15:00:44,398 	 Warmstarting? None None 15
2019-01-18 15:00:44,398 Embedding() torch.Size([15, 10])
2019-01-18 15:00:44,398 relative No Rescale
2019-01-18 15:00:44,399 Constructed model with dim=0 and epochs=0 isnan=False
2019-01-18 15:00:44,399 SGD (
Parameter Group 0
    dampening: 0
    initial_lr: 0.1
    lr: 1.0
    momentum: 0.0
    nesterov: False
    weight_decay: 0

Parameter Group 1
    dampening: 0
    initial_lr: 0.1
    lr: 1.0
    momentum: 0.0
    nesterov: False
    weight_decay: 0

Parameter Group 2
    dampening: 0
    initial_lr: 0.1
    lr: 1.0
    momentum: 0.0
    nesterov: False
    weight_decay: 0

Parameter Group 3
    dampening: 0
    initial_lr: 0.0001
    lr: 0.001
    momentum: 0.0
    nesterov: False
    weight_decay: 0
)
2019-01-18 15:00:44,399 *** Initial Checkpoint. Computing Stats
2019-01-18 15:00:44,399 	 Computing Major Stats lazily... 
2019-01-18 15:00:44,400 		 Completed edges=210 good=210 bad=0
2019-01-18 15:00:44,403 Distortion avg=0.9981863187711297 wc=8.669317378780574 me=0.005269034368257854 mc=1645.3332380989928 nan_elements=0
2019-01-18 15:00:44,403 MAP = 0.28945576645576643
2019-01-18 15:00:44,403 scale=[array([1.])]
2019-01-18 15:00:44,403 *** End Initial Checkpoint

2019-01-18 15:00:44,461 1 loss=0.9963771007570392
2019-01-18 15:00:44,461 2 loss=0.8957970936147436
2019-01-18 15:00:44,462 3 loss=0.8076541403537995
2019-01-18 15:00:44,463 4 loss=0.7342541177425255
2019-01-18 15:00:44,463 5 loss=0.6732993591090723
2019-01-18 15:00:44,464 6 loss=0.6224946328380893
2019-01-18 15:00:44,464 7 loss=0.5798961048331475
2019-01-18 15:00:44,465 8 loss=0.5439211446369416
2019-01-18 15:00:44,466 9 loss=0.5132993865647227
2019-01-18 15:00:44,466 10 loss=0.48701691683273257
2019-01-18 15:00:44,466 
*** Major Checkpoint. Computing Stats and Saving
2019-01-18 15:00:44,466 	 Computing Major Stats lazily... 
2019-01-18 15:00:44,467 		 Completed edges=210 good=210 bad=0
2019-01-18 15:00:44,470 Distortion avg=0.6339335879259548 wc=14.037781533226502 me=1.212675465210319 mc=11.575876593488987 nan_elements=0
2019-01-18 15:00:44,470 MAP = 0.1347494110827444
2019-01-18 15:00:44,470 scale=[array([1.])]
2019-01-18 15:00:44,470 *** End Major Checkpoint

2019-01-18 15:00:44,471 11 loss=0.4642660681976528
2019-01-18 15:00:44,471 12 loss=0.4444034231984658
2019-01-18 15:00:44,472 13 loss=0.4269157481267324
2019-01-18 15:00:44,473 14 loss=0.4113927746780811
2019-01-18 15:00:44,473 15 loss=0.39750562551974855
2019-01-18 15:00:44,474 16 loss=0.38498978610569606
2019-01-18 15:00:44,474 17 loss=0.37363169340148367
2019-01-18 15:00:44,475 18 loss=0.3632581820859481
2019-01-18 15:00:44,476 19 loss=0.3537281793576383
2019-01-18 15:00:44,476 20 loss=0.34492616549618965
2019-01-18 15:00:44,476 
*** Major Checkpoint. Computing Stats and Saving
2019-01-18 15:00:44,476 	 Computing Major Stats lazily... 
2019-01-18 15:00:44,477 		 Completed edges=210 good=210 bad=0
2019-01-18 15:00:44,480 Distortion avg=0.5464050254869494 wc=11.32201932994638 me=1.5634213439484388 mc=7.241822157392638 nan_elements=0
2019-01-18 15:00:44,480 MAP = 0.1692005772005772
2019-01-18 15:00:44,480 scale=[array([1.])]
2019-01-18 15:00:44,480 *** End Major Checkpoint

2019-01-18 15:00:44,481 21 loss=0.3367570197297913
2019-01-18 15:00:44,481 22 loss=0.32914195277405855
2019-01-18 15:00:44,482 23 loss=0.32201529211684454
2019-01-18 15:00:44,482 24 loss=0.31532193698962857
2019-01-18 15:00:44,483 25 loss=0.309015339802218
2019-01-18 15:00:44,484 26 loss=0.3030559019492039
2019-01-18 15:00:44,484 27 loss=0.29740969620055613
2019-01-18 15:00:44,485 28 loss=0.2920474468569327
2019-01-18 15:00:44,485 29 loss=0.28694371365790655
2019-01-18 15:00:44,486 30 loss=0.2820762369984571
2019-01-18 15:00:44,486 
*** Major Checkpoint. Computing Stats and Saving
2019-01-18 15:00:44,486 	 Computing Major Stats lazily... 
2019-01-18 15:00:44,487 		 Completed edges=210 good=210 bad=0
2019-01-18 15:00:44,489 Distortion avg=0.48754150492378145 wc=9.372349916844101 me=1.6361444221753898 mc=5.728314560631991 nan_elements=0
2019-01-18 15:00:44,489 MAP = 0.3106687294187294
2019-01-18 15:00:44,490 scale=[array([1.])]
2019-01-18 15:00:44,490 *** End Major Checkpoint

2019-01-18 15:00:44,490 31 loss=0.2774254110533175
2019-01-18 15:00:44,491 32 loss=0.2729738584885171
2019-01-18 15:00:44,492 33 loss=0.26870608598862844
2019-01-18 15:00:44,492 34 loss=0.2646082041838808
2019-01-18 15:00:44,493 35 loss=0.2606676989852337
2019-01-18 15:00:44,494 36 loss=0.2568732440311598
2019-01-18 15:00:44,494 37 loss=0.2532145460754763
2019-01-18 15:00:44,495 38 loss=0.24968221682424951
2019-01-18 15:00:44,495 39 loss=0.24626766605755263
2019-01-18 15:00:44,496 40 loss=0.24296301192359457
2019-01-18 15:00:44,496 
*** Major Checkpoint. Computing Stats and Saving
2019-01-18 15:00:44,496 	 Computing Major Stats lazily... 
2019-01-18 15:00:44,497 		 Completed edges=210 good=210 bad=0
2019-01-18 15:00:44,499 Distortion avg=0.4445232787732249 wc=8.276346578688306 me=1.6717186145452012 mc=4.950801233340292 nan_elements=0
2019-01-18 15:00:44,499 MAP = 0.43159788359788365
2019-01-18 15:00:44,499 scale=[array([1.])]
2019-01-18 15:00:44,499 *** End Major Checkpoint

2019-01-18 15:00:44,500 41 loss=0.2397610051269773
2019-01-18 15:00:44,501 42 loss=0.23665496439541256
2019-01-18 15:00:44,501 43 loss=0.23363872113603698
2019-01-18 15:00:44,502 44 loss=0.23070657161173128
2019-01-18 15:00:44,502 45 loss=0.22785323530176654
2019-01-18 15:00:44,503 46 loss=0.2250738183771691
2019-01-18 15:00:44,503 47 loss=0.2223637814332466
2019-01-18 15:00:44,504 48 loss=0.21971891079070605
2019-01-18 15:00:44,505 49 loss=0.2171352928114048
2019-01-18 15:00:44,505 50 loss=0.2146092907819394
2019-01-18 15:00:44,505 
*** Major Checkpoint. Computing Stats and Saving
2019-01-18 15:00:44,505 	 Computing Major Stats lazily... 
2019-01-18 15:00:44,506 		 Completed edges=210 good=210 bad=0
2019-01-18 15:00:44,509 Distortion avg=0.41413024640123064 wc=7.415924974327484 me=1.6563941620793785 mc=4.477149910391978 nan_elements=0
2019-01-18 15:00:44,509 MAP = 0.5941058201058202
2019-01-18 15:00:44,509 scale=[array([1.])]
2019-01-18 15:00:44,509 *** End Major Checkpoint

2019-01-18 15:00:44,509 final loss=0.2146092907819394
2019-01-18 15:00:44,509 best loss=0.2146092907819394, distortion=0.41413024640123064, map=0.5941058201058202, wc_dist=7.415924974327484
2019-01-18 15:00:44,509 	 Computing Major Stats lazily... 
2019-01-18 15:00:44,510 		 Completed edges=210 good=210 bad=0
2019-01-18 15:00:44,512 Distortion avg=0.4141302464012309 wc=7.415924974327484 me=1.6563941620793785 mc=4.477149910391978 nan_elements=0
2019-01-18 15:00:44,512 MAP = 0.5941058201058201
2019-01-18 15:00:44,513 scale=[array([1.])]
