2019-01-18 15:03:23,796 Commandline ['pytorch/pytorch_hyperbolic.py', 'learn', 'data/edges/parsing/ewt/ewt_dev/1560.edges', '--dim', '0', '--hyp', '0', '--edim', '10', '--euc', '1', '--sdim', '0', '--sph', '0', '--log-name', 'ewt_devr2/1560.edges.E10-1.lr1.log', '--batch-size', '65536', '--epochs', '50', '--checkpoint-freq', '10', '-g', '--subsample', '1024', '--learning-rate', '1']
2019-01-18 15:03:23,796 No Model Save selected!
2019-01-18 15:03:23,798 Loaded Graph data/edges/parsing/ewt/ewt_dev/1560.edges with 2 nodes scale=1.0
2019-01-18 15:03:23,798 Building dataset
2019-01-18 15:03:23,798 Subsample: 2 points with scale 1.0 subsample=1
2019-01-18 15:03:23,800 Built Data Sampler
2019-01-18 15:03:23,800 Creating a fresh model warm_start?=None
2019-01-18 15:03:23,800 	 Warmstarting? None None 2
2019-01-18 15:03:23,801 Embedding() torch.Size([2, 10])
2019-01-18 15:03:23,801 relative No Rescale
2019-01-18 15:03:23,801 Constructed model with dim=0 and epochs=0 isnan=False
2019-01-18 15:03:23,801 SGD (
Parameter Group 0
    dampening: 0
    initial_lr: 0.1
    lr: 1.0
    momentum: 0.0
    nesterov: False
    weight_decay: 0

Parameter Group 1
    dampening: 0
    initial_lr: 0.1
    lr: 1.0
    momentum: 0.0
    nesterov: False
    weight_decay: 0

Parameter Group 2
    dampening: 0
    initial_lr: 0.1
    lr: 1.0
    momentum: 0.0
    nesterov: False
    weight_decay: 0

Parameter Group 3
    dampening: 0
    initial_lr: 0.0001
    lr: 0.001
    momentum: 0.0
    nesterov: False
    weight_decay: 0
)
2019-01-18 15:03:23,801 *** Initial Checkpoint. Computing Stats
2019-01-18 15:03:23,802 	 Computing Major Stats lazily... 
2019-01-18 15:03:23,802 		 Completed edges=2 good=2 bad=0
2019-01-18 15:03:23,803 Distortion avg=0.9965968412004117 wc=1.0 me=0.00340315879958833 mc=293.8446481313088 nan_elements=0
2019-01-18 15:03:23,803 MAP = 1.0
2019-01-18 15:03:23,803 scale=[array([1.])]
2019-01-18 15:03:23,803 *** End Initial Checkpoint

2019-01-18 15:03:23,861 1 loss=0.9932052638906386
2019-01-18 15:03:23,862 2 loss=8.938847375015749
2019-01-18 15:03:23,863 3 loss=48.57214009192693
2019-01-18 15:03:23,863 4 loss=357.51680197769787
2019-01-18 15:03:23,863 5 loss=2994.7538412503473
2019-01-18 15:03:23,864 6 loss=26300.09244160632
2019-01-18 15:03:23,864 7 loss=234758.7555855165
2019-01-18 15:03:23,865 8 loss=2107018.5711028273
2019-01-18 15:03:23,865 9 loss=18945752.452424984
2019-01-18 15:03:23,865 10 loss=170459544.00932342
2019-01-18 15:03:23,865 
*** Major Checkpoint. Computing Stats and Saving
2019-01-18 15:03:23,866 	 Computing Major Stats lazily... 
2019-01-18 15:03:23,866 		 Completed edges=2 good=2 bad=0
2019-01-18 15:03:23,866 Distortion avg=39166.046876043125 wc=1.0 me=39167.046876043125 mc=2.553166704563726e-05 nan_elements=0
2019-01-18 15:03:23,866 MAP = 1.0
2019-01-18 15:03:23,867 scale=[array([1.])]
2019-01-18 15:03:23,867 *** End Major Checkpoint

2019-01-18 15:03:23,867 11 loss=1533979227.8964074
2019-01-18 15:03:23,867 12 loss=13805343062.505152
2019-01-18 15:03:23,868 13 loss=124246677612.85883
2019-01-18 15:03:23,868 14 loss=1118215868682.6665
2019-01-18 15:03:23,869 15 loss=10063930128660.81
2019-01-18 15:03:23,869 16 loss=90575333089513.72
2019-01-18 15:03:23,869 17 loss=815177883600338.8
2019-01-18 15:03:23,870 18 loss=7336600609787212.0
2019-01-18 15:03:23,870 19 loss=6.60294044602374e+16
2019-01-18 15:03:23,871 20 loss=5.94264637058594e+17
2019-01-18 15:03:23,871 
*** Major Checkpoint. Computing Stats and Saving
2019-01-18 15:03:23,871 	 Computing Major Stats lazily... 
2019-01-18 15:03:23,871 		 Completed edges=2 good=2 bad=0
2019-01-18 15:03:23,872 Distortion avg=2312656853.98347 wc=1.0 me=2312656854.98347 mc=4.3240310288365184e-10 nan_elements=0
2019-01-18 15:03:23,872 MAP = 1.0
2019-01-18 15:03:23,872 scale=[array([1.])]
2019-01-18 15:03:23,872 *** End Major Checkpoint

2019-01-18 15:03:23,872 21 loss=5.348381724276721e+18
2019-01-18 15:03:23,873 22 loss=4.81354354907386e+19
2019-01-18 15:03:23,873 23 loss=4.332189193333917e+20
2019-01-18 15:03:23,873 24 loss=3.898970273750758e+21
2019-01-18 15:03:23,874 25 loss=3.509073246300752e+22
2019-01-18 15:03:23,874 26 loss=3.158165921648198e+23
2019-01-18 15:03:23,875 27 loss=2.842349329476635e+24
2019-01-18 15:03:23,875 28 loss=2.5581143965269464e+25
2019-01-18 15:03:23,876 29 loss=2.3023029568736446e+26
2019-01-18 15:03:23,876 30 loss=2.072072661186098e+27
2019-01-18 15:03:23,876 
*** Major Checkpoint. Computing Stats and Saving
2019-01-18 15:03:23,876 	 Computing Major Stats lazily... 
2019-01-18 15:03:23,876 		 Completed edges=2 good=2 bad=0
2019-01-18 15:03:23,877 Distortion avg=136560074511821.84 wc=1.0 me=136560074511822.84 mc=7.322784522305045e-15 nan_elements=0
2019-01-18 15:03:23,877 MAP = 1.0
2019-01-18 15:03:23,877 scale=[array([1.])]
2019-01-18 15:03:23,877 *** End Major Checkpoint

2019-01-18 15:03:23,877 31 loss=1.8648653950674335e+28
2019-01-18 15:03:23,878 32 loss=1.678378855560674e+29
2019-01-18 15:03:23,878 33 loss=1.5105409700046018e+30
2019-01-18 15:03:23,879 34 loss=1.3594868730041399e+31
2019-01-18 15:03:23,879 35 loss=1.2235381857037259e+32
2019-01-18 15:03:23,879 36 loss=1.1011843671333534e+33
2019-01-18 15:03:23,880 37 loss=9.91065930420018e+33
2019-01-18 15:03:23,880 38 loss=8.91959337378016e+34
2019-01-18 15:03:23,881 39 loss=8.027634036402146e+35
2019-01-18 15:03:23,881 40 loss=7.224870632761931e+36
2019-01-18 15:03:23,881 
*** Major Checkpoint. Computing Stats and Saving
2019-01-18 15:03:23,881 	 Computing Major Stats lazily... 
2019-01-18 15:03:23,881 		 Completed edges=2 good=2 bad=0
2019-01-18 15:03:23,882 Distortion avg=8.063735839848513e+18 wc=1.0 me=8.063735839848513e+18 mc=1.2401199888745194e-19 nan_elements=0
2019-01-18 15:03:23,882 MAP = 1.0
2019-01-18 15:03:23,882 scale=[array([1.])]
2019-01-18 15:03:23,882 *** End Major Checkpoint

2019-01-18 15:03:23,883 41 loss=6.502383569485739e+37
2019-01-18 15:03:23,883 42 loss=5.852145212537165e+38
2019-01-18 15:03:23,883 43 loss=5.266930691283448e+39
2019-01-18 15:03:23,884 44 loss=4.740237622155103e+40
2019-01-18 15:03:23,884 45 loss=4.2662138599395935e+41
2019-01-18 15:03:23,885 46 loss=3.839592473945634e+42
2019-01-18 15:03:23,885 47 loss=3.4556332265510695e+43
2019-01-18 15:03:23,885 48 loss=3.1100699038959636e+44
2019-01-18 15:03:23,886 49 loss=2.7990629135063678e+45
2019-01-18 15:03:23,886 50 loss=2.519156622155731e+46
2019-01-18 15:03:23,886 
*** Major Checkpoint. Computing Stats and Saving
2019-01-18 15:03:23,886 	 Computing Major Stats lazily... 
2019-01-18 15:03:23,887 		 Completed edges=2 good=2 bad=0
2019-01-18 15:03:23,887 Distortion avg=4.7615553760721484e+23 wc=1.0 me=4.7615553760721484e+23 mc=2.1001540904579576e-24 nan_elements=0
2019-01-18 15:03:23,887 MAP = 1.0
2019-01-18 15:03:23,887 scale=[array([1.])]
2019-01-18 15:03:23,888 *** End Major Checkpoint

2019-01-18 15:03:23,888 final loss=2.519156622155731e+46
2019-01-18 15:03:23,888 best loss=170459544.00932342, distortion=39166.046876043125, map=1.0, wc_dist=1.0
2019-01-18 15:03:23,888 	 Computing Major Stats lazily... 
2019-01-18 15:03:23,888 		 Completed edges=2 good=2 bad=0
2019-01-18 15:03:23,888 Distortion avg=4.7615553760721484e+23 wc=1.0 me=4.7615553760721484e+23 mc=2.1001540904579576e-24 nan_elements=0
2019-01-18 15:03:23,888 MAP = 1.0
2019-01-18 15:03:23,889 scale=[array([1.])]
