2019-01-18 15:05:14,486 Commandline ['pytorch/pytorch_hyperbolic.py', 'learn', 'data/edges/parsing/ewt/ewt_dev/1561.edges', '--dim', '0', '--hyp', '0', '--edim', '10', '--euc', '1', '--sdim', '0', '--sph', '0', '--log-name', 'ewt_devr2/1561.edges.E10-1.lr1.log', '--batch-size', '65536', '--epochs', '50', '--checkpoint-freq', '10', '-g', '--subsample', '1024', '--learning-rate', '1']
2019-01-18 15:05:14,486 No Model Save selected!
2019-01-18 15:05:14,488 Loaded Graph data/edges/parsing/ewt/ewt_dev/1561.edges with 14 nodes scale=1.0
2019-01-18 15:05:14,488 Building dataset
2019-01-18 15:05:14,489 Subsample: 14 points with scale 1.0 subsample=13
2019-01-18 15:05:14,502 Built Data Sampler
2019-01-18 15:05:14,502 Creating a fresh model warm_start?=None
2019-01-18 15:05:14,502 	 Warmstarting? None None 14
2019-01-18 15:05:14,502 Embedding() torch.Size([14, 10])
2019-01-18 15:05:14,502 relative No Rescale
2019-01-18 15:05:14,503 Constructed model with dim=0 and epochs=0 isnan=False
2019-01-18 15:05:14,503 SGD (
Parameter Group 0
    dampening: 0
    initial_lr: 0.1
    lr: 1.0
    momentum: 0.0
    nesterov: False
    weight_decay: 0

Parameter Group 1
    dampening: 0
    initial_lr: 0.1
    lr: 1.0
    momentum: 0.0
    nesterov: False
    weight_decay: 0

Parameter Group 2
    dampening: 0
    initial_lr: 0.1
    lr: 1.0
    momentum: 0.0
    nesterov: False
    weight_decay: 0

Parameter Group 3
    dampening: 0
    initial_lr: 0.0001
    lr: 0.001
    momentum: 0.0
    nesterov: False
    weight_decay: 0
)
2019-01-18 15:05:14,503 *** Initial Checkpoint. Computing Stats
2019-01-18 15:05:14,503 	 Computing Major Stats lazily... 
2019-01-18 15:05:14,504 		 Completed edges=182 good=182 bad=0
2019-01-18 15:05:14,507 Distortion avg=0.9980497623605665 wc=8.663406562930476 me=0.005982886981094694 mc=1448.0311244898905 nan_elements=0
2019-01-18 15:05:14,507 MAP = 0.3767276704776705
2019-01-18 15:05:14,507 scale=[array([1.])]
2019-01-18 15:05:14,507 *** End Initial Checkpoint

2019-01-18 15:05:14,564 1 loss=0.9961046344379404
2019-01-18 15:05:14,565 2 loss=0.8690776805304706
2019-01-18 15:05:14,566 3 loss=0.7637724296894525
2019-01-18 15:05:14,566 4 loss=0.6800287907971834
2019-01-18 15:05:14,567 5 loss=0.6130768232001026
2019-01-18 15:05:14,567 6 loss=0.5589577767356192
2019-01-18 15:05:14,568 7 loss=0.5146502541994394
2019-01-18 15:05:14,569 8 loss=0.47788996461588884
2019-01-18 15:05:14,569 9 loss=0.44698544162825876
2019-01-18 15:05:14,570 10 loss=0.4206700839612796
2019-01-18 15:05:14,570 
*** Major Checkpoint. Computing Stats and Saving
2019-01-18 15:05:14,570 	 Computing Major Stats lazily... 
2019-01-18 15:05:14,571 		 Completed edges=182 good=182 bad=0
2019-01-18 15:05:14,573 Distortion avg=0.5868357196079892 wc=11.497501234003828 me=1.3223106739837722 mc=8.695007504828572 nan_elements=0
2019-01-18 15:05:14,573 MAP = 0.1475753413253413
2019-01-18 15:05:14,573 scale=[array([1.])]
2019-01-18 15:05:14,573 *** End Major Checkpoint

2019-01-18 15:05:14,574 11 loss=0.39799053848646504
2019-01-18 15:05:14,575 12 loss=0.3782243626318136
2019-01-18 15:05:14,575 13 loss=0.36081979150056853
2019-01-18 15:05:14,576 14 loss=0.34535177022201535
2019-01-18 15:05:14,576 15 loss=0.3314898259225768
2019-01-18 15:05:14,577 16 loss=0.31897452390817815
2019-01-18 15:05:14,578 17 loss=0.30760014570814864
2019-01-18 15:05:14,578 18 loss=0.29720188466616293
2019-01-18 15:05:14,579 19 loss=0.28764633155843516
2019-01-18 15:05:14,579 20 loss=0.27882436545904343
2019-01-18 15:05:14,579 
*** Major Checkpoint. Computing Stats and Saving
2019-01-18 15:05:14,580 	 Computing Major Stats lazily... 
2019-01-18 15:05:14,580 		 Completed edges=182 good=182 bad=0
2019-01-18 15:05:14,583 Distortion avg=0.48734981029330593 wc=8.518176386097831 me=1.556617035502997 mc=5.472236389437504 nan_elements=0
2019-01-18 15:05:14,583 MAP = 0.2396173436352008
2019-01-18 15:05:14,583 scale=[array([1.])]
2019-01-18 15:05:14,583 *** End Major Checkpoint

2019-01-18 15:05:14,584 21 loss=0.2706458106787825
2019-01-18 15:05:14,584 22 loss=0.26303539655752795
2019-01-18 15:05:14,585 23 loss=0.2559296831346039
2019-01-18 15:05:14,586 24 loss=0.24927470654006315
2019-01-18 15:05:14,586 25 loss=0.2430241635020894
2019-01-18 15:05:14,587 26 loss=0.23713800185919595
2019-01-18 15:05:14,587 27 loss=0.23158131851252006
2019-01-18 15:05:14,588 28 loss=0.2263234914852435
2019-01-18 15:05:14,589 29 loss=0.22133749126076357
2019-01-18 15:05:14,589 30 loss=0.21659933019917724
2019-01-18 15:05:14,589 
*** Major Checkpoint. Computing Stats and Saving
2019-01-18 15:05:14,589 	 Computing Major Stats lazily... 
2019-01-18 15:05:14,590 		 Completed edges=182 good=182 bad=0
2019-01-18 15:05:14,592 Distortion avg=0.4191452531202579 wc=7.081648995535927 me=1.64555497877146 mc=4.303501910840409 nan_elements=0
2019-01-18 15:05:14,593 MAP = 0.3817035147392291
2019-01-18 15:05:14,593 scale=[array([1.])]
2019-01-18 15:05:14,593 *** End Major Checkpoint

2019-01-18 15:05:14,593 31 loss=0.21208761891129405
2019-01-18 15:05:14,594 32 loss=0.20778320595808758
2019-01-18 15:05:14,595 33 loss=0.2036688828336343
2019-01-18 15:05:14,595 34 loss=0.19972914038357403
2019-01-18 15:05:14,596 35 loss=0.19594996597449785
2019-01-18 15:05:14,596 36 loss=0.1923186731290966
2019-01-18 15:05:14,597 37 loss=0.18882375717235095
2019-01-18 15:05:14,597 38 loss=0.1854547718384657
2019-01-18 15:05:14,598 39 loss=0.1822022228717899
2019-01-18 15:05:14,599 40 loss=0.17905747549524292
2019-01-18 15:05:14,599 
*** Major Checkpoint. Computing Stats and Saving
2019-01-18 15:05:14,599 	 Computing Major Stats lazily... 
2019-01-18 15:05:14,600 		 Completed edges=182 good=182 bad=0
2019-01-18 15:05:14,602 Distortion avg=0.37385943028401747 wc=6.104094877347865 me=1.6622048633776478 mc=3.6722879422601196 nan_elements=0
2019-01-18 15:05:14,602 MAP = 0.5964427437641724
2019-01-18 15:05:14,602 scale=[array([1.])]
2019-01-18 15:05:14,602 *** End Major Checkpoint

2019-01-18 15:05:14,603 41 loss=0.1760126732744073
2019-01-18 15:05:14,603 42 loss=0.17306066641746382
2019-01-18 15:05:14,604 43 loss=0.17019494795287127
2019-01-18 15:05:14,605 44 loss=0.1674095965426689
2019-01-18 15:05:14,605 45 loss=0.16469922493821226
2019-01-18 15:05:14,606 46 loss=0.1620589332815038
2019-01-18 15:05:14,606 47 loss=0.15948426661023898
2019-01-18 15:05:14,607 48 loss=0.15697117604700866
2019-01-18 15:05:14,608 49 loss=0.15451598324965718
2019-01-18 15:05:14,608 50 loss=0.15211534777598862
2019-01-18 15:05:14,608 
*** Major Checkpoint. Computing Stats and Saving
2019-01-18 15:05:14,608 	 Computing Major Stats lazily... 
2019-01-18 15:05:14,609 		 Completed edges=182 good=182 bad=0
2019-01-18 15:05:14,611 Distortion avg=0.33892963711587243 wc=5.383806230725952 me=1.6510101556886627 mc=3.260916483266743 nan_elements=0
2019-01-18 15:05:14,611 MAP = 0.7658304988662132
2019-01-18 15:05:14,612 scale=[array([1.])]
2019-01-18 15:05:14,612 *** End Major Checkpoint

2019-01-18 15:05:14,612 final loss=0.15211534777598862
2019-01-18 15:05:14,612 best loss=0.15211534777598862, distortion=0.33892963711587243, map=0.7658304988662132, wc_dist=5.383806230725952
2019-01-18 15:05:14,612 	 Computing Major Stats lazily... 
2019-01-18 15:05:14,613 		 Completed edges=182 good=182 bad=0
2019-01-18 15:05:14,615 Distortion avg=0.3389296371158722 wc=5.383806230725952 me=1.6510101556886627 mc=3.260916483266743 nan_elements=0
2019-01-18 15:05:14,615 MAP = 0.7658304988662132
2019-01-18 15:05:14,615 scale=[array([1.])]
