2019-01-18 14:50:33,960 Commandline ['pytorch/pytorch_hyperbolic.py', 'learn', 'data/edges/parsing/ewt/ewt_dev/1564.edges', '--dim', '0', '--hyp', '0', '--edim', '10', '--euc', '1', '--sdim', '0', '--sph', '0', '--log-name', 'ewt_devr2/1564.edges.E10-1.lr1.log', '--batch-size', '65536', '--epochs', '50', '--checkpoint-freq', '10', '-g', '--subsample', '1024', '--learning-rate', '1']
2019-01-18 14:50:33,961 No Model Save selected!
2019-01-18 14:50:33,962 Loaded Graph data/edges/parsing/ewt/ewt_dev/1564.edges with 4 nodes scale=1.0
2019-01-18 14:50:33,962 Building dataset
2019-01-18 14:50:33,963 Subsample: 4 points with scale 1.0 subsample=3
2019-01-18 14:50:33,966 Built Data Sampler
2019-01-18 14:50:33,966 Creating a fresh model warm_start?=None
2019-01-18 14:50:33,966 	 Warmstarting? None None 4
2019-01-18 14:50:33,966 Embedding() torch.Size([4, 10])
2019-01-18 14:50:33,966 relative No Rescale
2019-01-18 14:50:33,967 Constructed model with dim=0 and epochs=0 isnan=False
2019-01-18 14:50:33,967 SGD (
Parameter Group 0
    dampening: 0
    initial_lr: 0.1
    lr: 1.0
    momentum: 0.0
    nesterov: False
    weight_decay: 0

Parameter Group 1
    dampening: 0
    initial_lr: 0.1
    lr: 1.0
    momentum: 0.0
    nesterov: False
    weight_decay: 0

Parameter Group 2
    dampening: 0
    initial_lr: 0.1
    lr: 1.0
    momentum: 0.0
    nesterov: False
    weight_decay: 0

Parameter Group 3
    dampening: 0
    initial_lr: 0.0001
    lr: 0.001
    momentum: 0.0
    nesterov: False
    weight_decay: 0
)
2019-01-18 14:50:33,967 *** Initial Checkpoint. Computing Stats
2019-01-18 14:50:33,967 	 Computing Major Stats lazily... 
2019-01-18 14:50:33,968 		 Completed edges=12 good=12 bad=0
2019-01-18 14:50:33,968 Distortion avg=0.9966404299181114 wc=3.2869580912217393 me=0.005628252251848828 mc=584.0104430539702 nan_elements=0
2019-01-18 14:50:33,969 MAP = 0.5
2019-01-18 14:50:33,969 scale=[array([1.])]
2019-01-18 14:50:33,969 *** End Initial Checkpoint

2019-01-18 14:50:34,027 1 loss=0.9932946490341571
2019-01-18 14:50:34,027 2 loss=0.2407395144924753
2019-01-18 14:50:34,028 3 loss=0.1294833284649695
2019-01-18 14:50:34,028 4 loss=0.07888125022286527
2019-01-18 14:50:34,028 5 loss=0.05111446373423253
2019-01-18 14:50:34,029 6 loss=0.035110241552562343
2019-01-18 14:50:34,029 7 loss=0.02553088144826274
2019-01-18 14:50:34,030 8 loss=0.01952698322341952
2019-01-18 14:50:34,030 9 loss=0.015603051035423412
2019-01-18 14:50:34,031 10 loss=0.01294279876686467
2019-01-18 14:50:34,031 
*** Major Checkpoint. Computing Stats and Saving
2019-01-18 14:50:34,031 	 Computing Major Stats lazily... 
2019-01-18 14:50:34,031 		 Completed edges=12 good=12 bad=0
2019-01-18 14:50:34,032 Distortion avg=0.10162759159646832 wc=1.2591472358577938 me=1.0805921398963225 mc=1.1652381961417957 nan_elements=0
2019-01-18 14:50:34,032 MAP = 1.0
2019-01-18 14:50:34,032 scale=[array([1.])]
2019-01-18 14:50:34,032 *** End Major Checkpoint

2019-01-18 14:50:34,032 11 loss=0.011080267580807442
2019-01-18 14:50:34,033 12 loss=0.009739192030568788
2019-01-18 14:50:34,033 13 loss=0.008750077509507343
2019-01-18 14:50:34,034 14 loss=0.008005510421100225
2019-01-18 14:50:34,034 15 loss=0.007435302255630326
2019-01-18 14:50:34,035 16 loss=0.006992263995116498
2019-01-18 14:50:34,035 17 loss=0.006643831475188718
2019-01-18 14:50:34,036 18 loss=0.00636699627912856
2019-01-18 14:50:34,036 19 loss=0.006145153773771256
2019-01-18 14:50:34,036 20 loss=0.005966092316536989
2019-01-18 14:50:34,037 
*** Major Checkpoint. Computing Stats and Saving
2019-01-18 14:50:34,037 	 Computing Major Stats lazily... 
2019-01-18 14:50:34,037 		 Completed edges=12 good=12 bad=0
2019-01-18 14:50:34,038 Distortion avg=0.07584531129545503 wc=1.1721338856563208 me=1.0693961364103017 mc=1.096070806456141 nan_elements=0
2019-01-18 14:50:34,038 MAP = 1.0
2019-01-18 14:50:34,038 scale=[array([1.])]
2019-01-18 14:50:34,038 *** End Major Checkpoint

2019-01-18 14:50:34,038 21 loss=0.005820679118867233
2019-01-18 14:50:34,039 22 loss=0.005701981819181491
2019-01-18 14:50:34,039 23 loss=0.005604668880595393
2019-01-18 14:50:34,040 24 loss=0.005524592303003055
2019-01-18 14:50:34,040 25 loss=0.005458491969625521
2019-01-18 14:50:34,040 26 loss=0.00540378268251492
2019-01-18 14:50:34,041 27 loss=0.005358398403380333
2019-01-18 14:50:34,041 28 loss=0.00532067672055487
2019-01-18 14:50:34,042 29 loss=0.005289272036446988
2019-01-18 14:50:34,042 30 loss=0.005263089554618167
2019-01-18 14:50:34,042 
*** Major Checkpoint. Computing Stats and Saving
2019-01-18 14:50:34,042 	 Computing Major Stats lazily... 
2019-01-18 14:50:34,043 		 Completed edges=12 good=12 bad=0
2019-01-18 14:50:34,043 Distortion avg=0.07218243953867791 wc=1.1582831361138066 me=1.0669175059389235 mc=1.0856351401737272 nan_elements=0
2019-01-18 14:50:34,043 MAP = 1.0
2019-01-18 14:50:34,044 scale=[array([1.])]
2019-01-18 14:50:34,044 *** End Major Checkpoint

2019-01-18 14:50:34,044 31 loss=0.005241234532094112
2019-01-18 14:50:34,045 32 loss=0.005222972875700674
2019-01-18 14:50:34,045 33 loss=0.005207700267418497
2019-01-18 14:50:34,045 34 loss=0.005194917772591083
2019-01-18 14:50:34,046 35 loss=0.005184212426025241
2019-01-18 14:50:34,046 36 loss=0.00517524167660998
2019-01-18 14:50:34,047 37 loss=0.005167720848972991
2019-01-18 14:50:34,047 38 loss=0.00516141298318545
2019-01-18 14:50:34,048 39 loss=0.0051561205626423695
2019-01-18 14:50:34,048 40 loss=0.005151678751177279
2019-01-18 14:50:34,048 
*** Major Checkpoint. Computing Stats and Saving
2019-01-18 14:50:34,048 	 Computing Major Stats lazily... 
2019-01-18 14:50:34,048 		 Completed edges=12 good=12 bad=0
2019-01-18 14:50:34,049 Distortion avg=0.07156109664487552 wc=1.155487461986976 me=1.0664260496921794 mc=1.0835139129623699 nan_elements=0
2019-01-18 14:50:34,049 MAP = 1.0
2019-01-18 14:50:34,049 scale=[array([1.])]
2019-01-18 14:50:34,049 *** End Major Checkpoint

2019-01-18 14:50:34,050 41 loss=0.005147949843805557
2019-01-18 14:50:34,050 42 loss=0.005144818698686658
2019-01-18 14:50:34,051 43 loss=0.00514218896625141
2019-01-18 14:50:34,051 44 loss=0.0051399799687612035
2019-01-18 14:50:34,052 45 loss=0.005138124112604785
2019-01-18 14:50:34,052 46 loss=0.005136564738407258
2019-01-18 14:50:34,052 47 loss=0.005135254332007711
2019-01-18 14:50:34,053 48 loss=0.005134153033657962
2019-01-18 14:50:34,053 49 loss=0.005133227394231143
2019-01-18 14:50:34,054 50 loss=0.005132449336428505
2019-01-18 14:50:34,054 
*** Major Checkpoint. Computing Stats and Saving
2019-01-18 14:50:34,054 	 Computing Major Stats lazily... 
2019-01-18 14:50:34,054 		 Completed edges=12 good=12 bad=0
2019-01-18 14:50:34,055 Distortion avg=0.07145200514321907 wc=1.1548810574391133 me=1.066326818975048 mc=1.083046057632859 nan_elements=0
2019-01-18 14:50:34,055 MAP = 1.0
2019-01-18 14:50:34,055 scale=[array([1.])]
2019-01-18 14:50:34,055 *** End Major Checkpoint

2019-01-18 14:50:34,055 final loss=0.005132449336428505
2019-01-18 14:50:34,055 best loss=0.005132449336428505, distortion=0.07145200514321907, map=1.0, wc_dist=1.1548810574391133
2019-01-18 14:50:34,055 	 Computing Major Stats lazily... 
2019-01-18 14:50:34,056 		 Completed edges=12 good=12 bad=0
2019-01-18 14:50:34,056 Distortion avg=0.07145200514321907 wc=1.1548810574391133 me=1.066326818975048 mc=1.083046057632859 nan_elements=0
2019-01-18 14:50:34,056 MAP = 1.0
2019-01-18 14:50:34,057 scale=[array([1.])]
