2019-01-18 14:47:29,068 Commandline ['pytorch/pytorch_hyperbolic.py', 'learn', 'data/edges/parsing/ewt/ewt_dev/1567.edges', '--dim', '0', '--hyp', '0', '--edim', '10', '--euc', '1', '--sdim', '0', '--sph', '0', '--log-name', 'ewt_devr2/1567.edges.E10-1.lr1.log', '--batch-size', '65536', '--epochs', '50', '--checkpoint-freq', '10', '-g', '--subsample', '1024', '--learning-rate', '1']
2019-01-18 14:47:29,068 No Model Save selected!
2019-01-18 14:47:29,070 Loaded Graph data/edges/parsing/ewt/ewt_dev/1567.edges with 15 nodes scale=1.0
2019-01-18 14:47:29,070 Building dataset
2019-01-18 14:47:29,070 Subsample: 15 points with scale 1.0 subsample=14
2019-01-18 14:47:29,084 Built Data Sampler
2019-01-18 14:47:29,084 Creating a fresh model warm_start?=None
2019-01-18 14:47:29,085 	 Warmstarting? None None 15
2019-01-18 14:47:29,085 Embedding() torch.Size([15, 10])
2019-01-18 14:47:29,085 relative No Rescale
2019-01-18 14:47:29,085 Constructed model with dim=0 and epochs=0 isnan=False
2019-01-18 14:47:29,086 SGD (
Parameter Group 0
    dampening: 0
    initial_lr: 0.1
    lr: 1.0
    momentum: 0.0
    nesterov: False
    weight_decay: 0

Parameter Group 1
    dampening: 0
    initial_lr: 0.1
    lr: 1.0
    momentum: 0.0
    nesterov: False
    weight_decay: 0

Parameter Group 2
    dampening: 0
    initial_lr: 0.1
    lr: 1.0
    momentum: 0.0
    nesterov: False
    weight_decay: 0

Parameter Group 3
    dampening: 0
    initial_lr: 0.0001
    lr: 0.001
    momentum: 0.0
    nesterov: False
    weight_decay: 0
)
2019-01-18 14:47:29,086 *** Initial Checkpoint. Computing Stats
2019-01-18 14:47:29,086 	 Computing Major Stats lazily... 
2019-01-18 14:47:29,087 		 Completed edges=210 good=210 bad=0
2019-01-18 14:47:29,090 Distortion avg=0.9979619919964847 wc=9.365568482923583 me=0.005941110731069004 mc=1576.400256932832 nan_elements=0
2019-01-18 14:47:29,090 MAP = 0.20631882006882007
2019-01-18 14:47:29,090 scale=[array([1.])]
2019-01-18 14:47:29,090 *** End Initial Checkpoint

2019-01-18 14:47:29,148 1 loss=0.995929501787946
2019-01-18 14:47:29,149 2 loss=0.8736334787258444
2019-01-18 14:47:29,150 3 loss=0.7721363137039557
2019-01-18 14:47:29,150 4 loss=0.6905150146049505
2019-01-18 14:47:29,151 5 loss=0.6241613004124764
2019-01-18 14:47:29,151 6 loss=0.5694590043445088
2019-01-18 14:47:29,152 7 loss=0.5237329033771374
2019-01-18 14:47:29,153 8 loss=0.4850163754804236
2019-01-18 14:47:29,153 9 loss=0.45185515413687066
2019-01-18 14:47:29,154 10 loss=0.4231623628430381
2019-01-18 14:47:29,154 
*** Major Checkpoint. Computing Stats and Saving
2019-01-18 14:47:29,154 	 Computing Major Stats lazily... 
2019-01-18 14:47:29,155 		 Completed edges=210 good=210 bad=0
2019-01-18 14:47:29,157 Distortion avg=0.5879383790493412 wc=12.881361477432302 me=1.3071422013095229 mc=9.854598424354657 nan_elements=0
2019-01-18 14:47:29,157 MAP = 0.12757120194620195
2019-01-18 14:47:29,158 scale=[array([1.])]
2019-01-18 14:47:29,158 *** End Major Checkpoint

2019-01-18 14:47:29,158 11 loss=0.39811515449636964
2019-01-18 14:47:29,159 12 loss=0.3760817636147559
2019-01-18 14:47:29,160 13 loss=0.3565700519231573
2019-01-18 14:47:29,160 14 loss=0.3391910639315097
2019-01-18 14:47:29,161 15 loss=0.32363303655499065
2019-01-18 14:47:29,161 16 loss=0.30964270454656473
2019-01-18 14:47:29,162 17 loss=0.2970117223523274
2019-01-18 14:47:29,163 18 loss=0.2855666979916003
2019-01-18 14:47:29,163 19 loss=0.2751617970894565
2019-01-18 14:47:29,164 20 loss=0.2656731917157702
2019-01-18 14:47:29,164 
*** Major Checkpoint. Computing Stats and Saving
2019-01-18 14:47:29,164 	 Computing Major Stats lazily... 
2019-01-18 14:47:29,165 		 Completed edges=210 good=210 bad=0
2019-01-18 14:47:29,167 Distortion avg=0.4716464583051854 wc=9.236960976281901 me=1.381158613955282 mc=6.6878350415015895 nan_elements=0
2019-01-18 14:47:29,168 MAP = 0.2023910117660118
2019-01-18 14:47:29,168 scale=[array([1.])]
2019-01-18 14:47:29,168 *** End Major Checkpoint

2019-01-18 14:47:29,168 21 loss=0.25699484569907255
2019-01-18 14:47:29,169 22 loss=0.24903527746822496
2019-01-18 14:47:29,170 23 loss=0.24171504487858328
2019-01-18 14:47:29,170 24 loss=0.23496476853415638
2019-01-18 14:47:29,171 25 loss=0.22872356070270675
2019-01-18 14:47:29,172 26 loss=0.22293776271700141
2019-01-18 14:47:29,172 27 loss=0.2175599192946475
2019-01-18 14:47:29,173 28 loss=0.21254793658111631
2019-01-18 14:47:29,174 29 loss=0.20786438404517862
2019-01-18 14:47:29,175 30 loss=0.20347591009712326
2019-01-18 14:47:29,175 
*** Major Checkpoint. Computing Stats and Saving
2019-01-18 14:47:29,175 	 Computing Major Stats lazily... 
2019-01-18 14:47:29,176 		 Completed edges=210 good=210 bad=0
2019-01-18 14:47:29,178 Distortion avg=0.39898488942115456 wc=8.630127738877837 me=1.5553492097142494 mc=5.548675297468003 nan_elements=0
2019-01-18 14:47:29,178 MAP = 0.4696003071003071
2019-01-18 14:47:29,179 scale=[array([1.])]
2019-01-18 14:47:29,179 *** End Major Checkpoint

2019-01-18 14:47:29,179 31 loss=0.19935274847680168
2019-01-18 14:47:29,180 32 loss=0.1954682977856123
2019-01-18 14:47:29,181 33 loss=0.19179876051954095
2019-01-18 14:47:29,181 34 loss=0.18832283095959856
2019-01-18 14:47:29,182 35 loss=0.1850214235501711
2019-01-18 14:47:29,183 36 loss=0.18187743513199575
2019-01-18 14:47:29,183 37 loss=0.17887553573089102
2019-01-18 14:47:29,184 38 loss=0.1760019836357378
2019-01-18 14:47:29,185 39 loss=0.1732444613030092
2019-01-18 14:47:29,185 40 loss=0.17059192925484495
2019-01-18 14:47:29,185 
*** Major Checkpoint. Computing Stats and Saving
2019-01-18 14:47:29,185 	 Computing Major Stats lazily... 
2019-01-18 14:47:29,186 		 Completed edges=210 good=210 bad=0
2019-01-18 14:47:29,189 Distortion avg=0.3566789951599693 wc=8.104356520127098 me=1.676290978822187 mc=4.8346955406402445 nan_elements=0
2019-01-18 14:47:29,189 MAP = 0.5849660293410293
2019-01-18 14:47:29,189 scale=[array([1.])]
2019-01-18 14:47:29,189 *** End Major Checkpoint

2019-01-18 14:47:29,190 41 loss=0.16803449563384978
2019-01-18 14:47:29,190 42 loss=0.16556329947093684
2019-01-18 14:47:29,191 43 loss=0.16317040603566835
2019-01-18 14:47:29,192 44 loss=0.1608487128891941
2019-01-18 14:47:29,192 45 loss=0.15859186546154747
2019-01-18 14:47:29,193 46 loss=0.15639418113816042
2019-01-18 14:47:29,193 47 loss=0.15425058097316452
2019-01-18 14:47:29,194 48 loss=0.15215652825577775
2019-01-18 14:47:29,195 49 loss=0.1501079732459062
2019-01-18 14:47:29,195 50 loss=0.14810130347005304
2019-01-18 14:47:29,195 
*** Major Checkpoint. Computing Stats and Saving
2019-01-18 14:47:29,195 	 Computing Major Stats lazily... 
2019-01-18 14:47:29,196 		 Completed edges=210 good=210 bad=0
2019-01-18 14:47:29,199 Distortion avg=0.33030736400676397 wc=7.359310582671136 me=1.7271982889643578 mc=4.260837119682326 nan_elements=0
2019-01-18 14:47:29,199 MAP = 0.7721849446849447
2019-01-18 14:47:29,199 scale=[array([1.])]
2019-01-18 14:47:29,199 *** End Major Checkpoint

2019-01-18 14:47:29,199 final loss=0.14810130347005304
2019-01-18 14:47:29,199 best loss=0.14810130347005304, distortion=0.33030736400676397, map=0.7721849446849447, wc_dist=7.359310582671136
2019-01-18 14:47:29,199 	 Computing Major Stats lazily... 
2019-01-18 14:47:29,200 		 Completed edges=210 good=210 bad=0
2019-01-18 14:47:29,203 Distortion avg=0.330307364006764 wc=7.359310582671136 me=1.7271982889643578 mc=4.260837119682326 nan_elements=0
2019-01-18 14:47:29,203 MAP = 0.7721849446849447
2019-01-18 14:47:29,203 scale=[array([1.])]
