2019-01-18 15:06:44,473 Commandline ['pytorch/pytorch_hyperbolic.py', 'learn', 'data/edges/parsing/ewt/ewt_dev/1568.edges', '--dim', '0', '--hyp', '0', '--edim', '10', '--euc', '1', '--sdim', '0', '--sph', '0', '--log-name', 'ewt_devr2/1568.edges.E10-1.lr1.log', '--batch-size', '65536', '--epochs', '50', '--checkpoint-freq', '10', '-g', '--subsample', '1024', '--learning-rate', '1']
2019-01-18 15:06:44,473 No Model Save selected!
2019-01-18 15:06:44,475 Loaded Graph data/edges/parsing/ewt/ewt_dev/1568.edges with 11 nodes scale=1.0
2019-01-18 15:06:44,475 Building dataset
2019-01-18 15:06:44,475 Subsample: 11 points with scale 1.0 subsample=10
2019-01-18 15:06:44,485 Built Data Sampler
2019-01-18 15:06:44,485 Creating a fresh model warm_start?=None
2019-01-18 15:06:44,485 	 Warmstarting? None None 11
2019-01-18 15:06:44,486 Embedding() torch.Size([11, 10])
2019-01-18 15:06:44,486 relative No Rescale
2019-01-18 15:06:44,486 Constructed model with dim=0 and epochs=0 isnan=False
2019-01-18 15:06:44,486 SGD (
Parameter Group 0
    dampening: 0
    initial_lr: 0.1
    lr: 1.0
    momentum: 0.0
    nesterov: False
    weight_decay: 0

Parameter Group 1
    dampening: 0
    initial_lr: 0.1
    lr: 1.0
    momentum: 0.0
    nesterov: False
    weight_decay: 0

Parameter Group 2
    dampening: 0
    initial_lr: 0.1
    lr: 1.0
    momentum: 0.0
    nesterov: False
    weight_decay: 0

Parameter Group 3
    dampening: 0
    initial_lr: 0.0001
    lr: 0.001
    momentum: 0.0
    nesterov: False
    weight_decay: 0
)
2019-01-18 15:06:44,486 *** Initial Checkpoint. Computing Stats
2019-01-18 15:06:44,486 	 Computing Major Stats lazily... 
2019-01-18 15:06:44,487 		 Completed edges=110 good=110 bad=0
2019-01-18 15:06:44,489 Distortion avg=0.9978512850495928 wc=11.77589793396752 me=0.005941110731069004 mc=1982.1037625818906 nan_elements=0
2019-01-18 15:06:44,489 MAP = 0.3018939393939393
2019-01-18 15:06:44,490 scale=[array([1.])]
2019-01-18 15:06:44,490 *** End Initial Checkpoint

2019-01-18 15:06:44,547 1 loss=0.9957088256069553
2019-01-18 15:06:44,548 2 loss=0.8113991826271332
2019-01-18 15:06:44,548 3 loss=0.6752842330123341
2019-01-18 15:06:44,549 4 loss=0.5784647368529862
2019-01-18 15:06:44,549 5 loss=0.5084550078522363
2019-01-18 15:06:44,550 6 loss=0.4565411218791366
2019-01-18 15:06:44,550 7 loss=0.4169430719748754
2019-01-18 15:06:44,551 8 loss=0.385857199737101
2019-01-18 15:06:44,551 9 loss=0.3607699644531744
2019-01-18 15:06:44,552 10 loss=0.34000390013122106
2019-01-18 15:06:44,552 
*** Major Checkpoint. Computing Stats and Saving
2019-01-18 15:06:44,552 	 Computing Major Stats lazily... 
2019-01-18 15:06:44,553 		 Completed edges=110 good=110 bad=0
2019-01-18 15:06:44,554 Distortion avg=0.5250066960154808 wc=9.473904995988486 me=1.3666904992102815 mc=6.932004723427007 nan_elements=0
2019-01-18 15:06:44,554 MAP = 0.21174242424242423
2019-01-18 15:06:44,555 scale=[array([1.])]
2019-01-18 15:06:44,555 *** End Major Checkpoint

2019-01-18 15:06:44,555 11 loss=0.32242432728577736
2019-01-18 15:06:44,556 12 loss=0.30725119702183656
2019-01-18 15:06:44,556 13 loss=0.29393831842060253
2019-01-18 15:06:44,557 14 loss=0.28209549387323535
2019-01-18 15:06:44,557 15 loss=0.27143797525804586
2019-01-18 15:06:44,558 16 loss=0.26175337714157765
2019-01-18 15:06:44,559 17 loss=0.25287980764089796
2019-01-18 15:06:44,559 18 loss=0.2446912581902795
2019-01-18 15:06:44,560 19 loss=0.23708772729558789
2019-01-18 15:06:44,560 20 loss=0.2299884572706605
2019-01-18 15:06:44,560 
*** Major Checkpoint. Computing Stats and Saving
2019-01-18 15:06:44,560 	 Computing Major Stats lazily... 
2019-01-18 15:06:44,561 		 Completed edges=110 good=110 bad=0
2019-01-18 15:06:44,563 Distortion avg=0.4344272174354872 wc=7.261681435618516 me=1.476997534916234 mc=4.916515609506655 nan_elements=0
2019-01-18 15:06:44,563 MAP = 0.391540404040404
2019-01-18 15:06:44,563 scale=[array([1.])]
2019-01-18 15:06:44,563 *** End Major Checkpoint

2019-01-18 15:06:44,564 21 loss=0.2233272356907686
2019-01-18 15:06:44,564 22 loss=0.21704907861725922
2019-01-18 15:06:44,565 23 loss=0.21110784740810967
2019-01-18 15:06:44,565 24 loss=0.20546450294272012
2019-01-18 15:06:44,566 25 loss=0.20008580023227637
2019-01-18 15:06:44,566 26 loss=0.19494329146140027
2019-01-18 15:06:44,567 27 loss=0.19001254845061555
2019-01-18 15:06:44,568 28 loss=0.18527254399668086
2019-01-18 15:06:44,568 29 loss=0.18070515049474792
2019-01-18 15:06:44,569 30 loss=0.17629472690927464
2019-01-18 15:06:44,569 
*** Major Checkpoint. Computing Stats and Saving
2019-01-18 15:06:44,569 	 Computing Major Stats lazily... 
2019-01-18 15:06:44,569 		 Completed edges=110 good=110 bad=0
2019-01-18 15:06:44,571 Distortion avg=0.36987026009506235 wc=6.214238118349882 me=1.4822105103004484 mc=4.192547600468869 nan_elements=0
2019-01-18 15:06:44,571 MAP = 0.6713203463203463
2019-01-18 15:06:44,571 scale=[array([1.])]
2019-01-18 15:06:44,571 *** End Major Checkpoint

2019-01-18 15:06:44,572 31 loss=0.17202777366826544
2019-01-18 15:06:44,573 32 loss=0.16789264081384653
2019-01-18 15:06:44,573 33 loss=0.16387927868160976
2019-01-18 15:06:44,574 34 loss=0.1599790231158315
2019-01-18 15:06:44,574 35 loss=0.15618440916128842
2019-01-18 15:06:44,575 36 loss=0.15248900856833336
2019-01-18 15:06:44,575 37 loss=0.14888728747669544
2019-01-18 15:06:44,576 38 loss=0.14537448141494846
2019-01-18 15:06:44,576 39 loss=0.14194648533767518
2019-01-18 15:06:44,577 40 loss=0.13859975686769435
2019-01-18 15:06:44,577 
*** Major Checkpoint. Computing Stats and Saving
2019-01-18 15:06:44,577 	 Computing Major Stats lazily... 
2019-01-18 15:06:44,578 		 Completed edges=110 good=110 bad=0
2019-01-18 15:06:44,579 Distortion avg=0.3191190814671518 wc=5.0960043951569505 me=1.4490643137499473 mc=3.5167551548966824 nan_elements=0
2019-01-18 15:06:44,579 MAP = 0.7978535353535355
2019-01-18 15:06:44,580 scale=[array([1.])]
2019-01-18 15:06:44,580 *** End Major Checkpoint

2019-01-18 15:06:44,580 41 loss=0.1353312312482563
2019-01-18 15:06:44,581 42 loss=0.13213824676313515
2019-01-18 15:06:44,581 43 loss=0.12901847956925871
2019-01-18 15:06:44,582 44 loss=0.12596988702200507
2019-01-18 15:06:44,583 45 loss=0.12299065867043121
2019-01-18 15:06:44,583 46 loss=0.12007917416950038
2019-01-18 15:06:44,584 47 loss=0.11723396740804021
2019-01-18 15:06:44,584 48 loss=0.11445369619208633
2019-01-18 15:06:44,585 49 loss=0.1117371168590378
2019-01-18 15:06:44,585 50 loss=0.10908306323258112
2019-01-18 15:06:44,585 
*** Major Checkpoint. Computing Stats and Saving
2019-01-18 15:06:44,585 	 Computing Major Stats lazily... 
2019-01-18 15:06:44,586 		 Completed edges=110 good=110 bad=0
2019-01-18 15:06:44,588 Distortion avg=0.2790944522523558 wc=4.084116609701456 me=1.4007796482155312 mc=2.9156024753102727 nan_elements=0
2019-01-18 15:06:44,588 MAP = 0.9015151515151516
2019-01-18 15:06:44,588 scale=[array([1.])]
2019-01-18 15:06:44,588 *** End Major Checkpoint

2019-01-18 15:06:44,588 final loss=0.10908306323258112
2019-01-18 15:06:44,588 best loss=0.10908306323258112, distortion=0.2790944522523558, map=0.9015151515151516, wc_dist=4.084116609701456
2019-01-18 15:06:44,588 	 Computing Major Stats lazily... 
2019-01-18 15:06:44,589 		 Completed edges=110 good=110 bad=0
2019-01-18 15:06:44,591 Distortion avg=0.2790944522523558 wc=4.084116609701456 me=1.4007796482155312 mc=2.9156024753102727 nan_elements=0
2019-01-18 15:06:44,591 MAP = 0.9015151515151515
2019-01-18 15:06:44,591 scale=[array([1.])]
