2019-01-18 14:40:33,349 Commandline ['pytorch/pytorch_hyperbolic.py', 'learn', 'data/edges/parsing/ewt/ewt_dev/1573.edges', '--dim', '0', '--hyp', '0', '--edim', '10', '--euc', '1', '--sdim', '0', '--sph', '0', '--log-name', 'ewt_devr2/1573.edges.E10-1.lr1.log', '--batch-size', '65536', '--epochs', '50', '-g', '--subsample', '1024', '--learning-rate', '1']
2019-01-18 14:40:33,350 No Model Save selected!
2019-01-18 14:40:33,351 Loaded Graph data/edges/parsing/ewt/ewt_dev/1573.edges with 5 nodes scale=1.0
2019-01-18 14:40:33,351 Building dataset
2019-01-18 14:40:33,352 Subsample: 5 points with scale 1.0 subsample=4
2019-01-18 14:40:33,356 Built Data Sampler
2019-01-18 14:40:33,356 Creating a fresh model warm_start?=None
2019-01-18 14:40:33,356 	 Warmstarting? None None 5
2019-01-18 14:40:33,356 Embedding() torch.Size([5, 10])
2019-01-18 14:40:33,357 relative No Rescale
2019-01-18 14:40:33,357 Constructed model with dim=0 and epochs=0 isnan=False
2019-01-18 14:40:33,357 SGD (
Parameter Group 0
    dampening: 0
    initial_lr: 0.1
    lr: 1.0
    momentum: 0.0
    nesterov: False
    weight_decay: 0

Parameter Group 1
    dampening: 0
    initial_lr: 0.1
    lr: 1.0
    momentum: 0.0
    nesterov: False
    weight_decay: 0

Parameter Group 2
    dampening: 0
    initial_lr: 0.1
    lr: 1.0
    momentum: 0.0
    nesterov: False
    weight_decay: 0

Parameter Group 3
    dampening: 0
    initial_lr: 0.0001
    lr: 0.001
    momentum: 0.0
    nesterov: False
    weight_decay: 0
)
2019-01-18 14:40:33,357 *** Initial Checkpoint. Computing Stats
2019-01-18 14:40:33,357 	 Computing Major Stats lazily... 
2019-01-18 14:40:33,358 		 Completed edges=20 good=20 bad=0
2019-01-18 14:40:33,359 Distortion avg=0.9967215143566446 wc=3.26429954782084 me=0.005628252251848828 mc=579.9845852233344 nan_elements=0
2019-01-18 14:40:33,359 MAP = 0.4666666666666666
2019-01-18 14:40:33,359 scale=[array([1.])]
2019-01-18 14:40:33,359 *** End Initial Checkpoint

2019-01-18 14:40:33,419 1 loss=0.9934557708423654
2019-01-18 14:40:33,419 2 loss=0.31325420002132776
2019-01-18 14:40:33,420 3 loss=0.19965912479249623
2019-01-18 14:40:33,420 4 loss=0.1354470408350513
2019-01-18 14:40:33,421 5 loss=0.09410374813156214
2019-01-18 14:40:33,421 6 loss=0.06724310757608973
2019-01-18 14:40:33,422 7 loss=0.04971216921647029
2019-01-18 14:40:33,422 8 loss=0.038164116018673595
2019-01-18 14:40:33,423 9 loss=0.03043463971625799
2019-01-18 14:40:33,423 10 loss=0.02515118905285792
2019-01-18 14:40:33,424 11 loss=0.021455211044445806
2019-01-18 14:40:33,424 12 loss=0.018810052787481206
2019-01-18 14:40:33,424 13 loss=0.01687651985411015
2019-01-18 14:40:33,425 14 loss=0.015436205515941298
2019-01-18 14:40:33,425 15 loss=0.01434537144574044
2019-01-18 14:40:33,426 16 loss=0.013507267383608332
2019-01-18 14:40:33,426 17 loss=0.012855329454479347
2019-01-18 14:40:33,427 18 loss=0.012342800911071507
2019-01-18 14:40:33,427 19 loss=0.011936194128025436
2019-01-18 14:40:33,427 20 loss=0.011611091103494797
2019-01-18 14:40:33,428 21 loss=0.011349394137594615
2019-01-18 14:40:33,428 22 loss=0.011137492013487871
2019-01-18 14:40:33,429 23 loss=0.010965014167966868
2019-01-18 14:40:33,429 24 loss=0.01082396892588931
2019-01-18 14:40:33,430 25 loss=0.010708136846685586
2019-01-18 14:40:33,430 26 loss=0.010612636403324131
2019-01-18 14:40:33,431 27 loss=0.010533608048264241
2019-01-18 14:40:33,431 28 loss=0.010467980971624656
2019-01-18 14:40:33,431 29 loss=0.010413298564591496
2019-01-18 14:40:33,432 30 loss=0.010367586214477186
2019-01-18 14:40:33,432 31 loss=0.010329250078027258
2019-01-18 14:40:33,433 32 loss=0.010296998837271826
2019-01-18 14:40:33,433 33 loss=0.010269782720813374
2019-01-18 14:40:33,434 34 loss=0.010246745642641969
2019-01-18 14:40:33,434 35 loss=0.010227187407291144
2019-01-18 14:40:33,435 36 loss=0.010210533707948052
2019-01-18 14:40:33,435 37 loss=0.010196312203691636
2019-01-18 14:40:33,436 38 loss=0.010184133370164042
2019-01-18 14:40:33,436 39 loss=0.010173675119559385
2019-01-18 14:40:33,436 40 loss=0.010164670411371573
2019-01-18 14:40:33,437 41 loss=0.010156897245919472
2019-01-18 14:40:33,437 42 loss=0.010150170562955812
2019-01-18 14:40:33,438 43 loss=0.010144335668064795
2019-01-18 14:40:33,438 44 loss=0.01013926288752077
2019-01-18 14:40:33,439 45 loss=0.01013484321323514
2019-01-18 14:40:33,439 46 loss=0.010130984747346418
2019-01-18 14:40:33,440 47 loss=0.010127609793880917
2019-01-18 14:40:33,440 48 loss=0.01012465247496063
2019-01-18 14:40:33,440 49 loss=0.010122056772961692
2019-01-18 14:40:33,441 50 loss=0.010119774919135271
2019-01-18 14:40:33,441 final loss=0.010119774919135271
2019-01-18 14:40:33,441 best loss=10000000000.0, distortion=10000000000.0, map=0.0, wc_dist=10000000000.0
2019-01-18 14:40:33,441 	 Computing Major Stats lazily... 
2019-01-18 14:40:33,441 		 Completed edges=20 good=20 bad=0
2019-01-18 14:40:33,442 Distortion avg=0.10001538114972722 wc=1.2297122210781037 me=1.1123763187225821 mc=1.105482200924833 nan_elements=0
2019-01-18 14:40:33,442 MAP = 1.0
2019-01-18 14:40:33,443 scale=[array([1.])]
2019-01-18 15:10:04,434 Commandline ['pytorch/pytorch_hyperbolic.py', 'learn', 'data/edges/parsing/ewt/ewt_dev/1573.edges', '--dim', '0', '--hyp', '0', '--edim', '10', '--euc', '1', '--sdim', '0', '--sph', '0', '--log-name', 'ewt_devr2/1573.edges.E10-1.lr1.log', '--batch-size', '65536', '--epochs', '50', '--checkpoint-freq', '10', '-g', '--subsample', '1024', '--learning-rate', '1']
2019-01-18 15:10:04,435 No Model Save selected!
2019-01-18 15:10:04,436 Loaded Graph data/edges/parsing/ewt/ewt_dev/1573.edges with 5 nodes scale=1.0
2019-01-18 15:10:04,436 Building dataset
2019-01-18 15:10:04,437 Subsample: 5 points with scale 1.0 subsample=4
2019-01-18 15:10:04,440 Built Data Sampler
2019-01-18 15:10:04,440 Creating a fresh model warm_start?=None
2019-01-18 15:10:04,440 	 Warmstarting? None None 5
2019-01-18 15:10:04,441 Embedding() torch.Size([5, 10])
2019-01-18 15:10:04,441 relative No Rescale
2019-01-18 15:10:04,441 Constructed model with dim=0 and epochs=0 isnan=False
2019-01-18 15:10:04,441 SGD (
Parameter Group 0
    dampening: 0
    initial_lr: 0.1
    lr: 1.0
    momentum: 0.0
    nesterov: False
    weight_decay: 0

Parameter Group 1
    dampening: 0
    initial_lr: 0.1
    lr: 1.0
    momentum: 0.0
    nesterov: False
    weight_decay: 0

Parameter Group 2
    dampening: 0
    initial_lr: 0.1
    lr: 1.0
    momentum: 0.0
    nesterov: False
    weight_decay: 0

Parameter Group 3
    dampening: 0
    initial_lr: 0.0001
    lr: 0.001
    momentum: 0.0
    nesterov: False
    weight_decay: 0
)
2019-01-18 15:10:04,442 *** Initial Checkpoint. Computing Stats
2019-01-18 15:10:04,442 	 Computing Major Stats lazily... 
2019-01-18 15:10:04,442 		 Completed edges=20 good=20 bad=0
2019-01-18 15:10:04,443 Distortion avg=0.9967215143566446 wc=3.26429954782084 me=0.005628252251848828 mc=579.9845852233344 nan_elements=0
2019-01-18 15:10:04,443 MAP = 0.4666666666666666
2019-01-18 15:10:04,444 scale=[array([1.])]
2019-01-18 15:10:04,444 *** End Initial Checkpoint

2019-01-18 15:10:04,501 1 loss=0.9934557708423654
2019-01-18 15:10:04,502 2 loss=0.31325420002132776
2019-01-18 15:10:04,503 3 loss=0.19965912479249623
2019-01-18 15:10:04,503 4 loss=0.1354470408350513
2019-01-18 15:10:04,504 5 loss=0.09410374813156214
2019-01-18 15:10:04,504 6 loss=0.06724310757608973
2019-01-18 15:10:04,504 7 loss=0.04971216921647029
2019-01-18 15:10:04,505 8 loss=0.038164116018673595
2019-01-18 15:10:04,505 9 loss=0.03043463971625799
2019-01-18 15:10:04,506 10 loss=0.02515118905285792
2019-01-18 15:10:04,506 
*** Major Checkpoint. Computing Stats and Saving
2019-01-18 15:10:04,506 	 Computing Major Stats lazily... 
2019-01-18 15:10:04,506 		 Completed edges=20 good=20 bad=0
2019-01-18 15:10:04,507 Distortion avg=0.14116234022342772 wc=1.4273544306352113 me=1.1218391727450057 mc=1.2723342751017033 nan_elements=0
2019-01-18 15:10:04,507 MAP = 1.0
2019-01-18 15:10:04,507 scale=[array([1.])]
2019-01-18 15:10:04,508 *** End Major Checkpoint

2019-01-18 15:10:04,508 11 loss=0.021455211044445803
2019-01-18 15:10:04,508 12 loss=0.018810052787481206
2019-01-18 15:10:04,509 13 loss=0.01687651985411015
2019-01-18 15:10:04,509 14 loss=0.015436205515941295
2019-01-18 15:10:04,510 15 loss=0.01434537144574044
2019-01-18 15:10:04,510 16 loss=0.013507267383608329
2019-01-18 15:10:04,511 17 loss=0.012855329454479347
2019-01-18 15:10:04,511 18 loss=0.012342800911071506
2019-01-18 15:10:04,512 19 loss=0.011936194128025438
2019-01-18 15:10:04,512 20 loss=0.011611091103494791
2019-01-18 15:10:04,512 
*** Major Checkpoint. Computing Stats and Saving
2019-01-18 15:10:04,512 	 Computing Major Stats lazily... 
2019-01-18 15:10:04,512 		 Completed edges=20 good=20 bad=0
2019-01-18 15:10:04,513 Distortion avg=0.1046377847684925 wc=1.2729063040138802 me=1.113398478985496 mc=1.1432621186744607 nan_elements=0
2019-01-18 15:10:04,513 MAP = 1.0
2019-01-18 15:10:04,514 scale=[array([1.])]
2019-01-18 15:10:04,514 *** End Major Checkpoint

2019-01-18 15:10:04,514 21 loss=0.011349394137594612
2019-01-18 15:10:04,515 22 loss=0.011137492013487876
2019-01-18 15:10:04,515 23 loss=0.010965014167966873
2019-01-18 15:10:04,515 24 loss=0.010823968925889315
2019-01-18 15:10:04,516 25 loss=0.010708136846685581
2019-01-18 15:10:04,516 26 loss=0.010612636403324119
2019-01-18 15:10:04,517 27 loss=0.010533608048264243
2019-01-18 15:10:04,518 28 loss=0.010467980971624661
2019-01-18 15:10:04,519 29 loss=0.010413298564591496
2019-01-18 15:10:04,519 30 loss=0.010367586214477186
2019-01-18 15:10:04,519 
*** Major Checkpoint. Computing Stats and Saving
2019-01-18 15:10:04,519 	 Computing Major Stats lazily... 
2019-01-18 15:10:04,519 		 Completed edges=20 good=20 bad=0
2019-01-18 15:10:04,521 Distortion avg=0.10059075935082898 wc=1.2440103187771545 me=1.1125305440457547 mc=1.1181808224817533 nan_elements=0
2019-01-18 15:10:04,521 MAP = 1.0
2019-01-18 15:10:04,521 scale=[array([1.])]
2019-01-18 15:10:04,521 *** End Major Checkpoint

2019-01-18 15:10:04,522 31 loss=0.010329250078027262
2019-01-18 15:10:04,522 32 loss=0.010296998837271823
2019-01-18 15:10:04,522 33 loss=0.010269782720813378
2019-01-18 15:10:04,523 34 loss=0.010246745642641969
2019-01-18 15:10:04,523 35 loss=0.010227187407291151
2019-01-18 15:10:04,524 36 loss=0.010210533707948055
2019-01-18 15:10:04,524 37 loss=0.010196312203691637
2019-01-18 15:10:04,525 38 loss=0.010184133370164047
2019-01-18 15:10:04,525 39 loss=0.010173675119559382
2019-01-18 15:10:04,526 40 loss=0.010164670411371568
2019-01-18 15:10:04,526 
*** Major Checkpoint. Computing Stats and Saving
2019-01-18 15:10:04,526 	 Computing Major Stats lazily... 
2019-01-18 15:10:04,526 		 Completed edges=20 good=20 bad=0
2019-01-18 15:10:04,527 Distortion avg=0.10008579644314097 wc=1.2341468644934892 me=1.1123956206209564 mc=1.1094495893507468 nan_elements=0
2019-01-18 15:10:04,527 MAP = 1.0
2019-01-18 15:10:04,527 scale=[array([1.])]
2019-01-18 15:10:04,527 *** End Major Checkpoint

2019-01-18 15:10:04,528 41 loss=0.010156897245919474
2019-01-18 15:10:04,528 42 loss=0.010150170562955826
2019-01-18 15:10:04,529 43 loss=0.01014433566806478
2019-01-18 15:10:04,529 44 loss=0.010139262887520772
2019-01-18 15:10:04,530 45 loss=0.010134843213235137
2019-01-18 15:10:04,530 46 loss=0.010130984747346417
2019-01-18 15:10:04,530 47 loss=0.010127609793880905
2019-01-18 15:10:04,531 48 loss=0.010124652474960633
2019-01-18 15:10:04,531 49 loss=0.010122056772961695
2019-01-18 15:10:04,532 50 loss=0.010119774919135276
2019-01-18 15:10:04,532 
*** Major Checkpoint. Computing Stats and Saving
2019-01-18 15:10:04,532 	 Computing Major Stats lazily... 
2019-01-18 15:10:04,532 		 Completed edges=20 good=20 bad=0
2019-01-18 15:10:04,533 Distortion avg=0.10001538114972722 wc=1.2297122210781037 me=1.1123763187225821 mc=1.105482200924833 nan_elements=0
2019-01-18 15:10:04,533 MAP = 1.0
2019-01-18 15:10:04,534 scale=[array([1.])]
2019-01-18 15:10:04,534 *** End Major Checkpoint

2019-01-18 15:10:04,534 final loss=0.010119774919135276
2019-01-18 15:10:04,534 best loss=0.010119774919135276, distortion=0.10001538114972722, map=1.0, wc_dist=1.2297122210781037
2019-01-18 15:10:04,534 	 Computing Major Stats lazily... 
2019-01-18 15:10:04,534 		 Completed edges=20 good=20 bad=0
2019-01-18 15:10:04,535 Distortion avg=0.10001538114972723 wc=1.2297122210781037 me=1.1123763187225821 mc=1.105482200924833 nan_elements=0
2019-01-18 15:10:04,535 MAP = 1.0
2019-01-18 15:10:04,535 scale=[array([1.])]
