2019-01-18 14:53:22,121 Commandline ['pytorch/pytorch_hyperbolic.py', 'learn', 'data/edges/parsing/ewt/ewt_dev/1574.edges', '--dim', '0', '--hyp', '0', '--edim', '10', '--euc', '1', '--sdim', '0', '--sph', '0', '--log-name', 'ewt_devr2/1574.edges.E10-1.lr1.log', '--batch-size', '65536', '--epochs', '50', '--checkpoint-freq', '10', '-g', '--subsample', '1024', '--learning-rate', '1']
2019-01-18 14:53:22,121 No Model Save selected!
2019-01-18 14:53:22,123 Loaded Graph data/edges/parsing/ewt/ewt_dev/1574.edges with 7 nodes scale=1.0
2019-01-18 14:53:22,123 Building dataset
2019-01-18 14:53:22,123 Subsample: 7 points with scale 1.0 subsample=6
2019-01-18 14:53:22,128 Built Data Sampler
2019-01-18 14:53:22,128 Creating a fresh model warm_start?=None
2019-01-18 14:53:22,128 	 Warmstarting? None None 7
2019-01-18 14:53:22,129 Embedding() torch.Size([7, 10])
2019-01-18 14:53:22,129 relative No Rescale
2019-01-18 14:53:22,129 Constructed model with dim=0 and epochs=0 isnan=False
2019-01-18 14:53:22,129 SGD (
Parameter Group 0
    dampening: 0
    initial_lr: 0.1
    lr: 1.0
    momentum: 0.0
    nesterov: False
    weight_decay: 0

Parameter Group 1
    dampening: 0
    initial_lr: 0.1
    lr: 1.0
    momentum: 0.0
    nesterov: False
    weight_decay: 0

Parameter Group 2
    dampening: 0
    initial_lr: 0.1
    lr: 1.0
    momentum: 0.0
    nesterov: False
    weight_decay: 0

Parameter Group 3
    dampening: 0
    initial_lr: 0.0001
    lr: 0.001
    momentum: 0.0
    nesterov: False
    weight_decay: 0
)
2019-01-18 14:53:22,130 *** Initial Checkpoint. Computing Stats
2019-01-18 14:53:22,130 	 Computing Major Stats lazily... 
2019-01-18 14:53:22,130 		 Completed edges=42 good=42 bad=0
2019-01-18 14:53:22,132 Distortion avg=0.9972619158332947 wc=5.448327215027938 me=0.005628252251848828 mc=968.0318100949036 nan_elements=0
2019-01-18 14:53:22,132 MAP = 0.4785714285714286
2019-01-18 14:53:22,132 scale=[array([1.])]
2019-01-18 14:53:22,132 *** End Initial Checkpoint

2019-01-18 14:53:22,191 1 loss=0.9945330452973808
2019-01-18 14:53:22,191 2 loss=0.5800892128950826
2019-01-18 14:53:22,192 3 loss=0.40091589794161453
2019-01-18 14:53:22,192 4 loss=0.31570745064695355
2019-01-18 14:53:22,193 5 loss=0.2640388965336178
2019-01-18 14:53:22,193 6 loss=0.22692497317343158
2019-01-18 14:53:22,193 7 loss=0.19794430138955235
2019-01-18 14:53:22,194 8 loss=0.17447011072055188
2019-01-18 14:53:22,194 9 loss=0.15511447293203567
2019-01-18 14:53:22,195 10 loss=0.13896599147864006
2019-01-18 14:53:22,195 
*** Major Checkpoint. Computing Stats and Saving
2019-01-18 14:53:22,195 	 Computing Major Stats lazily... 
2019-01-18 14:53:22,196 		 Completed edges=42 good=42 bad=0
2019-01-18 14:53:22,197 Distortion avg=0.3227152125897232 wc=3.0493033268301626 me=1.2608542952512636 mc=2.418442272286899 nan_elements=0
2019-01-18 14:53:22,197 MAP = 0.9928571428571429
2019-01-18 14:53:22,197 scale=[array([1.])]
2019-01-18 14:53:22,197 *** End Major Checkpoint

2019-01-18 14:53:22,198 11 loss=0.12535058377607927
2019-01-18 14:53:22,198 12 loss=0.11374759827117742
2019-01-18 14:53:22,198 13 loss=0.10375218532564448
2019-01-18 14:53:22,199 14 loss=0.09505145743458773
2019-01-18 14:53:22,199 15 loss=0.08740538513782833
2019-01-18 14:53:22,200 16 loss=0.08063044790786572
2019-01-18 14:53:22,200 17 loss=0.07458590573919899
2019-01-18 14:53:22,201 18 loss=0.06916276268245386
2019-01-18 14:53:22,201 19 loss=0.0642752863706917
2019-01-18 14:53:22,202 20 loss=0.05985474168779578
2019-01-18 14:53:22,202 
*** Major Checkpoint. Computing Stats and Saving
2019-01-18 14:53:22,202 	 Computing Major Stats lazily... 
2019-01-18 14:53:22,202 		 Completed edges=42 good=42 bad=0
2019-01-18 14:53:22,203 Distortion avg=0.21137018218695086 wc=2.0652399674172575 me=1.2146929054704043 mc=1.7002157155247966 nan_elements=0
2019-01-18 14:53:22,203 MAP = 1.0
2019-01-18 14:53:22,203 scale=[array([1.])]
2019-01-18 14:53:22,204 *** End Major Checkpoint

2019-01-18 14:53:22,204 21 loss=0.055844898603945606
2019-01-18 14:53:22,204 22 loss=0.052198875525835235
2019-01-18 14:53:22,205 23 loss=0.048876940046454875
2019-01-18 14:53:22,205 24 loss=0.045844971291887956
2019-01-18 14:53:22,206 25 loss=0.043073368066696434
2019-01-18 14:53:22,206 26 loss=0.040536253366195166
2019-01-18 14:53:22,207 27 loss=0.03821087575994406
2019-01-18 14:53:22,207 28 loss=0.03607714326485528
2019-01-18 14:53:22,208 29 loss=0.034117248808353755
2019-01-18 14:53:22,208 30 loss=0.03231536148573507
2019-01-18 14:53:22,208 
*** Major Checkpoint. Computing Stats and Saving
2019-01-18 14:53:22,208 	 Computing Major Stats lazily... 
2019-01-18 14:53:22,208 		 Completed edges=42 good=42 bad=0
2019-01-18 14:53:22,210 Distortion avg=0.15770535304707278 wc=1.697157702964927 me=1.1747528792695443 mc=1.4446933758700056 nan_elements=0
2019-01-18 14:53:22,210 MAP = 1.0
2019-01-18 14:53:22,210 scale=[array([1.])]
2019-01-18 14:53:22,210 *** End Major Checkpoint

2019-01-18 14:53:22,210 31 loss=0.030657367234921788
2019-01-18 14:53:22,211 32 loss=0.0291306482852515
2019-01-18 14:53:22,211 33 loss=0.027723894168555037
2019-01-18 14:53:22,212 34 loss=0.02642693912181059
2019-01-18 14:53:22,212 35 loss=0.02523062193754457
2019-01-18 14:53:22,213 36 loss=0.024126665082674015
2019-01-18 14:53:22,213 37 loss=0.02310757041571116
2019-01-18 14:53:22,213 38 loss=0.022166529203253637
2019-01-18 14:53:22,214 39 loss=0.02129734443256057
2019-01-18 14:53:22,214 40 loss=0.020494363669735765
2019-01-18 14:53:22,214 
*** Major Checkpoint. Computing Stats and Saving
2019-01-18 14:53:22,215 	 Computing Major Stats lazily... 
2019-01-18 14:53:22,215 		 Completed edges=42 good=42 bad=0
2019-01-18 14:53:22,216 Distortion avg=0.12451031904185664 wc=1.5415734610788334 me=1.173766171672853 mc=1.3133565255861661 nan_elements=0
2019-01-18 14:53:22,216 MAP = 1.0
2019-01-18 14:53:22,216 scale=[array([1.])]
2019-01-18 14:53:22,216 *** End Major Checkpoint

2019-01-18 14:53:22,217 41 loss=0.01975242093752288
2019-01-18 14:53:22,217 42 loss=0.01906678628915471
2019-01-18 14:53:22,218 43 loss=0.018433121937293143
2019-01-18 14:53:22,218 44 loss=0.017847443960564275
2019-01-18 14:53:22,219 45 loss=0.017306088755000178
2019-01-18 14:53:22,219 46 loss=0.016805683524535403
2019-01-18 14:53:22,220 47 loss=0.016343120214627454
2019-01-18 14:53:22,220 48 loss=0.015915532387421293
2019-01-18 14:53:22,220 49 loss=0.015520274617201481
2019-01-18 14:53:22,221 50 loss=0.015154904052782702
2019-01-18 14:53:22,221 
*** Major Checkpoint. Computing Stats and Saving
2019-01-18 14:53:22,221 	 Computing Major Stats lazily... 
2019-01-18 14:53:22,221 		 Completed edges=42 good=42 bad=0
2019-01-18 14:53:22,223 Distortion avg=0.10726320419350355 wc=1.4531572038069012 me=1.1731464344984224 mc=1.2386835616375522 nan_elements=0
2019-01-18 14:53:22,223 MAP = 1.0
2019-01-18 14:53:22,223 scale=[array([1.])]
2019-01-18 14:53:22,223 *** End Major Checkpoint

2019-01-18 14:53:22,223 final loss=0.015154904052782702
2019-01-18 14:53:22,223 best loss=0.015154904052782702, distortion=0.10726320419350355, map=1.0, wc_dist=1.4531572038069012
2019-01-18 14:53:22,223 	 Computing Major Stats lazily... 
2019-01-18 14:53:22,223 		 Completed edges=42 good=42 bad=0
2019-01-18 14:53:22,225 Distortion avg=0.10726320419350358 wc=1.4531572038069012 me=1.1731464344984224 mc=1.2386835616375522 nan_elements=0
2019-01-18 14:53:22,225 MAP = 1.0
2019-01-18 14:53:22,225 scale=[array([1.])]
