2019-01-18 14:54:07,566 Commandline ['pytorch/pytorch_hyperbolic.py', 'learn', 'data/edges/parsing/ewt/ewt_dev/1578.edges', '--dim', '0', '--hyp', '0', '--edim', '10', '--euc', '1', '--sdim', '0', '--sph', '0', '--log-name', 'ewt_devr2/1578.edges.E10-1.lr1.log', '--batch-size', '65536', '--epochs', '50', '--checkpoint-freq', '10', '-g', '--subsample', '1024', '--learning-rate', '1']
2019-01-18 14:54:07,567 No Model Save selected!
2019-01-18 14:54:07,568 Loaded Graph data/edges/parsing/ewt/ewt_dev/1578.edges with 8 nodes scale=1.0
2019-01-18 14:54:07,568 Building dataset
2019-01-18 14:54:07,569 Subsample: 8 points with scale 1.0 subsample=7
2019-01-18 14:54:07,575 Built Data Sampler
2019-01-18 14:54:07,575 Creating a fresh model warm_start?=None
2019-01-18 14:54:07,575 	 Warmstarting? None None 8
2019-01-18 14:54:07,575 Embedding() torch.Size([8, 10])
2019-01-18 14:54:07,575 relative No Rescale
2019-01-18 14:54:07,576 Constructed model with dim=0 and epochs=0 isnan=False
2019-01-18 14:54:07,576 SGD (
Parameter Group 0
    dampening: 0
    initial_lr: 0.1
    lr: 1.0
    momentum: 0.0
    nesterov: False
    weight_decay: 0

Parameter Group 1
    dampening: 0
    initial_lr: 0.1
    lr: 1.0
    momentum: 0.0
    nesterov: False
    weight_decay: 0

Parameter Group 2
    dampening: 0
    initial_lr: 0.1
    lr: 1.0
    momentum: 0.0
    nesterov: False
    weight_decay: 0

Parameter Group 3
    dampening: 0
    initial_lr: 0.0001
    lr: 0.001
    momentum: 0.0
    nesterov: False
    weight_decay: 0
)
2019-01-18 14:54:07,576 *** Initial Checkpoint. Computing Stats
2019-01-18 14:54:07,576 	 Computing Major Stats lazily... 
2019-01-18 14:54:07,577 		 Completed edges=56 good=56 bad=0
2019-01-18 14:54:07,578 Distortion avg=0.9971925604977115 wc=5.113446862884858 me=0.005941110731069004 mc=860.6886985196418 nan_elements=0
2019-01-18 14:54:07,579 MAP = 0.42896825396825394
2019-01-18 14:54:07,579 scale=[array([1.])]
2019-01-18 14:54:07,579 *** End Initial Checkpoint

2019-01-18 14:54:07,637 1 loss=0.9943944730291311
2019-01-18 14:54:07,637 2 loss=0.6322366001854205
2019-01-18 14:54:07,638 3 loss=0.44817166899468514
2019-01-18 14:54:07,638 4 loss=0.3473709978432668
2019-01-18 14:54:07,639 5 loss=0.28204007990359725
2019-01-18 14:54:07,639 6 loss=0.23508669437596766
2019-01-18 14:54:07,640 7 loss=0.19944024468588525
2019-01-18 14:54:07,640 8 loss=0.17156924457529832
2019-01-18 14:54:07,641 9 loss=0.14939645428167347
2019-01-18 14:54:07,641 10 loss=0.13154727901083077
2019-01-18 14:54:07,641 
*** Major Checkpoint. Computing Stats and Saving
2019-01-18 14:54:07,641 	 Computing Major Stats lazily... 
2019-01-18 14:54:07,642 		 Completed edges=56 good=56 bad=0
2019-01-18 14:54:07,643 Distortion avg=0.310165554822896 wc=3.5717582573959903 me=1.28289692635758 mc=2.784135018186519 nan_elements=0
2019-01-18 14:54:07,643 MAP = 0.6873015873015872
2019-01-18 14:54:07,643 scale=[array([1.])]
2019-01-18 14:54:07,643 *** End Major Checkpoint

2019-01-18 14:54:07,644 11 loss=0.11703982687719405
2019-01-18 14:54:07,644 12 loss=0.10513974918718437
2019-01-18 14:54:07,645 13 loss=0.09528390024090848
2019-01-18 14:54:07,645 14 loss=0.08703545983132645
2019-01-18 14:54:07,646 15 loss=0.08005456337343074
2019-01-18 14:54:07,646 16 loss=0.07407721991929707
2019-01-18 14:54:07,647 17 loss=0.06889915063521636
2019-01-18 14:54:07,647 18 loss=0.0643629373248118
2019-01-18 14:54:07,648 19 loss=0.060347665160098464
2019-01-18 14:54:07,648 20 loss=0.05676058795965465
2019-01-18 14:54:07,648 
*** Major Checkpoint. Computing Stats and Saving
2019-01-18 14:54:07,648 	 Computing Major Stats lazily... 
2019-01-18 14:54:07,649 		 Completed edges=56 good=56 bad=0
2019-01-18 14:54:07,650 Distortion avg=0.1986241481819437 wc=2.572035212821598 me=1.3030983630931594 mc=1.9737843939243147 nan_elements=0
2019-01-18 14:54:07,650 MAP = 1.0
2019-01-18 14:54:07,650 scale=[array([1.])]
2019-01-18 14:54:07,650 *** End Major Checkpoint

2019-01-18 14:54:07,651 21 loss=0.05353048496527942
2019-01-18 14:54:07,651 22 loss=0.050602435320258536
2019-01-18 14:54:07,652 23 loss=0.04793376599725967
2019-01-18 14:54:07,652 24 loss=0.04549095340101937
2019-01-18 14:54:07,653 25 loss=0.04324728505012636
2019-01-18 14:54:07,653 26 loss=0.041181115777446445
2019-01-18 14:54:07,654 27 loss=0.039274580949168955
2019-01-18 14:54:07,654 28 loss=0.037512655467928376
2019-01-18 14:54:07,655 29 loss=0.03588247061630517
2019-01-18 14:54:07,655 30 loss=0.0343728205985946
2019-01-18 14:54:07,655 
*** Major Checkpoint. Computing Stats and Saving
2019-01-18 14:54:07,655 	 Computing Major Stats lazily... 
2019-01-18 14:54:07,656 		 Completed edges=56 good=56 bad=0
2019-01-18 14:54:07,657 Distortion avg=0.15449831054826843 wc=1.9854004753718881 me=1.2202078479050658 mc=1.627100234423632 nan_elements=0
2019-01-18 14:54:07,657 MAP = 1.0
2019-01-18 14:54:07,657 scale=[array([1.])]
2019-01-18 14:54:07,657 *** End Major Checkpoint

2019-01-18 14:54:07,658 31 loss=0.03297380692540785
2019-01-18 14:54:07,658 32 loss=0.03167658182629957
2019-01-18 14:54:07,659 33 loss=0.03047316208275618
2019-01-18 14:54:07,659 34 loss=0.029356292504642438
2019-01-18 14:54:07,659 35 loss=0.028319344171303478
2019-01-18 14:54:07,660 36 loss=0.02735623692427633
2019-01-18 14:54:07,660 37 loss=0.026461378776267207
2019-01-18 14:54:07,661 38 loss=0.02562961717647696
2019-01-18 14:54:07,661 39 loss=0.024856198675933545
2019-01-18 14:54:07,662 40 loss=0.024136734649306327
2019-01-18 14:54:07,662 
*** Major Checkpoint. Computing Stats and Saving
2019-01-18 14:54:07,662 	 Computing Major Stats lazily... 
2019-01-18 14:54:07,662 		 Completed edges=56 good=56 bad=0
2019-01-18 14:54:07,664 Distortion avg=0.13097134402756722 wc=1.7159103985956137 me=1.1969709844111396 mc=1.4335438543982508 nan_elements=0
2019-01-18 14:54:07,664 MAP = 1.0
2019-01-18 14:54:07,664 scale=[array([1.])]
2019-01-18 14:54:07,664 *** End Major Checkpoint

2019-01-18 14:54:07,664 41 loss=0.023467171490711067
2019-01-18 14:54:07,665 42 loss=0.022843764214517972
2019-01-18 14:54:07,665 43 loss=0.022263052734639268
2019-01-18 14:54:07,666 44 loss=0.02172184032209965
2019-01-18 14:54:07,666 45 loss=0.02121717388945382
2019-01-18 14:54:07,667 46 loss=0.0207463258483378
2019-01-18 14:54:07,667 47 loss=0.020306777350991578
2019-01-18 14:54:07,668 48 loss=0.019896202769772015
2019-01-18 14:54:07,668 49 loss=0.019512455298135997
2019-01-18 14:54:07,669 50 loss=0.01915355357719441
2019-01-18 14:54:07,669 
*** Major Checkpoint. Computing Stats and Saving
2019-01-18 14:54:07,669 	 Computing Major Stats lazily... 
2019-01-18 14:54:07,669 		 Completed edges=56 good=56 bad=0
2019-01-18 14:54:07,670 Distortion avg=0.11882124857282612 wc=1.5769875793187762 me=1.1948738254227282 mc=1.3197942291194318 nan_elements=0
2019-01-18 14:54:07,671 MAP = 1.0
2019-01-18 14:54:07,671 scale=[array([1.])]
2019-01-18 14:54:07,671 *** End Major Checkpoint

2019-01-18 14:54:07,671 final loss=0.01915355357719441
2019-01-18 14:54:07,671 best loss=0.01915355357719441, distortion=0.11882124857282612, map=1.0, wc_dist=1.5769875793187762
2019-01-18 14:54:07,671 	 Computing Major Stats lazily... 
2019-01-18 14:54:07,671 		 Completed edges=56 good=56 bad=0
2019-01-18 14:54:07,673 Distortion avg=0.11882124857282612 wc=1.5769875793187762 me=1.1948738254227282 mc=1.3197942291194318 nan_elements=0
2019-01-18 14:54:07,673 MAP = 1.0
2019-01-18 14:54:07,673 scale=[array([1.])]
