2019-01-18 15:05:46,679 Commandline ['pytorch/pytorch_hyperbolic.py', 'learn', 'data/edges/parsing/ewt/ewt_dev/1579.edges', '--dim', '0', '--hyp', '0', '--edim', '10', '--euc', '1', '--sdim', '0', '--sph', '0', '--log-name', 'ewt_devr2/1579.edges.E10-1.lr1.log', '--batch-size', '65536', '--epochs', '50', '--checkpoint-freq', '10', '-g', '--subsample', '1024', '--learning-rate', '1']
2019-01-18 15:05:46,679 No Model Save selected!
2019-01-18 15:05:46,680 Loaded Graph data/edges/parsing/ewt/ewt_dev/1579.edges with 6 nodes scale=1.0
2019-01-18 15:05:46,680 Building dataset
2019-01-18 15:05:46,681 Subsample: 6 points with scale 1.0 subsample=5
2019-01-18 15:05:46,685 Built Data Sampler
2019-01-18 15:05:46,685 Creating a fresh model warm_start?=None
2019-01-18 15:05:46,686 	 Warmstarting? None None 6
2019-01-18 15:05:46,686 Embedding() torch.Size([6, 10])
2019-01-18 15:05:46,686 relative No Rescale
2019-01-18 15:05:46,686 Constructed model with dim=0 and epochs=0 isnan=False
2019-01-18 15:05:46,687 SGD (
Parameter Group 0
    dampening: 0
    initial_lr: 0.1
    lr: 1.0
    momentum: 0.0
    nesterov: False
    weight_decay: 0

Parameter Group 1
    dampening: 0
    initial_lr: 0.1
    lr: 1.0
    momentum: 0.0
    nesterov: False
    weight_decay: 0

Parameter Group 2
    dampening: 0
    initial_lr: 0.1
    lr: 1.0
    momentum: 0.0
    nesterov: False
    weight_decay: 0

Parameter Group 3
    dampening: 0
    initial_lr: 0.0001
    lr: 0.001
    momentum: 0.0
    nesterov: False
    weight_decay: 0
)
2019-01-18 15:05:46,687 *** Initial Checkpoint. Computing Stats
2019-01-18 15:05:46,687 	 Computing Major Stats lazily... 
2019-01-18 15:05:46,688 		 Completed edges=30 good=30 bad=0
2019-01-18 15:05:46,689 Distortion avg=0.9973287056166409 wc=4.429205455045332 me=0.005628252251848828 mc=786.9593004809583 nan_elements=0
2019-01-18 15:05:46,689 MAP = 0.49722222222222223
2019-01-18 15:05:46,689 scale=[array([1.])]
2019-01-18 15:05:46,689 *** End Initial Checkpoint

2019-01-18 15:05:46,747 1 loss=0.9946663413823547
2019-01-18 15:05:46,748 2 loss=0.5080438184457342
2019-01-18 15:05:46,748 3 loss=0.3459832707626706
2019-01-18 15:05:46,749 4 loss=0.28221660030691087
2019-01-18 15:05:46,749 5 loss=0.24600489467740502
2019-01-18 15:05:46,750 6 loss=0.21986644200207403
2019-01-18 15:05:46,750 7 loss=0.19869637128744852
2019-01-18 15:05:46,751 8 loss=0.1805153118396325
2019-01-18 15:05:46,751 9 loss=0.16433380235805667
2019-01-18 15:05:46,752 10 loss=0.1496035737184277
2019-01-18 15:05:46,752 
*** Major Checkpoint. Computing Stats and Saving
2019-01-18 15:05:46,752 	 Computing Major Stats lazily... 
2019-01-18 15:05:46,752 		 Completed edges=30 good=30 bad=0
2019-01-18 15:05:46,753 Distortion avg=0.3357943898941707 wc=3.391365606406019 me=1.3015679973642382 mc=2.605600024949722 nan_elements=0
2019-01-18 15:05:46,753 MAP = 0.9722222222222222
2019-01-18 15:05:46,753 scale=[array([1.])]
2019-01-18 15:05:46,753 *** End Major Checkpoint

2019-01-18 15:05:46,754 11 loss=0.13603108085758306
2019-01-18 15:05:46,754 12 loss=0.12347806614428931
2019-01-18 15:05:46,755 13 loss=0.11189173798137847
2019-01-18 15:05:46,755 14 loss=0.10125521458254085
2019-01-18 15:05:46,756 15 loss=0.09155630905663839
2019-01-18 15:05:46,756 16 loss=0.08277168188058574
2019-01-18 15:05:46,757 17 loss=0.07486199686702993
2019-01-18 15:05:46,757 18 loss=0.06777358166239081
2019-01-18 15:05:46,758 19 loss=0.061442960531014036
2019-01-18 15:05:46,758 20 loss=0.05580187144229544
2019-01-18 15:05:46,758 
*** Major Checkpoint. Computing Stats and Saving
2019-01-18 15:05:46,758 	 Computing Major Stats lazily... 
2019-01-18 15:05:46,758 		 Completed edges=30 good=30 bad=0
2019-01-18 15:05:46,760 Distortion avg=0.20057817045692408 wc=2.0548806144230496 me=1.164566843174761 mc=1.7645020777177352 nan_elements=0
2019-01-18 15:05:46,760 MAP = 1.0
2019-01-18 15:05:46,760 scale=[array([1.])]
2019-01-18 15:05:46,760 *** End Major Checkpoint

2019-01-18 15:05:46,760 21 loss=0.0507815191558857
2019-01-18 15:05:46,761 22 loss=0.04631562914076413
2019-01-18 15:05:46,761 23 loss=0.04234233462412728
2019-01-18 15:05:46,762 24 loss=0.038805132452473634
2019-01-18 15:05:46,762 25 loss=0.03565318546594112
2019-01-18 15:05:46,763 26 loss=0.032841212972027016
2019-01-18 15:05:46,763 27 loss=0.030329149710847714
2019-01-18 15:05:46,764 28 loss=0.02808169474966331
2019-01-18 15:05:46,764 29 loss=0.02606782543873759
2019-01-18 15:05:46,765 30 loss=0.024260319261010507
2019-01-18 15:05:46,765 
*** Major Checkpoint. Computing Stats and Saving
2019-01-18 15:05:46,765 	 Computing Major Stats lazily... 
2019-01-18 15:05:46,765 		 Completed edges=30 good=30 bad=0
2019-01-18 15:05:46,766 Distortion avg=0.13135440794223138 wc=1.6358848490799016 me=1.1310358025612208 mc=1.446359916614005 nan_elements=0
2019-01-18 15:05:46,766 MAP = 1.0
2019-01-18 15:05:46,766 scale=[array([1.])]
2019-01-18 15:05:46,766 *** End Major Checkpoint

2019-01-18 15:05:46,767 31 loss=0.022635305698767316
2019-01-18 15:05:46,767 32 loss=0.02117185783310115
2019-01-18 15:05:46,768 33 loss=0.019851626400762913
2019-01-18 15:05:46,768 34 loss=0.018658515341138382
2019-01-18 15:05:46,769 35 loss=0.017578396078386634
2019-01-18 15:05:46,769 36 loss=0.016598857046714693
2019-01-18 15:05:46,770 37 loss=0.015708984786366908
2019-01-18 15:05:46,770 38 loss=0.01489917303985536
2019-01-18 15:05:46,770 39 loss=0.014160956514328589
2019-01-18 15:05:46,771 40 loss=0.013486866268459846
2019-01-18 15:05:46,771 
*** Major Checkpoint. Computing Stats and Saving
2019-01-18 15:05:46,771 	 Computing Major Stats lazily... 
2019-01-18 15:05:46,771 		 Completed edges=30 good=30 bad=0
2019-01-18 15:05:46,772 Distortion avg=0.0978081620515523 wc=1.4586896124134792 me=1.119544583413173 mc=1.3029312400997461 nan_elements=0
2019-01-18 15:05:46,772 MAP = 1.0
2019-01-18 15:05:46,773 scale=[array([1.])]
2019-01-18 15:05:46,773 *** End Major Checkpoint

2019-01-18 15:05:46,773 41 loss=0.012870303989779671
2019-01-18 15:05:46,774 42 loss=0.012305432729612991
2019-01-18 15:05:46,774 43 loss=0.011787081946792064
2019-01-18 15:05:46,775 44 loss=0.011310664972865765
2019-01-18 15:05:46,775 45 loss=0.010872107248558225
2019-01-18 15:05:46,775 46 loss=0.010467783893534508
2019-01-18 15:05:46,776 47 loss=0.010094465359982312
2019-01-18 15:05:46,776 48 loss=0.009749270086609772
2019-01-18 15:05:46,777 49 loss=0.009429623215213833
2019-01-18 15:05:46,777 50 loss=0.009133220558952543
2019-01-18 15:05:46,777 
*** Major Checkpoint. Computing Stats and Saving
2019-01-18 15:05:46,777 	 Computing Major Stats lazily... 
2019-01-18 15:05:46,778 		 Completed edges=30 good=30 bad=0
2019-01-18 15:05:46,779 Distortion avg=0.08251762502785474 wc=1.362700748773855 me=1.1104076773597247 mc=1.22720760722226 nan_elements=0
2019-01-18 15:05:46,779 MAP = 1.0
2019-01-18 15:05:46,779 scale=[array([1.])]
2019-01-18 15:05:46,779 *** End Major Checkpoint

2019-01-18 15:05:46,779 final loss=0.009133220558952543
2019-01-18 15:05:46,779 best loss=0.009133220558952543, distortion=0.08251762502785474, map=1.0, wc_dist=1.362700748773855
2019-01-18 15:05:46,779 	 Computing Major Stats lazily... 
2019-01-18 15:05:46,780 		 Completed edges=30 good=30 bad=0
2019-01-18 15:05:46,781 Distortion avg=0.08251762502785477 wc=1.362700748773855 me=1.1104076773597247 mc=1.22720760722226 nan_elements=0
2019-01-18 15:05:46,781 MAP = 1.0
2019-01-18 15:05:46,781 scale=[array([1.])]
