2019-01-18 15:09:32,348 Commandline ['pytorch/pytorch_hyperbolic.py', 'learn', 'data/edges/parsing/ewt/ewt_dev/1582.edges', '--dim', '0', '--hyp', '0', '--edim', '10', '--euc', '1', '--sdim', '0', '--sph', '0', '--log-name', 'ewt_devr2/1582.edges.E10-1.lr1.log', '--batch-size', '65536', '--epochs', '50', '--checkpoint-freq', '10', '-g', '--subsample', '1024', '--learning-rate', '1']
2019-01-18 15:09:32,348 No Model Save selected!
2019-01-18 15:09:32,350 Loaded Graph data/edges/parsing/ewt/ewt_dev/1582.edges with 11 nodes scale=1.0
2019-01-18 15:09:32,350 Building dataset
2019-01-18 15:09:32,351 Subsample: 11 points with scale 1.0 subsample=10
2019-01-18 15:09:32,360 Built Data Sampler
2019-01-18 15:09:32,360 Creating a fresh model warm_start?=None
2019-01-18 15:09:32,360 	 Warmstarting? None None 11
2019-01-18 15:09:32,361 Embedding() torch.Size([11, 10])
2019-01-18 15:09:32,361 relative No Rescale
2019-01-18 15:09:32,361 Constructed model with dim=0 and epochs=0 isnan=False
2019-01-18 15:09:32,361 SGD (
Parameter Group 0
    dampening: 0
    initial_lr: 0.1
    lr: 1.0
    momentum: 0.0
    nesterov: False
    weight_decay: 0

Parameter Group 1
    dampening: 0
    initial_lr: 0.1
    lr: 1.0
    momentum: 0.0
    nesterov: False
    weight_decay: 0

Parameter Group 2
    dampening: 0
    initial_lr: 0.1
    lr: 1.0
    momentum: 0.0
    nesterov: False
    weight_decay: 0

Parameter Group 3
    dampening: 0
    initial_lr: 0.0001
    lr: 0.001
    momentum: 0.0
    nesterov: False
    weight_decay: 0
)
2019-01-18 15:09:32,361 *** Initial Checkpoint. Computing Stats
2019-01-18 15:09:32,361 	 Computing Major Stats lazily... 
2019-01-18 15:09:32,363 		 Completed edges=110 good=110 bad=0
2019-01-18 15:09:32,365 Distortion avg=0.9977237330265271 wc=6.629718057700231 me=0.005982886981094694 mc=1108.1135376030763 nan_elements=0
2019-01-18 15:09:32,365 MAP = 0.3472041847041847
2019-01-18 15:09:32,365 scale=[array([1.])]
2019-01-18 15:09:32,365 *** End Initial Checkpoint

2019-01-18 15:09:32,422 1 loss=0.9954541806124989
2019-01-18 15:09:32,423 2 loss=0.7886227556592955
2019-01-18 15:09:32,423 3 loss=0.6430221666637518
2019-01-18 15:09:32,424 4 loss=0.5425522003370292
2019-01-18 15:09:32,424 5 loss=0.4703665004606156
2019-01-18 15:09:32,425 6 loss=0.41618870003682706
2019-01-18 15:09:32,425 7 loss=0.37388409104567843
2019-01-18 15:09:32,426 8 loss=0.3397371092834643
2019-01-18 15:09:32,427 9 loss=0.31143633137142446
2019-01-18 15:09:32,427 10 loss=0.28749480085805384
2019-01-18 15:09:32,427 
*** Major Checkpoint. Computing Stats and Saving
2019-01-18 15:09:32,427 	 Computing Major Stats lazily... 
2019-01-18 15:09:32,428 		 Completed edges=110 good=110 bad=0
2019-01-18 15:09:32,430 Distortion avg=0.4800492039042017 wc=6.1283058201723035 me=1.3193668537770846 mc=4.644883871857311 nan_elements=0
2019-01-18 15:09:32,430 MAP = 0.2397396584896585
2019-01-18 15:09:32,430 scale=[array([1.])]
2019-01-18 15:09:32,430 *** End Major Checkpoint

2019-01-18 15:09:32,431 11 loss=0.26691933963045694
2019-01-18 15:09:32,431 12 loss=0.24901997880473814
2019-01-18 15:09:32,432 13 loss=0.2332983890806981
2019-01-18 15:09:32,432 14 loss=0.21938130177293377
2019-01-18 15:09:32,433 15 loss=0.20697992495333992
2019-01-18 15:09:32,433 16 loss=0.19586463172370586
2019-01-18 15:09:32,434 17 loss=0.18584877895442994
2019-01-18 15:09:32,434 18 loss=0.1767780802152199
2019-01-18 15:09:32,435 19 loss=0.1685234148246928
2019-01-18 15:09:32,435 20 loss=0.16097579818444538
2019-01-18 15:09:32,435 
*** Major Checkpoint. Computing Stats and Saving
2019-01-18 15:09:32,435 	 Computing Major Stats lazily... 
2019-01-18 15:09:32,436 		 Completed edges=110 good=110 bad=0
2019-01-18 15:09:32,438 Distortion avg=0.3558896781352233 wc=5.040913226440454 me=1.5500323585948403 mc=3.2521341883534753 nan_elements=0
2019-01-18 15:09:32,438 MAP = 0.519047619047619
2019-01-18 15:09:32,438 scale=[array([1.])]
2019-01-18 15:09:32,438 *** End Major Checkpoint

2019-01-18 15:09:32,439 21 loss=0.15404273502295923
2019-01-18 15:09:32,439 22 loss=0.14764547460181762
2019-01-18 15:09:32,440 23 loss=0.14171686794854604
2019-01-18 15:09:32,440 24 loss=0.1361996387870922
2019-01-18 15:09:32,441 25 loss=0.13104494929609214
2019-01-18 15:09:32,441 26 loss=0.12621118525244412
2019-01-18 15:09:32,442 27 loss=0.12166291223417407
2019-01-18 15:09:32,442 28 loss=0.11736997134752879
2019-01-18 15:09:32,443 29 loss=0.11330669317196033
2019-01-18 15:09:32,443 30 loss=0.10945121469670346
2019-01-18 15:09:32,444 
*** Major Checkpoint. Computing Stats and Saving
2019-01-18 15:09:32,444 	 Computing Major Stats lazily... 
2019-01-18 15:09:32,444 		 Completed edges=110 good=110 bad=0
2019-01-18 15:09:32,446 Distortion avg=0.28707180664096965 wc=4.213913040481699 me=1.5606839662692364 mc=2.7000425015930154 nan_elements=0
2019-01-18 15:09:32,446 MAP = 0.8878787878787878
2019-01-18 15:09:32,446 scale=[array([1.])]
2019-01-18 15:09:32,446 *** End Major Checkpoint

2019-01-18 15:09:32,447 31 loss=0.10578488752645983
2019-01-18 15:09:32,447 32 loss=0.10229176759339147
2019-01-18 15:09:32,448 33 loss=0.09895817770183331
2019-01-18 15:09:32,448 34 loss=0.09577233488037352
2019-01-18 15:09:32,449 35 loss=0.09272403498428687
2019-01-18 15:09:32,449 36 loss=0.08980438742535841
2019-01-18 15:09:32,450 37 loss=0.08700559337463373
2019-01-18 15:09:32,450 38 loss=0.08432076130695883
2019-01-18 15:09:32,451 39 loss=0.0817437543270378
2019-01-18 15:09:32,451 40 loss=0.07926906431474674
2019-01-18 15:09:32,451 
*** Major Checkpoint. Computing Stats and Saving
2019-01-18 15:09:32,452 	 Computing Major Stats lazily... 
2019-01-18 15:09:32,452 		 Completed edges=110 good=110 bad=0
2019-01-18 15:09:32,454 Distortion avg=0.24146393166192343 wc=3.469486318110644 me=1.4845701645940264 mc=2.3370308799513135 nan_elements=0
2019-01-18 15:09:32,454 MAP = 0.9848484848484848
2019-01-18 15:09:32,454 scale=[array([1.])]
2019-01-18 15:09:32,454 *** End Major Checkpoint

2019-01-18 15:09:32,455 41 loss=0.07689170852849732
2019-01-18 15:09:32,455 42 loss=0.07460714488744415
2019-01-18 15:09:32,456 43 loss=0.07241120269890257
2019-01-18 15:09:32,456 44 loss=0.07030002609476688
2019-01-18 15:09:32,457 45 loss=0.06827002788364556
2019-01-18 15:09:32,457 46 loss=0.06631785191197959
2019-01-18 15:09:32,458 47 loss=0.06444034235909407
2019-01-18 15:09:32,459 48 loss=0.0626345186717324
2019-01-18 15:09:32,459 49 loss=0.06089755507826622
2019-01-18 15:09:32,460 50 loss=0.05922676381717185
2019-01-18 15:09:32,460 
*** Major Checkpoint. Computing Stats and Saving
2019-01-18 15:09:32,460 	 Computing Major Stats lazily... 
2019-01-18 15:09:32,461 		 Completed edges=110 good=110 bad=0
2019-01-18 15:09:32,463 Distortion avg=0.20648050433318937 wc=2.8785544794215814 me=1.39354304045934 mc=2.065637297053094 nan_elements=0
2019-01-18 15:09:32,463 MAP = 1.0
2019-01-18 15:09:32,463 scale=[array([1.])]
2019-01-18 15:09:32,463 *** End Major Checkpoint

2019-01-18 15:09:32,463 final loss=0.05922676381717185
2019-01-18 15:09:32,463 best loss=0.05922676381717185, distortion=0.20648050433318937, map=1.0, wc_dist=2.8785544794215814
2019-01-18 15:09:32,463 	 Computing Major Stats lazily... 
2019-01-18 15:09:32,464 		 Completed edges=110 good=110 bad=0
2019-01-18 15:09:32,466 Distortion avg=0.20648050433318946 wc=2.8785544794215814 me=1.39354304045934 mc=2.065637297053094 nan_elements=0
2019-01-18 15:09:32,466 MAP = 1.0
2019-01-18 15:09:32,466 scale=[array([1.])]
