2019-01-18 14:58:41,797 Commandline ['pytorch/pytorch_hyperbolic.py', 'learn', 'data/edges/parsing/ewt/ewt_dev/1588.edges', '--dim', '0', '--hyp', '0', '--edim', '10', '--euc', '1', '--sdim', '0', '--sph', '0', '--log-name', 'ewt_devr2/1588.edges.E10-1.lr1.log', '--batch-size', '65536', '--epochs', '50', '--checkpoint-freq', '10', '-g', '--subsample', '1024', '--learning-rate', '1']
2019-01-18 14:58:41,797 No Model Save selected!
2019-01-18 14:58:41,798 Loaded Graph data/edges/parsing/ewt/ewt_dev/1588.edges with 7 nodes scale=1.0
2019-01-18 14:58:41,799 Building dataset
2019-01-18 14:58:41,799 Subsample: 7 points with scale 1.0 subsample=6
2019-01-18 14:58:41,804 Built Data Sampler
2019-01-18 14:58:41,804 Creating a fresh model warm_start?=None
2019-01-18 14:58:41,804 	 Warmstarting? None None 7
2019-01-18 14:58:41,805 Embedding() torch.Size([7, 10])
2019-01-18 14:58:41,805 relative No Rescale
2019-01-18 14:58:41,805 Constructed model with dim=0 and epochs=0 isnan=False
2019-01-18 14:58:41,805 SGD (
Parameter Group 0
    dampening: 0
    initial_lr: 0.1
    lr: 1.0
    momentum: 0.0
    nesterov: False
    weight_decay: 0

Parameter Group 1
    dampening: 0
    initial_lr: 0.1
    lr: 1.0
    momentum: 0.0
    nesterov: False
    weight_decay: 0

Parameter Group 2
    dampening: 0
    initial_lr: 0.1
    lr: 1.0
    momentum: 0.0
    nesterov: False
    weight_decay: 0

Parameter Group 3
    dampening: 0
    initial_lr: 0.0001
    lr: 0.001
    momentum: 0.0
    nesterov: False
    weight_decay: 0
)
2019-01-18 14:58:41,805 *** Initial Checkpoint. Computing Stats
2019-01-18 14:58:41,805 	 Computing Major Stats lazily... 
2019-01-18 14:58:41,806 		 Completed edges=42 good=42 bad=0
2019-01-18 14:58:41,807 Distortion avg=0.9973177068517345 wc=5.448327215027938 me=0.005628252251848828 mc=968.0318100949036 nan_elements=0
2019-01-18 14:58:41,808 MAP = 0.3190476190476191
2019-01-18 14:58:41,808 scale=[array([1.])]
2019-01-18 14:58:41,808 *** End Initial Checkpoint

2019-01-18 14:58:41,865 1 loss=0.9946449772793784
2019-01-18 14:58:41,866 2 loss=0.6010769907410458
2019-01-18 14:58:41,867 3 loss=0.43154901862680883
2019-01-18 14:58:41,867 4 loss=0.3542703227156774
2019-01-18 14:58:41,868 5 loss=0.31155383126002195
2019-01-18 14:58:41,869 6 loss=0.2830187732252069
2019-01-18 14:58:41,869 7 loss=0.2612163179396432
2019-01-18 14:58:41,870 8 loss=0.24314875993795987
2019-01-18 14:58:41,870 9 loss=0.2274205291588146
2019-01-18 14:58:41,871 10 loss=0.2132685097300268
2019-01-18 14:58:41,871 
*** Major Checkpoint. Computing Stats and Saving
2019-01-18 14:58:41,871 	 Computing Major Stats lazily... 
2019-01-18 14:58:41,871 		 Completed edges=42 good=42 bad=0
2019-01-18 14:58:41,872 Distortion avg=0.41444690413733704 wc=4.3987240692052945 me=1.3563003974720773 mc=3.2431783382234483 nan_elements=0
2019-01-18 14:58:41,873 MAP = 0.5182539682539683
2019-01-18 14:58:41,873 scale=[array([1.])]
2019-01-18 14:58:41,873 *** End Major Checkpoint

2019-01-18 14:58:41,873 11 loss=0.20022123116320517
2019-01-18 14:58:41,874 12 loss=0.18797173416899846
2019-01-18 14:58:41,874 13 loss=0.17632371365219118
2019-01-18 14:58:41,875 14 loss=0.16516249364621607
2019-01-18 14:58:41,875 15 loss=0.15443414830299856
2019-01-18 14:58:41,876 16 loss=0.14412751816917457
2019-01-18 14:58:41,876 17 loss=0.13425811460757273
2019-01-18 14:58:41,877 18 loss=0.12485435594780225
2019-01-18 14:58:41,877 19 loss=0.11594680062659224
2019-01-18 14:58:41,878 20 loss=0.10756071704957895
2019-01-18 14:58:41,878 
*** Major Checkpoint. Computing Stats and Saving
2019-01-18 14:58:41,878 	 Computing Major Stats lazily... 
2019-01-18 14:58:41,878 		 Completed edges=42 good=42 bad=0
2019-01-18 14:58:41,879 Distortion avg=0.2850487601499201 wc=2.7653608079492344 me=1.2778446658695175 mc=2.164082131271822 nan_elements=0
2019-01-18 14:58:41,879 MAP = 1.0
2019-01-18 14:58:41,880 scale=[array([1.])]
2019-01-18 14:58:41,880 *** End Major Checkpoint

2019-01-18 14:58:41,880 21 loss=0.0997118508849959
2019-01-18 14:58:41,881 22 loss=0.0924048569175832
2019-01-18 14:58:41,881 23 loss=0.08563365943378412
2019-01-18 14:58:41,882 24 loss=0.07938299136958081
2019-01-18 14:58:41,882 25 loss=0.07363047868222576
2019-01-18 14:58:41,882 26 loss=0.06834881047314918
2019-01-18 14:58:41,883 27 loss=0.06350771054578057
2019-01-18 14:58:41,883 28 loss=0.059075569984943656
2019-01-18 14:58:41,884 29 loss=0.05502070190352969
2019-01-18 14:58:41,884 30 loss=0.05131224121796603
2019-01-18 14:58:41,884 
*** Major Checkpoint. Computing Stats and Saving
2019-01-18 14:58:41,884 	 Computing Major Stats lazily... 
2019-01-18 14:58:41,885 		 Completed edges=42 good=42 bad=0
2019-01-18 14:58:41,886 Distortion avg=0.1932899579684144 wc=1.9947936865401026 me=1.1719883404521159 mc=1.7020593274593283 nan_elements=0
2019-01-18 14:58:41,886 MAP = 1.0
2019-01-18 14:58:41,886 scale=[array([1.])]
2019-01-18 14:58:41,886 *** End Major Checkpoint

2019-01-18 14:58:41,887 31 loss=0.04792074297389681
2019-01-18 14:58:41,887 32 loss=0.04481854239915538
2019-01-18 14:58:41,888 33 loss=0.04197993717894231
2019-01-18 14:58:41,888 34 loss=0.039381243780559363
2019-01-18 14:58:41,888 35 loss=0.03700076909297577
2019-01-18 14:58:41,889 36 loss=0.03481872849205211
2019-01-18 14:58:41,889 37 loss=0.032817132765023044
2019-01-18 14:58:41,890 38 loss=0.030979659443384332
2019-01-18 14:58:41,890 39 loss=0.029291518913243574
2019-01-18 14:58:41,891 40 loss=0.02773932193148463
2019-01-18 14:58:41,891 
*** Major Checkpoint. Computing Stats and Saving
2019-01-18 14:58:41,891 	 Computing Major Stats lazily... 
2019-01-18 14:58:41,891 		 Completed edges=42 good=42 bad=0
2019-01-18 14:58:41,892 Distortion avg=0.14115606960945942 wc=1.7126121168106945 me=1.1636441487234608 mc=1.4717661913132651 nan_elements=0
2019-01-18 14:58:41,892 MAP = 1.0
2019-01-18 14:58:41,893 scale=[array([1.])]
2019-01-18 14:58:41,893 *** End Major Checkpoint

2019-01-18 14:58:41,893 41 loss=0.02631095256517439
2019-01-18 14:58:41,894 42 loss=0.024995448803217954
2019-01-18 14:58:41,894 43 loss=0.023782891925249898
2019-01-18 14:58:41,895 44 loss=0.022664304969171056
2019-01-18 14:58:41,895 45 loss=0.021631560180234228
2019-01-18 14:58:41,896 46 loss=0.020677295055113294
2019-01-18 14:58:41,896 47 loss=0.019794836447751197
2019-01-18 14:58:41,897 48 loss=0.01897813213535625
2019-01-18 14:58:41,897 49 loss=0.018221689223199854
2019-01-18 14:58:41,897 50 loss=0.01752051877664824
2019-01-18 14:58:41,897 
*** Major Checkpoint. Computing Stats and Saving
2019-01-18 14:58:41,898 	 Computing Major Stats lazily... 
2019-01-18 14:58:41,898 		 Completed edges=42 good=42 bad=0
2019-01-18 14:58:41,899 Distortion avg=0.11221415013199655 wc=1.5579315401581766 me=1.1577867443133902 mc=1.3456118303393487 nan_elements=0
2019-01-18 14:58:41,899 MAP = 1.0
2019-01-18 14:58:41,899 scale=[array([1.])]
2019-01-18 14:58:41,899 *** End Major Checkpoint

2019-01-18 14:58:41,899 final loss=0.01752051877664824
2019-01-18 14:58:41,900 best loss=0.01752051877664824, distortion=0.11221415013199655, map=1.0, wc_dist=1.5579315401581766
2019-01-18 14:58:41,900 	 Computing Major Stats lazily... 
2019-01-18 14:58:41,900 		 Completed edges=42 good=42 bad=0
2019-01-18 14:58:41,901 Distortion avg=0.11221415013199662 wc=1.5579315401581766 me=1.1577867443133902 mc=1.3456118303393487 nan_elements=0
2019-01-18 14:58:41,901 MAP = 1.0
2019-01-18 14:58:41,901 scale=[array([1.])]
