2019-01-18 14:47:30,342 Commandline ['pytorch/pytorch_hyperbolic.py', 'learn', 'data/edges/parsing/ewt/ewt_dev/1590.edges', '--dim', '0', '--hyp', '0', '--edim', '10', '--euc', '1', '--sdim', '0', '--sph', '0', '--log-name', 'ewt_devr2/1590.edges.E10-1.lr1.log', '--batch-size', '65536', '--epochs', '50', '--checkpoint-freq', '10', '-g', '--subsample', '1024', '--learning-rate', '1']
2019-01-18 14:47:30,342 No Model Save selected!
2019-01-18 14:47:30,344 Loaded Graph data/edges/parsing/ewt/ewt_dev/1590.edges with 6 nodes scale=1.0
2019-01-18 14:47:30,344 Building dataset
2019-01-18 14:47:30,344 Subsample: 6 points with scale 1.0 subsample=5
2019-01-18 14:47:30,349 Built Data Sampler
2019-01-18 14:47:30,349 Creating a fresh model warm_start?=None
2019-01-18 14:47:30,349 	 Warmstarting? None None 6
2019-01-18 14:47:30,349 Embedding() torch.Size([6, 10])
2019-01-18 14:47:30,349 relative No Rescale
2019-01-18 14:47:30,350 Constructed model with dim=0 and epochs=0 isnan=False
2019-01-18 14:47:30,350 SGD (
Parameter Group 0
    dampening: 0
    initial_lr: 0.1
    lr: 1.0
    momentum: 0.0
    nesterov: False
    weight_decay: 0

Parameter Group 1
    dampening: 0
    initial_lr: 0.1
    lr: 1.0
    momentum: 0.0
    nesterov: False
    weight_decay: 0

Parameter Group 2
    dampening: 0
    initial_lr: 0.1
    lr: 1.0
    momentum: 0.0
    nesterov: False
    weight_decay: 0

Parameter Group 3
    dampening: 0
    initial_lr: 0.0001
    lr: 0.001
    momentum: 0.0
    nesterov: False
    weight_decay: 0
)
2019-01-18 14:47:30,350 *** Initial Checkpoint. Computing Stats
2019-01-18 14:47:30,350 	 Computing Major Stats lazily... 
2019-01-18 14:47:30,351 		 Completed edges=30 good=30 bad=0
2019-01-18 14:47:30,352 Distortion avg=0.9972013655344056 wc=5.448327215027938 me=0.005628252251848828 mc=968.0318100949036 nan_elements=0
2019-01-18 14:47:30,352 MAP = 0.5157407407407407
2019-01-18 14:47:30,352 scale=[array([1.])]
2019-01-18 14:47:30,352 *** End Initial Checkpoint

2019-01-18 14:47:30,409 1 loss=0.9944124643383934
2019-01-18 14:47:30,410 2 loss=0.4842956424101141
2019-01-18 14:47:30,410 3 loss=0.32684005935728055
2019-01-18 14:47:30,411 4 loss=0.2608686738120253
2019-01-18 14:47:30,411 5 loss=0.21872250806109902
2019-01-18 14:47:30,412 6 loss=0.18660755202018695
2019-01-18 14:47:30,412 7 loss=0.16088289028695626
2019-01-18 14:47:30,413 8 loss=0.13989682229042813
2019-01-18 14:47:30,413 9 loss=0.12253593628511651
2019-01-18 14:47:30,413 10 loss=0.10797119735171254
2019-01-18 14:47:30,414 
*** Major Checkpoint. Computing Stats and Saving
2019-01-18 14:47:30,414 	 Computing Major Stats lazily... 
2019-01-18 14:47:30,414 		 Completed edges=30 good=30 bad=0
2019-01-18 14:47:30,415 Distortion avg=0.28166227974188185 wc=2.4681579166955867 me=1.2083489046861269 mc=2.042587126221379 nan_elements=0
2019-01-18 14:47:30,415 MAP = 1.0
2019-01-18 14:47:30,415 scale=[array([1.])]
2019-01-18 14:47:30,415 *** End Major Checkpoint

2019-01-18 14:47:30,416 11 loss=0.09559362838035197
2019-01-18 14:47:30,416 12 loss=0.08496663446804377
2019-01-18 14:47:30,417 13 loss=0.07577798532406174
2019-01-18 14:47:30,417 14 loss=0.06779828253938995
2019-01-18 14:47:30,418 15 loss=0.060850638911454875
2019-01-18 14:47:30,418 16 loss=0.05479147670399767
2019-01-18 14:47:30,419 17 loss=0.04949970074086911
2019-01-18 14:47:30,419 18 loss=0.0448710610423466
2019-01-18 14:47:30,419 19 loss=0.04081522337693484
2019-01-18 14:47:30,420 20 loss=0.03725401848399309
2019-01-18 14:47:30,420 
*** Major Checkpoint. Computing Stats and Saving
2019-01-18 14:47:30,420 	 Computing Major Stats lazily... 
2019-01-18 14:47:30,420 		 Completed edges=30 good=30 bad=0
2019-01-18 14:47:30,421 Distortion avg=0.16517458425301446 wc=1.6809084323339505 me=1.1488591303115583 mc=1.4631110011530362 nan_elements=0
2019-01-18 14:47:30,421 MAP = 1.0
2019-01-18 14:47:30,422 scale=[array([1.])]
2019-01-18 14:47:30,422 *** End Major Checkpoint

2019-01-18 14:47:30,422 21 loss=0.03412010053852207
2019-01-18 14:47:30,423 22 loss=0.03135571258437317
2019-01-18 14:47:30,423 23 loss=0.02891148851864376
2019-01-18 14:47:30,423 24 loss=0.026745309182268015
2019-01-18 14:47:30,424 25 loss=0.024821247065875403
2019-01-18 14:47:30,424 26 loss=0.023108624187296912
2019-01-18 14:47:30,425 27 loss=0.021581192519026047
2019-01-18 14:47:30,425 28 loss=0.020216434229276204
2019-01-18 14:47:30,426 29 loss=0.018994971688227773
2019-01-18 14:47:30,426 30 loss=0.017900073892521007
2019-01-18 14:47:30,426 
*** Major Checkpoint. Computing Stats and Saving
2019-01-18 14:47:30,426 	 Computing Major Stats lazily... 
2019-01-18 14:47:30,427 		 Completed edges=30 good=30 bad=0
2019-01-18 14:47:30,428 Distortion avg=0.11657289778174049 wc=1.4567369080564396 me=1.1431289609578374 mc=1.2743417040504577 nan_elements=0
2019-01-18 14:47:30,428 MAP = 1.0
2019-01-18 14:47:30,428 scale=[array([1.])]
2019-01-18 14:47:30,428 *** End Major Checkpoint

2019-01-18 14:47:30,428 31 loss=0.016917245313086474
2019-01-18 14:47:30,429 32 loss=0.016033883997154476
2019-01-18 14:47:30,429 33 loss=0.01523899724733847
2019-01-18 14:47:30,430 34 loss=0.014522964879435978
2019-01-18 14:47:30,430 35 loss=0.013877341675909288
2019-01-18 14:47:30,431 36 loss=0.013294692093991272
2019-01-18 14:47:30,431 37 loss=0.012768451523144772
2019-01-18 14:47:30,432 38 loss=0.012292809421260053
2019-01-18 14:47:30,432 39 loss=0.011862610513581794
2019-01-18 14:47:30,432 40 loss=0.011473270938703633
2019-01-18 14:47:30,433 
*** Major Checkpoint. Computing Stats and Saving
2019-01-18 14:47:30,433 	 Computing Major Stats lazily... 
2019-01-18 14:47:30,433 		 Completed edges=30 good=30 bad=0
2019-01-18 14:47:30,434 Distortion avg=0.09570469463482326 wc=1.3541038953744704 me=1.136299460633823 mc=1.1916787275593328 nan_elements=0
2019-01-18 14:47:30,434 MAP = 1.0
2019-01-18 14:47:30,434 scale=[array([1.])]
2019-01-18 14:47:30,434 *** End Major Checkpoint

2019-01-18 14:47:30,435 41 loss=0.0111207067972881
2019-01-18 14:47:30,435 42 loss=0.010801273024026803
2019-01-18 14:47:30,436 43 loss=0.010511710881063247
2019-01-18 14:47:30,436 44 loss=0.010249102677799304
2019-01-18 14:47:30,437 45 loss=0.010010832571024697
2019-01-18 14:47:30,437 46 loss=0.009794552501558472
2019-01-18 14:47:30,437 47 loss=0.00959815248797408
2019-01-18 14:47:30,438 48 loss=0.00941973463172425
2019-01-18 14:47:30,438 49 loss=0.009257590296954327
2019-01-18 14:47:30,439 50 loss=0.009110180017234846
2019-01-18 14:47:30,439 
*** Major Checkpoint. Computing Stats and Saving
2019-01-18 14:47:30,439 	 Computing Major Stats lazily... 
2019-01-18 14:47:30,439 		 Completed edges=30 good=30 bad=0
2019-01-18 14:47:30,440 Distortion avg=0.08608157333910098 wc=1.3016431283092353 me=1.1311334862116098 mc=1.1507422812392338 nan_elements=0
2019-01-18 14:47:30,440 MAP = 1.0
2019-01-18 14:47:30,441 scale=[array([1.])]
2019-01-18 14:47:30,441 *** End Major Checkpoint

2019-01-18 14:47:30,441 final loss=0.009110180017234846
2019-01-18 14:47:30,441 best loss=0.009110180017234846, distortion=0.08608157333910098, map=1.0, wc_dist=1.3016431283092353
2019-01-18 14:47:30,441 	 Computing Major Stats lazily... 
2019-01-18 14:47:30,441 		 Completed edges=30 good=30 bad=0
2019-01-18 14:47:30,442 Distortion avg=0.08608157333910095 wc=1.3016431283092353 me=1.1311334862116098 mc=1.1507422812392338 nan_elements=0
2019-01-18 14:47:30,442 MAP = 1.0
2019-01-18 14:47:30,442 scale=[array([1.])]
