2019-01-18 14:53:17,180 Commandline ['pytorch/pytorch_hyperbolic.py', 'learn', 'data/edges/parsing/ewt/ewt_dev/1596.edges', '--dim', '0', '--hyp', '0', '--edim', '10', '--euc', '1', '--sdim', '0', '--sph', '0', '--log-name', 'ewt_devr2/1596.edges.E10-1.lr1.log', '--batch-size', '65536', '--epochs', '50', '--checkpoint-freq', '10', '-g', '--subsample', '1024', '--learning-rate', '1']
2019-01-18 14:53:17,180 No Model Save selected!
2019-01-18 14:53:17,182 Loaded Graph data/edges/parsing/ewt/ewt_dev/1596.edges with 6 nodes scale=1.0
2019-01-18 14:53:17,182 Building dataset
2019-01-18 14:53:17,182 Subsample: 6 points with scale 1.0 subsample=5
2019-01-18 14:53:17,187 Built Data Sampler
2019-01-18 14:53:17,187 Creating a fresh model warm_start?=None
2019-01-18 14:53:17,187 	 Warmstarting? None None 6
2019-01-18 14:53:17,187 Embedding() torch.Size([6, 10])
2019-01-18 14:53:17,187 relative No Rescale
2019-01-18 14:53:17,188 Constructed model with dim=0 and epochs=0 isnan=False
2019-01-18 14:53:17,188 SGD (
Parameter Group 0
    dampening: 0
    initial_lr: 0.1
    lr: 1.0
    momentum: 0.0
    nesterov: False
    weight_decay: 0

Parameter Group 1
    dampening: 0
    initial_lr: 0.1
    lr: 1.0
    momentum: 0.0
    nesterov: False
    weight_decay: 0

Parameter Group 2
    dampening: 0
    initial_lr: 0.1
    lr: 1.0
    momentum: 0.0
    nesterov: False
    weight_decay: 0

Parameter Group 3
    dampening: 0
    initial_lr: 0.0001
    lr: 0.001
    momentum: 0.0
    nesterov: False
    weight_decay: 0
)
2019-01-18 14:53:17,188 *** Initial Checkpoint. Computing Stats
2019-01-18 14:53:17,188 	 Computing Major Stats lazily... 
2019-01-18 14:53:17,189 		 Completed edges=30 good=30 bad=0
2019-01-18 14:53:17,190 Distortion avg=0.9971711254629567 wc=3.7466196374301495 me=0.005628252251848828 mc=665.6808312384045 nan_elements=0
2019-01-18 14:53:17,190 MAP = 0.45902777777777776
2019-01-18 14:53:17,190 scale=[array([1.])]
2019-01-18 14:53:17,190 *** End Initial Checkpoint

2019-01-18 14:53:17,248 1 loss=0.994352023699669
2019-01-18 14:53:17,249 2 loss=0.4713515963758995
2019-01-18 14:53:17,249 3 loss=0.3160849694747107
2019-01-18 14:53:17,250 4 loss=0.2462909549010964
2019-01-18 14:53:17,250 5 loss=0.2004487235885964
2019-01-18 14:53:17,251 6 loss=0.16628568692670642
2019-01-18 14:53:17,251 7 loss=0.1397906897082035
2019-01-18 14:53:17,252 8 loss=0.1188268359453665
2019-01-18 14:53:17,252 9 loss=0.10196004734042784
2019-01-18 14:53:17,253 10 loss=0.08817698632713294
2019-01-18 14:53:17,253 
*** Major Checkpoint. Computing Stats and Saving
2019-01-18 14:53:17,253 	 Computing Major Stats lazily... 
2019-01-18 14:53:17,253 		 Completed edges=30 good=30 bad=0
2019-01-18 14:53:17,254 Distortion avg=0.25273160457787314 wc=2.2419105078421446 me=1.2148713656257 mc=1.8453892085006751 nan_elements=0
2019-01-18 14:53:17,254 MAP = 1.0
2019-01-18 14:53:17,255 scale=[array([1.])]
2019-01-18 14:53:17,255 *** End Major Checkpoint

2019-01-18 14:53:17,255 11 loss=0.07676414897724888
2019-01-18 14:53:17,256 12 loss=0.06721990557886123
2019-01-18 14:53:17,256 13 loss=0.05918464471249215
2019-01-18 14:53:17,256 14 loss=0.05239028796843204
2019-01-18 14:53:17,257 15 loss=0.04662777550341013
2019-01-18 14:53:17,257 16 loss=0.04172801286848807
2019-01-18 14:53:17,258 17 loss=0.03755124759483921
2019-01-18 14:53:17,258 18 loss=0.033980976322393115
2019-01-18 14:53:17,259 19 loss=0.030919989135858368
2019-01-18 14:53:17,259 20 loss=0.028287348363586637
2019-01-18 14:53:17,259 
*** Major Checkpoint. Computing Stats and Saving
2019-01-18 14:53:17,259 	 Computing Major Stats lazily... 
2019-01-18 14:53:17,260 		 Completed edges=30 good=30 bad=0
2019-01-18 14:53:17,260 Distortion avg=0.14806983588042957 wc=1.5651260992153084 me=1.1423102805999972 mc=1.3701409553919341 nan_elements=0
2019-01-18 14:53:17,261 MAP = 1.0
2019-01-18 14:53:17,261 scale=[array([1.])]
2019-01-18 14:53:17,261 *** End Major Checkpoint

2019-01-18 14:53:17,261 21 loss=0.02601581715444478
2019-01-18 14:53:17,262 22 loss=0.024049596914835207
2019-01-18 14:53:17,262 23 loss=0.022342354855451937
2019-01-18 14:53:17,263 24 loss=0.0208555427462686
2019-01-18 14:53:17,263 25 loss=0.019556994682129528
2019-01-18 14:53:17,263 26 loss=0.018419776206776213
2019-01-18 14:53:17,264 27 loss=0.017421248879968092
2019-01-18 14:53:17,264 28 loss=0.01654231323604121
2019-01-18 14:53:17,265 29 loss=0.015766796340642392
2019-01-18 14:53:17,265 30 loss=0.01508095525095408
2019-01-18 14:53:17,265 
*** Major Checkpoint. Computing Stats and Saving
2019-01-18 14:53:17,265 	 Computing Major Stats lazily... 
2019-01-18 14:53:17,266 		 Completed edges=30 good=30 bad=0
2019-01-18 14:53:17,267 Distortion avg=0.1118904911595842 wc=1.3961311005998343 me=1.1425148100339622 mc=1.2219807466288626 nan_elements=0
2019-01-18 14:53:17,267 MAP = 1.0
2019-01-18 14:53:17,267 scale=[array([1.])]
2019-01-18 14:53:17,267 *** End Major Checkpoint

2019-01-18 14:53:17,267 31 loss=0.014473073001433821
2019-01-18 14:53:17,268 32 loss=0.013933128486515558
2019-01-18 14:53:17,268 33 loss=0.013452525540506261
2019-01-18 14:53:17,269 34 loss=0.013023869639049087
2019-01-18 14:53:17,269 35 loss=0.012640783086030954
2019-01-18 14:53:17,270 36 loss=0.01229775144408449
2019-01-18 14:53:17,270 37 loss=0.01198999543984423
2019-01-18 14:53:17,270 38 loss=0.011713363726037799
2019-01-18 14:53:17,271 39 loss=0.011464242787027706
2019-01-18 14:53:17,271 40 loss=0.01123948098936998
2019-01-18 14:53:17,271 
*** Major Checkpoint. Computing Stats and Saving
2019-01-18 14:53:17,271 	 Computing Major Stats lazily... 
2019-01-18 14:53:17,272 		 Completed edges=30 good=30 bad=0
2019-01-18 14:53:17,273 Distortion avg=0.09840235208551205 wc=1.3172460568591013 me=1.1358626377713417 mc=1.1596878117618599 nan_elements=0
2019-01-18 14:53:17,273 MAP = 1.0
2019-01-18 14:53:17,273 scale=[array([1.])]
2019-01-18 14:53:17,273 *** End Major Checkpoint

2019-01-18 14:53:17,274 41 loss=0.011036324346910896
2019-01-18 14:53:17,274 42 loss=0.01085236202307806
2019-01-18 14:53:17,274 43 loss=0.010685479955902256
2019-01-18 14:53:17,275 44 loss=0.010533821282886668
2019-01-18 14:53:17,275 45 loss=0.010395752477872154
2019-01-18 14:53:17,276 46 loss=0.010269834302089314
2019-01-18 14:53:17,276 47 loss=0.01015479682574246
2019-01-18 14:53:17,277 48 loss=0.010049517901922154
2019-01-18 14:53:17,277 49 loss=0.009953004577086711
2019-01-18 14:53:17,277 50 loss=0.009864377006301656
2019-01-18 14:53:17,278 
*** Major Checkpoint. Computing Stats and Saving
2019-01-18 14:53:17,278 	 Computing Major Stats lazily... 
2019-01-18 14:53:17,278 		 Completed edges=30 good=30 bad=0
2019-01-18 14:53:17,279 Distortion avg=0.09416058264490142 wc=1.2760596748128774 me=1.1302938984661017 mc=1.1289627207088275 nan_elements=0
2019-01-18 14:53:17,279 MAP = 1.0
2019-01-18 14:53:17,279 scale=[array([1.])]
2019-01-18 14:53:17,279 *** End Major Checkpoint

2019-01-18 14:53:17,279 final loss=0.009864377006301656
2019-01-18 14:53:17,279 best loss=0.009864377006301656, distortion=0.09416058264490142, map=1.0, wc_dist=1.2760596748128774
2019-01-18 14:53:17,279 	 Computing Major Stats lazily... 
2019-01-18 14:53:17,280 		 Completed edges=30 good=30 bad=0
2019-01-18 14:53:17,281 Distortion avg=0.09416058264490139 wc=1.2760596748128774 me=1.1302938984661017 mc=1.1289627207088275 nan_elements=0
2019-01-18 14:53:17,281 MAP = 1.0
2019-01-18 14:53:17,281 scale=[array([1.])]
