2019-01-18 14:58:24,517 Commandline ['pytorch/pytorch_hyperbolic.py', 'learn', 'data/edges/parsing/ewt/ewt_dev/1598.edges', '--dim', '0', '--hyp', '0', '--edim', '10', '--euc', '1', '--sdim', '0', '--sph', '0', '--log-name', 'ewt_devr2/1598.edges.E10-1.lr1.log', '--batch-size', '65536', '--epochs', '50', '--checkpoint-freq', '10', '-g', '--subsample', '1024', '--learning-rate', '1']
2019-01-18 14:58:24,517 No Model Save selected!
2019-01-18 14:58:24,519 Loaded Graph data/edges/parsing/ewt/ewt_dev/1598.edges with 10 nodes scale=1.0
2019-01-18 14:58:24,519 Building dataset
2019-01-18 14:58:24,519 Subsample: 10 points with scale 1.0 subsample=9
2019-01-18 14:58:24,527 Built Data Sampler
2019-01-18 14:58:24,527 Creating a fresh model warm_start?=None
2019-01-18 14:58:24,527 	 Warmstarting? None None 10
2019-01-18 14:58:24,528 Embedding() torch.Size([10, 10])
2019-01-18 14:58:24,528 relative No Rescale
2019-01-18 14:58:24,528 Constructed model with dim=0 and epochs=0 isnan=False
2019-01-18 14:58:24,529 SGD (
Parameter Group 0
    dampening: 0
    initial_lr: 0.1
    lr: 1.0
    momentum: 0.0
    nesterov: False
    weight_decay: 0

Parameter Group 1
    dampening: 0
    initial_lr: 0.1
    lr: 1.0
    momentum: 0.0
    nesterov: False
    weight_decay: 0

Parameter Group 2
    dampening: 0
    initial_lr: 0.1
    lr: 1.0
    momentum: 0.0
    nesterov: False
    weight_decay: 0

Parameter Group 3
    dampening: 0
    initial_lr: 0.0001
    lr: 0.001
    momentum: 0.0
    nesterov: False
    weight_decay: 0
)
2019-01-18 14:58:24,529 *** Initial Checkpoint. Computing Stats
2019-01-18 14:58:24,529 	 Computing Major Stats lazily... 
2019-01-18 14:58:24,530 		 Completed edges=90 good=90 bad=0
2019-01-18 14:58:24,532 Distortion avg=0.9977531538078289 wc=6.865870945531335 me=0.005982886981094694 mc=1147.5849313595224 nan_elements=0
2019-01-18 14:58:24,532 MAP = 0.4998214285714286
2019-01-18 14:58:24,532 scale=[array([1.])]
2019-01-18 14:58:24,532 *** End Initial Checkpoint

2019-01-18 14:58:24,589 1 loss=0.9955128356852285
2019-01-18 14:58:24,590 2 loss=0.7921796657137691
2019-01-18 14:58:24,591 3 loss=0.6426006918085257
2019-01-18 14:58:24,591 4 loss=0.5405523739393946
2019-01-18 14:58:24,592 5 loss=0.47007174926478684
2019-01-18 14:58:24,592 6 loss=0.41996762403189675
2019-01-18 14:58:24,593 7 loss=0.38303647593189477
2019-01-18 14:58:24,593 8 loss=0.3547283703400681
2019-01-18 14:58:24,594 9 loss=0.3321738983268339
2019-01-18 14:58:24,594 10 loss=0.3135524498816078
2019-01-18 14:58:24,594 
*** Major Checkpoint. Computing Stats and Saving
2019-01-18 14:58:24,594 	 Computing Major Stats lazily... 
2019-01-18 14:58:24,595 		 Completed edges=90 good=90 bad=0
2019-01-18 14:58:24,597 Distortion avg=0.5020417102319576 wc=6.581605945175703 me=1.3088238535652348 mc=5.02864149919595 nan_elements=0
2019-01-18 14:58:24,597 MAP = 0.2465873015873016
2019-01-18 14:58:24,597 scale=[array([1.])]
2019-01-18 14:58:24,597 *** End Major Checkpoint

2019-01-18 14:58:24,597 11 loss=0.29769633924672245
2019-01-18 14:58:24,598 12 loss=0.283845681080399
2019-01-18 14:58:24,598 13 loss=0.2714969735742602
2019-01-18 14:58:24,599 14 loss=0.2603093460324344
2019-01-18 14:58:24,599 15 loss=0.25004622565768053
2019-01-18 14:58:24,600 16 loss=0.2405388152918463
2019-01-18 14:58:24,600 17 loss=0.23166306935449488
2019-01-18 14:58:24,601 18 loss=0.2233250748528411
2019-01-18 14:58:24,601 19 loss=0.21545169893997856
2019-01-18 14:58:24,602 20 loss=0.2079845547367011
2019-01-18 14:58:24,602 
*** Major Checkpoint. Computing Stats and Saving
2019-01-18 14:58:24,602 	 Computing Major Stats lazily... 
2019-01-18 14:58:24,603 		 Completed edges=90 good=90 bad=0
2019-01-18 14:58:24,604 Distortion avg=0.4087035256569129 wc=5.068982089599691 me=1.5165240811797278 mc=3.342500229641227 nan_elements=0
2019-01-18 14:58:24,604 MAP = 0.6170833333333333
2019-01-18 14:58:24,605 scale=[array([1.])]
2019-01-18 14:58:24,605 *** End Major Checkpoint

2019-01-18 14:58:24,605 21 loss=0.20087606650323306
2019-01-18 14:58:24,606 22 loss=0.19408686606457234
2019-01-18 14:58:24,606 23 loss=0.1875840338115546
2019-01-18 14:58:24,607 24 loss=0.18133987504571097
2019-01-18 14:58:24,607 25 loss=0.17533103532753147
2019-01-18 14:58:24,608 26 loss=0.1695378307860096
2019-01-18 14:58:24,608 27 loss=0.163943715797486
2019-01-18 14:58:24,609 28 loss=0.1585348402516609
2019-01-18 14:58:24,609 29 loss=0.15329966763257719
2019-01-18 14:58:24,610 30 loss=0.14822863711197315
2019-01-18 14:58:24,610 
*** Major Checkpoint. Computing Stats and Saving
2019-01-18 14:58:24,610 	 Computing Major Stats lazily... 
2019-01-18 14:58:24,610 		 Completed edges=90 good=90 bad=0
2019-01-18 14:58:24,612 Distortion avg=0.3379586482107903 wc=3.8597643393430703 me=1.4859649038680947 mc=2.5974801486197765 nan_elements=0
2019-01-18 14:58:24,612 MAP = 1.0
2019-01-18 14:58:24,612 scale=[array([1.])]
2019-01-18 14:58:24,612 *** End Major Checkpoint

2019-01-18 14:58:24,613 31 loss=0.14331386023189438
2019-01-18 14:58:24,613 32 loss=0.13854884715393728
2019-01-18 14:58:24,614 33 loss=0.13392825993860322
2019-01-18 14:58:24,614 34 loss=0.12944769159446612
2019-01-18 14:58:24,615 35 loss=0.12510347016860077
2019-01-18 14:58:24,615 36 loss=0.12089248724314544
2019-01-18 14:58:24,616 37 loss=0.11681205005802457
2019-01-18 14:58:24,616 38 loss=0.11285975622603803
2019-01-18 14:58:24,617 39 loss=0.10903338972572281
2019-01-18 14:58:24,617 40 loss=0.10533083659985208
2019-01-18 14:58:24,617 
*** Major Checkpoint. Computing Stats and Saving
2019-01-18 14:58:24,617 	 Computing Major Stats lazily... 
2019-01-18 14:58:24,618 		 Completed edges=90 good=90 bad=0
2019-01-18 14:58:24,620 Distortion avg=0.28431869211609007 wc=2.977524267574665 me=1.388206643801898 mc=2.1448710686328973 nan_elements=0
2019-01-18 14:58:24,620 MAP = 1.0
2019-01-18 14:58:24,620 scale=[array([1.])]
2019-01-18 14:58:24,620 *** End Major Checkpoint

2019-01-18 14:58:24,620 41 loss=0.10175001858178655
2019-01-18 14:58:24,621 42 loss=0.09828884273202616
2019-01-18 14:58:24,621 43 loss=0.09494516509696752
2019-01-18 14:58:24,622 44 loss=0.09171676639791627
2019-01-18 14:58:24,622 45 loss=0.08860133781326104
2019-01-18 14:58:24,623 46 loss=0.08559647502017008
2019-01-18 14:58:24,623 47 loss=0.08269967880283739
2019-01-18 14:58:24,624 48 loss=0.07990836070068785
2019-01-18 14:58:24,624 49 loss=0.07721985235127411
2019-01-18 14:58:24,625 50 loss=0.07463141736933082
2019-01-18 14:58:24,625 
*** Major Checkpoint. Computing Stats and Saving
2019-01-18 14:58:24,625 	 Computing Major Stats lazily... 
2019-01-18 14:58:24,626 		 Completed edges=90 good=90 bad=0
2019-01-18 14:58:24,627 Distortion avg=0.23800813791463007 wc=2.4133491788857393 me=1.2944185993572348 mc=1.8644271490568263 nan_elements=0
2019-01-18 14:58:24,627 MAP = 1.0
2019-01-18 14:58:24,627 scale=[array([1.])]
2019-01-18 14:58:24,628 *** End Major Checkpoint

2019-01-18 14:58:24,628 final loss=0.07463141736933082
2019-01-18 14:58:24,628 best loss=0.07463141736933082, distortion=0.23800813791463007, map=1.0, wc_dist=2.4133491788857393
2019-01-18 14:58:24,628 	 Computing Major Stats lazily... 
2019-01-18 14:58:24,628 		 Completed edges=90 good=90 bad=0
2019-01-18 14:58:24,630 Distortion avg=0.23800813791463027 wc=2.4133491788857393 me=1.2944185993572348 mc=1.8644271490568263 nan_elements=0
2019-01-18 14:58:24,630 MAP = 1.0
2019-01-18 14:58:24,630 scale=[array([1.])]
