2019-01-18 15:00:56,836 Commandline ['pytorch/pytorch_hyperbolic.py', 'learn', 'data/edges/parsing/ewt/ewt_dev/1599.edges', '--dim', '0', '--hyp', '0', '--edim', '10', '--euc', '1', '--sdim', '0', '--sph', '0', '--log-name', 'ewt_devr2/1599.edges.E10-1.lr1.log', '--batch-size', '65536', '--epochs', '50', '--checkpoint-freq', '10', '-g', '--subsample', '1024', '--learning-rate', '1']
2019-01-18 15:00:56,836 No Model Save selected!
2019-01-18 15:00:56,838 Loaded Graph data/edges/parsing/ewt/ewt_dev/1599.edges with 23 nodes scale=1.0
2019-01-18 15:00:56,838 Building dataset
2019-01-18 15:00:56,839 Subsample: 23 points with scale 1.0 subsample=22
2019-01-18 15:00:56,865 Built Data Sampler
2019-01-18 15:00:56,865 Creating a fresh model warm_start?=None
2019-01-18 15:00:56,865 	 Warmstarting? None None 23
2019-01-18 15:00:56,865 Embedding() torch.Size([23, 10])
2019-01-18 15:00:56,865 relative No Rescale
2019-01-18 15:00:56,866 Constructed model with dim=0 and epochs=0 isnan=False
2019-01-18 15:00:56,866 SGD (
Parameter Group 0
    dampening: 0
    initial_lr: 0.1
    lr: 1.0
    momentum: 0.0
    nesterov: False
    weight_decay: 0

Parameter Group 1
    dampening: 0
    initial_lr: 0.1
    lr: 1.0
    momentum: 0.0
    nesterov: False
    weight_decay: 0

Parameter Group 2
    dampening: 0
    initial_lr: 0.1
    lr: 1.0
    momentum: 0.0
    nesterov: False
    weight_decay: 0

Parameter Group 3
    dampening: 0
    initial_lr: 0.0001
    lr: 0.001
    momentum: 0.0
    nesterov: False
    weight_decay: 0
)
2019-01-18 15:00:56,866 *** Initial Checkpoint. Computing Stats
2019-01-18 15:00:56,866 	 Computing Major Stats lazily... 
2019-01-18 15:00:56,868 		 Completed edges=506 good=506 bad=0
2019-01-18 15:00:56,872 Distortion avg=0.9983611192617045 wc=20.029871463106442 me=0.005941110731069004 mc=3371.4018084800787 nan_elements=0
2019-01-18 15:00:56,872 MAP = 0.1394705118271547
2019-01-18 15:00:56,872 scale=[array([1.])]
2019-01-18 15:00:56,872 *** End Initial Checkpoint

2019-01-18 15:00:56,930 1 loss=0.9967263302389266
2019-01-18 15:00:56,931 2 loss=0.9460520835964722
2019-01-18 15:00:56,931 3 loss=0.8987854372553169
2019-01-18 15:00:56,932 4 loss=0.8557256677965073
2019-01-18 15:00:56,933 5 loss=0.8165565490062033
2019-01-18 15:00:56,934 6 loss=0.7808926710962429
2019-01-18 15:00:56,935 7 loss=0.748366587196289
2019-01-18 15:00:56,935 8 loss=0.7186449703951263
2019-01-18 15:00:56,936 9 loss=0.6914304546877101
2019-01-18 15:00:56,937 10 loss=0.6664595145980281
2019-01-18 15:00:56,937 
*** Major Checkpoint. Computing Stats and Saving
2019-01-18 15:00:56,937 	 Computing Major Stats lazily... 
2019-01-18 15:00:56,939 		 Completed edges=506 good=506 bad=0
2019-01-18 15:00:56,944 Distortion avg=0.7813634679719882 wc=21.802116356455425 me=0.8970129387364444 mc=24.305241780755637 nan_elements=0
2019-01-18 15:00:56,944 MAP = 0.08202598879394771
2019-01-18 15:00:56,944 scale=[array([1.])]
2019-01-18 15:00:56,944 *** End Major Checkpoint

2019-01-18 15:00:56,945 11 loss=0.6434992236696208
2019-01-18 15:00:56,946 12 loss=0.6223438439704182
2019-01-18 15:00:56,946 13 loss=0.6028115926970915
2019-01-18 15:00:56,947 14 loss=0.5847417060371393
2019-01-18 15:00:56,948 15 loss=0.5679918286310081
2019-01-18 15:00:56,949 16 loss=0.5524357184919172
2019-01-18 15:00:56,950 17 loss=0.5379612417597316
2019-01-18 15:00:56,950 18 loss=0.5244686266066487
2019-01-18 15:00:56,951 19 loss=0.5118689453563567
2019-01-18 15:00:56,952 20 loss=0.5000827957770695
2019-01-18 15:00:56,952 
*** Major Checkpoint. Computing Stats and Saving
2019-01-18 15:00:56,952 	 Computing Major Stats lazily... 
2019-01-18 15:00:56,954 		 Completed edges=506 good=506 bad=0
2019-01-18 15:00:56,958 Distortion avg=0.6641570294253627 wc=17.84041897038049 me=1.3539448819454412 mc=13.176621299935155 nan_elements=0
2019-01-18 15:00:56,958 MAP = 0.08884842528642727
2019-01-18 15:00:56,958 scale=[array([1.])]
2019-01-18 15:00:56,958 *** End Major Checkpoint

2019-01-18 15:00:56,959 21 loss=0.4890391552726302
2019-01-18 15:00:56,960 22 loss=0.4786743846882263
2019-01-18 15:00:56,960 23 loss=0.4689313613586268
2019-01-18 15:00:56,961 24 loss=0.45975872371548904
2019-01-18 15:00:56,962 25 loss=0.4511102121815767
2019-01-18 15:00:56,963 26 loss=0.44294409320419753
2019-01-18 15:00:56,963 27 loss=0.4352226551306655
2019-01-18 15:00:56,964 28 loss=0.4279117662285137
2019-01-18 15:00:56,965 29 loss=0.4209804865294897
2019-01-18 15:00:56,966 30 loss=0.41440072635643266
2019-01-18 15:00:56,966 
*** Major Checkpoint. Computing Stats and Saving
2019-01-18 15:00:56,966 	 Computing Major Stats lazily... 
2019-01-18 15:00:56,968 		 Completed edges=506 good=506 bad=0
2019-01-18 15:00:56,972 Distortion avg=0.6046786057201807 wc=15.569665583532203 me=1.618567480920913 mc=9.619410847593183 nan_elements=0
2019-01-18 15:00:56,972 MAP = 0.09858232111619734
2019-01-18 15:00:56,972 scale=[array([1.])]
2019-01-18 15:00:56,972 *** End Major Checkpoint

2019-01-18 15:00:56,973 31 loss=0.40814694540173885
2019-01-18 15:00:56,973 32 loss=0.40219588708878184
2019-01-18 15:00:56,974 33 loss=0.39652634368422834
2019-01-18 15:00:56,975 34 loss=0.3911189482580091
2019-01-18 15:00:56,976 35 loss=0.3859559901245953
2019-01-18 15:00:56,977 36 loss=0.3810212508578777
2019-01-18 15:00:56,977 37 loss=0.37629985836401314
2019-01-18 15:00:56,978 38 loss=0.37177815683209164
2019-01-18 15:00:56,979 39 loss=0.36744359066985915
2019-01-18 15:00:56,980 40 loss=0.3632846007782246
2019-01-18 15:00:56,981 
*** Major Checkpoint. Computing Stats and Saving
2019-01-18 15:00:56,981 	 Computing Major Stats lazily... 
2019-01-18 15:00:56,983 		 Completed edges=506 good=506 bad=0
2019-01-18 15:00:56,987 Distortion avg=0.5592512419086955 wc=13.832157192222574 me=1.7487193344803984 mc=7.909878343246294 nan_elements=0
2019-01-18 15:00:56,987 MAP = 0.11969417367238966
2019-01-18 15:00:56,987 scale=[array([1.])]
2019-01-18 15:00:56,987 *** End Major Checkpoint

2019-01-18 15:00:56,988 41 loss=0.3592905317300196
2019-01-18 15:00:56,989 42 loss=0.3554515486006181
2019-01-18 15:00:56,990 43 loss=0.35175856235500247
2019-01-18 15:00:56,991 44 loss=0.34820316283135355
2019-01-18 15:00:56,991 45 loss=0.34477755847845426
2019-01-18 15:00:56,992 46 loss=0.34147452210573354
2019-01-18 15:00:56,993 47 loss=0.33828734199297517
2019-01-18 15:00:56,994 48 loss=0.33520977778342137
2019-01-18 15:00:56,995 49 loss=0.3322360206508893
2019-01-18 15:00:56,995 50 loss=0.32936065728994696
2019-01-18 15:00:56,995 
*** Major Checkpoint. Computing Stats and Saving
2019-01-18 15:00:56,996 	 Computing Major Stats lazily... 
2019-01-18 15:00:56,998 		 Completed edges=506 good=506 bad=0
2019-01-18 15:00:57,001 Distortion avg=0.5232636427524285 wc=12.463275694361087 me=1.799315275185773 mc=6.926676978871475 nan_elements=0
2019-01-18 15:00:57,001 MAP = 0.14872856967884338
2019-01-18 15:00:57,001 scale=[array([1.])]
2019-01-18 15:00:57,001 *** End Major Checkpoint

2019-01-18 15:00:57,001 final loss=0.32936065728994696
2019-01-18 15:00:57,002 best loss=0.32936065728994696, distortion=0.5232636427524285, map=0.14872856967884338, wc_dist=12.463275694361087
2019-01-18 15:00:57,002 	 Computing Major Stats lazily... 
2019-01-18 15:00:57,004 		 Completed edges=506 good=506 bad=0
2019-01-18 15:00:57,007 Distortion avg=0.5232636427524292 wc=12.463275694361087 me=1.799315275185773 mc=6.926676978871475 nan_elements=0
2019-01-18 15:00:57,007 MAP = 0.1487285696788434
2019-01-18 15:00:57,007 scale=[array([1.])]
