2019-01-18 14:55:50,967 Commandline ['pytorch/pytorch_hyperbolic.py', 'learn', 'data/edges/parsing/ewt/ewt_dev/1604.edges', '--dim', '0', '--hyp', '0', '--edim', '10', '--euc', '1', '--sdim', '0', '--sph', '0', '--log-name', 'ewt_devr2/1604.edges.E10-1.lr1.log', '--batch-size', '65536', '--epochs', '50', '--checkpoint-freq', '10', '-g', '--subsample', '1024', '--learning-rate', '1']
2019-01-18 14:55:50,968 No Model Save selected!
2019-01-18 14:55:50,969 Loaded Graph data/edges/parsing/ewt/ewt_dev/1604.edges with 6 nodes scale=1.0
2019-01-18 14:55:50,969 Building dataset
2019-01-18 14:55:50,969 Subsample: 6 points with scale 1.0 subsample=5
2019-01-18 14:55:50,974 Built Data Sampler
2019-01-18 14:55:50,974 Creating a fresh model warm_start?=None
2019-01-18 14:55:50,974 	 Warmstarting? None None 6
2019-01-18 14:55:50,974 Embedding() torch.Size([6, 10])
2019-01-18 14:55:50,974 relative No Rescale
2019-01-18 14:55:50,975 Constructed model with dim=0 and epochs=0 isnan=False
2019-01-18 14:55:50,975 SGD (
Parameter Group 0
    dampening: 0
    initial_lr: 0.1
    lr: 1.0
    momentum: 0.0
    nesterov: False
    weight_decay: 0

Parameter Group 1
    dampening: 0
    initial_lr: 0.1
    lr: 1.0
    momentum: 0.0
    nesterov: False
    weight_decay: 0

Parameter Group 2
    dampening: 0
    initial_lr: 0.1
    lr: 1.0
    momentum: 0.0
    nesterov: False
    weight_decay: 0

Parameter Group 3
    dampening: 0
    initial_lr: 0.0001
    lr: 0.001
    momentum: 0.0
    nesterov: False
    weight_decay: 0
)
2019-01-18 14:55:50,975 *** Initial Checkpoint. Computing Stats
2019-01-18 14:55:50,975 	 Computing Major Stats lazily... 
2019-01-18 14:55:50,976 		 Completed edges=30 good=30 bad=0
2019-01-18 14:55:50,977 Distortion avg=0.9970107087516167 wc=3.6322181433519583 me=0.005628252251848828 mc=645.354540063269 nan_elements=0
2019-01-18 14:55:50,977 MAP = 0.44999999999999996
2019-01-18 14:55:50,977 scale=[array([1.])]
2019-01-18 14:55:50,977 *** End Initial Checkpoint

2019-01-18 14:55:51,034 1 loss=0.9940318309062036
2019-01-18 14:55:51,035 2 loss=0.4293061030090941
2019-01-18 14:55:51,035 3 loss=0.26996040000143373
2019-01-18 14:55:51,036 4 loss=0.19002482905619816
2019-01-18 14:55:51,036 5 loss=0.13769665547696744
2019-01-18 14:55:51,037 6 loss=0.10183942906149393
2019-01-18 14:55:51,037 7 loss=0.0769895567126652
2019-01-18 14:55:51,038 8 loss=0.05965395439234069
2019-01-18 14:55:51,038 9 loss=0.04747097945915806
2019-01-18 14:55:51,038 10 loss=0.03882966988573068
2019-01-18 14:55:51,038 
*** Major Checkpoint. Computing Stats and Saving
2019-01-18 14:55:51,039 	 Computing Major Stats lazily... 
2019-01-18 14:55:51,039 		 Completed edges=30 good=30 bad=0
2019-01-18 14:55:51,040 Distortion avg=0.1737054846994154 wc=1.6042972165760996 me=1.1512738967059148 mc=1.3934974302521743 nan_elements=0
2019-01-18 14:55:51,040 MAP = 1.0
2019-01-18 14:55:51,040 scale=[array([1.])]
2019-01-18 14:55:51,040 *** End Major Checkpoint

2019-01-18 14:55:51,041 11 loss=0.03263285478227044
2019-01-18 14:55:51,041 12 loss=0.028134611961158146
2019-01-18 14:55:51,042 13 loss=0.02482726646076498
2019-01-18 14:55:51,042 14 loss=0.0223637863355474
2019-01-18 14:55:51,043 15 loss=0.020505265824989644
2019-01-18 14:55:51,043 16 loss=0.019085739612479884
2019-01-18 14:55:51,044 17 loss=0.01798870898200264
2019-01-18 14:55:51,044 18 loss=0.017131474156989027
2019-01-18 14:55:51,044 19 loss=0.01645463700038582
2019-01-18 14:55:51,045 20 loss=0.015915025397711755
2019-01-18 14:55:51,045 
*** Major Checkpoint. Computing Stats and Saving
2019-01-18 14:55:51,045 	 Computing Major Stats lazily... 
2019-01-18 14:55:51,045 		 Completed edges=30 good=30 bad=0
2019-01-18 14:55:51,046 Distortion avg=0.11902283557089485 wc=1.367898982761477 me=1.1459825259718417 mc=1.193647330356491 nan_elements=0
2019-01-18 14:55:51,046 MAP = 1.0
2019-01-18 14:55:51,047 scale=[array([1.])]
2019-01-18 14:55:51,047 *** End Major Checkpoint

2019-01-18 14:55:51,047 21 loss=0.015480888146382253
2019-01-18 14:55:51,048 22 loss=0.015128603758513012
2019-01-18 14:55:51,048 23 loss=0.014840404936778644
2019-01-18 14:55:51,049 24 loss=0.014602789308538552
2019-01-18 14:55:51,049 25 loss=0.014405397510388945
2019-01-18 14:55:51,049 26 loss=0.014240212301424356
2019-01-18 14:55:51,050 27 loss=0.014100980269528447
2019-01-18 14:55:51,050 28 loss=0.01398278943906531
2019-01-18 14:55:51,051 29 loss=0.013881757241903225
2019-01-18 14:55:51,051 30 loss=0.013794797490223169
2019-01-18 14:55:51,051 
*** Major Checkpoint. Computing Stats and Saving
2019-01-18 14:55:51,051 	 Computing Major Stats lazily... 
2019-01-18 14:55:51,052 		 Completed edges=30 good=30 bad=0
2019-01-18 14:55:51,053 Distortion avg=0.11231488399602234 wc=1.3192964181588078 me=1.1469798044249042 mc=1.1502350896407485 nan_elements=0
2019-01-18 14:55:51,053 MAP = 1.0
2019-01-18 14:55:51,053 scale=[array([1.])]
2019-01-18 14:55:51,053 *** End Major Checkpoint

2019-01-18 14:55:51,053 31 loss=0.013719444549844513
2019-01-18 14:55:51,054 32 loss=0.01365371940497287
2019-01-18 14:55:51,054 33 loss=0.013596026748247999
2019-01-18 14:55:51,055 34 loss=0.013545075296794724
2019-01-18 14:55:51,055 35 loss=0.013499815671958735
2019-01-18 14:55:51,056 36 loss=0.01345939168473178
2019-01-18 14:55:51,056 37 loss=0.013423101939362117
2019-01-18 14:55:51,056 38 loss=0.013390369438044525
2019-01-18 14:55:51,057 39 loss=0.01336071743040273
2019-01-18 14:55:51,057 40 loss=0.013333750164403496
2019-01-18 14:55:51,057 
*** Major Checkpoint. Computing Stats and Saving
2019-01-18 14:55:51,057 	 Computing Major Stats lazily... 
2019-01-18 14:55:51,058 		 Completed edges=30 good=30 bad=0
2019-01-18 14:55:51,059 Distortion avg=0.11139718918461136 wc=1.2989113554747111 me=1.1470960242937074 mc=1.1323475349628902 nan_elements=0
2019-01-18 14:55:51,059 MAP = 1.0
2019-01-18 14:55:51,059 scale=[array([1.])]
2019-01-18 14:55:51,059 *** End Major Checkpoint

2019-01-18 14:55:51,059 41 loss=0.013309137502759855
2019-01-18 14:55:51,060 42 loss=0.013286602600165932
2019-01-18 14:55:51,060 43 loss=0.013265912012422032
2019-01-18 14:55:51,061 44 loss=0.013246867743199003
2019-01-18 14:55:51,061 45 loss=0.013229300838261425
2019-01-18 14:55:51,062 46 loss=0.013213066217943626
2019-01-18 14:55:51,062 47 loss=0.013198038502061835
2019-01-18 14:55:51,062 48 loss=0.013184108631325664
2019-01-18 14:55:51,063 49 loss=0.01317118112873472
2019-01-18 14:55:51,063 50 loss=0.013159171875718294
2019-01-18 14:55:51,063 
*** Major Checkpoint. Computing Stats and Saving
2019-01-18 14:55:51,063 	 Computing Major Stats lazily... 
2019-01-18 14:55:51,064 		 Completed edges=30 good=30 bad=0
2019-01-18 14:55:51,065 Distortion avg=0.11121833916716213 wc=1.287402320310921 me=1.1471392603295907 mc=1.1222720421416235 nan_elements=0
2019-01-18 14:55:51,065 MAP = 1.0
2019-01-18 14:55:51,065 scale=[array([1.])]
2019-01-18 14:55:51,065 *** End Major Checkpoint

2019-01-18 14:55:51,065 final loss=0.013159171875718294
2019-01-18 14:55:51,065 best loss=0.013159171875718294, distortion=0.11121833916716213, map=1.0, wc_dist=1.287402320310921
2019-01-18 14:55:51,065 	 Computing Major Stats lazily... 
2019-01-18 14:55:51,066 		 Completed edges=30 good=30 bad=0
2019-01-18 14:55:51,067 Distortion avg=0.1112183391671621 wc=1.287402320310921 me=1.1471392603295907 mc=1.1222720421416235 nan_elements=0
2019-01-18 14:55:51,067 MAP = 1.0
2019-01-18 14:55:51,067 scale=[array([1.])]
