2019-01-18 14:54:48,995 Commandline ['pytorch/pytorch_hyperbolic.py', 'learn', 'data/edges/parsing/ewt/ewt_dev/1613.edges', '--dim', '0', '--hyp', '0', '--edim', '10', '--euc', '1', '--sdim', '0', '--sph', '0', '--log-name', 'ewt_devr2/1613.edges.E10-1.lr1.log', '--batch-size', '65536', '--epochs', '50', '--checkpoint-freq', '10', '-g', '--subsample', '1024', '--learning-rate', '1']
2019-01-18 14:54:48,995 No Model Save selected!
2019-01-18 14:54:48,997 Loaded Graph data/edges/parsing/ewt/ewt_dev/1613.edges with 9 nodes scale=1.0
2019-01-18 14:54:48,997 Building dataset
2019-01-18 14:54:48,997 Subsample: 9 points with scale 1.0 subsample=8
2019-01-18 14:54:49,004 Built Data Sampler
2019-01-18 14:54:49,004 Creating a fresh model warm_start?=None
2019-01-18 14:54:49,004 	 Warmstarting? None None 9
2019-01-18 14:54:49,005 Embedding() torch.Size([9, 10])
2019-01-18 14:54:49,005 relative No Rescale
2019-01-18 14:54:49,005 Constructed model with dim=0 and epochs=0 isnan=False
2019-01-18 14:54:49,005 SGD (
Parameter Group 0
    dampening: 0
    initial_lr: 0.1
    lr: 1.0
    momentum: 0.0
    nesterov: False
    weight_decay: 0

Parameter Group 1
    dampening: 0
    initial_lr: 0.1
    lr: 1.0
    momentum: 0.0
    nesterov: False
    weight_decay: 0

Parameter Group 2
    dampening: 0
    initial_lr: 0.1
    lr: 1.0
    momentum: 0.0
    nesterov: False
    weight_decay: 0

Parameter Group 3
    dampening: 0
    initial_lr: 0.0001
    lr: 0.001
    momentum: 0.0
    nesterov: False
    weight_decay: 0
)
2019-01-18 14:54:49,006 *** Initial Checkpoint. Computing Stats
2019-01-18 14:54:49,006 	 Computing Major Stats lazily... 
2019-01-18 14:54:49,006 		 Completed edges=72 good=72 bad=0
2019-01-18 14:54:49,008 Distortion avg=0.9974821985987717 wc=6.089602205018231 me=0.005941110731069004 mc=1024.9938909861908 nan_elements=0
2019-01-18 14:54:49,008 MAP = 0.4238492063492064
2019-01-18 14:54:49,008 scale=[array([1.])]
2019-01-18 14:54:49,009 *** End Initial Checkpoint

2019-01-18 14:54:49,065 1 loss=0.994972137235663
2019-01-18 14:54:49,066 2 loss=0.7099242017491485
2019-01-18 14:54:49,066 3 loss=0.5371406101241972
2019-01-18 14:54:49,067 4 loss=0.43430506393719376
2019-01-18 14:54:49,067 5 loss=0.36668003625445716
2019-01-18 14:54:49,068 6 loss=0.3176478456759051
2019-01-18 14:54:49,068 7 loss=0.2794199113158088
2019-01-18 14:54:49,068 8 loss=0.24820368499400114
2019-01-18 14:54:49,069 9 loss=0.222015385873049
2019-01-18 14:54:49,070 10 loss=0.19971032659686172
2019-01-18 14:54:49,070 
*** Major Checkpoint. Computing Stats and Saving
2019-01-18 14:54:49,070 	 Computing Major Stats lazily... 
2019-01-18 14:54:49,070 		 Completed edges=72 good=72 bad=0
2019-01-18 14:54:49,072 Distortion avg=0.3919649363605976 wc=4.068741981651214 me=1.331323667127184 mc=3.056162886693818 nan_elements=0
2019-01-18 14:54:49,072 MAP = 0.47305555555555556
2019-01-18 14:54:49,072 scale=[array([1.])]
2019-01-18 14:54:49,072 *** End Major Checkpoint

2019-01-18 14:54:49,073 11 loss=0.1805503736424505
2019-01-18 14:54:49,073 12 loss=0.16400767977634798
2019-01-18 14:54:49,074 13 loss=0.1496734964022038
2019-01-18 14:54:49,074 14 loss=0.13721448725315777
2019-01-18 14:54:49,075 15 loss=0.12635086506366522
2019-01-18 14:54:49,075 16 loss=0.1168446669437765
2019-01-18 14:54:49,076 17 loss=0.10849275106012132
2019-01-18 14:54:49,076 18 loss=0.10112197770705854
2019-01-18 14:54:49,077 19 loss=0.09458539850186931
2019-01-18 14:54:49,077 20 loss=0.08875893386448035
2019-01-18 14:54:49,077 
*** Major Checkpoint. Computing Stats and Saving
2019-01-18 14:54:49,077 	 Computing Major Stats lazily... 
2019-01-18 14:54:49,078 		 Completed edges=72 good=72 bad=0
2019-01-18 14:54:49,079 Distortion avg=0.260219694530361 wc=2.6591601186014127 me=1.2568356856259335 mc=2.115757969807397 nan_elements=0
2019-01-18 14:54:49,079 MAP = 1.0
2019-01-18 14:54:49,079 scale=[array([1.])]
2019-01-18 14:54:49,079 *** End Major Checkpoint

2019-01-18 14:54:49,080 21 loss=0.08353833629678203
2019-01-18 14:54:49,080 22 loss=0.07883638463260328
2019-01-18 14:54:49,081 23 loss=0.07458031490976368
2019-01-18 14:54:49,081 24 loss=0.0707095095200553
2019-01-18 14:54:49,082 25 loss=0.06717346120691546
2019-01-18 14:54:49,082 26 loss=0.06393001548557371
2019-01-18 14:54:49,083 27 loss=0.060943881392213434
2019-01-18 14:54:49,083 28 loss=0.05818538965076551
2019-01-18 14:54:49,084 29 loss=0.05562947057369061
2019-01-18 14:54:49,084 30 loss=0.05325482112529865
2019-01-18 14:54:49,084 
*** Major Checkpoint. Computing Stats and Saving
2019-01-18 14:54:49,084 	 Computing Major Stats lazily... 
2019-01-18 14:54:49,085 		 Completed edges=72 good=72 bad=0
2019-01-18 14:54:49,086 Distortion avg=0.20322625847897427 wc=2.210241660819465 me=1.2465129368740704 mc=1.7731397688997717 nan_elements=0
2019-01-18 14:54:49,086 MAP = 1.0
2019-01-18 14:54:49,087 scale=[array([1.])]
2019-01-18 14:54:49,087 *** End Major Checkpoint

2019-01-18 14:54:49,087 31 loss=0.05104323075305723
2019-01-18 14:54:49,088 32 loss=0.04897903782448368
2019-01-18 14:54:49,088 33 loss=0.04704869186936536
2019-01-18 14:54:49,089 34 loss=0.04524040060245924
2019-01-18 14:54:49,089 35 loss=0.04354384440704261
2019-01-18 14:54:49,090 36 loss=0.04194994431503265
2019-01-18 14:54:49,090 37 loss=0.040450672398158694
2019-01-18 14:54:49,091 38 loss=0.03903889586159303
2019-01-18 14:54:49,091 39 loss=0.037708248040124646
2019-01-18 14:54:49,091 40 loss=0.03645302099916957
2019-01-18 14:54:49,092 
*** Major Checkpoint. Computing Stats and Saving
2019-01-18 14:54:49,092 	 Computing Major Stats lazily... 
2019-01-18 14:54:49,092 		 Completed edges=72 good=72 bad=0
2019-01-18 14:54:49,094 Distortion avg=0.16712838068932187 wc=1.9357013167235226 me=1.2250472480958676 mc=1.580103395793304 nan_elements=0
2019-01-18 14:54:49,094 MAP = 1.0
2019-01-18 14:54:49,094 scale=[array([1.])]
2019-01-18 14:54:49,094 *** End Major Checkpoint

2019-01-18 14:54:49,094 41 loss=0.03526807560882161
2019-01-18 14:54:49,095 42 loss=0.034148765856028586
2019-01-18 14:54:49,095 43 loss=0.033090874846760716
2019-01-18 14:54:49,096 44 loss=0.03209056047550785
2019-01-18 14:54:49,096 45 loss=0.03114430914247223
2019-01-18 14:54:49,097 46 loss=0.03024889620956049
2019-01-18 14:54:49,097 47 loss=0.029401352127655902
2019-01-18 14:54:49,098 48 loss=0.028598933356879606
2019-01-18 14:54:49,098 49 loss=0.02783909735143678
2019-01-18 14:54:49,099 50 loss=0.027119481000664004
2019-01-18 14:54:49,099 
*** Major Checkpoint. Computing Stats and Saving
2019-01-18 14:54:49,099 	 Computing Major Stats lazily... 
2019-01-18 14:54:49,100 		 Completed edges=72 good=72 bad=0
2019-01-18 14:54:49,101 Distortion avg=0.14237463197230651 wc=1.7634696399625092 me=1.213178914032417 mc=1.4535940408830648 nan_elements=0
2019-01-18 14:54:49,101 MAP = 1.0
2019-01-18 14:54:49,101 scale=[array([1.])]
2019-01-18 14:54:49,102 *** End Major Checkpoint

2019-01-18 14:54:49,102 final loss=0.027119481000664004
2019-01-18 14:54:49,102 best loss=0.027119481000664004, distortion=0.14237463197230651, map=1.0, wc_dist=1.7634696399625092
2019-01-18 14:54:49,102 	 Computing Major Stats lazily... 
2019-01-18 14:54:49,102 		 Completed edges=72 good=72 bad=0
2019-01-18 14:54:49,104 Distortion avg=0.14237463197230657 wc=1.7634696399625092 me=1.213178914032417 mc=1.4535940408830648 nan_elements=0
2019-01-18 14:54:49,104 MAP = 1.0
2019-01-18 14:54:49,104 scale=[array([1.])]
