2019-01-18 15:07:30,897 Commandline ['pytorch/pytorch_hyperbolic.py', 'learn', 'data/edges/parsing/ewt/ewt_dev/1617.edges', '--dim', '0', '--hyp', '0', '--edim', '10', '--euc', '1', '--sdim', '0', '--sph', '0', '--log-name', 'ewt_devr2/1617.edges.E10-1.lr1.log', '--batch-size', '65536', '--epochs', '50', '--checkpoint-freq', '10', '-g', '--subsample', '1024', '--learning-rate', '1']
2019-01-18 15:07:30,897 No Model Save selected!
2019-01-18 15:07:30,899 Loaded Graph data/edges/parsing/ewt/ewt_dev/1617.edges with 10 nodes scale=1.0
2019-01-18 15:07:30,899 Building dataset
2019-01-18 15:07:30,899 Subsample: 10 points with scale 1.0 subsample=9
2019-01-18 15:07:30,907 Built Data Sampler
2019-01-18 15:07:30,907 Creating a fresh model warm_start?=None
2019-01-18 15:07:30,907 	 Warmstarting? None None 10
2019-01-18 15:07:30,908 Embedding() torch.Size([10, 10])
2019-01-18 15:07:30,908 relative No Rescale
2019-01-18 15:07:30,908 Constructed model with dim=0 and epochs=0 isnan=False
2019-01-18 15:07:30,909 SGD (
Parameter Group 0
    dampening: 0
    initial_lr: 0.1
    lr: 1.0
    momentum: 0.0
    nesterov: False
    weight_decay: 0

Parameter Group 1
    dampening: 0
    initial_lr: 0.1
    lr: 1.0
    momentum: 0.0
    nesterov: False
    weight_decay: 0

Parameter Group 2
    dampening: 0
    initial_lr: 0.1
    lr: 1.0
    momentum: 0.0
    nesterov: False
    weight_decay: 0

Parameter Group 3
    dampening: 0
    initial_lr: 0.0001
    lr: 0.001
    momentum: 0.0
    nesterov: False
    weight_decay: 0
)
2019-01-18 15:07:30,909 *** Initial Checkpoint. Computing Stats
2019-01-18 15:07:30,909 	 Computing Major Stats lazily... 
2019-01-18 15:07:30,910 		 Completed edges=90 good=90 bad=0
2019-01-18 15:07:30,911 Distortion avg=0.9976498925341301 wc=8.37800329064015 me=0.005941110731069004 mc=1410.1745733886814 nan_elements=0
2019-01-18 15:07:30,912 MAP = 0.35334325396825395
2019-01-18 15:07:30,912 scale=[array([1.])]
2019-01-18 15:07:30,912 *** End Initial Checkpoint

2019-01-18 15:07:30,969 1 loss=0.9953072746338112
2019-01-18 15:07:30,970 2 loss=0.7815791704721227
2019-01-18 15:07:30,970 3 loss=0.6335707972844387
2019-01-18 15:07:30,971 4 loss=0.5349317506432167
2019-01-18 15:07:30,971 5 loss=0.4670025007922074
2019-01-18 15:07:30,972 6 loss=0.41820066161900543
2019-01-18 15:07:30,972 7 loss=0.38160127827409634
2019-01-18 15:07:30,973 8 loss=0.3530491281278966
2019-01-18 15:07:30,973 9 loss=0.3300087505434775
2019-01-18 15:07:30,974 10 loss=0.31089511196163744
2019-01-18 15:07:30,974 
*** Major Checkpoint. Computing Stats and Saving
2019-01-18 15:07:30,974 	 Computing Major Stats lazily... 
2019-01-18 15:07:30,974 		 Completed edges=90 good=90 bad=0
2019-01-18 15:07:30,976 Distortion avg=0.5016240781419923 wc=8.181538371853797 me=1.362453140228718 mc=6.005005332132262 nan_elements=0
2019-01-18 15:07:30,976 MAP = 0.24122023809523813
2019-01-18 15:07:30,976 scale=[array([1.])]
2019-01-18 15:07:30,976 *** End Major Checkpoint

2019-01-18 15:07:30,977 11 loss=0.2946875781564107
2019-01-18 15:07:30,977 12 loss=0.2807064909029649
2019-01-18 15:07:30,978 13 loss=0.26848259442435257
2019-01-18 15:07:30,978 14 loss=0.25767969845322375
2019-01-18 15:07:30,979 15 loss=0.24804814122758614
2019-01-18 15:07:30,979 16 loss=0.23939628441773694
2019-01-18 15:07:30,980 17 loss=0.2315727086562297
2019-01-18 15:07:30,981 18 loss=0.22445485113547103
2019-01-18 15:07:30,981 19 loss=0.21794157929287875
2019-01-18 15:07:30,982 20 loss=0.21194820587946925
2019-01-18 15:07:30,982 
*** Major Checkpoint. Computing Stats and Saving
2019-01-18 15:07:30,982 	 Computing Major Stats lazily... 
2019-01-18 15:07:30,982 		 Completed edges=90 good=90 bad=0
2019-01-18 15:07:30,984 Distortion avg=0.41011752188972844 wc=6.856671306070958 me=1.4511734872975786 mc=4.724914950616738 nan_elements=0
2019-01-18 15:07:30,984 MAP = 0.5947023809523809
2019-01-18 15:07:30,984 scale=[array([1.])]
2019-01-18 15:07:30,984 *** End Major Checkpoint

2019-01-18 15:07:30,985 21 loss=0.20640304201578033
2019-01-18 15:07:30,985 22 loss=0.20124493543267682
2019-01-18 15:07:30,986 23 loss=0.19642145183968368
2019-01-18 15:07:30,986 24 loss=0.19188748565473995
2019-01-18 15:07:30,987 25 loss=0.18760416526037135
2019-01-18 15:07:30,988 26 loss=0.18353796689211738
2019-01-18 15:07:30,989 27 loss=0.1796599817415263
2019-01-18 15:07:30,989 28 loss=0.17594529984855786
2019-01-18 15:07:30,990 29 loss=0.17237248617051984
2019-01-18 15:07:30,990 30 loss=0.1689231315438713
2019-01-18 15:07:30,990 
*** Major Checkpoint. Computing Stats and Saving
2019-01-18 15:07:30,991 	 Computing Major Stats lazily... 
2019-01-18 15:07:30,991 		 Completed edges=90 good=90 bad=0
2019-01-18 15:07:30,993 Distortion avg=0.35453309878076317 wc=6.454842399360296 me=1.5056414453688878 mc=4.2871046218967725 nan_elements=0
2019-01-18 15:07:30,993 MAP = 0.753452380952381
2019-01-18 15:07:30,993 scale=[array([1.])]
2019-01-18 15:07:30,993 *** End Major Checkpoint

2019-01-18 15:07:30,994 31 loss=0.1655814658123141
2019-01-18 15:07:30,994 32 loss=0.16233402326971444
2019-01-18 15:07:30,995 33 loss=0.15916935244931477
2019-01-18 15:07:30,996 34 loss=0.15607776360809564
2019-01-18 15:07:30,996 35 loss=0.15305110825999935
2019-01-18 15:07:30,997 36 loss=0.15008258594369694
2019-01-18 15:07:30,997 37 loss=0.14716657413834375
2019-01-18 15:07:30,998 38 loss=0.1442984778916192
2019-01-18 15:07:30,999 39 loss=0.1414745963045156
2019-01-18 15:07:30,999 40 loss=0.1386920035251495
2019-01-18 15:07:30,999 
*** Major Checkpoint. Computing Stats and Saving
2019-01-18 15:07:31,000 	 Computing Major Stats lazily... 
2019-01-18 15:07:31,000 		 Completed edges=90 good=90 bad=0
2019-01-18 15:07:31,002 Distortion avg=0.3145018916768854 wc=5.284223034933776 me=1.4790795833028667 mc=3.572642807450437 nan_elements=0
2019-01-18 15:07:31,002 MAP = 0.7858333333333334
2019-01-18 15:07:31,002 scale=[array([1.])]
2019-01-18 15:07:31,003 *** End Major Checkpoint

2019-01-18 15:07:31,003 41 loss=0.13594844233725234
2019-01-18 15:07:31,004 42 loss=0.13324222878902245
2019-01-18 15:07:31,004 43 loss=0.1305721665996928
2019-01-18 15:07:31,005 44 loss=0.12793747031258884
2019-01-18 15:07:31,005 45 loss=0.12533769634442266
2019-01-18 15:07:31,006 46 loss=0.12277268122106309
2019-01-18 15:07:31,006 47 loss=0.1202424863990433
2019-01-18 15:07:31,007 48 loss=0.11774734915698348
2019-01-18 15:07:31,007 49 loss=0.11528763910742555
2019-01-18 15:07:31,008 50 loss=0.11286381993112868
2019-01-18 15:07:31,008 
*** Major Checkpoint. Computing Stats and Saving
2019-01-18 15:07:31,008 	 Computing Major Stats lazily... 
2019-01-18 15:07:31,009 		 Completed edges=90 good=90 bad=0
2019-01-18 15:07:31,010 Distortion avg=0.2776254016793993 wc=4.684361335610721 me=1.4130519552531917 mc=3.3150665962394665 nan_elements=0
2019-01-18 15:07:31,011 MAP = 0.9333333333333332
2019-01-18 15:07:31,011 scale=[array([1.])]
2019-01-18 15:07:31,011 *** End Major Checkpoint

2019-01-18 15:07:31,011 final loss=0.11286381993112868
2019-01-18 15:07:31,011 best loss=0.11286381993112868, distortion=0.2776254016793993, map=0.9333333333333332, wc_dist=4.684361335610721
2019-01-18 15:07:31,011 	 Computing Major Stats lazily... 
2019-01-18 15:07:31,012 		 Completed edges=90 good=90 bad=0
2019-01-18 15:07:31,013 Distortion avg=0.27762540167939936 wc=4.684361335610721 me=1.4130519552531917 mc=3.3150665962394665 nan_elements=0
2019-01-18 15:07:31,013 MAP = 0.9333333333333332
2019-01-18 15:07:31,014 scale=[array([1.])]
