2019-01-18 14:47:44,455 Commandline ['pytorch/pytorch_hyperbolic.py', 'learn', 'data/edges/parsing/ewt/ewt_dev/1618.edges', '--dim', '0', '--hyp', '0', '--edim', '10', '--euc', '1', '--sdim', '0', '--sph', '0', '--log-name', 'ewt_devr2/1618.edges.E10-1.lr1.log', '--batch-size', '65536', '--epochs', '50', '--checkpoint-freq', '10', '-g', '--subsample', '1024', '--learning-rate', '1']
2019-01-18 14:47:44,455 No Model Save selected!
2019-01-18 14:47:44,457 Loaded Graph data/edges/parsing/ewt/ewt_dev/1618.edges with 12 nodes scale=1.0
2019-01-18 14:47:44,457 Building dataset
2019-01-18 14:47:44,457 Subsample: 12 points with scale 1.0 subsample=11
2019-01-18 14:47:44,468 Built Data Sampler
2019-01-18 14:47:44,468 Creating a fresh model warm_start?=None
2019-01-18 14:47:44,468 	 Warmstarting? None None 12
2019-01-18 14:47:44,468 Embedding() torch.Size([12, 10])
2019-01-18 14:47:44,468 relative No Rescale
2019-01-18 14:47:44,469 Constructed model with dim=0 and epochs=0 isnan=False
2019-01-18 14:47:44,469 SGD (
Parameter Group 0
    dampening: 0
    initial_lr: 0.1
    lr: 1.0
    momentum: 0.0
    nesterov: False
    weight_decay: 0

Parameter Group 1
    dampening: 0
    initial_lr: 0.1
    lr: 1.0
    momentum: 0.0
    nesterov: False
    weight_decay: 0

Parameter Group 2
    dampening: 0
    initial_lr: 0.1
    lr: 1.0
    momentum: 0.0
    nesterov: False
    weight_decay: 0

Parameter Group 3
    dampening: 0
    initial_lr: 0.0001
    lr: 0.001
    momentum: 0.0
    nesterov: False
    weight_decay: 0
)
2019-01-18 14:47:44,469 *** Initial Checkpoint. Computing Stats
2019-01-18 14:47:44,469 	 Computing Major Stats lazily... 
2019-01-18 14:47:44,470 		 Completed edges=132 good=132 bad=0
2019-01-18 14:47:44,472 Distortion avg=0.997847029817736 wc=7.00088857078436 me=0.005628252251848828 mc=1243.8832265353128 nan_elements=0
2019-01-18 14:47:44,472 MAP = 0.21321398508898506
2019-01-18 14:47:44,473 scale=[array([1.])]
2019-01-18 14:47:44,473 *** End Initial Checkpoint

2019-01-18 14:47:44,530 1 loss=0.9957001291882671
2019-01-18 14:47:44,531 2 loss=0.8180906442233763
2019-01-18 14:47:44,532 3 loss=0.6855664420568034
2019-01-18 14:47:44,532 4 loss=0.5892909629359462
2019-01-18 14:47:44,533 5 loss=0.5175574817717841
2019-01-18 14:47:44,533 6 loss=0.46248563652915914
2019-01-18 14:47:44,534 7 loss=0.4189448210812995
2019-01-18 14:47:44,534 8 loss=0.3835863185722312
2019-01-18 14:47:44,535 9 loss=0.354196343864043
2019-01-18 14:47:44,535 10 loss=0.329285010719699
2019-01-18 14:47:44,535 
*** Major Checkpoint. Computing Stats and Saving
2019-01-18 14:47:44,536 	 Computing Major Stats lazily... 
2019-01-18 14:47:44,536 		 Completed edges=132 good=132 bad=0
2019-01-18 14:47:44,538 Distortion avg=0.5192202157461295 wc=7.506691154102778 me=1.3169013565708727 mc=5.700268373669022 nan_elements=0
2019-01-18 14:47:44,538 MAP = 0.16796286275452943
2019-01-18 14:47:44,538 scale=[array([1.])]
2019-01-18 14:47:44,539 *** End Major Checkpoint

2019-01-18 14:47:44,539 11 loss=0.307828128150087
2019-01-18 14:47:44,540 12 loss=0.289104804397844
2019-01-18 14:47:44,540 13 loss=0.2725946289842669
2019-01-18 14:47:44,541 14 loss=0.25791196078999423
2019-01-18 14:47:44,541 15 loss=0.24476346825949064
2019-01-18 14:47:44,542 16 loss=0.23292036394081345
2019-01-18 14:47:44,542 17 loss=0.22220001414159846
2019-01-18 14:47:44,543 18 loss=0.21245358927789681
2019-01-18 14:47:44,543 19 loss=0.20355764466579568
2019-01-18 14:47:44,544 20 loss=0.19540828322732662
2019-01-18 14:47:44,544 
*** Major Checkpoint. Computing Stats and Saving
2019-01-18 14:47:44,544 	 Computing Major Stats lazily... 
2019-01-18 14:47:44,545 		 Completed edges=132 good=132 bad=0
2019-01-18 14:47:44,547 Distortion avg=0.4025266411817684 wc=5.381613207272292 me=1.4827914568837748 mc=3.6293796961726885 nan_elements=0
2019-01-18 14:47:44,547 MAP = 0.36349206349206353
2019-01-18 14:47:44,547 scale=[array([1.])]
2019-01-18 14:47:44,547 *** End Major Checkpoint

2019-01-18 14:47:44,548 21 loss=0.1879170303540561
2019-01-18 14:47:44,548 22 loss=0.18100785525756197
2019-01-18 14:47:44,549 23 loss=0.17461496822716274
2019-01-18 14:47:44,549 24 loss=0.1686811495267066
2019-01-18 14:47:44,550 25 loss=0.16315644807760554
2019-01-18 14:47:44,550 26 loss=0.15799714217333927
2019-01-18 14:47:44,551 27 loss=0.15316489012355733
2019-01-18 14:47:44,552 28 loss=0.14862602226605495
2019-01-18 14:47:44,552 29 loss=0.1443509413227542
2019-01-18 14:47:44,553 30 loss=0.14031360830993117
2019-01-18 14:47:44,553 
*** Major Checkpoint. Computing Stats and Saving
2019-01-18 14:47:44,553 	 Computing Major Stats lazily... 
2019-01-18 14:47:44,553 		 Completed edges=132 good=132 bad=0
2019-01-18 14:47:44,555 Distortion avg=0.3297320095097615 wc=4.3417649830041185 me=1.5015489897033933 mc=2.891524028038382 nan_elements=0
2019-01-18 14:47:44,556 MAP = 0.7280753968253969
2019-01-18 14:47:44,556 scale=[array([1.])]
2019-01-18 14:47:44,556 *** End Major Checkpoint

2019-01-18 14:47:44,556 31 loss=0.1364910979330585
2019-01-18 14:47:44,557 32 loss=0.132863211799255
2019-01-18 14:47:44,557 33 loss=0.129412140668696
2019-01-18 14:47:44,558 34 loss=0.12612216887900685
2019-01-18 14:47:44,559 35 loss=0.12297941537166031
2019-01-18 14:47:44,559 36 loss=0.1199716066606994
2019-01-18 14:47:44,560 37 loss=0.11708787776044295
2019-01-18 14:47:44,560 38 loss=0.11431859762121621
2019-01-18 14:47:44,561 39 loss=0.11165521606348676
2019-01-18 14:47:44,561 40 loss=0.10909012957995085
2019-01-18 14:47:44,561 
*** Major Checkpoint. Computing Stats and Saving
2019-01-18 14:47:44,561 	 Computing Major Stats lazily... 
2019-01-18 14:47:44,562 		 Completed edges=132 good=132 bad=0
2019-01-18 14:47:44,564 Distortion avg=0.2866572860755017 wc=3.6963960018826407 me=1.4550706326412002 mc=2.5403550308571994 nan_elements=0
2019-01-18 14:47:44,564 MAP = 0.9018518518518519
2019-01-18 14:47:44,564 scale=[array([1.])]
2019-01-18 14:47:44,564 *** End Major Checkpoint

2019-01-18 14:47:44,565 41 loss=0.10661656370679129
2019-01-18 14:47:44,565 42 loss=0.10422846995664903
2019-01-18 14:47:44,566 43 loss=0.1019204355605703
2019-01-18 14:47:44,567 44 loss=0.09968760448706043
2019-01-18 14:47:44,567 45 loss=0.09752560839628364
2019-01-18 14:47:44,568 46 loss=0.09543050634974357
2019-01-18 14:47:44,568 47 loss=0.09339873223419941
2019-01-18 14:47:44,569 48 loss=0.09142704897696065
2019-01-18 14:47:44,569 49 loss=0.08951250873171226
2019-01-18 14:47:44,570 50 loss=0.08765241830289662
2019-01-18 14:47:44,570 
*** Major Checkpoint. Computing Stats and Saving
2019-01-18 14:47:44,570 	 Computing Major Stats lazily... 
2019-01-18 14:47:44,571 		 Completed edges=132 good=132 bad=0
2019-01-18 14:47:44,573 Distortion avg=0.25644138388606974 wc=3.2891939943870363 me=1.4257568283027346 mc=2.306981056722411 nan_elements=0
2019-01-18 14:47:44,573 MAP = 0.9674768518518518
2019-01-18 14:47:44,573 scale=[array([1.])]
2019-01-18 14:47:44,573 *** End Major Checkpoint

2019-01-18 14:47:44,573 final loss=0.08765241830289662
2019-01-18 14:47:44,573 best loss=0.08765241830289662, distortion=0.25644138388606974, map=0.9674768518518518, wc_dist=3.2891939943870363
2019-01-18 14:47:44,573 	 Computing Major Stats lazily... 
2019-01-18 14:47:44,574 		 Completed edges=132 good=132 bad=0
2019-01-18 14:47:44,576 Distortion avg=0.25644138388606963 wc=3.2891939943870363 me=1.4257568283027346 mc=2.306981056722411 nan_elements=0
2019-01-18 14:47:44,576 MAP = 0.9674768518518518
2019-01-18 14:47:44,576 scale=[array([1.])]
