2019-01-18 15:07:34,643 Commandline ['pytorch/pytorch_hyperbolic.py', 'learn', 'data/edges/parsing/ewt/ewt_dev/1623.edges', '--dim', '0', '--hyp', '0', '--edim', '10', '--euc', '1', '--sdim', '0', '--sph', '0', '--log-name', 'ewt_devr2/1623.edges.E10-1.lr1.log', '--batch-size', '65536', '--epochs', '50', '--checkpoint-freq', '10', '-g', '--subsample', '1024', '--learning-rate', '1']
2019-01-18 15:07:34,643 No Model Save selected!
2019-01-18 15:07:34,645 Loaded Graph data/edges/parsing/ewt/ewt_dev/1623.edges with 12 nodes scale=1.0
2019-01-18 15:07:34,645 Building dataset
2019-01-18 15:07:34,645 Subsample: 12 points with scale 1.0 subsample=11
2019-01-18 15:07:34,656 Built Data Sampler
2019-01-18 15:07:34,656 Creating a fresh model warm_start?=None
2019-01-18 15:07:34,656 	 Warmstarting? None None 12
2019-01-18 15:07:34,656 Embedding() torch.Size([12, 10])
2019-01-18 15:07:34,656 relative No Rescale
2019-01-18 15:07:34,657 Constructed model with dim=0 and epochs=0 isnan=False
2019-01-18 15:07:34,657 SGD (
Parameter Group 0
    dampening: 0
    initial_lr: 0.1
    lr: 1.0
    momentum: 0.0
    nesterov: False
    weight_decay: 0

Parameter Group 1
    dampening: 0
    initial_lr: 0.1
    lr: 1.0
    momentum: 0.0
    nesterov: False
    weight_decay: 0

Parameter Group 2
    dampening: 0
    initial_lr: 0.1
    lr: 1.0
    momentum: 0.0
    nesterov: False
    weight_decay: 0

Parameter Group 3
    dampening: 0
    initial_lr: 0.0001
    lr: 0.001
    momentum: 0.0
    nesterov: False
    weight_decay: 0
)
2019-01-18 15:07:34,657 *** Initial Checkpoint. Computing Stats
2019-01-18 15:07:34,657 	 Computing Major Stats lazily... 
2019-01-18 15:07:34,658 		 Completed edges=132 good=132 bad=0
2019-01-18 15:07:34,660 Distortion avg=0.9978615036604505 wc=7.097902636717826 me=0.005628252251848828 mc=1261.1202055462657 nan_elements=0
2019-01-18 15:07:34,660 MAP = 0.20137866762866763
2019-01-18 15:07:34,661 scale=[array([1.])]
2019-01-18 15:07:34,661 *** End Initial Checkpoint

2019-01-18 15:07:34,719 1 loss=0.995729080482292
2019-01-18 15:07:34,720 2 loss=0.8208721866063993
2019-01-18 15:07:34,721 3 loss=0.690398851153324
2019-01-18 15:07:34,722 4 loss=0.5956118037363914
2019-01-18 15:07:34,722 5 loss=0.5250551326642223
2019-01-18 15:07:34,723 6 loss=0.4709387193575283
2019-01-18 15:07:34,723 7 loss=0.42816142520135053
2019-01-18 15:07:34,724 8 loss=0.3933893780032
2019-01-18 15:07:34,725 9 loss=0.36442469686955387
2019-01-18 15:07:34,725 10 loss=0.3397972932380082
2019-01-18 15:07:34,725 
*** Major Checkpoint. Computing Stats and Saving
2019-01-18 15:07:34,725 	 Computing Major Stats lazily... 
2019-01-18 15:07:34,726 		 Completed edges=132 good=132 bad=0
2019-01-18 15:07:34,728 Distortion avg=0.5292831050775827 wc=8.611558640612103 me=1.322106474348067 mc=6.513513705360588 nan_elements=0
2019-01-18 15:07:34,728 MAP = 0.16046837421837423
2019-01-18 15:07:34,728 scale=[array([1.])]
2019-01-18 15:07:34,728 *** End Major Checkpoint

2019-01-18 15:07:34,729 11 loss=0.3185052202897723
2019-01-18 15:07:34,730 12 loss=0.2998501083717944
2019-01-18 15:07:34,730 13 loss=0.2833326597982008
2019-01-18 15:07:34,731 14 loss=0.2685859517061043
2019-01-18 15:07:34,731 15 loss=0.2553325725925507
2019-01-18 15:07:34,732 16 loss=0.2433568431137806
2019-01-18 15:07:34,733 17 loss=0.2324866358487861
2019-01-18 15:07:34,733 18 loss=0.22258134183947087
2019-01-18 15:07:34,734 19 loss=0.2135237996433424
2019-01-18 15:07:34,734 20 loss=0.20521479641234308
2019-01-18 15:07:34,734 
*** Major Checkpoint. Computing Stats and Saving
2019-01-18 15:07:34,734 	 Computing Major Stats lazily... 
2019-01-18 15:07:34,735 		 Completed edges=132 good=132 bad=0
2019-01-18 15:07:34,737 Distortion avg=0.41425052408137875 wc=6.292955699758323 me=1.4773905342841118 mc=4.259507255343053 nan_elements=0
2019-01-18 15:07:34,737 MAP = 0.3610648148148148
2019-01-18 15:07:34,737 scale=[array([1.])]
2019-01-18 15:07:34,737 *** End Major Checkpoint

2019-01-18 15:07:34,738 21 loss=0.19756925020947275
2019-01-18 15:07:34,738 22 loss=0.1905134994136347
2019-01-18 15:07:34,739 23 loss=0.18398332712514948
2019-01-18 15:07:34,739 24 loss=0.17792247834606056
2019-01-18 15:07:34,740 25 loss=0.17228151172487716
2019-01-18 15:07:34,741 26 loss=0.16701688231904394
2019-01-18 15:07:34,741 27 loss=0.1620901875398874
2019-01-18 15:07:34,742 28 loss=0.15746753181585113
2019-01-18 15:07:34,742 29 loss=0.15311898078360653
2019-01-18 15:07:34,743 30 loss=0.14901808574519557
2019-01-18 15:07:34,743 
*** Major Checkpoint. Computing Stats and Saving
2019-01-18 15:07:34,743 	 Computing Major Stats lazily... 
2019-01-18 15:07:34,744 		 Completed edges=132 good=132 bad=0
2019-01-18 15:07:34,745 Distortion avg=0.3411234590111626 wc=5.106957669649951 me=1.507267964240371 mc=3.388221464803534 nan_elements=0
2019-01-18 15:07:34,745 MAP = 0.6510515873015873
2019-01-18 15:07:34,746 scale=[array([1.])]
2019-01-18 15:07:34,746 *** End Major Checkpoint

2019-01-18 15:07:34,746 31 loss=0.14514146551875143
2019-01-18 15:07:34,747 32 loss=0.1414684368603031
2019-01-18 15:07:34,747 33 loss=0.137980687150512
2019-01-18 15:07:34,748 34 loss=0.13466198456815662
2019-01-18 15:07:34,748 35 loss=0.1314979218810263
2019-01-18 15:07:34,749 36 loss=0.12847569052249364
2019-01-18 15:07:34,750 37 loss=0.125583881951321
2019-01-18 15:07:34,750 38 loss=0.1228123135163497
2019-01-18 15:07:34,751 39 loss=0.12015187622807014
2019-01-18 15:07:34,751 40 loss=0.1175944020088136
2019-01-18 15:07:34,751 
*** Major Checkpoint. Computing Stats and Saving
2019-01-18 15:07:34,751 	 Computing Major Stats lazily... 
2019-01-18 15:07:34,752 		 Completed edges=132 good=132 bad=0
2019-01-18 15:07:34,754 Distortion avg=0.2986097344463608 wc=4.192357896923578 me=1.4597078565058146 mc=2.8720527044083073 nan_elements=0
2019-01-18 15:07:34,754 MAP = 0.8886574074074075
2019-01-18 15:07:34,754 scale=[array([1.])]
2019-01-18 15:07:34,754 *** End Major Checkpoint

2019-01-18 15:07:34,755 41 loss=0.11513254816720574
2019-01-18 15:07:34,756 42 loss=0.11275969702422987
2019-01-18 15:07:34,756 43 loss=0.11046986880546847
2019-01-18 15:07:34,757 44 loss=0.10825764610200636
2019-01-18 15:07:34,758 45 loss=0.10611810838587751
2019-01-18 15:07:34,758 46 loss=0.10404677524036185
2019-01-18 15:07:34,759 47 loss=0.10203955712767042
2019-01-18 15:07:34,759 48 loss=0.10009271266467422
2019-01-18 15:07:34,760 49 loss=0.09820281151056022
2019-01-18 15:07:34,760 50 loss=0.09636670208873185
2019-01-18 15:07:34,760 
*** Major Checkpoint. Computing Stats and Saving
2019-01-18 15:07:34,760 	 Computing Major Stats lazily... 
2019-01-18 15:07:34,761 		 Completed edges=132 good=132 bad=0
2019-01-18 15:07:34,763 Distortion avg=0.2691016529381593 wc=3.530512272413509 me=1.4065090505644406 mc=2.5101241054913177 nan_elements=0
2019-01-18 15:07:34,763 MAP = 0.9540740740740742
2019-01-18 15:07:34,764 scale=[array([1.])]
2019-01-18 15:07:34,764 *** End Major Checkpoint

2019-01-18 15:07:34,764 final loss=0.09636670208873185
2019-01-18 15:07:34,764 best loss=0.09636670208873185, distortion=0.2691016529381593, map=0.9540740740740742, wc_dist=3.530512272413509
2019-01-18 15:07:34,764 	 Computing Major Stats lazily... 
2019-01-18 15:07:34,765 		 Completed edges=132 good=132 bad=0
2019-01-18 15:07:34,766 Distortion avg=0.2691016529381594 wc=3.530512272413509 me=1.4065090505644406 mc=2.5101241054913177 nan_elements=0
2019-01-18 15:07:34,767 MAP = 0.954074074074074
2019-01-18 15:07:34,767 scale=[array([1.])]
