2019-01-18 14:57:27,211 Commandline ['pytorch/pytorch_hyperbolic.py', 'learn', 'data/edges/parsing/ewt/ewt_dev/1626.edges', '--dim', '0', '--hyp', '0', '--edim', '10', '--euc', '1', '--sdim', '0', '--sph', '0', '--log-name', 'ewt_devr2/1626.edges.E10-1.lr1.log', '--batch-size', '65536', '--epochs', '50', '--checkpoint-freq', '10', '-g', '--subsample', '1024', '--learning-rate', '1']
2019-01-18 14:57:27,211 No Model Save selected!
2019-01-18 14:57:27,213 Loaded Graph data/edges/parsing/ewt/ewt_dev/1626.edges with 10 nodes scale=1.0
2019-01-18 14:57:27,213 Building dataset
2019-01-18 14:57:27,214 Subsample: 10 points with scale 1.0 subsample=9
2019-01-18 14:57:27,222 Built Data Sampler
2019-01-18 14:57:27,222 Creating a fresh model warm_start?=None
2019-01-18 14:57:27,222 	 Warmstarting? None None 10
2019-01-18 14:57:27,223 Embedding() torch.Size([10, 10])
2019-01-18 14:57:27,223 relative No Rescale
2019-01-18 14:57:27,223 Constructed model with dim=0 and epochs=0 isnan=False
2019-01-18 14:57:27,223 SGD (
Parameter Group 0
    dampening: 0
    initial_lr: 0.1
    lr: 1.0
    momentum: 0.0
    nesterov: False
    weight_decay: 0

Parameter Group 1
    dampening: 0
    initial_lr: 0.1
    lr: 1.0
    momentum: 0.0
    nesterov: False
    weight_decay: 0

Parameter Group 2
    dampening: 0
    initial_lr: 0.1
    lr: 1.0
    momentum: 0.0
    nesterov: False
    weight_decay: 0

Parameter Group 3
    dampening: 0
    initial_lr: 0.0001
    lr: 0.001
    momentum: 0.0
    nesterov: False
    weight_decay: 0
)
2019-01-18 14:57:27,224 *** Initial Checkpoint. Computing Stats
2019-01-18 14:57:27,224 	 Computing Major Stats lazily... 
2019-01-18 14:57:27,225 		 Completed edges=90 good=90 bad=0
2019-01-18 14:57:27,226 Distortion avg=0.9976014783524835 wc=10.926985600410031 me=0.005632134115413149 mc=1940.1145953727835 nan_elements=0
2019-01-18 14:57:27,226 MAP = 0.2776746031746032
2019-01-18 14:57:27,227 scale=[array([1.])]
2019-01-18 14:57:27,227 *** End Initial Checkpoint

2019-01-18 14:57:27,283 1 loss=0.9952105565286611
2019-01-18 14:57:27,284 2 loss=0.7718942590236572
2019-01-18 14:57:27,284 3 loss=0.6209008597530159
2019-01-18 14:57:27,285 4 loss=0.5219120820916887
2019-01-18 14:57:27,285 5 loss=0.45414665738149096
2019-01-18 14:57:27,286 6 loss=0.40540594092817406
2019-01-18 14:57:27,286 7 loss=0.3686827992836438
2019-01-18 14:57:27,287 8 loss=0.33988632513291706
2019-01-18 14:57:27,287 9 loss=0.3165578365579203
2019-01-18 14:57:27,288 10 loss=0.29716539168729966
2019-01-18 14:57:27,288 
*** Major Checkpoint. Computing Stats and Saving
2019-01-18 14:57:27,288 	 Computing Major Stats lazily... 
2019-01-18 14:57:27,288 		 Completed edges=90 good=90 bad=0
2019-01-18 14:57:27,290 Distortion avg=0.49267665804592237 wc=7.529536401468149 me=1.3640493057410688 mc=5.519988441603625 nan_elements=0
2019-01-18 14:57:27,290 MAP = 0.2224047619047619
2019-01-18 14:57:27,290 scale=[array([1.])]
2019-01-18 14:57:27,290 *** End Major Checkpoint

2019-01-18 14:57:27,291 11 loss=0.2807154598427042
2019-01-18 14:57:27,291 12 loss=0.26653646676785603
2019-01-18 14:57:27,292 13 loss=0.2541558994620364
2019-01-18 14:57:27,292 14 loss=0.24322893242261787
2019-01-18 14:57:27,293 15 loss=0.23349586568987266
2019-01-18 14:57:27,293 16 loss=0.22475596705896722
2019-01-18 14:57:27,294 17 loss=0.21685084625619
2019-01-18 14:57:27,294 18 loss=0.20965349809346234
2019-01-18 14:57:27,295 19 loss=0.20306080867981635
2019-01-18 14:57:27,295 20 loss=0.1969882429635687
2019-01-18 14:57:27,295 
*** Major Checkpoint. Computing Stats and Saving
2019-01-18 14:57:27,296 	 Computing Major Stats lazily... 
2019-01-18 14:57:27,296 		 Completed edges=90 good=90 bad=0
2019-01-18 14:57:27,298 Distortion avg=0.3952186485275654 wc=5.916471427991419 me=1.4517678488380186 mc=4.0753564233612884 nan_elements=0
2019-01-18 14:57:27,298 MAP = 0.531404761904762
2019-01-18 14:57:27,298 scale=[array([1.])]
2019-01-18 14:57:27,298 *** End Major Checkpoint

2019-01-18 14:57:27,298 21 loss=0.19136595376697033
2019-01-18 14:57:27,299 22 loss=0.18613585096923954
2019-01-18 14:57:27,299 23 loss=0.18124934270545873
2019-01-18 14:57:27,300 24 loss=0.17666556275680356
2019-01-18 14:57:27,300 25 loss=0.17234996009263015
2019-01-18 14:57:27,301 26 loss=0.1682731648641469
2019-01-18 14:57:27,301 27 loss=0.16441006969791752
2019-01-18 14:57:27,302 28 loss=0.16073908139444945
2019-01-18 14:57:27,302 29 loss=0.15724150926841643
2019-01-18 14:57:27,303 30 loss=0.15390106422417707
2019-01-18 14:57:27,303 
*** Major Checkpoint. Computing Stats and Saving
2019-01-18 14:57:27,303 	 Computing Major Stats lazily... 
2019-01-18 14:57:27,304 		 Completed edges=90 good=90 bad=0
2019-01-18 14:57:27,305 Distortion avg=0.3388004183019232 wc=5.612976977644444 me=1.505103747339162 mc=3.7292957296581686 nan_elements=0
2019-01-18 14:57:27,305 MAP = 0.7021190476190476
2019-01-18 14:57:27,305 scale=[array([1.])]
2019-01-18 14:57:27,306 *** End Major Checkpoint

2019-01-18 14:57:27,306 31 loss=0.15070344835070584
2019-01-18 14:57:27,307 32 loss=0.14763601902655377
2019-01-18 14:57:27,307 33 loss=0.14468751468474877
2019-01-18 14:57:27,308 34 loss=0.14184783179069843
2019-01-18 14:57:27,308 35 loss=0.13910784443501878
2019-01-18 14:57:27,308 36 loss=0.13645925938240738
2019-01-18 14:57:27,309 37 loss=0.13389450055307944
2019-01-18 14:57:27,310 38 loss=0.13140661782321
2019-01-18 14:57:27,310 39 loss=0.12898921577314135
2019-01-18 14:57:27,311 40 loss=0.12663639862929035
2019-01-18 14:57:27,311 
*** Major Checkpoint. Computing Stats and Saving
2019-01-18 14:57:27,311 	 Computing Major Stats lazily... 
2019-01-18 14:57:27,311 		 Completed edges=90 good=90 bad=0
2019-01-18 14:57:27,313 Distortion avg=0.29767810165993225 wc=5.328659747371333 me=1.495545519733556 mc=3.5630207687163398 nan_elements=0
2019-01-18 14:57:27,313 MAP = 0.7343333333333334
2019-01-18 14:57:27,313 scale=[array([1.])]
2019-01-18 14:57:27,313 *** End Major Checkpoint

2019-01-18 14:57:27,314 41 loss=0.12434272816858058
2019-01-18 14:57:27,314 42 loss=0.12210319180499053
2019-01-18 14:57:27,314 43 loss=0.11991317847233861
2019-01-18 14:57:27,315 44 loss=0.1177684602670944
2019-01-18 14:57:27,315 45 loss=0.11566517812805603
2019-01-18 14:57:27,316 46 loss=0.11359983011218439
2019-01-18 14:57:27,317 47 loss=0.11156926108214325
2019-01-18 14:57:27,317 48 loss=0.10957065285432013
2019-01-18 14:57:27,318 49 loss=0.10760151406841856
2019-01-18 14:57:27,318 50 loss=0.10565966923238237
2019-01-18 14:57:27,318 
*** Major Checkpoint. Computing Stats and Saving
2019-01-18 14:57:27,318 	 Computing Major Stats lazily... 
2019-01-18 14:57:27,319 		 Completed edges=90 good=90 bad=0
2019-01-18 14:57:27,320 Distortion avg=0.2666986409424815 wc=4.7519744449383055 me=1.4558708835166616 mc=3.264008160847268 nan_elements=0
2019-01-18 14:57:27,320 MAP = 0.8416666666666668
2019-01-18 14:57:27,321 scale=[array([1.])]
2019-01-18 14:57:27,321 *** End Major Checkpoint

2019-01-18 14:57:27,321 final loss=0.10565966923238237
2019-01-18 14:57:27,321 best loss=0.10565966923238237, distortion=0.2666986409424815, map=0.8416666666666668, wc_dist=4.7519744449383055
2019-01-18 14:57:27,321 	 Computing Major Stats lazily... 
2019-01-18 14:57:27,321 		 Completed edges=90 good=90 bad=0
2019-01-18 14:57:27,323 Distortion avg=0.2666986409424814 wc=4.7519744449383055 me=1.4558708835166616 mc=3.264008160847268 nan_elements=0
2019-01-18 14:57:27,323 MAP = 0.8416666666666668
2019-01-18 14:57:27,323 scale=[array([1.])]
