2019-01-18 14:52:26,767 Commandline ['pytorch/pytorch_hyperbolic.py', 'learn', 'data/edges/parsing/ewt/ewt_dev/163.edges', '--dim', '0', '--hyp', '0', '--edim', '10', '--euc', '1', '--sdim', '0', '--sph', '0', '--log-name', 'ewt_devr2/163.edges.E10-1.lr1.log', '--batch-size', '65536', '--epochs', '50', '--checkpoint-freq', '10', '-g', '--subsample', '1024', '--learning-rate', '1']
2019-01-18 14:52:26,767 No Model Save selected!
2019-01-18 14:52:26,768 Loaded Graph data/edges/parsing/ewt/ewt_dev/163.edges with 20 nodes scale=1.0
2019-01-18 14:52:26,769 Building dataset
2019-01-18 14:52:26,769 Subsample: 20 points with scale 1.0 subsample=19
2019-01-18 14:52:26,791 Built Data Sampler
2019-01-18 14:52:26,791 Creating a fresh model warm_start?=None
2019-01-18 14:52:26,791 	 Warmstarting? None None 20
2019-01-18 14:52:26,791 Embedding() torch.Size([20, 10])
2019-01-18 14:52:26,791 relative No Rescale
2019-01-18 14:52:26,792 Constructed model with dim=0 and epochs=0 isnan=False
2019-01-18 14:52:26,792 SGD (
Parameter Group 0
    dampening: 0
    initial_lr: 0.1
    lr: 1.0
    momentum: 0.0
    nesterov: False
    weight_decay: 0

Parameter Group 1
    dampening: 0
    initial_lr: 0.1
    lr: 1.0
    momentum: 0.0
    nesterov: False
    weight_decay: 0

Parameter Group 2
    dampening: 0
    initial_lr: 0.1
    lr: 1.0
    momentum: 0.0
    nesterov: False
    weight_decay: 0

Parameter Group 3
    dampening: 0
    initial_lr: 0.0001
    lr: 0.001
    momentum: 0.0
    nesterov: False
    weight_decay: 0
)
2019-01-18 14:52:26,792 *** Initial Checkpoint. Computing Stats
2019-01-18 14:52:26,792 	 Computing Major Stats lazily... 
2019-01-18 14:52:26,794 		 Completed edges=380 good=380 bad=0
2019-01-18 14:52:26,798 Distortion avg=0.9981819073559172 wc=16.027608614294472 me=0.006196519622161948 mc=2586.550126779472 nan_elements=0
2019-01-18 14:52:26,798 MAP = 0.14345125166371295
2019-01-18 14:52:26,798 scale=[array([1.])]
2019-01-18 14:52:26,798 *** End Initial Checkpoint

2019-01-18 14:52:26,856 1 loss=0.9963683602821057
2019-01-18 14:52:26,857 2 loss=0.9233103082838449
2019-01-18 14:52:26,858 3 loss=0.856991239605407
2019-01-18 14:52:26,859 4 loss=0.798751341621355
2019-01-18 14:52:26,859 5 loss=0.7476298641332272
2019-01-18 14:52:26,860 6 loss=0.7026214946264395
2019-01-18 14:52:26,861 7 loss=0.6628348320623085
2019-01-18 14:52:26,861 8 loss=0.6275069554818672
2019-01-18 14:52:26,862 9 loss=0.5959925975805054
2019-01-18 14:52:26,863 10 loss=0.567748401949521
2019-01-18 14:52:26,863 
*** Major Checkpoint. Computing Stats and Saving
2019-01-18 14:52:26,863 	 Computing Major Stats lazily... 
2019-01-18 14:52:26,865 		 Completed edges=380 good=380 bad=0
2019-01-18 14:52:26,868 Distortion avg=0.7055921188708509 wc=19.01972255123466 me=1.1800875631969112 mc=16.117212946223553 nan_elements=0
2019-01-18 14:52:26,868 MAP = 0.09336963828593638
2019-01-18 14:52:26,868 scale=[array([1.])]
2019-01-18 14:52:26,868 *** End Major Checkpoint

2019-01-18 14:52:26,869 11 loss=0.5423174116733547
2019-01-18 14:52:26,869 12 loss=0.5193152107336481
2019-01-18 14:52:26,870 13 loss=0.49841800738646597
2019-01-18 14:52:26,871 14 loss=0.4793525709631983
2019-01-18 14:52:26,871 15 loss=0.4618878133198648
2019-01-18 14:52:26,872 16 loss=0.44582778186226096
2019-01-18 14:52:26,873 17 loss=0.43100584319920615
2019-01-18 14:52:26,873 18 loss=0.4172798612636353
2019-01-18 14:52:26,874 19 loss=0.40452820131382033
2019-01-18 14:52:26,875 20 loss=0.3926464175095796
2019-01-18 14:52:26,875 
*** Major Checkpoint. Computing Stats and Saving
2019-01-18 14:52:26,875 	 Computing Major Stats lazily... 
2019-01-18 14:52:26,877 		 Completed edges=380 good=380 bad=0
2019-01-18 14:52:26,880 Distortion avg=0.5913672730093145 wc=13.484678526009878 me=1.4762253277468818 mc=9.134566568229213 nan_elements=0
2019-01-18 14:52:26,880 MAP = 0.11004823106245318
2019-01-18 14:52:26,880 scale=[array([1.])]
2019-01-18 14:52:26,880 *** End Major Checkpoint

2019-01-18 14:52:26,881 21 loss=0.3815445052187967
2019-01-18 14:52:26,881 22 loss=0.3711446194525103
2019-01-18 14:52:26,882 23 loss=0.3613791779566719
2019-01-18 14:52:26,883 24 loss=0.3521892818121851
2019-01-18 14:52:26,883 25 loss=0.34352339828093303
2019-01-18 14:52:26,884 26 loss=0.3353362604500237
2019-01-18 14:52:26,885 27 loss=0.32758794630418187
2019-01-18 14:52:26,886 28 loss=0.32024310649052723
2019-01-18 14:52:26,886 29 loss=0.31327031548199086
2019-01-18 14:52:26,887 30 loss=0.3066415253066305
2019-01-18 14:52:26,887 
*** Major Checkpoint. Computing Stats and Saving
2019-01-18 14:52:26,887 	 Computing Major Stats lazily... 
2019-01-18 14:52:26,889 		 Completed edges=380 good=380 bad=0
2019-01-18 14:52:26,892 Distortion avg=0.5215483637518379 wc=10.57518651648997 me=1.5449819768464355 mc=6.844860765350596 nan_elements=0
2019-01-18 14:52:26,892 MAP = 0.13917523671227783
2019-01-18 14:52:26,892 scale=[array([1.])]
2019-01-18 14:52:26,892 *** End Major Checkpoint

2019-01-18 14:52:26,893 31 loss=0.3003316046663061
2019-01-18 14:52:26,893 32 loss=0.29431794926527155
2019-01-18 14:52:26,894 33 loss=0.28858015162724937
2019-01-18 14:52:26,895 34 loss=0.28309972069692163
2019-01-18 14:52:26,896 35 loss=0.27785984317907075
2019-01-18 14:52:26,896 36 loss=0.27284517993166
2019-01-18 14:52:26,897 37 loss=0.26804169185167726
2019-01-18 14:52:26,898 38 loss=0.26343649061835017
2019-01-18 14:52:26,899 39 loss=0.2590177104230987
2019-01-18 14:52:26,899 40 loss=0.25477439744837893
2019-01-18 14:52:26,899 
*** Major Checkpoint. Computing Stats and Saving
2019-01-18 14:52:26,899 	 Computing Major Stats lazily... 
2019-01-18 14:52:26,901 		 Completed edges=380 good=380 bad=0
2019-01-18 14:52:26,904 Distortion avg=0.4660970485278657 wc=9.566211517756514 me=1.6729189253768293 mc=5.718275627494441 nan_elements=0
2019-01-18 14:52:26,904 MAP = 0.18246384334619628
2019-01-18 14:52:26,904 scale=[array([1.])]
2019-01-18 14:52:26,904 *** End Major Checkpoint

2019-01-18 14:52:26,905 41 loss=0.25069641438212087
2019-01-18 14:52:26,906 42 loss=0.24677435769009112
2019-01-18 14:52:26,906 43 loss=0.24299948573098656
2019-01-18 14:52:26,907 44 loss=0.23936365610127663
2019-01-18 14:52:26,908 45 loss=0.23585927084926125
2019-01-18 14:52:26,909 46 loss=0.23247922840912602
2019-01-18 14:52:26,909 47 loss=0.22921688128299128
2019-01-18 14:52:26,910 48 loss=0.2260659986478657
2019-01-18 14:52:26,911 49 loss=0.22302073318975418
2019-01-18 14:52:26,911 50 loss=0.2200755915728866
2019-01-18 14:52:26,912 
*** Major Checkpoint. Computing Stats and Saving
2019-01-18 14:52:26,912 	 Computing Major Stats lazily... 
2019-01-18 14:52:26,913 		 Completed edges=380 good=380 bad=0
2019-01-18 14:52:26,916 Distortion avg=0.42310679623764663 wc=8.988751068318265 me=1.775911572362525 mc=5.061485722715562 nan_elements=0
2019-01-18 14:52:26,917 MAP = 0.2971488798899513
2019-01-18 14:52:26,917 scale=[array([1.])]
2019-01-18 14:52:26,917 *** End Major Checkpoint

2019-01-18 14:52:26,917 final loss=0.2200755915728866
2019-01-18 14:52:26,917 best loss=0.2200755915728866, distortion=0.42310679623764663, map=0.2971488798899513, wc_dist=8.988751068318265
2019-01-18 14:52:26,917 	 Computing Major Stats lazily... 
2019-01-18 14:52:26,919 		 Completed edges=380 good=380 bad=0
2019-01-18 14:52:26,922 Distortion avg=0.42310679623764685 wc=8.988751068318265 me=1.775911572362525 mc=5.061485722715562 nan_elements=0
2019-01-18 14:52:26,922 MAP = 0.2971488798899513
2019-01-18 14:52:26,923 scale=[array([1.])]
