2019-01-18 14:41:29,419 Commandline ['pytorch/pytorch_hyperbolic.py', 'learn', 'data/edges/parsing/ewt/ewt_dev/1630.edges', '--dim', '0', '--hyp', '0', '--edim', '10', '--euc', '1', '--sdim', '0', '--sph', '0', '--log-name', 'ewt_devr2/1630.edges.E10-1.lr1.log', '--batch-size', '65536', '--epochs', '50', '-g', '--subsample', '1024', '--learning-rate', '1']
2019-01-18 14:41:29,419 No Model Save selected!
2019-01-18 14:41:29,421 Loaded Graph data/edges/parsing/ewt/ewt_dev/1630.edges with 9 nodes scale=1.0
2019-01-18 14:41:29,421 Building dataset
2019-01-18 14:41:29,422 Subsample: 9 points with scale 1.0 subsample=8
2019-01-18 14:41:29,429 Built Data Sampler
2019-01-18 14:41:29,429 Creating a fresh model warm_start?=None
2019-01-18 14:41:29,429 	 Warmstarting? None None 9
2019-01-18 14:41:29,430 Embedding() torch.Size([9, 10])
2019-01-18 14:41:29,430 relative No Rescale
2019-01-18 14:41:29,430 Constructed model with dim=0 and epochs=0 isnan=False
2019-01-18 14:41:29,430 SGD (
Parameter Group 0
    dampening: 0
    initial_lr: 0.1
    lr: 1.0
    momentum: 0.0
    nesterov: False
    weight_decay: 0

Parameter Group 1
    dampening: 0
    initial_lr: 0.1
    lr: 1.0
    momentum: 0.0
    nesterov: False
    weight_decay: 0

Parameter Group 2
    dampening: 0
    initial_lr: 0.1
    lr: 1.0
    momentum: 0.0
    nesterov: False
    weight_decay: 0

Parameter Group 3
    dampening: 0
    initial_lr: 0.0001
    lr: 0.001
    momentum: 0.0
    nesterov: False
    weight_decay: 0
)
2019-01-18 14:41:29,431 *** Initial Checkpoint. Computing Stats
2019-01-18 14:41:29,431 	 Computing Major Stats lazily... 
2019-01-18 14:41:29,432 		 Completed edges=72 good=72 bad=0
2019-01-18 14:41:29,433 Distortion avg=0.9976769227550175 wc=8.119469606690975 me=0.005941110731069004 mc=1366.658521314921 nan_elements=0
2019-01-18 14:41:29,433 MAP = 0.37636684303350976
2019-01-18 14:41:29,434 scale=[array([1.])]
2019-01-18 14:41:29,434 *** End Initial Checkpoint

2019-01-18 14:41:29,491 1 loss=0.9953612339275083
2019-01-18 14:41:29,492 2 loss=0.7464564742413845
2019-01-18 14:41:29,493 3 loss=0.5879418448614647
2019-01-18 14:41:29,493 4 loss=0.4925648562333691
2019-01-18 14:41:29,494 5 loss=0.4330023496104606
2019-01-18 14:41:29,494 6 loss=0.3935660383671524
2019-01-18 14:41:29,495 7 loss=0.365628127503088
2019-01-18 14:41:29,495 8 loss=0.34445840724974824
2019-01-18 14:41:29,496 9 loss=0.32743955111774725
2019-01-18 14:41:29,496 10 loss=0.3130984322136894
2019-01-18 14:41:29,497 11 loss=0.3005846272834351
2019-01-18 14:41:29,497 12 loss=0.289389219352423
2019-01-18 14:41:29,498 13 loss=0.27919241391740396
2019-01-18 14:41:29,499 14 loss=0.26978052517561657
2019-01-18 14:41:29,499 15 loss=0.2610006056423352
2019-01-18 14:41:29,500 16 loss=0.2527356724032204
2019-01-18 14:41:29,500 17 loss=0.2448912823097934
2019-01-18 14:41:29,501 18 loss=0.23738838417637018
2019-01-18 14:41:29,501 19 loss=0.23015963422734714
2019-01-18 14:41:29,502 20 loss=0.22314759472056617
2019-01-18 14:41:29,502 21 loss=0.21630391570882262
2019-01-18 14:41:29,503 22 loss=0.2095889778811814
2019-01-18 14:41:29,503 23 loss=0.20297168725029094
2019-01-18 14:41:29,504 24 loss=0.19642923609433152
2019-01-18 14:41:29,504 25 loss=0.1899467216221745
2019-01-18 14:41:29,505 26 loss=0.18351656768039368
2019-01-18 14:41:29,505 27 loss=0.17713773706977928
2019-01-18 14:41:29,506 28 loss=0.17081475689458522
2019-01-18 14:41:29,506 29 loss=0.16455660672369374
2019-01-18 14:41:29,507 30 loss=0.1583755373199083
2019-01-18 14:41:29,507 31 loss=0.15228589468222312
2019-01-18 14:41:29,508 32 loss=0.14630302010755378
2019-01-18 14:41:29,508 33 loss=0.14044228382087173
2019-01-18 14:41:29,509 34 loss=0.13471829083809192
2019-01-18 14:41:29,509 35 loss=0.12914427704539688
2019-01-18 14:41:29,510 36 loss=0.12373169449349726
2019-01-18 14:41:29,510 37 loss=0.11848997000338751
2019-01-18 14:41:29,511 38 loss=0.11342641142849648
2019-01-18 14:41:29,511 39 loss=0.10854623122913465
2019-01-18 14:41:29,512 40 loss=0.1038526565260566
2019-01-18 14:41:29,512 41 loss=0.09934709729150598
2019-01-18 14:41:29,513 42 loss=0.09502934857191729
2019-01-18 14:41:29,513 43 loss=0.09089780757528389
2019-01-18 14:41:29,514 44 loss=0.08694969134267144
2019-01-18 14:41:29,514 45 loss=0.08318124508997807
2019-01-18 14:41:29,515 46 loss=0.07958793492522948
2019-01-18 14:41:29,515 47 loss=0.07616462146415887
2019-01-18 14:41:29,516 48 loss=0.07290571293695311
2019-01-18 14:41:29,516 49 loss=0.06980529781244647
2019-01-18 14:41:29,517 50 loss=0.06685725789229038
2019-01-18 14:41:29,517 final loss=0.06685725789229038
2019-01-18 14:41:29,517 best loss=10000000000.0, distortion=10000000000.0, map=0.0, wc_dist=10000000000.0
2019-01-18 14:41:29,517 	 Computing Major Stats lazily... 
2019-01-18 14:41:29,517 		 Completed edges=72 good=72 bad=0
2019-01-18 14:41:29,519 Distortion avg=0.22680989522882852 wc=2.7224587284288546 me=1.2586528512746245 mc=2.1629941295344857 nan_elements=0
2019-01-18 14:41:29,519 MAP = 1.0
2019-01-18 14:41:29,519 scale=[array([1.])]
2019-01-18 14:58:35,632 Commandline ['pytorch/pytorch_hyperbolic.py', 'learn', 'data/edges/parsing/ewt/ewt_dev/1630.edges', '--dim', '0', '--hyp', '0', '--edim', '10', '--euc', '1', '--sdim', '0', '--sph', '0', '--log-name', 'ewt_devr2/1630.edges.E10-1.lr1.log', '--batch-size', '65536', '--epochs', '50', '--checkpoint-freq', '10', '-g', '--subsample', '1024', '--learning-rate', '1']
2019-01-18 14:58:35,633 No Model Save selected!
2019-01-18 14:58:35,634 Loaded Graph data/edges/parsing/ewt/ewt_dev/1630.edges with 9 nodes scale=1.0
2019-01-18 14:58:35,634 Building dataset
2019-01-18 14:58:35,635 Subsample: 9 points with scale 1.0 subsample=8
2019-01-18 14:58:35,643 Built Data Sampler
2019-01-18 14:58:35,643 Creating a fresh model warm_start?=None
2019-01-18 14:58:35,643 	 Warmstarting? None None 9
2019-01-18 14:58:35,643 Embedding() torch.Size([9, 10])
2019-01-18 14:58:35,643 relative No Rescale
2019-01-18 14:58:35,644 Constructed model with dim=0 and epochs=0 isnan=False
2019-01-18 14:58:35,644 SGD (
Parameter Group 0
    dampening: 0
    initial_lr: 0.1
    lr: 1.0
    momentum: 0.0
    nesterov: False
    weight_decay: 0

Parameter Group 1
    dampening: 0
    initial_lr: 0.1
    lr: 1.0
    momentum: 0.0
    nesterov: False
    weight_decay: 0

Parameter Group 2
    dampening: 0
    initial_lr: 0.1
    lr: 1.0
    momentum: 0.0
    nesterov: False
    weight_decay: 0

Parameter Group 3
    dampening: 0
    initial_lr: 0.0001
    lr: 0.001
    momentum: 0.0
    nesterov: False
    weight_decay: 0
)
2019-01-18 14:58:35,644 *** Initial Checkpoint. Computing Stats
2019-01-18 14:58:35,644 	 Computing Major Stats lazily... 
2019-01-18 14:58:35,645 		 Completed edges=72 good=72 bad=0
2019-01-18 14:58:35,646 Distortion avg=0.9976769227550175 wc=8.119469606690975 me=0.005941110731069004 mc=1366.658521314921 nan_elements=0
2019-01-18 14:58:35,646 MAP = 0.37636684303350976
2019-01-18 14:58:35,647 scale=[array([1.])]
2019-01-18 14:58:35,647 *** End Initial Checkpoint

2019-01-18 14:58:35,703 1 loss=0.9953612339275083
2019-01-18 14:58:35,704 2 loss=0.7464564742413845
2019-01-18 14:58:35,704 3 loss=0.5879418448614647
2019-01-18 14:58:35,705 4 loss=0.4925648562333691
2019-01-18 14:58:35,705 5 loss=0.4330023496104606
2019-01-18 14:58:35,706 6 loss=0.3935660383671524
2019-01-18 14:58:35,706 7 loss=0.365628127503088
2019-01-18 14:58:35,707 8 loss=0.34445840724974824
2019-01-18 14:58:35,707 9 loss=0.32743955111774725
2019-01-18 14:58:35,708 10 loss=0.3130984322136894
2019-01-18 14:58:35,708 
*** Major Checkpoint. Computing Stats and Saving
2019-01-18 14:58:35,708 	 Computing Major Stats lazily... 
2019-01-18 14:58:35,708 		 Completed edges=72 good=72 bad=0
2019-01-18 14:58:35,710 Distortion avg=0.5193133870987579 wc=6.883947021080686 me=1.407876122551074 mc=4.8895971107223275 nan_elements=0
2019-01-18 14:58:35,710 MAP = 0.22314814814814815
2019-01-18 14:58:35,710 scale=[array([1.])]
2019-01-18 14:58:35,710 *** End Major Checkpoint

2019-01-18 14:58:35,711 11 loss=0.3005846272834351
2019-01-18 14:58:35,711 12 loss=0.289389219352423
2019-01-18 14:58:35,712 13 loss=0.2791924139174039
2019-01-18 14:58:35,712 14 loss=0.26978052517561657
2019-01-18 14:58:35,713 15 loss=0.2610006056423352
2019-01-18 14:58:35,713 16 loss=0.2527356724032205
2019-01-18 14:58:35,714 17 loss=0.2448912823097934
2019-01-18 14:58:35,714 18 loss=0.2373883841763701
2019-01-18 14:58:35,714 19 loss=0.23015963422734714
2019-01-18 14:58:35,715 20 loss=0.22314759472056617
2019-01-18 14:58:35,715 
*** Major Checkpoint. Computing Stats and Saving
2019-01-18 14:58:35,715 	 Computing Major Stats lazily... 
2019-01-18 14:58:35,716 		 Completed edges=72 good=72 bad=0
2019-01-18 14:58:35,717 Distortion avg=0.4343689299004983 wc=5.439217365955305 me=1.5153731892215785 mc=3.5893583208696858 nan_elements=0
2019-01-18 14:58:35,717 MAP = 0.46031746031746035
2019-01-18 14:58:35,717 scale=[array([1.])]
2019-01-18 14:58:35,717 *** End Major Checkpoint

2019-01-18 14:58:35,718 21 loss=0.21630391570882257
2019-01-18 14:58:35,718 22 loss=0.20958897788118144
2019-01-18 14:58:35,719 23 loss=0.20297168725029102
2019-01-18 14:58:35,719 24 loss=0.19642923609433155
2019-01-18 14:58:35,720 25 loss=0.18994672162217452
2019-01-18 14:58:35,720 26 loss=0.1835165676803937
2019-01-18 14:58:35,721 27 loss=0.17713773706977928
2019-01-18 14:58:35,721 28 loss=0.17081475689458525
2019-01-18 14:58:35,722 29 loss=0.16455660672369377
2019-01-18 14:58:35,722 30 loss=0.1583755373199083
2019-01-18 14:58:35,722 
*** Major Checkpoint. Computing Stats and Saving
2019-01-18 14:58:35,722 	 Computing Major Stats lazily... 
2019-01-18 14:58:35,723 		 Completed edges=72 good=72 bad=0
2019-01-18 14:58:35,724 Distortion avg=0.3578611877240287 wc=4.470467865773857 me=1.4595568397874294 mc=3.062893985290041 nan_elements=0
2019-01-18 14:58:35,724 MAP = 0.7283950617283951
2019-01-18 14:58:35,725 scale=[array([1.])]
2019-01-18 14:58:35,725 *** End Major Checkpoint

2019-01-18 14:58:35,725 31 loss=0.15228589468222312
2019-01-18 14:58:35,726 32 loss=0.14630302010755375
2019-01-18 14:58:35,726 33 loss=0.14044228382087168
2019-01-18 14:58:35,727 34 loss=0.13471829083809192
2019-01-18 14:58:35,727 35 loss=0.1291442770453969
2019-01-18 14:58:35,728 36 loss=0.12373169449349722
2019-01-18 14:58:35,729 37 loss=0.11848997000338753
2019-01-18 14:58:35,729 38 loss=0.11342641142849648
2019-01-18 14:58:35,730 39 loss=0.10854623122913463
2019-01-18 14:58:35,730 40 loss=0.10385265652605657
2019-01-18 14:58:35,730 
*** Major Checkpoint. Computing Stats and Saving
2019-01-18 14:58:35,730 	 Computing Major Stats lazily... 
2019-01-18 14:58:35,731 		 Completed edges=72 good=72 bad=0
2019-01-18 14:58:35,732 Distortion avg=0.28749451831879047 wc=3.4697342419858477 me=1.351183989482007 mc=2.5679213704389827 nan_elements=0
2019-01-18 14:58:35,732 MAP = 1.0
2019-01-18 14:58:35,733 scale=[array([1.])]
2019-01-18 14:58:35,733 *** End Major Checkpoint

2019-01-18 14:58:35,733 41 loss=0.09934709729150598
2019-01-18 14:58:35,734 42 loss=0.09502934857191726
2019-01-18 14:58:35,734 43 loss=0.0908978075752839
2019-01-18 14:58:35,735 44 loss=0.08694969134267141
2019-01-18 14:58:35,735 45 loss=0.08318124508997803
2019-01-18 14:58:35,735 46 loss=0.07958793492522948
2019-01-18 14:58:35,736 47 loss=0.07616462146415887
2019-01-18 14:58:35,736 48 loss=0.07290571293695308
2019-01-18 14:58:35,737 49 loss=0.06980529781244646
2019-01-18 14:58:35,737 50 loss=0.06685725789229037
2019-01-18 14:58:35,737 
*** Major Checkpoint. Computing Stats and Saving
2019-01-18 14:58:35,738 	 Computing Major Stats lazily... 
2019-01-18 14:58:35,738 		 Completed edges=72 good=72 bad=0
2019-01-18 14:58:35,740 Distortion avg=0.22680989522882855 wc=2.7224587284288546 me=1.2586528512746245 mc=2.1629941295344857 nan_elements=0
2019-01-18 14:58:35,740 MAP = 1.0
2019-01-18 14:58:35,740 scale=[array([1.])]
2019-01-18 14:58:35,740 *** End Major Checkpoint

2019-01-18 14:58:35,740 final loss=0.06685725789229037
2019-01-18 14:58:35,740 best loss=0.06685725789229037, distortion=0.22680989522882855, map=1.0, wc_dist=2.7224587284288546
2019-01-18 14:58:35,740 	 Computing Major Stats lazily... 
2019-01-18 14:58:35,741 		 Completed edges=72 good=72 bad=0
2019-01-18 14:58:35,743 Distortion avg=0.22680989522882852 wc=2.7224587284288546 me=1.2586528512746245 mc=2.1629941295344857 nan_elements=0
2019-01-18 14:58:35,743 MAP = 1.0
2019-01-18 14:58:35,743 scale=[array([1.])]
