2019-01-18 14:58:49,138 Commandline ['pytorch/pytorch_hyperbolic.py', 'learn', 'data/edges/parsing/ewt/ewt_dev/1631.edges', '--dim', '0', '--hyp', '0', '--edim', '10', '--euc', '1', '--sdim', '0', '--sph', '0', '--log-name', 'ewt_devr2/1631.edges.E10-1.lr1.log', '--batch-size', '65536', '--epochs', '50', '--checkpoint-freq', '10', '-g', '--subsample', '1024', '--learning-rate', '1']
2019-01-18 14:58:49,138 No Model Save selected!
2019-01-18 14:58:49,140 Loaded Graph data/edges/parsing/ewt/ewt_dev/1631.edges with 7 nodes scale=1.0
2019-01-18 14:58:49,140 Building dataset
2019-01-18 14:58:49,141 Subsample: 7 points with scale 1.0 subsample=6
2019-01-18 14:58:49,146 Built Data Sampler
2019-01-18 14:58:49,146 Creating a fresh model warm_start?=None
2019-01-18 14:58:49,146 	 Warmstarting? None None 7
2019-01-18 14:58:49,146 Embedding() torch.Size([7, 10])
2019-01-18 14:58:49,146 relative No Rescale
2019-01-18 14:58:49,146 Constructed model with dim=0 and epochs=0 isnan=False
2019-01-18 14:58:49,147 SGD (
Parameter Group 0
    dampening: 0
    initial_lr: 0.1
    lr: 1.0
    momentum: 0.0
    nesterov: False
    weight_decay: 0

Parameter Group 1
    dampening: 0
    initial_lr: 0.1
    lr: 1.0
    momentum: 0.0
    nesterov: False
    weight_decay: 0

Parameter Group 2
    dampening: 0
    initial_lr: 0.1
    lr: 1.0
    momentum: 0.0
    nesterov: False
    weight_decay: 0

Parameter Group 3
    dampening: 0
    initial_lr: 0.0001
    lr: 0.001
    momentum: 0.0
    nesterov: False
    weight_decay: 0
)
2019-01-18 14:58:49,147 *** Initial Checkpoint. Computing Stats
2019-01-18 14:58:49,147 	 Computing Major Stats lazily... 
2019-01-18 14:58:49,148 		 Completed edges=42 good=42 bad=0
2019-01-18 14:58:49,149 Distortion avg=0.9973177068517345 wc=5.448327215027938 me=0.005628252251848828 mc=968.0318100949036 nan_elements=0
2019-01-18 14:58:49,149 MAP = 0.3190476190476191
2019-01-18 14:58:49,149 scale=[array([1.])]
2019-01-18 14:58:49,149 *** End Initial Checkpoint

2019-01-18 14:58:49,206 1 loss=0.9946449772793784
2019-01-18 14:58:49,206 2 loss=0.6010769907410458
2019-01-18 14:58:49,207 3 loss=0.43154901862680883
2019-01-18 14:58:49,207 4 loss=0.3542703227156774
2019-01-18 14:58:49,208 5 loss=0.31155383126002195
2019-01-18 14:58:49,208 6 loss=0.2830187732252069
2019-01-18 14:58:49,209 7 loss=0.2612163179396432
2019-01-18 14:58:49,209 8 loss=0.24314875993795987
2019-01-18 14:58:49,210 9 loss=0.2274205291588146
2019-01-18 14:58:49,210 10 loss=0.2132685097300268
2019-01-18 14:58:49,210 
*** Major Checkpoint. Computing Stats and Saving
2019-01-18 14:58:49,210 	 Computing Major Stats lazily... 
2019-01-18 14:58:49,211 		 Completed edges=42 good=42 bad=0
2019-01-18 14:58:49,212 Distortion avg=0.41444690413733704 wc=4.3987240692052945 me=1.3563003974720773 mc=3.2431783382234483 nan_elements=0
2019-01-18 14:58:49,212 MAP = 0.5182539682539683
2019-01-18 14:58:49,212 scale=[array([1.])]
2019-01-18 14:58:49,212 *** End Major Checkpoint

2019-01-18 14:58:49,213 11 loss=0.20022123116320517
2019-01-18 14:58:49,213 12 loss=0.18797173416899846
2019-01-18 14:58:49,213 13 loss=0.17632371365219118
2019-01-18 14:58:49,214 14 loss=0.16516249364621607
2019-01-18 14:58:49,214 15 loss=0.15443414830299856
2019-01-18 14:58:49,215 16 loss=0.14412751816917457
2019-01-18 14:58:49,215 17 loss=0.13425811460757273
2019-01-18 14:58:49,216 18 loss=0.12485435594780225
2019-01-18 14:58:49,216 19 loss=0.11594680062659224
2019-01-18 14:58:49,217 20 loss=0.10756071704957895
2019-01-18 14:58:49,217 
*** Major Checkpoint. Computing Stats and Saving
2019-01-18 14:58:49,217 	 Computing Major Stats lazily... 
2019-01-18 14:58:49,217 		 Completed edges=42 good=42 bad=0
2019-01-18 14:58:49,218 Distortion avg=0.2850487601499201 wc=2.7653608079492344 me=1.2778446658695175 mc=2.164082131271822 nan_elements=0
2019-01-18 14:58:49,218 MAP = 1.0
2019-01-18 14:58:49,218 scale=[array([1.])]
2019-01-18 14:58:49,219 *** End Major Checkpoint

2019-01-18 14:58:49,219 21 loss=0.0997118508849959
2019-01-18 14:58:49,219 22 loss=0.0924048569175832
2019-01-18 14:58:49,220 23 loss=0.08563365943378412
2019-01-18 14:58:49,220 24 loss=0.07938299136958081
2019-01-18 14:58:49,221 25 loss=0.07363047868222576
2019-01-18 14:58:49,221 26 loss=0.06834881047314918
2019-01-18 14:58:49,222 27 loss=0.06350771054578057
2019-01-18 14:58:49,222 28 loss=0.059075569984943656
2019-01-18 14:58:49,223 29 loss=0.05502070190352969
2019-01-18 14:58:49,223 30 loss=0.05131224121796603
2019-01-18 14:58:49,223 
*** Major Checkpoint. Computing Stats and Saving
2019-01-18 14:58:49,223 	 Computing Major Stats lazily... 
2019-01-18 14:58:49,224 		 Completed edges=42 good=42 bad=0
2019-01-18 14:58:49,225 Distortion avg=0.1932899579684144 wc=1.9947936865401026 me=1.1719883404521159 mc=1.7020593274593283 nan_elements=0
2019-01-18 14:58:49,225 MAP = 1.0
2019-01-18 14:58:49,225 scale=[array([1.])]
2019-01-18 14:58:49,225 *** End Major Checkpoint

2019-01-18 14:58:49,225 31 loss=0.04792074297389681
2019-01-18 14:58:49,226 32 loss=0.04481854239915538
2019-01-18 14:58:49,226 33 loss=0.04197993717894231
2019-01-18 14:58:49,227 34 loss=0.039381243780559363
2019-01-18 14:58:49,227 35 loss=0.03700076909297577
2019-01-18 14:58:49,228 36 loss=0.03481872849205211
2019-01-18 14:58:49,228 37 loss=0.032817132765023044
2019-01-18 14:58:49,229 38 loss=0.030979659443384332
2019-01-18 14:58:49,229 39 loss=0.029291518913243574
2019-01-18 14:58:49,229 40 loss=0.02773932193148463
2019-01-18 14:58:49,229 
*** Major Checkpoint. Computing Stats and Saving
2019-01-18 14:58:49,230 	 Computing Major Stats lazily... 
2019-01-18 14:58:49,230 		 Completed edges=42 good=42 bad=0
2019-01-18 14:58:49,231 Distortion avg=0.14115606960945942 wc=1.7126121168106945 me=1.1636441487234608 mc=1.4717661913132651 nan_elements=0
2019-01-18 14:58:49,231 MAP = 1.0
2019-01-18 14:58:49,231 scale=[array([1.])]
2019-01-18 14:58:49,231 *** End Major Checkpoint

2019-01-18 14:58:49,232 41 loss=0.02631095256517439
2019-01-18 14:58:49,232 42 loss=0.024995448803217954
2019-01-18 14:58:49,233 43 loss=0.023782891925249898
2019-01-18 14:58:49,233 44 loss=0.022664304969171056
2019-01-18 14:58:49,234 45 loss=0.021631560180234228
2019-01-18 14:58:49,234 46 loss=0.020677295055113294
2019-01-18 14:58:49,234 47 loss=0.019794836447751197
2019-01-18 14:58:49,235 48 loss=0.01897813213535625
2019-01-18 14:58:49,235 49 loss=0.018221689223199854
2019-01-18 14:58:49,236 50 loss=0.01752051877664824
2019-01-18 14:58:49,236 
*** Major Checkpoint. Computing Stats and Saving
2019-01-18 14:58:49,236 	 Computing Major Stats lazily... 
2019-01-18 14:58:49,236 		 Completed edges=42 good=42 bad=0
2019-01-18 14:58:49,237 Distortion avg=0.11221415013199655 wc=1.5579315401581766 me=1.1577867443133902 mc=1.3456118303393487 nan_elements=0
2019-01-18 14:58:49,237 MAP = 1.0
2019-01-18 14:58:49,238 scale=[array([1.])]
2019-01-18 14:58:49,238 *** End Major Checkpoint

2019-01-18 14:58:49,238 final loss=0.01752051877664824
2019-01-18 14:58:49,238 best loss=0.01752051877664824, distortion=0.11221415013199655, map=1.0, wc_dist=1.5579315401581766
2019-01-18 14:58:49,238 	 Computing Major Stats lazily... 
2019-01-18 14:58:49,238 		 Completed edges=42 good=42 bad=0
2019-01-18 14:58:49,239 Distortion avg=0.11221415013199662 wc=1.5579315401581766 me=1.1577867443133902 mc=1.3456118303393487 nan_elements=0
2019-01-18 14:58:49,239 MAP = 1.0
2019-01-18 14:58:49,240 scale=[array([1.])]
