2019-01-18 15:13:23,628 Commandline ['pytorch/pytorch_hyperbolic.py', 'learn', 'data/edges/parsing/ewt/ewt_dev/1632.edges', '--dim', '0', '--hyp', '0', '--edim', '10', '--euc', '1', '--sdim', '0', '--sph', '0', '--log-name', 'ewt_devr2/1632.edges.E10-1.lr1.log', '--batch-size', '65536', '--epochs', '50', '--checkpoint-freq', '10', '-g', '--subsample', '1024', '--learning-rate', '1']
2019-01-18 15:13:23,628 No Model Save selected!
2019-01-18 15:13:23,630 Loaded Graph data/edges/parsing/ewt/ewt_dev/1632.edges with 5 nodes scale=1.0
2019-01-18 15:13:23,630 Building dataset
2019-01-18 15:13:23,630 Subsample: 5 points with scale 1.0 subsample=4
2019-01-18 15:13:23,634 Built Data Sampler
2019-01-18 15:13:23,634 Creating a fresh model warm_start?=None
2019-01-18 15:13:23,634 	 Warmstarting? None None 5
2019-01-18 15:13:23,634 Embedding() torch.Size([5, 10])
2019-01-18 15:13:23,635 relative No Rescale
2019-01-18 15:13:23,635 Constructed model with dim=0 and epochs=0 isnan=False
2019-01-18 15:13:23,635 SGD (
Parameter Group 0
    dampening: 0
    initial_lr: 0.1
    lr: 1.0
    momentum: 0.0
    nesterov: False
    weight_decay: 0

Parameter Group 1
    dampening: 0
    initial_lr: 0.1
    lr: 1.0
    momentum: 0.0
    nesterov: False
    weight_decay: 0

Parameter Group 2
    dampening: 0
    initial_lr: 0.1
    lr: 1.0
    momentum: 0.0
    nesterov: False
    weight_decay: 0

Parameter Group 3
    dampening: 0
    initial_lr: 0.0001
    lr: 0.001
    momentum: 0.0
    nesterov: False
    weight_decay: 0
)
2019-01-18 15:13:23,635 *** Initial Checkpoint. Computing Stats
2019-01-18 15:13:23,635 	 Computing Major Stats lazily... 
2019-01-18 15:13:23,636 		 Completed edges=20 good=20 bad=0
2019-01-18 15:13:23,637 Distortion avg=0.9968641367264157 wc=3.578330819117069 me=0.006118754961534416 mc=584.813551386232 nan_elements=0
2019-01-18 15:13:23,637 MAP = 0.4499999999999999
2019-01-18 15:13:23,637 scale=[array([1.])]
2019-01-18 15:13:23,637 *** End Initial Checkpoint

2019-01-18 15:13:23,695 1 loss=0.9937407836615477
2019-01-18 15:13:23,696 2 loss=0.3502548698552255
2019-01-18 15:13:23,696 3 loss=0.25353207373624115
2019-01-18 15:13:23,697 4 loss=0.20591320177100444
2019-01-18 15:13:23,697 5 loss=0.17025641348274873
2019-01-18 15:13:23,698 6 loss=0.14263678780090766
2019-01-18 15:13:23,698 7 loss=0.1208931219157271
2019-01-18 15:13:23,699 8 loss=0.10328119928353267
2019-01-18 15:13:23,699 9 loss=0.08861055684984263
2019-01-18 15:13:23,700 10 loss=0.07618621718219613
2019-01-18 15:13:23,700 
*** Major Checkpoint. Computing Stats and Saving
2019-01-18 15:13:23,700 	 Computing Major Stats lazily... 
2019-01-18 15:13:23,700 		 Completed edges=20 good=20 bad=0
2019-01-18 15:13:23,701 Distortion avg=0.22615585569882093 wc=2.091214103430073 me=1.183783181347913 mc=1.7665516256523557 nan_elements=0
2019-01-18 15:13:23,701 MAP = 1.0
2019-01-18 15:13:23,701 scale=[array([1.])]
2019-01-18 15:13:23,702 *** End Major Checkpoint

2019-01-18 15:13:23,702 11 loss=0.0656179456707344
2019-01-18 15:13:23,702 12 loss=0.05665082020978539
2019-01-18 15:13:23,703 13 loss=0.04907330669951053
2019-01-18 15:13:23,704 14 loss=0.042687776991581994
2019-01-18 15:13:23,704 15 loss=0.03731028394499363
2019-01-18 15:13:23,704 16 loss=0.03277664828739134
2019-01-18 15:13:23,705 17 loss=0.02894585442408547
2019-01-18 15:13:23,705 18 loss=0.02569976626183416
2019-01-18 15:13:23,706 19 loss=0.022940687270930515
2019-01-18 15:13:23,706 20 loss=0.020588223501681515
2019-01-18 15:13:23,706 
*** Major Checkpoint. Computing Stats and Saving
2019-01-18 15:13:23,706 	 Computing Major Stats lazily... 
2019-01-18 15:13:23,707 		 Completed edges=20 good=20 bad=0
2019-01-18 15:13:23,708 Distortion avg=0.1213187788655519 wc=1.4592658775325396 me=1.1123265418943251 mc=1.3119042138897148 nan_elements=0
2019-01-18 15:13:23,708 MAP = 1.0
2019-01-18 15:13:23,708 scale=[array([1.])]
2019-01-18 15:13:23,708 *** End Major Checkpoint

2019-01-18 15:13:23,708 21 loss=0.01857625234264542
2019-01-18 15:13:23,709 22 loss=0.01685029778956481
2019-01-18 15:13:23,709 23 loss=0.015365359976336914
2019-01-18 15:13:23,710 24 loss=0.014084152632392887
2019-01-18 15:13:23,710 25 loss=0.01297568051896493
2019-01-18 15:13:23,711 26 loss=0.012014092728073408
2019-01-18 15:13:23,711 27 loss=0.011177757753588655
2019-01-18 15:13:23,712 28 loss=0.010448516267397638
2019-01-18 15:13:23,712 29 loss=0.009811076114190218
2019-01-18 15:13:23,713 30 loss=0.009252521097784239
2019-01-18 15:13:23,713 
*** Major Checkpoint. Computing Stats and Saving
2019-01-18 15:13:23,713 	 Computing Major Stats lazily... 
2019-01-18 15:13:23,713 		 Completed edges=20 good=20 bad=0
2019-01-18 15:13:23,714 Distortion avg=0.08574326904439382 wc=1.2922984649187463 me=1.0978631208733967 mc=1.1771034479149534 nan_elements=0
2019-01-18 15:13:23,714 MAP = 1.0
2019-01-18 15:13:23,714 scale=[array([1.])]
2019-01-18 15:13:23,714 *** End Major Checkpoint

2019-01-18 15:13:23,715 31 loss=0.00876191087076919
2019-01-18 15:13:23,715 32 loss=0.008329953871721155
2019-01-18 15:13:23,716 33 loss=0.007948738967911753
2019-01-18 15:13:23,716 34 loss=0.00761151441904097
2019-01-18 15:13:23,717 35 loss=0.007312505120252008
2019-01-18 15:13:23,717 36 loss=0.007046760931312311
2019-01-18 15:13:23,718 37 loss=0.006810030354528519
2019-01-18 15:13:23,718 38 loss=0.006598654969667571
2019-01-18 15:13:23,719 39 loss=0.0064094809367065434
2019-01-18 15:13:23,719 40 loss=0.006239784589706629
2019-01-18 15:13:23,719 
*** Major Checkpoint. Computing Stats and Saving
2019-01-18 15:13:23,719 	 Computing Major Stats lazily... 
2019-01-18 15:13:23,720 		 Completed edges=20 good=20 bad=0
2019-01-18 15:13:23,721 Distortion avg=0.07160178494577357 wc=1.2232426092193134 me=1.0877383457641259 mc=1.1245743187990647 nan_elements=0
2019-01-18 15:13:23,721 MAP = 1.0
2019-01-18 15:13:23,721 scale=[array([1.])]
2019-01-18 15:13:23,721 *** End Major Checkpoint

2019-01-18 15:13:23,721 41 loss=0.006087209709222747
2019-01-18 15:13:23,722 42 loss=0.005949714508974625
2019-01-18 15:13:23,722 43 loss=0.005825526730306781
2019-01-18 15:13:23,723 44 loss=0.005713105524842537
2019-01-18 15:13:23,723 45 loss=0.0056111090368569615
2019-01-18 15:13:23,724 46 loss=0.005518366784000805
2019-01-18 15:13:23,724 47 loss=0.005433856087216525
2019-01-18 15:13:23,725 48 loss=0.005356681925089523
2019-01-18 15:13:23,725 49 loss=0.005286059690010729
2019-01-18 15:13:23,725 50 loss=0.005221300407732677
2019-01-18 15:13:23,725 
*** Major Checkpoint. Computing Stats and Saving
2019-01-18 15:13:23,726 	 Computing Major Stats lazily... 
2019-01-18 15:13:23,726 		 Completed edges=20 good=20 bad=0
2019-01-18 15:13:23,727 Distortion avg=0.06737107650773777 wc=1.191013826972174 me=1.0825353066134393 mc=1.1002078358978373 nan_elements=0
2019-01-18 15:13:23,727 MAP = 1.0
2019-01-18 15:13:23,727 scale=[array([1.])]
2019-01-18 15:13:23,727 *** End Major Checkpoint

2019-01-18 15:13:23,727 final loss=0.005221300407732677
2019-01-18 15:13:23,727 best loss=0.005221300407732677, distortion=0.06737107650773777, map=1.0, wc_dist=1.191013826972174
2019-01-18 15:13:23,727 	 Computing Major Stats lazily... 
2019-01-18 15:13:23,728 		 Completed edges=20 good=20 bad=0
2019-01-18 15:13:23,729 Distortion avg=0.06737107650773778 wc=1.191013826972174 me=1.0825353066134393 mc=1.1002078358978373 nan_elements=0
2019-01-18 15:13:23,729 MAP = 1.0
2019-01-18 15:13:23,729 scale=[array([1.])]
