2019-01-18 15:00:48,182 Commandline ['pytorch/pytorch_hyperbolic.py', 'learn', 'data/edges/parsing/ewt/ewt_dev/1638.edges', '--dim', '0', '--hyp', '0', '--edim', '10', '--euc', '1', '--sdim', '0', '--sph', '0', '--log-name', 'ewt_devr2/1638.edges.E10-1.lr1.log', '--batch-size', '65536', '--epochs', '50', '--checkpoint-freq', '10', '-g', '--subsample', '1024', '--learning-rate', '1']
2019-01-18 15:00:48,182 No Model Save selected!
2019-01-18 15:00:48,184 Loaded Graph data/edges/parsing/ewt/ewt_dev/1638.edges with 7 nodes scale=1.0
2019-01-18 15:00:48,185 Building dataset
2019-01-18 15:00:48,185 Subsample: 7 points with scale 1.0 subsample=6
2019-01-18 15:00:48,190 Built Data Sampler
2019-01-18 15:00:48,190 Creating a fresh model warm_start?=None
2019-01-18 15:00:48,191 	 Warmstarting? None None 7
2019-01-18 15:00:48,191 Embedding() torch.Size([7, 10])
2019-01-18 15:00:48,191 relative No Rescale
2019-01-18 15:00:48,191 Constructed model with dim=0 and epochs=0 isnan=False
2019-01-18 15:00:48,192 SGD (
Parameter Group 0
    dampening: 0
    initial_lr: 0.1
    lr: 1.0
    momentum: 0.0
    nesterov: False
    weight_decay: 0

Parameter Group 1
    dampening: 0
    initial_lr: 0.1
    lr: 1.0
    momentum: 0.0
    nesterov: False
    weight_decay: 0

Parameter Group 2
    dampening: 0
    initial_lr: 0.1
    lr: 1.0
    momentum: 0.0
    nesterov: False
    weight_decay: 0

Parameter Group 3
    dampening: 0
    initial_lr: 0.0001
    lr: 0.001
    momentum: 0.0
    nesterov: False
    weight_decay: 0
)
2019-01-18 15:00:48,192 *** Initial Checkpoint. Computing Stats
2019-01-18 15:00:48,192 	 Computing Major Stats lazily... 
2019-01-18 15:00:48,192 		 Completed edges=42 good=42 bad=0
2019-01-18 15:00:48,194 Distortion avg=0.9971417873719046 wc=5.448327215027938 me=0.005628252251848828 mc=968.0318100949036 nan_elements=0
2019-01-18 15:00:48,194 MAP = 0.33595238095238095
2019-01-18 15:00:48,194 scale=[array([1.])]
2019-01-18 15:00:48,194 *** End Initial Checkpoint

2019-01-18 15:00:48,252 1 loss=0.9942936718139951
2019-01-18 15:00:48,252 2 loss=0.5562712660626117
2019-01-18 15:00:48,253 3 loss=0.3819065926402907
2019-01-18 15:00:48,253 4 loss=0.2979960566497686
2019-01-18 15:00:48,254 5 loss=0.24571710401228666
2019-01-18 15:00:48,254 6 loss=0.20846644976135487
2019-01-18 15:00:48,255 7 loss=0.18027554650145797
2019-01-18 15:00:48,255 8 loss=0.1582930564131172
2019-01-18 15:00:48,255 9 loss=0.14081413527729494
2019-01-18 15:00:48,256 10 loss=0.1266719304364028
2019-01-18 15:00:48,256 
*** Major Checkpoint. Computing Stats and Saving
2019-01-18 15:00:48,256 	 Computing Major Stats lazily... 
2019-01-18 15:00:48,256 		 Completed edges=42 good=42 bad=0
2019-01-18 15:00:48,258 Distortion avg=0.30306871794922274 wc=3.4919261713358454 me=1.3433194891206452 mc=2.5994755526265063 nan_elements=0
2019-01-18 15:00:48,258 MAP = 0.7490476190476192
2019-01-18 15:00:48,258 scale=[array([1.])]
2019-01-18 15:00:48,258 *** End Major Checkpoint

2019-01-18 15:00:48,259 11 loss=0.11501530060149376
2019-01-18 15:00:48,259 12 loss=0.10521140259677883
2019-01-18 15:00:48,259 13 loss=0.09679224071757787
2019-01-18 15:00:48,260 14 loss=0.08941786986058704
2019-01-18 15:00:48,260 15 loss=0.08284707848428352
2019-01-18 15:00:48,261 16 loss=0.07691281289396847
2019-01-18 15:00:48,261 17 loss=0.07150172699555853
2019-01-18 15:00:48,262 18 loss=0.06653773224424013
2019-01-18 15:00:48,262 19 loss=0.06196935014708739
2019-01-18 15:00:48,263 20 loss=0.05776047280307016
2019-01-18 15:00:48,263 
*** Major Checkpoint. Computing Stats and Saving
2019-01-18 15:00:48,263 	 Computing Major Stats lazily... 
2019-01-18 15:00:48,263 		 Completed edges=42 good=42 bad=0
2019-01-18 15:00:48,264 Distortion avg=0.1975320445403758 wc=2.407976204353966 me=1.2770886526381962 mc=1.8855200062889874 nan_elements=0
2019-01-18 15:00:48,265 MAP = 1.0
2019-01-18 15:00:48,265 scale=[array([1.])]
2019-01-18 15:00:48,265 *** End Major Checkpoint

2019-01-18 15:00:48,265 21 loss=0.053883984067105886
2019-01-18 15:00:48,266 22 loss=0.05031763148550591
2019-01-18 15:00:48,266 23 loss=0.04704155949107996
2019-01-18 15:00:48,267 24 loss=0.044036990174197155
2019-01-18 15:00:48,267 25 loss=0.04128564018898194
2019-01-18 15:00:48,268 26 loss=0.03876956813464662
2019-01-18 15:00:48,268 27 loss=0.036471241527420574
2019-01-18 15:00:48,268 28 loss=0.03437368917689266
2019-01-18 15:00:48,269 29 loss=0.0324606617982358
2019-01-18 15:00:48,269 30 loss=0.03071676278765416
2019-01-18 15:00:48,269 
*** Major Checkpoint. Computing Stats and Saving
2019-01-18 15:00:48,270 	 Computing Major Stats lazily... 
2019-01-18 15:00:48,270 		 Completed edges=42 good=42 bad=0
2019-01-18 15:00:48,271 Distortion avg=0.1483225112423631 wc=1.811710897330859 me=1.184004694984373 mc=1.530155163240101 nan_elements=0
2019-01-18 15:00:48,271 MAP = 1.0
2019-01-18 15:00:48,271 scale=[array([1.])]
2019-01-18 15:00:48,271 *** End Major Checkpoint

2019-01-18 15:00:48,272 31 loss=0.029127535649737385
2019-01-18 15:00:48,272 32 loss=0.027679508387467223
2019-01-18 15:00:48,273 33 loss=0.026360201717696225
2019-01-18 15:00:48,273 34 loss=0.025158110051613048
2019-01-18 15:00:48,274 35 loss=0.024062663817274368
2019-01-18 15:00:48,274 36 loss=0.023064180249587004
2019-01-18 15:00:48,275 37 loss=0.022153808038475994
2019-01-18 15:00:48,275 38 loss=0.021323469627707602
2019-01-18 15:00:48,276 39 loss=0.020565803665516753
2019-01-18 15:00:48,276 40 loss=0.019874109151961188
2019-01-18 15:00:48,276 
*** Major Checkpoint. Computing Stats and Saving
2019-01-18 15:00:48,276 	 Computing Major Stats lazily... 
2019-01-18 15:00:48,277 		 Completed edges=42 good=42 bad=0
2019-01-18 15:00:48,278 Distortion avg=0.12371497251328657 wc=1.5758130288416374 me=1.1709626149783234 mc=1.3457415366508592 nan_elements=0
2019-01-18 15:00:48,278 MAP = 1.0
2019-01-18 15:00:48,278 scale=[array([1.])]
2019-01-18 15:00:48,278 *** End Major Checkpoint

2019-01-18 15:00:48,279 41 loss=0.01924229216569954
2019-01-18 15:00:48,279 42 loss=0.018664815619461664
2019-01-18 15:00:48,280 43 loss=0.018136652223875893
2019-01-18 15:00:48,280 44 loss=0.01765324067954404
2019-01-18 15:00:48,281 45 loss=0.017210445027058808
2019-01-18 15:00:48,281 46 loss=0.01680451703634391
2019-01-18 15:00:48,282 47 loss=0.016432061492443244
2019-01-18 15:00:48,282 48 loss=0.016090004223892312
2019-01-18 15:00:48,283 49 loss=0.015775562715918706
2019-01-18 15:00:48,283 50 loss=0.015486219150621431
2019-01-18 15:00:48,283 
*** Major Checkpoint. Computing Stats and Saving
2019-01-18 15:00:48,283 	 Computing Major Stats lazily... 
2019-01-18 15:00:48,284 		 Completed edges=42 good=42 bad=0
2019-01-18 15:00:48,285 Distortion avg=0.11179140013154358 wc=1.4620807619776093 me=1.1711228681879209 mc=1.2484435251784365 nan_elements=0
2019-01-18 15:00:48,285 MAP = 1.0
2019-01-18 15:00:48,285 scale=[array([1.])]
2019-01-18 15:00:48,285 *** End Major Checkpoint

2019-01-18 15:00:48,285 final loss=0.015486219150621431
2019-01-18 15:00:48,285 best loss=0.015486219150621431, distortion=0.11179140013154358, map=1.0, wc_dist=1.4620807619776093
2019-01-18 15:00:48,285 	 Computing Major Stats lazily... 
2019-01-18 15:00:48,286 		 Completed edges=42 good=42 bad=0
2019-01-18 15:00:48,287 Distortion avg=0.11179140013154358 wc=1.4620807619776093 me=1.1711228681879209 mc=1.2484435251784365 nan_elements=0
2019-01-18 15:00:48,287 MAP = 1.0
2019-01-18 15:00:48,287 scale=[array([1.])]
