2019-01-18 14:54:40,058 Commandline ['pytorch/pytorch_hyperbolic.py', 'learn', 'data/edges/parsing/ewt/ewt_dev/1640.edges', '--dim', '0', '--hyp', '0', '--edim', '10', '--euc', '1', '--sdim', '0', '--sph', '0', '--log-name', 'ewt_devr2/1640.edges.E10-1.lr1.log', '--batch-size', '65536', '--epochs', '50', '--checkpoint-freq', '10', '-g', '--subsample', '1024', '--learning-rate', '1']
2019-01-18 14:54:40,058 No Model Save selected!
2019-01-18 14:54:40,060 Loaded Graph data/edges/parsing/ewt/ewt_dev/1640.edges with 7 nodes scale=1.0
2019-01-18 14:54:40,060 Building dataset
2019-01-18 14:54:40,061 Subsample: 7 points with scale 1.0 subsample=6
2019-01-18 14:54:40,066 Built Data Sampler
2019-01-18 14:54:40,066 Creating a fresh model warm_start?=None
2019-01-18 14:54:40,066 	 Warmstarting? None None 7
2019-01-18 14:54:40,066 Embedding() torch.Size([7, 10])
2019-01-18 14:54:40,066 relative No Rescale
2019-01-18 14:54:40,067 Constructed model with dim=0 and epochs=0 isnan=False
2019-01-18 14:54:40,067 SGD (
Parameter Group 0
    dampening: 0
    initial_lr: 0.1
    lr: 1.0
    momentum: 0.0
    nesterov: False
    weight_decay: 0

Parameter Group 1
    dampening: 0
    initial_lr: 0.1
    lr: 1.0
    momentum: 0.0
    nesterov: False
    weight_decay: 0

Parameter Group 2
    dampening: 0
    initial_lr: 0.1
    lr: 1.0
    momentum: 0.0
    nesterov: False
    weight_decay: 0

Parameter Group 3
    dampening: 0
    initial_lr: 0.0001
    lr: 0.001
    momentum: 0.0
    nesterov: False
    weight_decay: 0
)
2019-01-18 14:54:40,067 *** Initial Checkpoint. Computing Stats
2019-01-18 14:54:40,067 	 Computing Major Stats lazily... 
2019-01-18 14:54:40,068 		 Completed edges=42 good=42 bad=0
2019-01-18 14:54:40,069 Distortion avg=0.9973177068517345 wc=5.448327215027938 me=0.005628252251848828 mc=968.0318100949036 nan_elements=0
2019-01-18 14:54:40,069 MAP = 0.3190476190476191
2019-01-18 14:54:40,069 scale=[array([1.])]
2019-01-18 14:54:40,069 *** End Initial Checkpoint

2019-01-18 14:54:40,126 1 loss=0.9946449772793784
2019-01-18 14:54:40,127 2 loss=0.6010769907410458
2019-01-18 14:54:40,127 3 loss=0.43154901862680883
2019-01-18 14:54:40,128 4 loss=0.3542703227156774
2019-01-18 14:54:40,128 5 loss=0.31155383126002195
2019-01-18 14:54:40,129 6 loss=0.2830187732252069
2019-01-18 14:54:40,129 7 loss=0.2612163179396432
2019-01-18 14:54:40,130 8 loss=0.24314875993795987
2019-01-18 14:54:40,130 9 loss=0.2274205291588146
2019-01-18 14:54:40,131 10 loss=0.2132685097300268
2019-01-18 14:54:40,131 
*** Major Checkpoint. Computing Stats and Saving
2019-01-18 14:54:40,131 	 Computing Major Stats lazily... 
2019-01-18 14:54:40,131 		 Completed edges=42 good=42 bad=0
2019-01-18 14:54:40,132 Distortion avg=0.41444690413733704 wc=4.3987240692052945 me=1.3563003974720773 mc=3.2431783382234483 nan_elements=0
2019-01-18 14:54:40,133 MAP = 0.5182539682539683
2019-01-18 14:54:40,133 scale=[array([1.])]
2019-01-18 14:54:40,133 *** End Major Checkpoint

2019-01-18 14:54:40,133 11 loss=0.20022123116320517
2019-01-18 14:54:40,134 12 loss=0.18797173416899846
2019-01-18 14:54:40,134 13 loss=0.17632371365219118
2019-01-18 14:54:40,135 14 loss=0.16516249364621607
2019-01-18 14:54:40,135 15 loss=0.15443414830299856
2019-01-18 14:54:40,136 16 loss=0.14412751816917457
2019-01-18 14:54:40,136 17 loss=0.13425811460757273
2019-01-18 14:54:40,136 18 loss=0.12485435594780225
2019-01-18 14:54:40,137 19 loss=0.11594680062659224
2019-01-18 14:54:40,137 20 loss=0.10756071704957895
2019-01-18 14:54:40,137 
*** Major Checkpoint. Computing Stats and Saving
2019-01-18 14:54:40,138 	 Computing Major Stats lazily... 
2019-01-18 14:54:40,138 		 Completed edges=42 good=42 bad=0
2019-01-18 14:54:40,139 Distortion avg=0.2850487601499201 wc=2.7653608079492344 me=1.2778446658695175 mc=2.164082131271822 nan_elements=0
2019-01-18 14:54:40,139 MAP = 1.0
2019-01-18 14:54:40,139 scale=[array([1.])]
2019-01-18 14:54:40,139 *** End Major Checkpoint

2019-01-18 14:54:40,140 21 loss=0.0997118508849959
2019-01-18 14:54:40,140 22 loss=0.0924048569175832
2019-01-18 14:54:40,141 23 loss=0.08563365943378412
2019-01-18 14:54:40,141 24 loss=0.07938299136958081
2019-01-18 14:54:40,142 25 loss=0.07363047868222576
2019-01-18 14:54:40,142 26 loss=0.06834881047314918
2019-01-18 14:54:40,143 27 loss=0.06350771054578057
2019-01-18 14:54:40,143 28 loss=0.059075569984943656
2019-01-18 14:54:40,143 29 loss=0.05502070190352969
2019-01-18 14:54:40,144 30 loss=0.05131224121796603
2019-01-18 14:54:40,144 
*** Major Checkpoint. Computing Stats and Saving
2019-01-18 14:54:40,144 	 Computing Major Stats lazily... 
2019-01-18 14:54:40,144 		 Completed edges=42 good=42 bad=0
2019-01-18 14:54:40,146 Distortion avg=0.1932899579684144 wc=1.9947936865401026 me=1.1719883404521159 mc=1.7020593274593283 nan_elements=0
2019-01-18 14:54:40,146 MAP = 1.0
2019-01-18 14:54:40,146 scale=[array([1.])]
2019-01-18 14:54:40,146 *** End Major Checkpoint

2019-01-18 14:54:40,146 31 loss=0.04792074297389681
2019-01-18 14:54:40,147 32 loss=0.04481854239915538
2019-01-18 14:54:40,147 33 loss=0.04197993717894231
2019-01-18 14:54:40,148 34 loss=0.039381243780559363
2019-01-18 14:54:40,148 35 loss=0.03700076909297577
2019-01-18 14:54:40,149 36 loss=0.03481872849205211
2019-01-18 14:54:40,149 37 loss=0.032817132765023044
2019-01-18 14:54:40,150 38 loss=0.030979659443384332
2019-01-18 14:54:40,150 39 loss=0.029291518913243574
2019-01-18 14:54:40,150 40 loss=0.02773932193148463
2019-01-18 14:54:40,151 
*** Major Checkpoint. Computing Stats and Saving
2019-01-18 14:54:40,151 	 Computing Major Stats lazily... 
2019-01-18 14:54:40,151 		 Completed edges=42 good=42 bad=0
2019-01-18 14:54:40,152 Distortion avg=0.14115606960945942 wc=1.7126121168106945 me=1.1636441487234608 mc=1.4717661913132651 nan_elements=0
2019-01-18 14:54:40,152 MAP = 1.0
2019-01-18 14:54:40,152 scale=[array([1.])]
2019-01-18 14:54:40,152 *** End Major Checkpoint

2019-01-18 14:54:40,153 41 loss=0.02631095256517439
2019-01-18 14:54:40,153 42 loss=0.024995448803217954
2019-01-18 14:54:40,154 43 loss=0.023782891925249898
2019-01-18 14:54:40,154 44 loss=0.022664304969171056
2019-01-18 14:54:40,155 45 loss=0.021631560180234228
2019-01-18 14:54:40,155 46 loss=0.020677295055113294
2019-01-18 14:54:40,156 47 loss=0.019794836447751197
2019-01-18 14:54:40,156 48 loss=0.01897813213535625
2019-01-18 14:54:40,157 49 loss=0.018221689223199854
2019-01-18 14:54:40,157 50 loss=0.01752051877664824
2019-01-18 14:54:40,157 
*** Major Checkpoint. Computing Stats and Saving
2019-01-18 14:54:40,157 	 Computing Major Stats lazily... 
2019-01-18 14:54:40,158 		 Completed edges=42 good=42 bad=0
2019-01-18 14:54:40,159 Distortion avg=0.11221415013199655 wc=1.5579315401581766 me=1.1577867443133902 mc=1.3456118303393487 nan_elements=0
2019-01-18 14:54:40,159 MAP = 1.0
2019-01-18 14:54:40,160 scale=[array([1.])]
2019-01-18 14:54:40,160 *** End Major Checkpoint

2019-01-18 14:54:40,160 final loss=0.01752051877664824
2019-01-18 14:54:40,160 best loss=0.01752051877664824, distortion=0.11221415013199655, map=1.0, wc_dist=1.5579315401581766
2019-01-18 14:54:40,160 	 Computing Major Stats lazily... 
2019-01-18 14:54:40,160 		 Completed edges=42 good=42 bad=0
2019-01-18 14:54:40,161 Distortion avg=0.11221415013199662 wc=1.5579315401581766 me=1.1577867443133902 mc=1.3456118303393487 nan_elements=0
2019-01-18 14:54:40,161 MAP = 1.0
2019-01-18 14:54:40,162 scale=[array([1.])]
