2019-01-18 15:02:08,934 Commandline ['pytorch/pytorch_hyperbolic.py', 'learn', 'data/edges/parsing/ewt/ewt_dev/1642.edges', '--dim', '0', '--hyp', '0', '--edim', '10', '--euc', '1', '--sdim', '0', '--sph', '0', '--log-name', 'ewt_devr2/1642.edges.E10-1.lr1.log', '--batch-size', '65536', '--epochs', '50', '--checkpoint-freq', '10', '-g', '--subsample', '1024', '--learning-rate', '1']
2019-01-18 15:02:08,935 No Model Save selected!
2019-01-18 15:02:08,936 Loaded Graph data/edges/parsing/ewt/ewt_dev/1642.edges with 7 nodes scale=1.0
2019-01-18 15:02:08,936 Building dataset
2019-01-18 15:02:08,937 Subsample: 7 points with scale 1.0 subsample=6
2019-01-18 15:02:08,942 Built Data Sampler
2019-01-18 15:02:08,942 Creating a fresh model warm_start?=None
2019-01-18 15:02:08,942 	 Warmstarting? None None 7
2019-01-18 15:02:08,943 Embedding() torch.Size([7, 10])
2019-01-18 15:02:08,943 relative No Rescale
2019-01-18 15:02:08,943 Constructed model with dim=0 and epochs=0 isnan=False
2019-01-18 15:02:08,943 SGD (
Parameter Group 0
    dampening: 0
    initial_lr: 0.1
    lr: 1.0
    momentum: 0.0
    nesterov: False
    weight_decay: 0

Parameter Group 1
    dampening: 0
    initial_lr: 0.1
    lr: 1.0
    momentum: 0.0
    nesterov: False
    weight_decay: 0

Parameter Group 2
    dampening: 0
    initial_lr: 0.1
    lr: 1.0
    momentum: 0.0
    nesterov: False
    weight_decay: 0

Parameter Group 3
    dampening: 0
    initial_lr: 0.0001
    lr: 0.001
    momentum: 0.0
    nesterov: False
    weight_decay: 0
)
2019-01-18 15:02:08,943 *** Initial Checkpoint. Computing Stats
2019-01-18 15:02:08,943 	 Computing Major Stats lazily... 
2019-01-18 15:02:08,944 		 Completed edges=42 good=42 bad=0
2019-01-18 15:02:08,945 Distortion avg=0.9974086470825541 wc=5.98987899039604 me=0.005422238309635374 mc=1104.687519866466 nan_elements=0
2019-01-18 15:02:08,946 MAP = 0.5404761904761904
2019-01-18 15:02:08,946 scale=[array([1.])]
2019-01-18 15:02:08,946 *** End Initial Checkpoint

2019-01-18 15:02:09,004 1 loss=0.994825523495716
2019-01-18 15:02:09,005 2 loss=0.6101181494090019
2019-01-18 15:02:09,005 3 loss=0.4238322206057563
2019-01-18 15:02:09,005 4 loss=0.33310502631027306
2019-01-18 15:02:09,006 5 loss=0.28185038739187157
2019-01-18 15:02:09,006 6 loss=0.24852277133653095
2019-01-18 15:02:09,007 7 loss=0.22442348226303693
2019-01-18 15:02:09,007 8 loss=0.2056817510866785
2019-01-18 15:02:09,008 9 loss=0.19037604897228208
2019-01-18 15:02:09,008 10 loss=0.17744214281138126
2019-01-18 15:02:09,008 
*** Major Checkpoint. Computing Stats and Saving
2019-01-18 15:02:09,008 	 Computing Major Stats lazily... 
2019-01-18 15:02:09,009 		 Completed edges=42 good=42 bad=0
2019-01-18 15:02:09,010 Distortion avg=0.36036341243100295 wc=4.486508958851578 me=1.3151592588336607 mc=3.4113807348551886 nan_elements=0
2019-01-18 15:02:09,010 MAP = 0.7982142857142858
2019-01-18 15:02:09,010 scale=[array([1.])]
2019-01-18 15:02:09,010 *** End Major Checkpoint

2019-01-18 15:02:09,011 11 loss=0.16622925505024022
2019-01-18 15:02:09,011 12 loss=0.15630705433362302
2019-01-18 15:02:09,012 13 loss=0.14737569676919898
2019-01-18 15:02:09,012 14 loss=0.13922026197684598
2019-01-18 15:02:09,013 15 loss=0.1316851363430297
2019-01-18 15:02:09,013 16 loss=0.12465785500740627
2019-01-18 15:02:09,014 17 loss=0.11805783623326799
2019-01-18 15:02:09,014 18 loss=0.11182798998384114
2019-01-18 15:02:09,015 19 loss=0.10592827046848391
2019-01-18 15:02:09,015 20 loss=0.10033069604061887
2019-01-18 15:02:09,015 
*** Major Checkpoint. Computing Stats and Saving
2019-01-18 15:02:09,015 	 Computing Major Stats lazily... 
2019-01-18 15:02:09,016 		 Completed edges=42 good=42 bad=0
2019-01-18 15:02:09,017 Distortion avg=0.26268564101638164 wc=2.8950720177794076 me=1.2724381204458757 mc=2.2752163513970673 nan_elements=0
2019-01-18 15:02:09,017 MAP = 1.0
2019-01-18 15:02:09,017 scale=[array([1.])]
2019-01-18 15:02:09,017 *** End Major Checkpoint

2019-01-18 15:02:09,018 21 loss=0.09501554400174879
2019-01-18 15:02:09,018 22 loss=0.08996850327449957
2019-01-18 15:02:09,019 23 loss=0.08517860324071484
2019-01-18 15:02:09,019 24 loss=0.0806367598958909
2019-01-18 15:02:09,020 25 loss=0.07633480068208624
2019-01-18 15:02:09,020 26 loss=0.07226484953025114
2019-01-18 15:02:09,021 27 loss=0.06841897373209434
2019-01-18 15:02:09,021 28 loss=0.06478901349168352
2019-01-18 15:02:09,022 29 loss=0.06136653258543146
2019-01-18 15:02:09,022 30 loss=0.05814284392450472
2019-01-18 15:02:09,022 
*** Major Checkpoint. Computing Stats and Saving
2019-01-18 15:02:09,022 	 Computing Major Stats lazily... 
2019-01-18 15:02:09,023 		 Completed edges=42 good=42 bad=0
2019-01-18 15:02:09,024 Distortion avg=0.19953411722010855 wc=2.1211956775459853 me=1.1827955634268916 mc=1.793374732823891 nan_elements=0
2019-01-18 15:02:09,024 MAP = 1.0
2019-01-18 15:02:09,024 scale=[array([1.])]
2019-01-18 15:02:09,024 *** End Major Checkpoint

2019-01-18 15:02:09,025 31 loss=0.05510907668513417
2019-01-18 15:02:09,025 32 loss=0.05225626202067475
2019-01-18 15:02:09,026 33 loss=0.04957542235768529
2019-01-18 15:02:09,026 34 loss=0.047057655194374125
2019-01-18 15:02:09,027 35 loss=0.04469420651240051
2019-01-18 15:02:09,027 36 loss=0.04247653174135363
2019-01-18 15:02:09,028 37 loss=0.0403963440127288
2019-01-18 15:02:09,028 38 loss=0.03844565049385165
2019-01-18 15:02:09,028 39 loss=0.03661677813407062
2019-01-18 15:02:09,029 40 loss=0.034902390363499125
2019-01-18 15:02:09,029 
*** Major Checkpoint. Computing Stats and Saving
2019-01-18 15:02:09,029 	 Computing Major Stats lazily... 
2019-01-18 15:02:09,029 		 Completed edges=42 good=42 bad=0
2019-01-18 15:02:09,031 Distortion avg=0.1550057093809761 wc=1.7819818581398086 me=1.1653099150308546 mc=1.529191363734879 nan_elements=0
2019-01-18 15:02:09,031 MAP = 1.0
2019-01-18 15:02:09,031 scale=[array([1.])]
2019-01-18 15:02:09,031 *** End Major Checkpoint

2019-01-18 15:02:09,031 41 loss=0.0332954962883155
2019-01-18 15:02:09,032 42 loss=0.03178945381620607
2019-01-18 15:02:09,032 43 loss=0.03037796798049509
2019-01-18 15:02:09,033 44 loss=0.0290550855490229
2019-01-18 15:02:09,033 45 loss=0.027815186825543695
2019-01-18 15:02:09,034 46 loss=0.02665297538863693
2019-01-18 15:02:09,034 47 loss=0.02556346637069356
2019-01-18 15:02:09,035 48 loss=0.024541973758431288
2019-01-18 15:02:09,035 49 loss=0.02358409709548816
2019-01-18 15:02:09,036 50 loss=0.02268570788481255
2019-01-18 15:02:09,036 
*** Major Checkpoint. Computing Stats and Saving
2019-01-18 15:02:09,036 	 Computing Major Stats lazily... 
2019-01-18 15:02:09,036 		 Completed edges=42 good=42 bad=0
2019-01-18 15:02:09,037 Distortion avg=0.12595577233434646 wc=1.5967799133046658 me=1.1607240770334037 mc=1.3756757052767787 nan_elements=0
2019-01-18 15:02:09,037 MAP = 1.0
2019-01-18 15:02:09,038 scale=[array([1.])]
2019-01-18 15:02:09,038 *** End Major Checkpoint

2019-01-18 15:02:09,038 final loss=0.02268570788481255
2019-01-18 15:02:09,038 best loss=0.02268570788481255, distortion=0.12595577233434646, map=1.0, wc_dist=1.5967799133046658
2019-01-18 15:02:09,038 	 Computing Major Stats lazily... 
2019-01-18 15:02:09,038 		 Completed edges=42 good=42 bad=0
2019-01-18 15:02:09,039 Distortion avg=0.1259557723343465 wc=1.5967799133046658 me=1.1607240770334037 mc=1.3756757052767787 nan_elements=0
2019-01-18 15:02:09,040 MAP = 1.0
2019-01-18 15:02:09,040 scale=[array([1.])]
