2019-01-18 14:53:23,340 Commandline ['pytorch/pytorch_hyperbolic.py', 'learn', 'data/edges/parsing/ewt/ewt_dev/1645.edges', '--dim', '0', '--hyp', '0', '--edim', '10', '--euc', '1', '--sdim', '0', '--sph', '0', '--log-name', 'ewt_devr2/1645.edges.E10-1.lr1.log', '--batch-size', '65536', '--epochs', '50', '--checkpoint-freq', '10', '-g', '--subsample', '1024', '--learning-rate', '1']
2019-01-18 14:53:23,341 No Model Save selected!
2019-01-18 14:53:23,342 Loaded Graph data/edges/parsing/ewt/ewt_dev/1645.edges with 19 nodes scale=1.0
2019-01-18 14:53:23,342 Building dataset
2019-01-18 14:53:23,343 Subsample: 19 points with scale 1.0 subsample=18
2019-01-18 14:53:23,362 Built Data Sampler
2019-01-18 14:53:23,362 Creating a fresh model warm_start?=None
2019-01-18 14:53:23,362 	 Warmstarting? None None 19
2019-01-18 14:53:23,362 Embedding() torch.Size([19, 10])
2019-01-18 14:53:23,363 relative No Rescale
2019-01-18 14:53:23,363 Constructed model with dim=0 and epochs=0 isnan=False
2019-01-18 14:53:23,363 SGD (
Parameter Group 0
    dampening: 0
    initial_lr: 0.1
    lr: 1.0
    momentum: 0.0
    nesterov: False
    weight_decay: 0

Parameter Group 1
    dampening: 0
    initial_lr: 0.1
    lr: 1.0
    momentum: 0.0
    nesterov: False
    weight_decay: 0

Parameter Group 2
    dampening: 0
    initial_lr: 0.1
    lr: 1.0
    momentum: 0.0
    nesterov: False
    weight_decay: 0

Parameter Group 3
    dampening: 0
    initial_lr: 0.0001
    lr: 0.001
    momentum: 0.0
    nesterov: False
    weight_decay: 0
)
2019-01-18 14:53:23,363 *** Initial Checkpoint. Computing Stats
2019-01-18 14:53:23,363 	 Computing Major Stats lazily... 
2019-01-18 14:53:23,365 		 Completed edges=342 good=342 bad=0
2019-01-18 14:53:23,368 Distortion avg=0.9980767804235563 wc=7.340942636002579 me=0.006108228890694339 mc=1201.811976493912 nan_elements=0
2019-01-18 14:53:23,368 MAP = 0.17711537228067525
2019-01-18 14:53:23,369 scale=[array([1.])]
2019-01-18 14:53:23,369 *** End Initial Checkpoint

2019-01-18 14:53:23,426 1 loss=0.9961583955410414
2019-01-18 14:53:23,427 2 loss=0.9096508356408212
2019-01-18 14:53:23,428 3 loss=0.8325293069656834
2019-01-18 14:53:23,429 4 loss=0.7661581410055102
2019-01-18 14:53:23,429 5 loss=0.7088929066439649
2019-01-18 14:53:23,430 6 loss=0.6591943828321374
2019-01-18 14:53:23,431 7 loss=0.6157783469167534
2019-01-18 14:53:23,431 8 loss=0.5775986550176294
2019-01-18 14:53:23,432 9 loss=0.5438082721439
2019-01-18 14:53:23,433 10 loss=0.5137213463696876
2019-01-18 14:53:23,433 
*** Major Checkpoint. Computing Stats and Saving
2019-01-18 14:53:23,433 	 Computing Major Stats lazily... 
2019-01-18 14:53:23,434 		 Completed edges=342 good=342 bad=0
2019-01-18 14:53:23,438 Distortion avg=0.6653384204382284 wc=11.894617834898884 me=1.2559772903879263 mc=9.470408363215759 nan_elements=0
2019-01-18 14:53:23,438 MAP = 0.09922630228634209
2019-01-18 14:53:23,438 scale=[array([1.])]
2019-01-18 14:53:23,438 *** End Major Checkpoint

2019-01-18 14:53:23,439 11 loss=0.48678093690276486
2019-01-18 14:53:23,440 12 loss=0.4625327614640822
2019-01-18 14:53:23,440 13 loss=0.44060424454760244
2019-01-18 14:53:23,441 14 loss=0.4206879435027601
2019-01-18 14:53:23,442 15 loss=0.4025284889428237
2019-01-18 14:53:23,442 16 loss=0.3859123064669647
2019-01-18 14:53:23,443 17 loss=0.37065952314102546
2019-01-18 14:53:23,444 18 loss=0.35661758353493006
2019-01-18 14:53:23,444 19 loss=0.34365620124962215
2019-01-18 14:53:23,445 20 loss=0.33166335348321996
2019-01-18 14:53:23,445 
*** Major Checkpoint. Computing Stats and Saving
2019-01-18 14:53:23,445 	 Computing Major Stats lazily... 
2019-01-18 14:53:23,447 		 Completed edges=342 good=342 bad=0
2019-01-18 14:53:23,450 Distortion avg=0.5373950076511649 wc=8.424024512863419 me=1.4831890502218699 mc=5.679670107868764 nan_elements=0
2019-01-18 14:53:23,450 MAP = 0.12433453521882316
2019-01-18 14:53:23,450 scale=[array([1.])]
2019-01-18 14:53:23,450 *** End Major Checkpoint

2019-01-18 14:53:23,451 21 loss=0.32054209088602936
2019-01-18 14:53:23,451 22 loss=0.3102079857031378
2019-01-18 14:53:23,452 23 loss=0.3005870807515066
2019-01-18 14:53:23,453 24 loss=0.29161423247453555
2019-01-18 14:53:23,454 25 loss=0.2832317650858269
2019-01-18 14:53:23,454 26 loss=0.27538837119597676
2019-01-18 14:53:23,455 27 loss=0.2680382085270428
2019-01-18 14:53:23,456 28 loss=0.2611401533086603
2019-01-18 14:53:23,456 29 loss=0.2546571794551327
2019-01-18 14:53:23,457 30 loss=0.24855583921446076
2019-01-18 14:53:23,457 
*** Major Checkpoint. Computing Stats and Saving
2019-01-18 14:53:23,457 	 Computing Major Stats lazily... 
2019-01-18 14:53:23,459 		 Completed edges=342 good=342 bad=0
2019-01-18 14:53:23,462 Distortion avg=0.45957773112997263 wc=6.835264604640966 me=1.5708689891180303 mc=4.351263314758444 nan_elements=0
2019-01-18 14:53:23,462 MAP = 0.2195309636859283
2019-01-18 14:53:23,462 scale=[array([1.])]
2019-01-18 14:53:23,462 *** End Major Checkpoint

2019-01-18 14:53:23,463 31 loss=0.24280582609779
2019-01-18 14:53:23,463 32 loss=0.23737960487939658
2019-01-18 14:53:23,464 33 loss=0.23225209656299603
2019-01-18 14:53:23,465 34 loss=0.22740040863949046
2019-01-18 14:53:23,465 35 loss=0.2228036028675647
2019-01-18 14:53:23,466 36 loss=0.21844249430958199
2019-01-18 14:53:23,467 37 loss=0.21429947654156883
2019-01-18 14:53:23,467 38 loss=0.21035836889741746
2019-01-18 14:53:23,468 39 loss=0.2066042823574882
2019-01-18 14:53:23,469 40 loss=0.20302350129205649
2019-01-18 14:53:23,469 
*** Major Checkpoint. Computing Stats and Saving
2019-01-18 14:53:23,469 	 Computing Major Stats lazily... 
2019-01-18 14:53:23,470 		 Completed edges=342 good=342 bad=0
2019-01-18 14:53:23,473 Distortion avg=0.40377315097501576 wc=6.227323396797415 me=1.7041075386459603 mc=3.6543018885683027 nan_elements=0
2019-01-18 14:53:23,473 MAP = 0.32517199862401097
2019-01-18 14:53:23,473 scale=[array([1.])]
2019-01-18 14:53:23,473 *** End Major Checkpoint

2019-01-18 14:53:23,474 41 loss=0.19960337875259787
2019-01-18 14:53:23,475 42 loss=0.19633224339362884
2019-01-18 14:53:23,475 43 loss=0.19319931642406407
2019-01-18 14:53:23,476 44 loss=0.19019463724487773
2019-01-18 14:53:23,477 45 loss=0.18730899664106868
2019-01-18 14:53:23,477 46 loss=0.18453387656975084
2019-01-18 14:53:23,478 47 loss=0.18186139572991816
2019-01-18 14:53:23,479 48 loss=0.17928426021879346
2019-01-18 14:53:23,480 49 loss=0.17679571867924754
2019-01-18 14:53:23,480 50 loss=0.1743895214261785
2019-01-18 14:53:23,480 
*** Major Checkpoint. Computing Stats and Saving
2019-01-18 14:53:23,480 	 Computing Major Stats lazily... 
2019-01-18 14:53:23,482 		 Completed edges=342 good=342 bad=0
2019-01-18 14:53:23,485 Distortion avg=0.3686845773877796 wc=5.707089177058917 me=1.7806668979897777 mc=3.205029072816335 nan_elements=0
2019-01-18 14:53:23,485 MAP = 0.5016334386165214
2019-01-18 14:53:23,485 scale=[array([1.])]
2019-01-18 14:53:23,485 *** End Major Checkpoint

2019-01-18 14:53:23,485 final loss=0.1743895214261785
2019-01-18 14:53:23,485 best loss=0.1743895214261785, distortion=0.3686845773877796, map=0.5016334386165214, wc_dist=5.707089177058917
2019-01-18 14:53:23,485 	 Computing Major Stats lazily... 
2019-01-18 14:53:23,487 		 Completed edges=342 good=342 bad=0
2019-01-18 14:53:23,490 Distortion avg=0.3686845773877796 wc=5.707089177058917 me=1.7806668979897777 mc=3.205029072816335 nan_elements=0
2019-01-18 14:53:23,490 MAP = 0.5016334386165213
2019-01-18 14:53:23,490 scale=[array([1.])]
