2019-01-18 14:42:36,821 Commandline ['pytorch/pytorch_hyperbolic.py', 'learn', 'data/edges/parsing/ewt/ewt_dev/1647.edges', '--dim', '0', '--hyp', '0', '--edim', '10', '--euc', '1', '--sdim', '0', '--sph', '0', '--log-name', 'ewt_devr2/1647.edges.E10-1.lr1.log', '--batch-size', '65536', '--epochs', '50', '-g', '--subsample', '1024', '--learning-rate', '1']
2019-01-18 14:42:36,821 No Model Save selected!
2019-01-18 14:42:36,823 Loaded Graph data/edges/parsing/ewt/ewt_dev/1647.edges with 6 nodes scale=1.0
2019-01-18 14:42:36,823 Building dataset
2019-01-18 14:42:36,823 Subsample: 6 points with scale 1.0 subsample=5
2019-01-18 14:42:36,828 Built Data Sampler
2019-01-18 14:42:36,828 Creating a fresh model warm_start?=None
2019-01-18 14:42:36,828 	 Warmstarting? None None 6
2019-01-18 14:42:36,828 Embedding() torch.Size([6, 10])
2019-01-18 14:42:36,828 relative No Rescale
2019-01-18 14:42:36,829 Constructed model with dim=0 and epochs=0 isnan=False
2019-01-18 14:42:36,829 SGD (
Parameter Group 0
    dampening: 0
    initial_lr: 0.1
    lr: 1.0
    momentum: 0.0
    nesterov: False
    weight_decay: 0

Parameter Group 1
    dampening: 0
    initial_lr: 0.1
    lr: 1.0
    momentum: 0.0
    nesterov: False
    weight_decay: 0

Parameter Group 2
    dampening: 0
    initial_lr: 0.1
    lr: 1.0
    momentum: 0.0
    nesterov: False
    weight_decay: 0

Parameter Group 3
    dampening: 0
    initial_lr: 0.0001
    lr: 0.001
    momentum: 0.0
    nesterov: False
    weight_decay: 0
)
2019-01-18 14:42:36,829 *** Initial Checkpoint. Computing Stats
2019-01-18 14:42:36,829 	 Computing Major Stats lazily... 
2019-01-18 14:42:36,830 		 Completed edges=30 good=30 bad=0
2019-01-18 14:42:36,831 Distortion avg=0.9970831198655035 wc=5.448327215027938 me=0.005628252251848828 mc=968.0318100949036 nan_elements=0
2019-01-18 14:42:36,831 MAP = 0.3673611111111111
2019-01-18 14:42:36,832 scale=[array([1.])]
2019-01-18 14:42:36,832 *** End Initial Checkpoint

2019-01-18 14:42:36,889 1 loss=0.9941769604494649
2019-01-18 14:42:36,890 2 loss=0.4635441691317516
2019-01-18 14:42:36,891 3 loss=0.31525202916545497
2019-01-18 14:42:36,891 4 loss=0.2517268731485578
2019-01-18 14:42:36,891 5 loss=0.21108416500882515
2019-01-18 14:42:36,892 6 loss=0.18122722499383753
2019-01-18 14:42:36,892 7 loss=0.15828918155714375
2019-01-18 14:42:36,893 8 loss=0.14019266646627662
2019-01-18 14:42:36,893 9 loss=0.12550308167145674
2019-01-18 14:42:36,894 10 loss=0.11318669104455176
2019-01-18 14:42:36,894 11 loss=0.10252813523786034
2019-01-18 14:42:36,895 12 loss=0.09306576654852697
2019-01-18 14:42:36,895 13 loss=0.08452511825515988
2019-01-18 14:42:36,895 14 loss=0.07675588495114484
2019-01-18 14:42:36,896 15 loss=0.06967971253491857
2019-01-18 14:42:36,896 16 loss=0.0632525585402023
2019-01-18 14:42:36,897 17 loss=0.05744144103188922
2019-01-18 14:42:36,897 18 loss=0.052212746174625034
2019-01-18 14:42:36,898 19 loss=0.04752828453739764
2019-01-18 14:42:36,898 20 loss=0.04334560099376466
2019-01-18 14:42:36,898 21 loss=0.039619999109477076
2019-01-18 14:42:36,899 22 loss=0.03630677978243646
2019-01-18 14:42:36,900 23 loss=0.033363008998340674
2019-01-18 14:42:36,900 24 loss=0.03074863971179027
2019-01-18 14:42:36,901 25 loss=0.02842706533267041
2019-01-18 14:42:36,901 26 loss=0.026365265958174792
2019-01-18 14:42:36,901 27 loss=0.024533704009314372
2019-01-18 14:42:36,902 28 loss=0.022906088152048924
2019-01-18 14:42:36,902 29 loss=0.021459083027150206
2019-01-18 14:42:36,903 30 loss=0.020172009485091808
2019-01-18 14:42:36,903 31 loss=0.019026558031349557
2019-01-18 14:42:36,904 32 loss=0.01800652516614223
2019-01-18 14:42:36,904 33 loss=0.0170975753889407
2019-01-18 14:42:36,905 34 loss=0.01628702836812967
2019-01-18 14:42:36,905 35 loss=0.015563669454023217
2019-01-18 14:42:36,905 36 loss=0.014917581327572975
2019-01-18 14:42:36,906 37 loss=0.014339994590273334
2019-01-18 14:42:36,906 38 loss=0.01382315525708787
2019-01-18 14:42:36,907 39 loss=0.013360207305555448
2019-01-18 14:42:36,907 40 loss=0.012945088621465824
2019-01-18 14:42:36,908 41 loss=0.01257243885380919
2019-01-18 14:42:36,908 42 loss=0.012237517848009666
2019-01-18 14:42:36,909 43 loss=0.011936133468046008
2019-01-18 14:42:36,909 44 loss=0.011664577746325329
2019-01-18 14:42:36,910 45 loss=0.011419570416146116
2019-01-18 14:42:36,910 46 loss=0.011198208986084942
2019-01-18 14:42:36,911 47 loss=0.01099792460941962
2019-01-18 14:42:36,911 48 loss=0.010816443085544117
2019-01-18 14:42:36,911 49 loss=0.01065175040505719
2019-01-18 14:42:36,912 50 loss=0.010502062316664005
2019-01-18 14:42:36,912 final loss=0.010502062316664005
2019-01-18 14:42:36,912 best loss=10000000000.0, distortion=10000000000.0, map=0.0, wc_dist=10000000000.0
2019-01-18 14:42:36,912 	 Computing Major Stats lazily... 
2019-01-18 14:42:36,912 		 Completed edges=30 good=30 bad=0
2019-01-18 14:42:36,913 Distortion avg=0.09637164205233899 wc=1.3000620645469332 me=1.1333394231795701 mc=1.1471074225050997 nan_elements=0
2019-01-18 14:42:36,914 MAP = 1.0
2019-01-18 14:42:36,914 scale=[array([1.])]
2019-01-18 15:02:04,118 Commandline ['pytorch/pytorch_hyperbolic.py', 'learn', 'data/edges/parsing/ewt/ewt_dev/1647.edges', '--dim', '0', '--hyp', '0', '--edim', '10', '--euc', '1', '--sdim', '0', '--sph', '0', '--log-name', 'ewt_devr2/1647.edges.E10-1.lr1.log', '--batch-size', '65536', '--epochs', '50', '--checkpoint-freq', '10', '-g', '--subsample', '1024', '--learning-rate', '1']
2019-01-18 15:02:04,119 No Model Save selected!
2019-01-18 15:02:04,121 Loaded Graph data/edges/parsing/ewt/ewt_dev/1647.edges with 6 nodes scale=1.0
2019-01-18 15:02:04,121 Building dataset
2019-01-18 15:02:04,121 Subsample: 6 points with scale 1.0 subsample=5
2019-01-18 15:02:04,125 Built Data Sampler
2019-01-18 15:02:04,126 Creating a fresh model warm_start?=None
2019-01-18 15:02:04,126 	 Warmstarting? None None 6
2019-01-18 15:02:04,126 Embedding() torch.Size([6, 10])
2019-01-18 15:02:04,126 relative No Rescale
2019-01-18 15:02:04,126 Constructed model with dim=0 and epochs=0 isnan=False
2019-01-18 15:02:04,127 SGD (
Parameter Group 0
    dampening: 0
    initial_lr: 0.1
    lr: 1.0
    momentum: 0.0
    nesterov: False
    weight_decay: 0

Parameter Group 1
    dampening: 0
    initial_lr: 0.1
    lr: 1.0
    momentum: 0.0
    nesterov: False
    weight_decay: 0

Parameter Group 2
    dampening: 0
    initial_lr: 0.1
    lr: 1.0
    momentum: 0.0
    nesterov: False
    weight_decay: 0

Parameter Group 3
    dampening: 0
    initial_lr: 0.0001
    lr: 0.001
    momentum: 0.0
    nesterov: False
    weight_decay: 0
)
2019-01-18 15:02:04,127 *** Initial Checkpoint. Computing Stats
2019-01-18 15:02:04,127 	 Computing Major Stats lazily... 
2019-01-18 15:02:04,128 		 Completed edges=30 good=30 bad=0
2019-01-18 15:02:04,129 Distortion avg=0.9970831198655035 wc=5.448327215027938 me=0.005628252251848828 mc=968.0318100949036 nan_elements=0
2019-01-18 15:02:04,129 MAP = 0.3673611111111111
2019-01-18 15:02:04,129 scale=[array([1.])]
2019-01-18 15:02:04,129 *** End Initial Checkpoint

2019-01-18 15:02:04,184 1 loss=0.9941769604494649
2019-01-18 15:02:04,185 2 loss=0.4635441691317516
2019-01-18 15:02:04,185 3 loss=0.31525202916545497
2019-01-18 15:02:04,186 4 loss=0.2517268731485578
2019-01-18 15:02:04,186 5 loss=0.21108416500882515
2019-01-18 15:02:04,187 6 loss=0.18122722499383753
2019-01-18 15:02:04,187 7 loss=0.15828918155714375
2019-01-18 15:02:04,188 8 loss=0.14019266646627662
2019-01-18 15:02:04,188 9 loss=0.12550308167145674
2019-01-18 15:02:04,189 10 loss=0.11318669104455176
2019-01-18 15:02:04,189 
*** Major Checkpoint. Computing Stats and Saving
2019-01-18 15:02:04,189 	 Computing Major Stats lazily... 
2019-01-18 15:02:04,189 		 Completed edges=30 good=30 bad=0
2019-01-18 15:02:04,190 Distortion avg=0.28235841025482855 wc=2.9223696248591975 me=1.3115136705912935 mc=2.2282418326159363 nan_elements=0
2019-01-18 15:02:04,190 MAP = 0.8805555555555555
2019-01-18 15:02:04,190 scale=[array([1.])]
2019-01-18 15:02:04,190 *** End Major Checkpoint

2019-01-18 15:02:04,191 11 loss=0.10252813523786036
2019-01-18 15:02:04,191 12 loss=0.09306576654852697
2019-01-18 15:02:04,192 13 loss=0.08452511825515985
2019-01-18 15:02:04,192 14 loss=0.07675588495114481
2019-01-18 15:02:04,193 15 loss=0.06967971253491859
2019-01-18 15:02:04,193 16 loss=0.0632525585402023
2019-01-18 15:02:04,194 17 loss=0.057441441031889216
2019-01-18 15:02:04,194 18 loss=0.05221274617462504
2019-01-18 15:02:04,195 19 loss=0.04752828453739766
2019-01-18 15:02:04,195 20 loss=0.04334560099376466
2019-01-18 15:02:04,195 
*** Major Checkpoint. Computing Stats and Saving
2019-01-18 15:02:04,195 	 Computing Major Stats lazily... 
2019-01-18 15:02:04,195 		 Completed edges=30 good=30 bad=0
2019-01-18 15:02:04,197 Distortion avg=0.17450889275890502 wc=1.8350887498962496 me=1.1760436565729522 mc=1.5603916909375513 nan_elements=0
2019-01-18 15:02:04,197 MAP = 1.0
2019-01-18 15:02:04,197 scale=[array([1.])]
2019-01-18 15:02:04,197 *** End Major Checkpoint

2019-01-18 15:02:04,197 21 loss=0.03961999910947707
2019-01-18 15:02:04,198 22 loss=0.03630677978243646
2019-01-18 15:02:04,198 23 loss=0.03336300899834066
2019-01-18 15:02:04,199 24 loss=0.030748639711790263
2019-01-18 15:02:04,199 25 loss=0.028427065332670406
2019-01-18 15:02:04,200 26 loss=0.026365265958174792
2019-01-18 15:02:04,200 27 loss=0.024533704009314376
2019-01-18 15:02:04,200 28 loss=0.022906088152048917
2019-01-18 15:02:04,201 29 loss=0.0214590830271502
2019-01-18 15:02:04,201 30 loss=0.020172009485091808
2019-01-18 15:02:04,201 
*** Major Checkpoint. Computing Stats and Saving
2019-01-18 15:02:04,202 	 Computing Major Stats lazily... 
2019-01-18 15:02:04,202 		 Completed edges=30 good=30 bad=0
2019-01-18 15:02:04,203 Distortion avg=0.12543158773103427 wc=1.4940691482727961 me=1.1442362445924699 mc=1.3057348561834121 nan_elements=0
2019-01-18 15:02:04,203 MAP = 1.0
2019-01-18 15:02:04,203 scale=[array([1.])]
2019-01-18 15:02:04,203 *** End Major Checkpoint

2019-01-18 15:02:04,204 31 loss=0.01902655803134955
2019-01-18 15:02:04,204 32 loss=0.018006525166142238
2019-01-18 15:02:04,205 33 loss=0.017097575388940703
2019-01-18 15:02:04,205 34 loss=0.016287028368129668
2019-01-18 15:02:04,206 35 loss=0.015563669454023217
2019-01-18 15:02:04,206 36 loss=0.014917581327572978
2019-01-18 15:02:04,207 37 loss=0.014339994590273328
2019-01-18 15:02:04,207 38 loss=0.013823155257087872
2019-01-18 15:02:04,207 39 loss=0.01336020730555545
2019-01-18 15:02:04,208 40 loss=0.012945088621465827
2019-01-18 15:02:04,208 
*** Major Checkpoint. Computing Stats and Saving
2019-01-18 15:02:04,208 	 Computing Major Stats lazily... 
2019-01-18 15:02:04,208 		 Completed edges=30 good=30 bad=0
2019-01-18 15:02:04,209 Distortion avg=0.10403480793488977 wc=1.3651171793668806 me=1.1395667184868792 mc=1.197926507698898 nan_elements=0
2019-01-18 15:02:04,210 MAP = 1.0
2019-01-18 15:02:04,210 scale=[array([1.])]
2019-01-18 15:02:04,210 *** End Major Checkpoint

2019-01-18 15:02:04,210 41 loss=0.012572438853809187
2019-01-18 15:02:04,211 42 loss=0.012237517848009662
2019-01-18 15:02:04,211 43 loss=0.011936133468046008
2019-01-18 15:02:04,212 44 loss=0.011664577746325313
2019-01-18 15:02:04,212 45 loss=0.011419570416146111
2019-01-18 15:02:04,212 46 loss=0.011198208986084946
2019-01-18 15:02:04,213 47 loss=0.010997924609419615
2019-01-18 15:02:04,213 48 loss=0.010816443085544114
2019-01-18 15:02:04,214 49 loss=0.01065175040505719
2019-01-18 15:02:04,214 50 loss=0.010502062316664007
2019-01-18 15:02:04,214 
*** Major Checkpoint. Computing Stats and Saving
2019-01-18 15:02:04,214 	 Computing Major Stats lazily... 
2019-01-18 15:02:04,215 		 Completed edges=30 good=30 bad=0
2019-01-18 15:02:04,216 Distortion avg=0.09637164205233892 wc=1.3000620645469332 me=1.1333394231795701 mc=1.1471074225050997 nan_elements=0
2019-01-18 15:02:04,216 MAP = 1.0
2019-01-18 15:02:04,216 scale=[array([1.])]
2019-01-18 15:02:04,216 *** End Major Checkpoint

2019-01-18 15:02:04,216 final loss=0.010502062316664007
2019-01-18 15:02:04,216 best loss=0.010502062316664007, distortion=0.09637164205233892, map=1.0, wc_dist=1.3000620645469332
2019-01-18 15:02:04,216 	 Computing Major Stats lazily... 
2019-01-18 15:02:04,217 		 Completed edges=30 good=30 bad=0
2019-01-18 15:02:04,218 Distortion avg=0.09637164205233896 wc=1.3000620645469332 me=1.1333394231795701 mc=1.1471074225050997 nan_elements=0
2019-01-18 15:02:04,218 MAP = 1.0
2019-01-18 15:02:04,218 scale=[array([1.])]
