2019-01-18 14:54:01,695 Commandline ['pytorch/pytorch_hyperbolic.py', 'learn', 'data/edges/parsing/ewt/ewt_dev/1648.edges', '--dim', '0', '--hyp', '0', '--edim', '10', '--euc', '1', '--sdim', '0', '--sph', '0', '--log-name', 'ewt_devr2/1648.edges.E10-1.lr1.log', '--batch-size', '65536', '--epochs', '50', '--checkpoint-freq', '10', '-g', '--subsample', '1024', '--learning-rate', '1']
2019-01-18 14:54:01,695 No Model Save selected!
2019-01-18 14:54:01,697 Loaded Graph data/edges/parsing/ewt/ewt_dev/1648.edges with 23 nodes scale=1.0
2019-01-18 14:54:01,697 Building dataset
2019-01-18 14:54:01,697 Subsample: 23 points with scale 1.0 subsample=22
2019-01-18 14:54:01,723 Built Data Sampler
2019-01-18 14:54:01,723 Creating a fresh model warm_start?=None
2019-01-18 14:54:01,723 	 Warmstarting? None None 23
2019-01-18 14:54:01,724 Embedding() torch.Size([23, 10])
2019-01-18 14:54:01,724 relative No Rescale
2019-01-18 14:54:01,724 Constructed model with dim=0 and epochs=0 isnan=False
2019-01-18 14:54:01,724 SGD (
Parameter Group 0
    dampening: 0
    initial_lr: 0.1
    lr: 1.0
    momentum: 0.0
    nesterov: False
    weight_decay: 0

Parameter Group 1
    dampening: 0
    initial_lr: 0.1
    lr: 1.0
    momentum: 0.0
    nesterov: False
    weight_decay: 0

Parameter Group 2
    dampening: 0
    initial_lr: 0.1
    lr: 1.0
    momentum: 0.0
    nesterov: False
    weight_decay: 0

Parameter Group 3
    dampening: 0
    initial_lr: 0.0001
    lr: 0.001
    momentum: 0.0
    nesterov: False
    weight_decay: 0
)
2019-01-18 14:54:01,724 *** Initial Checkpoint. Computing Stats
2019-01-18 14:54:01,724 	 Computing Major Stats lazily... 
2019-01-18 14:54:01,727 		 Completed edges=506 good=506 bad=0
2019-01-18 14:54:01,731 Distortion avg=0.998361231119803 wc=17.14109093947897 me=0.005935337598003825 mc=2887.972361545849 nan_elements=0
2019-01-18 14:54:01,731 MAP = 0.14989886405453778
2019-01-18 14:54:01,731 scale=[array([1.])]
2019-01-18 14:54:01,731 *** End Initial Checkpoint

2019-01-18 14:54:01,789 1 loss=0.9967262560366429
2019-01-18 14:54:01,790 2 loss=0.9438853804032127
2019-01-18 14:54:01,790 3 loss=0.8939464127764133
2019-01-18 14:54:01,791 4 loss=0.8484502501313639
2019-01-18 14:54:01,792 5 loss=0.8071317607843967
2019-01-18 14:54:01,793 6 loss=0.7695883732303328
2019-01-18 14:54:01,794 7 loss=0.7354220001713827
2019-01-18 14:54:01,794 8 loss=0.7042673684927802
2019-01-18 14:54:01,795 9 loss=0.6757974784074406
2019-01-18 14:54:01,796 10 loss=0.6497225500730289
2019-01-18 14:54:01,796 
*** Major Checkpoint. Computing Stats and Saving
2019-01-18 14:54:01,796 	 Computing Major Stats lazily... 
2019-01-18 14:54:01,798 		 Completed edges=506 good=506 bad=0
2019-01-18 14:54:01,802 Distortion avg=0.7701876905367613 wc=30.694765532304114 me=1.0640104463699667 mc=28.848180614226084 nan_elements=0
2019-01-18 14:54:01,802 MAP = 0.08219127215694723
2019-01-18 14:54:01,802 scale=[array([1.])]
2019-01-18 14:54:01,802 *** End Major Checkpoint

2019-01-18 14:54:01,803 11 loss=0.6257869297330304
2019-01-18 14:54:01,804 12 loss=0.6037654714474315
2019-01-18 14:54:01,805 13 loss=0.5834599654667343
2019-01-18 14:54:01,806 14 loss=0.5646958307897644
2019-01-18 14:54:01,806 15 loss=0.5473191436760192
2019-01-18 14:54:01,807 16 loss=0.5311940107091622
2019-01-18 14:54:01,808 17 loss=0.5162002676617075
2019-01-18 14:54:01,809 18 loss=0.5022314745317076
2019-01-18 14:54:01,809 19 loss=0.4891931740498436
2019-01-18 14:54:01,810 20 loss=0.47700138158518396
2019-01-18 14:54:01,810 
*** Major Checkpoint. Computing Stats and Saving
2019-01-18 14:54:01,810 	 Computing Major Stats lazily... 
2019-01-18 14:54:01,812 		 Completed edges=506 good=506 bad=0
2019-01-18 14:54:01,816 Distortion avg=0.6492114385114525 wc=23.21258550748613 me=1.454807949634982 mc=15.955773071841046 nan_elements=0
2019-01-18 14:54:01,816 MAP = 0.08683517953507183
2019-01-18 14:54:01,816 scale=[array([1.])]
2019-01-18 14:54:01,816 *** End Major Checkpoint

2019-01-18 14:54:01,817 21 loss=0.46558127668466165
2019-01-18 14:54:01,818 22 loss=0.4548660694419465
2019-01-18 14:54:01,819 23 loss=0.4447960179871855
2019-01-18 14:54:01,820 24 loss=0.4353175763630646
2019-01-18 14:54:01,821 25 loss=0.4263826547864635
2019-01-18 14:54:01,821 26 loss=0.41794797674408823
2019-01-18 14:54:01,822 27 loss=0.4099745195293607
2019-01-18 14:54:01,823 28 loss=0.4024270267107688
2019-01-18 14:54:01,824 29 loss=0.3952735826523636
2019-01-18 14:54:01,825 30 loss=0.3884852406120078
2019-01-18 14:54:01,825 
*** Major Checkpoint. Computing Stats and Saving
2019-01-18 14:54:01,825 	 Computing Major Stats lazily... 
2019-01-18 14:54:01,827 		 Completed edges=506 good=506 bad=0
2019-01-18 14:54:01,830 Distortion avg=0.5878736345805078 wc=18.225032081599494 me=1.5743404953438909 mc=11.576296319315924 nan_elements=0
2019-01-18 14:54:01,830 MAP = 0.10144729331531054
2019-01-18 14:54:01,831 scale=[array([1.])]
2019-01-18 14:54:01,831 *** End Major Checkpoint

2019-01-18 14:54:01,831 31 loss=0.3820356971494223
2019-01-18 14:54:01,832 32 loss=0.3759010066096773
2019-01-18 14:54:01,833 33 loss=0.37005933033196264
2019-01-18 14:54:01,834 34 loss=0.36449071598913463
2019-01-18 14:54:01,835 35 loss=0.35917690310906975
2019-01-18 14:54:01,835 36 loss=0.35410115138027004
2019-01-18 14:54:01,836 37 loss=0.3492480888152619
2019-01-18 14:54:01,837 38 loss=0.3446035772480175
2019-01-18 14:54:01,838 39 loss=0.34015459298604733
2019-01-18 14:54:01,839 40 loss=0.335889120732644
2019-01-18 14:54:01,839 
*** Major Checkpoint. Computing Stats and Saving
2019-01-18 14:54:01,839 	 Computing Major Stats lazily... 
2019-01-18 14:54:01,841 		 Completed edges=506 good=506 bad=0
2019-01-18 14:54:01,845 Distortion avg=0.5407730019412654 wc=16.258363564297184 me=1.736750760825415 mc=9.361368327007481 nan_elements=0
2019-01-18 14:54:01,845 MAP = 0.1163862481802733
2019-01-18 14:54:01,845 scale=[array([1.])]
2019-01-18 14:54:01,845 *** End Major Checkpoint

2019-01-18 14:54:01,846 41 loss=0.3317960591473985
2019-01-18 14:54:01,847 42 loss=0.32786513662980954
2019-01-18 14:54:01,847 43 loss=0.32408683609692795
2019-01-18 14:54:01,848 44 loss=0.320452327686011
2019-01-18 14:54:01,849 45 loss=0.3169534084509724
2019-01-18 14:54:01,850 46 loss=0.31358244824023307
2019-01-18 14:54:01,851 47 loss=0.31033234104617624
2019-01-18 14:54:01,851 48 loss=0.307196461205142
2019-01-18 14:54:01,852 49 loss=0.30416862390371985
2019-01-18 14:54:01,853 50 loss=0.3012430495137439
2019-01-18 14:54:01,853 
*** Major Checkpoint. Computing Stats and Saving
2019-01-18 14:54:01,853 	 Computing Major Stats lazily... 
2019-01-18 14:54:01,855 		 Completed edges=506 good=506 bad=0
2019-01-18 14:54:01,859 Distortion avg=0.5033016764002456 wc=14.679684684059774 me=1.8298381083158979 mc=8.022395324125316 nan_elements=0
2019-01-18 14:54:01,859 MAP = 0.15157924369493894
2019-01-18 14:54:01,859 scale=[array([1.])]
2019-01-18 14:54:01,860 *** End Major Checkpoint

2019-01-18 14:54:01,860 final loss=0.3012430495137439
2019-01-18 14:54:01,860 best loss=0.3012430495137439, distortion=0.5033016764002456, map=0.15157924369493894, wc_dist=14.679684684059774
2019-01-18 14:54:01,860 	 Computing Major Stats lazily... 
2019-01-18 14:54:01,862 		 Completed edges=506 good=506 bad=0
2019-01-18 14:54:01,865 Distortion avg=0.5033016764002453 wc=14.679684684059774 me=1.8298381083158979 mc=8.022395324125316 nan_elements=0
2019-01-18 14:54:01,865 MAP = 0.15157924369493897
2019-01-18 14:54:01,866 scale=[array([1.])]
