2019-01-18 14:44:41,672 Commandline ['pytorch/pytorch_hyperbolic.py', 'learn', 'data/edges/parsing/ewt/ewt_dev/1654.edges', '--dim', '0', '--hyp', '0', '--edim', '10', '--euc', '1', '--sdim', '0', '--sph', '0', '--log-name', 'ewt_devr2/1654.edges.E10-1.lr1.log', '--batch-size', '65536', '--epochs', '50', '--checkpoint-freq', '10', '-g', '--subsample', '1024', '--learning-rate', '1']
2019-01-18 14:44:41,672 No Model Save selected!
2019-01-18 14:44:41,673 Loaded Graph data/edges/parsing/ewt/ewt_dev/1654.edges with 2 nodes scale=1.0
2019-01-18 14:44:41,673 Building dataset
2019-01-18 14:44:41,674 Subsample: 2 points with scale 1.0 subsample=1
2019-01-18 14:44:41,675 Built Data Sampler
2019-01-18 14:44:41,676 Creating a fresh model warm_start?=None
2019-01-18 14:44:41,676 	 Warmstarting? None None 2
2019-01-18 14:44:41,676 Embedding() torch.Size([2, 10])
2019-01-18 14:44:41,676 relative No Rescale
2019-01-18 14:44:41,677 Constructed model with dim=0 and epochs=0 isnan=False
2019-01-18 14:44:41,677 SGD (
Parameter Group 0
    dampening: 0
    initial_lr: 0.1
    lr: 1.0
    momentum: 0.0
    nesterov: False
    weight_decay: 0

Parameter Group 1
    dampening: 0
    initial_lr: 0.1
    lr: 1.0
    momentum: 0.0
    nesterov: False
    weight_decay: 0

Parameter Group 2
    dampening: 0
    initial_lr: 0.1
    lr: 1.0
    momentum: 0.0
    nesterov: False
    weight_decay: 0

Parameter Group 3
    dampening: 0
    initial_lr: 0.0001
    lr: 0.001
    momentum: 0.0
    nesterov: False
    weight_decay: 0
)
2019-01-18 14:44:41,677 *** Initial Checkpoint. Computing Stats
2019-01-18 14:44:41,677 	 Computing Major Stats lazily... 
2019-01-18 14:44:41,678 		 Completed edges=2 good=2 bad=0
2019-01-18 14:44:41,678 Distortion avg=0.9965968412004117 wc=1.0 me=0.00340315879958833 mc=293.8446481313088 nan_elements=0
2019-01-18 14:44:41,678 MAP = 1.0
2019-01-18 14:44:41,678 scale=[array([1.])]
2019-01-18 14:44:41,679 *** End Initial Checkpoint

2019-01-18 14:44:41,737 1 loss=0.9932052638906386
2019-01-18 14:44:41,738 2 loss=8.938847375015749
2019-01-18 14:44:41,739 3 loss=48.57214009192693
2019-01-18 14:44:41,739 4 loss=357.51680197769787
2019-01-18 14:44:41,739 5 loss=2994.7538412503473
2019-01-18 14:44:41,740 6 loss=26300.09244160632
2019-01-18 14:44:41,740 7 loss=234758.7555855165
2019-01-18 14:44:41,741 8 loss=2107018.5711028273
2019-01-18 14:44:41,741 9 loss=18945752.452424984
2019-01-18 14:44:41,741 10 loss=170459544.00932342
2019-01-18 14:44:41,742 
*** Major Checkpoint. Computing Stats and Saving
2019-01-18 14:44:41,742 	 Computing Major Stats lazily... 
2019-01-18 14:44:41,742 		 Completed edges=2 good=2 bad=0
2019-01-18 14:44:41,742 Distortion avg=39166.046876043125 wc=1.0 me=39167.046876043125 mc=2.553166704563726e-05 nan_elements=0
2019-01-18 14:44:41,742 MAP = 1.0
2019-01-18 14:44:41,743 scale=[array([1.])]
2019-01-18 14:44:41,743 *** End Major Checkpoint

2019-01-18 14:44:41,743 11 loss=1533979227.8964074
2019-01-18 14:44:41,744 12 loss=13805343062.505152
2019-01-18 14:44:41,744 13 loss=124246677612.85883
2019-01-18 14:44:41,744 14 loss=1118215868682.6665
2019-01-18 14:44:41,745 15 loss=10063930128660.81
2019-01-18 14:44:41,745 16 loss=90575333089513.72
2019-01-18 14:44:41,746 17 loss=815177883600338.8
2019-01-18 14:44:41,746 18 loss=7336600609787212.0
2019-01-18 14:44:41,746 19 loss=6.60294044602374e+16
2019-01-18 14:44:41,747 20 loss=5.94264637058594e+17
2019-01-18 14:44:41,747 
*** Major Checkpoint. Computing Stats and Saving
2019-01-18 14:44:41,747 	 Computing Major Stats lazily... 
2019-01-18 14:44:41,747 		 Completed edges=2 good=2 bad=0
2019-01-18 14:44:41,748 Distortion avg=2312656853.98347 wc=1.0 me=2312656854.98347 mc=4.3240310288365184e-10 nan_elements=0
2019-01-18 14:44:41,748 MAP = 1.0
2019-01-18 14:44:41,748 scale=[array([1.])]
2019-01-18 14:44:41,748 *** End Major Checkpoint

2019-01-18 14:44:41,748 21 loss=5.348381724276721e+18
2019-01-18 14:44:41,749 22 loss=4.81354354907386e+19
2019-01-18 14:44:41,749 23 loss=4.332189193333917e+20
2019-01-18 14:44:41,750 24 loss=3.898970273750758e+21
2019-01-18 14:44:41,750 25 loss=3.509073246300752e+22
2019-01-18 14:44:41,750 26 loss=3.158165921648198e+23
2019-01-18 14:44:41,751 27 loss=2.842349329476635e+24
2019-01-18 14:44:41,751 28 loss=2.5581143965269464e+25
2019-01-18 14:44:41,752 29 loss=2.3023029568736446e+26
2019-01-18 14:44:41,752 30 loss=2.072072661186098e+27
2019-01-18 14:44:41,752 
*** Major Checkpoint. Computing Stats and Saving
2019-01-18 14:44:41,752 	 Computing Major Stats lazily... 
2019-01-18 14:44:41,752 		 Completed edges=2 good=2 bad=0
2019-01-18 14:44:41,753 Distortion avg=136560074511821.84 wc=1.0 me=136560074511822.84 mc=7.322784522305045e-15 nan_elements=0
2019-01-18 14:44:41,753 MAP = 1.0
2019-01-18 14:44:41,753 scale=[array([1.])]
2019-01-18 14:44:41,753 *** End Major Checkpoint

2019-01-18 14:44:41,754 31 loss=1.8648653950674335e+28
2019-01-18 14:44:41,754 32 loss=1.678378855560674e+29
2019-01-18 14:44:41,754 33 loss=1.5105409700046018e+30
2019-01-18 14:44:41,755 34 loss=1.3594868730041399e+31
2019-01-18 14:44:41,755 35 loss=1.2235381857037259e+32
2019-01-18 14:44:41,756 36 loss=1.1011843671333534e+33
2019-01-18 14:44:41,756 37 loss=9.91065930420018e+33
2019-01-18 14:44:41,756 38 loss=8.91959337378016e+34
2019-01-18 14:44:41,757 39 loss=8.027634036402146e+35
2019-01-18 14:44:41,757 40 loss=7.224870632761931e+36
2019-01-18 14:44:41,757 
*** Major Checkpoint. Computing Stats and Saving
2019-01-18 14:44:41,757 	 Computing Major Stats lazily... 
2019-01-18 14:44:41,758 		 Completed edges=2 good=2 bad=0
2019-01-18 14:44:41,758 Distortion avg=8.063735839848513e+18 wc=1.0 me=8.063735839848513e+18 mc=1.2401199888745194e-19 nan_elements=0
2019-01-18 14:44:41,758 MAP = 1.0
2019-01-18 14:44:41,758 scale=[array([1.])]
2019-01-18 14:44:41,758 *** End Major Checkpoint

2019-01-18 14:44:41,759 41 loss=6.502383569485739e+37
2019-01-18 14:44:41,759 42 loss=5.852145212537165e+38
2019-01-18 14:44:41,760 43 loss=5.266930691283448e+39
2019-01-18 14:44:41,760 44 loss=4.740237622155103e+40
2019-01-18 14:44:41,760 45 loss=4.2662138599395935e+41
2019-01-18 14:44:41,761 46 loss=3.839592473945634e+42
2019-01-18 14:44:41,761 47 loss=3.4556332265510695e+43
2019-01-18 14:44:41,762 48 loss=3.1100699038959636e+44
2019-01-18 14:44:41,762 49 loss=2.7990629135063678e+45
2019-01-18 14:44:41,762 50 loss=2.519156622155731e+46
2019-01-18 14:44:41,762 
*** Major Checkpoint. Computing Stats and Saving
2019-01-18 14:44:41,763 	 Computing Major Stats lazily... 
2019-01-18 14:44:41,763 		 Completed edges=2 good=2 bad=0
2019-01-18 14:44:41,763 Distortion avg=4.7615553760721484e+23 wc=1.0 me=4.7615553760721484e+23 mc=2.1001540904579576e-24 nan_elements=0
2019-01-18 14:44:41,763 MAP = 1.0
2019-01-18 14:44:41,763 scale=[array([1.])]
2019-01-18 14:44:41,764 *** End Major Checkpoint

2019-01-18 14:44:41,764 final loss=2.519156622155731e+46
2019-01-18 14:44:41,764 best loss=170459544.00932342, distortion=39166.046876043125, map=1.0, wc_dist=1.0
2019-01-18 14:44:41,764 	 Computing Major Stats lazily... 
2019-01-18 14:44:41,764 		 Completed edges=2 good=2 bad=0
2019-01-18 14:44:41,764 Distortion avg=4.7615553760721484e+23 wc=1.0 me=4.7615553760721484e+23 mc=2.1001540904579576e-24 nan_elements=0
2019-01-18 14:44:41,764 MAP = 1.0
2019-01-18 14:44:41,765 scale=[array([1.])]
