2019-01-18 14:56:17,571 Commandline ['pytorch/pytorch_hyperbolic.py', 'learn', 'data/edges/parsing/ewt/ewt_dev/1655.edges', '--dim', '0', '--hyp', '0', '--edim', '10', '--euc', '1', '--sdim', '0', '--sph', '0', '--log-name', 'ewt_devr2/1655.edges.E10-1.lr1.log', '--batch-size', '65536', '--epochs', '50', '--checkpoint-freq', '10', '-g', '--subsample', '1024', '--learning-rate', '1']
2019-01-18 14:56:17,571 No Model Save selected!
2019-01-18 14:56:17,573 Loaded Graph data/edges/parsing/ewt/ewt_dev/1655.edges with 9 nodes scale=1.0
2019-01-18 14:56:17,573 Building dataset
2019-01-18 14:56:17,574 Subsample: 9 points with scale 1.0 subsample=8
2019-01-18 14:56:17,581 Built Data Sampler
2019-01-18 14:56:17,581 Creating a fresh model warm_start?=None
2019-01-18 14:56:17,581 	 Warmstarting? None None 9
2019-01-18 14:56:17,581 Embedding() torch.Size([9, 10])
2019-01-18 14:56:17,582 relative No Rescale
2019-01-18 14:56:17,582 Constructed model with dim=0 and epochs=0 isnan=False
2019-01-18 14:56:17,582 SGD (
Parameter Group 0
    dampening: 0
    initial_lr: 0.1
    lr: 1.0
    momentum: 0.0
    nesterov: False
    weight_decay: 0

Parameter Group 1
    dampening: 0
    initial_lr: 0.1
    lr: 1.0
    momentum: 0.0
    nesterov: False
    weight_decay: 0

Parameter Group 2
    dampening: 0
    initial_lr: 0.1
    lr: 1.0
    momentum: 0.0
    nesterov: False
    weight_decay: 0

Parameter Group 3
    dampening: 0
    initial_lr: 0.0001
    lr: 0.001
    momentum: 0.0
    nesterov: False
    weight_decay: 0
)
2019-01-18 14:56:17,582 *** Initial Checkpoint. Computing Stats
2019-01-18 14:56:17,582 	 Computing Major Stats lazily... 
2019-01-18 14:56:17,583 		 Completed edges=72 good=72 bad=0
2019-01-18 14:56:17,585 Distortion avg=0.9975552127952658 wc=8.119469606690975 me=0.005941110731069004 mc=1366.658521314921 nan_elements=0
2019-01-18 14:56:17,585 MAP = 0.3736948853615521
2019-01-18 14:56:17,585 scale=[array([1.])]
2019-01-18 14:56:17,585 *** End Initial Checkpoint

2019-01-18 14:56:17,642 1 loss=0.9951180308056247
2019-01-18 14:56:17,643 2 loss=0.7243747758166581
2019-01-18 14:56:17,643 3 loss=0.5575539669128784
2019-01-18 14:56:17,644 4 loss=0.4574240296564407
2019-01-18 14:56:17,644 5 loss=0.3925145272283105
2019-01-18 14:56:17,645 6 loss=0.3468592998441918
2019-01-18 14:56:17,645 7 loss=0.3124568073178464
2019-01-18 14:56:17,646 8 loss=0.28516249931417226
2019-01-18 14:56:17,646 9 loss=0.2627150699322383
2019-01-18 14:56:17,647 10 loss=0.24379809427495902
2019-01-18 14:56:17,647 
*** Major Checkpoint. Computing Stats and Saving
2019-01-18 14:56:17,647 	 Computing Major Stats lazily... 
2019-01-18 14:56:17,647 		 Completed edges=72 good=72 bad=0
2019-01-18 14:56:17,649 Distortion avg=0.439475585350325 wc=6.238367536405046 me=1.3530697838527854 mc=4.610529043551373 nan_elements=0
2019-01-18 14:56:17,649 MAP = 0.38758377425044094
2019-01-18 14:56:17,649 scale=[array([1.])]
2019-01-18 14:56:17,649 *** End Major Checkpoint

2019-01-18 14:56:17,650 11 loss=0.22758736129190715
2019-01-18 14:56:17,650 12 loss=0.21352723180795957
2019-01-18 14:56:17,651 13 loss=0.20121700399843992
2019-01-18 14:56:17,651 14 loss=0.19035136702273692
2019-01-18 14:56:17,652 15 loss=0.18068809628631505
2019-01-18 14:56:17,652 16 loss=0.17202978194110158
2019-01-18 14:56:17,653 17 loss=0.1642129352585581
2019-01-18 14:56:17,653 18 loss=0.1571010497881652
2019-01-18 14:56:17,653 19 loss=0.15057983037166625
2019-01-18 14:56:17,654 20 loss=0.14455365077220536
2019-01-18 14:56:17,654 
*** Major Checkpoint. Computing Stats and Saving
2019-01-18 14:56:17,654 	 Computing Major Stats lazily... 
2019-01-18 14:56:17,655 		 Completed edges=72 good=72 bad=0
2019-01-18 14:56:17,656 Distortion avg=0.32667143474104743 wc=5.131389012731485 me=1.5353428800258866 mc=3.342177880581937 nan_elements=0
2019-01-18 14:56:17,656 MAP = 0.7520458553791888
2019-01-18 14:56:17,656 scale=[array([1.])]
2019-01-18 14:56:17,656 *** End Major Checkpoint

2019-01-18 14:56:17,657 21 loss=0.13894274744029778
2019-01-18 14:56:17,657 22 loss=0.1336808936839745
2019-01-18 14:56:17,658 23 loss=0.12871342222287413
2019-01-18 14:56:17,658 24 loss=0.12399552598277211
2019-01-18 14:56:17,659 25 loss=0.11949079528049289
2019-01-18 14:56:17,659 26 loss=0.11516996048237334
2019-01-18 14:56:17,660 27 loss=0.11100981227148315
2019-01-18 14:56:17,660 28 loss=0.10699227223235379
2019-01-18 14:56:17,661 29 loss=0.10310358735602204
2019-01-18 14:56:17,661 30 loss=0.09933362439907073
2019-01-18 14:56:17,661 
*** Major Checkpoint. Computing Stats and Saving
2019-01-18 14:56:17,661 	 Computing Major Stats lazily... 
2019-01-18 14:56:17,662 		 Completed edges=72 good=72 bad=0
2019-01-18 14:56:17,663 Distortion avg=0.26303472382419285 wc=4.108136889566739 me=1.4938841971024805 mc=2.7499701098216525 nan_elements=0
2019-01-18 14:56:17,663 MAP = 0.898148148148148
2019-01-18 14:56:17,663 scale=[array([1.])]
2019-01-18 14:56:17,663 *** End Major Checkpoint

2019-01-18 14:56:17,664 31 loss=0.09567524387303616
2019-01-18 14:56:17,664 32 loss=0.09212373829863645
2019-01-18 14:56:17,665 33 loss=0.08867632450795247
2019-01-18 14:56:17,665 34 loss=0.08533168450262375
2019-01-18 14:56:17,666 35 loss=0.08208955312390659
2019-01-18 14:56:17,666 36 loss=0.07895035324394908
2019-01-18 14:56:17,667 37 loss=0.0759148802790738
2019-01-18 14:56:17,667 38 loss=0.0729840377022844
2019-01-18 14:56:17,668 39 loss=0.07015862419046022
2019-01-18 14:56:17,668 40 loss=0.06743917145099965
2019-01-18 14:56:17,668 
*** Major Checkpoint. Computing Stats and Saving
2019-01-18 14:56:17,668 	 Computing Major Stats lazily... 
2019-01-18 14:56:17,669 		 Completed edges=72 good=72 bad=0
2019-01-18 14:56:17,670 Distortion avg=0.21383002529961012 wc=3.1320131980765624 me=1.3727955388070783 mc=2.281485559603578 nan_elements=0
2019-01-18 14:56:17,670 MAP = 1.0
2019-01-18 14:56:17,670 scale=[array([1.])]
2019-01-18 14:56:17,671 *** End Major Checkpoint

2019-01-18 14:56:17,671 41 loss=0.06482583000162453
2019-01-18 14:56:17,671 42 loss=0.062318298537345496
2019-01-18 14:56:17,672 43 loss=0.05991579123162219
2019-01-18 14:56:17,672 44 loss=0.057617036505411834
2019-01-18 14:56:17,673 45 loss=0.0554203004868287
2019-01-18 14:56:17,673 46 loss=0.05332342853250709
2019-01-18 14:56:17,674 47 loss=0.051323898699941514
2019-01-18 14:56:17,674 48 loss=0.049418881836672354
2019-01-18 14:56:17,675 49 loss=0.04760530387415723
2019-01-18 14:56:17,675 50 loss=0.04587990688105801
2019-01-18 14:56:17,675 
*** Major Checkpoint. Computing Stats and Saving
2019-01-18 14:56:17,676 	 Computing Major Stats lazily... 
2019-01-18 14:56:17,676 		 Completed edges=72 good=72 bad=0
2019-01-18 14:56:17,678 Distortion avg=0.17599494134392446 wc=2.442266418085983 me=1.2624251161096185 mc=1.9345831977838417 nan_elements=0
2019-01-18 14:56:17,678 MAP = 1.0
2019-01-18 14:56:17,678 scale=[array([1.])]
2019-01-18 14:56:17,678 *** End Major Checkpoint

2019-01-18 14:56:17,679 final loss=0.04587990688105801
2019-01-18 14:56:17,679 best loss=0.04587990688105801, distortion=0.17599494134392446, map=1.0, wc_dist=2.442266418085983
2019-01-18 14:56:17,679 	 Computing Major Stats lazily... 
2019-01-18 14:56:17,679 		 Completed edges=72 good=72 bad=0
2019-01-18 14:56:17,681 Distortion avg=0.1759949413439245 wc=2.442266418085983 me=1.2624251161096185 mc=1.9345831977838417 nan_elements=0
2019-01-18 14:56:17,681 MAP = 1.0
2019-01-18 14:56:17,681 scale=[array([1.])]
