2019-01-18 14:46:57,043 Commandline ['pytorch/pytorch_hyperbolic.py', 'learn', 'data/edges/parsing/ewt/ewt_dev/1659.edges', '--dim', '0', '--hyp', '0', '--edim', '10', '--euc', '1', '--sdim', '0', '--sph', '0', '--log-name', 'ewt_devr2/1659.edges.E10-1.lr1.log', '--batch-size', '65536', '--epochs', '50', '--checkpoint-freq', '10', '-g', '--subsample', '1024', '--learning-rate', '1']
2019-01-18 14:46:57,043 No Model Save selected!
2019-01-18 14:46:57,045 Loaded Graph data/edges/parsing/ewt/ewt_dev/1659.edges with 12 nodes scale=1.0
2019-01-18 14:46:57,045 Building dataset
2019-01-18 14:46:57,046 Subsample: 12 points with scale 1.0 subsample=11
2019-01-18 14:46:57,056 Built Data Sampler
2019-01-18 14:46:57,056 Creating a fresh model warm_start?=None
2019-01-18 14:46:57,056 	 Warmstarting? None None 12
2019-01-18 14:46:57,056 Embedding() torch.Size([12, 10])
2019-01-18 14:46:57,057 relative No Rescale
2019-01-18 14:46:57,057 Constructed model with dim=0 and epochs=0 isnan=False
2019-01-18 14:46:57,057 SGD (
Parameter Group 0
    dampening: 0
    initial_lr: 0.1
    lr: 1.0
    momentum: 0.0
    nesterov: False
    weight_decay: 0

Parameter Group 1
    dampening: 0
    initial_lr: 0.1
    lr: 1.0
    momentum: 0.0
    nesterov: False
    weight_decay: 0

Parameter Group 2
    dampening: 0
    initial_lr: 0.1
    lr: 1.0
    momentum: 0.0
    nesterov: False
    weight_decay: 0

Parameter Group 3
    dampening: 0
    initial_lr: 0.0001
    lr: 0.001
    momentum: 0.0
    nesterov: False
    weight_decay: 0
)
2019-01-18 14:46:57,057 *** Initial Checkpoint. Computing Stats
2019-01-18 14:46:57,057 	 Computing Major Stats lazily... 
2019-01-18 14:46:57,058 		 Completed edges=132 good=132 bad=0
2019-01-18 14:46:57,060 Distortion avg=0.9980849793340953 wc=12.40335460340031 me=0.005982886981094694 mc=2073.138710892188 nan_elements=0
2019-01-18 14:46:57,060 MAP = 0.40119348244348246
2019-01-18 14:46:57,061 scale=[array([1.])]
2019-01-18 14:46:57,061 *** End Initial Checkpoint

2019-01-18 14:46:57,118 1 loss=0.9961750845677154
2019-01-18 14:46:57,119 2 loss=0.8544292958391201
2019-01-18 14:46:57,119 3 loss=0.7398440890348219
2019-01-18 14:46:57,120 4 loss=0.6517925891188344
2019-01-18 14:46:57,120 5 loss=0.5841060818290048
2019-01-18 14:46:57,121 6 loss=0.5315878574538117
2019-01-18 14:46:57,121 7 loss=0.4902956521872552
2019-01-18 14:46:57,122 8 loss=0.4573218685699378
2019-01-18 14:46:57,123 9 loss=0.4305429908505497
2019-01-18 14:46:57,123 10 loss=0.408412499422569
2019-01-18 14:46:57,123 
*** Major Checkpoint. Computing Stats and Saving
2019-01-18 14:46:57,123 	 Computing Major Stats lazily... 
2019-01-18 14:46:57,124 		 Completed edges=132 good=132 bad=0
2019-01-18 14:46:57,126 Distortion avg=0.5741840773882652 wc=10.54166331495049 me=1.3062659515232802 mc=8.070074323423578 nan_elements=0
2019-01-18 14:46:57,126 MAP = 0.17408334335417672
2019-01-18 14:46:57,126 scale=[array([1.])]
2019-01-18 14:46:57,126 *** End Major Checkpoint

2019-01-18 14:46:57,127 11 loss=0.389803243624805
2019-01-18 14:46:57,127 12 loss=0.373891252731127
2019-01-18 14:46:57,128 13 loss=0.36007135362109016
2019-01-18 14:46:57,128 14 loss=0.34789633034180806
2019-01-18 14:46:57,129 15 loss=0.3370332034472594
2019-01-18 14:46:57,129 16 loss=0.3272318458621605
2019-01-18 14:46:57,130 17 loss=0.31830244728618395
2019-01-18 14:46:57,131 18 loss=0.3100993123824177
2019-01-18 14:46:57,131 19 loss=0.3025091907266817
2019-01-18 14:46:57,132 20 loss=0.2954428511326819
2019-01-18 14:46:57,132 
*** Major Checkpoint. Computing Stats and Saving
2019-01-18 14:46:57,132 	 Computing Major Stats lazily... 
2019-01-18 14:46:57,133 		 Completed edges=132 good=132 bad=0
2019-01-18 14:46:57,135 Distortion avg=0.49641907878730596 wc=7.890381190019322 me=1.529505208853686 mc=5.158780201822852 nan_elements=0
2019-01-18 14:46:57,135 MAP = 0.3183531746031745
2019-01-18 14:46:57,135 scale=[array([1.])]
2019-01-18 14:46:57,135 *** End Major Checkpoint

2019-01-18 14:46:57,135 21 loss=0.2888289816199973
2019-01-18 14:46:57,136 22 loss=0.2826097592338188
2019-01-18 14:46:57,137 23 loss=0.27673762110404604
2019-01-18 14:46:57,137 24 loss=0.2711729013318948
2019-01-18 14:46:57,138 25 loss=0.26588209315662653
2019-01-18 14:46:57,138 26 loss=0.2608365635258321
2019-01-18 14:46:57,139 27 loss=0.25601159557030617
2019-01-18 14:46:57,139 28 loss=0.25138566915734045
2019-01-18 14:46:57,140 29 loss=0.2469399146143023
2019-01-18 14:46:57,140 30 loss=0.2426576926710613
2019-01-18 14:46:57,140 
*** Major Checkpoint. Computing Stats and Saving
2019-01-18 14:46:57,141 	 Computing Major Stats lazily... 
2019-01-18 14:46:57,141 		 Completed edges=132 good=132 bad=0
2019-01-18 14:46:57,143 Distortion avg=0.4376081177432663 wc=6.196464547123986 me=1.519522185000807 mc=4.07790330953325 nan_elements=0
2019-01-18 14:46:57,143 MAP = 0.49583333333333335
2019-01-18 14:46:57,144 scale=[array([1.])]
2019-01-18 14:46:57,144 *** End Major Checkpoint

2019-01-18 14:46:57,144 31 loss=0.2385242666434018
2019-01-18 14:46:57,145 32 loss=0.23452654227402928
2019-01-18 14:46:57,145 33 loss=0.23065285746227834
2019-01-18 14:46:57,146 34 loss=0.22689280906152604
2019-01-18 14:46:57,146 35 loss=0.22323710751583234
2019-01-18 14:46:57,147 36 loss=0.2196774527123385
2019-01-18 14:46:57,148 37 loss=0.21620642630944076
2019-01-18 14:46:57,148 38 loss=0.21281739715600434
2019-01-18 14:46:57,149 39 loss=0.20950443738512237
2019-01-18 14:46:57,149 40 loss=0.2062622474509272
2019-01-18 14:46:57,149 
*** Major Checkpoint. Computing Stats and Saving
2019-01-18 14:46:57,149 	 Computing Major Stats lazily... 
2019-01-18 14:46:57,150 		 Completed edges=132 good=132 bad=0
2019-01-18 14:46:57,152 Distortion avg=0.40071850083094623 wc=5.08414783072321 me=1.4678054727947611 mc=3.4637749517603216 nan_elements=0
2019-01-18 14:46:57,152 MAP = 0.8673611111111112
2019-01-18 14:46:57,152 scale=[array([1.])]
2019-01-18 14:46:57,152 *** End Major Checkpoint

2019-01-18 14:46:57,153 41 loss=0.2030860888553748
2019-01-18 14:46:57,153 42 loss=0.19997172364062607
2019-01-18 14:46:57,154 43 loss=0.1969153599439464
2019-01-18 14:46:57,154 44 loss=0.19391360305745664
2019-01-18 14:46:57,155 45 loss=0.19096341152799512
2019-01-18 14:46:57,156 46 loss=0.18806205789004315
2019-01-18 14:46:57,156 47 loss=0.18520709365975177
2019-01-18 14:46:57,157 48 loss=0.18239631823957003
2019-01-18 14:46:57,157 49 loss=0.17962775139715198
2019-01-18 14:46:57,158 50 loss=0.17689960899331622
2019-01-18 14:46:57,158 
*** Major Checkpoint. Computing Stats and Saving
2019-01-18 14:46:57,158 	 Computing Major Stats lazily... 
2019-01-18 14:46:57,159 		 Completed edges=132 good=132 bad=0
2019-01-18 14:46:57,160 Distortion avg=0.36837195642540455 wc=4.433578707430367 me=1.4416582902848882 mc=3.0753325786752432 nan_elements=0
2019-01-18 14:46:57,161 MAP = 1.0
2019-01-18 14:46:57,161 scale=[array([1.])]
2019-01-18 14:46:57,161 *** End Major Checkpoint

2019-01-18 14:46:57,161 final loss=0.17689960899331622
2019-01-18 14:46:57,161 best loss=0.17689960899331622, distortion=0.36837195642540455, map=1.0, wc_dist=4.433578707430367
2019-01-18 14:46:57,161 	 Computing Major Stats lazily... 
2019-01-18 14:46:57,162 		 Completed edges=132 good=132 bad=0
2019-01-18 14:46:57,164 Distortion avg=0.3683719564254047 wc=4.433578707430367 me=1.4416582902848882 mc=3.0753325786752432 nan_elements=0
2019-01-18 14:46:57,164 MAP = 1.0
2019-01-18 14:46:57,164 scale=[array([1.])]
