2019-01-18 14:48:44,767 Commandline ['pytorch/pytorch_hyperbolic.py', 'learn', 'data/edges/parsing/ewt/ewt_dev/1663.edges', '--dim', '0', '--hyp', '0', '--edim', '10', '--euc', '1', '--sdim', '0', '--sph', '0', '--log-name', 'ewt_devr2/1663.edges.E10-1.lr1.log', '--batch-size', '65536', '--epochs', '50', '--checkpoint-freq', '10', '-g', '--subsample', '1024', '--learning-rate', '1']
2019-01-18 14:48:44,767 No Model Save selected!
2019-01-18 14:48:44,769 Loaded Graph data/edges/parsing/ewt/ewt_dev/1663.edges with 6 nodes scale=1.0
2019-01-18 14:48:44,769 Building dataset
2019-01-18 14:48:44,769 Subsample: 6 points with scale 1.0 subsample=5
2019-01-18 14:48:44,774 Built Data Sampler
2019-01-18 14:48:44,774 Creating a fresh model warm_start?=None
2019-01-18 14:48:44,774 	 Warmstarting? None None 6
2019-01-18 14:48:44,774 Embedding() torch.Size([6, 10])
2019-01-18 14:48:44,775 relative No Rescale
2019-01-18 14:48:44,775 Constructed model with dim=0 and epochs=0 isnan=False
2019-01-18 14:48:44,775 SGD (
Parameter Group 0
    dampening: 0
    initial_lr: 0.1
    lr: 1.0
    momentum: 0.0
    nesterov: False
    weight_decay: 0

Parameter Group 1
    dampening: 0
    initial_lr: 0.1
    lr: 1.0
    momentum: 0.0
    nesterov: False
    weight_decay: 0

Parameter Group 2
    dampening: 0
    initial_lr: 0.1
    lr: 1.0
    momentum: 0.0
    nesterov: False
    weight_decay: 0

Parameter Group 3
    dampening: 0
    initial_lr: 0.0001
    lr: 0.001
    momentum: 0.0
    nesterov: False
    weight_decay: 0
)
2019-01-18 14:48:44,775 *** Initial Checkpoint. Computing Stats
2019-01-18 14:48:44,775 	 Computing Major Stats lazily... 
2019-01-18 14:48:44,776 		 Completed edges=30 good=30 bad=0
2019-01-18 14:48:44,777 Distortion avg=0.997185910638134 wc=4.429205455045332 me=0.005628252251848828 mc=786.9593004809583 nan_elements=0
2019-01-18 14:48:44,777 MAP = 0.4648148148148148
2019-01-18 14:48:44,777 scale=[array([1.])]
2019-01-18 14:48:44,777 *** End Initial Checkpoint

2019-01-18 14:48:44,835 1 loss=0.9943817604863062
2019-01-18 14:48:44,835 2 loss=0.4822374022519181
2019-01-18 14:48:44,836 3 loss=0.3282319203784706
2019-01-18 14:48:44,837 4 loss=0.26407761326270573
2019-01-18 14:48:44,837 5 loss=0.22276268704350718
2019-01-18 14:48:44,837 6 loss=0.19100131229297215
2019-01-18 14:48:44,838 7 loss=0.1653597265352924
2019-01-18 14:48:44,838 8 loss=0.1442710531769328
2019-01-18 14:48:44,839 9 loss=0.12666808456206552
2019-01-18 14:48:44,839 10 loss=0.11176025899428813
2019-01-18 14:48:44,839 
*** Major Checkpoint. Computing Stats and Saving
2019-01-18 14:48:44,839 	 Computing Major Stats lazily... 
2019-01-18 14:48:44,840 		 Completed edges=30 good=30 bad=0
2019-01-18 14:48:44,841 Distortion avg=0.28674518070322486 wc=2.4350161530778673 me=1.2192416576783376 mc=1.9971562960820992 nan_elements=0
2019-01-18 14:48:44,841 MAP = 1.0
2019-01-18 14:48:44,841 scale=[array([1.])]
2019-01-18 14:48:44,841 *** End Major Checkpoint

2019-01-18 14:48:44,842 11 loss=0.09897668303212374
2019-01-18 14:48:44,842 12 loss=0.08791690633641044
2019-01-18 14:48:44,842 13 loss=0.07829937229902101
2019-01-18 14:48:44,843 14 loss=0.06991733328123714
2019-01-18 14:48:44,843 15 loss=0.06260787619138386
2019-01-18 14:48:44,844 16 loss=0.056233730581479714
2019-01-18 14:48:44,844 17 loss=0.050674365820082085
2019-01-18 14:48:44,845 18 loss=0.04582243993020195
2019-01-18 14:48:44,845 19 loss=0.04158263423407933
2019-01-18 14:48:44,846 20 loss=0.037871159810290274
2019-01-18 14:48:44,846 
*** Major Checkpoint. Computing Stats and Saving
2019-01-18 14:48:44,846 	 Computing Major Stats lazily... 
2019-01-18 14:48:44,846 		 Completed edges=30 good=30 bad=0
2019-01-18 14:48:44,847 Distortion avg=0.16673599955041157 wc=1.664165101519074 me=1.14706383003979 mc=1.4508042690713616 nan_elements=0
2019-01-18 14:48:44,847 MAP = 1.0
2019-01-18 14:48:44,847 scale=[array([1.])]
2019-01-18 14:48:44,847 *** End Major Checkpoint

2019-01-18 14:48:44,848 21 loss=0.03461518657831584
2019-01-18 14:48:44,848 22 loss=0.03175200569624522
2019-01-18 14:48:44,849 23 loss=0.029227982377739995
2019-01-18 14:48:44,849 24 loss=0.026997421210045093
2019-01-18 14:48:44,850 25 loss=0.02502145042539444
2019-01-18 14:48:44,850 26 loss=0.023266993161427805
2019-01-18 14:48:44,851 27 loss=0.021705858347172778
2019-01-18 14:48:44,851 28 loss=0.02031395918883788
2019-01-18 14:48:44,851 29 loss=0.019070652955538007
2019-01-18 14:48:44,852 30 loss=0.01795818902264419
2019-01-18 14:48:44,852 
*** Major Checkpoint. Computing Stats and Saving
2019-01-18 14:48:44,852 	 Computing Major Stats lazily... 
2019-01-18 14:48:44,852 		 Completed edges=30 good=30 bad=0
2019-01-18 14:48:44,853 Distortion avg=0.11691628588117699 wc=1.4501470417432258 me=1.1432234265925099 mc=1.2684721184078007 nan_elements=0
2019-01-18 14:48:44,853 MAP = 1.0
2019-01-18 14:48:44,854 scale=[array([1.])]
2019-01-18 14:48:44,854 *** End Major Checkpoint

2019-01-18 14:48:44,854 31 loss=0.016961250023665716
2019-01-18 14:48:44,855 32 loss=0.016066571340267014
2019-01-18 14:48:44,855 33 loss=0.015262625664088468
2019-01-18 14:48:44,856 34 loss=0.014539361228930856
2019-01-18 14:48:44,856 35 loss=0.013887984154585198
2019-01-18 14:48:44,856 36 loss=0.013300776999909303
2019-01-18 14:48:44,857 37 loss=0.012770947042396426
2019-01-18 14:48:44,857 38 loss=0.01229249898765734
2019-01-18 14:48:44,858 39 loss=0.01186012778963693
2019-01-18 14:48:44,858 40 loss=0.011469128061646879
2019-01-18 14:48:44,858 
*** Major Checkpoint. Computing Stats and Saving
2019-01-18 14:48:44,858 	 Computing Major Stats lazily... 
2019-01-18 14:48:44,859 		 Completed edges=30 good=30 bad=0
2019-01-18 14:48:44,860 Distortion avg=0.0957737656295796 wc=1.3504372417545842 me=1.1363632750398798 mc=1.1883851506088066 nan_elements=0
2019-01-18 14:48:44,860 MAP = 1.0
2019-01-18 14:48:44,860 scale=[array([1.])]
2019-01-18 14:48:44,860 *** End Major Checkpoint

2019-01-18 14:48:44,860 41 loss=0.011115317209175683
2019-01-18 14:48:44,861 42 loss=0.010794969944289752
2019-01-18 14:48:44,861 43 loss=0.010504762270628288
2019-01-18 14:48:44,862 44 loss=0.010241723376101923
2019-01-18 14:48:44,862 45 loss=0.010003194152708898
2019-01-18 14:48:44,863 46 loss=0.00978679129186521
2019-01-18 14:48:44,863 47 loss=0.009590376089476127
2019-01-18 14:48:44,864 48 loss=0.009412027245911612
2019-01-18 14:48:44,864 49 loss=0.009250017068786516
2019-01-18 14:48:44,865 50 loss=0.009102790586403545
2019-01-18 14:48:44,865 
*** Major Checkpoint. Computing Stats and Saving
2019-01-18 14:48:44,865 	 Computing Major Stats lazily... 
2019-01-18 14:48:44,865 		 Completed edges=30 good=30 bad=0
2019-01-18 14:48:44,866 Distortion avg=0.0860932142013682 wc=1.2992564061671121 me=1.1311603216337545 mc=1.1486050043645215 nan_elements=0
2019-01-18 14:48:44,866 MAP = 1.0
2019-01-18 14:48:44,866 scale=[array([1.])]
2019-01-18 14:48:44,866 *** End Major Checkpoint

2019-01-18 14:48:44,866 final loss=0.009102790586403545
2019-01-18 14:48:44,867 best loss=0.009102790586403545, distortion=0.0860932142013682, map=1.0, wc_dist=1.2992564061671121
2019-01-18 14:48:44,867 	 Computing Major Stats lazily... 
2019-01-18 14:48:44,867 		 Completed edges=30 good=30 bad=0
2019-01-18 14:48:44,868 Distortion avg=0.08609321420136824 wc=1.2992564061671121 me=1.1311603216337545 mc=1.1486050043645215 nan_elements=0
2019-01-18 14:48:44,868 MAP = 1.0
2019-01-18 14:48:44,868 scale=[array([1.])]
