2019-01-18 14:52:20,548 Commandline ['pytorch/pytorch_hyperbolic.py', 'learn', 'data/edges/parsing/ewt/ewt_dev/1670.edges', '--dim', '0', '--hyp', '0', '--edim', '10', '--euc', '1', '--sdim', '0', '--sph', '0', '--log-name', 'ewt_devr2/1670.edges.E10-1.lr1.log', '--batch-size', '65536', '--epochs', '50', '--checkpoint-freq', '10', '-g', '--subsample', '1024', '--learning-rate', '1']
2019-01-18 14:52:20,548 No Model Save selected!
2019-01-18 14:52:20,550 Loaded Graph data/edges/parsing/ewt/ewt_dev/1670.edges with 8 nodes scale=1.0
2019-01-18 14:52:20,550 Building dataset
2019-01-18 14:52:20,550 Subsample: 8 points with scale 1.0 subsample=7
2019-01-18 14:52:20,557 Built Data Sampler
2019-01-18 14:52:20,557 Creating a fresh model warm_start?=None
2019-01-18 14:52:20,557 	 Warmstarting? None None 8
2019-01-18 14:52:20,557 Embedding() torch.Size([8, 10])
2019-01-18 14:52:20,557 relative No Rescale
2019-01-18 14:52:20,558 Constructed model with dim=0 and epochs=0 isnan=False
2019-01-18 14:52:20,558 SGD (
Parameter Group 0
    dampening: 0
    initial_lr: 0.1
    lr: 1.0
    momentum: 0.0
    nesterov: False
    weight_decay: 0

Parameter Group 1
    dampening: 0
    initial_lr: 0.1
    lr: 1.0
    momentum: 0.0
    nesterov: False
    weight_decay: 0

Parameter Group 2
    dampening: 0
    initial_lr: 0.1
    lr: 1.0
    momentum: 0.0
    nesterov: False
    weight_decay: 0

Parameter Group 3
    dampening: 0
    initial_lr: 0.0001
    lr: 0.001
    momentum: 0.0
    nesterov: False
    weight_decay: 0
)
2019-01-18 14:52:20,558 *** Initial Checkpoint. Computing Stats
2019-01-18 14:52:20,558 	 Computing Major Stats lazily... 
2019-01-18 14:52:20,559 		 Completed edges=56 good=56 bad=0
2019-01-18 14:52:20,560 Distortion avg=0.9973808003515267 wc=5.464379816569827 me=0.005982886981094694 mc=913.334955822616 nan_elements=0
2019-01-18 14:52:20,560 MAP = 0.38382936507936505
2019-01-18 14:52:20,561 scale=[array([1.])]
2019-01-18 14:52:20,561 *** End Initial Checkpoint

2019-01-18 14:52:20,626 1 loss=0.994770374792631
2019-01-18 14:52:20,627 2 loss=0.6730576926971852
2019-01-18 14:52:20,627 3 loss=0.49811095833586017
2019-01-18 14:52:20,628 4 loss=0.40393185668036186
2019-01-18 14:52:20,628 5 loss=0.34700983378374767
2019-01-18 14:52:20,629 6 loss=0.30818645262765537
2019-01-18 14:52:20,630 7 loss=0.27902535393738365
2019-01-18 14:52:20,630 8 loss=0.25562708689481484
2019-01-18 14:52:20,631 9 loss=0.23604513610167216
2019-01-18 14:52:20,631 10 loss=0.21920612454622598
2019-01-18 14:52:20,631 
*** Major Checkpoint. Computing Stats and Saving
2019-01-18 14:52:20,631 	 Computing Major Stats lazily... 
2019-01-18 14:52:20,632 		 Completed edges=56 good=56 bad=0
2019-01-18 14:52:20,633 Distortion avg=0.42041823608766915 wc=4.468806016595277 me=1.375247671293511 mc=3.2494554325564287 nan_elements=0
2019-01-18 14:52:20,633 MAP = 0.40987103174603173
2019-01-18 14:52:20,634 scale=[array([1.])]
2019-01-18 14:52:20,634 *** End Major Checkpoint

2019-01-18 14:52:20,634 11 loss=0.20444978155902227
2019-01-18 14:52:20,635 12 loss=0.19132794302701406
2019-01-18 14:52:20,635 13 loss=0.1795140022726576
2019-01-18 14:52:20,636 14 loss=0.1687601719604683
2019-01-18 14:52:20,636 15 loss=0.15887553920602196
2019-01-18 14:52:20,637 16 loss=0.14971313315762697
2019-01-18 14:52:20,637 17 loss=0.1411609344836054
2019-01-18 14:52:20,638 18 loss=0.1331347540627532
2019-01-18 14:52:20,638 19 loss=0.12557222414966582
2019-01-18 14:52:20,639 20 loss=0.11842767831144932
2019-01-18 14:52:20,639 
*** Major Checkpoint. Computing Stats and Saving
2019-01-18 14:52:20,639 	 Computing Major Stats lazily... 
2019-01-18 14:52:20,639 		 Completed edges=56 good=56 bad=0
2019-01-18 14:52:20,641 Distortion avg=0.2993776869660984 wc=3.405184977443797 me=1.43433635614535 mc=2.3740491293094776 nan_elements=0
2019-01-18 14:52:20,641 MAP = 0.8791666666666667
2019-01-18 14:52:20,641 scale=[array([1.])]
2019-01-18 14:52:20,641 *** End Major Checkpoint

2019-01-18 14:52:20,641 21 loss=0.11166786791376816
2019-01-18 14:52:20,642 22 loss=0.10526848108588394
2019-01-18 14:52:20,642 23 loss=0.09921139937215681
2019-01-18 14:52:20,643 24 loss=0.09348259637639789
2019-01-18 14:52:20,643 25 loss=0.0880705688012361
2019-01-18 14:52:20,644 26 loss=0.08296519379540744
2019-01-18 14:52:20,644 27 loss=0.0781569209404134
2019-01-18 14:52:20,645 28 loss=0.07363622520057564
2019-01-18 14:52:20,645 29 loss=0.06939326354241807
2019-01-18 14:52:20,646 30 loss=0.06541769035696701
2019-01-18 14:52:20,646 
*** Major Checkpoint. Computing Stats and Saving
2019-01-18 14:52:20,646 	 Computing Major Stats lazily... 
2019-01-18 14:52:20,646 		 Completed edges=56 good=56 bad=0
2019-01-18 14:52:20,648 Distortion avg=0.21737746582435083 wc=2.5022243243604367 me=1.3101927784166036 mc=1.9098138576098924 nan_elements=0
2019-01-18 14:52:20,648 MAP = 1.0
2019-01-18 14:52:20,648 scale=[array([1.])]
2019-01-18 14:52:20,648 *** End Major Checkpoint

2019-01-18 14:52:20,648 31 loss=0.06169859518890207
2019-01-18 14:52:20,649 32 loss=0.058224531692099894
2019-01-18 14:52:20,649 33 loss=0.05498361058244821
2019-01-18 14:52:20,650 34 loss=0.05196363275621026
2019-01-18 14:52:20,650 35 loss=0.049152242302671775
2019-01-18 14:52:20,651 36 loss=0.04653708302111325
2019-01-18 14:52:20,651 37 loss=0.044105946105891004
2019-01-18 14:52:20,652 38 loss=0.041846900606638204
2019-01-18 14:52:20,652 39 loss=0.039748401820130966
2019-01-18 14:52:20,653 40 loss=0.037799375721167754
2019-01-18 14:52:20,653 
*** Major Checkpoint. Computing Stats and Saving
2019-01-18 14:52:20,653 	 Computing Major Stats lazily... 
2019-01-18 14:52:20,653 		 Completed edges=56 good=56 bad=0
2019-01-18 14:52:20,654 Distortion avg=0.16339274409754379 wc=1.9600294866561239 me=1.2051460582542468 mc=1.6263833526497093 nan_elements=0
2019-01-18 14:52:20,654 MAP = 1.0
2019-01-18 14:52:20,655 scale=[array([1.])]
2019-01-18 14:52:20,655 *** End Major Checkpoint

2019-01-18 14:52:20,655 41 loss=0.03598927979268235
2019-01-18 14:52:20,656 42 loss=0.034308142169587975
2019-01-18 14:52:20,656 43 loss=0.032746581938838094
2019-01-18 14:52:20,657 44 loss=0.03129581385458041
2019-01-18 14:52:20,657 45 loss=0.029947640761794774
2019-01-18 14:52:20,657 46 loss=0.028694436798938232
2019-01-18 14:52:20,658 47 loss=0.02752912407673342
2019-01-18 14:52:20,658 48 loss=0.02644514508996562
2019-01-18 14:52:20,659 49 loss=0.025436432671798747
2019-01-18 14:52:20,659 50 loss=0.024497378884182016
2019-01-18 14:52:20,659 
*** Major Checkpoint. Computing Stats and Saving
2019-01-18 14:52:20,659 	 Computing Major Stats lazily... 
2019-01-18 14:52:20,660 		 Completed edges=56 good=56 bad=0
2019-01-18 14:52:20,661 Distortion avg=0.13168689501320333 wc=1.742311680834873 me=1.196423664741345 mc=1.456266481666044 nan_elements=0
2019-01-18 14:52:20,661 MAP = 1.0
2019-01-18 14:52:20,661 scale=[array([1.])]
2019-01-18 14:52:20,662 *** End Major Checkpoint

2019-01-18 14:52:20,662 final loss=0.024497378884182016
2019-01-18 14:52:20,662 best loss=0.024497378884182016, distortion=0.13168689501320333, map=1.0, wc_dist=1.742311680834873
2019-01-18 14:52:20,662 	 Computing Major Stats lazily... 
2019-01-18 14:52:20,662 		 Completed edges=56 good=56 bad=0
2019-01-18 14:52:20,663 Distortion avg=0.13168689501320327 wc=1.742311680834873 me=1.196423664741345 mc=1.456266481666044 nan_elements=0
2019-01-18 14:52:20,663 MAP = 1.0
2019-01-18 14:52:20,664 scale=[array([1.])]
