2019-01-18 14:44:30,282 Commandline ['pytorch/pytorch_hyperbolic.py', 'learn', 'data/edges/parsing/ewt/ewt_dev/1674.edges', '--dim', '0', '--hyp', '0', '--edim', '10', '--euc', '1', '--sdim', '0', '--sph', '0', '--log-name', 'ewt_devr2/1674.edges.E10-1.lr1.log', '--batch-size', '65536', '--epochs', '50', '--checkpoint-freq', '10', '-g', '--subsample', '1024', '--learning-rate', '1']
2019-01-18 14:44:30,282 No Model Save selected!
2019-01-18 14:44:30,284 Loaded Graph data/edges/parsing/ewt/ewt_dev/1674.edges with 11 nodes scale=1.0
2019-01-18 14:44:30,284 Building dataset
2019-01-18 14:44:30,285 Subsample: 11 points with scale 1.0 subsample=10
2019-01-18 14:44:30,293 Built Data Sampler
2019-01-18 14:44:30,294 Creating a fresh model warm_start?=None
2019-01-18 14:44:30,294 	 Warmstarting? None None 11
2019-01-18 14:44:30,294 Embedding() torch.Size([11, 10])
2019-01-18 14:44:30,294 relative No Rescale
2019-01-18 14:44:30,295 Constructed model with dim=0 and epochs=0 isnan=False
2019-01-18 14:44:30,295 SGD (
Parameter Group 0
    dampening: 0
    initial_lr: 0.1
    lr: 1.0
    momentum: 0.0
    nesterov: False
    weight_decay: 0

Parameter Group 1
    dampening: 0
    initial_lr: 0.1
    lr: 1.0
    momentum: 0.0
    nesterov: False
    weight_decay: 0

Parameter Group 2
    dampening: 0
    initial_lr: 0.1
    lr: 1.0
    momentum: 0.0
    nesterov: False
    weight_decay: 0

Parameter Group 3
    dampening: 0
    initial_lr: 0.0001
    lr: 0.001
    momentum: 0.0
    nesterov: False
    weight_decay: 0
)
2019-01-18 14:44:30,295 *** Initial Checkpoint. Computing Stats
2019-01-18 14:44:30,295 	 Computing Major Stats lazily... 
2019-01-18 14:44:30,296 		 Completed edges=110 good=110 bad=0
2019-01-18 14:44:30,298 Distortion avg=0.9978493802112872 wc=6.935855920441046 me=0.005628252251848828 mc=1232.3285471369345 nan_elements=0
2019-01-18 14:44:30,298 MAP = 0.2313311688311688
2019-01-18 14:44:30,298 scale=[array([1.])]
2019-01-18 14:44:30,298 *** End Initial Checkpoint

2019-01-18 14:44:30,357 1 loss=0.9957051165368447
2019-01-18 14:44:30,358 2 loss=0.8102458079978494
2019-01-18 14:44:30,359 3 loss=0.6756316641688308
2019-01-18 14:44:30,359 4 loss=0.5811410356928566
2019-01-18 14:44:30,360 5 loss=0.5133027818354174
2019-01-18 14:44:30,360 6 loss=0.4630556229095613
2019-01-18 14:44:30,361 7 loss=0.4245621288004046
2019-01-18 14:44:30,361 8 loss=0.39408145500301195
2019-01-18 14:44:30,362 9 loss=0.36920220237376744
2019-01-18 14:44:30,362 10 loss=0.34835151826951094
2019-01-18 14:44:30,362 
*** Major Checkpoint. Computing Stats and Saving
2019-01-18 14:44:30,362 	 Computing Major Stats lazily... 
2019-01-18 14:44:30,363 		 Completed edges=110 good=110 bad=0
2019-01-18 14:44:30,365 Distortion avg=0.5393494362242526 wc=8.445717981615434 me=1.3443546088439562 mc=6.282358780975294 nan_elements=0
2019-01-18 14:44:30,365 MAP = 0.17878787878787877
2019-01-18 14:44:30,365 scale=[array([1.])]
2019-01-18 14:44:30,365 *** End Major Checkpoint

2019-01-18 14:44:30,366 11 loss=0.3304866508908546
2019-01-18 14:44:30,366 12 loss=0.314902080750362
2019-01-18 14:44:30,367 13 loss=0.3011088251868334
2019-01-18 14:44:30,367 14 loss=0.2887586310615907
2019-01-18 14:44:30,368 15 loss=0.27759610505551524
2019-01-18 14:44:30,368 16 loss=0.26742828458192835
2019-01-18 14:44:30,369 17 loss=0.25810514141326213
2019-01-18 14:44:30,370 18 loss=0.2495069693801829
2019-01-18 14:44:30,370 19 loss=0.24153612601499277
2019-01-18 14:44:30,371 20 loss=0.23411153946300683
2019-01-18 14:44:30,371 
*** Major Checkpoint. Computing Stats and Saving
2019-01-18 14:44:30,371 	 Computing Major Stats lazily... 
2019-01-18 14:44:30,371 		 Completed edges=110 good=110 bad=0
2019-01-18 14:44:30,373 Distortion avg=0.44476382448042845 wc=6.300418187135205 me=1.4982915721590313 mc=4.20506816177063 nan_elements=0
2019-01-18 14:44:30,373 MAP = 0.31181457431457427
2019-01-18 14:44:30,373 scale=[array([1.])]
2019-01-18 14:44:30,373 *** End Major Checkpoint

2019-01-18 14:44:30,374 21 loss=0.22716497890400494
2019-01-18 14:44:30,375 22 loss=0.2206384548971864
2019-01-18 14:44:30,375 23 loss=0.21448234843155695
2019-01-18 14:44:30,376 24 loss=0.20865401487809718
2019-01-18 14:44:30,376 25 loss=0.20311670284846292
2019-01-18 14:44:30,377 26 loss=0.19783868764079687
2019-01-18 14:44:30,377 27 loss=0.1927925567141006
2019-01-18 14:44:30,378 28 loss=0.18795460824113125
2019-01-18 14:44:30,378 29 loss=0.18330433825259873
2019-01-18 14:44:30,379 30 loss=0.17882400048298383
2019-01-18 14:44:30,379 
*** Major Checkpoint. Computing Stats and Saving
2019-01-18 14:44:30,379 	 Computing Major Stats lazily... 
2019-01-18 14:44:30,380 		 Completed edges=110 good=110 bad=0
2019-01-18 14:44:30,381 Distortion avg=0.3754327106696295 wc=5.3808277427459155 me=1.560414313240322 mc=3.4483327261797587 nan_elements=0
2019-01-18 14:44:30,381 MAP = 0.601984126984127
2019-01-18 14:44:30,382 scale=[array([1.])]
2019-01-18 14:44:30,382 *** End Major Checkpoint

2019-01-18 14:44:30,382 31 loss=0.17449822793820707
2019-01-18 14:44:30,383 32 loss=0.17031370788115388
2019-01-18 14:44:30,383 33 loss=0.1662589033355463
2019-01-18 14:44:30,384 34 loss=0.1623238149631289
2019-01-18 14:44:30,384 35 loss=0.15849977765394793
2019-01-18 14:44:30,385 36 loss=0.15477928659647597
2019-01-18 14:44:30,385 37 loss=0.15115584806131888
2019-01-18 14:44:30,386 38 loss=0.1476238506650229
2019-01-18 14:44:30,386 39 loss=0.14417845346424052
2019-01-18 14:44:30,387 40 loss=0.1408154878323307
2019-01-18 14:44:30,387 
*** Major Checkpoint. Computing Stats and Saving
2019-01-18 14:44:30,387 	 Computing Major Stats lazily... 
2019-01-18 14:44:30,388 		 Completed edges=110 good=110 bad=0
2019-01-18 14:44:30,390 Distortion avg=0.32545598465877595 wc=4.5663397824530065 me=1.5209067934544604 mc=3.0023797658773055 nan_elements=0
2019-01-18 14:44:30,390 MAP = 0.7852272727272727
2019-01-18 14:44:30,390 scale=[array([1.])]
2019-01-18 14:44:30,390 *** End Major Checkpoint

2019-01-18 14:44:30,390 41 loss=0.13753137065432744
2019-01-18 14:44:30,391 42 loss=0.13432302691155987
2019-01-18 14:44:30,392 43 loss=0.13118782019294178
2019-01-18 14:44:30,392 44 loss=0.12812349005514828
2019-01-18 14:44:30,393 45 loss=0.12512809545657033
2019-01-18 14:44:30,393 46 loss=0.1221999637149579
2019-01-18 14:44:30,394 47 loss=0.11933764459534099
2019-01-18 14:44:30,394 48 loss=0.11653986923485289
2019-01-18 14:44:30,395 49 loss=0.11380551366678575
2019-01-18 14:44:30,395 50 loss=0.11113356672935641
2019-01-18 14:44:30,395 
*** Major Checkpoint. Computing Stats and Saving
2019-01-18 14:44:30,395 	 Computing Major Stats lazily... 
2019-01-18 14:44:30,396 		 Completed edges=110 good=110 bad=0
2019-01-18 14:44:30,398 Distortion avg=0.2834155700446727 wc=3.8439192843857657 me=1.4410846341842476 mc=2.667379273363557 nan_elements=0
2019-01-18 14:44:30,398 MAP = 0.9550505050505051
2019-01-18 14:44:30,398 scale=[array([1.])]
2019-01-18 14:44:30,398 *** End Major Checkpoint

2019-01-18 14:44:30,398 final loss=0.11113356672935641
2019-01-18 14:44:30,398 best loss=0.11113356672935641, distortion=0.2834155700446727, map=0.9550505050505051, wc_dist=3.8439192843857657
2019-01-18 14:44:30,398 	 Computing Major Stats lazily... 
2019-01-18 14:44:30,399 		 Completed edges=110 good=110 bad=0
2019-01-18 14:44:30,401 Distortion avg=0.2834155700446727 wc=3.8439192843857657 me=1.4410846341842476 mc=2.667379273363557 nan_elements=0
2019-01-18 14:44:30,401 MAP = 0.9550505050505051
2019-01-18 14:44:30,401 scale=[array([1.])]
