2019-01-18 15:07:25,884 Commandline ['pytorch/pytorch_hyperbolic.py', 'learn', 'data/edges/parsing/ewt/ewt_dev/1677.edges', '--dim', '0', '--hyp', '0', '--edim', '10', '--euc', '1', '--sdim', '0', '--sph', '0', '--log-name', 'ewt_devr2/1677.edges.E10-1.lr1.log', '--batch-size', '65536', '--epochs', '50', '--checkpoint-freq', '10', '-g', '--subsample', '1024', '--learning-rate', '1']
2019-01-18 15:07:25,884 No Model Save selected!
2019-01-18 15:07:25,886 Loaded Graph data/edges/parsing/ewt/ewt_dev/1677.edges with 8 nodes scale=1.0
2019-01-18 15:07:25,886 Building dataset
2019-01-18 15:07:25,886 Subsample: 8 points with scale 1.0 subsample=7
2019-01-18 15:07:25,892 Built Data Sampler
2019-01-18 15:07:25,892 Creating a fresh model warm_start?=None
2019-01-18 15:07:25,892 	 Warmstarting? None None 8
2019-01-18 15:07:25,893 Embedding() torch.Size([8, 10])
2019-01-18 15:07:25,893 relative No Rescale
2019-01-18 15:07:25,893 Constructed model with dim=0 and epochs=0 isnan=False
2019-01-18 15:07:25,893 SGD (
Parameter Group 0
    dampening: 0
    initial_lr: 0.1
    lr: 1.0
    momentum: 0.0
    nesterov: False
    weight_decay: 0

Parameter Group 1
    dampening: 0
    initial_lr: 0.1
    lr: 1.0
    momentum: 0.0
    nesterov: False
    weight_decay: 0

Parameter Group 2
    dampening: 0
    initial_lr: 0.1
    lr: 1.0
    momentum: 0.0
    nesterov: False
    weight_decay: 0

Parameter Group 3
    dampening: 0
    initial_lr: 0.0001
    lr: 0.001
    momentum: 0.0
    nesterov: False
    weight_decay: 0
)
2019-01-18 15:07:25,893 *** Initial Checkpoint. Computing Stats
2019-01-18 15:07:25,894 	 Computing Major Stats lazily... 
2019-01-18 15:07:25,894 		 Completed edges=56 good=56 bad=0
2019-01-18 15:07:25,896 Distortion avg=0.9973741208449333 wc=5.42622410709818 me=0.005941110731069004 mc=913.334955822616 nan_elements=0
2019-01-18 15:07:25,896 MAP = 0.4066071428571429
2019-01-18 15:07:25,896 scale=[array([1.])]
2019-01-18 15:07:25,896 *** End Initial Checkpoint

2019-01-18 15:07:25,955 1 loss=0.9947568648345992
2019-01-18 15:07:25,956 2 loss=0.6722375228380206
2019-01-18 15:07:25,956 3 loss=0.49290750445365406
2019-01-18 15:07:25,957 4 loss=0.3924625638241627
2019-01-18 15:07:25,957 5 loss=0.3298381204285092
2019-01-18 15:07:25,958 6 loss=0.2870069494858381
2019-01-18 15:07:25,958 7 loss=0.25559421607759647
2019-01-18 15:07:25,959 8 loss=0.2313498314283912
2019-01-18 15:07:25,959 9 loss=0.21192304735997594
2019-01-18 15:07:25,960 10 loss=0.19591089546159376
2019-01-18 15:07:25,960 
*** Major Checkpoint. Computing Stats and Saving
2019-01-18 15:07:25,960 	 Computing Major Stats lazily... 
2019-01-18 15:07:25,960 		 Completed edges=56 good=56 bad=0
2019-01-18 15:07:25,962 Distortion avg=0.382077723337876 wc=5.677799629112704 me=1.2902762715834633 mc=4.400452642707867 nan_elements=0
2019-01-18 15:07:25,962 MAP = 0.6616666666666666
2019-01-18 15:07:25,962 scale=[array([1.])]
2019-01-18 15:07:25,962 *** End Major Checkpoint

2019-01-18 15:07:25,963 11 loss=0.18241878129583164
2019-01-18 15:07:25,964 12 loss=0.17084264911740446
2019-01-18 15:07:25,964 13 loss=0.16075460855817256
2019-01-18 15:07:25,965 14 loss=0.15184001599278002
2019-01-18 15:07:25,965 15 loss=0.1438613086053988
2019-01-18 15:07:25,966 16 loss=0.13663616544794469
2019-01-18 15:07:25,966 17 loss=0.13002352290624722
2019-01-18 15:07:25,967 18 loss=0.12391401894026723
2019-01-18 15:07:25,967 19 loss=0.11822304574758491
2019-01-18 15:07:25,968 20 loss=0.11288544206400272
2019-01-18 15:07:25,968 
*** Major Checkpoint. Computing Stats and Saving
2019-01-18 15:07:25,968 	 Computing Major Stats lazily... 
2019-01-18 15:07:25,968 		 Completed edges=56 good=56 bad=0
2019-01-18 15:07:25,970 Distortion avg=0.2760491139233621 wc=4.1009994857342145 me=1.336868132813075 mc=3.067617055920675 nan_elements=0
2019-01-18 15:07:25,970 MAP = 0.9166666666666666
2019-01-18 15:07:25,970 scale=[array([1.])]
2019-01-18 15:07:25,970 *** End Major Checkpoint

2019-01-18 15:07:25,970 21 loss=0.1078513035145585
2019-01-18 15:07:25,971 22 loss=0.10308261930875193
2019-01-18 15:07:25,971 23 loss=0.09855055883056493
2019-01-18 15:07:25,972 24 loss=0.09423328865814569
2019-01-18 15:07:25,972 25 loss=0.09011422945427905
2019-01-18 15:07:25,973 26 loss=0.08618067844046014
2019-01-18 15:07:25,973 27 loss=0.08242273415034763
2019-01-18 15:07:25,974 28 loss=0.07883246898490819
2019-01-18 15:07:25,974 29 loss=0.07540330288218937
2019-01-18 15:07:25,975 30 loss=0.07212953845360774
2019-01-18 15:07:25,975 
*** Major Checkpoint. Computing Stats and Saving
2019-01-18 15:07:25,975 	 Computing Major Stats lazily... 
2019-01-18 15:07:25,975 		 Completed edges=56 good=56 bad=0
2019-01-18 15:07:25,977 Distortion avg=0.21655955066193286 wc=2.939268308077816 me=1.2649681411304936 mc=2.323590778698198 nan_elements=0
2019-01-18 15:07:25,977 MAP = 1.0
2019-01-18 15:07:25,977 scale=[array([1.])]
2019-01-18 15:07:25,977 *** End Major Checkpoint

2019-01-18 15:07:25,977 31 loss=0.06900602424332489
2019-01-18 15:07:25,978 32 loss=0.06602791832298471
2019-01-18 15:07:25,978 33 loss=0.06319052926241772
2019-01-18 15:07:25,979 34 loss=0.06048921567540589
2019-01-18 15:07:25,979 35 loss=0.05791932910225141
2019-01-18 15:07:25,980 36 loss=0.055476188031092055
2019-01-18 15:07:25,980 37 loss=0.05315507344154816
2019-01-18 15:07:25,981 38 loss=0.05095123842994065
2019-01-18 15:07:25,981 39 loss=0.04885992628857493
2019-01-18 15:07:25,982 40 loss=0.04687639290055645
2019-01-18 15:07:25,982 
*** Major Checkpoint. Computing Stats and Saving
2019-01-18 15:07:25,982 	 Computing Major Stats lazily... 
2019-01-18 15:07:25,982 		 Completed edges=56 good=56 bad=0
2019-01-18 15:07:25,984 Distortion avg=0.17534843036273176 wc=2.284799594148905 me=1.208320647990737 mc=1.8908884805934563 nan_elements=0
2019-01-18 15:07:25,984 MAP = 1.0
2019-01-18 15:07:25,984 scale=[array([1.])]
2019-01-18 15:07:25,984 *** End Major Checkpoint

2019-01-18 15:07:25,984 41 loss=0.04499593051197768
2019-01-18 15:07:25,985 42 loss=0.04321389089013886
2019-01-18 15:07:25,985 43 loss=0.041525706604628766
2019-01-18 15:07:25,986 44 loss=0.0399269097119311
2019-01-18 15:07:25,986 45 loss=0.03841314751660047
2019-01-18 15:07:25,987 46 loss=0.036980195353369404
2019-01-18 15:07:25,987 47 loss=0.03562396651194917
2019-01-18 15:07:25,988 48 loss=0.03434051953311806
2019-01-18 15:07:25,988 49 loss=0.033126063160368854
2019-01-18 15:07:25,989 50 loss=0.03197695925148749
2019-01-18 15:07:25,989 
*** Major Checkpoint. Computing Stats and Saving
2019-01-18 15:07:25,989 	 Computing Major Stats lazily... 
2019-01-18 15:07:25,989 		 Completed edges=56 good=56 bad=0
2019-01-18 15:07:25,991 Distortion avg=0.1473541751703178 wc=1.9477149300184038 me=1.1908669349834473 mc=1.6355437142483735 nan_elements=0
2019-01-18 15:07:25,991 MAP = 1.0
2019-01-18 15:07:25,991 scale=[array([1.])]
2019-01-18 15:07:25,991 *** End Major Checkpoint

2019-01-18 15:07:25,991 final loss=0.03197695925148749
2019-01-18 15:07:25,991 best loss=0.03197695925148749, distortion=0.1473541751703178, map=1.0, wc_dist=1.9477149300184038
2019-01-18 15:07:25,991 	 Computing Major Stats lazily... 
2019-01-18 15:07:25,992 		 Completed edges=56 good=56 bad=0
2019-01-18 15:07:25,993 Distortion avg=0.14735417517031776 wc=1.9477149300184038 me=1.1908669349834473 mc=1.6355437142483735 nan_elements=0
2019-01-18 15:07:25,993 MAP = 1.0
2019-01-18 15:07:25,993 scale=[array([1.])]
