2019-01-18 15:06:51,051 Commandline ['pytorch/pytorch_hyperbolic.py', 'learn', 'data/edges/parsing/ewt/ewt_dev/168.edges', '--dim', '0', '--hyp', '0', '--edim', '10', '--euc', '1', '--sdim', '0', '--sph', '0', '--log-name', 'ewt_devr2/168.edges.E10-1.lr1.log', '--batch-size', '65536', '--epochs', '50', '--checkpoint-freq', '10', '-g', '--subsample', '1024', '--learning-rate', '1']
2019-01-18 15:06:51,052 No Model Save selected!
2019-01-18 15:06:51,053 Loaded Graph data/edges/parsing/ewt/ewt_dev/168.edges with 10 nodes scale=1.0
2019-01-18 15:06:51,054 Building dataset
2019-01-18 15:06:51,054 Subsample: 10 points with scale 1.0 subsample=9
2019-01-18 15:06:51,062 Built Data Sampler
2019-01-18 15:06:51,063 Creating a fresh model warm_start?=None
2019-01-18 15:06:51,063 	 Warmstarting? None None 10
2019-01-18 15:06:51,063 Embedding() torch.Size([10, 10])
2019-01-18 15:06:51,063 relative No Rescale
2019-01-18 15:06:51,064 Constructed model with dim=0 and epochs=0 isnan=False
2019-01-18 15:06:51,064 SGD (
Parameter Group 0
    dampening: 0
    initial_lr: 0.1
    lr: 1.0
    momentum: 0.0
    nesterov: False
    weight_decay: 0

Parameter Group 1
    dampening: 0
    initial_lr: 0.1
    lr: 1.0
    momentum: 0.0
    nesterov: False
    weight_decay: 0

Parameter Group 2
    dampening: 0
    initial_lr: 0.1
    lr: 1.0
    momentum: 0.0
    nesterov: False
    weight_decay: 0

Parameter Group 3
    dampening: 0
    initial_lr: 0.0001
    lr: 0.001
    momentum: 0.0
    nesterov: False
    weight_decay: 0
)
2019-01-18 15:06:51,064 *** Initial Checkpoint. Computing Stats
2019-01-18 15:06:51,064 	 Computing Major Stats lazily... 
2019-01-18 15:06:51,065 		 Completed edges=90 good=90 bad=0
2019-01-18 15:06:51,067 Distortion avg=0.9975263267286383 wc=6.175041544943983 me=0.006365646193963587 mc=970.0572976863917 nan_elements=0
2019-01-18 15:06:51,067 MAP = 0.2962698412698413
2019-01-18 15:06:51,067 scale=[array([1.])]
2019-01-18 15:06:51,067 *** End Initial Checkpoint

2019-01-18 15:06:51,125 1 loss=0.9950605169829697
2019-01-18 15:06:51,126 2 loss=0.753767281273658
2019-01-18 15:06:51,127 3 loss=0.5958472607664612
2019-01-18 15:06:51,127 4 loss=0.49453192221251646
2019-01-18 15:06:51,128 5 loss=0.4251948525066522
2019-01-18 15:06:51,128 6 loss=0.374603198497707
2019-01-18 15:06:51,129 7 loss=0.33565763604740717
2019-01-18 15:06:51,129 8 loss=0.30441684320827106
2019-01-18 15:06:51,130 9 loss=0.278589871446093
2019-01-18 15:06:51,130 10 loss=0.25677430857665623
2019-01-18 15:06:51,130 
*** Major Checkpoint. Computing Stats and Saving
2019-01-18 15:06:51,131 	 Computing Major Stats lazily... 
2019-01-18 15:06:51,131 		 Completed edges=90 good=90 bad=0
2019-01-18 15:06:51,133 Distortion avg=0.4548204223715694 wc=7.237044846526255 me=1.4274058082689498 mc=5.070068234696899 nan_elements=0
2019-01-18 15:06:51,133 MAP = 0.2625396825396825
2019-01-18 15:06:51,133 scale=[array([1.])]
2019-01-18 15:06:51,133 *** End Major Checkpoint

2019-01-18 15:06:51,134 11 loss=0.23806319346867144
2019-01-18 15:06:51,134 12 loss=0.22183629871615002
2019-01-18 15:06:51,135 13 loss=0.20764598981555327
2019-01-18 15:06:51,135 14 loss=0.1951531227154279
2019-01-18 15:06:51,136 15 loss=0.1840902039192104
2019-01-18 15:06:51,136 16 loss=0.1742397446599682
2019-01-18 15:06:51,137 17 loss=0.16542119829763408
2019-01-18 15:06:51,137 18 loss=0.15748277053172907
2019-01-18 15:06:51,138 19 loss=0.15029599604218752
2019-01-18 15:06:51,138 20 loss=0.14375188897407976
2019-01-18 15:06:51,139 
*** Major Checkpoint. Computing Stats and Saving
2019-01-18 15:06:51,139 	 Computing Major Stats lazily... 
2019-01-18 15:06:51,139 		 Completed edges=90 good=90 bad=0
2019-01-18 15:06:51,141 Distortion avg=0.3321744088942944 wc=5.648510872871002 me=1.6409911430060964 mc=3.4421336744838342 nan_elements=0
2019-01-18 15:06:51,141 MAP = 0.7684523809523809
2019-01-18 15:06:51,141 scale=[array([1.])]
2019-01-18 15:06:51,141 *** End Major Checkpoint

2019-01-18 15:06:51,142 21 loss=0.1377580029108314
2019-01-18 15:06:51,142 22 loss=0.13223604062797623
2019-01-18 15:06:51,143 23 loss=0.12711982619265474
2019-01-18 15:06:51,143 24 loss=0.12235354564283217
2019-01-18 15:06:51,144 25 loss=0.11789021016627452
2019-01-18 15:06:51,144 26 loss=0.11369031740674623
2019-01-18 15:06:51,145 27 loss=0.10972069444257855
2019-01-18 15:06:51,145 28 loss=0.10595350735997484
2019-01-18 15:06:51,146 29 loss=0.10236542129413999
2019-01-18 15:06:51,146 30 loss=0.09893689348378946
2019-01-18 15:06:51,146 
*** Major Checkpoint. Computing Stats and Saving
2019-01-18 15:06:51,146 	 Computing Major Stats lazily... 
2019-01-18 15:06:51,147 		 Completed edges=90 good=90 bad=0
2019-01-18 15:06:51,149 Distortion avg=0.26721154360470656 wc=4.465718753545075 me=1.61409476701582 mc=2.7667017109543144 nan_elements=0
2019-01-18 15:06:51,149 MAP = 0.8755555555555556
2019-01-18 15:06:51,149 scale=[array([1.])]
2019-01-18 15:06:51,149 *** End Major Checkpoint

2019-01-18 15:06:51,150 31 loss=0.09565158123309557
2019-01-18 15:06:51,150 32 loss=0.09249584696937227
2019-01-18 15:06:51,151 33 loss=0.0894583437393806
2019-01-18 15:06:51,151 34 loss=0.0865296662656517
2019-01-18 15:06:51,152 35 loss=0.08370205481718533
2019-01-18 15:06:51,152 36 loss=0.08096914139442923
2019-01-18 15:06:51,153 37 loss=0.07832572989762548
2019-01-18 15:06:51,153 38 loss=0.07576760390937944
2019-01-18 15:06:51,154 39 loss=0.07329135739848817
2019-01-18 15:06:51,154 40 loss=0.07089424500814946
2019-01-18 15:06:51,154 
*** Major Checkpoint. Computing Stats and Saving
2019-01-18 15:06:51,154 	 Computing Major Stats lazily... 
2019-01-18 15:06:51,155 		 Completed edges=90 good=90 bad=0
2019-01-18 15:06:51,156 Distortion avg=0.22162317564393558 wc=3.5476163434704384 me=1.5127190219919417 mc=2.345191864381366 nan_elements=0
2019-01-18 15:06:51,157 MAP = 0.925
2019-01-18 15:06:51,157 scale=[array([1.])]
2019-01-18 15:06:51,157 *** End Major Checkpoint

2019-01-18 15:06:51,157 41 loss=0.06857404962683229
2019-01-18 15:06:51,158 42 loss=0.06632896567771829
2019-01-18 15:06:51,158 43 loss=0.06415749704199072
2019-01-18 15:06:51,159 44 loss=0.06205836880038466
2019-01-18 15:06:51,159 45 loss=0.06003045208718239
2019-01-18 15:06:51,160 46 loss=0.05807270135030544
2019-01-18 15:06:51,160 47 loss=0.05618410324414988
2019-01-18 15:06:51,161 48 loss=0.05436363628478363
2019-01-18 15:06:51,161 49 loss=0.05261024029809908
2019-01-18 15:06:51,162 50 loss=0.050922794610054715
2019-01-18 15:06:51,162 
*** Major Checkpoint. Computing Stats and Saving
2019-01-18 15:06:51,162 	 Computing Major Stats lazily... 
2019-01-18 15:06:51,163 		 Completed edges=90 good=90 bad=0
2019-01-18 15:06:51,164 Distortion avg=0.18545089499559372 wc=2.8532061197089904 me=1.3954643428802758 mc=2.0446284666936716 nan_elements=0
2019-01-18 15:06:51,164 MAP = 1.0
2019-01-18 15:06:51,165 scale=[array([1.])]
2019-01-18 15:06:51,165 *** End Major Checkpoint

2019-01-18 15:06:51,165 final loss=0.050922794610054715
2019-01-18 15:06:51,165 best loss=0.050922794610054715, distortion=0.18545089499559372, map=1.0, wc_dist=2.8532061197089904
2019-01-18 15:06:51,165 	 Computing Major Stats lazily... 
2019-01-18 15:06:51,165 		 Completed edges=90 good=90 bad=0
2019-01-18 15:06:51,167 Distortion avg=0.18545089499559378 wc=2.8532061197089904 me=1.3954643428802758 mc=2.0446284666936716 nan_elements=0
2019-01-18 15:06:51,167 MAP = 1.0
2019-01-18 15:06:51,167 scale=[array([1.])]
