2019-01-18 15:02:15,196 Commandline ['pytorch/pytorch_hyperbolic.py', 'learn', 'data/edges/parsing/ewt/ewt_dev/1682.edges', '--dim', '0', '--hyp', '0', '--edim', '10', '--euc', '1', '--sdim', '0', '--sph', '0', '--log-name', 'ewt_devr2/1682.edges.E10-1.lr1.log', '--batch-size', '65536', '--epochs', '50', '--checkpoint-freq', '10', '-g', '--subsample', '1024', '--learning-rate', '1']
2019-01-18 15:02:15,196 No Model Save selected!
2019-01-18 15:02:15,198 Loaded Graph data/edges/parsing/ewt/ewt_dev/1682.edges with 12 nodes scale=1.0
2019-01-18 15:02:15,198 Building dataset
2019-01-18 15:02:15,198 Subsample: 12 points with scale 1.0 subsample=11
2019-01-18 15:02:15,209 Built Data Sampler
2019-01-18 15:02:15,209 Creating a fresh model warm_start?=None
2019-01-18 15:02:15,209 	 Warmstarting? None None 12
2019-01-18 15:02:15,209 Embedding() torch.Size([12, 10])
2019-01-18 15:02:15,210 relative No Rescale
2019-01-18 15:02:15,210 Constructed model with dim=0 and epochs=0 isnan=False
2019-01-18 15:02:15,210 SGD (
Parameter Group 0
    dampening: 0
    initial_lr: 0.1
    lr: 1.0
    momentum: 0.0
    nesterov: False
    weight_decay: 0

Parameter Group 1
    dampening: 0
    initial_lr: 0.1
    lr: 1.0
    momentum: 0.0
    nesterov: False
    weight_decay: 0

Parameter Group 2
    dampening: 0
    initial_lr: 0.1
    lr: 1.0
    momentum: 0.0
    nesterov: False
    weight_decay: 0

Parameter Group 3
    dampening: 0
    initial_lr: 0.0001
    lr: 0.001
    momentum: 0.0
    nesterov: False
    weight_decay: 0
)
2019-01-18 15:02:15,210 *** Initial Checkpoint. Computing Stats
2019-01-18 15:02:15,210 	 Computing Major Stats lazily... 
2019-01-18 15:02:15,212 		 Completed edges=132 good=132 bad=0
2019-01-18 15:02:15,214 Distortion avg=0.9978482144648976 wc=8.256559134924464 me=0.005941110731069004 mc=1389.7332516875733 nan_elements=0
2019-01-18 15:02:15,214 MAP = 0.23927769761103093
2019-01-18 15:02:15,214 scale=[array([1.])]
2019-01-18 15:02:15,215 *** End Initial Checkpoint

2019-01-18 15:02:15,274 1 loss=0.9957026255113389
2019-01-18 15:02:15,275 2 loss=0.8213243823052018
2019-01-18 15:02:15,276 3 loss=0.6909511565026004
2019-01-18 15:02:15,277 4 loss=0.5961865057995861
2019-01-18 15:02:15,277 5 loss=0.5257411488626956
2019-01-18 15:02:15,278 6 loss=0.4719271844725805
2019-01-18 15:02:15,278 7 loss=0.42969088987038007
2019-01-18 15:02:15,279 8 loss=0.3957018695976645
2019-01-18 15:02:15,280 9 loss=0.36773616852805113
2019-01-18 15:02:15,280 10 loss=0.34428119491571807
2019-01-18 15:02:15,280 
*** Major Checkpoint. Computing Stats and Saving
2019-01-18 15:02:15,280 	 Computing Major Stats lazily... 
2019-01-18 15:02:15,281 		 Completed edges=132 good=132 bad=0
2019-01-18 15:02:15,284 Distortion avg=0.5306694809776503 wc=9.469485979949383 me=1.3184121227524168 mc=7.182493104038037 nan_elements=0
2019-01-18 15:02:15,284 MAP = 0.17097262305595637
2019-01-18 15:02:15,284 scale=[array([1.])]
2019-01-18 15:02:15,284 *** End Major Checkpoint

2019-01-18 15:02:15,285 11 loss=0.3242860138077299
2019-01-18 15:02:15,286 12 loss=0.30700343618698483
2019-01-18 15:02:15,287 13 loss=0.29188947239112184
2019-01-18 15:02:15,287 14 loss=0.2785386364261688
2019-01-18 15:02:15,288 15 loss=0.26664177806499945
2019-01-18 15:02:15,288 16 loss=0.25595819370596723
2019-01-18 15:02:15,289 17 loss=0.24629688537579428
2019-01-18 15:02:15,290 18 loss=0.2375037526132132
2019-01-18 15:02:15,290 19 loss=0.22945268284314943
2019-01-18 15:02:15,291 20 loss=0.22203923878396736
2019-01-18 15:02:15,291 
*** Major Checkpoint. Computing Stats and Saving
2019-01-18 15:02:15,291 	 Computing Major Stats lazily... 
2019-01-18 15:02:15,292 		 Completed edges=132 good=132 bad=0
2019-01-18 15:02:15,294 Distortion avg=0.4272551802237177 wc=7.190559673570297 me=1.5159372542989413 mc=4.743309561909035 nan_elements=0
2019-01-18 15:02:15,294 MAP = 0.31935125060125064
2019-01-18 15:02:15,294 scale=[array([1.])]
2019-01-18 15:02:15,294 *** End Major Checkpoint

2019-01-18 15:02:15,295 21 loss=0.21517610034753332
2019-01-18 15:02:15,295 22 loss=0.20878970880090908
2019-01-18 15:02:15,296 23 loss=0.20281774668743688
2019-01-18 15:02:15,297 24 loss=0.1972072072445577
2019-01-18 15:02:15,297 25 loss=0.19191288584514046
2019-01-18 15:02:15,298 26 loss=0.1868961782437517
2019-01-18 15:02:15,298 27 loss=0.182124105477369
2019-01-18 15:02:15,299 28 loss=0.17756850907423544
2019-01-18 15:02:15,299 29 loss=0.17320537655913643
2019-01-18 15:02:15,300 30 loss=0.16901426856609342
2019-01-18 15:02:15,300 
*** Major Checkpoint. Computing Stats and Saving
2019-01-18 15:02:15,300 	 Computing Major Stats lazily... 
2019-01-18 15:02:15,301 		 Completed edges=132 good=132 bad=0
2019-01-18 15:02:15,303 Distortion avg=0.3611028409567469 wc=6.037245819684413 me=1.5966010313257042 mc=3.781311486860003 nan_elements=0
2019-01-18 15:02:15,303 MAP = 0.5777557319223986
2019-01-18 15:02:15,303 scale=[array([1.])]
2019-01-18 15:02:15,303 *** End Major Checkpoint

2019-01-18 15:02:15,303 31 loss=0.16497782678970213
2019-01-18 15:02:15,304 32 loss=0.1610813475893386
2019-01-18 15:02:15,304 33 loss=0.15731241001910212
2019-01-18 15:02:15,305 34 loss=0.15366054987336908
2019-01-18 15:02:15,306 35 loss=0.15011697334438837
2019-01-18 15:02:15,306 36 loss=0.14667430531509987
2019-01-18 15:02:15,307 37 loss=0.14332636832058038
2019-01-18 15:02:15,307 38 loss=0.14006798892278033
2019-01-18 15:02:15,308 39 loss=0.13689482874148756
2019-01-18 15:02:15,308 40 loss=0.13380323773332856
2019-01-18 15:02:15,308 
*** Major Checkpoint. Computing Stats and Saving
2019-01-18 15:02:15,308 	 Computing Major Stats lazily... 
2019-01-18 15:02:15,309 		 Completed edges=132 good=132 bad=0
2019-01-18 15:02:15,311 Distortion avg=0.31761199038366006 wc=5.037054014604737 me=1.582847788651847 mc=3.182273147625223 nan_elements=0
2019-01-18 15:02:15,311 MAP = 0.7129298941798942
2019-01-18 15:02:15,312 scale=[array([1.])]
2019-01-18 15:02:15,312 *** End Major Checkpoint

2019-01-18 15:02:15,312 41 loss=0.1307901275573677
2019-01-18 15:02:15,313 42 loss=0.12785286304548463
2019-01-18 15:02:15,313 43 loss=0.12498916993373248
2019-01-18 15:02:15,314 44 loss=0.12219705712541036
2019-01-18 15:02:15,314 45 loss=0.1194747518599037
2019-01-18 15:02:15,315 46 loss=0.11682064626119805
2019-01-18 15:02:15,315 47 loss=0.11423325384066135
2019-01-18 15:02:15,316 48 loss=0.11171117463201412
2019-01-18 15:02:15,316 49 loss=0.10925306774245651
2019-01-18 15:02:15,317 50 loss=0.10685763021167838
2019-01-18 15:02:15,317 
*** Major Checkpoint. Computing Stats and Saving
2019-01-18 15:02:15,317 	 Computing Major Stats lazily... 
2019-01-18 15:02:15,318 		 Completed edges=132 good=132 bad=0
2019-01-18 15:02:15,320 Distortion avg=0.28246995539695785 wc=4.16607972784219 me=1.5174135527680597 mc=2.7455137198705284 nan_elements=0
2019-01-18 15:02:15,320 MAP = 0.8951388888888889
2019-01-18 15:02:15,320 scale=[array([1.])]
2019-01-18 15:02:15,320 *** End Major Checkpoint

2019-01-18 15:02:15,320 final loss=0.10685763021167838
2019-01-18 15:02:15,320 best loss=0.10685763021167838, distortion=0.28246995539695785, map=0.8951388888888889, wc_dist=4.16607972784219
2019-01-18 15:02:15,320 	 Computing Major Stats lazily... 
2019-01-18 15:02:15,321 		 Completed edges=132 good=132 bad=0
2019-01-18 15:02:15,323 Distortion avg=0.28246995539695785 wc=4.16607972784219 me=1.5174135527680597 mc=2.7455137198705284 nan_elements=0
2019-01-18 15:02:15,323 MAP = 0.8951388888888889
2019-01-18 15:02:15,323 scale=[array([1.])]
