2019-01-18 14:55:17,975 Commandline ['pytorch/pytorch_hyperbolic.py', 'learn', 'data/edges/parsing/ewt/ewt_dev/1686.edges', '--dim', '0', '--hyp', '0', '--edim', '10', '--euc', '1', '--sdim', '0', '--sph', '0', '--log-name', 'ewt_devr2/1686.edges.E10-1.lr1.log', '--batch-size', '65536', '--epochs', '50', '--checkpoint-freq', '10', '-g', '--subsample', '1024', '--learning-rate', '1']
2019-01-18 14:55:17,975 No Model Save selected!
2019-01-18 14:55:17,977 Loaded Graph data/edges/parsing/ewt/ewt_dev/1686.edges with 12 nodes scale=1.0
2019-01-18 14:55:17,977 Building dataset
2019-01-18 14:55:17,977 Subsample: 12 points with scale 1.0 subsample=11
2019-01-18 14:55:17,987 Built Data Sampler
2019-01-18 14:55:17,987 Creating a fresh model warm_start?=None
2019-01-18 14:55:17,987 	 Warmstarting? None None 12
2019-01-18 14:55:17,988 Embedding() torch.Size([12, 10])
2019-01-18 14:55:17,988 relative No Rescale
2019-01-18 14:55:17,988 Constructed model with dim=0 and epochs=0 isnan=False
2019-01-18 14:55:17,988 SGD (
Parameter Group 0
    dampening: 0
    initial_lr: 0.1
    lr: 1.0
    momentum: 0.0
    nesterov: False
    weight_decay: 0

Parameter Group 1
    dampening: 0
    initial_lr: 0.1
    lr: 1.0
    momentum: 0.0
    nesterov: False
    weight_decay: 0

Parameter Group 2
    dampening: 0
    initial_lr: 0.1
    lr: 1.0
    momentum: 0.0
    nesterov: False
    weight_decay: 0

Parameter Group 3
    dampening: 0
    initial_lr: 0.0001
    lr: 0.001
    momentum: 0.0
    nesterov: False
    weight_decay: 0
)
2019-01-18 14:55:17,989 *** Initial Checkpoint. Computing Stats
2019-01-18 14:55:17,989 	 Computing Major Stats lazily... 
2019-01-18 14:55:17,990 		 Completed edges=132 good=132 bad=0
2019-01-18 14:55:17,992 Distortion avg=0.9980001738968579 wc=9.777211629099723 me=0.005628252251848828 mc=1737.1665646094668 nan_elements=0
2019-01-18 14:55:17,992 MAP = 0.3402973184223184
2019-01-18 14:55:17,992 scale=[array([1.])]
2019-01-18 14:55:17,992 *** End Initial Checkpoint

2019-01-18 14:55:18,048 1 loss=0.9960057560091833
2019-01-18 14:55:18,049 2 loss=0.8422323315388086
2019-01-18 14:55:18,050 3 loss=0.7215446245416914
2019-01-18 14:55:18,050 4 loss=0.6307504341131177
2019-01-18 14:55:18,051 5 loss=0.5618737015204383
2019-01-18 14:55:18,051 6 loss=0.50877870153223
2019-01-18 14:55:18,052 7 loss=0.46706191113557777
2019-01-18 14:55:18,052 8 loss=0.4336108041775636
2019-01-18 14:55:18,053 9 loss=0.4062286464693223
2019-01-18 14:55:18,053 10 loss=0.3833586345184938
2019-01-18 14:55:18,053 
*** Major Checkpoint. Computing Stats and Saving
2019-01-18 14:55:18,054 	 Computing Major Stats lazily... 
2019-01-18 14:55:18,054 		 Completed edges=132 good=132 bad=0
2019-01-18 14:55:18,056 Distortion avg=0.5565612647196734 wc=10.712465233304362 me=1.3735484076058067 mc=7.799117361998881 nan_elements=0
2019-01-18 14:55:18,057 MAP = 0.1774034992784993
2019-01-18 14:55:18,057 scale=[array([1.])]
2019-01-18 14:55:18,057 *** End Major Checkpoint

2019-01-18 14:55:18,057 11 loss=0.36388959324800607
2019-01-18 14:55:18,058 12 loss=0.3470212487084011
2019-01-18 14:55:18,058 13 loss=0.33217128525016626
2019-01-18 14:55:18,059 14 loss=0.31891122553020723
2019-01-18 14:55:18,059 15 loss=0.30692206328892774
2019-01-18 14:55:18,060 16 loss=0.2959634146350485
2019-01-18 14:55:18,060 17 loss=0.285851936423373
2019-01-18 14:55:18,061 18 loss=0.27644611999498064
2019-01-18 14:55:18,062 19 loss=0.26763549216981836
2019-01-18 14:55:18,062 20 loss=0.25933288030974194
2019-01-18 14:55:18,062 
*** Major Checkpoint. Computing Stats and Saving
2019-01-18 14:55:18,062 	 Computing Major Stats lazily... 
2019-01-18 14:55:18,063 		 Completed edges=132 good=132 bad=0
2019-01-18 14:55:18,065 Distortion avg=0.4692456920302003 wc=7.084294286290825 me=1.439482846364901 mc=4.921416260138605 nan_elements=0
2019-01-18 14:55:18,065 MAP = 0.27704199735449736
2019-01-18 14:55:18,065 scale=[array([1.])]
2019-01-18 14:55:18,065 *** End Major Checkpoint

2019-01-18 14:55:18,066 21 loss=0.25146882087249856
2019-01-18 14:55:18,066 22 loss=0.24398747719362515
2019-01-18 14:55:18,067 23 loss=0.2368436269360331
2019-01-18 14:55:18,067 24 loss=0.2300004127325758
2019-01-18 14:55:18,068 25 loss=0.22342764108053914
2019-01-18 14:55:18,068 26 loss=0.21710047793498718
2019-01-18 14:55:18,069 27 loss=0.21099843365596008
2019-01-18 14:55:18,070 28 loss=0.20510456100582164
2019-01-18 14:55:18,070 29 loss=0.19940481181886704
2019-01-18 14:55:18,071 30 loss=0.19388751352206637
2019-01-18 14:55:18,071 
*** Major Checkpoint. Computing Stats and Saving
2019-01-18 14:55:18,071 	 Computing Major Stats lazily... 
2019-01-18 14:55:18,072 		 Completed edges=132 good=132 bad=0
2019-01-18 14:55:18,073 Distortion avg=0.3969587671641129 wc=5.722305515820768 me=1.4877788724214212 mc=3.846207001519978 nan_elements=0
2019-01-18 14:55:18,074 MAP = 0.7618055555555555
2019-01-18 14:55:18,074 scale=[array([1.])]
2019-01-18 14:55:18,074 *** End Major Checkpoint

2019-01-18 14:55:18,074 31 loss=0.18854293775019018
2019-01-18 14:55:18,075 32 loss=0.18336294116552881
2019-01-18 14:55:18,075 33 loss=0.1783406641663564
2019-01-18 14:55:18,076 34 loss=0.1734702770896588
2019-01-18 14:55:18,076 35 loss=0.1687467662428915
2019-01-18 14:55:18,077 36 loss=0.16416575397262284
2019-01-18 14:55:18,078 37 loss=0.15972334824288992
2019-01-18 14:55:18,078 38 loss=0.15541601803735414
2019-01-18 14:55:18,079 39 loss=0.15124049145382748
2019-01-18 14:55:18,079 40 loss=0.14719367372818878
2019-01-18 14:55:18,079 
*** Major Checkpoint. Computing Stats and Saving
2019-01-18 14:55:18,079 	 Computing Major Stats lazily... 
2019-01-18 14:55:18,080 		 Completed edges=132 good=132 bad=0
2019-01-18 14:55:18,082 Distortion avg=0.3377584345470198 wc=4.710601914262953 me=1.4560440455773394 mc=3.235205644067684 nan_elements=0
2019-01-18 14:55:18,082 MAP = 0.975
2019-01-18 14:55:18,082 scale=[array([1.])]
2019-01-18 14:55:18,082 *** End Major Checkpoint

2019-01-18 14:55:18,083 41 loss=0.1432725826796694
2019-01-18 14:55:18,083 42 loss=0.13947429926152227
2019-01-18 14:55:18,084 43 loss=0.1357959310637028
2019-01-18 14:55:18,084 44 loss=0.13223458676790445
2019-01-18 14:55:18,085 45 loss=0.12878735971111346
2019-01-18 14:55:18,085 46 loss=0.1254513188760926
2019-01-18 14:55:18,086 47 loss=0.12222350579581297
2019-01-18 14:55:18,086 48 loss=0.11910093603122111
2019-01-18 14:55:18,087 49 loss=0.1160806040540124
2019-01-18 14:55:18,087 50 loss=0.11315949053418307
2019-01-18 14:55:18,088 
*** Major Checkpoint. Computing Stats and Saving
2019-01-18 14:55:18,088 	 Computing Major Stats lazily... 
2019-01-18 14:55:18,088 		 Completed edges=132 good=132 bad=0
2019-01-18 14:55:18,090 Distortion avg=0.2897467564061961 wc=3.9630257942720966 me=1.4021995171796624 mc=2.8262923683237284 nan_elements=0
2019-01-18 14:55:18,090 MAP = 1.0
2019-01-18 14:55:18,090 scale=[array([1.])]
2019-01-18 14:55:18,090 *** End Major Checkpoint

2019-01-18 14:55:18,091 final loss=0.11315949053418307
2019-01-18 14:55:18,091 best loss=0.11315949053418307, distortion=0.2897467564061961, map=1.0, wc_dist=3.9630257942720966
2019-01-18 14:55:18,091 	 Computing Major Stats lazily... 
2019-01-18 14:55:18,091 		 Completed edges=132 good=132 bad=0
2019-01-18 14:55:18,093 Distortion avg=0.2897467564061962 wc=3.9630257942720966 me=1.4021995171796624 mc=2.8262923683237284 nan_elements=0
2019-01-18 14:55:18,093 MAP = 1.0
2019-01-18 14:55:18,093 scale=[array([1.])]
