2019-01-18 14:47:22,680 Commandline ['pytorch/pytorch_hyperbolic.py', 'learn', 'data/edges/parsing/ewt/ewt_dev/169.edges', '--dim', '0', '--hyp', '0', '--edim', '10', '--euc', '1', '--sdim', '0', '--sph', '0', '--log-name', 'ewt_devr2/169.edges.E10-1.lr1.log', '--batch-size', '65536', '--epochs', '50', '--checkpoint-freq', '10', '-g', '--subsample', '1024', '--learning-rate', '1']
2019-01-18 14:47:22,681 No Model Save selected!
2019-01-18 14:47:22,682 Loaded Graph data/edges/parsing/ewt/ewt_dev/169.edges with 6 nodes scale=1.0
2019-01-18 14:47:22,682 Building dataset
2019-01-18 14:47:22,683 Subsample: 6 points with scale 1.0 subsample=5
2019-01-18 14:47:22,687 Built Data Sampler
2019-01-18 14:47:22,687 Creating a fresh model warm_start?=None
2019-01-18 14:47:22,687 	 Warmstarting? None None 6
2019-01-18 14:47:22,688 Embedding() torch.Size([6, 10])
2019-01-18 14:47:22,688 relative No Rescale
2019-01-18 14:47:22,688 Constructed model with dim=0 and epochs=0 isnan=False
2019-01-18 14:47:22,689 SGD (
Parameter Group 0
    dampening: 0
    initial_lr: 0.1
    lr: 1.0
    momentum: 0.0
    nesterov: False
    weight_decay: 0

Parameter Group 1
    dampening: 0
    initial_lr: 0.1
    lr: 1.0
    momentum: 0.0
    nesterov: False
    weight_decay: 0

Parameter Group 2
    dampening: 0
    initial_lr: 0.1
    lr: 1.0
    momentum: 0.0
    nesterov: False
    weight_decay: 0

Parameter Group 3
    dampening: 0
    initial_lr: 0.0001
    lr: 0.001
    momentum: 0.0
    nesterov: False
    weight_decay: 0
)
2019-01-18 14:47:22,689 *** Initial Checkpoint. Computing Stats
2019-01-18 14:47:22,689 	 Computing Major Stats lazily... 
2019-01-18 14:47:22,690 		 Completed edges=30 good=30 bad=0
2019-01-18 14:47:22,691 Distortion avg=0.9970831198655035 wc=5.448327215027938 me=0.005628252251848828 mc=968.0318100949036 nan_elements=0
2019-01-18 14:47:22,691 MAP = 0.3673611111111111
2019-01-18 14:47:22,691 scale=[array([1.])]
2019-01-18 14:47:22,691 *** End Initial Checkpoint

2019-01-18 14:47:22,751 1 loss=0.9941769604494649
2019-01-18 14:47:22,751 2 loss=0.4635441691317516
2019-01-18 14:47:22,752 3 loss=0.31525202916545497
2019-01-18 14:47:22,752 4 loss=0.2517268731485578
2019-01-18 14:47:22,753 5 loss=0.21108416500882515
2019-01-18 14:47:22,753 6 loss=0.18122722499383753
2019-01-18 14:47:22,754 7 loss=0.15828918155714375
2019-01-18 14:47:22,754 8 loss=0.14019266646627662
2019-01-18 14:47:22,755 9 loss=0.12550308167145674
2019-01-18 14:47:22,755 10 loss=0.11318669104455176
2019-01-18 14:47:22,755 
*** Major Checkpoint. Computing Stats and Saving
2019-01-18 14:47:22,755 	 Computing Major Stats lazily... 
2019-01-18 14:47:22,756 		 Completed edges=30 good=30 bad=0
2019-01-18 14:47:22,757 Distortion avg=0.28235841025482855 wc=2.9223696248591975 me=1.3115136705912935 mc=2.2282418326159363 nan_elements=0
2019-01-18 14:47:22,757 MAP = 0.8805555555555555
2019-01-18 14:47:22,757 scale=[array([1.])]
2019-01-18 14:47:22,757 *** End Major Checkpoint

2019-01-18 14:47:22,757 11 loss=0.10252813523786036
2019-01-18 14:47:22,758 12 loss=0.09306576654852697
2019-01-18 14:47:22,758 13 loss=0.08452511825515985
2019-01-18 14:47:22,759 14 loss=0.07675588495114481
2019-01-18 14:47:22,759 15 loss=0.06967971253491859
2019-01-18 14:47:22,760 16 loss=0.0632525585402023
2019-01-18 14:47:22,760 17 loss=0.057441441031889216
2019-01-18 14:47:22,761 18 loss=0.05221274617462504
2019-01-18 14:47:22,762 19 loss=0.04752828453739766
2019-01-18 14:47:22,762 20 loss=0.04334560099376466
2019-01-18 14:47:22,762 
*** Major Checkpoint. Computing Stats and Saving
2019-01-18 14:47:22,762 	 Computing Major Stats lazily... 
2019-01-18 14:47:22,763 		 Completed edges=30 good=30 bad=0
2019-01-18 14:47:22,764 Distortion avg=0.17450889275890502 wc=1.8350887498962496 me=1.1760436565729522 mc=1.5603916909375513 nan_elements=0
2019-01-18 14:47:22,764 MAP = 1.0
2019-01-18 14:47:22,764 scale=[array([1.])]
2019-01-18 14:47:22,765 *** End Major Checkpoint

2019-01-18 14:47:22,765 21 loss=0.03961999910947707
2019-01-18 14:47:22,765 22 loss=0.03630677978243646
2019-01-18 14:47:22,766 23 loss=0.03336300899834066
2019-01-18 14:47:22,766 24 loss=0.030748639711790263
2019-01-18 14:47:22,767 25 loss=0.028427065332670406
2019-01-18 14:47:22,767 26 loss=0.026365265958174792
2019-01-18 14:47:22,768 27 loss=0.024533704009314376
2019-01-18 14:47:22,768 28 loss=0.022906088152048917
2019-01-18 14:47:22,769 29 loss=0.0214590830271502
2019-01-18 14:47:22,769 30 loss=0.020172009485091808
2019-01-18 14:47:22,769 
*** Major Checkpoint. Computing Stats and Saving
2019-01-18 14:47:22,769 	 Computing Major Stats lazily... 
2019-01-18 14:47:22,770 		 Completed edges=30 good=30 bad=0
2019-01-18 14:47:22,771 Distortion avg=0.12543158773103427 wc=1.4940691482727961 me=1.1442362445924699 mc=1.3057348561834121 nan_elements=0
2019-01-18 14:47:22,771 MAP = 1.0
2019-01-18 14:47:22,771 scale=[array([1.])]
2019-01-18 14:47:22,771 *** End Major Checkpoint

2019-01-18 14:47:22,772 31 loss=0.01902655803134955
2019-01-18 14:47:22,772 32 loss=0.018006525166142238
2019-01-18 14:47:22,773 33 loss=0.017097575388940703
2019-01-18 14:47:22,773 34 loss=0.016287028368129668
2019-01-18 14:47:22,774 35 loss=0.015563669454023217
2019-01-18 14:47:22,774 36 loss=0.014917581327572978
2019-01-18 14:47:22,774 37 loss=0.014339994590273328
2019-01-18 14:47:22,775 38 loss=0.013823155257087872
2019-01-18 14:47:22,775 39 loss=0.01336020730555545
2019-01-18 14:47:22,776 40 loss=0.012945088621465827
2019-01-18 14:47:22,776 
*** Major Checkpoint. Computing Stats and Saving
2019-01-18 14:47:22,776 	 Computing Major Stats lazily... 
2019-01-18 14:47:22,776 		 Completed edges=30 good=30 bad=0
2019-01-18 14:47:22,777 Distortion avg=0.10403480793488977 wc=1.3651171793668806 me=1.1395667184868792 mc=1.197926507698898 nan_elements=0
2019-01-18 14:47:22,777 MAP = 1.0
2019-01-18 14:47:22,778 scale=[array([1.])]
2019-01-18 14:47:22,778 *** End Major Checkpoint

2019-01-18 14:47:22,778 41 loss=0.012572438853809187
2019-01-18 14:47:22,779 42 loss=0.012237517848009662
2019-01-18 14:47:22,779 43 loss=0.011936133468046008
2019-01-18 14:47:22,780 44 loss=0.011664577746325313
2019-01-18 14:47:22,780 45 loss=0.011419570416146111
2019-01-18 14:47:22,781 46 loss=0.011198208986084946
2019-01-18 14:47:22,781 47 loss=0.010997924609419615
2019-01-18 14:47:22,782 48 loss=0.010816443085544114
2019-01-18 14:47:22,782 49 loss=0.01065175040505719
2019-01-18 14:47:22,783 50 loss=0.010502062316664007
2019-01-18 14:47:22,783 
*** Major Checkpoint. Computing Stats and Saving
2019-01-18 14:47:22,783 	 Computing Major Stats lazily... 
2019-01-18 14:47:22,783 		 Completed edges=30 good=30 bad=0
2019-01-18 14:47:22,784 Distortion avg=0.09637164205233892 wc=1.3000620645469332 me=1.1333394231795701 mc=1.1471074225050997 nan_elements=0
2019-01-18 14:47:22,785 MAP = 1.0
2019-01-18 14:47:22,785 scale=[array([1.])]
2019-01-18 14:47:22,785 *** End Major Checkpoint

2019-01-18 14:47:22,785 final loss=0.010502062316664007
2019-01-18 14:47:22,785 best loss=0.010502062316664007, distortion=0.09637164205233892, map=1.0, wc_dist=1.3000620645469332
2019-01-18 14:47:22,785 	 Computing Major Stats lazily... 
2019-01-18 14:47:22,785 		 Completed edges=30 good=30 bad=0
2019-01-18 14:47:22,786 Distortion avg=0.09637164205233896 wc=1.3000620645469332 me=1.1333394231795701 mc=1.1471074225050997 nan_elements=0
2019-01-18 14:47:22,786 MAP = 1.0
2019-01-18 14:47:22,787 scale=[array([1.])]
