2019-01-18 14:58:03,490 Commandline ['pytorch/pytorch_hyperbolic.py', 'learn', 'data/edges/parsing/ewt/ewt_dev/1692.edges', '--dim', '0', '--hyp', '0', '--edim', '10', '--euc', '1', '--sdim', '0', '--sph', '0', '--log-name', 'ewt_devr2/1692.edges.E10-1.lr1.log', '--batch-size', '65536', '--epochs', '50', '--checkpoint-freq', '10', '-g', '--subsample', '1024', '--learning-rate', '1']
2019-01-18 14:58:03,490 No Model Save selected!
2019-01-18 14:58:03,492 Loaded Graph data/edges/parsing/ewt/ewt_dev/1692.edges with 2 nodes scale=1.0
2019-01-18 14:58:03,492 Building dataset
2019-01-18 14:58:03,492 Subsample: 2 points with scale 1.0 subsample=1
2019-01-18 14:58:03,494 Built Data Sampler
2019-01-18 14:58:03,494 Creating a fresh model warm_start?=None
2019-01-18 14:58:03,494 	 Warmstarting? None None 2
2019-01-18 14:58:03,495 Embedding() torch.Size([2, 10])
2019-01-18 14:58:03,495 relative No Rescale
2019-01-18 14:58:03,495 Constructed model with dim=0 and epochs=0 isnan=False
2019-01-18 14:58:03,495 SGD (
Parameter Group 0
    dampening: 0
    initial_lr: 0.1
    lr: 1.0
    momentum: 0.0
    nesterov: False
    weight_decay: 0

Parameter Group 1
    dampening: 0
    initial_lr: 0.1
    lr: 1.0
    momentum: 0.0
    nesterov: False
    weight_decay: 0

Parameter Group 2
    dampening: 0
    initial_lr: 0.1
    lr: 1.0
    momentum: 0.0
    nesterov: False
    weight_decay: 0

Parameter Group 3
    dampening: 0
    initial_lr: 0.0001
    lr: 0.001
    momentum: 0.0
    nesterov: False
    weight_decay: 0
)
2019-01-18 14:58:03,495 *** Initial Checkpoint. Computing Stats
2019-01-18 14:58:03,495 	 Computing Major Stats lazily... 
2019-01-18 14:58:03,496 		 Completed edges=2 good=2 bad=0
2019-01-18 14:58:03,496 Distortion avg=0.9965968412004117 wc=1.0 me=0.00340315879958833 mc=293.8446481313088 nan_elements=0
2019-01-18 14:58:03,496 MAP = 1.0
2019-01-18 14:58:03,497 scale=[array([1.])]
2019-01-18 14:58:03,497 *** End Initial Checkpoint

2019-01-18 14:58:03,553 1 loss=0.9932052638906386
2019-01-18 14:58:03,553 2 loss=8.938847375015749
2019-01-18 14:58:03,554 3 loss=48.57214009192693
2019-01-18 14:58:03,554 4 loss=357.51680197769787
2019-01-18 14:58:03,554 5 loss=2994.7538412503473
2019-01-18 14:58:03,555 6 loss=26300.09244160632
2019-01-18 14:58:03,555 7 loss=234758.7555855165
2019-01-18 14:58:03,556 8 loss=2107018.5711028273
2019-01-18 14:58:03,556 9 loss=18945752.452424984
2019-01-18 14:58:03,556 10 loss=170459544.00932342
2019-01-18 14:58:03,556 
*** Major Checkpoint. Computing Stats and Saving
2019-01-18 14:58:03,556 	 Computing Major Stats lazily... 
2019-01-18 14:58:03,557 		 Completed edges=2 good=2 bad=0
2019-01-18 14:58:03,557 Distortion avg=39166.046876043125 wc=1.0 me=39167.046876043125 mc=2.553166704563726e-05 nan_elements=0
2019-01-18 14:58:03,558 MAP = 1.0
2019-01-18 14:58:03,558 scale=[array([1.])]
2019-01-18 14:58:03,558 *** End Major Checkpoint

2019-01-18 14:58:03,558 11 loss=1533979227.8964074
2019-01-18 14:58:03,559 12 loss=13805343062.505152
2019-01-18 14:58:03,560 13 loss=124246677612.85883
2019-01-18 14:58:03,560 14 loss=1118215868682.6665
2019-01-18 14:58:03,561 15 loss=10063930128660.81
2019-01-18 14:58:03,561 16 loss=90575333089513.72
2019-01-18 14:58:03,562 17 loss=815177883600338.8
2019-01-18 14:58:03,562 18 loss=7336600609787212.0
2019-01-18 14:58:03,562 19 loss=6.60294044602374e+16
2019-01-18 14:58:03,563 20 loss=5.94264637058594e+17
2019-01-18 14:58:03,563 
*** Major Checkpoint. Computing Stats and Saving
2019-01-18 14:58:03,563 	 Computing Major Stats lazily... 
2019-01-18 14:58:03,563 		 Completed edges=2 good=2 bad=0
2019-01-18 14:58:03,564 Distortion avg=2312656853.98347 wc=1.0 me=2312656854.98347 mc=4.3240310288365184e-10 nan_elements=0
2019-01-18 14:58:03,564 MAP = 1.0
2019-01-18 14:58:03,564 scale=[array([1.])]
2019-01-18 14:58:03,564 *** End Major Checkpoint

2019-01-18 14:58:03,564 21 loss=5.348381724276721e+18
2019-01-18 14:58:03,565 22 loss=4.81354354907386e+19
2019-01-18 14:58:03,565 23 loss=4.332189193333917e+20
2019-01-18 14:58:03,566 24 loss=3.898970273750758e+21
2019-01-18 14:58:03,566 25 loss=3.509073246300752e+22
2019-01-18 14:58:03,566 26 loss=3.158165921648198e+23
2019-01-18 14:58:03,567 27 loss=2.842349329476635e+24
2019-01-18 14:58:03,567 28 loss=2.5581143965269464e+25
2019-01-18 14:58:03,568 29 loss=2.3023029568736446e+26
2019-01-18 14:58:03,568 30 loss=2.072072661186098e+27
2019-01-18 14:58:03,568 
*** Major Checkpoint. Computing Stats and Saving
2019-01-18 14:58:03,568 	 Computing Major Stats lazily... 
2019-01-18 14:58:03,568 		 Completed edges=2 good=2 bad=0
2019-01-18 14:58:03,569 Distortion avg=136560074511821.84 wc=1.0 me=136560074511822.84 mc=7.322784522305045e-15 nan_elements=0
2019-01-18 14:58:03,569 MAP = 1.0
2019-01-18 14:58:03,569 scale=[array([1.])]
2019-01-18 14:58:03,569 *** End Major Checkpoint

2019-01-18 14:58:03,569 31 loss=1.8648653950674335e+28
2019-01-18 14:58:03,570 32 loss=1.678378855560674e+29
2019-01-18 14:58:03,570 33 loss=1.5105409700046018e+30
2019-01-18 14:58:03,571 34 loss=1.3594868730041399e+31
2019-01-18 14:58:03,571 35 loss=1.2235381857037259e+32
2019-01-18 14:58:03,571 36 loss=1.1011843671333534e+33
2019-01-18 14:58:03,572 37 loss=9.91065930420018e+33
2019-01-18 14:58:03,572 38 loss=8.91959337378016e+34
2019-01-18 14:58:03,573 39 loss=8.027634036402146e+35
2019-01-18 14:58:03,573 40 loss=7.224870632761931e+36
2019-01-18 14:58:03,573 
*** Major Checkpoint. Computing Stats and Saving
2019-01-18 14:58:03,573 	 Computing Major Stats lazily... 
2019-01-18 14:58:03,573 		 Completed edges=2 good=2 bad=0
2019-01-18 14:58:03,574 Distortion avg=8.063735839848513e+18 wc=1.0 me=8.063735839848513e+18 mc=1.2401199888745194e-19 nan_elements=0
2019-01-18 14:58:03,574 MAP = 1.0
2019-01-18 14:58:03,574 scale=[array([1.])]
2019-01-18 14:58:03,574 *** End Major Checkpoint

2019-01-18 14:58:03,574 41 loss=6.502383569485739e+37
2019-01-18 14:58:03,575 42 loss=5.852145212537165e+38
2019-01-18 14:58:03,575 43 loss=5.266930691283448e+39
2019-01-18 14:58:03,576 44 loss=4.740237622155103e+40
2019-01-18 14:58:03,576 45 loss=4.2662138599395935e+41
2019-01-18 14:58:03,576 46 loss=3.839592473945634e+42
2019-01-18 14:58:03,577 47 loss=3.4556332265510695e+43
2019-01-18 14:58:03,577 48 loss=3.1100699038959636e+44
2019-01-18 14:58:03,578 49 loss=2.7990629135063678e+45
2019-01-18 14:58:03,578 50 loss=2.519156622155731e+46
2019-01-18 14:58:03,578 
*** Major Checkpoint. Computing Stats and Saving
2019-01-18 14:58:03,578 	 Computing Major Stats lazily... 
2019-01-18 14:58:03,578 		 Completed edges=2 good=2 bad=0
2019-01-18 14:58:03,579 Distortion avg=4.7615553760721484e+23 wc=1.0 me=4.7615553760721484e+23 mc=2.1001540904579576e-24 nan_elements=0
2019-01-18 14:58:03,579 MAP = 1.0
2019-01-18 14:58:03,579 scale=[array([1.])]
2019-01-18 14:58:03,579 *** End Major Checkpoint

2019-01-18 14:58:03,579 final loss=2.519156622155731e+46
2019-01-18 14:58:03,579 best loss=170459544.00932342, distortion=39166.046876043125, map=1.0, wc_dist=1.0
2019-01-18 14:58:03,579 	 Computing Major Stats lazily... 
2019-01-18 14:58:03,579 		 Completed edges=2 good=2 bad=0
2019-01-18 14:58:03,580 Distortion avg=4.7615553760721484e+23 wc=1.0 me=4.7615553760721484e+23 mc=2.1001540904579576e-24 nan_elements=0
2019-01-18 14:58:03,580 MAP = 1.0
2019-01-18 14:58:03,580 scale=[array([1.])]
