2019-01-18 14:42:57,107 Commandline ['pytorch/pytorch_hyperbolic.py', 'learn', 'data/edges/parsing/ewt/ewt_dev/1693.edges', '--dim', '0', '--hyp', '0', '--edim', '10', '--euc', '1', '--sdim', '0', '--sph', '0', '--log-name', 'ewt_devr2/1693.edges.E10-1.lr1.log', '--batch-size', '65536', '--epochs', '50', '-g', '--subsample', '1024', '--learning-rate', '1']
2019-01-18 14:42:57,107 No Model Save selected!
2019-01-18 14:42:57,109 Loaded Graph data/edges/parsing/ewt/ewt_dev/1693.edges with 6 nodes scale=1.0
2019-01-18 14:42:57,110 Building dataset
2019-01-18 14:42:57,110 Subsample: 6 points with scale 1.0 subsample=5
2019-01-18 14:42:57,114 Built Data Sampler
2019-01-18 14:42:57,115 Creating a fresh model warm_start?=None
2019-01-18 14:42:57,115 	 Warmstarting? None None 6
2019-01-18 14:42:57,115 Embedding() torch.Size([6, 10])
2019-01-18 14:42:57,115 relative No Rescale
2019-01-18 14:42:57,115 Constructed model with dim=0 and epochs=0 isnan=False
2019-01-18 14:42:57,116 SGD (
Parameter Group 0
    dampening: 0
    initial_lr: 0.1
    lr: 1.0
    momentum: 0.0
    nesterov: False
    weight_decay: 0

Parameter Group 1
    dampening: 0
    initial_lr: 0.1
    lr: 1.0
    momentum: 0.0
    nesterov: False
    weight_decay: 0

Parameter Group 2
    dampening: 0
    initial_lr: 0.1
    lr: 1.0
    momentum: 0.0
    nesterov: False
    weight_decay: 0

Parameter Group 3
    dampening: 0
    initial_lr: 0.0001
    lr: 0.001
    momentum: 0.0
    nesterov: False
    weight_decay: 0
)
2019-01-18 14:42:57,116 *** Initial Checkpoint. Computing Stats
2019-01-18 14:42:57,116 	 Computing Major Stats lazily... 
2019-01-18 14:42:57,117 		 Completed edges=30 good=30 bad=0
2019-01-18 14:42:57,118 Distortion avg=0.9970831198655035 wc=5.448327215027938 me=0.005628252251848828 mc=968.0318100949036 nan_elements=0
2019-01-18 14:42:57,118 MAP = 0.3673611111111111
2019-01-18 14:42:57,118 scale=[array([1.])]
2019-01-18 14:42:57,118 *** End Initial Checkpoint

2019-01-18 14:42:57,176 1 loss=0.9941769604494649
2019-01-18 14:42:57,177 2 loss=0.4635441691317516
2019-01-18 14:42:57,178 3 loss=0.31525202916545497
2019-01-18 14:42:57,178 4 loss=0.2517268731485578
2019-01-18 14:42:57,179 5 loss=0.21108416500882515
2019-01-18 14:42:57,179 6 loss=0.18122722499383753
2019-01-18 14:42:57,180 7 loss=0.15828918155714375
2019-01-18 14:42:57,180 8 loss=0.14019266646627662
2019-01-18 14:42:57,181 9 loss=0.12550308167145674
2019-01-18 14:42:57,181 10 loss=0.11318669104455176
2019-01-18 14:42:57,182 11 loss=0.10252813523786034
2019-01-18 14:42:57,182 12 loss=0.09306576654852697
2019-01-18 14:42:57,183 13 loss=0.08452511825515988
2019-01-18 14:42:57,183 14 loss=0.07675588495114484
2019-01-18 14:42:57,184 15 loss=0.06967971253491857
2019-01-18 14:42:57,184 16 loss=0.0632525585402023
2019-01-18 14:42:57,185 17 loss=0.05744144103188922
2019-01-18 14:42:57,185 18 loss=0.052212746174625034
2019-01-18 14:42:57,186 19 loss=0.04752828453739764
2019-01-18 14:42:57,186 20 loss=0.04334560099376466
2019-01-18 14:42:57,186 21 loss=0.039619999109477076
2019-01-18 14:42:57,187 22 loss=0.03630677978243646
2019-01-18 14:42:57,187 23 loss=0.033363008998340674
2019-01-18 14:42:57,188 24 loss=0.03074863971179027
2019-01-18 14:42:57,188 25 loss=0.02842706533267041
2019-01-18 14:42:57,189 26 loss=0.026365265958174792
2019-01-18 14:42:57,189 27 loss=0.024533704009314372
2019-01-18 14:42:57,190 28 loss=0.022906088152048924
2019-01-18 14:42:57,190 29 loss=0.021459083027150206
2019-01-18 14:42:57,191 30 loss=0.020172009485091808
2019-01-18 14:42:57,191 31 loss=0.019026558031349557
2019-01-18 14:42:57,192 32 loss=0.01800652516614223
2019-01-18 14:42:57,192 33 loss=0.0170975753889407
2019-01-18 14:42:57,193 34 loss=0.01628702836812967
2019-01-18 14:42:57,193 35 loss=0.015563669454023217
2019-01-18 14:42:57,194 36 loss=0.014917581327572975
2019-01-18 14:42:57,194 37 loss=0.014339994590273334
2019-01-18 14:42:57,195 38 loss=0.01382315525708787
2019-01-18 14:42:57,195 39 loss=0.013360207305555448
2019-01-18 14:42:57,196 40 loss=0.012945088621465824
2019-01-18 14:42:57,196 41 loss=0.01257243885380919
2019-01-18 14:42:57,197 42 loss=0.012237517848009666
2019-01-18 14:42:57,197 43 loss=0.011936133468046008
2019-01-18 14:42:57,198 44 loss=0.011664577746325329
2019-01-18 14:42:57,198 45 loss=0.011419570416146116
2019-01-18 14:42:57,199 46 loss=0.011198208986084942
2019-01-18 14:42:57,199 47 loss=0.01099792460941962
2019-01-18 14:42:57,199 48 loss=0.010816443085544117
2019-01-18 14:42:57,200 49 loss=0.01065175040505719
2019-01-18 14:42:57,200 50 loss=0.010502062316664005
2019-01-18 14:42:57,200 final loss=0.010502062316664005
2019-01-18 14:42:57,200 best loss=10000000000.0, distortion=10000000000.0, map=0.0, wc_dist=10000000000.0
2019-01-18 14:42:57,200 	 Computing Major Stats lazily... 
2019-01-18 14:42:57,201 		 Completed edges=30 good=30 bad=0
2019-01-18 14:42:57,202 Distortion avg=0.09637164205233899 wc=1.3000620645469332 me=1.1333394231795701 mc=1.1471074225050997 nan_elements=0
2019-01-18 14:42:57,202 MAP = 1.0
2019-01-18 14:42:57,202 scale=[array([1.])]
2019-01-18 15:05:07,008 Commandline ['pytorch/pytorch_hyperbolic.py', 'learn', 'data/edges/parsing/ewt/ewt_dev/1693.edges', '--dim', '0', '--hyp', '0', '--edim', '10', '--euc', '1', '--sdim', '0', '--sph', '0', '--log-name', 'ewt_devr2/1693.edges.E10-1.lr1.log', '--batch-size', '65536', '--epochs', '50', '--checkpoint-freq', '10', '-g', '--subsample', '1024', '--learning-rate', '1']
2019-01-18 15:05:07,009 No Model Save selected!
2019-01-18 15:05:07,011 Loaded Graph data/edges/parsing/ewt/ewt_dev/1693.edges with 6 nodes scale=1.0
2019-01-18 15:05:07,011 Building dataset
2019-01-18 15:05:07,011 Subsample: 6 points with scale 1.0 subsample=5
2019-01-18 15:05:07,015 Built Data Sampler
2019-01-18 15:05:07,016 Creating a fresh model warm_start?=None
2019-01-18 15:05:07,016 	 Warmstarting? None None 6
2019-01-18 15:05:07,016 Embedding() torch.Size([6, 10])
2019-01-18 15:05:07,016 relative No Rescale
2019-01-18 15:05:07,017 Constructed model with dim=0 and epochs=0 isnan=False
2019-01-18 15:05:07,017 SGD (
Parameter Group 0
    dampening: 0
    initial_lr: 0.1
    lr: 1.0
    momentum: 0.0
    nesterov: False
    weight_decay: 0

Parameter Group 1
    dampening: 0
    initial_lr: 0.1
    lr: 1.0
    momentum: 0.0
    nesterov: False
    weight_decay: 0

Parameter Group 2
    dampening: 0
    initial_lr: 0.1
    lr: 1.0
    momentum: 0.0
    nesterov: False
    weight_decay: 0

Parameter Group 3
    dampening: 0
    initial_lr: 0.0001
    lr: 0.001
    momentum: 0.0
    nesterov: False
    weight_decay: 0
)
2019-01-18 15:05:07,017 *** Initial Checkpoint. Computing Stats
2019-01-18 15:05:07,017 	 Computing Major Stats lazily... 
2019-01-18 15:05:07,018 		 Completed edges=30 good=30 bad=0
2019-01-18 15:05:07,019 Distortion avg=0.9970831198655035 wc=5.448327215027938 me=0.005628252251848828 mc=968.0318100949036 nan_elements=0
2019-01-18 15:05:07,019 MAP = 0.3673611111111111
2019-01-18 15:05:07,019 scale=[array([1.])]
2019-01-18 15:05:07,019 *** End Initial Checkpoint

2019-01-18 15:05:07,077 1 loss=0.9941769604494649
2019-01-18 15:05:07,077 2 loss=0.4635441691317516
2019-01-18 15:05:07,078 3 loss=0.31525202916545497
2019-01-18 15:05:07,078 4 loss=0.2517268731485578
2019-01-18 15:05:07,079 5 loss=0.21108416500882515
2019-01-18 15:05:07,079 6 loss=0.18122722499383753
2019-01-18 15:05:07,079 7 loss=0.15828918155714375
2019-01-18 15:05:07,080 8 loss=0.14019266646627662
2019-01-18 15:05:07,080 9 loss=0.12550308167145674
2019-01-18 15:05:07,081 10 loss=0.11318669104455176
2019-01-18 15:05:07,081 
*** Major Checkpoint. Computing Stats and Saving
2019-01-18 15:05:07,081 	 Computing Major Stats lazily... 
2019-01-18 15:05:07,081 		 Completed edges=30 good=30 bad=0
2019-01-18 15:05:07,082 Distortion avg=0.28235841025482855 wc=2.9223696248591975 me=1.3115136705912935 mc=2.2282418326159363 nan_elements=0
2019-01-18 15:05:07,082 MAP = 0.8805555555555555
2019-01-18 15:05:07,083 scale=[array([1.])]
2019-01-18 15:05:07,083 *** End Major Checkpoint

2019-01-18 15:05:07,083 11 loss=0.10252813523786036
2019-01-18 15:05:07,083 12 loss=0.09306576654852697
2019-01-18 15:05:07,084 13 loss=0.08452511825515985
2019-01-18 15:05:07,084 14 loss=0.07675588495114481
2019-01-18 15:05:07,085 15 loss=0.06967971253491859
2019-01-18 15:05:07,085 16 loss=0.0632525585402023
2019-01-18 15:05:07,086 17 loss=0.057441441031889216
2019-01-18 15:05:07,086 18 loss=0.05221274617462504
2019-01-18 15:05:07,086 19 loss=0.04752828453739766
2019-01-18 15:05:07,087 20 loss=0.04334560099376466
2019-01-18 15:05:07,087 
*** Major Checkpoint. Computing Stats and Saving
2019-01-18 15:05:07,087 	 Computing Major Stats lazily... 
2019-01-18 15:05:07,087 		 Completed edges=30 good=30 bad=0
2019-01-18 15:05:07,088 Distortion avg=0.17450889275890502 wc=1.8350887498962496 me=1.1760436565729522 mc=1.5603916909375513 nan_elements=0
2019-01-18 15:05:07,088 MAP = 1.0
2019-01-18 15:05:07,089 scale=[array([1.])]
2019-01-18 15:05:07,089 *** End Major Checkpoint

2019-01-18 15:05:07,089 21 loss=0.03961999910947707
2019-01-18 15:05:07,090 22 loss=0.03630677978243646
2019-01-18 15:05:07,090 23 loss=0.03336300899834066
2019-01-18 15:05:07,090 24 loss=0.030748639711790263
2019-01-18 15:05:07,091 25 loss=0.028427065332670406
2019-01-18 15:05:07,091 26 loss=0.026365265958174792
2019-01-18 15:05:07,092 27 loss=0.024533704009314376
2019-01-18 15:05:07,093 28 loss=0.022906088152048917
2019-01-18 15:05:07,093 29 loss=0.0214590830271502
2019-01-18 15:05:07,093 30 loss=0.020172009485091808
2019-01-18 15:05:07,094 
*** Major Checkpoint. Computing Stats and Saving
2019-01-18 15:05:07,094 	 Computing Major Stats lazily... 
2019-01-18 15:05:07,094 		 Completed edges=30 good=30 bad=0
2019-01-18 15:05:07,095 Distortion avg=0.12543158773103427 wc=1.4940691482727961 me=1.1442362445924699 mc=1.3057348561834121 nan_elements=0
2019-01-18 15:05:07,095 MAP = 1.0
2019-01-18 15:05:07,095 scale=[array([1.])]
2019-01-18 15:05:07,096 *** End Major Checkpoint

2019-01-18 15:05:07,096 31 loss=0.01902655803134955
2019-01-18 15:05:07,097 32 loss=0.018006525166142238
2019-01-18 15:05:07,097 33 loss=0.017097575388940703
2019-01-18 15:05:07,097 34 loss=0.016287028368129668
2019-01-18 15:05:07,098 35 loss=0.015563669454023217
2019-01-18 15:05:07,098 36 loss=0.014917581327572978
2019-01-18 15:05:07,099 37 loss=0.014339994590273328
2019-01-18 15:05:07,099 38 loss=0.013823155257087872
2019-01-18 15:05:07,100 39 loss=0.01336020730555545
2019-01-18 15:05:07,100 40 loss=0.012945088621465827
2019-01-18 15:05:07,100 
*** Major Checkpoint. Computing Stats and Saving
2019-01-18 15:05:07,101 	 Computing Major Stats lazily... 
2019-01-18 15:05:07,101 		 Completed edges=30 good=30 bad=0
2019-01-18 15:05:07,102 Distortion avg=0.10403480793488977 wc=1.3651171793668806 me=1.1395667184868792 mc=1.197926507698898 nan_elements=0
2019-01-18 15:05:07,102 MAP = 1.0
2019-01-18 15:05:07,102 scale=[array([1.])]
2019-01-18 15:05:07,102 *** End Major Checkpoint

2019-01-18 15:05:07,103 41 loss=0.012572438853809187
2019-01-18 15:05:07,103 42 loss=0.012237517848009662
2019-01-18 15:05:07,104 43 loss=0.011936133468046008
2019-01-18 15:05:07,104 44 loss=0.011664577746325313
2019-01-18 15:05:07,105 45 loss=0.011419570416146111
2019-01-18 15:05:07,105 46 loss=0.011198208986084946
2019-01-18 15:05:07,106 47 loss=0.010997924609419615
2019-01-18 15:05:07,106 48 loss=0.010816443085544114
2019-01-18 15:05:07,107 49 loss=0.01065175040505719
2019-01-18 15:05:07,107 50 loss=0.010502062316664007
2019-01-18 15:05:07,107 
*** Major Checkpoint. Computing Stats and Saving
2019-01-18 15:05:07,107 	 Computing Major Stats lazily... 
2019-01-18 15:05:07,108 		 Completed edges=30 good=30 bad=0
2019-01-18 15:05:07,109 Distortion avg=0.09637164205233892 wc=1.3000620645469332 me=1.1333394231795701 mc=1.1471074225050997 nan_elements=0
2019-01-18 15:05:07,109 MAP = 1.0
2019-01-18 15:05:07,109 scale=[array([1.])]
2019-01-18 15:05:07,109 *** End Major Checkpoint

2019-01-18 15:05:07,109 final loss=0.010502062316664007
2019-01-18 15:05:07,109 best loss=0.010502062316664007, distortion=0.09637164205233892, map=1.0, wc_dist=1.3000620645469332
2019-01-18 15:05:07,109 	 Computing Major Stats lazily... 
2019-01-18 15:05:07,109 		 Completed edges=30 good=30 bad=0
2019-01-18 15:05:07,111 Distortion avg=0.09637164205233896 wc=1.3000620645469332 me=1.1333394231795701 mc=1.1471074225050997 nan_elements=0
2019-01-18 15:05:07,111 MAP = 1.0
2019-01-18 15:05:07,111 scale=[array([1.])]
