2019-01-18 14:53:15,951 Commandline ['pytorch/pytorch_hyperbolic.py', 'learn', 'data/edges/parsing/ewt/ewt_dev/1699.edges', '--dim', '0', '--hyp', '0', '--edim', '10', '--euc', '1', '--sdim', '0', '--sph', '0', '--log-name', 'ewt_devr2/1699.edges.E10-1.lr1.log', '--batch-size', '65536', '--epochs', '50', '--checkpoint-freq', '10', '-g', '--subsample', '1024', '--learning-rate', '1']
2019-01-18 14:53:15,951 No Model Save selected!
2019-01-18 14:53:15,953 Loaded Graph data/edges/parsing/ewt/ewt_dev/1699.edges with 13 nodes scale=1.0
2019-01-18 14:53:15,953 Building dataset
2019-01-18 14:53:15,953 Subsample: 13 points with scale 1.0 subsample=12
2019-01-18 14:53:15,965 Built Data Sampler
2019-01-18 14:53:15,965 Creating a fresh model warm_start?=None
2019-01-18 14:53:15,965 	 Warmstarting? None None 13
2019-01-18 14:53:15,965 Embedding() torch.Size([13, 10])
2019-01-18 14:53:15,966 relative No Rescale
2019-01-18 14:53:15,966 Constructed model with dim=0 and epochs=0 isnan=False
2019-01-18 14:53:15,966 SGD (
Parameter Group 0
    dampening: 0
    initial_lr: 0.1
    lr: 1.0
    momentum: 0.0
    nesterov: False
    weight_decay: 0

Parameter Group 1
    dampening: 0
    initial_lr: 0.1
    lr: 1.0
    momentum: 0.0
    nesterov: False
    weight_decay: 0

Parameter Group 2
    dampening: 0
    initial_lr: 0.1
    lr: 1.0
    momentum: 0.0
    nesterov: False
    weight_decay: 0

Parameter Group 3
    dampening: 0
    initial_lr: 0.0001
    lr: 0.001
    momentum: 0.0
    nesterov: False
    weight_decay: 0
)
2019-01-18 14:53:15,966 *** Initial Checkpoint. Computing Stats
2019-01-18 14:53:15,966 	 Computing Major Stats lazily... 
2019-01-18 14:53:15,967 		 Completed edges=156 good=156 bad=0
2019-01-18 14:53:15,970 Distortion avg=0.99801345144675 wc=8.870529895344701 me=0.005325560980892679 mc=1665.6517364406948 nan_elements=0
2019-01-18 14:53:15,970 MAP = 0.22867340992340995
2019-01-18 14:53:15,970 scale=[array([1.])]
2019-01-18 14:53:15,970 *** End Initial Checkpoint

2019-01-18 14:53:16,027 1 loss=0.9960323404373511
2019-01-18 14:53:16,028 2 loss=0.8602196792575765
2019-01-18 14:53:16,029 3 loss=0.7494990724526343
2019-01-18 14:53:16,029 4 loss=0.6631876363698078
2019-01-18 14:53:16,030 5 loss=0.5957818207333722
2019-01-18 14:53:16,030 6 loss=0.5426309479073846
2019-01-18 14:53:16,031 7 loss=0.5001803029665736
2019-01-18 14:53:16,031 8 loss=0.4657798986998482
2019-01-18 14:53:16,032 9 loss=0.43747002396055806
2019-01-18 14:53:16,033 10 loss=0.4138040465058091
2019-01-18 14:53:16,033 
*** Major Checkpoint. Computing Stats and Saving
2019-01-18 14:53:16,033 	 Computing Major Stats lazily... 
2019-01-18 14:53:16,034 		 Completed edges=156 good=156 bad=0
2019-01-18 14:53:16,036 Distortion avg=0.5801304289816077 wc=9.659796009893856 me=1.3112383359422348 mc=7.366926168271676 nan_elements=0
2019-01-18 14:53:16,036 MAP = 0.1434759684759685
2019-01-18 14:53:16,036 scale=[array([1.])]
2019-01-18 14:53:16,036 *** End Major Checkpoint

2019-01-18 14:53:16,037 11 loss=0.393712676417131
2019-01-18 14:53:16,038 12 loss=0.3764029442108148
2019-01-18 14:53:16,039 13 loss=0.3612839895540683
2019-01-18 14:53:16,039 14 loss=0.34791288271428034
2019-01-18 14:53:16,040 15 loss=0.3359551789190568
2019-01-18 14:53:16,040 16 loss=0.32515622041937353
2019-01-18 14:53:16,041 17 loss=0.3153202471323348
2019-01-18 14:53:16,041 18 loss=0.30629517057141403
2019-01-18 14:53:16,042 19 loss=0.29796145392422696
2019-01-18 14:53:16,042 20 loss=0.29022397120331284
2019-01-18 14:53:16,042 
*** Major Checkpoint. Computing Stats and Saving
2019-01-18 14:53:16,043 	 Computing Major Stats lazily... 
2019-01-18 14:53:16,043 		 Completed edges=156 good=156 bad=0
2019-01-18 14:53:16,045 Distortion avg=0.49967504233986604 wc=7.09947561197058 me=1.5093592351215377 mc=4.703635454550295 nan_elements=0
2019-01-18 14:53:16,045 MAP = 0.23069638694638697
2019-01-18 14:53:16,046 scale=[array([1.])]
2019-01-18 14:53:16,046 *** End Major Checkpoint

2019-01-18 14:53:16,046 21 loss=0.2830060305277136
2019-01-18 14:53:16,047 22 loss=0.2762449722023012
2019-01-18 14:53:16,047 23 loss=0.26988891501057216
2019-01-18 14:53:16,048 24 loss=0.2638943414794876
2019-01-18 14:53:16,049 25 loss=0.25822429752512893
2019-01-18 14:53:16,049 26 loss=0.2528470430335556
2019-01-18 14:53:16,050 27 loss=0.2477350341809197
2019-01-18 14:53:16,050 28 loss=0.24286415039109366
2019-01-18 14:53:16,051 29 loss=0.23821310216407687
2019-01-18 14:53:16,051 30 loss=0.23376297301731078
2019-01-18 14:53:16,051 
*** Major Checkpoint. Computing Stats and Saving
2019-01-18 14:53:16,052 	 Computing Major Stats lazily... 
2019-01-18 14:53:16,052 		 Completed edges=156 good=156 bad=0
2019-01-18 14:53:16,054 Distortion avg=0.4380000069115014 wc=6.027424347820167 me=1.620482125686821 mc=3.719525351299706 nan_elements=0
2019-01-18 14:53:16,054 MAP = 0.33292887667887666
2019-01-18 14:53:16,055 scale=[array([1.])]
2019-01-18 14:53:16,055 *** End Major Checkpoint

2019-01-18 14:53:16,055 31 loss=0.22949686120944762
2019-01-18 14:53:16,056 32 loss=0.22539959601530027
2019-01-18 14:53:16,056 33 loss=0.2214575099941891
2019-01-18 14:53:16,057 34 loss=0.21765825359369223
2019-01-18 14:53:16,057 35 loss=0.21399064202976256
2019-01-18 14:53:16,058 36 loss=0.21044452702665212
2019-01-18 14:53:16,058 37 loss=0.20701068793803323
2019-01-18 14:53:16,059 38 loss=0.20368073818929436
2019-01-18 14:53:16,060 39 loss=0.2004470440168755
2019-01-18 14:53:16,060 40 loss=0.1973026532349249
2019-01-18 14:53:16,060 
*** Major Checkpoint. Computing Stats and Saving
2019-01-18 14:53:16,061 	 Computing Major Stats lazily... 
2019-01-18 14:53:16,061 		 Completed edges=156 good=156 bad=0
2019-01-18 14:53:16,063 Distortion avg=0.39297644520263 wc=5.307854813715 me=1.6564268728599931 mc=3.204400327404999 nan_elements=0
2019-01-18 14:53:16,063 MAP = 0.6252365689865691
2019-01-18 14:53:16,064 scale=[array([1.])]
2019-01-18 14:53:16,064 *** End Major Checkpoint

2019-01-18 14:53:16,064 41 loss=0.19424123230766116
2019-01-18 14:53:16,065 42 loss=0.19125701040343504
2019-01-18 14:53:16,065 43 loss=0.18834472939505528
2019-01-18 14:53:16,066 44 loss=0.18549959898110904
2019-01-18 14:53:16,066 45 loss=0.1827172562572903
2019-01-18 14:53:16,067 46 loss=0.17999372918158651
2019-01-18 14:53:16,067 47 loss=0.17732540346435824
2019-01-18 14:53:16,068 48 loss=0.17470899248231017
2019-01-18 14:53:16,069 49 loss=0.1721415098699208
2019-01-18 14:53:16,069 50 loss=0.1696202444870846
2019-01-18 14:53:16,069 
*** Major Checkpoint. Computing Stats and Saving
2019-01-18 14:53:16,069 	 Computing Major Stats lazily... 
2019-01-18 14:53:16,070 		 Completed edges=156 good=156 bad=0
2019-01-18 14:53:16,072 Distortion avg=0.35741544345000076 wc=4.751801623110158 me=1.63341272166934 mc=2.9091249015459115 nan_elements=0
2019-01-18 14:53:16,072 MAP = 0.7692307692307693
2019-01-18 14:53:16,072 scale=[array([1.])]
2019-01-18 14:53:16,072 *** End Major Checkpoint

2019-01-18 14:53:16,072 final loss=0.1696202444870846
2019-01-18 14:53:16,073 best loss=0.1696202444870846, distortion=0.35741544345000076, map=0.7692307692307693, wc_dist=4.751801623110158
2019-01-18 14:53:16,073 	 Computing Major Stats lazily... 
2019-01-18 14:53:16,073 		 Completed edges=156 good=156 bad=0
2019-01-18 14:53:16,075 Distortion avg=0.35741544345000104 wc=4.751801623110158 me=1.63341272166934 mc=2.9091249015459115 nan_elements=0
2019-01-18 14:53:16,075 MAP = 0.7692307692307693
2019-01-18 14:53:16,076 scale=[array([1.])]
