2019-01-18 15:02:27,706 Commandline ['pytorch/pytorch_hyperbolic.py', 'learn', 'data/edges/parsing/ewt/ewt_dev/170.edges', '--dim', '0', '--hyp', '0', '--edim', '10', '--euc', '1', '--sdim', '0', '--sph', '0', '--log-name', 'ewt_devr2/170.edges.E10-1.lr1.log', '--batch-size', '65536', '--epochs', '50', '--checkpoint-freq', '10', '-g', '--subsample', '1024', '--learning-rate', '1']
2019-01-18 15:02:27,707 No Model Save selected!
2019-01-18 15:02:27,708 Loaded Graph data/edges/parsing/ewt/ewt_dev/170.edges with 26 nodes scale=1.0
2019-01-18 15:02:27,708 Building dataset
2019-01-18 15:02:27,709 Subsample: 26 points with scale 1.0 subsample=25
2019-01-18 15:02:27,740 Built Data Sampler
2019-01-18 15:02:27,740 Creating a fresh model warm_start?=None
2019-01-18 15:02:27,740 	 Warmstarting? None None 26
2019-01-18 15:02:27,741 Embedding() torch.Size([26, 10])
2019-01-18 15:02:27,741 relative No Rescale
2019-01-18 15:02:27,741 Constructed model with dim=0 and epochs=0 isnan=False
2019-01-18 15:02:27,741 SGD (
Parameter Group 0
    dampening: 0
    initial_lr: 0.1
    lr: 1.0
    momentum: 0.0
    nesterov: False
    weight_decay: 0

Parameter Group 1
    dampening: 0
    initial_lr: 0.1
    lr: 1.0
    momentum: 0.0
    nesterov: False
    weight_decay: 0

Parameter Group 2
    dampening: 0
    initial_lr: 0.1
    lr: 1.0
    momentum: 0.0
    nesterov: False
    weight_decay: 0

Parameter Group 3
    dampening: 0
    initial_lr: 0.0001
    lr: 0.001
    momentum: 0.0
    nesterov: False
    weight_decay: 0
)
2019-01-18 15:02:27,741 *** Initial Checkpoint. Computing Stats
2019-01-18 15:02:27,742 	 Computing Major Stats lazily... 
2019-01-18 15:02:27,745 		 Completed edges=650 good=650 bad=0
2019-01-18 15:02:27,749 Distortion avg=0.9983393997367284 wc=24.49000693349547 me=0.0072640427705460125 mc=3371.4018084800787 nan_elements=0
2019-01-18 15:02:27,749 MAP = 0.15274791743177718
2019-01-18 15:02:27,749 scale=[array([1.])]
2019-01-18 15:02:27,749 *** End Initial Checkpoint

2019-01-18 15:02:27,808 1 loss=0.9966827246931376
2019-01-18 15:02:27,809 2 loss=0.9536658804309622
2019-01-18 15:02:27,810 3 loss=0.912337036472095
2019-01-18 15:02:27,810 4 loss=0.8739156653972647
2019-01-18 15:02:27,811 5 loss=0.8383379700304309
2019-01-18 15:02:27,812 6 loss=0.8054156398496001
2019-01-18 15:02:27,813 7 loss=0.7749406189688675
2019-01-18 15:02:27,814 8 loss=0.7467093881820991
2019-01-18 15:02:27,815 9 loss=0.720530478967349
2019-01-18 15:02:27,816 10 loss=0.6962267765140553
2019-01-18 15:02:27,816 
*** Major Checkpoint. Computing Stats and Saving
2019-01-18 15:02:27,816 	 Computing Major Stats lazily... 
2019-01-18 15:02:27,819 		 Completed edges=650 good=650 bad=0
2019-01-18 15:02:27,823 Distortion avg=0.8057229427918732 wc=22.331014998366687 me=0.8357100993532677 mc=26.721006501713962 nan_elements=0
2019-01-18 15:02:27,823 MAP = 0.07550210402938021
2019-01-18 15:02:27,823 scale=[array([1.])]
2019-01-18 15:02:27,823 *** End Major Checkpoint

2019-01-18 15:02:27,824 11 loss=0.6736358423819944
2019-01-18 15:02:27,825 12 loss=0.652609407820844
2019-01-18 15:02:27,826 13 loss=0.6330125155299471
2019-01-18 15:02:27,827 14 loss=0.6147225287813929
2019-01-18 15:02:27,828 15 loss=0.5976281144078811
2019-01-18 15:02:27,829 16 loss=0.5816282527922039
2019-01-18 15:02:27,830 17 loss=0.5666313009654875
2019-01-18 15:02:27,831 18 loss=0.5525541205922643
2019-01-18 15:02:27,832 19 loss=0.5393212748069568
2019-01-18 15:02:27,833 20 loss=0.5268642935620856
2019-01-18 15:02:27,833 
*** Major Checkpoint. Computing Stats and Saving
2019-01-18 15:02:27,833 	 Computing Major Stats lazily... 
2019-01-18 15:02:27,836 		 Completed edges=650 good=650 bad=0
2019-01-18 15:02:27,839 Distortion avg=0.6869914549791175 wc=18.70580180563897 me=1.2972634363058193 mc=14.41943192271491 nan_elements=0
2019-01-18 15:02:27,840 MAP = 0.0766489902640979
2019-01-18 15:02:27,840 scale=[array([1.])]
2019-01-18 15:02:27,840 *** End Major Checkpoint

2019-01-18 15:02:27,841 21 loss=0.5151210048064427
2019-01-18 15:02:27,842 22 loss=0.5040349275970634
2019-01-18 15:02:27,843 23 loss=0.49355472269409795
2019-01-18 15:02:27,843 24 loss=0.4836336960214784
2019-01-18 15:02:27,844 25 loss=0.4742293504376013
2019-01-18 15:02:27,845 26 loss=0.4653029814515336
2019-01-18 15:02:27,846 27 loss=0.4568193127815825
2019-01-18 15:02:27,847 28 loss=0.4487461679474643
2019-01-18 15:02:27,848 29 loss=0.4410541743919085
2019-01-18 15:02:27,849 30 loss=0.43371649692837694
2019-01-18 15:02:27,849 
*** Major Checkpoint. Computing Stats and Saving
2019-01-18 15:02:27,849 	 Computing Major Stats lazily... 
2019-01-18 15:02:27,851 		 Completed edges=650 good=650 bad=0
2019-01-18 15:02:27,855 Distortion avg=0.6289232084610985 wc=16.384939680128234 me=1.5702250382550742 mc=10.43477162887183 nan_elements=0
2019-01-18 15:02:27,855 MAP = 0.07921952372252715
2019-01-18 15:02:27,856 scale=[array([1.])]
2019-01-18 15:02:27,856 *** End Major Checkpoint

2019-01-18 15:02:27,856 31 loss=0.42670859760043517
2019-01-18 15:02:27,857 32 loss=0.42000801931048615
2019-01-18 15:02:27,858 33 loss=0.4135941908287848
2019-01-18 15:02:27,859 34 loss=0.4074482510270313
2019-01-18 15:02:27,860 35 loss=0.4015528903944943
2019-01-18 15:02:27,861 36 loss=0.3958922080892331
2019-01-18 15:02:27,862 37 loss=0.39045158295355
2019-01-18 15:02:27,863 38 loss=0.38521755708254923
2019-01-18 15:02:27,863 39 loss=0.380177730678809
2019-01-18 15:02:27,864 40 loss=0.3753206670560444
2019-01-18 15:02:27,864 
*** Major Checkpoint. Computing Stats and Saving
2019-01-18 15:02:27,864 	 Computing Major Stats lazily... 
2019-01-18 15:02:27,867 		 Completed edges=650 good=650 bad=0
2019-01-18 15:02:27,871 Distortion avg=0.5829894214053692 wc=14.678441889070303 me=1.7295029364682657 mc=8.487087000294107 nan_elements=0
2019-01-18 15:02:27,871 MAP = 0.08825467596427233
2019-01-18 15:02:27,871 scale=[array([1.])]
2019-01-18 15:02:27,871 *** End Major Checkpoint

2019-01-18 15:02:27,872 41 loss=0.3706358067714339
2019-01-18 15:02:27,873 42 loss=0.3661133899712254
2019-01-18 15:02:27,874 43 loss=0.3617443861284503
2019-01-18 15:02:27,875 44 loss=0.35752043043605536
2019-01-18 15:02:27,876 45 loss=0.35343376619453304
2019-01-18 15:02:27,876 46 loss=0.3494771926009941
2019-01-18 15:02:27,877 47 loss=0.345644017407447
2019-01-18 15:02:27,878 48 loss=0.34192801397049577
2019-01-18 15:02:27,879 49 loss=0.33832338226344305
2019-01-18 15:02:27,880 50 loss=0.33482471346543524
2019-01-18 15:02:27,880 
*** Major Checkpoint. Computing Stats and Saving
2019-01-18 15:02:27,880 	 Computing Major Stats lazily... 
2019-01-18 15:02:27,883 		 Completed edges=650 good=650 bad=0
2019-01-18 15:02:27,886 Distortion avg=0.5448896562419694 wc=13.731737520423104 me=1.869288184894085 mc=7.34597138707168 nan_elements=0
2019-01-18 15:02:27,886 MAP = 0.1030285089885331
2019-01-18 15:02:27,887 scale=[array([1.])]
2019-01-18 15:02:27,887 *** End Major Checkpoint

2019-01-18 15:02:27,887 final loss=0.33482471346543524
2019-01-18 15:02:27,887 best loss=0.33482471346543524, distortion=0.5448896562419694, map=0.1030285089885331, wc_dist=13.731737520423104
2019-01-18 15:02:27,887 	 Computing Major Stats lazily... 
2019-01-18 15:02:27,889 		 Completed edges=650 good=650 bad=0
2019-01-18 15:02:27,893 Distortion avg=0.544889656241969 wc=13.731737520423104 me=1.869288184894085 mc=7.34597138707168 nan_elements=0
2019-01-18 15:02:27,893 MAP = 0.10302850898853314
2019-01-18 15:02:27,894 scale=[array([1.])]
