2019-01-18 15:10:54,065 Commandline ['pytorch/pytorch_hyperbolic.py', 'learn', 'data/edges/parsing/ewt/ewt_dev/1702.edges', '--dim', '0', '--hyp', '0', '--edim', '10', '--euc', '1', '--sdim', '0', '--sph', '0', '--log-name', 'ewt_devr2/1702.edges.E10-1.lr1.log', '--batch-size', '65536', '--epochs', '50', '--checkpoint-freq', '10', '-g', '--subsample', '1024', '--learning-rate', '1']
2019-01-18 15:10:54,065 No Model Save selected!
2019-01-18 15:10:54,067 Loaded Graph data/edges/parsing/ewt/ewt_dev/1702.edges with 3 nodes scale=1.0
2019-01-18 15:10:54,067 Building dataset
2019-01-18 15:10:54,068 Subsample: 3 points with scale 1.0 subsample=2
2019-01-18 15:10:54,070 Built Data Sampler
2019-01-18 15:10:54,071 Creating a fresh model warm_start?=None
2019-01-18 15:10:54,071 	 Warmstarting? None None 3
2019-01-18 15:10:54,071 Embedding() torch.Size([3, 10])
2019-01-18 15:10:54,071 relative No Rescale
2019-01-18 15:10:54,071 Constructed model with dim=0 and epochs=0 isnan=False
2019-01-18 15:10:54,072 SGD (
Parameter Group 0
    dampening: 0
    initial_lr: 0.1
    lr: 1.0
    momentum: 0.0
    nesterov: False
    weight_decay: 0

Parameter Group 1
    dampening: 0
    initial_lr: 0.1
    lr: 1.0
    momentum: 0.0
    nesterov: False
    weight_decay: 0

Parameter Group 2
    dampening: 0
    initial_lr: 0.1
    lr: 1.0
    momentum: 0.0
    nesterov: False
    weight_decay: 0

Parameter Group 3
    dampening: 0
    initial_lr: 0.0001
    lr: 0.001
    momentum: 0.0
    nesterov: False
    weight_decay: 0
)
2019-01-18 15:10:54,072 *** Initial Checkpoint. Computing Stats
2019-01-18 15:10:54,072 	 Computing Major Stats lazily... 
2019-01-18 15:10:54,072 		 Completed edges=6 good=6 bad=0
2019-01-18 15:10:54,073 Distortion avg=0.995685256683299 wc=2.1173771007281528 me=0.0059990010247677 mc=352.9549489967197 nan_elements=0
2019-01-18 15:10:54,073 MAP = 0.8333333333333334
2019-01-18 15:10:54,073 scale=[array([1.])]
2019-01-18 15:10:54,073 *** End Initial Checkpoint

2019-01-18 15:10:54,133 1 loss=0.9913908212863208
2019-01-18 15:10:54,133 2 loss=0.47963967088590637
2019-01-18 15:10:54,134 3 loss=0.16088361417624628
2019-01-18 15:10:54,134 4 loss=0.0021729748053624476
2019-01-18 15:10:54,135 5 loss=0.0011336411624325103
2019-01-18 15:10:54,135 6 loss=0.0009414368911553338
2019-01-18 15:10:54,135 7 loss=0.0008000766598015258
2019-01-18 15:10:54,136 8 loss=0.0006886109491265886
2019-01-18 15:10:54,136 9 loss=0.0005990484410217954
2019-01-18 15:10:54,137 10 loss=0.0005259522357476768
2019-01-18 15:10:54,137 
*** Major Checkpoint. Computing Stats and Saving
2019-01-18 15:10:54,137 	 Computing Major Stats lazily... 
2019-01-18 15:10:54,137 		 Completed edges=6 good=6 bad=0
2019-01-18 15:10:54,138 Distortion avg=0.01942772063492852 wc=1.0517340221965676 me=1.0189908186230463 mc=1.0321329721280188 nan_elements=0
2019-01-18 15:10:54,138 MAP = 1.0
2019-01-18 15:10:54,138 scale=[array([1.])]
2019-01-18 15:10:54,138 *** End Major Checkpoint

2019-01-18 15:10:54,139 11 loss=0.0004654903008697489
2019-01-18 15:10:54,139 12 loss=0.000414893016807546
2019-01-18 15:10:54,140 13 loss=0.0003721156228420573
2019-01-18 15:10:54,140 14 loss=0.00033562026837579746
2019-01-18 15:10:54,140 15 loss=0.0003042313658106173
2019-01-18 15:10:54,141 16 loss=0.00027703720501527396
2019-01-18 15:10:54,141 17 loss=0.000253321568436356
2019-01-18 15:10:54,142 18 loss=0.00023251527399432295
2019-01-18 15:10:54,142 19 loss=0.00021416124154514474
2019-01-18 15:10:54,142 20 loss=0.0001978889149093012
2019-01-18 15:10:54,143 
*** Major Checkpoint. Computing Stats and Saving
2019-01-18 15:10:54,143 	 Computing Major Stats lazily... 
2019-01-18 15:10:54,143 		 Completed edges=6 good=6 bad=0
2019-01-18 15:10:54,143 Distortion avg=0.012479143856888716 wc=1.0311449115713742 me=1.011006788690975 mc=1.0199188799775256 nan_elements=0
2019-01-18 15:10:54,143 MAP = 1.0
2019-01-18 15:10:54,144 scale=[array([1.])]
2019-01-18 15:10:54,144 *** End Major Checkpoint

2019-01-18 15:10:54,144 21 loss=0.0001833952692033031
2019-01-18 15:10:54,145 22 loss=0.0001704305268743361
2019-01-18 15:10:54,145 23 loss=0.00015878728908069753
2019-01-18 15:10:54,146 24 loss=0.00014829217689357093
2019-01-18 15:10:54,147 25 loss=0.00013879933913284962
2019-01-18 15:10:54,147 26 loss=0.00013018536390023408
2019-01-18 15:10:54,148 27 loss=0.0001223452565191693
2019-01-18 15:10:54,148 28 loss=0.00011518923534721506
2019-01-18 15:10:54,148 29 loss=0.00010864016039950621
2019-01-18 15:10:54,149 30 loss=0.0001026314556359871
2019-01-18 15:10:54,149 
*** Major Checkpoint. Computing Stats and Saving
2019-01-18 15:10:54,149 	 Computing Major Stats lazily... 
2019-01-18 15:10:54,149 		 Completed edges=6 good=6 bad=0
2019-01-18 15:10:54,150 Distortion avg=0.009154197628245542 wc=1.0221909695507232 me=1.007711890144862 mc=1.014368272863963 nan_elements=0
2019-01-18 15:10:54,150 MAP = 1.0
2019-01-18 15:10:54,150 scale=[array([1.])]
2019-01-18 15:10:54,150 *** End Major Checkpoint

2019-01-18 15:10:54,151 31 loss=9.710541933252844e-05
2019-01-18 15:10:54,151 32 loss=9.201184174202235e-05
2019-01-18 15:10:54,151 33 loss=8.730686772402174e-05
2019-01-18 15:10:54,152 34 loss=8.295205590919963e-05
2019-01-18 15:10:54,152 35 loss=7.891359649146636e-05
2019-01-18 15:10:54,153 36 loss=7.516165778141004e-05
2019-01-18 15:10:54,153 37 loss=7.166983784147707e-05
2019-01-18 15:10:54,153 38 loss=6.841470231642381e-05
2019-01-18 15:10:54,154 39 loss=6.537539331028753e-05
2019-01-18 15:10:54,154 40 loss=6.253329709371334e-05
2019-01-18 15:10:54,154 
*** Major Checkpoint. Computing Stats and Saving
2019-01-18 15:10:54,154 	 Computing Major Stats lazily... 
2019-01-18 15:10:54,155 		 Completed edges=6 good=6 bad=0
2019-01-18 15:10:54,155 Distortion avg=0.007216614997719195 wc=1.0172086901260338 me=1.0059246406839333 mc=1.0112175892564164 nan_elements=0
2019-01-18 15:10:54,155 MAP = 1.0
2019-01-18 15:10:54,155 scale=[array([1.])]
2019-01-18 15:10:54,156 *** End Major Checkpoint

2019-01-18 15:10:54,156 41 loss=5.987176074017095e-05
2019-01-18 15:10:54,156 42 loss=5.737584962646099e-05
2019-01-18 15:10:54,157 43 loss=5.503213919873864e-05
2019-01-18 15:10:54,157 44 loss=5.282853558059662e-05
2019-01-18 15:10:54,158 45 loss=5.075412054694847e-05
2019-01-18 15:10:54,158 46 loss=4.8799017154244765e-05
2019-01-18 15:10:54,159 47 loss=4.6954272941059624e-05
2019-01-18 15:10:54,159 48 loss=4.5211758122264325e-05
2019-01-18 15:10:54,159 49 loss=4.356407661744799e-05
2019-01-18 15:10:54,160 50 loss=4.200448809792847e-05
2019-01-18 15:10:54,160 
*** Major Checkpoint. Computing Stats and Saving
2019-01-18 15:10:54,160 	 Computing Major Stats lazily... 
2019-01-18 15:10:54,160 		 Completed edges=6 good=6 bad=0
2019-01-18 15:10:54,161 Distortion avg=0.005951200462945579 wc=1.0140424099308363 me=1.0048058176298007 mc=1.0091924152298635 nan_elements=0
2019-01-18 15:10:54,161 MAP = 1.0
2019-01-18 15:10:54,161 scale=[array([1.])]
2019-01-18 15:10:54,161 *** End Major Checkpoint

2019-01-18 15:10:54,161 final loss=4.200448809792847e-05
2019-01-18 15:10:54,161 best loss=4.200448809792847e-05, distortion=0.005951200462945579, map=1.0, wc_dist=1.0140424099308363
2019-01-18 15:10:54,161 	 Computing Major Stats lazily... 
2019-01-18 15:10:54,161 		 Completed edges=6 good=6 bad=0
2019-01-18 15:10:54,162 Distortion avg=0.005951200462945579 wc=1.0140424099308363 me=1.0048058176298007 mc=1.0091924152298635 nan_elements=0
2019-01-18 15:10:54,162 MAP = 1.0
2019-01-18 15:10:54,162 scale=[array([1.])]
