2019-01-18 14:51:16,505 Commandline ['pytorch/pytorch_hyperbolic.py', 'learn', 'data/edges/parsing/ewt/ewt_dev/1708.edges', '--dim', '0', '--hyp', '0', '--edim', '10', '--euc', '1', '--sdim', '0', '--sph', '0', '--log-name', 'ewt_devr2/1708.edges.E10-1.lr1.log', '--batch-size', '65536', '--epochs', '50', '--checkpoint-freq', '10', '-g', '--subsample', '1024', '--learning-rate', '1']
2019-01-18 14:51:16,505 No Model Save selected!
2019-01-18 14:51:16,506 Loaded Graph data/edges/parsing/ewt/ewt_dev/1708.edges with 3 nodes scale=1.0
2019-01-18 14:51:16,506 Building dataset
2019-01-18 14:51:16,507 Subsample: 3 points with scale 1.0 subsample=2
2019-01-18 14:51:16,509 Built Data Sampler
2019-01-18 14:51:16,509 Creating a fresh model warm_start?=None
2019-01-18 14:51:16,509 	 Warmstarting? None None 3
2019-01-18 14:51:16,510 Embedding() torch.Size([3, 10])
2019-01-18 14:51:16,510 relative No Rescale
2019-01-18 14:51:16,510 Constructed model with dim=0 and epochs=0 isnan=False
2019-01-18 14:51:16,510 SGD (
Parameter Group 0
    dampening: 0
    initial_lr: 0.1
    lr: 1.0
    momentum: 0.0
    nesterov: False
    weight_decay: 0

Parameter Group 1
    dampening: 0
    initial_lr: 0.1
    lr: 1.0
    momentum: 0.0
    nesterov: False
    weight_decay: 0

Parameter Group 2
    dampening: 0
    initial_lr: 0.1
    lr: 1.0
    momentum: 0.0
    nesterov: False
    weight_decay: 0

Parameter Group 3
    dampening: 0
    initial_lr: 0.0001
    lr: 0.001
    momentum: 0.0
    nesterov: False
    weight_decay: 0
)
2019-01-18 14:51:16,510 *** Initial Checkpoint. Computing Stats
2019-01-18 14:51:16,511 	 Computing Major Stats lazily... 
2019-01-18 14:51:16,511 		 Completed edges=6 good=6 bad=0
2019-01-18 14:51:16,512 Distortion avg=0.995685256683299 wc=2.1173771007281528 me=0.0059990010247677 mc=352.9549489967197 nan_elements=0
2019-01-18 14:51:16,512 MAP = 0.8333333333333334
2019-01-18 14:51:16,512 scale=[array([1.])]
2019-01-18 14:51:16,512 *** End Initial Checkpoint

2019-01-18 14:51:16,569 1 loss=0.9913908212863208
2019-01-18 14:51:16,569 2 loss=0.47963967088590637
2019-01-18 14:51:16,570 3 loss=0.16088361417624628
2019-01-18 14:51:16,570 4 loss=0.0021729748053624476
2019-01-18 14:51:16,571 5 loss=0.0011336411624325103
2019-01-18 14:51:16,571 6 loss=0.0009414368911553338
2019-01-18 14:51:16,572 7 loss=0.0008000766598015258
2019-01-18 14:51:16,572 8 loss=0.0006886109491265886
2019-01-18 14:51:16,573 9 loss=0.0005990484410217954
2019-01-18 14:51:16,573 10 loss=0.0005259522357476768
2019-01-18 14:51:16,573 
*** Major Checkpoint. Computing Stats and Saving
2019-01-18 14:51:16,573 	 Computing Major Stats lazily... 
2019-01-18 14:51:16,573 		 Completed edges=6 good=6 bad=0
2019-01-18 14:51:16,574 Distortion avg=0.01942772063492852 wc=1.0517340221965676 me=1.0189908186230463 mc=1.0321329721280188 nan_elements=0
2019-01-18 14:51:16,574 MAP = 1.0
2019-01-18 14:51:16,574 scale=[array([1.])]
2019-01-18 14:51:16,574 *** End Major Checkpoint

2019-01-18 14:51:16,575 11 loss=0.0004654903008697489
2019-01-18 14:51:16,575 12 loss=0.000414893016807546
2019-01-18 14:51:16,576 13 loss=0.0003721156228420573
2019-01-18 14:51:16,576 14 loss=0.00033562026837579746
2019-01-18 14:51:16,576 15 loss=0.0003042313658106173
2019-01-18 14:51:16,577 16 loss=0.00027703720501527396
2019-01-18 14:51:16,577 17 loss=0.000253321568436356
2019-01-18 14:51:16,577 18 loss=0.00023251527399432295
2019-01-18 14:51:16,578 19 loss=0.00021416124154514474
2019-01-18 14:51:16,578 20 loss=0.0001978889149093012
2019-01-18 14:51:16,578 
*** Major Checkpoint. Computing Stats and Saving
2019-01-18 14:51:16,578 	 Computing Major Stats lazily... 
2019-01-18 14:51:16,579 		 Completed edges=6 good=6 bad=0
2019-01-18 14:51:16,579 Distortion avg=0.012479143856888716 wc=1.0311449115713742 me=1.011006788690975 mc=1.0199188799775256 nan_elements=0
2019-01-18 14:51:16,579 MAP = 1.0
2019-01-18 14:51:16,579 scale=[array([1.])]
2019-01-18 14:51:16,580 *** End Major Checkpoint

2019-01-18 14:51:16,580 21 loss=0.0001833952692033031
2019-01-18 14:51:16,580 22 loss=0.0001704305268743361
2019-01-18 14:51:16,581 23 loss=0.00015878728908069753
2019-01-18 14:51:16,581 24 loss=0.00014829217689357093
2019-01-18 14:51:16,582 25 loss=0.00013879933913284962
2019-01-18 14:51:16,582 26 loss=0.00013018536390023408
2019-01-18 14:51:16,582 27 loss=0.0001223452565191693
2019-01-18 14:51:16,583 28 loss=0.00011518923534721506
2019-01-18 14:51:16,583 29 loss=0.00010864016039950621
2019-01-18 14:51:16,583 30 loss=0.0001026314556359871
2019-01-18 14:51:16,584 
*** Major Checkpoint. Computing Stats and Saving
2019-01-18 14:51:16,584 	 Computing Major Stats lazily... 
2019-01-18 14:51:16,584 		 Completed edges=6 good=6 bad=0
2019-01-18 14:51:16,584 Distortion avg=0.009154197628245542 wc=1.0221909695507232 me=1.007711890144862 mc=1.014368272863963 nan_elements=0
2019-01-18 14:51:16,584 MAP = 1.0
2019-01-18 14:51:16,585 scale=[array([1.])]
2019-01-18 14:51:16,585 *** End Major Checkpoint

2019-01-18 14:51:16,585 31 loss=9.710541933252844e-05
2019-01-18 14:51:16,585 32 loss=9.201184174202235e-05
2019-01-18 14:51:16,586 33 loss=8.730686772402174e-05
2019-01-18 14:51:16,586 34 loss=8.295205590919963e-05
2019-01-18 14:51:16,587 35 loss=7.891359649146636e-05
2019-01-18 14:51:16,587 36 loss=7.516165778141004e-05
2019-01-18 14:51:16,588 37 loss=7.166983784147707e-05
2019-01-18 14:51:16,588 38 loss=6.841470231642381e-05
2019-01-18 14:51:16,588 39 loss=6.537539331028753e-05
2019-01-18 14:51:16,589 40 loss=6.253329709371334e-05
2019-01-18 14:51:16,589 
*** Major Checkpoint. Computing Stats and Saving
2019-01-18 14:51:16,589 	 Computing Major Stats lazily... 
2019-01-18 14:51:16,589 		 Completed edges=6 good=6 bad=0
2019-01-18 14:51:16,590 Distortion avg=0.007216614997719195 wc=1.0172086901260338 me=1.0059246406839333 mc=1.0112175892564164 nan_elements=0
2019-01-18 14:51:16,590 MAP = 1.0
2019-01-18 14:51:16,590 scale=[array([1.])]
2019-01-18 14:51:16,590 *** End Major Checkpoint

2019-01-18 14:51:16,591 41 loss=5.987176074017095e-05
2019-01-18 14:51:16,591 42 loss=5.737584962646099e-05
2019-01-18 14:51:16,591 43 loss=5.503213919873864e-05
2019-01-18 14:51:16,592 44 loss=5.282853558059662e-05
2019-01-18 14:51:16,592 45 loss=5.075412054694847e-05
2019-01-18 14:51:16,593 46 loss=4.8799017154244765e-05
2019-01-18 14:51:16,593 47 loss=4.6954272941059624e-05
2019-01-18 14:51:16,593 48 loss=4.5211758122264325e-05
2019-01-18 14:51:16,594 49 loss=4.356407661744799e-05
2019-01-18 14:51:16,594 50 loss=4.200448809792847e-05
2019-01-18 14:51:16,594 
*** Major Checkpoint. Computing Stats and Saving
2019-01-18 14:51:16,594 	 Computing Major Stats lazily... 
2019-01-18 14:51:16,595 		 Completed edges=6 good=6 bad=0
2019-01-18 14:51:16,595 Distortion avg=0.005951200462945579 wc=1.0140424099308363 me=1.0048058176298007 mc=1.0091924152298635 nan_elements=0
2019-01-18 14:51:16,595 MAP = 1.0
2019-01-18 14:51:16,596 scale=[array([1.])]
2019-01-18 14:51:16,596 *** End Major Checkpoint

2019-01-18 14:51:16,596 final loss=4.200448809792847e-05
2019-01-18 14:51:16,596 best loss=4.200448809792847e-05, distortion=0.005951200462945579, map=1.0, wc_dist=1.0140424099308363
2019-01-18 14:51:16,596 	 Computing Major Stats lazily... 
2019-01-18 14:51:16,596 		 Completed edges=6 good=6 bad=0
2019-01-18 14:51:16,597 Distortion avg=0.005951200462945579 wc=1.0140424099308363 me=1.0048058176298007 mc=1.0091924152298635 nan_elements=0
2019-01-18 14:51:16,597 MAP = 1.0
2019-01-18 14:51:16,597 scale=[array([1.])]
