2019-01-18 14:55:49,668 Commandline ['pytorch/pytorch_hyperbolic.py', 'learn', 'data/edges/parsing/ewt/ewt_dev/1711.edges', '--dim', '0', '--hyp', '0', '--edim', '10', '--euc', '1', '--sdim', '0', '--sph', '0', '--log-name', 'ewt_devr2/1711.edges.E10-1.lr1.log', '--batch-size', '65536', '--epochs', '50', '--checkpoint-freq', '10', '-g', '--subsample', '1024', '--learning-rate', '1']
2019-01-18 14:55:49,668 No Model Save selected!
2019-01-18 14:55:49,670 Loaded Graph data/edges/parsing/ewt/ewt_dev/1711.edges with 10 nodes scale=1.0
2019-01-18 14:55:49,670 Building dataset
2019-01-18 14:55:49,670 Subsample: 10 points with scale 1.0 subsample=9
2019-01-18 14:55:49,678 Built Data Sampler
2019-01-18 14:55:49,678 Creating a fresh model warm_start?=None
2019-01-18 14:55:49,678 	 Warmstarting? None None 10
2019-01-18 14:55:49,679 Embedding() torch.Size([10, 10])
2019-01-18 14:55:49,679 relative No Rescale
2019-01-18 14:55:49,679 Constructed model with dim=0 and epochs=0 isnan=False
2019-01-18 14:55:49,679 SGD (
Parameter Group 0
    dampening: 0
    initial_lr: 0.1
    lr: 1.0
    momentum: 0.0
    nesterov: False
    weight_decay: 0

Parameter Group 1
    dampening: 0
    initial_lr: 0.1
    lr: 1.0
    momentum: 0.0
    nesterov: False
    weight_decay: 0

Parameter Group 2
    dampening: 0
    initial_lr: 0.1
    lr: 1.0
    momentum: 0.0
    nesterov: False
    weight_decay: 0

Parameter Group 3
    dampening: 0
    initial_lr: 0.0001
    lr: 0.001
    momentum: 0.0
    nesterov: False
    weight_decay: 0
)
2019-01-18 14:55:49,680 *** Initial Checkpoint. Computing Stats
2019-01-18 14:55:49,680 	 Computing Major Stats lazily... 
2019-01-18 14:55:49,681 		 Completed edges=90 good=90 bad=0
2019-01-18 14:55:49,682 Distortion avg=0.9974300701195082 wc=5.763217821036421 me=0.005941110731069004 mc=970.0572976863917 nan_elements=0
2019-01-18 14:55:49,682 MAP = 0.2850992063492064
2019-01-18 14:55:49,683 scale=[array([1.])]
2019-01-18 14:55:49,683 *** End Initial Checkpoint

2019-01-18 14:55:49,747 1 loss=0.9948684328326682
2019-01-18 14:55:49,748 2 loss=0.7441637930624014
2019-01-18 14:55:49,748 3 loss=0.5818174540915108
2019-01-18 14:55:49,749 4 loss=0.47854224072363416
2019-01-18 14:55:49,749 5 loss=0.4079834883845809
2019-01-18 14:55:49,750 6 loss=0.35621503021749845
2019-01-18 14:55:49,750 7 loss=0.31599245688689337
2019-01-18 14:55:49,751 8 loss=0.2834304344851288
2019-01-18 14:55:49,751 9 loss=0.2563361847430082
2019-01-18 14:55:49,752 10 loss=0.23338908436853276
2019-01-18 14:55:49,752 
*** Major Checkpoint. Computing Stats and Saving
2019-01-18 14:55:49,752 	 Computing Major Stats lazily... 
2019-01-18 14:55:49,752 		 Completed edges=90 good=90 bad=0
2019-01-18 14:55:49,754 Distortion avg=0.4276872818147872 wc=4.231651294537208 me=1.3291218974308745 mc=3.183794731481572 nan_elements=0
2019-01-18 14:55:49,754 MAP = 0.29712301587301587
2019-01-18 14:55:49,754 scale=[array([1.])]
2019-01-18 14:55:49,754 *** End Major Checkpoint

2019-01-18 14:55:49,755 11 loss=0.21373368027176592
2019-01-18 14:55:49,755 12 loss=0.19677398991571063
2019-01-18 14:55:49,756 13 loss=0.1820668997057897
2019-01-18 14:55:49,756 14 loss=0.1692652603285104
2019-01-18 14:55:49,757 15 loss=0.15808646707620985
2019-01-18 14:55:49,757 16 loss=0.1482944214679958
2019-01-18 14:55:49,758 17 loss=0.1396886813385775
2019-01-18 14:55:49,758 18 loss=0.13209755424272604
2019-01-18 14:55:49,759 19 loss=0.12537339659630117
2019-01-18 14:55:49,759 20 loss=0.11938917272984233
2019-01-18 14:55:49,759 
*** Major Checkpoint. Computing Stats and Saving
2019-01-18 14:55:49,759 	 Computing Major Stats lazily... 
2019-01-18 14:55:49,760 		 Completed edges=90 good=90 bad=0
2019-01-18 14:55:49,761 Distortion avg=0.2997310723974849 wc=2.9835003504530104 me=1.3665331869810788 mc=2.1832622719131374 nan_elements=0
2019-01-18 14:55:49,762 MAP = 0.8667658730158732
2019-01-18 14:55:49,762 scale=[array([1.])]
2019-01-18 14:55:49,762 *** End Major Checkpoint

2019-01-18 14:55:49,762 21 loss=0.11403575417583024
2019-01-18 14:55:49,763 22 loss=0.10921967340426206
2019-01-18 14:55:49,763 23 loss=0.1048611761937225
2019-01-18 14:55:49,764 24 loss=0.10089248929532264
2019-01-18 14:55:49,764 25 loss=0.09725626011698038
2019-01-18 14:55:49,765 26 loss=0.09390414672496605
2019-01-18 14:55:49,765 27 loss=0.09079554737492246
2019-01-18 14:55:49,766 28 loss=0.08789646356223017
2019-01-18 14:55:49,766 29 loss=0.08517849188791385
2019-01-18 14:55:49,767 30 loss=0.08261793949725998
2019-01-18 14:55:49,767 
*** Major Checkpoint. Computing Stats and Saving
2019-01-18 14:55:49,767 	 Computing Major Stats lazily... 
2019-01-18 14:55:49,768 		 Completed edges=90 good=90 bad=0
2019-01-18 14:55:49,769 Distortion avg=0.2495387151177562 wc=2.6558386925395787 me=1.382181469967155 mc=1.921483358189348 nan_elements=0
2019-01-18 14:55:49,769 MAP = 1.0
2019-01-18 14:55:49,769 scale=[array([1.])]
2019-01-18 14:55:49,769 *** End Major Checkpoint

2019-01-18 14:55:49,770 31 loss=0.08019505648623279
2019-01-18 14:55:49,770 32 loss=0.07789337713381728
2019-01-18 14:55:49,771 33 loss=0.07569916050129542
2019-01-18 14:55:49,771 34 loss=0.07360092005267029
2019-01-18 14:55:49,772 35 loss=0.07158903156864234
2019-01-18 14:55:49,772 36 loss=0.06965540872921537
2019-01-18 14:55:49,773 37 loss=0.06779323624773351
2019-01-18 14:55:49,773 38 loss=0.06599675124430975
2019-01-18 14:55:49,774 39 loss=0.06426106453696792
2019-01-18 14:55:49,774 40 loss=0.06258201460327954
2019-01-18 14:55:49,774 
*** Major Checkpoint. Computing Stats and Saving
2019-01-18 14:55:49,774 	 Computing Major Stats lazily... 
2019-01-18 14:55:49,775 		 Completed edges=90 good=90 bad=0
2019-01-18 14:55:49,777 Distortion avg=0.21875718755449014 wc=2.422328955455448 me=1.3597161714402344 mc=1.7814960256666479 nan_elements=0
2019-01-18 14:55:49,777 MAP = 1.0
2019-01-18 14:55:49,777 scale=[array([1.])]
2019-01-18 14:55:49,777 *** End Major Checkpoint

2019-01-18 14:55:49,777 41 loss=0.06095604804235034
2019-01-18 14:55:49,778 42 loss=0.05938012138760573
2019-01-18 14:55:49,778 43 loss=0.05785162004709309
2019-01-18 14:55:49,779 44 loss=0.05636829096006498
2019-01-18 14:55:49,779 45 loss=0.054928186250302165
2019-01-18 14:55:49,780 46 loss=0.053529615731499204
2019-01-18 14:55:49,780 47 loss=0.052171106587666216
2019-01-18 14:55:49,781 48 loss=0.050851368924731646
2019-01-18 14:55:49,781 49 loss=0.049569266182369946
2019-01-18 14:55:49,782 50 loss=0.04832378962132478
2019-01-18 14:55:49,782 
*** Major Checkpoint. Computing Stats and Saving
2019-01-18 14:55:49,782 	 Computing Major Stats lazily... 
2019-01-18 14:55:49,782 		 Completed edges=90 good=90 bad=0
2019-01-18 14:55:49,784 Distortion avg=0.19168893714268695 wc=2.1955537023080716 me=1.3211943593601265 mc=1.6617946381268307 nan_elements=0
2019-01-18 14:55:49,784 MAP = 1.0
2019-01-18 14:55:49,784 scale=[array([1.])]
2019-01-18 14:55:49,784 *** End Major Checkpoint

2019-01-18 14:55:49,784 final loss=0.04832378962132478
2019-01-18 14:55:49,784 best loss=0.04832378962132478, distortion=0.19168893714268695, map=1.0, wc_dist=2.1955537023080716
2019-01-18 14:55:49,785 	 Computing Major Stats lazily... 
2019-01-18 14:55:49,785 		 Completed edges=90 good=90 bad=0
2019-01-18 14:55:49,787 Distortion avg=0.19168893714268678 wc=2.1955537023080716 me=1.3211943593601265 mc=1.6617946381268307 nan_elements=0
2019-01-18 14:55:49,787 MAP = 1.0
2019-01-18 14:55:49,787 scale=[array([1.])]
