2019-01-18 14:41:07,108 Commandline ['pytorch/pytorch_hyperbolic.py', 'learn', 'data/edges/parsing/ewt/ewt_dev/1715.edges', '--dim', '0', '--hyp', '0', '--edim', '10', '--euc', '1', '--sdim', '0', '--sph', '0', '--log-name', 'ewt_devr2/1715.edges.E10-1.lr1.log', '--batch-size', '65536', '--epochs', '50', '-g', '--subsample', '1024', '--learning-rate', '1']
2019-01-18 14:41:07,109 No Model Save selected!
2019-01-18 14:41:07,110 Loaded Graph data/edges/parsing/ewt/ewt_dev/1715.edges with 7 nodes scale=1.0
2019-01-18 14:41:07,110 Building dataset
2019-01-18 14:41:07,111 Subsample: 7 points with scale 1.0 subsample=6
2019-01-18 14:41:07,116 Built Data Sampler
2019-01-18 14:41:07,116 Creating a fresh model warm_start?=None
2019-01-18 14:41:07,116 	 Warmstarting? None None 7
2019-01-18 14:41:07,117 Embedding() torch.Size([7, 10])
2019-01-18 14:41:07,117 relative No Rescale
2019-01-18 14:41:07,117 Constructed model with dim=0 and epochs=0 isnan=False
2019-01-18 14:41:07,117 SGD (
Parameter Group 0
    dampening: 0
    initial_lr: 0.1
    lr: 1.0
    momentum: 0.0
    nesterov: False
    weight_decay: 0

Parameter Group 1
    dampening: 0
    initial_lr: 0.1
    lr: 1.0
    momentum: 0.0
    nesterov: False
    weight_decay: 0

Parameter Group 2
    dampening: 0
    initial_lr: 0.1
    lr: 1.0
    momentum: 0.0
    nesterov: False
    weight_decay: 0

Parameter Group 3
    dampening: 0
    initial_lr: 0.0001
    lr: 0.001
    momentum: 0.0
    nesterov: False
    weight_decay: 0
)
2019-01-18 14:41:07,117 *** Initial Checkpoint. Computing Stats
2019-01-18 14:41:07,117 	 Computing Major Stats lazily... 
2019-01-18 14:41:07,118 		 Completed edges=42 good=42 bad=0
2019-01-18 14:41:07,120 Distortion avg=0.9973614045654551 wc=6.217460021277733 me=0.005628252251848828 mc=1104.687519866466 nan_elements=0
2019-01-18 14:41:07,120 MAP = 0.5023809523809524
2019-01-18 14:41:07,120 scale=[array([1.])]
2019-01-18 14:41:07,120 *** End Initial Checkpoint

2019-01-18 14:41:07,178 1 loss=0.9947315826259435
2019-01-18 14:41:07,178 2 loss=0.6041278302883046
2019-01-18 14:41:07,179 3 loss=0.42465175012569223
2019-01-18 14:41:07,179 4 loss=0.33875213272207805
2019-01-18 14:41:07,180 5 loss=0.2896537751844609
2019-01-18 14:41:07,180 6 loss=0.2570557598256432
2019-01-18 14:41:07,181 7 loss=0.23316717749240445
2019-01-18 14:41:07,181 8 loss=0.21456968438136356
2019-01-18 14:41:07,182 9 loss=0.19951096826405074
2019-01-18 14:41:07,182 10 loss=0.18695279135355394
2019-01-18 14:41:07,183 11 loss=0.1762092882660167
2019-01-18 14:41:07,183 12 loss=0.16679647229329073
2019-01-18 14:41:07,184 13 loss=0.15836215643233487
2019-01-18 14:41:07,184 14 loss=0.15064842478313245
2019-01-18 14:41:07,185 15 loss=0.14346829658942087
2019-01-18 14:41:07,185 16 loss=0.13668927986459384
2019-01-18 14:41:07,186 17 loss=0.13022079105077242
2019-01-18 14:41:07,186 18 loss=0.12400410531854349
2019-01-18 14:41:07,187 19 loss=0.11800418226474216
2019-01-18 14:41:07,187 20 loss=0.11220299912640996
2019-01-18 14:41:07,188 21 loss=0.10659415608298513
2019-01-18 14:41:07,188 22 loss=0.10117858507720558
2019-01-18 14:41:07,189 23 loss=0.09596122767016338
2019-01-18 14:41:07,189 24 loss=0.09094856214128229
2019-01-18 14:41:07,190 25 loss=0.08614686324477022
2019-01-18 14:41:07,190 26 loss=0.08156107628456383
2019-01-18 14:41:07,191 27 loss=0.07719418594674625
2019-01-18 14:41:07,191 28 loss=0.07304696332481313
2019-01-18 14:41:07,192 29 loss=0.06911798327068656
2019-01-18 14:41:07,192 30 loss=0.06540381809076283
2019-01-18 14:41:07,193 31 loss=0.06189933087226311
2019-01-18 14:41:07,193 32 loss=0.058598010097835745
2019-01-18 14:41:07,194 33 loss=0.055492304630198906
2019-01-18 14:41:07,194 34 loss=0.05257393317713791
2019-01-18 14:41:07,195 35 loss=0.04983415424943364
2019-01-18 14:41:07,195 36 loss=0.047263991291051334
2019-01-18 14:41:07,195 37 loss=0.04485441341437629
2019-01-18 14:41:07,196 38 loss=0.04259647556428077
2019-01-18 14:41:07,196 39 loss=0.040481423577147534
2019-01-18 14:41:07,197 40 loss=0.03850077006142781
2019-01-18 14:41:07,198 41 loss=0.03664634676784544
2019-01-18 14:41:07,198 42 loss=0.03491033848278695
2019-01-18 14:41:07,199 43 loss=0.03328530269931497
2019-01-18 14:41:07,199 44 loss=0.03176417853810481
2019-01-18 14:41:07,199 45 loss=0.030340287681083416
2019-01-18 14:41:07,200 46 loss=0.02900732947544324
2019-01-18 14:41:07,200 47 loss=0.027759371870348222
2019-01-18 14:41:07,201 48 loss=0.026590839454340546
2019-01-18 14:41:07,201 49 loss=0.02549649955350818
2019-01-18 14:41:07,202 50 loss=0.024471447112957234
2019-01-18 14:41:07,202 final loss=0.024471447112957234
2019-01-18 14:41:07,202 best loss=10000000000.0, distortion=10000000000.0, map=0.0, wc_dist=10000000000.0
2019-01-18 14:41:07,202 	 Computing Major Stats lazily... 
2019-01-18 14:41:07,203 		 Completed edges=42 good=42 bad=0
2019-01-18 14:41:07,204 Distortion avg=0.1302560829543134 wc=1.6800994753715428 me=1.1619926813879549 mc=1.4458778461192454 nan_elements=0
2019-01-18 14:41:07,204 MAP = 1.0
2019-01-18 14:41:07,204 scale=[array([1.])]
2019-01-18 14:53:27,089 Commandline ['pytorch/pytorch_hyperbolic.py', 'learn', 'data/edges/parsing/ewt/ewt_dev/1715.edges', '--dim', '0', '--hyp', '0', '--edim', '10', '--euc', '1', '--sdim', '0', '--sph', '0', '--log-name', 'ewt_devr2/1715.edges.E10-1.lr1.log', '--batch-size', '65536', '--epochs', '50', '--checkpoint-freq', '10', '-g', '--subsample', '1024', '--learning-rate', '1']
2019-01-18 14:53:27,090 No Model Save selected!
2019-01-18 14:53:27,091 Loaded Graph data/edges/parsing/ewt/ewt_dev/1715.edges with 7 nodes scale=1.0
2019-01-18 14:53:27,091 Building dataset
2019-01-18 14:53:27,091 Subsample: 7 points with scale 1.0 subsample=6
2019-01-18 14:53:27,097 Built Data Sampler
2019-01-18 14:53:27,097 Creating a fresh model warm_start?=None
2019-01-18 14:53:27,097 	 Warmstarting? None None 7
2019-01-18 14:53:27,097 Embedding() torch.Size([7, 10])
2019-01-18 14:53:27,097 relative No Rescale
2019-01-18 14:53:27,098 Constructed model with dim=0 and epochs=0 isnan=False
2019-01-18 14:53:27,098 SGD (
Parameter Group 0
    dampening: 0
    initial_lr: 0.1
    lr: 1.0
    momentum: 0.0
    nesterov: False
    weight_decay: 0

Parameter Group 1
    dampening: 0
    initial_lr: 0.1
    lr: 1.0
    momentum: 0.0
    nesterov: False
    weight_decay: 0

Parameter Group 2
    dampening: 0
    initial_lr: 0.1
    lr: 1.0
    momentum: 0.0
    nesterov: False
    weight_decay: 0

Parameter Group 3
    dampening: 0
    initial_lr: 0.0001
    lr: 0.001
    momentum: 0.0
    nesterov: False
    weight_decay: 0
)
2019-01-18 14:53:27,098 *** Initial Checkpoint. Computing Stats
2019-01-18 14:53:27,098 	 Computing Major Stats lazily... 
2019-01-18 14:53:27,099 		 Completed edges=42 good=42 bad=0
2019-01-18 14:53:27,100 Distortion avg=0.9973614045654551 wc=6.217460021277733 me=0.005628252251848828 mc=1104.687519866466 nan_elements=0
2019-01-18 14:53:27,100 MAP = 0.5023809523809524
2019-01-18 14:53:27,101 scale=[array([1.])]
2019-01-18 14:53:27,101 *** End Initial Checkpoint

2019-01-18 14:53:27,157 1 loss=0.9947315826259435
2019-01-18 14:53:27,158 2 loss=0.6041278302883046
2019-01-18 14:53:27,158 3 loss=0.42465175012569223
2019-01-18 14:53:27,158 4 loss=0.33875213272207805
2019-01-18 14:53:27,159 5 loss=0.2896537751844609
2019-01-18 14:53:27,159 6 loss=0.2570557598256432
2019-01-18 14:53:27,160 7 loss=0.23316717749240445
2019-01-18 14:53:27,160 8 loss=0.21456968438136356
2019-01-18 14:53:27,161 9 loss=0.19951096826405074
2019-01-18 14:53:27,161 10 loss=0.18695279135355394
2019-01-18 14:53:27,161 
*** Major Checkpoint. Computing Stats and Saving
2019-01-18 14:53:27,161 	 Computing Major Stats lazily... 
2019-01-18 14:53:27,162 		 Completed edges=42 good=42 bad=0
2019-01-18 14:53:27,163 Distortion avg=0.37202518661362177 wc=4.7420908726839075 me=1.363669831540392 mc=3.4774479591788543 nan_elements=0
2019-01-18 14:53:27,163 MAP = 0.6154761904761905
2019-01-18 14:53:27,163 scale=[array([1.])]
2019-01-18 14:53:27,163 *** End Major Checkpoint

2019-01-18 14:53:27,164 11 loss=0.1762092882660167
2019-01-18 14:53:27,164 12 loss=0.16679647229329075
2019-01-18 14:53:27,165 13 loss=0.15836215643233484
2019-01-18 14:53:27,165 14 loss=0.15064842478313242
2019-01-18 14:53:27,166 15 loss=0.1434682965894208
2019-01-18 14:53:27,166 16 loss=0.13668927986459384
2019-01-18 14:53:27,167 17 loss=0.13022079105077244
2019-01-18 14:53:27,167 18 loss=0.12400410531854353
2019-01-18 14:53:27,168 19 loss=0.11800418226474212
2019-01-18 14:53:27,168 20 loss=0.11220299912640999
2019-01-18 14:53:27,168 
*** Major Checkpoint. Computing Stats and Saving
2019-01-18 14:53:27,168 	 Computing Major Stats lazily... 
2019-01-18 14:53:27,169 		 Completed edges=42 good=42 bad=0
2019-01-18 14:53:27,170 Distortion avg=0.27705675267829943 wc=3.4203375136213854 me=1.3288239558388981 mc=2.5739583475992474 nan_elements=0
2019-01-18 14:53:27,170 MAP = 1.0
2019-01-18 14:53:27,170 scale=[array([1.])]
2019-01-18 14:53:27,170 *** End Major Checkpoint

2019-01-18 14:53:27,171 21 loss=0.10659415608298514
2019-01-18 14:53:27,171 22 loss=0.10117858507720558
2019-01-18 14:53:27,171 23 loss=0.09596122767016337
2019-01-18 14:53:27,172 24 loss=0.09094856214128229
2019-01-18 14:53:27,172 25 loss=0.08614686324477021
2019-01-18 14:53:27,173 26 loss=0.08156107628456381
2019-01-18 14:53:27,173 27 loss=0.07719418594674624
2019-01-18 14:53:27,174 28 loss=0.0730469633248131
2019-01-18 14:53:27,174 29 loss=0.06911798327068659
2019-01-18 14:53:27,175 30 loss=0.06540381809076284
2019-01-18 14:53:27,175 
*** Major Checkpoint. Computing Stats and Saving
2019-01-18 14:53:27,175 	 Computing Major Stats lazily... 
2019-01-18 14:53:27,175 		 Completed edges=42 good=42 bad=0
2019-01-18 14:53:27,176 Distortion avg=0.21086185297631263 wc=2.405505753724879 me=1.2083174827336052 mc=1.9907894970474536 nan_elements=0
2019-01-18 14:53:27,177 MAP = 1.0
2019-01-18 14:53:27,177 scale=[array([1.])]
2019-01-18 14:53:27,177 *** End Major Checkpoint

2019-01-18 14:53:27,177 31 loss=0.06189933087226309
2019-01-18 14:53:27,178 32 loss=0.05859801009783573
2019-01-18 14:53:27,178 33 loss=0.055492304630198906
2019-01-18 14:53:27,179 34 loss=0.052573933177137905
2019-01-18 14:53:27,179 35 loss=0.04983415424943362
2019-01-18 14:53:27,180 36 loss=0.047263991291051334
2019-01-18 14:53:27,180 37 loss=0.04485441341437629
2019-01-18 14:53:27,180 38 loss=0.04259647556428077
2019-01-18 14:53:27,181 39 loss=0.040481423577147534
2019-01-18 14:53:27,181 40 loss=0.038500770061427825
2019-01-18 14:53:27,181 
*** Major Checkpoint. Computing Stats and Saving
2019-01-18 14:53:27,182 	 Computing Major Stats lazily... 
2019-01-18 14:53:27,182 		 Completed edges=42 good=42 bad=0
2019-01-18 14:53:27,183 Distortion avg=0.1624566655703435 wc=1.9179611087236956 me=1.1672699285031496 mc=1.6431170390752685 nan_elements=0
2019-01-18 14:53:27,183 MAP = 1.0
2019-01-18 14:53:27,183 scale=[array([1.])]
2019-01-18 14:53:27,183 *** End Major Checkpoint

2019-01-18 14:53:27,184 41 loss=0.03664634676784546
2019-01-18 14:53:27,184 42 loss=0.03491033848278696
2019-01-18 14:53:27,185 43 loss=0.03328530269931497
2019-01-18 14:53:27,185 44 loss=0.03176417853810482
2019-01-18 14:53:27,186 45 loss=0.030340287681083423
2019-01-18 14:53:27,186 46 loss=0.02900732947544324
2019-01-18 14:53:27,187 47 loss=0.02775937187034823
2019-01-18 14:53:27,187 48 loss=0.02659083945434055
2019-01-18 14:53:27,188 49 loss=0.025496499553508172
2019-01-18 14:53:27,188 50 loss=0.024471447112957234
2019-01-18 14:53:27,188 
*** Major Checkpoint. Computing Stats and Saving
2019-01-18 14:53:27,188 	 Computing Major Stats lazily... 
2019-01-18 14:53:27,189 		 Completed edges=42 good=42 bad=0
2019-01-18 14:53:27,190 Distortion avg=0.1302560829543134 wc=1.6800994753715428 me=1.1619926813879549 mc=1.4458778461192454 nan_elements=0
2019-01-18 14:53:27,190 MAP = 1.0
2019-01-18 14:53:27,190 scale=[array([1.])]
2019-01-18 14:53:27,190 *** End Major Checkpoint

2019-01-18 14:53:27,190 final loss=0.024471447112957234
2019-01-18 14:53:27,190 best loss=0.024471447112957234, distortion=0.1302560829543134, map=1.0, wc_dist=1.6800994753715428
2019-01-18 14:53:27,190 	 Computing Major Stats lazily... 
2019-01-18 14:53:27,191 		 Completed edges=42 good=42 bad=0
2019-01-18 14:53:27,192 Distortion avg=0.1302560829543134 wc=1.6800994753715428 me=1.1619926813879549 mc=1.4458778461192454 nan_elements=0
2019-01-18 14:53:27,192 MAP = 1.0
2019-01-18 14:53:27,192 scale=[array([1.])]
