2019-01-18 14:45:52,385 Commandline ['pytorch/pytorch_hyperbolic.py', 'learn', 'data/edges/parsing/ewt/ewt_dev/1719.edges', '--dim', '0', '--hyp', '0', '--edim', '10', '--euc', '1', '--sdim', '0', '--sph', '0', '--log-name', 'ewt_devr2/1719.edges.E10-1.lr1.log', '--batch-size', '65536', '--epochs', '50', '--checkpoint-freq', '10', '-g', '--subsample', '1024', '--learning-rate', '1']
2019-01-18 14:45:52,385 No Model Save selected!
2019-01-18 14:45:52,387 Loaded Graph data/edges/parsing/ewt/ewt_dev/1719.edges with 11 nodes scale=1.0
2019-01-18 14:45:52,387 Building dataset
2019-01-18 14:45:52,387 Subsample: 11 points with scale 1.0 subsample=10
2019-01-18 14:45:52,397 Built Data Sampler
2019-01-18 14:45:52,397 Creating a fresh model warm_start?=None
2019-01-18 14:45:52,397 	 Warmstarting? None None 11
2019-01-18 14:45:52,397 Embedding() torch.Size([11, 10])
2019-01-18 14:45:52,397 relative No Rescale
2019-01-18 14:45:52,398 Constructed model with dim=0 and epochs=0 isnan=False
2019-01-18 14:45:52,398 SGD (
Parameter Group 0
    dampening: 0
    initial_lr: 0.1
    lr: 1.0
    momentum: 0.0
    nesterov: False
    weight_decay: 0

Parameter Group 1
    dampening: 0
    initial_lr: 0.1
    lr: 1.0
    momentum: 0.0
    nesterov: False
    weight_decay: 0

Parameter Group 2
    dampening: 0
    initial_lr: 0.1
    lr: 1.0
    momentum: 0.0
    nesterov: False
    weight_decay: 0

Parameter Group 3
    dampening: 0
    initial_lr: 0.0001
    lr: 0.001
    momentum: 0.0
    nesterov: False
    weight_decay: 0
)
2019-01-18 14:45:52,398 *** Initial Checkpoint. Computing Stats
2019-01-18 14:45:52,398 	 Computing Major Stats lazily... 
2019-01-18 14:45:52,399 		 Completed edges=110 good=110 bad=0
2019-01-18 14:45:52,401 Distortion avg=0.9978158220264375 wc=8.488455921477513 me=0.005982886981094694 mc=1418.7892815458756 nan_elements=0
2019-01-18 14:45:52,401 MAP = 0.5194805194805194
2019-01-18 14:45:52,401 scale=[array([1.])]
2019-01-18 14:45:52,401 *** End Initial Checkpoint

2019-01-18 14:45:52,459 1 loss=0.9956378813665866
2019-01-18 14:45:52,460 2 loss=0.8036626680712418
2019-01-18 14:45:52,460 3 loss=0.6629636064581195
2019-01-18 14:45:52,461 4 loss=0.5634742527160098
2019-01-18 14:45:52,461 5 loss=0.49128829928814516
2019-01-18 14:45:52,462 6 loss=0.43716443657165305
2019-01-18 14:45:52,462 7 loss=0.39522609477289294
2019-01-18 14:45:52,463 8 loss=0.36173266157677303
2019-01-18 14:45:52,463 9 loss=0.33426876601801875
2019-01-18 14:45:52,464 10 loss=0.3112418837270804
2019-01-18 14:45:52,464 
*** Major Checkpoint. Computing Stats and Saving
2019-01-18 14:45:52,464 	 Computing Major Stats lazily... 
2019-01-18 14:45:52,465 		 Completed edges=110 good=110 bad=0
2019-01-18 14:45:52,467 Distortion avg=0.49523610781306 wc=9.843139720925674 me=1.3427777818137145 mc=7.3304308830835465 nan_elements=0
2019-01-18 14:45:52,467 MAP = 0.2906295093795094
2019-01-18 14:45:52,467 scale=[array([1.])]
2019-01-18 14:45:52,467 *** End Major Checkpoint

2019-01-18 14:45:52,467 11 loss=0.29157567871470186
2019-01-18 14:45:52,468 12 loss=0.2745227161287599
2019-01-18 14:45:52,469 13 loss=0.25954917599148297
2019-01-18 14:45:52,469 14 loss=0.24626302752830923
2019-01-18 14:45:52,470 15 loss=0.23436861475188667
2019-01-18 14:45:52,470 16 loss=0.22363745847659694
2019-01-18 14:45:52,471 17 loss=0.21388914007502435
2019-01-18 14:45:52,471 18 loss=0.20497853976590646
2019-01-18 14:45:52,472 19 loss=0.19678713829974404
2019-01-18 14:45:52,472 20 loss=0.18921695551865964
2019-01-18 14:45:52,473 
*** Major Checkpoint. Computing Stats and Saving
2019-01-18 14:45:52,473 	 Computing Major Stats lazily... 
2019-01-18 14:45:52,473 		 Completed edges=110 good=110 bad=0
2019-01-18 14:45:52,475 Distortion avg=0.3881115628311502 wc=6.9220090947177 me=1.4603562562405452 mc=4.739945520237172 nan_elements=0
2019-01-18 14:45:52,475 MAP = 0.5780122655122655
2019-01-18 14:45:52,475 scale=[array([1.])]
2019-01-18 14:45:52,475 *** End Major Checkpoint

2019-01-18 14:45:52,476 21 loss=0.18218622584605831
2019-01-18 14:45:52,477 22 loss=0.17562623562230414
2019-01-18 14:45:52,477 23 loss=0.169478950323977
2019-01-18 14:45:52,478 24 loss=0.16369518839259062
2019-01-18 14:45:52,478 25 loss=0.15823318093564614
2019-01-18 14:45:52,479 26 loss=0.15305741007262558
2019-01-18 14:45:52,479 27 loss=0.14813765369632506
2019-01-18 14:45:52,480 28 loss=0.14344818745975665
2019-01-18 14:45:52,480 29 loss=0.13896711002843545
2019-01-18 14:45:52,481 30 loss=0.1346757677222054
2019-01-18 14:45:52,481 
*** Major Checkpoint. Computing Stats and Saving
2019-01-18 14:45:52,481 	 Computing Major Stats lazily... 
2019-01-18 14:45:52,481 		 Completed edges=110 good=110 bad=0
2019-01-18 14:45:52,483 Distortion avg=0.3213069935637235 wc=5.430010865876165 me=1.4765292467322657 mc=3.67755049748823 nan_elements=0
2019-01-18 14:45:52,483 MAP = 0.8685606060606061
2019-01-18 14:45:52,483 scale=[array([1.])]
2019-01-18 14:45:52,484 *** End Major Checkpoint

2019-01-18 14:45:52,484 31 loss=0.13055826134749998
2019-01-18 14:45:52,485 32 loss=0.12660102243834515
2019-01-18 14:45:52,485 33 loss=0.12279244904971048
2019-01-18 14:45:52,486 34 loss=0.11912259319622624
2019-01-18 14:45:52,486 35 loss=0.11558289335060659
2019-01-18 14:45:52,487 36 loss=0.11216594634218997
2019-01-18 14:45:52,487 37 loss=0.10886531368023689
2019-01-18 14:45:52,488 38 loss=0.10567535786734801
2019-01-18 14:45:52,488 39 loss=0.10259110472597416
2019-01-18 14:45:52,489 40 loss=0.09960812817021573
2019-01-18 14:45:52,489 
*** Major Checkpoint. Computing Stats and Saving
2019-01-18 14:45:52,489 	 Computing Major Stats lazily... 
2019-01-18 14:45:52,489 		 Completed edges=110 good=110 bad=0
2019-01-18 14:45:52,491 Distortion avg=0.27345804245843786 wc=4.278641797064603 me=1.4260881232973077 mc=3.0002646590813806 nan_elements=0
2019-01-18 14:45:52,491 MAP = 0.9090909090909091
2019-01-18 14:45:52,491 scale=[array([1.])]
2019-01-18 14:45:52,491 *** End Major Checkpoint

2019-01-18 14:45:52,492 41 loss=0.09672245423397664
2019-01-18 14:45:52,493 42 loss=0.09393048152269232
2019-01-18 14:45:52,493 43 loss=0.0912289155911132
2019-01-18 14:45:52,494 44 loss=0.08861471506296933
2019-01-18 14:45:52,494 45 loss=0.08608504759782343
2019-01-18 14:45:52,495 46 loss=0.08363725407431803
2019-01-18 14:45:52,495 47 loss=0.08126881959631836
2019-01-18 14:45:52,496 48 loss=0.07897735013907241
2019-01-18 14:45:52,496 49 loss=0.07676055383720812
2019-01-18 14:45:52,497 50 loss=0.07461622607663024
2019-01-18 14:45:52,497 
*** Major Checkpoint. Computing Stats and Saving
2019-01-18 14:45:52,497 	 Computing Major Stats lazily... 
2019-01-18 14:45:52,497 		 Completed edges=110 good=110 bad=0
2019-01-18 14:45:52,499 Distortion avg=0.23400337029864207 wc=3.4774781103070405 me=1.3752753921245313 mc=2.528568554502395 nan_elements=0
2019-01-18 14:45:52,499 MAP = 1.0
2019-01-18 14:45:52,499 scale=[array([1.])]
2019-01-18 14:45:52,499 *** End Major Checkpoint

2019-01-18 14:45:52,500 final loss=0.07461622607663024
2019-01-18 14:45:52,500 best loss=0.07461622607663024, distortion=0.23400337029864207, map=1.0, wc_dist=3.4774781103070405
2019-01-18 14:45:52,500 	 Computing Major Stats lazily... 
2019-01-18 14:45:52,500 		 Completed edges=110 good=110 bad=0
2019-01-18 14:45:52,502 Distortion avg=0.2340033702986421 wc=3.4774781103070405 me=1.3752753921245313 mc=2.528568554502395 nan_elements=0
2019-01-18 14:45:52,502 MAP = 1.0
2019-01-18 14:45:52,502 scale=[array([1.])]
