2019-01-18 14:56:09,817 Commandline ['pytorch/pytorch_hyperbolic.py', 'learn', 'data/edges/parsing/ewt/ewt_dev/172.edges', '--dim', '0', '--hyp', '0', '--edim', '10', '--euc', '1', '--sdim', '0', '--sph', '0', '--log-name', 'ewt_devr2/172.edges.E10-1.lr1.log', '--batch-size', '65536', '--epochs', '50', '--checkpoint-freq', '10', '-g', '--subsample', '1024', '--learning-rate', '1']
2019-01-18 14:56:09,817 No Model Save selected!
2019-01-18 14:56:09,819 Loaded Graph data/edges/parsing/ewt/ewt_dev/172.edges with 21 nodes scale=1.0
2019-01-18 14:56:09,820 Building dataset
2019-01-18 14:56:09,820 Subsample: 21 points with scale 1.0 subsample=20
2019-01-18 14:56:09,842 Built Data Sampler
2019-01-18 14:56:09,843 Creating a fresh model warm_start?=None
2019-01-18 14:56:09,843 	 Warmstarting? None None 21
2019-01-18 14:56:09,843 Embedding() torch.Size([21, 10])
2019-01-18 14:56:09,843 relative No Rescale
2019-01-18 14:56:09,843 Constructed model with dim=0 and epochs=0 isnan=False
2019-01-18 14:56:09,844 SGD (
Parameter Group 0
    dampening: 0
    initial_lr: 0.1
    lr: 1.0
    momentum: 0.0
    nesterov: False
    weight_decay: 0

Parameter Group 1
    dampening: 0
    initial_lr: 0.1
    lr: 1.0
    momentum: 0.0
    nesterov: False
    weight_decay: 0

Parameter Group 2
    dampening: 0
    initial_lr: 0.1
    lr: 1.0
    momentum: 0.0
    nesterov: False
    weight_decay: 0

Parameter Group 3
    dampening: 0
    initial_lr: 0.0001
    lr: 0.001
    momentum: 0.0
    nesterov: False
    weight_decay: 0
)
2019-01-18 14:56:09,844 *** Initial Checkpoint. Computing Stats
2019-01-18 14:56:09,844 	 Computing Major Stats lazily... 
2019-01-18 14:56:09,846 		 Completed edges=420 good=420 bad=0
2019-01-18 14:56:09,849 Distortion avg=0.9984191793150826 wc=15.672276590948648 me=0.006009979300171955 mc=2607.7089134899747 nan_elements=0
2019-01-18 14:56:09,849 MAP = 0.23429401956464097
2019-01-18 14:56:09,850 scale=[array([1.])]
2019-01-18 14:56:09,850 *** End Initial Checkpoint

2019-01-18 14:56:09,907 1 loss=0.9968420051772733
2019-01-18 14:56:09,908 2 loss=0.9430490516779501
2019-01-18 14:56:09,909 3 loss=0.892127835645479
2019-01-18 14:56:09,909 4 loss=0.8457551438188617
2019-01-18 14:56:09,910 5 loss=0.8037734990052622
2019-01-18 14:56:09,911 6 loss=0.765812244069381
2019-01-18 14:56:09,911 7 loss=0.7314743516699433
2019-01-18 14:56:09,912 8 loss=0.7003806423640484
2019-01-18 14:56:09,913 9 loss=0.6721826172371519
2019-01-18 14:56:09,914 10 loss=0.6465654174587007
2019-01-18 14:56:09,914 
*** Major Checkpoint. Computing Stats and Saving
2019-01-18 14:56:09,914 	 Computing Major Stats lazily... 
2019-01-18 14:56:09,916 		 Completed edges=420 good=420 bad=0
2019-01-18 14:56:09,919 Distortion avg=0.7656659784717819 wc=20.768957564051288 me=0.9793659918491476 mc=21.206533345963216 nan_elements=0
2019-01-18 14:56:09,919 MAP = 0.09486760279228583
2019-01-18 14:56:09,919 scale=[array([1.])]
2019-01-18 14:56:09,919 *** End Major Checkpoint

2019-01-18 14:56:09,920 11 loss=0.6232471046825221
2019-01-18 14:56:09,921 12 loss=0.6019764997939197
2019-01-18 14:56:09,921 13 loss=0.5825305075793882
2019-01-18 14:56:09,922 14 loss=0.5647113436430415
2019-01-18 14:56:09,923 15 loss=0.5483438562661876
2019-01-18 14:56:09,923 16 loss=0.5332730300350955
2019-01-18 14:56:09,924 17 loss=0.5193617052716892
2019-01-18 14:56:09,925 18 loss=0.5064885202535728
2019-01-18 14:56:09,926 19 loss=0.4945460693509994
2019-01-18 14:56:09,926 20 loss=0.4834392633812996
2019-01-18 14:56:09,926 
*** Major Checkpoint. Computing Stats and Saving
2019-01-18 14:56:09,926 	 Computing Major Stats lazily... 
2019-01-18 14:56:09,928 		 Completed edges=420 good=420 bad=0
2019-01-18 14:56:09,931 Distortion avg=0.6525583231972435 wc=17.191007090992326 me=1.4380991495441602 mc=11.953979039930193 nan_elements=0
2019-01-18 14:56:09,931 MAP = 0.09950920334600125
2019-01-18 14:56:09,932 scale=[array([1.])]
2019-01-18 14:56:09,932 *** End Major Checkpoint

2019-01-18 14:56:09,932 21 loss=0.4730838754998239
2019-01-18 14:56:09,933 22 loss=0.4634052550908068
2019-01-18 14:56:09,934 23 loss=0.4543371924324262
2019-01-18 14:56:09,935 24 loss=0.44582091783963335
2019-01-18 14:56:09,936 25 loss=0.43780422021823295
2019-01-18 14:56:09,936 26 loss=0.43024067130897664
2019-01-18 14:56:09,937 27 loss=0.42308894325398133
2019-01-18 14:56:09,938 28 loss=0.4163122084191737
2019-01-18 14:56:09,939 29 loss=0.4098776116235947
2019-01-18 14:56:09,940 30 loss=0.4037558060442772
2019-01-18 14:56:09,940 
*** Major Checkpoint. Computing Stats and Saving
2019-01-18 14:56:09,940 	 Computing Major Stats lazily... 
2019-01-18 14:56:09,942 		 Completed edges=420 good=420 bad=0
2019-01-18 14:56:09,945 Distortion avg=0.60195325778197 wc=14.693972807465924 me=1.6857018137526945 mc=8.716828022361993 nan_elements=0
2019-01-18 14:56:09,945 MAP = 0.11427445293129723
2019-01-18 14:56:09,945 scale=[array([1.])]
2019-01-18 14:56:09,945 *** End Major Checkpoint

2019-01-18 14:56:09,946 31 loss=0.39792054507942753
2019-01-18 14:56:09,947 32 loss=0.3923483233642691
2019-01-18 14:56:09,948 33 loss=0.38701806094816155
2019-01-18 14:56:09,949 34 loss=0.38191082536532583
2019-01-18 14:56:09,950 35 loss=0.37700958697236664
2019-01-18 14:56:09,951 36 loss=0.372299003491634
2019-01-18 14:56:09,951 37 loss=0.3677652301979754
2019-01-18 14:56:09,952 38 loss=0.3633957526248651
2019-01-18 14:56:09,953 39 loss=0.3591792390509473
2019-01-18 14:56:09,953 40 loss=0.35510541036587345
2019-01-18 14:56:09,954 
*** Major Checkpoint. Computing Stats and Saving
2019-01-18 14:56:09,954 	 Computing Major Stats lazily... 
2019-01-18 14:56:09,955 		 Completed edges=420 good=420 bad=0
2019-01-18 14:56:09,959 Distortion avg=0.5606695926911965 wc=12.803810038696323 me=1.8181975177147163 mc=7.0420347151223535 nan_elements=0
2019-01-18 14:56:09,959 MAP = 0.14274403548139356
2019-01-18 14:56:09,959 scale=[array([1.])]
2019-01-18 14:56:09,959 *** End Major Checkpoint

2019-01-18 14:56:09,960 41 loss=0.3511649252104807
2019-01-18 14:56:09,961 42 loss=0.3473492785458557
2019-01-18 14:56:09,961 43 loss=0.34365071203306996
2019-01-18 14:56:09,962 44 loss=0.3400621348043613
2019-01-18 14:56:09,963 45 loss=0.3365770533806952
2019-01-18 14:56:09,964 46 loss=0.33318950964312644
2019-01-18 14:56:09,964 47 loss=0.329894025898834
2019-01-18 14:56:09,965 48 loss=0.32668555619956224
2019-01-18 14:56:09,966 49 loss=0.32355944317251667
2019-01-18 14:56:09,967 50 loss=0.32051137971338306
2019-01-18 14:56:09,967 
*** Major Checkpoint. Computing Stats and Saving
2019-01-18 14:56:09,967 	 Computing Major Stats lazily... 
2019-01-18 14:56:09,968 		 Completed edges=420 good=420 bad=0
2019-01-18 14:56:09,972 Distortion avg=0.5260175886857039 wc=11.260594961786365 me=1.8761432203646213 mc=6.0019911270941835 nan_elements=0
2019-01-18 14:56:09,972 MAP = 0.18343508084404445
2019-01-18 14:56:09,972 scale=[array([1.])]
2019-01-18 14:56:09,972 *** End Major Checkpoint

2019-01-18 14:56:09,972 final loss=0.32051137971338306
2019-01-18 14:56:09,972 best loss=0.32051137971338306, distortion=0.5260175886857039, map=0.18343508084404445, wc_dist=11.260594961786365
2019-01-18 14:56:09,972 	 Computing Major Stats lazily... 
2019-01-18 14:56:09,974 		 Completed edges=420 good=420 bad=0
2019-01-18 14:56:09,977 Distortion avg=0.5260175886857034 wc=11.260594961786365 me=1.8761432203646213 mc=6.0019911270941835 nan_elements=0
2019-01-18 14:56:09,977 MAP = 0.18343508084404445
2019-01-18 14:56:09,978 scale=[array([1.])]
