2019-01-18 14:42:38,038 Commandline ['pytorch/pytorch_hyperbolic.py', 'learn', 'data/edges/parsing/ewt/ewt_dev/1720.edges', '--dim', '0', '--hyp', '0', '--edim', '10', '--euc', '1', '--sdim', '0', '--sph', '0', '--log-name', 'ewt_devr2/1720.edges.E10-1.lr1.log', '--batch-size', '65536', '--epochs', '50', '-g', '--subsample', '1024', '--learning-rate', '1']
2019-01-18 14:42:38,038 No Model Save selected!
2019-01-18 14:42:38,040 Loaded Graph data/edges/parsing/ewt/ewt_dev/1720.edges with 7 nodes scale=1.0
2019-01-18 14:42:38,040 Building dataset
2019-01-18 14:42:38,040 Subsample: 7 points with scale 1.0 subsample=6
2019-01-18 14:42:38,045 Built Data Sampler
2019-01-18 14:42:38,045 Creating a fresh model warm_start?=None
2019-01-18 14:42:38,045 	 Warmstarting? None None 7
2019-01-18 14:42:38,046 Embedding() torch.Size([7, 10])
2019-01-18 14:42:38,046 relative No Rescale
2019-01-18 14:42:38,046 Constructed model with dim=0 and epochs=0 isnan=False
2019-01-18 14:42:38,046 SGD (
Parameter Group 0
    dampening: 0
    initial_lr: 0.1
    lr: 1.0
    momentum: 0.0
    nesterov: False
    weight_decay: 0

Parameter Group 1
    dampening: 0
    initial_lr: 0.1
    lr: 1.0
    momentum: 0.0
    nesterov: False
    weight_decay: 0

Parameter Group 2
    dampening: 0
    initial_lr: 0.1
    lr: 1.0
    momentum: 0.0
    nesterov: False
    weight_decay: 0

Parameter Group 3
    dampening: 0
    initial_lr: 0.0001
    lr: 0.001
    momentum: 0.0
    nesterov: False
    weight_decay: 0
)
2019-01-18 14:42:38,047 *** Initial Checkpoint. Computing Stats
2019-01-18 14:42:38,047 	 Computing Major Stats lazily... 
2019-01-18 14:42:38,047 		 Completed edges=42 good=42 bad=0
2019-01-18 14:42:38,049 Distortion avg=0.9974371265645529 wc=6.384461285179831 me=0.005628252251848828 mc=1134.359477772624 nan_elements=0
2019-01-18 14:42:38,049 MAP = 0.42857142857142866
2019-01-18 14:42:38,049 scale=[array([1.])]
2019-01-18 14:42:38,049 *** End Initial Checkpoint

2019-01-18 14:42:38,107 1 loss=0.9948831168285696
2019-01-18 14:42:38,107 2 loss=0.6257525434776801
2019-01-18 14:42:38,108 3 loss=0.4521388964220963
2019-01-18 14:42:38,108 4 loss=0.3703176777639913
2019-01-18 14:42:38,109 5 loss=0.32679366377657515
2019-01-18 14:42:38,109 6 loss=0.30001400693526625
2019-01-18 14:42:38,109 7 loss=0.281185036059543
2019-01-18 14:42:38,110 8 loss=0.2665140984098974
2019-01-18 14:42:38,110 9 loss=0.25422805367838963
2019-01-18 14:42:38,111 10 loss=0.24341495692208234
2019-01-18 14:42:38,111 11 loss=0.23355953518729305
2019-01-18 14:42:38,112 12 loss=0.22434792364154243
2019-01-18 14:42:38,113 13 loss=0.21558002817061545
2019-01-18 14:42:38,113 14 loss=0.2071265522571267
2019-01-18 14:42:38,114 15 loss=0.1989055004535405
2019-01-18 14:42:38,114 16 loss=0.1908677880729361
2019-01-18 14:42:38,115 17 loss=0.18298754358883798
2019-01-18 14:42:38,115 18 loss=0.17525513783193153
2019-01-18 14:42:38,116 19 loss=0.167671997120535
2019-01-18 14:42:38,116 20 loss=0.1602466924109502
2019-01-18 14:42:38,117 21 loss=0.1529919889486097
2019-01-18 14:42:38,117 22 loss=0.14592263566947436
2019-01-18 14:42:38,118 23 loss=0.13905373008468913
2019-01-18 14:42:38,118 24 loss=0.1323995346686877
2019-01-18 14:42:38,118 25 loss=0.12597265155028126
2019-01-18 14:42:38,119 26 loss=0.11978348508925454
2019-01-18 14:42:38,120 27 loss=0.11383993746064955
2019-01-18 14:42:38,120 28 loss=0.10814729203003152
2019-01-18 14:42:38,120 29 loss=0.10270824499454331
2019-01-18 14:42:38,121 30 loss=0.09752304942018226
2019-01-18 14:42:38,121 31 loss=0.09258973893348792
2019-01-18 14:42:38,122 32 loss=0.08790440180930593
2019-01-18 14:42:38,122 33 loss=0.08346148032971186
2019-01-18 14:42:38,123 34 loss=0.07925407494780559
2019-01-18 14:42:38,123 35 loss=0.07527423763516461
2019-01-18 14:42:38,124 36 loss=0.07151324344238627
2019-01-18 14:42:38,124 37 loss=0.06796183344576001
2019-01-18 14:42:38,125 38 loss=0.06461042569455999
2019-01-18 14:42:38,125 39 loss=0.06144929343849928
2019-01-18 14:42:38,126 40 loss=0.058468711827199614
2019-01-18 14:42:38,126 41 loss=0.055659075521650093
2019-01-18 14:42:38,127 42 loss=0.0530109903630514
2019-01-18 14:42:38,127 43 loss=0.05051534253636912
2019-01-18 14:42:38,128 44 loss=0.048163348664444404
2019-01-18 14:42:38,128 45 loss=0.04594659007544638
2019-01-18 14:42:38,128 46 loss=0.043857034182052924
2019-01-18 14:42:38,129 47 loss=0.041887045554272355
2019-01-18 14:42:38,129 48 loss=0.04002938890023658
2019-01-18 14:42:38,130 49 loss=0.0382772258168506
2019-01-18 14:42:38,130 50 loss=0.03662410685000709
2019-01-18 14:42:38,130 final loss=0.03662410685000709
2019-01-18 14:42:38,130 best loss=10000000000.0, distortion=10000000000.0, map=0.0, wc_dist=10000000000.0
2019-01-18 14:42:38,131 	 Computing Major Stats lazily... 
2019-01-18 14:42:38,131 		 Completed edges=42 good=42 bad=0
2019-01-18 14:42:38,132 Distortion avg=0.1514162748630697 wc=1.9668336293354585 me=1.1500893102528298 mc=1.7101572997866399 nan_elements=0
2019-01-18 14:42:38,132 MAP = 1.0
2019-01-18 14:42:38,132 scale=[array([1.])]
2019-01-18 15:11:55,455 Commandline ['pytorch/pytorch_hyperbolic.py', 'learn', 'data/edges/parsing/ewt/ewt_dev/1720.edges', '--dim', '0', '--hyp', '0', '--edim', '10', '--euc', '1', '--sdim', '0', '--sph', '0', '--log-name', 'ewt_devr2/1720.edges.E10-1.lr1.log', '--batch-size', '65536', '--epochs', '50', '--checkpoint-freq', '10', '-g', '--subsample', '1024', '--learning-rate', '1']
2019-01-18 15:11:55,456 No Model Save selected!
2019-01-18 15:11:55,458 Loaded Graph data/edges/parsing/ewt/ewt_dev/1720.edges with 7 nodes scale=1.0
2019-01-18 15:11:55,458 Building dataset
2019-01-18 15:11:55,458 Subsample: 7 points with scale 1.0 subsample=6
2019-01-18 15:11:55,464 Built Data Sampler
2019-01-18 15:11:55,464 Creating a fresh model warm_start?=None
2019-01-18 15:11:55,464 	 Warmstarting? None None 7
2019-01-18 15:11:55,465 Embedding() torch.Size([7, 10])
2019-01-18 15:11:55,465 relative No Rescale
2019-01-18 15:11:55,465 Constructed model with dim=0 and epochs=0 isnan=False
2019-01-18 15:11:55,465 SGD (
Parameter Group 0
    dampening: 0
    initial_lr: 0.1
    lr: 1.0
    momentum: 0.0
    nesterov: False
    weight_decay: 0

Parameter Group 1
    dampening: 0
    initial_lr: 0.1
    lr: 1.0
    momentum: 0.0
    nesterov: False
    weight_decay: 0

Parameter Group 2
    dampening: 0
    initial_lr: 0.1
    lr: 1.0
    momentum: 0.0
    nesterov: False
    weight_decay: 0

Parameter Group 3
    dampening: 0
    initial_lr: 0.0001
    lr: 0.001
    momentum: 0.0
    nesterov: False
    weight_decay: 0
)
2019-01-18 15:11:55,465 *** Initial Checkpoint. Computing Stats
2019-01-18 15:11:55,465 	 Computing Major Stats lazily... 
2019-01-18 15:11:55,466 		 Completed edges=42 good=42 bad=0
2019-01-18 15:11:55,467 Distortion avg=0.9974371265645529 wc=6.384461285179831 me=0.005628252251848828 mc=1134.359477772624 nan_elements=0
2019-01-18 15:11:55,467 MAP = 0.42857142857142866
2019-01-18 15:11:55,468 scale=[array([1.])]
2019-01-18 15:11:55,468 *** End Initial Checkpoint

2019-01-18 15:11:55,526 1 loss=0.9948831168285696
2019-01-18 15:11:55,526 2 loss=0.6257525434776801
2019-01-18 15:11:55,527 3 loss=0.4521388964220963
2019-01-18 15:11:55,527 4 loss=0.3703176777639913
2019-01-18 15:11:55,528 5 loss=0.32679366377657515
2019-01-18 15:11:55,528 6 loss=0.30001400693526625
2019-01-18 15:11:55,529 7 loss=0.281185036059543
2019-01-18 15:11:55,529 8 loss=0.2665140984098974
2019-01-18 15:11:55,530 9 loss=0.25422805367838963
2019-01-18 15:11:55,530 10 loss=0.24341495692208234
2019-01-18 15:11:55,530 
*** Major Checkpoint. Computing Stats and Saving
2019-01-18 15:11:55,530 	 Computing Major Stats lazily... 
2019-01-18 15:11:55,531 		 Completed edges=42 good=42 bad=0
2019-01-18 15:11:55,532 Distortion avg=0.4405089760124075 wc=6.446642335878448 me=1.3945859957692675 mc=4.622620874894428 nan_elements=0
2019-01-18 15:11:55,532 MAP = 0.4182539682539682
2019-01-18 15:11:55,532 scale=[array([1.])]
2019-01-18 15:11:55,532 *** End Major Checkpoint

2019-01-18 15:11:55,533 11 loss=0.23355953518729305
2019-01-18 15:11:55,533 12 loss=0.2243479236415425
2019-01-18 15:11:55,534 13 loss=0.21558002817061545
2019-01-18 15:11:55,534 14 loss=0.20712655225712662
2019-01-18 15:11:55,536 15 loss=0.19890550045354058
2019-01-18 15:11:55,536 16 loss=0.19086778807293608
2019-01-18 15:11:55,537 17 loss=0.182987543588838
2019-01-18 15:11:55,537 18 loss=0.17525513783193156
2019-01-18 15:11:55,538 19 loss=0.167671997120535
2019-01-18 15:11:55,538 20 loss=0.16024669241095013
2019-01-18 15:11:55,538 
*** Major Checkpoint. Computing Stats and Saving
2019-01-18 15:11:55,538 	 Computing Major Stats lazily... 
2019-01-18 15:11:55,539 		 Completed edges=42 good=42 bad=0
2019-01-18 15:11:55,540 Distortion avg=0.3406480511010773 wc=4.550019354593087 me=1.3721524869763495 mc=3.315972093319911 nan_elements=0
2019-01-18 15:11:55,540 MAP = 0.9761904761904762
2019-01-18 15:11:55,540 scale=[array([1.])]
2019-01-18 15:11:55,540 *** End Major Checkpoint

2019-01-18 15:11:55,541 21 loss=0.15299198894860971
2019-01-18 15:11:55,541 22 loss=0.14592263566947436
2019-01-18 15:11:55,542 23 loss=0.13905373008468916
2019-01-18 15:11:55,542 24 loss=0.13239953466868773
2019-01-18 15:11:55,542 25 loss=0.1259726515502813
2019-01-18 15:11:55,543 26 loss=0.11978348508925454
2019-01-18 15:11:55,543 27 loss=0.11383993746064958
2019-01-18 15:11:55,544 28 loss=0.10814729203003155
2019-01-18 15:11:55,544 29 loss=0.10270824499454329
2019-01-18 15:11:55,545 30 loss=0.09752304942018229
2019-01-18 15:11:55,545 
*** Major Checkpoint. Computing Stats and Saving
2019-01-18 15:11:55,545 	 Computing Major Stats lazily... 
2019-01-18 15:11:55,545 		 Completed edges=42 good=42 bad=0
2019-01-18 15:11:55,546 Distortion avg=0.25511095561337144 wc=3.0936615972752795 me=1.2468611678936328 mc=2.481159632632968 nan_elements=0
2019-01-18 15:11:55,546 MAP = 1.0
2019-01-18 15:11:55,547 scale=[array([1.])]
2019-01-18 15:11:55,547 *** End Major Checkpoint

2019-01-18 15:11:55,547 31 loss=0.09258973893348792
2019-01-18 15:11:55,548 32 loss=0.08790440180930591
2019-01-18 15:11:55,548 33 loss=0.08346148032971182
2019-01-18 15:11:55,548 34 loss=0.0792540749478056
2019-01-18 15:11:55,549 35 loss=0.07527423763516465
2019-01-18 15:11:55,549 36 loss=0.07151324344238627
2019-01-18 15:11:55,550 37 loss=0.06796183344576001
2019-01-18 15:11:55,550 38 loss=0.06461042569455996
2019-01-18 15:11:55,551 39 loss=0.0614492934384993
2019-01-18 15:11:55,551 40 loss=0.05846871182719957
2019-01-18 15:11:55,551 
*** Major Checkpoint. Computing Stats and Saving
2019-01-18 15:11:55,551 	 Computing Major Stats lazily... 
2019-01-18 15:11:55,552 		 Completed edges=42 good=42 bad=0
2019-01-18 15:11:55,553 Distortion avg=0.192483326598688 wc=2.329601637913471 me=1.169372186983419 mc=1.9921815003339938 nan_elements=0
2019-01-18 15:11:55,553 MAP = 1.0
2019-01-18 15:11:55,553 scale=[array([1.])]
2019-01-18 15:11:55,553 *** End Major Checkpoint

2019-01-18 15:11:55,554 41 loss=0.05565907552165011
2019-01-18 15:11:55,554 42 loss=0.05301099036305141
2019-01-18 15:11:55,555 43 loss=0.050515342536369134
2019-01-18 15:11:55,555 44 loss=0.048163348664444404
2019-01-18 15:11:55,556 45 loss=0.04594659007544636
2019-01-18 15:11:55,556 46 loss=0.04385703418205291
2019-01-18 15:11:55,557 47 loss=0.04188704555427235
2019-01-18 15:11:55,557 48 loss=0.04002938890023658
2019-01-18 15:11:55,557 49 loss=0.038277225816850585
2019-01-18 15:11:55,558 50 loss=0.036624106850007096
2019-01-18 15:11:55,558 
*** Major Checkpoint. Computing Stats and Saving
2019-01-18 15:11:55,558 	 Computing Major Stats lazily... 
2019-01-18 15:11:55,558 		 Completed edges=42 good=42 bad=0
2019-01-18 15:11:55,560 Distortion avg=0.1514162748630697 wc=1.9668336293354594 me=1.15008931025283 mc=1.7101572997866403 nan_elements=0
2019-01-18 15:11:55,560 MAP = 1.0
2019-01-18 15:11:55,560 scale=[array([1.])]
2019-01-18 15:11:55,560 *** End Major Checkpoint

2019-01-18 15:11:55,560 final loss=0.036624106850007096
2019-01-18 15:11:55,560 best loss=0.036624106850007096, distortion=0.1514162748630697, map=1.0, wc_dist=1.9668336293354594
2019-01-18 15:11:55,560 	 Computing Major Stats lazily... 
2019-01-18 15:11:55,560 		 Completed edges=42 good=42 bad=0
2019-01-18 15:11:55,562 Distortion avg=0.1514162748630697 wc=1.9668336293354594 me=1.15008931025283 mc=1.7101572997866403 nan_elements=0
2019-01-18 15:11:55,562 MAP = 1.0
2019-01-18 15:11:55,562 scale=[array([1.])]
