2019-01-18 14:45:27,580 Commandline ['pytorch/pytorch_hyperbolic.py', 'learn', 'data/edges/parsing/ewt/ewt_dev/1735.edges', '--dim', '0', '--hyp', '0', '--edim', '10', '--euc', '1', '--sdim', '0', '--sph', '0', '--log-name', 'ewt_devr2/1735.edges.E10-1.lr1.log', '--batch-size', '65536', '--epochs', '50', '--checkpoint-freq', '10', '-g', '--subsample', '1024', '--learning-rate', '1']
2019-01-18 14:45:27,580 No Model Save selected!
2019-01-18 14:45:27,582 Loaded Graph data/edges/parsing/ewt/ewt_dev/1735.edges with 22 nodes scale=1.0
2019-01-18 14:45:27,582 Building dataset
2019-01-18 14:45:27,582 Subsample: 22 points with scale 1.0 subsample=21
2019-01-18 14:45:27,606 Built Data Sampler
2019-01-18 14:45:27,607 Creating a fresh model warm_start?=None
2019-01-18 14:45:27,607 	 Warmstarting? None None 22
2019-01-18 14:45:27,607 Embedding() torch.Size([22, 10])
2019-01-18 14:45:27,607 relative No Rescale
2019-01-18 14:45:27,607 Constructed model with dim=0 and epochs=0 isnan=False
2019-01-18 14:45:27,608 SGD (
Parameter Group 0
    dampening: 0
    initial_lr: 0.1
    lr: 1.0
    momentum: 0.0
    nesterov: False
    weight_decay: 0

Parameter Group 1
    dampening: 0
    initial_lr: 0.1
    lr: 1.0
    momentum: 0.0
    nesterov: False
    weight_decay: 0

Parameter Group 2
    dampening: 0
    initial_lr: 0.1
    lr: 1.0
    momentum: 0.0
    nesterov: False
    weight_decay: 0

Parameter Group 3
    dampening: 0
    initial_lr: 0.0001
    lr: 0.001
    momentum: 0.0
    nesterov: False
    weight_decay: 0
)
2019-01-18 14:45:27,608 *** Initial Checkpoint. Computing Stats
2019-01-18 14:45:27,608 	 Computing Major Stats lazily... 
2019-01-18 14:45:27,610 		 Completed edges=462 good=462 bad=0
2019-01-18 14:45:27,614 Distortion avg=0.9983761238829995 wc=20.890957460439086 me=0.006196519622161948 mc=3371.4018084800787 nan_elements=0
2019-01-18 14:45:27,614 MAP = 0.1821577501654197
2019-01-18 14:45:27,614 scale=[array([1.])]
2019-01-18 14:45:27,614 *** End Initial Checkpoint

2019-01-18 14:45:27,672 1 loss=0.996756100792245
2019-01-18 14:45:27,674 2 loss=0.9419390532025034
2019-01-18 14:45:27,674 3 loss=0.8906132823311796
2019-01-18 14:45:27,675 4 loss=0.8440367704224957
2019-01-18 14:45:27,676 5 loss=0.8019112295335519
2019-01-18 14:45:27,677 6 loss=0.7638055779714568
2019-01-18 14:45:27,678 7 loss=0.7292929907076415
2019-01-18 14:45:27,679 8 loss=0.6979802279904598
2019-01-18 14:45:27,679 9 loss=0.6695139047434897
2019-01-18 14:45:27,680 10 loss=0.6435798611536244
2019-01-18 14:45:27,680 
*** Major Checkpoint. Computing Stats and Saving
2019-01-18 14:45:27,680 	 Computing Major Stats lazily... 
2019-01-18 14:45:27,682 		 Completed edges=462 good=462 bad=0
2019-01-18 14:45:27,686 Distortion avg=0.7638821298778236 wc=23.459160182446052 me=0.963355655166608 mc=24.351505133780417 nan_elements=0
2019-01-18 14:45:27,686 MAP = 0.08646013654306446
2019-01-18 14:45:27,686 scale=[array([1.])]
2019-01-18 14:45:27,686 *** End Major Checkpoint

2019-01-18 14:45:27,687 11 loss=0.6199002402689805
2019-01-18 14:45:27,688 12 loss=0.5982298915171373
2019-01-18 14:45:27,688 13 loss=0.5783527342450122
2019-01-18 14:45:27,689 14 loss=0.5600783367335284
2019-01-18 14:45:27,690 15 loss=0.5432388055687088
2019-01-18 14:45:27,691 16 loss=0.5276860082726477
2019-01-18 14:45:27,692 17 loss=0.5132891193728398
2019-01-18 14:45:27,693 18 loss=0.4999324658313488
2019-01-18 14:45:27,694 19 loss=0.4875136425109548
2019-01-18 14:45:27,695 20 loss=0.4759418675639463
2019-01-18 14:45:27,695 
*** Major Checkpoint. Computing Stats and Saving
2019-01-18 14:45:27,695 	 Computing Major Stats lazily... 
2019-01-18 14:45:27,697 		 Completed edges=462 good=462 bad=0
2019-01-18 14:45:27,700 Distortion avg=0.6495390518264121 wc=18.621096148691024 me=1.3909240295439285 mc=13.387572400195511 nan_elements=0
2019-01-18 14:45:27,700 MAP = 0.08927601053470541
2019-01-18 14:45:27,700 scale=[array([1.])]
2019-01-18 14:45:27,700 *** End Major Checkpoint

2019-01-18 14:45:27,701 21 loss=0.4651365489955951
2019-01-18 14:45:27,702 22 loss=0.455026035990621
2019-01-18 14:45:27,703 23 loss=0.44554653127430116
2019-01-18 14:45:27,704 24 loss=0.43664114348578503
2019-01-18 14:45:27,704 25 loss=0.42825906110634393
2019-01-18 14:45:27,705 26 loss=0.42035483183467787
2019-01-18 14:45:27,706 27 loss=0.41288773340838264
2019-01-18 14:45:27,707 28 loss=0.4058212237347623
2019-01-18 14:45:27,707 29 loss=0.39912245982837896
2019-01-18 14:45:27,708 30 loss=0.39276187647649974
2019-01-18 14:45:27,708 
*** Major Checkpoint. Computing Stats and Saving
2019-01-18 14:45:27,708 	 Computing Major Stats lazily... 
2019-01-18 14:45:27,710 		 Completed edges=462 good=462 bad=0
2019-01-18 14:45:27,714 Distortion avg=0.5931253501822233 wc=15.503961224812528 me=1.582964829002205 mc=9.794255021184007 nan_elements=0
2019-01-18 14:45:27,714 MAP = 0.09934040975665757
2019-01-18 14:45:27,714 scale=[array([1.])]
2019-01-18 14:45:27,714 *** End Major Checkpoint

2019-01-18 14:45:27,715 31 loss=0.38671281678865493
2019-01-18 14:45:27,715 32 loss=0.3809512078546725
2019-01-18 14:45:27,716 33 loss=0.3754552756574589
2019-01-18 14:45:27,717 34 loss=0.37020529418142134
2019-01-18 14:45:27,718 35 loss=0.3651833643417985
2019-01-18 14:45:27,719 36 loss=0.36037321894931745
2019-01-18 14:45:27,719 37 loss=0.3557600504317679
2019-01-18 14:45:27,720 38 loss=0.351330358470719
2019-01-18 14:45:27,721 39 loss=0.3470718150876961
2019-01-18 14:45:27,722 40 loss=0.34297314503819104
2019-01-18 14:45:27,722 
*** Major Checkpoint. Computing Stats and Saving
2019-01-18 14:45:27,722 	 Computing Major Stats lazily... 
2019-01-18 14:45:27,724 		 Completed edges=462 good=462 bad=0
2019-01-18 14:45:27,727 Distortion avg=0.5491771408657408 wc=13.427771298173257 me=1.6847767714448636 mc=7.970059610127226 nan_elements=0
2019-01-18 14:45:27,727 MAP = 0.12611376412848257
2019-01-18 14:45:27,727 scale=[array([1.])]
2019-01-18 14:45:27,727 *** End Major Checkpoint

2019-01-18 14:45:27,728 41 loss=0.3390240196513462
2019-01-18 14:45:27,729 42 loss=0.33521496249428845
2019-01-18 14:45:27,729 43 loss=0.33153726544837975
2019-01-18 14:45:27,730 44 loss=0.3279829139646953
2019-01-18 14:45:27,731 45 loss=0.32454452042184134
2019-01-18 14:45:27,732 46 loss=0.32121526464417005
2019-01-18 14:45:27,732 47 loss=0.3179888407554756
2019-01-18 14:45:27,733 48 loss=0.3148594096448092
2019-01-18 14:45:27,734 49 loss=0.31182155640932885
2019-01-18 14:45:27,735 50 loss=0.30887025221587383
2019-01-18 14:45:27,735 
*** Major Checkpoint. Computing Stats and Saving
2019-01-18 14:45:27,735 	 Computing Major Stats lazily... 
2019-01-18 14:45:27,737 		 Completed edges=462 good=462 bad=0
2019-01-18 14:45:27,740 Distortion avg=0.5132302808084049 wc=12.450725460482667 me=1.8191361669485655 mc=6.8443064827673785 nan_elements=0
2019-01-18 14:45:27,740 MAP = 0.15316012432621637
2019-01-18 14:45:27,740 scale=[array([1.])]
2019-01-18 14:45:27,740 *** End Major Checkpoint

2019-01-18 14:45:27,740 final loss=0.30887025221587383
2019-01-18 14:45:27,740 best loss=0.30887025221587383, distortion=0.5132302808084049, map=0.15316012432621637, wc_dist=12.450725460482667
2019-01-18 14:45:27,740 	 Computing Major Stats lazily... 
2019-01-18 14:45:27,742 		 Completed edges=462 good=462 bad=0
2019-01-18 14:45:27,746 Distortion avg=0.5132302808084048 wc=12.450725460482667 me=1.8191361669485655 mc=6.8443064827673785 nan_elements=0
2019-01-18 14:45:27,746 MAP = 0.15316012432621634
2019-01-18 14:45:27,746 scale=[array([1.])]
