2019-01-18 15:02:44,818 Commandline ['pytorch/pytorch_hyperbolic.py', 'learn', 'data/edges/parsing/ewt/ewt_dev/1737.edges', '--dim', '0', '--hyp', '0', '--edim', '10', '--euc', '1', '--sdim', '0', '--sph', '0', '--log-name', 'ewt_devr2/1737.edges.E10-1.lr1.log', '--batch-size', '65536', '--epochs', '50', '--checkpoint-freq', '10', '-g', '--subsample', '1024', '--learning-rate', '1']
2019-01-18 15:02:44,818 No Model Save selected!
2019-01-18 15:02:44,820 Loaded Graph data/edges/parsing/ewt/ewt_dev/1737.edges with 13 nodes scale=1.0
2019-01-18 15:02:44,820 Building dataset
2019-01-18 15:02:44,821 Subsample: 13 points with scale 1.0 subsample=12
2019-01-18 15:02:44,832 Built Data Sampler
2019-01-18 15:02:44,832 Creating a fresh model warm_start?=None
2019-01-18 15:02:44,832 	 Warmstarting? None None 13
2019-01-18 15:02:44,833 Embedding() torch.Size([13, 10])
2019-01-18 15:02:44,833 relative No Rescale
2019-01-18 15:02:44,833 Constructed model with dim=0 and epochs=0 isnan=False
2019-01-18 15:02:44,833 SGD (
Parameter Group 0
    dampening: 0
    initial_lr: 0.1
    lr: 1.0
    momentum: 0.0
    nesterov: False
    weight_decay: 0

Parameter Group 1
    dampening: 0
    initial_lr: 0.1
    lr: 1.0
    momentum: 0.0
    nesterov: False
    weight_decay: 0

Parameter Group 2
    dampening: 0
    initial_lr: 0.1
    lr: 1.0
    momentum: 0.0
    nesterov: False
    weight_decay: 0

Parameter Group 3
    dampening: 0
    initial_lr: 0.0001
    lr: 0.001
    momentum: 0.0
    nesterov: False
    weight_decay: 0
)
2019-01-18 15:02:44,833 *** Initial Checkpoint. Computing Stats
2019-01-18 15:02:44,834 	 Computing Major Stats lazily... 
2019-01-18 15:02:44,835 		 Completed edges=156 good=156 bad=0
2019-01-18 15:02:44,837 Distortion avg=0.9980532797070831 wc=11.301267687291855 me=0.005941110731069004 mc=1902.2146192616713 nan_elements=0
2019-01-18 15:02:44,837 MAP = 0.24660228660228659
2019-01-18 15:02:44,837 scale=[array([1.])]
2019-01-18 15:02:44,837 *** End Initial Checkpoint

2019-01-18 15:02:44,895 1 loss=0.9961119010409691
2019-01-18 15:02:44,896 2 loss=0.864327088115566
2019-01-18 15:02:44,896 3 loss=0.7566949110433302
2019-01-18 15:02:44,897 4 loss=0.6726659885936895
2019-01-18 15:02:44,898 5 loss=0.6068693624918294
2019-01-18 15:02:44,898 6 loss=0.5548262447083041
2019-01-18 15:02:44,899 7 loss=0.5131295659682749
2019-01-18 15:02:44,899 8 loss=0.47924453764377223
2019-01-18 15:02:44,900 9 loss=0.4512974386434618
2019-01-18 15:02:44,901 10 loss=0.4279039343306637
2019-01-18 15:02:44,901 
*** Major Checkpoint. Computing Stats and Saving
2019-01-18 15:02:44,901 	 Computing Major Stats lazily... 
2019-01-18 15:02:44,901 		 Completed edges=156 good=156 bad=0
2019-01-18 15:02:44,903 Distortion avg=0.5936994216267362 wc=12.402600776417186 me=1.2851686952837071 mc=9.65056246851644 nan_elements=0
2019-01-18 15:02:44,904 MAP = 0.14890368890368888
2019-01-18 15:02:44,904 scale=[array([1.])]
2019-01-18 15:02:44,904 *** End Major Checkpoint

2019-01-18 15:02:44,904 11 loss=0.40803870573239115
2019-01-18 15:02:44,905 12 loss=0.39093897140373607
2019-01-18 15:02:44,906 13 loss=0.3760338937329345
2019-01-18 15:02:44,906 14 loss=0.36289318191479325
2019-01-18 15:02:44,907 15 loss=0.3511897377375159
2019-01-18 15:02:44,907 16 loss=0.3406725064100157
2019-01-18 15:02:44,908 17 loss=0.331146722026142
2019-01-18 15:02:44,908 18 loss=0.32245950698363435
2019-01-18 15:02:44,909 19 loss=0.31448934963897285
2019-01-18 15:02:44,909 20 loss=0.3071383946801652
2019-01-18 15:02:44,909 
*** Major Checkpoint. Computing Stats and Saving
2019-01-18 15:02:44,910 	 Computing Major Stats lazily... 
2019-01-18 15:02:44,910 		 Completed edges=156 good=156 bad=0
2019-01-18 15:02:44,912 Distortion avg=0.5106431143828525 wc=9.264372583028596 me=1.54292863390644 mc=6.004407708458126 nan_elements=0
2019-01-18 15:02:44,912 MAP = 0.20995393495393494
2019-01-18 15:02:44,913 scale=[array([1.])]
2019-01-18 15:02:44,913 *** End Major Checkpoint

2019-01-18 15:02:44,913 21 loss=0.3003267768655225
2019-01-18 15:02:44,914 22 loss=0.2939884420726772
2019-01-18 15:02:44,914 23 loss=0.288068053130153
2019-01-18 15:02:44,915 24 loss=0.2825186884888324
2019-01-18 15:02:44,915 25 loss=0.27730012156411643
2019-01-18 15:02:44,916 26 loss=0.27237752624081774
2019-01-18 15:02:44,916 27 loss=0.26772049580452273
2019-01-18 15:02:44,917 28 loss=0.26330229289421914
2019-01-18 15:02:44,918 29 loss=0.25909927014514084
2019-01-18 15:02:44,918 30 loss=0.25509041729057025
2019-01-18 15:02:44,918 
*** Major Checkpoint. Computing Stats and Saving
2019-01-18 15:02:44,918 	 Computing Major Stats lazily... 
2019-01-18 15:02:44,919 		 Completed edges=156 good=156 bad=0
2019-01-18 15:02:44,921 Distortion avg=0.45210526880573015 wc=7.539794825049132 me=1.6065265263006696 mc=4.6932277193149945 nan_elements=0
2019-01-18 15:02:44,921 MAP = 0.3928248140748141
2019-01-18 15:02:44,921 scale=[array([1.])]
2019-01-18 15:02:44,921 *** End Major Checkpoint

2019-01-18 15:02:44,922 31 loss=0.25125700225724384
2019-01-18 15:02:44,923 32 loss=0.24758228240327462
2019-01-18 15:02:44,923 33 loss=0.24405126836456062
2019-01-18 15:02:44,924 34 loss=0.2406505276146793
2019-01-18 15:02:44,924 35 loss=0.23736801825412776
2019-01-18 15:02:44,925 36 loss=0.23419294605499125
2019-01-18 15:02:44,925 37 loss=0.2311156396357007
2019-01-18 15:02:44,926 38 loss=0.22812744000208987
2019-01-18 15:02:44,926 39 loss=0.22522060169330474
2019-01-18 15:02:44,927 40 loss=0.2223882035079624
2019-01-18 15:02:44,927 
*** Major Checkpoint. Computing Stats and Saving
2019-01-18 15:02:44,927 	 Computing Major Stats lazily... 
2019-01-18 15:02:44,928 		 Completed edges=156 good=156 bad=0
2019-01-18 15:02:44,930 Distortion avg=0.415128172393921 wc=6.7763040165910935 me=1.5743413816407217 mc=4.3042151439410645 nan_elements=0
2019-01-18 15:02:44,930 MAP = 0.468943833943834
2019-01-18 15:02:44,930 scale=[array([1.])]
2019-01-18 15:02:44,930 *** End Major Checkpoint

2019-01-18 15:02:44,931 41 loss=0.21962406732608777
2019-01-18 15:02:44,931 42 loss=0.2169226839364209
2019-01-18 15:02:44,932 43 loss=0.21427914506406787
2019-01-18 15:02:44,932 44 loss=0.21168908099787798
2019-01-18 15:02:44,933 45 loss=0.20914860336101343
2019-01-18 15:02:44,933 46 loss=0.20665425266745216
2019-01-18 15:02:44,934 47 loss=0.20420295037333516
2019-01-18 15:02:44,934 48 loss=0.2017919551740792
2019-01-18 15:02:44,935 49 loss=0.19941882332287147
2019-01-18 15:02:44,936 50 loss=0.1970813727588411
2019-01-18 15:02:44,936 
*** Major Checkpoint. Computing Stats and Saving
2019-01-18 15:02:44,936 	 Computing Major Stats lazily... 
2019-01-18 15:02:44,936 		 Completed edges=156 good=156 bad=0
2019-01-18 15:02:44,938 Distortion avg=0.3867255075632852 wc=6.458957547925248 me=1.507101105556913 mc=4.285682973829745 nan_elements=0
2019-01-18 15:02:44,939 MAP = 0.6366147741147741
2019-01-18 15:02:44,939 scale=[array([1.])]
2019-01-18 15:02:44,939 *** End Major Checkpoint

2019-01-18 15:02:44,939 final loss=0.1970813727588411
2019-01-18 15:02:44,939 best loss=0.1970813727588411, distortion=0.3867255075632852, map=0.6366147741147741, wc_dist=6.458957547925248
2019-01-18 15:02:44,939 	 Computing Major Stats lazily... 
2019-01-18 15:02:44,940 		 Completed edges=156 good=156 bad=0
2019-01-18 15:02:44,942 Distortion avg=0.3867255075632852 wc=6.458957547925248 me=1.507101105556913 mc=4.285682973829745 nan_elements=0
2019-01-18 15:02:44,942 MAP = 0.6366147741147741
2019-01-18 15:02:44,942 scale=[array([1.])]
