2019-01-18 15:08:39,942 Commandline ['pytorch/pytorch_hyperbolic.py', 'learn', 'data/edges/parsing/ewt/ewt_dev/1738.edges', '--dim', '0', '--hyp', '0', '--edim', '10', '--euc', '1', '--sdim', '0', '--sph', '0', '--log-name', 'ewt_devr2/1738.edges.E10-1.lr1.log', '--batch-size', '65536', '--epochs', '50', '--checkpoint-freq', '10', '-g', '--subsample', '1024', '--learning-rate', '1']
2019-01-18 15:08:39,942 No Model Save selected!
2019-01-18 15:08:39,944 Loaded Graph data/edges/parsing/ewt/ewt_dev/1738.edges with 20 nodes scale=1.0
2019-01-18 15:08:39,944 Building dataset
2019-01-18 15:08:39,944 Subsample: 20 points with scale 1.0 subsample=19
2019-01-18 15:08:39,966 Built Data Sampler
2019-01-18 15:08:39,966 Creating a fresh model warm_start?=None
2019-01-18 15:08:39,966 	 Warmstarting? None None 20
2019-01-18 15:08:39,966 Embedding() torch.Size([20, 10])
2019-01-18 15:08:39,966 relative No Rescale
2019-01-18 15:08:39,967 Constructed model with dim=0 and epochs=0 isnan=False
2019-01-18 15:08:39,967 SGD (
Parameter Group 0
    dampening: 0
    initial_lr: 0.1
    lr: 1.0
    momentum: 0.0
    nesterov: False
    weight_decay: 0

Parameter Group 1
    dampening: 0
    initial_lr: 0.1
    lr: 1.0
    momentum: 0.0
    nesterov: False
    weight_decay: 0

Parameter Group 2
    dampening: 0
    initial_lr: 0.1
    lr: 1.0
    momentum: 0.0
    nesterov: False
    weight_decay: 0

Parameter Group 3
    dampening: 0
    initial_lr: 0.0001
    lr: 0.001
    momentum: 0.0
    nesterov: False
    weight_decay: 0
)
2019-01-18 15:08:39,967 *** Initial Checkpoint. Computing Stats
2019-01-18 15:08:39,967 	 Computing Major Stats lazily... 
2019-01-18 15:08:39,969 		 Completed edges=380 good=380 bad=0
2019-01-18 15:08:39,972 Distortion avg=0.9982057520516557 wc=15.366980714657416 me=0.005941110731069004 mc=2586.550126779472 nan_elements=0
2019-01-18 15:08:39,972 MAP = 0.21508332343181413
2019-01-18 15:08:39,973 scale=[array([1.])]
2019-01-18 15:08:39,973 *** End Initial Checkpoint

2019-01-18 15:08:40,032 1 loss=0.9964159623698193
2019-01-18 15:08:40,033 2 loss=0.9254791150682599
2019-01-18 15:08:40,034 3 loss=0.8605845851950976
2019-01-18 15:08:40,034 4 loss=0.8033029808274771
2019-01-18 15:08:40,035 5 loss=0.7528448343273838
2019-01-18 15:08:40,036 6 loss=0.7083046961422232
2019-01-18 15:08:40,037 7 loss=0.6688568526078218
2019-01-18 15:08:40,037 8 loss=0.633783371866296
2019-01-18 15:08:40,038 9 loss=0.6024701629666778
2019-01-18 15:08:40,039 10 loss=0.5743954308697037
2019-01-18 15:08:40,039 
*** Major Checkpoint. Computing Stats and Saving
2019-01-18 15:08:40,039 	 Computing Major Stats lazily... 
2019-01-18 15:08:40,041 		 Completed edges=380 good=380 bad=0
2019-01-18 15:08:40,044 Distortion avg=0.7095920176926129 wc=18.873236233658787 me=1.0948452688422872 mc=17.238268064688036 nan_elements=0
2019-01-18 15:08:40,044 MAP = 0.10034206822016419
2019-01-18 15:08:40,044 scale=[array([1.])]
2019-01-18 15:08:40,044 *** End Major Checkpoint

2019-01-18 15:08:40,045 11 loss=0.5491169565562919
2019-01-18 15:08:40,046 12 loss=0.5262601795538014
2019-01-18 15:08:40,046 13 loss=0.5055076638891183
2019-01-18 15:08:40,047 14 loss=0.4865900327182446
2019-01-18 15:08:40,048 15 loss=0.4692782750524904
2019-01-18 15:08:40,048 16 loss=0.4533772677191087
2019-01-18 15:08:40,049 17 loss=0.4387203450661491
2019-01-18 15:08:40,050 18 loss=0.42516475852201036
2019-01-18 15:08:40,051 19 loss=0.41258788517976525
2019-01-18 15:08:40,051 20 loss=0.40088406340156313
2019-01-18 15:08:40,051 
*** Major Checkpoint. Computing Stats and Saving
2019-01-18 15:08:40,051 	 Computing Major Stats lazily... 
2019-01-18 15:08:40,053 		 Completed edges=380 good=380 bad=0
2019-01-18 15:08:40,056 Distortion avg=0.5969582786094458 wc=14.309215920345375 me=1.4068511345799364 mc=10.171094559068527 nan_elements=0
2019-01-18 15:08:40,056 MAP = 0.1088807791652219
2019-01-18 15:08:40,056 scale=[array([1.])]
2019-01-18 15:08:40,057 *** End Major Checkpoint

2019-01-18 15:08:40,057 21 loss=0.3899619515219488
2019-01-18 15:08:40,058 22 loss=0.37974232205245984
2019-01-18 15:08:40,059 23 loss=0.3701562180420809
2019-01-18 15:08:40,059 24 loss=0.3611434104491532
2019-01-18 15:08:40,060 25 loss=0.35265110569659713
2019-01-18 15:08:40,061 26 loss=0.3446328612342362
2019-01-18 15:08:40,062 27 loss=0.3370476741484996
2019-01-18 15:08:40,062 28 loss=0.32985921385664563
2019-01-18 15:08:40,063 29 loss=0.32303517489343936
2019-01-18 15:08:40,064 30 loss=0.3165467299117227
2019-01-18 15:08:40,064 
*** Major Checkpoint. Computing Stats and Saving
2019-01-18 15:08:40,064 	 Computing Major Stats lazily... 
2019-01-18 15:08:40,066 		 Completed edges=380 good=380 bad=0
2019-01-18 15:08:40,069 Distortion avg=0.5303979944937646 wc=12.606765421784647 me=1.6058640378193496 mc=7.8504562807843605 nan_elements=0
2019-01-18 15:08:40,069 MAP = 0.14819767435866507
2019-01-18 15:08:40,069 scale=[array([1.])]
2019-01-18 15:08:40,069 *** End Major Checkpoint

2019-01-18 15:08:40,071 31 loss=0.310368066418838
2019-01-18 15:08:40,071 32 loss=0.30447599358046035
2019-01-18 15:08:40,072 33 loss=0.29884960774429653
2019-01-18 15:08:40,073 34 loss=0.2934700072535243
2019-01-18 15:08:40,074 35 loss=0.28832004870444194
2019-01-18 15:08:40,074 36 loss=0.28338413811302043
2019-01-18 15:08:40,075 37 loss=0.2786480515391417
2019-01-18 15:08:40,076 38 loss=0.2740987806150174
2019-01-18 15:08:40,076 39 loss=0.2697243991683398
2019-01-18 15:08:40,077 40 loss=0.26551394774805004
2019-01-18 15:08:40,077 
*** Major Checkpoint. Computing Stats and Saving
2019-01-18 15:08:40,077 	 Computing Major Stats lazily... 
2019-01-18 15:08:40,079 		 Completed edges=380 good=380 bad=0
2019-01-18 15:08:40,082 Distortion avg=0.47706960084530436 wc=11.292655966469926 me=1.6939461381302863 mc=6.666478769469219 nan_elements=0
2019-01-18 15:08:40,082 MAP = 0.2180228178684061
2019-01-18 15:08:40,082 scale=[array([1.])]
2019-01-18 15:08:40,082 *** End Major Checkpoint

2019-01-18 15:08:40,083 41 loss=0.2614573333734047
2019-01-18 15:08:40,084 42 loss=0.2575452422534665
2019-01-18 15:08:40,085 43 loss=0.2537690635793082
2019-01-18 15:08:40,085 44 loss=0.25012082278739434
2019-01-18 15:08:40,086 45 loss=0.24659312294001828
2019-01-18 15:08:40,087 46 loss=0.24317909307567606
2019-01-18 15:08:40,087 47 loss=0.239872342555783
2019-01-18 15:08:40,088 48 loss=0.23666692057987782
2019-01-18 15:08:40,089 49 loss=0.23355728016411617
2019-01-18 15:08:40,090 50 loss=0.23053824598131292
2019-01-18 15:08:40,090 
*** Major Checkpoint. Computing Stats and Saving
2019-01-18 15:08:40,090 	 Computing Major Stats lazily... 
2019-01-18 15:08:40,091 		 Completed edges=380 good=380 bad=0
2019-01-18 15:08:40,095 Distortion avg=0.4351097888294528 wc=10.321356811029961 me=1.745227482250373 mc=5.9140466878971845 nan_elements=0
2019-01-18 15:08:40,095 MAP = 0.2799950928700929
2019-01-18 15:08:40,095 scale=[array([1.])]
2019-01-18 15:08:40,095 *** End Major Checkpoint

2019-01-18 15:08:40,095 final loss=0.23053824598131292
2019-01-18 15:08:40,095 best loss=0.23053824598131292, distortion=0.4351097888294528, map=0.2799950928700929, wc_dist=10.321356811029961
2019-01-18 15:08:40,095 	 Computing Major Stats lazily... 
2019-01-18 15:08:40,097 		 Completed edges=380 good=380 bad=0
2019-01-18 15:08:40,100 Distortion avg=0.4351097888294524 wc=10.321356811029961 me=1.745227482250373 mc=5.9140466878971845 nan_elements=0
2019-01-18 15:08:40,100 MAP = 0.27999509287009283
2019-01-18 15:08:40,100 scale=[array([1.])]
