2019-01-18 14:50:22,587 Commandline ['pytorch/pytorch_hyperbolic.py', 'learn', 'data/edges/parsing/ewt/ewt_dev/1752.edges', '--dim', '0', '--hyp', '0', '--edim', '10', '--euc', '1', '--sdim', '0', '--sph', '0', '--log-name', 'ewt_devr2/1752.edges.E10-1.lr1.log', '--batch-size', '65536', '--epochs', '50', '--checkpoint-freq', '10', '-g', '--subsample', '1024', '--learning-rate', '1']
2019-01-18 14:50:22,587 No Model Save selected!
2019-01-18 14:50:22,589 Loaded Graph data/edges/parsing/ewt/ewt_dev/1752.edges with 7 nodes scale=1.0
2019-01-18 14:50:22,589 Building dataset
2019-01-18 14:50:22,589 Subsample: 7 points with scale 1.0 subsample=6
2019-01-18 14:50:22,594 Built Data Sampler
2019-01-18 14:50:22,595 Creating a fresh model warm_start?=None
2019-01-18 14:50:22,595 	 Warmstarting? None None 7
2019-01-18 14:50:22,595 Embedding() torch.Size([7, 10])
2019-01-18 14:50:22,595 relative No Rescale
2019-01-18 14:50:22,596 Constructed model with dim=0 and epochs=0 isnan=False
2019-01-18 14:50:22,596 SGD (
Parameter Group 0
    dampening: 0
    initial_lr: 0.1
    lr: 1.0
    momentum: 0.0
    nesterov: False
    weight_decay: 0

Parameter Group 1
    dampening: 0
    initial_lr: 0.1
    lr: 1.0
    momentum: 0.0
    nesterov: False
    weight_decay: 0

Parameter Group 2
    dampening: 0
    initial_lr: 0.1
    lr: 1.0
    momentum: 0.0
    nesterov: False
    weight_decay: 0

Parameter Group 3
    dampening: 0
    initial_lr: 0.0001
    lr: 0.001
    momentum: 0.0
    nesterov: False
    weight_decay: 0
)
2019-01-18 14:50:22,596 *** Initial Checkpoint. Computing Stats
2019-01-18 14:50:22,596 	 Computing Major Stats lazily... 
2019-01-18 14:50:22,597 		 Completed edges=42 good=42 bad=0
2019-01-18 14:50:22,598 Distortion avg=0.9973693068346263 wc=5.448327215027938 me=0.005628252251848828 mc=968.0318100949036 nan_elements=0
2019-01-18 14:50:22,598 MAP = 0.457936507936508
2019-01-18 14:50:22,599 scale=[array([1.])]
2019-01-18 14:50:22,599 *** End Initial Checkpoint

2019-01-18 14:50:22,657 1 loss=0.9947474671414666
2019-01-18 14:50:22,657 2 loss=0.6069199909771291
2019-01-18 14:50:22,658 3 loss=0.4275641914045607
2019-01-18 14:50:22,658 4 loss=0.34290441439996405
2019-01-18 14:50:22,659 5 loss=0.29604868508796534
2019-01-18 14:50:22,659 6 loss=0.26548420378353094
2019-01-18 14:50:22,660 7 loss=0.2429243672200737
2019-01-18 14:50:22,660 8 loss=0.2249017451243137
2019-01-18 14:50:22,661 9 loss=0.20977371941251638
2019-01-18 14:50:22,661 10 loss=0.1966458614001224
2019-01-18 14:50:22,661 
*** Major Checkpoint. Computing Stats and Saving
2019-01-18 14:50:22,662 	 Computing Major Stats lazily... 
2019-01-18 14:50:22,662 		 Completed edges=42 good=42 bad=0
2019-01-18 14:50:22,663 Distortion avg=0.3903040239405051 wc=4.859010335411689 me=1.3938265345718241 mc=3.4860940116227237 nan_elements=0
2019-01-18 14:50:22,663 MAP = 0.6317460317460318
2019-01-18 14:50:22,664 scale=[array([1.])]
2019-01-18 14:50:22,664 *** End Major Checkpoint

2019-01-18 14:50:22,664 11 loss=0.18496982052653702
2019-01-18 14:50:22,665 12 loss=0.17438280322628588
2019-01-18 14:50:22,665 13 loss=0.1646361796994703
2019-01-18 14:50:22,665 14 loss=0.1555584544281782
2019-01-18 14:50:22,666 15 loss=0.14703256679778187
2019-01-18 14:50:22,666 16 loss=0.13898008596156414
2019-01-18 14:50:22,667 17 loss=0.1313494724562271
2019-01-18 14:50:22,667 18 loss=0.12410723694424657
2019-01-18 14:50:22,668 19 loss=0.1172313899346379
2019-01-18 14:50:22,668 20 loss=0.11070675028239199
2019-01-18 14:50:22,668 
*** Major Checkpoint. Computing Stats and Saving
2019-01-18 14:50:22,668 	 Computing Major Stats lazily... 
2019-01-18 14:50:22,669 		 Completed edges=42 good=42 bad=0
2019-01-18 14:50:22,670 Distortion avg=0.28544657261486844 wc=3.22598793474111 me=1.3117812477470674 mc=2.4592423014748968 nan_elements=0
2019-01-18 14:50:22,670 MAP = 1.0
2019-01-18 14:50:22,670 scale=[array([1.])]
2019-01-18 14:50:22,670 *** End Major Checkpoint

2019-01-18 14:50:22,671 21 loss=0.10452173485839672
2019-01-18 14:50:22,671 22 loss=0.09866628531857445
2019-01-18 14:50:22,672 23 loss=0.09313062908595318
2019-01-18 14:50:22,672 24 loss=0.08790462237282223
2019-01-18 14:50:22,673 25 loss=0.08297747708699846
2019-01-18 14:50:22,673 26 loss=0.0783377242945323
2019-01-18 14:50:22,673 27 loss=0.07397331039070895
2019-01-18 14:50:22,674 28 loss=0.06987175662731031
2019-01-18 14:50:22,674 29 loss=0.06602033835540717
2019-01-18 14:50:22,675 30 loss=0.06240625848130336
2019-01-18 14:50:22,675 
*** Major Checkpoint. Computing Stats and Saving
2019-01-18 14:50:22,675 	 Computing Major Stats lazily... 
2019-01-18 14:50:22,675 		 Completed edges=42 good=42 bad=0
2019-01-18 14:50:22,677 Distortion avg=0.21066605727523152 wc=2.308753137379448 me=1.1981574054718596 mc=1.9269197242662892 nan_elements=0
2019-01-18 14:50:22,677 MAP = 1.0
2019-01-18 14:50:22,677 scale=[array([1.])]
2019-01-18 14:50:22,677 *** End Major Checkpoint

2019-01-18 14:50:22,677 31 loss=0.05901680178179818
2019-01-18 14:50:22,678 32 loss=0.055839464438029965
2019-01-18 14:50:22,678 33 loss=0.05286205775211671
2019-01-18 14:50:22,679 34 loss=0.050072787544334814
2019-01-18 14:50:22,679 35 loss=0.04746031194860279
2019-01-18 14:50:22,680 36 loss=0.04501378075516088
2019-01-18 14:50:22,680 37 loss=0.04272285943713277
2019-01-18 14:50:22,681 38 loss=0.040577740758939086
2019-01-18 14:50:22,681 39 loss=0.038569146528516264
2019-01-18 14:50:22,682 40 loss=0.03668832169453633
2019-01-18 14:50:22,682 
*** Major Checkpoint. Computing Stats and Saving
2019-01-18 14:50:22,682 	 Computing Major Stats lazily... 
2019-01-18 14:50:22,682 		 Completed edges=42 good=42 bad=0
2019-01-18 14:50:22,683 Distortion avg=0.15871656322112151 wc=1.8867056212307531 me=1.1643660893424526 mc=1.6203714952710657 nan_elements=0
2019-01-18 14:50:22,684 MAP = 1.0
2019-01-18 14:50:22,684 scale=[array([1.])]
2019-01-18 14:50:22,684 *** End Major Checkpoint

2019-01-18 14:50:22,684 41 loss=0.03492702264208623
2019-01-18 14:50:22,685 42 loss=0.03327750122304894
2019-01-18 14:50:22,685 43 loss=0.031732485777114246
2019-01-18 14:50:22,686 44 loss=0.03028516015662961
2019-01-18 14:50:22,686 45 loss=0.02892914156139234
2019-01-18 14:50:22,687 46 loss=0.027658457814896033
2019-01-18 14:50:22,687 47 loss=0.02646752456803451
2019-01-18 14:50:22,688 48 loss=0.025351122796377856
2019-01-18 14:50:22,688 49 loss=0.02430437685954316
2019-01-18 14:50:22,688 50 loss=0.023322733312754064
2019-01-18 14:50:22,689 
*** Major Checkpoint. Computing Stats and Saving
2019-01-18 14:50:22,689 	 Computing Major Stats lazily... 
2019-01-18 14:50:22,689 		 Completed edges=42 good=42 bad=0
2019-01-18 14:50:22,690 Distortion avg=0.12457568013418399 wc=1.6764407581301355 me=1.1615376316990196 mc=1.4432943990613116 nan_elements=0
2019-01-18 14:50:22,690 MAP = 1.0
2019-01-18 14:50:22,690 scale=[array([1.])]
2019-01-18 14:50:22,691 *** End Major Checkpoint

2019-01-18 14:50:22,691 final loss=0.023322733312754064
2019-01-18 14:50:22,691 best loss=0.023322733312754064, distortion=0.12457568013418399, map=1.0, wc_dist=1.6764407581301355
2019-01-18 14:50:22,691 	 Computing Major Stats lazily... 
2019-01-18 14:50:22,691 		 Completed edges=42 good=42 bad=0
2019-01-18 14:50:22,692 Distortion avg=0.12457568013418399 wc=1.6764407581301355 me=1.1615376316990196 mc=1.4432943990613116 nan_elements=0
2019-01-18 14:50:22,692 MAP = 1.0
2019-01-18 14:50:22,693 scale=[array([1.])]
