2019-01-18 14:49:07,644 Commandline ['pytorch/pytorch_hyperbolic.py', 'learn', 'data/edges/parsing/ewt/ewt_dev/1754.edges', '--dim', '0', '--hyp', '0', '--edim', '10', '--euc', '1', '--sdim', '0', '--sph', '0', '--log-name', 'ewt_devr2/1754.edges.E10-1.lr1.log', '--batch-size', '65536', '--epochs', '50', '--checkpoint-freq', '10', '-g', '--subsample', '1024', '--learning-rate', '1']
2019-01-18 14:49:07,644 No Model Save selected!
2019-01-18 14:49:07,646 Loaded Graph data/edges/parsing/ewt/ewt_dev/1754.edges with 19 nodes scale=1.0
2019-01-18 14:49:07,646 Building dataset
2019-01-18 14:49:07,647 Subsample: 19 points with scale 1.0 subsample=18
2019-01-18 14:49:07,666 Built Data Sampler
2019-01-18 14:49:07,666 Creating a fresh model warm_start?=None
2019-01-18 14:49:07,666 	 Warmstarting? None None 19
2019-01-18 14:49:07,667 Embedding() torch.Size([19, 10])
2019-01-18 14:49:07,667 relative No Rescale
2019-01-18 14:49:07,667 Constructed model with dim=0 and epochs=0 isnan=False
2019-01-18 14:49:07,667 SGD (
Parameter Group 0
    dampening: 0
    initial_lr: 0.1
    lr: 1.0
    momentum: 0.0
    nesterov: False
    weight_decay: 0

Parameter Group 1
    dampening: 0
    initial_lr: 0.1
    lr: 1.0
    momentum: 0.0
    nesterov: False
    weight_decay: 0

Parameter Group 2
    dampening: 0
    initial_lr: 0.1
    lr: 1.0
    momentum: 0.0
    nesterov: False
    weight_decay: 0

Parameter Group 3
    dampening: 0
    initial_lr: 0.0001
    lr: 0.001
    momentum: 0.0
    nesterov: False
    weight_decay: 0
)
2019-01-18 14:49:07,667 *** Initial Checkpoint. Computing Stats
2019-01-18 14:49:07,667 	 Computing Major Stats lazily... 
2019-01-18 14:49:07,669 		 Completed edges=342 good=342 bad=0
2019-01-18 14:49:07,673 Distortion avg=0.9983187085243839 wc=10.01242410171687 me=0.0056666017499448365 mc=1766.9186125201652 nan_elements=0
2019-01-18 14:49:07,673 MAP = 0.2859216291104836
2019-01-18 14:49:07,673 scale=[array([1.])]
2019-01-18 14:49:07,673 *** End Initial Checkpoint

2019-01-18 14:49:07,732 1 loss=0.9966413569500189
2019-01-18 14:49:07,733 2 loss=0.9299067556077886
2019-01-18 14:49:07,734 3 loss=0.8677673469932816
2019-01-18 14:49:07,735 4 loss=0.8124105994691526
2019-01-18 14:49:07,735 5 loss=0.7633513935332845
2019-01-18 14:49:07,736 6 loss=0.719886110307657
2019-01-18 14:49:07,737 7 loss=0.6813256702350764
2019-01-18 14:49:07,737 8 loss=0.6470440806235993
2019-01-18 14:49:07,738 9 loss=0.6164876631639986
2019-01-18 14:49:07,739 10 loss=0.5891726398303573
2019-01-18 14:49:07,739 
*** Major Checkpoint. Computing Stats and Saving
2019-01-18 14:49:07,739 	 Computing Major Stats lazily... 
2019-01-18 14:49:07,741 		 Completed edges=342 good=342 bad=0
2019-01-18 14:49:07,744 Distortion avg=0.7196843531578178 wc=15.596559442008525 me=0.9257575410672041 mc=16.847347982743912 nan_elements=0
2019-01-18 14:49:07,744 MAP = 0.11118050508143389
2019-01-18 14:49:07,744 scale=[array([1.])]
2019-01-18 14:49:07,744 *** End Major Checkpoint

2019-01-18 14:49:07,745 11 loss=0.5646789699329616
2019-01-18 14:49:07,746 12 loss=0.5426432113957583
2019-01-18 14:49:07,747 13 loss=0.52275148460056
2019-01-18 14:49:07,747 14 loss=0.5047329624774907
2019-01-18 14:49:07,748 15 loss=0.4883540321872575
2019-01-18 14:49:07,749 16 loss=0.473413149368444
2019-01-18 14:49:07,749 17 loss=0.459736350231445
2019-01-18 14:49:07,750 18 loss=0.44717336355922727
2019-01-18 14:49:07,751 19 loss=0.4355942573114628
2019-01-18 14:49:07,751 20 loss=0.4248865549464508
2019-01-18 14:49:07,751 
*** Major Checkpoint. Computing Stats and Saving
2019-01-18 14:49:07,752 	 Computing Major Stats lazily... 
2019-01-18 14:49:07,753 		 Completed edges=342 good=342 bad=0
2019-01-18 14:49:07,756 Distortion avg=0.609393777016106 wc=13.849622288256452 me=1.3837786204985305 mc=10.00855345146674 nan_elements=0
2019-01-18 14:49:07,756 MAP = 0.12090199102583003
2019-01-18 14:49:07,757 scale=[array([1.])]
2019-01-18 14:49:07,757 *** End Major Checkpoint

2019-01-18 14:49:07,758 21 loss=0.4149527606828109
2019-01-18 14:49:07,758 22 loss=0.4057082385938096
2019-01-18 14:49:07,759 23 loss=0.39707939654749946
2019-01-18 14:49:07,760 24 loss=0.3890021320002476
2019-01-18 14:49:07,760 25 loss=0.3814205022373139
2019-01-18 14:49:07,761 26 loss=0.37428558671036016
2019-01-18 14:49:07,762 27 loss=0.3675545136147429
2019-01-18 14:49:07,762 28 loss=0.3611896267929371
2019-01-18 14:49:07,763 29 loss=0.355157772482063
2019-01-18 14:49:07,764 30 loss=0.3494296883914336
2019-01-18 14:49:07,764 
*** Major Checkpoint. Computing Stats and Saving
2019-01-18 14:49:07,764 	 Computing Major Stats lazily... 
2019-01-18 14:49:07,765 		 Completed edges=342 good=342 bad=0
2019-01-18 14:49:07,768 Distortion avg=0.5531363327465375 wc=12.297105378955022 me=1.6128580002342936 mc=7.6244191225567715 nan_elements=0
2019-01-18 14:49:07,768 MAP = 0.14582987789644136
2019-01-18 14:49:07,769 scale=[array([1.])]
2019-01-18 14:49:07,769 *** End Major Checkpoint

2019-01-18 14:49:07,769 31 loss=0.34397948015151714
2019-01-18 14:49:07,770 32 loss=0.3387841723687632
2019-01-18 14:49:07,771 33 loss=0.3338233233982014
2019-01-18 14:49:07,771 34 loss=0.32907869455004063
2019-01-18 14:49:07,772 35 loss=0.3245339658156067
2019-01-18 14:49:07,773 36 loss=0.3201744913651935
2019-01-18 14:49:07,774 37 loss=0.3159870890648596
2019-01-18 14:49:07,774 38 loss=0.31195985910609464
2019-01-18 14:49:07,775 39 loss=0.30808202756330777
2019-01-18 14:49:07,776 40 loss=0.30434381130792104
2019-01-18 14:49:07,776 
*** Major Checkpoint. Computing Stats and Saving
2019-01-18 14:49:07,776 	 Computing Major Stats lazily... 
2019-01-18 14:49:07,777 		 Completed edges=342 good=342 bad=0
2019-01-18 14:49:07,780 Distortion avg=0.5080826427735968 wc=10.976537303471341 me=1.7204003913263926 mc=6.380222510301024 nan_elements=0
2019-01-18 14:49:07,780 MAP = 0.25062963352437034
2019-01-18 14:49:07,781 scale=[array([1.])]
2019-01-18 14:49:07,781 *** End Major Checkpoint

2019-01-18 14:49:07,781 41 loss=0.300736301230417
2019-01-18 14:49:07,782 42 loss=0.29725136116665263
2019-01-18 14:49:07,783 43 loss=0.2938815403036981
2019-01-18 14:49:07,783 44 loss=0.29061999716330744
2019-01-18 14:49:07,784 45 loss=0.2874604335362611
2019-01-18 14:49:07,785 46 loss=0.28439703697542157
2019-01-18 14:49:07,786 47 loss=0.2814244306554418
2019-01-18 14:49:07,786 48 loss=0.27853762957785927
2019-01-18 14:49:07,787 49 loss=0.2757320022461346
2019-01-18 14:49:07,788 50 loss=0.2730032370598015
2019-01-18 14:49:07,788 
*** Major Checkpoint. Computing Stats and Saving
2019-01-18 14:49:07,788 	 Computing Major Stats lazily... 
2019-01-18 14:49:07,789 		 Completed edges=342 good=342 bad=0
2019-01-18 14:49:07,792 Distortion avg=0.47268759509502395 wc=10.093608658461543 me=1.7640073344503944 mc=5.721976582147474 nan_elements=0
2019-01-18 14:49:07,792 MAP = 0.30244574139310987
2019-01-18 14:49:07,793 scale=[array([1.])]
2019-01-18 14:49:07,793 *** End Major Checkpoint

2019-01-18 14:49:07,793 final loss=0.2730032370598015
2019-01-18 14:49:07,793 best loss=0.2730032370598015, distortion=0.47268759509502395, map=0.30244574139310987, wc_dist=10.093608658461543
2019-01-18 14:49:07,793 	 Computing Major Stats lazily... 
2019-01-18 14:49:07,794 		 Completed edges=342 good=342 bad=0
2019-01-18 14:49:07,797 Distortion avg=0.47268759509502406 wc=10.093608658461543 me=1.7640073344503944 mc=5.721976582147474 nan_elements=0
2019-01-18 14:49:07,797 MAP = 0.3024457413931099
2019-01-18 14:49:07,797 scale=[array([1.])]
