2019-01-18 14:51:51,799 Commandline ['pytorch/pytorch_hyperbolic.py', 'learn', 'data/edges/parsing/ewt/ewt_dev/1756.edges', '--dim', '0', '--hyp', '0', '--edim', '10', '--euc', '1', '--sdim', '0', '--sph', '0', '--log-name', 'ewt_devr2/1756.edges.E10-1.lr1.log', '--batch-size', '65536', '--epochs', '50', '--checkpoint-freq', '10', '-g', '--subsample', '1024', '--learning-rate', '1']
2019-01-18 14:51:51,799 No Model Save selected!
2019-01-18 14:51:51,801 Loaded Graph data/edges/parsing/ewt/ewt_dev/1756.edges with 12 nodes scale=1.0
2019-01-18 14:51:51,801 Building dataset
2019-01-18 14:51:51,802 Subsample: 12 points with scale 1.0 subsample=11
2019-01-18 14:51:51,812 Built Data Sampler
2019-01-18 14:51:51,812 Creating a fresh model warm_start?=None
2019-01-18 14:51:51,812 	 Warmstarting? None None 12
2019-01-18 14:51:51,813 Embedding() torch.Size([12, 10])
2019-01-18 14:51:51,813 relative No Rescale
2019-01-18 14:51:51,813 Constructed model with dim=0 and epochs=0 isnan=False
2019-01-18 14:51:51,813 SGD (
Parameter Group 0
    dampening: 0
    initial_lr: 0.1
    lr: 1.0
    momentum: 0.0
    nesterov: False
    weight_decay: 0

Parameter Group 1
    dampening: 0
    initial_lr: 0.1
    lr: 1.0
    momentum: 0.0
    nesterov: False
    weight_decay: 0

Parameter Group 2
    dampening: 0
    initial_lr: 0.1
    lr: 1.0
    momentum: 0.0
    nesterov: False
    weight_decay: 0

Parameter Group 3
    dampening: 0
    initial_lr: 0.0001
    lr: 0.001
    momentum: 0.0
    nesterov: False
    weight_decay: 0
)
2019-01-18 14:51:51,813 *** Initial Checkpoint. Computing Stats
2019-01-18 14:51:51,813 	 Computing Major Stats lazily... 
2019-01-18 14:51:51,815 		 Completed edges=132 good=132 bad=0
2019-01-18 14:51:51,817 Distortion avg=0.9977660636972029 wc=7.916657124473226 me=0.005941110731069004 mc=1332.521389152556 nan_elements=0
2019-01-18 14:51:51,817 MAP = 0.28815493369064804
2019-01-18 14:51:51,817 scale=[array([1.])]
2019-01-18 14:51:51,817 *** End Initial Checkpoint

2019-01-18 14:51:51,874 1 loss=0.995538547788224
2019-01-18 14:51:51,875 2 loss=0.8082737891608168
2019-01-18 14:51:51,875 3 loss=0.6708734983254879
2019-01-18 14:51:51,876 4 loss=0.5722294018218496
2019-01-18 14:51:51,877 5 loss=0.4990739168519832
2019-01-18 14:51:51,877 6 loss=0.4429029939897057
2019-01-18 14:51:51,878 7 loss=0.3983928786734576
2019-01-18 14:51:51,878 8 loss=0.3621679776778727
2019-01-18 14:51:51,879 9 loss=0.33203689613745335
2019-01-18 14:51:51,879 10 loss=0.3065355720816889
2019-01-18 14:51:51,879 
*** Major Checkpoint. Computing Stats and Saving
2019-01-18 14:51:51,879 	 Computing Major Stats lazily... 
2019-01-18 14:51:51,880 		 Completed edges=132 good=132 bad=0
2019-01-18 14:51:51,882 Distortion avg=0.49688368357271917 wc=6.628596889558808 me=1.3266834702025918 mc=4.9963665323625275 nan_elements=0
2019-01-18 14:51:51,882 MAP = 0.19391201556380125
2019-01-18 14:51:51,882 scale=[array([1.])]
2019-01-18 14:51:51,883 *** End Major Checkpoint

2019-01-18 14:51:51,883 11 loss=0.28465477342118056
2019-01-18 14:51:51,884 12 loss=0.2656760681681561
2019-01-18 14:51:51,884 13 loss=0.2490716131973845
2019-01-18 14:51:51,885 14 loss=0.23444181997983676
2019-01-18 14:51:51,885 15 loss=0.22147580704686706
2019-01-18 14:51:51,886 16 loss=0.2099257854335042
2019-01-18 14:51:51,886 17 loss=0.1995901145058718
2019-01-18 14:51:51,887 18 loss=0.19030185061282978
2019-01-18 14:51:51,887 19 loss=0.18192083679088755
2019-01-18 14:51:51,888 20 loss=0.17432811357527123
2019-01-18 14:51:51,888 
*** Major Checkpoint. Computing Stats and Saving
2019-01-18 14:51:51,888 	 Computing Major Stats lazily... 
2019-01-18 14:51:51,889 		 Completed edges=132 good=132 bad=0
2019-01-18 14:51:51,891 Distortion avg=0.37198509668914537 wc=4.884800036636882 me=1.5378669606385227 mc=3.176347604612503 nan_elements=0
2019-01-18 14:51:51,891 MAP = 0.4951914983164983
2019-01-18 14:51:51,891 scale=[array([1.])]
2019-01-18 14:51:51,891 *** End Major Checkpoint

2019-01-18 14:51:51,892 21 loss=0.1674218754706416
2019-01-18 14:51:51,892 22 loss=0.16111447251055097
2019-01-18 14:51:51,893 23 loss=0.15533012934339938
2019-01-18 14:51:51,893 24 loss=0.15000316497749128
2019-01-18 14:51:51,894 25 loss=0.1450765681719648
2019-01-18 14:51:51,894 26 loss=0.14050083066408436
2019-01-18 14:51:51,895 27 loss=0.136232971724446
2019-01-18 14:51:51,896 28 loss=0.13223570842904073
2019-01-18 14:51:51,896 29 loss=0.12847674005148926
2019-01-18 14:51:51,897 30 loss=0.12492812440089629
2019-01-18 14:51:51,897 
*** Major Checkpoint. Computing Stats and Saving
2019-01-18 14:51:51,897 	 Computing Major Stats lazily... 
2019-01-18 14:51:51,898 		 Completed edges=132 good=132 bad=0
2019-01-18 14:51:51,900 Distortion avg=0.30614650995915615 wc=4.052268953547269 me=1.6072817650668498 mc=2.5211938825043085 nan_elements=0
2019-01-18 14:51:51,900 MAP = 0.745358560090703
2019-01-18 14:51:51,900 scale=[array([1.])]
2019-01-18 14:51:51,900 *** End Major Checkpoint

2019-01-18 14:51:51,901 31 loss=0.12156573027140614
2019-01-18 14:51:51,901 32 loss=0.1183687544357711
2019-01-18 14:51:51,902 33 loss=0.11531929448398265
2019-01-18 14:51:51,902 34 loss=0.11240197073718101
2019-01-18 14:51:51,903 35 loss=0.10960359176785363
2019-01-18 14:51:51,903 36 loss=0.10691285894185794
2019-01-18 14:51:51,904 37 loss=0.10432010601064647
2019-01-18 14:51:51,904 38 loss=0.10181707022137976
2019-01-18 14:51:51,905 39 loss=0.09939669174434544
2019-01-18 14:51:51,906 40 loss=0.09705293848468528
2019-01-18 14:51:51,906 
*** Major Checkpoint. Computing Stats and Saving
2019-01-18 14:51:51,906 	 Computing Major Stats lazily... 
2019-01-18 14:51:51,906 		 Completed edges=132 good=132 bad=0
2019-01-18 14:51:51,908 Distortion avg=0.2671304810082257 wc=3.483622248955633 me=1.5674673859658015 mc=2.222452779653329 nan_elements=0
2019-01-18 14:51:51,908 MAP = 0.7968442932728648
2019-01-18 14:51:51,909 scale=[array([1.])]
2019-01-18 14:51:51,909 *** End Major Checkpoint

2019-01-18 14:51:51,909 41 loss=0.09478065357655144
2019-01-18 14:51:51,910 42 loss=0.0925754230691357
2019-01-18 14:51:51,910 43 loss=0.09043346151471038
2019-01-18 14:51:51,911 44 loss=0.0883515133630588
2019-01-18 14:51:51,911 45 loss=0.08632676825552359
2019-01-18 14:51:51,912 46 loss=0.08435678849465877
2019-01-18 14:51:51,912 47 loss=0.08243944714062823
2019-01-18 14:51:51,913 48 loss=0.08057287535135425
2019-01-18 14:51:51,913 49 loss=0.07875541773849605
2019-01-18 14:51:51,914 50 loss=0.07698559465455246
2019-01-18 14:51:51,914 
*** Major Checkpoint. Computing Stats and Saving
2019-01-18 14:51:51,914 	 Computing Major Stats lazily... 
2019-01-18 14:51:51,915 		 Completed edges=132 good=132 bad=0
2019-01-18 14:51:51,917 Distortion avg=0.23649881304260803 wc=3.149581290323078 me=1.4873582604976578 mc=2.1175673500944243 nan_elements=0
2019-01-18 14:51:51,917 MAP = 0.9429563492063492
2019-01-18 14:51:51,917 scale=[array([1.])]
2019-01-18 14:51:51,917 *** End Major Checkpoint

2019-01-18 14:51:51,917 final loss=0.07698559465455246
2019-01-18 14:51:51,917 best loss=0.07698559465455246, distortion=0.23649881304260803, map=0.9429563492063492, wc_dist=3.149581290323078
2019-01-18 14:51:51,917 	 Computing Major Stats lazily... 
2019-01-18 14:51:51,918 		 Completed edges=132 good=132 bad=0
2019-01-18 14:51:51,920 Distortion avg=0.23649881304260814 wc=3.149581290323078 me=1.4873582604976578 mc=2.1175673500944243 nan_elements=0
2019-01-18 14:51:51,920 MAP = 0.9429563492063493
2019-01-18 14:51:51,920 scale=[array([1.])]
