2019-01-18 14:40:42,216 Commandline ['pytorch/pytorch_hyperbolic.py', 'learn', 'data/edges/parsing/ewt/ewt_dev/1757.edges', '--dim', '0', '--hyp', '0', '--edim', '10', '--euc', '1', '--sdim', '0', '--sph', '0', '--log-name', 'ewt_devr2/1757.edges.E10-1.lr1.log', '--batch-size', '65536', '--epochs', '50', '-g', '--subsample', '1024', '--learning-rate', '1']
2019-01-18 14:40:42,216 No Model Save selected!
2019-01-18 14:40:42,217 Loaded Graph data/edges/parsing/ewt/ewt_dev/1757.edges with 4 nodes scale=1.0
2019-01-18 14:40:42,217 Building dataset
2019-01-18 14:40:42,218 Subsample: 4 points with scale 1.0 subsample=3
2019-01-18 14:40:42,221 Built Data Sampler
2019-01-18 14:40:42,221 Creating a fresh model warm_start?=None
2019-01-18 14:40:42,221 	 Warmstarting? None None 4
2019-01-18 14:40:42,221 Embedding() torch.Size([4, 10])
2019-01-18 14:40:42,222 relative No Rescale
2019-01-18 14:40:42,222 Constructed model with dim=0 and epochs=0 isnan=False
2019-01-18 14:40:42,222 SGD (
Parameter Group 0
    dampening: 0
    initial_lr: 0.1
    lr: 1.0
    momentum: 0.0
    nesterov: False
    weight_decay: 0

Parameter Group 1
    dampening: 0
    initial_lr: 0.1
    lr: 1.0
    momentum: 0.0
    nesterov: False
    weight_decay: 0

Parameter Group 2
    dampening: 0
    initial_lr: 0.1
    lr: 1.0
    momentum: 0.0
    nesterov: False
    weight_decay: 0

Parameter Group 3
    dampening: 0
    initial_lr: 0.0001
    lr: 0.001
    momentum: 0.0
    nesterov: False
    weight_decay: 0
)
2019-01-18 14:40:42,222 *** Initial Checkpoint. Computing Stats
2019-01-18 14:40:42,222 	 Computing Major Stats lazily... 
2019-01-18 14:40:42,223 		 Completed edges=12 good=12 bad=0
2019-01-18 14:40:42,224 Distortion avg=0.9968354072523257 wc=4.364565737859869 me=0.005628252251848828 mc=775.4744355010297 nan_elements=0
2019-01-18 14:40:42,224 MAP = 0.6875
2019-01-18 14:40:42,224 scale=[array([1.])]
2019-01-18 14:40:42,224 *** End Initial Checkpoint

2019-01-18 14:40:42,282 1 loss=0.9936832202789656
2019-01-18 14:40:42,282 2 loss=0.23329844994257695
2019-01-18 14:40:42,283 3 loss=0.18000549600636453
2019-01-18 14:40:42,283 4 loss=0.13725259061632808
2019-01-18 14:40:42,284 5 loss=0.10563354717664736
2019-01-18 14:40:42,284 6 loss=0.08203473461876658
2019-01-18 14:40:42,284 7 loss=0.06394433123042903
2019-01-18 14:40:42,285 8 loss=0.050057973783984834
2019-01-18 14:40:42,285 9 loss=0.0394915663247685
2019-01-18 14:40:42,286 10 loss=0.03147658558935556
2019-01-18 14:40:42,286 11 loss=0.025373881683033932
2019-01-18 14:40:42,287 12 loss=0.02069161074935885
2019-01-18 14:40:42,287 13 loss=0.017065236879576052
2019-01-18 14:40:42,287 14 loss=0.014227867830690221
2019-01-18 14:40:42,288 15 loss=0.011984466939176644
2019-01-18 14:40:42,288 16 loss=0.010192108548100846
2019-01-18 14:40:42,289 17 loss=0.008745477889064107
2019-01-18 14:40:42,289 18 loss=0.007566415151690192
2019-01-18 14:40:42,290 19 loss=0.006596437262388216
2019-01-18 14:40:42,290 20 loss=0.005791400675304815
2019-01-18 14:40:42,290 21 loss=0.005117685404020676
2019-01-18 14:40:42,291 22 loss=0.0045494549910093
2019-01-18 14:40:42,291 23 loss=0.0040666774579290995
2019-01-18 14:40:42,292 24 loss=0.0036536860374605344
2019-01-18 14:40:42,292 25 loss=0.0032981246112197132
2019-01-18 14:40:42,292 26 loss=0.002990168968913045
2019-01-18 14:40:42,293 27 loss=0.0027219471554712268
2019-01-18 14:40:42,293 28 loss=0.0024871045563025244
2019-01-18 14:40:42,294 29 loss=0.002280474994123532
2019-01-18 14:40:42,294 30 loss=0.0020978300613699614
2019-01-18 14:40:42,295 31 loss=0.0019356866278832355
2019-01-18 14:40:42,295 32 loss=0.0017911579324288794
2019-01-18 14:40:42,295 33 loss=0.0016618375678149864
2019-01-18 14:40:42,296 34 loss=0.0015457084709673645
2019-01-18 14:40:42,296 35 loss=0.0014410710550247965
2019-01-18 14:40:42,297 36 loss=0.0013464860953445283
2019-01-18 14:40:42,297 37 loss=0.0012607290624732797
2019-01-18 14:40:42,298 38 loss=0.0011827533931377384
2019-01-18 14:40:42,298 39 loss=0.001111660783270124
2019-01-18 14:40:42,298 40 loss=0.001046677030601295
2019-01-18 14:40:42,299 41 loss=0.0009871322882315451
2019-01-18 14:40:42,299 42 loss=0.0009324448435121191
2019-01-18 14:40:42,300 43 loss=0.0008821077293402935
2019-01-18 14:40:42,300 44 loss=0.0008356776227663596
2019-01-18 14:40:42,301 45 loss=0.0007927655997781789
2019-01-18 14:40:42,301 46 loss=0.0007530294035012251
2019-01-18 14:40:42,302 47 loss=0.000716166951947972
2019-01-18 14:40:42,302 48 loss=0.0006819108654429015
2019-01-18 14:40:42,302 49 loss=0.0006500238363768482
2019-01-18 14:40:42,303 50 loss=0.0006202946976043539
2019-01-18 14:40:42,303 final loss=0.0006202946976043539
2019-01-18 14:40:42,303 best loss=10000000000.0, distortion=10000000000.0, map=0.0, wc_dist=10000000000.0
2019-01-18 14:40:42,303 	 Computing Major Stats lazily... 
2019-01-18 14:40:42,303 		 Completed edges=12 good=12 bad=0
2019-01-18 14:40:42,304 Distortion avg=0.020495857577553196 wc=1.0725984493435372 me=1.02082297996809 mc=1.050719341542513 nan_elements=0
2019-01-18 14:40:42,304 MAP = 1.0
2019-01-18 14:40:42,304 scale=[array([1.])]
2019-01-18 14:55:04,281 Commandline ['pytorch/pytorch_hyperbolic.py', 'learn', 'data/edges/parsing/ewt/ewt_dev/1757.edges', '--dim', '0', '--hyp', '0', '--edim', '10', '--euc', '1', '--sdim', '0', '--sph', '0', '--log-name', 'ewt_devr2/1757.edges.E10-1.lr1.log', '--batch-size', '65536', '--epochs', '50', '--checkpoint-freq', '10', '-g', '--subsample', '1024', '--learning-rate', '1']
2019-01-18 14:55:04,282 No Model Save selected!
2019-01-18 14:55:04,283 Loaded Graph data/edges/parsing/ewt/ewt_dev/1757.edges with 4 nodes scale=1.0
2019-01-18 14:55:04,284 Building dataset
2019-01-18 14:55:04,284 Subsample: 4 points with scale 1.0 subsample=3
2019-01-18 14:55:04,287 Built Data Sampler
2019-01-18 14:55:04,287 Creating a fresh model warm_start?=None
2019-01-18 14:55:04,287 	 Warmstarting? None None 4
2019-01-18 14:55:04,288 Embedding() torch.Size([4, 10])
2019-01-18 14:55:04,288 relative No Rescale
2019-01-18 14:55:04,288 Constructed model with dim=0 and epochs=0 isnan=False
2019-01-18 14:55:04,288 SGD (
Parameter Group 0
    dampening: 0
    initial_lr: 0.1
    lr: 1.0
    momentum: 0.0
    nesterov: False
    weight_decay: 0

Parameter Group 1
    dampening: 0
    initial_lr: 0.1
    lr: 1.0
    momentum: 0.0
    nesterov: False
    weight_decay: 0

Parameter Group 2
    dampening: 0
    initial_lr: 0.1
    lr: 1.0
    momentum: 0.0
    nesterov: False
    weight_decay: 0

Parameter Group 3
    dampening: 0
    initial_lr: 0.0001
    lr: 0.001
    momentum: 0.0
    nesterov: False
    weight_decay: 0
)
2019-01-18 14:55:04,288 *** Initial Checkpoint. Computing Stats
2019-01-18 14:55:04,288 	 Computing Major Stats lazily... 
2019-01-18 14:55:04,289 		 Completed edges=12 good=12 bad=0
2019-01-18 14:55:04,290 Distortion avg=0.9968354072523257 wc=4.364565737859869 me=0.005628252251848828 mc=775.4744355010297 nan_elements=0
2019-01-18 14:55:04,290 MAP = 0.6875
2019-01-18 14:55:04,290 scale=[array([1.])]
2019-01-18 14:55:04,290 *** End Initial Checkpoint

2019-01-18 14:55:04,346 1 loss=0.9936832202789656
2019-01-18 14:55:04,347 2 loss=0.23329844994257695
2019-01-18 14:55:04,348 3 loss=0.18000549600636453
2019-01-18 14:55:04,348 4 loss=0.13725259061632808
2019-01-18 14:55:04,348 5 loss=0.10563354717664736
2019-01-18 14:55:04,349 6 loss=0.08203473461876658
2019-01-18 14:55:04,349 7 loss=0.06394433123042903
2019-01-18 14:55:04,350 8 loss=0.050057973783984834
2019-01-18 14:55:04,350 9 loss=0.0394915663247685
2019-01-18 14:55:04,350 10 loss=0.03147658558935556
2019-01-18 14:55:04,351 
*** Major Checkpoint. Computing Stats and Saving
2019-01-18 14:55:04,351 	 Computing Major Stats lazily... 
2019-01-18 14:55:04,351 		 Completed edges=12 good=12 bad=0
2019-01-18 14:55:04,352 Distortion avg=0.13800906450022393 wc=1.5497512855084115 me=1.0825695145853016 mc=1.4315489810389428 nan_elements=0
2019-01-18 14:55:04,352 MAP = 1.0
2019-01-18 14:55:04,352 scale=[array([1.])]
2019-01-18 14:55:04,352 *** End Major Checkpoint

2019-01-18 14:55:04,352 11 loss=0.025373881683033932
2019-01-18 14:55:04,353 12 loss=0.02069161074935885
2019-01-18 14:55:04,353 13 loss=0.017065236879576055
2019-01-18 14:55:04,354 14 loss=0.014227867830690218
2019-01-18 14:55:04,354 15 loss=0.01198446693917664
2019-01-18 14:55:04,354 16 loss=0.010192108548100843
2019-01-18 14:55:04,355 17 loss=0.008745477889064107
2019-01-18 14:55:04,355 18 loss=0.007566415151690194
2019-01-18 14:55:04,356 19 loss=0.006596437262388216
2019-01-18 14:55:04,356 20 loss=0.005791400675304815
2019-01-18 14:55:04,356 
*** Major Checkpoint. Computing Stats and Saving
2019-01-18 14:55:04,356 	 Computing Major Stats lazily... 
2019-01-18 14:55:04,356 		 Completed edges=12 good=12 bad=0
2019-01-18 14:55:04,357 Distortion avg=0.0621030751773432 wc=1.226053088108214 me=1.052970011716194 mc=1.164376073835112 nan_elements=0
2019-01-18 14:55:04,357 MAP = 1.0
2019-01-18 14:55:04,357 scale=[array([1.])]
2019-01-18 14:55:04,358 *** End Major Checkpoint

2019-01-18 14:55:04,358 21 loss=0.0051176854040206774
2019-01-18 14:55:04,359 22 loss=0.004549454991009301
2019-01-18 14:55:04,359 23 loss=0.0040666774579290995
2019-01-18 14:55:04,360 24 loss=0.0036536860374605344
2019-01-18 14:55:04,360 25 loss=0.0032981246112197132
2019-01-18 14:55:04,360 26 loss=0.002990168968913045
2019-01-18 14:55:04,361 27 loss=0.0027219471554712268
2019-01-18 14:55:04,361 28 loss=0.002487104556302525
2019-01-18 14:55:04,362 29 loss=0.0022804749941235315
2019-01-18 14:55:04,362 30 loss=0.0020978300613699614
2019-01-18 14:55:04,362 
*** Major Checkpoint. Computing Stats and Saving
2019-01-18 14:55:04,362 	 Computing Major Stats lazily... 
2019-01-18 14:55:04,362 		 Completed edges=12 good=12 bad=0
2019-01-18 14:55:04,363 Distortion avg=0.03773075126766248 wc=1.1347269881430408 me=1.0357491817278497 mc=1.095561558880573 nan_elements=0
2019-01-18 14:55:04,363 MAP = 1.0
2019-01-18 14:55:04,363 scale=[array([1.])]
2019-01-18 14:55:04,364 *** End Major Checkpoint

2019-01-18 14:55:04,364 31 loss=0.001935686627883235
2019-01-18 14:55:04,364 32 loss=0.0017911579324288794
2019-01-18 14:55:04,365 33 loss=0.0016618375678149843
2019-01-18 14:55:04,365 34 loss=0.0015457084709673621
2019-01-18 14:55:04,366 35 loss=0.0014410710550247948
2019-01-18 14:55:04,366 36 loss=0.0013464860953445274
2019-01-18 14:55:04,366 37 loss=0.0012607290624732813
2019-01-18 14:55:04,367 38 loss=0.0011827533931377382
2019-01-18 14:55:04,367 39 loss=0.0011116607832701202
2019-01-18 14:55:04,368 40 loss=0.0010466770306012988
2019-01-18 14:55:04,368 
*** Major Checkpoint. Computing Stats and Saving
2019-01-18 14:55:04,368 	 Computing Major Stats lazily... 
2019-01-18 14:55:04,368 		 Completed edges=12 good=12 bad=0
2019-01-18 14:55:04,369 Distortion avg=0.02666082994527977 wc=1.0946474705772171 me=1.0264372387320873 mc=1.0664533877681475 nan_elements=0
2019-01-18 14:55:04,369 MAP = 1.0
2019-01-18 14:55:04,369 scale=[array([1.])]
2019-01-18 14:55:04,369 *** End Major Checkpoint

2019-01-18 14:55:04,370 41 loss=0.0009871322882315451
2019-01-18 14:55:04,370 42 loss=0.0009324448435121184
2019-01-18 14:55:04,370 43 loss=0.0008821077293402917
2019-01-18 14:55:04,371 44 loss=0.0008356776227663589
2019-01-18 14:55:04,371 45 loss=0.0007927655997781789
2019-01-18 14:55:04,372 46 loss=0.0007530294035012221
2019-01-18 14:55:04,372 47 loss=0.0007161669519479709
2019-01-18 14:55:04,372 48 loss=0.0006819108654429005
2019-01-18 14:55:04,373 49 loss=0.0006500238363768498
2019-01-18 14:55:04,373 50 loss=0.0006202946976043537
2019-01-18 14:55:04,373 
*** Major Checkpoint. Computing Stats and Saving
2019-01-18 14:55:04,373 	 Computing Major Stats lazily... 
2019-01-18 14:55:04,374 		 Completed edges=12 good=12 bad=0
2019-01-18 14:55:04,374 Distortion avg=0.02049585757755321 wc=1.0725984493435377 me=1.02082297996809 mc=1.0507193415425133 nan_elements=0
2019-01-18 14:55:04,375 MAP = 1.0
2019-01-18 14:55:04,375 scale=[array([1.])]
2019-01-18 14:55:04,375 *** End Major Checkpoint

2019-01-18 14:55:04,375 final loss=0.0006202946976043537
2019-01-18 14:55:04,375 best loss=0.0006202946976043537, distortion=0.02049585757755321, map=1.0, wc_dist=1.0725984493435377
2019-01-18 14:55:04,375 	 Computing Major Stats lazily... 
2019-01-18 14:55:04,375 		 Completed edges=12 good=12 bad=0
2019-01-18 14:55:04,376 Distortion avg=0.02049585757755321 wc=1.0725984493435377 me=1.02082297996809 mc=1.0507193415425133 nan_elements=0
2019-01-18 14:55:04,376 MAP = 1.0
2019-01-18 14:55:04,376 scale=[array([1.])]
