2019-01-18 14:47:55,683 Commandline ['pytorch/pytorch_hyperbolic.py', 'learn', 'data/edges/parsing/ewt/ewt_dev/1760.edges', '--dim', '0', '--hyp', '0', '--edim', '10', '--euc', '1', '--sdim', '0', '--sph', '0', '--log-name', 'ewt_devr2/1760.edges.E10-1.lr1.log', '--batch-size', '65536', '--epochs', '50', '--checkpoint-freq', '10', '-g', '--subsample', '1024', '--learning-rate', '1']
2019-01-18 14:47:55,683 No Model Save selected!
2019-01-18 14:47:55,685 Loaded Graph data/edges/parsing/ewt/ewt_dev/1760.edges with 8 nodes scale=1.0
2019-01-18 14:47:55,685 Building dataset
2019-01-18 14:47:55,685 Subsample: 8 points with scale 1.0 subsample=7
2019-01-18 14:47:55,691 Built Data Sampler
2019-01-18 14:47:55,691 Creating a fresh model warm_start?=None
2019-01-18 14:47:55,692 	 Warmstarting? None None 8
2019-01-18 14:47:55,692 Embedding() torch.Size([8, 10])
2019-01-18 14:47:55,692 relative No Rescale
2019-01-18 14:47:55,692 Constructed model with dim=0 and epochs=0 isnan=False
2019-01-18 14:47:55,693 SGD (
Parameter Group 0
    dampening: 0
    initial_lr: 0.1
    lr: 1.0
    momentum: 0.0
    nesterov: False
    weight_decay: 0

Parameter Group 1
    dampening: 0
    initial_lr: 0.1
    lr: 1.0
    momentum: 0.0
    nesterov: False
    weight_decay: 0

Parameter Group 2
    dampening: 0
    initial_lr: 0.1
    lr: 1.0
    momentum: 0.0
    nesterov: False
    weight_decay: 0

Parameter Group 3
    dampening: 0
    initial_lr: 0.0001
    lr: 0.001
    momentum: 0.0
    nesterov: False
    weight_decay: 0
)
2019-01-18 14:47:55,693 *** Initial Checkpoint. Computing Stats
2019-01-18 14:47:55,693 	 Computing Major Stats lazily... 
2019-01-18 14:47:55,694 		 Completed edges=56 good=56 bad=0
2019-01-18 14:47:55,695 Distortion avg=0.9973645401365149 wc=6.817929150513145 me=0.005941110731069004 mc=1147.5849313595224 nan_elements=0
2019-01-18 14:47:55,695 MAP = 0.4199404761904762
2019-01-18 14:47:55,695 scale=[array([1.])]
2019-01-18 14:47:55,695 *** End Initial Checkpoint

2019-01-18 14:47:55,752 1 loss=0.9947377874891365
2019-01-18 14:47:55,753 2 loss=0.669266803213442
2019-01-18 14:47:55,754 3 loss=0.49289633567105345
2019-01-18 14:47:55,754 4 loss=0.39628893267120274
2019-01-18 14:47:55,755 5 loss=0.3362374961368178
2019-01-18 14:47:55,755 6 loss=0.29465922048547755
2019-01-18 14:47:55,755 7 loss=0.26360698630570534
2019-01-18 14:47:55,756 8 loss=0.2392371112033907
2019-01-18 14:47:55,756 9 loss=0.2194786786099427
2019-01-18 14:47:55,757 10 loss=0.2030919765108614
2019-01-18 14:47:55,757 
*** Major Checkpoint. Computing Stats and Saving
2019-01-18 14:47:55,757 	 Computing Major Stats lazily... 
2019-01-18 14:47:55,758 		 Completed edges=56 good=56 bad=0
2019-01-18 14:47:55,759 Distortion avg=0.3900760161037359 wc=5.455781109768381 me=1.3192958399164914 mc=4.135373541474761 nan_elements=0
2019-01-18 14:47:55,759 MAP = 0.5120238095238094
2019-01-18 14:47:55,759 scale=[array([1.])]
2019-01-18 14:47:55,759 *** End Major Checkpoint

2019-01-18 14:47:55,760 11 loss=0.1892627916637554
2019-01-18 14:47:55,760 12 loss=0.1774156783778206
2019-01-18 14:47:55,761 13 loss=0.16712246930394323
2019-01-18 14:47:55,761 14 loss=0.1580544776563575
2019-01-18 14:47:55,762 15 loss=0.14995554563302868
2019-01-18 14:47:55,762 16 loss=0.14262533901359364
2019-01-18 14:47:55,763 17 loss=0.1359078522315427
2019-01-18 14:47:55,763 18 loss=0.129682730109125
2019-01-18 14:47:55,763 19 loss=0.12385828705066497
2019-01-18 14:47:55,764 20 loss=0.11836570886916926
2019-01-18 14:47:55,764 
*** Major Checkpoint. Computing Stats and Saving
2019-01-18 14:47:55,764 	 Computing Major Stats lazily... 
2019-01-18 14:47:55,764 		 Completed edges=56 good=56 bad=0
2019-01-18 14:47:55,766 Distortion avg=0.28501249194604544 wc=3.8829577656386145 me=1.395962306841195 mc=2.7815634753240803 nan_elements=0
2019-01-18 14:47:55,766 MAP = 0.9166666666666666
2019-01-18 14:47:55,766 scale=[array([1.])]
2019-01-18 14:47:55,766 *** End Major Checkpoint

2019-01-18 14:47:55,767 21 loss=0.1131541934699387
2019-01-18 14:47:55,767 22 loss=0.10818689631428405
2019-01-18 14:47:55,768 23 loss=0.10343758423322404
2019-01-18 14:47:55,768 24 loss=0.0988879115775237
2019-01-18 14:47:55,768 25 loss=0.09452523623474761
2019-01-18 14:47:55,769 26 loss=0.09034089716490683
2019-01-18 14:47:55,769 27 loss=0.08632888121094126
2019-01-18 14:47:55,770 28 loss=0.08248481426317596
2019-01-18 14:47:55,770 29 loss=0.0788052193515946
2019-01-18 14:47:55,771 30 loss=0.07528699126206531
2019-01-18 14:47:55,771 
*** Major Checkpoint. Computing Stats and Saving
2019-01-18 14:47:55,771 	 Computing Major Stats lazily... 
2019-01-18 14:47:55,772 		 Completed edges=56 good=56 bad=0
2019-01-18 14:47:55,773 Distortion avg=0.22695949072462618 wc=2.777272463460764 me=1.292897665876229 mc=2.1480992167918695 nan_elements=0
2019-01-18 14:47:55,773 MAP = 1.0
2019-01-18 14:47:55,773 scale=[array([1.])]
2019-01-18 14:47:55,773 *** End Major Checkpoint

2019-01-18 14:47:55,774 31 loss=0.07192704363611492
2019-01-18 14:47:55,774 32 loss=0.06872209030923511
2019-01-18 14:47:55,775 33 loss=0.06566852803956028
2019-01-18 14:47:55,775 34 loss=0.06276239289842118
2019-01-18 14:47:55,776 35 loss=0.059999367465038325
2019-01-18 14:47:55,776 36 loss=0.05737482053739555
2019-01-18 14:47:55,777 37 loss=0.05488386524645611
2019-01-18 14:47:55,777 38 loss=0.0525214251465218
2019-01-18 14:47:55,777 39 loss=0.050282300983688334
2019-01-18 14:47:55,778 40 loss=0.048161233391469126
2019-01-18 14:47:55,778 
*** Major Checkpoint. Computing Stats and Saving
2019-01-18 14:47:55,778 	 Computing Major Stats lazily... 
2019-01-18 14:47:55,779 		 Completed edges=56 good=56 bad=0
2019-01-18 14:47:55,780 Distortion avg=0.18174781921701344 wc=2.1327666898972555 me=1.2020564053753116 mc=1.7742650680617216 nan_elements=0
2019-01-18 14:47:55,780 MAP = 1.0
2019-01-18 14:47:55,780 scale=[array([1.])]
2019-01-18 14:47:55,780 *** End Major Checkpoint

2019-01-18 14:47:55,781 41 loss=0.046152958744193354
2019-01-18 14:47:55,781 42 loss=0.04425225686510884
2019-01-18 14:47:55,782 43 loss=0.04245399030968439
2019-01-18 14:47:55,782 44 loss=0.0407531356078278
2019-01-18 14:47:55,782 45 loss=0.039144807233971624
2019-01-18 14:47:55,783 46 loss=0.03762427525640558
2019-01-18 14:47:55,783 47 loss=0.036186977660756244
2019-01-18 14:47:55,784 48 loss=0.03482852829819961
2019-01-18 14:47:55,784 49 loss=0.03354472131531817
2019-01-18 14:47:55,785 50 loss=0.03233153280678018
2019-01-18 14:47:55,785 
*** Major Checkpoint. Computing Stats and Saving
2019-01-18 14:47:55,785 	 Computing Major Stats lazily... 
2019-01-18 14:47:55,785 		 Completed edges=56 good=56 bad=0
2019-01-18 14:47:55,787 Distortion avg=0.15006692657547943 wc=1.8461120123171968 me=1.1913946327470413 mc=1.5495386344494018 nan_elements=0
2019-01-18 14:47:55,787 MAP = 1.0
2019-01-18 14:47:55,787 scale=[array([1.])]
2019-01-18 14:47:55,787 *** End Major Checkpoint

2019-01-18 14:47:55,787 final loss=0.03233153280678018
2019-01-18 14:47:55,787 best loss=0.03233153280678018, distortion=0.15006692657547943, map=1.0, wc_dist=1.8461120123171968
2019-01-18 14:47:55,787 	 Computing Major Stats lazily... 
2019-01-18 14:47:55,788 		 Completed edges=56 good=56 bad=0
2019-01-18 14:47:55,789 Distortion avg=0.15006692657547943 wc=1.8461120123171968 me=1.1913946327470413 mc=1.5495386344494018 nan_elements=0
2019-01-18 14:47:55,789 MAP = 1.0
2019-01-18 14:47:55,789 scale=[array([1.])]
