2019-01-18 15:00:06,223 Commandline ['pytorch/pytorch_hyperbolic.py', 'learn', 'data/edges/parsing/ewt/ewt_dev/1762.edges', '--dim', '0', '--hyp', '0', '--edim', '10', '--euc', '1', '--sdim', '0', '--sph', '0', '--log-name', 'ewt_devr2/1762.edges.E10-1.lr1.log', '--batch-size', '65536', '--epochs', '50', '--checkpoint-freq', '10', '-g', '--subsample', '1024', '--learning-rate', '1']
2019-01-18 15:00:06,223 No Model Save selected!
2019-01-18 15:00:06,225 Loaded Graph data/edges/parsing/ewt/ewt_dev/1762.edges with 8 nodes scale=1.0
2019-01-18 15:00:06,225 Building dataset
2019-01-18 15:00:06,226 Subsample: 8 points with scale 1.0 subsample=7
2019-01-18 15:00:06,232 Built Data Sampler
2019-01-18 15:00:06,232 Creating a fresh model warm_start?=None
2019-01-18 15:00:06,232 	 Warmstarting? None None 8
2019-01-18 15:00:06,233 Embedding() torch.Size([8, 10])
2019-01-18 15:00:06,233 relative No Rescale
2019-01-18 15:00:06,233 Constructed model with dim=0 and epochs=0 isnan=False
2019-01-18 15:00:06,233 SGD (
Parameter Group 0
    dampening: 0
    initial_lr: 0.1
    lr: 1.0
    momentum: 0.0
    nesterov: False
    weight_decay: 0

Parameter Group 1
    dampening: 0
    initial_lr: 0.1
    lr: 1.0
    momentum: 0.0
    nesterov: False
    weight_decay: 0

Parameter Group 2
    dampening: 0
    initial_lr: 0.1
    lr: 1.0
    momentum: 0.0
    nesterov: False
    weight_decay: 0

Parameter Group 3
    dampening: 0
    initial_lr: 0.0001
    lr: 0.001
    momentum: 0.0
    nesterov: False
    weight_decay: 0
)
2019-01-18 15:00:06,233 *** Initial Checkpoint. Computing Stats
2019-01-18 15:00:06,233 	 Computing Major Stats lazily... 
2019-01-18 15:00:06,234 		 Completed edges=56 good=56 bad=0
2019-01-18 15:00:06,236 Distortion avg=0.9973939284742779 wc=5.7916249139023295 me=0.005982886981094694 mc=968.0318100949036 nan_elements=0
2019-01-18 15:00:06,236 MAP = 0.37237103174603176
2019-01-18 15:00:06,236 scale=[array([1.])]
2019-01-18 15:00:06,236 *** End Initial Checkpoint

2019-01-18 15:00:06,294 1 loss=0.9947966175143036
2019-01-18 15:00:06,295 2 loss=0.6767088323539266
2019-01-18 15:00:06,295 3 loss=0.5032948104108901
2019-01-18 15:00:06,296 4 loss=0.4094471143178053
2019-01-18 15:00:06,296 5 loss=0.3525702594858586
2019-01-18 15:00:06,297 6 loss=0.3137876540857189
2019-01-18 15:00:06,297 7 loss=0.28472106914362516
2019-01-18 15:00:06,298 8 loss=0.26146646877466484
2019-01-18 15:00:06,298 9 loss=0.24205911098718522
2019-01-18 15:00:06,299 10 loss=0.2254078764331525
2019-01-18 15:00:06,299 
*** Major Checkpoint. Computing Stats and Saving
2019-01-18 15:00:06,299 	 Computing Major Stats lazily... 
2019-01-18 15:00:06,299 		 Completed edges=56 good=56 bad=0
2019-01-18 15:00:06,301 Distortion avg=0.4249099102594984 wc=4.433303888378228 me=1.3730492520301545 mc=3.2288017941259293 nan_elements=0
2019-01-18 15:00:06,301 MAP = 0.497172619047619
2019-01-18 15:00:06,301 scale=[array([1.])]
2019-01-18 15:00:06,301 *** End Major Checkpoint

2019-01-18 15:00:06,302 11 loss=0.21083889116341206
2019-01-18 15:00:06,302 12 loss=0.197894750424068
2019-01-18 15:00:06,303 13 loss=0.18624300392466764
2019-01-18 15:00:06,303 14 loss=0.17563219710706848
2019-01-18 15:00:06,304 15 loss=0.1658689033631798
2019-01-18 15:00:06,304 16 loss=0.15680414427340655
2019-01-18 15:00:06,305 17 loss=0.14832412810195503
2019-01-18 15:00:06,305 18 loss=0.14034313761393866
2019-01-18 15:00:06,306 19 loss=0.1327976816267577
2019-01-18 15:00:06,306 20 loss=0.12564156893698322
2019-01-18 15:00:06,306 
*** Major Checkpoint. Computing Stats and Saving
2019-01-18 15:00:06,306 	 Computing Major Stats lazily... 
2019-01-18 15:00:06,307 		 Completed edges=56 good=56 bad=0
2019-01-18 15:00:06,308 Distortion avg=0.3066143493382329 wc=3.367049996074045 me=1.4305060586865594 mc=2.3537474557539118 nan_elements=0
2019-01-18 15:00:06,308 MAP = 0.8958333333333333
2019-01-18 15:00:06,308 scale=[array([1.])]
2019-01-18 15:00:06,308 *** End Major Checkpoint

2019-01-18 15:00:06,309 21 loss=0.11884176914171382
2019-01-18 15:00:06,309 22 loss=0.11237498375224396
2019-01-18 15:00:06,310 23 loss=0.10622485593416234
2019-01-18 15:00:06,310 24 loss=0.10037974106768244
2019-01-18 15:00:06,311 25 loss=0.09483095904129675
2019-01-18 15:00:06,311 26 loss=0.08957145498551876
2019-01-18 15:00:06,312 27 loss=0.08459480475744015
2019-01-18 15:00:06,312 28 loss=0.07989451100756965
2019-01-18 15:00:06,313 29 loss=0.0754635427794869
2019-01-18 15:00:06,313 30 loss=0.07129407592163972
2019-01-18 15:00:06,313 
*** Major Checkpoint. Computing Stats and Saving
2019-01-18 15:00:06,313 	 Computing Major Stats lazily... 
2019-01-18 15:00:06,314 		 Completed edges=56 good=56 bad=0
2019-01-18 15:00:06,315 Distortion avg=0.22723779136770436 wc=2.5007264578581814 me=1.3039336599570772 mc=1.917832582019932 nan_elements=0
2019-01-18 15:00:06,315 MAP = 1.0
2019-01-18 15:00:06,315 scale=[array([1.])]
2019-01-18 15:00:06,315 *** End Major Checkpoint

2019-01-18 15:00:06,316 31 loss=0.06737739404551181
2019-01-18 15:00:06,316 32 loss=0.0637039116949803
2019-01-18 15:00:06,317 33 loss=0.060263283909682816
2019-01-18 15:00:06,317 34 loss=0.05704457002921949
2019-01-18 15:00:06,318 35 loss=0.05403642439502371
2019-01-18 15:00:06,318 36 loss=0.05122729217684504
2019-01-18 15:00:06,319 37 loss=0.048605594330280485
2019-01-18 15:00:06,319 38 loss=0.0461598911494016
2019-01-18 15:00:06,320 39 loss=0.04387901861478572
2019-01-18 15:00:06,320 40 loss=0.04175219552599875
2019-01-18 15:00:06,320 
*** Major Checkpoint. Computing Stats and Saving
2019-01-18 15:00:06,320 	 Computing Major Stats lazily... 
2019-01-18 15:00:06,321 		 Completed edges=56 good=56 bad=0
2019-01-18 15:00:06,322 Distortion avg=0.17287472413863744 wc=1.9755264055378037 me=1.2010617129009031 mc=1.6448167353252396 nan_elements=0
2019-01-18 15:00:06,322 MAP = 1.0
2019-01-18 15:00:06,322 scale=[array([1.])]
2019-01-18 15:00:06,323 *** End Major Checkpoint

2019-01-18 15:00:06,323 41 loss=0.03976910218610104
2019-01-18 15:00:06,323 42 loss=0.03791993323682535
2019-01-18 15:00:06,324 43 loss=0.036195428268227234
2019-01-18 15:00:06,324 44 loss=0.034586884223094264
2019-01-18 15:00:06,325 45 loss=0.03308615356424805
2019-01-18 15:00:06,325 46 loss=0.03168563183338469
2019-01-18 15:00:06,326 47 loss=0.03037823773472882
2019-01-18 15:00:06,326 48 loss=0.02915738832388265
2019-01-18 15:00:06,327 49 loss=0.028016971339071155
2019-01-18 15:00:06,327 50 loss=0.026951316219495147
2019-01-18 15:00:06,327 
*** Major Checkpoint. Computing Stats and Saving
2019-01-18 15:00:06,327 	 Computing Major Stats lazily... 
2019-01-18 15:00:06,328 		 Completed edges=56 good=56 bad=0
2019-01-18 15:00:06,329 Distortion avg=0.1390675728713386 wc=1.7622332693958611 me=1.1950639973893427 mc=1.4745932211542803 nan_elements=0
2019-01-18 15:00:06,329 MAP = 1.0
2019-01-18 15:00:06,329 scale=[array([1.])]
2019-01-18 15:00:06,330 *** End Major Checkpoint

2019-01-18 15:00:06,330 final loss=0.026951316219495147
2019-01-18 15:00:06,330 best loss=0.026951316219495147, distortion=0.1390675728713386, map=1.0, wc_dist=1.7622332693958611
2019-01-18 15:00:06,330 	 Computing Major Stats lazily... 
2019-01-18 15:00:06,330 		 Completed edges=56 good=56 bad=0
2019-01-18 15:00:06,331 Distortion avg=0.13906757287133864 wc=1.7622332693958611 me=1.1950639973893427 mc=1.4745932211542803 nan_elements=0
2019-01-18 15:00:06,331 MAP = 1.0
2019-01-18 15:00:06,332 scale=[array([1.])]
