2019-01-18 14:51:55,599 Commandline ['pytorch/pytorch_hyperbolic.py', 'learn', 'data/edges/parsing/ewt/ewt_dev/1765.edges', '--dim', '0', '--hyp', '0', '--edim', '10', '--euc', '1', '--sdim', '0', '--sph', '0', '--log-name', 'ewt_devr2/1765.edges.E10-1.lr1.log', '--batch-size', '65536', '--epochs', '50', '--checkpoint-freq', '10', '-g', '--subsample', '1024', '--learning-rate', '1']
2019-01-18 14:51:55,599 No Model Save selected!
2019-01-18 14:51:55,600 Loaded Graph data/edges/parsing/ewt/ewt_dev/1765.edges with 8 nodes scale=1.0
2019-01-18 14:51:55,600 Building dataset
2019-01-18 14:51:55,601 Subsample: 8 points with scale 1.0 subsample=7
2019-01-18 14:51:55,607 Built Data Sampler
2019-01-18 14:51:55,607 Creating a fresh model warm_start?=None
2019-01-18 14:51:55,607 	 Warmstarting? None None 8
2019-01-18 14:51:55,608 Embedding() torch.Size([8, 10])
2019-01-18 14:51:55,608 relative No Rescale
2019-01-18 14:51:55,608 Constructed model with dim=0 and epochs=0 isnan=False
2019-01-18 14:51:55,608 SGD (
Parameter Group 0
    dampening: 0
    initial_lr: 0.1
    lr: 1.0
    momentum: 0.0
    nesterov: False
    weight_decay: 0

Parameter Group 1
    dampening: 0
    initial_lr: 0.1
    lr: 1.0
    momentum: 0.0
    nesterov: False
    weight_decay: 0

Parameter Group 2
    dampening: 0
    initial_lr: 0.1
    lr: 1.0
    momentum: 0.0
    nesterov: False
    weight_decay: 0

Parameter Group 3
    dampening: 0
    initial_lr: 0.0001
    lr: 0.001
    momentum: 0.0
    nesterov: False
    weight_decay: 0
)
2019-01-18 14:51:55,608 *** Initial Checkpoint. Computing Stats
2019-01-18 14:51:55,608 	 Computing Major Stats lazily... 
2019-01-18 14:51:55,609 		 Completed edges=56 good=56 bad=0
2019-01-18 14:51:55,611 Distortion avg=0.9971532032947042 wc=5.751184174970984 me=0.005941110731069004 mc=968.0318100949036 nan_elements=0
2019-01-18 14:51:55,611 MAP = 0.4230654761904762
2019-01-18 14:51:55,611 scale=[array([1.])]
2019-01-18 14:51:55,611 *** End Initial Checkpoint

2019-01-18 14:51:55,668 1 loss=0.9943161702053335
2019-01-18 14:51:55,669 2 loss=0.6307880239963545
2019-01-18 14:51:55,669 3 loss=0.4473287249546695
2019-01-18 14:51:55,670 4 loss=0.34757908748832583
2019-01-18 14:51:55,670 5 loss=0.283239242974792
2019-01-18 14:51:55,671 6 loss=0.2370051395902041
2019-01-18 14:51:55,671 7 loss=0.2017783595938916
2019-01-18 14:51:55,672 8 loss=0.17406048128439294
2019-01-18 14:51:55,672 9 loss=0.15182175569349463
2019-01-18 14:51:55,673 10 loss=0.1337352567459448
2019-01-18 14:51:55,673 
*** Major Checkpoint. Computing Stats and Saving
2019-01-18 14:51:55,673 	 Computing Major Stats lazily... 
2019-01-18 14:51:55,673 		 Completed edges=56 good=56 bad=0
2019-01-18 14:51:55,675 Distortion avg=0.3092286189608579 wc=3.3462329072536616 me=1.265776406893283 mc=2.6436208551766605 nan_elements=0
2019-01-18 14:51:55,675 MAP = 0.7376488095238095
2019-01-18 14:51:55,675 scale=[array([1.])]
2019-01-18 14:51:55,675 *** End Major Checkpoint

2019-01-18 14:51:55,676 11 loss=0.11886329277126963
2019-01-18 14:51:55,676 12 loss=0.10651140510669212
2019-01-18 14:51:55,677 13 loss=0.09615162899796688
2019-01-18 14:51:55,677 14 loss=0.08737722259732393
2019-01-18 14:51:55,678 15 loss=0.07987301207102461
2019-01-18 14:51:55,678 16 loss=0.0733942716089716
2019-01-18 14:51:55,679 17 loss=0.06775081371980764
2019-01-18 14:51:55,679 18 loss=0.06279463666406716
2019-01-18 14:51:55,680 19 loss=0.058410228962895334
2019-01-18 14:51:55,680 20 loss=0.05450697011654805
2019-01-18 14:51:55,680 
*** Major Checkpoint. Computing Stats and Saving
2019-01-18 14:51:55,680 	 Computing Major Stats lazily... 
2019-01-18 14:51:55,681 		 Completed edges=56 good=56 bad=0
2019-01-18 14:51:55,682 Distortion avg=0.1949579930914811 wc=2.1813897650586638 me=1.2384757405918025 mc=1.7613504193600855 nan_elements=0
2019-01-18 14:51:55,682 MAP = 1.0
2019-01-18 14:51:55,682 scale=[array([1.])]
2019-01-18 14:51:55,682 *** End Major Checkpoint

2019-01-18 14:51:55,683 21 loss=0.051013222241197795
2019-01-18 14:51:55,683 22 loss=0.04787178625295726
2019-01-18 14:51:55,684 23 loss=0.04503644663744357
2019-01-18 14:51:55,684 24 loss=0.042469370272889176
2019-01-18 14:51:55,685 25 loss=0.0401391633694927
2019-01-18 14:51:55,685 26 loss=0.038019426953784595
2019-01-18 14:51:55,686 27 loss=0.03608768440294375
2019-01-18 14:51:55,686 28 loss=0.03432458327157622
2019-01-18 14:51:55,687 29 loss=0.03271329755415532
2019-01-18 14:51:55,687 30 loss=0.03123907565550862
2019-01-18 14:51:55,687 
*** Major Checkpoint. Computing Stats and Saving
2019-01-18 14:51:55,687 	 Computing Major Stats lazily... 
2019-01-18 14:51:55,688 		 Completed edges=56 good=56 bad=0
2019-01-18 14:51:55,689 Distortion avg=0.15088026564636087 wc=1.7531346074392162 me=1.1989473203785495 mc=1.4622282210745428 nan_elements=0
2019-01-18 14:51:55,689 MAP = 1.0
2019-01-18 14:51:55,689 scale=[array([1.])]
2019-01-18 14:51:55,689 *** End Major Checkpoint

2019-01-18 14:51:55,690 31 loss=0.029888894157072753
2019-01-18 14:51:55,690 32 loss=0.02865118862582805
2019-01-18 14:51:55,691 33 loss=0.027515640923883023
2019-01-18 14:51:55,691 34 loss=0.026473008403131215
2019-01-18 14:51:55,692 35 loss=0.02551498458209167
2019-01-18 14:51:55,692 36 loss=0.024634083863430394
2019-01-18 14:51:55,693 37 loss=0.023823544918661094
2019-01-18 14:51:55,693 38 loss=0.023077248808193094
2019-01-18 14:51:55,693 39 loss=0.022389648913528626
2019-01-18 14:51:55,694 40 loss=0.02175571047039662
2019-01-18 14:51:55,694 
*** Major Checkpoint. Computing Stats and Saving
2019-01-18 14:51:55,694 	 Computing Major Stats lazily... 
2019-01-18 14:51:55,695 		 Completed edges=56 good=56 bad=0
2019-01-18 14:51:55,696 Distortion avg=0.1276605898464274 wc=1.5730772569980171 me=1.1941906780903344 mc=1.3172747751754112 nan_elements=0
2019-01-18 14:51:55,696 MAP = 1.0
2019-01-18 14:51:55,696 scale=[array([1.])]
2019-01-18 14:51:55,696 *** End Major Checkpoint

2019-01-18 14:51:55,697 41 loss=0.021170858001150563
2019-01-18 14:51:55,697 42 loss=0.02063092931581804
2019-01-18 14:51:55,698 43 loss=0.02013213502667504
2019-01-18 14:51:55,698 44 loss=0.019671022729724038
2019-01-18 14:51:55,699 45 loss=0.019244445167049325
2019-01-18 14:51:55,699 46 loss=0.018849531809537107
2019-01-18 14:51:55,699 47 loss=0.018483663398668627
2019-01-18 14:51:55,700 48 loss=0.018144449065191547
2019-01-18 14:51:55,700 49 loss=0.017829705705910703
2019-01-18 14:51:55,701 50 loss=0.017537439350943526
2019-01-18 14:51:55,701 
*** Major Checkpoint. Computing Stats and Saving
2019-01-18 14:51:55,701 	 Computing Major Stats lazily... 
2019-01-18 14:51:55,701 		 Completed edges=56 good=56 bad=0
2019-01-18 14:51:55,703 Distortion avg=0.11666891821062607 wc=1.4818565627471476 me=1.1975753909363047 mc=1.2373806058160417 nan_elements=0
2019-01-18 14:51:55,703 MAP = 1.0
2019-01-18 14:51:55,703 scale=[array([1.])]
2019-01-18 14:51:55,703 *** End Major Checkpoint

2019-01-18 14:51:55,703 final loss=0.017537439350943526
2019-01-18 14:51:55,703 best loss=0.017537439350943526, distortion=0.11666891821062607, map=1.0, wc_dist=1.4818565627471476
2019-01-18 14:51:55,703 	 Computing Major Stats lazily... 
2019-01-18 14:51:55,704 		 Completed edges=56 good=56 bad=0
2019-01-18 14:51:55,705 Distortion avg=0.11666891821062607 wc=1.4818565627471476 me=1.1975753909363047 mc=1.2373806058160417 nan_elements=0
2019-01-18 14:51:55,705 MAP = 1.0
2019-01-18 14:51:55,705 scale=[array([1.])]
