2019-01-18 15:02:18,922 Commandline ['pytorch/pytorch_hyperbolic.py', 'learn', 'data/edges/parsing/ewt/ewt_dev/1766.edges', '--dim', '0', '--hyp', '0', '--edim', '10', '--euc', '1', '--sdim', '0', '--sph', '0', '--log-name', 'ewt_devr2/1766.edges.E10-1.lr1.log', '--batch-size', '65536', '--epochs', '50', '--checkpoint-freq', '10', '-g', '--subsample', '1024', '--learning-rate', '1']
2019-01-18 15:02:18,922 No Model Save selected!
2019-01-18 15:02:18,924 Loaded Graph data/edges/parsing/ewt/ewt_dev/1766.edges with 12 nodes scale=1.0
2019-01-18 15:02:18,924 Building dataset
2019-01-18 15:02:18,924 Subsample: 12 points with scale 1.0 subsample=11
2019-01-18 15:02:18,935 Built Data Sampler
2019-01-18 15:02:18,935 Creating a fresh model warm_start?=None
2019-01-18 15:02:18,935 	 Warmstarting? None None 12
2019-01-18 15:02:18,935 Embedding() torch.Size([12, 10])
2019-01-18 15:02:18,935 relative No Rescale
2019-01-18 15:02:18,936 Constructed model with dim=0 and epochs=0 isnan=False
2019-01-18 15:02:18,936 SGD (
Parameter Group 0
    dampening: 0
    initial_lr: 0.1
    lr: 1.0
    momentum: 0.0
    nesterov: False
    weight_decay: 0

Parameter Group 1
    dampening: 0
    initial_lr: 0.1
    lr: 1.0
    momentum: 0.0
    nesterov: False
    weight_decay: 0

Parameter Group 2
    dampening: 0
    initial_lr: 0.1
    lr: 1.0
    momentum: 0.0
    nesterov: False
    weight_decay: 0

Parameter Group 3
    dampening: 0
    initial_lr: 0.0001
    lr: 0.001
    momentum: 0.0
    nesterov: False
    weight_decay: 0
)
2019-01-18 15:02:18,936 *** Initial Checkpoint. Computing Stats
2019-01-18 15:02:18,936 	 Computing Major Stats lazily... 
2019-01-18 15:02:18,937 		 Completed edges=132 good=132 bad=0
2019-01-18 15:02:18,939 Distortion avg=0.9977674136429581 wc=7.545139659358218 me=0.005982886981094694 mc=1261.1202055462657 nan_elements=0
2019-01-18 15:02:18,939 MAP = 0.24190942159692164
2019-01-18 15:02:18,939 scale=[array([1.])]
2019-01-18 15:02:18,939 *** End Initial Checkpoint

2019-01-18 15:02:18,997 1 loss=0.9955413040314597
2019-01-18 15:02:18,997 2 loss=0.8054853946296872
2019-01-18 15:02:18,998 3 loss=0.6679661547469393
2019-01-18 15:02:18,998 4 loss=0.5690447221872574
2019-01-18 15:02:18,999 5 loss=0.4949996595263172
2019-01-18 15:02:18,999 6 loss=0.4375240594672201
2019-01-18 15:02:19,000 7 loss=0.39156737418880244
2019-01-18 15:02:19,001 8 loss=0.35396086608666527
2019-01-18 15:02:19,001 9 loss=0.32263684108991175
2019-01-18 15:02:19,002 10 loss=0.2961891488610451
2019-01-18 15:02:19,003 
*** Major Checkpoint. Computing Stats and Saving
2019-01-18 15:02:19,003 	 Computing Major Stats lazily... 
2019-01-18 15:02:19,004 		 Completed edges=132 good=132 bad=0
2019-01-18 15:02:19,005 Distortion avg=0.48315859816506435 wc=8.259184600742818 me=1.3186995639157728 mc=6.263128332444299 nan_elements=0
2019-01-18 15:02:19,005 MAP = 0.2042597352493186
2019-01-18 15:02:19,006 scale=[array([1.])]
2019-01-18 15:02:19,006 *** End Major Checkpoint

2019-01-18 15:02:19,006 11 loss=0.27362243002908176
2019-01-18 15:02:19,007 12 loss=0.2542057415048167
2019-01-18 15:02:19,007 13 loss=0.23738470358768463
2019-01-18 15:02:19,008 14 loss=0.222727153536175
2019-01-18 15:02:19,008 15 loss=0.2098884669370857
2019-01-18 15:02:19,009 16 loss=0.19858873524195308
2019-01-18 15:02:19,009 17 loss=0.18859728427924113
2019-01-18 15:02:19,010 18 loss=0.17972185773588095
2019-01-18 15:02:19,010 19 loss=0.17180083992741765
2019-01-18 15:02:19,011 20 loss=0.1646975069170376
2019-01-18 15:02:19,011 
*** Major Checkpoint. Computing Stats and Saving
2019-01-18 15:02:19,011 	 Computing Major Stats lazily... 
2019-01-18 15:02:19,012 		 Completed edges=132 good=132 bad=0
2019-01-18 15:02:19,014 Distortion avg=0.35293797332712457 wc=6.324038310057897 me=1.5034488274611861 mc=4.206354213423444 nan_elements=0
2019-01-18 15:02:19,014 MAP = 0.569670664983165
2019-01-18 15:02:19,014 scale=[array([1.])]
2019-01-18 15:02:19,014 *** End Major Checkpoint

2019-01-18 15:02:19,015 21 loss=0.15829566361429945
2019-01-18 15:02:19,015 22 loss=0.15249625048968252
2019-01-18 15:02:19,016 23 loss=0.14721464499407302
2019-01-18 15:02:19,016 24 loss=0.14237847296074246
2019-01-18 15:02:19,017 25 loss=0.13792580374197422
2019-01-18 15:02:19,017 26 loss=0.13380364131929112
2019-01-18 15:02:19,018 27 loss=0.12996664929116267
2019-01-18 15:02:19,018 28 loss=0.1263760649424559
2019-01-18 15:02:19,019 29 loss=0.1229987693593367
2019-01-18 15:02:19,019 30 loss=0.11980648859663358
2019-01-18 15:02:19,019 
*** Major Checkpoint. Computing Stats and Saving
2019-01-18 15:02:19,019 	 Computing Major Stats lazily... 
2019-01-18 15:02:19,020 		 Completed edges=132 good=132 bad=0
2019-01-18 15:02:19,022 Distortion avg=0.2875566847631538 wc=5.620218739616457 me=1.6183939965385838 mc=3.472713536775942 nan_elements=0
2019-01-18 15:02:19,022 MAP = 0.7691881613756614
2019-01-18 15:02:19,022 scale=[array([1.])]
2019-01-18 15:02:19,022 *** End Major Checkpoint

2019-01-18 15:02:19,023 31 loss=0.11677510643676971
2019-01-18 15:02:19,023 32 loss=0.11388407311267157
2019-01-18 15:02:19,024 33 loss=0.11111589705864565
2019-01-18 15:02:19,024 34 loss=0.10845570868835089
2019-01-18 15:02:19,025 35 loss=0.10589088664352357
2019-01-18 15:02:19,025 36 loss=0.10341073809155125
2019-01-18 15:02:19,026 37 loss=0.10100622559319561
2019-01-18 15:02:19,027 38 loss=0.09866973388822095
2019-01-18 15:02:19,027 39 loss=0.09639487069967007
2019-01-18 15:02:19,028 40 loss=0.09417629635924651
2019-01-18 15:02:19,028 
*** Major Checkpoint. Computing Stats and Saving
2019-01-18 15:02:19,028 	 Computing Major Stats lazily... 
2019-01-18 15:02:19,028 		 Completed edges=132 good=132 bad=0
2019-01-18 15:02:19,030 Distortion avg=0.25004351768297645 wc=4.7998708219038635 me=1.6111989060178626 mc=2.979067825813587 nan_elements=0
2019-01-18 15:02:19,030 MAP = 0.9125
2019-01-18 15:02:19,031 scale=[array([1.])]
2019-01-18 15:02:19,031 *** End Major Checkpoint

2019-01-18 15:02:19,031 41 loss=0.09200957771553056
2019-01-18 15:02:19,032 42 loss=0.08989106240468854
2019-01-18 15:02:19,032 43 loss=0.08781777013729737
2019-01-18 15:02:19,033 44 loss=0.08578729818112747
2019-01-18 15:02:19,033 45 loss=0.08379773869484738
2019-01-18 15:02:19,034 46 loss=0.08184760598949734
2019-01-18 15:02:19,034 47 loss=0.07993577216259962
2019-01-18 15:02:19,035 48 loss=0.07806140986481656
2019-01-18 15:02:19,036 49 loss=0.07622394122334425
2019-01-18 15:02:19,036 50 loss=0.07442299216302266
2019-01-18 15:02:19,036 
*** Major Checkpoint. Computing Stats and Saving
2019-01-18 15:02:19,036 	 Computing Major Stats lazily... 
2019-01-18 15:02:19,037 		 Completed edges=132 good=132 bad=0
2019-01-18 15:02:19,039 Distortion avg=0.22143864455372667 wc=3.970341237754921 me=1.5451176365960877 mc=2.5696045037073225 nan_elements=0
2019-01-18 15:02:19,039 MAP = 0.9444444444444443
2019-01-18 15:02:19,039 scale=[array([1.])]
2019-01-18 15:02:19,039 *** End Major Checkpoint

2019-01-18 15:02:19,039 final loss=0.07442299216302266
2019-01-18 15:02:19,039 best loss=0.07442299216302266, distortion=0.22143864455372667, map=0.9444444444444443, wc_dist=3.970341237754921
2019-01-18 15:02:19,039 	 Computing Major Stats lazily... 
2019-01-18 15:02:19,040 		 Completed edges=132 good=132 bad=0
2019-01-18 15:02:19,042 Distortion avg=0.22143864455372667 wc=3.970341237754921 me=1.5451176365960877 mc=2.5696045037073225 nan_elements=0
2019-01-18 15:02:19,042 MAP = 0.9444444444444443
2019-01-18 15:02:19,042 scale=[array([1.])]
