2019-01-18 15:09:49,191 Commandline ['pytorch/pytorch_hyperbolic.py', 'learn', 'data/edges/parsing/ewt/ewt_dev/1769.edges', '--dim', '0', '--hyp', '0', '--edim', '10', '--euc', '1', '--sdim', '0', '--sph', '0', '--log-name', 'ewt_devr2/1769.edges.E10-1.lr1.log', '--batch-size', '65536', '--epochs', '50', '--checkpoint-freq', '10', '-g', '--subsample', '1024', '--learning-rate', '1']
2019-01-18 15:09:49,191 No Model Save selected!
2019-01-18 15:09:49,192 Loaded Graph data/edges/parsing/ewt/ewt_dev/1769.edges with 12 nodes scale=1.0
2019-01-18 15:09:49,193 Building dataset
2019-01-18 15:09:49,193 Subsample: 12 points with scale 1.0 subsample=11
2019-01-18 15:09:49,203 Built Data Sampler
2019-01-18 15:09:49,203 Creating a fresh model warm_start?=None
2019-01-18 15:09:49,203 	 Warmstarting? None None 12
2019-01-18 15:09:49,204 Embedding() torch.Size([12, 10])
2019-01-18 15:09:49,204 relative No Rescale
2019-01-18 15:09:49,204 Constructed model with dim=0 and epochs=0 isnan=False
2019-01-18 15:09:49,204 SGD (
Parameter Group 0
    dampening: 0
    initial_lr: 0.1
    lr: 1.0
    momentum: 0.0
    nesterov: False
    weight_decay: 0

Parameter Group 1
    dampening: 0
    initial_lr: 0.1
    lr: 1.0
    momentum: 0.0
    nesterov: False
    weight_decay: 0

Parameter Group 2
    dampening: 0
    initial_lr: 0.1
    lr: 1.0
    momentum: 0.0
    nesterov: False
    weight_decay: 0

Parameter Group 3
    dampening: 0
    initial_lr: 0.0001
    lr: 0.001
    momentum: 0.0
    nesterov: False
    weight_decay: 0
)
2019-01-18 15:09:49,205 *** Initial Checkpoint. Computing Stats
2019-01-18 15:09:49,205 	 Computing Major Stats lazily... 
2019-01-18 15:09:49,206 		 Completed edges=132 good=132 bad=0
2019-01-18 15:09:49,208 Distortion avg=0.99791037646008 wc=9.777211629099723 me=0.005628252251848828 mc=1737.1665646094668 nan_elements=0
2019-01-18 15:09:49,208 MAP = 0.22826028138528134
2019-01-18 15:09:49,208 scale=[array([1.])]
2019-01-18 15:09:49,208 *** End Initial Checkpoint

2019-01-18 15:09:49,265 1 loss=0.9958266621802033
2019-01-18 15:09:49,266 2 loss=0.8302813310482257
2019-01-18 15:09:49,266 3 loss=0.7043853494936202
2019-01-18 15:09:49,267 4 loss=0.6114424361412192
2019-01-18 15:09:49,268 5 loss=0.5416209543826038
2019-01-18 15:09:49,268 6 loss=0.4879176112675992
2019-01-18 15:09:49,269 7 loss=0.44556787820614613
2019-01-18 15:09:49,269 8 loss=0.41134979276764133
2019-01-18 15:09:49,270 9 loss=0.38307344132205096
2019-01-18 15:09:49,270 10 loss=0.3592348718323095
2019-01-18 15:09:49,270 
*** Major Checkpoint. Computing Stats and Saving
2019-01-18 15:09:49,270 	 Computing Major Stats lazily... 
2019-01-18 15:09:49,271 		 Completed edges=132 good=132 bad=0
2019-01-18 15:09:49,273 Distortion avg=0.5409829698008221 wc=9.518974439705959 me=1.3404704621831167 mc=7.101219093036312 nan_elements=0
2019-01-18 15:09:49,273 MAP = 0.1695159932659933
2019-01-18 15:09:49,273 scale=[array([1.])]
2019-01-18 15:09:49,273 *** End Major Checkpoint

2019-01-18 15:09:49,274 11 loss=0.3387868795322493
2019-01-18 15:09:49,274 12 loss=0.32098822721604836
2019-01-18 15:09:49,275 13 loss=0.30530445346720914
2019-01-18 15:09:49,276 14 loss=0.2913423822066635
2019-01-18 15:09:49,276 15 loss=0.2788066336052606
2019-01-18 15:09:49,277 16 loss=0.26747053457111597
2019-01-18 15:09:49,277 17 loss=0.25715649480505004
2019-01-18 15:09:49,278 18 loss=0.2477226392031982
2019-01-18 15:09:49,278 19 loss=0.23905360100166823
2019-01-18 15:09:49,279 20 loss=0.23105410039891197
2019-01-18 15:09:49,279 
*** Major Checkpoint. Computing Stats and Saving
2019-01-18 15:09:49,279 	 Computing Major Stats lazily... 
2019-01-18 15:09:49,280 		 Completed edges=132 good=132 bad=0
2019-01-18 15:09:49,282 Distortion avg=0.440262475253735 wc=6.559846189509239 me=1.44525092626115 mc=4.538897758384073 nan_elements=0
2019-01-18 15:09:49,282 MAP = 0.2824107142857143
2019-01-18 15:09:49,282 scale=[array([1.])]
2019-01-18 15:09:49,282 *** End Major Checkpoint

2019-01-18 15:09:49,282 21 loss=0.22364440111942185
2019-01-18 15:09:49,283 22 loss=0.2167570426088808
2019-01-18 15:09:49,284 23 loss=0.21033444586802172
2019-01-18 15:09:49,284 24 loss=0.2043271231842009
2019-01-18 15:09:49,285 25 loss=0.19869230985124736
2019-01-18 15:09:49,286 26 loss=0.19339289462490858
2019-01-18 15:09:49,286 27 loss=0.18839656502859098
2019-01-18 15:09:49,287 28 loss=0.18367511015315724
2019-01-18 15:09:49,287 29 loss=0.17920384152434188
2019-01-18 15:09:49,288 30 loss=0.17496110474801468
2019-01-18 15:09:49,288 
*** Major Checkpoint. Computing Stats and Saving
2019-01-18 15:09:49,288 	 Computing Major Stats lazily... 
2019-01-18 15:09:49,289 		 Completed edges=132 good=132 bad=0
2019-01-18 15:09:49,291 Distortion avg=0.36902852536290975 wc=5.687641524049775 me=1.510655692017133 mc=3.7650151216490895 nan_elements=0
2019-01-18 15:09:49,291 MAP = 0.6730555555555555
2019-01-18 15:09:49,291 scale=[array([1.])]
2019-01-18 15:09:49,291 *** End Major Checkpoint

2019-01-18 15:09:49,291 31 loss=0.17092786285884326
2019-01-18 15:09:49,292 32 loss=0.16708733785029795
2019-01-18 15:09:49,293 33 loss=0.16342470060586958
2019-01-18 15:09:49,293 34 loss=0.15992680196438694
2019-01-18 15:09:49,294 35 loss=0.15658193933531556
2019-01-18 15:09:49,294 36 loss=0.15337965440737814
2019-01-18 15:09:49,295 37 loss=0.15031055825458753
2019-01-18 15:09:49,295 38 loss=0.14736618066709628
2019-01-18 15:09:49,296 39 loss=0.14453884090776864
2019-01-18 15:09:49,296 40 loss=0.1418215373773707
2019-01-18 15:09:49,297 
*** Major Checkpoint. Computing Stats and Saving
2019-01-18 15:09:49,297 	 Computing Major Stats lazily... 
2019-01-18 15:09:49,297 		 Completed edges=132 good=132 bad=0
2019-01-18 15:09:49,299 Distortion avg=0.32515917022278734 wc=5.060173614891629 me=1.4989197638788136 mc=3.3758802417797327 nan_elements=0
2019-01-18 15:09:49,299 MAP = 0.7943287037037038
2019-01-18 15:09:49,300 scale=[array([1.])]
2019-01-18 15:09:49,300 *** End Major Checkpoint

2019-01-18 15:09:49,300 41 loss=0.13920785389960288
2019-01-18 15:09:49,301 42 loss=0.13669188053540576
2019-01-18 15:09:49,302 43 loss=0.1342681470178856
2019-01-18 15:09:49,303 44 loss=0.13193156707216114
2019-01-18 15:09:49,303 45 loss=0.12967739205159848
2019-01-18 15:09:49,304 46 loss=0.12750117248394222
2019-01-18 15:09:49,304 47 loss=0.12539872627707707
2019-01-18 15:09:49,305 48 loss=0.1233661124832599
2019-01-18 15:09:49,306 49 loss=0.12139960966123994
2019-01-18 15:09:49,306 50 loss=0.11949569800648875
2019-01-18 15:09:49,306 
*** Major Checkpoint. Computing Stats and Saving
2019-01-18 15:09:49,306 	 Computing Major Stats lazily... 
2019-01-18 15:09:49,307 		 Completed edges=132 good=132 bad=0
2019-01-18 15:09:49,309 Distortion avg=0.29451598134699736 wc=4.575646477252437 me=1.4592614598330422 mc=3.1355905731766174 nan_elements=0
2019-01-18 15:09:49,309 MAP = 0.9100694444444445
2019-01-18 15:09:49,309 scale=[array([1.])]
2019-01-18 15:09:49,310 *** End Major Checkpoint

2019-01-18 15:09:49,310 final loss=0.11949569800648875
2019-01-18 15:09:49,310 best loss=0.11949569800648875, distortion=0.29451598134699736, map=0.9100694444444445, wc_dist=4.575646477252437
2019-01-18 15:09:49,310 	 Computing Major Stats lazily... 
2019-01-18 15:09:49,310 		 Completed edges=132 good=132 bad=0
2019-01-18 15:09:49,312 Distortion avg=0.2945159813469974 wc=4.575646477252437 me=1.4592614598330422 mc=3.1355905731766174 nan_elements=0
2019-01-18 15:09:49,312 MAP = 0.9100694444444444
2019-01-18 15:09:49,313 scale=[array([1.])]
