2019-01-18 14:41:45,867 Commandline ['pytorch/pytorch_hyperbolic.py', 'learn', 'data/edges/parsing/ewt/ewt_dev/178.edges', '--dim', '0', '--hyp', '0', '--edim', '10', '--euc', '1', '--sdim', '0', '--sph', '0', '--log-name', 'ewt_devr2/178.edges.E10-1.lr1.log', '--batch-size', '65536', '--epochs', '50', '-g', '--subsample', '1024', '--learning-rate', '1']
2019-01-18 14:41:45,867 No Model Save selected!
2019-01-18 14:41:45,869 Loaded Graph data/edges/parsing/ewt/ewt_dev/178.edges with 7 nodes scale=1.0
2019-01-18 14:41:45,869 Building dataset
2019-01-18 14:41:45,870 Subsample: 7 points with scale 1.0 subsample=6
2019-01-18 14:41:45,875 Built Data Sampler
2019-01-18 14:41:45,875 Creating a fresh model warm_start?=None
2019-01-18 14:41:45,875 	 Warmstarting? None None 7
2019-01-18 14:41:45,876 Embedding() torch.Size([7, 10])
2019-01-18 14:41:45,876 relative No Rescale
2019-01-18 14:41:45,876 Constructed model with dim=0 and epochs=0 isnan=False
2019-01-18 14:41:45,876 SGD (
Parameter Group 0
    dampening: 0
    initial_lr: 0.1
    lr: 1.0
    momentum: 0.0
    nesterov: False
    weight_decay: 0

Parameter Group 1
    dampening: 0
    initial_lr: 0.1
    lr: 1.0
    momentum: 0.0
    nesterov: False
    weight_decay: 0

Parameter Group 2
    dampening: 0
    initial_lr: 0.1
    lr: 1.0
    momentum: 0.0
    nesterov: False
    weight_decay: 0

Parameter Group 3
    dampening: 0
    initial_lr: 0.0001
    lr: 0.001
    momentum: 0.0
    nesterov: False
    weight_decay: 0
)
2019-01-18 14:41:45,876 *** Initial Checkpoint. Computing Stats
2019-01-18 14:41:45,876 	 Computing Major Stats lazily... 
2019-01-18 14:41:45,877 		 Completed edges=42 good=42 bad=0
2019-01-18 14:41:45,879 Distortion avg=0.9970489094787228 wc=3.6322181433519583 me=0.005628252251848828 mc=645.354540063269 nan_elements=0
2019-01-18 14:41:45,879 MAP = 0.40238095238095234
2019-01-18 14:41:45,879 scale=[array([1.])]
2019-01-18 14:41:45,879 *** End Initial Checkpoint

2019-01-18 14:41:45,937 1 loss=0.9941078772780602
2019-01-18 14:41:45,937 2 loss=0.5251690814386136
2019-01-18 14:41:45,938 3 loss=0.34213099601809954
2019-01-18 14:41:45,938 4 loss=0.2477888702865334
2019-01-18 14:41:45,939 5 loss=0.18589309383948707
2019-01-18 14:41:45,939 6 loss=0.14203962504043957
2019-01-18 14:41:45,940 7 loss=0.11022219342171273
2019-01-18 14:41:45,940 8 loss=0.08692484908889381
2019-01-18 14:41:45,941 9 loss=0.06977937285692801
2019-01-18 14:41:45,941 10 loss=0.05710739423291392
2019-01-18 14:41:45,942 11 loss=0.047697645522898895
2019-01-18 14:41:45,942 12 loss=0.040671038214256786
2019-01-18 14:41:45,942 13 loss=0.03538904563968523
2019-01-18 14:41:45,943 14 loss=0.03138812325237591
2019-01-18 14:41:45,943 15 loss=0.028331837741132487
2019-01-18 14:41:45,944 16 loss=0.025975812004014776
2019-01-18 14:41:45,944 17 loss=0.024142154305623935
2019-01-18 14:41:45,945 18 loss=0.022700916552407965
2019-01-18 14:41:45,945 19 loss=0.02155672440582341
2019-01-18 14:41:45,946 20 loss=0.020639176284470144
2019-01-18 14:41:45,946 21 loss=0.01989596445113345
2019-01-18 14:41:45,947 22 loss=0.019287948382086355
2019-01-18 14:41:45,947 23 loss=0.018785621685618023
2019-01-18 14:41:45,948 24 loss=0.018366571227815542
2019-01-18 14:41:45,948 25 loss=0.018013642326416817
2019-01-18 14:41:45,949 26 loss=0.0177136069807312
2019-01-18 14:41:45,949 27 loss=0.01745619142674806
2019-01-18 14:41:45,949 28 loss=0.017233361345499264
2019-01-18 14:41:45,950 29 loss=0.017038792713741785
2019-01-18 14:41:45,950 30 loss=0.016867477169136693
2019-01-18 14:41:45,951 31 loss=0.01671542546035194
2019-01-18 14:41:45,952 32 loss=0.0165794429092897
2019-01-18 14:41:45,952 33 loss=0.016456958127032944
2019-01-18 14:41:45,953 34 loss=0.016345891407667373
2019-01-18 14:41:45,953 35 loss=0.016244552911165448
2019-01-18 14:41:45,954 36 loss=0.016151563382145358
2019-01-18 14:41:45,954 37 loss=0.01606579204558435
2019-01-18 14:41:45,954 38 loss=0.01598630769017776
2019-01-18 14:41:45,955 39 loss=0.015912339946759724
2019-01-18 14:41:45,955 40 loss=0.015843248499609944
2019-01-18 14:41:45,956 41 loss=0.015778498507643193
2019-01-18 14:41:45,956 42 loss=0.01571764091350327
2019-01-18 14:41:45,957 43 loss=0.015660296619165966
2019-01-18 14:41:45,957 44 loss=0.015606143733701222
2019-01-18 14:41:45,958 45 loss=0.015554907271657755
2019-01-18 14:41:45,958 46 loss=0.01550635081304431
2019-01-18 14:41:45,959 47 loss=0.0154602697382104
2019-01-18 14:41:45,959 48 loss=0.015416485730477521
2019-01-18 14:41:45,960 49 loss=0.015374842301590511
2019-01-18 14:41:45,960 50 loss=0.015335201143999378
2019-01-18 14:41:45,960 final loss=0.015335201143999378
2019-01-18 14:41:45,960 best loss=10000000000.0, distortion=10000000000.0, map=0.0, wc_dist=10000000000.0
2019-01-18 14:41:45,960 	 Computing Major Stats lazily... 
2019-01-18 14:41:45,961 		 Completed edges=42 good=42 bad=0
2019-01-18 14:41:45,962 Distortion avg=0.11485255481940891 wc=1.3580271314241557 me=1.1742586265407156 mc=1.1564974705996491 nan_elements=0
2019-01-18 14:41:45,962 MAP = 1.0
2019-01-18 14:41:45,962 scale=[array([1.])]
2019-01-18 14:51:54,382 Commandline ['pytorch/pytorch_hyperbolic.py', 'learn', 'data/edges/parsing/ewt/ewt_dev/178.edges', '--dim', '0', '--hyp', '0', '--edim', '10', '--euc', '1', '--sdim', '0', '--sph', '0', '--log-name', 'ewt_devr2/178.edges.E10-1.lr1.log', '--batch-size', '65536', '--epochs', '50', '--checkpoint-freq', '10', '-g', '--subsample', '1024', '--learning-rate', '1']
2019-01-18 14:51:54,382 No Model Save selected!
2019-01-18 14:51:54,384 Loaded Graph data/edges/parsing/ewt/ewt_dev/178.edges with 7 nodes scale=1.0
2019-01-18 14:51:54,384 Building dataset
2019-01-18 14:51:54,384 Subsample: 7 points with scale 1.0 subsample=6
2019-01-18 14:51:54,389 Built Data Sampler
2019-01-18 14:51:54,389 Creating a fresh model warm_start?=None
2019-01-18 14:51:54,389 	 Warmstarting? None None 7
2019-01-18 14:51:54,390 Embedding() torch.Size([7, 10])
2019-01-18 14:51:54,390 relative No Rescale
2019-01-18 14:51:54,390 Constructed model with dim=0 and epochs=0 isnan=False
2019-01-18 14:51:54,391 SGD (
Parameter Group 0
    dampening: 0
    initial_lr: 0.1
    lr: 1.0
    momentum: 0.0
    nesterov: False
    weight_decay: 0

Parameter Group 1
    dampening: 0
    initial_lr: 0.1
    lr: 1.0
    momentum: 0.0
    nesterov: False
    weight_decay: 0

Parameter Group 2
    dampening: 0
    initial_lr: 0.1
    lr: 1.0
    momentum: 0.0
    nesterov: False
    weight_decay: 0

Parameter Group 3
    dampening: 0
    initial_lr: 0.0001
    lr: 0.001
    momentum: 0.0
    nesterov: False
    weight_decay: 0
)
2019-01-18 14:51:54,391 *** Initial Checkpoint. Computing Stats
2019-01-18 14:51:54,391 	 Computing Major Stats lazily... 
2019-01-18 14:51:54,391 		 Completed edges=42 good=42 bad=0
2019-01-18 14:51:54,393 Distortion avg=0.9970489094787228 wc=3.6322181433519583 me=0.005628252251848828 mc=645.354540063269 nan_elements=0
2019-01-18 14:51:54,393 MAP = 0.40238095238095234
2019-01-18 14:51:54,393 scale=[array([1.])]
2019-01-18 14:51:54,393 *** End Initial Checkpoint

2019-01-18 14:51:54,450 1 loss=0.9941078772780602
2019-01-18 14:51:54,450 2 loss=0.5251690814386136
2019-01-18 14:51:54,451 3 loss=0.34213099601809954
2019-01-18 14:51:54,451 4 loss=0.2477888702865334
2019-01-18 14:51:54,451 5 loss=0.18589309383948707
2019-01-18 14:51:54,452 6 loss=0.14203962504043957
2019-01-18 14:51:54,452 7 loss=0.11022219342171273
2019-01-18 14:51:54,453 8 loss=0.08692484908889381
2019-01-18 14:51:54,453 9 loss=0.06977937285692801
2019-01-18 14:51:54,454 10 loss=0.05710739423291392
2019-01-18 14:51:54,454 
*** Major Checkpoint. Computing Stats and Saving
2019-01-18 14:51:54,454 	 Computing Major Stats lazily... 
2019-01-18 14:51:54,454 		 Completed edges=42 good=42 bad=0
2019-01-18 14:51:54,455 Distortion avg=0.2059858107882858 wc=1.82420556169106 me=1.1828494791214292 mc=1.542212761547651 nan_elements=0
2019-01-18 14:51:54,455 MAP = 1.0
2019-01-18 14:51:54,456 scale=[array([1.])]
2019-01-18 14:51:54,456 *** End Major Checkpoint

2019-01-18 14:51:54,456 11 loss=0.047697645522898895
2019-01-18 14:51:54,457 12 loss=0.040671038214256786
2019-01-18 14:51:54,457 13 loss=0.03538904563968523
2019-01-18 14:51:54,457 14 loss=0.03138812325237591
2019-01-18 14:51:54,458 15 loss=0.02833183774113247
2019-01-18 14:51:54,458 16 loss=0.025975812004014776
2019-01-18 14:51:54,459 17 loss=0.02414215430562393
2019-01-18 14:51:54,459 18 loss=0.02270091655240795
2019-01-18 14:51:54,460 19 loss=0.02155672440582342
2019-01-18 14:51:54,460 20 loss=0.020639176284470137
2019-01-18 14:51:54,460 
*** Major Checkpoint. Computing Stats and Saving
2019-01-18 14:51:54,460 	 Computing Major Stats lazily... 
2019-01-18 14:51:54,461 		 Completed edges=42 good=42 bad=0
2019-01-18 14:51:54,462 Distortion avg=0.129990214885157 wc=1.4832807532361874 me=1.1686335218771076 mc=1.269243715389646 nan_elements=0
2019-01-18 14:51:54,462 MAP = 1.0
2019-01-18 14:51:54,462 scale=[array([1.])]
2019-01-18 14:51:54,462 *** End Major Checkpoint

2019-01-18 14:51:54,463 21 loss=0.019895964451133445
2019-01-18 14:51:54,463 22 loss=0.019287948382086362
2019-01-18 14:51:54,463 23 loss=0.018785621685618023
2019-01-18 14:51:54,464 24 loss=0.01836657122781555
2019-01-18 14:51:54,464 25 loss=0.018013642326416817
2019-01-18 14:51:54,465 26 loss=0.0177136069807312
2019-01-18 14:51:54,465 27 loss=0.01745619142674806
2019-01-18 14:51:54,466 28 loss=0.01723336134549927
2019-01-18 14:51:54,466 29 loss=0.017038792713741785
2019-01-18 14:51:54,467 30 loss=0.0168674771691367
2019-01-18 14:51:54,467 
*** Major Checkpoint. Computing Stats and Saving
2019-01-18 14:51:54,467 	 Computing Major Stats lazily... 
2019-01-18 14:51:54,467 		 Completed edges=42 good=42 bad=0
2019-01-18 14:51:54,468 Distortion avg=0.11735786245560084 wc=1.4093648330219704 me=1.1731164478385383 mc=1.2013852807355303 nan_elements=0
2019-01-18 14:51:54,468 MAP = 1.0
2019-01-18 14:51:54,469 scale=[array([1.])]
2019-01-18 14:51:54,469 *** End Major Checkpoint

2019-01-18 14:51:54,469 31 loss=0.016715425460351936
2019-01-18 14:51:54,470 32 loss=0.016579442909289706
2019-01-18 14:51:54,470 33 loss=0.016456958127032944
2019-01-18 14:51:54,470 34 loss=0.016345891407667373
2019-01-18 14:51:54,471 35 loss=0.016244552911165454
2019-01-18 14:51:54,471 36 loss=0.016151563382145368
2019-01-18 14:51:54,472 37 loss=0.016065792045584348
2019-01-18 14:51:54,472 38 loss=0.01598630769017776
2019-01-18 14:51:54,473 39 loss=0.01591233994675973
2019-01-18 14:51:54,473 40 loss=0.01584324849960994
2019-01-18 14:51:54,473 
*** Major Checkpoint. Computing Stats and Saving
2019-01-18 14:51:54,473 	 Computing Major Stats lazily... 
2019-01-18 14:51:54,474 		 Completed edges=42 good=42 bad=0
2019-01-18 14:51:54,475 Distortion avg=0.11536246179641184 wc=1.3768577074136559 me=1.174105239563315 mc=1.172686792476755 nan_elements=0
2019-01-18 14:51:54,475 MAP = 1.0
2019-01-18 14:51:54,475 scale=[array([1.])]
2019-01-18 14:51:54,475 *** End Major Checkpoint

2019-01-18 14:51:54,476 41 loss=0.015778498507643193
2019-01-18 14:51:54,476 42 loss=0.015717640913503268
2019-01-18 14:51:54,477 43 loss=0.015660296619165962
2019-01-18 14:51:54,478 44 loss=0.015606143733701217
2019-01-18 14:51:54,478 45 loss=0.015554907271657767
2019-01-18 14:51:54,479 46 loss=0.0155063508130443
2019-01-18 14:51:54,479 47 loss=0.015460269738210394
2019-01-18 14:51:54,480 48 loss=0.015416485730477507
2019-01-18 14:51:54,480 49 loss=0.015374842301590506
2019-01-18 14:51:54,480 50 loss=0.01533520114399937
2019-01-18 14:51:54,481 
*** Major Checkpoint. Computing Stats and Saving
2019-01-18 14:51:54,481 	 Computing Major Stats lazily... 
2019-01-18 14:51:54,481 		 Completed edges=42 good=42 bad=0
2019-01-18 14:51:54,482 Distortion avg=0.114852554819409 wc=1.3580271314241559 me=1.1742586265407158 mc=1.1564974705996491 nan_elements=0
2019-01-18 14:51:54,482 MAP = 1.0
2019-01-18 14:51:54,483 scale=[array([1.])]
2019-01-18 14:51:54,483 *** End Major Checkpoint

2019-01-18 14:51:54,483 final loss=0.01533520114399937
2019-01-18 14:51:54,483 best loss=0.01533520114399937, distortion=0.114852554819409, map=1.0, wc_dist=1.3580271314241559
2019-01-18 14:51:54,483 	 Computing Major Stats lazily... 
2019-01-18 14:51:54,483 		 Completed edges=42 good=42 bad=0
2019-01-18 14:51:54,485 Distortion avg=0.114852554819409 wc=1.3580271314241559 me=1.1742586265407158 mc=1.1564974705996491 nan_elements=0
2019-01-18 14:51:54,485 MAP = 1.0
2019-01-18 14:51:54,485 scale=[array([1.])]
