2019-01-18 15:08:46,183 Commandline ['pytorch/pytorch_hyperbolic.py', 'learn', 'data/edges/parsing/ewt/ewt_dev/1784.edges', '--dim', '0', '--hyp', '0', '--edim', '10', '--euc', '1', '--sdim', '0', '--sph', '0', '--log-name', 'ewt_devr2/1784.edges.E10-1.lr1.log', '--batch-size', '65536', '--epochs', '50', '--checkpoint-freq', '10', '-g', '--subsample', '1024', '--learning-rate', '1']
2019-01-18 15:08:46,183 No Model Save selected!
2019-01-18 15:08:46,185 Loaded Graph data/edges/parsing/ewt/ewt_dev/1784.edges with 14 nodes scale=1.0
2019-01-18 15:08:46,185 Building dataset
2019-01-18 15:08:46,185 Subsample: 14 points with scale 1.0 subsample=13
2019-01-18 15:08:46,200 Built Data Sampler
2019-01-18 15:08:46,200 Creating a fresh model warm_start?=None
2019-01-18 15:08:46,200 	 Warmstarting? None None 14
2019-01-18 15:08:46,201 Embedding() torch.Size([14, 10])
2019-01-18 15:08:46,201 relative No Rescale
2019-01-18 15:08:46,201 Constructed model with dim=0 and epochs=0 isnan=False
2019-01-18 15:08:46,201 SGD (
Parameter Group 0
    dampening: 0
    initial_lr: 0.1
    lr: 1.0
    momentum: 0.0
    nesterov: False
    weight_decay: 0

Parameter Group 1
    dampening: 0
    initial_lr: 0.1
    lr: 1.0
    momentum: 0.0
    nesterov: False
    weight_decay: 0

Parameter Group 2
    dampening: 0
    initial_lr: 0.1
    lr: 1.0
    momentum: 0.0
    nesterov: False
    weight_decay: 0

Parameter Group 3
    dampening: 0
    initial_lr: 0.0001
    lr: 0.001
    momentum: 0.0
    nesterov: False
    weight_decay: 0
)
2019-01-18 15:08:46,201 *** Initial Checkpoint. Computing Stats
2019-01-18 15:08:46,202 	 Computing Major Stats lazily... 
2019-01-18 15:08:46,203 		 Completed edges=182 good=182 bad=0
2019-01-18 15:08:46,206 Distortion avg=0.9980962333890138 wc=11.138787817729348 me=0.005982886981094694 mc=1861.7747339915945 nan_elements=0
2019-01-18 15:08:46,206 MAP = 0.19363758595901448
2019-01-18 15:08:46,206 scale=[array([1.])]
2019-01-18 15:08:46,207 *** End Initial Checkpoint

2019-01-18 15:08:46,264 1 loss=0.996197593410415
2019-01-18 15:08:46,265 2 loss=0.8753181105702773
2019-01-18 15:08:46,266 3 loss=0.7754561573442585
2019-01-18 15:08:46,266 4 loss=0.6961479883630782
2019-01-18 15:08:46,267 5 loss=0.632818550869178
2019-01-18 15:08:46,267 6 loss=0.5816962859375264
2019-01-18 15:08:46,268 7 loss=0.5398963968390842
2019-01-18 15:08:46,269 8 loss=0.5052494366563618
2019-01-18 15:08:46,269 9 loss=0.4761304529146803
2019-01-18 15:08:46,270 10 loss=0.4513213773761238
2019-01-18 15:08:46,270 
*** Major Checkpoint. Computing Stats and Saving
2019-01-18 15:08:46,270 	 Computing Major Stats lazily... 
2019-01-18 15:08:46,271 		 Completed edges=182 good=182 bad=0
2019-01-18 15:08:46,273 Distortion avg=0.6127545068051291 wc=16.89399185592813 me=1.3453063349926013 mc=12.55772861280776 nan_elements=0
2019-01-18 15:08:46,273 MAP = 0.12930352055352054
2019-01-18 15:08:46,273 scale=[array([1.])]
2019-01-18 15:08:46,273 *** End Major Checkpoint

2019-01-18 15:08:46,274 11 loss=0.4299062356521692
2019-01-18 15:08:46,274 12 loss=0.41119299488703326
2019-01-18 15:08:46,275 13 loss=0.3946557764200722
2019-01-18 15:08:46,276 14 loss=0.3798922632994851
2019-01-18 15:08:46,276 15 loss=0.36659232098192396
2019-01-18 15:08:46,277 16 loss=0.3545148526905656
2019-01-18 15:08:46,277 17 loss=0.34347069226015475
2019-01-18 15:08:46,278 18 loss=0.33330992479305255
2019-01-18 15:08:46,279 19 loss=0.32391245945444913
2019-01-18 15:08:46,279 20 loss=0.31518099638414987
2019-01-18 15:08:46,279 
*** Major Checkpoint. Computing Stats and Saving
2019-01-18 15:08:46,279 	 Computing Major Stats lazily... 
2019-01-18 15:08:46,280 		 Completed edges=182 good=182 bad=0
2019-01-18 15:08:46,283 Distortion avg=0.5272288901978684 wc=11.903202395510519 me=1.4923024774172513 mc=7.9764006129049365 nan_elements=0
2019-01-18 15:08:46,283 MAP = 0.17916808059665204
2019-01-18 15:08:46,283 scale=[array([1.])]
2019-01-18 15:08:46,283 *** End Major Checkpoint

2019-01-18 15:08:46,284 21 loss=0.3070357610810623
2019-01-18 15:08:46,284 22 loss=0.29941054780215504
2019-01-18 15:08:46,285 23 loss=0.2922497357274588
2019-01-18 15:08:46,286 24 loss=0.285506030524413
2019-01-18 15:08:46,286 25 loss=0.2791387487058907
2019-01-18 15:08:46,287 26 loss=0.2731125094838594
2019-01-18 15:08:46,287 27 loss=0.2673962334883398
2019-01-18 15:08:46,288 28 loss=0.26196237321922766
2019-01-18 15:08:46,289 29 loss=0.25678631892753523
2019-01-18 15:08:46,289 30 loss=0.25184593758612045
2019-01-18 15:08:46,289 
*** Major Checkpoint. Computing Stats and Saving
2019-01-18 15:08:46,289 	 Computing Major Stats lazily... 
2019-01-18 15:08:46,290 		 Completed edges=182 good=182 bad=0
2019-01-18 15:08:46,292 Distortion avg=0.46229234854025314 wc=9.826627168473504 me=1.586083816113797 mc=6.195528299727933 nan_elements=0
2019-01-18 15:08:46,292 MAP = 0.28761642788428504
2019-01-18 15:08:46,293 scale=[array([1.])]
2019-01-18 15:08:46,293 *** End Major Checkpoint

2019-01-18 15:08:46,293 31 loss=0.24712121301026502
2019-01-18 15:08:46,294 32 loss=0.2425939629678881
2019-01-18 15:08:46,295 33 loss=0.23824761496160068
2019-01-18 15:08:46,295 34 loss=0.23406702676829708
2019-01-18 15:08:46,296 35 loss=0.23003834115095723
2019-01-18 15:08:46,297 36 loss=0.22614886667986314
2019-01-18 15:08:46,297 37 loss=0.22238697851497283
2019-01-18 15:08:46,298 38 loss=0.2187420344557299
2019-01-18 15:08:46,298 39 loss=0.21520430267036178
2019-01-18 15:08:46,299 40 loss=0.2117648983579862
2019-01-18 15:08:46,299 
*** Major Checkpoint. Computing Stats and Saving
2019-01-18 15:08:46,299 	 Computing Major Stats lazily... 
2019-01-18 15:08:46,300 		 Completed edges=182 good=182 bad=0
2019-01-18 15:08:46,302 Distortion avg=0.4120717969258526 wc=8.177492629600387 me=1.5976060533493313 mc=5.118591415234393 nan_elements=0
2019-01-18 15:08:46,302 MAP = 0.41319727891156466
2019-01-18 15:08:46,303 scale=[array([1.])]
2019-01-18 15:08:46,303 *** End Major Checkpoint

2019-01-18 15:08:46,303 41 loss=0.20841572723790852
2019-01-18 15:08:46,304 42 loss=0.20514943425063592
2019-01-18 15:08:46,304 43 loss=0.20195935623219863
2019-01-18 15:08:46,305 44 loss=0.19883947761627563
2019-01-18 15:08:46,306 45 loss=0.19578438844924154
2019-01-18 15:08:46,306 46 loss=0.1927892441877879
2019-01-18 15:08:46,307 47 loss=0.18984972689888452
2019-01-18 15:08:46,307 48 loss=0.18696200760559065
2019-01-18 15:08:46,308 49 loss=0.18412270962485386
2019-01-18 15:08:46,309 50 loss=0.18132887282817817
2019-01-18 15:08:46,309 
*** Major Checkpoint. Computing Stats and Saving
2019-01-18 15:08:46,309 	 Computing Major Stats lazily... 
2019-01-18 15:08:46,310 		 Completed edges=182 good=182 bad=0
2019-01-18 15:08:46,312 Distortion avg=0.3720047517161232 wc=6.956870578281441 me=1.6001900981090982 mc=4.347527575943751 nan_elements=0
2019-01-18 15:08:46,312 MAP = 0.6043792517006803
2019-01-18 15:08:46,312 scale=[array([1.])]
2019-01-18 15:08:46,312 *** End Major Checkpoint

2019-01-18 15:08:46,312 final loss=0.18132887282817817
2019-01-18 15:08:46,312 best loss=0.18132887282817817, distortion=0.3720047517161232, map=0.6043792517006803, wc_dist=6.956870578281441
2019-01-18 15:08:46,312 	 Computing Major Stats lazily... 
2019-01-18 15:08:46,313 		 Completed edges=182 good=182 bad=0
2019-01-18 15:08:46,316 Distortion avg=0.3720047517161233 wc=6.956870578281441 me=1.6001900981090982 mc=4.347527575943751 nan_elements=0
2019-01-18 15:08:46,316 MAP = 0.6043792517006802
2019-01-18 15:08:46,316 scale=[array([1.])]
