2019-01-18 14:54:21,521 Commandline ['pytorch/pytorch_hyperbolic.py', 'learn', 'data/edges/parsing/ewt/ewt_dev/179.edges', '--dim', '0', '--hyp', '0', '--edim', '10', '--euc', '1', '--sdim', '0', '--sph', '0', '--log-name', 'ewt_devr2/179.edges.E10-1.lr1.log', '--batch-size', '65536', '--epochs', '50', '--checkpoint-freq', '10', '-g', '--subsample', '1024', '--learning-rate', '1']
2019-01-18 14:54:21,521 No Model Save selected!
2019-01-18 14:54:21,523 Loaded Graph data/edges/parsing/ewt/ewt_dev/179.edges with 23 nodes scale=1.0
2019-01-18 14:54:21,523 Building dataset
2019-01-18 14:54:21,524 Subsample: 23 points with scale 1.0 subsample=22
2019-01-18 14:54:21,549 Built Data Sampler
2019-01-18 14:54:21,549 Creating a fresh model warm_start?=None
2019-01-18 14:54:21,549 	 Warmstarting? None None 23
2019-01-18 14:54:21,549 Embedding() torch.Size([23, 10])
2019-01-18 14:54:21,549 relative No Rescale
2019-01-18 14:54:21,550 Constructed model with dim=0 and epochs=0 isnan=False
2019-01-18 14:54:21,550 SGD (
Parameter Group 0
    dampening: 0
    initial_lr: 0.1
    lr: 1.0
    momentum: 0.0
    nesterov: False
    weight_decay: 0

Parameter Group 1
    dampening: 0
    initial_lr: 0.1
    lr: 1.0
    momentum: 0.0
    nesterov: False
    weight_decay: 0

Parameter Group 2
    dampening: 0
    initial_lr: 0.1
    lr: 1.0
    momentum: 0.0
    nesterov: False
    weight_decay: 0

Parameter Group 3
    dampening: 0
    initial_lr: 0.0001
    lr: 0.001
    momentum: 0.0
    nesterov: False
    weight_decay: 0
)
2019-01-18 14:54:21,550 *** Initial Checkpoint. Computing Stats
2019-01-18 14:54:21,550 	 Computing Major Stats lazily... 
2019-01-18 14:54:21,552 		 Completed edges=506 good=506 bad=0
2019-01-18 14:54:21,556 Distortion avg=0.9983856641594717 wc=20.029871463106442 me=0.005941110731069004 mc=3371.4018084800787 nan_elements=0
2019-01-18 14:54:21,556 MAP = 0.19185532303953354
2019-01-18 14:54:21,556 scale=[array([1.])]
2019-01-18 14:54:21,556 *** End Initial Checkpoint

2019-01-18 14:54:21,612 1 loss=0.9967751060704989
2019-01-18 14:54:21,613 2 loss=0.9469768700252873
2019-01-18 14:54:21,614 3 loss=0.8997691548565387
2019-01-18 14:54:21,614 4 loss=0.8565417018364521
2019-01-18 14:54:21,615 5 loss=0.8171226009950414
2019-01-18 14:54:21,616 6 loss=0.7811860977340231
2019-01-18 14:54:21,617 7 loss=0.7483949781477502
2019-01-18 14:54:21,617 8 loss=0.718431282444642
2019-01-18 14:54:21,618 9 loss=0.6910043074197032
2019-01-18 14:54:21,619 10 loss=0.6658518357611393
2019-01-18 14:54:21,619 
*** Major Checkpoint. Computing Stats and Saving
2019-01-18 14:54:21,619 	 Computing Major Stats lazily... 
2019-01-18 14:54:21,621 		 Completed edges=506 good=506 bad=0
2019-01-18 14:54:21,625 Distortion avg=0.7815586690772629 wc=34.412881962658986 me=1.0040387043719008 mc=34.2744575610626 nan_elements=0
2019-01-18 14:54:21,625 MAP = 0.08429007588483964
2019-01-18 14:54:21,625 scale=[array([1.])]
2019-01-18 14:54:21,625 *** End Major Checkpoint

2019-01-18 14:54:21,626 11 loss=0.6427389624992449
2019-01-18 14:54:21,627 12 loss=0.6214560426440305
2019-01-18 14:54:21,628 13 loss=0.6018163734078333
2019-01-18 14:54:21,628 14 loss=0.5836538780346013
2019-01-18 14:54:21,629 15 loss=0.566820909881418
2019-01-18 14:54:21,630 16 loss=0.5511862264626538
2019-01-18 14:54:21,631 17 loss=0.5366331494619417
2019-01-18 14:54:21,631 18 loss=0.5230579098613997
2019-01-18 14:54:21,632 19 loss=0.5103681690055799
2019-01-18 14:54:21,633 20 loss=0.4984817025713817
2019-01-18 14:54:21,633 
*** Major Checkpoint. Computing Stats and Saving
2019-01-18 14:54:21,633 	 Computing Major Stats lazily... 
2019-01-18 14:54:21,635 		 Completed edges=506 good=506 bad=0
2019-01-18 14:54:21,639 Distortion avg=0.6664395053758323 wc=29.021806766045813 me=1.4883129909615593 mc=19.499800742379865 nan_elements=0
2019-01-18 14:54:21,639 MAP = 0.08726152976859666
2019-01-18 14:54:21,639 scale=[array([1.])]
2019-01-18 14:54:21,639 *** End Major Checkpoint

2019-01-18 14:54:21,640 21 loss=0.487325232985826
2019-01-18 14:54:21,640 22 loss=0.4768333957144729
2019-01-18 14:54:21,641 23 loss=0.46694782542256497
2019-01-18 14:54:21,642 24 loss=0.45761634894247594
2019-01-18 14:54:21,643 25 loss=0.4487922730662783
2019-01-18 14:54:21,644 26 loss=0.4404337563072648
2019-01-18 14:54:21,644 27 loss=0.4325032548745784
2019-01-18 14:54:21,645 28 loss=0.4249670341456394
2019-01-18 14:54:21,646 29 loss=0.4177947378843194
2019-01-18 14:54:21,647 30 loss=0.41095900833191695
2019-01-18 14:54:21,647 
*** Major Checkpoint. Computing Stats and Saving
2019-01-18 14:54:21,647 	 Computing Major Stats lazily... 
2019-01-18 14:54:21,649 		 Completed edges=506 good=506 bad=0
2019-01-18 14:54:21,653 Distortion avg=0.6074123007550665 wc=24.519139210496107 me=1.6889897976587864 mc=14.517044001380947 nan_elements=0
2019-01-18 14:54:21,653 MAP = 0.1010201473618488
2019-01-18 14:54:21,653 scale=[array([1.])]
2019-01-18 14:54:21,653 *** End Major Checkpoint

2019-01-18 14:54:21,654 31 loss=0.40443515109231465
2019-01-18 14:54:21,655 32 loss=0.39820083944524126
2019-01-18 14:54:21,655 33 loss=0.3922358533573576
2019-01-18 14:54:21,656 34 loss=0.38652184902588843
2019-01-18 14:54:21,657 35 loss=0.38104215529006386
2019-01-18 14:54:21,658 36 loss=0.3757815936880071
2019-01-18 14:54:21,659 37 loss=0.3707263193269178
2019-01-18 14:54:21,659 38 loss=0.3658636800780946
2019-01-18 14:54:21,660 39 loss=0.3611820919107103
2019-01-18 14:54:21,661 40 loss=0.3566709284440125
2019-01-18 14:54:21,661 
*** Major Checkpoint. Computing Stats and Saving
2019-01-18 14:54:21,661 	 Computing Major Stats lazily... 
2019-01-18 14:54:21,663 		 Completed edges=506 good=506 bad=0
2019-01-18 14:54:21,667 Distortion avg=0.5612146045170237 wc=20.959438619358686 me=1.749534026412369 mc=11.980011993444075 nan_elements=0
2019-01-18 14:54:21,667 MAP = 0.12083485121141602
2019-01-18 14:54:21,667 scale=[array([1.])]
2019-01-18 14:54:21,667 *** End Major Checkpoint

2019-01-18 14:54:21,668 41 loss=0.3523204230310323
2019-01-18 14:54:21,669 42 loss=0.34812158189178377
2019-01-18 14:54:21,669 43 loss=0.3440661069937115
2019-01-18 14:54:21,670 44 loss=0.3401463275348429
2019-01-18 14:54:21,671 45 loss=0.33635513902341013
2019-01-18 14:54:21,672 46 loss=0.3326859490689853
2019-01-18 14:54:21,673 47 loss=0.3291326291065295
2019-01-18 14:54:21,673 48 loss=0.3256894713680321
2019-01-18 14:54:21,674 49 loss=0.32235115049822266
2019-01-18 14:54:21,675 50 loss=0.31911268928261627
2019-01-18 14:54:21,675 
*** Major Checkpoint. Computing Stats and Saving
2019-01-18 14:54:21,675 	 Computing Major Stats lazily... 
2019-01-18 14:54:21,677 		 Completed edges=506 good=506 bad=0
2019-01-18 14:54:21,681 Distortion avg=0.5224110666148527 wc=18.127850239386095 me=1.7435479101231453 mc=10.397104739212896 nan_elements=0
2019-01-18 14:54:21,681 MAP = 0.14206180626829437
2019-01-18 14:54:21,681 scale=[array([1.])]
2019-01-18 14:54:21,681 *** End Major Checkpoint

2019-01-18 14:54:21,681 final loss=0.31911268928261627
2019-01-18 14:54:21,681 best loss=0.31911268928261627, distortion=0.5224110666148527, map=0.14206180626829437, wc_dist=18.127850239386095
2019-01-18 14:54:21,681 	 Computing Major Stats lazily... 
2019-01-18 14:54:21,683 		 Completed edges=506 good=506 bad=0
2019-01-18 14:54:21,687 Distortion avg=0.522411066614853 wc=18.127850239386095 me=1.7435479101231453 mc=10.397104739212896 nan_elements=0
2019-01-18 14:54:21,687 MAP = 0.1420618062682944
2019-01-18 14:54:21,687 scale=[array([1.])]
