2019-01-18 15:08:31,101 Commandline ['pytorch/pytorch_hyperbolic.py', 'learn', 'data/edges/parsing/ewt/ewt_dev/1790.edges', '--dim', '0', '--hyp', '0', '--edim', '10', '--euc', '1', '--sdim', '0', '--sph', '0', '--log-name', 'ewt_devr2/1790.edges.E10-1.lr1.log', '--batch-size', '65536', '--epochs', '50', '--checkpoint-freq', '10', '-g', '--subsample', '1024', '--learning-rate', '1']
2019-01-18 15:08:31,101 No Model Save selected!
2019-01-18 15:08:31,103 Loaded Graph data/edges/parsing/ewt/ewt_dev/1790.edges with 13 nodes scale=1.0
2019-01-18 15:08:31,103 Building dataset
2019-01-18 15:08:31,104 Subsample: 13 points with scale 1.0 subsample=12
2019-01-18 15:08:31,115 Built Data Sampler
2019-01-18 15:08:31,115 Creating a fresh model warm_start?=None
2019-01-18 15:08:31,115 	 Warmstarting? None None 13
2019-01-18 15:08:31,116 Embedding() torch.Size([13, 10])
2019-01-18 15:08:31,116 relative No Rescale
2019-01-18 15:08:31,116 Constructed model with dim=0 and epochs=0 isnan=False
2019-01-18 15:08:31,116 SGD (
Parameter Group 0
    dampening: 0
    initial_lr: 0.1
    lr: 1.0
    momentum: 0.0
    nesterov: False
    weight_decay: 0

Parameter Group 1
    dampening: 0
    initial_lr: 0.1
    lr: 1.0
    momentum: 0.0
    nesterov: False
    weight_decay: 0

Parameter Group 2
    dampening: 0
    initial_lr: 0.1
    lr: 1.0
    momentum: 0.0
    nesterov: False
    weight_decay: 0

Parameter Group 3
    dampening: 0
    initial_lr: 0.0001
    lr: 0.001
    momentum: 0.0
    nesterov: False
    weight_decay: 0
)
2019-01-18 15:08:31,117 *** Initial Checkpoint. Computing Stats
2019-01-18 15:08:31,117 	 Computing Major Stats lazily... 
2019-01-18 15:08:31,118 		 Completed edges=156 good=156 bad=0
2019-01-18 15:08:31,120 Distortion avg=0.9979881089015621 wc=10.53473619329296 me=0.005982886981094694 mc=1760.811498960559 nan_elements=0
2019-01-18 15:08:31,120 MAP = 0.28652777777777777
2019-01-18 15:08:31,120 scale=[array([1.])]
2019-01-18 15:08:31,120 *** End Initial Checkpoint

2019-01-18 15:08:31,178 1 loss=0.9959815743342546
2019-01-18 15:08:31,179 2 loss=0.8529224589566983
2019-01-18 15:08:31,179 3 loss=0.7373077471728922
2019-01-18 15:08:31,180 4 loss=0.6483657953065164
2019-01-18 15:08:31,181 5 loss=0.5793392125846611
2019-01-18 15:08:31,181 6 loss=0.5248818288627677
2019-01-18 15:08:31,182 7 loss=0.48111161551523723
2019-01-18 15:08:31,183 8 loss=0.44525941889709686
2019-01-18 15:08:31,183 9 loss=0.41535398042815774
2019-01-18 15:08:31,184 10 loss=0.38998605225107713
2019-01-18 15:08:31,184 
*** Major Checkpoint. Computing Stats and Saving
2019-01-18 15:08:31,184 	 Computing Major Stats lazily... 
2019-01-18 15:08:31,185 		 Completed edges=156 good=156 bad=0
2019-01-18 15:08:31,187 Distortion avg=0.5649488401587524 wc=10.590435194575319 me=1.3396217698703814 mc=7.905541274982434 nan_elements=0
2019-01-18 15:08:31,187 MAP = 0.14670107670107668
2019-01-18 15:08:31,187 scale=[array([1.])]
2019-01-18 15:08:31,187 *** End Major Checkpoint

2019-01-18 15:08:31,188 11 loss=0.3681402562490613
2019-01-18 15:08:31,188 12 loss=0.3490773822091803
2019-01-18 15:08:31,189 13 loss=0.33225255029563266
2019-01-18 15:08:31,190 14 loss=0.31725839880976453
2019-01-18 15:08:31,190 15 loss=0.3037855952109949
2019-01-18 15:08:31,191 16 loss=0.29159530575775516
2019-01-18 15:08:31,191 17 loss=0.2804999212156657
2019-01-18 15:08:31,192 18 loss=0.27034949273087083
2019-01-18 15:08:31,192 19 loss=0.26102212849196793
2019-01-18 15:08:31,193 20 loss=0.2524171477309036
2019-01-18 15:08:31,193 
*** Major Checkpoint. Computing Stats and Saving
2019-01-18 15:08:31,193 	 Computing Major Stats lazily... 
2019-01-18 15:08:31,194 		 Completed edges=156 good=156 bad=0
2019-01-18 15:08:31,196 Distortion avg=0.4651599762532327 wc=7.427739581123186 me=1.4501058973649048 mc=5.122204933185007 nan_elements=0
2019-01-18 15:08:31,196 MAP = 0.2982600732600733
2019-01-18 15:08:31,196 scale=[array([1.])]
2019-01-18 15:08:31,197 *** End Major Checkpoint

2019-01-18 15:08:31,197 21 loss=0.24445016223778915
2019-01-18 15:08:31,198 22 loss=0.23704951141525468
2019-01-18 15:08:31,198 23 loss=0.23015365243189054
2019-01-18 15:08:31,199 24 loss=0.22370922779881966
2019-01-18 15:08:31,199 25 loss=0.2176696160567085
2019-01-18 15:08:31,200 26 loss=0.21199382902168978
2019-01-18 15:08:31,200 27 loss=0.2066456592211592
2019-01-18 15:08:31,201 28 loss=0.20159300922140316
2019-01-18 15:08:31,202 29 loss=0.19680735424434656
2019-01-18 15:08:31,202 30 loss=0.19226330335137085
2019-01-18 15:08:31,202 
*** Major Checkpoint. Computing Stats and Saving
2019-01-18 15:08:31,202 	 Computing Major Stats lazily... 
2019-01-18 15:08:31,203 		 Completed edges=156 good=156 bad=0
2019-01-18 15:08:31,205 Distortion avg=0.39379962754810804 wc=6.663093998454383 me=1.5925353346425393 mc=4.183953632620643 nan_elements=0
2019-01-18 15:08:31,205 MAP = 0.45329670329670335
2019-01-18 15:08:31,205 scale=[array([1.])]
2019-01-18 15:08:31,206 *** End Major Checkpoint

2019-01-18 15:08:31,206 31 loss=0.18793823429970255
2019-01-18 15:08:31,207 32 loss=0.18381198416710948
2019-01-18 15:08:31,207 33 loss=0.1798665828353754
2019-01-18 15:08:31,208 34 loss=0.1760860200069272
2019-01-18 15:08:31,208 35 loss=0.17245603900936984
2019-01-18 15:08:31,209 36 loss=0.1689639525042548
2019-01-18 15:08:31,209 37 loss=0.16559847655905843
2019-01-18 15:08:31,210 38 loss=0.16234958050625709
2019-01-18 15:08:31,211 39 loss=0.15920835070119604
2019-01-18 15:08:31,211 40 loss=0.15616686677377248
2019-01-18 15:08:31,211 
*** Major Checkpoint. Computing Stats and Saving
2019-01-18 15:08:31,212 	 Computing Major Stats lazily... 
2019-01-18 15:08:31,212 		 Completed edges=156 good=156 bad=0
2019-01-18 15:08:31,215 Distortion avg=0.3458213062335974 wc=5.954387207652802 me=1.619491918876865 mc=3.676700783899084 nan_elements=0
2019-01-18 15:08:31,215 MAP = 0.6877289377289377
2019-01-18 15:08:31,215 scale=[array([1.])]
2019-01-18 15:08:31,215 *** End Major Checkpoint

2019-01-18 15:08:31,215 41 loss=0.1532180893010508
2019-01-18 15:08:31,216 42 loss=0.15035575804860096
2019-01-18 15:08:31,217 43 loss=0.14757430006790434
2019-01-18 15:08:31,217 44 loss=0.14486874701905195
2019-01-18 15:08:31,218 45 loss=0.14223466113045272
2019-01-18 15:08:31,218 46 loss=0.1396680692246398
2019-01-18 15:08:31,219 47 loss=0.1371654042424745
2019-01-18 15:08:31,219 48 loss=0.13472345369531796
2019-01-18 15:08:31,220 49 loss=0.13233931447194894
2019-01-18 15:08:31,221 50 loss=0.13001035342804607
2019-01-18 15:08:31,221 
*** Major Checkpoint. Computing Stats and Saving
2019-01-18 15:08:31,221 	 Computing Major Stats lazily... 
2019-01-18 15:08:31,222 		 Completed edges=156 good=156 bad=0
2019-01-18 15:08:31,224 Distortion avg=0.31095615108238156 wc=5.274576578444259 me=1.5902195497141567 mc=3.3168857591974445 nan_elements=0
2019-01-18 15:08:31,224 MAP = 0.8272435897435897
2019-01-18 15:08:31,224 scale=[array([1.])]
2019-01-18 15:08:31,224 *** End Major Checkpoint

2019-01-18 15:08:31,224 final loss=0.13001035342804607
2019-01-18 15:08:31,224 best loss=0.13001035342804607, distortion=0.31095615108238156, map=0.8272435897435897, wc_dist=5.274576578444259
2019-01-18 15:08:31,224 	 Computing Major Stats lazily... 
2019-01-18 15:08:31,225 		 Completed edges=156 good=156 bad=0
2019-01-18 15:08:31,227 Distortion avg=0.3109561510823815 wc=5.274576578444259 me=1.5902195497141567 mc=3.3168857591974445 nan_elements=0
2019-01-18 15:08:31,227 MAP = 0.8272435897435897
2019-01-18 15:08:31,227 scale=[array([1.])]
