2019-01-18 14:52:39,084 Commandline ['pytorch/pytorch_hyperbolic.py', 'learn', 'data/edges/parsing/ewt/ewt_dev/1798.edges', '--dim', '0', '--hyp', '0', '--edim', '10', '--euc', '1', '--sdim', '0', '--sph', '0', '--log-name', 'ewt_devr2/1798.edges.E10-1.lr1.log', '--batch-size', '65536', '--epochs', '50', '--checkpoint-freq', '10', '-g', '--subsample', '1024', '--learning-rate', '1']
2019-01-18 14:52:39,084 No Model Save selected!
2019-01-18 14:52:39,086 Loaded Graph data/edges/parsing/ewt/ewt_dev/1798.edges with 9 nodes scale=1.0
2019-01-18 14:52:39,086 Building dataset
2019-01-18 14:52:39,086 Subsample: 9 points with scale 1.0 subsample=8
2019-01-18 14:52:39,093 Built Data Sampler
2019-01-18 14:52:39,094 Creating a fresh model warm_start?=None
2019-01-18 14:52:39,094 	 Warmstarting? None None 9
2019-01-18 14:52:39,094 Embedding() torch.Size([9, 10])
2019-01-18 14:52:39,094 relative No Rescale
2019-01-18 14:52:39,094 Constructed model with dim=0 and epochs=0 isnan=False
2019-01-18 14:52:39,095 SGD (
Parameter Group 0
    dampening: 0
    initial_lr: 0.1
    lr: 1.0
    momentum: 0.0
    nesterov: False
    weight_decay: 0

Parameter Group 1
    dampening: 0
    initial_lr: 0.1
    lr: 1.0
    momentum: 0.0
    nesterov: False
    weight_decay: 0

Parameter Group 2
    dampening: 0
    initial_lr: 0.1
    lr: 1.0
    momentum: 0.0
    nesterov: False
    weight_decay: 0

Parameter Group 3
    dampening: 0
    initial_lr: 0.0001
    lr: 0.001
    momentum: 0.0
    nesterov: False
    weight_decay: 0
)
2019-01-18 14:52:39,095 *** Initial Checkpoint. Computing Stats
2019-01-18 14:52:39,095 	 Computing Major Stats lazily... 
2019-01-18 14:52:39,096 		 Completed edges=72 good=72 bad=0
2019-01-18 14:52:39,097 Distortion avg=0.9973720690268144 wc=5.751184174970984 me=0.005941110731069004 mc=968.0318100949036 nan_elements=0
2019-01-18 14:52:39,097 MAP = 0.269973544973545
2019-01-18 14:52:39,098 scale=[array([1.])]
2019-01-18 14:52:39,098 *** End Initial Checkpoint

2019-01-18 14:52:39,154 1 loss=0.9947529091570932
2019-01-18 14:52:39,155 2 loss=0.6940938305781889
2019-01-18 14:52:39,155 3 loss=0.523118754681191
2019-01-18 14:52:39,156 4 loss=0.4228756399720824
2019-01-18 14:52:39,156 5 loss=0.3568302973836262
2019-01-18 14:52:39,157 6 loss=0.3089258795308479
2019-01-18 14:52:39,157 7 loss=0.2718522596017819
2019-01-18 14:52:39,158 8 loss=0.24200601839841487
2019-01-18 14:52:39,158 9 loss=0.21742437720960123
2019-01-18 14:52:39,159 10 loss=0.19691727631567338
2019-01-18 14:52:39,159 
*** Major Checkpoint. Computing Stats and Saving
2019-01-18 14:52:39,159 	 Computing Major Stats lazily... 
2019-01-18 14:52:39,160 		 Completed edges=72 good=72 bad=0
2019-01-18 14:52:39,161 Distortion avg=0.38997505378804687 wc=4.049180417867183 me=1.374177251740453 mc=2.9466216332272475 nan_elements=0
2019-01-18 14:52:39,161 MAP = 0.415652557319224
2019-01-18 14:52:39,161 scale=[array([1.])]
2019-01-18 14:52:39,161 *** End Major Checkpoint

2019-01-18 14:52:39,162 11 loss=0.1796862929970034
2019-01-18 14:52:39,162 12 loss=0.16514843072434468
2019-01-18 14:52:39,163 13 loss=0.15285016770146645
2019-01-18 14:52:39,163 14 loss=0.14242325577644324
2019-01-18 14:52:39,164 15 loss=0.1335607218202747
2019-01-18 14:52:39,164 16 loss=0.12600300720331567
2019-01-18 14:52:39,165 17 loss=0.11952932784021847
2019-01-18 14:52:39,165 18 loss=0.11395177152423724
2019-01-18 14:52:39,166 19 loss=0.10911085860034925
2019-01-18 14:52:39,166 20 loss=0.10487191508806076
2019-01-18 14:52:39,166 
*** Major Checkpoint. Computing Stats and Saving
2019-01-18 14:52:39,166 	 Computing Major Stats lazily... 
2019-01-18 14:52:39,167 		 Completed edges=72 good=72 bad=0
2019-01-18 14:52:39,168 Distortion avg=0.27589842727072805 wc=3.2175687187585047 me=1.4717267921352453 mc=2.186254090061319 nan_elements=0
2019-01-18 14:52:39,168 MAP = 0.8697089947089947
2019-01-18 14:52:39,169 scale=[array([1.])]
2019-01-18 14:52:39,169 *** End Major Checkpoint

2019-01-18 14:52:39,169 21 loss=0.10112193404335568
2019-01-18 14:52:39,170 22 loss=0.09776677134001005
2019-01-18 14:52:39,170 23 loss=0.09472860809955384
2019-01-18 14:52:39,171 24 loss=0.09194365249799641
2019-01-18 14:52:39,171 25 loss=0.08936007016419403
2019-01-18 14:52:39,171 26 loss=0.08693613689628682
2019-01-18 14:52:39,172 27 loss=0.08463860656950356
2019-01-18 14:52:39,172 28 loss=0.08244128436910474
2019-01-18 14:52:39,173 29 loss=0.08032379255658946
2019-01-18 14:52:39,173 30 loss=0.07827051359937248
2019-01-18 14:52:39,173 
*** Major Checkpoint. Computing Stats and Saving
2019-01-18 14:52:39,173 	 Computing Major Stats lazily... 
2019-01-18 14:52:39,174 		 Completed edges=72 good=72 bad=0
2019-01-18 14:52:39,175 Distortion avg=0.24175006320761216 wc=2.8637058053923 me=1.4501808177547748 mc=1.974723269216868 nan_elements=0
2019-01-18 14:52:39,175 MAP = 0.9417989417989419
2019-01-18 14:52:39,176 scale=[array([1.])]
2019-01-18 14:52:39,176 *** End Major Checkpoint

2019-01-18 14:52:39,176 31 loss=0.0762696939070996
2019-01-18 14:52:39,177 32 loss=0.07431269063727311
2019-01-18 14:52:39,177 33 loss=0.07239334397959873
2019-01-18 14:52:39,177 34 loss=0.07050745788692611
2019-01-18 14:52:39,178 35 loss=0.06865237326184849
2019-01-18 14:52:39,178 36 loss=0.0668266189985619
2019-01-18 14:52:39,179 37 loss=0.06502962788798451
2019-01-18 14:52:39,179 38 loss=0.06326150609778992
2019-01-18 14:52:39,180 39 loss=0.061522846631355335
2019-01-18 14:52:39,180 40 loss=0.05981457876591523
2019-01-18 14:52:39,180 
*** Major Checkpoint. Computing Stats and Saving
2019-01-18 14:52:39,180 	 Computing Major Stats lazily... 
2019-01-18 14:52:39,181 		 Completed edges=72 good=72 bad=0
2019-01-18 14:52:39,182 Distortion avg=0.21198721422596162 wc=2.501087190208517 me=1.3807240413554693 mc=1.8114316223198206 nan_elements=0
2019-01-18 14:52:39,182 MAP = 1.0
2019-01-18 14:52:39,182 scale=[array([1.])]
2019-01-18 14:52:39,182 *** End Major Checkpoint

2019-01-18 14:52:39,183 41 loss=0.05813784691067847
2019-01-18 14:52:39,183 42 loss=0.05649391357552339
2019-01-18 14:52:39,184 43 loss=0.05488408218774361
2019-01-18 14:52:39,185 44 loss=0.05330963634368933
2019-01-18 14:52:39,185 45 loss=0.05177179275222863
2019-01-18 14:52:39,186 46 loss=0.050271665643398716
2019-01-18 14:52:39,186 47 loss=0.04881024080706577
2019-01-18 14:52:39,187 48 loss=0.04738835772100536
2019-01-18 14:52:39,187 49 loss=0.04600669845084502
2019-01-18 14:52:39,188 50 loss=0.04466578217691733
2019-01-18 14:52:39,188 
*** Major Checkpoint. Computing Stats and Saving
2019-01-18 14:52:39,188 	 Computing Major Stats lazily... 
2019-01-18 14:52:39,188 		 Completed edges=72 good=72 bad=0
2019-01-18 14:52:39,190 Distortion avg=0.18472911395488845 wc=2.146388191104502 me=1.3039505788795798 mc=1.6460655993180255 nan_elements=0
2019-01-18 14:52:39,190 MAP = 1.0
2019-01-18 14:52:39,190 scale=[array([1.])]
2019-01-18 14:52:39,190 *** End Major Checkpoint

2019-01-18 14:52:39,190 final loss=0.04466578217691733
2019-01-18 14:52:39,190 best loss=0.04466578217691733, distortion=0.18472911395488845, map=1.0, wc_dist=2.146388191104502
2019-01-18 14:52:39,190 	 Computing Major Stats lazily... 
2019-01-18 14:52:39,191 		 Completed edges=72 good=72 bad=0
2019-01-18 14:52:39,192 Distortion avg=0.18472911395488845 wc=2.146388191104502 me=1.3039505788795798 mc=1.6460655993180255 nan_elements=0
2019-01-18 14:52:39,192 MAP = 1.0
2019-01-18 14:52:39,192 scale=[array([1.])]
