2019-01-18 15:06:56,632 Commandline ['pytorch/pytorch_hyperbolic.py', 'learn', 'data/edges/parsing/ewt/ewt_dev/1802.edges', '--dim', '0', '--hyp', '0', '--edim', '10', '--euc', '1', '--sdim', '0', '--sph', '0', '--log-name', 'ewt_devr2/1802.edges.E10-1.lr1.log', '--batch-size', '65536', '--epochs', '50', '--checkpoint-freq', '10', '-g', '--subsample', '1024', '--learning-rate', '1']
2019-01-18 15:06:56,632 No Model Save selected!
2019-01-18 15:06:56,634 Loaded Graph data/edges/parsing/ewt/ewt_dev/1802.edges with 16 nodes scale=1.0
2019-01-18 15:06:56,634 Building dataset
2019-01-18 15:06:56,634 Subsample: 16 points with scale 1.0 subsample=15
2019-01-18 15:06:56,650 Built Data Sampler
2019-01-18 15:06:56,650 Creating a fresh model warm_start?=None
2019-01-18 15:06:56,650 	 Warmstarting? None None 16
2019-01-18 15:06:56,650 Embedding() torch.Size([16, 10])
2019-01-18 15:06:56,650 relative No Rescale
2019-01-18 15:06:56,651 Constructed model with dim=0 and epochs=0 isnan=False
2019-01-18 15:06:56,651 SGD (
Parameter Group 0
    dampening: 0
    initial_lr: 0.1
    lr: 1.0
    momentum: 0.0
    nesterov: False
    weight_decay: 0

Parameter Group 1
    dampening: 0
    initial_lr: 0.1
    lr: 1.0
    momentum: 0.0
    nesterov: False
    weight_decay: 0

Parameter Group 2
    dampening: 0
    initial_lr: 0.1
    lr: 1.0
    momentum: 0.0
    nesterov: False
    weight_decay: 0

Parameter Group 3
    dampening: 0
    initial_lr: 0.0001
    lr: 0.001
    momentum: 0.0
    nesterov: False
    weight_decay: 0
)
2019-01-18 15:06:56,651 *** Initial Checkpoint. Computing Stats
2019-01-18 15:06:56,651 	 Computing Major Stats lazily... 
2019-01-18 15:06:56,653 		 Completed edges=240 good=240 bad=0
2019-01-18 15:06:56,655 Distortion avg=0.998064185379071 wc=11.12629333881963 me=0.005628252251848828 mc=1976.8647247757503 nan_elements=0
2019-01-18 15:06:56,655 MAP = 0.2242224210974211
2019-01-18 15:06:56,656 scale=[array([1.])]
2019-01-18 15:06:56,656 *** End Initial Checkpoint

2019-01-18 15:06:56,712 1 loss=0.9961332924361155
2019-01-18 15:06:56,713 2 loss=0.887188773291139
2019-01-18 15:06:56,714 3 loss=0.7940455451731854
2019-01-18 15:06:56,714 4 loss=0.7172966892422498
2019-01-18 15:06:56,715 5 loss=0.6537441817371739
2019-01-18 15:06:56,715 6 loss=0.6006176393958085
2019-01-18 15:06:56,716 7 loss=0.5557301901869638
2019-01-18 15:06:56,717 8 loss=0.5173901405114009
2019-01-18 15:06:56,717 9 loss=0.4842948464568188
2019-01-18 15:06:56,718 10 loss=0.4554401062276902
2019-01-18 15:06:56,718 
*** Major Checkpoint. Computing Stats and Saving
2019-01-18 15:06:56,718 	 Computing Major Stats lazily... 
2019-01-18 15:06:56,719 		 Completed edges=240 good=240 bad=0
2019-01-18 15:06:56,722 Distortion avg=0.6138409186752625 wc=14.223110307516004 me=1.305393365294793 mc=10.895650832654601 nan_elements=0
2019-01-18 15:06:56,722 MAP = 0.11809174621674619
2019-01-18 15:06:56,722 scale=[array([1.])]
2019-01-18 15:06:56,722 *** End Major Checkpoint

2019-01-18 15:06:56,723 11 loss=0.4300486919430184
2019-01-18 15:06:56,723 12 loss=0.4075155776077772
2019-01-18 15:06:56,724 13 loss=0.3873664751145273
2019-01-18 15:06:56,724 14 loss=0.3692266094211061
2019-01-18 15:06:56,725 15 loss=0.3527972444196578
2019-01-18 15:06:56,726 16 loss=0.3378380293095523
2019-01-18 15:06:56,726 17 loss=0.3241536997913956
2019-01-18 15:06:56,727 18 loss=0.31158403329139156
2019-01-18 15:06:56,728 19 loss=0.2999962362220765
2019-01-18 15:06:56,728 20 loss=0.28927915117682673
2019-01-18 15:06:56,728 
*** Major Checkpoint. Computing Stats and Saving
2019-01-18 15:06:56,728 	 Computing Major Stats lazily... 
2019-01-18 15:06:56,729 		 Completed edges=240 good=240 bad=0
2019-01-18 15:06:56,732 Distortion avg=0.5016561346880413 wc=9.348896892432403 me=1.4590468481625753 mc=6.407537156333102 nan_elements=0
2019-01-18 15:06:56,732 MAP = 0.1658431556869057
2019-01-18 15:06:56,732 scale=[array([1.])]
2019-01-18 15:06:56,732 *** End Major Checkpoint

2019-01-18 15:06:56,733 21 loss=0.2793388286860857
2019-01-18 15:06:56,733 22 loss=0.27009512468156716
2019-01-18 15:06:56,734 23 loss=0.2614790712558764
2019-01-18 15:06:56,735 24 loss=0.2534308323948276
2019-01-18 15:06:56,735 25 loss=0.2458981038974119
2019-01-18 15:06:56,736 26 loss=0.2388348519967222
2019-01-18 15:06:56,737 27 loss=0.2322003114440327
2019-01-18 15:06:56,737 28 loss=0.22595818337021936
2019-01-18 15:06:56,738 29 loss=0.22007598782737317
2019-01-18 15:06:56,738 30 loss=0.21452453681722367
2019-01-18 15:06:56,738 
*** Major Checkpoint. Computing Stats and Saving
2019-01-18 15:06:56,739 	 Computing Major Stats lazily... 
2019-01-18 15:06:56,740 		 Completed edges=240 good=240 bad=0
2019-01-18 15:06:56,742 Distortion avg=0.4232517352532118 wc=7.509500452349276 me=1.5453899288686803 mc=4.859291698533773 nan_elements=0
2019-01-18 15:06:56,742 MAP = 0.31573091260591263
2019-01-18 15:06:56,742 scale=[array([1.])]
2019-01-18 15:06:56,742 *** End Major Checkpoint

2019-01-18 15:06:56,743 31 loss=0.2092775017764293
2019-01-18 15:06:56,744 32 loss=0.20431105561168017
2019-01-18 15:06:56,744 33 loss=0.19960357397973755
2019-01-18 15:06:56,745 34 loss=0.19513538397606267
2019-01-18 15:06:56,745 35 loss=0.19088855101914656
2019-01-18 15:06:56,746 36 loss=0.18684669671118034
2019-01-18 15:06:56,747 37 loss=0.18299484197948426
2019-01-18 15:06:56,747 38 loss=0.1793192709761031
2019-01-18 15:06:56,748 39 loss=0.175807412123221
2019-01-18 15:06:56,749 40 loss=0.17244773340454128
2019-01-18 15:06:56,749 
*** Major Checkpoint. Computing Stats and Saving
2019-01-18 15:06:56,749 	 Computing Major Stats lazily... 
2019-01-18 15:06:56,750 		 Completed edges=240 good=240 bad=0
2019-01-18 15:06:56,753 Distortion avg=0.37180758415447834 wc=6.465513214083832 me=1.5890968784960933 mc=4.068671521274861 nan_elements=0
2019-01-18 15:06:56,753 MAP = 0.5144365906084657
2019-01-18 15:06:56,753 scale=[array([1.])]
2019-01-18 15:06:56,753 *** End Major Checkpoint

2019-01-18 15:06:56,754 41 loss=0.16922964956532446
2019-01-18 15:06:56,754 42 loss=0.1661434393315641
2019-01-18 15:06:56,755 43 loss=0.16318017111770183
2019-01-18 15:06:56,755 44 loss=0.1603316359815141
2019-01-18 15:06:56,756 45 loss=0.15759028681865897
2019-01-18 15:06:56,757 46 loss=0.15494918297867658
2019-01-18 15:06:56,757 47 loss=0.15240193963730506
2019-01-18 15:06:56,758 48 loss=0.14994268138334083
2019-01-18 15:06:56,758 49 loss=0.1475659995771476
2019-01-18 15:06:56,759 50 loss=0.14526691311658094
2019-01-18 15:06:56,759 
*** Major Checkpoint. Computing Stats and Saving
2019-01-18 15:06:56,759 	 Computing Major Stats lazily... 
2019-01-18 15:06:56,760 		 Completed edges=240 good=240 bad=0
2019-01-18 15:06:56,763 Distortion avg=0.33566725523120755 wc=5.7047915278644385 me=1.5883773820736962 mc=3.5915844636471617 nan_elements=0
2019-01-18 15:06:56,763 MAP = 0.6729662698412698
2019-01-18 15:06:56,763 scale=[array([1.])]
2019-01-18 15:06:56,763 *** End Major Checkpoint

2019-01-18 15:06:56,763 final loss=0.14526691311658094
2019-01-18 15:06:56,763 best loss=0.14526691311658094, distortion=0.33566725523120755, map=0.6729662698412698, wc_dist=5.7047915278644385
2019-01-18 15:06:56,763 	 Computing Major Stats lazily... 
2019-01-18 15:06:56,765 		 Completed edges=240 good=240 bad=0
2019-01-18 15:06:56,767 Distortion avg=0.3356672552312074 wc=5.7047915278644385 me=1.5883773820736962 mc=3.5915844636471617 nan_elements=0
2019-01-18 15:06:56,767 MAP = 0.6729662698412698
2019-01-18 15:06:56,767 scale=[array([1.])]
