2019-01-18 15:06:10,217 Commandline ['pytorch/pytorch_hyperbolic.py', 'learn', 'data/edges/parsing/ewt/ewt_dev/1807.edges', '--dim', '0', '--hyp', '0', '--edim', '10', '--euc', '1', '--sdim', '0', '--sph', '0', '--log-name', 'ewt_devr2/1807.edges.E10-1.lr1.log', '--batch-size', '65536', '--epochs', '50', '--checkpoint-freq', '10', '-g', '--subsample', '1024', '--learning-rate', '1']
2019-01-18 15:06:10,217 No Model Save selected!
2019-01-18 15:06:10,219 Loaded Graph data/edges/parsing/ewt/ewt_dev/1807.edges with 13 nodes scale=1.0
2019-01-18 15:06:10,219 Building dataset
2019-01-18 15:06:10,219 Subsample: 13 points with scale 1.0 subsample=12
2019-01-18 15:06:10,231 Built Data Sampler
2019-01-18 15:06:10,231 Creating a fresh model warm_start?=None
2019-01-18 15:06:10,231 	 Warmstarting? None None 13
2019-01-18 15:06:10,232 Embedding() torch.Size([13, 10])
2019-01-18 15:06:10,232 relative No Rescale
2019-01-18 15:06:10,232 Constructed model with dim=0 and epochs=0 isnan=False
2019-01-18 15:06:10,232 SGD (
Parameter Group 0
    dampening: 0
    initial_lr: 0.1
    lr: 1.0
    momentum: 0.0
    nesterov: False
    weight_decay: 0

Parameter Group 1
    dampening: 0
    initial_lr: 0.1
    lr: 1.0
    momentum: 0.0
    nesterov: False
    weight_decay: 0

Parameter Group 2
    dampening: 0
    initial_lr: 0.1
    lr: 1.0
    momentum: 0.0
    nesterov: False
    weight_decay: 0

Parameter Group 3
    dampening: 0
    initial_lr: 0.0001
    lr: 0.001
    momentum: 0.0
    nesterov: False
    weight_decay: 0
)
2019-01-18 15:06:10,232 *** Initial Checkpoint. Computing Stats
2019-01-18 15:06:10,232 	 Computing Major Stats lazily... 
2019-01-18 15:06:10,234 		 Completed edges=156 good=156 bad=0
2019-01-18 15:06:10,236 Distortion avg=0.9976800192266018 wc=6.561663766136001 me=0.005941110731069004 mc=1104.4506765076467 nan_elements=0
2019-01-18 15:06:10,236 MAP = 0.27005106005106005
2019-01-18 15:06:10,236 scale=[array([1.])]
2019-01-18 15:06:10,236 *** End Initial Checkpoint

2019-01-18 15:06:10,293 1 loss=0.9953665496304868
2019-01-18 15:06:10,294 2 loss=0.8099404025766422
2019-01-18 15:06:10,295 3 loss=0.6711977869791561
2019-01-18 15:06:10,296 4 loss=0.5689085089012945
2019-01-18 15:06:10,296 5 loss=0.4905612032748813
2019-01-18 15:06:10,297 6 loss=0.4285396010484656
2019-01-18 15:06:10,297 7 loss=0.37818483011012843
2019-01-18 15:06:10,298 8 loss=0.3365304055679697
2019-01-18 15:06:10,298 9 loss=0.3015941460499732
2019-01-18 15:06:10,299 10 loss=0.2719869488887087
2019-01-18 15:06:10,299 
*** Major Checkpoint. Computing Stats and Saving
2019-01-18 15:06:10,299 	 Computing Major Stats lazily... 
2019-01-18 15:06:10,300 		 Completed edges=156 good=156 bad=0
2019-01-18 15:06:10,302 Distortion avg=0.46088223745241963 wc=6.627222480276202 me=1.3247729564573967 mc=5.0025345459935995 nan_elements=0
2019-01-18 15:06:10,302 MAP = 0.2089155289155289
2019-01-18 15:06:10,302 scale=[array([1.])]
2019-01-18 15:06:10,302 *** End Major Checkpoint

2019-01-18 15:06:10,303 11 loss=0.246693190445501
2019-01-18 15:06:10,304 12 loss=0.22494376278905606
2019-01-18 15:06:10,304 13 loss=0.2061398014745537
2019-01-18 15:06:10,305 14 loss=0.18980484195785655
2019-01-18 15:06:10,305 15 loss=0.17555345302170908
2019-01-18 15:06:10,306 16 loss=0.16306979874920707
2019-01-18 15:06:10,306 17 loss=0.1520924381992776
2019-01-18 15:06:10,307 18 loss=0.14240320861189076
2019-01-18 15:06:10,308 19 loss=0.13381888424331612
2019-01-18 15:06:10,308 20 loss=0.12618478364736088
2019-01-18 15:06:10,308 
*** Major Checkpoint. Computing Stats and Saving
2019-01-18 15:06:10,308 	 Computing Major Stats lazily... 
2019-01-18 15:06:10,309 		 Completed edges=156 good=156 bad=0
2019-01-18 15:06:10,311 Distortion avg=0.3075034456938428 wc=4.463235908669612 me=1.4191799014089308 mc=3.1449401899213827 nan_elements=0
2019-01-18 15:06:10,311 MAP = 0.5502985902985903
2019-01-18 15:06:10,312 scale=[array([1.])]
2019-01-18 15:06:10,312 *** End Major Checkpoint

2019-01-18 15:06:10,312 21 loss=0.11936978164213911
2019-01-18 15:06:10,313 22 loss=0.11326235631782457
2019-01-18 15:06:10,314 23 loss=0.1077674128940791
2019-01-18 15:06:10,314 24 loss=0.102803700255248
2019-01-18 15:06:10,315 25 loss=0.09830168662392842
2019-01-18 15:06:10,315 26 loss=0.09420179621736861
2019-01-18 15:06:10,316 27 loss=0.09045293381621476
2019-01-18 15:06:10,316 28 loss=0.08701124212934297
2019-01-18 15:06:10,317 29 loss=0.08383904978199369
2019-01-18 15:06:10,318 30 loss=0.08090397715245669
2019-01-18 15:06:10,318 
*** Major Checkpoint. Computing Stats and Saving
2019-01-18 15:06:10,318 	 Computing Major Stats lazily... 
2019-01-18 15:06:10,319 		 Completed edges=156 good=156 bad=0
2019-01-18 15:06:10,321 Distortion avg=0.23419607987454832 wc=3.677962927282972 me=1.5057280686253598 mc=2.4426475164541057 nan_elements=0
2019-01-18 15:06:10,321 MAP = 0.8582750582750583
2019-01-18 15:06:10,321 scale=[array([1.])]
2019-01-18 15:06:10,321 *** End Major Checkpoint

2019-01-18 15:06:10,321 31 loss=0.07817817416674715
2019-01-18 15:06:10,322 32 loss=0.07563766926241967
2019-01-18 15:06:10,323 33 loss=0.07326181256997398
2019-01-18 15:06:10,323 34 loss=0.07103279929832719
2019-01-18 15:06:10,324 35 loss=0.06893526160514483
2019-01-18 15:06:10,324 36 loss=0.06695591906122453
2019-01-18 15:06:10,325 37 loss=0.0650832793037514
2019-01-18 15:06:10,325 38 loss=0.06330738170131513
2019-01-18 15:06:10,326 39 loss=0.061619577883323354
2019-01-18 15:06:10,327 40 loss=0.06001234385942336
2019-01-18 15:06:10,327 
*** Major Checkpoint. Computing Stats and Saving
2019-01-18 15:06:10,327 	 Computing Major Stats lazily... 
2019-01-18 15:06:10,328 		 Completed edges=156 good=156 bad=0
2019-01-18 15:06:10,330 Distortion avg=0.20088471256395538 wc=3.083771753714911 me=1.49228097698663 mc=2.0664819838030675 nan_elements=0
2019-01-18 15:06:10,330 MAP = 0.9423076923076923
2019-01-18 15:06:10,330 scale=[array([1.])]
2019-01-18 15:06:10,330 *** End Major Checkpoint

2019-01-18 15:06:10,331 41 loss=0.05847911920046801
2019-01-18 15:06:10,331 42 loss=0.05701416939316649
2019-01-18 15:06:10,332 43 loss=0.05561246803228979
2019-01-18 15:06:10,332 44 loss=0.05426959599000128
2019-01-18 15:06:10,333 45 loss=0.05298165511197137
2019-01-18 15:06:10,333 46 loss=0.051745194343093374
2019-01-18 15:06:10,334 47 loss=0.05055714648928396
2019-01-18 15:06:10,335 48 loss=0.04941477408248464
2019-01-18 15:06:10,335 49 loss=0.04831562303925741
2019-01-18 15:06:10,336 50 loss=0.047257482994303684
2019-01-18 15:06:10,336 
*** Major Checkpoint. Computing Stats and Saving
2019-01-18 15:06:10,336 	 Computing Major Stats lazily... 
2019-01-18 15:06:10,337 		 Completed edges=156 good=156 bad=0
2019-01-18 15:06:10,339 Distortion avg=0.17840953413642896 wc=2.6453083417727044 me=1.4434789363094924 mc=1.8325922708203142 nan_elements=0
2019-01-18 15:06:10,339 MAP = 1.0
2019-01-18 15:06:10,339 scale=[array([1.])]
2019-01-18 15:06:10,339 *** End Major Checkpoint

2019-01-18 15:06:10,339 final loss=0.047257482994303684
2019-01-18 15:06:10,339 best loss=0.047257482994303684, distortion=0.17840953413642896, map=1.0, wc_dist=2.6453083417727044
2019-01-18 15:06:10,339 	 Computing Major Stats lazily... 
2019-01-18 15:06:10,340 		 Completed edges=156 good=156 bad=0
2019-01-18 15:06:10,342 Distortion avg=0.17840953413642893 wc=2.6453083417727044 me=1.4434789363094924 mc=1.8325922708203142 nan_elements=0
2019-01-18 15:06:10,342 MAP = 1.0
2019-01-18 15:06:10,342 scale=[array([1.])]
