2019-01-18 14:41:21,934 Commandline ['pytorch/pytorch_hyperbolic.py', 'learn', 'data/edges/parsing/ewt/ewt_dev/1808.edges', '--dim', '0', '--hyp', '0', '--edim', '10', '--euc', '1', '--sdim', '0', '--sph', '0', '--log-name', 'ewt_devr2/1808.edges.E10-1.lr1.log', '--batch-size', '65536', '--epochs', '50', '-g', '--subsample', '1024', '--learning-rate', '1']
2019-01-18 14:41:21,934 No Model Save selected!
2019-01-18 14:41:21,935 Loaded Graph data/edges/parsing/ewt/ewt_dev/1808.edges with 10 nodes scale=1.0
2019-01-18 14:41:21,936 Building dataset
2019-01-18 14:41:21,937 Subsample: 10 points with scale 1.0 subsample=9
2019-01-18 14:41:21,946 Built Data Sampler
2019-01-18 14:41:21,946 Creating a fresh model warm_start?=None
2019-01-18 14:41:21,946 	 Warmstarting? None None 10
2019-01-18 14:41:21,947 Embedding() torch.Size([10, 10])
2019-01-18 14:41:21,947 relative No Rescale
2019-01-18 14:41:21,947 Constructed model with dim=0 and epochs=0 isnan=False
2019-01-18 14:41:21,948 SGD (
Parameter Group 0
    dampening: 0
    initial_lr: 0.1
    lr: 1.0
    momentum: 0.0
    nesterov: False
    weight_decay: 0

Parameter Group 1
    dampening: 0
    initial_lr: 0.1
    lr: 1.0
    momentum: 0.0
    nesterov: False
    weight_decay: 0

Parameter Group 2
    dampening: 0
    initial_lr: 0.1
    lr: 1.0
    momentum: 0.0
    nesterov: False
    weight_decay: 0

Parameter Group 3
    dampening: 0
    initial_lr: 0.0001
    lr: 0.001
    momentum: 0.0
    nesterov: False
    weight_decay: 0
)
2019-01-18 14:41:21,948 *** Initial Checkpoint. Computing Stats
2019-01-18 14:41:21,948 	 Computing Major Stats lazily... 
2019-01-18 14:41:21,949 		 Completed edges=90 good=90 bad=0
2019-01-18 14:41:21,951 Distortion avg=0.9975438985243396 wc=8.70561476586572 me=0.005982886981094694 mc=1455.0859465295875 nan_elements=0
2019-01-18 14:41:21,951 MAP = 0.3180555555555556
2019-01-18 14:41:21,951 scale=[array([1.])]
2019-01-18 14:41:21,952 *** End Initial Checkpoint

2019-01-18 14:41:22,011 1 loss=0.9950954772856945
2019-01-18 14:41:22,012 2 loss=0.7600158023643506
2019-01-18 14:41:22,012 3 loss=0.6027644969904046
2019-01-18 14:41:22,013 4 loss=0.500364536033698
2019-01-18 14:41:22,014 5 loss=0.4297463002594694
2019-01-18 14:41:22,014 6 loss=0.3781479535947098
2019-01-18 14:41:22,015 7 loss=0.33857590857948283
2019-01-18 14:41:22,015 8 loss=0.30707045049827736
2019-01-18 14:41:22,016 9 loss=0.28128253001684794
2019-01-18 14:41:22,016 10 loss=0.2597424451281688
2019-01-18 14:41:22,017 11 loss=0.24147846708571524
2019-01-18 14:41:22,017 12 loss=0.22581292398151523
2019-01-18 14:41:22,018 13 loss=0.21224992606352006
2019-01-18 14:41:22,018 14 loss=0.2004115929766616
2019-01-18 14:41:22,019 15 loss=0.1900006280631813
2019-01-18 14:41:22,020 16 loss=0.18077756287396857
2019-01-18 14:41:22,020 17 loss=0.17254635663830784
2019-01-18 14:41:22,021 18 loss=0.16514485789867978
2019-01-18 14:41:22,021 19 loss=0.15843816261938803
2019-01-18 14:41:22,022 20 loss=0.15231374835334233
2019-01-18 14:41:22,022 21 loss=0.1466777395291736
2019-01-18 14:41:22,023 22 loss=0.14145192881293242
2019-01-18 14:41:22,023 23 loss=0.13657133309298186
2019-01-18 14:41:22,024 24 loss=0.13198214982343104
2019-01-18 14:41:22,024 25 loss=0.12764002867964153
2019-01-18 14:41:22,025 26 loss=0.12350860114099114
2019-01-18 14:41:22,025 27 loss=0.11955822623543162
2019-01-18 14:41:22,026 28 loss=0.1157649197508556
2019-01-18 14:41:22,026 29 loss=0.11210943986523936
2019-01-18 14:41:22,027 30 loss=0.10857650609625503
2019-01-18 14:41:22,027 31 loss=0.10515413162295101
2019-01-18 14:41:22,028 32 loss=0.10183305181230777
2019-01-18 14:41:22,029 33 loss=0.09860623435236357
2019-01-18 14:41:22,029 34 loss=0.09546845877579052
2019-01-18 14:41:22,030 35 loss=0.09241595531980859
2019-01-18 14:41:22,030 36 loss=0.08944609496371905
2019-01-18 14:41:22,031 37 loss=0.08655712407891898
2019-01-18 14:41:22,031 38 loss=0.0837479384046414
2019-01-18 14:41:22,032 39 loss=0.08101789203624112
2019-01-18 14:41:22,032 40 loss=0.07836663781243489
2019-01-18 14:41:22,033 41 loss=0.07579399595875712
2019-01-18 14:41:22,033 42 loss=0.0732998481392896
2019-01-18 14:41:22,034 43 loss=0.07088405424103775
2019-01-18 14:41:22,034 44 loss=0.06854638931428676
2019-01-18 14:41:22,035 45 loss=0.06628649815888084
2019-01-18 14:41:22,035 46 loss=0.06410386511161542
2019-01-18 14:41:22,036 47 loss=0.061997796674364954
2019-01-18 14:41:22,036 48 loss=0.05996741473719338
2019-01-18 14:41:22,037 49 loss=0.05801165829854435
2019-01-18 14:41:22,037 50 loss=0.05612929176279464
2019-01-18 14:41:22,038 final loss=0.05612929176279464
2019-01-18 14:41:22,038 best loss=10000000000.0, distortion=10000000000.0, map=0.0, wc_dist=10000000000.0
2019-01-18 14:41:22,038 	 Computing Major Stats lazily... 
2019-01-18 14:41:22,038 		 Completed edges=90 good=90 bad=0
2019-01-18 14:41:22,040 Distortion avg=0.19460033385390885 wc=2.6597982256612847 me=1.3185479463234924 mc=2.0172176772771904 nan_elements=0
2019-01-18 14:41:22,040 MAP = 1.0
2019-01-18 14:41:22,040 scale=[array([1.])]
2019-01-18 15:06:57,893 Commandline ['pytorch/pytorch_hyperbolic.py', 'learn', 'data/edges/parsing/ewt/ewt_dev/1808.edges', '--dim', '0', '--hyp', '0', '--edim', '10', '--euc', '1', '--sdim', '0', '--sph', '0', '--log-name', 'ewt_devr2/1808.edges.E10-1.lr1.log', '--batch-size', '65536', '--epochs', '50', '--checkpoint-freq', '10', '-g', '--subsample', '1024', '--learning-rate', '1']
2019-01-18 15:06:57,894 No Model Save selected!
2019-01-18 15:06:57,895 Loaded Graph data/edges/parsing/ewt/ewt_dev/1808.edges with 10 nodes scale=1.0
2019-01-18 15:06:57,895 Building dataset
2019-01-18 15:06:57,896 Subsample: 10 points with scale 1.0 subsample=9
2019-01-18 15:06:57,904 Built Data Sampler
2019-01-18 15:06:57,904 Creating a fresh model warm_start?=None
2019-01-18 15:06:57,904 	 Warmstarting? None None 10
2019-01-18 15:06:57,904 Embedding() torch.Size([10, 10])
2019-01-18 15:06:57,904 relative No Rescale
2019-01-18 15:06:57,905 Constructed model with dim=0 and epochs=0 isnan=False
2019-01-18 15:06:57,905 SGD (
Parameter Group 0
    dampening: 0
    initial_lr: 0.1
    lr: 1.0
    momentum: 0.0
    nesterov: False
    weight_decay: 0

Parameter Group 1
    dampening: 0
    initial_lr: 0.1
    lr: 1.0
    momentum: 0.0
    nesterov: False
    weight_decay: 0

Parameter Group 2
    dampening: 0
    initial_lr: 0.1
    lr: 1.0
    momentum: 0.0
    nesterov: False
    weight_decay: 0

Parameter Group 3
    dampening: 0
    initial_lr: 0.0001
    lr: 0.001
    momentum: 0.0
    nesterov: False
    weight_decay: 0
)
2019-01-18 15:06:57,905 *** Initial Checkpoint. Computing Stats
2019-01-18 15:06:57,905 	 Computing Major Stats lazily... 
2019-01-18 15:06:57,906 		 Completed edges=90 good=90 bad=0
2019-01-18 15:06:57,908 Distortion avg=0.9975438985243396 wc=8.70561476586572 me=0.005982886981094694 mc=1455.0859465295875 nan_elements=0
2019-01-18 15:06:57,908 MAP = 0.3180555555555556
2019-01-18 15:06:57,908 scale=[array([1.])]
2019-01-18 15:06:57,908 *** End Initial Checkpoint

2019-01-18 15:06:57,965 1 loss=0.9950954772856945
2019-01-18 15:06:57,966 2 loss=0.7600158023643506
2019-01-18 15:06:57,966 3 loss=0.6027644969904046
2019-01-18 15:06:57,967 4 loss=0.500364536033698
2019-01-18 15:06:57,967 5 loss=0.4297463002594694
2019-01-18 15:06:57,968 6 loss=0.3781479535947098
2019-01-18 15:06:57,968 7 loss=0.33857590857948283
2019-01-18 15:06:57,969 8 loss=0.30707045049827736
2019-01-18 15:06:57,969 9 loss=0.28128253001684794
2019-01-18 15:06:57,970 10 loss=0.2597424451281688
2019-01-18 15:06:57,970 
*** Major Checkpoint. Computing Stats and Saving
2019-01-18 15:06:57,970 	 Computing Major Stats lazily... 
2019-01-18 15:06:57,971 		 Completed edges=90 good=90 bad=0
2019-01-18 15:06:57,972 Distortion avg=0.4517600676936199 wc=6.805466491542202 me=1.3476879660416998 mc=5.049734555047313 nan_elements=0
2019-01-18 15:06:57,972 MAP = 0.2679365079365079
2019-01-18 15:06:57,973 scale=[array([1.])]
2019-01-18 15:06:57,973 *** End Major Checkpoint

2019-01-18 15:06:57,973 11 loss=0.24147846708571524
2019-01-18 15:06:57,974 12 loss=0.22581292398151523
2019-01-18 15:06:57,974 13 loss=0.2122499260635201
2019-01-18 15:06:57,975 14 loss=0.2004115929766617
2019-01-18 15:06:57,977 15 loss=0.19000062806318133
2019-01-18 15:06:57,978 16 loss=0.18077756287396865
2019-01-18 15:06:57,978 17 loss=0.1725463566383079
2019-01-18 15:06:57,979 18 loss=0.16514485789867978
2019-01-18 15:06:57,979 19 loss=0.15843816261938803
2019-01-18 15:06:57,980 20 loss=0.15231374835334233
2019-01-18 15:06:57,980 
*** Major Checkpoint. Computing Stats and Saving
2019-01-18 15:06:57,980 	 Computing Major Stats lazily... 
2019-01-18 15:06:57,981 		 Completed edges=90 good=90 bad=0
2019-01-18 15:06:57,983 Distortion avg=0.3358167602923085 wc=4.961613933119866 me=1.514626633993022 mc=3.2758000036217005 nan_elements=0
2019-01-18 15:06:57,983 MAP = 0.6716269841269842
2019-01-18 15:06:57,983 scale=[array([1.])]
2019-01-18 15:06:57,983 *** End Major Checkpoint

2019-01-18 15:06:57,984 21 loss=0.14667773952917357
2019-01-18 15:06:57,984 22 loss=0.14145192881293245
2019-01-18 15:06:57,985 23 loss=0.1365713330929819
2019-01-18 15:06:57,985 24 loss=0.13198214982343098
2019-01-18 15:06:57,986 25 loss=0.12764002867964155
2019-01-18 15:06:57,986 26 loss=0.12350860114099109
2019-01-18 15:06:57,987 27 loss=0.11955822623543165
2019-01-18 15:06:57,987 28 loss=0.11576491975085561
2019-01-18 15:06:57,988 29 loss=0.11210943986523934
2019-01-18 15:06:57,988 30 loss=0.10857650609625506
2019-01-18 15:06:57,988 
*** Major Checkpoint. Computing Stats and Saving
2019-01-18 15:06:57,989 	 Computing Major Stats lazily... 
2019-01-18 15:06:57,989 		 Completed edges=90 good=90 bad=0
2019-01-18 15:06:57,991 Distortion avg=0.27415837271589133 wc=4.034133933870406 me=1.507893275050783 mc=2.6753444694118316 nan_elements=0
2019-01-18 15:06:57,991 MAP = 0.9
2019-01-18 15:06:57,991 scale=[array([1.])]
2019-01-18 15:06:57,991 *** End Major Checkpoint

2019-01-18 15:06:57,991 31 loss=0.10515413162295101
2019-01-18 15:06:57,992 32 loss=0.10183305181230777
2019-01-18 15:06:57,992 33 loss=0.09860623435236363
2019-01-18 15:06:57,993 34 loss=0.09546845877579055
2019-01-18 15:06:57,993 35 loss=0.09241595531980856
2019-01-18 15:06:57,994 36 loss=0.08944609496371907
2019-01-18 15:06:57,994 37 loss=0.08655712407891897
2019-01-18 15:06:57,995 38 loss=0.08374793840464137
2019-01-18 15:06:57,996 39 loss=0.0810178920362411
2019-01-18 15:06:57,996 40 loss=0.07836663781243487
2019-01-18 15:06:57,996 
*** Major Checkpoint. Computing Stats and Saving
2019-01-18 15:06:57,996 	 Computing Major Stats lazily... 
2019-01-18 15:06:57,997 		 Completed edges=90 good=90 bad=0
2019-01-18 15:06:57,998 Distortion avg=0.23110423141629563 wc=3.296895528202559 me=1.4185027084079265 mc=2.324208130630127 nan_elements=0
2019-01-18 15:06:57,999 MAP = 1.0
2019-01-18 15:06:57,999 scale=[array([1.])]
2019-01-18 15:06:57,999 *** End Major Checkpoint

2019-01-18 15:06:57,999 41 loss=0.07579399595875712
2019-01-18 15:06:58,000 42 loss=0.07329984813928955
2019-01-18 15:06:58,000 43 loss=0.07088405424103773
2019-01-18 15:06:58,001 44 loss=0.06854638931428673
2019-01-18 15:06:58,001 45 loss=0.06628649815888084
2019-01-18 15:06:58,002 46 loss=0.06410386511161542
2019-01-18 15:06:58,002 47 loss=0.061997796674364974
2019-01-18 15:06:58,003 48 loss=0.059967414737193366
2019-01-18 15:06:58,003 49 loss=0.058011658298544336
2019-01-18 15:06:58,004 50 loss=0.05612929176279464
2019-01-18 15:06:58,004 
*** Major Checkpoint. Computing Stats and Saving
2019-01-18 15:06:58,004 	 Computing Major Stats lazily... 
2019-01-18 15:06:58,004 		 Completed edges=90 good=90 bad=0
2019-01-18 15:06:58,006 Distortion avg=0.19460033385390885 wc=2.6597982256612847 me=1.3185479463234924 mc=2.0172176772771904 nan_elements=0
2019-01-18 15:06:58,006 MAP = 1.0
2019-01-18 15:06:58,006 scale=[array([1.])]
2019-01-18 15:06:58,006 *** End Major Checkpoint

2019-01-18 15:06:58,006 final loss=0.05612929176279464
2019-01-18 15:06:58,007 best loss=0.05612929176279464, distortion=0.19460033385390885, map=1.0, wc_dist=2.6597982256612847
2019-01-18 15:06:58,007 	 Computing Major Stats lazily... 
2019-01-18 15:06:58,007 		 Completed edges=90 good=90 bad=0
2019-01-18 15:06:58,009 Distortion avg=0.19460033385390899 wc=2.6597982256612847 me=1.3185479463234924 mc=2.0172176772771904 nan_elements=0
2019-01-18 15:06:58,009 MAP = 1.0
2019-01-18 15:06:58,009 scale=[array([1.])]
