2019-01-18 14:45:44,654 Commandline ['pytorch/pytorch_hyperbolic.py', 'learn', 'data/edges/parsing/ewt/ewt_dev/1812.edges', '--dim', '0', '--hyp', '0', '--edim', '10', '--euc', '1', '--sdim', '0', '--sph', '0', '--log-name', 'ewt_devr2/1812.edges.E10-1.lr1.log', '--batch-size', '65536', '--epochs', '50', '--checkpoint-freq', '10', '-g', '--subsample', '1024', '--learning-rate', '1']
2019-01-18 14:45:44,654 No Model Save selected!
2019-01-18 14:45:44,656 Loaded Graph data/edges/parsing/ewt/ewt_dev/1812.edges with 10 nodes scale=1.0
2019-01-18 14:45:44,656 Building dataset
2019-01-18 14:45:44,656 Subsample: 10 points with scale 1.0 subsample=9
2019-01-18 14:45:44,664 Built Data Sampler
2019-01-18 14:45:44,664 Creating a fresh model warm_start?=None
2019-01-18 14:45:44,664 	 Warmstarting? None None 10
2019-01-18 14:45:44,665 Embedding() torch.Size([10, 10])
2019-01-18 14:45:44,665 relative No Rescale
2019-01-18 14:45:44,665 Constructed model with dim=0 and epochs=0 isnan=False
2019-01-18 14:45:44,665 SGD (
Parameter Group 0
    dampening: 0
    initial_lr: 0.1
    lr: 1.0
    momentum: 0.0
    nesterov: False
    weight_decay: 0

Parameter Group 1
    dampening: 0
    initial_lr: 0.1
    lr: 1.0
    momentum: 0.0
    nesterov: False
    weight_decay: 0

Parameter Group 2
    dampening: 0
    initial_lr: 0.1
    lr: 1.0
    momentum: 0.0
    nesterov: False
    weight_decay: 0

Parameter Group 3
    dampening: 0
    initial_lr: 0.0001
    lr: 0.001
    momentum: 0.0
    nesterov: False
    weight_decay: 0
)
2019-01-18 14:45:44,666 *** Initial Checkpoint. Computing Stats
2019-01-18 14:45:44,666 	 Computing Major Stats lazily... 
2019-01-18 14:45:44,667 		 Completed edges=90 good=90 bad=0
2019-01-18 14:45:44,668 Distortion avg=0.9976881943402047 wc=6.64882301705281 me=0.006175139488820474 mc=1076.7081503324575 nan_elements=0
2019-01-18 14:45:44,668 MAP = 0.2547222222222222
2019-01-18 14:45:44,669 scale=[array([1.])]
2019-01-18 14:45:44,669 *** End Initial Checkpoint

2019-01-18 14:45:44,728 1 loss=0.9953838646595098
2019-01-18 14:45:44,729 2 loss=0.7868685210864654
2019-01-18 14:45:44,729 3 loss=0.6421060386538158
2019-01-18 14:45:44,730 4 loss=0.5452989429871742
2019-01-18 14:45:44,730 5 loss=0.4788529057253677
2019-01-18 14:45:44,731 6 loss=0.43151257079189975
2019-01-18 14:45:44,731 7 loss=0.3963573296927159
2019-01-18 14:45:44,732 8 loss=0.3691520690436976
2019-01-18 14:45:44,732 9 loss=0.34728963630994614
2019-01-18 14:45:44,733 10 loss=0.3291457162435059
2019-01-18 14:45:44,733 
*** Major Checkpoint. Computing Stats and Saving
2019-01-18 14:45:44,733 	 Computing Major Stats lazily... 
2019-01-18 14:45:44,733 		 Completed edges=90 good=90 bad=0
2019-01-18 14:45:44,735 Distortion avg=0.5186988222290656 wc=8.006084742783983 me=1.3131268435805206 mc=6.096962210408923 nan_elements=0
2019-01-18 14:45:44,735 MAP = 0.22444444444444445
2019-01-18 14:45:44,735 scale=[array([1.])]
2019-01-18 14:45:44,735 *** End Major Checkpoint

2019-01-18 14:45:44,736 11 loss=0.31369098450899596
2019-01-18 14:45:44,736 12 loss=0.30025862318937463
2019-01-18 14:45:44,737 13 loss=0.28840466854916086
2019-01-18 14:45:44,737 14 loss=0.2778237351967485
2019-01-18 14:45:44,738 15 loss=0.2682978599385551
2019-01-18 14:45:44,738 16 loss=0.2596652473829834
2019-01-18 14:45:44,739 17 loss=0.25180104011547527
2019-01-18 14:45:44,740 18 loss=0.24460539294783787
2019-01-18 14:45:44,740 19 loss=0.23799600451194805
2019-01-18 14:45:44,741 20 loss=0.2319033790115699
2019-01-18 14:45:44,741 
*** Major Checkpoint. Computing Stats and Saving
2019-01-18 14:45:44,741 	 Computing Major Stats lazily... 
2019-01-18 14:45:44,741 		 Completed edges=90 good=90 bad=0
2019-01-18 14:45:44,743 Distortion avg=0.42825009522007923 wc=5.925315679755099 me=1.433386513871617 mc=4.133787797228994 nan_elements=0
2019-01-18 14:45:44,743 MAP = 0.40349206349206346
2019-01-18 14:45:44,743 scale=[array([1.])]
2019-01-18 14:45:44,743 *** End Major Checkpoint

2019-01-18 14:45:44,744 21 loss=0.2262677649155875
2019-01-18 14:45:44,744 22 loss=0.22103712616715998
2019-01-18 14:45:44,745 23 loss=0.21616575108230363
2019-01-18 14:45:44,745 24 loss=0.21161325727956368
2019-01-18 14:45:44,746 25 loss=0.20734384523852117
2019-01-18 14:45:44,746 26 loss=0.20332571108757108
2019-01-18 14:45:44,747 27 loss=0.19953056479498663
2019-01-18 14:45:44,747 28 loss=0.1959332215962225
2019-01-18 14:45:44,748 29 loss=0.19251124752103474
2019-01-18 14:45:44,748 30 loss=0.18924464758770998
2019-01-18 14:45:44,748 
*** Major Checkpoint. Computing Stats and Saving
2019-01-18 14:45:44,748 	 Computing Major Stats lazily... 
2019-01-18 14:45:44,749 		 Completed edges=90 good=90 bad=0
2019-01-18 14:45:44,750 Distortion avg=0.3706451382193543 wc=4.897383362380001 me=1.4281897914229347 mc=3.4290844198659607 nan_elements=0
2019-01-18 14:45:44,751 MAP = 0.7166666666666667
2019-01-18 14:45:44,751 scale=[array([1.])]
2019-01-18 14:45:44,751 *** End Major Checkpoint

2019-01-18 14:45:44,751 31 loss=0.1861155896764642
2019-01-18 14:45:44,752 32 loss=0.1831081595745033
2019-01-18 14:45:44,752 33 loss=0.18020814400804105
2019-01-18 14:45:44,753 34 loss=0.17740283913961266
2019-01-18 14:45:44,754 35 loss=0.17468088231493822
2019-01-18 14:45:44,754 36 loss=0.17203210497220464
2019-01-18 14:45:44,755 37 loss=0.16944740468132818
2019-01-18 14:45:44,755 38 loss=0.1669186343179767
2019-01-18 14:45:44,756 39 loss=0.16443850642509264
2019-01-18 14:45:44,756 40 loss=0.1620005108850258
2019-01-18 14:45:44,756 
*** Major Checkpoint. Computing Stats and Saving
2019-01-18 14:45:44,757 	 Computing Major Stats lazily... 
2019-01-18 14:45:44,757 		 Completed edges=90 good=90 bad=0
2019-01-18 14:45:44,759 Distortion avg=0.3365656396218539 wc=4.298567114755001 me=1.4287757529665883 mc=3.008566673832351 nan_elements=0
2019-01-18 14:45:44,759 MAP = 0.8388690476190476
2019-01-18 14:45:44,759 scale=[array([1.])]
2019-01-18 14:45:44,759 *** End Major Checkpoint

2019-01-18 14:45:44,760 41 loss=0.15959884412043013
2019-01-18 14:45:44,760 42 loss=0.1572283481590758
2019-01-18 14:45:44,761 43 loss=0.15488445803152412
2019-01-18 14:45:44,761 44 loss=0.1525631561152263
2019-01-18 14:45:44,762 45 loss=0.15026093218812947
2019-01-18 14:45:44,762 46 loss=0.14797474810405403
2019-01-18 14:45:44,763 47 loss=0.14570200614665352
2019-01-18 14:45:44,763 48 loss=0.1434405202554853
2019-01-18 14:45:44,764 49 loss=0.14118848944456283
2019-01-18 14:45:44,764 50 loss=0.13894447284967995
2019-01-18 14:45:44,764 
*** Major Checkpoint. Computing Stats and Saving
2019-01-18 14:45:44,764 	 Computing Major Stats lazily... 
2019-01-18 14:45:44,765 		 Completed edges=90 good=90 bad=0
2019-01-18 14:45:44,766 Distortion avg=0.3100187764816296 wc=3.8531833202833634 me=1.4115165629443258 mc=2.729817999617298 nan_elements=0
2019-01-18 14:45:44,766 MAP = 0.9204166666666665
2019-01-18 14:45:44,767 scale=[array([1.])]
2019-01-18 14:45:44,767 *** End Major Checkpoint

2019-01-18 14:45:44,767 final loss=0.13894447284967995
2019-01-18 14:45:44,767 best loss=0.13894447284967995, distortion=0.3100187764816296, map=0.9204166666666665, wc_dist=3.8531833202833634
2019-01-18 14:45:44,767 	 Computing Major Stats lazily... 
2019-01-18 14:45:44,767 		 Completed edges=90 good=90 bad=0
2019-01-18 14:45:44,769 Distortion avg=0.3100187764816297 wc=3.8531833202833634 me=1.4115165629443258 mc=2.729817999617298 nan_elements=0
2019-01-18 14:45:44,769 MAP = 0.9204166666666665
2019-01-18 14:45:44,769 scale=[array([1.])]
