2019-01-18 14:47:36,719 Commandline ['pytorch/pytorch_hyperbolic.py', 'learn', 'data/edges/parsing/ewt/ewt_dev/1814.edges', '--dim', '0', '--hyp', '0', '--edim', '10', '--euc', '1', '--sdim', '0', '--sph', '0', '--log-name', 'ewt_devr2/1814.edges.E10-1.lr1.log', '--batch-size', '65536', '--epochs', '50', '--checkpoint-freq', '10', '-g', '--subsample', '1024', '--learning-rate', '1']
2019-01-18 14:47:36,720 No Model Save selected!
2019-01-18 14:47:36,721 Loaded Graph data/edges/parsing/ewt/ewt_dev/1814.edges with 17 nodes scale=1.0
2019-01-18 14:47:36,721 Building dataset
2019-01-18 14:47:36,722 Subsample: 17 points with scale 1.0 subsample=16
2019-01-18 14:47:36,739 Built Data Sampler
2019-01-18 14:47:36,739 Creating a fresh model warm_start?=None
2019-01-18 14:47:36,739 	 Warmstarting? None None 17
2019-01-18 14:47:36,740 Embedding() torch.Size([17, 10])
2019-01-18 14:47:36,740 relative No Rescale
2019-01-18 14:47:36,740 Constructed model with dim=0 and epochs=0 isnan=False
2019-01-18 14:47:36,740 SGD (
Parameter Group 0
    dampening: 0
    initial_lr: 0.1
    lr: 1.0
    momentum: 0.0
    nesterov: False
    weight_decay: 0

Parameter Group 1
    dampening: 0
    initial_lr: 0.1
    lr: 1.0
    momentum: 0.0
    nesterov: False
    weight_decay: 0

Parameter Group 2
    dampening: 0
    initial_lr: 0.1
    lr: 1.0
    momentum: 0.0
    nesterov: False
    weight_decay: 0

Parameter Group 3
    dampening: 0
    initial_lr: 0.0001
    lr: 0.001
    momentum: 0.0
    nesterov: False
    weight_decay: 0
)
2019-01-18 14:47:36,740 *** Initial Checkpoint. Computing Stats
2019-01-18 14:47:36,740 	 Computing Major Stats lazily... 
2019-01-18 14:47:36,742 		 Completed edges=272 good=272 bad=0
2019-01-18 14:47:36,745 Distortion avg=0.9981542759068543 wc=9.991350386481413 me=0.00607253907908975 mc=1645.3332380989928 nan_elements=0
2019-01-18 14:47:36,745 MAP = 0.15901332327802917
2019-01-18 14:47:36,745 scale=[array([1.])]
2019-01-18 14:47:36,745 *** End Initial Checkpoint

2019-01-18 14:47:36,804 1 loss=0.9963133049854617
2019-01-18 14:47:36,805 2 loss=0.9032609955667215
2019-01-18 14:47:36,806 3 loss=0.8220811124230765
2019-01-18 14:47:36,807 4 loss=0.753638553005179
2019-01-18 14:47:36,807 5 loss=0.6958251987313111
2019-01-18 14:47:36,808 6 loss=0.6466995435750411
2019-01-18 14:47:36,808 7 loss=0.6046536733115543
2019-01-18 14:47:36,809 8 loss=0.5683876828200264
2019-01-18 14:47:36,810 9 loss=0.536858527217668
2019-01-18 14:47:36,810 10 loss=0.5092308051208396
2019-01-18 14:47:36,810 
*** Major Checkpoint. Computing Stats and Saving
2019-01-18 14:47:36,811 	 Computing Major Stats lazily... 
2019-01-18 14:47:36,812 		 Completed edges=272 good=272 bad=0
2019-01-18 14:47:36,815 Distortion avg=0.6566636421214851 wc=14.425510965457027 me=1.2425899438854873 mc=11.609228801860022 nan_elements=0
2019-01-18 14:47:36,815 MAP = 0.10270952359187654
2019-01-18 14:47:36,815 scale=[array([1.])]
2019-01-18 14:47:36,815 *** End Major Checkpoint

2019-01-18 14:47:36,816 11 loss=0.484834933589394
2019-01-18 14:47:36,816 12 loss=0.4631330762113248
2019-01-18 14:47:36,817 13 loss=0.4436918875701579
2019-01-18 14:47:36,817 14 loss=0.42616089847477207
2019-01-18 14:47:36,818 15 loss=0.41025544555488597
2019-01-18 14:47:36,819 16 loss=0.3957432130541398
2019-01-18 14:47:36,819 17 loss=0.38243362553716537
2019-01-18 14:47:36,820 18 loss=0.3701694823287464
2019-01-18 14:47:36,821 19 loss=0.3588203516436461
2019-01-18 14:47:36,821 20 loss=0.3482773453927332
2019-01-18 14:47:36,821 
*** Major Checkpoint. Computing Stats and Saving
2019-01-18 14:47:36,822 	 Computing Major Stats lazily... 
2019-01-18 14:47:36,823 		 Completed edges=272 good=272 bad=0
2019-01-18 14:47:36,825 Distortion avg=0.5577582978144714 wc=10.412425991292844 me=1.5352217227502518 mc=6.7823597314918445 nan_elements=0
2019-01-18 14:47:36,826 MAP = 0.11958900576547633
2019-01-18 14:47:36,826 scale=[array([1.])]
2019-01-18 14:47:36,826 *** End Major Checkpoint

2019-01-18 14:47:36,826 21 loss=0.3384489777214119
2019-01-18 14:47:36,827 22 loss=0.3292578750595216
2019-01-18 14:47:36,828 23 loss=0.3206381561958402
2019-01-18 14:47:36,828 24 loss=0.31253334051419124
2019-01-18 14:47:36,829 25 loss=0.30489467341144033
2019-01-18 14:47:36,830 26 loss=0.2976797819657277
2019-01-18 14:47:36,830 27 loss=0.29085159264658655
2019-01-18 14:47:36,831 28 loss=0.28437745744365617
2019-01-18 14:47:36,832 29 loss=0.27822844616382847
2019-01-18 14:47:36,832 30 loss=0.2723787715281444
2019-01-18 14:47:36,832 
*** Major Checkpoint. Computing Stats and Saving
2019-01-18 14:47:36,832 	 Computing Major Stats lazily... 
2019-01-18 14:47:36,834 		 Completed edges=272 good=272 bad=0
2019-01-18 14:47:36,837 Distortion avg=0.48868681235021894 wc=8.466609633460005 me=1.664952580067644 mc=5.0851956595160335 nan_elements=0
2019-01-18 14:47:36,837 MAP = 0.18735667926844396
2019-01-18 14:47:36,837 scale=[array([1.])]
2019-01-18 14:47:36,837 *** End Major Checkpoint

2019-01-18 14:47:36,838 31 loss=0.2668053206480216
2019-01-18 14:47:36,838 32 loss=0.2614872719077688
2019-01-18 14:47:36,839 33 loss=0.2564057805611
2019-01-18 14:47:36,840 34 loss=0.25154371972198275
2019-01-18 14:47:36,840 35 loss=0.24688546609450532
2019-01-18 14:47:36,841 36 loss=0.24241672189724492
2019-01-18 14:47:36,842 37 loss=0.23812436611474275
2019-01-18 14:47:36,842 38 loss=0.23399632954519753
2019-01-18 14:47:36,843 39 loss=0.2300214891817448
2019-01-18 14:47:36,844 40 loss=0.22618957832108522
2019-01-18 14:47:36,844 
*** Major Checkpoint. Computing Stats and Saving
2019-01-18 14:47:36,844 	 Computing Major Stats lazily... 
2019-01-18 14:47:36,845 		 Completed edges=272 good=272 bad=0
2019-01-18 14:47:36,848 Distortion avg=0.43496361770202924 wc=7.144935280318338 me=1.6998798995002735 mc=4.203200051026421 nan_elements=0
2019-01-18 14:47:36,848 MAP = 0.28286527742410095
2019-01-18 14:47:36,848 scale=[array([1.])]
2019-01-18 14:47:36,848 *** End Major Checkpoint

2019-01-18 14:47:36,849 41 loss=0.22249110948182038
2019-01-18 14:47:36,850 42 loss=0.2189173077701262
2019-01-18 14:47:36,850 43 loss=0.2154600527794192
2019-01-18 14:47:36,851 44 loss=0.212111827474731
2019-01-18 14:47:36,852 45 loss=0.20886567280838308
2019-01-18 14:47:36,852 46 loss=0.2057151470545151
2019-01-18 14:47:36,853 47 loss=0.2026542890465548
2019-01-18 14:47:36,854 48 loss=0.19967758466216898
2019-01-18 14:47:36,854 49 loss=0.19677993603124386
2019-01-18 14:47:36,855 50 loss=0.19395663304930155
2019-01-18 14:47:36,855 
*** Major Checkpoint. Computing Stats and Saving
2019-01-18 14:47:36,855 	 Computing Major Stats lazily... 
2019-01-18 14:47:36,856 		 Completed edges=272 good=272 bad=0
2019-01-18 14:47:36,859 Distortion avg=0.3935887955379783 wc=6.316840178551586 me=1.7293664230808947 mc=3.6526904271091554 nan_elements=0
2019-01-18 14:47:36,859 MAP = 0.4507217646188235
2019-01-18 14:47:36,859 scale=[array([1.])]
2019-01-18 14:47:36,860 *** End Major Checkpoint

2019-01-18 14:47:36,860 final loss=0.19395663304930155
2019-01-18 14:47:36,860 best loss=0.19395663304930155, distortion=0.3935887955379783, map=0.4507217646188235, wc_dist=6.316840178551586
2019-01-18 14:47:36,860 	 Computing Major Stats lazily... 
2019-01-18 14:47:36,861 		 Completed edges=272 good=272 bad=0
2019-01-18 14:47:36,864 Distortion avg=0.3935887955379781 wc=6.316840178551586 me=1.7293664230808947 mc=3.6526904271091554 nan_elements=0
2019-01-18 14:47:36,864 MAP = 0.45072176461882346
2019-01-18 14:47:36,864 scale=[array([1.])]
