2019-01-18 14:39:42,896 Commandline ['pytorch/pytorch_hyperbolic.py', 'learn', 'data/edges/parsing/ewt/ewt_dev/1815.edges', '--dim', '0', '--hyp', '0', '--edim', '10', '--euc', '1', '--sdim', '0', '--sph', '0', '--log-name', 'ewt_devr2/1815.edges.E10-1.lr1.log', '--batch-size', '65536', '--epochs', '50', '-g', '--subsample', '1024', '--learning-rate', '1']
2019-01-18 14:39:42,896 No Model Save selected!
2019-01-18 14:39:42,898 Loaded Graph data/edges/parsing/ewt/ewt_dev/1815.edges with 5 nodes scale=1.0
2019-01-18 14:39:42,899 Building dataset
2019-01-18 14:39:42,899 Subsample: 5 points with scale 1.0 subsample=4
2019-01-18 14:39:42,903 Built Data Sampler
2019-01-18 14:39:42,903 Creating a fresh model warm_start?=None
2019-01-18 14:39:42,903 	 Warmstarting? None None 5
2019-01-18 14:39:42,903 Embedding() torch.Size([5, 10])
2019-01-18 14:39:42,904 relative No Rescale
2019-01-18 14:39:42,904 Constructed model with dim=0 and epochs=0 isnan=False
2019-01-18 14:39:42,904 SGD (
Parameter Group 0
    dampening: 0
    initial_lr: 0.1
    lr: 1.0
    momentum: 0.0
    nesterov: False
    weight_decay: 0

Parameter Group 1
    dampening: 0
    initial_lr: 0.1
    lr: 1.0
    momentum: 0.0
    nesterov: False
    weight_decay: 0

Parameter Group 2
    dampening: 0
    initial_lr: 0.1
    lr: 1.0
    momentum: 0.0
    nesterov: False
    weight_decay: 0

Parameter Group 3
    dampening: 0
    initial_lr: 0.0001
    lr: 0.001
    momentum: 0.0
    nesterov: False
    weight_decay: 0
)
2019-01-18 14:39:42,904 *** Initial Checkpoint. Computing Stats
2019-01-18 14:39:42,904 	 Computing Major Stats lazily... 
2019-01-18 14:39:42,905 		 Completed edges=20 good=20 bad=0
2019-01-18 14:39:42,906 Distortion avg=0.996888193681215 wc=4.7900427106326955 me=0.005628252251848828 mc=851.0710778926463 nan_elements=0
2019-01-18 14:39:42,906 MAP = 0.4777777777777777
2019-01-18 14:39:42,906 scale=[array([1.])]
2019-01-18 14:39:42,906 *** End Initial Checkpoint

2019-01-18 14:39:42,965 1 loss=0.9937883375237689
2019-01-18 14:39:42,966 2 loss=0.3504264268182566
2019-01-18 14:39:42,966 3 loss=0.2480168754038476
2019-01-18 14:39:42,967 4 loss=0.19943389426559932
2019-01-18 14:39:42,967 5 loss=0.16272865801281136
2019-01-18 14:39:42,968 6 loss=0.13387183017820897
2019-01-18 14:39:42,968 7 loss=0.11105342640564086
2019-01-18 14:39:42,968 8 loss=0.09279649129941057
2019-01-18 14:39:42,969 9 loss=0.07799204797276951
2019-01-18 14:39:42,969 10 loss=0.06587865323493293
2019-01-18 14:39:42,970 11 loss=0.05593087799906813
2019-01-18 14:39:42,970 12 loss=0.047755878012593886
2019-01-18 14:39:42,971 13 loss=0.04103536301910622
2019-01-18 14:39:42,971 14 loss=0.03550267217142346
2019-01-18 14:39:42,972 15 loss=0.030935172849448245
2019-01-18 14:39:42,972 16 loss=0.02714995158430201
2019-01-18 14:39:42,972 17 loss=0.023998898261343663
2019-01-18 14:39:42,973 18 loss=0.021363135824328548
2019-01-18 14:39:42,973 19 loss=0.019147583947647227
2019-01-18 14:39:42,974 20 loss=0.017276186372559153
2019-01-18 14:39:42,974 21 loss=0.01568796736703692
2019-01-18 14:39:42,975 22 loss=0.014333873532837518
2019-01-18 14:39:42,975 23 loss=0.013174281156760276
2019-01-18 14:39:42,976 24 loss=0.01217704053107198
2019-01-18 14:39:42,976 25 loss=0.011315944213835662
2019-01-18 14:39:42,976 26 loss=0.010569526826342001
2019-01-18 14:39:42,977 27 loss=0.009920123049933303
2019-01-18 14:39:42,977 28 loss=0.009353126382886236
2019-01-18 14:39:42,978 29 loss=0.008856403977927741
2019-01-18 14:39:42,978 30 loss=0.008419832945387857
2019-01-18 14:39:42,979 31 loss=0.008034931365567922
2019-01-18 14:39:42,979 32 loss=0.007694563347559959
2019-01-18 14:39:42,980 33 loss=0.007392702173566024
2019-01-18 14:39:42,980 34 loss=0.007124239183850976
2019-01-18 14:39:42,980 35 loss=0.0068848288336685135
2019-01-18 14:39:42,981 36 loss=0.006670762483991237
2019-01-18 14:39:42,981 37 loss=0.006478865123986001
2019-01-18 14:39:42,982 38 loss=0.006306410481693896
2019-01-18 14:39:42,982 39 loss=0.006151050949783915
2019-01-18 14:39:42,983 40 loss=0.006010759503784784
2019-01-18 14:39:42,983 41 loss=0.0058837813727361694
2019-01-18 14:39:42,984 42 loss=0.005768593676121774
2019-01-18 14:39:42,984 43 loss=0.005663871596145712
2019-01-18 14:39:42,984 44 loss=0.005568459933595928
2019-01-18 14:39:42,985 45 loss=0.005481349115979484
2019-01-18 14:39:42,985 46 loss=0.005401654901485761
2019-01-18 14:39:42,986 47 loss=0.005328601161704747
2019-01-18 14:39:42,986 48 loss=0.005261505237623972
2019-01-18 14:39:42,987 49 loss=0.0051997654531932905
2019-01-18 14:39:42,987 50 loss=0.005142850443277305
2019-01-18 14:39:42,987 final loss=0.005142850443277305
2019-01-18 14:39:42,987 best loss=10000000000.0, distortion=10000000000.0, map=0.0, wc_dist=10000000000.0
2019-01-18 14:39:42,987 	 Computing Major Stats lazily... 
2019-01-18 14:39:42,988 		 Completed edges=20 good=20 bad=0
2019-01-18 14:39:42,989 Distortion avg=0.06690398690176776 wc=1.193501935975749 me=1.0826587238513359 mc=1.1023805652533896 nan_elements=0
2019-01-18 14:39:42,989 MAP = 1.0
2019-01-18 14:39:42,989 scale=[array([1.])]
2019-01-18 14:46:08,201 Commandline ['pytorch/pytorch_hyperbolic.py', 'learn', 'data/edges/parsing/ewt/ewt_dev/1815.edges', '--dim', '0', '--hyp', '0', '--edim', '10', '--euc', '1', '--sdim', '0', '--sph', '0', '--log-name', 'ewt_devr2/1815.edges.E10-1.lr1.log', '--batch-size', '65536', '--epochs', '50', '--checkpoint-freq', '10', '-g', '--subsample', '1024', '--learning-rate', '1']
2019-01-18 14:46:08,202 No Model Save selected!
2019-01-18 14:46:08,203 Loaded Graph data/edges/parsing/ewt/ewt_dev/1815.edges with 5 nodes scale=1.0
2019-01-18 14:46:08,204 Building dataset
2019-01-18 14:46:08,204 Subsample: 5 points with scale 1.0 subsample=4
2019-01-18 14:46:08,208 Built Data Sampler
2019-01-18 14:46:08,208 Creating a fresh model warm_start?=None
2019-01-18 14:46:08,208 	 Warmstarting? None None 5
2019-01-18 14:46:08,208 Embedding() torch.Size([5, 10])
2019-01-18 14:46:08,208 relative No Rescale
2019-01-18 14:46:08,209 Constructed model with dim=0 and epochs=0 isnan=False
2019-01-18 14:46:08,209 SGD (
Parameter Group 0
    dampening: 0
    initial_lr: 0.1
    lr: 1.0
    momentum: 0.0
    nesterov: False
    weight_decay: 0

Parameter Group 1
    dampening: 0
    initial_lr: 0.1
    lr: 1.0
    momentum: 0.0
    nesterov: False
    weight_decay: 0

Parameter Group 2
    dampening: 0
    initial_lr: 0.1
    lr: 1.0
    momentum: 0.0
    nesterov: False
    weight_decay: 0

Parameter Group 3
    dampening: 0
    initial_lr: 0.0001
    lr: 0.001
    momentum: 0.0
    nesterov: False
    weight_decay: 0
)
2019-01-18 14:46:08,209 *** Initial Checkpoint. Computing Stats
2019-01-18 14:46:08,209 	 Computing Major Stats lazily... 
2019-01-18 14:46:08,210 		 Completed edges=20 good=20 bad=0
2019-01-18 14:46:08,211 Distortion avg=0.996888193681215 wc=4.7900427106326955 me=0.005628252251848828 mc=851.0710778926463 nan_elements=0
2019-01-18 14:46:08,211 MAP = 0.4777777777777777
2019-01-18 14:46:08,211 scale=[array([1.])]
2019-01-18 14:46:08,211 *** End Initial Checkpoint

2019-01-18 14:46:08,271 1 loss=0.9937883375237689
2019-01-18 14:46:08,271 2 loss=0.3504264268182566
2019-01-18 14:46:08,272 3 loss=0.2480168754038476
2019-01-18 14:46:08,272 4 loss=0.19943389426559932
2019-01-18 14:46:08,273 5 loss=0.16272865801281136
2019-01-18 14:46:08,274 6 loss=0.13387183017820897
2019-01-18 14:46:08,274 7 loss=0.11105342640564086
2019-01-18 14:46:08,275 8 loss=0.09279649129941057
2019-01-18 14:46:08,276 9 loss=0.07799204797276951
2019-01-18 14:46:08,277 10 loss=0.06587865323493293
2019-01-18 14:46:08,277 
*** Major Checkpoint. Computing Stats and Saving
2019-01-18 14:46:08,277 	 Computing Major Stats lazily... 
2019-01-18 14:46:08,277 		 Completed edges=20 good=20 bad=0
2019-01-18 14:46:08,278 Distortion avg=0.211509245903798 wc=1.9370374310018443 me=1.1407579980702722 mc=1.6980266053611488 nan_elements=0
2019-01-18 14:46:08,278 MAP = 1.0
2019-01-18 14:46:08,278 scale=[array([1.])]
2019-01-18 14:46:08,279 *** End Major Checkpoint

2019-01-18 14:46:08,279 11 loss=0.05593087799906812
2019-01-18 14:46:08,280 12 loss=0.047755878012593886
2019-01-18 14:46:08,280 13 loss=0.041035363019106236
2019-01-18 14:46:08,281 14 loss=0.03550267217142346
2019-01-18 14:46:08,281 15 loss=0.030935172849448238
2019-01-18 14:46:08,282 16 loss=0.027149951584302008
2019-01-18 14:46:08,282 17 loss=0.023998898261343653
2019-01-18 14:46:08,283 18 loss=0.021363135824328548
2019-01-18 14:46:08,283 19 loss=0.019147583947647234
2019-01-18 14:46:08,284 20 loss=0.017276186372559146
2019-01-18 14:46:08,284 
*** Major Checkpoint. Computing Stats and Saving
2019-01-18 14:46:08,284 	 Computing Major Stats lazily... 
2019-01-18 14:46:08,285 		 Completed edges=20 good=20 bad=0
2019-01-18 14:46:08,286 Distortion avg=0.11424671987669824 wc=1.4304162690039148 me=1.1102861752371094 mc=1.2883311536311253 nan_elements=0
2019-01-18 14:46:08,286 MAP = 1.0
2019-01-18 14:46:08,286 scale=[array([1.])]
2019-01-18 14:46:08,286 *** End Major Checkpoint

2019-01-18 14:46:08,287 21 loss=0.01568796736703692
2019-01-18 14:46:08,287 22 loss=0.014333873532837525
2019-01-18 14:46:08,288 23 loss=0.013174281156760281
2019-01-18 14:46:08,288 24 loss=0.012177040531071978
2019-01-18 14:46:08,289 25 loss=0.011315944213835666
2019-01-18 14:46:08,289 26 loss=0.010569526826342001
2019-01-18 14:46:08,290 27 loss=0.0099201230499333
2019-01-18 14:46:08,290 28 loss=0.009353126382886236
2019-01-18 14:46:08,291 29 loss=0.008856403977927741
2019-01-18 14:46:08,291 30 loss=0.008419832945387852
2019-01-18 14:46:08,291 
*** Major Checkpoint. Computing Stats and Saving
2019-01-18 14:46:08,291 	 Computing Major Stats lazily... 
2019-01-18 14:46:08,291 		 Completed edges=20 good=20 bad=0
2019-01-18 14:46:08,292 Distortion avg=0.08273557506631915 wc=1.2839581144650059 me=1.095716746853783 mc=1.1717974724323006 nan_elements=0
2019-01-18 14:46:08,293 MAP = 1.0
2019-01-18 14:46:08,293 scale=[array([1.])]
2019-01-18 14:46:08,293 *** End Major Checkpoint

2019-01-18 14:46:08,293 31 loss=0.008034931365567922
2019-01-18 14:46:08,294 32 loss=0.007694563347559957
2019-01-18 14:46:08,294 33 loss=0.007392702173566022
2019-01-18 14:46:08,295 34 loss=0.0071242391838509805
2019-01-18 14:46:08,295 35 loss=0.0068848288336685135
2019-01-18 14:46:08,296 36 loss=0.006670762483991241
2019-01-18 14:46:08,296 37 loss=0.006478865123986002
2019-01-18 14:46:08,296 38 loss=0.006306410481693897
2019-01-18 14:46:08,297 39 loss=0.006151050949783921
2019-01-18 14:46:08,297 40 loss=0.006010759503784784
2019-01-18 14:46:08,297 
*** Major Checkpoint. Computing Stats and Saving
2019-01-18 14:46:08,297 	 Computing Major Stats lazily... 
2019-01-18 14:46:08,298 		 Completed edges=20 good=20 bad=0
2019-01-18 14:46:08,299 Distortion avg=0.0706452861707141 wc=1.222291586816377 me=1.0864226942853727 mc=1.1250608011464416 nan_elements=0
2019-01-18 14:46:08,299 MAP = 1.0
2019-01-18 14:46:08,299 scale=[array([1.])]
2019-01-18 14:46:08,299 *** End Major Checkpoint

2019-01-18 14:46:08,300 41 loss=0.00588378137273617
2019-01-18 14:46:08,300 42 loss=0.005768593676121776
2019-01-18 14:46:08,301 43 loss=0.0056638715961457135
2019-01-18 14:46:08,301 44 loss=0.005568459933595927
2019-01-18 14:46:08,302 45 loss=0.00548134911597948
2019-01-18 14:46:08,302 46 loss=0.005401654901485756
2019-01-18 14:46:08,303 47 loss=0.005328601161704741
2019-01-18 14:46:08,303 48 loss=0.005261505237623972
2019-01-18 14:46:08,304 49 loss=0.0051997654531932905
2019-01-18 14:46:08,304 50 loss=0.005142850443277304
2019-01-18 14:46:08,304 
*** Major Checkpoint. Computing Stats and Saving
2019-01-18 14:46:08,304 	 Computing Major Stats lazily... 
2019-01-18 14:46:08,305 		 Completed edges=20 good=20 bad=0
2019-01-18 14:46:08,306 Distortion avg=0.06690398690176778 wc=1.193501935975749 me=1.0826587238513359 mc=1.1023805652533896 nan_elements=0
2019-01-18 14:46:08,306 MAP = 1.0
2019-01-18 14:46:08,306 scale=[array([1.])]
2019-01-18 14:46:08,306 *** End Major Checkpoint

2019-01-18 14:46:08,306 final loss=0.005142850443277304
2019-01-18 14:46:08,306 best loss=0.005142850443277304, distortion=0.06690398690176778, map=1.0, wc_dist=1.193501935975749
2019-01-18 14:46:08,306 	 Computing Major Stats lazily... 
2019-01-18 14:46:08,307 		 Completed edges=20 good=20 bad=0
2019-01-18 14:46:08,308 Distortion avg=0.06690398690176777 wc=1.193501935975749 me=1.0826587238513359 mc=1.1023805652533896 nan_elements=0
2019-01-18 14:46:08,308 MAP = 1.0
2019-01-18 14:46:08,308 scale=[array([1.])]
