2019-01-18 14:46:36,349 Commandline ['pytorch/pytorch_hyperbolic.py', 'learn', 'data/edges/parsing/ewt/ewt_dev/1820.edges', '--dim', '0', '--hyp', '0', '--edim', '10', '--euc', '1', '--sdim', '0', '--sph', '0', '--log-name', 'ewt_devr2/1820.edges.E10-1.lr1.log', '--batch-size', '65536', '--epochs', '50', '--checkpoint-freq', '10', '-g', '--subsample', '1024', '--learning-rate', '1']
2019-01-18 14:46:36,350 No Model Save selected!
2019-01-18 14:46:36,351 Loaded Graph data/edges/parsing/ewt/ewt_dev/1820.edges with 17 nodes scale=1.0
2019-01-18 14:46:36,351 Building dataset
2019-01-18 14:46:36,351 Subsample: 17 points with scale 1.0 subsample=16
2019-01-18 14:46:36,368 Built Data Sampler
2019-01-18 14:46:36,368 Creating a fresh model warm_start?=None
2019-01-18 14:46:36,368 	 Warmstarting? None None 17
2019-01-18 14:46:36,368 Embedding() torch.Size([17, 10])
2019-01-18 14:46:36,369 relative No Rescale
2019-01-18 14:46:36,369 Constructed model with dim=0 and epochs=0 isnan=False
2019-01-18 14:46:36,369 SGD (
Parameter Group 0
    dampening: 0
    initial_lr: 0.1
    lr: 1.0
    momentum: 0.0
    nesterov: False
    weight_decay: 0

Parameter Group 1
    dampening: 0
    initial_lr: 0.1
    lr: 1.0
    momentum: 0.0
    nesterov: False
    weight_decay: 0

Parameter Group 2
    dampening: 0
    initial_lr: 0.1
    lr: 1.0
    momentum: 0.0
    nesterov: False
    weight_decay: 0

Parameter Group 3
    dampening: 0
    initial_lr: 0.0001
    lr: 0.001
    momentum: 0.0
    nesterov: False
    weight_decay: 0
)
2019-01-18 14:46:36,369 *** Initial Checkpoint. Computing Stats
2019-01-18 14:46:36,369 	 Computing Major Stats lazily... 
2019-01-18 14:46:36,371 		 Completed edges=272 good=272 bad=0
2019-01-18 14:46:36,374 Distortion avg=0.9982069884776951 wc=9.291350535083364 me=0.005325560980892679 mc=1744.670762088604 nan_elements=0
2019-01-18 14:46:36,374 MAP = 0.24006601241895353
2019-01-18 14:46:36,374 scale=[array([1.])]
2019-01-18 14:46:36,374 *** End Initial Checkpoint

2019-01-18 14:46:36,432 1 loss=0.9964183288043353
2019-01-18 14:46:36,433 2 loss=0.9080453754073875
2019-01-18 14:46:36,433 3 loss=0.8291831421338142
2019-01-18 14:46:36,434 4 loss=0.7617445599678062
2019-01-18 14:46:36,434 5 loss=0.7041950955448598
2019-01-18 14:46:36,435 6 loss=0.6549256046697517
2019-01-18 14:46:36,436 7 loss=0.6125319640408022
2019-01-18 14:46:36,436 8 loss=0.5758387455603715
2019-01-18 14:46:36,437 9 loss=0.5438765242945205
2019-01-18 14:46:36,438 10 loss=0.5158507523822722
2019-01-18 14:46:36,438 
*** Major Checkpoint. Computing Stats and Saving
2019-01-18 14:46:36,438 	 Computing Major Stats lazily... 
2019-01-18 14:46:36,439 		 Completed edges=272 good=272 bad=0
2019-01-18 14:46:36,442 Distortion avg=0.6591689636677716 wc=12.465563376686267 me=1.2639916428006124 mc=9.862061547390025 nan_elements=0
2019-01-18 14:46:36,442 MAP = 0.10916403857580328
2019-01-18 14:46:36,442 scale=[array([1.])]
2019-01-18 14:46:36,442 *** End Major Checkpoint

2019-01-18 14:46:36,443 11 loss=0.49111182928184943
2019-01-18 14:46:36,444 12 loss=0.4691289276738032
2019-01-18 14:46:36,444 13 loss=0.4494679704012865
2019-01-18 14:46:36,445 14 loss=0.43177344768451764
2019-01-18 14:46:36,446 15 loss=0.41575355891059773
2019-01-18 14:46:36,447 16 loss=0.4011681429999116
2019-01-18 14:46:36,447 17 loss=0.38781890806827357
2019-01-18 14:46:36,448 18 loss=0.37554153806435797
2019-01-18 14:46:36,449 19 loss=0.3641993222728802
2019-01-18 14:46:36,449 20 loss=0.3536780156689238
2019-01-18 14:46:36,449 
*** Major Checkpoint. Computing Stats and Saving
2019-01-18 14:46:36,450 	 Computing Major Stats lazily... 
2019-01-18 14:46:36,451 		 Completed edges=272 good=272 bad=0
2019-01-18 14:46:36,453 Distortion avg=0.5580023829618477 wc=9.427175588988833 me=1.5657947681531945 mc=6.020696824851375 nan_elements=0
2019-01-18 14:46:36,454 MAP = 0.1369632001984943
2019-01-18 14:46:36,454 scale=[array([1.])]
2019-01-18 14:46:36,454 *** End Major Checkpoint

2019-01-18 14:46:36,455 21 loss=0.3438816917570809
2019-01-18 14:46:36,455 22 loss=0.3347293945802657
2019-01-18 14:46:36,456 23 loss=0.3261524337789837
2019-01-18 14:46:36,457 24 loss=0.31809219696488633
2019-01-18 14:46:36,457 25 loss=0.3104983783166933
2019-01-18 14:46:36,458 26 loss=0.303327542202154
2019-01-18 14:46:36,459 27 loss=0.2965419566409449
2019-01-18 14:46:36,459 28 loss=0.29010864428172584
2019-01-18 14:46:36,460 29 loss=0.28399860887922135
2019-01-18 14:46:36,461 30 loss=0.2781862035219581
2019-01-18 14:46:36,461 
*** Major Checkpoint. Computing Stats and Saving
2019-01-18 14:46:36,461 	 Computing Major Stats lazily... 
2019-01-18 14:46:36,462 		 Completed edges=272 good=272 bad=0
2019-01-18 14:46:36,465 Distortion avg=0.49117177129128003 wc=7.357772108439895 me=1.5706421916740505 mc=4.6845628797210015 nan_elements=0
2019-01-18 14:46:36,465 MAP = 0.2220429243958656
2019-01-18 14:46:36,465 scale=[array([1.])]
2019-01-18 14:46:36,465 *** End Major Checkpoint

2019-01-18 14:46:36,466 31 loss=0.27264861348278485
2019-01-18 14:46:36,467 32 loss=0.26736543186940365
2019-01-18 14:46:36,468 33 loss=0.2623183105038212
2019-01-18 14:46:36,468 34 loss=0.2574906718688154
2019-01-18 14:46:36,469 35 loss=0.2528674706950107
2019-01-18 14:46:36,470 36 loss=0.2484349959589051
2019-01-18 14:46:36,470 37 loss=0.2441807058279329
2019-01-18 14:46:36,471 38 loss=0.24009308950938965
2019-01-18 14:46:36,472 39 loss=0.2361615511044376
2019-01-18 14:46:36,472 40 loss=0.23237631149125065
2019-01-18 14:46:36,472 
*** Major Checkpoint. Computing Stats and Saving
2019-01-18 14:46:36,472 	 Computing Major Stats lazily... 
2019-01-18 14:46:36,474 		 Completed edges=272 good=272 bad=0
2019-01-18 14:46:36,476 Distortion avg=0.43865069722262334 wc=6.8863044734438335 me=1.6183847159109188 mc=4.255047891729396 nan_elements=0
2019-01-18 14:46:36,476 MAP = 0.33493538324420674
2019-01-18 14:46:36,477 scale=[array([1.])]
2019-01-18 14:46:36,477 *** End Major Checkpoint

2019-01-18 14:46:36,477 41 loss=0.22872832500641077
2019-01-18 14:46:36,478 42 loss=0.22520920829592392
2019-01-18 14:46:36,479 43 loss=0.22181117919463622
2019-01-18 14:46:36,479 44 loss=0.21852700388781598
2019-01-18 14:46:36,480 45 loss=0.21534995092914633
2019-01-18 14:46:36,481 46 loss=0.21227375094975406
2019-01-18 14:46:36,482 47 loss=0.2092925611047264
2019-01-18 14:46:36,482 48 loss=0.20640093347613525
2019-01-18 14:46:36,483 49 loss=0.20359378679236576
2019-01-18 14:46:36,483 50 loss=0.20086638093855316
2019-01-18 14:46:36,484 
*** Major Checkpoint. Computing Stats and Saving
2019-01-18 14:46:36,484 	 Computing Major Stats lazily... 
2019-01-18 14:46:36,485 		 Completed edges=272 good=272 bad=0
2019-01-18 14:46:36,488 Distortion avg=0.39875914926869693 wc=6.437502054605182 me=1.6777977980832888 mc=3.8368759703698294 nan_elements=0
2019-01-18 14:46:36,488 MAP = 0.5102941176470588
2019-01-18 14:46:36,488 scale=[array([1.])]
2019-01-18 14:46:36,488 *** End Major Checkpoint

2019-01-18 14:46:36,488 final loss=0.20086638093855316
2019-01-18 14:46:36,488 best loss=0.20086638093855316, distortion=0.39875914926869693, map=0.5102941176470588, wc_dist=6.437502054605182
2019-01-18 14:46:36,488 	 Computing Major Stats lazily... 
2019-01-18 14:46:36,489 		 Completed edges=272 good=272 bad=0
2019-01-18 14:46:36,492 Distortion avg=0.3987591492686968 wc=6.437502054605182 me=1.6777977980832888 mc=3.8368759703698294 nan_elements=0
2019-01-18 14:46:36,492 MAP = 0.5102941176470589
2019-01-18 14:46:36,492 scale=[array([1.])]
