2019-01-18 14:50:09,603 Commandline ['pytorch/pytorch_hyperbolic.py', 'learn', 'data/edges/parsing/ewt/ewt_dev/1821.edges', '--dim', '0', '--hyp', '0', '--edim', '10', '--euc', '1', '--sdim', '0', '--sph', '0', '--log-name', 'ewt_devr2/1821.edges.E10-1.lr1.log', '--batch-size', '65536', '--epochs', '50', '--checkpoint-freq', '10', '-g', '--subsample', '1024', '--learning-rate', '1']
2019-01-18 14:50:09,604 No Model Save selected!
2019-01-18 14:50:09,605 Loaded Graph data/edges/parsing/ewt/ewt_dev/1821.edges with 10 nodes scale=1.0
2019-01-18 14:50:09,605 Building dataset
2019-01-18 14:50:09,606 Subsample: 10 points with scale 1.0 subsample=9
2019-01-18 14:50:09,614 Built Data Sampler
2019-01-18 14:50:09,614 Creating a fresh model warm_start?=None
2019-01-18 14:50:09,614 	 Warmstarting? None None 10
2019-01-18 14:50:09,615 Embedding() torch.Size([10, 10])
2019-01-18 14:50:09,615 relative No Rescale
2019-01-18 14:50:09,615 Constructed model with dim=0 and epochs=0 isnan=False
2019-01-18 14:50:09,615 SGD (
Parameter Group 0
    dampening: 0
    initial_lr: 0.1
    lr: 1.0
    momentum: 0.0
    nesterov: False
    weight_decay: 0

Parameter Group 1
    dampening: 0
    initial_lr: 0.1
    lr: 1.0
    momentum: 0.0
    nesterov: False
    weight_decay: 0

Parameter Group 2
    dampening: 0
    initial_lr: 0.1
    lr: 1.0
    momentum: 0.0
    nesterov: False
    weight_decay: 0

Parameter Group 3
    dampening: 0
    initial_lr: 0.0001
    lr: 0.001
    momentum: 0.0
    nesterov: False
    weight_decay: 0
)
2019-01-18 14:50:09,615 *** Initial Checkpoint. Computing Stats
2019-01-18 14:50:09,616 	 Computing Major Stats lazily... 
2019-01-18 14:50:09,616 		 Completed edges=90 good=90 bad=0
2019-01-18 14:50:09,618 Distortion avg=0.9976026540000471 wc=8.985358688042574 me=0.006175139488820474 mc=1455.0859465295875 nan_elements=0
2019-01-18 14:50:09,618 MAP = 0.23897817460317464
2019-01-18 14:50:09,619 scale=[array([1.])]
2019-01-18 14:50:09,619 *** End Initial Checkpoint

2019-01-18 14:50:09,677 1 loss=0.9952132026318852
2019-01-18 14:50:09,678 2 loss=0.7727932090063093
2019-01-18 14:50:09,678 3 loss=0.6242435893820791
2019-01-18 14:50:09,679 4 loss=0.5279075606613393
2019-01-18 14:50:09,679 5 loss=0.4628481805976479
2019-01-18 14:50:09,680 6 loss=0.41667253667187715
2019-01-18 14:50:09,680 7 loss=0.38222454678172596
2019-01-18 14:50:09,681 8 loss=0.3553388112311448
2019-01-18 14:50:09,681 9 loss=0.3335422799403298
2019-01-18 14:50:09,682 10 loss=0.31532575203711305
2019-01-18 14:50:09,682 
*** Major Checkpoint. Computing Stats and Saving
2019-01-18 14:50:09,682 	 Computing Major Stats lazily... 
2019-01-18 14:50:09,682 		 Completed edges=90 good=90 bad=0
2019-01-18 14:50:09,684 Distortion avg=0.5156940327325311 wc=8.78475166688012 me=1.3457520989938707 mc=6.527763674638067 nan_elements=0
2019-01-18 14:50:09,684 MAP = 0.19834325396825395
2019-01-18 14:50:09,684 scale=[array([1.])]
2019-01-18 14:50:09,684 *** End Major Checkpoint

2019-01-18 14:50:09,685 11 loss=0.2997366212736157
2019-01-18 14:50:09,685 12 loss=0.2861498371672126
2019-01-18 14:50:09,686 13 loss=0.2741376649257873
2019-01-18 14:50:09,686 14 loss=0.26339457284467704
2019-01-18 14:50:09,687 15 loss=0.253693206152187
2019-01-18 14:50:09,687 16 loss=0.24485811886989053
2019-01-18 14:50:09,688 17 loss=0.23674979293358428
2019-01-18 14:50:09,688 18 loss=0.22925470027624814
2019-01-18 14:50:09,689 19 loss=0.22227896079932136
2019-01-18 14:50:09,689 20 loss=0.21574416453573958
2019-01-18 14:50:09,689 
*** Major Checkpoint. Computing Stats and Saving
2019-01-18 14:50:09,689 	 Computing Major Stats lazily... 
2019-01-18 14:50:09,690 		 Completed edges=90 good=90 bad=0
2019-01-18 14:50:09,692 Distortion avg=0.42276050859423153 wc=6.301132348163343 me=1.5036061211034573 mc=4.190680165320893 nan_elements=0
2019-01-18 14:50:09,692 MAP = 0.4071527777777778
2019-01-18 14:50:09,692 scale=[array([1.])]
2019-01-18 14:50:09,692 *** End Major Checkpoint

2019-01-18 14:50:09,692 21 loss=0.20958450920548996
2019-01-18 14:50:09,693 22 loss=0.20374474455643402
2019-01-18 14:50:09,694 23 loss=0.19817861656963476
2019-01-18 14:50:09,694 24 loss=0.1928476258484079
2019-01-18 14:50:09,695 25 loss=0.18771998822851751
2019-01-18 14:50:09,695 26 loss=0.18276973086557338
2019-01-18 14:50:09,696 27 loss=0.17797588495279043
2019-01-18 14:50:09,696 28 loss=0.1733217534513229
2019-01-18 14:50:09,697 29 loss=0.16879424276829066
2019-01-18 14:50:09,697 30 loss=0.1643832536026337
2019-01-18 14:50:09,697 
*** Major Checkpoint. Computing Stats and Saving
2019-01-18 14:50:09,697 	 Computing Major Stats lazily... 
2019-01-18 14:50:09,698 		 Completed edges=90 good=90 bad=0
2019-01-18 14:50:09,699 Distortion avg=0.35796065243460895 wc=4.782126890163017 me=1.5043241698806036 mc=3.178920465355927 nan_elements=0
2019-01-18 14:50:09,699 MAP = 0.6454166666666665
2019-01-18 14:50:09,700 scale=[array([1.])]
2019-01-18 14:50:09,700 *** End Major Checkpoint

2019-01-18 14:50:09,700 31 loss=0.16008112966381324
2019-01-18 14:50:09,701 32 loss=0.15588216457183462
2019-01-18 14:50:09,701 33 loss=0.1517821675760868
2019-01-18 14:50:09,702 34 loss=0.14777808821888103
2019-01-18 14:50:09,702 35 loss=0.14386769905211266
2019-01-18 14:50:09,703 36 loss=0.14004933426195001
2019-01-18 14:50:09,703 37 loss=0.13632168078300327
2019-01-18 14:50:09,704 38 loss=0.1326836173539649
2019-01-18 14:50:09,704 39 loss=0.12913409609253013
2019-01-18 14:50:09,705 40 loss=0.12567206060916952
2019-01-18 14:50:09,705 
*** Major Checkpoint. Computing Stats and Saving
2019-01-18 14:50:09,705 	 Computing Major Stats lazily... 
2019-01-18 14:50:09,705 		 Completed edges=90 good=90 bad=0
2019-01-18 14:50:09,707 Distortion avg=0.3111549063939225 wc=3.7449239296067387 me=1.4122783106949917 mc=2.651689756365257 nan_elements=0
2019-01-18 14:50:09,707 MAP = 0.85375
2019-01-18 14:50:09,707 scale=[array([1.])]
2019-01-18 14:50:09,707 *** End Major Checkpoint

2019-01-18 14:50:09,708 41 loss=0.12229639445277149
2019-01-18 14:50:09,708 42 loss=0.11900589376596647
2019-01-18 14:50:09,709 43 loss=0.1157992583781222
2019-01-18 14:50:09,709 44 loss=0.11267509611855696
2019-01-18 14:50:09,710 45 loss=0.10963193582479026
2019-01-18 14:50:09,710 46 loss=0.1066682452858386
2019-01-18 14:50:09,711 47 loss=0.10378245114102107
2019-01-18 14:50:09,711 48 loss=0.10097295850326114
2019-01-18 14:50:09,712 49 loss=0.09823816875708558
2019-01-18 14:50:09,712 50 loss=0.09557649457198894
2019-01-18 14:50:09,712 
*** Major Checkpoint. Computing Stats and Saving
2019-01-18 14:50:09,712 	 Computing Major Stats lazily... 
2019-01-18 14:50:09,713 		 Completed edges=90 good=90 bad=0
2019-01-18 14:50:09,715 Distortion avg=0.26842475409127686 wc=3.078615669552331 me=1.3613467388098623 mc=2.2614485948258607 nan_elements=0
2019-01-18 14:50:09,715 MAP = 0.9783333333333333
2019-01-18 14:50:09,715 scale=[array([1.])]
2019-01-18 14:50:09,715 *** End Major Checkpoint

2019-01-18 14:50:09,715 final loss=0.09557649457198894
2019-01-18 14:50:09,715 best loss=0.09557649457198894, distortion=0.26842475409127686, map=0.9783333333333333, wc_dist=3.078615669552331
2019-01-18 14:50:09,715 	 Computing Major Stats lazily... 
2019-01-18 14:50:09,716 		 Completed edges=90 good=90 bad=0
2019-01-18 14:50:09,717 Distortion avg=0.2684247540912769 wc=3.078615669552331 me=1.3613467388098623 mc=2.2614485948258607 nan_elements=0
2019-01-18 14:50:09,717 MAP = 0.9783333333333332
2019-01-18 14:50:09,717 scale=[array([1.])]
