2019-01-18 14:41:23,196 Commandline ['pytorch/pytorch_hyperbolic.py', 'learn', 'data/edges/parsing/ewt/ewt_dev/1824.edges', '--dim', '0', '--hyp', '0', '--edim', '10', '--euc', '1', '--sdim', '0', '--sph', '0', '--log-name', 'ewt_devr2/1824.edges.E10-1.lr1.log', '--batch-size', '65536', '--epochs', '50', '-g', '--subsample', '1024', '--learning-rate', '1']
2019-01-18 14:41:23,196 No Model Save selected!
2019-01-18 14:41:23,198 Loaded Graph data/edges/parsing/ewt/ewt_dev/1824.edges with 8 nodes scale=1.0
2019-01-18 14:41:23,198 Building dataset
2019-01-18 14:41:23,198 Subsample: 8 points with scale 1.0 subsample=7
2019-01-18 14:41:23,204 Built Data Sampler
2019-01-18 14:41:23,204 Creating a fresh model warm_start?=None
2019-01-18 14:41:23,204 	 Warmstarting? None None 8
2019-01-18 14:41:23,205 Embedding() torch.Size([8, 10])
2019-01-18 14:41:23,205 relative No Rescale
2019-01-18 14:41:23,205 Constructed model with dim=0 and epochs=0 isnan=False
2019-01-18 14:41:23,205 SGD (
Parameter Group 0
    dampening: 0
    initial_lr: 0.1
    lr: 1.0
    momentum: 0.0
    nesterov: False
    weight_decay: 0

Parameter Group 1
    dampening: 0
    initial_lr: 0.1
    lr: 1.0
    momentum: 0.0
    nesterov: False
    weight_decay: 0

Parameter Group 2
    dampening: 0
    initial_lr: 0.1
    lr: 1.0
    momentum: 0.0
    nesterov: False
    weight_decay: 0

Parameter Group 3
    dampening: 0
    initial_lr: 0.0001
    lr: 0.001
    momentum: 0.0
    nesterov: False
    weight_decay: 0
)
2019-01-18 14:41:23,206 *** Initial Checkpoint. Computing Stats
2019-01-18 14:41:23,206 	 Computing Major Stats lazily... 
2019-01-18 14:41:23,206 		 Completed edges=56 good=56 bad=0
2019-01-18 14:41:23,208 Distortion avg=0.9974938118082033 wc=5.387159983408046 me=0.005941110731069004 mc=906.7597335353345 nan_elements=0
2019-01-18 14:41:23,208 MAP = 0.6373015873015874
2019-01-18 14:41:23,208 scale=[array([1.])]
2019-01-18 14:41:23,208 *** End Initial Checkpoint

2019-01-18 14:41:23,266 1 loss=0.9949955509349746
2019-01-18 14:41:23,267 2 loss=0.6915090492483997
2019-01-18 14:41:23,267 3 loss=0.5140762777710187
2019-01-18 14:41:23,268 4 loss=0.41608001987366416
2019-01-18 14:41:23,268 5 loss=0.3576462158284212
2019-01-18 14:41:23,269 6 loss=0.31896960074781305
2019-01-18 14:41:23,269 7 loss=0.2906532262209517
2019-01-18 14:41:23,270 8 loss=0.26821599118152956
2019-01-18 14:41:23,270 9 loss=0.24945582684619888
2019-01-18 14:41:23,271 10 loss=0.23322910373085984
2019-01-18 14:41:23,271 11 loss=0.21889089911676093
2019-01-18 14:41:23,272 12 loss=0.2060387260712397
2019-01-18 14:41:23,272 13 loss=0.19439507996801758
2019-01-18 14:41:23,273 14 loss=0.1837533367625049
2019-01-18 14:41:23,273 15 loss=0.1739523638396156
2019-01-18 14:41:23,274 16 loss=0.16486393977729938
2019-01-18 14:41:23,274 17 loss=0.15638573484857513
2019-01-18 14:41:23,275 18 loss=0.14843662528518872
2019-01-18 14:41:23,275 19 loss=0.14095298069743872
2019-01-18 14:41:23,276 20 loss=0.13388541613364596
2019-01-18 14:41:23,276 21 loss=0.12719587003753735
2019-01-18 14:41:23,277 22 loss=0.12085500947383876
2019-01-18 14:41:23,277 23 loss=0.11483999737393777
2019-01-18 14:41:23,278 24 loss=0.10913264466995509
2019-01-18 14:41:23,278 25 loss=0.10371794419212611
2019-01-18 14:41:23,279 26 loss=0.09858295834045469
2019-01-18 14:41:23,279 27 loss=0.09371601516327302
2019-01-18 14:41:23,280 28 loss=0.08910615892340669
2019-01-18 14:41:23,280 29 loss=0.08474280024840765
2019-01-18 14:41:23,281 30 loss=0.08061551526699007
2019-01-18 14:41:23,281 31 loss=0.07671395040069032
2019-01-18 14:41:23,282 32 loss=0.07302779782135214
2019-01-18 14:41:23,282 33 loss=0.06954681471346207
2019-01-18 14:41:23,283 34 loss=0.06626086666321263
2019-01-18 14:41:23,283 35 loss=0.06315998142480594
2019-01-18 14:41:23,284 36 loss=0.060234403957633555
2019-01-18 14:41:23,284 37 loss=0.05747464710841504
2019-01-18 14:41:23,285 38 loss=0.054871534819376455
2019-01-18 14:41:23,285 39 loss=0.05241623647838078
2019-01-18 14:41:23,285 40 loss=0.050100292174026013
2019-01-18 14:41:23,286 41 loss=0.04791562933357075
2019-01-18 14:41:23,286 42 loss=0.04585457162832707
2019-01-18 14:41:23,287 43 loss=0.04390984122533314
2019-01-18 14:41:23,287 44 loss=0.04207455551694015
2019-01-18 14:41:23,288 45 loss=0.0403422194232781
2019-01-18 14:41:23,288 46 loss=0.03870671427326385
2019-01-18 14:41:23,289 47 loss=0.037162284153421925
2019-01-18 14:41:23,289 48 loss=0.035703520487473495
2019-01-18 14:41:23,290 49 loss=0.03432534548449066
2019-01-18 14:41:23,290 50 loss=0.03302299497615637
2019-01-18 14:41:23,291 final loss=0.03302299497615637
2019-01-18 14:41:23,291 best loss=10000000000.0, distortion=10000000000.0, map=0.0, wc_dist=10000000000.0
2019-01-18 14:41:23,291 	 Computing Major Stats lazily... 
2019-01-18 14:41:23,291 		 Completed edges=56 good=56 bad=0
2019-01-18 14:41:23,292 Distortion avg=0.14993178594525583 wc=1.9962748071522112 me=1.185452159509815 mc=1.6839775364512994 nan_elements=0
2019-01-18 14:41:23,293 MAP = 1.0
2019-01-18 14:41:23,293 scale=[array([1.])]
2019-01-18 14:45:25,139 Commandline ['pytorch/pytorch_hyperbolic.py', 'learn', 'data/edges/parsing/ewt/ewt_dev/1824.edges', '--dim', '0', '--hyp', '0', '--edim', '10', '--euc', '1', '--sdim', '0', '--sph', '0', '--log-name', 'ewt_devr2/1824.edges.E10-1.lr1.log', '--batch-size', '65536', '--epochs', '50', '--checkpoint-freq', '10', '-g', '--subsample', '1024', '--learning-rate', '1']
2019-01-18 14:45:25,140 No Model Save selected!
2019-01-18 14:45:25,141 Loaded Graph data/edges/parsing/ewt/ewt_dev/1824.edges with 8 nodes scale=1.0
2019-01-18 14:45:25,141 Building dataset
2019-01-18 14:45:25,142 Subsample: 8 points with scale 1.0 subsample=7
2019-01-18 14:45:25,148 Built Data Sampler
2019-01-18 14:45:25,148 Creating a fresh model warm_start?=None
2019-01-18 14:45:25,148 	 Warmstarting? None None 8
2019-01-18 14:45:25,148 Embedding() torch.Size([8, 10])
2019-01-18 14:45:25,149 relative No Rescale
2019-01-18 14:45:25,149 Constructed model with dim=0 and epochs=0 isnan=False
2019-01-18 14:45:25,149 SGD (
Parameter Group 0
    dampening: 0
    initial_lr: 0.1
    lr: 1.0
    momentum: 0.0
    nesterov: False
    weight_decay: 0

Parameter Group 1
    dampening: 0
    initial_lr: 0.1
    lr: 1.0
    momentum: 0.0
    nesterov: False
    weight_decay: 0

Parameter Group 2
    dampening: 0
    initial_lr: 0.1
    lr: 1.0
    momentum: 0.0
    nesterov: False
    weight_decay: 0

Parameter Group 3
    dampening: 0
    initial_lr: 0.0001
    lr: 0.001
    momentum: 0.0
    nesterov: False
    weight_decay: 0
)
2019-01-18 14:45:25,149 *** Initial Checkpoint. Computing Stats
2019-01-18 14:45:25,149 	 Computing Major Stats lazily... 
2019-01-18 14:45:25,150 		 Completed edges=56 good=56 bad=0
2019-01-18 14:45:25,151 Distortion avg=0.9974938118082033 wc=5.387159983408046 me=0.005941110731069004 mc=906.7597335353345 nan_elements=0
2019-01-18 14:45:25,151 MAP = 0.6373015873015874
2019-01-18 14:45:25,152 scale=[array([1.])]
2019-01-18 14:45:25,152 *** End Initial Checkpoint

2019-01-18 14:45:25,210 1 loss=0.9949955509349746
2019-01-18 14:45:25,211 2 loss=0.6915090492483997
2019-01-18 14:45:25,211 3 loss=0.5140762777710187
2019-01-18 14:45:25,212 4 loss=0.41608001987366416
2019-01-18 14:45:25,212 5 loss=0.3576462158284212
2019-01-18 14:45:25,213 6 loss=0.31896960074781305
2019-01-18 14:45:25,213 7 loss=0.2906532262209517
2019-01-18 14:45:25,213 8 loss=0.26821599118152956
2019-01-18 14:45:25,214 9 loss=0.24945582684619888
2019-01-18 14:45:25,215 10 loss=0.23322910373085984
2019-01-18 14:45:25,215 
*** Major Checkpoint. Computing Stats and Saving
2019-01-18 14:45:25,215 	 Computing Major Stats lazily... 
2019-01-18 14:45:25,215 		 Completed edges=56 good=56 bad=0
2019-01-18 14:45:25,216 Distortion avg=0.43137854551718186 wc=5.794776684743874 me=1.3446722953587473 mc=4.3094341310853554 nan_elements=0
2019-01-18 14:45:25,217 MAP = 0.5338293650793651
2019-01-18 14:45:25,217 scale=[array([1.])]
2019-01-18 14:45:25,217 *** End Major Checkpoint

2019-01-18 14:45:25,217 11 loss=0.2188908991167609
2019-01-18 14:45:25,218 12 loss=0.2060387260712397
2019-01-18 14:45:25,218 13 loss=0.1943950799680175
2019-01-18 14:45:25,219 14 loss=0.183753336762505
2019-01-18 14:45:25,220 15 loss=0.17395236383961557
2019-01-18 14:45:25,220 16 loss=0.16486393977729935
2019-01-18 14:45:25,221 17 loss=0.15638573484857507
2019-01-18 14:45:25,221 18 loss=0.14843662528518875
2019-01-18 14:45:25,222 19 loss=0.14095298069743872
2019-01-18 14:45:25,222 20 loss=0.13388541613364593
2019-01-18 14:45:25,222 
*** Major Checkpoint. Computing Stats and Saving
2019-01-18 14:45:25,222 	 Computing Major Stats lazily... 
2019-01-18 14:45:25,223 		 Completed edges=56 good=56 bad=0
2019-01-18 14:45:25,224 Distortion avg=0.31809396431607767 wc=4.177072283895824 me=1.3499461402163775 mc=3.0942510663620237 nan_elements=0
2019-01-18 14:45:25,224 MAP = 0.8402777777777778
2019-01-18 14:45:25,224 scale=[array([1.])]
2019-01-18 14:45:25,224 *** End Major Checkpoint

2019-01-18 14:45:25,225 21 loss=0.12719587003753732
2019-01-18 14:45:25,225 22 loss=0.12085500947383877
2019-01-18 14:45:25,226 23 loss=0.11483999737393773
2019-01-18 14:45:25,226 24 loss=0.10913264466995502
2019-01-18 14:45:25,227 25 loss=0.10371794419212611
2019-01-18 14:45:25,227 26 loss=0.09858295834045469
2019-01-18 14:45:25,228 27 loss=0.09371601516327302
2019-01-18 14:45:25,228 28 loss=0.08910615892340668
2019-01-18 14:45:25,229 29 loss=0.08474280024840765
2019-01-18 14:45:25,229 30 loss=0.08061551526699004
2019-01-18 14:45:25,229 
*** Major Checkpoint. Computing Stats and Saving
2019-01-18 14:45:25,230 	 Computing Major Stats lazily... 
2019-01-18 14:45:25,230 		 Completed edges=56 good=56 bad=0
2019-01-18 14:45:25,231 Distortion avg=0.24031833060606697 wc=3.024603402630294 me=1.2659737777194695 mc=2.38915169955481 nan_elements=0
2019-01-18 14:45:25,231 MAP = 1.0
2019-01-18 14:45:25,232 scale=[array([1.])]
2019-01-18 14:45:25,232 *** End Major Checkpoint

2019-01-18 14:45:25,232 31 loss=0.0767139504006903
2019-01-18 14:45:25,232 32 loss=0.07302779782135216
2019-01-18 14:45:25,233 33 loss=0.06954681471346207
2019-01-18 14:45:25,233 34 loss=0.0662608666632126
2019-01-18 14:45:25,234 35 loss=0.06315998142480593
2019-01-18 14:45:25,234 36 loss=0.06023440395763356
2019-01-18 14:45:25,235 37 loss=0.05747464710841504
2019-01-18 14:45:25,235 38 loss=0.05487153481937644
2019-01-18 14:45:25,236 39 loss=0.05241623647838078
2019-01-18 14:45:25,236 40 loss=0.050100292174026013
2019-01-18 14:45:25,236 
*** Major Checkpoint. Computing Stats and Saving
2019-01-18 14:45:25,236 	 Computing Major Stats lazily... 
2019-01-18 14:45:25,237 		 Completed edges=56 good=56 bad=0
2019-01-18 14:45:25,238 Distortion avg=0.18601370777205672 wc=2.35651502467753 me=1.208372973682785 mc=1.950155354348523 nan_elements=0
2019-01-18 14:45:25,238 MAP = 1.0
2019-01-18 14:45:25,238 scale=[array([1.])]
2019-01-18 14:45:25,238 *** End Major Checkpoint

2019-01-18 14:45:25,239 41 loss=0.04791562933357075
2019-01-18 14:45:25,240 42 loss=0.04585457162832708
2019-01-18 14:45:25,240 43 loss=0.04390984122533315
2019-01-18 14:45:25,241 44 loss=0.042074555516940136
2019-01-18 14:45:25,241 45 loss=0.040342219423278106
2019-01-18 14:45:25,242 46 loss=0.038706714273263866
2019-01-18 14:45:25,242 47 loss=0.03716228415342191
2019-01-18 14:45:25,243 48 loss=0.03570352048747348
2019-01-18 14:45:25,243 49 loss=0.03432534548449067
2019-01-18 14:45:25,244 50 loss=0.033022994976156364
2019-01-18 14:45:25,244 
*** Major Checkpoint. Computing Stats and Saving
2019-01-18 14:45:25,244 	 Computing Major Stats lazily... 
2019-01-18 14:45:25,244 		 Completed edges=56 good=56 bad=0
2019-01-18 14:45:25,246 Distortion avg=0.1499317859452558 wc=1.9962748071522112 me=1.185452159509815 mc=1.6839775364512994 nan_elements=0
2019-01-18 14:45:25,246 MAP = 1.0
2019-01-18 14:45:25,246 scale=[array([1.])]
2019-01-18 14:45:25,246 *** End Major Checkpoint

2019-01-18 14:45:25,246 final loss=0.033022994976156364
2019-01-18 14:45:25,246 best loss=0.033022994976156364, distortion=0.1499317859452558, map=1.0, wc_dist=1.9962748071522112
2019-01-18 14:45:25,246 	 Computing Major Stats lazily... 
2019-01-18 14:45:25,247 		 Completed edges=56 good=56 bad=0
2019-01-18 14:45:25,248 Distortion avg=0.14993178594525586 wc=1.9962748071522112 me=1.185452159509815 mc=1.6839775364512994 nan_elements=0
2019-01-18 14:45:25,248 MAP = 1.0
2019-01-18 14:45:25,248 scale=[array([1.])]
