2019-01-18 15:09:07,278 Commandline ['pytorch/pytorch_hyperbolic.py', 'learn', 'data/edges/parsing/ewt/ewt_dev/1827.edges', '--dim', '0', '--hyp', '0', '--edim', '10', '--euc', '1', '--sdim', '0', '--sph', '0', '--log-name', 'ewt_devr2/1827.edges.E10-1.lr1.log', '--batch-size', '65536', '--epochs', '50', '--checkpoint-freq', '10', '-g', '--subsample', '1024', '--learning-rate', '1']
2019-01-18 15:09:07,279 No Model Save selected!
2019-01-18 15:09:07,280 Loaded Graph data/edges/parsing/ewt/ewt_dev/1827.edges with 12 nodes scale=1.0
2019-01-18 15:09:07,280 Building dataset
2019-01-18 15:09:07,281 Subsample: 12 points with scale 1.0 subsample=11
2019-01-18 15:09:07,291 Built Data Sampler
2019-01-18 15:09:07,291 Creating a fresh model warm_start?=None
2019-01-18 15:09:07,291 	 Warmstarting? None None 12
2019-01-18 15:09:07,292 Embedding() torch.Size([12, 10])
2019-01-18 15:09:07,292 relative No Rescale
2019-01-18 15:09:07,292 Constructed model with dim=0 and epochs=0 isnan=False
2019-01-18 15:09:07,292 SGD (
Parameter Group 0
    dampening: 0
    initial_lr: 0.1
    lr: 1.0
    momentum: 0.0
    nesterov: False
    weight_decay: 0

Parameter Group 1
    dampening: 0
    initial_lr: 0.1
    lr: 1.0
    momentum: 0.0
    nesterov: False
    weight_decay: 0

Parameter Group 2
    dampening: 0
    initial_lr: 0.1
    lr: 1.0
    momentum: 0.0
    nesterov: False
    weight_decay: 0

Parameter Group 3
    dampening: 0
    initial_lr: 0.0001
    lr: 0.001
    momentum: 0.0
    nesterov: False
    weight_decay: 0
)
2019-01-18 15:09:07,292 *** Initial Checkpoint. Computing Stats
2019-01-18 15:09:07,292 	 Computing Major Stats lazily... 
2019-01-18 15:09:07,293 		 Completed edges=132 good=132 bad=0
2019-01-18 15:09:07,295 Distortion avg=0.9980529575739724 wc=10.321552902137167 me=0.005941110731069004 mc=1737.3103059939053 nan_elements=0
2019-01-18 15:09:07,295 MAP = 0.3983032708032708
2019-01-18 15:09:07,296 scale=[array([1.])]
2019-01-18 15:09:07,296 *** End Initial Checkpoint

2019-01-18 15:09:07,354 1 loss=0.9961112312320004
2019-01-18 15:09:07,355 2 loss=0.8481258915314545
2019-01-18 15:09:07,356 3 loss=0.7312431531196512
2019-01-18 15:09:07,356 4 loss=0.6431611606209444
2019-01-18 15:09:07,357 5 loss=0.5762696685425195
2019-01-18 15:09:07,357 6 loss=0.5246933516538709
2019-01-18 15:09:07,358 7 loss=0.48420838740402744
2019-01-18 15:09:07,358 8 loss=0.4518210924113155
2019-01-18 15:09:07,359 9 loss=0.4254108006596769
2019-01-18 15:09:07,359 10 loss=0.40346816051089984
2019-01-18 15:09:07,359 
*** Major Checkpoint. Computing Stats and Saving
2019-01-18 15:09:07,359 	 Computing Major Stats lazily... 
2019-01-18 15:09:07,360 		 Completed edges=132 good=132 bad=0
2019-01-18 15:09:07,362 Distortion avg=0.5744693979672313 wc=13.835846959896113 me=1.3047929016744455 mc=10.603864369694623 nan_elements=0
2019-01-18 15:09:07,362 MAP = 0.1694933461600128
2019-01-18 15:09:07,362 scale=[array([1.])]
2019-01-18 15:09:07,363 *** End Major Checkpoint

2019-01-18 15:09:07,363 11 loss=0.3849109642352882
2019-01-18 15:09:07,364 12 loss=0.36895627426392175
2019-01-18 15:09:07,364 13 loss=0.355031931281185
2019-01-18 15:09:07,365 14 loss=0.34271522902736684
2019-01-18 15:09:07,366 15 loss=0.33169024830719895
2019-01-18 15:09:07,366 16 loss=0.3217180122518151
2019-01-18 15:09:07,367 17 loss=0.31261547834356124
2019-01-18 15:09:07,368 18 loss=0.30424064915724364
2019-01-18 15:09:07,368 19 loss=0.29648194344895984
2019-01-18 15:09:07,369 20 loss=0.28925055188788945
2019-01-18 15:09:07,369 
*** Major Checkpoint. Computing Stats and Saving
2019-01-18 15:09:07,369 	 Computing Major Stats lazily... 
2019-01-18 15:09:07,370 		 Completed edges=132 good=132 bad=0
2019-01-18 15:09:07,371 Distortion avg=0.4921255976403749 wc=9.236161697454346 me=1.5215744603045895 mc=6.070134547083188 nan_elements=0
2019-01-18 15:09:07,372 MAP = 0.2797546897546897
2019-01-18 15:09:07,372 scale=[array([1.])]
2019-01-18 15:09:07,372 *** End Major Checkpoint

2019-01-18 15:09:07,372 21 loss=0.28247489721528746
2019-01-18 15:09:07,373 22 loss=0.2760965879646317
2019-01-18 15:09:07,374 23 loss=0.2700674391753805
2019-01-18 15:09:07,374 24 loss=0.26434726033350053
2019-01-18 15:09:07,375 25 loss=0.25890219854274665
2019-01-18 15:09:07,375 26 loss=0.2537034860715145
2019-01-18 15:09:07,376 27 loss=0.2487264842847782
2019-01-18 15:09:07,376 28 loss=0.24394994621313737
2019-01-18 15:09:07,377 29 loss=0.239355441479084
2019-01-18 15:09:07,377 30 loss=0.23492690262902757
2019-01-18 15:09:07,377 
*** Major Checkpoint. Computing Stats and Saving
2019-01-18 15:09:07,378 	 Computing Major Stats lazily... 
2019-01-18 15:09:07,378 		 Completed edges=132 good=132 bad=0
2019-01-18 15:09:07,380 Distortion avg=0.43198116875086684 wc=7.062027722140569 me=1.5718536464945907 mc=4.492802327932807 nan_elements=0
2019-01-18 15:09:07,380 MAP = 0.504817821067821
2019-01-18 15:09:07,380 scale=[array([1.])]
2019-01-18 15:09:07,381 *** End Major Checkpoint

2019-01-18 15:09:07,381 31 loss=0.2306502629243589
2019-01-18 15:09:07,382 32 loss=0.2265131635859994
2019-01-18 15:09:07,382 33 loss=0.2225047142447265
2019-01-18 15:09:07,383 34 loss=0.21861529454299472
2019-01-18 15:09:07,383 35 loss=0.21483638790086737
2019-01-18 15:09:07,384 36 loss=0.21116044071057433
2019-01-18 15:09:07,384 37 loss=0.20758074188400005
2019-01-18 15:09:07,385 38 loss=0.20409131890523127
2019-01-18 15:09:07,385 39 loss=0.200686847451776
2019-01-18 15:09:07,386 40 loss=0.1973625723269476
2019-01-18 15:09:07,386 
*** Major Checkpoint. Computing Stats and Saving
2019-01-18 15:09:07,386 	 Computing Major Stats lazily... 
2019-01-18 15:09:07,387 		 Completed edges=132 good=132 bad=0
2019-01-18 15:09:07,389 Distortion avg=0.38963362323672185 wc=6.14439092735651 me=1.5337896926309706 mc=4.006019180385018 nan_elements=0
2019-01-18 15:09:07,389 MAP = 0.7308201058201057
2019-01-18 15:09:07,389 scale=[array([1.])]
2019-01-18 15:09:07,389 *** End Major Checkpoint

2019-01-18 15:09:07,390 41 loss=0.19411423795308064
2019-01-18 15:09:07,390 42 loss=0.19093802705513
2019-01-18 15:09:07,391 43 loss=0.1878305064492928
2019-01-18 15:09:07,391 44 loss=0.18478857906550358
2019-01-18 15:09:07,392 45 loss=0.18180944149361955
2019-01-18 15:09:07,393 46 loss=0.17889054646398575
2019-01-18 15:09:07,393 47 loss=0.17602956976368841
2019-01-18 15:09:07,394 48 loss=0.17322438115765335
2019-01-18 15:09:07,394 49 loss=0.17047301893453481
2019-01-18 15:09:07,395 50 loss=0.1677736677355186
2019-01-18 15:09:07,395 
*** Major Checkpoint. Computing Stats and Saving
2019-01-18 15:09:07,395 	 Computing Major Stats lazily... 
2019-01-18 15:09:07,396 		 Completed edges=132 good=132 bad=0
2019-01-18 15:09:07,398 Distortion avg=0.35410921410369717 wc=5.48133742216412 me=1.505225161395213 mc=3.6415398591154267 nan_elements=0
2019-01-18 15:09:07,398 MAP = 0.8125462962962962
2019-01-18 15:09:07,398 scale=[array([1.])]
2019-01-18 15:09:07,398 *** End Major Checkpoint

2019-01-18 15:09:07,398 final loss=0.1677736677355186
2019-01-18 15:09:07,398 best loss=0.1677736677355186, distortion=0.35410921410369717, map=0.8125462962962962, wc_dist=5.48133742216412
2019-01-18 15:09:07,398 	 Computing Major Stats lazily... 
2019-01-18 15:09:07,399 		 Completed edges=132 good=132 bad=0
2019-01-18 15:09:07,401 Distortion avg=0.3541092141036971 wc=5.48133742216412 me=1.505225161395213 mc=3.6415398591154267 nan_elements=0
2019-01-18 15:09:07,401 MAP = 0.8125462962962963
2019-01-18 15:09:07,401 scale=[array([1.])]
