2019-01-18 15:02:25,210 Commandline ['pytorch/pytorch_hyperbolic.py', 'learn', 'data/edges/parsing/ewt/ewt_dev/1828.edges', '--dim', '0', '--hyp', '0', '--edim', '10', '--euc', '1', '--sdim', '0', '--sph', '0', '--log-name', 'ewt_devr2/1828.edges.E10-1.lr1.log', '--batch-size', '65536', '--epochs', '50', '--checkpoint-freq', '10', '-g', '--subsample', '1024', '--learning-rate', '1']
2019-01-18 15:02:25,210 No Model Save selected!
2019-01-18 15:02:25,212 Loaded Graph data/edges/parsing/ewt/ewt_dev/1828.edges with 18 nodes scale=1.0
2019-01-18 15:02:25,212 Building dataset
2019-01-18 15:02:25,212 Subsample: 18 points with scale 1.0 subsample=17
2019-01-18 15:02:25,230 Built Data Sampler
2019-01-18 15:02:25,230 Creating a fresh model warm_start?=None
2019-01-18 15:02:25,230 	 Warmstarting? None None 18
2019-01-18 15:02:25,231 Embedding() torch.Size([18, 10])
2019-01-18 15:02:25,231 relative No Rescale
2019-01-18 15:02:25,231 Constructed model with dim=0 and epochs=0 isnan=False
2019-01-18 15:02:25,231 SGD (
Parameter Group 0
    dampening: 0
    initial_lr: 0.1
    lr: 1.0
    momentum: 0.0
    nesterov: False
    weight_decay: 0

Parameter Group 1
    dampening: 0
    initial_lr: 0.1
    lr: 1.0
    momentum: 0.0
    nesterov: False
    weight_decay: 0

Parameter Group 2
    dampening: 0
    initial_lr: 0.1
    lr: 1.0
    momentum: 0.0
    nesterov: False
    weight_decay: 0

Parameter Group 3
    dampening: 0
    initial_lr: 0.0001
    lr: 0.001
    momentum: 0.0
    nesterov: False
    weight_decay: 0
)
2019-01-18 15:02:25,232 *** Initial Checkpoint. Computing Stats
2019-01-18 15:02:25,232 	 Computing Major Stats lazily... 
2019-01-18 15:02:25,233 		 Completed edges=306 good=306 bad=0
2019-01-18 15:02:25,236 Distortion avg=0.9983021775109822 wc=12.868322691158054 me=0.005941110731069004 mc=2165.979271159387 nan_elements=0
2019-01-18 15:02:25,236 MAP = 0.18311382585279645
2019-01-18 15:02:25,237 scale=[array([1.])]
2019-01-18 15:02:25,237 *** End Initial Checkpoint

2019-01-18 15:02:25,293 1 loss=0.9966084998708421
2019-01-18 15:02:25,294 2 loss=0.9227720203302681
2019-01-18 15:02:25,295 3 loss=0.8557924946463237
2019-01-18 15:02:25,296 4 loss=0.7971779478106448
2019-01-18 15:02:25,296 5 loss=0.7460680267228097
2019-01-18 15:02:25,297 6 loss=0.7014652887779566
2019-01-18 15:02:25,298 7 loss=0.6624489740085968
2019-01-18 15:02:25,298 8 loss=0.6282117531754895
2019-01-18 15:02:25,299 9 loss=0.5980591174970501
2019-01-18 15:02:25,300 10 loss=0.5713987435499618
2019-01-18 15:02:25,300 
*** Major Checkpoint. Computing Stats and Saving
2019-01-18 15:02:25,300 	 Computing Major Stats lazily... 
2019-01-18 15:02:25,301 		 Completed edges=306 good=306 bad=0
2019-01-18 15:02:25,304 Distortion avg=0.7053559496032759 wc=21.26408468351782 me=1.179247988057087 mc=18.031902448739586 nan_elements=0
2019-01-18 15:02:25,304 MAP = 0.09883219086650458
2019-01-18 15:02:25,304 scale=[array([1.])]
2019-01-18 15:02:25,304 *** End Major Checkpoint

2019-01-18 15:02:25,305 11 loss=0.5477275850797071
2019-01-18 15:02:25,306 12 loss=0.5266192756531418
2019-01-18 15:02:25,306 13 loss=0.5077127165799734
2019-01-18 15:02:25,307 14 loss=0.49070208257192505
2019-01-18 15:02:25,308 15 loss=0.47532822311221506
2019-01-18 15:02:25,308 16 loss=0.46137133928884716
2019-01-18 15:02:25,309 17 loss=0.4486447847390075
2019-01-18 15:02:25,310 18 loss=0.4369898377136358
2019-01-18 15:02:25,310 19 loss=0.42627130218224296
2019-01-18 15:02:25,311 20 loss=0.41637381146347596
2019-01-18 15:02:25,311 
*** Major Checkpoint. Computing Stats and Saving
2019-01-18 15:02:25,311 	 Computing Major Stats lazily... 
2019-01-18 15:02:25,312 		 Completed edges=306 good=306 bad=0
2019-01-18 15:02:25,315 Distortion avg=0.6099753619331993 wc=15.255430345410511 me=1.5458721593665687 mc=9.868494139684568 nan_elements=0
2019-01-18 15:02:25,315 MAP = 0.10845665167560595
2019-01-18 15:02:25,315 scale=[array([1.])]
2019-01-18 15:02:25,315 *** End Major Checkpoint

2019-01-18 15:02:25,316 21 loss=0.40719872436160176
2019-01-18 15:02:25,317 22 loss=0.3986615194979218
2019-01-18 15:02:25,317 23 loss=0.39068960772842604
2019-01-18 15:02:25,318 24 loss=0.3832204950096407
2019-01-18 15:02:25,318 25 loss=0.37620023883127335
2019-01-18 15:02:25,319 26 loss=0.36958215050667903
2019-01-18 15:02:25,320 27 loss=0.36332570337419573
2019-01-18 15:02:25,320 28 loss=0.3573956134969562
2019-01-18 15:02:25,321 29 loss=0.3517610649305611
2019-01-18 15:02:25,322 30 loss=0.3463950562155696
2019-01-18 15:02:25,322 
*** Major Checkpoint. Computing Stats and Saving
2019-01-18 15:02:25,322 	 Computing Major Stats lazily... 
2019-01-18 15:02:25,323 		 Completed edges=306 good=306 bad=0
2019-01-18 15:02:25,326 Distortion avg=0.5577227784527481 wc=11.315587136208654 me=1.6152666566322051 mc=7.005398823622968 nan_elements=0
2019-01-18 15:02:25,326 MAP = 0.15080764823411882
2019-01-18 15:02:25,326 scale=[array([1.])]
2019-01-18 15:02:25,326 *** End Major Checkpoint

2019-01-18 15:02:25,327 31 loss=0.34127384858491383
2019-01-18 15:02:25,327 32 loss=0.3363764995759642
2019-01-18 15:02:25,328 33 loss=0.33168446840629806
2019-01-18 15:02:25,329 34 loss=0.3271812816986902
2019-01-18 15:02:25,329 35 loss=0.3228522499979988
2019-01-18 15:02:25,330 36 loss=0.318684227072122
2019-01-18 15:02:25,331 37 loss=0.3146654052825312
2019-01-18 15:02:25,331 38 loss=0.31078514138997165
2019-01-18 15:02:25,332 39 loss=0.3070338080634839
2019-01-18 15:02:25,332 40 loss=0.3034026671156418
2019-01-18 15:02:25,332 
*** Major Checkpoint. Computing Stats and Saving
2019-01-18 15:02:25,333 	 Computing Major Stats lazily... 
2019-01-18 15:02:25,334 		 Completed edges=306 good=306 bad=0
2019-01-18 15:02:25,336 Distortion avg=0.5147466038278009 wc=9.56702686817292 me=1.7093864364538929 mc=5.596760723116321 nan_elements=0
2019-01-18 15:02:25,336 MAP = 0.18896878584378582
2019-01-18 15:02:25,337 scale=[array([1.])]
2019-01-18 15:02:25,337 *** End Major Checkpoint

2019-01-18 15:02:25,337 41 loss=0.2998837611185101
2019-01-18 15:02:25,338 42 loss=0.29646982058381
2019-01-18 15:02:25,339 43 loss=0.2931541843341746
2019-01-18 15:02:25,340 44 loss=0.28993073106435324
2019-01-18 15:02:25,341 45 loss=0.2867938204035292
2019-01-18 15:02:25,342 46 loss=0.283738242052373
2019-01-18 15:02:25,343 47 loss=0.2807591717891767
2019-01-18 15:02:25,344 48 loss=0.277852133325213
2019-01-18 15:02:25,344 49 loss=0.27501296514597784
2019-01-18 15:02:25,345 50 loss=0.27223779160693157
2019-01-18 15:02:25,345 
*** Major Checkpoint. Computing Stats and Saving
2019-01-18 15:02:25,345 	 Computing Major Stats lazily... 
2019-01-18 15:02:25,346 		 Completed edges=306 good=306 bad=0
2019-01-18 15:02:25,349 Distortion avg=0.479465431655594 wc=8.938355267154076 me=1.7691562860674448 mc=5.0523265454532735 nan_elements=0
2019-01-18 15:02:25,349 MAP = 0.26364950635783974
2019-01-18 15:02:25,349 scale=[array([1.])]
2019-01-18 15:02:25,349 *** End Major Checkpoint

2019-01-18 15:02:25,349 final loss=0.27223779160693157
2019-01-18 15:02:25,349 best loss=0.27223779160693157, distortion=0.479465431655594, map=0.26364950635783974, wc_dist=8.938355267154076
2019-01-18 15:02:25,349 	 Computing Major Stats lazily... 
2019-01-18 15:02:25,351 		 Completed edges=306 good=306 bad=0
2019-01-18 15:02:25,353 Distortion avg=0.47946543165559385 wc=8.938355267154076 me=1.7691562860674448 mc=5.0523265454532735 nan_elements=0
2019-01-18 15:02:25,353 MAP = 0.26364950635783974
2019-01-18 15:02:25,354 scale=[array([1.])]
