2019-01-18 14:48:53,638 Commandline ['pytorch/pytorch_hyperbolic.py', 'learn', 'data/edges/parsing/ewt/ewt_dev/1838.edges', '--dim', '0', '--hyp', '0', '--edim', '10', '--euc', '1', '--sdim', '0', '--sph', '0', '--log-name', 'ewt_devr2/1838.edges.E10-1.lr1.log', '--batch-size', '65536', '--epochs', '50', '--checkpoint-freq', '10', '-g', '--subsample', '1024', '--learning-rate', '1']
2019-01-18 14:48:53,638 No Model Save selected!
2019-01-18 14:48:53,640 Loaded Graph data/edges/parsing/ewt/ewt_dev/1838.edges with 7 nodes scale=1.0
2019-01-18 14:48:53,640 Building dataset
2019-01-18 14:48:53,641 Subsample: 7 points with scale 1.0 subsample=6
2019-01-18 14:48:53,646 Built Data Sampler
2019-01-18 14:48:53,646 Creating a fresh model warm_start?=None
2019-01-18 14:48:53,646 	 Warmstarting? None None 7
2019-01-18 14:48:53,647 Embedding() torch.Size([7, 10])
2019-01-18 14:48:53,647 relative No Rescale
2019-01-18 14:48:53,647 Constructed model with dim=0 and epochs=0 isnan=False
2019-01-18 14:48:53,647 SGD (
Parameter Group 0
    dampening: 0
    initial_lr: 0.1
    lr: 1.0
    momentum: 0.0
    nesterov: False
    weight_decay: 0

Parameter Group 1
    dampening: 0
    initial_lr: 0.1
    lr: 1.0
    momentum: 0.0
    nesterov: False
    weight_decay: 0

Parameter Group 2
    dampening: 0
    initial_lr: 0.1
    lr: 1.0
    momentum: 0.0
    nesterov: False
    weight_decay: 0

Parameter Group 3
    dampening: 0
    initial_lr: 0.0001
    lr: 0.001
    momentum: 0.0
    nesterov: False
    weight_decay: 0
)
2019-01-18 14:48:53,647 *** Initial Checkpoint. Computing Stats
2019-01-18 14:48:53,647 	 Computing Major Stats lazily... 
2019-01-18 14:48:53,648 		 Completed edges=42 good=42 bad=0
2019-01-18 14:48:53,650 Distortion avg=0.9970489094787228 wc=3.6322181433519583 me=0.005628252251848828 mc=645.354540063269 nan_elements=0
2019-01-18 14:48:53,650 MAP = 0.40238095238095234
2019-01-18 14:48:53,650 scale=[array([1.])]
2019-01-18 14:48:53,650 *** End Initial Checkpoint

2019-01-18 14:48:53,706 1 loss=0.9941078772780602
2019-01-18 14:48:53,707 2 loss=0.5251690814386136
2019-01-18 14:48:53,707 3 loss=0.34213099601809954
2019-01-18 14:48:53,708 4 loss=0.2477888702865334
2019-01-18 14:48:53,708 5 loss=0.18589309383948707
2019-01-18 14:48:53,709 6 loss=0.14203962504043957
2019-01-18 14:48:53,709 7 loss=0.11022219342171273
2019-01-18 14:48:53,709 8 loss=0.08692484908889381
2019-01-18 14:48:53,710 9 loss=0.06977937285692801
2019-01-18 14:48:53,710 10 loss=0.05710739423291392
2019-01-18 14:48:53,710 
*** Major Checkpoint. Computing Stats and Saving
2019-01-18 14:48:53,711 	 Computing Major Stats lazily... 
2019-01-18 14:48:53,711 		 Completed edges=42 good=42 bad=0
2019-01-18 14:48:53,712 Distortion avg=0.2059858107882858 wc=1.82420556169106 me=1.1828494791214292 mc=1.542212761547651 nan_elements=0
2019-01-18 14:48:53,712 MAP = 1.0
2019-01-18 14:48:53,712 scale=[array([1.])]
2019-01-18 14:48:53,712 *** End Major Checkpoint

2019-01-18 14:48:53,713 11 loss=0.047697645522898895
2019-01-18 14:48:53,713 12 loss=0.040671038214256786
2019-01-18 14:48:53,714 13 loss=0.03538904563968523
2019-01-18 14:48:53,714 14 loss=0.03138812325237591
2019-01-18 14:48:53,715 15 loss=0.02833183774113247
2019-01-18 14:48:53,715 16 loss=0.025975812004014776
2019-01-18 14:48:53,716 17 loss=0.02414215430562393
2019-01-18 14:48:53,716 18 loss=0.02270091655240795
2019-01-18 14:48:53,716 19 loss=0.02155672440582342
2019-01-18 14:48:53,717 20 loss=0.020639176284470137
2019-01-18 14:48:53,717 
*** Major Checkpoint. Computing Stats and Saving
2019-01-18 14:48:53,717 	 Computing Major Stats lazily... 
2019-01-18 14:48:53,717 		 Completed edges=42 good=42 bad=0
2019-01-18 14:48:53,719 Distortion avg=0.129990214885157 wc=1.4832807532361874 me=1.1686335218771076 mc=1.269243715389646 nan_elements=0
2019-01-18 14:48:53,719 MAP = 1.0
2019-01-18 14:48:53,719 scale=[array([1.])]
2019-01-18 14:48:53,719 *** End Major Checkpoint

2019-01-18 14:48:53,719 21 loss=0.019895964451133445
2019-01-18 14:48:53,720 22 loss=0.019287948382086362
2019-01-18 14:48:53,720 23 loss=0.018785621685618023
2019-01-18 14:48:53,721 24 loss=0.01836657122781555
2019-01-18 14:48:53,721 25 loss=0.018013642326416817
2019-01-18 14:48:53,722 26 loss=0.0177136069807312
2019-01-18 14:48:53,722 27 loss=0.01745619142674806
2019-01-18 14:48:53,723 28 loss=0.01723336134549927
2019-01-18 14:48:53,723 29 loss=0.017038792713741785
2019-01-18 14:48:53,724 30 loss=0.0168674771691367
2019-01-18 14:48:53,724 
*** Major Checkpoint. Computing Stats and Saving
2019-01-18 14:48:53,724 	 Computing Major Stats lazily... 
2019-01-18 14:48:53,724 		 Completed edges=42 good=42 bad=0
2019-01-18 14:48:53,725 Distortion avg=0.11735786245560084 wc=1.4093648330219704 me=1.1731164478385383 mc=1.2013852807355303 nan_elements=0
2019-01-18 14:48:53,725 MAP = 1.0
2019-01-18 14:48:53,726 scale=[array([1.])]
2019-01-18 14:48:53,726 *** End Major Checkpoint

2019-01-18 14:48:53,726 31 loss=0.016715425460351936
2019-01-18 14:48:53,727 32 loss=0.016579442909289706
2019-01-18 14:48:53,727 33 loss=0.016456958127032944
2019-01-18 14:48:53,727 34 loss=0.016345891407667373
2019-01-18 14:48:53,728 35 loss=0.016244552911165454
2019-01-18 14:48:53,728 36 loss=0.016151563382145368
2019-01-18 14:48:53,729 37 loss=0.016065792045584348
2019-01-18 14:48:53,729 38 loss=0.01598630769017776
2019-01-18 14:48:53,730 39 loss=0.01591233994675973
2019-01-18 14:48:53,730 40 loss=0.01584324849960994
2019-01-18 14:48:53,730 
*** Major Checkpoint. Computing Stats and Saving
2019-01-18 14:48:53,730 	 Computing Major Stats lazily... 
2019-01-18 14:48:53,731 		 Completed edges=42 good=42 bad=0
2019-01-18 14:48:53,732 Distortion avg=0.11536246179641184 wc=1.3768577074136559 me=1.174105239563315 mc=1.172686792476755 nan_elements=0
2019-01-18 14:48:53,732 MAP = 1.0
2019-01-18 14:48:53,732 scale=[array([1.])]
2019-01-18 14:48:53,732 *** End Major Checkpoint

2019-01-18 14:48:53,733 41 loss=0.015778498507643193
2019-01-18 14:48:53,733 42 loss=0.015717640913503268
2019-01-18 14:48:53,733 43 loss=0.015660296619165962
2019-01-18 14:48:53,734 44 loss=0.015606143733701217
2019-01-18 14:48:53,734 45 loss=0.015554907271657767
2019-01-18 14:48:53,735 46 loss=0.0155063508130443
2019-01-18 14:48:53,735 47 loss=0.015460269738210394
2019-01-18 14:48:53,736 48 loss=0.015416485730477507
2019-01-18 14:48:53,736 49 loss=0.015374842301590506
2019-01-18 14:48:53,737 50 loss=0.01533520114399937
2019-01-18 14:48:53,737 
*** Major Checkpoint. Computing Stats and Saving
2019-01-18 14:48:53,737 	 Computing Major Stats lazily... 
2019-01-18 14:48:53,737 		 Completed edges=42 good=42 bad=0
2019-01-18 14:48:53,739 Distortion avg=0.114852554819409 wc=1.3580271314241559 me=1.1742586265407158 mc=1.1564974705996491 nan_elements=0
2019-01-18 14:48:53,739 MAP = 1.0
2019-01-18 14:48:53,739 scale=[array([1.])]
2019-01-18 14:48:53,739 *** End Major Checkpoint

2019-01-18 14:48:53,739 final loss=0.01533520114399937
2019-01-18 14:48:53,739 best loss=0.01533520114399937, distortion=0.114852554819409, map=1.0, wc_dist=1.3580271314241559
2019-01-18 14:48:53,739 	 Computing Major Stats lazily... 
2019-01-18 14:48:53,739 		 Completed edges=42 good=42 bad=0
2019-01-18 14:48:53,741 Distortion avg=0.114852554819409 wc=1.3580271314241559 me=1.1742586265407158 mc=1.1564974705996491 nan_elements=0
2019-01-18 14:48:53,741 MAP = 1.0
2019-01-18 14:48:53,741 scale=[array([1.])]
