2019-01-18 14:58:33,031 Commandline ['pytorch/pytorch_hyperbolic.py', 'learn', 'data/edges/parsing/ewt/ewt_dev/184.edges', '--dim', '0', '--hyp', '0', '--edim', '10', '--euc', '1', '--sdim', '0', '--sph', '0', '--log-name', 'ewt_devr2/184.edges.E10-1.lr1.log', '--batch-size', '65536', '--epochs', '50', '--checkpoint-freq', '10', '-g', '--subsample', '1024', '--learning-rate', '1']
2019-01-18 14:58:33,031 No Model Save selected!
2019-01-18 14:58:33,032 Loaded Graph data/edges/parsing/ewt/ewt_dev/184.edges with 22 nodes scale=1.0
2019-01-18 14:58:33,032 Building dataset
2019-01-18 14:58:33,033 Subsample: 22 points with scale 1.0 subsample=21
2019-01-18 14:58:33,058 Built Data Sampler
2019-01-18 14:58:33,058 Creating a fresh model warm_start?=None
2019-01-18 14:58:33,058 	 Warmstarting? None None 22
2019-01-18 14:58:33,059 Embedding() torch.Size([22, 10])
2019-01-18 14:58:33,059 relative No Rescale
2019-01-18 14:58:33,059 Constructed model with dim=0 and epochs=0 isnan=False
2019-01-18 14:58:33,059 SGD (
Parameter Group 0
    dampening: 0
    initial_lr: 0.1
    lr: 1.0
    momentum: 0.0
    nesterov: False
    weight_decay: 0

Parameter Group 1
    dampening: 0
    initial_lr: 0.1
    lr: 1.0
    momentum: 0.0
    nesterov: False
    weight_decay: 0

Parameter Group 2
    dampening: 0
    initial_lr: 0.1
    lr: 1.0
    momentum: 0.0
    nesterov: False
    weight_decay: 0

Parameter Group 3
    dampening: 0
    initial_lr: 0.0001
    lr: 0.001
    momentum: 0.0
    nesterov: False
    weight_decay: 0
)
2019-01-18 14:58:33,059 *** Initial Checkpoint. Computing Stats
2019-01-18 14:58:33,059 	 Computing Major Stats lazily... 
2019-01-18 14:58:33,062 		 Completed edges=462 good=462 bad=0
2019-01-18 14:58:33,065 Distortion avg=0.9982916241205023 wc=14.142435265123042 me=0.005958277263448947 mc=2373.5779051236527 nan_elements=0
2019-01-18 14:58:33,065 MAP = 0.21410482009729123
2019-01-18 14:58:33,065 scale=[array([1.])]
2019-01-18 14:58:33,065 *** End Initial Checkpoint

2019-01-18 14:58:33,123 1 loss=0.9965873107432894
2019-01-18 14:58:33,124 2 loss=0.9354668600111679
2019-01-18 14:58:33,125 3 loss=0.878764191467963
2019-01-18 14:58:33,125 4 loss=0.8278667735926353
2019-01-18 14:58:33,126 5 loss=0.7822586490951839
2019-01-18 14:58:33,127 6 loss=0.7413219137772614
2019-01-18 14:58:33,128 7 loss=0.70448028772987
2019-01-18 14:58:33,128 8 loss=0.6712223136256198
2019-01-18 14:58:33,129 9 loss=0.6411016291211512
2019-01-18 14:58:33,130 10 loss=0.6137313672235841
2019-01-18 14:58:33,130 
*** Major Checkpoint. Computing Stats and Saving
2019-01-18 14:58:33,130 	 Computing Major Stats lazily... 
2019-01-18 14:58:33,132 		 Completed edges=462 good=462 bad=0
2019-01-18 14:58:33,135 Distortion avg=0.7427976208132965 wc=21.471699578679427 me=1.0734205121517255 mc=20.003064349532806 nan_elements=0
2019-01-18 14:58:33,135 MAP = 0.08923562405373553
2019-01-18 14:58:33,136 scale=[array([1.])]
2019-01-18 14:58:33,136 *** End Major Checkpoint

2019-01-18 14:58:33,136 11 loss=0.5887772027908913
2019-01-18 14:58:33,137 12 loss=0.5659504960376252
2019-01-18 14:58:33,138 13 loss=0.5450020201062495
2019-01-18 14:58:33,139 14 loss=0.5257164092096207
2019-01-18 14:58:33,139 15 loss=0.5079073267436771
2019-01-18 14:58:33,140 16 loss=0.49141329932679445
2019-01-18 14:58:33,141 17 loss=0.4760941446467465
2019-01-18 14:58:33,142 18 loss=0.46182791842637305
2019-01-18 14:58:33,142 19 loss=0.4485083099789313
2019-01-18 14:58:33,143 20 loss=0.43604242264711096
2019-01-18 14:58:33,143 
*** Major Checkpoint. Computing Stats and Saving
2019-01-18 14:58:33,143 	 Computing Major Stats lazily... 
2019-01-18 14:58:33,145 		 Completed edges=462 good=462 bad=0
2019-01-18 14:58:33,148 Distortion avg=0.6220532434256199 wc=17.008341666025437 me=1.495137834135719 mc=11.375768359080617 nan_elements=0
2019-01-18 14:58:33,149 MAP = 0.09946682466999804
2019-01-18 14:58:33,149 scale=[array([1.])]
2019-01-18 14:58:33,149 *** End Major Checkpoint

2019-01-18 14:58:33,150 21 loss=0.4243488829772182
2019-01-18 14:58:33,150 22 loss=0.41335622986357384
2019-01-18 14:58:33,151 23 loss=0.4030015417029981
2019-01-18 14:58:33,152 24 loss=0.393229265673785
2019-01-18 14:58:33,153 25 loss=0.3839902185732577
2019-01-18 14:58:33,153 26 loss=0.3752407332500656
2019-01-18 14:58:33,154 27 loss=0.3669419286164145
2019-01-18 14:58:33,155 28 loss=0.3590590845953473
2019-01-18 14:58:33,156 29 loss=0.3515611062229176
2019-01-18 14:58:33,157 30 loss=0.3444200635537895
2019-01-18 14:58:33,157 
*** Major Checkpoint. Computing Stats and Saving
2019-01-18 14:58:33,157 	 Computing Major Stats lazily... 
2019-01-18 14:58:33,159 		 Completed edges=462 good=462 bad=0
2019-01-18 14:58:33,163 Distortion avg=0.5532239305575144 wc=13.805982812832793 me=1.6242367005329539 mc=8.499982058220144 nan_elements=0
2019-01-18 14:58:33,163 MAP = 0.12095102492653859
2019-01-18 14:58:33,163 scale=[array([1.])]
2019-01-18 14:58:33,163 *** End Major Checkpoint

2019-01-18 14:58:33,164 31 loss=0.33761079607408395
2019-01-18 14:58:33,165 32 loss=0.331110572062304
2019-01-18 14:58:33,166 33 loss=0.3248987948060837
2019-01-18 14:58:33,166 34 loss=0.3189567488206717
2019-01-18 14:58:33,167 35 loss=0.31326738025995776
2019-01-18 14:58:33,168 36 loss=0.30781510659262323
2019-01-18 14:58:33,169 37 loss=0.3025856513602174
2019-01-18 14:58:33,169 38 loss=0.29756590046229164
2019-01-18 14:58:33,170 39 loss=0.2927437769443956
2019-01-18 14:58:33,171 40 loss=0.28810813171318506
2019-01-18 14:58:33,171 
*** Major Checkpoint. Computing Stats and Saving
2019-01-18 14:58:33,171 	 Computing Major Stats lazily... 
2019-01-18 14:58:33,173 		 Completed edges=462 good=462 bad=0
2019-01-18 14:58:33,176 Distortion avg=0.49858724082239386 wc=11.72628565570539 me=1.6622684037022208 mc=7.054387624518693 nan_elements=0
2019-01-18 14:58:33,176 MAP = 0.15215109673894506
2019-01-18 14:58:33,177 scale=[array([1.])]
2019-01-18 14:58:33,177 *** End Major Checkpoint

2019-01-18 14:58:33,177 41 loss=0.28364864798206324
2019-01-18 14:58:33,178 42 loss=0.2793557575716227
2019-01-18 14:58:33,179 43 loss=0.27522056746083995
2019-01-18 14:58:33,180 44 loss=0.2712347952152752
2019-01-18 14:58:33,180 45 loss=0.2673907121139086
2019-01-18 14:58:33,181 46 loss=0.26368109296222747
2019-01-18 14:58:33,182 47 loss=0.26009917172032904
2019-01-18 14:58:33,183 48 loss=0.25663860219502643
2019-01-18 14:58:33,183 49 loss=0.25329342314749076
2019-01-18 14:58:33,184 50 loss=0.25005802725556336
2019-01-18 14:58:33,184 
*** Major Checkpoint. Computing Stats and Saving
2019-01-18 14:58:33,184 	 Computing Major Stats lazily... 
2019-01-18 14:58:33,186 		 Completed edges=462 good=462 bad=0
2019-01-18 14:58:33,190 Distortion avg=0.45519384444702665 wc=10.744334458801816 me=1.7390070658137364 mc=6.17843059411274 nan_elements=0
2019-01-18 14:58:33,190 MAP = 0.19856168044205819
2019-01-18 14:58:33,190 scale=[array([1.])]
2019-01-18 14:58:33,190 *** End Major Checkpoint

2019-01-18 14:58:33,190 final loss=0.25005802725556336
2019-01-18 14:58:33,190 best loss=0.25005802725556336, distortion=0.45519384444702665, map=0.19856168044205819, wc_dist=10.744334458801816
2019-01-18 14:58:33,190 	 Computing Major Stats lazily... 
2019-01-18 14:58:33,192 		 Completed edges=462 good=462 bad=0
2019-01-18 14:58:33,195 Distortion avg=0.4551938444470268 wc=10.744334458801816 me=1.7390070658137364 mc=6.17843059411274 nan_elements=0
2019-01-18 14:58:33,195 MAP = 0.1985616804420582
2019-01-18 14:58:33,196 scale=[array([1.])]
