2019-01-18 14:41:37,991 Commandline ['pytorch/pytorch_hyperbolic.py', 'learn', 'data/edges/parsing/ewt/ewt_dev/1841.edges', '--dim', '0', '--hyp', '0', '--edim', '10', '--euc', '1', '--sdim', '0', '--sph', '0', '--log-name', 'ewt_devr2/1841.edges.E10-1.lr1.log', '--batch-size', '65536', '--epochs', '50', '-g', '--subsample', '1024', '--learning-rate', '1']
2019-01-18 14:41:37,991 No Model Save selected!
2019-01-18 14:41:37,993 Loaded Graph data/edges/parsing/ewt/ewt_dev/1841.edges with 19 nodes scale=1.0
2019-01-18 14:41:37,993 Building dataset
2019-01-18 14:41:37,993 Subsample: 19 points with scale 1.0 subsample=18
2019-01-18 14:41:38,013 Built Data Sampler
2019-01-18 14:41:38,013 Creating a fresh model warm_start?=None
2019-01-18 14:41:38,013 	 Warmstarting? None None 19
2019-01-18 14:41:38,013 Embedding() torch.Size([19, 10])
2019-01-18 14:41:38,013 relative No Rescale
2019-01-18 14:41:38,014 Constructed model with dim=0 and epochs=0 isnan=False
2019-01-18 14:41:38,014 SGD (
Parameter Group 0
    dampening: 0
    initial_lr: 0.1
    lr: 1.0
    momentum: 0.0
    nesterov: False
    weight_decay: 0

Parameter Group 1
    dampening: 0
    initial_lr: 0.1
    lr: 1.0
    momentum: 0.0
    nesterov: False
    weight_decay: 0

Parameter Group 2
    dampening: 0
    initial_lr: 0.1
    lr: 1.0
    momentum: 0.0
    nesterov: False
    weight_decay: 0

Parameter Group 3
    dampening: 0
    initial_lr: 0.0001
    lr: 0.001
    momentum: 0.0
    nesterov: False
    weight_decay: 0
)
2019-01-18 14:41:38,014 *** Initial Checkpoint. Computing Stats
2019-01-18 14:41:38,014 	 Computing Major Stats lazily... 
2019-01-18 14:41:38,016 		 Completed edges=342 good=342 bad=0
2019-01-18 14:41:38,019 Distortion avg=0.9982895150008589 wc=10.764884289492937 me=0.005782055204075799 mc=1861.7747339915945 nan_elements=0
2019-01-18 14:41:38,019 MAP = 0.24410728848035348
2019-01-18 14:41:38,019 scale=[array([1.])]
2019-01-18 14:41:38,019 *** End Initial Checkpoint

2019-01-18 14:41:38,078 1 loss=0.9965831335226369
2019-01-18 14:41:38,079 2 loss=0.9282825454035949
2019-01-18 14:41:38,079 3 loss=0.8652333723347245
2019-01-18 14:41:38,080 4 loss=0.8093978414466428
2019-01-18 14:41:38,081 5 loss=0.7601639968645619
2019-01-18 14:41:38,082 6 loss=0.7167334818328585
2019-01-18 14:41:38,082 7 loss=0.6783465093657307
2019-01-18 14:41:38,083 8 loss=0.6443250902702462
2019-01-18 14:41:38,084 9 loss=0.6140778963836874
2019-01-18 14:41:38,084 10 loss=0.587094343159285
2019-01-18 14:41:38,085 11 loss=0.5629356799695
2019-01-18 14:41:38,086 12 loss=0.5412257321048858
2019-01-18 14:41:38,086 13 loss=0.5216422486746504
2019-01-18 14:41:38,087 14 loss=0.5039091726573635
2019-01-18 14:41:38,088 15 loss=0.48778988993920813
2019-01-18 14:41:38,089 16 loss=0.47308140728461995
2019-01-18 14:41:38,089 17 loss=0.45960936841548317
2019-01-18 14:41:38,090 18 loss=0.4472238064146056
2019-01-18 14:41:38,091 19 loss=0.4357955331660003
2019-01-18 14:41:38,091 20 loss=0.42521307478707115
2019-01-18 14:41:38,092 21 loss=0.41538007226758344
2019-01-18 14:41:38,093 22 loss=0.40621307700469794
2019-01-18 14:41:38,093 23 loss=0.3976396807721905
2019-01-18 14:41:38,094 24 loss=0.38959692853515426
2019-01-18 14:41:38,095 25 loss=0.3820299703186502
2019-01-18 14:41:38,096 26 loss=0.3748909150840932
2019-01-18 14:41:38,096 27 loss=0.3681378553428432
2019-01-18 14:41:38,097 28 loss=0.36173403614764416
2019-01-18 14:41:38,098 29 loss=0.3556471462586069
2019-01-18 14:41:38,099 30 loss=0.34984871278585805
2019-01-18 14:41:38,100 31 loss=0.344313583560927
2019-01-18 14:41:38,100 32 loss=0.3390194839677816
2019-01-18 14:41:38,101 33 loss=0.33394663704555144
2019-01-18 14:41:38,102 34 loss=0.32907743742149076
2019-01-18 14:41:38,103 35 loss=0.3243961710984409
2019-01-18 14:41:38,103 36 loss=0.3198887743514794
2019-01-18 14:41:38,104 37 loss=0.3155426260219783
2019-01-18 14:41:38,105 38 loss=0.3113463683661794
2019-01-18 14:41:38,106 39 loss=0.3072897523465939
2019-01-18 14:41:38,107 40 loss=0.3033635038706191
2019-01-18 14:41:38,107 41 loss=0.29955920800052555
2019-01-18 14:41:38,108 42 loss=0.29586920859809446
2019-01-18 14:41:38,109 43 loss=0.2922865212387275
2019-01-18 14:41:38,109 44 loss=0.2888047575446805
2019-01-18 14:41:38,110 45 loss=0.285418059354255
2019-01-18 14:41:38,111 46 loss=0.28212104137085653
2019-01-18 14:41:38,112 47 loss=0.27890874112910274
2019-01-18 14:41:38,112 48 loss=0.2757765752798979
2019-01-18 14:41:38,113 49 loss=0.27272030133698316
2019-01-18 14:41:38,114 50 loss=0.26973598414761707
2019-01-18 14:41:38,114 final loss=0.26973598414761707
2019-01-18 14:41:38,114 best loss=10000000000.0, distortion=10000000000.0, map=0.0, wc_dist=10000000000.0
2019-01-18 14:41:38,114 	 Computing Major Stats lazily... 
2019-01-18 14:41:38,116 		 Completed edges=342 good=342 bad=0
2019-01-18 14:41:38,119 Distortion avg=0.4777835322343515 wc=8.008622583150679 me=1.722722761478517 mc=4.64881683938356 nan_elements=0
2019-01-18 14:41:38,119 MAP = 0.21750690829638197
2019-01-18 14:41:38,119 scale=[array([1.])]
2019-01-18 14:56:02,142 Commandline ['pytorch/pytorch_hyperbolic.py', 'learn', 'data/edges/parsing/ewt/ewt_dev/1841.edges', '--dim', '0', '--hyp', '0', '--edim', '10', '--euc', '1', '--sdim', '0', '--sph', '0', '--log-name', 'ewt_devr2/1841.edges.E10-1.lr1.log', '--batch-size', '65536', '--epochs', '50', '--checkpoint-freq', '10', '-g', '--subsample', '1024', '--learning-rate', '1']
2019-01-18 14:56:02,143 No Model Save selected!
2019-01-18 14:56:02,144 Loaded Graph data/edges/parsing/ewt/ewt_dev/1841.edges with 19 nodes scale=1.0
2019-01-18 14:56:02,144 Building dataset
2019-01-18 14:56:02,145 Subsample: 19 points with scale 1.0 subsample=18
2019-01-18 14:56:02,164 Built Data Sampler
2019-01-18 14:56:02,164 Creating a fresh model warm_start?=None
2019-01-18 14:56:02,164 	 Warmstarting? None None 19
2019-01-18 14:56:02,165 Embedding() torch.Size([19, 10])
2019-01-18 14:56:02,165 relative No Rescale
2019-01-18 14:56:02,165 Constructed model with dim=0 and epochs=0 isnan=False
2019-01-18 14:56:02,165 SGD (
Parameter Group 0
    dampening: 0
    initial_lr: 0.1
    lr: 1.0
    momentum: 0.0
    nesterov: False
    weight_decay: 0

Parameter Group 1
    dampening: 0
    initial_lr: 0.1
    lr: 1.0
    momentum: 0.0
    nesterov: False
    weight_decay: 0

Parameter Group 2
    dampening: 0
    initial_lr: 0.1
    lr: 1.0
    momentum: 0.0
    nesterov: False
    weight_decay: 0

Parameter Group 3
    dampening: 0
    initial_lr: 0.0001
    lr: 0.001
    momentum: 0.0
    nesterov: False
    weight_decay: 0
)
2019-01-18 14:56:02,165 *** Initial Checkpoint. Computing Stats
2019-01-18 14:56:02,166 	 Computing Major Stats lazily... 
2019-01-18 14:56:02,167 		 Completed edges=342 good=342 bad=0
2019-01-18 14:56:02,171 Distortion avg=0.9982895150008589 wc=10.764884289492937 me=0.005782055204075799 mc=1861.7747339915945 nan_elements=0
2019-01-18 14:56:02,171 MAP = 0.24410728848035348
2019-01-18 14:56:02,171 scale=[array([1.])]
2019-01-18 14:56:02,171 *** End Initial Checkpoint

2019-01-18 14:56:02,230 1 loss=0.9965831335226369
2019-01-18 14:56:02,231 2 loss=0.9282825454035949
2019-01-18 14:56:02,231 3 loss=0.8652333723347245
2019-01-18 14:56:02,232 4 loss=0.8093978414466428
2019-01-18 14:56:02,233 5 loss=0.7601639968645619
2019-01-18 14:56:02,233 6 loss=0.7167334818328585
2019-01-18 14:56:02,234 7 loss=0.6783465093657307
2019-01-18 14:56:02,235 8 loss=0.6443250902702462
2019-01-18 14:56:02,235 9 loss=0.6140778963836874
2019-01-18 14:56:02,236 10 loss=0.587094343159285
2019-01-18 14:56:02,236 
*** Major Checkpoint. Computing Stats and Saving
2019-01-18 14:56:02,236 	 Computing Major Stats lazily... 
2019-01-18 14:56:02,238 		 Completed edges=342 good=342 bad=0
2019-01-18 14:56:02,241 Distortion avg=0.7185145328458686 wc=17.64815928503161 me=1.1578374787671044 mc=15.242345846175088 nan_elements=0
2019-01-18 14:56:02,241 MAP = 0.09799528651889335
2019-01-18 14:56:02,241 scale=[array([1.])]
2019-01-18 14:56:02,241 *** End Major Checkpoint

2019-01-18 14:56:02,242 11 loss=0.5629356799694999
2019-01-18 14:56:02,242 12 loss=0.5412257321048857
2019-01-18 14:56:02,243 13 loss=0.5216422486746506
2019-01-18 14:56:02,244 14 loss=0.5039091726573636
2019-01-18 14:56:02,244 15 loss=0.4877898899392081
2019-01-18 14:56:02,245 16 loss=0.47308140728461967
2019-01-18 14:56:02,246 17 loss=0.45960936841548317
2019-01-18 14:56:02,246 18 loss=0.4472238064146056
2019-01-18 14:56:02,247 19 loss=0.43579553316600017
2019-01-18 14:56:02,248 20 loss=0.42521307478707115
2019-01-18 14:56:02,248 
*** Major Checkpoint. Computing Stats and Saving
2019-01-18 14:56:02,248 	 Computing Major Stats lazily... 
2019-01-18 14:56:02,249 		 Completed edges=342 good=342 bad=0
2019-01-18 14:56:02,252 Distortion avg=0.6146080529834663 wc=13.270601560544295 me=1.514873284339266 mc=8.760205686994118 nan_elements=0
2019-01-18 14:56:02,252 MAP = 0.10440570637939059
2019-01-18 14:56:02,252 scale=[array([1.])]
2019-01-18 14:56:02,252 *** End Major Checkpoint

2019-01-18 14:56:02,253 21 loss=0.41538007226758333
2019-01-18 14:56:02,254 22 loss=0.4062130770046978
2019-01-18 14:56:02,254 23 loss=0.3976396807721906
2019-01-18 14:56:02,255 24 loss=0.38959692853515415
2019-01-18 14:56:02,256 25 loss=0.3820299703186502
2019-01-18 14:56:02,256 26 loss=0.3748909150840932
2019-01-18 14:56:02,257 27 loss=0.3681378553428433
2019-01-18 14:56:02,258 28 loss=0.3617340361476442
2019-01-18 14:56:02,258 29 loss=0.35564714625860677
2019-01-18 14:56:02,259 30 loss=0.34984871278585805
2019-01-18 14:56:02,259 
*** Major Checkpoint. Computing Stats and Saving
2019-01-18 14:56:02,259 	 Computing Major Stats lazily... 
2019-01-18 14:56:02,261 		 Completed edges=342 good=342 bad=0
2019-01-18 14:56:02,264 Distortion avg=0.5596963741259524 wc=10.128279014614527 me=1.5628998105799674 mc=6.480440362236709 nan_elements=0
2019-01-18 14:56:02,264 MAP = 0.12337341658742584
2019-01-18 14:56:02,264 scale=[array([1.])]
2019-01-18 14:56:02,264 *** End Major Checkpoint

2019-01-18 14:56:02,265 31 loss=0.34431358356092684
2019-01-18 14:56:02,265 32 loss=0.3390194839677816
2019-01-18 14:56:02,266 33 loss=0.33394663704555133
2019-01-18 14:56:02,267 34 loss=0.32907743742149076
2019-01-18 14:56:02,268 35 loss=0.3243961710984409
2019-01-18 14:56:02,268 36 loss=0.3198887743514793
2019-01-18 14:56:02,269 37 loss=0.31554262602197825
2019-01-18 14:56:02,270 38 loss=0.3113463683661793
2019-01-18 14:56:02,270 39 loss=0.3072897523465939
2019-01-18 14:56:02,271 40 loss=0.3033635038706191
2019-01-18 14:56:02,271 
*** Major Checkpoint. Computing Stats and Saving
2019-01-18 14:56:02,271 	 Computing Major Stats lazily... 
2019-01-18 14:56:02,273 		 Completed edges=342 good=342 bad=0
2019-01-18 14:56:02,276 Distortion avg=0.5146220398064144 wc=8.831616998415317 me=1.6761813044082488 mc=5.268891244156425 nan_elements=0
2019-01-18 14:56:02,276 MAP = 0.16325276775741174
2019-01-18 14:56:02,276 scale=[array([1.])]
2019-01-18 14:56:02,276 *** End Major Checkpoint

2019-01-18 14:56:02,277 41 loss=0.29955920800052555
2019-01-18 14:56:02,277 42 loss=0.29586920859809446
2019-01-18 14:56:02,278 43 loss=0.29228652123872745
2019-01-18 14:56:02,279 44 loss=0.28880475754468043
2019-01-18 14:56:02,279 45 loss=0.28541805935425496
2019-01-18 14:56:02,280 46 loss=0.28212104137085653
2019-01-18 14:56:02,281 47 loss=0.27890874112910274
2019-01-18 14:56:02,281 48 loss=0.27577657527989796
2019-01-18 14:56:02,282 49 loss=0.2727203013369832
2019-01-18 14:56:02,283 50 loss=0.26973598414761707
2019-01-18 14:56:02,283 
*** Major Checkpoint. Computing Stats and Saving
2019-01-18 14:56:02,283 	 Computing Major Stats lazily... 
2019-01-18 14:56:02,284 		 Completed edges=342 good=342 bad=0
2019-01-18 14:56:02,287 Distortion avg=0.4777835322343514 wc=8.008622583150679 me=1.722722761478517 mc=4.64881683938356 nan_elements=0
2019-01-18 14:56:02,287 MAP = 0.21750690829638197
2019-01-18 14:56:02,287 scale=[array([1.])]
2019-01-18 14:56:02,287 *** End Major Checkpoint

2019-01-18 14:56:02,288 final loss=0.26973598414761707
2019-01-18 14:56:02,288 best loss=0.26973598414761707, distortion=0.4777835322343514, map=0.21750690829638197, wc_dist=8.008622583150679
2019-01-18 14:56:02,288 	 Computing Major Stats lazily... 
2019-01-18 14:56:02,289 		 Completed edges=342 good=342 bad=0
2019-01-18 14:56:02,292 Distortion avg=0.477783532234351 wc=8.008622583150679 me=1.722722761478517 mc=4.64881683938356 nan_elements=0
2019-01-18 14:56:02,292 MAP = 0.21750690829638197
2019-01-18 14:56:02,292 scale=[array([1.])]
