2019-01-18 14:53:59,092 Commandline ['pytorch/pytorch_hyperbolic.py', 'learn', 'data/edges/parsing/ewt/ewt_dev/1844.edges', '--dim', '0', '--hyp', '0', '--edim', '10', '--euc', '1', '--sdim', '0', '--sph', '0', '--log-name', 'ewt_devr2/1844.edges.E10-1.lr1.log', '--batch-size', '65536', '--epochs', '50', '--checkpoint-freq', '10', '-g', '--subsample', '1024', '--learning-rate', '1']
2019-01-18 14:53:59,092 No Model Save selected!
2019-01-18 14:53:59,094 Loaded Graph data/edges/parsing/ewt/ewt_dev/1844.edges with 10 nodes scale=1.0
2019-01-18 14:53:59,094 Building dataset
2019-01-18 14:53:59,094 Subsample: 10 points with scale 1.0 subsample=9
2019-01-18 14:53:59,102 Built Data Sampler
2019-01-18 14:53:59,102 Creating a fresh model warm_start?=None
2019-01-18 14:53:59,102 	 Warmstarting? None None 10
2019-01-18 14:53:59,103 Embedding() torch.Size([10, 10])
2019-01-18 14:53:59,103 relative No Rescale
2019-01-18 14:53:59,103 Constructed model with dim=0 and epochs=0 isnan=False
2019-01-18 14:53:59,103 SGD (
Parameter Group 0
    dampening: 0
    initial_lr: 0.1
    lr: 1.0
    momentum: 0.0
    nesterov: False
    weight_decay: 0

Parameter Group 1
    dampening: 0
    initial_lr: 0.1
    lr: 1.0
    momentum: 0.0
    nesterov: False
    weight_decay: 0

Parameter Group 2
    dampening: 0
    initial_lr: 0.1
    lr: 1.0
    momentum: 0.0
    nesterov: False
    weight_decay: 0

Parameter Group 3
    dampening: 0
    initial_lr: 0.0001
    lr: 0.001
    momentum: 0.0
    nesterov: False
    weight_decay: 0
)
2019-01-18 14:53:59,104 *** Initial Checkpoint. Computing Stats
2019-01-18 14:53:59,104 	 Computing Major Stats lazily... 
2019-01-18 14:53:59,105 		 Completed edges=90 good=90 bad=0
2019-01-18 14:53:59,106 Distortion avg=0.9975988429249998 wc=8.195239200307523 me=0.005632134115413149 mc=1455.0859465295875 nan_elements=0
2019-01-18 14:53:59,107 MAP = 0.23845238095238094
2019-01-18 14:53:59,107 scale=[array([1.])]
2019-01-18 14:53:59,107 *** End Initial Checkpoint

2019-01-18 14:53:59,171 1 loss=0.9952053159189593
2019-01-18 14:53:59,172 2 loss=0.770131849232952
2019-01-18 14:53:59,173 3 loss=0.6190237499120657
2019-01-18 14:53:59,173 4 loss=0.5211956011590426
2019-01-18 14:53:59,174 5 loss=0.4549158870764367
2019-01-18 14:53:59,174 6 loss=0.4073887038638719
2019-01-18 14:53:59,175 7 loss=0.37133663472217515
2019-01-18 14:53:59,175 8 loss=0.34261068890350205
2019-01-18 14:53:59,176 9 loss=0.318808709744505
2019-01-18 14:53:59,177 10 loss=0.2985049229886355
2019-01-18 14:53:59,177 
*** Major Checkpoint. Computing Stats and Saving
2019-01-18 14:53:59,177 	 Computing Major Stats lazily... 
2019-01-18 14:53:59,177 		 Completed edges=90 good=90 bad=0
2019-01-18 14:53:59,179 Distortion avg=0.5004985736163692 wc=6.521639597430983 me=1.3577484969272497 mc=4.803275136883045 nan_elements=0
2019-01-18 14:53:59,179 MAP = 0.19747023809523806
2019-01-18 14:53:59,179 scale=[array([1.])]
2019-01-18 14:53:59,179 *** End Major Checkpoint

2019-01-18 14:53:59,180 11 loss=0.2808236535080148
2019-01-18 14:53:59,181 12 loss=0.26520315957240503
2019-01-18 14:53:59,181 13 loss=0.2512641191127459
2019-01-18 14:53:59,182 14 loss=0.23873587966794801
2019-01-18 14:53:59,182 15 loss=0.2274147591527359
2019-01-18 14:53:59,183 16 loss=0.21714023132096974
2019-01-18 14:53:59,183 17 loss=0.20778113664854275
2019-01-18 14:53:59,184 18 loss=0.1992275263642401
2019-01-18 14:53:59,184 19 loss=0.19138567105395735
2019-01-18 14:53:59,185 20 loss=0.18417484400665335
2019-01-18 14:53:59,185 
*** Major Checkpoint. Computing Stats and Saving
2019-01-18 14:53:59,185 	 Computing Major Stats lazily... 
2019-01-18 14:53:59,185 		 Completed edges=90 good=90 bad=0
2019-01-18 14:53:59,187 Distortion avg=0.387679254590968 wc=4.730912606278753 me=1.4320586339620522 mc=3.303574654055762 nan_elements=0
2019-01-18 14:53:59,187 MAP = 0.48748015873015876
2019-01-18 14:53:59,187 scale=[array([1.])]
2019-01-18 14:53:59,187 *** End Major Checkpoint

2019-01-18 14:53:59,188 21 loss=0.17752510040725852
2019-01-18 14:53:59,188 22 loss=0.17137562172744633
2019-01-18 14:53:59,189 23 loss=0.1656733930571941
2019-01-18 14:53:59,189 24 loss=0.16037209276362382
2019-01-18 14:53:59,190 25 loss=0.15543113482395599
2019-01-18 14:53:59,190 26 loss=0.15081483558989403
2019-01-18 14:53:59,191 27 loss=0.1464916912759126
2019-01-18 14:53:59,191 28 loss=0.1424337578286783
2019-01-18 14:53:59,192 29 loss=0.13861612569023643
2019-01-18 14:53:59,192 30 loss=0.13501648104475467
2019-01-18 14:53:59,192 
*** Major Checkpoint. Computing Stats and Saving
2019-01-18 14:53:59,192 	 Computing Major Stats lazily... 
2019-01-18 14:53:59,193 		 Completed edges=90 good=90 bad=0
2019-01-18 14:53:59,194 Distortion avg=0.31548025164161403 wc=4.015478839342237 me=1.4158824855756817 mc=2.8360255037052666 nan_elements=0
2019-01-18 14:53:59,195 MAP = 0.7477777777777778
2019-01-18 14:53:59,195 scale=[array([1.])]
2019-01-18 14:53:59,195 *** End Major Checkpoint

2019-01-18 14:53:59,195 31 loss=0.1316147439273589
2019-01-18 14:53:59,196 32 loss=0.12839277277707925
2019-01-18 14:53:59,196 33 loss=0.1253341248624388
2019-01-18 14:53:59,197 34 loss=0.12242386246524337
2019-01-18 14:53:59,197 35 loss=0.11964839562409267
2019-01-18 14:53:59,198 36 loss=0.11699535343084226
2019-01-18 14:53:59,198 37 loss=0.11445347717409088
2019-01-18 14:53:59,199 38 loss=0.11201252990502386
2019-01-18 14:53:59,199 39 loss=0.10966321817651979
2019-01-18 14:53:59,200 40 loss=0.10739712272840468
2019-01-18 14:53:59,200 
*** Major Checkpoint. Computing Stats and Saving
2019-01-18 14:53:59,200 	 Computing Major Stats lazily... 
2019-01-18 14:53:59,200 		 Completed edges=90 good=90 bad=0
2019-01-18 14:53:59,203 Distortion avg=0.2749801980132532 wc=3.5824090462745364 me=1.398859243126622 mc=2.560950334264806 nan_elements=0
2019-01-18 14:53:59,203 MAP = 0.8781944444444445
2019-01-18 14:53:59,203 scale=[array([1.])]
2019-01-18 14:53:59,203 *** End Major Checkpoint

2019-01-18 14:53:59,204 41 loss=0.10520663574205424
2019-01-18 14:53:59,204 42 loss=0.10308490296888749
2019-01-18 14:53:59,205 43 loss=0.1010257695650603
2019-01-18 14:53:59,206 44 loss=0.09902372886058461
2019-01-18 14:53:59,206 45 loss=0.09707387357876994
2019-01-18 14:53:59,207 46 loss=0.09517184922389771
2019-01-18 14:53:59,208 47 loss=0.09331380949139735
2019-01-18 14:53:59,209 48 loss=0.09149637364226695
2019-01-18 14:53:59,209 49 loss=0.08971658583552389
2019-01-18 14:53:59,210 50 loss=0.08797187643953275
2019-01-18 14:53:59,210 
*** Major Checkpoint. Computing Stats and Saving
2019-01-18 14:53:59,210 	 Computing Major Stats lazily... 
2019-01-18 14:53:59,211 		 Completed edges=90 good=90 bad=0
2019-01-18 14:53:59,212 Distortion avg=0.24729385544814517 wc=3.220299851520693 me=1.3723178138416887 mc=2.3466137501383395 nan_elements=0
2019-01-18 14:53:59,212 MAP = 0.9887499999999999
2019-01-18 14:53:59,213 scale=[array([1.])]
2019-01-18 14:53:59,213 *** End Major Checkpoint

2019-01-18 14:53:59,213 final loss=0.08797187643953275
2019-01-18 14:53:59,213 best loss=0.08797187643953275, distortion=0.24729385544814517, map=0.9887499999999999, wc_dist=3.220299851520693
2019-01-18 14:53:59,213 	 Computing Major Stats lazily... 
2019-01-18 14:53:59,213 		 Completed edges=90 good=90 bad=0
2019-01-18 14:53:59,215 Distortion avg=0.2472938554481451 wc=3.220299851520693 me=1.3723178138416887 mc=2.3466137501383395 nan_elements=0
2019-01-18 14:53:59,215 MAP = 0.9887499999999999
2019-01-18 14:53:59,215 scale=[array([1.])]
