2019-01-18 14:59:07,805 Commandline ['pytorch/pytorch_hyperbolic.py', 'learn', 'data/edges/parsing/ewt/ewt_dev/1848.edges', '--dim', '0', '--hyp', '0', '--edim', '10', '--euc', '1', '--sdim', '0', '--sph', '0', '--log-name', 'ewt_devr2/1848.edges.E10-1.lr1.log', '--batch-size', '65536', '--epochs', '50', '--checkpoint-freq', '10', '-g', '--subsample', '1024', '--learning-rate', '1']
2019-01-18 14:59:07,805 No Model Save selected!
2019-01-18 14:59:07,807 Loaded Graph data/edges/parsing/ewt/ewt_dev/1848.edges with 18 nodes scale=1.0
2019-01-18 14:59:07,807 Building dataset
2019-01-18 14:59:07,808 Subsample: 18 points with scale 1.0 subsample=17
2019-01-18 14:59:07,826 Built Data Sampler
2019-01-18 14:59:07,826 Creating a fresh model warm_start?=None
2019-01-18 14:59:07,826 	 Warmstarting? None None 18
2019-01-18 14:59:07,826 Embedding() torch.Size([18, 10])
2019-01-18 14:59:07,827 relative No Rescale
2019-01-18 14:59:07,827 Constructed model with dim=0 and epochs=0 isnan=False
2019-01-18 14:59:07,827 SGD (
Parameter Group 0
    dampening: 0
    initial_lr: 0.1
    lr: 1.0
    momentum: 0.0
    nesterov: False
    weight_decay: 0

Parameter Group 1
    dampening: 0
    initial_lr: 0.1
    lr: 1.0
    momentum: 0.0
    nesterov: False
    weight_decay: 0

Parameter Group 2
    dampening: 0
    initial_lr: 0.1
    lr: 1.0
    momentum: 0.0
    nesterov: False
    weight_decay: 0

Parameter Group 3
    dampening: 0
    initial_lr: 0.0001
    lr: 0.001
    momentum: 0.0
    nesterov: False
    weight_decay: 0
)
2019-01-18 14:59:07,827 *** Initial Checkpoint. Computing Stats
2019-01-18 14:59:07,827 	 Computing Major Stats lazily... 
2019-01-18 14:59:07,829 		 Completed edges=306 good=306 bad=0
2019-01-18 14:59:07,832 Distortion avg=0.9982817135390134 wc=10.690374364109152 me=0.00540774198159757 mc=1976.8647247757503 nan_elements=0
2019-01-18 14:59:07,832 MAP = 0.17308537391257983
2019-01-18 14:59:07,832 scale=[array([1.])]
2019-01-18 14:59:07,832 *** End Initial Checkpoint

2019-01-18 14:59:07,889 1 loss=0.9965675790350469
2019-01-18 14:59:07,890 2 loss=0.9198786650163603
2019-01-18 14:59:07,890 3 loss=0.8504656131240418
2019-01-18 14:59:07,891 4 loss=0.790008074135199
2019-01-18 14:59:07,892 5 loss=0.73750192953238
2019-01-18 14:59:07,892 6 loss=0.6918235322574776
2019-01-18 14:59:07,893 7 loss=0.6519552505835358
2019-01-18 14:59:07,893 8 loss=0.6170178409324365
2019-01-18 14:59:07,894 9 loss=0.5862644565475241
2019-01-18 14:59:07,895 10 loss=0.5590654145521594
2019-01-18 14:59:07,895 
*** Major Checkpoint. Computing Stats and Saving
2019-01-18 14:59:07,895 	 Computing Major Stats lazily... 
2019-01-18 14:59:07,896 		 Completed edges=306 good=306 bad=0
2019-01-18 14:59:07,899 Distortion avg=0.6931955261132067 wc=14.119715579102932 me=1.1007231548514842 mc=12.82767198715652 nan_elements=0
2019-01-18 14:59:07,899 MAP = 0.10436563980681629
2019-01-18 14:59:07,899 scale=[array([1.])]
2019-01-18 14:59:07,899 *** End Major Checkpoint

2019-01-18 14:59:07,900 11 loss=0.534891618178871
2019-01-18 14:59:07,901 12 loss=0.5132990964113753
2019-01-18 14:59:07,901 13 loss=0.49391538294770343
2019-01-18 14:59:07,902 14 loss=0.4764278306533057
2019-01-18 14:59:07,902 15 loss=0.46057372698691945
2019-01-18 14:59:07,903 16 loss=0.4461319999088267
2019-01-18 14:59:07,904 17 loss=0.4329162914487486
2019-01-18 14:59:07,904 18 loss=0.420769189753927
2019-01-18 14:59:07,905 19 loss=0.40955743359061375
2019-01-18 14:59:07,906 20 loss=0.3991679285609789
2019-01-18 14:59:07,906 
*** Major Checkpoint. Computing Stats and Saving
2019-01-18 14:59:07,906 	 Computing Major Stats lazily... 
2019-01-18 14:59:07,907 		 Completed edges=306 good=306 bad=0
2019-01-18 14:59:07,910 Distortion avg=0.5930523891806183 wc=11.592455466638203 me=1.4754391462693024 mc=7.856952620479209 nan_elements=0
2019-01-18 14:59:07,910 MAP = 0.11779389062885794
2019-01-18 14:59:07,910 scale=[array([1.])]
2019-01-18 14:59:07,910 *** End Major Checkpoint

2019-01-18 14:59:07,911 21 loss=0.3895044384730484
2019-01-18 14:59:07,912 22 loss=0.380484837052016
2019-01-18 14:59:07,912 23 loss=0.3720388241183178
2019-01-18 14:59:07,913 24 loss=0.36410602652520313
2019-01-18 14:59:07,914 25 loss=0.3566344177805142
2019-01-18 14:59:07,914 26 loss=0.3495790016773343
2019-01-18 14:59:07,915 27 loss=0.3429007147386188
2019-01-18 14:59:07,916 28 loss=0.33656551013526464
2019-01-18 14:59:07,916 29 loss=0.3305435922277385
2019-01-18 14:59:07,917 30 loss=0.32480877623640275
2019-01-18 14:59:07,917 
*** Major Checkpoint. Computing Stats and Saving
2019-01-18 14:59:07,917 	 Computing Major Stats lazily... 
2019-01-18 14:59:07,919 		 Completed edges=306 good=306 bad=0
2019-01-18 14:59:07,921 Distortion avg=0.5318796628282527 wc=10.157397528554574 me=1.6692643134920369 mc=6.084954579365378 nan_elements=0
2019-01-18 14:59:07,921 MAP = 0.16100974340353427
2019-01-18 14:59:07,922 scale=[array([1.])]
2019-01-18 14:59:07,922 *** End Major Checkpoint

2019-01-18 14:59:07,922 31 loss=0.31933795195964376
2019-01-18 14:59:07,923 32 loss=0.3141106340957203
2019-01-18 14:59:07,924 33 loss=0.30910858472082825
2019-01-18 14:59:07,924 34 loss=0.30431549594578766
2019-01-18 14:59:07,925 35 loss=0.2997167228108497
2019-01-18 14:59:07,926 36 loss=0.2952990581596098
2019-01-18 14:59:07,926 37 loss=0.291050542622344
2019-01-18 14:59:07,927 38 loss=0.28696030398829087
2019-01-18 14:59:07,928 39 loss=0.2830184211980766
2019-01-18 14:59:07,928 40 loss=0.2792158089765853
2019-01-18 14:59:07,928 
*** Major Checkpoint. Computing Stats and Saving
2019-01-18 14:59:07,928 	 Computing Major Stats lazily... 
2019-01-18 14:59:07,930 		 Completed edges=306 good=306 bad=0
2019-01-18 14:59:07,932 Distortion avg=0.4828945998514108 wc=9.057450482137419 me=1.7610837522657892 mc=5.14311171770463 nan_elements=0
2019-01-18 14:59:07,932 MAP = 0.23984533984533984
2019-01-18 14:59:07,933 scale=[array([1.])]
2019-01-18 14:59:07,933 *** End Major Checkpoint

2019-01-18 14:59:07,933 41 loss=0.275544119781671
2019-01-18 14:59:07,934 42 loss=0.27199566028866745
2019-01-18 14:59:07,935 43 loss=0.26856332008390427
2019-01-18 14:59:07,935 44 loss=0.26524051061815473
2019-01-18 14:59:07,936 45 loss=0.2620211127861411
2019-01-18 14:59:07,937 46 loss=0.2588994317615554
2019-01-18 14:59:07,937 47 loss=0.25587015793734647
2019-01-18 14:59:07,938 48 loss=0.25292833300554035
2019-01-18 14:59:07,939 49 loss=0.25006932036559015
2019-01-18 14:59:07,939 50 loss=0.2472887791801779
2019-01-18 14:59:07,940 
*** Major Checkpoint. Computing Stats and Saving
2019-01-18 14:59:07,940 	 Computing Major Stats lazily... 
2019-01-18 14:59:07,942 		 Completed edges=306 good=306 bad=0
2019-01-18 14:59:07,945 Distortion avg=0.4444584074047304 wc=8.126455825281099 me=1.7871782871748805 mc=4.547087374325235 nan_elements=0
2019-01-18 14:59:07,945 MAP = 0.34683646600313267
2019-01-18 14:59:07,945 scale=[array([1.])]
2019-01-18 14:59:07,945 *** End Major Checkpoint

2019-01-18 14:59:07,945 final loss=0.2472887791801779
2019-01-18 14:59:07,945 best loss=0.2472887791801779, distortion=0.4444584074047304, map=0.34683646600313267, wc_dist=8.126455825281099
2019-01-18 14:59:07,945 	 Computing Major Stats lazily... 
2019-01-18 14:59:07,947 		 Completed edges=306 good=306 bad=0
2019-01-18 14:59:07,949 Distortion avg=0.4444584074047303 wc=8.126455825281099 me=1.7871782871748805 mc=4.547087374325235 nan_elements=0
2019-01-18 14:59:07,949 MAP = 0.34683646600313267
2019-01-18 14:59:07,950 scale=[array([1.])]
