2019-01-18 14:59:16,316 Commandline ['pytorch/pytorch_hyperbolic.py', 'learn', 'data/edges/parsing/ewt/ewt_dev/1855.edges', '--dim', '0', '--hyp', '0', '--edim', '10', '--euc', '1', '--sdim', '0', '--sph', '0', '--log-name', 'ewt_devr2/1855.edges.E10-1.lr1.log', '--batch-size', '65536', '--epochs', '50', '--checkpoint-freq', '10', '-g', '--subsample', '1024', '--learning-rate', '1']
2019-01-18 14:59:16,316 No Model Save selected!
2019-01-18 14:59:16,317 Loaded Graph data/edges/parsing/ewt/ewt_dev/1855.edges with 3 nodes scale=1.0
2019-01-18 14:59:16,317 Building dataset
2019-01-18 14:59:16,318 Subsample: 3 points with scale 1.0 subsample=2
2019-01-18 14:59:16,320 Built Data Sampler
2019-01-18 14:59:16,320 Creating a fresh model warm_start?=None
2019-01-18 14:59:16,320 	 Warmstarting? None None 3
2019-01-18 14:59:16,321 Embedding() torch.Size([3, 10])
2019-01-18 14:59:16,321 relative No Rescale
2019-01-18 14:59:16,321 Constructed model with dim=0 and epochs=0 isnan=False
2019-01-18 14:59:16,321 SGD (
Parameter Group 0
    dampening: 0
    initial_lr: 0.1
    lr: 1.0
    momentum: 0.0
    nesterov: False
    weight_decay: 0

Parameter Group 1
    dampening: 0
    initial_lr: 0.1
    lr: 1.0
    momentum: 0.0
    nesterov: False
    weight_decay: 0

Parameter Group 2
    dampening: 0
    initial_lr: 0.1
    lr: 1.0
    momentum: 0.0
    nesterov: False
    weight_decay: 0

Parameter Group 3
    dampening: 0
    initial_lr: 0.0001
    lr: 0.001
    momentum: 0.0
    nesterov: False
    weight_decay: 0
)
2019-01-18 14:59:16,321 *** Initial Checkpoint. Computing Stats
2019-01-18 14:59:16,321 	 Computing Major Stats lazily... 
2019-01-18 14:59:16,322 		 Completed edges=6 good=6 bad=0
2019-01-18 14:59:16,323 Distortion avg=0.995685256683299 wc=2.1173771007281528 me=0.0059990010247677 mc=352.9549489967197 nan_elements=0
2019-01-18 14:59:16,323 MAP = 0.8333333333333334
2019-01-18 14:59:16,323 scale=[array([1.])]
2019-01-18 14:59:16,323 *** End Initial Checkpoint

2019-01-18 14:59:16,379 1 loss=0.9913908212863208
2019-01-18 14:59:16,379 2 loss=0.47963967088590637
2019-01-18 14:59:16,380 3 loss=0.16088361417624628
2019-01-18 14:59:16,380 4 loss=0.0021729748053624476
2019-01-18 14:59:16,381 5 loss=0.0011336411624325103
2019-01-18 14:59:16,381 6 loss=0.0009414368911553338
2019-01-18 14:59:16,381 7 loss=0.0008000766598015258
2019-01-18 14:59:16,382 8 loss=0.0006886109491265886
2019-01-18 14:59:16,382 9 loss=0.0005990484410217954
2019-01-18 14:59:16,383 10 loss=0.0005259522357476768
2019-01-18 14:59:16,383 
*** Major Checkpoint. Computing Stats and Saving
2019-01-18 14:59:16,383 	 Computing Major Stats lazily... 
2019-01-18 14:59:16,383 		 Completed edges=6 good=6 bad=0
2019-01-18 14:59:16,384 Distortion avg=0.01942772063492852 wc=1.0517340221965676 me=1.0189908186230463 mc=1.0321329721280188 nan_elements=0
2019-01-18 14:59:16,384 MAP = 1.0
2019-01-18 14:59:16,384 scale=[array([1.])]
2019-01-18 14:59:16,384 *** End Major Checkpoint

2019-01-18 14:59:16,384 11 loss=0.0004654903008697489
2019-01-18 14:59:16,385 12 loss=0.000414893016807546
2019-01-18 14:59:16,385 13 loss=0.0003721156228420573
2019-01-18 14:59:16,386 14 loss=0.00033562026837579746
2019-01-18 14:59:16,386 15 loss=0.0003042313658106173
2019-01-18 14:59:16,387 16 loss=0.00027703720501527396
2019-01-18 14:59:16,387 17 loss=0.000253321568436356
2019-01-18 14:59:16,387 18 loss=0.00023251527399432295
2019-01-18 14:59:16,388 19 loss=0.00021416124154514474
2019-01-18 14:59:16,388 20 loss=0.0001978889149093012
2019-01-18 14:59:16,388 
*** Major Checkpoint. Computing Stats and Saving
2019-01-18 14:59:16,388 	 Computing Major Stats lazily... 
2019-01-18 14:59:16,389 		 Completed edges=6 good=6 bad=0
2019-01-18 14:59:16,389 Distortion avg=0.012479143856888716 wc=1.0311449115713742 me=1.011006788690975 mc=1.0199188799775256 nan_elements=0
2019-01-18 14:59:16,389 MAP = 1.0
2019-01-18 14:59:16,389 scale=[array([1.])]
2019-01-18 14:59:16,389 *** End Major Checkpoint

2019-01-18 14:59:16,390 21 loss=0.0001833952692033031
2019-01-18 14:59:16,390 22 loss=0.0001704305268743361
2019-01-18 14:59:16,391 23 loss=0.00015878728908069753
2019-01-18 14:59:16,391 24 loss=0.00014829217689357093
2019-01-18 14:59:16,392 25 loss=0.00013879933913284962
2019-01-18 14:59:16,392 26 loss=0.00013018536390023408
2019-01-18 14:59:16,392 27 loss=0.0001223452565191693
2019-01-18 14:59:16,393 28 loss=0.00011518923534721506
2019-01-18 14:59:16,393 29 loss=0.00010864016039950621
2019-01-18 14:59:16,394 30 loss=0.0001026314556359871
2019-01-18 14:59:16,394 
*** Major Checkpoint. Computing Stats and Saving
2019-01-18 14:59:16,394 	 Computing Major Stats lazily... 
2019-01-18 14:59:16,394 		 Completed edges=6 good=6 bad=0
2019-01-18 14:59:16,394 Distortion avg=0.009154197628245542 wc=1.0221909695507232 me=1.007711890144862 mc=1.014368272863963 nan_elements=0
2019-01-18 14:59:16,395 MAP = 1.0
2019-01-18 14:59:16,395 scale=[array([1.])]
2019-01-18 14:59:16,395 *** End Major Checkpoint

2019-01-18 14:59:16,395 31 loss=9.710541933252844e-05
2019-01-18 14:59:16,396 32 loss=9.201184174202235e-05
2019-01-18 14:59:16,396 33 loss=8.730686772402174e-05
2019-01-18 14:59:16,396 34 loss=8.295205590919963e-05
2019-01-18 14:59:16,397 35 loss=7.891359649146636e-05
2019-01-18 14:59:16,397 36 loss=7.516165778141004e-05
2019-01-18 14:59:16,398 37 loss=7.166983784147707e-05
2019-01-18 14:59:16,398 38 loss=6.841470231642381e-05
2019-01-18 14:59:16,399 39 loss=6.537539331028753e-05
2019-01-18 14:59:16,400 40 loss=6.253329709371334e-05
2019-01-18 14:59:16,400 
*** Major Checkpoint. Computing Stats and Saving
2019-01-18 14:59:16,400 	 Computing Major Stats lazily... 
2019-01-18 14:59:16,400 		 Completed edges=6 good=6 bad=0
2019-01-18 14:59:16,401 Distortion avg=0.007216614997719195 wc=1.0172086901260338 me=1.0059246406839333 mc=1.0112175892564164 nan_elements=0
2019-01-18 14:59:16,401 MAP = 1.0
2019-01-18 14:59:16,401 scale=[array([1.])]
2019-01-18 14:59:16,401 *** End Major Checkpoint

2019-01-18 14:59:16,401 41 loss=5.987176074017095e-05
2019-01-18 14:59:16,402 42 loss=5.737584962646099e-05
2019-01-18 14:59:16,402 43 loss=5.503213919873864e-05
2019-01-18 14:59:16,403 44 loss=5.282853558059662e-05
2019-01-18 14:59:16,403 45 loss=5.075412054694847e-05
2019-01-18 14:59:16,404 46 loss=4.8799017154244765e-05
2019-01-18 14:59:16,404 47 loss=4.6954272941059624e-05
2019-01-18 14:59:16,404 48 loss=4.5211758122264325e-05
2019-01-18 14:59:16,405 49 loss=4.356407661744799e-05
2019-01-18 14:59:16,405 50 loss=4.200448809792847e-05
2019-01-18 14:59:16,405 
*** Major Checkpoint. Computing Stats and Saving
2019-01-18 14:59:16,405 	 Computing Major Stats lazily... 
2019-01-18 14:59:16,406 		 Completed edges=6 good=6 bad=0
2019-01-18 14:59:16,406 Distortion avg=0.005951200462945579 wc=1.0140424099308363 me=1.0048058176298007 mc=1.0091924152298635 nan_elements=0
2019-01-18 14:59:16,406 MAP = 1.0
2019-01-18 14:59:16,406 scale=[array([1.])]
2019-01-18 14:59:16,406 *** End Major Checkpoint

2019-01-18 14:59:16,406 final loss=4.200448809792847e-05
2019-01-18 14:59:16,407 best loss=4.200448809792847e-05, distortion=0.005951200462945579, map=1.0, wc_dist=1.0140424099308363
2019-01-18 14:59:16,407 	 Computing Major Stats lazily... 
2019-01-18 14:59:16,407 		 Completed edges=6 good=6 bad=0
2019-01-18 14:59:16,407 Distortion avg=0.005951200462945579 wc=1.0140424099308363 me=1.0048058176298007 mc=1.0091924152298635 nan_elements=0
2019-01-18 14:59:16,407 MAP = 1.0
2019-01-18 14:59:16,408 scale=[array([1.])]
