2019-01-18 15:10:05,678 Commandline ['pytorch/pytorch_hyperbolic.py', 'learn', 'data/edges/parsing/ewt/ewt_dev/1856.edges', '--dim', '0', '--hyp', '0', '--edim', '10', '--euc', '1', '--sdim', '0', '--sph', '0', '--log-name', 'ewt_devr2/1856.edges.E10-1.lr1.log', '--batch-size', '65536', '--epochs', '50', '--checkpoint-freq', '10', '-g', '--subsample', '1024', '--learning-rate', '1']
2019-01-18 15:10:05,678 No Model Save selected!
2019-01-18 15:10:05,680 Loaded Graph data/edges/parsing/ewt/ewt_dev/1856.edges with 16 nodes scale=1.0
2019-01-18 15:10:05,680 Building dataset
2019-01-18 15:10:05,681 Subsample: 16 points with scale 1.0 subsample=15
2019-01-18 15:10:05,696 Built Data Sampler
2019-01-18 15:10:05,696 Creating a fresh model warm_start?=None
2019-01-18 15:10:05,696 	 Warmstarting? None None 16
2019-01-18 15:10:05,696 Embedding() torch.Size([16, 10])
2019-01-18 15:10:05,697 relative No Rescale
2019-01-18 15:10:05,697 Constructed model with dim=0 and epochs=0 isnan=False
2019-01-18 15:10:05,697 SGD (
Parameter Group 0
    dampening: 0
    initial_lr: 0.1
    lr: 1.0
    momentum: 0.0
    nesterov: False
    weight_decay: 0

Parameter Group 1
    dampening: 0
    initial_lr: 0.1
    lr: 1.0
    momentum: 0.0
    nesterov: False
    weight_decay: 0

Parameter Group 2
    dampening: 0
    initial_lr: 0.1
    lr: 1.0
    momentum: 0.0
    nesterov: False
    weight_decay: 0

Parameter Group 3
    dampening: 0
    initial_lr: 0.0001
    lr: 0.001
    momentum: 0.0
    nesterov: False
    weight_decay: 0
)
2019-01-18 15:10:05,697 *** Initial Checkpoint. Computing Stats
2019-01-18 15:10:05,697 	 Computing Major Stats lazily... 
2019-01-18 15:10:05,699 		 Completed edges=240 good=240 bad=0
2019-01-18 15:10:05,701 Distortion avg=0.9981897020676153 wc=12.154145467054468 me=0.005982886981094694 mc=2031.485051524509 nan_elements=0
2019-01-18 15:10:05,701 MAP = 0.21652418761793765
2019-01-18 15:10:05,702 scale=[array([1.])]
2019-01-18 15:10:05,702 *** End Initial Checkpoint

2019-01-18 15:10:05,766 1 loss=0.9963840196532042
2019-01-18 15:10:05,767 2 loss=0.899984347679855
2019-01-18 15:10:05,768 3 loss=0.816227096869389
2019-01-18 15:10:05,768 4 loss=0.7460063258078162
2019-01-18 15:10:05,769 5 loss=0.6870370928938071
2019-01-18 15:10:05,770 6 loss=0.6372310587212726
2019-01-18 15:10:05,770 7 loss=0.5948714833612571
2019-01-18 15:10:05,771 8 loss=0.55857996923208
2019-01-18 15:10:05,771 9 loss=0.5272564953674946
2019-01-18 15:10:05,772 10 loss=0.5000232729150894
2019-01-18 15:10:05,772 
*** Major Checkpoint. Computing Stats and Saving
2019-01-18 15:10:05,772 	 Computing Major Stats lazily... 
2019-01-18 15:10:05,773 		 Completed edges=240 good=240 bad=0
2019-01-18 15:10:05,776 Distortion avg=0.6457808599521092 wc=18.18936128238711 me=1.1849952867499558 mc=15.34973302068941 nan_elements=0
2019-01-18 15:10:05,776 MAP = 0.11875294844044842
2019-01-18 15:10:05,776 scale=[array([1.])]
2019-01-18 15:10:05,776 *** End Major Checkpoint

2019-01-18 15:10:05,777 11 loss=0.4761780669925199
2019-01-18 15:10:05,778 12 loss=0.45515691062388197
2019-01-18 15:10:05,778 13 loss=0.4365047945348545
2019-01-18 15:10:05,779 14 loss=0.4198527715228248
2019-01-18 15:10:05,780 15 loss=0.40490010082354766
2019-01-18 15:10:05,780 16 loss=0.39140031096019867
2019-01-18 15:10:05,781 17 loss=0.3791502960433556
2019-01-18 15:10:05,781 18 loss=0.36798175826875157
2019-01-18 15:10:05,782 19 loss=0.35775446707056985
2019-01-18 15:10:05,783 20 loss=0.3483509282158092
2019-01-18 15:10:05,783 
*** Major Checkpoint. Computing Stats and Saving
2019-01-18 15:10:05,783 	 Computing Major Stats lazily... 
2019-01-18 15:10:05,784 		 Completed edges=240 good=240 bad=0
2019-01-18 15:10:05,786 Distortion avg=0.5463992621638142 wc=13.805861421290615 me=1.555773560964205 mc=8.873952975993696 nan_elements=0
2019-01-18 15:10:05,787 MAP = 0.1594273781773782
2019-01-18 15:10:05,787 scale=[array([1.])]
2019-01-18 15:10:05,787 *** End Major Checkpoint

2019-01-18 15:10:05,787 21 loss=0.33967215061645195
2019-01-18 15:10:05,788 22 loss=0.3316342708774284
2019-01-18 15:10:05,789 23 loss=0.3241658506846459
2019-01-18 15:10:05,790 24 loss=0.31720570412935906
2019-01-18 15:10:05,790 25 loss=0.31070114411550037
2019-01-18 15:10:05,791 26 loss=0.3046065615163785
2019-01-18 15:10:05,792 27 loss=0.2988822695645178
2019-01-18 15:10:05,792 28 loss=0.2934935604527021
2019-01-18 15:10:05,793 29 loss=0.2884099323339922
2019-01-18 15:10:05,794 30 loss=0.2836044536150278
2019-01-18 15:10:05,794 
*** Major Checkpoint. Computing Stats and Saving
2019-01-18 15:10:05,794 	 Computing Major Stats lazily... 
2019-01-18 15:10:05,795 		 Completed edges=240 good=240 bad=0
2019-01-18 15:10:05,797 Distortion avg=0.4831291964666391 wc=11.126139521720935 me=1.6701966398718286 mc=6.661574605116412 nan_elements=0
2019-01-18 15:10:05,797 MAP = 0.24340127465127462
2019-01-18 15:10:05,798 scale=[array([1.])]
2019-01-18 15:10:05,798 *** End Major Checkpoint

2019-01-18 15:10:05,798 31 loss=0.2790532382289361
2019-01-18 15:10:05,799 32 loss=0.2747350108958622
2019-01-18 15:10:05,800 33 loss=0.2706307455667473
2019-01-18 15:10:05,800 34 loss=0.2667233635548639
2019-01-18 15:10:05,801 35 loss=0.26299748048451643
2019-01-18 15:10:05,801 36 loss=0.25943919327636006
2019-01-18 15:10:05,802 37 loss=0.2560359000587619
2019-01-18 15:10:05,803 38 loss=0.2527761472332396
2019-01-18 15:10:05,803 39 loss=0.24964949899819408
2019-01-18 15:10:05,804 40 loss=0.24664642550270324
2019-01-18 15:10:05,804 
*** Major Checkpoint. Computing Stats and Saving
2019-01-18 15:10:05,804 	 Computing Major Stats lazily... 
2019-01-18 15:10:05,805 		 Completed edges=240 good=240 bad=0
2019-01-18 15:10:05,808 Distortion avg=0.438759202278963 wc=9.314289180790997 me=1.6768654550195463 mc=5.554583495598593 nan_elements=0
2019-01-18 15:10:05,808 MAP = 0.30034201909201913
2019-01-18 15:10:05,808 scale=[array([1.])]
2019-01-18 15:10:05,808 *** End Major Checkpoint

2019-01-18 15:10:05,809 41 loss=0.24375820650323335
2019-01-18 15:10:05,809 42 loss=0.24097684796397614
2019-01-18 15:10:05,810 43 loss=0.2382950095023835
2019-01-18 15:10:05,811 44 loss=0.23570594095619987
2019-01-18 15:10:05,811 45 loss=0.233203426653481
2019-01-18 15:10:05,812 46 loss=0.23078173621600445
2019-01-18 15:10:05,812 47 loss=0.228435580929763
2019-01-18 15:10:05,813 48 loss=0.22616007488243098
2019-01-18 15:10:05,814 49 loss=0.22395070020370483
2019-01-18 15:10:05,814 50 loss=0.22180327585581472
2019-01-18 15:10:05,814 
*** Major Checkpoint. Computing Stats and Saving
2019-01-18 15:10:05,814 	 Computing Major Stats lazily... 
2019-01-18 15:10:05,816 		 Completed edges=240 good=240 bad=0
2019-01-18 15:10:05,818 Distortion avg=0.40887588982811823 wc=8.151060524485663 me=1.663550144240635 mc=4.899798513862291 nan_elements=0
2019-01-18 15:10:05,818 MAP = 0.43126771541950104
2019-01-18 15:10:05,818 scale=[array([1.])]
2019-01-18 15:10:05,818 *** End Major Checkpoint

2019-01-18 15:10:05,818 final loss=0.22180327585581472
2019-01-18 15:10:05,818 best loss=0.22180327585581472, distortion=0.40887588982811823, map=0.43126771541950104, wc_dist=8.151060524485663
2019-01-18 15:10:05,818 	 Computing Major Stats lazily... 
2019-01-18 15:10:05,820 		 Completed edges=240 good=240 bad=0
2019-01-18 15:10:05,822 Distortion avg=0.4088758898281185 wc=8.151060524485663 me=1.663550144240635 mc=4.899798513862291 nan_elements=0
2019-01-18 15:10:05,822 MAP = 0.43126771541950115
2019-01-18 15:10:05,822 scale=[array([1.])]
