2019-01-18 15:07:17,978 Commandline ['pytorch/pytorch_hyperbolic.py', 'learn', 'data/edges/parsing/ewt/ewt_dev/186.edges', '--dim', '0', '--hyp', '0', '--edim', '10', '--euc', '1', '--sdim', '0', '--sph', '0', '--log-name', 'ewt_devr2/186.edges.E10-1.lr1.log', '--batch-size', '65536', '--epochs', '50', '--checkpoint-freq', '10', '-g', '--subsample', '1024', '--learning-rate', '1']
2019-01-18 15:07:17,978 No Model Save selected!
2019-01-18 15:07:17,980 Loaded Graph data/edges/parsing/ewt/ewt_dev/186.edges with 33 nodes scale=1.0
2019-01-18 15:07:17,980 Building dataset
2019-01-18 15:07:17,980 Subsample: 33 points with scale 1.0 subsample=32
2019-01-18 15:07:18,027 Built Data Sampler
2019-01-18 15:07:18,027 Creating a fresh model warm_start?=None
2019-01-18 15:07:18,027 	 Warmstarting? None None 33
2019-01-18 15:07:18,027 Embedding() torch.Size([33, 10])
2019-01-18 15:07:18,027 relative No Rescale
2019-01-18 15:07:18,028 Constructed model with dim=0 and epochs=0 isnan=False
2019-01-18 15:07:18,028 SGD (
Parameter Group 0
    dampening: 0
    initial_lr: 0.1
    lr: 1.0
    momentum: 0.0
    nesterov: False
    weight_decay: 0

Parameter Group 1
    dampening: 0
    initial_lr: 0.1
    lr: 1.0
    momentum: 0.0
    nesterov: False
    weight_decay: 0

Parameter Group 2
    dampening: 0
    initial_lr: 0.1
    lr: 1.0
    momentum: 0.0
    nesterov: False
    weight_decay: 0

Parameter Group 3
    dampening: 0
    initial_lr: 0.0001
    lr: 0.001
    momentum: 0.0
    nesterov: False
    weight_decay: 0
)
2019-01-18 15:07:18,028 *** Initial Checkpoint. Computing Stats
2019-01-18 15:07:18,028 	 Computing Major Stats lazily... 
2019-01-18 15:07:18,033 		 Completed edges=1056 good=1056 bad=0
2019-01-18 15:07:18,038 Distortion avg=0.9984703944392704 wc=17.92228116516862 me=0.0064548097460868075 mc=2776.5777567702758 nan_elements=0
2019-01-18 15:07:18,038 MAP = 0.14287397113339423
2019-01-18 15:07:18,038 scale=[array([1.])]
2019-01-18 15:07:18,038 *** End Initial Checkpoint

2019-01-18 15:07:18,096 1 loss=0.9969440468785453
2019-01-18 15:07:18,098 2 loss=0.9667145225101801
2019-01-18 15:07:18,099 3 loss=0.937121901057485
2019-01-18 15:07:18,100 4 loss=0.9089223498716222
2019-01-18 15:07:18,101 5 loss=0.882149809913296
2019-01-18 15:07:18,102 6 loss=0.8567539435093904
2019-01-18 15:07:18,104 7 loss=0.832664701002322
2019-01-18 15:07:18,105 8 loss=0.8098076469163383
2019-01-18 15:07:18,106 9 loss=0.7881091628000991
2019-01-18 15:07:18,107 10 loss=0.7674985067637019
2019-01-18 15:07:18,107 
*** Major Checkpoint. Computing Stats and Saving
2019-01-18 15:07:18,107 	 Computing Major Stats lazily... 
2019-01-18 15:07:18,111 		 Completed edges=1056 good=1056 bad=0
2019-01-18 15:07:18,116 Distortion avg=0.857292648929377 wc=33.88810006615221 me=0.808399822422572 mc=41.91997465387617 nan_elements=0
2019-01-18 15:07:18,116 MAP = 0.06258268416392627
2019-01-18 15:07:18,116 scale=[array([1.])]
2019-01-18 15:07:18,117 *** End Major Checkpoint

2019-01-18 15:07:18,118 11 loss=0.747908648626329
2019-01-18 15:07:18,119 12 loss=0.7292765583203313
2019-01-18 15:07:18,120 13 loss=0.7115432293848739
2019-01-18 15:07:18,121 14 loss=0.694653568887907
2019-01-18 15:07:18,123 15 loss=0.6785562201625511
2019-01-18 15:07:18,125 16 loss=0.663203353904105
2019-01-18 15:07:18,127 17 loss=0.6485504474107447
2019-01-18 15:07:18,129 18 loss=0.6345560632157892
2019-01-18 15:07:18,131 19 loss=0.6211816335249707
2019-01-18 15:07:18,132 20 loss=0.6083912540375936
2019-01-18 15:07:18,132 
*** Major Checkpoint. Computing Stats and Saving
2019-01-18 15:07:18,133 	 Computing Major Stats lazily... 
2019-01-18 15:07:18,137 		 Completed edges=1056 good=1056 bad=0
2019-01-18 15:07:18,143 Distortion avg=0.7498328984012063 wc=28.650990234503737 me=1.270827108103111 mc=22.5451519343724 nan_elements=0
2019-01-18 15:07:18,143 MAP = 0.06295164935096886
2019-01-18 15:07:18,143 scale=[array([1.])]
2019-01-18 15:07:18,143 *** End Major Checkpoint

2019-01-18 15:07:18,144 21 loss=0.5961514890259645
2019-01-18 15:07:18,146 22 loss=0.5844311885055558
2019-01-18 15:07:18,147 23 loss=0.573201317686988
2019-01-18 15:07:18,148 24 loss=0.5624347985076598
2019-01-18 15:07:18,149 25 loss=0.5521063628043623
2019-01-18 15:07:18,151 26 loss=0.5421924165521492
2019-01-18 15:07:18,152 27 loss=0.5326709145235867
2019-01-18 15:07:18,153 28 loss=0.5235212446934795
2019-01-18 15:07:18,154 29 loss=0.5147241217123165
2019-01-18 15:07:18,155 30 loss=0.5062614887871666
2019-01-18 15:07:18,155 
*** Major Checkpoint. Computing Stats and Saving
2019-01-18 15:07:18,155 	 Computing Major Stats lazily... 
2019-01-18 15:07:18,159 		 Completed edges=1056 good=1056 bad=0
2019-01-18 15:07:18,165 Distortion avg=0.6774453358977844 wc=23.940839076219532 me=1.5070016175724923 mc=15.886405692638808 nan_elements=0
2019-01-18 15:07:18,165 MAP = 0.06527990460781034
2019-01-18 15:07:18,165 scale=[array([1.])]
2019-01-18 15:07:18,165 *** End Major Checkpoint

2019-01-18 15:07:18,166 31 loss=0.49811642733498956
2019-01-18 15:07:18,167 32 loss=0.4902730738058611
2019-01-18 15:07:18,169 33 loss=0.4827165431094975
2019-01-18 15:07:18,170 34 loss=0.475432858115666
2019-01-18 15:07:18,171 35 loss=0.4684088847362703
2019-01-18 15:07:18,172 36 loss=0.46163227213322516
2019-01-18 15:07:18,173 37 loss=0.4550913976311198
2019-01-18 15:07:18,174 38 loss=0.4487753159467808
2019-01-18 15:07:18,176 39 loss=0.4426737123790099
2019-01-18 15:07:18,177 40 loss=0.4367768596308937
2019-01-18 15:07:18,177 
*** Major Checkpoint. Computing Stats and Saving
2019-01-18 15:07:18,177 	 Computing Major Stats lazily... 
2019-01-18 15:07:18,181 		 Completed edges=1056 good=1056 bad=0
2019-01-18 15:07:18,186 Distortion avg=0.6282211064151997 wc=20.105856315162573 me=1.6083951355761734 mc=12.500570208427096 nan_elements=0
2019-01-18 15:07:18,186 MAP = 0.069791933779452
2019-01-18 15:07:18,186 scale=[array([1.])]
2019-01-18 15:07:18,187 *** End Major Checkpoint

2019-01-18 15:07:18,188 41 loss=0.43107557796416623
2019-01-18 15:07:18,189 42 loss=0.42556119841019974
2019-01-18 15:07:18,190 43 loss=0.42022552878535857
2019-01-18 15:07:18,191 44 loss=0.4150608222797884
2019-01-18 15:07:18,192 45 loss=0.41005974840832177
2019-01-18 15:07:18,194 46 loss=0.4052153661301765
2019-01-18 15:07:18,195 47 loss=0.40052109896060684
2019-01-18 15:07:18,196 48 loss=0.39597071191277344
2019-01-18 15:07:18,197 49 loss=0.391558290121892
2019-01-18 15:07:18,198 50 loss=0.38727821901634896
2019-01-18 15:07:18,198 
*** Major Checkpoint. Computing Stats and Saving
2019-01-18 15:07:18,199 	 Computing Major Stats lazily... 
2019-01-18 15:07:18,203 		 Completed edges=1056 good=1056 bad=0
2019-01-18 15:07:18,208 Distortion avg=0.5879081962938629 wc=17.08615510866282 me=1.636462662557697 mc=10.440907391041932 nan_elements=0
2019-01-18 15:07:18,208 MAP = 0.0785280735018661
2019-01-18 15:07:18,208 scale=[array([1.])]
2019-01-18 15:07:18,208 *** End Major Checkpoint

2019-01-18 15:07:18,208 final loss=0.38727821901634896
2019-01-18 15:07:18,208 best loss=0.38727821901634896, distortion=0.5879081962938629, map=0.0785280735018661, wc_dist=17.08615510866282
2019-01-18 15:07:18,208 	 Computing Major Stats lazily... 
2019-01-18 15:07:18,212 		 Completed edges=1056 good=1056 bad=0
2019-01-18 15:07:18,217 Distortion avg=0.5879081962938633 wc=17.08615510866282 me=1.636462662557697 mc=10.440907391041932 nan_elements=0
2019-01-18 15:07:18,217 MAP = 0.07852807350186608
2019-01-18 15:07:18,217 scale=[array([1.])]
