2019-01-18 15:07:54,027 Commandline ['pytorch/pytorch_hyperbolic.py', 'learn', 'data/edges/parsing/ewt/ewt_dev/1864.edges', '--dim', '0', '--hyp', '0', '--edim', '10', '--euc', '1', '--sdim', '0', '--sph', '0', '--log-name', 'ewt_devr2/1864.edges.E10-1.lr1.log', '--batch-size', '65536', '--epochs', '50', '--checkpoint-freq', '10', '-g', '--subsample', '1024', '--learning-rate', '1']
2019-01-18 15:07:54,027 No Model Save selected!
2019-01-18 15:07:54,029 Loaded Graph data/edges/parsing/ewt/ewt_dev/1864.edges with 15 nodes scale=1.0
2019-01-18 15:07:54,029 Building dataset
2019-01-18 15:07:54,030 Subsample: 15 points with scale 1.0 subsample=14
2019-01-18 15:07:54,044 Built Data Sampler
2019-01-18 15:07:54,044 Creating a fresh model warm_start?=None
2019-01-18 15:07:54,044 	 Warmstarting? None None 15
2019-01-18 15:07:54,044 Embedding() torch.Size([15, 10])
2019-01-18 15:07:54,044 relative No Rescale
2019-01-18 15:07:54,045 Constructed model with dim=0 and epochs=0 isnan=False
2019-01-18 15:07:54,045 SGD (
Parameter Group 0
    dampening: 0
    initial_lr: 0.1
    lr: 1.0
    momentum: 0.0
    nesterov: False
    weight_decay: 0

Parameter Group 1
    dampening: 0
    initial_lr: 0.1
    lr: 1.0
    momentum: 0.0
    nesterov: False
    weight_decay: 0

Parameter Group 2
    dampening: 0
    initial_lr: 0.1
    lr: 1.0
    momentum: 0.0
    nesterov: False
    weight_decay: 0

Parameter Group 3
    dampening: 0
    initial_lr: 0.0001
    lr: 0.001
    momentum: 0.0
    nesterov: False
    weight_decay: 0
)
2019-01-18 15:07:54,045 *** Initial Checkpoint. Computing Stats
2019-01-18 15:07:54,045 	 Computing Major Stats lazily... 
2019-01-18 15:07:54,046 		 Completed edges=210 good=210 bad=0
2019-01-18 15:07:54,049 Distortion avg=0.9979782160228966 wc=7.773961640120208 me=0.005941110731069004 mc=1308.5030715664532 nan_elements=0
2019-01-18 15:07:54,049 MAP = 0.2258433695933696
2019-01-18 15:07:54,049 scale=[array([1.])]
2019-01-18 15:07:54,049 *** End Initial Checkpoint

2019-01-18 15:07:54,108 1 loss=0.9959618277552128
2019-01-18 15:07:54,109 2 loss=0.8747113962440318
2019-01-18 15:07:54,109 3 loss=0.7736455191510268
2019-01-18 15:07:54,110 4 loss=0.6921177354229426
2019-01-18 15:07:54,110 5 loss=0.6256974603083353
2019-01-18 15:07:54,111 6 loss=0.5708657996806761
2019-01-18 15:07:54,112 7 loss=0.5249960025010254
2019-01-18 15:07:54,112 8 loss=0.4861424734953068
2019-01-18 15:07:54,113 9 loss=0.4528575236756661
2019-01-18 15:07:54,113 10 loss=0.4240539513576194
2019-01-18 15:07:54,113 
*** Major Checkpoint. Computing Stats and Saving
2019-01-18 15:07:54,113 	 Computing Major Stats lazily... 
2019-01-18 15:07:54,115 		 Completed edges=210 good=210 bad=0
2019-01-18 15:07:54,117 Distortion avg=0.5864236972360201 wc=11.300340670398036 me=1.3222503256396234 mc=8.546294488474885 nan_elements=0
2019-01-18 15:07:54,117 MAP = 0.13136834616001278
2019-01-18 15:07:54,117 scale=[array([1.])]
2019-01-18 15:07:54,117 *** End Major Checkpoint

2019-01-18 15:07:54,118 11 loss=0.3989058707471651
2019-01-18 15:07:54,118 12 loss=0.3767779551163952
2019-01-18 15:07:54,119 13 loss=0.3571750209065438
2019-01-18 15:07:54,120 14 loss=0.33970598137676655
2019-01-18 15:07:54,120 15 loss=0.3240579165146197
2019-01-18 15:07:54,121 16 loss=0.30997727547394693
2019-01-18 15:07:54,121 17 loss=0.2972561296792692
2019-01-18 15:07:54,122 18 loss=0.285722024367907
2019-01-18 15:07:54,123 19 loss=0.2752304126894539
2019-01-18 15:07:54,123 20 loss=0.26565895829233266
2019-01-18 15:07:54,123 
*** Major Checkpoint. Computing Stats and Saving
2019-01-18 15:07:54,123 	 Computing Major Stats lazily... 
2019-01-18 15:07:54,124 		 Completed edges=210 good=210 bad=0
2019-01-18 15:07:54,127 Distortion avg=0.47040497294269723 wc=7.543046724059705 me=1.4346399487327084 mc=5.257797770599423 nan_elements=0
2019-01-18 15:07:54,127 MAP = 0.22305238742738742
2019-01-18 15:07:54,127 scale=[array([1.])]
2019-01-18 15:07:54,127 *** End Major Checkpoint

2019-01-18 15:07:54,128 21 loss=0.2569032013633646
2019-01-18 15:07:54,128 22 loss=0.24887322838212206
2019-01-18 15:07:54,129 23 loss=0.24149108736029432
2019-01-18 15:07:54,130 24 loss=0.23468876169570607
2019-01-18 15:07:54,130 25 loss=0.22840656628795963
2019-01-18 15:07:54,131 26 loss=0.22259186559540345
2019-01-18 15:07:54,132 27 loss=0.21719803921655031
2019-01-18 15:07:54,132 28 loss=0.2121836393498349
2019-01-18 15:07:54,133 29 loss=0.20751169819682033
2019-01-18 15:07:54,134 30 loss=0.20314915346880358
2019-01-18 15:07:54,134 
*** Major Checkpoint. Computing Stats and Saving
2019-01-18 15:07:54,134 	 Computing Major Stats lazily... 
2019-01-18 15:07:54,135 		 Completed edges=210 good=210 bad=0
2019-01-18 15:07:54,137 Distortion avg=0.3972893663673772 wc=6.537227572791744 me=1.5920506262678635 mc=4.106168148758262 nan_elements=0
2019-01-18 15:07:54,137 MAP = 0.4132243450993451
2019-01-18 15:07:54,138 scale=[array([1.])]
2019-01-18 15:07:54,138 *** End Major Checkpoint

2019-01-18 15:07:54,138 31 loss=0.19906636764675797
2019-01-18 15:07:54,139 32 loss=0.19523672224376248
2019-01-18 15:07:54,140 33 loss=0.19163627253532653
2019-01-18 15:07:54,141 34 loss=0.18824345142011878
2019-01-18 15:07:54,141 35 loss=0.18503881351410037
2019-01-18 15:07:54,142 36 loss=0.182004812455783
2019-01-18 15:07:54,143 37 loss=0.17912560584896364
2019-01-18 15:07:54,143 38 loss=0.17638688339479192
2019-01-18 15:07:54,144 39 loss=0.1737757146438227
2019-01-18 15:07:54,144 40 loss=0.17128041348787526
2019-01-18 15:07:54,144 
*** Major Checkpoint. Computing Stats and Saving
2019-01-18 15:07:54,144 	 Computing Major Stats lazily... 
2019-01-18 15:07:54,145 		 Completed edges=210 good=210 bad=0
2019-01-18 15:07:54,148 Distortion avg=0.35517379040487784 wc=5.726676000352332 me=1.6427619090095436 mc=3.4860048610483476 nan_elements=0
2019-01-18 15:07:54,148 MAP = 0.6063194444444444
2019-01-18 15:07:54,148 scale=[array([1.])]
2019-01-18 15:07:54,148 *** End Major Checkpoint

2019-01-18 15:07:54,149 41 loss=0.1688904170540426
2019-01-18 15:07:54,149 42 loss=0.16659617709162042
2019-01-18 15:07:54,150 43 loss=0.1643890622819322
2019-01-18 15:07:54,151 44 loss=0.16226127017014022
2019-01-18 15:07:54,151 45 loss=0.16020574763200823
2019-01-18 15:07:54,152 46 loss=0.15821611895881377
2019-01-18 15:07:54,152 47 loss=0.1562866207793448
2019-01-18 15:07:54,153 48 loss=0.1544120431464
2019-01-18 15:07:54,153 49 loss=0.15258767620221667
2019-01-18 15:07:54,154 50 loss=0.15080926190739533
2019-01-18 15:07:54,154 
*** Major Checkpoint. Computing Stats and Saving
2019-01-18 15:07:54,154 	 Computing Major Stats lazily... 
2019-01-18 15:07:54,155 		 Completed edges=210 good=210 bad=0
2019-01-18 15:07:54,158 Distortion avg=0.32968949941349357 wc=5.045542664242671 me=1.6426945823823969 mc=3.071503807436395 nan_elements=0
2019-01-18 15:07:54,158 MAP = 0.7076975108225109
2019-01-18 15:07:54,158 scale=[array([1.])]
2019-01-18 15:07:54,158 *** End Major Checkpoint

2019-01-18 15:07:54,158 final loss=0.15080926190739533
2019-01-18 15:07:54,158 best loss=0.15080926190739533, distortion=0.32968949941349357, map=0.7076975108225109, wc_dist=5.045542664242671
2019-01-18 15:07:54,158 	 Computing Major Stats lazily... 
2019-01-18 15:07:54,159 		 Completed edges=210 good=210 bad=0
2019-01-18 15:07:54,162 Distortion avg=0.3296894994134935 wc=5.045542664242671 me=1.6426945823823969 mc=3.071503807436395 nan_elements=0
2019-01-18 15:07:54,162 MAP = 0.7076975108225109
2019-01-18 15:07:54,162 scale=[array([1.])]
