2019-01-18 14:51:23,907 Commandline ['pytorch/pytorch_hyperbolic.py', 'learn', 'data/edges/parsing/ewt/ewt_dev/1873.edges', '--dim', '0', '--hyp', '0', '--edim', '10', '--euc', '1', '--sdim', '0', '--sph', '0', '--log-name', 'ewt_devr2/1873.edges.E10-1.lr1.log', '--batch-size', '65536', '--epochs', '50', '--checkpoint-freq', '10', '-g', '--subsample', '1024', '--learning-rate', '1']
2019-01-18 14:51:23,907 No Model Save selected!
2019-01-18 14:51:23,908 Loaded Graph data/edges/parsing/ewt/ewt_dev/1873.edges with 13 nodes scale=1.0
2019-01-18 14:51:23,909 Building dataset
2019-01-18 14:51:23,909 Subsample: 13 points with scale 1.0 subsample=12
2019-01-18 14:51:23,920 Built Data Sampler
2019-01-18 14:51:23,921 Creating a fresh model warm_start?=None
2019-01-18 14:51:23,921 	 Warmstarting? None None 13
2019-01-18 14:51:23,921 Embedding() torch.Size([13, 10])
2019-01-18 14:51:23,921 relative No Rescale
2019-01-18 14:51:23,922 Constructed model with dim=0 and epochs=0 isnan=False
2019-01-18 14:51:23,922 SGD (
Parameter Group 0
    dampening: 0
    initial_lr: 0.1
    lr: 1.0
    momentum: 0.0
    nesterov: False
    weight_decay: 0

Parameter Group 1
    dampening: 0
    initial_lr: 0.1
    lr: 1.0
    momentum: 0.0
    nesterov: False
    weight_decay: 0

Parameter Group 2
    dampening: 0
    initial_lr: 0.1
    lr: 1.0
    momentum: 0.0
    nesterov: False
    weight_decay: 0

Parameter Group 3
    dampening: 0
    initial_lr: 0.0001
    lr: 0.001
    momentum: 0.0
    nesterov: False
    weight_decay: 0
)
2019-01-18 14:51:23,922 *** Initial Checkpoint. Computing Stats
2019-01-18 14:51:23,922 	 Computing Major Stats lazily... 
2019-01-18 14:51:23,923 		 Completed edges=156 good=156 bad=0
2019-01-18 14:51:23,925 Distortion avg=0.9978802293540618 wc=7.928233027284859 me=0.005628252251848828 mc=1408.649199168447 nan_elements=0
2019-01-18 14:51:23,925 MAP = 0.179744560994561
2019-01-18 14:51:23,926 scale=[array([1.])]
2019-01-18 14:51:23,926 *** End Initial Checkpoint

2019-01-18 14:51:23,983 1 loss=0.9957663540189685
2019-01-18 14:51:23,983 2 loss=0.838644792273935
2019-01-18 14:51:23,984 3 loss=0.7171438101077686
2019-01-18 14:51:23,985 4 loss=0.625742365349903
2019-01-18 14:51:23,985 5 loss=0.5553953351883772
2019-01-18 14:51:23,986 6 loss=0.4998424161520458
2019-01-18 14:51:23,986 7 loss=0.4548913897933346
2019-01-18 14:51:23,987 8 loss=0.417723623601991
2019-01-18 14:51:23,987 9 loss=0.38641706672677767
2019-01-18 14:51:23,988 10 loss=0.3596360424528991
2019-01-18 14:51:23,988 
*** Major Checkpoint. Computing Stats and Saving
2019-01-18 14:51:23,988 	 Computing Major Stats lazily... 
2019-01-18 14:51:23,989 		 Completed edges=156 good=156 bad=0
2019-01-18 14:51:23,991 Distortion avg=0.5412662532850078 wc=7.9149143571131395 me=1.3640427827777655 mc=5.8025411351065115 nan_elements=0
2019-01-18 14:51:23,991 MAP = 0.15199364127935558
2019-01-18 14:51:23,991 scale=[array([1.])]
2019-01-18 14:51:23,991 *** End Major Checkpoint

2019-01-18 14:51:23,992 11 loss=0.3364319844773983
2019-01-18 14:51:23,993 12 loss=0.31611534421419585
2019-01-18 14:51:23,993 13 loss=0.29817270884881897
2019-01-18 14:51:23,994 14 loss=0.2822126457461784
2019-01-18 14:51:23,994 15 loss=0.26792989335861506
2019-01-18 14:51:23,995 16 loss=0.25508136263414405
2019-01-18 14:51:23,995 17 loss=0.24346981473224985
2019-01-18 14:51:23,996 18 loss=0.23293258118686433
2019-01-18 14:51:23,996 19 loss=0.2233336337047888
2019-01-18 14:51:23,997 20 loss=0.21455790516143444
2019-01-18 14:51:23,997 
*** Major Checkpoint. Computing Stats and Saving
2019-01-18 14:51:23,997 	 Computing Major Stats lazily... 
2019-01-18 14:51:23,998 		 Completed edges=156 good=156 bad=0
2019-01-18 14:51:24,000 Distortion avg=0.4226641203072377 wc=5.6138074653512 me=1.4791973747520082 mc=3.795171328161917 nan_elements=0
2019-01-18 14:51:24,000 MAP = 0.3132086167800453
2019-01-18 14:51:24,000 scale=[array([1.])]
2019-01-18 14:51:24,000 *** End Major Checkpoint

2019-01-18 14:51:24,001 21 loss=0.20650714210099969
2019-01-18 14:51:24,001 22 loss=0.199096812773923
2019-01-18 14:51:24,002 23 loss=0.19225375313693652
2019-01-18 14:51:24,003 24 loss=0.18591433710148186
2019-01-18 14:51:24,003 25 loss=0.18002302592000774
2019-01-18 14:51:24,004 26 loss=0.17453119716776494
2019-01-18 14:51:24,004 27 loss=0.1693961841786835
2019-01-18 14:51:24,005 28 loss=0.16458047717021526
2019-01-18 14:51:24,005 29 loss=0.1600510510412281
2019-01-18 14:51:24,006 30 loss=0.15577879420278812
2019-01-18 14:51:24,006 
*** Major Checkpoint. Computing Stats and Saving
2019-01-18 14:51:24,006 	 Computing Major Stats lazily... 
2019-01-18 14:51:24,007 		 Completed edges=156 good=156 bad=0
2019-01-18 14:51:24,009 Distortion avg=0.3455449396732877 wc=4.937004425015651 me=1.5207740945010828 mc=3.2463759363518907 nan_elements=0
2019-01-18 14:51:24,009 MAP = 0.6792168149311006
2019-01-18 14:51:24,009 scale=[array([1.])]
2019-01-18 14:51:24,009 *** End Major Checkpoint

2019-01-18 14:51:24,010 31 loss=0.151738019293241
2019-01-18 14:51:24,010 32 loss=0.14790604121097986
2019-01-18 14:51:24,011 33 loss=0.14426281120095213
2019-01-18 14:51:24,011 34 loss=0.14079059815851094
2019-01-18 14:51:24,012 35 loss=0.1374737101263807
2019-01-18 14:51:24,013 36 loss=0.1342982503272027
2019-01-18 14:51:24,013 37 loss=0.13125190311070145
2019-01-18 14:51:24,014 38 loss=0.1283237459831984
2019-01-18 14:51:24,014 39 loss=0.12550408448952297
2019-01-18 14:51:24,015 40 loss=0.12278430718088942
2019-01-18 14:51:24,015 
*** Major Checkpoint. Computing Stats and Saving
2019-01-18 14:51:24,015 	 Computing Major Stats lazily... 
2019-01-18 14:51:24,016 		 Completed edges=156 good=156 bad=0
2019-01-18 14:51:24,018 Distortion avg=0.29747592529684463 wc=4.3673988236627785 me=1.5450864897020111 mc=2.8266371188742223 nan_elements=0
2019-01-18 14:51:24,018 MAP = 0.7817351299494157
2019-01-18 14:51:24,018 scale=[array([1.])]
2019-01-18 14:51:24,018 *** End Major Checkpoint

2019-01-18 14:51:24,019 41 loss=0.12015675826425795
2019-01-18 14:51:24,019 42 loss=0.11761462581791783
2019-01-18 14:51:24,020 43 loss=0.1151518436963296
2019-01-18 14:51:24,020 44 loss=0.11276300545045981
2019-01-18 14:51:24,021 45 loss=0.11044328876883014
2019-01-18 14:51:24,021 46 loss=0.10818838910629403
2019-01-18 14:51:24,022 47 loss=0.10599446131623723
2019-01-18 14:51:24,023 48 loss=0.10385806823956677
2019-01-18 14:51:24,023 49 loss=0.10177613533129824
2019-01-18 14:51:24,024 50 loss=0.09974591052289716
2019-01-18 14:51:24,024 
*** Major Checkpoint. Computing Stats and Saving
2019-01-18 14:51:24,024 	 Computing Major Stats lazily... 
2019-01-18 14:51:24,025 		 Completed edges=156 good=156 bad=0
2019-01-18 14:51:24,027 Distortion avg=0.2643679860007054 wc=3.9044201394478724 me=1.5161242736558989 mc=2.5752639195156264 nan_elements=0
2019-01-18 14:51:24,027 MAP = 0.8904173207744637
2019-01-18 14:51:24,027 scale=[array([1.])]
2019-01-18 14:51:24,027 *** End Major Checkpoint

2019-01-18 14:51:24,027 final loss=0.09974591052289716
2019-01-18 14:51:24,027 best loss=0.09974591052289716, distortion=0.2643679860007054, map=0.8904173207744637, wc_dist=3.9044201394478724
2019-01-18 14:51:24,027 	 Computing Major Stats lazily... 
2019-01-18 14:51:24,028 		 Completed edges=156 good=156 bad=0
2019-01-18 14:51:24,030 Distortion avg=0.2643679860007052 wc=3.9044201394478724 me=1.5161242736558989 mc=2.5752639195156264 nan_elements=0
2019-01-18 14:51:24,030 MAP = 0.8904173207744636
2019-01-18 14:51:24,030 scale=[array([1.])]
