2019-01-18 14:45:57,584 Commandline ['pytorch/pytorch_hyperbolic.py', 'learn', 'data/edges/parsing/ewt/ewt_dev/1874.edges', '--dim', '0', '--hyp', '0', '--edim', '10', '--euc', '1', '--sdim', '0', '--sph', '0', '--log-name', 'ewt_devr2/1874.edges.E10-1.lr1.log', '--batch-size', '65536', '--epochs', '50', '--checkpoint-freq', '10', '-g', '--subsample', '1024', '--learning-rate', '1']
2019-01-18 14:45:57,584 No Model Save selected!
2019-01-18 14:45:57,586 Loaded Graph data/edges/parsing/ewt/ewt_dev/1874.edges with 8 nodes scale=1.0
2019-01-18 14:45:57,586 Building dataset
2019-01-18 14:45:57,587 Subsample: 8 points with scale 1.0 subsample=7
2019-01-18 14:45:57,593 Built Data Sampler
2019-01-18 14:45:57,593 Creating a fresh model warm_start?=None
2019-01-18 14:45:57,593 	 Warmstarting? None None 8
2019-01-18 14:45:57,593 Embedding() torch.Size([8, 10])
2019-01-18 14:45:57,593 relative No Rescale
2019-01-18 14:45:57,594 Constructed model with dim=0 and epochs=0 isnan=False
2019-01-18 14:45:57,594 SGD (
Parameter Group 0
    dampening: 0
    initial_lr: 0.1
    lr: 1.0
    momentum: 0.0
    nesterov: False
    weight_decay: 0

Parameter Group 1
    dampening: 0
    initial_lr: 0.1
    lr: 1.0
    momentum: 0.0
    nesterov: False
    weight_decay: 0

Parameter Group 2
    dampening: 0
    initial_lr: 0.1
    lr: 1.0
    momentum: 0.0
    nesterov: False
    weight_decay: 0

Parameter Group 3
    dampening: 0
    initial_lr: 0.0001
    lr: 0.001
    momentum: 0.0
    nesterov: False
    weight_decay: 0
)
2019-01-18 14:45:57,594 *** Initial Checkpoint. Computing Stats
2019-01-18 14:45:57,594 	 Computing Major Stats lazily... 
2019-01-18 14:45:57,595 		 Completed edges=56 good=56 bad=0
2019-01-18 14:45:57,596 Distortion avg=0.9973939284742779 wc=5.7916249139023295 me=0.005982886981094694 mc=968.0318100949036 nan_elements=0
2019-01-18 14:45:57,597 MAP = 0.37237103174603176
2019-01-18 14:45:57,597 scale=[array([1.])]
2019-01-18 14:45:57,597 *** End Initial Checkpoint

2019-01-18 14:45:57,655 1 loss=0.9947966175143036
2019-01-18 14:45:57,655 2 loss=0.6767088323539266
2019-01-18 14:45:57,656 3 loss=0.5032948104108901
2019-01-18 14:45:57,656 4 loss=0.4094471143178053
2019-01-18 14:45:57,657 5 loss=0.3525702594858586
2019-01-18 14:45:57,657 6 loss=0.3137876540857189
2019-01-18 14:45:57,658 7 loss=0.28472106914362516
2019-01-18 14:45:57,658 8 loss=0.26146646877466484
2019-01-18 14:45:57,659 9 loss=0.24205911098718522
2019-01-18 14:45:57,659 10 loss=0.2254078764331525
2019-01-18 14:45:57,659 
*** Major Checkpoint. Computing Stats and Saving
2019-01-18 14:45:57,659 	 Computing Major Stats lazily... 
2019-01-18 14:45:57,660 		 Completed edges=56 good=56 bad=0
2019-01-18 14:45:57,661 Distortion avg=0.4249099102594984 wc=4.433303888378228 me=1.3730492520301545 mc=3.2288017941259293 nan_elements=0
2019-01-18 14:45:57,661 MAP = 0.497172619047619
2019-01-18 14:45:57,662 scale=[array([1.])]
2019-01-18 14:45:57,662 *** End Major Checkpoint

2019-01-18 14:45:57,662 11 loss=0.21083889116341206
2019-01-18 14:45:57,663 12 loss=0.197894750424068
2019-01-18 14:45:57,663 13 loss=0.18624300392466764
2019-01-18 14:45:57,664 14 loss=0.17563219710706848
2019-01-18 14:45:57,664 15 loss=0.1658689033631798
2019-01-18 14:45:57,665 16 loss=0.15680414427340655
2019-01-18 14:45:57,665 17 loss=0.14832412810195503
2019-01-18 14:45:57,666 18 loss=0.14034313761393866
2019-01-18 14:45:57,666 19 loss=0.1327976816267577
2019-01-18 14:45:57,667 20 loss=0.12564156893698322
2019-01-18 14:45:57,667 
*** Major Checkpoint. Computing Stats and Saving
2019-01-18 14:45:57,667 	 Computing Major Stats lazily... 
2019-01-18 14:45:57,667 		 Completed edges=56 good=56 bad=0
2019-01-18 14:45:57,669 Distortion avg=0.3066143493382329 wc=3.367049996074045 me=1.4305060586865594 mc=2.3537474557539118 nan_elements=0
2019-01-18 14:45:57,669 MAP = 0.8958333333333333
2019-01-18 14:45:57,669 scale=[array([1.])]
2019-01-18 14:45:57,669 *** End Major Checkpoint

2019-01-18 14:45:57,669 21 loss=0.11884176914171382
2019-01-18 14:45:57,670 22 loss=0.11237498375224396
2019-01-18 14:45:57,670 23 loss=0.10622485593416234
2019-01-18 14:45:57,671 24 loss=0.10037974106768244
2019-01-18 14:45:57,671 25 loss=0.09483095904129675
2019-01-18 14:45:57,672 26 loss=0.08957145498551876
2019-01-18 14:45:57,672 27 loss=0.08459480475744015
2019-01-18 14:45:57,673 28 loss=0.07989451100756965
2019-01-18 14:45:57,673 29 loss=0.0754635427794869
2019-01-18 14:45:57,674 30 loss=0.07129407592163972
2019-01-18 14:45:57,674 
*** Major Checkpoint. Computing Stats and Saving
2019-01-18 14:45:57,674 	 Computing Major Stats lazily... 
2019-01-18 14:45:57,674 		 Completed edges=56 good=56 bad=0
2019-01-18 14:45:57,676 Distortion avg=0.22723779136770436 wc=2.5007264578581814 me=1.3039336599570772 mc=1.917832582019932 nan_elements=0
2019-01-18 14:45:57,676 MAP = 1.0
2019-01-18 14:45:57,676 scale=[array([1.])]
2019-01-18 14:45:57,676 *** End Major Checkpoint

2019-01-18 14:45:57,676 31 loss=0.06737739404551181
2019-01-18 14:45:57,677 32 loss=0.0637039116949803
2019-01-18 14:45:57,677 33 loss=0.060263283909682816
2019-01-18 14:45:57,678 34 loss=0.05704457002921949
2019-01-18 14:45:57,678 35 loss=0.05403642439502371
2019-01-18 14:45:57,679 36 loss=0.05122729217684504
2019-01-18 14:45:57,679 37 loss=0.048605594330280485
2019-01-18 14:45:57,680 38 loss=0.0461598911494016
2019-01-18 14:45:57,680 39 loss=0.04387901861478572
2019-01-18 14:45:57,681 40 loss=0.04175219552599875
2019-01-18 14:45:57,681 
*** Major Checkpoint. Computing Stats and Saving
2019-01-18 14:45:57,681 	 Computing Major Stats lazily... 
2019-01-18 14:45:57,681 		 Completed edges=56 good=56 bad=0
2019-01-18 14:45:57,682 Distortion avg=0.17287472413863744 wc=1.9755264055378037 me=1.2010617129009031 mc=1.6448167353252396 nan_elements=0
2019-01-18 14:45:57,682 MAP = 1.0
2019-01-18 14:45:57,683 scale=[array([1.])]
2019-01-18 14:45:57,683 *** End Major Checkpoint

2019-01-18 14:45:57,683 41 loss=0.03976910218610104
2019-01-18 14:45:57,684 42 loss=0.03791993323682535
2019-01-18 14:45:57,684 43 loss=0.036195428268227234
2019-01-18 14:45:57,685 44 loss=0.034586884223094264
2019-01-18 14:45:57,685 45 loss=0.03308615356424805
2019-01-18 14:45:57,685 46 loss=0.03168563183338469
2019-01-18 14:45:57,686 47 loss=0.03037823773472882
2019-01-18 14:45:57,686 48 loss=0.02915738832388265
2019-01-18 14:45:57,687 49 loss=0.028016971339071155
2019-01-18 14:45:57,687 50 loss=0.026951316219495147
2019-01-18 14:45:57,687 
*** Major Checkpoint. Computing Stats and Saving
2019-01-18 14:45:57,687 	 Computing Major Stats lazily... 
2019-01-18 14:45:57,688 		 Completed edges=56 good=56 bad=0
2019-01-18 14:45:57,689 Distortion avg=0.1390675728713386 wc=1.7622332693958611 me=1.1950639973893427 mc=1.4745932211542803 nan_elements=0
2019-01-18 14:45:57,689 MAP = 1.0
2019-01-18 14:45:57,689 scale=[array([1.])]
2019-01-18 14:45:57,689 *** End Major Checkpoint

2019-01-18 14:45:57,690 final loss=0.026951316219495147
2019-01-18 14:45:57,690 best loss=0.026951316219495147, distortion=0.1390675728713386, map=1.0, wc_dist=1.7622332693958611
2019-01-18 14:45:57,690 	 Computing Major Stats lazily... 
2019-01-18 14:45:57,690 		 Completed edges=56 good=56 bad=0
2019-01-18 14:45:57,691 Distortion avg=0.13906757287133864 wc=1.7622332693958611 me=1.1950639973893427 mc=1.4745932211542803 nan_elements=0
2019-01-18 14:45:57,691 MAP = 1.0
2019-01-18 14:45:57,692 scale=[array([1.])]
