2019-01-18 15:08:01,654 Commandline ['pytorch/pytorch_hyperbolic.py', 'learn', 'data/edges/parsing/ewt/ewt_dev/188.edges', '--dim', '0', '--hyp', '0', '--edim', '10', '--euc', '1', '--sdim', '0', '--sph', '0', '--log-name', 'ewt_devr2/188.edges.E10-1.lr1.log', '--batch-size', '65536', '--epochs', '50', '--checkpoint-freq', '10', '-g', '--subsample', '1024', '--learning-rate', '1']
2019-01-18 15:08:01,654 No Model Save selected!
2019-01-18 15:08:01,656 Loaded Graph data/edges/parsing/ewt/ewt_dev/188.edges with 39 nodes scale=1.0
2019-01-18 15:08:01,656 Building dataset
2019-01-18 15:08:01,657 Subsample: 39 points with scale 1.0 subsample=38
2019-01-18 15:08:01,722 Built Data Sampler
2019-01-18 15:08:01,722 Creating a fresh model warm_start?=None
2019-01-18 15:08:01,722 	 Warmstarting? None None 39
2019-01-18 15:08:01,722 Embedding() torch.Size([39, 10])
2019-01-18 15:08:01,722 relative No Rescale
2019-01-18 15:08:01,723 Constructed model with dim=0 and epochs=0 isnan=False
2019-01-18 15:08:01,723 SGD (
Parameter Group 0
    dampening: 0
    initial_lr: 0.1
    lr: 1.0
    momentum: 0.0
    nesterov: False
    weight_decay: 0

Parameter Group 1
    dampening: 0
    initial_lr: 0.1
    lr: 1.0
    momentum: 0.0
    nesterov: False
    weight_decay: 0

Parameter Group 2
    dampening: 0
    initial_lr: 0.1
    lr: 1.0
    momentum: 0.0
    nesterov: False
    weight_decay: 0

Parameter Group 3
    dampening: 0
    initial_lr: 0.0001
    lr: 0.001
    momentum: 0.0
    nesterov: False
    weight_decay: 0
)
2019-01-18 15:08:01,723 *** Initial Checkpoint. Computing Stats
2019-01-18 15:08:01,723 	 Computing Major Stats lazily... 
2019-01-18 15:08:01,729 		 Completed edges=1482 good=1482 bad=0
2019-01-18 15:08:01,735 Distortion avg=0.9986900695723172 wc=23.48769767462228 me=0.006359069067667888 mc=3693.5748652335537 nan_elements=0
2019-01-18 15:08:01,735 MAP = 0.13959162990770466
2019-01-18 15:08:01,735 scale=[array([1.])]
2019-01-18 15:08:01,736 *** End Initial Checkpoint

2019-01-18 15:08:01,793 1 loss=0.997382718276634
2019-01-18 15:08:01,795 2 loss=0.9777337382053386
2019-01-18 15:08:01,797 3 loss=0.9582138870259768
2019-01-18 15:08:01,798 4 loss=0.9392691633899749
2019-01-18 15:08:01,800 5 loss=0.9209581949040258
2019-01-18 15:08:01,803 6 loss=0.9032850282046525
2019-01-18 15:08:01,805 7 loss=0.8862375770210662
2019-01-18 15:08:01,807 8 loss=0.8697975494467912
2019-01-18 15:08:01,808 9 loss=0.8539440773210184
2019-01-18 15:08:01,810 10 loss=0.8386553251167792
2019-01-18 15:08:01,810 
*** Major Checkpoint. Computing Stats and Saving
2019-01-18 15:08:01,810 	 Computing Major Stats lazily... 
2019-01-18 15:08:01,816 		 Completed edges=1482 good=1482 bad=0
2019-01-18 15:08:01,822 Distortion avg=0.9038279103020014 wc=43.760697683340474 me=0.6031244754454346 mc=72.55666029971877 nan_elements=0
2019-01-18 15:08:01,822 MAP = 0.05231867536817092
2019-01-18 15:08:01,822 scale=[array([1.])]
2019-01-18 15:08:01,822 *** End Major Checkpoint

2019-01-18 15:08:01,823 11 loss=0.8239092922237772
2019-01-18 15:08:01,825 12 loss=0.8096842430478722
2019-01-18 15:08:01,826 13 loss=0.795958946821138
2019-01-18 15:08:01,828 14 loss=0.7827128124955988
2019-01-18 15:08:01,829 15 loss=0.7699259624338659
2019-01-18 15:08:01,831 16 loss=0.7575792688632372
2019-01-18 15:08:01,832 17 loss=0.7456543669749127
2019-01-18 15:08:01,833 18 loss=0.7341336530760293
2019-01-18 15:08:01,835 19 loss=0.723000273076622
2019-01-18 15:08:01,836 20 loss=0.7122381047311647
2019-01-18 15:08:01,836 
*** Major Checkpoint. Computing Stats and Saving
2019-01-18 15:08:01,836 	 Computing Major Stats lazily... 
2019-01-18 15:08:01,842 		 Completed edges=1482 good=1482 bad=0
2019-01-18 15:08:01,848 Distortion avg=0.8244105939127764 wc=39.08205681506299 me=1.032741662891174 mc=37.843013620320356 nan_elements=0
2019-01-18 15:08:01,848 MAP = 0.0515512648415906
2019-01-18 15:08:01,849 scale=[array([1.])]
2019-01-18 15:08:01,849 *** End Major Checkpoint

2019-01-18 15:08:01,851 21 loss=0.7018317359033225
2019-01-18 15:08:01,852 22 loss=0.6917664403887245
2019-01-18 15:08:01,854 23 loss=0.6820281523499052
2019-01-18 15:08:01,855 24 loss=0.6726034400952785
2019-01-18 15:08:01,857 25 loss=0.6634794797136164
2019-01-18 15:08:01,858 26 loss=0.6546440289220459
2019-01-18 15:08:01,859 27 loss=0.6460854013772283
2019-01-18 15:08:01,861 28 loss=0.6377924416218818
2019-01-18 15:08:01,862 29 loss=0.6297545007828131
2019-01-18 15:08:01,864 30 loss=0.6219614130958554
2019-01-18 15:08:01,864 
*** Major Checkpoint. Computing Stats and Saving
2019-01-18 15:08:01,864 	 Computing Major Stats lazily... 
2019-01-18 15:08:01,870 		 Completed edges=1482 good=1482 bad=0
2019-01-18 15:08:01,876 Distortion avg=0.7616322306811455 wc=34.48770102710844 me=1.325249192104008 mc=26.023559367242225 nan_elements=0
2019-01-18 15:08:01,876 MAP = 0.051788469684358865
2019-01-18 15:08:01,876 scale=[array([1.])]
2019-01-18 15:08:01,876 *** End Major Checkpoint

2019-01-18 15:08:01,877 31 loss=0.6144034733032419
2019-01-18 15:08:01,879 32 loss=0.6070714149469886
2019-01-18 15:08:01,880 33 loss=0.5999563895657309
2019-01-18 15:08:01,882 34 loss=0.5930499467905889
2019-01-18 15:08:01,883 35 loss=0.5863440153270087
2019-01-18 15:08:01,885 36 loss=0.5798308848032758
2019-01-18 15:08:01,886 37 loss=0.5735031884619798
2019-01-18 15:08:01,888 38 loss=0.5673538866676636
2019-01-18 15:08:01,889 39 loss=0.561376251201888
2019-01-18 15:08:01,891 40 loss=0.5555638503157374
2019-01-18 15:08:01,891 
*** Major Checkpoint. Computing Stats and Saving
2019-01-18 15:08:01,891 	 Computing Major Stats lazily... 
2019-01-18 15:08:01,896 		 Completed edges=1482 good=1482 bad=0
2019-01-18 15:08:01,903 Distortion avg=0.7176788911118451 wc=30.47590117354729 me=1.5186219997912849 mc=20.068128328007766 nan_elements=0
2019-01-18 15:08:01,903 MAP = 0.05315559699118994
2019-01-18 15:08:01,903 scale=[array([1.])]
2019-01-18 15:08:01,903 *** End Major Checkpoint

2019-01-18 15:08:01,904 41 loss=0.5499105345092061
2019-01-18 15:08:01,906 42 loss=0.5444104230067505
2019-01-18 15:08:01,907 43 loss=0.539057890898514
2019-01-18 15:08:01,909 44 loss=0.5338475569171962
2019-01-18 15:08:01,910 45 loss=0.528774271821196
2019-01-18 15:08:01,912 46 loss=0.5238331073554614
2019-01-18 15:08:01,913 47 loss=0.5190193457623827
2019-01-18 15:08:01,915 48 loss=0.514328469816017
2019-01-18 15:08:01,917 49 loss=0.5097561533539539
2019-01-18 15:08:01,918 50 loss=0.5052982522821537
2019-01-18 15:08:01,918 
*** Major Checkpoint. Computing Stats and Saving
2019-01-18 15:08:01,919 	 Computing Major Stats lazily... 
2019-01-18 15:08:01,924 		 Completed edges=1482 good=1482 bad=0
2019-01-18 15:08:01,930 Distortion avg=0.6841189290466236 wc=27.035874794357177 me=1.64090370822557 mc=16.476210431380558 nan_elements=0
2019-01-18 15:08:01,930 MAP = 0.05494561815970366
2019-01-18 15:08:01,930 scale=[array([1.])]
2019-01-18 15:08:01,931 *** End Major Checkpoint

2019-01-18 15:08:01,931 final loss=0.5052982522821537
2019-01-18 15:08:01,931 best loss=0.5052982522821537, distortion=0.6841189290466236, map=0.05494561815970366, wc_dist=27.035874794357177
2019-01-18 15:08:01,931 	 Computing Major Stats lazily... 
2019-01-18 15:08:01,936 		 Completed edges=1482 good=1482 bad=0
2019-01-18 15:08:01,942 Distortion avg=0.6841189290466243 wc=27.035874794357177 me=1.64090370822557 mc=16.476210431380558 nan_elements=0
2019-01-18 15:08:01,942 MAP = 0.05494561815970366
2019-01-18 15:08:01,943 scale=[array([1.])]
