2019-01-18 15:06:02,424 Commandline ['pytorch/pytorch_hyperbolic.py', 'learn', 'data/edges/parsing/ewt/ewt_dev/1885.edges', '--dim', '0', '--hyp', '0', '--edim', '10', '--euc', '1', '--sdim', '0', '--sph', '0', '--log-name', 'ewt_devr2/1885.edges.E10-1.lr1.log', '--batch-size', '65536', '--epochs', '50', '--checkpoint-freq', '10', '-g', '--subsample', '1024', '--learning-rate', '1']
2019-01-18 15:06:02,424 No Model Save selected!
2019-01-18 15:06:02,426 Loaded Graph data/edges/parsing/ewt/ewt_dev/1885.edges with 18 nodes scale=1.0
2019-01-18 15:06:02,426 Building dataset
2019-01-18 15:06:02,427 Subsample: 18 points with scale 1.0 subsample=17
2019-01-18 15:06:02,445 Built Data Sampler
2019-01-18 15:06:02,445 Creating a fresh model warm_start?=None
2019-01-18 15:06:02,445 	 Warmstarting? None None 18
2019-01-18 15:06:02,445 Embedding() torch.Size([18, 10])
2019-01-18 15:06:02,445 relative No Rescale
2019-01-18 15:06:02,446 Constructed model with dim=0 and epochs=0 isnan=False
2019-01-18 15:06:02,446 SGD (
Parameter Group 0
    dampening: 0
    initial_lr: 0.1
    lr: 1.0
    momentum: 0.0
    nesterov: False
    weight_decay: 0

Parameter Group 1
    dampening: 0
    initial_lr: 0.1
    lr: 1.0
    momentum: 0.0
    nesterov: False
    weight_decay: 0

Parameter Group 2
    dampening: 0
    initial_lr: 0.1
    lr: 1.0
    momentum: 0.0
    nesterov: False
    weight_decay: 0

Parameter Group 3
    dampening: 0
    initial_lr: 0.0001
    lr: 0.001
    momentum: 0.0
    nesterov: False
    weight_decay: 0
)
2019-01-18 15:06:02,446 *** Initial Checkpoint. Computing Stats
2019-01-18 15:06:02,446 	 Computing Major Stats lazily... 
2019-01-18 15:06:02,448 		 Completed edges=306 good=306 bad=0
2019-01-18 15:06:02,452 Distortion avg=0.9982676783940562 wc=11.88091607514239 me=0.006009979300171955 mc=1976.8647247757503 nan_elements=0
2019-01-18 15:06:02,452 MAP = 0.17711444026803502
2019-01-18 15:06:02,452 scale=[array([1.])]
2019-01-18 15:06:02,452 *** End Initial Checkpoint

2019-01-18 15:06:02,510 1 loss=0.9965397219205785
2019-01-18 15:06:02,510 2 loss=0.9199949734030415
2019-01-18 15:06:02,511 3 loss=0.8511930390137824
2019-01-18 15:06:02,512 4 loss=0.7913049531567546
2019-01-18 15:06:02,513 5 loss=0.7392668532663271
2019-01-18 15:06:02,513 6 loss=0.6939592192940808
2019-01-18 15:06:02,514 7 loss=0.6543834839793552
2019-01-18 15:06:02,515 8 loss=0.6196819392827604
2019-01-18 15:06:02,515 9 loss=0.5891277133752909
2019-01-18 15:06:02,516 10 loss=0.5621082230405232
2019-01-18 15:06:02,516 
*** Major Checkpoint. Computing Stats and Saving
2019-01-18 15:06:02,516 	 Computing Major Stats lazily... 
2019-01-18 15:06:02,518 		 Completed edges=306 good=306 bad=0
2019-01-18 15:06:02,520 Distortion avg=0.6957866642611125 wc=14.7418554311169 me=1.0738518587050612 mc=13.728015937779203 nan_elements=0
2019-01-18 15:06:02,520 MAP = 0.10273415446209563
2019-01-18 15:06:02,521 scale=[array([1.])]
2019-01-18 15:06:02,521 *** End Major Checkpoint

2019-01-18 15:06:02,521 11 loss=0.5381083227424825
2019-01-18 15:06:02,522 12 loss=0.516694999194206
2019-01-18 15:06:02,523 13 loss=0.49750407533033114
2019-01-18 15:06:02,523 14 loss=0.4802289021849138
2019-01-18 15:06:02,524 15 loss=0.46461084873734704
2019-01-18 15:06:02,525 16 loss=0.4504313537293743
2019-01-18 15:06:02,525 17 loss=0.4375053062396707
2019-01-18 15:06:02,526 18 loss=0.42567554325489626
2019-01-18 15:06:02,527 19 loss=0.41480827962244843
2019-01-18 15:06:02,527 20 loss=0.4047893129840371
2019-01-18 15:06:02,527 
*** Major Checkpoint. Computing Stats and Saving
2019-01-18 15:06:02,528 	 Computing Major Stats lazily... 
2019-01-18 15:06:02,529 		 Completed edges=306 good=306 bad=0
2019-01-18 15:06:02,532 Distortion avg=0.5952175347985796 wc=11.725655213505881 me=1.417182768656289 mc=8.273918842961686 nan_elements=0
2019-01-18 15:06:02,532 MAP = 0.1143815743080449
2019-01-18 15:06:02,532 scale=[array([1.])]
2019-01-18 15:06:02,532 *** End Major Checkpoint

2019-01-18 15:06:02,533 21 loss=0.39552087124664764
2019-01-18 15:06:02,533 22 loss=0.3869189920492036
2019-01-18 15:06:02,534 23 loss=0.37891134243338503
2019-01-18 15:06:02,535 24 loss=0.37143540274028564
2019-01-18 15:06:02,535 25 loss=0.3644369519649539
2019-01-18 15:06:02,536 26 loss=0.35786880276921534
2019-01-18 15:06:02,537 27 loss=0.3516897434236713
2019-01-18 15:06:02,537 28 loss=0.3458636514317236
2019-01-18 15:06:02,538 29 loss=0.3403587497505163
2019-01-18 15:06:02,539 30 loss=0.3351469815944496
2019-01-18 15:06:02,539 
*** Major Checkpoint. Computing Stats and Saving
2019-01-18 15:06:02,539 	 Computing Major Stats lazily... 
2019-01-18 15:06:02,540 		 Completed edges=306 good=306 bad=0
2019-01-18 15:06:02,543 Distortion avg=0.5385224483259391 wc=10.082988691978171 me=1.5830772827335382 mc=6.369233392426445 nan_elements=0
2019-01-18 15:06:02,543 MAP = 0.14497562622562624
2019-01-18 15:06:02,543 scale=[array([1.])]
2019-01-18 15:06:02,543 *** End Major Checkpoint

2019-01-18 15:06:02,544 31 loss=0.33020348397833493
2019-01-18 15:06:02,544 32 loss=0.32550614358906815
2019-01-18 15:06:02,545 33 loss=0.321035221399016
2019-01-18 15:06:02,546 34 loss=0.3167730347599855
2019-01-18 15:06:02,546 35 loss=0.3127036876331325
2019-01-18 15:06:02,547 36 loss=0.3088128411907997
2019-01-18 15:06:02,548 37 loss=0.30508751833118086
2019-01-18 15:06:02,548 38 loss=0.3015159367251271
2019-01-18 15:06:02,549 39 loss=0.29808736590662915
2019-01-18 15:06:02,550 40 loss=0.29479200465757444
2019-01-18 15:06:02,550 
*** Major Checkpoint. Computing Stats and Saving
2019-01-18 15:06:02,550 	 Computing Major Stats lazily... 
2019-01-18 15:06:02,551 		 Completed edges=306 good=306 bad=0
2019-01-18 15:06:02,554 Distortion avg=0.49572780238640707 wc=9.313638554784113 me=1.7369089485109859 mc=5.362191589126472 nan_elements=0
2019-01-18 15:06:02,554 MAP = 0.20679570943459835
2019-01-18 15:06:02,554 scale=[array([1.])]
2019-01-18 15:06:02,555 *** End Major Checkpoint

2019-01-18 15:06:02,555 41 loss=0.2916208755503209
2019-01-18 15:06:02,556 42 loss=0.2885657340206184
2019-01-18 15:06:02,557 43 loss=0.2856189897666361
2019-01-18 15:06:02,557 44 loss=0.28277363862223326
2019-01-18 15:06:02,558 45 loss=0.2800232033464052
2019-01-18 15:06:02,559 46 loss=0.27736168201611056
2019-01-18 15:06:02,559 47 loss=0.2747835029147492
2019-01-18 15:06:02,560 48 loss=0.27228348498022953
2019-01-18 15:06:02,561 49 loss=0.26985680302047976
2019-01-18 15:06:02,561 50 loss=0.2674989570250748
2019-01-18 15:06:02,561 
*** Major Checkpoint. Computing Stats and Saving
2019-01-18 15:06:02,561 	 Computing Major Stats lazily... 
2019-01-18 15:06:02,563 		 Completed edges=306 good=306 bad=0
2019-01-18 15:06:02,566 Distortion avg=0.4633986019565422 wc=8.559364304457663 me=1.8152257588274059 mc=4.715316683246504 nan_elements=0
2019-01-18 15:06:02,566 MAP = 0.2529509842009843
2019-01-18 15:06:02,566 scale=[array([1.])]
2019-01-18 15:06:02,566 *** End Major Checkpoint

2019-01-18 15:06:02,566 final loss=0.2674989570250748
2019-01-18 15:06:02,566 best loss=0.2674989570250748, distortion=0.4633986019565422, map=0.2529509842009843, wc_dist=8.559364304457663
2019-01-18 15:06:02,566 	 Computing Major Stats lazily... 
2019-01-18 15:06:02,568 		 Completed edges=306 good=306 bad=0
2019-01-18 15:06:02,570 Distortion avg=0.4633986019565421 wc=8.559364304457663 me=1.8152257588274059 mc=4.715316683246504 nan_elements=0
2019-01-18 15:06:02,570 MAP = 0.2529509842009843
2019-01-18 15:06:02,571 scale=[array([1.])]
