2019-01-18 15:07:38,604 Commandline ['pytorch/pytorch_hyperbolic.py', 'learn', 'data/edges/parsing/ewt/ewt_dev/1888.edges', '--dim', '0', '--hyp', '0', '--edim', '10', '--euc', '1', '--sdim', '0', '--sph', '0', '--log-name', 'ewt_devr2/1888.edges.E10-1.lr1.log', '--batch-size', '65536', '--epochs', '50', '--checkpoint-freq', '10', '-g', '--subsample', '1024', '--learning-rate', '1']
2019-01-18 15:07:38,604 No Model Save selected!
2019-01-18 15:07:38,605 Loaded Graph data/edges/parsing/ewt/ewt_dev/1888.edges with 16 nodes scale=1.0
2019-01-18 15:07:38,605 Building dataset
2019-01-18 15:07:38,606 Subsample: 16 points with scale 1.0 subsample=15
2019-01-18 15:07:38,622 Built Data Sampler
2019-01-18 15:07:38,622 Creating a fresh model warm_start?=None
2019-01-18 15:07:38,622 	 Warmstarting? None None 16
2019-01-18 15:07:38,622 Embedding() torch.Size([16, 10])
2019-01-18 15:07:38,622 relative No Rescale
2019-01-18 15:07:38,623 Constructed model with dim=0 and epochs=0 isnan=False
2019-01-18 15:07:38,623 SGD (
Parameter Group 0
    dampening: 0
    initial_lr: 0.1
    lr: 1.0
    momentum: 0.0
    nesterov: False
    weight_decay: 0

Parameter Group 1
    dampening: 0
    initial_lr: 0.1
    lr: 1.0
    momentum: 0.0
    nesterov: False
    weight_decay: 0

Parameter Group 2
    dampening: 0
    initial_lr: 0.1
    lr: 1.0
    momentum: 0.0
    nesterov: False
    weight_decay: 0

Parameter Group 3
    dampening: 0
    initial_lr: 0.0001
    lr: 0.001
    momentum: 0.0
    nesterov: False
    weight_decay: 0
)
2019-01-18 15:07:38,623 *** Initial Checkpoint. Computing Stats
2019-01-18 15:07:38,623 	 Computing Major Stats lazily... 
2019-01-18 15:07:38,625 		 Completed edges=240 good=240 bad=0
2019-01-18 15:07:38,627 Distortion avg=0.9981424286375816 wc=11.138787817729348 me=0.005982886981094694 mc=1861.7747339915945 nan_elements=0
2019-01-18 15:07:38,628 MAP = 0.2935822077228328
2019-01-18 15:07:38,628 scale=[array([1.])]
2019-01-18 15:07:38,628 *** End Initial Checkpoint

2019-01-18 15:07:38,692 1 loss=0.9962894228873854
2019-01-18 15:07:38,693 2 loss=0.895530283452002
2019-01-18 15:07:38,694 3 loss=0.8071045048326967
2019-01-18 15:07:38,695 4 loss=0.7329694837941753
2019-01-18 15:07:38,695 5 loss=0.6708717252037564
2019-01-18 15:07:38,696 6 loss=0.6185927621054167
2019-01-18 15:07:38,697 7 loss=0.5742690608130013
2019-01-18 15:07:38,698 8 loss=0.5363913919273682
2019-01-18 15:07:38,698 9 loss=0.5037525788136324
2019-01-18 15:07:38,699 10 loss=0.47539120328219275
2019-01-18 15:07:38,699 
*** Major Checkpoint. Computing Stats and Saving
2019-01-18 15:07:38,700 	 Computing Major Stats lazily... 
2019-01-18 15:07:38,701 		 Completed edges=240 good=240 bad=0
2019-01-18 15:07:38,704 Distortion avg=0.6284491509080884 wc=12.30924921994613 me=1.1688872353280084 mc=10.530741416208517 nan_elements=0
2019-01-18 15:07:38,704 MAP = 0.1389996982184482
2019-01-18 15:07:38,705 scale=[array([1.])]
2019-01-18 15:07:38,705 *** End Major Checkpoint

2019-01-18 15:07:38,706 11 loss=0.4505420852052008
2019-01-18 15:07:38,707 12 loss=0.428595421889625
2019-01-18 15:07:38,708 13 loss=0.40906397917411436
2019-01-18 15:07:38,709 14 loss=0.3915570949909425
2019-01-18 15:07:38,710 15 loss=0.3757602204555764
2019-01-18 15:07:38,711 16 loss=0.36141887328334554
2019-01-18 15:07:38,711 17 loss=0.3483260694520733
2019-01-18 15:07:38,712 18 loss=0.3363124806102788
2019-01-18 15:07:38,713 19 loss=0.325238720830104
2019-01-18 15:07:38,714 20 loss=0.3149892944238715
2019-01-18 15:07:38,714 
*** Major Checkpoint. Computing Stats and Saving
2019-01-18 15:07:38,714 	 Computing Major Stats lazily... 
2019-01-18 15:07:38,716 		 Completed edges=240 good=240 bad=0
2019-01-18 15:07:38,719 Distortion avg=0.5213415379026497 wc=10.897617012758337 me=1.548809857548973 mc=7.036123226904086 nan_elements=0
2019-01-18 15:07:38,719 MAP = 0.2117936924186924
2019-01-18 15:07:38,719 scale=[array([1.])]
2019-01-18 15:07:38,719 *** End Major Checkpoint

2019-01-18 15:07:38,720 21 loss=0.3054678391263499
2019-01-18 15:07:38,721 22 loss=0.29659337991443446
2019-01-18 15:07:38,722 23 loss=0.28829737209905465
2019-01-18 15:07:38,723 24 loss=0.28052136165284625
2019-01-18 15:07:38,724 25 loss=0.2732151290246011
2019-01-18 15:07:38,725 26 loss=0.2663352123633838
2019-01-18 15:07:38,726 27 loss=0.25984372905861536
2019-01-18 15:07:38,726 28 loss=0.2537074323096041
2019-01-18 15:07:38,727 29 loss=0.24789695324615654
2019-01-18 15:07:38,742 30 loss=0.24238618984268873
2019-01-18 15:07:38,747 
*** Major Checkpoint. Computing Stats and Saving
2019-01-18 15:07:38,747 	 Computing Major Stats lazily... 
2019-01-18 15:07:38,748 		 Completed edges=240 good=240 bad=0
2019-01-18 15:07:38,751 Distortion avg=0.44945472134592884 wc=9.905532982175284 me=1.6695547610640527 mc=5.9330386838358145 nan_elements=0
2019-01-18 15:07:38,751 MAP = 0.3578958657083657
2019-01-18 15:07:38,751 scale=[array([1.])]
2019-01-18 15:07:38,751 *** End Major Checkpoint

2019-01-18 15:07:38,752 31 loss=0.23715181220536852
2019-01-18 15:07:38,753 32 loss=0.2321728603073683
2019-01-18 15:07:38,754 33 loss=0.22743041531851638
2019-01-18 15:07:38,754 34 loss=0.22290732964355142
2019-01-18 15:07:38,755 35 loss=0.21858800389492763
2019-01-18 15:07:38,756 36 loss=0.2144582014720902
2019-01-18 15:07:38,756 37 loss=0.21050489334618655
2019-01-18 15:07:38,757 38 loss=0.20671612717078236
2019-01-18 15:07:38,758 39 loss=0.2030809160431141
2019-01-18 15:07:38,759 40 loss=0.1995891431948697
2019-01-18 15:07:38,759 
*** Major Checkpoint. Computing Stats and Saving
2019-01-18 15:07:38,759 	 Computing Major Stats lazily... 
2019-01-18 15:07:38,760 		 Completed edges=240 good=240 bad=0
2019-01-18 15:07:38,763 Distortion avg=0.3993987864628796 wc=9.07450129684221 me=1.6899355730532364 mc=5.369732101944661 nan_elements=0
2019-01-18 15:07:38,763 MAP = 0.44333265692640694
2019-01-18 15:07:38,763 scale=[array([1.])]
2019-01-18 15:07:38,763 *** End Major Checkpoint

2019-01-18 15:07:38,764 41 loss=0.19623147964938473
2019-01-18 15:07:38,765 42 loss=0.19299931248476837
2019-01-18 15:07:38,766 43 loss=0.18988468182208174
2019-01-18 15:07:38,766 44 loss=0.1868802250395767
2019-01-18 15:07:38,767 45 loss=0.18397912701807062
2019-01-18 15:07:38,768 46 loss=0.18117507546446296
2019-01-18 15:07:38,769 47 loss=0.17846222055266395
2019-01-18 15:07:38,770 48 loss=0.17583513827367234
2019-01-18 15:07:38,770 49 loss=0.17328879700713268
2019-01-18 15:07:38,771 50 loss=0.17081852692174979
2019-01-18 15:07:38,771 
*** Major Checkpoint. Computing Stats and Saving
2019-01-18 15:07:38,771 	 Computing Major Stats lazily... 
2019-01-18 15:07:38,773 		 Completed edges=240 good=240 bad=0
2019-01-18 15:07:38,776 Distortion avg=0.3636162264608842 wc=8.449949721871153 me=1.696802123681195 mc=4.979926418019252 nan_elements=0
2019-01-18 15:07:38,776 MAP = 0.6392956349206349
2019-01-18 15:07:38,776 scale=[array([1.])]
2019-01-18 15:07:38,776 *** End Major Checkpoint

2019-01-18 15:07:38,776 final loss=0.17081852692174979
2019-01-18 15:07:38,776 best loss=0.17081852692174979, distortion=0.3636162264608842, map=0.6392956349206349, wc_dist=8.449949721871153
2019-01-18 15:07:38,776 	 Computing Major Stats lazily... 
2019-01-18 15:07:38,778 		 Completed edges=240 good=240 bad=0
2019-01-18 15:07:38,781 Distortion avg=0.3636162264608846 wc=8.449949721871153 me=1.696802123681195 mc=4.979926418019252 nan_elements=0
2019-01-18 15:07:38,781 MAP = 0.6392956349206349
2019-01-18 15:07:38,781 scale=[array([1.])]
