2019-01-18 14:46:12,056 Commandline ['pytorch/pytorch_hyperbolic.py', 'learn', 'data/edges/parsing/ewt/ewt_dev/1889.edges', '--dim', '0', '--hyp', '0', '--edim', '10', '--euc', '1', '--sdim', '0', '--sph', '0', '--log-name', 'ewt_devr2/1889.edges.E10-1.lr1.log', '--batch-size', '65536', '--epochs', '50', '--checkpoint-freq', '10', '-g', '--subsample', '1024', '--learning-rate', '1']
2019-01-18 14:46:12,056 No Model Save selected!
2019-01-18 14:46:12,058 Loaded Graph data/edges/parsing/ewt/ewt_dev/1889.edges with 8 nodes scale=1.0
2019-01-18 14:46:12,058 Building dataset
2019-01-18 14:46:12,059 Subsample: 8 points with scale 1.0 subsample=7
2019-01-18 14:46:12,065 Built Data Sampler
2019-01-18 14:46:12,065 Creating a fresh model warm_start?=None
2019-01-18 14:46:12,066 	 Warmstarting? None None 8
2019-01-18 14:46:12,066 Embedding() torch.Size([8, 10])
2019-01-18 14:46:12,066 relative No Rescale
2019-01-18 14:46:12,066 Constructed model with dim=0 and epochs=0 isnan=False
2019-01-18 14:46:12,067 SGD (
Parameter Group 0
    dampening: 0
    initial_lr: 0.1
    lr: 1.0
    momentum: 0.0
    nesterov: False
    weight_decay: 0

Parameter Group 1
    dampening: 0
    initial_lr: 0.1
    lr: 1.0
    momentum: 0.0
    nesterov: False
    weight_decay: 0

Parameter Group 2
    dampening: 0
    initial_lr: 0.1
    lr: 1.0
    momentum: 0.0
    nesterov: False
    weight_decay: 0

Parameter Group 3
    dampening: 0
    initial_lr: 0.0001
    lr: 0.001
    momentum: 0.0
    nesterov: False
    weight_decay: 0
)
2019-01-18 14:46:12,067 *** Initial Checkpoint. Computing Stats
2019-01-18 14:46:12,067 	 Computing Major Stats lazily... 
2019-01-18 14:46:12,068 		 Completed edges=56 good=56 bad=0
2019-01-18 14:46:12,069 Distortion avg=0.9973741208449333 wc=5.42622410709818 me=0.005941110731069004 mc=913.334955822616 nan_elements=0
2019-01-18 14:46:12,069 MAP = 0.4066071428571429
2019-01-18 14:46:12,070 scale=[array([1.])]
2019-01-18 14:46:12,070 *** End Initial Checkpoint

2019-01-18 14:46:12,129 1 loss=0.9947568648345992
2019-01-18 14:46:12,129 2 loss=0.6722375228380206
2019-01-18 14:46:12,130 3 loss=0.49290750445365406
2019-01-18 14:46:12,130 4 loss=0.3924625638241627
2019-01-18 14:46:12,131 5 loss=0.3298381204285092
2019-01-18 14:46:12,131 6 loss=0.2870069494858381
2019-01-18 14:46:12,132 7 loss=0.25559421607759647
2019-01-18 14:46:12,132 8 loss=0.2313498314283912
2019-01-18 14:46:12,133 9 loss=0.21192304735997594
2019-01-18 14:46:12,133 10 loss=0.19591089546159376
2019-01-18 14:46:12,133 
*** Major Checkpoint. Computing Stats and Saving
2019-01-18 14:46:12,134 	 Computing Major Stats lazily... 
2019-01-18 14:46:12,134 		 Completed edges=56 good=56 bad=0
2019-01-18 14:46:12,135 Distortion avg=0.382077723337876 wc=5.677799629112704 me=1.2902762715834633 mc=4.400452642707867 nan_elements=0
2019-01-18 14:46:12,135 MAP = 0.6616666666666666
2019-01-18 14:46:12,136 scale=[array([1.])]
2019-01-18 14:46:12,136 *** End Major Checkpoint

2019-01-18 14:46:12,136 11 loss=0.18241878129583164
2019-01-18 14:46:12,137 12 loss=0.17084264911740446
2019-01-18 14:46:12,137 13 loss=0.16075460855817256
2019-01-18 14:46:12,138 14 loss=0.15184001599278002
2019-01-18 14:46:12,138 15 loss=0.1438613086053988
2019-01-18 14:46:12,139 16 loss=0.13663616544794469
2019-01-18 14:46:12,139 17 loss=0.13002352290624722
2019-01-18 14:46:12,140 18 loss=0.12391401894026723
2019-01-18 14:46:12,140 19 loss=0.11822304574758491
2019-01-18 14:46:12,141 20 loss=0.11288544206400272
2019-01-18 14:46:12,141 
*** Major Checkpoint. Computing Stats and Saving
2019-01-18 14:46:12,141 	 Computing Major Stats lazily... 
2019-01-18 14:46:12,141 		 Completed edges=56 good=56 bad=0
2019-01-18 14:46:12,143 Distortion avg=0.2760491139233621 wc=4.1009994857342145 me=1.336868132813075 mc=3.067617055920675 nan_elements=0
2019-01-18 14:46:12,143 MAP = 0.9166666666666666
2019-01-18 14:46:12,143 scale=[array([1.])]
2019-01-18 14:46:12,143 *** End Major Checkpoint

2019-01-18 14:46:12,144 21 loss=0.1078513035145585
2019-01-18 14:46:12,144 22 loss=0.10308261930875193
2019-01-18 14:46:12,145 23 loss=0.09855055883056493
2019-01-18 14:46:12,145 24 loss=0.09423328865814569
2019-01-18 14:46:12,146 25 loss=0.09011422945427905
2019-01-18 14:46:12,146 26 loss=0.08618067844046014
2019-01-18 14:46:12,147 27 loss=0.08242273415034763
2019-01-18 14:46:12,147 28 loss=0.07883246898490819
2019-01-18 14:46:12,148 29 loss=0.07540330288218937
2019-01-18 14:46:12,148 30 loss=0.07212953845360774
2019-01-18 14:46:12,148 
*** Major Checkpoint. Computing Stats and Saving
2019-01-18 14:46:12,148 	 Computing Major Stats lazily... 
2019-01-18 14:46:12,149 		 Completed edges=56 good=56 bad=0
2019-01-18 14:46:12,150 Distortion avg=0.21655955066193286 wc=2.939268308077816 me=1.2649681411304936 mc=2.323590778698198 nan_elements=0
2019-01-18 14:46:12,150 MAP = 1.0
2019-01-18 14:46:12,150 scale=[array([1.])]
2019-01-18 14:46:12,150 *** End Major Checkpoint

2019-01-18 14:46:12,151 31 loss=0.06900602424332489
2019-01-18 14:46:12,151 32 loss=0.06602791832298471
2019-01-18 14:46:12,152 33 loss=0.06319052926241772
2019-01-18 14:46:12,152 34 loss=0.06048921567540589
2019-01-18 14:46:12,153 35 loss=0.05791932910225141
2019-01-18 14:46:12,153 36 loss=0.055476188031092055
2019-01-18 14:46:12,154 37 loss=0.05315507344154816
2019-01-18 14:46:12,154 38 loss=0.05095123842994065
2019-01-18 14:46:12,154 39 loss=0.04885992628857493
2019-01-18 14:46:12,155 40 loss=0.04687639290055645
2019-01-18 14:46:12,155 
*** Major Checkpoint. Computing Stats and Saving
2019-01-18 14:46:12,155 	 Computing Major Stats lazily... 
2019-01-18 14:46:12,155 		 Completed edges=56 good=56 bad=0
2019-01-18 14:46:12,157 Distortion avg=0.17534843036273176 wc=2.284799594148905 me=1.208320647990737 mc=1.8908884805934563 nan_elements=0
2019-01-18 14:46:12,157 MAP = 1.0
2019-01-18 14:46:12,157 scale=[array([1.])]
2019-01-18 14:46:12,157 *** End Major Checkpoint

2019-01-18 14:46:12,158 41 loss=0.04499593051197768
2019-01-18 14:46:12,158 42 loss=0.04321389089013886
2019-01-18 14:46:12,159 43 loss=0.041525706604628766
2019-01-18 14:46:12,159 44 loss=0.0399269097119311
2019-01-18 14:46:12,160 45 loss=0.03841314751660047
2019-01-18 14:46:12,160 46 loss=0.036980195353369404
2019-01-18 14:46:12,161 47 loss=0.03562396651194917
2019-01-18 14:46:12,161 48 loss=0.03434051953311806
2019-01-18 14:46:12,162 49 loss=0.033126063160368854
2019-01-18 14:46:12,162 50 loss=0.03197695925148749
2019-01-18 14:46:12,162 
*** Major Checkpoint. Computing Stats and Saving
2019-01-18 14:46:12,162 	 Computing Major Stats lazily... 
2019-01-18 14:46:12,163 		 Completed edges=56 good=56 bad=0
2019-01-18 14:46:12,164 Distortion avg=0.1473541751703178 wc=1.9477149300184038 me=1.1908669349834473 mc=1.6355437142483735 nan_elements=0
2019-01-18 14:46:12,164 MAP = 1.0
2019-01-18 14:46:12,164 scale=[array([1.])]
2019-01-18 14:46:12,165 *** End Major Checkpoint

2019-01-18 14:46:12,165 final loss=0.03197695925148749
2019-01-18 14:46:12,165 best loss=0.03197695925148749, distortion=0.1473541751703178, map=1.0, wc_dist=1.9477149300184038
2019-01-18 14:46:12,165 	 Computing Major Stats lazily... 
2019-01-18 14:46:12,165 		 Completed edges=56 good=56 bad=0
2019-01-18 14:46:12,166 Distortion avg=0.14735417517031776 wc=1.9477149300184038 me=1.1908669349834473 mc=1.6355437142483735 nan_elements=0
2019-01-18 14:46:12,167 MAP = 1.0
2019-01-18 14:46:12,167 scale=[array([1.])]
