2019-01-18 15:06:47,097 Commandline ['pytorch/pytorch_hyperbolic.py', 'learn', 'data/edges/parsing/ewt/ewt_dev/189.edges', '--dim', '0', '--hyp', '0', '--edim', '10', '--euc', '1', '--sdim', '0', '--sph', '0', '--log-name', 'ewt_devr2/189.edges.E10-1.lr1.log', '--batch-size', '65536', '--epochs', '50', '--checkpoint-freq', '10', '-g', '--subsample', '1024', '--learning-rate', '1']
2019-01-18 15:06:47,097 No Model Save selected!
2019-01-18 15:06:47,098 Loaded Graph data/edges/parsing/ewt/ewt_dev/189.edges with 19 nodes scale=1.0
2019-01-18 15:06:47,099 Building dataset
2019-01-18 15:06:47,099 Subsample: 19 points with scale 1.0 subsample=18
2019-01-18 15:06:47,119 Built Data Sampler
2019-01-18 15:06:47,119 Creating a fresh model warm_start?=None
2019-01-18 15:06:47,119 	 Warmstarting? None None 19
2019-01-18 15:06:47,120 Embedding() torch.Size([19, 10])
2019-01-18 15:06:47,120 relative No Rescale
2019-01-18 15:06:47,120 Constructed model with dim=0 and epochs=0 isnan=False
2019-01-18 15:06:47,120 SGD (
Parameter Group 0
    dampening: 0
    initial_lr: 0.1
    lr: 1.0
    momentum: 0.0
    nesterov: False
    weight_decay: 0

Parameter Group 1
    dampening: 0
    initial_lr: 0.1
    lr: 1.0
    momentum: 0.0
    nesterov: False
    weight_decay: 0

Parameter Group 2
    dampening: 0
    initial_lr: 0.1
    lr: 1.0
    momentum: 0.0
    nesterov: False
    weight_decay: 0

Parameter Group 3
    dampening: 0
    initial_lr: 0.0001
    lr: 0.001
    momentum: 0.0
    nesterov: False
    weight_decay: 0
)
2019-01-18 15:06:47,121 *** Initial Checkpoint. Computing Stats
2019-01-18 15:06:47,121 	 Computing Major Stats lazily... 
2019-01-18 15:06:47,123 		 Completed edges=342 good=342 bad=0
2019-01-18 15:06:47,126 Distortion avg=0.998274382605712 wc=13.560714401275058 me=0.006218119634235663 mc=2180.838452610755 nan_elements=0
2019-01-18 15:06:47,126 MAP = 0.15437561664341853
2019-01-18 15:06:47,126 scale=[array([1.])]
2019-01-18 15:06:47,126 *** End Initial Checkpoint

2019-01-18 15:06:47,185 1 loss=0.9965531048892123
2019-01-18 15:06:47,186 2 loss=0.9270976797436481
2019-01-18 15:06:47,187 3 loss=0.8638076699184574
2019-01-18 15:06:47,188 4 loss=0.8082541839356014
2019-01-18 15:06:47,188 5 loss=0.7595867455953546
2019-01-18 15:06:47,189 6 loss=0.716870344024573
2019-01-18 15:06:47,190 7 loss=0.6792591852343179
2019-01-18 15:06:47,191 8 loss=0.6460198319970594
2019-01-18 15:06:47,192 9 loss=0.6165255730916792
2019-01-18 15:06:47,192 10 loss=0.5902440923393802
2019-01-18 15:06:47,193 
*** Major Checkpoint. Computing Stats and Saving
2019-01-18 15:06:47,193 	 Computing Major Stats lazily... 
2019-01-18 15:06:47,194 		 Completed edges=342 good=342 bad=0
2019-01-18 15:06:47,197 Distortion avg=0.7209674547150537 wc=19.669735682585646 me=1.1833879316609024 mc=16.621544935800454 nan_elements=0
2019-01-18 15:06:47,197 MAP = 0.09531942086121652
2019-01-18 15:06:47,197 scale=[array([1.])]
2019-01-18 15:06:47,198 *** End Major Checkpoint

2019-01-18 15:06:47,198 11 loss=0.5667243099190674
2019-01-18 15:06:47,199 12 loss=0.5455841886743662
2019-01-18 15:06:47,200 13 loss=0.5265000094323702
2019-01-18 15:06:47,200 14 loss=0.5091971633353074
2019-01-18 15:06:47,201 15 loss=0.49344234492428146
2019-01-18 15:06:47,202 16 loss=0.47903697820521063
2019-01-18 15:06:47,202 17 loss=0.4658117020284537
2019-01-18 15:06:47,203 18 loss=0.45362175337794475
2019-01-18 15:06:47,204 19 loss=0.44234310575664254
2019-01-18 15:06:47,205 20 loss=0.4318692395633645
2019-01-18 15:06:47,205 
*** Major Checkpoint. Computing Stats and Saving
2019-01-18 15:06:47,205 	 Computing Major Stats lazily... 
2019-01-18 15:06:47,206 		 Completed edges=342 good=342 bad=0
2019-01-18 15:06:47,209 Distortion avg=0.6236952667850338 wc=14.210233214239903 me=1.5533316102303323 mc=9.148228955524036 nan_elements=0
2019-01-18 15:06:47,209 MAP = 0.1000739499578509
2019-01-18 15:06:47,209 scale=[array([1.])]
2019-01-18 15:06:47,210 *** End Major Checkpoint

2019-01-18 15:06:47,210 21 loss=0.42210843994210245
2019-01-18 15:06:47,211 22 loss=0.4129815341855433
2019-01-18 15:06:47,212 23 loss=0.404419995170605
2019-01-18 15:06:47,212 24 loss=0.3963643495713126
2019-01-18 15:06:47,213 25 loss=0.38876283993345484
2019-01-18 15:06:47,214 26 loss=0.3815702983470828
2019-01-18 15:06:47,214 27 loss=0.3747471966580439
2019-01-18 15:06:47,215 28 loss=0.36825884414121135
2019-01-18 15:06:47,216 29 loss=0.36207470851333434
2019-01-18 15:06:47,217 30 loss=0.35616784026322196
2019-01-18 15:06:47,217 
*** Major Checkpoint. Computing Stats and Saving
2019-01-18 15:06:47,217 	 Computing Major Stats lazily... 
2019-01-18 15:06:47,218 		 Completed edges=342 good=342 bad=0
2019-01-18 15:06:47,221 Distortion avg=0.5693293641370158 wc=10.668322886928985 me=1.6364500513438942 mc=6.519186380401827 nan_elements=0
2019-01-18 15:06:47,221 MAP = 0.11903654223313667
2019-01-18 15:06:47,221 scale=[array([1.])]
2019-01-18 15:06:47,222 *** End Major Checkpoint

2019-01-18 15:06:47,222 31 loss=0.35051438366647125
2019-01-18 15:06:47,223 32 loss=0.34509316065343276
2019-01-18 15:06:47,224 33 loss=0.33988531601470673
2019-01-18 15:06:47,224 34 loss=0.3348740143431272
2019-01-18 15:06:47,225 35 loss=0.33004418069526276
2019-01-18 15:06:47,226 36 loss=0.32538227826708543
2019-01-18 15:06:47,226 37 loss=0.32087611746555483
2019-01-18 15:06:47,227 38 loss=0.31651469165993046
2019-01-18 15:06:47,228 39 loss=0.3122880356461405
2019-01-18 15:06:47,229 40 loss=0.30818710348122014
2019-01-18 15:06:47,229 
*** Major Checkpoint. Computing Stats and Saving
2019-01-18 15:06:47,229 	 Computing Major Stats lazily... 
2019-01-18 15:06:47,230 		 Completed edges=342 good=342 bad=0
2019-01-18 15:06:47,233 Distortion avg=0.52368825874039 wc=9.760325344656595 me=1.7122268309339017 mc=5.700369348454264 nan_elements=0
2019-01-18 15:06:47,233 MAP = 0.1612403033842662
2019-01-18 15:06:47,233 scale=[array([1.])]
2019-01-18 15:06:47,233 *** End Major Checkpoint

2019-01-18 15:06:47,234 41 loss=0.3042036628646599
2019-01-18 15:06:47,235 42 loss=0.3003302036775244
2019-01-18 15:06:47,235 43 loss=0.2965598586532669
2019-01-18 15:06:47,236 44 loss=0.292886334458485
2019-01-18 15:06:47,237 45 loss=0.2893038517174791
2019-01-18 15:06:47,238 46 loss=0.2858070927296621
2019-01-18 15:06:47,238 47 loss=0.2823911558104309
2019-01-18 15:06:47,239 48 loss=0.2790515153396726
2019-01-18 15:06:47,240 49 loss=0.27578398673225896
2019-01-18 15:06:47,240 50 loss=0.27258469565553406
2019-01-18 15:06:47,240 
*** Major Checkpoint. Computing Stats and Saving
2019-01-18 15:06:47,240 	 Computing Major Stats lazily... 
2019-01-18 15:06:47,242 		 Completed edges=342 good=342 bad=0
2019-01-18 15:06:47,245 Distortion avg=0.4843926848359428 wc=9.231442848149701 me=1.811726028701213 mc=5.09538567195368 nan_elements=0
2019-01-18 15:06:47,245 MAP = 0.2646378962168436
2019-01-18 15:06:47,245 scale=[array([1.])]
2019-01-18 15:06:47,245 *** End Major Checkpoint

2019-01-18 15:06:47,245 final loss=0.27258469565553406
2019-01-18 15:06:47,245 best loss=0.27258469565553406, distortion=0.4843926848359428, map=0.2646378962168436, wc_dist=9.231442848149701
2019-01-18 15:06:47,245 	 Computing Major Stats lazily... 
2019-01-18 15:06:47,247 		 Completed edges=342 good=342 bad=0
2019-01-18 15:06:47,250 Distortion avg=0.4843926848359426 wc=9.231442848149701 me=1.811726028701213 mc=5.09538567195368 nan_elements=0
2019-01-18 15:06:47,250 MAP = 0.2646378962168436
2019-01-18 15:06:47,250 scale=[array([1.])]
