2019-01-18 14:49:15,380 Commandline ['pytorch/pytorch_hyperbolic.py', 'learn', 'data/edges/parsing/ewt/ewt_dev/1896.edges', '--dim', '0', '--hyp', '0', '--edim', '10', '--euc', '1', '--sdim', '0', '--sph', '0', '--log-name', 'ewt_devr2/1896.edges.E10-1.lr1.log', '--batch-size', '65536', '--epochs', '50', '--checkpoint-freq', '10', '-g', '--subsample', '1024', '--learning-rate', '1']
2019-01-18 14:49:15,380 No Model Save selected!
2019-01-18 14:49:15,382 Loaded Graph data/edges/parsing/ewt/ewt_dev/1896.edges with 21 nodes scale=1.0
2019-01-18 14:49:15,382 Building dataset
2019-01-18 14:49:15,382 Subsample: 21 points with scale 1.0 subsample=20
2019-01-18 14:49:15,405 Built Data Sampler
2019-01-18 14:49:15,405 Creating a fresh model warm_start?=None
2019-01-18 14:49:15,405 	 Warmstarting? None None 21
2019-01-18 14:49:15,406 Embedding() torch.Size([21, 10])
2019-01-18 14:49:15,406 relative No Rescale
2019-01-18 14:49:15,406 Constructed model with dim=0 and epochs=0 isnan=False
2019-01-18 14:49:15,406 SGD (
Parameter Group 0
    dampening: 0
    initial_lr: 0.1
    lr: 1.0
    momentum: 0.0
    nesterov: False
    weight_decay: 0

Parameter Group 1
    dampening: 0
    initial_lr: 0.1
    lr: 1.0
    momentum: 0.0
    nesterov: False
    weight_decay: 0

Parameter Group 2
    dampening: 0
    initial_lr: 0.1
    lr: 1.0
    momentum: 0.0
    nesterov: False
    weight_decay: 0

Parameter Group 3
    dampening: 0
    initial_lr: 0.0001
    lr: 0.001
    momentum: 0.0
    nesterov: False
    weight_decay: 0
)
2019-01-18 14:49:15,407 *** Initial Checkpoint. Computing Stats
2019-01-18 14:49:15,407 	 Computing Major Stats lazily... 
2019-01-18 14:49:15,409 		 Completed edges=420 good=420 bad=0
2019-01-18 14:49:15,412 Distortion avg=0.9983896163584716 wc=12.95660273353368 me=0.005941110731069004 mc=2180.838452610755 nan_elements=0
2019-01-18 14:49:15,412 MAP = 0.11647099787856087
2019-01-18 14:49:15,413 scale=[array([1.])]
2019-01-18 14:49:15,413 *** End Initial Checkpoint

2019-01-18 14:49:15,470 1 loss=0.9967832847497172
2019-01-18 14:49:15,471 2 loss=0.9412478164292507
2019-01-18 14:49:15,472 3 loss=0.8897847166217421
2019-01-18 14:49:15,473 4 loss=0.843414435030312
2019-01-18 14:49:15,474 5 loss=0.8017417013978957
2019-01-18 14:49:15,474 6 loss=0.7642783645284975
2019-01-18 14:49:15,475 7 loss=0.7305560303283992
2019-01-18 14:49:15,476 8 loss=0.7001481755623016
2019-01-18 14:49:15,477 9 loss=0.6726736130077473
2019-01-18 14:49:15,477 10 loss=0.6477945530724872
2019-01-18 14:49:15,477 
*** Major Checkpoint. Computing Stats and Saving
2019-01-18 14:49:15,478 	 Computing Major Stats lazily... 
2019-01-18 14:49:15,479 		 Completed edges=420 good=420 bad=0
2019-01-18 14:49:15,483 Distortion avg=0.7646001937511631 wc=21.899134987590948 me=0.9897140769995164 mc=22.12672881644953 nan_elements=0
2019-01-18 14:49:15,483 MAP = 0.08280601949609026
2019-01-18 14:49:15,483 scale=[array([1.])]
2019-01-18 14:49:15,483 *** End Major Checkpoint

2019-01-18 14:49:15,484 11 loss=0.6252129613213543
2019-01-18 14:49:15,484 12 loss=0.6046664958311767
2019-01-18 14:49:15,485 13 loss=0.5859245217044107
2019-01-18 14:49:15,486 14 loss=0.568784399402856
2019-01-18 14:49:15,487 15 loss=0.5530681161736564
2019-01-18 14:49:15,487 16 loss=0.5386192725900185
2019-01-18 14:49:15,488 17 loss=0.525300410092691
2019-01-18 14:49:15,489 18 loss=0.5129906540058484
2019-01-18 14:49:15,490 19 loss=0.5015836423509046
2019-01-18 14:49:15,490 20 loss=0.4909857102775435
2019-01-18 14:49:15,490 
*** Major Checkpoint. Computing Stats and Saving
2019-01-18 14:49:15,490 	 Computing Major Stats lazily... 
2019-01-18 14:49:15,492 		 Completed edges=420 good=420 bad=0
2019-01-18 14:49:15,495 Distortion avg=0.6622426956373377 wc=18.01510855648526 me=1.3898009263982016 mc=12.962366202455405 nan_elements=0
2019-01-18 14:49:15,496 MAP = 0.08399210422319665
2019-01-18 14:49:15,496 scale=[array([1.])]
2019-01-18 14:49:15,496 *** End Major Checkpoint

2019-01-18 14:49:15,497 21 loss=0.48111430123548804
2019-01-18 14:49:15,498 22 loss=0.47189657815803054
2019-01-18 14:49:15,498 23 loss=0.46326821040239163
2019-01-18 14:49:15,499 24 loss=0.45517231471506
2019-01-18 14:49:15,500 25 loss=0.4475585309163729
2019-01-18 14:49:15,501 26 loss=0.4403822152552982
2019-01-18 14:49:15,502 27 loss=0.43360373644182054
2019-01-18 14:49:15,503 28 loss=0.427187861213176
2019-01-18 14:49:15,503 29 loss=0.42110321793702377
2019-01-18 14:49:15,504 30 loss=0.41532182821193814
2019-01-18 14:49:15,504 
*** Major Checkpoint. Computing Stats and Saving
2019-01-18 14:49:15,504 	 Computing Major Stats lazily... 
2019-01-18 14:49:15,506 		 Completed edges=420 good=420 bad=0
2019-01-18 14:49:15,509 Distortion avg=0.6142919635873326 wc=15.68617957256717 me=1.5973999488784674 mc=9.819819753706902 nan_elements=0
2019-01-18 14:49:15,509 MAP = 0.09011193350893705
2019-01-18 14:49:15,510 scale=[array([1.])]
2019-01-18 14:49:15,510 *** End Major Checkpoint

2019-01-18 14:49:15,511 31 loss=0.4098186977090003
2019-01-18 14:49:15,511 32 loss=0.404571458624526
2019-01-18 14:49:15,512 33 loss=0.39956005709967213
2019-01-18 14:49:15,513 34 loss=0.3947664798236474
2019-01-18 14:49:15,513 35 loss=0.39017451478811666
2019-01-18 14:49:15,514 36 loss=0.38576954181447143
2019-01-18 14:49:15,515 37 loss=0.3815383490449153
2019-01-18 14:49:15,516 38 loss=0.3774689720834495
2019-01-18 14:49:15,516 39 loss=0.3735505529033121
2019-01-18 14:49:15,517 40 loss=0.36977321601154
2019-01-18 14:49:15,517 
*** Major Checkpoint. Computing Stats and Saving
2019-01-18 14:49:15,517 	 Computing Major Stats lazily... 
2019-01-18 14:49:15,519 		 Completed edges=420 good=420 bad=0
2019-01-18 14:49:15,522 Distortion avg=0.5751077430357906 wc=14.177848653676081 me=1.7269861965261315 mc=8.209590025788925 nan_elements=0
2019-01-18 14:49:15,523 MAP = 0.10298782041954313
2019-01-18 14:49:15,523 scale=[array([1.])]
2019-01-18 14:49:15,523 *** End Major Checkpoint

2019-01-18 14:49:15,524 41 loss=0.36612795968640816
2019-01-18 14:49:15,525 42 loss=0.36260656038595995
2019-01-18 14:49:15,525 43 loss=0.359201488671257
2019-01-18 14:49:15,526 44 loss=0.35590583520122937
2019-01-18 14:49:15,527 45 loss=0.35271324554133615
2019-01-18 14:49:15,528 46 loss=0.34961786268932976
2019-01-18 14:49:15,528 47 loss=0.34661427636148207
2019-01-18 14:49:15,529 48 loss=0.34369747820442326
2019-01-18 14:49:15,530 49 loss=0.34086282220371344
2019-01-18 14:49:15,531 50 loss=0.3381059896524717
2019-01-18 14:49:15,531 
*** Major Checkpoint. Computing Stats and Saving
2019-01-18 14:49:15,531 	 Computing Major Stats lazily... 
2019-01-18 14:49:15,532 		 Completed edges=420 good=420 bad=0
2019-01-18 14:49:15,536 Distortion avg=0.54208076172104 wc=12.905494100035556 me=1.7897432384279648 mc=7.210807574482694 nan_elements=0
2019-01-18 14:49:15,536 MAP = 0.12527863232971595
2019-01-18 14:49:15,536 scale=[array([1.])]
2019-01-18 14:49:15,536 *** End Major Checkpoint

2019-01-18 14:49:15,536 final loss=0.3381059896524717
2019-01-18 14:49:15,536 best loss=0.3381059896524717, distortion=0.54208076172104, map=0.12527863232971595, wc_dist=12.905494100035556
2019-01-18 14:49:15,536 	 Computing Major Stats lazily... 
2019-01-18 14:49:15,538 		 Completed edges=420 good=420 bad=0
2019-01-18 14:49:15,541 Distortion avg=0.5420807617210405 wc=12.905494100035556 me=1.7897432384279648 mc=7.210807574482694 nan_elements=0
2019-01-18 14:49:15,541 MAP = 0.12527863232971595
2019-01-18 14:49:15,542 scale=[array([1.])]
