2019-01-18 14:43:06,006 Commandline ['pytorch/pytorch_hyperbolic.py', 'learn', 'data/edges/parsing/ewt/ewt_dev/1897.edges', '--dim', '0', '--hyp', '0', '--edim', '10', '--euc', '1', '--sdim', '0', '--sph', '0', '--log-name', 'ewt_devr2/1897.edges.E10-1.lr1.log', '--batch-size', '65536', '--epochs', '50', '-g', '--subsample', '1024', '--learning-rate', '1']
2019-01-18 14:43:06,006 No Model Save selected!
2019-01-18 14:43:06,008 Loaded Graph data/edges/parsing/ewt/ewt_dev/1897.edges with 24 nodes scale=1.0
2019-01-18 14:43:06,008 Building dataset
2019-01-18 14:43:06,009 Subsample: 24 points with scale 1.0 subsample=23
2019-01-18 14:43:06,037 Built Data Sampler
2019-01-18 14:43:06,037 Creating a fresh model warm_start?=None
2019-01-18 14:43:06,038 	 Warmstarting? None None 24
2019-01-18 14:43:06,038 Embedding() torch.Size([24, 10])
2019-01-18 14:43:06,038 relative No Rescale
2019-01-18 14:43:06,038 Constructed model with dim=0 and epochs=0 isnan=False
2019-01-18 14:43:06,039 SGD (
Parameter Group 0
    dampening: 0
    initial_lr: 0.1
    lr: 1.0
    momentum: 0.0
    nesterov: False
    weight_decay: 0

Parameter Group 1
    dampening: 0
    initial_lr: 0.1
    lr: 1.0
    momentum: 0.0
    nesterov: False
    weight_decay: 0

Parameter Group 2
    dampening: 0
    initial_lr: 0.1
    lr: 1.0
    momentum: 0.0
    nesterov: False
    weight_decay: 0

Parameter Group 3
    dampening: 0
    initial_lr: 0.0001
    lr: 0.001
    momentum: 0.0
    nesterov: False
    weight_decay: 0
)
2019-01-18 14:43:06,039 *** Initial Checkpoint. Computing Stats
2019-01-18 14:43:06,039 	 Computing Major Stats lazily... 
2019-01-18 14:43:06,041 		 Completed edges=552 good=552 bad=0
2019-01-18 14:43:06,045 Distortion avg=0.9985120303696882 wc=17.728986955584094 me=0.006009979300171955 mc=2949.9247950948584 nan_elements=0
2019-01-18 14:43:06,046 MAP = 0.1787831268119665
2019-01-18 14:43:06,046 scale=[array([1.])]
2019-01-18 14:43:06,046 *** End Initial Checkpoint

2019-01-18 14:43:06,103 1 loss=0.9970275133887605
2019-01-18 14:43:06,105 2 loss=0.9573346686400181
2019-01-18 14:43:06,106 3 loss=0.9190778320016405
2019-01-18 14:43:06,106 4 loss=0.8834174313120736
2019-01-18 14:43:06,107 5 loss=0.8503637898848725
2019-01-18 14:43:06,108 6 loss=0.8197749256200062
2019-01-18 14:43:06,109 7 loss=0.7914754250581041
2019-01-18 14:43:06,110 8 loss=0.7652864297286052
2019-01-18 14:43:06,111 9 loss=0.7410357806190359
2019-01-18 14:43:06,112 10 loss=0.7185617793916108
2019-01-18 14:43:06,112 11 loss=0.6977144353044566
2019-01-18 14:43:06,113 12 loss=0.6783555998468792
2019-01-18 14:43:06,114 13 loss=0.6603585807816522
2019-01-18 14:43:06,115 14 loss=0.6436075128579493
2019-01-18 14:43:06,116 15 loss=0.6279966247714638
2019-01-18 14:43:06,117 16 loss=0.613429475925531
2019-01-18 14:43:06,118 17 loss=0.5998182026187412
2019-01-18 14:43:06,118 18 loss=0.58708279490718
2019-01-18 14:43:06,119 19 loss=0.5751504150405404
2019-01-18 14:43:06,120 20 loss=0.5639547623866555
2019-01-18 14:43:06,121 21 loss=0.5534354862479413
2019-01-18 14:43:06,122 22 loss=0.5435376459120995
2019-01-18 14:43:06,123 23 loss=0.5342112160907242
2019-01-18 14:43:06,124 24 loss=0.52541063524589
2019-01-18 14:43:06,124 25 loss=0.5170943939834716
2019-01-18 14:43:06,125 26 loss=0.509224660577892
2019-01-18 14:43:06,126 27 loss=0.5017669407075496
2019-01-18 14:43:06,127 28 loss=0.4946897685731661
2019-01-18 14:43:06,128 29 loss=0.48796442671031726
2019-01-18 14:43:06,129 30 loss=0.4815646919713331
2019-01-18 14:43:06,130 31 loss=0.4754666053269221
2019-01-18 14:43:06,131 32 loss=0.4696482633153571
2019-01-18 14:43:06,132 33 loss=0.4640896291412015
2019-01-18 14:43:06,133 34 loss=0.45877236159283724
2019-01-18 14:43:06,133 35 loss=0.453679660106385
2019-01-18 14:43:06,134 36 loss=0.44879612445190037
2019-01-18 14:43:06,135 37 loss=0.44410762765550477
2019-01-18 14:43:06,136 38 loss=0.4396012008983698
2019-01-18 14:43:06,137 39 loss=0.43526492925045457
2019-01-18 14:43:06,138 40 loss=0.43108785720404447
2019-01-18 14:43:06,139 41 loss=0.42705990306999675
2019-01-18 14:43:06,140 42 loss=0.42317178138873945
2019-01-18 14:43:06,140 43 loss=0.41941493258915047
2019-01-18 14:43:06,141 44 loss=0.4157814592020329
2019-01-18 14:43:06,142 45 loss=0.41226406800164467
2019-01-18 14:43:06,143 46 loss=0.4088560175091825
2019-01-18 14:43:06,144 47 loss=0.40555107034681426
2019-01-18 14:43:06,145 48 loss=0.40234344998032523
2019-01-18 14:43:06,145 49 loss=0.3992278014331315
2019-01-18 14:43:06,146 50 loss=0.39619915559480146
2019-01-18 14:43:06,146 final loss=0.39619915559480146
2019-01-18 14:43:06,146 best loss=10000000000.0, distortion=10000000000.0, map=0.0, wc_dist=10000000000.0
2019-01-18 14:43:06,147 	 Computing Major Stats lazily... 
2019-01-18 14:43:06,149 		 Completed edges=552 good=552 bad=0
2019-01-18 14:43:06,152 Distortion avg=0.594809813890641 wc=18.607138617399947 me=1.8136978097999443 mc=10.259227593957542 nan_elements=0
2019-01-18 14:43:06,153 MAP = 0.10941239513124189
2019-01-18 14:43:06,153 scale=[array([1.])]
2019-01-18 14:59:06,506 Commandline ['pytorch/pytorch_hyperbolic.py', 'learn', 'data/edges/parsing/ewt/ewt_dev/1897.edges', '--dim', '0', '--hyp', '0', '--edim', '10', '--euc', '1', '--sdim', '0', '--sph', '0', '--log-name', 'ewt_devr2/1897.edges.E10-1.lr1.log', '--batch-size', '65536', '--epochs', '50', '--checkpoint-freq', '10', '-g', '--subsample', '1024', '--learning-rate', '1']
2019-01-18 14:59:06,508 No Model Save selected!
2019-01-18 14:59:06,509 Loaded Graph data/edges/parsing/ewt/ewt_dev/1897.edges with 24 nodes scale=1.0
2019-01-18 14:59:06,509 Building dataset
2019-01-18 14:59:06,510 Subsample: 24 points with scale 1.0 subsample=23
2019-01-18 14:59:06,542 Built Data Sampler
2019-01-18 14:59:06,542 Creating a fresh model warm_start?=None
2019-01-18 14:59:06,542 	 Warmstarting? None None 24
2019-01-18 14:59:06,542 Embedding() torch.Size([24, 10])
2019-01-18 14:59:06,542 relative No Rescale
2019-01-18 14:59:06,543 Constructed model with dim=0 and epochs=0 isnan=False
2019-01-18 14:59:06,543 SGD (
Parameter Group 0
    dampening: 0
    initial_lr: 0.1
    lr: 1.0
    momentum: 0.0
    nesterov: False
    weight_decay: 0

Parameter Group 1
    dampening: 0
    initial_lr: 0.1
    lr: 1.0
    momentum: 0.0
    nesterov: False
    weight_decay: 0

Parameter Group 2
    dampening: 0
    initial_lr: 0.1
    lr: 1.0
    momentum: 0.0
    nesterov: False
    weight_decay: 0

Parameter Group 3
    dampening: 0
    initial_lr: 0.0001
    lr: 0.001
    momentum: 0.0
    nesterov: False
    weight_decay: 0
)
2019-01-18 14:59:06,543 *** Initial Checkpoint. Computing Stats
2019-01-18 14:59:06,543 	 Computing Major Stats lazily... 
2019-01-18 14:59:06,546 		 Completed edges=552 good=552 bad=0
2019-01-18 14:59:06,549 Distortion avg=0.9985120303696882 wc=17.728986955584094 me=0.006009979300171955 mc=2949.9247950948584 nan_elements=0
2019-01-18 14:59:06,549 MAP = 0.1787831268119665
2019-01-18 14:59:06,550 scale=[array([1.])]
2019-01-18 14:59:06,550 *** End Initial Checkpoint

2019-01-18 14:59:06,608 1 loss=0.9970275133887605
2019-01-18 14:59:06,609 2 loss=0.9573346686400181
2019-01-18 14:59:06,610 3 loss=0.9190778320016405
2019-01-18 14:59:06,611 4 loss=0.8834174313120736
2019-01-18 14:59:06,612 5 loss=0.8503637898848725
2019-01-18 14:59:06,612 6 loss=0.8197749256200062
2019-01-18 14:59:06,613 7 loss=0.7914754250581041
2019-01-18 14:59:06,614 8 loss=0.7652864297286052
2019-01-18 14:59:06,615 9 loss=0.7410357806190359
2019-01-18 14:59:06,616 10 loss=0.7185617793916108
2019-01-18 14:59:06,616 
*** Major Checkpoint. Computing Stats and Saving
2019-01-18 14:59:06,616 	 Computing Major Stats lazily... 
2019-01-18 14:59:06,618 		 Completed edges=552 good=552 bad=0
2019-01-18 14:59:06,622 Distortion avg=0.8198468253171127 wc=30.840612453525846 me=0.8160302390438514 mc=37.79346766568604 nan_elements=0
2019-01-18 14:59:06,622 MAP = 0.08119527195109373
2019-01-18 14:59:06,622 scale=[array([1.])]
2019-01-18 14:59:06,622 *** End Major Checkpoint

2019-01-18 14:59:06,623 11 loss=0.6977144353044564
2019-01-18 14:59:06,624 12 loss=0.6783555998468792
2019-01-18 14:59:06,625 13 loss=0.6603585807816523
2019-01-18 14:59:06,626 14 loss=0.643607512857949
2019-01-18 14:59:06,627 15 loss=0.6279966247714639
2019-01-18 14:59:06,627 16 loss=0.6134294759255312
2019-01-18 14:59:06,628 17 loss=0.5998182026187412
2019-01-18 14:59:06,629 18 loss=0.5870827949071801
2019-01-18 14:59:06,630 19 loss=0.5751504150405404
2019-01-18 14:59:06,631 20 loss=0.5639547623866553
2019-01-18 14:59:06,631 
*** Major Checkpoint. Computing Stats and Saving
2019-01-18 14:59:06,631 	 Computing Major Stats lazily... 
2019-01-18 14:59:06,633 		 Completed edges=552 good=552 bad=0
2019-01-18 14:59:06,637 Distortion avg=0.7114956014940471 wc=27.114122743804863 me=1.268121143878154 mc=21.381334799674388 nan_elements=0
2019-01-18 14:59:06,637 MAP = 0.0809719549298676
2019-01-18 14:59:06,637 scale=[array([1.])]
2019-01-18 14:59:06,637 *** End Major Checkpoint

2019-01-18 14:59:06,638 21 loss=0.5534354862479418
2019-01-18 14:59:06,639 22 loss=0.5435376459120995
2019-01-18 14:59:06,640 23 loss=0.5342112160907241
2019-01-18 14:59:06,641 24 loss=0.5254106352458902
2019-01-18 14:59:06,641 25 loss=0.5170943939834717
2019-01-18 14:59:06,642 26 loss=0.509224660577892
2019-01-18 14:59:06,643 27 loss=0.5017669407075496
2019-01-18 14:59:06,644 28 loss=0.4946897685731661
2019-01-18 14:59:06,645 29 loss=0.4879644267103175
2019-01-18 14:59:06,646 30 loss=0.4815646919713331
2019-01-18 14:59:06,646 
*** Major Checkpoint. Computing Stats and Saving
2019-01-18 14:59:06,646 	 Computing Major Stats lazily... 
2019-01-18 14:59:06,648 		 Completed edges=552 good=552 bad=0
2019-01-18 14:59:06,652 Distortion avg=0.6617094600832651 wc=23.483519156637254 me=1.5236947284579232 mc=15.412220517691283 nan_elements=0
2019-01-18 14:59:06,652 MAP = 0.08429835185923375
2019-01-18 14:59:06,652 scale=[array([1.])]
2019-01-18 14:59:06,652 *** End Major Checkpoint

2019-01-18 14:59:06,653 31 loss=0.4754666053269222
2019-01-18 14:59:06,654 32 loss=0.4696482633153571
2019-01-18 14:59:06,655 33 loss=0.4640896291412016
2019-01-18 14:59:06,656 34 loss=0.45877236159283724
2019-01-18 14:59:06,657 35 loss=0.45367966010638505
2019-01-18 14:59:06,657 36 loss=0.4487961244519003
2019-01-18 14:59:06,658 37 loss=0.4441076276555048
2019-01-18 14:59:06,659 38 loss=0.4396012008983698
2019-01-18 14:59:06,660 39 loss=0.43526492925045446
2019-01-18 14:59:06,661 40 loss=0.43108785720404463
2019-01-18 14:59:06,661 
*** Major Checkpoint. Computing Stats and Saving
2019-01-18 14:59:06,661 	 Computing Major Stats lazily... 
2019-01-18 14:59:06,664 		 Completed edges=552 good=552 bad=0
2019-01-18 14:59:06,668 Distortion avg=0.6255247352751503 wc=20.876011780654164 me=1.7040401938817218 mc=12.250891648922677 nan_elements=0
2019-01-18 14:59:06,668 MAP = 0.09500335012514548
2019-01-18 14:59:06,668 scale=[array([1.])]
2019-01-18 14:59:06,668 *** End Major Checkpoint

2019-01-18 14:59:06,669 41 loss=0.42705990306999675
2019-01-18 14:59:06,670 42 loss=0.42317178138873957
2019-01-18 14:59:06,670 43 loss=0.41941493258915047
2019-01-18 14:59:06,671 44 loss=0.4157814592020328
2019-01-18 14:59:06,672 45 loss=0.41226406800164483
2019-01-18 14:59:06,673 46 loss=0.4088560175091824
2019-01-18 14:59:06,674 47 loss=0.40555107034681426
2019-01-18 14:59:06,675 48 loss=0.4023434499803252
2019-01-18 14:59:06,676 49 loss=0.3992278014331315
2019-01-18 14:59:06,676 50 loss=0.39619915559480146
2019-01-18 14:59:06,677 
*** Major Checkpoint. Computing Stats and Saving
2019-01-18 14:59:06,677 	 Computing Major Stats lazily... 
2019-01-18 14:59:06,679 		 Completed edges=552 good=552 bad=0
2019-01-18 14:59:06,683 Distortion avg=0.5948098138906409 wc=18.607138617399947 me=1.8136978097999443 mc=10.259227593957542 nan_elements=0
2019-01-18 14:59:06,683 MAP = 0.1094123951312419
2019-01-18 14:59:06,683 scale=[array([1.])]
2019-01-18 14:59:06,683 *** End Major Checkpoint

2019-01-18 14:59:06,683 final loss=0.39619915559480146
2019-01-18 14:59:06,683 best loss=0.39619915559480146, distortion=0.5948098138906409, map=0.1094123951312419, wc_dist=18.607138617399947
2019-01-18 14:59:06,683 	 Computing Major Stats lazily... 
2019-01-18 14:59:06,685 		 Completed edges=552 good=552 bad=0
2019-01-18 14:59:06,689 Distortion avg=0.5948098138906412 wc=18.607138617399947 me=1.8136978097999443 mc=10.259227593957542 nan_elements=0
2019-01-18 14:59:06,689 MAP = 0.10941239513124186
2019-01-18 14:59:06,689 scale=[array([1.])]
