2019-01-18 14:50:37,643 Commandline ['pytorch/pytorch_hyperbolic.py', 'learn', 'data/edges/parsing/ewt/ewt_dev/1900.edges', '--dim', '0', '--hyp', '0', '--edim', '10', '--euc', '1', '--sdim', '0', '--sph', '0', '--log-name', 'ewt_devr2/1900.edges.E10-1.lr1.log', '--batch-size', '65536', '--epochs', '50', '--checkpoint-freq', '10', '-g', '--subsample', '1024', '--learning-rate', '1']
2019-01-18 14:50:37,644 No Model Save selected!
2019-01-18 14:50:37,645 Loaded Graph data/edges/parsing/ewt/ewt_dev/1900.edges with 14 nodes scale=1.0
2019-01-18 14:50:37,645 Building dataset
2019-01-18 14:50:37,646 Subsample: 14 points with scale 1.0 subsample=13
2019-01-18 14:50:37,659 Built Data Sampler
2019-01-18 14:50:37,659 Creating a fresh model warm_start?=None
2019-01-18 14:50:37,659 	 Warmstarting? None None 14
2019-01-18 14:50:37,659 Embedding() torch.Size([14, 10])
2019-01-18 14:50:37,659 relative No Rescale
2019-01-18 14:50:37,659 Constructed model with dim=0 and epochs=0 isnan=False
2019-01-18 14:50:37,660 SGD (
Parameter Group 0
    dampening: 0
    initial_lr: 0.1
    lr: 1.0
    momentum: 0.0
    nesterov: False
    weight_decay: 0

Parameter Group 1
    dampening: 0
    initial_lr: 0.1
    lr: 1.0
    momentum: 0.0
    nesterov: False
    weight_decay: 0

Parameter Group 2
    dampening: 0
    initial_lr: 0.1
    lr: 1.0
    momentum: 0.0
    nesterov: False
    weight_decay: 0

Parameter Group 3
    dampening: 0
    initial_lr: 0.0001
    lr: 0.001
    momentum: 0.0
    nesterov: False
    weight_decay: 0
)
2019-01-18 14:50:37,660 *** Initial Checkpoint. Computing Stats
2019-01-18 14:50:37,660 	 Computing Major Stats lazily... 
2019-01-18 14:50:37,661 		 Completed edges=182 good=182 bad=0
2019-01-18 14:50:37,664 Distortion avg=0.9980995376218494 wc=9.348076969289025 me=0.005628252251848828 mc=1660.9200424906808 nan_elements=0
2019-01-18 14:50:37,664 MAP = 0.33309008451865596
2019-01-18 14:50:37,664 scale=[array([1.])]
2019-01-18 14:50:37,664 *** End Initial Checkpoint

2019-01-18 14:50:37,720 1 loss=0.9962040700467759
2019-01-18 14:50:37,721 2 loss=0.8759644168328439
2019-01-18 14:50:37,721 3 loss=0.7757367347056393
2019-01-18 14:50:37,722 4 loss=0.6957080429117375
2019-01-18 14:50:37,722 5 loss=0.6315446919413569
2019-01-18 14:50:37,723 6 loss=0.5795781393240005
2019-01-18 14:50:37,724 7 loss=0.5369743954772179
2019-01-18 14:50:37,724 8 loss=0.5015893294496672
2019-01-18 14:50:37,725 9 loss=0.47180931160423545
2019-01-18 14:50:37,725 10 loss=0.4464194923193622
2019-01-18 14:50:37,726 
*** Major Checkpoint. Computing Stats and Saving
2019-01-18 14:50:37,726 	 Computing Major Stats lazily... 
2019-01-18 14:50:37,726 		 Completed edges=182 good=182 bad=0
2019-01-18 14:50:37,729 Distortion avg=0.6088075724329499 wc=11.48699492497059 me=1.3538011158709127 mc=8.48499442813718 nan_elements=0
2019-01-18 14:50:37,729 MAP = 0.13896231414088558
2019-01-18 14:50:37,729 scale=[array([1.])]
2019-01-18 14:50:37,729 *** End Major Checkpoint

2019-01-18 14:50:37,730 11 loss=0.4245023323195473
2019-01-18 14:50:37,730 12 loss=0.40536143161246496
2019-01-18 14:50:37,731 13 loss=0.38846496670958525
2019-01-18 14:50:37,731 14 loss=0.3734038730125323
2019-01-18 14:50:37,732 15 loss=0.35986096394159206
2019-01-18 14:50:37,733 16 loss=0.3475881105291283
2019-01-18 14:50:37,733 17 loss=0.3363893464495618
2019-01-18 14:50:37,734 18 loss=0.326108327303707
2019-01-18 14:50:37,734 19 loss=0.3166189926362129
2019-01-18 14:50:37,735 20 loss=0.3078185879680529
2019-01-18 14:50:37,735 
*** Major Checkpoint. Computing Stats and Saving
2019-01-18 14:50:37,735 	 Computing Major Stats lazily... 
2019-01-18 14:50:37,736 		 Completed edges=182 good=182 bad=0
2019-01-18 14:50:37,738 Distortion avg=0.518948950487228 wc=8.677998068722749 me=1.531863094800343 mc=5.664995846024873 nan_elements=0
2019-01-18 14:50:37,738 MAP = 0.20558153156367442
2019-01-18 14:50:37,738 scale=[array([1.])]
2019-01-18 14:50:37,738 *** End Major Checkpoint

2019-01-18 14:50:37,739 21 loss=0.2996224300083862
2019-01-18 14:50:37,739 22 loss=0.29195996298214316
2019-01-18 14:50:37,740 23 loss=0.2847717741135924
2019-01-18 14:50:37,741 24 loss=0.2780073239023718
2019-01-18 14:50:37,741 25 loss=0.27162321081230106
2019-01-18 14:50:37,742 26 loss=0.2655818368307031
2019-01-18 14:50:37,742 27 loss=0.2598503747311995
2019-01-18 14:50:37,743 28 loss=0.254399963174891
2019-01-18 14:50:37,743 29 loss=0.249205074465412
2019-01-18 14:50:37,744 30 loss=0.24424301360862596
2019-01-18 14:50:37,744 
*** Major Checkpoint. Computing Stats and Saving
2019-01-18 14:50:37,744 	 Computing Major Stats lazily... 
2019-01-18 14:50:37,745 		 Completed edges=182 good=182 bad=0
2019-01-18 14:50:37,747 Distortion avg=0.4538735014892858 wc=7.828070884087221 me=1.6521896334065715 mc=4.7379978216827885 nan_elements=0
2019-01-18 14:50:37,747 MAP = 0.37995722531436815
2019-01-18 14:50:37,747 scale=[array([1.])]
2019-01-18 14:50:37,748 *** End Major Checkpoint

2019-01-18 14:50:37,748 31 loss=0.2394935176067665
2019-01-18 14:50:37,749 32 loss=0.2349384315776467
2019-01-18 14:50:37,749 33 loss=0.23056144401676557
2019-01-18 14:50:37,750 34 loss=0.22634786781495944
2019-01-18 14:50:37,750 35 loss=0.22228445687483817
2019-01-18 14:50:37,751 36 loss=0.21835925060678604
2019-01-18 14:50:37,752 37 loss=0.21456144043008613
2019-01-18 14:50:37,752 38 loss=0.2108812538049777
2019-01-18 14:50:37,753 39 loss=0.20730985238706517
2019-01-18 14:50:37,753 40 loss=0.20383924170806136
2019-01-18 14:50:37,753 
*** Major Checkpoint. Computing Stats and Saving
2019-01-18 14:50:37,753 	 Computing Major Stats lazily... 
2019-01-18 14:50:37,754 		 Completed edges=182 good=182 bad=0
2019-01-18 14:50:37,757 Distortion avg=0.4063937737925061 wc=7.144037157005013 me=1.684272937146476 mc=4.241614882863678 nan_elements=0
2019-01-18 14:50:37,757 MAP = 0.5868480725623583
2019-01-18 14:50:37,758 scale=[array([1.])]
2019-01-18 14:50:37,758 *** End Major Checkpoint

2019-01-18 14:50:37,758 41 loss=0.20046219040701715
2019-01-18 14:50:37,759 42 loss=0.19717215750917386
2019-01-18 14:50:37,760 43 loss=0.19396322660918439
2019-01-18 14:50:37,760 44 loss=0.19083004608714682
2019-01-18 14:50:37,761 45 loss=0.18776777468902237
2019-01-18 14:50:37,761 46 loss=0.18477203195251324
2019-01-18 14:50:37,762 47 loss=0.18183885306705208
2019-01-18 14:50:37,762 48 loss=0.17896464783157806
2019-01-18 14:50:37,763 49 loss=0.17614616342387826
2019-01-18 14:50:37,764 50 loss=0.17338045072674174
2019-01-18 14:50:37,764 
*** Major Checkpoint. Computing Stats and Saving
2019-01-18 14:50:37,764 	 Computing Major Stats lazily... 
2019-01-18 14:50:37,765 		 Completed edges=182 good=182 bad=0
2019-01-18 14:50:37,767 Distortion avg=0.3695005915825919 wc=6.452814745126562 me=1.664250050460934 mc=3.8773108303883648 nan_elements=0
2019-01-18 14:50:37,767 MAP = 0.678625283446712
2019-01-18 14:50:37,767 scale=[array([1.])]
2019-01-18 14:50:37,767 *** End Major Checkpoint

2019-01-18 14:50:37,767 final loss=0.17338045072674174
2019-01-18 14:50:37,767 best loss=0.17338045072674174, distortion=0.3695005915825919, map=0.678625283446712, wc_dist=6.452814745126562
2019-01-18 14:50:37,767 	 Computing Major Stats lazily... 
2019-01-18 14:50:37,768 		 Completed edges=182 good=182 bad=0
2019-01-18 14:50:37,770 Distortion avg=0.3695005915825918 wc=6.452814745126562 me=1.664250050460934 mc=3.8773108303883648 nan_elements=0
2019-01-18 14:50:37,771 MAP = 0.6786252834467119
2019-01-18 14:50:37,771 scale=[array([1.])]
