2019-01-18 14:39:56,373 Commandline ['pytorch/pytorch_hyperbolic.py', 'learn', 'data/edges/parsing/ewt/ewt_dev/1901.edges', '--dim', '0', '--hyp', '0', '--edim', '10', '--euc', '1', '--sdim', '0', '--sph', '0', '--log-name', 'ewt_devr2/1901.edges.E10-1.lr1.log', '--batch-size', '65536', '--epochs', '50', '-g', '--subsample', '1024', '--learning-rate', '1']
2019-01-18 14:39:56,373 No Model Save selected!
2019-01-18 14:39:56,374 Loaded Graph data/edges/parsing/ewt/ewt_dev/1901.edges with 7 nodes scale=1.0
2019-01-18 14:39:56,375 Building dataset
2019-01-18 14:39:56,375 Subsample: 7 points with scale 1.0 subsample=6
2019-01-18 14:39:56,380 Built Data Sampler
2019-01-18 14:39:56,380 Creating a fresh model warm_start?=None
2019-01-18 14:39:56,380 	 Warmstarting? None None 7
2019-01-18 14:39:56,381 Embedding() torch.Size([7, 10])
2019-01-18 14:39:56,381 relative No Rescale
2019-01-18 14:39:56,381 Constructed model with dim=0 and epochs=0 isnan=False
2019-01-18 14:39:56,381 SGD (
Parameter Group 0
    dampening: 0
    initial_lr: 0.1
    lr: 1.0
    momentum: 0.0
    nesterov: False
    weight_decay: 0

Parameter Group 1
    dampening: 0
    initial_lr: 0.1
    lr: 1.0
    momentum: 0.0
    nesterov: False
    weight_decay: 0

Parameter Group 2
    dampening: 0
    initial_lr: 0.1
    lr: 1.0
    momentum: 0.0
    nesterov: False
    weight_decay: 0

Parameter Group 3
    dampening: 0
    initial_lr: 0.0001
    lr: 0.001
    momentum: 0.0
    nesterov: False
    weight_decay: 0
)
2019-01-18 14:39:56,382 *** Initial Checkpoint. Computing Stats
2019-01-18 14:39:56,382 	 Computing Major Stats lazily... 
2019-01-18 14:39:56,383 		 Completed edges=42 good=42 bad=0
2019-01-18 14:39:56,384 Distortion avg=0.9973693068346263 wc=5.448327215027938 me=0.005628252251848828 mc=968.0318100949036 nan_elements=0
2019-01-18 14:39:56,384 MAP = 0.457936507936508
2019-01-18 14:39:56,384 scale=[array([1.])]
2019-01-18 14:39:56,385 *** End Initial Checkpoint

2019-01-18 14:39:56,443 1 loss=0.9947474671414666
2019-01-18 14:39:56,443 2 loss=0.6069199909771291
2019-01-18 14:39:56,444 3 loss=0.4275641914045607
2019-01-18 14:39:56,444 4 loss=0.34290441439996405
2019-01-18 14:39:56,445 5 loss=0.29604868508796534
2019-01-18 14:39:56,445 6 loss=0.26548420378353094
2019-01-18 14:39:56,446 7 loss=0.2429243672200737
2019-01-18 14:39:56,446 8 loss=0.2249017451243137
2019-01-18 14:39:56,447 9 loss=0.20977371941251638
2019-01-18 14:39:56,447 10 loss=0.1966458614001224
2019-01-18 14:39:56,448 11 loss=0.18496982052653707
2019-01-18 14:39:56,448 12 loss=0.17438280322628583
2019-01-18 14:39:56,449 13 loss=0.16463617969947034
2019-01-18 14:39:56,449 14 loss=0.15555845442817814
2019-01-18 14:39:56,450 15 loss=0.14703256679778193
2019-01-18 14:39:56,450 16 loss=0.13898008596156414
2019-01-18 14:39:56,451 17 loss=0.13134947245622713
2019-01-18 14:39:56,451 18 loss=0.12410723694424658
2019-01-18 14:39:56,451 19 loss=0.1172313899346379
2019-01-18 14:39:56,452 20 loss=0.11070675028239202
2019-01-18 14:39:56,452 21 loss=0.10452173485839673
2019-01-18 14:39:56,453 22 loss=0.09866628531857441
2019-01-18 14:39:56,453 23 loss=0.09313062908595321
2019-01-18 14:39:56,454 24 loss=0.08790462237282226
2019-01-18 14:39:56,454 25 loss=0.08297747708699847
2019-01-18 14:39:56,455 26 loss=0.07833772429453228
2019-01-18 14:39:56,455 27 loss=0.07397331039070897
2019-01-18 14:39:56,456 28 loss=0.06987175662731031
2019-01-18 14:39:56,456 29 loss=0.06602033835540717
2019-01-18 14:39:56,457 30 loss=0.06240625848130336
2019-01-18 14:39:56,457 31 loss=0.05901680178179814
2019-01-18 14:39:56,458 32 loss=0.05583946443802997
2019-01-18 14:39:56,458 33 loss=0.05286205775211671
2019-01-18 14:39:56,458 34 loss=0.050072787544334814
2019-01-18 14:39:56,459 35 loss=0.04746031194860278
2019-01-18 14:39:56,459 36 loss=0.04501378075516086
2019-01-18 14:39:56,460 37 loss=0.042722859437132756
2019-01-18 14:39:56,460 38 loss=0.040577740758939086
2019-01-18 14:39:56,461 39 loss=0.038569146528516264
2019-01-18 14:39:56,461 40 loss=0.03668832169453633
2019-01-18 14:39:56,462 41 loss=0.03492702264208623
2019-01-18 14:39:56,462 42 loss=0.03327750122304893
2019-01-18 14:39:56,463 43 loss=0.03173248577711425
2019-01-18 14:39:56,463 44 loss=0.03028516015662961
2019-01-18 14:39:56,464 45 loss=0.028929141561392337
2019-01-18 14:39:56,464 46 loss=0.027658457814896033
2019-01-18 14:39:56,465 47 loss=0.026467524568034504
2019-01-18 14:39:56,465 48 loss=0.025351122796377835
2019-01-18 14:39:56,465 49 loss=0.024304376859543158
2019-01-18 14:39:56,466 50 loss=0.02332273331275407
2019-01-18 14:39:56,466 final loss=0.02332273331275407
2019-01-18 14:39:56,466 best loss=10000000000.0, distortion=10000000000.0, map=0.0, wc_dist=10000000000.0
2019-01-18 14:39:56,466 	 Computing Major Stats lazily... 
2019-01-18 14:39:56,467 		 Completed edges=42 good=42 bad=0
2019-01-18 14:39:56,468 Distortion avg=0.12457568013418394 wc=1.6764407581301353 me=1.1615376316990196 mc=1.4432943990613114 nan_elements=0
2019-01-18 14:39:56,468 MAP = 1.0
2019-01-18 14:39:56,468 scale=[array([1.])]
2019-01-18 15:01:10,691 Commandline ['pytorch/pytorch_hyperbolic.py', 'learn', 'data/edges/parsing/ewt/ewt_dev/1901.edges', '--dim', '0', '--hyp', '0', '--edim', '10', '--euc', '1', '--sdim', '0', '--sph', '0', '--log-name', 'ewt_devr2/1901.edges.E10-1.lr1.log', '--batch-size', '65536', '--epochs', '50', '--checkpoint-freq', '10', '-g', '--subsample', '1024', '--learning-rate', '1']
2019-01-18 15:01:10,692 No Model Save selected!
2019-01-18 15:01:10,693 Loaded Graph data/edges/parsing/ewt/ewt_dev/1901.edges with 7 nodes scale=1.0
2019-01-18 15:01:10,693 Building dataset
2019-01-18 15:01:10,693 Subsample: 7 points with scale 1.0 subsample=6
2019-01-18 15:01:10,698 Built Data Sampler
2019-01-18 15:01:10,698 Creating a fresh model warm_start?=None
2019-01-18 15:01:10,699 	 Warmstarting? None None 7
2019-01-18 15:01:10,699 Embedding() torch.Size([7, 10])
2019-01-18 15:01:10,699 relative No Rescale
2019-01-18 15:01:10,699 Constructed model with dim=0 and epochs=0 isnan=False
2019-01-18 15:01:10,700 SGD (
Parameter Group 0
    dampening: 0
    initial_lr: 0.1
    lr: 1.0
    momentum: 0.0
    nesterov: False
    weight_decay: 0

Parameter Group 1
    dampening: 0
    initial_lr: 0.1
    lr: 1.0
    momentum: 0.0
    nesterov: False
    weight_decay: 0

Parameter Group 2
    dampening: 0
    initial_lr: 0.1
    lr: 1.0
    momentum: 0.0
    nesterov: False
    weight_decay: 0

Parameter Group 3
    dampening: 0
    initial_lr: 0.0001
    lr: 0.001
    momentum: 0.0
    nesterov: False
    weight_decay: 0
)
2019-01-18 15:01:10,700 *** Initial Checkpoint. Computing Stats
2019-01-18 15:01:10,700 	 Computing Major Stats lazily... 
2019-01-18 15:01:10,700 		 Completed edges=42 good=42 bad=0
2019-01-18 15:01:10,702 Distortion avg=0.9973693068346263 wc=5.448327215027938 me=0.005628252251848828 mc=968.0318100949036 nan_elements=0
2019-01-18 15:01:10,702 MAP = 0.457936507936508
2019-01-18 15:01:10,702 scale=[array([1.])]
2019-01-18 15:01:10,702 *** End Initial Checkpoint

2019-01-18 15:01:10,759 1 loss=0.9947474671414666
2019-01-18 15:01:10,760 2 loss=0.6069199909771291
2019-01-18 15:01:10,760 3 loss=0.4275641914045607
2019-01-18 15:01:10,761 4 loss=0.34290441439996405
2019-01-18 15:01:10,761 5 loss=0.29604868508796534
2019-01-18 15:01:10,762 6 loss=0.26548420378353094
2019-01-18 15:01:10,762 7 loss=0.2429243672200737
2019-01-18 15:01:10,763 8 loss=0.2249017451243137
2019-01-18 15:01:10,763 9 loss=0.20977371941251638
2019-01-18 15:01:10,763 10 loss=0.1966458614001224
2019-01-18 15:01:10,764 
*** Major Checkpoint. Computing Stats and Saving
2019-01-18 15:01:10,764 	 Computing Major Stats lazily... 
2019-01-18 15:01:10,764 		 Completed edges=42 good=42 bad=0
2019-01-18 15:01:10,765 Distortion avg=0.3903040239405051 wc=4.859010335411689 me=1.3938265345718241 mc=3.4860940116227237 nan_elements=0
2019-01-18 15:01:10,765 MAP = 0.6317460317460318
2019-01-18 15:01:10,765 scale=[array([1.])]
2019-01-18 15:01:10,766 *** End Major Checkpoint

2019-01-18 15:01:10,766 11 loss=0.18496982052653702
2019-01-18 15:01:10,766 12 loss=0.17438280322628588
2019-01-18 15:01:10,767 13 loss=0.1646361796994703
2019-01-18 15:01:10,767 14 loss=0.1555584544281782
2019-01-18 15:01:10,768 15 loss=0.14703256679778187
2019-01-18 15:01:10,768 16 loss=0.13898008596156414
2019-01-18 15:01:10,769 17 loss=0.1313494724562271
2019-01-18 15:01:10,769 18 loss=0.12410723694424657
2019-01-18 15:01:10,769 19 loss=0.1172313899346379
2019-01-18 15:01:10,770 20 loss=0.11070675028239199
2019-01-18 15:01:10,770 
*** Major Checkpoint. Computing Stats and Saving
2019-01-18 15:01:10,770 	 Computing Major Stats lazily... 
2019-01-18 15:01:10,770 		 Completed edges=42 good=42 bad=0
2019-01-18 15:01:10,772 Distortion avg=0.28544657261486844 wc=3.22598793474111 me=1.3117812477470674 mc=2.4592423014748968 nan_elements=0
2019-01-18 15:01:10,772 MAP = 1.0
2019-01-18 15:01:10,772 scale=[array([1.])]
2019-01-18 15:01:10,772 *** End Major Checkpoint

2019-01-18 15:01:10,772 21 loss=0.10452173485839672
2019-01-18 15:01:10,773 22 loss=0.09866628531857445
2019-01-18 15:01:10,773 23 loss=0.09313062908595318
2019-01-18 15:01:10,774 24 loss=0.08790462237282223
2019-01-18 15:01:10,774 25 loss=0.08297747708699846
2019-01-18 15:01:10,775 26 loss=0.0783377242945323
2019-01-18 15:01:10,775 27 loss=0.07397331039070895
2019-01-18 15:01:10,776 28 loss=0.06987175662731031
2019-01-18 15:01:10,776 29 loss=0.06602033835540717
2019-01-18 15:01:10,777 30 loss=0.06240625848130336
2019-01-18 15:01:10,777 
*** Major Checkpoint. Computing Stats and Saving
2019-01-18 15:01:10,777 	 Computing Major Stats lazily... 
2019-01-18 15:01:10,777 		 Completed edges=42 good=42 bad=0
2019-01-18 15:01:10,779 Distortion avg=0.21066605727523152 wc=2.308753137379448 me=1.1981574054718596 mc=1.9269197242662892 nan_elements=0
2019-01-18 15:01:10,779 MAP = 1.0
2019-01-18 15:01:10,779 scale=[array([1.])]
2019-01-18 15:01:10,779 *** End Major Checkpoint

2019-01-18 15:01:10,779 31 loss=0.05901680178179818
2019-01-18 15:01:10,780 32 loss=0.055839464438029965
2019-01-18 15:01:10,780 33 loss=0.05286205775211671
2019-01-18 15:01:10,781 34 loss=0.050072787544334814
2019-01-18 15:01:10,781 35 loss=0.04746031194860279
2019-01-18 15:01:10,782 36 loss=0.04501378075516088
2019-01-18 15:01:10,782 37 loss=0.04272285943713277
2019-01-18 15:01:10,783 38 loss=0.040577740758939086
2019-01-18 15:01:10,783 39 loss=0.038569146528516264
2019-01-18 15:01:10,783 40 loss=0.03668832169453633
2019-01-18 15:01:10,783 
*** Major Checkpoint. Computing Stats and Saving
2019-01-18 15:01:10,784 	 Computing Major Stats lazily... 
2019-01-18 15:01:10,784 		 Completed edges=42 good=42 bad=0
2019-01-18 15:01:10,785 Distortion avg=0.15871656322112151 wc=1.8867056212307531 me=1.1643660893424526 mc=1.6203714952710657 nan_elements=0
2019-01-18 15:01:10,785 MAP = 1.0
2019-01-18 15:01:10,785 scale=[array([1.])]
2019-01-18 15:01:10,785 *** End Major Checkpoint

2019-01-18 15:01:10,786 41 loss=0.03492702264208623
2019-01-18 15:01:10,786 42 loss=0.03327750122304894
2019-01-18 15:01:10,787 43 loss=0.031732485777114246
2019-01-18 15:01:10,787 44 loss=0.03028516015662961
2019-01-18 15:01:10,788 45 loss=0.02892914156139234
2019-01-18 15:01:10,788 46 loss=0.027658457814896033
2019-01-18 15:01:10,788 47 loss=0.02646752456803451
2019-01-18 15:01:10,789 48 loss=0.025351122796377856
2019-01-18 15:01:10,789 49 loss=0.02430437685954316
2019-01-18 15:01:10,790 50 loss=0.023322733312754064
2019-01-18 15:01:10,790 
*** Major Checkpoint. Computing Stats and Saving
2019-01-18 15:01:10,790 	 Computing Major Stats lazily... 
2019-01-18 15:01:10,790 		 Completed edges=42 good=42 bad=0
2019-01-18 15:01:10,791 Distortion avg=0.12457568013418399 wc=1.6764407581301355 me=1.1615376316990196 mc=1.4432943990613116 nan_elements=0
2019-01-18 15:01:10,791 MAP = 1.0
2019-01-18 15:01:10,792 scale=[array([1.])]
2019-01-18 15:01:10,792 *** End Major Checkpoint

2019-01-18 15:01:10,792 final loss=0.023322733312754064
2019-01-18 15:01:10,792 best loss=0.023322733312754064, distortion=0.12457568013418399, map=1.0, wc_dist=1.6764407581301355
2019-01-18 15:01:10,792 	 Computing Major Stats lazily... 
2019-01-18 15:01:10,792 		 Completed edges=42 good=42 bad=0
2019-01-18 15:01:10,793 Distortion avg=0.12457568013418399 wc=1.6764407581301355 me=1.1615376316990196 mc=1.4432943990613116 nan_elements=0
2019-01-18 15:01:10,793 MAP = 1.0
2019-01-18 15:01:10,794 scale=[array([1.])]
