2019-01-18 15:05:35,326 Commandline ['pytorch/pytorch_hyperbolic.py', 'learn', 'data/edges/parsing/ewt/ewt_dev/1902.edges', '--dim', '0', '--hyp', '0', '--edim', '10', '--euc', '1', '--sdim', '0', '--sph', '0', '--log-name', 'ewt_devr2/1902.edges.E10-1.lr1.log', '--batch-size', '65536', '--epochs', '50', '--checkpoint-freq', '10', '-g', '--subsample', '1024', '--learning-rate', '1']
2019-01-18 15:05:35,326 No Model Save selected!
2019-01-18 15:05:35,328 Loaded Graph data/edges/parsing/ewt/ewt_dev/1902.edges with 9 nodes scale=1.0
2019-01-18 15:05:35,328 Building dataset
2019-01-18 15:05:35,329 Subsample: 9 points with scale 1.0 subsample=8
2019-01-18 15:05:35,336 Built Data Sampler
2019-01-18 15:05:35,336 Creating a fresh model warm_start?=None
2019-01-18 15:05:35,336 	 Warmstarting? None None 9
2019-01-18 15:05:35,337 Embedding() torch.Size([9, 10])
2019-01-18 15:05:35,337 relative No Rescale
2019-01-18 15:05:35,337 Constructed model with dim=0 and epochs=0 isnan=False
2019-01-18 15:05:35,337 SGD (
Parameter Group 0
    dampening: 0
    initial_lr: 0.1
    lr: 1.0
    momentum: 0.0
    nesterov: False
    weight_decay: 0

Parameter Group 1
    dampening: 0
    initial_lr: 0.1
    lr: 1.0
    momentum: 0.0
    nesterov: False
    weight_decay: 0

Parameter Group 2
    dampening: 0
    initial_lr: 0.1
    lr: 1.0
    momentum: 0.0
    nesterov: False
    weight_decay: 0

Parameter Group 3
    dampening: 0
    initial_lr: 0.0001
    lr: 0.001
    momentum: 0.0
    nesterov: False
    weight_decay: 0
)
2019-01-18 15:05:35,337 *** Initial Checkpoint. Computing Stats
2019-01-18 15:05:35,337 	 Computing Major Stats lazily... 
2019-01-18 15:05:35,338 		 Completed edges=72 good=72 bad=0
2019-01-18 15:05:35,340 Distortion avg=0.9975545685356809 wc=6.150706758254342 me=0.005982886981094694 mc=1028.0499661267113 nan_elements=0
2019-01-18 15:05:35,340 MAP = 0.33850970017636683
2019-01-18 15:05:35,340 scale=[array([1.])]
2019-01-18 15:05:35,340 *** End Initial Checkpoint

2019-01-18 15:05:35,397 1 loss=0.9951168576239198
2019-01-18 15:05:35,398 2 loss=0.7236868181411438
2019-01-18 15:05:35,398 3 loss=0.5585261658814171
2019-01-18 15:05:35,399 4 loss=0.4593318227838183
2019-01-18 15:05:35,399 5 loss=0.39476305822647606
2019-01-18 15:05:35,400 6 loss=0.34914420153578113
2019-01-18 15:05:35,400 7 loss=0.3146508587801991
2019-01-18 15:05:35,401 8 loss=0.2872233767288375
2019-01-18 15:05:35,401 9 loss=0.2646326749642344
2019-01-18 15:05:35,402 10 loss=0.24556858806683987
2019-01-18 15:05:35,402 
*** Major Checkpoint. Computing Stats and Saving
2019-01-18 15:05:35,402 	 Computing Major Stats lazily... 
2019-01-18 15:05:35,402 		 Completed edges=72 good=72 bad=0
2019-01-18 15:05:35,404 Distortion avg=0.4419315790248111 wc=4.749610096798592 me=1.349763447662324 mc=3.5188462874917192 nan_elements=0
2019-01-18 15:05:35,404 MAP = 0.35570546737213404
2019-01-18 15:05:35,404 scale=[array([1.])]
2019-01-18 15:05:35,404 *** End Major Checkpoint

2019-01-18 15:05:35,405 11 loss=0.22920208398397493
2019-01-18 15:05:35,405 12 loss=0.21496911457609297
2019-01-18 15:05:35,406 13 loss=0.20246043338178132
2019-01-18 15:05:35,406 14 loss=0.19136350309299716
2019-01-18 15:05:35,407 15 loss=0.18143075646483767
2019-01-18 15:05:35,407 16 loss=0.17246153800423863
2019-01-18 15:05:35,408 17 loss=0.16429128691938766
2019-01-18 15:05:35,408 18 loss=0.1567845981722414
2019-01-18 15:05:35,409 19 loss=0.14983037427575452
2019-01-18 15:05:35,409 20 loss=0.14333811656640172
2019-01-18 15:05:35,409 
*** Major Checkpoint. Computing Stats and Saving
2019-01-18 15:05:35,409 	 Computing Major Stats lazily... 
2019-01-18 15:05:35,410 		 Completed edges=72 good=72 bad=0
2019-01-18 15:05:35,411 Distortion avg=0.32823570717011846 wc=4.04460890345724 me=1.5036148760495431 mc=2.6899234424200875 nan_elements=0
2019-01-18 15:05:35,411 MAP = 0.8347619047619047
2019-01-18 15:05:35,411 scale=[array([1.])]
2019-01-18 15:05:35,412 *** End Major Checkpoint

2019-01-18 15:05:35,412 21 loss=0.13723486000172824
2019-01-18 15:05:35,413 22 loss=0.13146250563671813
2019-01-18 15:05:35,413 23 loss=0.12597543979631917
2019-01-18 15:05:35,413 24 loss=0.1207383974023821
2019-01-18 15:05:35,414 25 loss=0.11572455711418732
2019-01-18 15:05:35,415 26 loss=0.1109138650685848
2019-01-18 15:05:35,415 27 loss=0.10629158278231178
2019-01-18 15:05:35,416 28 loss=0.1018470497585489
2019-01-18 15:05:35,416 29 loss=0.09757264618672662
2019-01-18 15:05:35,417 30 loss=0.09346293750398457
2019-01-18 15:05:35,417 
*** Major Checkpoint. Computing Stats and Saving
2019-01-18 15:05:35,417 	 Computing Major Stats lazily... 
2019-01-18 15:05:35,417 		 Completed edges=72 good=72 bad=0
2019-01-18 15:05:35,419 Distortion avg=0.25939010715284544 wc=3.191989592465846 me=1.4353363216633195 mc=2.2238617836737062 nan_elements=0
2019-01-18 15:05:35,419 MAP = 0.9814814814814814
2019-01-18 15:05:35,419 scale=[array([1.])]
2019-01-18 15:05:35,419 *** End Major Checkpoint

2019-01-18 15:05:35,419 31 loss=0.0895139808822502
2019-01-18 15:05:35,420 32 loss=0.08572277360702521
2019-01-18 15:05:35,420 33 loss=0.08208682425863804
2019-01-18 15:05:35,421 34 loss=0.07860382905354958
2019-01-18 15:05:35,421 35 loss=0.07527143726823568
2019-01-18 15:05:35,422 36 loss=0.07208709114899559
2019-01-18 15:05:35,422 37 loss=0.06904792705094073
2019-01-18 15:05:35,423 38 loss=0.06615072577801077
2019-01-18 15:05:35,423 39 loss=0.06339190127402966
2019-01-18 15:05:35,424 40 loss=0.06076751799637566
2019-01-18 15:05:35,424 
*** Major Checkpoint. Computing Stats and Saving
2019-01-18 15:05:35,424 	 Computing Major Stats lazily... 
2019-01-18 15:05:35,424 		 Completed edges=72 good=72 bad=0
2019-01-18 15:05:35,426 Distortion avg=0.20848151227519762 wc=2.5090242064503725 me=1.3136695160817198 mc=1.909935623636937 nan_elements=0
2019-01-18 15:05:35,426 MAP = 1.0
2019-01-18 15:05:35,426 scale=[array([1.])]
2019-01-18 15:05:35,426 *** End Major Checkpoint

2019-01-18 15:05:35,427 41 loss=0.058273328516488775
2019-01-18 15:05:35,427 42 loss=0.055904824133306455
2019-01-18 15:05:35,428 43 loss=0.05365729253163121
2019-01-18 15:05:35,428 44 loss=0.051525877729284554
2019-01-18 15:05:35,429 45 loss=0.04950563869392207
2019-01-18 15:05:35,429 46 loss=0.04759160403711196
2019-01-18 15:05:35,430 47 loss=0.045778821084314164
2019-01-18 15:05:35,430 48 loss=0.044062398361215005
2019-01-18 15:05:35,430 49 loss=0.04243754112733707
2019-01-18 15:05:35,431 50 loss=0.04089958003429145
2019-01-18 15:05:35,431 
*** Major Checkpoint. Computing Stats and Saving
2019-01-18 15:05:35,431 	 Computing Major Stats lazily... 
2019-01-18 15:05:35,432 		 Completed edges=72 good=72 bad=0
2019-01-18 15:05:35,433 Distortion avg=0.17115067067766254 wc=2.056359845070382 me=1.2255955114193835 mc=1.6778454440395885 nan_elements=0
2019-01-18 15:05:35,433 MAP = 1.0
2019-01-18 15:05:35,433 scale=[array([1.])]
2019-01-18 15:05:35,433 *** End Major Checkpoint

2019-01-18 15:05:35,433 final loss=0.04089958003429145
2019-01-18 15:05:35,433 best loss=0.04089958003429145, distortion=0.17115067067766254, map=1.0, wc_dist=2.056359845070382
2019-01-18 15:05:35,434 	 Computing Major Stats lazily... 
2019-01-18 15:05:35,434 		 Completed edges=72 good=72 bad=0
2019-01-18 15:05:35,435 Distortion avg=0.17115067067766254 wc=2.056359845070382 me=1.2255955114193835 mc=1.6778454440395885 nan_elements=0
2019-01-18 15:05:35,436 MAP = 1.0
2019-01-18 15:05:35,436 scale=[array([1.])]
