2019-01-18 15:00:32,082 Commandline ['pytorch/pytorch_hyperbolic.py', 'learn', 'data/edges/parsing/ewt/ewt_dev/1904.edges', '--dim', '0', '--hyp', '0', '--edim', '10', '--euc', '1', '--sdim', '0', '--sph', '0', '--log-name', 'ewt_devr2/1904.edges.E10-1.lr1.log', '--batch-size', '65536', '--epochs', '50', '--checkpoint-freq', '10', '-g', '--subsample', '1024', '--learning-rate', '1']
2019-01-18 15:00:32,083 No Model Save selected!
2019-01-18 15:00:32,084 Loaded Graph data/edges/parsing/ewt/ewt_dev/1904.edges with 20 nodes scale=1.0
2019-01-18 15:00:32,084 Building dataset
2019-01-18 15:00:32,085 Subsample: 20 points with scale 1.0 subsample=19
2019-01-18 15:00:32,106 Built Data Sampler
2019-01-18 15:00:32,106 Creating a fresh model warm_start?=None
2019-01-18 15:00:32,106 	 Warmstarting? None None 20
2019-01-18 15:00:32,107 Embedding() torch.Size([20, 10])
2019-01-18 15:00:32,107 relative No Rescale
2019-01-18 15:00:32,107 Constructed model with dim=0 and epochs=0 isnan=False
2019-01-18 15:00:32,107 SGD (
Parameter Group 0
    dampening: 0
    initial_lr: 0.1
    lr: 1.0
    momentum: 0.0
    nesterov: False
    weight_decay: 0

Parameter Group 1
    dampening: 0
    initial_lr: 0.1
    lr: 1.0
    momentum: 0.0
    nesterov: False
    weight_decay: 0

Parameter Group 2
    dampening: 0
    initial_lr: 0.1
    lr: 1.0
    momentum: 0.0
    nesterov: False
    weight_decay: 0

Parameter Group 3
    dampening: 0
    initial_lr: 0.0001
    lr: 0.001
    momentum: 0.0
    nesterov: False
    weight_decay: 0
)
2019-01-18 15:00:32,108 *** Initial Checkpoint. Computing Stats
2019-01-18 15:00:32,108 	 Computing Major Stats lazily... 
2019-01-18 15:00:32,110 		 Completed edges=380 good=380 bad=0
2019-01-18 15:00:32,113 Distortion avg=0.9984084213516686 wc=14.301846246478048 me=0.005982886981094694 mc=2390.459036192796 nan_elements=0
2019-01-18 15:00:32,113 MAP = 0.15210352422775023
2019-01-18 15:00:32,113 scale=[array([1.])]
2019-01-18 15:00:32,113 *** End Initial Checkpoint

2019-01-18 15:00:32,172 1 loss=0.9968207747514546
2019-01-18 15:00:32,173 2 loss=0.9402270548883874
2019-01-18 15:00:32,173 3 loss=0.8875135648887184
2019-01-18 15:00:32,174 4 loss=0.8400986221652329
2019-01-18 15:00:32,175 5 loss=0.7976134547656071
2019-01-18 15:00:32,176 6 loss=0.7595511846467703
2019-01-18 15:00:32,176 7 loss=0.7254153069629213
2019-01-18 15:00:32,177 8 loss=0.6947505943024274
2019-01-18 15:00:32,178 9 loss=0.6671493269827333
2019-01-18 15:00:32,178 10 loss=0.6422501889261542
2019-01-18 15:00:32,179 
*** Major Checkpoint. Computing Stats and Saving
2019-01-18 15:00:32,179 	 Computing Major Stats lazily... 
2019-01-18 15:00:32,180 		 Completed edges=380 good=380 bad=0
2019-01-18 15:00:32,183 Distortion avg=0.7596012104179872 wc=22.589439528143277 me=0.9342383868366262 mc=24.179524034151658 nan_elements=0
2019-01-18 15:00:32,183 MAP = 0.09419148194283644
2019-01-18 15:00:32,184 scale=[array([1.])]
2019-01-18 15:00:32,184 *** End Major Checkpoint

2019-01-18 15:00:32,184 11 loss=0.6197347301763764
2019-01-18 15:00:32,185 12 loss=0.5993231193022924
2019-01-18 15:00:32,186 13 loss=0.5807698653894469
2019-01-18 15:00:32,187 14 loss=0.5638597872696645
2019-01-18 15:00:32,187 15 loss=0.5484043358337432
2019-01-18 15:00:32,188 16 loss=0.534238297188987
2019-01-18 15:00:32,189 17 loss=0.5212168681305622
2019-01-18 15:00:32,190 18 loss=0.509213078984701
2019-01-18 15:00:32,190 19 loss=0.4981155323395142
2019-01-18 15:00:32,191 20 loss=0.4878264246362574
2019-01-18 15:00:32,191 
*** Major Checkpoint. Computing Stats and Saving
2019-01-18 15:00:32,191 	 Computing Major Stats lazily... 
2019-01-18 15:00:32,193 		 Completed edges=380 good=380 bad=0
2019-01-18 15:00:32,196 Distortion avg=0.6568341393570161 wc=19.792360382258884 me=1.3862095985190934 mc=14.278043092042742 nan_elements=0
2019-01-18 15:00:32,196 MAP = 0.09885095969132346
2019-01-18 15:00:32,196 scale=[array([1.])]
2019-01-18 15:00:32,196 *** End Major Checkpoint

2019-01-18 15:00:32,197 21 loss=0.4782598185684955
2019-01-18 15:00:32,198 22 loss=0.46934013642077593
2019-01-18 15:00:32,198 23 loss=0.46100084716903333
2019-01-18 15:00:32,199 24 loss=0.45318332298219277
2019-01-18 15:00:32,200 25 loss=0.44583584350638894
2019-01-18 15:00:32,201 26 loss=0.43891272887765864
2019-01-18 15:00:32,202 27 loss=0.43237358475015397
2019-01-18 15:00:32,203 28 loss=0.42618264473109985
2019-01-18 15:00:32,203 29 loss=0.4203081974848013
2019-01-18 15:00:32,204 30 loss=0.4147220874194237
2019-01-18 15:00:32,204 
*** Major Checkpoint. Computing Stats and Saving
2019-01-18 15:00:32,204 	 Computing Major Stats lazily... 
2019-01-18 15:00:32,206 		 Completed edges=380 good=380 bad=0
2019-01-18 15:00:32,209 Distortion avg=0.609671236469768 wc=17.698143886742344 me=1.6299292271900143 mc=10.858228438086119 nan_elements=0
2019-01-18 15:00:32,209 MAP = 0.10843089065360734
2019-01-18 15:00:32,209 scale=[array([1.])]
2019-01-18 15:00:32,209 *** End Major Checkpoint

2019-01-18 15:00:32,210 31 loss=0.4093992793199303
2019-01-18 15:00:32,211 32 loss=0.4043174785580899
2019-01-18 15:00:32,211 33 loss=0.3994567996155175
2019-01-18 15:00:32,212 34 loss=0.39479947661697967
2019-01-18 15:00:32,213 35 loss=0.39032961040608066
2019-01-18 15:00:32,214 36 loss=0.38603294741971117
2019-01-18 15:00:32,214 37 loss=0.381896686245415
2019-01-18 15:00:32,215 38 loss=0.3779093082896941
2019-01-18 15:00:32,216 39 loss=0.37406042945629947
2019-01-18 15:00:32,216 40 loss=0.37034067014142397
2019-01-18 15:00:32,216 
*** Major Checkpoint. Computing Stats and Saving
2019-01-18 15:00:32,217 	 Computing Major Stats lazily... 
2019-01-18 15:00:32,218 		 Completed edges=380 good=380 bad=0
2019-01-18 15:00:32,221 Distortion avg=0.5710173034964746 wc=15.933025669942758 me=1.7484298489568533 mc=9.112762333272167 nan_elements=0
2019-01-18 15:00:32,221 MAP = 0.13752974031902052
2019-01-18 15:00:32,221 scale=[array([1.])]
2019-01-18 15:00:32,222 *** End Major Checkpoint

2019-01-18 15:00:32,222 41 loss=0.3667415412059544
2019-01-18 15:00:32,223 42 loss=0.3632553438908703
2019-01-18 15:00:32,224 43 loss=0.3598750819069548
2019-01-18 15:00:32,225 44 loss=0.35659438415970746
2019-01-18 15:00:32,225 45 loss=0.3534074367695781
2019-01-18 15:00:32,226 46 loss=0.35030892322043966
2019-01-18 15:00:32,227 47 loss=0.3472939716192622
2019-01-18 15:00:32,227 48 loss=0.34435810818023316
2019-01-18 15:00:32,228 49 loss=0.3414972161598222
2019-01-18 15:00:32,229 50 loss=0.33870749956777624
2019-01-18 15:00:32,229 
*** Major Checkpoint. Computing Stats and Saving
2019-01-18 15:00:32,229 	 Computing Major Stats lazily... 
2019-01-18 15:00:32,230 		 Completed edges=380 good=380 bad=0
2019-01-18 15:00:32,233 Distortion avg=0.5388668933125569 wc=14.463965469132694 me=1.7973147624372856 mc=8.047541683527117 nan_elements=0
2019-01-18 15:00:32,234 MAP = 0.20168938196879377
2019-01-18 15:00:32,234 scale=[array([1.])]
2019-01-18 15:00:32,234 *** End Major Checkpoint

2019-01-18 15:00:32,234 final loss=0.33870749956777624
2019-01-18 15:00:32,234 best loss=0.33870749956777624, distortion=0.5388668933125569, map=0.20168938196879377, wc_dist=14.463965469132694
2019-01-18 15:00:32,234 	 Computing Major Stats lazily... 
2019-01-18 15:00:32,236 		 Completed edges=380 good=380 bad=0
2019-01-18 15:00:32,239 Distortion avg=0.5388668933125569 wc=14.463965469132694 me=1.7973147624372856 mc=8.047541683527117 nan_elements=0
2019-01-18 15:00:32,239 MAP = 0.20168938196879377
2019-01-18 15:00:32,239 scale=[array([1.])]
