2019-01-18 14:48:08,479 Commandline ['pytorch/pytorch_hyperbolic.py', 'learn', 'data/edges/parsing/ewt/ewt_dev/1905.edges', '--dim', '0', '--hyp', '0', '--edim', '10', '--euc', '1', '--sdim', '0', '--sph', '0', '--log-name', 'ewt_devr2/1905.edges.E10-1.lr1.log', '--batch-size', '65536', '--epochs', '50', '--checkpoint-freq', '10', '-g', '--subsample', '1024', '--learning-rate', '1']
2019-01-18 14:48:08,479 No Model Save selected!
2019-01-18 14:48:08,481 Loaded Graph data/edges/parsing/ewt/ewt_dev/1905.edges with 27 nodes scale=1.0
2019-01-18 14:48:08,481 Building dataset
2019-01-18 14:48:08,481 Subsample: 27 points with scale 1.0 subsample=26
2019-01-18 14:48:08,516 Built Data Sampler
2019-01-18 14:48:08,516 Creating a fresh model warm_start?=None
2019-01-18 14:48:08,516 	 Warmstarting? None None 27
2019-01-18 14:48:08,516 Embedding() torch.Size([27, 10])
2019-01-18 14:48:08,517 relative No Rescale
2019-01-18 14:48:08,517 Constructed model with dim=0 and epochs=0 isnan=False
2019-01-18 14:48:08,517 SGD (
Parameter Group 0
    dampening: 0
    initial_lr: 0.1
    lr: 1.0
    momentum: 0.0
    nesterov: False
    weight_decay: 0

Parameter Group 1
    dampening: 0
    initial_lr: 0.1
    lr: 1.0
    momentum: 0.0
    nesterov: False
    weight_decay: 0

Parameter Group 2
    dampening: 0
    initial_lr: 0.1
    lr: 1.0
    momentum: 0.0
    nesterov: False
    weight_decay: 0

Parameter Group 3
    dampening: 0
    initial_lr: 0.0001
    lr: 0.001
    momentum: 0.0
    nesterov: False
    weight_decay: 0
)
2019-01-18 14:48:08,517 *** Initial Checkpoint. Computing Stats
2019-01-18 14:48:08,517 	 Computing Major Stats lazily... 
2019-01-18 14:48:08,520 		 Completed edges=702 good=702 bad=0
2019-01-18 14:48:08,525 Distortion avg=0.9985419441095086 wc=20.128570722535272 me=0.005970386167530054 mc=3371.4018084800787 nan_elements=0
2019-01-18 14:48:08,525 MAP = 0.14064893425182556
2019-01-18 14:48:08,525 scale=[array([1.])]
2019-01-18 14:48:08,525 *** End Initial Checkpoint

2019-01-18 14:48:08,583 1 loss=0.9970871338717697
2019-01-18 14:48:08,584 2 loss=0.9622348644909511
2019-01-18 14:48:08,585 3 loss=0.928488016127563
2019-01-18 14:48:08,586 4 loss=0.8967228894205468
2019-01-18 14:48:08,587 5 loss=0.8669448597951189
2019-01-18 14:48:08,588 6 loss=0.8390618551754188
2019-01-18 14:48:08,589 7 loss=0.812958844755483
2019-01-18 14:48:08,590 8 loss=0.7885169799238273
2019-01-18 14:48:08,591 9 loss=0.7656203370366094
2019-01-18 14:48:08,592 10 loss=0.7441585906588921
2019-01-18 14:48:08,592 
*** Major Checkpoint. Computing Stats and Saving
2019-01-18 14:48:08,592 	 Computing Major Stats lazily... 
2019-01-18 14:48:08,595 		 Completed edges=702 good=702 bad=0
2019-01-18 14:48:08,599 Distortion avg=0.8392664772136988 wc=24.25842828353463 me=0.8103325722949234 mc=29.936385519877252 nan_elements=0
2019-01-18 14:48:08,599 MAP = 0.07241083439661149
2019-01-18 14:48:08,599 scale=[array([1.])]
2019-01-18 14:48:08,599 *** End Major Checkpoint

2019-01-18 14:48:08,600 11 loss=0.724028047113828
2019-01-18 14:48:08,601 12 loss=0.7051319320114795
2019-01-18 14:48:08,602 13 loss=0.6873803141331392
2019-01-18 14:48:08,603 14 loss=0.6706898474317285
2019-01-18 14:48:08,604 15 loss=0.6549834242456432
2019-01-18 14:48:08,605 16 loss=0.6401897899526879
2019-01-18 14:48:08,605 17 loss=0.6262431470695464
2019-01-18 14:48:08,606 18 loss=0.6130827646423022
2019-01-18 14:48:08,607 19 loss=0.6006526018335968
2019-01-18 14:48:08,608 20 loss=0.5889009505237364
2019-01-18 14:48:08,608 
*** Major Checkpoint. Computing Stats and Saving
2019-01-18 14:48:08,608 	 Computing Major Stats lazily... 
2019-01-18 14:48:08,611 		 Completed edges=702 good=702 bad=0
2019-01-18 14:48:08,615 Distortion avg=0.7313718171664633 wc=21.83304631694795 me=1.305921904755814 mc=16.718493071781634 nan_elements=0
2019-01-18 14:48:08,615 MAP = 0.07206851619073118
2019-01-18 14:48:08,615 scale=[array([1.])]
2019-01-18 14:48:08,615 *** End Major Checkpoint

2019-01-18 14:48:08,616 21 loss=0.5777800992804075
2019-01-18 14:48:08,617 22 loss=0.5672460195489898
2019-01-18 14:48:08,618 23 loss=0.5572580739961815
2019-01-18 14:48:08,619 24 loss=0.5477787463832321
2019-01-18 14:48:08,620 25 loss=0.5387733920182938
2019-01-18 14:48:08,621 26 loss=0.5302100076578131
2019-01-18 14:48:08,622 27 loss=0.5220590196421879
2019-01-18 14:48:08,623 28 loss=0.5142930890274676
2019-01-18 14:48:08,624 29 loss=0.5068869324905968
2019-01-18 14:48:08,625 30 loss=0.4998171578259545
2019-01-18 14:48:08,625 
*** Major Checkpoint. Computing Stats and Saving
2019-01-18 14:48:08,625 	 Computing Major Stats lazily... 
2019-01-18 14:48:08,628 		 Completed edges=702 good=702 bad=0
2019-01-18 14:48:08,632 Distortion avg=0.6742104325368129 wc=19.363267886080017 me=1.5886935117823566 mc=12.188170809835027 nan_elements=0
2019-01-18 14:48:08,632 MAP = 0.07491943925930107
2019-01-18 14:48:08,632 scale=[array([1.])]
2019-01-18 14:48:08,632 *** End Major Checkpoint

2019-01-18 14:48:08,633 31 loss=0.4930621129060549
2019-01-18 14:48:08,634 32 loss=0.48660174704257697
2019-01-18 14:48:08,635 33 loss=0.4804174837511179
2019-01-18 14:48:08,636 34 loss=0.4744921039912136
2019-01-18 14:48:08,637 35 loss=0.46880963902030565
2019-01-18 14:48:08,638 36 loss=0.4633552720652761
2019-01-18 14:48:08,639 37 loss=0.4581152480770767
2019-01-18 14:48:08,640 38 loss=0.4530767908924482
2019-01-18 14:48:08,641 39 loss=0.4482280271815353
2019-01-18 14:48:08,642 40 loss=0.4435579166112968
2019-01-18 14:48:08,642 
*** Major Checkpoint. Computing Stats and Saving
2019-01-18 14:48:08,642 	 Computing Major Stats lazily... 
2019-01-18 14:48:08,645 		 Completed edges=702 good=702 bad=0
2019-01-18 14:48:08,649 Distortion avg=0.636527526853895 wc=17.180040514107322 me=1.7379931134946276 mc=9.884987679590381 nan_elements=0
2019-01-18 14:48:08,649 MAP = 0.07857105692011943
2019-01-18 14:48:08,649 scale=[array([1.])]
2019-01-18 14:48:08,649 *** End Major Checkpoint

2019-01-18 14:48:08,650 41 loss=0.4390561877020072
2019-01-18 14:48:08,651 42 loss=0.43471327889799155
2019-01-18 14:48:08,652 43 loss=0.4305202844141789
2019-01-18 14:48:08,653 44 loss=0.42646890445725766
2019-01-18 14:48:08,654 45 loss=0.42255139945439896
2019-01-18 14:48:08,656 46 loss=0.4187605479538742
2019-01-18 14:48:08,657 47 loss=0.41508960789060784
2019-01-18 14:48:08,657 48 loss=0.41153228093601324
2019-01-18 14:48:08,658 49 loss=0.40808267967550904
2019-01-18 14:48:08,659 50 loss=0.40473529737909797
2019-01-18 14:48:08,659 
*** Major Checkpoint. Computing Stats and Saving
2019-01-18 14:48:08,659 	 Computing Major Stats lazily... 
2019-01-18 14:48:08,662 		 Completed edges=702 good=702 bad=0
2019-01-18 14:48:08,666 Distortion avg=0.6048762070960886 wc=15.304349909517207 me=1.8043147016949541 mc=8.48208458044512 nan_elements=0
2019-01-18 14:48:08,666 MAP = 0.08821934032371853
2019-01-18 14:48:08,666 scale=[array([1.])]
2019-01-18 14:48:08,667 *** End Major Checkpoint

2019-01-18 14:48:08,667 final loss=0.40473529737909797
2019-01-18 14:48:08,667 best loss=0.40473529737909797, distortion=0.6048762070960886, map=0.08821934032371853, wc_dist=15.304349909517207
2019-01-18 14:48:08,667 	 Computing Major Stats lazily... 
2019-01-18 14:48:08,669 		 Completed edges=702 good=702 bad=0
2019-01-18 14:48:08,674 Distortion avg=0.6048762070960885 wc=15.304349909517207 me=1.8043147016949541 mc=8.48208458044512 nan_elements=0
2019-01-18 14:48:08,674 MAP = 0.08821934032371856
2019-01-18 14:48:08,674 scale=[array([1.])]
