2019-01-18 15:06:41,995 Commandline ['pytorch/pytorch_hyperbolic.py', 'learn', 'data/edges/parsing/ewt/ewt_dev/1907.edges', '--dim', '0', '--hyp', '0', '--edim', '10', '--euc', '1', '--sdim', '0', '--sph', '0', '--log-name', 'ewt_devr2/1907.edges.E10-1.lr1.log', '--batch-size', '65536', '--epochs', '50', '--checkpoint-freq', '10', '-g', '--subsample', '1024', '--learning-rate', '1']
2019-01-18 15:06:41,995 No Model Save selected!
2019-01-18 15:06:41,997 Loaded Graph data/edges/parsing/ewt/ewt_dev/1907.edges with 6 nodes scale=1.0
2019-01-18 15:06:41,997 Building dataset
2019-01-18 15:06:41,997 Subsample: 6 points with scale 1.0 subsample=5
2019-01-18 15:06:42,002 Built Data Sampler
2019-01-18 15:06:42,002 Creating a fresh model warm_start?=None
2019-01-18 15:06:42,002 	 Warmstarting? None None 6
2019-01-18 15:06:42,002 Embedding() torch.Size([6, 10])
2019-01-18 15:06:42,003 relative No Rescale
2019-01-18 15:06:42,003 Constructed model with dim=0 and epochs=0 isnan=False
2019-01-18 15:06:42,003 SGD (
Parameter Group 0
    dampening: 0
    initial_lr: 0.1
    lr: 1.0
    momentum: 0.0
    nesterov: False
    weight_decay: 0

Parameter Group 1
    dampening: 0
    initial_lr: 0.1
    lr: 1.0
    momentum: 0.0
    nesterov: False
    weight_decay: 0

Parameter Group 2
    dampening: 0
    initial_lr: 0.1
    lr: 1.0
    momentum: 0.0
    nesterov: False
    weight_decay: 0

Parameter Group 3
    dampening: 0
    initial_lr: 0.0001
    lr: 0.001
    momentum: 0.0
    nesterov: False
    weight_decay: 0
)
2019-01-18 15:06:42,003 *** Initial Checkpoint. Computing Stats
2019-01-18 15:06:42,003 	 Computing Major Stats lazily... 
2019-01-18 15:06:42,004 		 Completed edges=30 good=30 bad=0
2019-01-18 15:06:42,005 Distortion avg=0.9971711254629567 wc=3.7466196374301495 me=0.005628252251848828 mc=665.6808312384045 nan_elements=0
2019-01-18 15:06:42,005 MAP = 0.45902777777777776
2019-01-18 15:06:42,005 scale=[array([1.])]
2019-01-18 15:06:42,005 *** End Initial Checkpoint

2019-01-18 15:06:42,063 1 loss=0.994352023699669
2019-01-18 15:06:42,064 2 loss=0.4713515963758995
2019-01-18 15:06:42,064 3 loss=0.3160849694747107
2019-01-18 15:06:42,065 4 loss=0.2462909549010964
2019-01-18 15:06:42,065 5 loss=0.2004487235885964
2019-01-18 15:06:42,066 6 loss=0.16628568692670642
2019-01-18 15:06:42,066 7 loss=0.1397906897082035
2019-01-18 15:06:42,066 8 loss=0.1188268359453665
2019-01-18 15:06:42,067 9 loss=0.10196004734042784
2019-01-18 15:06:42,067 10 loss=0.08817698632713294
2019-01-18 15:06:42,067 
*** Major Checkpoint. Computing Stats and Saving
2019-01-18 15:06:42,068 	 Computing Major Stats lazily... 
2019-01-18 15:06:42,068 		 Completed edges=30 good=30 bad=0
2019-01-18 15:06:42,069 Distortion avg=0.25273160457787314 wc=2.2419105078421446 me=1.2148713656257 mc=1.8453892085006751 nan_elements=0
2019-01-18 15:06:42,069 MAP = 1.0
2019-01-18 15:06:42,069 scale=[array([1.])]
2019-01-18 15:06:42,069 *** End Major Checkpoint

2019-01-18 15:06:42,070 11 loss=0.07676414897724888
2019-01-18 15:06:42,070 12 loss=0.06721990557886123
2019-01-18 15:06:42,071 13 loss=0.05918464471249215
2019-01-18 15:06:42,071 14 loss=0.05239028796843204
2019-01-18 15:06:42,072 15 loss=0.04662777550341013
2019-01-18 15:06:42,072 16 loss=0.04172801286848807
2019-01-18 15:06:42,072 17 loss=0.03755124759483921
2019-01-18 15:06:42,073 18 loss=0.033980976322393115
2019-01-18 15:06:42,073 19 loss=0.030919989135858368
2019-01-18 15:06:42,074 20 loss=0.028287348363586637
2019-01-18 15:06:42,074 
*** Major Checkpoint. Computing Stats and Saving
2019-01-18 15:06:42,074 	 Computing Major Stats lazily... 
2019-01-18 15:06:42,074 		 Completed edges=30 good=30 bad=0
2019-01-18 15:06:42,075 Distortion avg=0.14806983588042957 wc=1.5651260992153084 me=1.1423102805999972 mc=1.3701409553919341 nan_elements=0
2019-01-18 15:06:42,076 MAP = 1.0
2019-01-18 15:06:42,076 scale=[array([1.])]
2019-01-18 15:06:42,076 *** End Major Checkpoint

2019-01-18 15:06:42,076 21 loss=0.02601581715444478
2019-01-18 15:06:42,077 22 loss=0.024049596914835207
2019-01-18 15:06:42,077 23 loss=0.022342354855451937
2019-01-18 15:06:42,078 24 loss=0.0208555427462686
2019-01-18 15:06:42,078 25 loss=0.019556994682129528
2019-01-18 15:06:42,079 26 loss=0.018419776206776213
2019-01-18 15:06:42,079 27 loss=0.017421248879968092
2019-01-18 15:06:42,080 28 loss=0.01654231323604121
2019-01-18 15:06:42,080 29 loss=0.015766796340642392
2019-01-18 15:06:42,081 30 loss=0.01508095525095408
2019-01-18 15:06:42,081 
*** Major Checkpoint. Computing Stats and Saving
2019-01-18 15:06:42,081 	 Computing Major Stats lazily... 
2019-01-18 15:06:42,081 		 Completed edges=30 good=30 bad=0
2019-01-18 15:06:42,082 Distortion avg=0.1118904911595842 wc=1.3961311005998343 me=1.1425148100339622 mc=1.2219807466288626 nan_elements=0
2019-01-18 15:06:42,083 MAP = 1.0
2019-01-18 15:06:42,083 scale=[array([1.])]
2019-01-18 15:06:42,083 *** End Major Checkpoint

2019-01-18 15:06:42,083 31 loss=0.014473073001433821
2019-01-18 15:06:42,084 32 loss=0.013933128486515558
2019-01-18 15:06:42,084 33 loss=0.013452525540506261
2019-01-18 15:06:42,085 34 loss=0.013023869639049087
2019-01-18 15:06:42,085 35 loss=0.012640783086030954
2019-01-18 15:06:42,086 36 loss=0.01229775144408449
2019-01-18 15:06:42,086 37 loss=0.01198999543984423
2019-01-18 15:06:42,087 38 loss=0.011713363726037799
2019-01-18 15:06:42,087 39 loss=0.011464242787027706
2019-01-18 15:06:42,087 40 loss=0.01123948098936998
2019-01-18 15:06:42,088 
*** Major Checkpoint. Computing Stats and Saving
2019-01-18 15:06:42,088 	 Computing Major Stats lazily... 
2019-01-18 15:06:42,088 		 Completed edges=30 good=30 bad=0
2019-01-18 15:06:42,089 Distortion avg=0.09840235208551205 wc=1.3172460568591013 me=1.1358626377713417 mc=1.1596878117618599 nan_elements=0
2019-01-18 15:06:42,089 MAP = 1.0
2019-01-18 15:06:42,089 scale=[array([1.])]
2019-01-18 15:06:42,089 *** End Major Checkpoint

2019-01-18 15:06:42,090 41 loss=0.011036324346910896
2019-01-18 15:06:42,090 42 loss=0.01085236202307806
2019-01-18 15:06:42,091 43 loss=0.010685479955902256
2019-01-18 15:06:42,091 44 loss=0.010533821282886668
2019-01-18 15:06:42,092 45 loss=0.010395752477872154
2019-01-18 15:06:42,092 46 loss=0.010269834302089314
2019-01-18 15:06:42,093 47 loss=0.01015479682574246
2019-01-18 15:06:42,093 48 loss=0.010049517901922154
2019-01-18 15:06:42,093 49 loss=0.009953004577086711
2019-01-18 15:06:42,094 50 loss=0.009864377006301656
2019-01-18 15:06:42,094 
*** Major Checkpoint. Computing Stats and Saving
2019-01-18 15:06:42,094 	 Computing Major Stats lazily... 
2019-01-18 15:06:42,094 		 Completed edges=30 good=30 bad=0
2019-01-18 15:06:42,095 Distortion avg=0.09416058264490142 wc=1.2760596748128774 me=1.1302938984661017 mc=1.1289627207088275 nan_elements=0
2019-01-18 15:06:42,095 MAP = 1.0
2019-01-18 15:06:42,096 scale=[array([1.])]
2019-01-18 15:06:42,096 *** End Major Checkpoint

2019-01-18 15:06:42,096 final loss=0.009864377006301656
2019-01-18 15:06:42,096 best loss=0.009864377006301656, distortion=0.09416058264490142, map=1.0, wc_dist=1.2760596748128774
2019-01-18 15:06:42,096 	 Computing Major Stats lazily... 
2019-01-18 15:06:42,096 		 Completed edges=30 good=30 bad=0
2019-01-18 15:06:42,097 Distortion avg=0.09416058264490139 wc=1.2760596748128774 me=1.1302938984661017 mc=1.1289627207088275 nan_elements=0
2019-01-18 15:06:42,097 MAP = 1.0
2019-01-18 15:06:42,098 scale=[array([1.])]
