2019-01-18 14:40:35,891 Commandline ['pytorch/pytorch_hyperbolic.py', 'learn', 'data/edges/parsing/ewt/ewt_dev/1912.edges', '--dim', '0', '--hyp', '0', '--edim', '10', '--euc', '1', '--sdim', '0', '--sph', '0', '--log-name', 'ewt_devr2/1912.edges.E10-1.lr1.log', '--batch-size', '65536', '--epochs', '50', '-g', '--subsample', '1024', '--learning-rate', '1']
2019-01-18 14:40:35,891 No Model Save selected!
2019-01-18 14:40:35,893 Loaded Graph data/edges/parsing/ewt/ewt_dev/1912.edges with 12 nodes scale=1.0
2019-01-18 14:40:35,893 Building dataset
2019-01-18 14:40:35,893 Subsample: 12 points with scale 1.0 subsample=11
2019-01-18 14:40:35,903 Built Data Sampler
2019-01-18 14:40:35,903 Creating a fresh model warm_start?=None
2019-01-18 14:40:35,903 	 Warmstarting? None None 12
2019-01-18 14:40:35,904 Embedding() torch.Size([12, 10])
2019-01-18 14:40:35,904 relative No Rescale
2019-01-18 14:40:35,904 Constructed model with dim=0 and epochs=0 isnan=False
2019-01-18 14:40:35,905 SGD (
Parameter Group 0
    dampening: 0
    initial_lr: 0.1
    lr: 1.0
    momentum: 0.0
    nesterov: False
    weight_decay: 0

Parameter Group 1
    dampening: 0
    initial_lr: 0.1
    lr: 1.0
    momentum: 0.0
    nesterov: False
    weight_decay: 0

Parameter Group 2
    dampening: 0
    initial_lr: 0.1
    lr: 1.0
    momentum: 0.0
    nesterov: False
    weight_decay: 0

Parameter Group 3
    dampening: 0
    initial_lr: 0.0001
    lr: 0.001
    momentum: 0.0
    nesterov: False
    weight_decay: 0
)
2019-01-18 14:40:35,905 *** Initial Checkpoint. Computing Stats
2019-01-18 14:40:35,905 	 Computing Major Stats lazily... 
2019-01-18 14:40:35,906 		 Completed edges=132 good=132 bad=0
2019-01-18 14:40:35,908 Distortion avg=0.9979588653118115 wc=9.334518094379145 me=0.005628252251848828 mc=1658.5109687137503 nan_elements=0
2019-01-18 14:40:35,908 MAP = 0.26239853896103893
2019-01-18 14:40:35,908 scale=[array([1.])]
2019-01-18 14:40:35,908 *** End Initial Checkpoint

2019-01-18 14:40:35,967 1 loss=0.9959233593121043
2019-01-18 14:40:35,967 2 loss=0.8365678891976782
2019-01-18 14:40:35,968 3 loss=0.7126349493055673
2019-01-18 14:40:35,969 4 loss=0.6200463245762309
2019-01-18 14:40:35,969 5 loss=0.5503100629410713
2019-01-18 14:40:35,970 6 loss=0.4969338182194242
2019-01-18 14:40:35,971 7 loss=0.4552806544917402
2019-01-18 14:40:35,971 8 loss=0.42209248467966
2019-01-18 14:40:35,972 9 loss=0.3950866051771079
2019-01-18 14:40:35,972 10 loss=0.37265917753946753
2019-01-18 14:40:35,973 11 loss=0.353676450408453
2019-01-18 14:40:35,973 12 loss=0.3373301600502388
2019-01-18 14:40:35,974 13 loss=0.3230380135998348
2019-01-18 14:40:35,975 14 loss=0.310375307100961
2019-01-18 14:40:35,975 15 loss=0.2990278913364091
2019-01-18 14:40:35,976 16 loss=0.2887597400419335
2019-01-18 14:40:35,976 17 loss=0.27939050892366646
2019-01-18 14:40:35,977 18 loss=0.2707799423904747
2019-01-18 14:40:35,978 19 loss=0.26281698632174777
2019-01-18 14:40:35,978 20 loss=0.2554121454631817
2019-01-18 14:40:35,979 21 loss=0.24849208579617352
2019-01-18 14:40:35,980 22 loss=0.24199579598565946
2019-01-18 14:40:35,980 23 loss=0.23587183567998513
2019-01-18 14:40:35,981 24 loss=0.23007634436846647
2019-01-18 14:40:35,981 25 loss=0.2245715845048628
2019-01-18 14:40:35,982 26 loss=0.21932486138034007
2019-01-18 14:40:35,983 27 loss=0.21430770970708707
2019-01-18 14:40:35,983 28 loss=0.20949526977734897
2019-01-18 14:40:35,984 29 loss=0.2048657989596445
2019-01-18 14:40:35,984 30 loss=0.20040028029706078
2019-01-18 14:40:35,985 31 loss=0.19608210120976727
2019-01-18 14:40:35,986 32 loss=0.1918967832339342
2019-01-18 14:40:35,986 33 loss=0.18783174935411984
2019-01-18 14:40:35,987 34 loss=0.1838761194953086
2019-01-18 14:40:35,987 35 loss=0.18002052760906886
2019-01-18 14:40:35,988 36 loss=0.17625695584349307
2019-01-18 14:40:35,988 37 loss=0.17257858275560023
2019-01-18 14:40:35,989 38 loss=0.16897964356589232
2019-01-18 14:40:35,989 39 loss=0.1654553011793627
2019-01-18 14:40:35,990 40 loss=0.16200152718573105
2019-01-18 14:40:35,990 41 loss=0.15861499236330046
2019-01-18 14:40:35,991 42 loss=0.15529296639073703
2019-01-18 14:40:35,992 43 loss=0.15203322655465312
2019-01-18 14:40:35,992 44 loss=0.1488339752565069
2019-01-18 14:40:35,993 45 loss=0.14569376609299486
2019-01-18 14:40:35,993 46 loss=0.14261143822828048
2019-01-18 14:40:35,994 47 loss=0.13958605870868665
2019-01-18 14:40:35,994 48 loss=0.13661687230192288
2019-01-18 14:40:35,995 49 loss=0.13370325838145314
2019-01-18 14:40:35,996 50 loss=0.13084469432737084
2019-01-18 14:40:35,996 final loss=0.13084469432737084
2019-01-18 14:40:35,996 best loss=10000000000.0, distortion=10000000000.0, map=0.0, wc_dist=10000000000.0
2019-01-18 14:40:35,996 	 Computing Major Stats lazily... 
2019-01-18 14:40:35,997 		 Completed edges=132 good=132 bad=0
2019-01-18 14:40:35,999 Distortion avg=0.32066781635877334 wc=3.5258892683329535 me=1.507536009407806 mc=2.3388424862355373 nan_elements=0
2019-01-18 14:40:35,999 MAP = 0.9633101851851853
2019-01-18 14:40:35,999 scale=[array([1.])]
2019-01-18 14:44:50,374 Commandline ['pytorch/pytorch_hyperbolic.py', 'learn', 'data/edges/parsing/ewt/ewt_dev/1912.edges', '--dim', '0', '--hyp', '0', '--edim', '10', '--euc', '1', '--sdim', '0', '--sph', '0', '--log-name', 'ewt_devr2/1912.edges.E10-1.lr1.log', '--batch-size', '65536', '--epochs', '50', '--checkpoint-freq', '10', '-g', '--subsample', '1024', '--learning-rate', '1']
2019-01-18 14:44:50,374 No Model Save selected!
2019-01-18 14:44:50,375 Loaded Graph data/edges/parsing/ewt/ewt_dev/1912.edges with 12 nodes scale=1.0
2019-01-18 14:44:50,375 Building dataset
2019-01-18 14:44:50,376 Subsample: 12 points with scale 1.0 subsample=11
2019-01-18 14:44:50,386 Built Data Sampler
2019-01-18 14:44:50,386 Creating a fresh model warm_start?=None
2019-01-18 14:44:50,386 	 Warmstarting? None None 12
2019-01-18 14:44:50,387 Embedding() torch.Size([12, 10])
2019-01-18 14:44:50,387 relative No Rescale
2019-01-18 14:44:50,387 Constructed model with dim=0 and epochs=0 isnan=False
2019-01-18 14:44:50,387 SGD (
Parameter Group 0
    dampening: 0
    initial_lr: 0.1
    lr: 1.0
    momentum: 0.0
    nesterov: False
    weight_decay: 0

Parameter Group 1
    dampening: 0
    initial_lr: 0.1
    lr: 1.0
    momentum: 0.0
    nesterov: False
    weight_decay: 0

Parameter Group 2
    dampening: 0
    initial_lr: 0.1
    lr: 1.0
    momentum: 0.0
    nesterov: False
    weight_decay: 0

Parameter Group 3
    dampening: 0
    initial_lr: 0.0001
    lr: 0.001
    momentum: 0.0
    nesterov: False
    weight_decay: 0
)
2019-01-18 14:44:50,388 *** Initial Checkpoint. Computing Stats
2019-01-18 14:44:50,388 	 Computing Major Stats lazily... 
2019-01-18 14:44:50,389 		 Completed edges=132 good=132 bad=0
2019-01-18 14:44:50,391 Distortion avg=0.9979588653118115 wc=9.334518094379145 me=0.005628252251848828 mc=1658.5109687137503 nan_elements=0
2019-01-18 14:44:50,391 MAP = 0.26239853896103893
2019-01-18 14:44:50,391 scale=[array([1.])]
2019-01-18 14:44:50,391 *** End Initial Checkpoint

2019-01-18 14:44:50,449 1 loss=0.9959233593121043
2019-01-18 14:44:50,450 2 loss=0.8365678891976782
2019-01-18 14:44:50,451 3 loss=0.7126349493055673
2019-01-18 14:44:50,451 4 loss=0.6200463245762309
2019-01-18 14:44:50,452 5 loss=0.5503100629410713
2019-01-18 14:44:50,452 6 loss=0.4969338182194242
2019-01-18 14:44:50,453 7 loss=0.4552806544917402
2019-01-18 14:44:50,454 8 loss=0.42209248467966
2019-01-18 14:44:50,454 9 loss=0.3950866051771079
2019-01-18 14:44:50,455 10 loss=0.37265917753946753
2019-01-18 14:44:50,455 
*** Major Checkpoint. Computing Stats and Saving
2019-01-18 14:44:50,455 	 Computing Major Stats lazily... 
2019-01-18 14:44:50,456 		 Completed edges=132 good=132 bad=0
2019-01-18 14:44:50,458 Distortion avg=0.5523743843783715 wc=8.480534801018239 me=1.3712532245442342 mc=6.184514026457024 nan_elements=0
2019-01-18 14:44:50,458 MAP = 0.17674287518037515
2019-01-18 14:44:50,458 scale=[array([1.])]
2019-01-18 14:44:50,458 *** End Major Checkpoint

2019-01-18 14:44:50,459 11 loss=0.35367645040845314
2019-01-18 14:44:50,459 12 loss=0.3373301600502388
2019-01-18 14:44:50,460 13 loss=0.3230380135998348
2019-01-18 14:44:50,461 14 loss=0.31037530710096106
2019-01-18 14:44:50,461 15 loss=0.29902789133640906
2019-01-18 14:44:50,462 16 loss=0.2887597400419335
2019-01-18 14:44:50,462 17 loss=0.27939050892366646
2019-01-18 14:44:50,463 18 loss=0.2707799423904748
2019-01-18 14:44:50,463 19 loss=0.26281698632174777
2019-01-18 14:44:50,464 20 loss=0.2554121454631817
2019-01-18 14:44:50,464 
*** Major Checkpoint. Computing Stats and Saving
2019-01-18 14:44:50,464 	 Computing Major Stats lazily... 
2019-01-18 14:44:50,465 		 Completed edges=132 good=132 bad=0
2019-01-18 14:44:50,467 Distortion avg=0.46643538803601187 wc=6.334506278619051 me=1.5379022520232606 mc=4.118926459913424 nan_elements=0
2019-01-18 14:44:50,467 MAP = 0.28368055555555555
2019-01-18 14:44:50,467 scale=[array([1.])]
2019-01-18 14:44:50,467 *** End Major Checkpoint

2019-01-18 14:44:50,468 21 loss=0.24849208579617352
2019-01-18 14:44:50,468 22 loss=0.24199579598565943
2019-01-18 14:44:50,469 23 loss=0.23587183567998513
2019-01-18 14:44:50,469 24 loss=0.23007634436846652
2019-01-18 14:44:50,470 25 loss=0.2245715845048628
2019-01-18 14:44:50,470 26 loss=0.2193248613803401
2019-01-18 14:44:50,471 27 loss=0.2143077097070871
2019-01-18 14:44:50,471 28 loss=0.20949526977734903
2019-01-18 14:44:50,472 29 loss=0.2048657989596445
2019-01-18 14:44:50,473 30 loss=0.20040028029706078
2019-01-18 14:44:50,473 
*** Major Checkpoint. Computing Stats and Saving
2019-01-18 14:44:50,473 	 Computing Major Stats lazily... 
2019-01-18 14:44:50,473 		 Completed edges=132 good=132 bad=0
2019-01-18 14:44:50,475 Distortion avg=0.4022539687775544 wc=5.028224127276867 me=1.5577430415487588 mc=3.227890604009788 nan_elements=0
2019-01-18 14:44:50,475 MAP = 0.5250992063492064
2019-01-18 14:44:50,476 scale=[array([1.])]
2019-01-18 14:44:50,476 *** End Major Checkpoint

2019-01-18 14:44:50,476 31 loss=0.19608210120976724
2019-01-18 14:44:50,478 32 loss=0.1918967832339342
2019-01-18 14:44:50,478 33 loss=0.18783174935411984
2019-01-18 14:44:50,479 34 loss=0.18387611949530863
2019-01-18 14:44:50,480 35 loss=0.1800205276090689
2019-01-18 14:44:50,480 36 loss=0.17625695584349305
2019-01-18 14:44:50,481 37 loss=0.1725785827556002
2019-01-18 14:44:50,481 38 loss=0.16897964356589232
2019-01-18 14:44:50,482 39 loss=0.1654553011793627
2019-01-18 14:44:50,482 40 loss=0.16200152718573108
2019-01-18 14:44:50,483 
*** Major Checkpoint. Computing Stats and Saving
2019-01-18 14:44:50,483 	 Computing Major Stats lazily... 
2019-01-18 14:44:50,483 		 Completed edges=132 good=132 bad=0
2019-01-18 14:44:50,485 Distortion avg=0.3596325598846035 wc=4.116937157775114 me=1.5512013593085683 mc=2.654031427364269 nan_elements=0
2019-01-18 14:44:50,486 MAP = 0.8636574074074074
2019-01-18 14:44:50,486 scale=[array([1.])]
2019-01-18 14:44:50,486 *** End Major Checkpoint

2019-01-18 14:44:50,486 41 loss=0.1586149923633004
2019-01-18 14:44:50,487 42 loss=0.15529296639073709
2019-01-18 14:44:50,488 43 loss=0.15203322655465312
2019-01-18 14:44:50,488 44 loss=0.14883397525650688
2019-01-18 14:44:50,489 45 loss=0.14569376609299484
2019-01-18 14:44:50,489 46 loss=0.14261143822828043
2019-01-18 14:44:50,490 47 loss=0.13958605870868668
2019-01-18 14:44:50,490 48 loss=0.13661687230192285
2019-01-18 14:44:50,491 49 loss=0.1337032583814531
2019-01-18 14:44:50,491 50 loss=0.1308446943273708
2019-01-18 14:44:50,492 
*** Major Checkpoint. Computing Stats and Saving
2019-01-18 14:44:50,492 	 Computing Major Stats lazily... 
2019-01-18 14:44:50,492 		 Completed edges=132 good=132 bad=0
2019-01-18 14:44:50,494 Distortion avg=0.3206678163587735 wc=3.5258892683329535 me=1.507536009407806 mc=2.3388424862355373 nan_elements=0
2019-01-18 14:44:50,495 MAP = 0.9633101851851852
2019-01-18 14:44:50,495 scale=[array([1.])]
2019-01-18 14:44:50,495 *** End Major Checkpoint

2019-01-18 14:44:50,495 final loss=0.1308446943273708
2019-01-18 14:44:50,495 best loss=0.1308446943273708, distortion=0.3206678163587735, map=0.9633101851851852, wc_dist=3.5258892683329535
2019-01-18 14:44:50,495 	 Computing Major Stats lazily... 
2019-01-18 14:44:50,496 		 Completed edges=132 good=132 bad=0
2019-01-18 14:44:50,498 Distortion avg=0.32066781635877323 wc=3.5258892683329535 me=1.507536009407806 mc=2.3388424862355373 nan_elements=0
2019-01-18 14:44:50,498 MAP = 0.9633101851851852
2019-01-18 14:44:50,498 scale=[array([1.])]
