2019-01-18 14:45:45,963 Commandline ['pytorch/pytorch_hyperbolic.py', 'learn', 'data/edges/parsing/ewt/ewt_dev/1921.edges', '--dim', '0', '--hyp', '0', '--edim', '10', '--euc', '1', '--sdim', '0', '--sph', '0', '--log-name', 'ewt_devr2/1921.edges.E10-1.lr1.log', '--batch-size', '65536', '--epochs', '50', '--checkpoint-freq', '10', '-g', '--subsample', '1024', '--learning-rate', '1']
2019-01-18 14:45:45,963 No Model Save selected!
2019-01-18 14:45:45,964 Loaded Graph data/edges/parsing/ewt/ewt_dev/1921.edges with 12 nodes scale=1.0
2019-01-18 14:45:45,964 Building dataset
2019-01-18 14:45:45,965 Subsample: 12 points with scale 1.0 subsample=11
2019-01-18 14:45:45,977 Built Data Sampler
2019-01-18 14:45:45,977 Creating a fresh model warm_start?=None
2019-01-18 14:45:45,977 	 Warmstarting? None None 12
2019-01-18 14:45:45,978 Embedding() torch.Size([12, 10])
2019-01-18 14:45:45,978 relative No Rescale
2019-01-18 14:45:45,978 Constructed model with dim=0 and epochs=0 isnan=False
2019-01-18 14:45:45,979 SGD (
Parameter Group 0
    dampening: 0
    initial_lr: 0.1
    lr: 1.0
    momentum: 0.0
    nesterov: False
    weight_decay: 0

Parameter Group 1
    dampening: 0
    initial_lr: 0.1
    lr: 1.0
    momentum: 0.0
    nesterov: False
    weight_decay: 0

Parameter Group 2
    dampening: 0
    initial_lr: 0.1
    lr: 1.0
    momentum: 0.0
    nesterov: False
    weight_decay: 0

Parameter Group 3
    dampening: 0
    initial_lr: 0.0001
    lr: 0.001
    momentum: 0.0
    nesterov: False
    weight_decay: 0
)
2019-01-18 14:45:45,979 *** Initial Checkpoint. Computing Stats
2019-01-18 14:45:45,979 	 Computing Major Stats lazily... 
2019-01-18 14:45:45,980 		 Completed edges=132 good=132 bad=0
2019-01-18 14:45:45,982 Distortion avg=0.9979658299106751 wc=7.821769303279778 me=0.005628252251848828 mc=1389.7332516875733 nan_elements=0
2019-01-18 14:45:45,982 MAP = 0.31459160052910046
2019-01-18 14:45:45,983 scale=[array([1.])]
2019-01-18 14:45:45,983 *** End Initial Checkpoint

2019-01-18 14:45:46,046 1 loss=0.9959371290551685
2019-01-18 14:45:46,047 2 loss=0.8341848274519275
2019-01-18 14:45:46,048 3 loss=0.7088761932824874
2019-01-18 14:45:46,048 4 loss=0.6157306364078771
2019-01-18 14:45:46,049 5 loss=0.5454583000633303
2019-01-18 14:45:46,049 6 loss=0.4912594546522622
2019-01-18 14:45:46,050 7 loss=0.4484498959490314
2019-01-18 14:45:46,051 8 loss=0.41383501176969256
2019-01-18 14:45:46,051 9 loss=0.3852288934448803
2019-01-18 14:45:46,052 10 loss=0.36112187471644885
2019-01-18 14:45:46,052 
*** Major Checkpoint. Computing Stats and Saving
2019-01-18 14:45:46,052 	 Computing Major Stats lazily... 
2019-01-18 14:45:46,053 		 Completed edges=132 good=132 bad=0
2019-01-18 14:45:46,055 Distortion avg=0.5415885965554837 wc=10.635653794997298 me=1.328318135969089 mc=8.00685732355671 nan_elements=0
2019-01-18 14:45:46,055 MAP = 0.17268759018759017
2019-01-18 14:45:46,055 scale=[array([1.])]
2019-01-18 14:45:46,055 *** End Major Checkpoint

2019-01-18 14:45:46,056 11 loss=0.3404576825365358
2019-01-18 14:45:46,056 12 loss=0.322485535948741
2019-01-18 14:45:46,057 13 loss=0.3066621390785573
2019-01-18 14:45:46,058 14 loss=0.29258656995587506
2019-01-18 14:45:46,058 15 loss=0.27995681022921826
2019-01-18 14:45:46,059 16 loss=0.2685405339870577
2019-01-18 14:45:46,059 17 loss=0.25815532618588954
2019-01-18 14:45:46,060 18 loss=0.24865516707742125
2019-01-18 14:45:46,061 19 loss=0.2399211033582885
2019-01-18 14:45:46,061 20 loss=0.231854733282377
2019-01-18 14:45:46,061 
*** Major Checkpoint. Computing Stats and Saving
2019-01-18 14:45:46,061 	 Computing Major Stats lazily... 
2019-01-18 14:45:46,062 		 Completed edges=132 good=132 bad=0
2019-01-18 14:45:46,064 Distortion avg=0.4407108381525591 wc=7.501866663206606 me=1.4914202089239126 mc=5.030015429802538 nan_elements=0
2019-01-18 14:45:46,064 MAP = 0.33129629629629637
2019-01-18 14:45:46,064 scale=[array([1.])]
2019-01-18 14:45:46,064 *** End Major Checkpoint

2019-01-18 14:45:46,065 21 loss=0.2243735948343024
2019-01-18 14:45:46,066 22 loss=0.21740784938499358
2019-01-18 14:45:46,066 23 loss=0.21089785352462506
2019-01-18 14:45:46,067 24 loss=0.20479234474948804
2019-01-18 14:45:46,067 25 loss=0.19904705546925494
2019-01-18 14:45:46,068 26 loss=0.19362362939072952
2019-01-18 14:45:46,068 27 loss=0.18848875450522842
2019-01-18 14:45:46,069 28 loss=0.18361345408136912
2019-01-18 14:45:46,070 29 loss=0.17897249548816213
2019-01-18 14:45:46,070 30 loss=0.17454388917082286
2019-01-18 14:45:46,071 
*** Major Checkpoint. Computing Stats and Saving
2019-01-18 14:45:46,071 	 Computing Major Stats lazily... 
2019-01-18 14:45:46,071 		 Completed edges=132 good=132 bad=0
2019-01-18 14:45:46,073 Distortion avg=0.36930690423795925 wc=5.906498721796812 me=1.5286797589400096 mc=3.8637907562093927 nan_elements=0
2019-01-18 14:45:46,074 MAP = 0.7067129629629628
2019-01-18 14:45:46,074 scale=[array([1.])]
2019-01-18 14:45:46,074 *** End Major Checkpoint

2019-01-18 14:45:46,075 31 loss=0.17030845856905652
2019-01-18 14:45:46,075 32 loss=0.16624946748604197
2019-01-18 14:45:46,076 33 loss=0.16235229525888142
2019-01-18 14:45:46,076 34 loss=0.158604152646933
2019-01-18 14:45:46,077 35 loss=0.15499383305664358
2019-01-18 14:45:46,078 36 loss=0.1515114948464086
2019-01-18 14:45:46,078 37 loss=0.14814847120045463
2019-01-18 14:45:46,079 38 loss=0.14489710456260996
2019-01-18 14:45:46,079 39 loss=0.14175060297109957
2019-01-18 14:45:46,080 40 loss=0.1387029158950921
2019-01-18 14:45:46,080 
*** Major Checkpoint. Computing Stats and Saving
2019-01-18 14:45:46,080 	 Computing Major Stats lazily... 
2019-01-18 14:45:46,081 		 Completed edges=132 good=132 bad=0
2019-01-18 14:45:46,083 Distortion avg=0.32516495601601 wc=5.0349465314181705 me=1.4858671236434289 mc=3.3885577325866136 nan_elements=0
2019-01-18 14:45:46,083 MAP = 0.9199074074074073
2019-01-18 14:45:46,083 scale=[array([1.])]
2019-01-18 14:45:46,083 *** End Major Checkpoint

2019-01-18 14:45:46,084 41 loss=0.13574862738165897
2019-01-18 14:45:46,084 42 loss=0.1328828645018672
2019-01-18 14:45:46,085 43 loss=0.13010121925041612
2019-01-18 14:45:46,085 44 loss=0.12739968221129552
2019-01-18 14:45:46,086 45 loss=0.12477458645501305
2019-01-18 14:45:46,086 46 loss=0.12222256028128065
2019-01-18 14:45:46,087 47 loss=0.1197404875637918
2019-01-18 14:45:46,088 48 loss=0.11732547458962009
2019-01-18 14:45:46,088 49 loss=0.1149748224136391
2019-01-18 14:45:46,089 50 loss=0.11268600386729705
2019-01-18 14:45:46,089 
*** Major Checkpoint. Computing Stats and Saving
2019-01-18 14:45:46,089 	 Computing Major Stats lazily... 
2019-01-18 14:45:46,090 		 Completed edges=132 good=132 bad=0
2019-01-18 14:45:46,092 Distortion avg=0.28933451517158937 wc=4.357305947699761 me=1.433867422078496 mc=3.03884855782798 nan_elements=0
2019-01-18 14:45:46,092 MAP = 0.9836805555555554
2019-01-18 14:45:46,092 scale=[array([1.])]
2019-01-18 14:45:46,092 *** End Major Checkpoint

2019-01-18 14:45:46,092 final loss=0.11268600386729705
2019-01-18 14:45:46,092 best loss=0.11268600386729705, distortion=0.28933451517158937, map=0.9836805555555554, wc_dist=4.357305947699761
2019-01-18 14:45:46,092 	 Computing Major Stats lazily... 
2019-01-18 14:45:46,093 		 Completed edges=132 good=132 bad=0
2019-01-18 14:45:46,095 Distortion avg=0.2893345151715894 wc=4.357305947699761 me=1.433867422078496 mc=3.03884855782798 nan_elements=0
2019-01-18 14:45:46,095 MAP = 0.9836805555555556
2019-01-18 14:45:46,095 scale=[array([1.])]
