2019-01-18 15:02:41,065 Commandline ['pytorch/pytorch_hyperbolic.py', 'learn', 'data/edges/parsing/ewt/ewt_dev/1922.edges', '--dim', '0', '--hyp', '0', '--edim', '10', '--euc', '1', '--sdim', '0', '--sph', '0', '--log-name', 'ewt_devr2/1922.edges.E10-1.lr1.log', '--batch-size', '65536', '--epochs', '50', '--checkpoint-freq', '10', '-g', '--subsample', '1024', '--learning-rate', '1']
2019-01-18 15:02:41,065 No Model Save selected!
2019-01-18 15:02:41,067 Loaded Graph data/edges/parsing/ewt/ewt_dev/1922.edges with 31 nodes scale=1.0
2019-01-18 15:02:41,067 Building dataset
2019-01-18 15:02:41,068 Subsample: 31 points with scale 1.0 subsample=30
2019-01-18 15:02:41,109 Built Data Sampler
2019-01-18 15:02:41,109 Creating a fresh model warm_start?=None
2019-01-18 15:02:41,110 	 Warmstarting? None None 31
2019-01-18 15:02:41,110 Embedding() torch.Size([31, 10])
2019-01-18 15:02:41,110 relative No Rescale
2019-01-18 15:02:41,110 Constructed model with dim=0 and epochs=0 isnan=False
2019-01-18 15:02:41,111 SGD (
Parameter Group 0
    dampening: 0
    initial_lr: 0.1
    lr: 1.0
    momentum: 0.0
    nesterov: False
    weight_decay: 0

Parameter Group 1
    dampening: 0
    initial_lr: 0.1
    lr: 1.0
    momentum: 0.0
    nesterov: False
    weight_decay: 0

Parameter Group 2
    dampening: 0
    initial_lr: 0.1
    lr: 1.0
    momentum: 0.0
    nesterov: False
    weight_decay: 0

Parameter Group 3
    dampening: 0
    initial_lr: 0.0001
    lr: 0.001
    momentum: 0.0
    nesterov: False
    weight_decay: 0
)
2019-01-18 15:02:41,111 *** Initial Checkpoint. Computing Stats
2019-01-18 15:02:41,111 	 Computing Major Stats lazily... 
2019-01-18 15:02:41,115 		 Completed edges=930 good=930 bad=0
2019-01-18 15:02:41,120 Distortion avg=0.9984961831991241 wc=18.273605898395385 me=0.006359069067667888 mc=2873.6290963257316 nan_elements=0
2019-01-18 15:02:41,120 MAP = 0.09036381960279839
2019-01-18 15:02:41,120 scale=[array([1.])]
2019-01-18 15:02:41,120 *** End Initial Checkpoint

2019-01-18 15:02:41,177 1 loss=0.9969956778596928
2019-01-18 15:02:41,178 2 loss=0.9643727969007163
2019-01-18 15:02:41,179 3 loss=0.9326907417564844
2019-01-18 15:02:41,180 4 loss=0.9027364586948333
2019-01-18 15:02:41,182 5 loss=0.8744988851815945
2019-01-18 15:02:41,183 6 loss=0.8478915576779581
2019-01-18 15:02:41,184 7 loss=0.8228134912227196
2019-01-18 15:02:41,185 8 loss=0.7991632140747906
2019-01-18 15:02:41,186 9 loss=0.7768432872106725
2019-01-18 15:02:41,187 10 loss=0.7557618973169473
2019-01-18 15:02:41,187 
*** Major Checkpoint. Computing Stats and Saving
2019-01-18 15:02:41,187 	 Computing Major Stats lazily... 
2019-01-18 15:02:41,191 		 Completed edges=930 good=930 bad=0
2019-01-18 15:02:41,195 Distortion avg=0.8483606522229075 wc=32.60508830480931 me=0.8311804905130395 mc=39.227446597891245 nan_elements=0
2019-01-18 15:02:41,195 MAP = 0.06619328097928329
2019-01-18 15:02:41,196 scale=[array([1.])]
2019-01-18 15:02:41,196 *** End Major Checkpoint

2019-01-18 15:02:41,197 11 loss=0.7358333325096457
2019-01-18 15:02:41,198 12 loss=0.7169779769375282
2019-01-18 15:02:41,199 13 loss=0.6991220864445956
2019-01-18 15:02:41,200 14 loss=0.682197465624936
2019-01-18 15:02:41,202 15 loss=0.666141105680822
2019-01-18 15:02:41,203 16 loss=0.6508948137857213
2019-01-18 15:02:41,204 17 loss=0.6364048501382706
2019-01-18 15:02:41,205 18 loss=0.6226215811526646
2019-01-18 15:02:41,206 19 loss=0.6094991529389671
2019-01-18 15:02:41,207 20 loss=0.596995186784136
2019-01-18 15:02:41,207 
*** Major Checkpoint. Computing Stats and Saving
2019-01-18 15:02:41,207 	 Computing Major Stats lazily... 
2019-01-18 15:02:41,211 		 Completed edges=930 good=930 bad=0
2019-01-18 15:02:41,216 Distortion avg=0.7406512703000042 wc=27.6413091887948 me=1.2759845607342601 mc=21.66273012965668 nan_elements=0
2019-01-18 15:02:41,216 MAP = 0.06404445393570883
2019-01-18 15:02:41,216 scale=[array([1.])]
2019-01-18 15:02:41,216 *** End Major Checkpoint

2019-01-18 15:02:41,217 21 loss=0.5850704969362629
2019-01-18 15:02:41,218 22 loss=0.5736888301846451
2019-01-18 15:02:41,219 23 loss=0.5628166262737815
2019-01-18 15:02:41,220 24 loss=0.5524227979499207
2019-01-18 15:02:41,221 25 loss=0.5424785293309088
2019-01-18 15:02:41,222 26 loss=0.5329570912629842
2019-01-18 15:02:41,224 27 loss=0.5238336723502086
2019-01-18 15:02:41,225 28 loss=0.5150852243935258
2019-01-18 15:02:41,226 29 loss=0.506690321044193
2019-01-18 15:02:41,227 30 loss=0.49862902855246083
2019-01-18 15:02:41,227 
*** Major Checkpoint. Computing Stats and Saving
2019-01-18 15:02:41,227 	 Computing Major Stats lazily... 
2019-01-18 15:02:41,231 		 Completed edges=930 good=930 bad=0
2019-01-18 15:02:41,235 Distortion avg=0.6754228672832786 wc=23.619976372583494 me=1.53199403821953 mc=15.4177991449852 nan_elements=0
2019-01-18 15:02:41,235 MAP = 0.06638951152039069
2019-01-18 15:02:41,235 scale=[array([1.])]
2019-01-18 15:02:41,236 *** End Major Checkpoint

2019-01-18 15:02:41,237 31 loss=0.490882787571584
2019-01-18 15:02:41,238 32 loss=0.48343430505623847
2019-01-18 15:02:41,239 33 loss=0.47626745537109677
2019-01-18 15:02:41,240 34 loss=0.46936718979844005
2019-01-18 15:02:41,241 35 loss=0.4627194537025537
2019-01-18 15:02:41,242 36 loss=0.4563111106729219
2019-01-18 15:02:41,243 37 loss=0.4501298730278367
2019-01-18 15:02:41,244 38 loss=0.44416423811498973
2019-01-18 15:02:41,245 39 loss=0.43840342989613
2019-01-18 15:02:41,246 40 loss=0.4328373453491244
2019-01-18 15:02:41,246 
*** Major Checkpoint. Computing Stats and Saving
2019-01-18 15:02:41,246 	 Computing Major Stats lazily... 
2019-01-18 15:02:41,250 		 Completed edges=930 good=930 bad=0
2019-01-18 15:02:41,254 Distortion avg=0.6279189918912924 wc=21.080433801323814 me=1.7316733878387351 mc=12.173446765058772 nan_elements=0
2019-01-18 15:02:41,254 MAP = 0.07090883100049969
2019-01-18 15:02:41,254 scale=[array([1.])]
2019-01-18 15:02:41,254 *** End Major Checkpoint

2019-01-18 15:02:41,255 41 loss=0.4274565052630418
2019-01-18 15:02:41,257 42 loss=0.42225200904043897
2019-01-18 15:02:41,258 43 loss=0.41721549315615564
2019-01-18 15:02:41,259 44 loss=0.41233909295386784
2019-01-18 15:02:41,260 45 loss=0.40761540749069924
2019-01-18 15:02:41,261 46 loss=0.40303746716655425
2019-01-18 15:02:41,262 47 loss=0.3985987038987818
2019-01-18 15:02:41,263 48 loss=0.39429292362449564
2019-01-18 15:02:41,264 49 loss=0.3901142809325827
2019-01-18 15:02:41,265 50 loss=0.38605725564529386
2019-01-18 15:02:41,265 
*** Major Checkpoint. Computing Stats and Saving
2019-01-18 15:02:41,265 	 Computing Major Stats lazily... 
2019-01-18 15:02:41,268 		 Completed edges=930 good=930 bad=0
2019-01-18 15:02:41,273 Distortion avg=0.5893246770195955 wc=18.926204777048937 me=1.8623066286751235 mc=10.162775820925559 nan_elements=0
2019-01-18 15:02:41,273 MAP = 0.07878686460582394
2019-01-18 15:02:41,273 scale=[array([1.])]
2019-01-18 15:02:41,273 *** End Major Checkpoint

2019-01-18 15:02:41,273 final loss=0.38605725564529386
2019-01-18 15:02:41,273 best loss=0.38605725564529386, distortion=0.5893246770195955, map=0.07878686460582394, wc_dist=18.926204777048937
2019-01-18 15:02:41,274 	 Computing Major Stats lazily... 
2019-01-18 15:02:41,277 		 Completed edges=930 good=930 bad=0
2019-01-18 15:02:41,282 Distortion avg=0.5893246770195949 wc=18.926204777048937 me=1.8623066286751235 mc=10.162775820925559 nan_elements=0
2019-01-18 15:02:41,282 MAP = 0.07878686460582394
2019-01-18 15:02:41,282 scale=[array([1.])]
