2019-01-18 14:51:40,376 Commandline ['pytorch/pytorch_hyperbolic.py', 'learn', 'data/edges/parsing/ewt/ewt_dev/1923.edges', '--dim', '0', '--hyp', '0', '--edim', '10', '--euc', '1', '--sdim', '0', '--sph', '0', '--log-name', 'ewt_devr2/1923.edges.E10-1.lr1.log', '--batch-size', '65536', '--epochs', '50', '--checkpoint-freq', '10', '-g', '--subsample', '1024', '--learning-rate', '1']
2019-01-18 14:51:40,376 No Model Save selected!
2019-01-18 14:51:40,379 Loaded Graph data/edges/parsing/ewt/ewt_dev/1923.edges with 7 nodes scale=1.0
2019-01-18 14:51:40,380 Building dataset
2019-01-18 14:51:40,380 Subsample: 7 points with scale 1.0 subsample=6
2019-01-18 14:51:40,385 Built Data Sampler
2019-01-18 14:51:40,385 Creating a fresh model warm_start?=None
2019-01-18 14:51:40,385 	 Warmstarting? None None 7
2019-01-18 14:51:40,386 Embedding() torch.Size([7, 10])
2019-01-18 14:51:40,386 relative No Rescale
2019-01-18 14:51:40,386 Constructed model with dim=0 and epochs=0 isnan=False
2019-01-18 14:51:40,386 SGD (
Parameter Group 0
    dampening: 0
    initial_lr: 0.1
    lr: 1.0
    momentum: 0.0
    nesterov: False
    weight_decay: 0

Parameter Group 1
    dampening: 0
    initial_lr: 0.1
    lr: 1.0
    momentum: 0.0
    nesterov: False
    weight_decay: 0

Parameter Group 2
    dampening: 0
    initial_lr: 0.1
    lr: 1.0
    momentum: 0.0
    nesterov: False
    weight_decay: 0

Parameter Group 3
    dampening: 0
    initial_lr: 0.0001
    lr: 0.001
    momentum: 0.0
    nesterov: False
    weight_decay: 0
)
2019-01-18 14:51:40,387 *** Initial Checkpoint. Computing Stats
2019-01-18 14:51:40,387 	 Computing Major Stats lazily... 
2019-01-18 14:51:40,387 		 Completed edges=42 good=42 bad=0
2019-01-18 14:51:40,389 Distortion avg=0.9970489094787228 wc=3.6322181433519583 me=0.005628252251848828 mc=645.354540063269 nan_elements=0
2019-01-18 14:51:40,389 MAP = 0.40238095238095234
2019-01-18 14:51:40,389 scale=[array([1.])]
2019-01-18 14:51:40,389 *** End Initial Checkpoint

2019-01-18 14:51:40,447 1 loss=0.9941078772780602
2019-01-18 14:51:40,448 2 loss=0.5251690814386136
2019-01-18 14:51:40,448 3 loss=0.34213099601809954
2019-01-18 14:51:40,449 4 loss=0.2477888702865334
2019-01-18 14:51:40,449 5 loss=0.18589309383948707
2019-01-18 14:51:40,450 6 loss=0.14203962504043957
2019-01-18 14:51:40,451 7 loss=0.11022219342171273
2019-01-18 14:51:40,451 8 loss=0.08692484908889381
2019-01-18 14:51:40,452 9 loss=0.06977937285692801
2019-01-18 14:51:40,452 10 loss=0.05710739423291392
2019-01-18 14:51:40,452 
*** Major Checkpoint. Computing Stats and Saving
2019-01-18 14:51:40,452 	 Computing Major Stats lazily... 
2019-01-18 14:51:40,453 		 Completed edges=42 good=42 bad=0
2019-01-18 14:51:40,454 Distortion avg=0.2059858107882858 wc=1.82420556169106 me=1.1828494791214292 mc=1.542212761547651 nan_elements=0
2019-01-18 14:51:40,454 MAP = 1.0
2019-01-18 14:51:40,454 scale=[array([1.])]
2019-01-18 14:51:40,454 *** End Major Checkpoint

2019-01-18 14:51:40,455 11 loss=0.047697645522898895
2019-01-18 14:51:40,455 12 loss=0.040671038214256786
2019-01-18 14:51:40,456 13 loss=0.03538904563968523
2019-01-18 14:51:40,456 14 loss=0.03138812325237591
2019-01-18 14:51:40,457 15 loss=0.02833183774113247
2019-01-18 14:51:40,457 16 loss=0.025975812004014776
2019-01-18 14:51:40,458 17 loss=0.02414215430562393
2019-01-18 14:51:40,458 18 loss=0.02270091655240795
2019-01-18 14:51:40,459 19 loss=0.02155672440582342
2019-01-18 14:51:40,459 20 loss=0.020639176284470137
2019-01-18 14:51:40,459 
*** Major Checkpoint. Computing Stats and Saving
2019-01-18 14:51:40,459 	 Computing Major Stats lazily... 
2019-01-18 14:51:40,460 		 Completed edges=42 good=42 bad=0
2019-01-18 14:51:40,461 Distortion avg=0.129990214885157 wc=1.4832807532361874 me=1.1686335218771076 mc=1.269243715389646 nan_elements=0
2019-01-18 14:51:40,461 MAP = 1.0
2019-01-18 14:51:40,461 scale=[array([1.])]
2019-01-18 14:51:40,461 *** End Major Checkpoint

2019-01-18 14:51:40,462 21 loss=0.019895964451133445
2019-01-18 14:51:40,462 22 loss=0.019287948382086362
2019-01-18 14:51:40,463 23 loss=0.018785621685618023
2019-01-18 14:51:40,463 24 loss=0.01836657122781555
2019-01-18 14:51:40,464 25 loss=0.018013642326416817
2019-01-18 14:51:40,465 26 loss=0.0177136069807312
2019-01-18 14:51:40,465 27 loss=0.01745619142674806
2019-01-18 14:51:40,466 28 loss=0.01723336134549927
2019-01-18 14:51:40,466 29 loss=0.017038792713741785
2019-01-18 14:51:40,467 30 loss=0.0168674771691367
2019-01-18 14:51:40,467 
*** Major Checkpoint. Computing Stats and Saving
2019-01-18 14:51:40,467 	 Computing Major Stats lazily... 
2019-01-18 14:51:40,467 		 Completed edges=42 good=42 bad=0
2019-01-18 14:51:40,468 Distortion avg=0.11735786245560084 wc=1.4093648330219704 me=1.1731164478385383 mc=1.2013852807355303 nan_elements=0
2019-01-18 14:51:40,469 MAP = 1.0
2019-01-18 14:51:40,469 scale=[array([1.])]
2019-01-18 14:51:40,469 *** End Major Checkpoint

2019-01-18 14:51:40,469 31 loss=0.016715425460351936
2019-01-18 14:51:40,470 32 loss=0.016579442909289706
2019-01-18 14:51:40,470 33 loss=0.016456958127032944
2019-01-18 14:51:40,471 34 loss=0.016345891407667373
2019-01-18 14:51:40,471 35 loss=0.016244552911165454
2019-01-18 14:51:40,472 36 loss=0.016151563382145368
2019-01-18 14:51:40,472 37 loss=0.016065792045584348
2019-01-18 14:51:40,473 38 loss=0.01598630769017776
2019-01-18 14:51:40,473 39 loss=0.01591233994675973
2019-01-18 14:51:40,473 40 loss=0.01584324849960994
2019-01-18 14:51:40,474 
*** Major Checkpoint. Computing Stats and Saving
2019-01-18 14:51:40,474 	 Computing Major Stats lazily... 
2019-01-18 14:51:40,474 		 Completed edges=42 good=42 bad=0
2019-01-18 14:51:40,475 Distortion avg=0.11536246179641184 wc=1.3768577074136559 me=1.174105239563315 mc=1.172686792476755 nan_elements=0
2019-01-18 14:51:40,475 MAP = 1.0
2019-01-18 14:51:40,476 scale=[array([1.])]
2019-01-18 14:51:40,476 *** End Major Checkpoint

2019-01-18 14:51:40,476 41 loss=0.015778498507643193
2019-01-18 14:51:40,477 42 loss=0.015717640913503268
2019-01-18 14:51:40,477 43 loss=0.015660296619165962
2019-01-18 14:51:40,477 44 loss=0.015606143733701217
2019-01-18 14:51:40,478 45 loss=0.015554907271657767
2019-01-18 14:51:40,478 46 loss=0.0155063508130443
2019-01-18 14:51:40,479 47 loss=0.015460269738210394
2019-01-18 14:51:40,479 48 loss=0.015416485730477507
2019-01-18 14:51:40,480 49 loss=0.015374842301590506
2019-01-18 14:51:40,480 50 loss=0.01533520114399937
2019-01-18 14:51:40,480 
*** Major Checkpoint. Computing Stats and Saving
2019-01-18 14:51:40,480 	 Computing Major Stats lazily... 
2019-01-18 14:51:40,481 		 Completed edges=42 good=42 bad=0
2019-01-18 14:51:40,482 Distortion avg=0.114852554819409 wc=1.3580271314241559 me=1.1742586265407158 mc=1.1564974705996491 nan_elements=0
2019-01-18 14:51:40,482 MAP = 1.0
2019-01-18 14:51:40,482 scale=[array([1.])]
2019-01-18 14:51:40,482 *** End Major Checkpoint

2019-01-18 14:51:40,483 final loss=0.01533520114399937
2019-01-18 14:51:40,483 best loss=0.01533520114399937, distortion=0.114852554819409, map=1.0, wc_dist=1.3580271314241559
2019-01-18 14:51:40,483 	 Computing Major Stats lazily... 
2019-01-18 14:51:40,483 		 Completed edges=42 good=42 bad=0
2019-01-18 14:51:40,484 Distortion avg=0.114852554819409 wc=1.3580271314241559 me=1.1742586265407158 mc=1.1564974705996491 nan_elements=0
2019-01-18 14:51:40,484 MAP = 1.0
2019-01-18 14:51:40,484 scale=[array([1.])]
