2019-01-18 15:07:20,662 Commandline ['pytorch/pytorch_hyperbolic.py', 'learn', 'data/edges/parsing/ewt/ewt_dev/1929.edges', '--dim', '0', '--hyp', '0', '--edim', '10', '--euc', '1', '--sdim', '0', '--sph', '0', '--log-name', 'ewt_devr2/1929.edges.E10-1.lr1.log', '--batch-size', '65536', '--epochs', '50', '--checkpoint-freq', '10', '-g', '--subsample', '1024', '--learning-rate', '1']
2019-01-18 15:07:20,662 No Model Save selected!
2019-01-18 15:07:20,664 Loaded Graph data/edges/parsing/ewt/ewt_dev/1929.edges with 36 nodes scale=1.0
2019-01-18 15:07:20,664 Building dataset
2019-01-18 15:07:20,665 Subsample: 36 points with scale 1.0 subsample=35
2019-01-18 15:07:20,721 Built Data Sampler
2019-01-18 15:07:20,721 Creating a fresh model warm_start?=None
2019-01-18 15:07:20,721 	 Warmstarting? None None 36
2019-01-18 15:07:20,721 Embedding() torch.Size([36, 10])
2019-01-18 15:07:20,721 relative No Rescale
2019-01-18 15:07:20,722 Constructed model with dim=0 and epochs=0 isnan=False
2019-01-18 15:07:20,722 SGD (
Parameter Group 0
    dampening: 0
    initial_lr: 0.1
    lr: 1.0
    momentum: 0.0
    nesterov: False
    weight_decay: 0

Parameter Group 1
    dampening: 0
    initial_lr: 0.1
    lr: 1.0
    momentum: 0.0
    nesterov: False
    weight_decay: 0

Parameter Group 2
    dampening: 0
    initial_lr: 0.1
    lr: 1.0
    momentum: 0.0
    nesterov: False
    weight_decay: 0

Parameter Group 3
    dampening: 0
    initial_lr: 0.0001
    lr: 0.001
    momentum: 0.0
    nesterov: False
    weight_decay: 0
)
2019-01-18 15:07:20,722 *** Initial Checkpoint. Computing Stats
2019-01-18 15:07:20,722 	 Computing Major Stats lazily... 
2019-01-18 15:07:20,728 		 Completed edges=1260 good=1260 bad=0
2019-01-18 15:07:20,733 Distortion avg=0.9987037307712868 wc=21.694866380930357 me=0.005988741940966903 mc=3622.6083198748825 nan_elements=0
2019-01-18 15:07:20,734 MAP = 0.27845148175521095
2019-01-18 15:07:20,734 scale=[array([1.])]
2019-01-18 15:07:20,734 *** End Initial Checkpoint

2019-01-18 15:07:20,794 1 loss=0.9974099911870966
2019-01-18 15:07:20,795 2 loss=0.9754745476951463
2019-01-18 15:07:20,797 3 loss=0.9537153693965822
2019-01-18 15:07:20,798 4 loss=0.9326979301545151
2019-01-18 15:07:20,799 5 loss=0.912481751517072
2019-01-18 15:07:20,801 6 loss=0.8930633669597839
2019-01-18 15:07:20,802 7 loss=0.8744209479251046
2019-01-18 15:07:20,803 8 loss=0.8565259239545071
2019-01-18 15:07:20,804 9 loss=0.8393472747739534
2019-01-18 15:07:20,806 10 loss=0.8228534293628326
2019-01-18 15:07:20,806 
*** Major Checkpoint. Computing Stats and Saving
2019-01-18 15:07:20,806 	 Computing Major Stats lazily... 
2019-01-18 15:07:20,811 		 Completed edges=1260 good=1260 bad=0
2019-01-18 15:07:20,817 Distortion avg=0.8933792495482976 wc=47.71038420615426 me=0.6403048187868586 mc=74.51198680114236 nan_elements=0
2019-01-18 15:07:20,817 MAP = 0.07486794952368334
2019-01-18 15:07:20,817 scale=[array([1.])]
2019-01-18 15:07:20,817 *** End Major Checkpoint

2019-01-18 15:07:20,819 11 loss=0.8070131956213782
2019-01-18 15:07:20,820 12 loss=0.7917962388368155
2019-01-18 15:07:20,821 13 loss=0.7771733290882401
2019-01-18 15:07:20,822 14 loss=0.763116462081182
2019-01-18 15:07:20,824 15 loss=0.7495989073232798
2019-01-18 15:07:20,825 16 loss=0.7365952133083139
2019-01-18 15:07:20,826 17 loss=0.7240811868806968
2019-01-18 15:07:20,828 18 loss=0.7120338571229157
2019-01-18 15:07:20,829 19 loss=0.7004314301905594
2019-01-18 15:07:20,830 20 loss=0.6892532391796955
2019-01-18 15:07:20,830 
*** Major Checkpoint. Computing Stats and Saving
2019-01-18 15:07:20,831 	 Computing Major Stats lazily... 
2019-01-18 15:07:20,836 		 Completed edges=1260 good=1260 bad=0
2019-01-18 15:07:20,842 Distortion avg=0.8073996663684592 wc=41.72649197677088 me=1.0618661401284877 mc=39.29543508348604 nan_elements=0
2019-01-18 15:07:20,842 MAP = 0.06826654792484715
2019-01-18 15:07:20,842 scale=[array([1.])]
2019-01-18 15:07:20,842 *** End Major Checkpoint

2019-01-18 15:07:20,844 21 loss=0.6784796916662389
2019-01-18 15:07:20,845 22 loss=0.6680922166388699
2019-01-18 15:07:20,846 23 loss=0.6580732119501022
2019-01-18 15:07:20,848 24 loss=0.648405993014374
2019-01-18 15:07:20,849 25 loss=0.6390747432157015
2019-01-18 15:07:20,850 26 loss=0.6300644663061035
2019-01-18 15:07:20,852 27 loss=0.6213609409515571
2019-01-18 15:07:20,854 28 loss=0.6129506774965406
2019-01-18 15:07:20,855 29 loss=0.6048208769592112
2019-01-18 15:07:20,857 30 loss=0.5969593922289229
2019-01-18 15:07:20,857 
*** Major Checkpoint. Computing Stats and Saving
2019-01-18 15:07:20,857 	 Computing Major Stats lazily... 
2019-01-18 15:07:20,862 		 Completed edges=1260 good=1260 bad=0
2019-01-18 15:07:20,867 Distortion avg=0.743120210669198 wc=36.55309262325177 me=1.3324183074184142 mc=27.433646340445502 nan_elements=0
2019-01-18 15:07:20,867 MAP = 0.06860078290415006
2019-01-18 15:07:20,867 scale=[array([1.])]
2019-01-18 15:07:20,867 *** End Major Checkpoint

2019-01-18 15:07:20,869 31 loss=0.5893546914105712
2019-01-18 15:07:20,870 32 loss=0.5819958232423676
2019-01-18 15:07:20,872 33 loss=0.574872384502405
2019-01-18 15:07:20,873 34 loss=0.5679744893128775
2019-01-18 15:07:20,875 35 loss=0.5612927402477379
2019-01-18 15:07:20,876 36 loss=0.5548182011488713
2019-01-18 15:07:20,877 37 loss=0.5485423715568983
2019-01-18 15:07:20,879 38 loss=0.5424571626649175
2019-01-18 15:07:20,880 39 loss=0.5365548747064923
2019-01-18 15:07:20,881 40 loss=0.5308281756927292
2019-01-18 15:07:20,881 
*** Major Checkpoint. Computing Stats and Saving
2019-01-18 15:07:20,881 	 Computing Major Stats lazily... 
2019-01-18 15:07:20,886 		 Completed edges=1260 good=1260 bad=0
2019-01-18 15:07:20,892 Distortion avg=0.6971851103128198 wc=32.32522071624955 me=1.5032714269972276 mc=21.503249603312764 nan_elements=0
2019-01-18 15:07:20,892 MAP = 0.07057798794425015
2019-01-18 15:07:20,893 scale=[array([1.])]
2019-01-18 15:07:20,893 *** End Major Checkpoint

2019-01-18 15:07:20,894 41 loss=0.5252700814171246
2019-01-18 15:07:20,895 42 loss=0.5198739366508761
2019-01-18 15:07:20,897 43 loss=0.5146333974554265
2019-01-18 15:07:20,898 44 loss=0.5095424145430537
2019-01-18 15:07:20,899 45 loss=0.5045952176202926
2019-01-18 15:07:20,900 46 loss=0.4997863006528413
2019-01-18 15:07:20,902 47 loss=0.495110407994297
2019-01-18 15:07:20,903 48 loss=0.49056252132464623
2019-01-18 15:07:20,904 49 loss=0.4861378473477881
2019-01-18 15:07:20,906 50 loss=0.48183180620060545
2019-01-18 15:07:20,906 
*** Major Checkpoint. Computing Stats and Saving
2019-01-18 15:07:20,906 	 Computing Major Stats lazily... 
2019-01-18 15:07:20,911 		 Completed edges=1260 good=1260 bad=0
2019-01-18 15:07:20,917 Distortion avg=0.6614724387871234 wc=29.27936631796973 me=1.630867021409778 mc=17.95325181856926 nan_elements=0
2019-01-18 15:07:20,917 MAP = 0.07414606439763821
2019-01-18 15:07:20,917 scale=[array([1.])]
2019-01-18 15:07:20,917 *** End Major Checkpoint

2019-01-18 15:07:20,917 final loss=0.48183180620060545
2019-01-18 15:07:20,917 best loss=0.48183180620060545, distortion=0.6614724387871234, map=0.07486794952368334, wc_dist=29.27936631796973
2019-01-18 15:07:20,917 	 Computing Major Stats lazily... 
2019-01-18 15:07:20,922 		 Completed edges=1260 good=1260 bad=0
2019-01-18 15:07:20,927 Distortion avg=0.6614724387871234 wc=29.27936631796973 me=1.630867021409778 mc=17.95325181856926 nan_elements=0
2019-01-18 15:07:20,928 MAP = 0.07414606439763824
2019-01-18 15:07:20,928 scale=[array([1.])]
