2019-01-18 15:05:26,007 Commandline ['pytorch/pytorch_hyperbolic.py', 'learn', 'data/edges/parsing/ewt/ewt_dev/193.edges', '--dim', '0', '--hyp', '0', '--edim', '10', '--euc', '1', '--sdim', '0', '--sph', '0', '--log-name', 'ewt_devr2/193.edges.E10-1.lr1.log', '--batch-size', '65536', '--epochs', '50', '--checkpoint-freq', '10', '-g', '--subsample', '1024', '--learning-rate', '1']
2019-01-18 15:05:26,007 No Model Save selected!
2019-01-18 15:05:26,009 Loaded Graph data/edges/parsing/ewt/ewt_dev/193.edges with 30 nodes scale=1.0
2019-01-18 15:05:26,009 Building dataset
2019-01-18 15:05:26,010 Subsample: 30 points with scale 1.0 subsample=29
2019-01-18 15:05:26,054 Built Data Sampler
2019-01-18 15:05:26,054 Creating a fresh model warm_start?=None
2019-01-18 15:05:26,055 	 Warmstarting? None None 30
2019-01-18 15:05:26,055 Embedding() torch.Size([30, 10])
2019-01-18 15:05:26,055 relative No Rescale
2019-01-18 15:05:26,056 Constructed model with dim=0 and epochs=0 isnan=False
2019-01-18 15:05:26,056 SGD (
Parameter Group 0
    dampening: 0
    initial_lr: 0.1
    lr: 1.0
    momentum: 0.0
    nesterov: False
    weight_decay: 0

Parameter Group 1
    dampening: 0
    initial_lr: 0.1
    lr: 1.0
    momentum: 0.0
    nesterov: False
    weight_decay: 0

Parameter Group 2
    dampening: 0
    initial_lr: 0.1
    lr: 1.0
    momentum: 0.0
    nesterov: False
    weight_decay: 0

Parameter Group 3
    dampening: 0
    initial_lr: 0.0001
    lr: 0.001
    momentum: 0.0
    nesterov: False
    weight_decay: 0
)
2019-01-18 15:05:26,056 *** Initial Checkpoint. Computing Stats
2019-01-18 15:05:26,056 	 Computing Major Stats lazily... 
2019-01-18 15:05:26,061 		 Completed edges=870 good=870 bad=0
2019-01-18 15:05:26,067 Distortion avg=0.9986735339541561 wc=22.04942590337889 me=0.006196519622161948 mc=3558.3565045963505 nan_elements=0
2019-01-18 15:05:26,067 MAP = 0.11859941161964135
2019-01-18 15:05:26,067 scale=[array([1.])]
2019-01-18 15:05:26,068 *** End Initial Checkpoint

2019-01-18 15:05:26,126 1 loss=0.99734991801476
2019-01-18 15:05:26,127 2 loss=0.9704768746491006
2019-01-18 15:05:26,128 3 loss=0.9441443462078984
2019-01-18 15:05:26,129 4 loss=0.9190096281509309
2019-01-18 15:05:26,130 5 loss=0.8951195470986655
2019-01-18 15:05:26,131 6 loss=0.8724435785797852
2019-01-18 15:05:26,132 7 loss=0.850930242062111
2019-01-18 15:05:26,134 8 loss=0.8305215870314704
2019-01-18 15:05:26,135 9 loss=0.8111584197470668
2019-01-18 15:05:26,136 10 loss=0.7927825381973791
2019-01-18 15:05:26,136 
*** Major Checkpoint. Computing Stats and Saving
2019-01-18 15:05:26,136 	 Computing Major Stats lazily... 
2019-01-18 15:05:26,139 		 Completed edges=870 good=870 bad=0
2019-01-18 15:05:26,144 Distortion avg=0.8727647481644804 wc=33.22344913602015 me=0.6300363450496382 mc=52.7325913767762 nan_elements=0
2019-01-18 15:05:26,144 MAP = 0.06457978570233396
2019-01-18 15:05:26,144 scale=[array([1.])]
2019-01-18 15:05:26,144 *** End Major Checkpoint

2019-01-18 15:05:26,145 11 loss=0.775337767423314
2019-01-18 15:05:26,146 12 loss=0.7587704423611564
2019-01-18 15:05:26,147 13 loss=0.7430296114312858
2019-01-18 15:05:26,148 14 loss=0.7280670899511875
2019-01-18 15:05:26,149 15 loss=0.7138374297053731
2019-01-18 15:05:26,150 16 loss=0.7002978410235304
2019-01-18 15:05:26,151 17 loss=0.6874080882953946
2019-01-18 15:05:26,152 18 loss=0.675130371429326
2019-01-18 15:05:26,154 19 loss=0.6634292009328508
2019-01-18 15:05:26,155 20 loss=0.6522712714109057
2019-01-18 15:05:26,155 
*** Major Checkpoint. Computing Stats and Saving
2019-01-18 15:05:26,155 	 Computing Major Stats lazily... 
2019-01-18 15:05:26,158 		 Completed edges=870 good=870 bad=0
2019-01-18 15:05:26,163 Distortion avg=0.7759027244468963 wc=30.02103991111279 me=1.04433484434844 mc=28.746565408188506 nan_elements=0
2019-01-18 15:05:26,164 MAP = 0.06458784580600414
2019-01-18 15:05:26,164 scale=[array([1.])]
2019-01-18 15:05:26,164 *** End Major Checkpoint

2019-01-18 15:05:26,165 21 loss=0.6416253364987189
2019-01-18 15:05:26,166 22 loss=0.6314620871183612
2019-01-18 15:05:26,167 23 loss=0.6217540342171044
2019-01-18 15:05:26,168 24 loss=0.6124753966640786
2019-01-18 15:05:26,169 25 loss=0.603601994660582
2019-01-18 15:05:26,170 26 loss=0.5951111488037747
2019-01-18 15:05:26,171 27 loss=0.5869815847986072
2019-01-18 15:05:26,172 28 loss=0.5791933437160396
2019-01-18 15:05:26,173 29 loss=0.571727697631957
2019-01-18 15:05:26,174 30 loss=0.5645670704405767
2019-01-18 15:05:26,174 
*** Major Checkpoint. Computing Stats and Saving
2019-01-18 15:05:26,174 	 Computing Major Stats lazily... 
2019-01-18 15:05:26,178 		 Completed edges=870 good=870 bad=0
2019-01-18 15:05:26,183 Distortion avg=0.7167721880954283 wc=27.08794383126137 me=1.325872108060007 mc=20.430284087426784 nan_elements=0
2019-01-18 15:05:26,183 MAP = 0.06590426712312346
2019-01-18 15:05:26,184 scale=[array([1.])]
2019-01-18 15:05:26,184 *** End Major Checkpoint

2019-01-18 15:05:26,185 31 loss=0.5576949636116815
2019-01-18 15:05:26,186 32 loss=0.551095886647892
2019-01-18 15:05:26,187 33 loss=0.5447552919930571
2019-01-18 15:05:26,188 34 loss=0.5386595141432863
2019-01-18 15:05:26,189 35 loss=0.5327957127164926
2019-01-18 15:05:26,190 36 loss=0.5271518192432776
2019-01-18 15:05:26,191 37 loss=0.521716487450727
2019-01-18 15:05:26,192 38 loss=0.5164790468205237
2019-01-18 15:05:26,193 39 loss=0.5114294592132423
2019-01-18 15:05:26,194 40 loss=0.5065582783614558
2019-01-18 15:05:26,194 
*** Major Checkpoint. Computing Stats and Saving
2019-01-18 15:05:26,194 	 Computing Major Stats lazily... 
2019-01-18 15:05:26,198 		 Completed edges=870 good=870 bad=0
2019-01-18 15:05:26,202 Distortion avg=0.6811505614374053 wc=24.781111021818425 me=1.5314622407702887 mc=16.181339873815055 nan_elements=0
2019-01-18 15:05:26,202 MAP = 0.06767290034286297
2019-01-18 15:05:26,203 scale=[array([1.])]
2019-01-18 15:05:26,203 *** End Major Checkpoint

2019-01-18 15:05:26,204 41 loss=0.5018566120450808
2019-01-18 15:05:26,205 42 loss=0.4973160867730579
2019-01-18 15:05:26,206 43 loss=0.49292881480587203
2019-01-18 15:05:26,207 44 loss=0.48868736336348406
2019-01-18 15:05:26,208 45 loss=0.4845847258729083
2019-01-18 15:05:26,209 46 loss=0.4806142951189027
2019-01-18 15:05:26,210 47 loss=0.47676983817000973
2019-01-18 15:05:26,211 48 loss=0.4730454729604979
2019-01-18 15:05:26,212 49 loss=0.46943564641660684
2019-01-18 15:05:26,213 50 loss=0.4659351140228908
2019-01-18 15:05:26,213 
*** Major Checkpoint. Computing Stats and Saving
2019-01-18 15:05:26,213 	 Computing Major Stats lazily... 
2019-01-18 15:05:26,216 		 Completed edges=870 good=870 bad=0
2019-01-18 15:05:26,221 Distortion avg=0.6515121902544911 wc=23.072233932150993 me=1.698290639962481 mc=13.58556267651614 nan_elements=0
2019-01-18 15:05:26,221 MAP = 0.07263400191338061
2019-01-18 15:05:26,221 scale=[array([1.])]
2019-01-18 15:05:26,221 *** End Major Checkpoint

2019-01-18 15:05:26,221 final loss=0.4659351140228908
2019-01-18 15:05:26,222 best loss=0.4659351140228908, distortion=0.6515121902544911, map=0.07263400191338061, wc_dist=23.072233932150993
2019-01-18 15:05:26,222 	 Computing Major Stats lazily... 
2019-01-18 15:05:26,225 		 Completed edges=870 good=870 bad=0
2019-01-18 15:05:26,229 Distortion avg=0.651512190254491 wc=23.072233932150993 me=1.698290639962481 mc=13.58556267651614 nan_elements=0
2019-01-18 15:05:26,230 MAP = 0.07263400191338061
2019-01-18 15:05:26,230 scale=[array([1.])]
