2019-01-18 15:01:07,000 Commandline ['pytorch/pytorch_hyperbolic.py', 'learn', 'data/edges/parsing/ewt/ewt_dev/1935.edges', '--dim', '0', '--hyp', '0', '--edim', '10', '--euc', '1', '--sdim', '0', '--sph', '0', '--log-name', 'ewt_devr2/1935.edges.E10-1.lr1.log', '--batch-size', '65536', '--epochs', '50', '--checkpoint-freq', '10', '-g', '--subsample', '1024', '--learning-rate', '1']
2019-01-18 15:01:07,000 No Model Save selected!
2019-01-18 15:01:07,002 Loaded Graph data/edges/parsing/ewt/ewt_dev/1935.edges with 22 nodes scale=1.0
2019-01-18 15:01:07,002 Building dataset
2019-01-18 15:01:07,003 Subsample: 22 points with scale 1.0 subsample=21
2019-01-18 15:01:07,027 Built Data Sampler
2019-01-18 15:01:07,027 Creating a fresh model warm_start?=None
2019-01-18 15:01:07,027 	 Warmstarting? None None 22
2019-01-18 15:01:07,028 Embedding() torch.Size([22, 10])
2019-01-18 15:01:07,028 relative No Rescale
2019-01-18 15:01:07,028 Constructed model with dim=0 and epochs=0 isnan=False
2019-01-18 15:01:07,029 SGD (
Parameter Group 0
    dampening: 0
    initial_lr: 0.1
    lr: 1.0
    momentum: 0.0
    nesterov: False
    weight_decay: 0

Parameter Group 1
    dampening: 0
    initial_lr: 0.1
    lr: 1.0
    momentum: 0.0
    nesterov: False
    weight_decay: 0

Parameter Group 2
    dampening: 0
    initial_lr: 0.1
    lr: 1.0
    momentum: 0.0
    nesterov: False
    weight_decay: 0

Parameter Group 3
    dampening: 0
    initial_lr: 0.0001
    lr: 0.001
    momentum: 0.0
    nesterov: False
    weight_decay: 0
)
2019-01-18 15:01:07,029 *** Initial Checkpoint. Computing Stats
2019-01-18 15:01:07,029 	 Computing Major Stats lazily... 
2019-01-18 15:01:07,031 		 Completed edges=462 good=462 bad=0
2019-01-18 15:01:07,035 Distortion avg=0.9982446950964147 wc=13.50803672101838 me=0.006009979300171955 mc=2247.601205653386 nan_elements=0
2019-01-18 15:01:07,035 MAP = 0.12215429737752422
2019-01-18 15:01:07,035 scale=[array([1.])]
2019-01-18 15:01:07,035 *** End Initial Checkpoint

2019-01-18 15:01:07,094 1 loss=0.9964936593472827
2019-01-18 15:01:07,095 2 loss=0.9318804729124902
2019-01-18 15:01:07,096 3 loss=0.8724970952609249
2019-01-18 15:01:07,096 4 loss=0.8194920695951005
2019-01-18 15:01:07,097 5 loss=0.7722011338397498
2019-01-18 15:01:07,098 6 loss=0.729907459768955
2019-01-18 15:01:07,099 7 loss=0.6919630909201717
2019-01-18 15:01:07,099 8 loss=0.6578033596376145
2019-01-18 15:01:07,100 9 loss=0.6269420281958542
2019-01-18 15:01:07,101 10 loss=0.5989622009274533
2019-01-18 15:01:07,101 
*** Major Checkpoint. Computing Stats and Saving
2019-01-18 15:01:07,101 	 Computing Major Stats lazily... 
2019-01-18 15:01:07,103 		 Completed edges=462 good=462 bad=0
2019-01-18 15:01:07,106 Distortion avg=0.7312750420027587 wc=22.835387197886757 me=1.1236999222625401 mc=20.321606102729195 nan_elements=0
2019-01-18 15:01:07,106 MAP = 0.08232693453985321
2019-01-18 15:01:07,107 scale=[array([1.])]
2019-01-18 15:01:07,107 *** End Major Checkpoint

2019-01-18 15:01:07,108 11 loss=0.5735068525474012
2019-01-18 15:01:07,108 12 loss=0.5502701074905125
2019-01-18 15:01:07,109 13 loss=0.5289895728790875
2019-01-18 15:01:07,110 14 loss=0.5094397395246536
2019-01-18 15:01:07,111 15 loss=0.4914263637791106
2019-01-18 15:01:07,111 16 loss=0.47478171249631007
2019-01-18 15:01:07,112 17 loss=0.4593605512006438
2019-01-18 15:01:07,113 18 loss=0.4450367645552851
2019-01-18 15:01:07,114 19 loss=0.43170051100996926
2019-01-18 15:01:07,115 20 loss=0.41925582686246804
2019-01-18 15:01:07,115 
*** Major Checkpoint. Computing Stats and Saving
2019-01-18 15:01:07,115 	 Computing Major Stats lazily... 
2019-01-18 15:01:07,117 		 Completed edges=462 good=462 bad=0
2019-01-18 15:01:07,120 Distortion avg=0.6102478108393113 wc=16.92722161318773 me=1.4365137493057494 mc=11.783543054404081 nan_elements=0
2019-01-18 15:01:07,120 MAP = 0.08869312417810166
2019-01-18 15:01:07,120 scale=[array([1.])]
2019-01-18 15:01:07,120 *** End Major Checkpoint

2019-01-18 15:01:07,121 21 loss=0.40761860751084705
2019-01-18 15:01:07,122 22 loss=0.3967149048789533
2019-01-18 15:01:07,123 23 loss=0.386479489737465
2019-01-18 15:01:07,123 24 loss=0.37685463597160623
2019-01-18 15:01:07,124 25 loss=0.36778909089585177
2019-01-18 15:01:07,125 26 loss=0.3592372016422266
2019-01-18 15:01:07,126 27 loss=0.35115817260900206
2019-01-18 15:01:07,126 28 loss=0.34351543309593285
2019-01-18 15:01:07,127 29 loss=0.33627609770003813
2019-01-18 15:01:07,128 30 loss=0.3294105049145508
2019-01-18 15:01:07,128 
*** Major Checkpoint. Computing Stats and Saving
2019-01-18 15:01:07,128 	 Computing Major Stats lazily... 
2019-01-18 15:01:07,130 		 Completed edges=462 good=462 bad=0
2019-01-18 15:01:07,133 Distortion avg=0.5409407262855028 wc=13.635869023148866 me=1.567666422494121 mc=8.698195500962834 nan_elements=0
2019-01-18 15:01:07,133 MAP = 0.10509099522983037
2019-01-18 15:01:07,134 scale=[array([1.])]
2019-01-18 15:01:07,134 *** End Major Checkpoint

2019-01-18 15:01:07,134 31 loss=0.3228918217590476
2019-01-18 15:01:07,135 32 loss=0.31669570425214355
2019-01-18 15:01:07,136 33 loss=0.3108000051876686
2019-01-18 15:01:07,137 34 loss=0.3051845220479499
2019-01-18 15:01:07,138 35 loss=0.2998307790311038
2019-01-18 15:01:07,138 36 loss=0.2947218381224767
2019-01-18 15:01:07,139 37 loss=0.2898421349361721
2019-01-18 15:01:07,140 38 loss=0.2851773357179364
2019-01-18 15:01:07,141 39 loss=0.28071421245781764
2019-01-18 15:01:07,141 40 loss=0.27644053352837733
2019-01-18 15:01:07,141 
*** Major Checkpoint. Computing Stats and Saving
2019-01-18 15:01:07,142 	 Computing Major Stats lazily... 
2019-01-18 15:01:07,143 		 Completed edges=462 good=462 bad=0
2019-01-18 15:01:07,147 Distortion avg=0.48685462968737436 wc=11.746374235518363 me=1.6655194338047834 mc=7.052679180503134 nan_elements=0
2019-01-18 15:01:07,147 MAP = 0.1354778254358275
2019-01-18 15:01:07,147 scale=[array([1.])]
2019-01-18 15:01:07,147 *** End Major Checkpoint

2019-01-18 15:01:07,148 41 loss=0.27234496765696414
2019-01-18 15:01:07,149 42 loss=0.26841699937118796
2019-01-18 15:01:07,149 43 loss=0.26464685433554797
2019-01-18 15:01:07,150 44 loss=0.2610254332326884
2019-01-18 15:01:07,151 45 loss=0.2575442530419847
2019-01-18 15:01:07,152 46 loss=0.25419539473689856
2019-01-18 15:01:07,153 47 loss=0.2509714565655789
2019-01-18 15:01:07,153 48 loss=0.2478655122005215
2019-01-18 15:01:07,154 49 loss=0.24487107314604661
2019-01-18 15:01:07,155 50 loss=0.24198205487971447
2019-01-18 15:01:07,155 
*** Major Checkpoint. Computing Stats and Saving
2019-01-18 15:01:07,155 	 Computing Major Stats lazily... 
2019-01-18 15:01:07,157 		 Completed edges=462 good=462 bad=0
2019-01-18 15:01:07,160 Distortion avg=0.4446938627483865 wc=10.725368500785812 me=1.788202827096132 mc=5.997847860582332 nan_elements=0
2019-01-18 15:01:07,160 MAP = 0.17163724446478457
2019-01-18 15:01:07,160 scale=[array([1.])]
2019-01-18 15:01:07,161 *** End Major Checkpoint

2019-01-18 15:01:07,161 final loss=0.24198205487971447
2019-01-18 15:01:07,161 best loss=0.24198205487971447, distortion=0.4446938627483865, map=0.17163724446478457, wc_dist=10.725368500785812
2019-01-18 15:01:07,161 	 Computing Major Stats lazily... 
2019-01-18 15:01:07,163 		 Completed edges=462 good=462 bad=0
2019-01-18 15:01:07,166 Distortion avg=0.4446938627483868 wc=10.725368500785812 me=1.788202827096132 mc=5.997847860582332 nan_elements=0
2019-01-18 15:01:07,166 MAP = 0.1716372444647846
2019-01-18 15:01:07,166 scale=[array([1.])]
