2019-01-18 14:54:05,759 Commandline ['pytorch/pytorch_hyperbolic.py', 'learn', 'data/edges/parsing/ewt/ewt_dev/194.edges', '--dim', '0', '--hyp', '0', '--edim', '10', '--euc', '1', '--sdim', '0', '--sph', '0', '--log-name', 'ewt_devr2/194.edges.E10-1.lr1.log', '--batch-size', '65536', '--epochs', '50', '--checkpoint-freq', '10', '-g', '--subsample', '1024', '--learning-rate', '1']
2019-01-18 14:54:05,760 No Model Save selected!
2019-01-18 14:54:05,761 Loaded Graph data/edges/parsing/ewt/ewt_dev/194.edges with 75 nodes scale=1.0
2019-01-18 14:54:05,762 Building dataset
2019-01-18 14:54:05,762 Subsample: 75 points with scale 1.0 subsample=74
2019-01-18 14:54:05,967 Built Data Sampler
2019-01-18 14:54:05,968 Creating a fresh model warm_start?=None
2019-01-18 14:54:05,968 	 Warmstarting? None None 75
2019-01-18 14:54:05,968 Embedding() torch.Size([75, 10])
2019-01-18 14:54:05,968 relative No Rescale
2019-01-18 14:54:05,969 Constructed model with dim=0 and epochs=0 isnan=False
2019-01-18 14:54:05,969 SGD (
Parameter Group 0
    dampening: 0
    initial_lr: 0.1
    lr: 1.0
    momentum: 0.0
    nesterov: False
    weight_decay: 0

Parameter Group 1
    dampening: 0
    initial_lr: 0.1
    lr: 1.0
    momentum: 0.0
    nesterov: False
    weight_decay: 0

Parameter Group 2
    dampening: 0
    initial_lr: 0.1
    lr: 1.0
    momentum: 0.0
    nesterov: False
    weight_decay: 0

Parameter Group 3
    dampening: 0
    initial_lr: 0.0001
    lr: 0.001
    momentum: 0.0
    nesterov: False
    weight_decay: 0
)
2019-01-18 14:54:05,969 *** Initial Checkpoint. Computing Stats
2019-01-18 14:54:05,969 	 Computing Major Stats lazily... 
2019-01-18 14:54:05,991 		 Completed edges=5550 good=5550 bad=0
2019-01-18 14:54:06,003 Distortion avg=0.9990261431940679 wc=45.590951656978945 me=0.006384689858904388 mc=7140.66817096772 nan_elements=0
2019-01-18 14:54:06,003 MAP = 0.06288510515781079
2019-01-18 14:54:06,004 scale=[array([1.])]
2019-01-18 14:54:06,004 *** End Initial Checkpoint

2019-01-18 14:54:06,064 1 loss=0.9980538357895987
2019-01-18 14:54:06,068 2 loss=0.9926578738190822
2019-01-18 14:54:06,072 3 loss=0.9871797852942045
2019-01-18 14:54:06,075 4 loss=0.981719213815382
2019-01-18 14:54:06,080 5 loss=0.9762979768156962
2019-01-18 14:54:06,085 6 loss=0.970924085590076
2019-01-18 14:54:06,089 7 loss=0.9656011908006941
2019-01-18 14:54:06,092 8 loss=0.960331108774784
2019-01-18 14:54:06,096 9 loss=0.9551147401842522
2019-01-18 14:54:06,100 10 loss=0.9499524738439984
2019-01-18 14:54:06,100 
*** Major Checkpoint. Computing Stats and Saving
2019-01-18 14:54:06,100 	 Computing Major Stats lazily... 
2019-01-18 14:54:06,119 		 Completed edges=5550 good=5550 bad=0
2019-01-18 14:54:06,131 Distortion avg=0.9716540970918196 wc=66.26554864846808 me=0.21904182502743774 mc=302.5246372019019 nan_elements=0
2019-01-18 14:54:06,131 MAP = 0.029424925250733713
2019-01-18 14:54:06,132 scale=[array([1.])]
2019-01-18 14:54:06,132 *** End Major Checkpoint

2019-01-18 14:54:06,135 11 loss=0.9448443887484747
2019-01-18 14:54:06,139 12 loss=0.9397903651746841
2019-01-18 14:54:06,143 13 loss=0.9347901503414192
2019-01-18 14:54:06,147 14 loss=0.9298433994749609
2019-01-18 14:54:06,151 15 loss=0.9249497026938154
2019-01-18 14:54:06,154 16 loss=0.9201086032825044
2019-01-18 14:54:06,158 17 loss=0.9153196105068905
2019-01-18 14:54:06,162 18 loss=0.910582208841404
2019-01-18 14:54:06,166 19 loss=0.9058958647631989
2019-01-18 14:54:06,170 20 loss=0.9012600318515069
2019-01-18 14:54:06,170 
*** Major Checkpoint. Computing Stats and Saving
2019-01-18 14:54:06,170 	 Computing Major Stats lazily... 
2019-01-18 14:54:06,191 		 Completed edges=5550 good=5550 bad=0
2019-01-18 14:54:06,203 Distortion avg=0.9454766752293992 wc=67.23426908753778 me=0.42146272041363486 mc=159.52601696670175 nan_elements=0
2019-01-18 14:54:06,203 MAP = 0.028556938848934427
2019-01-18 14:54:06,203 scale=[array([1.])]
2019-01-18 14:54:06,203 *** End Major Checkpoint

2019-01-18 14:54:06,207 21 loss=0.8966741546783936
2019-01-18 14:54:06,211 22 loss=0.8921376718196745
2019-01-18 14:54:06,216 23 loss=0.8876500182134551
2019-01-18 14:54:06,220 24 loss=0.8832106270270446
2019-01-18 14:54:06,224 25 loss=0.8788189311478863
2019-01-18 14:54:06,228 26 loss=0.874474364383175
2019-01-18 14:54:06,232 27 loss=0.8701763624310527
2019-01-18 14:54:06,236 28 loss=0.8659243636707609
2019-01-18 14:54:06,240 29 loss=0.8617178098079097
2019-01-18 14:54:06,245 30 loss=0.8575561464027484
2019-01-18 14:54:06,245 
*** Major Checkpoint. Computing Stats and Saving
2019-01-18 14:54:06,245 	 Computing Major Stats lazily... 
2019-01-18 14:54:06,266 		 Completed edges=5550 good=5550 bad=0
2019-01-18 14:54:06,278 Distortion avg=0.9206808035023397 wc=66.11153560152013 me=0.6043910461982249 mc=109.38536567902302 nan_elements=0
2019-01-18 14:54:06,278 MAP = 0.028264535996602138
2019-01-18 14:54:06,279 scale=[array([1.])]
2019-01-18 14:54:06,279 *** End Major Checkpoint

2019-01-18 14:54:06,283 31 loss=0.8534388233032005
2019-01-18 14:54:06,287 32 loss=0.8493652949997981
2019-01-18 14:54:06,291 33 loss=0.8453350209161468
2019-01-18 14:54:06,295 34 loss=0.8413474656458234
2019-01-18 14:54:06,299 35 loss=0.8374020991445414
2019-01-18 14:54:06,303 36 loss=0.8334983968847571
2019-01-18 14:54:06,307 37 loss=0.8296358399785886
2019-01-18 14:54:06,312 38 loss=0.8258139152739049
2019-01-18 14:54:06,316 39 loss=0.8220321154276053
2019-01-18 14:54:06,320 40 loss=0.8182899389594337
2019-01-18 14:54:06,320 
*** Major Checkpoint. Computing Stats and Saving
2019-01-18 14:54:06,320 	 Computing Major Stats lazily... 
2019-01-18 14:54:06,341 		 Completed edges=5550 good=5550 bad=0
2019-01-18 14:54:06,354 Distortion avg=0.8972039517108382 wc=64.93651945162846 me=0.7743947699995334 mc=83.85454288601095 nan_elements=0
2019-01-18 14:54:06,354 MAP = 0.028019617782086097
2019-01-18 14:54:06,354 scale=[array([1.])]
2019-01-18 14:54:06,354 *** End Major Checkpoint

2019-01-18 14:54:06,358 41 loss=0.8145868902891492
2019-01-18 14:54:06,362 42 loss=0.8109224797594115
2019-01-18 14:54:06,366 43 loss=0.8072962236463957
2019-01-18 14:54:06,370 44 loss=0.8037076441598289
2019-01-18 14:54:06,375 45 loss=0.800156269433911
2019-01-18 14:54:06,379 46 loss=0.7966416335103633
2019-01-18 14:54:06,383 47 loss=0.7931632763146638
2019-01-18 14:54:06,387 48 loss=0.7897207436264196
2019-01-18 14:54:06,391 49 loss=0.7863135870446412
2019-01-18 14:54:06,396 50 loss=0.7829413639486417
2019-01-18 14:54:06,396 
*** Major Checkpoint. Computing Stats and Saving
2019-01-18 14:54:06,396 	 Computing Major Stats lazily... 
2019-01-18 14:54:06,417 		 Completed edges=5550 good=5550 bad=0
2019-01-18 14:54:06,430 Distortion avg=0.8749699437784674 wc=63.94276616012688 me=0.9347643049469584 mc=68.40522880658692 nan_elements=0
2019-01-18 14:54:06,430 MAP = 0.027933014863473472
2019-01-18 14:54:06,431 scale=[array([1.])]
2019-01-18 14:54:06,431 *** End Major Checkpoint

2019-01-18 14:54:06,431 final loss=0.7829413639486417
2019-01-18 14:54:06,431 best loss=0.7829413639486417, distortion=0.8749699437784674, map=0.029424925250733713, wc_dist=63.94276616012688
2019-01-18 14:54:06,431 	 Computing Major Stats lazily... 
2019-01-18 14:54:06,452 		 Completed edges=5550 good=5550 bad=0
2019-01-18 14:54:06,464 Distortion avg=0.8749699437784736 wc=63.94276616012688 me=0.9347643049469584 mc=68.40522880658692 nan_elements=0
2019-01-18 14:54:06,465 MAP = 0.02793301486347348
2019-01-18 14:54:06,465 scale=[array([1.])]
