2019-01-18 14:41:25,620 Commandline ['pytorch/pytorch_hyperbolic.py', 'learn', 'data/edges/parsing/ewt/ewt_dev/1944.edges', '--dim', '0', '--hyp', '0', '--edim', '10', '--euc', '1', '--sdim', '0', '--sph', '0', '--log-name', 'ewt_devr2/1944.edges.E10-1.lr1.log', '--batch-size', '65536', '--epochs', '50', '-g', '--subsample', '1024', '--learning-rate', '1']
2019-01-18 14:41:25,620 No Model Save selected!
2019-01-18 14:41:25,622 Loaded Graph data/edges/parsing/ewt/ewt_dev/1944.edges with 41 nodes scale=1.0
2019-01-18 14:41:25,622 Building dataset
2019-01-18 14:41:25,623 Subsample: 41 points with scale 1.0 subsample=40
2019-01-18 14:41:25,689 Built Data Sampler
2019-01-18 14:41:25,689 Creating a fresh model warm_start?=None
2019-01-18 14:41:25,689 	 Warmstarting? None None 41
2019-01-18 14:41:25,690 Embedding() torch.Size([41, 10])
2019-01-18 14:41:25,690 relative No Rescale
2019-01-18 14:41:25,690 Constructed model with dim=0 and epochs=0 isnan=False
2019-01-18 14:41:25,690 SGD (
Parameter Group 0
    dampening: 0
    initial_lr: 0.1
    lr: 1.0
    momentum: 0.0
    nesterov: False
    weight_decay: 0

Parameter Group 1
    dampening: 0
    initial_lr: 0.1
    lr: 1.0
    momentum: 0.0
    nesterov: False
    weight_decay: 0

Parameter Group 2
    dampening: 0
    initial_lr: 0.1
    lr: 1.0
    momentum: 0.0
    nesterov: False
    weight_decay: 0

Parameter Group 3
    dampening: 0
    initial_lr: 0.0001
    lr: 0.001
    momentum: 0.0
    nesterov: False
    weight_decay: 0
)
2019-01-18 14:41:25,690 *** Initial Checkpoint. Computing Stats
2019-01-18 14:41:25,690 	 Computing Major Stats lazily... 
2019-01-18 14:41:25,697 		 Completed edges=1640 good=1640 bad=0
2019-01-18 14:41:25,704 Distortion avg=0.99870198043381 wc=18.953534934192035 me=0.006841983940850235 mc=2770.1811489251654 nan_elements=0
2019-01-18 14:41:25,704 MAP = 0.17066084717167945
2019-01-18 14:41:25,704 scale=[array([1.])]
2019-01-18 14:41:25,704 *** End Initial Checkpoint

2019-01-18 14:41:25,762 1 loss=0.9974064710732392
2019-01-18 14:41:25,763 2 loss=0.9795690304857665
2019-01-18 14:41:25,765 3 loss=0.9616865042643481
2019-01-18 14:41:25,766 4 loss=0.9442547899246024
2019-01-18 14:41:25,768 5 loss=0.9273442724507017
2019-01-18 14:41:25,770 6 loss=0.9109661708545784
2019-01-18 14:41:25,771 7 loss=0.8951149293204718
2019-01-18 14:41:25,773 8 loss=0.8797785252173193
2019-01-18 14:41:25,774 9 loss=0.8649421006411321
2019-01-18 14:41:25,776 10 loss=0.8505895421571598
2019-01-18 14:41:25,777 11 loss=0.8367042650832571
2019-01-18 14:41:25,779 12 loss=0.8232696379370049
2019-01-18 14:41:25,780 13 loss=0.8102692252279566
2019-01-18 14:41:25,782 14 loss=0.7976869307627087
2019-01-18 14:41:25,783 15 loss=0.7855070829750366
2019-01-18 14:41:25,785 16 loss=0.7737144848147797
2019-01-18 14:41:25,787 17 loss=0.7622944411555916
2019-01-18 14:41:25,788 18 loss=0.7512327715374953
2019-01-18 14:41:25,790 19 loss=0.7405158131469982
2019-01-18 14:41:25,791 20 loss=0.7301304172130008
2019-01-18 14:41:25,793 21 loss=0.7200639409364492
2019-01-18 14:41:25,794 22 loss=0.7103042363981371
2019-01-18 14:41:25,796 23 loss=0.70083963744886
2019-01-18 14:41:25,797 24 loss=0.6916589452911895
2019-01-18 14:41:25,799 25 loss=0.6827514132601693
2019-01-18 14:41:25,800 26 loss=0.6741067311692751
2019-01-18 14:41:25,802 27 loss=0.6657150094879057
2019-01-18 14:41:25,803 28 loss=0.6575667635445804
2019-01-18 14:41:25,805 29 loss=0.6496528978974061
2019-01-18 14:41:25,806 30 loss=0.6419646909745573
2019-01-18 14:41:25,808 31 loss=0.634493780058563
2019-01-18 14:41:25,809 32 loss=0.6272321466664931
2019-01-18 14:41:25,811 33 loss=0.6201721023616898
2019-01-18 14:41:25,812 34 loss=0.6133062750202232
2019-01-18 14:41:25,814 35 loss=0.6066275955657341
2019-01-18 14:41:25,815 36 loss=0.6001292851790705
2019-01-18 14:41:25,817 37 loss=0.5938048429835805
2019-01-18 14:41:25,818 38 loss=0.587648034202701
2019-01-18 14:41:25,820 39 loss=0.5816528787832937
2019-01-18 14:41:25,821 40 loss=0.5758136404757809
2019-01-18 14:41:25,823 41 loss=0.5701248163603538
2019-01-18 14:41:25,824 42 loss=0.5645811268072479
2019-01-18 14:41:25,826 43 loss=0.5591775058581715
2019-01-18 14:41:25,828 44 loss=0.5539090920153796
2019-01-18 14:41:25,829 45 loss=0.548771219424517
2019-01-18 14:41:25,831 46 loss=0.5437594094371906
2019-01-18 14:41:25,832 47 loss=0.5388693625391926
2019-01-18 14:41:25,834 48 loss=0.5340969506303973
2019-01-18 14:41:25,835 49 loss=0.5294382096425199
2019-01-18 14:41:25,837 50 loss=0.5248893324811841
2019-01-18 14:41:25,837 final loss=0.5248893324811841
2019-01-18 14:41:25,837 best loss=10000000000.0, distortion=10000000000.0, map=0.0, wc_dist=10000000000.0
2019-01-18 14:41:25,837 	 Computing Major Stats lazily... 
2019-01-18 14:41:25,843 		 Completed edges=1640 good=1640 bad=0
2019-01-18 14:41:25,849 Distortion avg=0.6984746508802077 wc=26.19580319280011 me=1.5798637932051516 mc=16.58105167386318 nan_elements=0
2019-01-18 14:41:25,849 MAP = 0.054125029525321874
2019-01-18 14:41:25,850 scale=[array([1.])]
2019-01-18 14:45:07,997 Commandline ['pytorch/pytorch_hyperbolic.py', 'learn', 'data/edges/parsing/ewt/ewt_dev/1944.edges', '--dim', '0', '--hyp', '0', '--edim', '10', '--euc', '1', '--sdim', '0', '--sph', '0', '--log-name', 'ewt_devr2/1944.edges.E10-1.lr1.log', '--batch-size', '65536', '--epochs', '50', '--checkpoint-freq', '10', '-g', '--subsample', '1024', '--learning-rate', '1']
2019-01-18 14:45:07,997 No Model Save selected!
2019-01-18 14:45:07,998 Loaded Graph data/edges/parsing/ewt/ewt_dev/1944.edges with 41 nodes scale=1.0
2019-01-18 14:45:07,998 Building dataset
2019-01-18 14:45:07,999 Subsample: 41 points with scale 1.0 subsample=40
2019-01-18 14:45:08,067 Built Data Sampler
2019-01-18 14:45:08,067 Creating a fresh model warm_start?=None
2019-01-18 14:45:08,067 	 Warmstarting? None None 41
2019-01-18 14:45:08,068 Embedding() torch.Size([41, 10])
2019-01-18 14:45:08,068 relative No Rescale
2019-01-18 14:45:08,068 Constructed model with dim=0 and epochs=0 isnan=False
2019-01-18 14:45:08,068 SGD (
Parameter Group 0
    dampening: 0
    initial_lr: 0.1
    lr: 1.0
    momentum: 0.0
    nesterov: False
    weight_decay: 0

Parameter Group 1
    dampening: 0
    initial_lr: 0.1
    lr: 1.0
    momentum: 0.0
    nesterov: False
    weight_decay: 0

Parameter Group 2
    dampening: 0
    initial_lr: 0.1
    lr: 1.0
    momentum: 0.0
    nesterov: False
    weight_decay: 0

Parameter Group 3
    dampening: 0
    initial_lr: 0.0001
    lr: 0.001
    momentum: 0.0
    nesterov: False
    weight_decay: 0
)
2019-01-18 14:45:08,068 *** Initial Checkpoint. Computing Stats
2019-01-18 14:45:08,069 	 Computing Major Stats lazily... 
2019-01-18 14:45:08,075 		 Completed edges=1640 good=1640 bad=0
2019-01-18 14:45:08,081 Distortion avg=0.99870198043381 wc=18.953534934192035 me=0.006841983940850235 mc=2770.1811489251654 nan_elements=0
2019-01-18 14:45:08,081 MAP = 0.17066084717167945
2019-01-18 14:45:08,082 scale=[array([1.])]
2019-01-18 14:45:08,082 *** End Initial Checkpoint

2019-01-18 14:45:08,140 1 loss=0.9974064710732392
2019-01-18 14:45:08,142 2 loss=0.9795690304857665
2019-01-18 14:45:08,143 3 loss=0.9616865042643481
2019-01-18 14:45:08,145 4 loss=0.9442547899246024
2019-01-18 14:45:08,146 5 loss=0.9273442724507017
2019-01-18 14:45:08,148 6 loss=0.9109661708545784
2019-01-18 14:45:08,150 7 loss=0.8951149293204718
2019-01-18 14:45:08,151 8 loss=0.8797785252173193
2019-01-18 14:45:08,153 9 loss=0.8649421006411321
2019-01-18 14:45:08,154 10 loss=0.8505895421571598
2019-01-18 14:45:08,154 
*** Major Checkpoint. Computing Stats and Saving
2019-01-18 14:45:08,154 	 Computing Major Stats lazily... 
2019-01-18 14:45:08,160 		 Completed edges=1640 good=1640 bad=0
2019-01-18 14:45:08,166 Distortion avg=0.9114877695824388 wc=33.67921393748864 me=0.4923230989506255 mc=68.40876247585184 nan_elements=0
2019-01-18 14:45:08,167 MAP = 0.06364098026778608
2019-01-18 14:45:08,167 scale=[array([1.])]
2019-01-18 14:45:08,167 *** End Major Checkpoint

2019-01-18 14:45:08,168 11 loss=0.8367042650832575
2019-01-18 14:45:08,170 12 loss=0.8232696379370045
2019-01-18 14:45:08,172 13 loss=0.8102692252279569
2019-01-18 14:45:08,173 14 loss=0.797686930762709
2019-01-18 14:45:08,175 15 loss=0.7855070829750364
2019-01-18 14:45:08,177 16 loss=0.77371448481478
2019-01-18 14:45:08,178 17 loss=0.7622944411555918
2019-01-18 14:45:08,180 18 loss=0.7512327715374955
2019-01-18 14:45:08,181 19 loss=0.7405158131469979
2019-01-18 14:45:08,183 20 loss=0.7301304172130011
2019-01-18 14:45:08,183 
*** Major Checkpoint. Computing Stats and Saving
2019-01-18 14:45:08,183 	 Computing Major Stats lazily... 
2019-01-18 14:45:08,189 		 Completed edges=1640 good=1640 bad=0
2019-01-18 14:45:08,196 Distortion avg=0.8371102225041868 wc=31.75654077392328 me=0.8821394433735577 mc=35.99945678936772 nan_elements=0
2019-01-18 14:45:08,196 MAP = 0.052321717869746105
2019-01-18 14:45:08,196 scale=[array([1.])]
2019-01-18 14:45:08,196 *** End Major Checkpoint

2019-01-18 14:45:08,197 21 loss=0.7200639409364492
2019-01-18 14:45:08,199 22 loss=0.7103042363981372
2019-01-18 14:45:08,200 23 loss=0.7008396374488602
2019-01-18 14:45:08,202 24 loss=0.6916589452911898
2019-01-18 14:45:08,204 25 loss=0.6827514132601694
2019-01-18 14:45:08,205 26 loss=0.674106731169275
2019-01-18 14:45:08,207 27 loss=0.6657150094879062
2019-01-18 14:45:08,208 28 loss=0.6575667635445801
2019-01-18 14:45:08,210 29 loss=0.6496528978974061
2019-01-18 14:45:08,211 30 loss=0.6419646909745573
2019-01-18 14:45:08,211 
*** Major Checkpoint. Computing Stats and Saving
2019-01-18 14:45:08,212 	 Computing Major Stats lazily... 
2019-01-18 14:45:08,218 		 Completed edges=1640 good=1640 bad=0
2019-01-18 14:45:08,225 Distortion avg=0.7764285762195294 wc=29.409886419875065 me=1.1681858092037685 mc=25.175692247041372 nan_elements=0
2019-01-18 14:45:08,225 MAP = 0.05221047260490243
2019-01-18 14:45:08,225 scale=[array([1.])]
2019-01-18 14:45:08,225 *** End Major Checkpoint

2019-01-18 14:45:08,227 31 loss=0.6344937800585628
2019-01-18 14:45:08,229 32 loss=0.6272321466664931
2019-01-18 14:45:08,230 33 loss=0.62017210236169
2019-01-18 14:45:08,232 34 loss=0.6133062750202232
2019-01-18 14:45:08,233 35 loss=0.6066275955657341
2019-01-18 14:45:08,235 36 loss=0.6001292851790703
2019-01-18 14:45:08,236 37 loss=0.5938048429835805
2019-01-18 14:45:08,238 38 loss=0.587648034202701
2019-01-18 14:45:08,239 39 loss=0.5816528787832936
2019-01-18 14:45:08,241 40 loss=0.5758136404757809
2019-01-18 14:45:08,241 
*** Major Checkpoint. Computing Stats and Saving
2019-01-18 14:45:08,241 	 Computing Major Stats lazily... 
2019-01-18 14:45:08,247 		 Completed edges=1640 good=1640 bad=0
2019-01-18 14:45:08,253 Distortion avg=0.732481354210899 wc=27.59765633570629 me=1.3943253000855973 mc=19.79283911294737 nan_elements=0
2019-01-18 14:45:08,253 MAP = 0.053062266360867076
2019-01-18 14:45:08,254 scale=[array([1.])]
2019-01-18 14:45:08,254 *** End Major Checkpoint

2019-01-18 14:45:08,255 41 loss=0.5701248163603538
2019-01-18 14:45:08,257 42 loss=0.564581126807248
2019-01-18 14:45:08,258 43 loss=0.5591775058581716
2019-01-18 14:45:08,260 44 loss=0.5539090920153796
2019-01-18 14:45:08,261 45 loss=0.5487712194245171
2019-01-18 14:45:08,263 46 loss=0.5437594094371906
2019-01-18 14:45:08,265 47 loss=0.5388693625391927
2019-01-18 14:45:08,266 48 loss=0.5340969506303975
2019-01-18 14:45:08,268 49 loss=0.5294382096425198
2019-01-18 14:45:08,269 50 loss=0.524889332481184
2019-01-18 14:45:08,269 
*** Major Checkpoint. Computing Stats and Saving
2019-01-18 14:45:08,269 	 Computing Major Stats lazily... 
2019-01-18 14:45:08,276 		 Completed edges=1640 good=1640 bad=0
2019-01-18 14:45:08,282 Distortion avg=0.6984746508802067 wc=26.19580319280011 me=1.5798637932051516 mc=16.58105167386318 nan_elements=0
2019-01-18 14:45:08,282 MAP = 0.05412502952532188
2019-01-18 14:45:08,282 scale=[array([1.])]
2019-01-18 14:45:08,283 *** End Major Checkpoint

2019-01-18 14:45:08,283 final loss=0.524889332481184
2019-01-18 14:45:08,283 best loss=0.524889332481184, distortion=0.6984746508802067, map=0.06364098026778608, wc_dist=26.19580319280011
2019-01-18 14:45:08,283 	 Computing Major Stats lazily... 
2019-01-18 14:45:08,289 		 Completed edges=1640 good=1640 bad=0
2019-01-18 14:45:08,295 Distortion avg=0.6984746508802079 wc=26.19580319280011 me=1.5798637932051516 mc=16.58105167386318 nan_elements=0
2019-01-18 14:45:08,295 MAP = 0.054125029525321874
2019-01-18 14:45:08,296 scale=[array([1.])]
