2019-01-18 15:07:06,663 Commandline ['pytorch/pytorch_hyperbolic.py', 'learn', 'data/edges/parsing/ewt/ewt_dev/1955.edges', '--dim', '0', '--hyp', '0', '--edim', '10', '--euc', '1', '--sdim', '0', '--sph', '0', '--log-name', 'ewt_devr2/1955.edges.E10-1.lr1.log', '--batch-size', '65536', '--epochs', '50', '--checkpoint-freq', '10', '-g', '--subsample', '1024', '--learning-rate', '1']
2019-01-18 15:07:06,663 No Model Save selected!
2019-01-18 15:07:06,665 Loaded Graph data/edges/parsing/ewt/ewt_dev/1955.edges with 6 nodes scale=1.0
2019-01-18 15:07:06,665 Building dataset
2019-01-18 15:07:06,666 Subsample: 6 points with scale 1.0 subsample=5
2019-01-18 15:07:06,670 Built Data Sampler
2019-01-18 15:07:06,670 Creating a fresh model warm_start?=None
2019-01-18 15:07:06,670 	 Warmstarting? None None 6
2019-01-18 15:07:06,671 Embedding() torch.Size([6, 10])
2019-01-18 15:07:06,671 relative No Rescale
2019-01-18 15:07:06,671 Constructed model with dim=0 and epochs=0 isnan=False
2019-01-18 15:07:06,671 SGD (
Parameter Group 0
    dampening: 0
    initial_lr: 0.1
    lr: 1.0
    momentum: 0.0
    nesterov: False
    weight_decay: 0

Parameter Group 1
    dampening: 0
    initial_lr: 0.1
    lr: 1.0
    momentum: 0.0
    nesterov: False
    weight_decay: 0

Parameter Group 2
    dampening: 0
    initial_lr: 0.1
    lr: 1.0
    momentum: 0.0
    nesterov: False
    weight_decay: 0

Parameter Group 3
    dampening: 0
    initial_lr: 0.0001
    lr: 0.001
    momentum: 0.0
    nesterov: False
    weight_decay: 0
)
2019-01-18 15:07:06,671 *** Initial Checkpoint. Computing Stats
2019-01-18 15:07:06,672 	 Computing Major Stats lazily... 
2019-01-18 15:07:06,672 		 Completed edges=30 good=30 bad=0
2019-01-18 15:07:06,673 Distortion avg=0.9970831198655035 wc=5.448327215027938 me=0.005628252251848828 mc=968.0318100949036 nan_elements=0
2019-01-18 15:07:06,673 MAP = 0.3673611111111111
2019-01-18 15:07:06,674 scale=[array([1.])]
2019-01-18 15:07:06,674 *** End Initial Checkpoint

2019-01-18 15:07:06,732 1 loss=0.9941769604494649
2019-01-18 15:07:06,732 2 loss=0.4635441691317516
2019-01-18 15:07:06,733 3 loss=0.31525202916545497
2019-01-18 15:07:06,733 4 loss=0.2517268731485578
2019-01-18 15:07:06,734 5 loss=0.21108416500882515
2019-01-18 15:07:06,734 6 loss=0.18122722499383753
2019-01-18 15:07:06,734 7 loss=0.15828918155714375
2019-01-18 15:07:06,735 8 loss=0.14019266646627662
2019-01-18 15:07:06,735 9 loss=0.12550308167145674
2019-01-18 15:07:06,736 10 loss=0.11318669104455176
2019-01-18 15:07:06,736 
*** Major Checkpoint. Computing Stats and Saving
2019-01-18 15:07:06,736 	 Computing Major Stats lazily... 
2019-01-18 15:07:06,736 		 Completed edges=30 good=30 bad=0
2019-01-18 15:07:06,737 Distortion avg=0.28235841025482855 wc=2.9223696248591975 me=1.3115136705912935 mc=2.2282418326159363 nan_elements=0
2019-01-18 15:07:06,738 MAP = 0.8805555555555555
2019-01-18 15:07:06,738 scale=[array([1.])]
2019-01-18 15:07:06,738 *** End Major Checkpoint

2019-01-18 15:07:06,738 11 loss=0.10252813523786036
2019-01-18 15:07:06,739 12 loss=0.09306576654852697
2019-01-18 15:07:06,739 13 loss=0.08452511825515985
2019-01-18 15:07:06,740 14 loss=0.07675588495114481
2019-01-18 15:07:06,740 15 loss=0.06967971253491859
2019-01-18 15:07:06,741 16 loss=0.0632525585402023
2019-01-18 15:07:06,741 17 loss=0.057441441031889216
2019-01-18 15:07:06,742 18 loss=0.05221274617462504
2019-01-18 15:07:06,742 19 loss=0.04752828453739766
2019-01-18 15:07:06,742 20 loss=0.04334560099376466
2019-01-18 15:07:06,743 
*** Major Checkpoint. Computing Stats and Saving
2019-01-18 15:07:06,743 	 Computing Major Stats lazily... 
2019-01-18 15:07:06,743 		 Completed edges=30 good=30 bad=0
2019-01-18 15:07:06,744 Distortion avg=0.17450889275890502 wc=1.8350887498962496 me=1.1760436565729522 mc=1.5603916909375513 nan_elements=0
2019-01-18 15:07:06,744 MAP = 1.0
2019-01-18 15:07:06,744 scale=[array([1.])]
2019-01-18 15:07:06,744 *** End Major Checkpoint

2019-01-18 15:07:06,745 21 loss=0.03961999910947707
2019-01-18 15:07:06,745 22 loss=0.03630677978243646
2019-01-18 15:07:06,746 23 loss=0.03336300899834066
2019-01-18 15:07:06,746 24 loss=0.030748639711790263
2019-01-18 15:07:06,747 25 loss=0.028427065332670406
2019-01-18 15:07:06,747 26 loss=0.026365265958174792
2019-01-18 15:07:06,747 27 loss=0.024533704009314376
2019-01-18 15:07:06,748 28 loss=0.022906088152048917
2019-01-18 15:07:06,748 29 loss=0.0214590830271502
2019-01-18 15:07:06,749 30 loss=0.020172009485091808
2019-01-18 15:07:06,749 
*** Major Checkpoint. Computing Stats and Saving
2019-01-18 15:07:06,749 	 Computing Major Stats lazily... 
2019-01-18 15:07:06,749 		 Completed edges=30 good=30 bad=0
2019-01-18 15:07:06,750 Distortion avg=0.12543158773103427 wc=1.4940691482727961 me=1.1442362445924699 mc=1.3057348561834121 nan_elements=0
2019-01-18 15:07:06,750 MAP = 1.0
2019-01-18 15:07:06,751 scale=[array([1.])]
2019-01-18 15:07:06,751 *** End Major Checkpoint

2019-01-18 15:07:06,751 31 loss=0.01902655803134955
2019-01-18 15:07:06,751 32 loss=0.018006525166142238
2019-01-18 15:07:06,752 33 loss=0.017097575388940703
2019-01-18 15:07:06,752 34 loss=0.016287028368129668
2019-01-18 15:07:06,753 35 loss=0.015563669454023217
2019-01-18 15:07:06,753 36 loss=0.014917581327572978
2019-01-18 15:07:06,754 37 loss=0.014339994590273328
2019-01-18 15:07:06,754 38 loss=0.013823155257087872
2019-01-18 15:07:06,755 39 loss=0.01336020730555545
2019-01-18 15:07:06,755 40 loss=0.012945088621465827
2019-01-18 15:07:06,755 
*** Major Checkpoint. Computing Stats and Saving
2019-01-18 15:07:06,755 	 Computing Major Stats lazily... 
2019-01-18 15:07:06,756 		 Completed edges=30 good=30 bad=0
2019-01-18 15:07:06,757 Distortion avg=0.10403480793488977 wc=1.3651171793668806 me=1.1395667184868792 mc=1.197926507698898 nan_elements=0
2019-01-18 15:07:06,757 MAP = 1.0
2019-01-18 15:07:06,757 scale=[array([1.])]
2019-01-18 15:07:06,757 *** End Major Checkpoint

2019-01-18 15:07:06,757 41 loss=0.012572438853809187
2019-01-18 15:07:06,758 42 loss=0.012237517848009662
2019-01-18 15:07:06,758 43 loss=0.011936133468046008
2019-01-18 15:07:06,759 44 loss=0.011664577746325313
2019-01-18 15:07:06,759 45 loss=0.011419570416146111
2019-01-18 15:07:06,760 46 loss=0.011198208986084946
2019-01-18 15:07:06,760 47 loss=0.010997924609419615
2019-01-18 15:07:06,761 48 loss=0.010816443085544114
2019-01-18 15:07:06,761 49 loss=0.01065175040505719
2019-01-18 15:07:06,761 50 loss=0.010502062316664007
2019-01-18 15:07:06,762 
*** Major Checkpoint. Computing Stats and Saving
2019-01-18 15:07:06,762 	 Computing Major Stats lazily... 
2019-01-18 15:07:06,762 		 Completed edges=30 good=30 bad=0
2019-01-18 15:07:06,763 Distortion avg=0.09637164205233892 wc=1.3000620645469332 me=1.1333394231795701 mc=1.1471074225050997 nan_elements=0
2019-01-18 15:07:06,763 MAP = 1.0
2019-01-18 15:07:06,763 scale=[array([1.])]
2019-01-18 15:07:06,763 *** End Major Checkpoint

2019-01-18 15:07:06,763 final loss=0.010502062316664007
2019-01-18 15:07:06,763 best loss=0.010502062316664007, distortion=0.09637164205233892, map=1.0, wc_dist=1.3000620645469332
2019-01-18 15:07:06,764 	 Computing Major Stats lazily... 
2019-01-18 15:07:06,764 		 Completed edges=30 good=30 bad=0
2019-01-18 15:07:06,765 Distortion avg=0.09637164205233896 wc=1.3000620645469332 me=1.1333394231795701 mc=1.1471074225050997 nan_elements=0
2019-01-18 15:07:06,765 MAP = 1.0
2019-01-18 15:07:06,765 scale=[array([1.])]
