2019-01-18 14:39:37,998 Commandline ['pytorch/pytorch_hyperbolic.py', 'learn', 'data/edges/parsing/ewt/ewt_dev/1962.edges', '--dim', '0', '--hyp', '0', '--edim', '10', '--euc', '1', '--sdim', '0', '--sph', '0', '--log-name', 'ewt_devr2/1962.edges.E10-1.lr1.log', '--batch-size', '65536', '--epochs', '50', '-g', '--subsample', '1024', '--learning-rate', '1']
2019-01-18 14:39:37,998 No Model Save selected!
2019-01-18 14:39:38,000 Loaded Graph data/edges/parsing/ewt/ewt_dev/1962.edges with 12 nodes scale=1.0
2019-01-18 14:39:38,000 Building dataset
2019-01-18 14:39:38,001 Subsample: 12 points with scale 1.0 subsample=11
2019-01-18 14:39:38,011 Built Data Sampler
2019-01-18 14:39:38,011 Creating a fresh model warm_start?=None
2019-01-18 14:39:38,011 	 Warmstarting? None None 12
2019-01-18 14:39:38,011 Embedding() torch.Size([12, 10])
2019-01-18 14:39:38,011 relative No Rescale
2019-01-18 14:39:38,012 Constructed model with dim=0 and epochs=0 isnan=False
2019-01-18 14:39:38,012 SGD (
Parameter Group 0
    dampening: 0
    initial_lr: 0.1
    lr: 1.0
    momentum: 0.0
    nesterov: False
    weight_decay: 0

Parameter Group 1
    dampening: 0
    initial_lr: 0.1
    lr: 1.0
    momentum: 0.0
    nesterov: False
    weight_decay: 0

Parameter Group 2
    dampening: 0
    initial_lr: 0.1
    lr: 1.0
    momentum: 0.0
    nesterov: False
    weight_decay: 0

Parameter Group 3
    dampening: 0
    initial_lr: 0.0001
    lr: 0.001
    momentum: 0.0
    nesterov: False
    weight_decay: 0
)
2019-01-18 14:39:38,012 *** Initial Checkpoint. Computing Stats
2019-01-18 14:39:38,012 	 Computing Major Stats lazily... 
2019-01-18 14:39:38,013 		 Completed edges=132 good=132 bad=0
2019-01-18 14:39:38,015 Distortion avg=0.997918334603048 wc=10.32069891865558 me=0.005941110731069004 mc=1737.1665646094668 nan_elements=0
2019-01-18 14:39:38,015 MAP = 0.2730800565175565
2019-01-18 14:39:38,015 scale=[array([1.])]
2019-01-18 14:39:38,016 *** End Initial Checkpoint

2019-01-18 14:39:38,072 1 loss=0.9958425322821095
2019-01-18 14:39:38,073 2 loss=0.8321133848295017
2019-01-18 14:39:38,074 3 loss=0.706784651384293
2019-01-18 14:39:38,074 4 loss=0.6140394914529451
2019-01-18 14:39:38,075 5 loss=0.5443201254166159
2019-01-18 14:39:38,075 6 loss=0.4907179028161815
2019-01-18 14:39:38,076 7 loss=0.44849434771611785
2019-01-18 14:39:38,077 8 loss=0.414425615452054
2019-01-18 14:39:38,077 9 loss=0.3863097119812901
2019-01-18 14:39:38,078 10 loss=0.36262835353312506
2019-01-18 14:39:38,078 11 loss=0.3423211717991791
2019-01-18 14:39:38,079 12 loss=0.3246362203989442
2019-01-18 14:39:38,079 13 loss=0.30903107537116803
2019-01-18 14:39:38,080 14 loss=0.29510719241935707
2019-01-18 14:39:38,080 15 loss=0.28256608543561357
2019-01-18 14:39:38,081 16 loss=0.27117985074551415
2019-01-18 14:39:38,082 17 loss=0.2607711623863783
2019-01-18 14:39:38,082 18 loss=0.25119955614832634
2019-01-18 14:39:38,083 19 loss=0.24235191787924626
2019-01-18 14:39:38,083 20 loss=0.2341358038882514
2019-01-18 14:39:38,084 21 loss=0.2264746847688067
2019-01-18 14:39:38,084 22 loss=0.21930450686754346
2019-01-18 14:39:38,085 23 loss=0.212571164714596
2019-01-18 14:39:38,085 24 loss=0.2062286094611138
2019-01-18 14:39:38,086 25 loss=0.20023740616694852
2019-01-18 14:39:38,087 26 loss=0.19456361173827308
2019-01-18 14:39:38,087 27 loss=0.18917788519203296
2019-01-18 14:39:38,088 28 loss=0.1840547690700407
2019-01-18 14:39:38,088 29 loss=0.17917209939892315
2019-01-18 14:39:38,089 30 loss=0.17451051434151285
2019-01-18 14:39:38,089 31 loss=0.1700530404459555
2019-01-18 14:39:38,090 32 loss=0.16578474141060306
2019-01-18 14:39:38,090 33 loss=0.16169241839344986
2019-01-18 14:39:38,091 34 loss=0.15776435369111827
2019-01-18 14:39:38,091 35 loss=0.15399009150437598
2019-01-18 14:39:38,092 36 loss=0.15036025078370763
2019-01-18 14:39:38,093 37 loss=0.14686636601339886
2019-01-18 14:39:38,093 38 loss=0.14350075238914017
2019-01-18 14:39:38,094 39 loss=0.1402563922716509
2019-01-18 14:39:38,094 40 loss=0.13712684012458778
2019-01-18 14:39:38,095 41 loss=0.1341061434129899
2019-01-18 14:39:38,095 42 loss=0.13118877717585625
2019-01-18 14:39:38,096 43 loss=0.12836959020842204
2019-01-18 14:39:38,096 44 loss=0.12564376100354702
2019-01-18 14:39:38,097 45 loss=0.12300676180949512
2019-01-18 14:39:38,097 46 loss=0.12045432936247115
2019-01-18 14:39:38,098 47 loss=0.11798244104437379
2019-01-18 14:39:38,099 48 loss=0.11558729539675941
2019-01-18 14:39:38,099 49 loss=0.11326529608867572
2019-01-18 14:39:38,100 50 loss=0.11101303858713742
2019-01-18 14:39:38,100 final loss=0.11101303858713742
2019-01-18 14:39:38,100 best loss=10000000000.0, distortion=10000000000.0, map=0.0, wc_dist=10000000000.0
2019-01-18 14:39:38,100 	 Computing Major Stats lazily... 
2019-01-18 14:39:38,101 		 Completed edges=132 good=132 bad=0
2019-01-18 14:39:38,103 Distortion avg=0.2856565889508123 wc=4.167779508796219 me=1.4789087073026677 mc=2.8181452230392865 nan_elements=0
2019-01-18 14:39:38,103 MAP = 0.9930555555555557
2019-01-18 14:39:38,103 scale=[array([1.])]
2019-01-18 15:02:26,467 Commandline ['pytorch/pytorch_hyperbolic.py', 'learn', 'data/edges/parsing/ewt/ewt_dev/1962.edges', '--dim', '0', '--hyp', '0', '--edim', '10', '--euc', '1', '--sdim', '0', '--sph', '0', '--log-name', 'ewt_devr2/1962.edges.E10-1.lr1.log', '--batch-size', '65536', '--epochs', '50', '--checkpoint-freq', '10', '-g', '--subsample', '1024', '--learning-rate', '1']
2019-01-18 15:02:26,467 No Model Save selected!
2019-01-18 15:02:26,469 Loaded Graph data/edges/parsing/ewt/ewt_dev/1962.edges with 12 nodes scale=1.0
2019-01-18 15:02:26,469 Building dataset
2019-01-18 15:02:26,469 Subsample: 12 points with scale 1.0 subsample=11
2019-01-18 15:02:26,479 Built Data Sampler
2019-01-18 15:02:26,479 Creating a fresh model warm_start?=None
2019-01-18 15:02:26,479 	 Warmstarting? None None 12
2019-01-18 15:02:26,480 Embedding() torch.Size([12, 10])
2019-01-18 15:02:26,480 relative No Rescale
2019-01-18 15:02:26,480 Constructed model with dim=0 and epochs=0 isnan=False
2019-01-18 15:02:26,480 SGD (
Parameter Group 0
    dampening: 0
    initial_lr: 0.1
    lr: 1.0
    momentum: 0.0
    nesterov: False
    weight_decay: 0

Parameter Group 1
    dampening: 0
    initial_lr: 0.1
    lr: 1.0
    momentum: 0.0
    nesterov: False
    weight_decay: 0

Parameter Group 2
    dampening: 0
    initial_lr: 0.1
    lr: 1.0
    momentum: 0.0
    nesterov: False
    weight_decay: 0

Parameter Group 3
    dampening: 0
    initial_lr: 0.0001
    lr: 0.001
    momentum: 0.0
    nesterov: False
    weight_decay: 0
)
2019-01-18 15:02:26,480 *** Initial Checkpoint. Computing Stats
2019-01-18 15:02:26,481 	 Computing Major Stats lazily... 
2019-01-18 15:02:26,482 		 Completed edges=132 good=132 bad=0
2019-01-18 15:02:26,484 Distortion avg=0.997918334603048 wc=10.32069891865558 me=0.005941110731069004 mc=1737.1665646094668 nan_elements=0
2019-01-18 15:02:26,484 MAP = 0.2730800565175565
2019-01-18 15:02:26,484 scale=[array([1.])]
2019-01-18 15:02:26,484 *** End Initial Checkpoint

2019-01-18 15:02:26,541 1 loss=0.9958425322821095
2019-01-18 15:02:26,542 2 loss=0.8321133848295017
2019-01-18 15:02:26,542 3 loss=0.706784651384293
2019-01-18 15:02:26,543 4 loss=0.6140394914529451
2019-01-18 15:02:26,543 5 loss=0.5443201254166159
2019-01-18 15:02:26,544 6 loss=0.4907179028161815
2019-01-18 15:02:26,544 7 loss=0.44849434771611785
2019-01-18 15:02:26,545 8 loss=0.414425615452054
2019-01-18 15:02:26,546 9 loss=0.3863097119812901
2019-01-18 15:02:26,546 10 loss=0.36262835353312506
2019-01-18 15:02:26,546 
*** Major Checkpoint. Computing Stats and Saving
2019-01-18 15:02:26,546 	 Computing Major Stats lazily... 
2019-01-18 15:02:26,547 		 Completed edges=132 good=132 bad=0
2019-01-18 15:02:26,549 Distortion avg=0.5431930645335132 wc=9.667070751871334 me=1.3474636195544007 mc=7.1742721744637405 nan_elements=0
2019-01-18 15:02:26,549 MAP = 0.17248196248196246
2019-01-18 15:02:26,549 scale=[array([1.])]
2019-01-18 15:02:26,549 *** End Major Checkpoint

2019-01-18 15:02:26,550 11 loss=0.342321171799179
2019-01-18 15:02:26,550 12 loss=0.3246362203989442
2019-01-18 15:02:26,551 13 loss=0.30903107537116803
2019-01-18 15:02:26,551 14 loss=0.295107192419357
2019-01-18 15:02:26,552 15 loss=0.28256608543561357
2019-01-18 15:02:26,552 16 loss=0.2711798507455141
2019-01-18 15:02:26,553 17 loss=0.2607711623863782
2019-01-18 15:02:26,554 18 loss=0.25119955614832634
2019-01-18 15:02:26,554 19 loss=0.2423519178792463
2019-01-18 15:02:26,555 20 loss=0.23413580388825136
2019-01-18 15:02:26,555 
*** Major Checkpoint. Computing Stats and Saving
2019-01-18 15:02:26,555 	 Computing Major Stats lazily... 
2019-01-18 15:02:26,555 		 Completed edges=132 good=132 bad=0
2019-01-18 15:02:26,557 Distortion avg=0.4424371799053972 wc=6.725733680681677 me=1.4581381740390336 mc=4.612548934269677 nan_elements=0
2019-01-18 15:02:26,557 MAP = 0.3420800264550265
2019-01-18 15:02:26,558 scale=[array([1.])]
2019-01-18 15:02:26,558 *** End Major Checkpoint

2019-01-18 15:02:26,558 21 loss=0.22647468476880672
2019-01-18 15:02:26,559 22 loss=0.21930450686754352
2019-01-18 15:02:26,559 23 loss=0.21257116471459597
2019-01-18 15:02:26,560 24 loss=0.20622860946111377
2019-01-18 15:02:26,560 25 loss=0.20023740616694852
2019-01-18 15:02:26,561 26 loss=0.19456361173827313
2019-01-18 15:02:26,561 27 loss=0.18917788519203302
2019-01-18 15:02:26,562 28 loss=0.1840547690700407
2019-01-18 15:02:26,562 29 loss=0.17917209939892315
2019-01-18 15:02:26,563 30 loss=0.1745105143415128
2019-01-18 15:02:26,563 
*** Major Checkpoint. Computing Stats and Saving
2019-01-18 15:02:26,563 	 Computing Major Stats lazily... 
2019-01-18 15:02:26,564 		 Completed edges=132 good=132 bad=0
2019-01-18 15:02:26,566 Distortion avg=0.3717065720795376 wc=5.568804142705584 me=1.510772931344013 mc=3.6860629596742034 nan_elements=0
2019-01-18 15:02:26,566 MAP = 0.7082175925925926
2019-01-18 15:02:26,566 scale=[array([1.])]
2019-01-18 15:02:26,566 *** End Major Checkpoint

2019-01-18 15:02:26,566 31 loss=0.17005304044595548
2019-01-18 15:02:26,567 32 loss=0.1657847414106031
2019-01-18 15:02:26,567 33 loss=0.1616924183934499
2019-01-18 15:02:26,568 34 loss=0.15776435369111827
2019-01-18 15:02:26,568 35 loss=0.15399009150437595
2019-01-18 15:02:26,569 36 loss=0.15036025078370757
2019-01-18 15:02:26,570 37 loss=0.14686636601339886
2019-01-18 15:02:26,570 38 loss=0.14350075238914017
2019-01-18 15:02:26,571 39 loss=0.14025639227165088
2019-01-18 15:02:26,571 40 loss=0.13712684012458778
2019-01-18 15:02:26,571 
*** Major Checkpoint. Computing Stats and Saving
2019-01-18 15:02:26,571 	 Computing Major Stats lazily... 
2019-01-18 15:02:26,572 		 Completed edges=132 good=132 bad=0
2019-01-18 15:02:26,574 Distortion avg=0.32213352992641153 wc=4.7869576327554135 me=1.5102299536099133 mc=3.169687914951703 nan_elements=0
2019-01-18 15:02:26,574 MAP = 0.9179629629629629
2019-01-18 15:02:26,574 scale=[array([1.])]
2019-01-18 15:02:26,574 *** End Major Checkpoint

2019-01-18 15:02:26,575 41 loss=0.13410614341298993
2019-01-18 15:02:26,575 42 loss=0.13118877717585625
2019-01-18 15:02:26,576 43 loss=0.12836959020842204
2019-01-18 15:02:26,577 44 loss=0.125643761003547
2019-01-18 15:02:26,577 45 loss=0.12300676180949514
2019-01-18 15:02:26,578 46 loss=0.12045432936247118
2019-01-18 15:02:26,578 47 loss=0.11798244104437376
2019-01-18 15:02:26,579 48 loss=0.11558729539675941
2019-01-18 15:02:26,579 49 loss=0.11326529608867573
2019-01-18 15:02:26,580 50 loss=0.11101303858713742
2019-01-18 15:02:26,580 
*** Major Checkpoint. Computing Stats and Saving
2019-01-18 15:02:26,580 	 Computing Major Stats lazily... 
2019-01-18 15:02:26,581 		 Completed edges=132 good=132 bad=0
2019-01-18 15:02:26,583 Distortion avg=0.2856565889508123 wc=4.167779508796219 me=1.4789087073026677 mc=2.8181452230392865 nan_elements=0
2019-01-18 15:02:26,583 MAP = 0.9930555555555555
2019-01-18 15:02:26,583 scale=[array([1.])]
2019-01-18 15:02:26,583 *** End Major Checkpoint

2019-01-18 15:02:26,583 final loss=0.11101303858713742
2019-01-18 15:02:26,583 best loss=0.11101303858713742, distortion=0.2856565889508123, map=0.9930555555555555, wc_dist=4.167779508796219
2019-01-18 15:02:26,583 	 Computing Major Stats lazily... 
2019-01-18 15:02:26,584 		 Completed edges=132 good=132 bad=0
2019-01-18 15:02:26,586 Distortion avg=0.28565658895081225 wc=4.167779508796219 me=1.4789087073026677 mc=2.8181452230392865 nan_elements=0
2019-01-18 15:02:26,586 MAP = 0.9930555555555557
2019-01-18 15:02:26,586 scale=[array([1.])]
