2019-01-18 14:54:45,233 Commandline ['pytorch/pytorch_hyperbolic.py', 'learn', 'data/edges/parsing/ewt/ewt_dev/1964.edges', '--dim', '0', '--hyp', '0', '--edim', '10', '--euc', '1', '--sdim', '0', '--sph', '0', '--log-name', 'ewt_devr2/1964.edges.E10-1.lr1.log', '--batch-size', '65536', '--epochs', '50', '--checkpoint-freq', '10', '-g', '--subsample', '1024', '--learning-rate', '1']
2019-01-18 14:54:45,233 No Model Save selected!
2019-01-18 14:54:45,234 Loaded Graph data/edges/parsing/ewt/ewt_dev/1964.edges with 10 nodes scale=1.0
2019-01-18 14:54:45,235 Building dataset
2019-01-18 14:54:45,235 Subsample: 10 points with scale 1.0 subsample=9
2019-01-18 14:54:45,243 Built Data Sampler
2019-01-18 14:54:45,243 Creating a fresh model warm_start?=None
2019-01-18 14:54:45,243 	 Warmstarting? None None 10
2019-01-18 14:54:45,243 Embedding() torch.Size([10, 10])
2019-01-18 14:54:45,243 relative No Rescale
2019-01-18 14:54:45,244 Constructed model with dim=0 and epochs=0 isnan=False
2019-01-18 14:54:45,244 SGD (
Parameter Group 0
    dampening: 0
    initial_lr: 0.1
    lr: 1.0
    momentum: 0.0
    nesterov: False
    weight_decay: 0

Parameter Group 1
    dampening: 0
    initial_lr: 0.1
    lr: 1.0
    momentum: 0.0
    nesterov: False
    weight_decay: 0

Parameter Group 2
    dampening: 0
    initial_lr: 0.1
    lr: 1.0
    momentum: 0.0
    nesterov: False
    weight_decay: 0

Parameter Group 3
    dampening: 0
    initial_lr: 0.0001
    lr: 0.001
    momentum: 0.0
    nesterov: False
    weight_decay: 0
)
2019-01-18 14:54:45,244 *** Initial Checkpoint. Computing Stats
2019-01-18 14:54:45,244 	 Computing Major Stats lazily... 
2019-01-18 14:54:45,245 		 Completed edges=90 good=90 bad=0
2019-01-18 14:54:45,247 Distortion avg=0.997571883858985 wc=6.865870945531335 me=0.005982886981094694 mc=1147.5849313595224 nan_elements=0
2019-01-18 14:54:45,247 MAP = 0.42861111111111116
2019-01-18 14:54:45,247 scale=[array([1.])]
2019-01-18 14:54:45,248 *** End Initial Checkpoint

2019-01-18 14:54:45,303 1 loss=0.9951512353647732
2019-01-18 14:54:45,304 2 loss=0.7640483516529274
2019-01-18 14:54:45,305 3 loss=0.6067367483239877
2019-01-18 14:54:45,305 4 loss=0.5040382442265492
2019-01-18 14:54:45,305 5 loss=0.43363431077737863
2019-01-18 14:54:45,306 6 loss=0.38254664743587097
2019-01-18 14:54:45,306 7 loss=0.34349588164803735
2019-01-18 14:54:45,307 8 loss=0.31234811637614013
2019-01-18 14:54:45,307 9 loss=0.2866842163421147
2019-01-18 14:54:45,308 10 loss=0.26502912779676624
2019-01-18 14:54:45,308 
*** Major Checkpoint. Computing Stats and Saving
2019-01-18 14:54:45,308 	 Computing Major Stats lazily... 
2019-01-18 14:54:45,309 		 Completed edges=90 good=90 bad=0
2019-01-18 14:54:45,310 Distortion avg=0.4586557961950966 wc=6.501592290492812 me=1.359667507476428 mc=4.781751608200086 nan_elements=0
2019-01-18 14:54:45,310 MAP = 0.27865079365079365
2019-01-18 14:54:45,310 scale=[array([1.])]
2019-01-18 14:54:45,311 *** End Major Checkpoint

2019-01-18 14:54:45,311 11 loss=0.24643850667538378
2019-01-18 14:54:45,311 12 loss=0.23027500833057032
2019-01-18 14:54:45,312 13 loss=0.21608528106190716
2019-01-18 14:54:45,312 14 loss=0.20353094907453556
2019-01-18 14:54:45,313 15 loss=0.19234897275394233
2019-01-18 14:54:45,313 16 loss=0.18232827465225807
2019-01-18 14:54:45,314 17 loss=0.17329553394500416
2019-01-18 14:54:45,314 18 loss=0.1651062362143488
2019-01-18 14:54:45,315 19 loss=0.15763878116089988
2019-01-18 14:54:45,315 20 loss=0.15079039507655362
2019-01-18 14:54:45,315 
*** Major Checkpoint. Computing Stats and Saving
2019-01-18 14:54:45,315 	 Computing Major Stats lazily... 
2019-01-18 14:54:45,316 		 Completed edges=90 good=90 bad=0
2019-01-18 14:54:45,318 Distortion avg=0.34215380433925424 wc=4.632312589405691 me=1.472579210827004 mc=3.145713694276706 nan_elements=0
2019-01-18 14:54:45,318 MAP = 0.8262499999999999
2019-01-18 14:54:45,318 scale=[array([1.])]
2019-01-18 14:54:45,318 *** End Major Checkpoint

2019-01-18 14:54:45,318 21 loss=0.14447412600145754
2019-01-18 14:54:45,319 22 loss=0.13861650400826392
2019-01-18 14:54:45,319 23 loss=0.13315562603866057
2019-01-18 14:54:45,320 24 loss=0.12803952810430672
2019-01-18 14:54:45,320 25 loss=0.12322476773092106
2019-01-18 14:54:45,321 26 loss=0.11867517378043699
2019-01-18 14:54:45,321 27 loss=0.11436073963184629
2019-01-18 14:54:45,322 28 loss=0.11025664543868606
2019-01-18 14:54:45,322 29 loss=0.10634239967422816
2019-01-18 14:54:45,323 30 loss=0.10260109179853605
2019-01-18 14:54:45,323 
*** Major Checkpoint. Computing Stats and Saving
2019-01-18 14:54:45,323 	 Computing Major Stats lazily... 
2019-01-18 14:54:45,323 		 Completed edges=90 good=90 bad=0
2019-01-18 14:54:45,325 Distortion avg=0.28283414498858506 wc=3.5951631975623104 me=1.431694819628782 mc=2.511123982759458 nan_elements=0
2019-01-18 14:54:45,325 MAP = 0.9833333333333334
2019-01-18 14:54:45,325 scale=[array([1.])]
2019-01-18 14:54:45,325 *** End Major Checkpoint

2019-01-18 14:54:45,326 31 loss=0.09901874807929914
2019-01-18 14:54:45,326 32 loss=0.09558378222717949
2019-01-18 14:54:45,327 33 loss=0.09228653204836894
2019-01-18 14:54:45,327 34 loss=0.08911887301724118
2019-01-18 14:54:45,328 35 loss=0.08607389962856378
2019-01-18 14:54:45,328 36 loss=0.08314566561293467
2019-01-18 14:54:45,329 37 loss=0.08032897455504123
2019-01-18 14:54:45,329 38 loss=0.07761921308510106
2019-01-18 14:54:45,330 39 loss=0.07501221955786767
2019-01-18 14:54:45,330 40 loss=0.07250418193413619
2019-01-18 14:54:45,330 
*** Major Checkpoint. Computing Stats and Saving
2019-01-18 14:54:45,330 	 Computing Major Stats lazily... 
2019-01-18 14:54:45,331 		 Completed edges=90 good=90 bad=0
2019-01-18 14:54:45,332 Distortion avg=0.2385336317176045 wc=2.8466900494254497 me=1.338277779873681 mc=2.1271294287604077 nan_elements=0
2019-01-18 14:54:45,333 MAP = 1.0
2019-01-18 14:54:45,333 scale=[array([1.])]
2019-01-18 14:54:45,333 *** End Major Checkpoint

2019-01-18 14:54:45,333 41 loss=0.07009155938965175
2019-01-18 14:54:45,334 42 loss=0.06777102295979932
2019-01-18 14:54:45,334 43 loss=0.06553941126045824
2019-01-18 14:54:45,335 44 loss=0.0633936979904725
2019-01-18 14:54:45,335 45 loss=0.06133096851159069
2019-01-18 14:54:45,336 46 loss=0.059348403315556714
2019-01-18 14:54:45,336 47 loss=0.05744326662752343
2019-01-18 14:54:45,337 48 loss=0.05561289876504103
2019-01-18 14:54:45,337 49 loss=0.053854711179040046
2019-01-18 14:54:45,338 50 loss=0.05216618335470869
2019-01-18 14:54:45,338 
*** Major Checkpoint. Computing Stats and Saving
2019-01-18 14:54:45,338 	 Computing Major Stats lazily... 
2019-01-18 14:54:45,339 		 Completed edges=90 good=90 bad=0
2019-01-18 14:54:45,341 Distortion avg=0.20085340571819432 wc=2.3930860321126284 me=1.284282696226941 mc=1.8633639144584058 nan_elements=0
2019-01-18 14:54:45,341 MAP = 1.0
2019-01-18 14:54:45,341 scale=[array([1.])]
2019-01-18 14:54:45,341 *** End Major Checkpoint

2019-01-18 14:54:45,341 final loss=0.05216618335470869
2019-01-18 14:54:45,341 best loss=0.05216618335470869, distortion=0.20085340571819432, map=1.0, wc_dist=2.3930860321126284
2019-01-18 14:54:45,341 	 Computing Major Stats lazily... 
2019-01-18 14:54:45,342 		 Completed edges=90 good=90 bad=0
2019-01-18 14:54:45,343 Distortion avg=0.20085340571819432 wc=2.3930860321126284 me=1.284282696226941 mc=1.8633639144584058 nan_elements=0
2019-01-18 14:54:45,343 MAP = 1.0
2019-01-18 14:54:45,344 scale=[array([1.])]
