2019-01-18 15:01:56,763 Commandline ['pytorch/pytorch_hyperbolic.py', 'learn', 'data/edges/parsing/ewt/ewt_dev/1966.edges', '--dim', '0', '--hyp', '0', '--edim', '10', '--euc', '1', '--sdim', '0', '--sph', '0', '--log-name', 'ewt_devr2/1966.edges.E10-1.lr1.log', '--batch-size', '65536', '--epochs', '50', '--checkpoint-freq', '10', '-g', '--subsample', '1024', '--learning-rate', '1']
2019-01-18 15:01:56,764 No Model Save selected!
2019-01-18 15:01:56,765 Loaded Graph data/edges/parsing/ewt/ewt_dev/1966.edges with 10 nodes scale=1.0
2019-01-18 15:01:56,765 Building dataset
2019-01-18 15:01:56,766 Subsample: 10 points with scale 1.0 subsample=9
2019-01-18 15:01:56,774 Built Data Sampler
2019-01-18 15:01:56,774 Creating a fresh model warm_start?=None
2019-01-18 15:01:56,774 	 Warmstarting? None None 10
2019-01-18 15:01:56,774 Embedding() torch.Size([10, 10])
2019-01-18 15:01:56,775 relative No Rescale
2019-01-18 15:01:56,775 Constructed model with dim=0 and epochs=0 isnan=False
2019-01-18 15:01:56,775 SGD (
Parameter Group 0
    dampening: 0
    initial_lr: 0.1
    lr: 1.0
    momentum: 0.0
    nesterov: False
    weight_decay: 0

Parameter Group 1
    dampening: 0
    initial_lr: 0.1
    lr: 1.0
    momentum: 0.0
    nesterov: False
    weight_decay: 0

Parameter Group 2
    dampening: 0
    initial_lr: 0.1
    lr: 1.0
    momentum: 0.0
    nesterov: False
    weight_decay: 0

Parameter Group 3
    dampening: 0
    initial_lr: 0.0001
    lr: 0.001
    momentum: 0.0
    nesterov: False
    weight_decay: 0
)
2019-01-18 15:01:56,775 *** Initial Checkpoint. Computing Stats
2019-01-18 15:01:56,775 	 Computing Major Stats lazily... 
2019-01-18 15:01:56,776 		 Completed edges=90 good=90 bad=0
2019-01-18 15:01:56,778 Distortion avg=0.9976624992848544 wc=6.33084018985054 me=0.005982886981094694 mc=1058.1580781745238 nan_elements=0
2019-01-18 15:01:56,778 MAP = 0.3524603174603175
2019-01-18 15:01:56,778 scale=[array([1.])]
2019-01-18 15:01:56,778 *** End Initial Checkpoint

2019-01-18 15:01:56,835 1 loss=0.9953319688558904
2019-01-18 15:01:56,836 2 loss=0.7774140958435939
2019-01-18 15:01:56,836 3 loss=0.6229874483323415
2019-01-18 15:01:56,837 4 loss=0.5202899125270054
2019-01-18 15:01:56,837 5 loss=0.44998540080983485
2019-01-18 15:01:56,838 6 loss=0.399713631269788
2019-01-18 15:01:56,838 7 loss=0.3620433439204483
2019-01-18 15:01:56,839 8 loss=0.3325308433388063
2019-01-18 15:01:56,840 9 loss=0.3084922483461992
2019-01-18 15:01:56,840 10 loss=0.2882776407570469
2019-01-18 15:01:56,840 
*** Major Checkpoint. Computing Stats and Saving
2019-01-18 15:01:56,840 	 Computing Major Stats lazily... 
2019-01-18 15:01:56,841 		 Completed edges=90 good=90 bad=0
2019-01-18 15:01:56,843 Distortion avg=0.4804907986333711 wc=6.399562633844907 me=1.3064562620097782 mc=4.898413226632006 nan_elements=0
2019-01-18 15:01:56,843 MAP = 0.24973809523809526
2019-01-18 15:01:56,843 scale=[array([1.])]
2019-01-18 15:01:56,843 *** End Major Checkpoint

2019-01-18 15:01:56,844 11 loss=0.27084876355936777
2019-01-18 15:01:56,844 12 loss=0.25553336945738947
2019-01-18 15:01:56,845 13 loss=0.24188143049499009
2019-01-18 15:01:56,845 14 loss=0.22958020819111447
2019-01-18 15:01:56,846 15 loss=0.21840358372283414
2019-01-18 15:01:56,846 16 loss=0.2081815168657009
2019-01-18 15:01:56,847 17 loss=0.19878144376168627
2019-01-18 15:01:56,847 18 loss=0.19009681300220244
2019-01-18 15:01:56,848 19 loss=0.18203991299058905
2019-01-18 15:01:56,848 20 loss=0.17453728488119608
2019-01-18 15:01:56,848 
*** Major Checkpoint. Computing Stats and Saving
2019-01-18 15:01:56,848 	 Computing Major Stats lazily... 
2019-01-18 15:01:56,849 		 Completed edges=90 good=90 bad=0
2019-01-18 15:01:56,850 Distortion avg=0.36843301814824647 wc=4.854201162159498 me=1.426062926249214 mc=3.403917928731845 nan_elements=0
2019-01-18 15:01:56,850 MAP = 0.716
2019-01-18 15:01:56,851 scale=[array([1.])]
2019-01-18 15:01:56,851 *** End Major Checkpoint

2019-01-18 15:01:56,851 21 loss=0.1675266925842197
2019-01-18 15:01:56,852 22 loss=0.16095502923406804
2019-01-18 15:01:56,852 23 loss=0.1547767882082657
2019-01-18 15:01:56,853 24 loss=0.1489528793179959
2019-01-18 15:01:56,853 25 loss=0.14344966405022921
2019-01-18 15:01:56,854 26 loss=0.13823813986634445
2019-01-18 15:01:56,854 27 loss=0.1332932362519286
2019-01-18 15:01:56,855 28 loss=0.12859320319682518
2019-01-18 15:01:56,855 29 loss=0.12411908175622886
2019-01-18 15:01:56,856 30 loss=0.1198542500528857
2019-01-18 15:01:56,856 
*** Major Checkpoint. Computing Stats and Saving
2019-01-18 15:01:56,856 	 Computing Major Stats lazily... 
2019-01-18 15:01:56,856 		 Completed edges=90 good=90 bad=0
2019-01-18 15:01:56,858 Distortion avg=0.29630821470157254 wc=3.730384923660828 me=1.377081870845654 mc=2.708905695904653 nan_elements=0
2019-01-18 15:01:56,858 MAP = 1.0
2019-01-18 15:01:56,858 scale=[array([1.])]
2019-01-18 15:01:56,858 *** End Major Checkpoint

2019-01-18 15:01:56,859 31 loss=0.11578403897798008
2019-01-18 15:01:56,859 32 loss=0.11189541148672624
2019-01-18 15:01:56,860 33 loss=0.10817669868896375
2019-01-18 15:01:56,860 34 loss=0.10461738539751095
2019-01-18 15:01:56,861 35 loss=0.10120793762391253
2019-01-18 15:01:56,861 36 loss=0.0979396647330101
2019-01-18 15:01:56,862 37 loss=0.09480460951970827
2019-01-18 15:01:56,862 38 loss=0.09179546024895158
2019-01-18 15:01:56,863 39 loss=0.08890547959433215
2019-01-18 15:01:56,863 40 loss=0.08612844632802494
2019-01-18 15:01:56,863 
*** Major Checkpoint. Computing Stats and Saving
2019-01-18 15:01:56,863 	 Computing Major Stats lazily... 
2019-01-18 15:01:56,864 		 Completed edges=90 good=90 bad=0
2019-01-18 15:01:56,865 Distortion avg=0.24684159630280134 wc=2.9769660865156666 me=1.3111709764907509 mc=2.270463684670087 nan_elements=0
2019-01-18 15:01:56,865 MAP = 1.0
2019-01-18 15:01:56,866 scale=[array([1.])]
2019-01-18 15:01:56,866 *** End Major Checkpoint

2019-01-18 15:01:56,866 41 loss=0.08345860648450107
2019-01-18 15:01:56,867 42 loss=0.08089063149698097
2019-01-18 15:01:56,867 43 loss=0.0784195814649687
2019-01-18 15:01:56,868 44 loss=0.0760408722466578
2019-01-18 15:01:56,868 45 loss=0.07375024548676842
2019-01-18 15:01:56,869 46 loss=0.07154374100113403
2019-01-18 15:01:56,869 47 loss=0.06941767116054715
2019-01-18 15:01:56,870 48 loss=0.06736859706541526
2019-01-18 15:01:56,870 49 loss=0.06539330639631047
2019-01-18 15:01:56,870 50 loss=0.06348879287826065
2019-01-18 15:01:56,871 
*** Major Checkpoint. Computing Stats and Saving
2019-01-18 15:01:56,871 	 Computing Major Stats lazily... 
2019-01-18 15:01:56,871 		 Completed edges=90 good=90 bad=0
2019-01-18 15:01:56,873 Distortion avg=0.20743890983239482 wc=2.496613543796573 me=1.2645541031521161 mc=1.974303462045111 nan_elements=0
2019-01-18 15:01:56,873 MAP = 1.0
2019-01-18 15:01:56,873 scale=[array([1.])]
2019-01-18 15:01:56,873 *** End Major Checkpoint

2019-01-18 15:01:56,873 final loss=0.06348879287826065
2019-01-18 15:01:56,873 best loss=0.06348879287826065, distortion=0.20743890983239482, map=1.0, wc_dist=2.496613543796573
2019-01-18 15:01:56,873 	 Computing Major Stats lazily... 
2019-01-18 15:01:56,874 		 Completed edges=90 good=90 bad=0
2019-01-18 15:01:56,875 Distortion avg=0.20743890983239477 wc=2.496613543796573 me=1.2645541031521161 mc=1.974303462045111 nan_elements=0
2019-01-18 15:01:56,875 MAP = 1.0
2019-01-18 15:01:56,876 scale=[array([1.])]
