2019-01-18 15:12:39,344 Commandline ['pytorch/pytorch_hyperbolic.py', 'learn', 'data/edges/parsing/ewt/ewt_dev/1968.edges', '--dim', '0', '--hyp', '0', '--edim', '10', '--euc', '1', '--sdim', '0', '--sph', '0', '--log-name', 'ewt_devr2/1968.edges.E10-1.lr1.log', '--batch-size', '65536', '--epochs', '50', '--checkpoint-freq', '10', '-g', '--subsample', '1024', '--learning-rate', '1']
2019-01-18 15:12:39,344 No Model Save selected!
2019-01-18 15:12:39,346 Loaded Graph data/edges/parsing/ewt/ewt_dev/1968.edges with 7 nodes scale=1.0
2019-01-18 15:12:39,346 Building dataset
2019-01-18 15:12:39,346 Subsample: 7 points with scale 1.0 subsample=6
2019-01-18 15:12:39,351 Built Data Sampler
2019-01-18 15:12:39,351 Creating a fresh model warm_start?=None
2019-01-18 15:12:39,351 	 Warmstarting? None None 7
2019-01-18 15:12:39,352 Embedding() torch.Size([7, 10])
2019-01-18 15:12:39,352 relative No Rescale
2019-01-18 15:12:39,352 Constructed model with dim=0 and epochs=0 isnan=False
2019-01-18 15:12:39,353 SGD (
Parameter Group 0
    dampening: 0
    initial_lr: 0.1
    lr: 1.0
    momentum: 0.0
    nesterov: False
    weight_decay: 0

Parameter Group 1
    dampening: 0
    initial_lr: 0.1
    lr: 1.0
    momentum: 0.0
    nesterov: False
    weight_decay: 0

Parameter Group 2
    dampening: 0
    initial_lr: 0.1
    lr: 1.0
    momentum: 0.0
    nesterov: False
    weight_decay: 0

Parameter Group 3
    dampening: 0
    initial_lr: 0.0001
    lr: 0.001
    momentum: 0.0
    nesterov: False
    weight_decay: 0
)
2019-01-18 15:12:39,353 *** Initial Checkpoint. Computing Stats
2019-01-18 15:12:39,353 	 Computing Major Stats lazily... 
2019-01-18 15:12:39,353 		 Completed edges=42 good=42 bad=0
2019-01-18 15:12:39,355 Distortion avg=0.9971782235459303 wc=4.6630950159583 me=0.005628252251848828 mc=828.5156398998494 nan_elements=0
2019-01-18 15:12:39,355 MAP = 0.4228571428571429
2019-01-18 15:12:39,355 scale=[array([1.])]
2019-01-18 15:12:39,355 *** End Initial Checkpoint

2019-01-18 15:12:39,413 1 loss=0.9943660797040026
2019-01-18 15:12:39,414 2 loss=0.5605746890344596
2019-01-18 15:12:39,414 3 loss=0.38083361922377507
2019-01-18 15:12:39,415 4 loss=0.2935347855029888
2019-01-18 15:12:39,415 5 loss=0.23926662086743675
2019-01-18 15:12:39,416 6 loss=0.20071418217552203
2019-01-18 15:12:39,416 7 loss=0.17156065844367344
2019-01-18 15:12:39,417 8 loss=0.1487926644212846
2019-01-18 15:12:39,417 9 loss=0.13063551438439638
2019-01-18 15:12:39,418 10 loss=0.11590214903866708
2019-01-18 15:12:39,418 
*** Major Checkpoint. Computing Stats and Saving
2019-01-18 15:12:39,418 	 Computing Major Stats lazily... 
2019-01-18 15:12:39,418 		 Completed edges=42 good=42 bad=0
2019-01-18 15:12:39,419 Distortion avg=0.2886959206813171 wc=2.8971649725278428 me=1.284124755932128 mc=2.2561398019500305 nan_elements=0
2019-01-18 15:12:39,420 MAP = 0.9047619047619048
2019-01-18 15:12:39,420 scale=[array([1.])]
2019-01-18 15:12:39,420 *** End Major Checkpoint

2019-01-18 15:12:39,420 11 loss=0.10374755545193388
2019-01-18 15:12:39,421 12 loss=0.09355601793801765
2019-01-18 15:12:39,421 13 loss=0.08487721564573712
2019-01-18 15:12:39,422 14 loss=0.07738299615799298
2019-01-18 15:12:39,422 15 loss=0.0708350555626713
2019-01-18 15:12:39,423 16 loss=0.06506003261815853
2019-01-18 15:12:39,423 17 loss=0.059930525905130046
2019-01-18 15:12:39,424 18 loss=0.05535105021769874
2019-01-18 15:12:39,424 19 loss=0.05124801827002486
2019-01-18 15:12:39,425 20 loss=0.047562851668921276
2019-01-18 15:12:39,425 
*** Major Checkpoint. Computing Stats and Saving
2019-01-18 15:12:39,425 	 Computing Major Stats lazily... 
2019-01-18 15:12:39,425 		 Completed edges=42 good=42 bad=0
2019-01-18 15:12:39,426 Distortion avg=0.1857656120372701 wc=1.9333925146458666 me=1.217307614643924 mc=1.5882530359521374 nan_elements=0
2019-01-18 15:12:39,426 MAP = 1.0
2019-01-18 15:12:39,426 scale=[array([1.])]
2019-01-18 15:12:39,427 *** End Major Checkpoint

2019-01-18 15:12:39,427 21 loss=0.04424739893882336
2019-01-18 15:12:39,427 22 loss=0.041260967749374065
2019-01-18 15:12:39,428 23 loss=0.03856843203679259
2019-01-18 15:12:39,429 24 loss=0.036139022870336567
2019-01-18 15:12:39,429 25 loss=0.033945536924976163
2019-01-18 15:12:39,430 26 loss=0.0319637919386273
2019-01-18 15:12:39,430 27 loss=0.030172225849011167
2019-01-18 15:12:39,431 28 loss=0.028551580473716268
2019-01-18 15:12:39,431 29 loss=0.027084637666403746
2019-01-18 15:12:39,431 30 loss=0.02575599135099042
2019-01-18 15:12:39,432 
*** Major Checkpoint. Computing Stats and Saving
2019-01-18 15:12:39,432 	 Computing Major Stats lazily... 
2019-01-18 15:12:39,432 		 Completed edges=42 good=42 bad=0
2019-01-18 15:12:39,433 Distortion avg=0.14062666848514926 wc=1.5796994199495524 me=1.1706683278394632 mc=1.3493996398322146 nan_elements=0
2019-01-18 15:12:39,433 MAP = 1.0
2019-01-18 15:12:39,433 scale=[array([1.])]
2019-01-18 15:12:39,434 *** End Major Checkpoint

2019-01-18 15:12:39,434 31 loss=0.024551847019876703
2019-01-18 15:12:39,435 32 loss=0.023459844235663163
2019-01-18 15:12:39,435 33 loss=0.022468899378927938
2019-01-18 15:12:39,435 34 loss=0.021569066518588156
2019-01-18 15:12:39,436 35 loss=0.020751414488235902
2019-01-18 15:12:39,436 36 loss=0.020007918341707624
2019-01-18 15:12:39,437 37 loss=0.019331363458013284
2019-01-18 15:12:39,437 38 loss=0.018715260700793122
2019-01-18 15:12:39,438 39 loss=0.01815377120314633
2019-01-18 15:12:39,438 40 loss=0.01764163952678096
2019-01-18 15:12:39,438 
*** Major Checkpoint. Computing Stats and Saving
2019-01-18 15:12:39,438 	 Computing Major Stats lazily... 
2019-01-18 15:12:39,439 		 Completed edges=42 good=42 bad=0
2019-01-18 15:12:39,440 Distortion avg=0.11831555073358253 wc=1.4507172144588085 me=1.1728050843567122 mc=1.2369636129728514 nan_elements=0
2019-01-18 15:12:39,440 MAP = 1.0
2019-01-18 15:12:39,440 scale=[array([1.])]
2019-01-18 15:12:39,440 *** End Major Checkpoint

2019-01-18 15:12:39,441 41 loss=0.017174134118472087
2019-01-18 15:12:39,441 42 loss=0.016746994145902968
2019-01-18 15:12:39,441 43 loss=0.016356381933811975
2019-01-18 15:12:39,442 44 loss=0.015998840338818585
2019-01-18 15:12:39,442 45 loss=0.01567125449872442
2019-01-18 15:12:39,443 46 loss=0.015370817472065715
2019-01-18 15:12:39,443 47 loss=0.015094999349180127
2019-01-18 15:12:39,444 48 loss=0.01484151946984251
2019-01-18 15:12:39,444 49 loss=0.014608321427050618
2019-01-18 15:12:39,445 50 loss=0.014393550573784955
2019-01-18 15:12:39,445 
*** Major Checkpoint. Computing Stats and Saving
2019-01-18 15:12:39,445 	 Computing Major Stats lazily... 
2019-01-18 15:12:39,445 		 Completed edges=42 good=42 bad=0
2019-01-18 15:12:39,446 Distortion avg=0.10977459481875547 wc=1.379147177157144 me=1.1703082463967878 mc=1.1784477990335807 nan_elements=0
2019-01-18 15:12:39,446 MAP = 1.0
2019-01-18 15:12:39,447 scale=[array([1.])]
2019-01-18 15:12:39,447 *** End Major Checkpoint

2019-01-18 15:12:39,447 final loss=0.014393550573784955
2019-01-18 15:12:39,447 best loss=0.014393550573784955, distortion=0.10977459481875547, map=1.0, wc_dist=1.379147177157144
2019-01-18 15:12:39,447 	 Computing Major Stats lazily... 
2019-01-18 15:12:39,447 		 Completed edges=42 good=42 bad=0
2019-01-18 15:12:39,448 Distortion avg=0.10977459481875543 wc=1.379147177157144 me=1.1703082463967878 mc=1.1784477990335807 nan_elements=0
2019-01-18 15:12:39,448 MAP = 1.0
2019-01-18 15:12:39,449 scale=[array([1.])]
