2019-01-18 14:47:49,506 Commandline ['pytorch/pytorch_hyperbolic.py', 'learn', 'data/edges/parsing/ewt/ewt_dev/198.edges', '--dim', '0', '--hyp', '0', '--edim', '10', '--euc', '1', '--sdim', '0', '--sph', '0', '--log-name', 'ewt_devr2/198.edges.E10-1.lr1.log', '--batch-size', '65536', '--epochs', '50', '--checkpoint-freq', '10', '-g', '--subsample', '1024', '--learning-rate', '1']
2019-01-18 14:47:49,506 No Model Save selected!
2019-01-18 14:47:49,508 Loaded Graph data/edges/parsing/ewt/ewt_dev/198.edges with 8 nodes scale=1.0
2019-01-18 14:47:49,508 Building dataset
2019-01-18 14:47:49,509 Subsample: 8 points with scale 1.0 subsample=7
2019-01-18 14:47:49,515 Built Data Sampler
2019-01-18 14:47:49,515 Creating a fresh model warm_start?=None
2019-01-18 14:47:49,515 	 Warmstarting? None None 8
2019-01-18 14:47:49,515 Embedding() torch.Size([8, 10])
2019-01-18 14:47:49,515 relative No Rescale
2019-01-18 14:47:49,516 Constructed model with dim=0 and epochs=0 isnan=False
2019-01-18 14:47:49,516 SGD (
Parameter Group 0
    dampening: 0
    initial_lr: 0.1
    lr: 1.0
    momentum: 0.0
    nesterov: False
    weight_decay: 0

Parameter Group 1
    dampening: 0
    initial_lr: 0.1
    lr: 1.0
    momentum: 0.0
    nesterov: False
    weight_decay: 0

Parameter Group 2
    dampening: 0
    initial_lr: 0.1
    lr: 1.0
    momentum: 0.0
    nesterov: False
    weight_decay: 0

Parameter Group 3
    dampening: 0
    initial_lr: 0.0001
    lr: 0.001
    momentum: 0.0
    nesterov: False
    weight_decay: 0
)
2019-01-18 14:47:49,516 *** Initial Checkpoint. Computing Stats
2019-01-18 14:47:49,516 	 Computing Major Stats lazily... 
2019-01-18 14:47:49,517 		 Completed edges=56 good=56 bad=0
2019-01-18 14:47:49,518 Distortion avg=0.9973923983285774 wc=5.464379816569827 me=0.005982886981094694 mc=913.334955822616 nan_elements=0
2019-01-18 14:47:49,518 MAP = 0.4386904761904762
2019-01-18 14:47:49,519 scale=[array([1.])]
2019-01-18 14:47:49,519 *** End Initial Checkpoint

2019-01-18 14:47:49,577 1 loss=0.9947931965287085
2019-01-18 14:47:49,578 2 loss=0.6730170784851753
2019-01-18 14:47:49,579 3 loss=0.4906372993234588
2019-01-18 14:47:49,579 4 loss=0.3886809778872122
2019-01-18 14:47:49,580 5 loss=0.3257007686849187
2019-01-18 14:47:49,580 6 loss=0.28305586141798666
2019-01-18 14:47:49,581 7 loss=0.2520694248099501
2019-01-18 14:47:49,581 8 loss=0.228370759878514
2019-01-18 14:47:49,582 9 loss=0.2095622508703667
2019-01-18 14:47:49,582 10 loss=0.19421786616645734
2019-01-18 14:47:49,582 
*** Major Checkpoint. Computing Stats and Saving
2019-01-18 14:47:49,582 	 Computing Major Stats lazily... 
2019-01-18 14:47:49,583 		 Completed edges=56 good=56 bad=0
2019-01-18 14:47:49,584 Distortion avg=0.3804889490878308 wc=5.471337136815815 me=1.3238215250226135 mc=4.132986987594384 nan_elements=0
2019-01-18 14:47:49,584 MAP = 0.6158333333333333
2019-01-18 14:47:49,584 scale=[array([1.])]
2019-01-18 14:47:49,584 *** End Major Checkpoint

2019-01-18 14:47:49,585 11 loss=0.18142564476332848
2019-01-18 14:47:49,585 12 loss=0.17056514679289236
2019-01-18 14:47:49,586 13 loss=0.16119284225942096
2019-01-18 14:47:49,586 14 loss=0.15297986613403958
2019-01-18 14:47:49,587 15 loss=0.1456763315478741
2019-01-18 14:47:49,587 16 loss=0.13908962729670432
2019-01-18 14:47:49,588 17 loss=0.133070356737726
2019-01-18 14:47:49,588 18 loss=0.1275026349153451
2019-01-18 14:47:49,589 19 loss=0.12229700495689648
2019-01-18 14:47:49,589 20 loss=0.11738502762392773
2019-01-18 14:47:49,589 
*** Major Checkpoint. Computing Stats and Saving
2019-01-18 14:47:49,589 	 Computing Major Stats lazily... 
2019-01-18 14:47:49,590 		 Completed edges=56 good=56 bad=0
2019-01-18 14:47:49,591 Distortion avg=0.28028300355090463 wc=4.090226500732006 me=1.3696551158781098 mc=2.9863185653927853 nan_elements=0
2019-01-18 14:47:49,591 MAP = 0.9375
2019-01-18 14:47:49,591 scale=[array([1.])]
2019-01-18 14:47:49,591 *** End Major Checkpoint

2019-01-18 14:47:49,592 21 loss=0.11271501048281404
2019-01-18 14:47:49,592 22 loss=0.10824856142615553
2019-01-18 14:47:49,593 23 loss=0.1039577697418782
2019-01-18 14:47:49,593 24 loss=0.09982288468912924
2019-01-18 14:47:49,594 25 loss=0.09583040094514039
2019-01-18 14:47:49,594 26 loss=0.09197148460869935
2019-01-18 14:47:49,595 27 loss=0.08824068893818947
2019-01-18 14:47:49,595 28 loss=0.08463491899917087
2019-01-18 14:47:49,596 29 loss=0.08115261084629131
2019-01-18 14:47:49,596 30 loss=0.07779309504666972
2019-01-18 14:47:49,596 
*** Major Checkpoint. Computing Stats and Saving
2019-01-18 14:47:49,596 	 Computing Major Stats lazily... 
2019-01-18 14:47:49,597 		 Completed edges=56 good=56 bad=0
2019-01-18 14:47:49,598 Distortion avg=0.22330109286452676 wc=2.9899670022635783 me=1.2852629336931412 mc=2.3263465582657488 nan_elements=0
2019-01-18 14:47:49,598 MAP = 1.0
2019-01-18 14:47:49,598 scale=[array([1.])]
2019-01-18 14:47:49,598 *** End Major Checkpoint

2019-01-18 14:47:49,599 31 loss=0.07455611718381787
2019-01-18 14:47:49,599 32 loss=0.07144149013168756
2019-01-18 14:47:49,600 33 loss=0.06844885481920703
2019-01-18 14:47:49,600 34 loss=0.06557752819437296
2019-01-18 14:47:49,601 35 loss=0.06282641926591025
2019-01-18 14:47:49,601 36 loss=0.06019399645425425
2019-01-18 14:47:49,602 37 loss=0.0576782919508766
2019-01-18 14:47:49,602 38 loss=0.05527693125823432
2019-01-18 14:47:49,603 39 loss=0.0529871784499874
2019-01-18 14:47:49,603 40 loss=0.050805989858063
2019-01-18 14:47:49,603 
*** Major Checkpoint. Computing Stats and Saving
2019-01-18 14:47:49,603 	 Computing Major Stats lazily... 
2019-01-18 14:47:49,604 		 Completed edges=56 good=56 bad=0
2019-01-18 14:47:49,605 Distortion avg=0.18237184425084266 wc=2.3046825671285966 me=1.2140866228333975 mc=1.8982851172101711 nan_elements=0
2019-01-18 14:47:49,605 MAP = 1.0
2019-01-18 14:47:49,605 scale=[array([1.])]
2019-01-18 14:47:49,605 *** End Major Checkpoint

2019-01-18 14:47:49,606 41 loss=0.04873007079384223
2019-01-18 14:47:49,606 42 loss=0.04675593151108324
2019-01-18 14:47:49,607 43 loss=0.04487993991270004
2019-01-18 14:47:49,607 44 loss=0.043098369509087846
2019-01-18 14:47:49,608 45 loss=0.041407441884148244
2019-01-18 14:47:49,608 46 loss=0.03980336345628311
2019-01-18 14:47:49,609 47 loss=0.03828235667731054
2019-01-18 14:47:49,609 48 loss=0.036840686032461996
2019-01-18 14:47:49,610 49 loss=0.035474679324746884
2019-01-18 14:47:49,610 50 loss=0.034180744776615514
2019-01-18 14:47:49,610 
*** Major Checkpoint. Computing Stats and Saving
2019-01-18 14:47:49,610 	 Computing Major Stats lazily... 
2019-01-18 14:47:49,611 		 Completed edges=56 good=56 bad=0
2019-01-18 14:47:49,612 Distortion avg=0.15280084792447932 wc=1.9530836293827287 me=1.1942814352930993 mc=1.6353629652657249 nan_elements=0
2019-01-18 14:47:49,612 MAP = 1.0
2019-01-18 14:47:49,612 scale=[array([1.])]
2019-01-18 14:47:49,612 *** End Major Checkpoint

2019-01-18 14:47:49,612 final loss=0.034180744776615514
2019-01-18 14:47:49,612 best loss=0.034180744776615514, distortion=0.15280084792447932, map=1.0, wc_dist=1.9530836293827287
2019-01-18 14:47:49,612 	 Computing Major Stats lazily... 
2019-01-18 14:47:49,613 		 Completed edges=56 good=56 bad=0
2019-01-18 14:47:49,614 Distortion avg=0.15280084792447932 wc=1.9530836293827287 me=1.1942814352930993 mc=1.6353629652657249 nan_elements=0
2019-01-18 14:47:49,614 MAP = 1.0
2019-01-18 14:47:49,615 scale=[array([1.])]
