2019-01-18 15:03:09,851 Commandline ['pytorch/pytorch_hyperbolic.py', 'learn', 'data/edges/parsing/ewt/ewt_dev/1985.edges', '--dim', '0', '--hyp', '0', '--edim', '10', '--euc', '1', '--sdim', '0', '--sph', '0', '--log-name', 'ewt_devr2/1985.edges.E10-1.lr1.log', '--batch-size', '65536', '--epochs', '50', '--checkpoint-freq', '10', '-g', '--subsample', '1024', '--learning-rate', '1']
2019-01-18 15:03:09,851 No Model Save selected!
2019-01-18 15:03:09,853 Loaded Graph data/edges/parsing/ewt/ewt_dev/1985.edges with 18 nodes scale=1.0
2019-01-18 15:03:09,853 Building dataset
2019-01-18 15:03:09,854 Subsample: 18 points with scale 1.0 subsample=17
2019-01-18 15:03:09,872 Built Data Sampler
2019-01-18 15:03:09,872 Creating a fresh model warm_start?=None
2019-01-18 15:03:09,872 	 Warmstarting? None None 18
2019-01-18 15:03:09,873 Embedding() torch.Size([18, 10])
2019-01-18 15:03:09,873 relative No Rescale
2019-01-18 15:03:09,873 Constructed model with dim=0 and epochs=0 isnan=False
2019-01-18 15:03:09,873 SGD (
Parameter Group 0
    dampening: 0
    initial_lr: 0.1
    lr: 1.0
    momentum: 0.0
    nesterov: False
    weight_decay: 0

Parameter Group 1
    dampening: 0
    initial_lr: 0.1
    lr: 1.0
    momentum: 0.0
    nesterov: False
    weight_decay: 0

Parameter Group 2
    dampening: 0
    initial_lr: 0.1
    lr: 1.0
    momentum: 0.0
    nesterov: False
    weight_decay: 0

Parameter Group 3
    dampening: 0
    initial_lr: 0.0001
    lr: 0.001
    momentum: 0.0
    nesterov: False
    weight_decay: 0
)
2019-01-18 15:03:09,873 *** Initial Checkpoint. Computing Stats
2019-01-18 15:03:09,873 	 Computing Major Stats lazily... 
2019-01-18 15:03:09,875 		 Completed edges=306 good=306 bad=0
2019-01-18 15:03:09,878 Distortion avg=0.9982117079252841 wc=11.138787817729348 me=0.005982886981094694 mc=1861.7747339915945 nan_elements=0
2019-01-18 15:03:09,878 MAP = 0.1557716245869841
2019-01-18 15:03:09,879 scale=[array([1.])]
2019-01-18 15:03:09,879 *** End Initial Checkpoint

2019-01-18 15:03:09,936 1 loss=0.9964279523362912
2019-01-18 15:03:09,937 2 loss=0.9147921239780294
2019-01-18 15:03:09,937 3 loss=0.8421750964125341
2019-01-18 15:03:09,938 4 loss=0.7795241976454609
2019-01-18 15:03:09,939 5 loss=0.7254711820235572
2019-01-18 15:03:09,939 6 loss=0.6786712428449584
2019-01-18 15:03:09,940 7 loss=0.6379616554483956
2019-01-18 15:03:09,941 8 loss=0.6023668067842507
2019-01-18 15:03:09,941 9 loss=0.571076375255759
2019-01-18 15:03:09,942 10 loss=0.5434196686751034
2019-01-18 15:03:09,942 
*** Major Checkpoint. Computing Stats and Saving
2019-01-18 15:03:09,942 	 Computing Major Stats lazily... 
2019-01-18 15:03:09,944 		 Completed edges=306 good=306 bad=0
2019-01-18 15:03:09,946 Distortion avg=0.6825008286625909 wc=18.964313429337736 me=1.2487569394341005 mc=15.186552987590842 nan_elements=0
2019-01-18 15:03:09,946 MAP = 0.10532273176472523
2019-01-18 15:03:09,947 scale=[array([1.])]
2019-01-18 15:03:09,947 *** End Major Checkpoint

2019-01-18 15:03:09,947 11 loss=0.5188418590621475
2019-01-18 15:03:09,948 12 loss=0.49688349942837995
2019-01-18 15:03:09,949 13 loss=0.4771633894530828
2019-01-18 15:03:09,949 14 loss=0.45936444724136216
2019-01-18 15:03:09,950 15 loss=0.4432221449470445
2019-01-18 15:03:09,951 16 loss=0.4285150777582589
2019-01-18 15:03:09,951 17 loss=0.4150572848676656
2019-01-18 15:03:09,952 18 loss=0.40269199878703726
2019-01-18 15:03:09,953 19 loss=0.3912865544988227
2019-01-18 15:03:09,953 20 loss=0.3807282385157971
2019-01-18 15:03:09,953 
*** Major Checkpoint. Computing Stats and Saving
2019-01-18 15:03:09,954 	 Computing Major Stats lazily... 
2019-01-18 15:03:09,955 		 Completed edges=306 good=306 bad=0
2019-01-18 15:03:09,958 Distortion avg=0.5790177197954808 wc=13.981488962740086 me=1.5061689727991665 mc=9.282815683525826 nan_elements=0
2019-01-18 15:03:09,958 MAP = 0.11588295479635348
2019-01-18 15:03:09,958 scale=[array([1.])]
2019-01-18 15:03:09,958 *** End Major Checkpoint

2019-01-18 15:03:09,959 21 loss=0.3709208990630898
2019-01-18 15:03:09,959 22 loss=0.3617821726866417
2019-01-18 15:03:09,960 23 loss=0.3532412104722657
2019-01-18 15:03:09,961 24 loss=0.3452368096792007
2019-01-18 15:03:09,961 25 loss=0.3377158748530203
2019-01-18 15:03:09,962 26 loss=0.33063214718073797
2019-01-18 15:03:09,963 27 loss=0.32394515266143165
2019-01-18 15:03:09,964 28 loss=0.317619329149126
2019-01-18 15:03:09,964 29 loss=0.31162329993930515
2019-01-18 15:03:09,965 30 loss=0.30592926768761103
2019-01-18 15:03:09,965 
*** Major Checkpoint. Computing Stats and Saving
2019-01-18 15:03:09,965 	 Computing Major Stats lazily... 
2019-01-18 15:03:09,967 		 Completed edges=306 good=306 bad=0
2019-01-18 15:03:09,969 Distortion avg=0.516684963784779 wc=11.452784405250206 me=1.594404882229074 mc=7.183109217050643 nan_elements=0
2019-01-18 15:03:09,969 MAP = 0.15271146548924328
2019-01-18 15:03:09,970 scale=[array([1.])]
2019-01-18 15:03:09,970 *** End Major Checkpoint

2019-01-18 15:03:09,970 31 loss=0.3005125073679638
2019-01-18 15:03:09,971 32 loss=0.2953509409372387
2019-01-18 15:03:09,972 33 loss=0.2904247795664325
2019-01-18 15:03:09,972 34 loss=0.2857162218769962
2019-01-18 15:03:09,973 35 loss=0.281209198707741
2019-01-18 15:03:09,974 36 loss=0.2768891566297822
2019-01-18 15:03:09,974 37 loss=0.2727428738019834
2019-01-18 15:03:09,975 38 loss=0.26875830287921637
2019-01-18 15:03:09,976 39 loss=0.2649244365999355
2019-01-18 15:03:09,976 40 loss=0.26123119242759185
2019-01-18 15:03:09,976 
*** Major Checkpoint. Computing Stats and Saving
2019-01-18 15:03:09,977 	 Computing Major Stats lazily... 
2019-01-18 15:03:09,978 		 Completed edges=306 good=306 bad=0
2019-01-18 15:03:09,981 Distortion avg=0.46965105558137205 wc=10.161905056132117 me=1.6900251151202133 mc=6.012872214274336 nan_elements=0
2019-01-18 15:03:09,981 MAP = 0.24509189370300477
2019-01-18 15:03:09,981 scale=[array([1.])]
2019-01-18 15:03:09,981 *** End Major Checkpoint

2019-01-18 15:03:09,982 41 loss=0.2576693132339491
2019-01-18 15:03:09,982 42 loss=0.2542302815167626
2019-01-18 15:03:09,983 43 loss=0.25090624505994596
2019-01-18 15:03:09,984 44 loss=0.24768995228765767
2019-01-18 15:03:09,984 45 loss=0.24457469584792327
2019-01-18 15:03:09,985 46 loss=0.24155426319716694
2019-01-18 15:03:09,986 47 loss=0.2386228931529966
2019-01-18 15:03:09,986 48 loss=0.23577523754583177
2019-01-18 15:03:09,987 49 loss=0.2330063272361871
2019-01-18 15:03:09,988 50 loss=0.23031154187832462
2019-01-18 15:03:09,988 
*** Major Checkpoint. Computing Stats and Saving
2019-01-18 15:03:09,988 	 Computing Major Stats lazily... 
2019-01-18 15:03:09,989 		 Completed edges=306 good=306 bad=0
2019-01-18 15:03:09,992 Distortion avg=0.4327264001836662 wc=8.984898461099084 me=1.7255428905661285 mc=5.206998046945825 nan_elements=0
2019-01-18 15:03:09,992 MAP = 0.3412454726343615
2019-01-18 15:03:09,993 scale=[array([1.])]
2019-01-18 15:03:09,993 *** End Major Checkpoint

2019-01-18 15:03:09,993 final loss=0.23031154187832462
2019-01-18 15:03:09,993 best loss=0.23031154187832462, distortion=0.4327264001836662, map=0.3412454726343615, wc_dist=8.984898461099084
2019-01-18 15:03:09,993 	 Computing Major Stats lazily... 
2019-01-18 15:03:09,994 		 Completed edges=306 good=306 bad=0
2019-01-18 15:03:09,997 Distortion avg=0.43272640018366637 wc=8.984898461099084 me=1.7255428905661285 mc=5.206998046945825 nan_elements=0
2019-01-18 15:03:09,997 MAP = 0.3412454726343615
2019-01-18 15:03:09,997 scale=[array([1.])]
