2019-01-18 15:13:29,115 Commandline ['pytorch/pytorch_hyperbolic.py', 'learn', 'data/edges/parsing/ewt/ewt_dev/1988.edges', '--dim', '0', '--hyp', '0', '--edim', '10', '--euc', '1', '--sdim', '0', '--sph', '0', '--log-name', 'ewt_devr2/1988.edges.E10-1.lr1.log', '--batch-size', '65536', '--epochs', '50', '--checkpoint-freq', '10', '-g', '--subsample', '1024', '--learning-rate', '1']
2019-01-18 15:13:29,115 No Model Save selected!
2019-01-18 15:13:29,117 Loaded Graph data/edges/parsing/ewt/ewt_dev/1988.edges with 9 nodes scale=1.0
2019-01-18 15:13:29,117 Building dataset
2019-01-18 15:13:29,118 Subsample: 9 points with scale 1.0 subsample=8
2019-01-18 15:13:29,125 Built Data Sampler
2019-01-18 15:13:29,125 Creating a fresh model warm_start?=None
2019-01-18 15:13:29,125 	 Warmstarting? None None 9
2019-01-18 15:13:29,126 Embedding() torch.Size([9, 10])
2019-01-18 15:13:29,126 relative No Rescale
2019-01-18 15:13:29,126 Constructed model with dim=0 and epochs=0 isnan=False
2019-01-18 15:13:29,126 SGD (
Parameter Group 0
    dampening: 0
    initial_lr: 0.1
    lr: 1.0
    momentum: 0.0
    nesterov: False
    weight_decay: 0

Parameter Group 1
    dampening: 0
    initial_lr: 0.1
    lr: 1.0
    momentum: 0.0
    nesterov: False
    weight_decay: 0

Parameter Group 2
    dampening: 0
    initial_lr: 0.1
    lr: 1.0
    momentum: 0.0
    nesterov: False
    weight_decay: 0

Parameter Group 3
    dampening: 0
    initial_lr: 0.0001
    lr: 0.001
    momentum: 0.0
    nesterov: False
    weight_decay: 0
)
2019-01-18 15:13:29,127 *** Initial Checkpoint. Computing Stats
2019-01-18 15:13:29,127 	 Computing Major Stats lazily... 
2019-01-18 15:13:29,128 		 Completed edges=72 good=72 bad=0
2019-01-18 15:13:29,130 Distortion avg=0.9971928554574101 wc=4.07183912388702 me=0.005941110731069004 mc=685.3666440844742 nan_elements=0
2019-01-18 15:13:29,130 MAP = 0.3566137566137566
2019-01-18 15:13:29,130 scale=[array([1.])]
2019-01-18 15:13:29,131 *** End Initial Checkpoint

2019-01-18 15:13:29,189 1 loss=0.994394885201825
2019-01-18 15:13:29,190 2 loss=0.6555980841525769
2019-01-18 15:13:29,190 3 loss=0.4699070563399913
2019-01-18 15:13:29,191 4 loss=0.35923495456443066
2019-01-18 15:13:29,191 5 loss=0.2833746263473369
2019-01-18 15:13:29,192 6 loss=0.2273082207903379
2019-01-18 15:13:29,192 7 loss=0.184369620331342
2019-01-18 15:13:29,193 8 loss=0.15092023720190514
2019-01-18 15:13:29,193 9 loss=0.1246348607066938
2019-01-18 15:13:29,194 10 loss=0.10387926697433578
2019-01-18 15:13:29,194 
*** Major Checkpoint. Computing Stats and Saving
2019-01-18 15:13:29,194 	 Computing Major Stats lazily... 
2019-01-18 15:13:29,194 		 Completed edges=72 good=72 bad=0
2019-01-18 15:13:29,196 Distortion avg=0.27242291929323353 wc=2.28356762821682 me=1.2854245306414411 mc=1.7765085182226097 nan_elements=0
2019-01-18 15:13:29,196 MAP = 0.7814814814814814
2019-01-18 15:13:29,196 scale=[array([1.])]
2019-01-18 15:13:29,196 *** End Major Checkpoint

2019-01-18 15:13:29,197 11 loss=0.08744295764861278
2019-01-18 15:13:29,197 12 loss=0.07440277685059932
2019-01-18 15:13:29,198 13 loss=0.06404275562403233
2019-01-18 15:13:29,198 14 loss=0.05580203802778857
2019-01-18 15:13:29,199 15 loss=0.04923868307028185
2019-01-18 15:13:29,199 16 loss=0.04400331371370207
2019-01-18 15:13:29,200 17 loss=0.03981930587615065
2019-01-18 15:13:29,200 18 loss=0.0364675529609046
2019-01-18 15:13:29,201 19 loss=0.03377456435864132
2019-01-18 15:13:29,201 20 loss=0.03160307174739271
2019-01-18 15:13:29,201 
*** Major Checkpoint. Computing Stats and Saving
2019-01-18 15:13:29,201 	 Computing Major Stats lazily... 
2019-01-18 15:13:29,202 		 Completed edges=72 good=72 bad=0
2019-01-18 15:13:29,203 Distortion avg=0.15492822987747115 wc=1.6922819883937668 me=1.2143047356191958 mc=1.3936221598698137 nan_elements=0
2019-01-18 15:13:29,203 MAP = 1.0
2019-01-18 15:13:29,204 scale=[array([1.])]
2019-01-18 15:13:29,204 *** End Major Checkpoint

2019-01-18 15:13:29,204 21 loss=0.02984456799665079
2019-01-18 15:13:29,205 22 loss=0.02841336181566136
2019-01-18 15:13:29,205 23 loss=0.0272418353842306
2019-01-18 15:13:29,206 24 loss=0.026276663594067842
2019-01-18 15:13:29,206 25 loss=0.025475804633381758
2019-01-18 15:13:29,207 26 loss=0.02480610976129829
2019-01-18 15:13:29,207 27 loss=0.024241429568893517
2019-01-18 15:13:29,208 28 loss=0.02376111740563634
2019-01-18 15:13:29,208 29 loss=0.02334884955285895
2019-01-18 15:13:29,209 30 loss=0.022991697160704015
2019-01-18 15:13:29,209 
*** Major Checkpoint. Computing Stats and Saving
2019-01-18 15:13:29,209 	 Computing Major Stats lazily... 
2019-01-18 15:13:29,209 		 Completed edges=72 good=72 bad=0
2019-01-18 15:13:29,211 Distortion avg=0.1358432564940219 wc=1.5737707741754807 me=1.2058947689901693 mc=1.3050647657202918 nan_elements=0
2019-01-18 15:13:29,211 MAP = 1.0
2019-01-18 15:13:29,211 scale=[array([1.])]
2019-01-18 15:13:29,211 *** End Major Checkpoint

2019-01-18 15:13:29,212 31 loss=0.022679397614770502
2019-01-18 15:13:29,212 32 loss=0.022403783359355518
2019-01-18 15:13:29,213 33 loss=0.022158334661762043
2019-01-18 15:13:29,213 34 loss=0.02193782967291909
2019-01-18 15:13:29,214 35 loss=0.021738070690572094
2019-01-18 15:13:29,214 36 loss=0.02155566999065941
2019-01-18 15:13:29,215 37 loss=0.02138788215510161
2019-01-18 15:13:29,215 38 loss=0.02123247265560528
2019-01-18 15:13:29,216 39 loss=0.021087614692511684
2019-01-18 15:13:29,216 40 loss=0.02095180805125041
2019-01-18 15:13:29,216 
*** Major Checkpoint. Computing Stats and Saving
2019-01-18 15:13:29,216 	 Computing Major Stats lazily... 
2019-01-18 15:13:29,217 		 Completed edges=72 good=72 bad=0
2019-01-18 15:13:29,218 Distortion avg=0.12959113133638747 wc=1.5377035098248275 me=1.2143651197295453 mc=1.2662612626483325 nan_elements=0
2019-01-18 15:13:29,218 MAP = 1.0
2019-01-18 15:13:29,219 scale=[array([1.])]
2019-01-18 15:13:29,219 *** End Major Checkpoint

2019-01-18 15:13:29,219 41 loss=0.020823815122329063
2019-01-18 15:13:29,220 42 loss=0.020702610312245004
2019-01-18 15:13:29,220 43 loss=0.020587339915648303
2019-01-18 15:13:29,221 44 loss=0.020477290174492752
2019-01-18 15:13:29,221 45 loss=0.02037186175848274
2019-01-18 15:13:29,222 46 loss=0.020270549295148196
2019-01-18 15:13:29,222 47 loss=0.020172924882831886
2019-01-18 15:13:29,223 48 loss=0.020078624755747655
2019-01-18 15:13:29,223 49 loss=0.019987338452693473
2019-01-18 15:13:29,224 50 loss=0.019898799982140128
2019-01-18 15:13:29,224 
*** Major Checkpoint. Computing Stats and Saving
2019-01-18 15:13:29,224 	 Computing Major Stats lazily... 
2019-01-18 15:13:29,224 		 Completed edges=72 good=72 bad=0
2019-01-18 15:13:29,226 Distortion avg=0.12601012729955358 wc=1.5064219571214226 me=1.2154105902498764 mc=1.239434615105433 nan_elements=0
2019-01-18 15:13:29,226 MAP = 1.0
2019-01-18 15:13:29,226 scale=[array([1.])]
2019-01-18 15:13:29,226 *** End Major Checkpoint

2019-01-18 15:13:29,226 final loss=0.019898799982140128
2019-01-18 15:13:29,226 best loss=0.019898799982140128, distortion=0.12601012729955358, map=1.0, wc_dist=1.5064219571214226
2019-01-18 15:13:29,226 	 Computing Major Stats lazily... 
2019-01-18 15:13:29,227 		 Completed edges=72 good=72 bad=0
2019-01-18 15:13:29,228 Distortion avg=0.12601012729955358 wc=1.5064219571214226 me=1.2154105902498764 mc=1.239434615105433 nan_elements=0
2019-01-18 15:13:29,228 MAP = 1.0
2019-01-18 15:13:29,228 scale=[array([1.])]
