2019-01-18 14:51:17,731 Commandline ['pytorch/pytorch_hyperbolic.py', 'learn', 'data/edges/parsing/ewt/ewt_dev/1989.edges', '--dim', '0', '--hyp', '0', '--edim', '10', '--euc', '1', '--sdim', '0', '--sph', '0', '--log-name', 'ewt_devr2/1989.edges.E10-1.lr1.log', '--batch-size', '65536', '--epochs', '50', '--checkpoint-freq', '10', '-g', '--subsample', '1024', '--learning-rate', '1']
2019-01-18 14:51:17,731 No Model Save selected!
2019-01-18 14:51:17,733 Loaded Graph data/edges/parsing/ewt/ewt_dev/1989.edges with 16 nodes scale=1.0
2019-01-18 14:51:17,733 Building dataset
2019-01-18 14:51:17,734 Subsample: 16 points with scale 1.0 subsample=15
2019-01-18 14:51:17,749 Built Data Sampler
2019-01-18 14:51:17,749 Creating a fresh model warm_start?=None
2019-01-18 14:51:17,750 	 Warmstarting? None None 16
2019-01-18 14:51:17,750 Embedding() torch.Size([16, 10])
2019-01-18 14:51:17,750 relative No Rescale
2019-01-18 14:51:17,750 Constructed model with dim=0 and epochs=0 isnan=False
2019-01-18 14:51:17,751 SGD (
Parameter Group 0
    dampening: 0
    initial_lr: 0.1
    lr: 1.0
    momentum: 0.0
    nesterov: False
    weight_decay: 0

Parameter Group 1
    dampening: 0
    initial_lr: 0.1
    lr: 1.0
    momentum: 0.0
    nesterov: False
    weight_decay: 0

Parameter Group 2
    dampening: 0
    initial_lr: 0.1
    lr: 1.0
    momentum: 0.0
    nesterov: False
    weight_decay: 0

Parameter Group 3
    dampening: 0
    initial_lr: 0.0001
    lr: 0.001
    momentum: 0.0
    nesterov: False
    weight_decay: 0
)
2019-01-18 14:51:17,751 *** Initial Checkpoint. Computing Stats
2019-01-18 14:51:17,751 	 Computing Major Stats lazily... 
2019-01-18 14:51:17,752 		 Completed edges=240 good=240 bad=0
2019-01-18 14:51:17,755 Distortion avg=0.9982480187046526 wc=11.432270486247122 me=0.006009979300171955 mc=1902.2146192616713 nan_elements=0
2019-01-18 14:51:17,755 MAP = 0.22389320748695749
2019-01-18 14:51:17,755 scale=[array([1.])]
2019-01-18 14:51:17,755 *** End Initial Checkpoint

2019-01-18 14:51:17,812 1 loss=0.9965004107724708
2019-01-18 14:51:17,813 2 loss=0.9064816266570612
2019-01-18 14:51:17,814 3 loss=0.8263069065289371
2019-01-18 14:51:17,814 4 loss=0.7581251021883767
2019-01-18 14:51:17,815 5 loss=0.7003803276766712
2019-01-18 14:51:17,816 6 loss=0.6513985962627252
2019-01-18 14:51:17,817 7 loss=0.6096994367486507
2019-01-18 14:51:17,818 8 loss=0.5740319921446153
2019-01-18 14:51:17,819 9 loss=0.543357461107157
2019-01-18 14:51:17,819 10 loss=0.5168198930860008
2019-01-18 14:51:17,819 
*** Major Checkpoint. Computing Stats and Saving
2019-01-18 14:51:17,819 	 Computing Major Stats lazily... 
2019-01-18 14:51:17,821 		 Completed edges=240 good=240 bad=0
2019-01-18 14:51:17,823 Distortion avg=0.6543007575974735 wc=16.30416688233963 me=1.061426586691965 mc=15.360616633085371 nan_elements=0
2019-01-18 14:51:17,823 MAP = 0.11910966637529137
2019-01-18 14:51:17,824 scale=[array([1.])]
2019-01-18 14:51:17,824 *** End Major Checkpoint

2019-01-18 14:51:17,824 11 loss=0.4937166525914324
2019-01-18 14:51:17,825 12 loss=0.47347189913180615
2019-01-18 14:51:17,826 13 loss=0.45561387617064153
2019-01-18 14:51:17,826 14 loss=0.4397559085593178
2019-01-18 14:51:17,827 15 loss=0.42558070524837943
2019-01-18 14:51:17,827 16 loss=0.4128274902513228
2019-01-18 14:51:17,828 17 loss=0.4012815013241416
2019-01-18 14:51:17,829 18 loss=0.39076544551177933
2019-01-18 14:51:17,829 19 loss=0.3811325591287442
2019-01-18 14:51:17,830 20 loss=0.3722609764608075
2019-01-18 14:51:17,830 
*** Major Checkpoint. Computing Stats and Saving
2019-01-18 14:51:17,830 	 Computing Major Stats lazily... 
2019-01-18 14:51:17,831 		 Completed edges=240 good=240 bad=0
2019-01-18 14:51:17,834 Distortion avg=0.5723570567800208 wc=13.57108620847273 me=1.4628542365470438 mc=9.277128144022228 nan_elements=0
2019-01-18 14:51:17,834 MAP = 0.13585333936896438
2019-01-18 14:51:17,834 scale=[array([1.])]
2019-01-18 14:51:17,834 *** End Major Checkpoint

2019-01-18 14:51:17,835 21 loss=0.3640491623900007
2019-01-18 14:51:17,835 22 loss=0.3564122080418958
2019-01-18 14:51:17,836 23 loss=0.34927882552456874
2019-01-18 14:51:17,837 24 loss=0.34258890851384505
2019-01-18 14:51:17,837 25 loss=0.3362915506648815
2019-01-18 14:51:17,838 26 loss=0.3303434344328385
2019-01-18 14:51:17,838 27 loss=0.3247075196370271
2019-01-18 14:51:17,839 28 loss=0.31935197468068593
2019-01-18 14:51:17,840 29 loss=0.3142493043199801
2019-01-18 14:51:17,840 30 loss=0.3093756367443635
2019-01-18 14:51:17,840 
*** Major Checkpoint. Computing Stats and Saving
2019-01-18 14:51:17,840 	 Computing Major Stats lazily... 
2019-01-18 14:51:17,842 		 Completed edges=240 good=240 bad=0
2019-01-18 14:51:17,844 Distortion avg=0.5174298438219361 wc=11.366303849572573 me=1.6066780884302398 mc=7.07441268504365 nan_elements=0
2019-01-18 14:51:17,844 MAP = 0.20754501574814074
2019-01-18 14:51:17,844 scale=[array([1.])]
2019-01-18 14:51:17,844 *** End Major Checkpoint

2019-01-18 14:51:17,845 31 loss=0.30471013988597817
2019-01-18 14:51:17,846 32 loss=0.30023454264611904
2019-01-18 14:51:17,846 33 loss=0.2959327413792046
2019-01-18 14:51:17,847 34 loss=0.291790475725986
2019-01-18 14:51:17,847 35 loss=0.2877950609133009
2019-01-18 14:51:17,848 36 loss=0.2839351660790623
2019-01-18 14:51:17,849 37 loss=0.2802006301524
2019-01-18 14:51:17,849 38 loss=0.27658230841168885
2019-01-18 14:51:17,850 39 loss=0.2730719441313825
2019-01-18 14:51:17,851 40 loss=0.26966206077140426
2019-01-18 14:51:17,851 
*** Major Checkpoint. Computing Stats and Saving
2019-01-18 14:51:17,851 	 Computing Major Stats lazily... 
2019-01-18 14:51:17,852 		 Completed edges=240 good=240 bad=0
2019-01-18 14:51:17,854 Distortion avg=0.4725033870560085 wc=10.135845027077163 me=1.721927589390443 mc=5.886336388085414 nan_elements=0
2019-01-18 14:51:17,854 MAP = 0.2870084776334776
2019-01-18 14:51:17,854 scale=[array([1.])]
2019-01-18 14:51:17,855 *** End Major Checkpoint

2019-01-18 14:51:17,855 41 loss=0.2663458710079615
2019-01-18 14:51:17,856 42 loss=0.2631171995903136
2019-01-18 14:51:17,856 43 loss=0.25997041756498224
2019-01-18 14:51:17,857 44 loss=0.2569003858618616
2019-01-18 14:51:17,858 45 loss=0.2539024066055279
2019-01-18 14:51:17,858 46 loss=0.2509721808157507
2019-01-18 14:51:17,859 47 loss=0.24810577140663265
2019-01-18 14:51:17,859 48 loss=0.24529957059431895
2019-01-18 14:51:17,860 49 loss=0.24255027098716758
2019-01-18 14:51:17,861 50 loss=0.23985483976641045
2019-01-18 14:51:17,861 
*** Major Checkpoint. Computing Stats and Saving
2019-01-18 14:51:17,861 	 Computing Major Stats lazily... 
2019-01-18 14:51:17,862 		 Completed edges=240 good=240 bad=0
2019-01-18 14:51:17,864 Distortion avg=0.4359710492872837 wc=9.086570146185489 me=1.7752637791333303 mc=5.118433808536036 nan_elements=0
2019-01-18 14:51:17,864 MAP = 0.3682291666666666
2019-01-18 14:51:17,865 scale=[array([1.])]
2019-01-18 14:51:17,865 *** End Major Checkpoint

2019-01-18 14:51:17,865 final loss=0.23985483976641045
2019-01-18 14:51:17,865 best loss=0.23985483976641045, distortion=0.4359710492872837, map=0.3682291666666666, wc_dist=9.086570146185489
2019-01-18 14:51:17,865 	 Computing Major Stats lazily... 
2019-01-18 14:51:17,866 		 Completed edges=240 good=240 bad=0
2019-01-18 14:51:17,868 Distortion avg=0.43597104928728364 wc=9.086570146185489 me=1.7752637791333303 mc=5.118433808536036 nan_elements=0
2019-01-18 14:51:17,868 MAP = 0.3682291666666666
2019-01-18 14:51:17,869 scale=[array([1.])]
