2019-01-18 14:50:17,418 Commandline ['pytorch/pytorch_hyperbolic.py', 'learn', 'data/edges/parsing/ewt/ewt_dev/1995.edges', '--dim', '0', '--hyp', '0', '--edim', '10', '--euc', '1', '--sdim', '0', '--sph', '0', '--log-name', 'ewt_devr2/1995.edges.E10-1.lr1.log', '--batch-size', '65536', '--epochs', '50', '--checkpoint-freq', '10', '-g', '--subsample', '1024', '--learning-rate', '1']
2019-01-18 14:50:17,418 No Model Save selected!
2019-01-18 14:50:17,420 Loaded Graph data/edges/parsing/ewt/ewt_dev/1995.edges with 7 nodes scale=1.0
2019-01-18 14:50:17,420 Building dataset
2019-01-18 14:50:17,421 Subsample: 7 points with scale 1.0 subsample=6
2019-01-18 14:50:17,426 Built Data Sampler
2019-01-18 14:50:17,426 Creating a fresh model warm_start?=None
2019-01-18 14:50:17,426 	 Warmstarting? None None 7
2019-01-18 14:50:17,426 Embedding() torch.Size([7, 10])
2019-01-18 14:50:17,427 relative No Rescale
2019-01-18 14:50:17,427 Constructed model with dim=0 and epochs=0 isnan=False
2019-01-18 14:50:17,427 SGD (
Parameter Group 0
    dampening: 0
    initial_lr: 0.1
    lr: 1.0
    momentum: 0.0
    nesterov: False
    weight_decay: 0

Parameter Group 1
    dampening: 0
    initial_lr: 0.1
    lr: 1.0
    momentum: 0.0
    nesterov: False
    weight_decay: 0

Parameter Group 2
    dampening: 0
    initial_lr: 0.1
    lr: 1.0
    momentum: 0.0
    nesterov: False
    weight_decay: 0

Parameter Group 3
    dampening: 0
    initial_lr: 0.0001
    lr: 0.001
    momentum: 0.0
    nesterov: False
    weight_decay: 0
)
2019-01-18 14:50:17,427 *** Initial Checkpoint. Computing Stats
2019-01-18 14:50:17,427 	 Computing Major Stats lazily... 
2019-01-18 14:50:17,428 		 Completed edges=42 good=42 bad=0
2019-01-18 14:50:17,429 Distortion avg=0.9970489094787228 wc=3.6322181433519583 me=0.005628252251848828 mc=645.354540063269 nan_elements=0
2019-01-18 14:50:17,430 MAP = 0.40238095238095234
2019-01-18 14:50:17,430 scale=[array([1.])]
2019-01-18 14:50:17,430 *** End Initial Checkpoint

2019-01-18 14:50:17,488 1 loss=0.9941078772780602
2019-01-18 14:50:17,489 2 loss=0.5251690814386136
2019-01-18 14:50:17,489 3 loss=0.34213099601809954
2019-01-18 14:50:17,489 4 loss=0.2477888702865334
2019-01-18 14:50:17,490 5 loss=0.18589309383948707
2019-01-18 14:50:17,490 6 loss=0.14203962504043957
2019-01-18 14:50:17,491 7 loss=0.11022219342171273
2019-01-18 14:50:17,491 8 loss=0.08692484908889381
2019-01-18 14:50:17,492 9 loss=0.06977937285692801
2019-01-18 14:50:17,492 10 loss=0.05710739423291392
2019-01-18 14:50:17,492 
*** Major Checkpoint. Computing Stats and Saving
2019-01-18 14:50:17,492 	 Computing Major Stats lazily... 
2019-01-18 14:50:17,493 		 Completed edges=42 good=42 bad=0
2019-01-18 14:50:17,494 Distortion avg=0.2059858107882858 wc=1.82420556169106 me=1.1828494791214292 mc=1.542212761547651 nan_elements=0
2019-01-18 14:50:17,494 MAP = 1.0
2019-01-18 14:50:17,494 scale=[array([1.])]
2019-01-18 14:50:17,494 *** End Major Checkpoint

2019-01-18 14:50:17,495 11 loss=0.047697645522898895
2019-01-18 14:50:17,495 12 loss=0.040671038214256786
2019-01-18 14:50:17,496 13 loss=0.03538904563968523
2019-01-18 14:50:17,496 14 loss=0.03138812325237591
2019-01-18 14:50:17,497 15 loss=0.02833183774113247
2019-01-18 14:50:17,497 16 loss=0.025975812004014776
2019-01-18 14:50:17,498 17 loss=0.02414215430562393
2019-01-18 14:50:17,498 18 loss=0.02270091655240795
2019-01-18 14:50:17,499 19 loss=0.02155672440582342
2019-01-18 14:50:17,499 20 loss=0.020639176284470137
2019-01-18 14:50:17,499 
*** Major Checkpoint. Computing Stats and Saving
2019-01-18 14:50:17,499 	 Computing Major Stats lazily... 
2019-01-18 14:50:17,499 		 Completed edges=42 good=42 bad=0
2019-01-18 14:50:17,501 Distortion avg=0.129990214885157 wc=1.4832807532361874 me=1.1686335218771076 mc=1.269243715389646 nan_elements=0
2019-01-18 14:50:17,501 MAP = 1.0
2019-01-18 14:50:17,501 scale=[array([1.])]
2019-01-18 14:50:17,501 *** End Major Checkpoint

2019-01-18 14:50:17,501 21 loss=0.019895964451133445
2019-01-18 14:50:17,502 22 loss=0.019287948382086362
2019-01-18 14:50:17,502 23 loss=0.018785621685618023
2019-01-18 14:50:17,503 24 loss=0.01836657122781555
2019-01-18 14:50:17,503 25 loss=0.018013642326416817
2019-01-18 14:50:17,504 26 loss=0.0177136069807312
2019-01-18 14:50:17,504 27 loss=0.01745619142674806
2019-01-18 14:50:17,505 28 loss=0.01723336134549927
2019-01-18 14:50:17,505 29 loss=0.017038792713741785
2019-01-18 14:50:17,506 30 loss=0.0168674771691367
2019-01-18 14:50:17,506 
*** Major Checkpoint. Computing Stats and Saving
2019-01-18 14:50:17,506 	 Computing Major Stats lazily... 
2019-01-18 14:50:17,506 		 Completed edges=42 good=42 bad=0
2019-01-18 14:50:17,507 Distortion avg=0.11735786245560084 wc=1.4093648330219704 me=1.1731164478385383 mc=1.2013852807355303 nan_elements=0
2019-01-18 14:50:17,507 MAP = 1.0
2019-01-18 14:50:17,507 scale=[array([1.])]
2019-01-18 14:50:17,508 *** End Major Checkpoint

2019-01-18 14:50:17,508 31 loss=0.016715425460351936
2019-01-18 14:50:17,508 32 loss=0.016579442909289706
2019-01-18 14:50:17,509 33 loss=0.016456958127032944
2019-01-18 14:50:17,509 34 loss=0.016345891407667373
2019-01-18 14:50:17,510 35 loss=0.016244552911165454
2019-01-18 14:50:17,510 36 loss=0.016151563382145368
2019-01-18 14:50:17,511 37 loss=0.016065792045584348
2019-01-18 14:50:17,511 38 loss=0.01598630769017776
2019-01-18 14:50:17,512 39 loss=0.01591233994675973
2019-01-18 14:50:17,512 40 loss=0.01584324849960994
2019-01-18 14:50:17,512 
*** Major Checkpoint. Computing Stats and Saving
2019-01-18 14:50:17,512 	 Computing Major Stats lazily... 
2019-01-18 14:50:17,513 		 Completed edges=42 good=42 bad=0
2019-01-18 14:50:17,514 Distortion avg=0.11536246179641184 wc=1.3768577074136559 me=1.174105239563315 mc=1.172686792476755 nan_elements=0
2019-01-18 14:50:17,514 MAP = 1.0
2019-01-18 14:50:17,514 scale=[array([1.])]
2019-01-18 14:50:17,514 *** End Major Checkpoint

2019-01-18 14:50:17,515 41 loss=0.015778498507643193
2019-01-18 14:50:17,515 42 loss=0.015717640913503268
2019-01-18 14:50:17,516 43 loss=0.015660296619165962
2019-01-18 14:50:17,516 44 loss=0.015606143733701217
2019-01-18 14:50:17,516 45 loss=0.015554907271657767
2019-01-18 14:50:17,517 46 loss=0.0155063508130443
2019-01-18 14:50:17,517 47 loss=0.015460269738210394
2019-01-18 14:50:17,518 48 loss=0.015416485730477507
2019-01-18 14:50:17,518 49 loss=0.015374842301590506
2019-01-18 14:50:17,519 50 loss=0.01533520114399937
2019-01-18 14:50:17,519 
*** Major Checkpoint. Computing Stats and Saving
2019-01-18 14:50:17,519 	 Computing Major Stats lazily... 
2019-01-18 14:50:17,519 		 Completed edges=42 good=42 bad=0
2019-01-18 14:50:17,520 Distortion avg=0.114852554819409 wc=1.3580271314241559 me=1.1742586265407158 mc=1.1564974705996491 nan_elements=0
2019-01-18 14:50:17,520 MAP = 1.0
2019-01-18 14:50:17,521 scale=[array([1.])]
2019-01-18 14:50:17,521 *** End Major Checkpoint

2019-01-18 14:50:17,521 final loss=0.01533520114399937
2019-01-18 14:50:17,521 best loss=0.01533520114399937, distortion=0.114852554819409, map=1.0, wc_dist=1.3580271314241559
2019-01-18 14:50:17,521 	 Computing Major Stats lazily... 
2019-01-18 14:50:17,521 		 Completed edges=42 good=42 bad=0
2019-01-18 14:50:17,523 Distortion avg=0.114852554819409 wc=1.3580271314241559 me=1.1742586265407158 mc=1.1564974705996491 nan_elements=0
2019-01-18 14:50:17,523 MAP = 1.0
2019-01-18 14:50:17,523 scale=[array([1.])]
