2019-01-18 14:41:49,567 Commandline ['pytorch/pytorch_hyperbolic.py', 'learn', 'data/edges/parsing/ewt/ewt_dev/1996.edges', '--dim', '0', '--hyp', '0', '--edim', '10', '--euc', '1', '--sdim', '0', '--sph', '0', '--log-name', 'ewt_devr2/1996.edges.E10-1.lr1.log', '--batch-size', '65536', '--epochs', '50', '-g', '--subsample', '1024', '--learning-rate', '1']
2019-01-18 14:41:49,567 No Model Save selected!
2019-01-18 14:41:49,569 Loaded Graph data/edges/parsing/ewt/ewt_dev/1996.edges with 29 nodes scale=1.0
2019-01-18 14:41:49,569 Building dataset
2019-01-18 14:41:49,570 Subsample: 29 points with scale 1.0 subsample=28
2019-01-18 14:41:49,608 Built Data Sampler
2019-01-18 14:41:49,608 Creating a fresh model warm_start?=None
2019-01-18 14:41:49,608 	 Warmstarting? None None 29
2019-01-18 14:41:49,608 Embedding() torch.Size([29, 10])
2019-01-18 14:41:49,609 relative No Rescale
2019-01-18 14:41:49,609 Constructed model with dim=0 and epochs=0 isnan=False
2019-01-18 14:41:49,609 SGD (
Parameter Group 0
    dampening: 0
    initial_lr: 0.1
    lr: 1.0
    momentum: 0.0
    nesterov: False
    weight_decay: 0

Parameter Group 1
    dampening: 0
    initial_lr: 0.1
    lr: 1.0
    momentum: 0.0
    nesterov: False
    weight_decay: 0

Parameter Group 2
    dampening: 0
    initial_lr: 0.1
    lr: 1.0
    momentum: 0.0
    nesterov: False
    weight_decay: 0

Parameter Group 3
    dampening: 0
    initial_lr: 0.0001
    lr: 0.001
    momentum: 0.0
    nesterov: False
    weight_decay: 0
)
2019-01-18 14:41:49,609 *** Initial Checkpoint. Computing Stats
2019-01-18 14:41:49,609 	 Computing Major Stats lazily... 
2019-01-18 14:41:49,613 		 Completed edges=812 good=812 bad=0
2019-01-18 14:41:49,618 Distortion avg=0.9985042237067495 wc=17.892141139196227 me=0.0072640427705460125 mc=2463.110653993484 nan_elements=0
2019-01-18 14:41:49,618 MAP = 0.2088575050093451
2019-01-18 14:41:49,618 scale=[array([1.])]
2019-01-18 14:41:49,618 *** End Initial Checkpoint

2019-01-18 14:41:49,681 1 loss=0.9970117110161196
2019-01-18 14:41:49,682 2 loss=0.9625326128822629
2019-01-18 14:41:49,683 3 loss=0.9289478960189387
2019-01-18 14:41:49,684 4 loss=0.8972379228016237
2019-01-18 14:41:49,685 5 loss=0.8674259753445202
2019-01-18 14:41:49,686 6 loss=0.8394275202433756
2019-01-18 14:41:49,688 7 loss=0.8131336033804815
2019-01-18 14:41:49,689 8 loss=0.7884311206278302
2019-01-18 14:41:49,690 9 loss=0.7652097182204306
2019-01-18 14:41:49,691 10 loss=0.7433644617992653
2019-01-18 14:41:49,692 11 loss=0.7227968428439382
2019-01-18 14:41:49,693 12 loss=0.7034150430763856
2019-01-18 14:41:49,694 13 loss=0.6851338432348889
2019-01-18 14:41:49,696 14 loss=0.6678743571241602
2019-01-18 14:41:49,697 15 loss=0.651563682414252
2019-01-18 14:41:49,698 16 loss=0.6361345169544077
2019-01-18 14:41:49,699 17 loss=0.6215247674641644
2019-01-18 14:41:49,700 18 loss=0.607677165589202
2019-01-18 14:41:49,701 19 loss=0.594538899591065
2019-01-18 14:41:49,702 20 loss=0.5820612660161197
2019-01-18 14:41:49,703 21 loss=0.5701993433472042
2019-01-18 14:41:49,705 22 loss=0.5589116882273768
2019-01-18 14:41:49,706 23 loss=0.5481600539914165
2019-01-18 14:41:49,707 24 loss=0.5379091307331476
2019-01-18 14:41:49,708 25 loss=0.52812630584668
2019-01-18 14:41:49,709 26 loss=0.5187814438280232
2019-01-18 14:41:49,710 27 loss=0.5098466840603334
2019-01-18 14:41:49,711 28 loss=0.501296255299199
2019-01-18 14:41:49,712 29 loss=0.4931063056030498
2019-01-18 14:41:49,714 30 loss=0.4852547465042094
2019-01-18 14:41:49,715 31 loss=0.4777211102791772
2019-01-18 14:41:49,716 32 loss=0.4704864192464082
2019-01-18 14:41:49,717 33 loss=0.46353306609205747
2019-01-18 14:41:49,718 34 loss=0.45684470429627344
2019-01-18 14:41:49,719 35 loss=0.4504061478028936
2019-01-18 14:41:49,720 36 loss=0.4442032791427896
2019-01-18 14:41:49,721 37 loss=0.43822296528491
2019-01-18 14:41:49,722 38 loss=0.432452980549021
2019-01-18 14:41:49,723 39 loss=0.42688193597005036
2019-01-18 14:41:49,724 40 loss=0.4214992145558275
2019-01-18 14:41:49,726 41 loss=0.41629491192798296
2019-01-18 14:41:49,727 42 loss=0.41125978187997625
2019-01-18 14:41:49,728 43 loss=0.40638518642683175
2019-01-18 14:41:49,729 44 loss=0.40166304995844343
2019-01-18 14:41:49,730 45 loss=0.3970858171424177
2019-01-18 14:41:49,731 46 loss=0.39264641425363567
2019-01-18 14:41:49,732 47 loss=0.3883382136362187
2019-01-18 14:41:49,733 48 loss=0.38415500102958905
2019-01-18 14:41:49,734 49 loss=0.38009094551405
2019-01-18 14:41:49,736 50 loss=0.37614057185292565
2019-01-18 14:41:49,736 final loss=0.37614057185292565
2019-01-18 14:41:49,736 best loss=10000000000.0, distortion=10000000000.0, map=0.0, wc_dist=10000000000.0
2019-01-18 14:41:49,736 	 Computing Major Stats lazily... 
2019-01-18 14:41:49,739 		 Completed edges=812 good=812 bad=0
2019-01-18 14:41:49,744 Distortion avg=0.5821365285941658 wc=14.940914253385118 me=1.7851715855192876 mc=8.369455560787992 nan_elements=0
2019-01-18 14:41:49,744 MAP = 0.12845671858107316
2019-01-18 14:41:49,744 scale=[array([1.])]
2019-01-18 14:51:59,343 Commandline ['pytorch/pytorch_hyperbolic.py', 'learn', 'data/edges/parsing/ewt/ewt_dev/1996.edges', '--dim', '0', '--hyp', '0', '--edim', '10', '--euc', '1', '--sdim', '0', '--sph', '0', '--log-name', 'ewt_devr2/1996.edges.E10-1.lr1.log', '--batch-size', '65536', '--epochs', '50', '--checkpoint-freq', '10', '-g', '--subsample', '1024', '--learning-rate', '1']
2019-01-18 14:51:59,343 No Model Save selected!
2019-01-18 14:51:59,345 Loaded Graph data/edges/parsing/ewt/ewt_dev/1996.edges with 29 nodes scale=1.0
2019-01-18 14:51:59,345 Building dataset
2019-01-18 14:51:59,345 Subsample: 29 points with scale 1.0 subsample=28
2019-01-18 14:51:59,382 Built Data Sampler
2019-01-18 14:51:59,382 Creating a fresh model warm_start?=None
2019-01-18 14:51:59,382 	 Warmstarting? None None 29
2019-01-18 14:51:59,383 Embedding() torch.Size([29, 10])
2019-01-18 14:51:59,383 relative No Rescale
2019-01-18 14:51:59,383 Constructed model with dim=0 and epochs=0 isnan=False
2019-01-18 14:51:59,383 SGD (
Parameter Group 0
    dampening: 0
    initial_lr: 0.1
    lr: 1.0
    momentum: 0.0
    nesterov: False
    weight_decay: 0

Parameter Group 1
    dampening: 0
    initial_lr: 0.1
    lr: 1.0
    momentum: 0.0
    nesterov: False
    weight_decay: 0

Parameter Group 2
    dampening: 0
    initial_lr: 0.1
    lr: 1.0
    momentum: 0.0
    nesterov: False
    weight_decay: 0

Parameter Group 3
    dampening: 0
    initial_lr: 0.0001
    lr: 0.001
    momentum: 0.0
    nesterov: False
    weight_decay: 0
)
2019-01-18 14:51:59,384 *** Initial Checkpoint. Computing Stats
2019-01-18 14:51:59,384 	 Computing Major Stats lazily... 
2019-01-18 14:51:59,387 		 Completed edges=812 good=812 bad=0
2019-01-18 14:51:59,392 Distortion avg=0.9985042237067495 wc=17.892141139196227 me=0.0072640427705460125 mc=2463.110653993484 nan_elements=0
2019-01-18 14:51:59,392 MAP = 0.2088575050093451
2019-01-18 14:51:59,392 scale=[array([1.])]
2019-01-18 14:51:59,392 *** End Initial Checkpoint

2019-01-18 14:51:59,451 1 loss=0.9970117110161196
2019-01-18 14:51:59,452 2 loss=0.9625326128822629
2019-01-18 14:51:59,453 3 loss=0.9289478960189387
2019-01-18 14:51:59,454 4 loss=0.8972379228016237
2019-01-18 14:51:59,455 5 loss=0.8674259753445202
2019-01-18 14:51:59,456 6 loss=0.8394275202433756
2019-01-18 14:51:59,457 7 loss=0.8131336033804815
2019-01-18 14:51:59,458 8 loss=0.7884311206278302
2019-01-18 14:51:59,459 9 loss=0.7652097182204306
2019-01-18 14:51:59,460 10 loss=0.7433644617992653
2019-01-18 14:51:59,460 
*** Major Checkpoint. Computing Stats and Saving
2019-01-18 14:51:59,460 	 Computing Major Stats lazily... 
2019-01-18 14:51:59,463 		 Completed edges=812 good=812 bad=0
2019-01-18 14:51:59,467 Distortion avg=0.8396496793421515 wc=24.16314345727479 me=0.8043913742238106 mc=30.03903849738664 nan_elements=0
2019-01-18 14:51:59,467 MAP = 0.07470862727149002
2019-01-18 14:51:59,468 scale=[array([1.])]
2019-01-18 14:51:59,468 *** End Major Checkpoint

2019-01-18 14:51:59,469 11 loss=0.7227968428439383
2019-01-18 14:51:59,470 12 loss=0.7034150430763855
2019-01-18 14:51:59,471 13 loss=0.6851338432348891
2019-01-18 14:51:59,472 14 loss=0.6678743571241605
2019-01-18 14:51:59,473 15 loss=0.6515636824142519
2019-01-18 14:51:59,474 16 loss=0.6361345169544076
2019-01-18 14:51:59,475 17 loss=0.6215247674641645
2019-01-18 14:51:59,476 18 loss=0.607677165589202
2019-01-18 14:51:59,477 19 loss=0.5945388995910649
2019-01-18 14:51:59,478 20 loss=0.5820612660161194
2019-01-18 14:51:59,478 
*** Major Checkpoint. Computing Stats and Saving
2019-01-18 14:51:59,478 	 Computing Major Stats lazily... 
2019-01-18 14:51:59,481 		 Completed edges=812 good=812 bad=0
2019-01-18 14:51:59,485 Distortion avg=0.7277006574212208 wc=21.285706584338172 me=1.2908297027657354 mc=16.489941731842208 nan_elements=0
2019-01-18 14:51:59,485 MAP = 0.075162985935666
2019-01-18 14:51:59,485 scale=[array([1.])]
2019-01-18 14:51:59,485 *** End Major Checkpoint

2019-01-18 14:51:59,486 21 loss=0.5701993433472043
2019-01-18 14:51:59,487 22 loss=0.5589116882273768
2019-01-18 14:51:59,488 23 loss=0.5481600539914164
2019-01-18 14:51:59,489 24 loss=0.5379091307331476
2019-01-18 14:51:59,490 25 loss=0.5281263058466799
2019-01-18 14:51:59,491 26 loss=0.5187814438280232
2019-01-18 14:51:59,492 27 loss=0.5098466840603336
2019-01-18 14:51:59,493 28 loss=0.501296255299199
2019-01-18 14:51:59,494 29 loss=0.49310630560304985
2019-01-18 14:51:59,495 30 loss=0.48525474650420947
2019-01-18 14:51:59,495 
*** Major Checkpoint. Computing Stats and Saving
2019-01-18 14:51:59,495 	 Computing Major Stats lazily... 
2019-01-18 14:51:59,498 		 Completed edges=812 good=812 bad=0
2019-01-18 14:51:59,503 Distortion avg=0.6653129727762332 wc=18.740782047739224 me=1.5652819232789066 mc=11.972783796341034 nan_elements=0
2019-01-18 14:51:59,503 MAP = 0.07953186137717852
2019-01-18 14:51:59,503 scale=[array([1.])]
2019-01-18 14:51:59,503 *** End Major Checkpoint

2019-01-18 14:51:59,504 31 loss=0.47772111027917696
2019-01-18 14:51:59,505 32 loss=0.47048641924640805
2019-01-18 14:51:59,506 33 loss=0.4635330660920577
2019-01-18 14:51:59,507 34 loss=0.4568447042962733
2019-01-18 14:51:59,508 35 loss=0.4504061478028937
2019-01-18 14:51:59,509 36 loss=0.44420327914278984
2019-01-18 14:51:59,510 37 loss=0.4382229652849099
2019-01-18 14:51:59,511 38 loss=0.432452980549021
2019-01-18 14:51:59,512 39 loss=0.4268819359700504
2019-01-18 14:51:59,513 40 loss=0.4214992145558274
2019-01-18 14:51:59,513 
*** Major Checkpoint. Computing Stats and Saving
2019-01-18 14:51:59,513 	 Computing Major Stats lazily... 
2019-01-18 14:51:59,517 		 Completed edges=812 good=812 bad=0
2019-01-18 14:51:59,521 Distortion avg=0.6199380481751349 wc=16.61656769908665 me=1.7091911817628744 mc=9.721889438926418 nan_elements=0
2019-01-18 14:51:59,521 MAP = 0.08877812428514827
2019-01-18 14:51:59,521 scale=[array([1.])]
2019-01-18 14:51:59,522 *** End Major Checkpoint

2019-01-18 14:51:59,523 41 loss=0.41629491192798285
2019-01-18 14:51:59,523 42 loss=0.4112597818799762
2019-01-18 14:51:59,524 43 loss=0.40638518642683186
2019-01-18 14:51:59,525 44 loss=0.40166304995844343
2019-01-18 14:51:59,526 45 loss=0.39708581714241764
2019-01-18 14:51:59,527 46 loss=0.3926464142536357
2019-01-18 14:51:59,528 47 loss=0.38833821363621857
2019-01-18 14:51:59,529 48 loss=0.384155001029589
2019-01-18 14:51:59,530 49 loss=0.3800909455140501
2019-01-18 14:51:59,531 50 loss=0.37614057185292554
2019-01-18 14:51:59,532 
*** Major Checkpoint. Computing Stats and Saving
2019-01-18 14:51:59,532 	 Computing Major Stats lazily... 
2019-01-18 14:51:59,535 		 Completed edges=812 good=812 bad=0
2019-01-18 14:51:59,540 Distortion avg=0.5821365285941658 wc=14.940914253385115 me=1.7851715855192876 mc=8.36945556078799 nan_elements=0
2019-01-18 14:51:59,540 MAP = 0.12845671858107313
2019-01-18 14:51:59,540 scale=[array([1.])]
2019-01-18 14:51:59,540 *** End Major Checkpoint

2019-01-18 14:51:59,540 final loss=0.37614057185292554
2019-01-18 14:51:59,540 best loss=0.37614057185292554, distortion=0.5821365285941658, map=0.12845671858107313, wc_dist=14.940914253385115
2019-01-18 14:51:59,540 	 Computing Major Stats lazily... 
2019-01-18 14:51:59,543 		 Completed edges=812 good=812 bad=0
2019-01-18 14:51:59,548 Distortion avg=0.5821365285941655 wc=14.940914253385115 me=1.7851715855192876 mc=8.36945556078799 nan_elements=0
2019-01-18 14:51:59,548 MAP = 0.12845671858107313
2019-01-18 14:51:59,548 scale=[array([1.])]
