2019-01-18 14:50:21,247 Commandline ['pytorch/pytorch_hyperbolic.py', 'learn', 'data/edges/parsing/ewt/ewt_dev/1999.edges', '--dim', '0', '--hyp', '0', '--edim', '10', '--euc', '1', '--sdim', '0', '--sph', '0', '--log-name', 'ewt_devr2/1999.edges.E10-1.lr1.log', '--batch-size', '65536', '--epochs', '50', '--checkpoint-freq', '10', '-g', '--subsample', '1024', '--learning-rate', '1']
2019-01-18 14:50:21,247 No Model Save selected!
2019-01-18 14:50:21,248 Loaded Graph data/edges/parsing/ewt/ewt_dev/1999.edges with 28 nodes scale=1.0
2019-01-18 14:50:21,248 Building dataset
2019-01-18 14:50:21,248 Subsample: 28 points with scale 1.0 subsample=27
2019-01-18 14:50:21,284 Built Data Sampler
2019-01-18 14:50:21,284 Creating a fresh model warm_start?=None
2019-01-18 14:50:21,284 	 Warmstarting? None None 28
2019-01-18 14:50:21,284 Embedding() torch.Size([28, 10])
2019-01-18 14:50:21,284 relative No Rescale
2019-01-18 14:50:21,285 Constructed model with dim=0 and epochs=0 isnan=False
2019-01-18 14:50:21,285 SGD (
Parameter Group 0
    dampening: 0
    initial_lr: 0.1
    lr: 1.0
    momentum: 0.0
    nesterov: False
    weight_decay: 0

Parameter Group 1
    dampening: 0
    initial_lr: 0.1
    lr: 1.0
    momentum: 0.0
    nesterov: False
    weight_decay: 0

Parameter Group 2
    dampening: 0
    initial_lr: 0.1
    lr: 1.0
    momentum: 0.0
    nesterov: False
    weight_decay: 0

Parameter Group 3
    dampening: 0
    initial_lr: 0.0001
    lr: 0.001
    momentum: 0.0
    nesterov: False
    weight_decay: 0
)
2019-01-18 14:50:21,285 *** Initial Checkpoint. Computing Stats
2019-01-18 14:50:21,285 	 Computing Major Stats lazily... 
2019-01-18 14:50:21,288 		 Completed edges=756 good=756 bad=0
2019-01-18 14:50:21,293 Distortion avg=0.9983900990878269 wc=20.010407911849903 me=0.005935337598003825 mc=3371.4018084800787 nan_elements=0
2019-01-18 14:50:21,293 MAP = 0.11133774206147196
2019-01-18 14:50:21,293 scale=[array([1.])]
2019-01-18 14:50:21,293 *** End Initial Checkpoint

2019-01-18 14:50:21,351 1 loss=0.9967838734544338
2019-01-18 14:50:21,353 2 loss=0.9557015719175375
2019-01-18 14:50:21,354 3 loss=0.9163696433371513
2019-01-18 14:50:21,355 4 loss=0.8797170013682277
2019-01-18 14:50:21,356 5 loss=0.845643253519097
2019-01-18 14:50:21,357 6 loss=0.8139653951984982
2019-01-18 14:50:21,358 7 loss=0.7844927664371759
2019-01-18 14:50:21,359 8 loss=0.7570433357387321
2019-01-18 14:50:21,360 9 loss=0.7314481579068867
2019-01-18 14:50:21,361 10 loss=0.7075522893605107
2019-01-18 14:50:21,361 
*** Major Checkpoint. Computing Stats and Saving
2019-01-18 14:50:21,361 	 Computing Major Stats lazily... 
2019-01-18 14:50:21,364 		 Completed edges=756 good=756 bad=0
2019-01-18 14:50:21,368 Distortion avg=0.8144621761156472 wc=29.195491159940218 me=0.8936516042703473 mc=32.66988054453042 nan_elements=0
2019-01-18 14:50:21,368 MAP = 0.06896939836425059
2019-01-18 14:50:21,368 scale=[array([1.])]
2019-01-18 14:50:21,368 *** End Major Checkpoint

2019-01-18 14:50:21,369 11 loss=0.6852144298976568
2019-01-18 14:50:21,370 12 loss=0.6643060807156296
2019-01-18 14:50:21,371 13 loss=0.6447105364960934
2019-01-18 14:50:21,372 14 loss=0.6263218507277741
2019-01-18 14:50:21,373 15 loss=0.6090438373414987
2019-01-18 14:50:21,374 16 loss=0.5927891365205156
2019-01-18 14:50:21,375 17 loss=0.5774783553346957
2019-01-18 14:50:21,376 18 loss=0.563039285175716
2019-01-18 14:50:21,377 19 loss=0.5494061935925435
2019-01-18 14:50:21,378 20 loss=0.5365191859989326
2019-01-18 14:50:21,378 
*** Major Checkpoint. Computing Stats and Saving
2019-01-18 14:50:21,378 	 Computing Major Stats lazily... 
2019-01-18 14:50:21,381 		 Completed edges=756 good=756 bad=0
2019-01-18 14:50:21,386 Distortion avg=0.695175101771532 wc=23.152457116420525 me=1.3247098061719964 mc=17.4773803353385 nan_elements=0
2019-01-18 14:50:21,386 MAP = 0.06942868742971381
2019-01-18 14:50:21,386 scale=[array([1.])]
2019-01-18 14:50:21,386 *** End Major Checkpoint

2019-01-18 14:50:21,387 21 loss=0.5243236318091882
2019-01-18 14:50:21,388 22 loss=0.512769649304254
2019-01-18 14:50:21,389 23 loss=0.5018116436346708
2019-01-18 14:50:21,390 24 loss=0.4914078926596847
2019-01-18 14:50:21,391 25 loss=0.481520175705154
2019-01-18 14:50:21,392 26 loss=0.4721134407406492
2019-01-18 14:50:21,393 27 loss=0.463155505896057
2019-01-18 14:50:21,394 28 loss=0.454616791642069
2019-01-18 14:50:21,395 29 loss=0.44647008033765606
2019-01-18 14:50:21,396 30 loss=0.4386903001966099
2019-01-18 14:50:21,397 
*** Major Checkpoint. Computing Stats and Saving
2019-01-18 14:50:21,397 	 Computing Major Stats lazily... 
2019-01-18 14:50:21,400 		 Completed edges=756 good=756 bad=0
2019-01-18 14:50:21,404 Distortion avg=0.6304965700473344 wc=18.993976732310195 me=1.5243932757127836 mc=12.460023955057721 nan_elements=0
2019-01-18 14:50:21,404 MAP = 0.07357361190943867
2019-01-18 14:50:21,404 scale=[array([1.])]
2019-01-18 14:50:21,404 *** End Major Checkpoint

2019-01-18 14:50:21,405 31 loss=0.43125433104309674
2019-01-18 14:50:21,406 32 loss=0.4241408295134055
2019-01-18 14:50:21,407 33 loss=0.4173300716190973
2019-01-18 14:50:21,408 34 loss=0.41080381081761214
2019-01-18 14:50:21,409 35 loss=0.4045451499422673
2019-01-18 14:50:21,410 36 loss=0.3985384255267945
2019-01-18 14:50:21,411 37 loss=0.392769103222333
2019-01-18 14:50:21,412 38 loss=0.3872236831492281
2019-01-18 14:50:21,413 39 loss=0.3818896141540661
2019-01-18 14:50:21,414 40 loss=0.3767552160558605
2019-01-18 14:50:21,414 
*** Major Checkpoint. Computing Stats and Saving
2019-01-18 14:50:21,414 	 Computing Major Stats lazily... 
2019-01-18 14:50:21,417 		 Completed edges=756 good=756 bad=0
2019-01-18 14:50:21,422 Distortion avg=0.5820309011582265 wc=17.12604530552656 me=1.7218765882565223 mc=9.946151438685542 nan_elements=0
2019-01-18 14:50:21,422 MAP = 0.0795350075183847
2019-01-18 14:50:21,422 scale=[array([1.])]
2019-01-18 14:50:21,422 *** End Major Checkpoint

2019-01-18 14:50:21,423 41 loss=0.37180960906587696
2019-01-18 14:50:21,424 42 loss=0.3670426496546575
2019-01-18 14:50:21,425 43 loss=0.3624448722187291
2019-01-18 14:50:21,426 44 loss=0.35800743596942436
2019-01-18 14:50:21,427 45 loss=0.35372207652822324
2019-01-18 14:50:21,428 46 loss=0.349581061768006
2019-01-18 14:50:21,429 47 loss=0.3455771514883695
2019-01-18 14:50:21,430 48 loss=0.34170356055645756
2019-01-18 14:50:21,431 49 loss=0.3379539251832039
2019-01-18 14:50:21,432 50 loss=0.3343222720390649
2019-01-18 14:50:21,432 
*** Major Checkpoint. Computing Stats and Saving
2019-01-18 14:50:21,432 	 Computing Major Stats lazily... 
2019-01-18 14:50:21,435 		 Completed edges=756 good=756 bad=0
2019-01-18 14:50:21,439 Distortion avg=0.5424441812489388 wc=15.572509158396114 me=1.8491114380928835 mc=8.421617452357074 nan_elements=0
2019-01-18 14:50:21,439 MAP = 0.09100258516223865
2019-01-18 14:50:21,440 scale=[array([1.])]
2019-01-18 14:50:21,440 *** End Major Checkpoint

2019-01-18 14:50:21,440 final loss=0.3343222720390649
2019-01-18 14:50:21,440 best loss=0.3343222720390649, distortion=0.5424441812489388, map=0.09100258516223865, wc_dist=15.572509158396114
2019-01-18 14:50:21,440 	 Computing Major Stats lazily... 
2019-01-18 14:50:21,443 		 Completed edges=756 good=756 bad=0
2019-01-18 14:50:21,447 Distortion avg=0.5424441812489388 wc=15.572509158396114 me=1.8491114380928835 mc=8.421617452357074 nan_elements=0
2019-01-18 14:50:21,447 MAP = 0.09100258516223861
2019-01-18 14:50:21,447 scale=[array([1.])]
