2019-01-18 14:50:10,869 Commandline ['pytorch/pytorch_hyperbolic.py', 'learn', 'data/edges/parsing/ewt/ewt_dev/203.edges', '--dim', '0', '--hyp', '0', '--edim', '10', '--euc', '1', '--sdim', '0', '--sph', '0', '--log-name', 'ewt_devr2/203.edges.E10-1.lr1.log', '--batch-size', '65536', '--epochs', '50', '--checkpoint-freq', '10', '-g', '--subsample', '1024', '--learning-rate', '1']
2019-01-18 14:50:10,869 No Model Save selected!
2019-01-18 14:50:10,874 Loaded Graph data/edges/parsing/ewt/ewt_dev/203.edges with 33 nodes scale=1.0
2019-01-18 14:50:10,874 Building dataset
2019-01-18 14:50:10,875 Subsample: 33 points with scale 1.0 subsample=32
2019-01-18 14:50:10,920 Built Data Sampler
2019-01-18 14:50:10,921 Creating a fresh model warm_start?=None
2019-01-18 14:50:10,921 	 Warmstarting? None None 33
2019-01-18 14:50:10,921 Embedding() torch.Size([33, 10])
2019-01-18 14:50:10,921 relative No Rescale
2019-01-18 14:50:10,922 Constructed model with dim=0 and epochs=0 isnan=False
2019-01-18 14:50:10,922 SGD (
Parameter Group 0
    dampening: 0
    initial_lr: 0.1
    lr: 1.0
    momentum: 0.0
    nesterov: False
    weight_decay: 0

Parameter Group 1
    dampening: 0
    initial_lr: 0.1
    lr: 1.0
    momentum: 0.0
    nesterov: False
    weight_decay: 0

Parameter Group 2
    dampening: 0
    initial_lr: 0.1
    lr: 1.0
    momentum: 0.0
    nesterov: False
    weight_decay: 0

Parameter Group 3
    dampening: 0
    initial_lr: 0.0001
    lr: 0.001
    momentum: 0.0
    nesterov: False
    weight_decay: 0
)
2019-01-18 14:50:10,922 *** Initial Checkpoint. Computing Stats
2019-01-18 14:50:10,922 	 Computing Major Stats lazily... 
2019-01-18 14:50:10,926 		 Completed edges=1056 good=1056 bad=0
2019-01-18 14:50:10,932 Distortion avg=0.998665345595879 wc=20.936346837085125 me=0.006209982679733985 mc=3371.4018084800787 nan_elements=0
2019-01-18 14:50:10,932 MAP = 0.10554996269104247
2019-01-18 14:50:10,932 scale=[array([1.])]
2019-01-18 14:50:10,932 *** End Initial Checkpoint

2019-01-18 14:50:10,991 1 loss=0.997333528571589
2019-01-18 14:50:10,992 2 loss=0.9738373859692253
2019-01-18 14:50:10,993 3 loss=0.9506572756911401
2019-01-18 14:50:10,994 4 loss=0.928395939520211
2019-01-18 14:50:10,996 5 loss=0.9070990324677152
2019-01-18 14:50:10,997 6 loss=0.8867494221761056
2019-01-18 14:50:10,998 7 loss=0.8673132311994372
2019-01-18 14:50:10,999 8 loss=0.8487511052641513
2019-01-18 14:50:11,000 9 loss=0.8310222060192025
2019-01-18 14:50:11,001 10 loss=0.8140859201082583
2019-01-18 14:50:11,002 
*** Major Checkpoint. Computing Stats and Saving
2019-01-18 14:50:11,002 	 Computing Major Stats lazily... 
2019-01-18 14:50:11,006 		 Completed edges=1056 good=1056 bad=0
2019-01-18 14:50:11,011 Distortion avg=0.8872282993048463 wc=45.07618654380111 me=0.6671872071574203 mc=67.56152705003163 nan_elements=0
2019-01-18 14:50:11,011 MAP = 0.05908331299827875
2019-01-18 14:50:11,011 scale=[array([1.])]
2019-01-18 14:50:11,011 *** End Major Checkpoint

2019-01-18 14:50:11,012 11 loss=0.7979026675848045
2019-01-18 14:50:11,014 12 loss=0.7824342989478137
2019-01-18 14:50:11,015 13 loss=0.7676442844605293
2019-01-18 14:50:11,016 14 loss=0.753497791023822
2019-01-18 14:50:11,017 15 loss=0.7399616952542446
2019-01-18 14:50:11,018 16 loss=0.7270045593477644
2019-01-18 14:50:11,019 17 loss=0.7145965850405394
2019-01-18 14:50:11,021 18 loss=0.7027095548588613
2019-01-18 14:50:11,022 19 loss=0.6913167663554621
2019-01-18 14:50:11,023 20 loss=0.6803929629475496
2019-01-18 14:50:11,023 
*** Major Checkpoint. Computing Stats and Saving
2019-01-18 14:50:11,023 	 Computing Major Stats lazily... 
2019-01-18 14:50:11,027 		 Completed edges=1056 good=1056 bad=0
2019-01-18 14:50:11,032 Distortion avg=0.798827451641947 wc=42.66148630470759 me=1.136686419617486 mc=37.53144716822067 nan_elements=0
2019-01-18 14:50:11,032 MAP = 0.05847235434893978
2019-01-18 14:50:11,033 scale=[array([1.])]
2019-01-18 14:50:11,033 *** End Major Checkpoint

2019-01-18 14:50:11,034 21 loss=0.6699142636874592
2019-01-18 14:50:11,035 22 loss=0.6598580934805767
2019-01-18 14:50:11,036 23 loss=0.6502031147336846
2019-01-18 14:50:11,037 24 loss=0.6409291610636965
2019-01-18 14:50:11,039 25 loss=0.6320171734583037
2019-01-18 14:50:11,040 26 loss=0.623449139117075
2019-01-18 14:50:11,041 27 loss=0.6152080330892277
2019-01-18 14:50:11,042 28 loss=0.6072777627465732
2019-01-18 14:50:11,044 29 loss=0.599643115076402
2019-01-18 14:50:11,045 30 loss=0.5922897067421582
2019-01-18 14:50:11,045 
*** Major Checkpoint. Computing Stats and Saving
2019-01-18 14:50:11,045 	 Computing Major Stats lazily... 
2019-01-18 14:50:11,049 		 Completed edges=1056 good=1056 bad=0
2019-01-18 14:50:11,054 Distortion avg=0.7379289876335763 wc=39.0197144130494 me=1.4548211811844265 mc=26.820969420641738 nan_elements=0
2019-01-18 14:50:11,054 MAP = 0.05871889631164527
2019-01-18 14:50:11,054 scale=[array([1.])]
2019-01-18 14:50:11,054 *** End Major Checkpoint

2019-01-18 14:50:11,056 31 loss=0.5852039368347863
2019-01-18 14:50:11,057 32 loss=0.5783729422211837
2019-01-18 14:50:11,058 33 loss=0.571784555385896
2019-01-18 14:50:11,059 34 loss=0.5654272646563075
2019-01-18 14:50:11,060 35 loss=0.559290176698908
2019-01-18 14:50:11,061 36 loss=0.5533629811738323
2019-01-18 14:50:11,063 37 loss=0.5476359174361566
2019-01-18 14:50:11,064 38 loss=0.5420997431748606
2019-01-18 14:50:11,065 39 loss=0.5367457048836343
2019-01-18 14:50:11,066 40 loss=0.5315655100614795
2019-01-18 14:50:11,066 
*** Major Checkpoint. Computing Stats and Saving
2019-01-18 14:50:11,066 	 Computing Major Stats lazily... 
2019-01-18 14:50:11,070 		 Completed edges=1056 good=1056 bad=0
2019-01-18 14:50:11,075 Distortion avg=0.700145343981157 wc=35.45363908000769 me=1.6663253605438106 mc=21.27654053613952 nan_elements=0
2019-01-18 14:50:11,075 MAP = 0.059943972256492666
2019-01-18 14:50:11,076 scale=[array([1.])]
2019-01-18 14:50:11,076 *** End Major Checkpoint

2019-01-18 14:50:11,077 41 loss=0.5265513010452205
2019-01-18 14:50:11,079 42 loss=0.5216956303803544
2019-01-18 14:50:11,080 43 loss=0.5169914376411153
2019-01-18 14:50:11,081 44 loss=0.5124320276150576
2019-01-18 14:50:11,082 45 loss=0.5080110497718398
2019-01-18 14:50:11,083 46 loss=0.5037224789401994
2019-01-18 14:50:11,084 47 loss=0.49956059712125506
2019-01-18 14:50:11,086 48 loss=0.49551997637030826
2019-01-18 14:50:11,087 49 loss=0.49159546268316673
2019-01-18 14:50:11,088 50 loss=0.48778216082671305
2019-01-18 14:50:11,088 
*** Major Checkpoint. Computing Stats and Saving
2019-01-18 14:50:11,088 	 Computing Major Stats lazily... 
2019-01-18 14:50:11,092 		 Completed edges=1056 good=1056 bad=0
2019-01-18 14:50:11,097 Distortion avg=0.6698618466270413 wc=32.217396721671726 me=1.8031392074890709 mc=17.867392926658994 nan_elements=0
2019-01-18 14:50:11,097 MAP = 0.06171626509812154
2019-01-18 14:50:11,098 scale=[array([1.])]
2019-01-18 14:50:11,098 *** End Major Checkpoint

2019-01-18 14:50:11,098 final loss=0.48778216082671305
2019-01-18 14:50:11,098 best loss=0.48778216082671305, distortion=0.6698618466270413, map=0.06171626509812154, wc_dist=32.217396721671726
2019-01-18 14:50:11,098 	 Computing Major Stats lazily... 
2019-01-18 14:50:11,102 		 Completed edges=1056 good=1056 bad=0
2019-01-18 14:50:11,107 Distortion avg=0.6698618466270433 wc=32.217396721671726 me=1.8031392074890709 mc=17.867392926658994 nan_elements=0
2019-01-18 14:50:11,107 MAP = 0.061716265098121524
2019-01-18 14:50:11,107 scale=[array([1.])]
