2019-01-18 14:56:34,820 Commandline ['pytorch/pytorch_hyperbolic.py', 'learn', 'data/edges/parsing/ewt/ewt_dev/206.edges', '--dim', '0', '--hyp', '0', '--edim', '10', '--euc', '1', '--sdim', '0', '--sph', '0', '--log-name', 'ewt_devr2/206.edges.E10-1.lr1.log', '--batch-size', '65536', '--epochs', '50', '--checkpoint-freq', '10', '-g', '--subsample', '1024', '--learning-rate', '1']
2019-01-18 14:56:34,821 No Model Save selected!
2019-01-18 14:56:34,822 Loaded Graph data/edges/parsing/ewt/ewt_dev/206.edges with 12 nodes scale=1.0
2019-01-18 14:56:34,822 Building dataset
2019-01-18 14:56:34,823 Subsample: 12 points with scale 1.0 subsample=11
2019-01-18 14:56:34,835 Built Data Sampler
2019-01-18 14:56:34,835 Creating a fresh model warm_start?=None
2019-01-18 14:56:34,835 	 Warmstarting? None None 12
2019-01-18 14:56:34,835 Embedding() torch.Size([12, 10])
2019-01-18 14:56:34,835 relative No Rescale
2019-01-18 14:56:34,836 Constructed model with dim=0 and epochs=0 isnan=False
2019-01-18 14:56:34,836 SGD (
Parameter Group 0
    dampening: 0
    initial_lr: 0.1
    lr: 1.0
    momentum: 0.0
    nesterov: False
    weight_decay: 0

Parameter Group 1
    dampening: 0
    initial_lr: 0.1
    lr: 1.0
    momentum: 0.0
    nesterov: False
    weight_decay: 0

Parameter Group 2
    dampening: 0
    initial_lr: 0.1
    lr: 1.0
    momentum: 0.0
    nesterov: False
    weight_decay: 0

Parameter Group 3
    dampening: 0
    initial_lr: 0.0001
    lr: 0.001
    momentum: 0.0
    nesterov: False
    weight_decay: 0
)
2019-01-18 14:56:34,836 *** Initial Checkpoint. Computing Stats
2019-01-18 14:56:34,836 	 Computing Major Stats lazily... 
2019-01-18 14:56:34,838 		 Completed edges=132 good=132 bad=0
2019-01-18 14:56:34,840 Distortion avg=0.9979967850530116 wc=7.680685626098235 me=0.005526276451304534 mc=1389.8482447951244 nan_elements=0
2019-01-18 14:56:34,840 MAP = 0.3220039682539682
2019-01-18 14:56:34,841 scale=[array([1.])]
2019-01-18 14:56:34,841 *** End Initial Checkpoint

2019-01-18 14:56:34,898 1 loss=0.995998940038171
2019-01-18 14:56:34,898 2 loss=0.8391990024556208
2019-01-18 14:56:34,899 3 loss=0.7163098267528603
2019-01-18 14:56:34,899 4 loss=0.624259105951962
2019-01-18 14:56:34,900 5 loss=0.5546130050134439
2019-01-18 14:56:34,900 6 loss=0.5009593460224072
2019-01-18 14:56:34,901 7 loss=0.45874938235082074
2019-01-18 14:56:34,902 8 loss=0.4248065580344291
2019-01-18 14:56:34,902 9 loss=0.39691781337228044
2019-01-18 14:56:34,903 10 loss=0.37353622736767245
2019-01-18 14:56:34,903 
*** Major Checkpoint. Computing Stats and Saving
2019-01-18 14:56:34,903 	 Computing Major Stats lazily... 
2019-01-18 14:56:34,904 		 Completed edges=132 good=132 bad=0
2019-01-18 14:56:34,905 Distortion avg=0.5494999282987814 wc=10.548393886992136 me=1.3228240832364035 mc=7.974147145238374 nan_elements=0
2019-01-18 14:56:34,906 MAP = 0.19593960437710434
2019-01-18 14:56:34,906 scale=[array([1.])]
2019-01-18 14:56:34,906 *** End Major Checkpoint

2019-01-18 14:56:34,906 11 loss=0.35357319046353763
2019-01-18 14:56:34,907 12 loss=0.3362553852017886
2019-01-18 14:56:34,907 13 loss=0.32102696271667636
2019-01-18 14:56:34,908 14 loss=0.3074827430776446
2019-01-18 14:56:34,908 15 loss=0.29532256598185275
2019-01-18 14:56:34,909 16 loss=0.2843200259922949
2019-01-18 14:56:34,910 17 loss=0.27430099134923897
2019-01-18 14:56:34,910 18 loss=0.26512878691789027
2019-01-18 14:56:34,911 19 loss=0.256693927012875
2019-01-18 14:56:34,911 20 loss=0.24890696326783712
2019-01-18 14:56:34,911 
*** Major Checkpoint. Computing Stats and Saving
2019-01-18 14:56:34,911 	 Computing Major Stats lazily... 
2019-01-18 14:56:34,912 		 Completed edges=132 good=132 bad=0
2019-01-18 14:56:34,914 Distortion avg=0.4534360323572762 wc=7.343501975795848 me=1.4938044425626618 mc=4.915972778336282 nan_elements=0
2019-01-18 14:56:34,914 MAP = 0.4330387205387205
2019-01-18 14:56:34,914 scale=[array([1.])]
2019-01-18 14:56:34,914 *** End Major Checkpoint

2019-01-18 14:56:34,915 21 loss=0.24169347158509244
2019-01-18 14:56:34,915 22 loss=0.2349905124348463
2019-01-18 14:56:34,916 23 loss=0.22874410900417758
2019-01-18 14:56:34,916 24 loss=0.2229074306036719
2019-01-18 14:56:34,917 25 loss=0.21743946623183247
2019-01-18 14:56:34,917 26 loss=0.21230403995650277
2019-01-18 14:56:34,918 27 loss=0.20746906565276296
2019-01-18 14:56:34,919 28 loss=0.20290597027016602
2019-01-18 14:56:34,919 29 loss=0.19858923666904435
2019-01-18 14:56:34,920 30 loss=0.19449603220645129
2019-01-18 14:56:34,920 
*** Major Checkpoint. Computing Stats and Saving
2019-01-18 14:56:34,920 	 Computing Major Stats lazily... 
2019-01-18 14:56:34,920 		 Completed edges=132 good=132 bad=0
2019-01-18 14:56:34,922 Distortion avg=0.38653766744448653 wc=5.845720241800875 me=1.5268343218457785 mc=3.828653939828932 nan_elements=0
2019-01-18 14:56:34,922 MAP = 0.613373015873016
2019-01-18 14:56:34,923 scale=[array([1.])]
2019-01-18 14:56:34,923 *** End Major Checkpoint

2019-01-18 14:56:34,923 31 loss=0.19060589974114067
2019-01-18 14:56:34,924 32 loss=0.18690049498644862
2019-01-18 14:56:34,924 33 loss=0.18336335915134325
2019-01-18 14:56:34,925 34 loss=0.1799797192539349
2019-01-18 14:56:34,925 35 loss=0.17673631084296482
2019-01-18 14:56:34,926 36 loss=0.17362121945358763
2019-01-18 14:56:34,926 37 loss=0.1706237381876653
2019-01-18 14:56:34,927 38 loss=0.1677342395102672
2019-01-18 14:56:34,927 39 loss=0.16494405980892668
2019-01-18 14:56:34,928 40 loss=0.16224539555184384
2019-01-18 14:56:34,928 
*** Major Checkpoint. Computing Stats and Saving
2019-01-18 14:56:34,928 	 Computing Major Stats lazily... 
2019-01-18 14:56:34,929 		 Completed edges=132 good=132 bad=0
2019-01-18 14:56:34,931 Distortion avg=0.3479789458931296 wc=4.838626113954335 me=1.4882096106284446 mc=3.2513068585218106 nan_elements=0
2019-01-18 14:56:34,931 MAP = 0.7777083333333333
2019-01-18 14:56:34,931 scale=[array([1.])]
2019-01-18 14:56:34,931 *** End Major Checkpoint

2019-01-18 14:56:34,931 41 loss=0.15963121006256728
2019-01-18 14:56:34,932 42 loss=0.15709515004120875
2019-01-18 14:56:34,932 43 loss=0.15463147103295344
2019-01-18 14:56:34,933 44 loss=0.1522349710916456
2019-01-18 14:56:34,934 45 loss=0.14990093192135745
2019-01-18 14:56:34,934 46 loss=0.14762506680947168
2019-01-18 14:56:34,935 47 loss=0.1454034746951854
2019-01-18 14:56:34,935 48 loss=0.1432325997496768
2019-01-18 14:56:34,936 49 loss=0.14110919587925505
2019-01-18 14:56:34,936 50 loss=0.13903029560057784
2019-01-18 14:56:34,936 
*** Major Checkpoint. Computing Stats and Saving
2019-01-18 14:56:34,936 	 Computing Major Stats lazily... 
2019-01-18 14:56:34,937 		 Completed edges=132 good=132 bad=0
2019-01-18 14:56:34,939 Distortion avg=0.32062826812183337 wc=4.38788104011364 me=1.4597383590438757 mc=3.0059366549685578 nan_elements=0
2019-01-18 14:56:34,939 MAP = 0.9344742063492063
2019-01-18 14:56:34,939 scale=[array([1.])]
2019-01-18 14:56:34,939 *** End Major Checkpoint

2019-01-18 14:56:34,939 final loss=0.13903029560057784
2019-01-18 14:56:34,939 best loss=0.13903029560057784, distortion=0.32062826812183337, map=0.9344742063492063, wc_dist=4.38788104011364
2019-01-18 14:56:34,939 	 Computing Major Stats lazily... 
2019-01-18 14:56:34,940 		 Completed edges=132 good=132 bad=0
2019-01-18 14:56:34,942 Distortion avg=0.32062826812183337 wc=4.38788104011364 me=1.4597383590438757 mc=3.0059366549685578 nan_elements=0
2019-01-18 14:56:34,942 MAP = 0.9344742063492063
2019-01-18 14:56:34,942 scale=[array([1.])]
