2019-01-18 14:40:19,098 Commandline ['pytorch/pytorch_hyperbolic.py', 'learn', 'data/edges/parsing/ewt/ewt_dev/209.edges', '--dim', '0', '--hyp', '0', '--edim', '10', '--euc', '1', '--sdim', '0', '--sph', '0', '--log-name', 'ewt_devr2/209.edges.E10-1.lr1.log', '--batch-size', '65536', '--epochs', '50', '-g', '--subsample', '1024', '--learning-rate', '1']
2019-01-18 14:40:19,098 No Model Save selected!
2019-01-18 14:40:19,100 Loaded Graph data/edges/parsing/ewt/ewt_dev/209.edges with 11 nodes scale=1.0
2019-01-18 14:40:19,100 Building dataset
2019-01-18 14:40:19,101 Subsample: 11 points with scale 1.0 subsample=10
2019-01-18 14:40:19,110 Built Data Sampler
2019-01-18 14:40:19,110 Creating a fresh model warm_start?=None
2019-01-18 14:40:19,110 	 Warmstarting? None None 11
2019-01-18 14:40:19,111 Embedding() torch.Size([11, 10])
2019-01-18 14:40:19,111 relative No Rescale
2019-01-18 14:40:19,111 Constructed model with dim=0 and epochs=0 isnan=False
2019-01-18 14:40:19,111 SGD (
Parameter Group 0
    dampening: 0
    initial_lr: 0.1
    lr: 1.0
    momentum: 0.0
    nesterov: False
    weight_decay: 0

Parameter Group 1
    dampening: 0
    initial_lr: 0.1
    lr: 1.0
    momentum: 0.0
    nesterov: False
    weight_decay: 0

Parameter Group 2
    dampening: 0
    initial_lr: 0.1
    lr: 1.0
    momentum: 0.0
    nesterov: False
    weight_decay: 0

Parameter Group 3
    dampening: 0
    initial_lr: 0.0001
    lr: 0.001
    momentum: 0.0
    nesterov: False
    weight_decay: 0
)
2019-01-18 14:40:19,111 *** Initial Checkpoint. Computing Stats
2019-01-18 14:40:19,112 	 Computing Major Stats lazily... 
2019-01-18 14:40:19,113 		 Completed edges=110 good=110 bad=0
2019-01-18 14:40:19,114 Distortion avg=0.9978435596429768 wc=8.366834973862169 me=0.005628252251848828 mc=1486.5778219364179 nan_elements=0
2019-01-18 14:40:19,115 MAP = 0.2634469696969697
2019-01-18 14:40:19,115 scale=[array([1.])]
2019-01-18 14:40:19,115 *** End Initial Checkpoint

2019-01-18 14:40:19,172 1 loss=0.9956933720765594
2019-01-18 14:40:19,173 2 loss=0.8096764454137999
2019-01-18 14:40:19,174 3 loss=0.672901537226372
2019-01-18 14:40:19,174 4 loss=0.5760677998658698
2019-01-18 14:40:19,175 5 loss=0.5063158533473865
2019-01-18 14:40:19,175 6 loss=0.4547327847358709
2019-01-18 14:40:19,176 7 loss=0.41545257747322145
2019-01-18 14:40:19,176 8 loss=0.3846447797030171
2019-01-18 14:40:19,177 9 loss=0.3597964040231308
2019-01-18 14:40:19,177 10 loss=0.3392409642625352
2019-01-18 14:40:19,178 11 loss=0.32185683968072715
2019-01-18 14:40:19,178 12 loss=0.3068753764901185
2019-01-18 14:40:19,179 13 loss=0.29375874361438276
2019-01-18 14:40:19,179 14 loss=0.28212186153773594
2019-01-18 14:40:19,180 15 loss=0.2716821819371677
2019-01-18 14:40:19,181 16 loss=0.2622271265195294
2019-01-18 14:40:19,181 17 loss=0.25359278159041715
2019-01-18 14:40:19,182 18 loss=0.24564981226411872
2019-01-18 14:40:19,182 19 loss=0.2382940398599993
2019-01-18 14:40:19,183 20 loss=0.23144005364416345
2019-01-18 14:40:19,183 21 loss=0.22501681241786595
2019-01-18 14:40:19,184 22 loss=0.21896456171176892
2019-01-18 14:40:19,184 23 loss=0.2132326284575201
2019-01-18 14:40:19,185 24 loss=0.2077778065774528
2019-01-18 14:40:19,186 25 loss=0.2025631448764067
2019-01-18 14:40:19,186 26 loss=0.1975570123158244
2019-01-18 14:40:19,187 27 loss=0.19273235742385428
2019-01-18 14:40:19,187 28 loss=0.1880661060105287
2019-01-18 14:40:19,188 29 loss=0.18353865948141113
2019-01-18 14:40:19,188 30 loss=0.1791334680779581
2019-01-18 14:40:19,189 31 loss=0.17483666139715226
2019-01-18 14:40:19,189 32 loss=0.17063672391622403
2019-01-18 14:40:19,190 33 loss=0.16652420686491223
2019-01-18 14:40:19,190 34 loss=0.16249147023862998
2019-01-18 14:40:19,191 35 loss=0.15853245042217443
2019-01-18 14:40:19,191 36 loss=0.15464245005366742
2019-01-18 14:40:19,192 37 loss=0.15081794757228648
2019-01-18 14:40:19,193 38 loss=0.14705642447228315
2019-01-18 14:40:19,193 39 loss=0.14335620870216537
2019-01-18 14:40:19,194 40 loss=0.13971633294896424
2019-01-18 14:40:19,194 41 loss=0.1361364067643783
2019-01-18 14:40:19,195 42 loss=0.13261650164360436
2019-01-18 14:40:19,195 43 loss=0.12915704827410726
2019-01-18 14:40:19,196 44 loss=0.12575874524212638
2019-01-18 14:40:19,196 45 loss=0.12242247852866942
2019-01-18 14:40:19,197 46 loss=0.11914925115176687
2019-01-18 14:40:19,197 47 loss=0.11594012232410131
2019-01-18 14:40:19,198 48 loss=0.11279615549981889
2019-01-18 14:40:19,199 49 loss=0.10971837468523571
2019-01-18 14:40:19,199 50 loss=0.10670772838813383
2019-01-18 14:40:19,199 final loss=0.10670772838813383
2019-01-18 14:40:19,199 best loss=10000000000.0, distortion=10000000000.0, map=0.0, wc_dist=10000000000.0
2019-01-18 14:40:19,199 	 Computing Major Stats lazily... 
2019-01-18 14:40:19,200 		 Completed edges=110 good=110 bad=0
2019-01-18 14:40:19,202 Distortion avg=0.2827131814311376 wc=3.310259831251079 me=1.4575680608357027 mc=2.271084225976472 nan_elements=0
2019-01-18 14:40:19,202 MAP = 1.0
2019-01-18 14:40:19,202 scale=[array([1.])]
2019-01-18 14:49:10,255 Commandline ['pytorch/pytorch_hyperbolic.py', 'learn', 'data/edges/parsing/ewt/ewt_dev/209.edges', '--dim', '0', '--hyp', '0', '--edim', '10', '--euc', '1', '--sdim', '0', '--sph', '0', '--log-name', 'ewt_devr2/209.edges.E10-1.lr1.log', '--batch-size', '65536', '--epochs', '50', '--checkpoint-freq', '10', '-g', '--subsample', '1024', '--learning-rate', '1']
2019-01-18 14:49:10,256 No Model Save selected!
2019-01-18 14:49:10,258 Loaded Graph data/edges/parsing/ewt/ewt_dev/209.edges with 11 nodes scale=1.0
2019-01-18 14:49:10,258 Building dataset
2019-01-18 14:49:10,258 Subsample: 11 points with scale 1.0 subsample=10
2019-01-18 14:49:10,267 Built Data Sampler
2019-01-18 14:49:10,267 Creating a fresh model warm_start?=None
2019-01-18 14:49:10,268 	 Warmstarting? None None 11
2019-01-18 14:49:10,268 Embedding() torch.Size([11, 10])
2019-01-18 14:49:10,268 relative No Rescale
2019-01-18 14:49:10,268 Constructed model with dim=0 and epochs=0 isnan=False
2019-01-18 14:49:10,269 SGD (
Parameter Group 0
    dampening: 0
    initial_lr: 0.1
    lr: 1.0
    momentum: 0.0
    nesterov: False
    weight_decay: 0

Parameter Group 1
    dampening: 0
    initial_lr: 0.1
    lr: 1.0
    momentum: 0.0
    nesterov: False
    weight_decay: 0

Parameter Group 2
    dampening: 0
    initial_lr: 0.1
    lr: 1.0
    momentum: 0.0
    nesterov: False
    weight_decay: 0

Parameter Group 3
    dampening: 0
    initial_lr: 0.0001
    lr: 0.001
    momentum: 0.0
    nesterov: False
    weight_decay: 0
)
2019-01-18 14:49:10,269 *** Initial Checkpoint. Computing Stats
2019-01-18 14:49:10,269 	 Computing Major Stats lazily... 
2019-01-18 14:49:10,270 		 Completed edges=110 good=110 bad=0
2019-01-18 14:49:10,272 Distortion avg=0.9978435596429768 wc=8.366834973862169 me=0.005628252251848828 mc=1486.5778219364179 nan_elements=0
2019-01-18 14:49:10,272 MAP = 0.2634469696969697
2019-01-18 14:49:10,272 scale=[array([1.])]
2019-01-18 14:49:10,272 *** End Initial Checkpoint

2019-01-18 14:49:10,329 1 loss=0.9956933720765594
2019-01-18 14:49:10,329 2 loss=0.8096764454137999
2019-01-18 14:49:10,330 3 loss=0.672901537226372
2019-01-18 14:49:10,330 4 loss=0.5760677998658698
2019-01-18 14:49:10,331 5 loss=0.5063158533473865
2019-01-18 14:49:10,331 6 loss=0.4547327847358709
2019-01-18 14:49:10,332 7 loss=0.41545257747322145
2019-01-18 14:49:10,332 8 loss=0.3846447797030171
2019-01-18 14:49:10,333 9 loss=0.3597964040231308
2019-01-18 14:49:10,333 10 loss=0.3392409642625352
2019-01-18 14:49:10,334 
*** Major Checkpoint. Computing Stats and Saving
2019-01-18 14:49:10,334 	 Computing Major Stats lazily... 
2019-01-18 14:49:10,335 		 Completed edges=110 good=110 bad=0
2019-01-18 14:49:10,337 Distortion avg=0.5282373193194363 wc=6.735563489353278 me=1.3602725684781085 mc=4.951627817422738 nan_elements=0
2019-01-18 14:49:10,337 MAP = 0.19669011544011547
2019-01-18 14:49:10,338 scale=[array([1.])]
2019-01-18 14:49:10,338 *** End Major Checkpoint

2019-01-18 14:49:10,338 11 loss=0.32185683968072737
2019-01-18 14:49:10,339 12 loss=0.3068753764901185
2019-01-18 14:49:10,339 13 loss=0.29375874361438276
2019-01-18 14:49:10,340 14 loss=0.28212186153773594
2019-01-18 14:49:10,340 15 loss=0.2716821819371677
2019-01-18 14:49:10,341 16 loss=0.2622271265195294
2019-01-18 14:49:10,341 17 loss=0.25359278159041715
2019-01-18 14:49:10,342 18 loss=0.24564981226411875
2019-01-18 14:49:10,342 19 loss=0.23829403985999936
2019-01-18 14:49:10,343 20 loss=0.2314400536441634
2019-01-18 14:49:10,343 
*** Major Checkpoint. Computing Stats and Saving
2019-01-18 14:49:10,343 	 Computing Major Stats lazily... 
2019-01-18 14:49:10,344 		 Completed edges=110 good=110 bad=0
2019-01-18 14:49:10,345 Distortion avg=0.4384322065444198 wc=5.277494228103561 me=1.5551840487542075 mc=3.3934853127712694 nan_elements=0
2019-01-18 14:49:10,345 MAP = 0.3510642135642135
2019-01-18 14:49:10,346 scale=[array([1.])]
2019-01-18 14:49:10,346 *** End Major Checkpoint

2019-01-18 14:49:10,346 21 loss=0.22501681241786595
2019-01-18 14:49:10,347 22 loss=0.2189645617117689
2019-01-18 14:49:10,347 23 loss=0.2132326284575201
2019-01-18 14:49:10,348 24 loss=0.2077778065774528
2019-01-18 14:49:10,348 25 loss=0.20256314487640673
2019-01-18 14:49:10,349 26 loss=0.19755701231582443
2019-01-18 14:49:10,349 27 loss=0.1927323574238543
2019-01-18 14:49:10,350 28 loss=0.18806610601052873
2019-01-18 14:49:10,350 29 loss=0.18353865948141107
2019-01-18 14:49:10,351 30 loss=0.17913346807795816
2019-01-18 14:49:10,351 
*** Major Checkpoint. Computing Stats and Saving
2019-01-18 14:49:10,351 	 Computing Major Stats lazily... 
2019-01-18 14:49:10,352 		 Completed edges=110 good=110 bad=0
2019-01-18 14:49:10,353 Distortion avg=0.3739371300538858 wc=4.6731095426353 me=1.600681405714099 mc=2.9194501328954487 nan_elements=0
2019-01-18 14:49:10,353 MAP = 0.5935425685425686
2019-01-18 14:49:10,354 scale=[array([1.])]
2019-01-18 14:49:10,354 *** End Major Checkpoint

2019-01-18 14:49:10,354 31 loss=0.17483666139715226
2019-01-18 14:49:10,355 32 loss=0.17063672391622411
2019-01-18 14:49:10,355 33 loss=0.16652420686491232
2019-01-18 14:49:10,356 34 loss=0.16249147023862992
2019-01-18 14:49:10,356 35 loss=0.15853245042217445
2019-01-18 14:49:10,357 36 loss=0.15464245005366742
2019-01-18 14:49:10,357 37 loss=0.15081794757228645
2019-01-18 14:49:10,358 38 loss=0.14705642447228312
2019-01-18 14:49:10,358 39 loss=0.14335620870216542
2019-01-18 14:49:10,359 40 loss=0.13971633294896427
2019-01-18 14:49:10,359 
*** Major Checkpoint. Computing Stats and Saving
2019-01-18 14:49:10,359 	 Computing Major Stats lazily... 
2019-01-18 14:49:10,360 		 Completed edges=110 good=110 bad=0
2019-01-18 14:49:10,361 Distortion avg=0.32551247959461077 wc=3.9897190335448065 me=1.5478411702819157 mc=2.577602347156937 nan_elements=0
2019-01-18 14:49:10,361 MAP = 0.7939393939393941
2019-01-18 14:49:10,362 scale=[array([1.])]
2019-01-18 14:49:10,362 *** End Major Checkpoint

2019-01-18 14:49:10,362 41 loss=0.13613640676437833
2019-01-18 14:49:10,363 42 loss=0.13261650164360436
2019-01-18 14:49:10,363 43 loss=0.1291570482741073
2019-01-18 14:49:10,364 44 loss=0.12575874524212635
2019-01-18 14:49:10,364 45 loss=0.12242247852866942
2019-01-18 14:49:10,365 46 loss=0.11914925115176689
2019-01-18 14:49:10,365 47 loss=0.11594012232410131
2019-01-18 14:49:10,366 48 loss=0.11279615549981883
2019-01-18 14:49:10,366 49 loss=0.10971837468523572
2019-01-18 14:49:10,367 50 loss=0.1067077283881338
2019-01-18 14:49:10,367 
*** Major Checkpoint. Computing Stats and Saving
2019-01-18 14:49:10,367 	 Computing Major Stats lazily... 
2019-01-18 14:49:10,368 		 Completed edges=110 good=110 bad=0
2019-01-18 14:49:10,370 Distortion avg=0.28271318143113777 wc=3.3102598312510794 me=1.457568060835703 mc=2.271084225976472 nan_elements=0
2019-01-18 14:49:10,370 MAP = 1.0
2019-01-18 14:49:10,370 scale=[array([1.])]
2019-01-18 14:49:10,370 *** End Major Checkpoint

2019-01-18 14:49:10,370 final loss=0.1067077283881338
2019-01-18 14:49:10,370 best loss=0.1067077283881338, distortion=0.28271318143113777, map=1.0, wc_dist=3.3102598312510794
2019-01-18 14:49:10,370 	 Computing Major Stats lazily... 
2019-01-18 14:49:10,371 		 Completed edges=110 good=110 bad=0
2019-01-18 14:49:10,372 Distortion avg=0.28271318143113766 wc=3.3102598312510794 me=1.457568060835703 mc=2.271084225976472 nan_elements=0
2019-01-18 14:49:10,373 MAP = 1.0
2019-01-18 14:49:10,373 scale=[array([1.])]
