2019-01-18 15:09:36,237 Commandline ['pytorch/pytorch_hyperbolic.py', 'learn', 'data/edges/parsing/ewt/ewt_dev/215.edges', '--dim', '0', '--hyp', '0', '--edim', '10', '--euc', '1', '--sdim', '0', '--sph', '0', '--log-name', 'ewt_devr2/215.edges.E10-1.lr1.log', '--batch-size', '65536', '--epochs', '50', '--checkpoint-freq', '10', '-g', '--subsample', '1024', '--learning-rate', '1']
2019-01-18 15:09:36,237 No Model Save selected!
2019-01-18 15:09:36,239 Loaded Graph data/edges/parsing/ewt/ewt_dev/215.edges with 19 nodes scale=1.0
2019-01-18 15:09:36,239 Building dataset
2019-01-18 15:09:36,239 Subsample: 19 points with scale 1.0 subsample=18
2019-01-18 15:09:36,259 Built Data Sampler
2019-01-18 15:09:36,259 Creating a fresh model warm_start?=None
2019-01-18 15:09:36,259 	 Warmstarting? None None 19
2019-01-18 15:09:36,259 Embedding() torch.Size([19, 10])
2019-01-18 15:09:36,260 relative No Rescale
2019-01-18 15:09:36,260 Constructed model with dim=0 and epochs=0 isnan=False
2019-01-18 15:09:36,260 SGD (
Parameter Group 0
    dampening: 0
    initial_lr: 0.1
    lr: 1.0
    momentum: 0.0
    nesterov: False
    weight_decay: 0

Parameter Group 1
    dampening: 0
    initial_lr: 0.1
    lr: 1.0
    momentum: 0.0
    nesterov: False
    weight_decay: 0

Parameter Group 2
    dampening: 0
    initial_lr: 0.1
    lr: 1.0
    momentum: 0.0
    nesterov: False
    weight_decay: 0

Parameter Group 3
    dampening: 0
    initial_lr: 0.0001
    lr: 0.001
    momentum: 0.0
    nesterov: False
    weight_decay: 0
)
2019-01-18 15:09:36,260 *** Initial Checkpoint. Computing Stats
2019-01-18 15:09:36,260 	 Computing Major Stats lazily... 
2019-01-18 15:09:36,262 		 Completed edges=342 good=342 bad=0
2019-01-18 15:09:36,265 Distortion avg=0.9980446680266061 wc=10.810886611494276 me=0.006196519622161948 mc=1744.670762088604 nan_elements=0
2019-01-18 15:09:36,265 MAP = 0.12993650828016157
2019-01-18 15:09:36,266 scale=[array([1.])]
2019-01-18 15:09:36,266 *** End Initial Checkpoint

2019-01-18 15:09:36,323 1 loss=0.9960944620858705
2019-01-18 15:09:36,324 2 loss=0.9093945664666339
2019-01-18 15:09:36,324 3 loss=0.8326796945238407
2019-01-18 15:09:36,325 4 loss=0.7667334734302713
2019-01-18 15:09:36,326 5 loss=0.7098711480596113
2019-01-18 15:09:36,327 6 loss=0.6605609097460269
2019-01-18 15:09:36,327 7 loss=0.6175362104932116
2019-01-18 15:09:36,328 8 loss=0.5797679308639699
2019-01-18 15:09:36,329 9 loss=0.5464216472367843
2019-01-18 15:09:36,330 10 loss=0.5168188256750342
2019-01-18 15:09:36,330 
*** Major Checkpoint. Computing Stats and Saving
2019-01-18 15:09:36,330 	 Computing Major Stats lazily... 
2019-01-18 15:09:36,331 		 Completed edges=342 good=342 bad=0
2019-01-18 15:09:36,334 Distortion avg=0.6644716741170882 wc=14.009359446894159 me=1.0816805715044684 mc=12.95147552424749 nan_elements=0
2019-01-18 15:09:36,334 MAP = 0.09317135178203291
2019-01-18 15:09:36,335 scale=[array([1.])]
2019-01-18 15:09:36,335 *** End Major Checkpoint

2019-01-18 15:09:36,335 11 loss=0.490404932912309
2019-01-18 15:09:36,336 12 loss=0.46672407541496486
2019-01-18 15:09:36,337 13 loss=0.445399072509565
2019-01-18 15:09:36,337 14 loss=0.4261158558932599
2019-01-18 15:09:36,338 15 loss=0.40861124963950773
2019-01-18 15:09:36,339 16 loss=0.3926633706829248
2019-01-18 15:09:36,340 17 loss=0.37808405540980217
2019-01-18 15:09:36,340 18 loss=0.36471285353035504
2019-01-18 15:09:36,341 19 loss=0.3524122371929514
2019-01-18 15:09:36,342 20 loss=0.3410637558265907
2019-01-18 15:09:36,342 
*** Major Checkpoint. Computing Stats and Saving
2019-01-18 15:09:36,342 	 Computing Major Stats lazily... 
2019-01-18 15:09:36,343 		 Completed edges=342 good=342 bad=0
2019-01-18 15:09:36,346 Distortion avg=0.5438770970802439 wc=11.5415576919295 me=1.4959407241974665 mc=7.715250681554409 nan_elements=0
2019-01-18 15:09:36,347 MAP = 0.11775712462631967
2019-01-18 15:09:36,347 scale=[array([1.])]
2019-01-18 15:09:36,347 *** End Major Checkpoint

2019-01-18 15:09:36,348 21 loss=0.3305649303365298
2019-01-18 15:09:36,349 22 loss=0.32082672833737824
2019-01-18 15:09:36,349 23 loss=0.3117714986127516
2019-01-18 15:09:36,350 24 loss=0.3033312707155606
2019-01-18 15:09:36,351 25 loss=0.29544634670727504
2019-01-18 15:09:36,352 26 loss=0.2880641281066159
2019-01-18 15:09:36,352 27 loss=0.2811381334088941
2019-01-18 15:09:36,353 28 loss=0.27462717097279676
2019-01-18 15:09:36,354 29 loss=0.2684946393471132
2019-01-18 15:09:36,355 30 loss=0.2627079327473305
2019-01-18 15:09:36,355 
*** Major Checkpoint. Computing Stats and Saving
2019-01-18 15:09:36,355 	 Computing Major Stats lazily... 
2019-01-18 15:09:36,356 		 Completed edges=342 good=342 bad=0
2019-01-18 15:09:36,359 Distortion avg=0.4690306558977406 wc=9.692698666440085 me=1.6363208013227386 mc=5.923470910230367 nan_elements=0
2019-01-18 15:09:36,359 MAP = 0.18472208733818643
2019-01-18 15:09:36,359 scale=[array([1.])]
2019-01-18 15:09:36,359 *** End Major Checkpoint

2019-01-18 15:09:36,360 31 loss=0.25723793378265475
2019-01-18 15:09:36,361 32 loss=0.25205857897204015
2019-01-18 15:09:36,361 33 loss=0.24714648529481928
2019-01-18 15:09:36,362 34 loss=0.24248062816495763
2019-01-18 15:09:36,363 35 loss=0.23804206292476937
2019-01-18 15:09:36,364 36 loss=0.2338136833208176
2019-01-18 15:09:36,365 37 loss=0.22978001152566335
2019-01-18 15:09:36,366 38 loss=0.22592701516097347
2019-01-18 15:09:36,366 39 loss=0.22224194750416532
2019-01-18 15:09:36,367 40 loss=0.2187132076563145
2019-01-18 15:09:36,367 
*** Major Checkpoint. Computing Stats and Saving
2019-01-18 15:09:36,367 	 Computing Major Stats lazily... 
2019-01-18 15:09:36,369 		 Completed edges=342 good=342 bad=0
2019-01-18 15:09:36,372 Distortion avg=0.4145633191385161 wc=8.68960517737426 me=1.73368751234227 mc=5.012209591124246 nan_elements=0
2019-01-18 15:09:36,372 MAP = 0.27997193309499807
2019-01-18 15:09:36,372 scale=[array([1.])]
2019-01-18 15:09:36,372 *** End Major Checkpoint

2019-01-18 15:09:36,373 41 loss=0.21533021793998705
2019-01-18 15:09:36,373 42 loss=0.21208331620272994
2019-01-18 15:09:36,374 43 loss=0.20896366104140107
2019-01-18 15:09:36,375 44 loss=0.2059631482471425
2019-01-18 15:09:36,376 45 loss=0.20307433701069388
2019-01-18 15:09:36,376 46 loss=0.2002903846309059
2019-01-18 15:09:36,377 47 loss=0.19760498864211432
2019-01-18 15:09:36,378 48 loss=0.19501233542356816
2019-01-18 15:09:36,378 49 loss=0.1925070544804704
2019-01-18 15:09:36,379 50 loss=0.19008417769471145
2019-01-18 15:09:36,379 
*** Major Checkpoint. Computing Stats and Saving
2019-01-18 15:09:36,379 	 Computing Major Stats lazily... 
2019-01-18 15:09:36,381 		 Completed edges=342 good=342 bad=0
2019-01-18 15:09:36,384 Distortion avg=0.3770277956354487 wc=7.95380580013925 me=1.782760377068937 mc=4.461511430502074 nan_elements=0
2019-01-18 15:09:36,384 MAP = 0.37243264489781525
2019-01-18 15:09:36,384 scale=[array([1.])]
2019-01-18 15:09:36,384 *** End Major Checkpoint

2019-01-18 15:09:36,384 final loss=0.19008417769471145
2019-01-18 15:09:36,384 best loss=0.19008417769471145, distortion=0.3770277956354487, map=0.37243264489781525, wc_dist=7.95380580013925
2019-01-18 15:09:36,384 	 Computing Major Stats lazily... 
2019-01-18 15:09:36,386 		 Completed edges=342 good=342 bad=0
2019-01-18 15:09:36,389 Distortion avg=0.3770277956354487 wc=7.95380580013925 me=1.782760377068937 mc=4.461511430502074 nan_elements=0
2019-01-18 15:09:36,389 MAP = 0.3724326448978152
2019-01-18 15:09:36,389 scale=[array([1.])]
