2019-01-18 14:55:12,965 Commandline ['pytorch/pytorch_hyperbolic.py', 'learn', 'data/edges/parsing/ewt/ewt_dev/225.edges', '--dim', '0', '--hyp', '0', '--edim', '10', '--euc', '1', '--sdim', '0', '--sph', '0', '--log-name', 'ewt_devr2/225.edges.E10-1.lr1.log', '--batch-size', '65536', '--epochs', '50', '--checkpoint-freq', '10', '-g', '--subsample', '1024', '--learning-rate', '1']
2019-01-18 14:55:12,966 No Model Save selected!
2019-01-18 14:55:12,967 Loaded Graph data/edges/parsing/ewt/ewt_dev/225.edges with 12 nodes scale=1.0
2019-01-18 14:55:12,967 Building dataset
2019-01-18 14:55:12,968 Subsample: 12 points with scale 1.0 subsample=11
2019-01-18 14:55:12,979 Built Data Sampler
2019-01-18 14:55:12,979 Creating a fresh model warm_start?=None
2019-01-18 14:55:12,979 	 Warmstarting? None None 12
2019-01-18 14:55:12,980 Embedding() torch.Size([12, 10])
2019-01-18 14:55:12,980 relative No Rescale
2019-01-18 14:55:12,980 Constructed model with dim=0 and epochs=0 isnan=False
2019-01-18 14:55:12,980 SGD (
Parameter Group 0
    dampening: 0
    initial_lr: 0.1
    lr: 1.0
    momentum: 0.0
    nesterov: False
    weight_decay: 0

Parameter Group 1
    dampening: 0
    initial_lr: 0.1
    lr: 1.0
    momentum: 0.0
    nesterov: False
    weight_decay: 0

Parameter Group 2
    dampening: 0
    initial_lr: 0.1
    lr: 1.0
    momentum: 0.0
    nesterov: False
    weight_decay: 0

Parameter Group 3
    dampening: 0
    initial_lr: 0.0001
    lr: 0.001
    momentum: 0.0
    nesterov: False
    weight_decay: 0
)
2019-01-18 14:55:12,980 *** Initial Checkpoint. Computing Stats
2019-01-18 14:55:12,980 	 Computing Major Stats lazily... 
2019-01-18 14:55:12,982 		 Completed edges=132 good=132 bad=0
2019-01-18 14:55:12,984 Distortion avg=0.9978503985400795 wc=7.821769303279778 me=0.005628252251848828 mc=1389.7332516875733 nan_elements=0
2019-01-18 14:55:12,984 MAP = 0.21976491101491102
2019-01-18 14:55:12,984 scale=[array([1.])]
2019-01-18 14:55:12,984 *** End Initial Checkpoint

2019-01-18 14:55:13,043 1 loss=0.9957069077932611
2019-01-18 14:55:13,044 2 loss=0.8210377479146772
2019-01-18 14:55:13,044 3 loss=0.6899709504954084
2019-01-18 14:55:13,045 4 loss=0.5941660619874843
2019-01-18 14:55:13,045 5 loss=0.5225498345057809
2019-01-18 14:55:13,046 6 loss=0.4674984098906683
2019-01-18 14:55:13,046 7 loss=0.4239714434677701
2019-01-18 14:55:13,047 8 loss=0.3886453733773772
2019-01-18 14:55:13,048 9 loss=0.3593096234389743
2019-01-18 14:55:13,048 10 loss=0.334472240469654
2019-01-18 14:55:13,048 
*** Major Checkpoint. Computing Stats and Saving
2019-01-18 14:55:13,048 	 Computing Major Stats lazily... 
2019-01-18 14:55:13,049 		 Completed edges=132 good=132 bad=0
2019-01-18 14:55:13,051 Distortion avg=0.521057385541706 wc=7.014921609351033 me=1.332506691958374 mc=5.264455069295946 nan_elements=0
2019-01-18 14:55:13,052 MAP = 0.18617965367965364
2019-01-18 14:55:13,052 scale=[array([1.])]
2019-01-18 14:55:13,052 *** End Major Checkpoint

2019-01-18 14:55:13,053 11 loss=0.31310712840420063
2019-01-18 14:55:13,053 12 loss=0.29449277565319587
2019-01-18 14:55:13,054 13 loss=0.2781091793204204
2019-01-18 14:55:13,054 14 loss=0.2635716197234182
2019-01-18 14:55:13,055 15 loss=0.25058778793298553
2019-01-18 14:55:13,055 16 loss=0.2389297694974958
2019-01-18 14:55:13,056 17 loss=0.22841553278137436
2019-01-18 14:55:13,057 18 loss=0.21889654010035337
2019-01-18 14:55:13,057 19 loss=0.21024933374227764
2019-01-18 14:55:13,058 20 loss=0.20236972431016284
2019-01-18 14:55:13,058 
*** Major Checkpoint. Computing Stats and Saving
2019-01-18 14:55:13,058 	 Computing Major Stats lazily... 
2019-01-18 14:55:13,059 		 Completed edges=132 good=132 bad=0
2019-01-18 14:55:13,061 Distortion avg=0.40803140526678744 wc=4.92563254401118 me=1.4482469103292472 mc=3.401099984319233 nan_elements=0
2019-01-18 14:55:13,061 MAP = 0.33572751322751326
2019-01-18 14:55:13,061 scale=[array([1.])]
2019-01-18 14:55:13,062 *** End Major Checkpoint

2019-01-18 14:55:13,062 21 loss=0.19516869842345372
2019-01-18 14:55:13,063 22 loss=0.1885694738458675
2019-01-18 14:55:13,063 23 loss=0.18250532902123395
2019-01-18 14:55:13,064 24 loss=0.176917962087035
2019-01-18 14:55:13,064 25 loss=0.17175621747647196
2019-01-18 14:55:13,065 26 loss=0.16697507239962747
2019-01-18 14:55:13,065 27 loss=0.16253481104522594
2019-01-18 14:55:13,066 28 loss=0.15840033778393178
2019-01-18 14:55:13,066 29 loss=0.15454059616573698
2019-01-18 14:55:13,067 30 loss=0.15092807079516304
2019-01-18 14:55:13,067 
*** Major Checkpoint. Computing Stats and Saving
2019-01-18 14:55:13,067 	 Computing Major Stats lazily... 
2019-01-18 14:55:13,068 		 Completed edges=132 good=132 bad=0
2019-01-18 14:55:13,070 Distortion avg=0.33695012279281933 wc=4.190226693104852 me=1.5148213624672942 mc=2.766152364183682 nan_elements=0
2019-01-18 14:55:13,070 MAP = 0.7427380952380953
2019-01-18 14:55:13,070 scale=[array([1.])]
2019-01-18 14:55:13,070 *** End Major Checkpoint

2019-01-18 14:55:13,071 31 loss=0.1475383560051582
2019-01-18 14:55:13,071 32 loss=0.14434977979552446
2019-01-18 14:55:13,072 33 loss=0.14134307452442396
2019-01-18 14:55:13,074 34 loss=0.13850108785564635
2019-01-18 14:55:13,075 35 loss=0.13580852881408123
2019-01-18 14:55:13,075 36 loss=0.1332517447183062
2019-01-18 14:55:13,076 37 loss=0.13081852539702554
2019-01-18 14:55:13,077 38 loss=0.12849793155794265
2019-01-18 14:55:13,077 39 loss=0.12628014453056816
2019-01-18 14:55:13,078 40 loss=0.12415633489115789
2019-01-18 14:55:13,078 
*** Major Checkpoint. Computing Stats and Saving
2019-01-18 14:55:13,078 	 Computing Major Stats lazily... 
2019-01-18 14:55:13,079 		 Completed edges=132 good=132 bad=0
2019-01-18 14:55:13,081 Distortion avg=0.30285221672231405 wc=3.798725390448372 me=1.507131754801126 mc=2.520499868937891 nan_elements=0
2019-01-18 14:55:13,081 MAP = 0.8441269841269842
2019-01-18 14:55:13,081 scale=[array([1.])]
2019-01-18 14:55:13,081 *** End Major Checkpoint

2019-01-18 14:55:13,082 41 loss=0.12211854772461347
2019-01-18 14:55:13,082 42 loss=0.12015960249991571
2019-01-18 14:55:13,083 43 loss=0.11827300574052847
2019-01-18 14:55:13,083 44 loss=0.11645287486284285
2019-01-18 14:55:13,084 45 loss=0.11469387173525411
2019-01-18 14:55:13,084 46 loss=0.11299114467776732
2019-01-18 14:55:13,085 47 loss=0.11134027777653999
2019-01-18 14:55:13,085 48 loss=0.10973724652896084
2019-01-18 14:55:13,086 49 loss=0.10817837896245477
2019-01-18 14:55:13,087 50 loss=0.1066603214842783
2019-01-18 14:55:13,087 
*** Major Checkpoint. Computing Stats and Saving
2019-01-18 14:55:13,087 	 Computing Major Stats lazily... 
2019-01-18 14:55:13,087 		 Completed edges=132 good=132 bad=0
2019-01-18 14:55:13,089 Distortion avg=0.27888532586683124 wc=3.5152898165252666 me=1.4713336501948546 mc=2.389186039522526 nan_elements=0
2019-01-18 14:55:13,090 MAP = 0.8619444444444445
2019-01-18 14:55:13,090 scale=[array([1.])]
2019-01-18 14:55:13,090 *** End Major Checkpoint

2019-01-18 14:55:13,090 final loss=0.1066603214842783
2019-01-18 14:55:13,090 best loss=0.1066603214842783, distortion=0.27888532586683124, map=0.8619444444444445, wc_dist=3.5152898165252666
2019-01-18 14:55:13,090 	 Computing Major Stats lazily... 
2019-01-18 14:55:13,091 		 Completed edges=132 good=132 bad=0
2019-01-18 14:55:13,093 Distortion avg=0.27888532586683124 wc=3.5152898165252666 me=1.4713336501948546 mc=2.389186039522526 nan_elements=0
2019-01-18 14:55:13,093 MAP = 0.8619444444444445
2019-01-18 14:55:13,093 scale=[array([1.])]
