2019-01-18 14:58:05,890 Commandline ['pytorch/pytorch_hyperbolic.py', 'learn', 'data/edges/parsing/ewt/ewt_dev/229.edges', '--dim', '0', '--hyp', '0', '--edim', '10', '--euc', '1', '--sdim', '0', '--sph', '0', '--log-name', 'ewt_devr2/229.edges.E10-1.lr1.log', '--batch-size', '65536', '--epochs', '50', '--checkpoint-freq', '10', '-g', '--subsample', '1024', '--learning-rate', '1']
2019-01-18 14:58:05,890 No Model Save selected!
2019-01-18 14:58:05,892 Loaded Graph data/edges/parsing/ewt/ewt_dev/229.edges with 20 nodes scale=1.0
2019-01-18 14:58:05,892 Building dataset
2019-01-18 14:58:05,892 Subsample: 20 points with scale 1.0 subsample=19
2019-01-18 14:58:05,913 Built Data Sampler
2019-01-18 14:58:05,913 Creating a fresh model warm_start?=None
2019-01-18 14:58:05,913 	 Warmstarting? None None 20
2019-01-18 14:58:05,914 Embedding() torch.Size([20, 10])
2019-01-18 14:58:05,914 relative No Rescale
2019-01-18 14:58:05,914 Constructed model with dim=0 and epochs=0 isnan=False
2019-01-18 14:58:05,914 SGD (
Parameter Group 0
    dampening: 0
    initial_lr: 0.1
    lr: 1.0
    momentum: 0.0
    nesterov: False
    weight_decay: 0

Parameter Group 1
    dampening: 0
    initial_lr: 0.1
    lr: 1.0
    momentum: 0.0
    nesterov: False
    weight_decay: 0

Parameter Group 2
    dampening: 0
    initial_lr: 0.1
    lr: 1.0
    momentum: 0.0
    nesterov: False
    weight_decay: 0

Parameter Group 3
    dampening: 0
    initial_lr: 0.0001
    lr: 0.001
    momentum: 0.0
    nesterov: False
    weight_decay: 0
)
2019-01-18 14:58:05,915 *** Initial Checkpoint. Computing Stats
2019-01-18 14:58:05,915 	 Computing Major Stats lazily... 
2019-01-18 14:58:05,917 		 Completed edges=380 good=380 bad=0
2019-01-18 14:58:05,920 Distortion avg=0.9983430750179466 wc=18.231697811777043 me=0.007048654353541345 mc=2586.550126779472 nan_elements=0
2019-01-18 14:58:05,920 MAP = 0.20448109030345876
2019-01-18 14:58:05,920 scale=[array([1.])]
2019-01-18 14:58:05,920 *** End Initial Checkpoint

2019-01-18 14:58:05,977 1 loss=0.9966903015022608
2019-01-18 14:58:05,978 2 loss=0.9361562973977127
2019-01-18 14:58:05,979 3 loss=0.8802413956482954
2019-01-18 14:58:05,980 4 loss=0.8301960846067462
2019-01-18 14:58:05,980 5 loss=0.7855525443360903
2019-01-18 14:58:05,981 6 loss=0.7457158941455768
2019-01-18 14:58:05,982 7 loss=0.7101155245412846
2019-01-18 14:58:05,982 8 loss=0.6782355810167457
2019-01-18 14:58:05,983 9 loss=0.649619461219081
2019-01-18 14:58:05,984 10 loss=0.6238667614104576
2019-01-18 14:58:05,984 
*** Major Checkpoint. Computing Stats and Saving
2019-01-18 14:58:05,984 	 Computing Major Stats lazily... 
2019-01-18 14:58:05,986 		 Completed edges=380 good=380 bad=0
2019-01-18 14:58:05,989 Distortion avg=0.7458054881167578 wc=24.860072918068735 me=0.9949103399150895 mc=24.98724952460582 nan_elements=0
2019-01-18 14:58:05,989 MAP = 0.09305081284957444
2019-01-18 14:58:05,989 scale=[array([1.])]
2019-01-18 14:58:05,989 *** End Major Checkpoint

2019-01-18 14:58:05,990 11 loss=0.6006279371706572
2019-01-18 14:58:05,991 12 loss=0.5795985038945357
2019-01-18 14:58:05,991 13 loss=0.5605134658426875
2019-01-18 14:58:05,992 14 loss=0.5431422278585349
2019-01-18 14:58:05,993 15 loss=0.5272840626287587
2019-01-18 14:58:05,993 16 loss=0.5127641279399818
2019-01-18 14:58:05,994 17 loss=0.4994299951804797
2019-01-18 14:58:05,995 18 loss=0.48714863806477493
2019-01-18 14:58:05,995 19 loss=0.47580382819995726
2019-01-18 14:58:05,996 20 loss=0.46529388638893193
2019-01-18 14:58:05,996 
*** Major Checkpoint. Computing Stats and Saving
2019-01-18 14:58:05,996 	 Computing Major Stats lazily... 
2019-01-18 14:58:05,998 		 Completed edges=380 good=380 bad=0
2019-01-18 14:58:06,001 Distortion avg=0.6415837598067561 wc=19.197879954156083 me=1.4237846344081369 mc=13.483696543850247 nan_elements=0
2019-01-18 14:58:06,001 MAP = 0.09576836841349225
2019-01-18 14:58:06,001 scale=[array([1.])]
2019-01-18 14:58:06,001 *** End Major Checkpoint

2019-01-18 14:58:06,002 21 loss=0.45552974285955433
2019-01-18 14:58:06,003 22 loss=0.4464332645978088
2019-01-18 14:58:06,003 23 loss=0.4379358129833298
2019-01-18 14:58:06,004 24 loss=0.4299769996547893
2019-01-18 14:58:06,005 25 loss=0.4225036128309014
2019-01-18 14:58:06,006 26 loss=0.4154686901359829
2019-01-18 14:58:06,006 27 loss=0.4088307173333989
2019-01-18 14:58:06,007 28 loss=0.40255293528667146
2019-01-18 14:58:06,008 29 loss=0.39660273998816653
2019-01-18 14:58:06,008 30 loss=0.39095116266381646
2019-01-18 14:58:06,009 
*** Major Checkpoint. Computing Stats and Saving
2019-01-18 14:58:06,009 	 Computing Major Stats lazily... 
2019-01-18 14:58:06,010 		 Completed edges=380 good=380 bad=0
2019-01-18 14:58:06,013 Distortion avg=0.5909242438486866 wc=16.06044336897914 me=1.6825535881679141 mc=9.545278962833457 nan_elements=0
2019-01-18 14:58:06,013 MAP = 0.10788184288764784
2019-01-18 14:58:06,014 scale=[array([1.])]
2019-01-18 14:58:06,014 *** End Major Checkpoint

2019-01-18 14:58:06,014 31 loss=0.3855724188229523
2019-01-18 14:58:06,015 32 loss=0.38044351671567644
2019-01-18 14:58:06,016 33 loss=0.3755439170229578
2019-01-18 14:58:06,017 34 loss=0.37085523676933646
2019-01-18 14:58:06,017 35 loss=0.3663609914431947
2019-01-18 14:58:06,018 36 loss=0.3620463701596524
2019-01-18 14:58:06,019 37 loss=0.3578980394275479
2019-01-18 14:58:06,020 38 loss=0.35390397170288534
2019-01-18 14:58:06,021 39 loss=0.35005329544216357
2019-01-18 14:58:06,022 40 loss=0.34633616382344545
2019-01-18 14:58:06,022 
*** Major Checkpoint. Computing Stats and Saving
2019-01-18 14:58:06,022 	 Computing Major Stats lazily... 
2019-01-18 14:58:06,023 		 Completed edges=380 good=380 bad=0
2019-01-18 14:58:06,027 Distortion avg=0.5500595106449336 wc=13.566745989005415 me=1.8186851931180616 mc=7.459645044861108 nan_elements=0
2019-01-18 14:58:06,027 MAP = 0.1343828750368998
2019-01-18 14:58:06,027 scale=[array([1.])]
2019-01-18 14:58:06,027 *** End Major Checkpoint

2019-01-18 14:58:06,028 41 loss=0.3427436396922352
2019-01-18 14:58:06,028 42 loss=0.33926759462280104
2019-01-18 14:58:06,029 43 loss=0.3359006202717675
2019-01-18 14:58:06,030 44 loss=0.33263595044651556
2019-01-18 14:58:06,031 45 loss=0.32946739252214313
2019-01-18 14:58:06,031 46 loss=0.326389267022457
2019-01-18 14:58:06,032 47 loss=0.32339635433698044
2019-01-18 14:58:06,033 48 loss=0.3204838476809039
2019-01-18 14:58:06,033 49 loss=0.3176473115213912
2019-01-18 14:58:06,034 50 loss=0.31488264479429545
2019-01-18 14:58:06,034 
*** Major Checkpoint. Computing Stats and Saving
2019-01-18 14:58:06,034 	 Computing Major Stats lazily... 
2019-01-18 14:58:06,036 		 Completed edges=380 good=380 bad=0
2019-01-18 14:58:06,039 Distortion avg=0.517020320632013 wc=11.555024270823257 me=1.884194051975722 mc=6.132608400237187 nan_elements=0
2019-01-18 14:58:06,039 MAP = 0.17219716966040494
2019-01-18 14:58:06,039 scale=[array([1.])]
2019-01-18 14:58:06,039 *** End Major Checkpoint

2019-01-18 14:58:06,039 final loss=0.31488264479429545
2019-01-18 14:58:06,039 best loss=0.31488264479429545, distortion=0.517020320632013, map=0.17219716966040494, wc_dist=11.555024270823257
2019-01-18 14:58:06,039 	 Computing Major Stats lazily... 
2019-01-18 14:58:06,041 		 Completed edges=380 good=380 bad=0
2019-01-18 14:58:06,044 Distortion avg=0.5170203206320131 wc=11.555024270823257 me=1.884194051975722 mc=6.132608400237187 nan_elements=0
2019-01-18 14:58:06,044 MAP = 0.17219716966040494
2019-01-18 14:58:06,044 scale=[array([1.])]
