2019-01-18 14:41:13,331 Commandline ['pytorch/pytorch_hyperbolic.py', 'learn', 'data/edges/parsing/ewt/ewt_dev/23.edges', '--dim', '0', '--hyp', '0', '--edim', '10', '--euc', '1', '--sdim', '0', '--sph', '0', '--log-name', 'ewt_devr2/23.edges.E10-1.lr1.log', '--batch-size', '65536', '--epochs', '50', '-g', '--subsample', '1024', '--learning-rate', '1']
2019-01-18 14:41:13,331 No Model Save selected!
2019-01-18 14:41:13,333 Loaded Graph data/edges/parsing/ewt/ewt_dev/23.edges with 30 nodes scale=1.0
2019-01-18 14:41:13,333 Building dataset
2019-01-18 14:41:13,333 Subsample: 30 points with scale 1.0 subsample=29
2019-01-18 14:41:13,374 Built Data Sampler
2019-01-18 14:41:13,374 Creating a fresh model warm_start?=None
2019-01-18 14:41:13,374 	 Warmstarting? None None 30
2019-01-18 14:41:13,375 Embedding() torch.Size([30, 10])
2019-01-18 14:41:13,375 relative No Rescale
2019-01-18 14:41:13,375 Constructed model with dim=0 and epochs=0 isnan=False
2019-01-18 14:41:13,375 SGD (
Parameter Group 0
    dampening: 0
    initial_lr: 0.1
    lr: 1.0
    momentum: 0.0
    nesterov: False
    weight_decay: 0

Parameter Group 1
    dampening: 0
    initial_lr: 0.1
    lr: 1.0
    momentum: 0.0
    nesterov: False
    weight_decay: 0

Parameter Group 2
    dampening: 0
    initial_lr: 0.1
    lr: 1.0
    momentum: 0.0
    nesterov: False
    weight_decay: 0

Parameter Group 3
    dampening: 0
    initial_lr: 0.0001
    lr: 0.001
    momentum: 0.0
    nesterov: False
    weight_decay: 0
)
2019-01-18 14:41:13,375 *** Initial Checkpoint. Computing Stats
2019-01-18 14:41:13,376 	 Computing Major Stats lazily... 
2019-01-18 14:41:13,379 		 Completed edges=870 good=870 bad=0
2019-01-18 14:41:13,384 Distortion avg=0.9985793726593184 wc=25.54119920312617 me=0.0072640427705460125 mc=3516.113548599925 nan_elements=0
2019-01-18 14:41:13,384 MAP = 0.09726152797365832
2019-01-18 14:41:13,384 scale=[array([1.])]
2019-01-18 14:41:13,385 *** End Initial Checkpoint

2019-01-18 14:41:13,443 1 loss=0.9971618915484318
2019-01-18 14:41:13,444 2 loss=0.9665513732824604
2019-01-18 14:41:13,445 3 loss=0.9368465194001369
2019-01-18 14:41:13,446 4 loss=0.9087000126760139
2019-01-18 14:41:13,447 5 loss=0.882114972519961
2019-01-18 14:41:13,448 6 loss=0.8570246118107923
2019-01-18 14:41:13,449 7 loss=0.833346341989239
2019-01-18 14:41:13,450 8 loss=0.8109949263751569
2019-01-18 14:41:13,451 9 loss=0.7898869898519919
2019-01-18 14:41:13,452 10 loss=0.7699427965110993
2019-01-18 14:41:13,453 11 loss=0.7510869505918191
2019-01-18 14:41:13,455 12 loss=0.7332486125287418
2019-01-18 14:41:13,456 13 loss=0.7163614785028619
2019-01-18 14:41:13,457 14 loss=0.7003636401579731
2019-01-18 14:41:13,458 15 loss=0.6851973838965357
2019-01-18 14:41:13,459 16 loss=0.6708089618271658
2019-01-18 14:41:13,460 17 loss=0.6571483523806461
2019-01-18 14:41:13,461 18 loss=0.6441690209544135
2019-01-18 14:41:13,462 19 loss=0.6318276865782034
2019-01-18 14:41:13,463 20 loss=0.6200840980114057
2019-01-18 14:41:13,464 21 loss=0.6089008211140311
2019-01-18 14:41:13,465 22 loss=0.5982430383619313
2019-01-18 14:41:13,466 23 loss=0.5880783607691102
2019-01-18 14:41:13,468 24 loss=0.57837665209911
2019-01-18 14:41:13,469 25 loss=0.5691098650113597
2019-01-18 14:41:13,470 26 loss=0.5602518886461386
2019-01-18 14:41:13,471 27 loss=0.5517784070711831
2019-01-18 14:41:13,472 28 loss=0.5436667679730575
2019-01-18 14:41:13,473 29 loss=0.5358958609634625
2019-01-18 14:41:13,474 30 loss=0.5284460048754779
2019-01-18 14:41:13,475 31 loss=0.5212988434411066
2019-01-18 14:41:13,476 32 loss=0.5144372487651482
2019-01-18 14:41:13,477 33 loss=0.5078452320384734
2019-01-18 14:41:13,478 34 loss=0.5015078609641913
2019-01-18 14:41:13,479 35 loss=0.4954111834015979
2019-01-18 14:41:13,480 36 loss=0.48954215676424573
2019-01-18 14:41:13,481 37 loss=0.4838885827393206
2019-01-18 14:41:13,483 38 loss=0.4784390469253439
2019-01-18 14:41:13,484 39 loss=0.47318286301376133
2019-01-18 14:41:13,485 40 loss=0.4681100211670771
2019-01-18 14:41:13,486 41 loss=0.463211140271764
2019-01-18 14:41:13,487 42 loss=0.45847742376818984
2019-01-18 14:41:13,488 43 loss=0.4539006187822676
2019-01-18 14:41:13,489 44 loss=0.4494729783044956
2019-01-18 14:41:13,490 45 loss=0.4451872261815565
2019-01-18 14:41:13,491 46 loss=0.44103652470375027
2019-01-18 14:41:13,492 47 loss=0.43701444458833333
2019-01-18 14:41:13,493 48 loss=0.4331149371743809
2019-01-18 14:41:13,494 49 loss=0.42933230865917216
2019-01-18 14:41:13,495 50 loss=0.4256611962193795
2019-01-18 14:41:13,495 final loss=0.4256611962193795
2019-01-18 14:41:13,495 best loss=10000000000.0, distortion=10000000000.0, map=0.0, wc_dist=10000000000.0
2019-01-18 14:41:13,495 	 Computing Major Stats lazily... 
2019-01-18 14:41:13,499 		 Completed edges=870 good=870 bad=0
2019-01-18 14:41:13,504 Distortion avg=0.6224071767933759 wc=22.943893288279476 me=1.8675920578968632 mc=12.285281034080377 nan_elements=0
2019-01-18 14:41:13,504 MAP = 0.07285733559053316
2019-01-18 14:41:13,504 scale=[array([1.])]
2019-01-18 14:54:46,452 Commandline ['pytorch/pytorch_hyperbolic.py', 'learn', 'data/edges/parsing/ewt/ewt_dev/23.edges', '--dim', '0', '--hyp', '0', '--edim', '10', '--euc', '1', '--sdim', '0', '--sph', '0', '--log-name', 'ewt_devr2/23.edges.E10-1.lr1.log', '--batch-size', '65536', '--epochs', '50', '--checkpoint-freq', '10', '-g', '--subsample', '1024', '--learning-rate', '1']
2019-01-18 14:54:46,453 No Model Save selected!
2019-01-18 14:54:46,454 Loaded Graph data/edges/parsing/ewt/ewt_dev/23.edges with 30 nodes scale=1.0
2019-01-18 14:54:46,454 Building dataset
2019-01-18 14:54:46,455 Subsample: 30 points with scale 1.0 subsample=29
2019-01-18 14:54:46,494 Built Data Sampler
2019-01-18 14:54:46,494 Creating a fresh model warm_start?=None
2019-01-18 14:54:46,494 	 Warmstarting? None None 30
2019-01-18 14:54:46,495 Embedding() torch.Size([30, 10])
2019-01-18 14:54:46,495 relative No Rescale
2019-01-18 14:54:46,495 Constructed model with dim=0 and epochs=0 isnan=False
2019-01-18 14:54:46,495 SGD (
Parameter Group 0
    dampening: 0
    initial_lr: 0.1
    lr: 1.0
    momentum: 0.0
    nesterov: False
    weight_decay: 0

Parameter Group 1
    dampening: 0
    initial_lr: 0.1
    lr: 1.0
    momentum: 0.0
    nesterov: False
    weight_decay: 0

Parameter Group 2
    dampening: 0
    initial_lr: 0.1
    lr: 1.0
    momentum: 0.0
    nesterov: False
    weight_decay: 0

Parameter Group 3
    dampening: 0
    initial_lr: 0.0001
    lr: 0.001
    momentum: 0.0
    nesterov: False
    weight_decay: 0
)
2019-01-18 14:54:46,495 *** Initial Checkpoint. Computing Stats
2019-01-18 14:54:46,495 	 Computing Major Stats lazily... 
2019-01-18 14:54:46,499 		 Completed edges=870 good=870 bad=0
2019-01-18 14:54:46,504 Distortion avg=0.9985793726593184 wc=25.54119920312617 me=0.0072640427705460125 mc=3516.113548599925 nan_elements=0
2019-01-18 14:54:46,504 MAP = 0.09726152797365832
2019-01-18 14:54:46,505 scale=[array([1.])]
2019-01-18 14:54:46,505 *** End Initial Checkpoint

2019-01-18 14:54:46,563 1 loss=0.9971618915484318
2019-01-18 14:54:46,564 2 loss=0.9665513732824604
2019-01-18 14:54:46,565 3 loss=0.9368465194001369
2019-01-18 14:54:46,566 4 loss=0.9087000126760139
2019-01-18 14:54:46,567 5 loss=0.882114972519961
2019-01-18 14:54:46,568 6 loss=0.8570246118107923
2019-01-18 14:54:46,569 7 loss=0.833346341989239
2019-01-18 14:54:46,570 8 loss=0.8109949263751569
2019-01-18 14:54:46,571 9 loss=0.7898869898519919
2019-01-18 14:54:46,572 10 loss=0.7699427965110993
2019-01-18 14:54:46,573 
*** Major Checkpoint. Computing Stats and Saving
2019-01-18 14:54:46,573 	 Computing Major Stats lazily... 
2019-01-18 14:54:46,576 		 Completed edges=870 good=870 bad=0
2019-01-18 14:54:46,580 Distortion avg=0.8575196186492711 wc=35.378814328497626 me=0.7325589817092805 mc=48.29483387938021 nan_elements=0
2019-01-18 14:54:46,581 MAP = 0.0648915578358387
2019-01-18 14:54:46,581 scale=[array([1.])]
2019-01-18 14:54:46,581 *** End Major Checkpoint

2019-01-18 14:54:46,582 11 loss=0.7510869505918193
2019-01-18 14:54:46,583 12 loss=0.7332486125287418
2019-01-18 14:54:46,584 13 loss=0.7163614785028618
2019-01-18 14:54:46,585 14 loss=0.7003636401579735
2019-01-18 14:54:46,586 15 loss=0.6851973838965355
2019-01-18 14:54:46,588 16 loss=0.670808961827166
2019-01-18 14:54:46,589 17 loss=0.6571483523806462
2019-01-18 14:54:46,590 18 loss=0.6441690209544135
2019-01-18 14:54:46,591 19 loss=0.6318276865782033
2019-01-18 14:54:46,592 20 loss=0.6200840980114056
2019-01-18 14:54:46,592 
*** Major Checkpoint. Computing Stats and Saving
2019-01-18 14:54:46,592 	 Computing Major Stats lazily... 
2019-01-18 14:54:46,595 		 Completed edges=870 good=870 bad=0
2019-01-18 14:54:46,600 Distortion avg=0.7547531914778108 wc=31.67310868698138 me=1.2100514573902057 mc=26.17500974321602 nan_elements=0
2019-01-18 14:54:46,600 MAP = 0.06406594965810106
2019-01-18 14:54:46,600 scale=[array([1.])]
2019-01-18 14:54:46,600 *** End Major Checkpoint

2019-01-18 14:54:46,601 21 loss=0.6089008211140309
2019-01-18 14:54:46,602 22 loss=0.5982430383619312
2019-01-18 14:54:46,603 23 loss=0.5880783607691102
2019-01-18 14:54:46,604 24 loss=0.57837665209911
2019-01-18 14:54:46,605 25 loss=0.5691098650113599
2019-01-18 14:54:46,606 26 loss=0.5602518886461386
2019-01-18 14:54:46,607 27 loss=0.551778407071183
2019-01-18 14:54:46,608 28 loss=0.5436667679730575
2019-01-18 14:54:46,609 29 loss=0.5358958609634626
2019-01-18 14:54:46,610 30 loss=0.5284460048754779
2019-01-18 14:54:46,610 
*** Major Checkpoint. Computing Stats and Saving
2019-01-18 14:54:46,610 	 Computing Major Stats lazily... 
2019-01-18 14:54:46,613 		 Completed edges=870 good=870 bad=0
2019-01-18 14:54:46,618 Distortion avg=0.6954313590065141 wc=28.263920659910738 me=1.524110677458885 mc=18.544532938404792 nan_elements=0
2019-01-18 14:54:46,618 MAP = 0.06538467179171965
2019-01-18 14:54:46,619 scale=[array([1.])]
2019-01-18 14:54:46,619 *** End Major Checkpoint

2019-01-18 14:54:46,620 31 loss=0.5212988434411066
2019-01-18 14:54:46,621 32 loss=0.5144372487651482
2019-01-18 14:54:46,623 33 loss=0.5078452320384735
2019-01-18 14:54:46,624 34 loss=0.5015078609641913
2019-01-18 14:54:46,625 35 loss=0.4954111834015979
2019-01-18 14:54:46,626 36 loss=0.48954215676424545
2019-01-18 14:54:46,627 37 loss=0.48388858273932034
2019-01-18 14:54:46,628 38 loss=0.47843904692534406
2019-01-18 14:54:46,629 39 loss=0.47318286301376145
2019-01-18 14:54:46,630 40 loss=0.4681100211670771
2019-01-18 14:54:46,630 
*** Major Checkpoint. Computing Stats and Saving
2019-01-18 14:54:46,630 	 Computing Major Stats lazily... 
2019-01-18 14:54:46,633 		 Completed edges=870 good=870 bad=0
2019-01-18 14:54:46,638 Distortion avg=0.6551979595296933 wc=25.375825290294294 me=1.73142634860833 mc=14.656023521122133 nan_elements=0
2019-01-18 14:54:46,638 MAP = 0.06833149786031492
2019-01-18 14:54:46,638 scale=[array([1.])]
2019-01-18 14:54:46,638 *** End Major Checkpoint

2019-01-18 14:54:46,639 41 loss=0.4632111402717641
2019-01-18 14:54:46,640 42 loss=0.45847742376818995
2019-01-18 14:54:46,641 43 loss=0.4539006187822676
2019-01-18 14:54:46,642 44 loss=0.4494729783044956
2019-01-18 14:54:46,643 45 loss=0.44518722618155654
2019-01-18 14:54:46,644 46 loss=0.4410365247037502
2019-01-18 14:54:46,645 47 loss=0.4370144445883333
2019-01-18 14:54:46,646 48 loss=0.43311493717438104
2019-01-18 14:54:46,647 49 loss=0.4293323086591721
2019-01-18 14:54:46,648 50 loss=0.4256611962193794
2019-01-18 14:54:46,648 
*** Major Checkpoint. Computing Stats and Saving
2019-01-18 14:54:46,648 	 Computing Major Stats lazily... 
2019-01-18 14:54:46,652 		 Completed edges=870 good=870 bad=0
2019-01-18 14:54:46,656 Distortion avg=0.6224071767933754 wc=22.943893288279472 me=1.867592057896863 mc=12.285281034080377 nan_elements=0
2019-01-18 14:54:46,656 MAP = 0.07285733559053317
2019-01-18 14:54:46,656 scale=[array([1.])]
2019-01-18 14:54:46,656 *** End Major Checkpoint

2019-01-18 14:54:46,656 final loss=0.4256611962193794
2019-01-18 14:54:46,657 best loss=0.4256611962193794, distortion=0.6224071767933754, map=0.07285733559053317, wc_dist=22.943893288279472
2019-01-18 14:54:46,657 	 Computing Major Stats lazily... 
2019-01-18 14:54:46,660 		 Completed edges=870 good=870 bad=0
2019-01-18 14:54:46,664 Distortion avg=0.6224071767933749 wc=22.943893288279472 me=1.867592057896863 mc=12.285281034080377 nan_elements=0
2019-01-18 14:54:46,664 MAP = 0.07285733559053316
2019-01-18 14:54:46,664 scale=[array([1.])]
