2019-01-18 14:47:13,370 Commandline ['pytorch/pytorch_hyperbolic.py', 'learn', 'data/edges/parsing/ewt/ewt_dev/232.edges', '--dim', '0', '--hyp', '0', '--edim', '10', '--euc', '1', '--sdim', '0', '--sph', '0', '--log-name', 'ewt_devr2/232.edges.E10-1.lr1.log', '--batch-size', '65536', '--epochs', '50', '--checkpoint-freq', '10', '-g', '--subsample', '1024', '--learning-rate', '1']
2019-01-18 14:47:13,370 No Model Save selected!
2019-01-18 14:47:13,372 Loaded Graph data/edges/parsing/ewt/ewt_dev/232.edges with 15 nodes scale=1.0
2019-01-18 14:47:13,372 Building dataset
2019-01-18 14:47:13,373 Subsample: 15 points with scale 1.0 subsample=14
2019-01-18 14:47:13,386 Built Data Sampler
2019-01-18 14:47:13,386 Creating a fresh model warm_start?=None
2019-01-18 14:47:13,386 	 Warmstarting? None None 15
2019-01-18 14:47:13,387 Embedding() torch.Size([15, 10])
2019-01-18 14:47:13,387 relative No Rescale
2019-01-18 14:47:13,387 Constructed model with dim=0 and epochs=0 isnan=False
2019-01-18 14:47:13,387 SGD (
Parameter Group 0
    dampening: 0
    initial_lr: 0.1
    lr: 1.0
    momentum: 0.0
    nesterov: False
    weight_decay: 0

Parameter Group 1
    dampening: 0
    initial_lr: 0.1
    lr: 1.0
    momentum: 0.0
    nesterov: False
    weight_decay: 0

Parameter Group 2
    dampening: 0
    initial_lr: 0.1
    lr: 1.0
    momentum: 0.0
    nesterov: False
    weight_decay: 0

Parameter Group 3
    dampening: 0
    initial_lr: 0.0001
    lr: 0.001
    momentum: 0.0
    nesterov: False
    weight_decay: 0
)
2019-01-18 14:47:13,388 *** Initial Checkpoint. Computing Stats
2019-01-18 14:47:13,388 	 Computing Major Stats lazily... 
2019-01-18 14:47:13,389 		 Completed edges=210 good=210 bad=0
2019-01-18 14:47:13,391 Distortion avg=0.9978948228069563 wc=11.163253267916264 me=0.0059960279104134965 mc=1861.7747339915945 nan_elements=0
2019-01-18 14:47:13,392 MAP = 0.24305009364533176
2019-01-18 14:47:13,392 scale=[array([1.])]
2019-01-18 14:47:13,392 *** End Initial Checkpoint

2019-01-18 14:47:13,454 1 loss=0.9957953768301152
2019-01-18 14:47:13,455 2 loss=0.8673679734429226
2019-01-18 14:47:13,456 3 loss=0.7614004889523043
2019-01-18 14:47:13,456 4 loss=0.6767225183537393
2019-01-18 14:47:13,457 5 loss=0.608345176110597
2019-01-18 14:47:13,458 6 loss=0.5523260241431273
2019-01-18 14:47:13,458 7 loss=0.5057462486387624
2019-01-18 14:47:13,459 8 loss=0.4664670057275273
2019-01-18 14:47:13,459 9 loss=0.43291697243298016
2019-01-18 14:47:13,460 10 loss=0.4039326207435051
2019-01-18 14:47:13,460 
*** Major Checkpoint. Computing Stats and Saving
2019-01-18 14:47:13,460 	 Computing Major Stats lazily... 
2019-01-18 14:47:13,461 		 Completed edges=210 good=210 bad=0
2019-01-18 14:47:13,464 Distortion avg=0.5745952484399109 wc=14.895893186117242 me=1.3298039489561477 mc=11.201570876526594 nan_elements=0
2019-01-18 14:47:13,464 MAP = 0.13912457912457912
2019-01-18 14:47:13,464 scale=[array([1.])]
2019-01-18 14:47:13,464 *** End Major Checkpoint

2019-01-18 14:47:13,465 11 loss=0.37864296790131113
2019-01-18 14:47:13,465 12 loss=0.3563876213361167
2019-01-18 14:47:13,466 13 loss=0.33665876569137715
2019-01-18 14:47:13,466 14 loss=0.3190600848048567
2019-01-18 14:47:13,467 15 loss=0.30327758126593896
2019-01-18 14:47:13,468 16 loss=0.28905873879153443
2019-01-18 14:47:13,468 17 loss=0.27619754071386077
2019-01-18 14:47:13,469 18 loss=0.2645236113878945
2019-01-18 14:47:13,469 19 loss=0.2538942733135931
2019-01-18 14:47:13,470 20 loss=0.24418867799615657
2019-01-18 14:47:13,470 
*** Major Checkpoint. Computing Stats and Saving
2019-01-18 14:47:13,470 	 Computing Major Stats lazily... 
2019-01-18 14:47:13,471 		 Completed edges=210 good=210 bad=0
2019-01-18 14:47:13,474 Distortion avg=0.45335336252013414 wc=10.516581537232305 me=1.5020356506638264 mc=7.001552548093309 nan_elements=0
2019-01-18 14:47:13,474 MAP = 0.22996220270029796
2019-01-18 14:47:13,474 scale=[array([1.])]
2019-01-18 14:47:13,474 *** End Major Checkpoint

2019-01-18 14:47:13,475 21 loss=0.23530342163308277
2019-01-18 14:47:13,475 22 loss=0.22714923205993562
2019-01-18 14:47:13,476 23 loss=0.21964843505912712
2019-01-18 14:47:13,477 24 loss=0.21273299279299773
2019-01-18 14:47:13,477 25 loss=0.20634296624300932
2019-01-18 14:47:13,478 26 loss=0.20042529501320905
2019-01-18 14:47:13,478 27 loss=0.1949328171105261
2019-01-18 14:47:13,479 28 loss=0.1898234720739504
2019-01-18 14:47:13,480 29 loss=0.18505964565485372
2019-01-18 14:47:13,480 30 loss=0.18060762492201543
2019-01-18 14:47:13,480 
*** Major Checkpoint. Computing Stats and Saving
2019-01-18 14:47:13,480 	 Computing Major Stats lazily... 
2019-01-18 14:47:13,481 		 Completed edges=210 good=210 bad=0
2019-01-18 14:47:13,484 Distortion avg=0.37762145202732394 wc=9.345189111642865 me=1.6989533371981738 mc=5.500556670411248 nan_elements=0
2019-01-18 14:47:13,484 MAP = 0.44188110830967975
2019-01-18 14:47:13,484 scale=[array([1.])]
2019-01-18 14:47:13,484 *** End Major Checkpoint

2019-01-18 14:47:13,485 31 loss=0.17643714040274314
2019-01-18 14:47:13,485 32 loss=0.17252097752741039
2019-01-18 14:47:13,486 33 loss=0.16883464381324678
2019-01-18 14:47:13,487 34 loss=0.16535608132146823
2019-01-18 14:47:13,487 35 loss=0.16206541624424597
2019-01-18 14:47:13,488 36 loss=0.15894473923365549
2019-01-18 14:47:13,488 37 loss=0.1559779114230286
2019-01-18 14:47:13,489 38 loss=0.15315039211956974
2019-01-18 14:47:13,490 39 loss=0.1504490849435333
2019-01-18 14:47:13,490 40 loss=0.14786219981046791
2019-01-18 14:47:13,490 
*** Major Checkpoint. Computing Stats and Saving
2019-01-18 14:47:13,490 	 Computing Major Stats lazily... 
2019-01-18 14:47:13,491 		 Completed edges=210 good=210 bad=0
2019-01-18 14:47:13,494 Distortion avg=0.33185951745186565 wc=8.258679369473064 me=1.771048867822673 mc=4.663157250780032 nan_elements=0
2019-01-18 14:47:13,494 MAP = 0.6337538651824365
2019-01-18 14:47:13,494 scale=[array([1.])]
2019-01-18 14:47:13,494 *** End Major Checkpoint

2019-01-18 14:47:13,495 41 loss=0.1453791286406874
2019-01-18 14:47:13,495 42 loss=0.1429903330650601
2019-01-18 14:47:13,496 43 loss=0.14068724270137697
2019-01-18 14:47:13,496 44 loss=0.13846216281827187
2019-01-18 14:47:13,497 45 loss=0.1363081903970497
2019-01-18 14:47:13,498 46 loss=0.13421913775596894
2019-01-18 14:47:13,498 47 loss=0.13218946302441428
2019-01-18 14:47:13,499 48 loss=0.1302142068522536
2019-01-18 14:47:13,499 49 loss=0.12828893481753073
2019-01-18 14:47:13,500 50 loss=0.12640968505759873
2019-01-18 14:47:13,500 
*** Major Checkpoint. Computing Stats and Saving
2019-01-18 14:47:13,500 	 Computing Major Stats lazily... 
2019-01-18 14:47:13,501 		 Completed edges=210 good=210 bad=0
2019-01-18 14:47:13,504 Distortion avg=0.30389777832175646 wc=7.267242729245541 me=1.7775276891261136 mc=4.088399170208334 nan_elements=0
2019-01-18 14:47:13,504 MAP = 0.7950037792894935
2019-01-18 14:47:13,504 scale=[array([1.])]
2019-01-18 14:47:13,504 *** End Major Checkpoint

2019-01-18 14:47:13,504 final loss=0.12640968505759873
2019-01-18 14:47:13,504 best loss=0.12640968505759873, distortion=0.30389777832175646, map=0.7950037792894935, wc_dist=7.267242729245541
2019-01-18 14:47:13,504 	 Computing Major Stats lazily... 
2019-01-18 14:47:13,505 		 Completed edges=210 good=210 bad=0
2019-01-18 14:47:13,507 Distortion avg=0.3038977783217563 wc=7.267242729245541 me=1.7775276891261136 mc=4.088399170208334 nan_elements=0
2019-01-18 14:47:13,507 MAP = 0.7950037792894935
2019-01-18 14:47:13,508 scale=[array([1.])]
