2019-01-18 14:48:02,027 Commandline ['pytorch/pytorch_hyperbolic.py', 'learn', 'data/edges/parsing/ewt/ewt_dev/235.edges', '--dim', '0', '--hyp', '0', '--edim', '10', '--euc', '1', '--sdim', '0', '--sph', '0', '--log-name', 'ewt_devr2/235.edges.E10-1.lr1.log', '--batch-size', '65536', '--epochs', '50', '--checkpoint-freq', '10', '-g', '--subsample', '1024', '--learning-rate', '1']
2019-01-18 14:48:02,027 No Model Save selected!
2019-01-18 14:48:02,028 Loaded Graph data/edges/parsing/ewt/ewt_dev/235.edges with 9 nodes scale=1.0
2019-01-18 14:48:02,028 Building dataset
2019-01-18 14:48:02,029 Subsample: 9 points with scale 1.0 subsample=8
2019-01-18 14:48:02,036 Built Data Sampler
2019-01-18 14:48:02,036 Creating a fresh model warm_start?=None
2019-01-18 14:48:02,036 	 Warmstarting? None None 9
2019-01-18 14:48:02,037 Embedding() torch.Size([9, 10])
2019-01-18 14:48:02,037 relative No Rescale
2019-01-18 14:48:02,037 Constructed model with dim=0 and epochs=0 isnan=False
2019-01-18 14:48:02,037 SGD (
Parameter Group 0
    dampening: 0
    initial_lr: 0.1
    lr: 1.0
    momentum: 0.0
    nesterov: False
    weight_decay: 0

Parameter Group 1
    dampening: 0
    initial_lr: 0.1
    lr: 1.0
    momentum: 0.0
    nesterov: False
    weight_decay: 0

Parameter Group 2
    dampening: 0
    initial_lr: 0.1
    lr: 1.0
    momentum: 0.0
    nesterov: False
    weight_decay: 0

Parameter Group 3
    dampening: 0
    initial_lr: 0.0001
    lr: 0.001
    momentum: 0.0
    nesterov: False
    weight_decay: 0
)
2019-01-18 14:48:02,037 *** Initial Checkpoint. Computing Stats
2019-01-18 14:48:02,037 	 Computing Major Stats lazily... 
2019-01-18 14:48:02,038 		 Completed edges=72 good=72 bad=0
2019-01-18 14:48:02,040 Distortion avg=0.9976661484091041 wc=6.132422606082875 me=0.005982886981094694 mc=1024.9938909861908 nan_elements=0
2019-01-18 14:48:02,040 MAP = 0.38778659611992944
2019-01-18 14:48:02,040 scale=[array([1.])]
2019-01-18 14:48:02,040 *** End Initial Checkpoint

2019-01-18 14:48:02,097 1 loss=0.9953392447181206
2019-01-18 14:48:02,098 2 loss=0.7418077757321455
2019-01-18 14:48:02,099 3 loss=0.5763075340753614
2019-01-18 14:48:02,099 4 loss=0.47471075403363067
2019-01-18 14:48:02,100 5 loss=0.40950067142175833
2019-01-18 14:48:02,100 6 loss=0.3647016070685998
2019-01-18 14:48:02,101 7 loss=0.3315866476248023
2019-01-18 14:48:02,101 8 loss=0.3054358537828303
2019-01-18 14:48:02,102 9 loss=0.2836799026904424
2019-01-18 14:48:02,102 10 loss=0.26489460741034826
2019-01-18 14:48:02,102 
*** Major Checkpoint. Computing Stats and Saving
2019-01-18 14:48:02,102 	 Computing Major Stats lazily... 
2019-01-18 14:48:02,103 		 Completed edges=72 good=72 bad=0
2019-01-18 14:48:02,104 Distortion avg=0.46226472313522204 wc=6.082534206594888 me=1.3170232582205472 mc=4.618395437308453 nan_elements=0
2019-01-18 14:48:02,104 MAP = 0.31117724867724866
2019-01-18 14:48:02,104 scale=[array([1.])]
2019-01-18 14:48:02,105 *** End Major Checkpoint

2019-01-18 14:48:02,105 11 loss=0.24826543610271898
2019-01-18 14:48:02,106 12 loss=0.23330400587735756
2019-01-18 14:48:02,106 13 loss=0.21969843454625043
2019-01-18 14:48:02,106 14 loss=0.2072345956199
2019-01-18 14:48:02,107 15 loss=0.19575482276213665
2019-01-18 14:48:02,107 16 loss=0.1851362666901154
2019-01-18 14:48:02,108 17 loss=0.17527943611220176
2019-01-18 14:48:02,108 18 loss=0.1661019108213414
2019-01-18 14:48:02,109 19 loss=0.15753461220218462
2019-01-18 14:48:02,109 20 loss=0.1495193065701395
2019-01-18 14:48:02,110 
*** Major Checkpoint. Computing Stats and Saving
2019-01-18 14:48:02,110 	 Computing Major Stats lazily... 
2019-01-18 14:48:02,110 		 Completed edges=72 good=72 bad=0
2019-01-18 14:48:02,112 Distortion avg=0.3424303367541094 wc=3.729543737908702 me=1.3406541511893757 mc=2.7818835563221116 nan_elements=0
2019-01-18 14:48:02,112 MAP = 1.0
2019-01-18 14:48:02,112 scale=[array([1.])]
2019-01-18 14:48:02,112 *** End Major Checkpoint

2019-01-18 14:48:02,112 21 loss=0.1420067048305062
2019-01-18 14:48:02,113 22 loss=0.13495487935706488
2019-01-18 14:48:02,113 23 loss=0.12832789438593883
2019-01-18 14:48:02,114 24 loss=0.12209462276644313
2019-01-18 14:48:02,114 25 loss=0.11622774703223697
2019-01-18 14:48:02,115 26 loss=0.11070294367349104
2019-01-18 14:48:02,115 27 loss=0.10549824150371409
2019-01-18 14:48:02,116 28 loss=0.10059353615039135
2019-01-18 14:48:02,116 29 loss=0.0959702365276678
2019-01-18 14:48:02,117 30 loss=0.09161101662551287
2019-01-18 14:48:02,117 
*** Major Checkpoint. Computing Stats and Saving
2019-01-18 14:48:02,117 	 Computing Major Stats lazily... 
2019-01-18 14:48:02,117 		 Completed edges=72 good=72 bad=0
2019-01-18 14:48:02,119 Distortion avg=0.25993345268447365 wc=2.6856262377839393 me=1.2701702285017922 mc=2.1143829209032274 nan_elements=0
2019-01-18 14:48:02,119 MAP = 1.0
2019-01-18 14:48:02,119 scale=[array([1.])]
2019-01-18 14:48:02,119 *** End Major Checkpoint

2019-01-18 14:48:02,120 31 loss=0.08749964664913544
2019-01-18 14:48:02,120 32 loss=0.08362088047839629
2019-01-18 14:48:02,121 33 loss=0.07996038053281357
2019-01-18 14:48:02,121 34 loss=0.07650466554923684
2019-01-18 14:48:02,122 35 loss=0.07324107090439044
2019-01-18 14:48:02,122 36 loss=0.07015771460598387
2019-01-18 14:48:02,123 37 loss=0.06724346480704418
2019-01-18 14:48:02,123 38 loss=0.06448790668456193
2019-01-18 14:48:02,124 39 loss=0.061881307862981995
2019-01-18 14:48:02,124 40 loss=0.059414582387370865
2019-01-18 14:48:02,124 
*** Major Checkpoint. Computing Stats and Saving
2019-01-18 14:48:02,124 	 Computing Major Stats lazily... 
2019-01-18 14:48:02,125 		 Completed edges=72 good=72 bad=0
2019-01-18 14:48:02,126 Distortion avg=0.20485639967764865 wc=2.181071803748331 me=1.2279810428720637 mc=1.7761445230841113 nan_elements=0
2019-01-18 14:48:02,126 MAP = 1.0
2019-01-18 14:48:02,126 scale=[array([1.])]
2019-01-18 14:48:02,126 *** End Major Checkpoint

2019-01-18 14:48:02,127 41 loss=0.05707925369492982
2019-01-18 14:48:02,127 42 loss=0.05486741721642571
2019-01-18 14:48:02,128 43 loss=0.052771703257520314
2019-01-18 14:48:02,128 44 loss=0.05078524073595064
2019-01-18 14:48:02,129 45 loss=0.04890162223410234
2019-01-18 14:48:02,129 46 loss=0.04711487069989411
2019-01-18 14:48:02,130 47 loss=0.045419408010731736
2019-01-18 14:48:02,130 48 loss=0.043810025514847306
2019-01-18 14:48:02,131 49 loss=0.0422818565846972
2019-01-18 14:48:02,131 50 loss=0.040830351157697654
2019-01-18 14:48:02,131 
*** Major Checkpoint. Computing Stats and Saving
2019-01-18 14:48:02,131 	 Computing Major Stats lazily... 
2019-01-18 14:48:02,132 		 Completed edges=72 good=72 bad=0
2019-01-18 14:48:02,133 Distortion avg=0.16680786589727423 wc=1.917348534706473 me=1.2050961690495214 mc=1.5910336319621 nan_elements=0
2019-01-18 14:48:02,133 MAP = 1.0
2019-01-18 14:48:02,133 scale=[array([1.])]
2019-01-18 14:48:02,133 *** End Major Checkpoint

2019-01-18 14:48:02,133 final loss=0.040830351157697654
2019-01-18 14:48:02,133 best loss=0.040830351157697654, distortion=0.16680786589727423, map=1.0, wc_dist=1.917348534706473
2019-01-18 14:48:02,134 	 Computing Major Stats lazily... 
2019-01-18 14:48:02,134 		 Completed edges=72 good=72 bad=0
2019-01-18 14:48:02,136 Distortion avg=0.16680786589727423 wc=1.917348534706473 me=1.2050961690495214 mc=1.5910336319621 nan_elements=0
2019-01-18 14:48:02,136 MAP = 1.0
2019-01-18 14:48:02,136 scale=[array([1.])]
