2019-01-18 14:43:04,660 Commandline ['pytorch/pytorch_hyperbolic.py', 'learn', 'data/edges/parsing/ewt/ewt_dev/24.edges', '--dim', '0', '--hyp', '0', '--edim', '10', '--euc', '1', '--sdim', '0', '--sph', '0', '--log-name', 'ewt_devr2/24.edges.E10-1.lr1.log', '--batch-size', '65536', '--epochs', '50', '-g', '--subsample', '1024', '--learning-rate', '1']
2019-01-18 14:43:04,661 No Model Save selected!
2019-01-18 14:43:04,662 Loaded Graph data/edges/parsing/ewt/ewt_dev/24.edges with 37 nodes scale=1.0
2019-01-18 14:43:04,662 Building dataset
2019-01-18 14:43:04,663 Subsample: 37 points with scale 1.0 subsample=36
2019-01-18 14:43:04,722 Built Data Sampler
2019-01-18 14:43:04,722 Creating a fresh model warm_start?=None
2019-01-18 14:43:04,722 	 Warmstarting? None None 37
2019-01-18 14:43:04,723 Embedding() torch.Size([37, 10])
2019-01-18 14:43:04,723 relative No Rescale
2019-01-18 14:43:04,723 Constructed model with dim=0 and epochs=0 isnan=False
2019-01-18 14:43:04,723 SGD (
Parameter Group 0
    dampening: 0
    initial_lr: 0.1
    lr: 1.0
    momentum: 0.0
    nesterov: False
    weight_decay: 0

Parameter Group 1
    dampening: 0
    initial_lr: 0.1
    lr: 1.0
    momentum: 0.0
    nesterov: False
    weight_decay: 0

Parameter Group 2
    dampening: 0
    initial_lr: 0.1
    lr: 1.0
    momentum: 0.0
    nesterov: False
    weight_decay: 0

Parameter Group 3
    dampening: 0
    initial_lr: 0.0001
    lr: 0.001
    momentum: 0.0
    nesterov: False
    weight_decay: 0
)
2019-01-18 14:43:04,723 *** Initial Checkpoint. Computing Stats
2019-01-18 14:43:04,724 	 Computing Major Stats lazily... 
2019-01-18 14:43:04,729 		 Completed edges=1332 good=1332 bad=0
2019-01-18 14:43:04,735 Distortion avg=0.9986995890400948 wc=22.10476899715988 me=0.005982886981094694 mc=3694.665980990226 nan_elements=0
2019-01-18 14:43:04,735 MAP = 0.1292652620864735
2019-01-18 14:43:04,736 scale=[array([1.])]
2019-01-18 14:43:04,736 *** End Initial Checkpoint

2019-01-18 14:43:04,794 1 loss=0.997401746279074
2019-01-18 14:43:04,795 2 loss=0.9763703410059614
2019-01-18 14:43:04,797 3 loss=0.9555259202407849
2019-01-18 14:43:04,798 4 loss=0.935370435121948
2019-01-18 14:43:04,799 5 loss=0.915962031094434
2019-01-18 14:43:04,801 6 loss=0.8972985233662364
2019-01-18 14:43:04,802 7 loss=0.8793604874148001
2019-01-18 14:43:04,804 8 loss=0.8621222152812741
2019-01-18 14:43:04,805 9 loss=0.845555666104755
2019-01-18 14:43:04,806 10 loss=0.8296321901715095
2019-01-18 14:43:04,808 11 loss=0.8143233708243142
2019-01-18 14:43:04,809 12 loss=0.7996014621362941
2019-01-18 14:43:04,810 13 loss=0.7854396214210617
2019-01-18 14:43:04,812 14 loss=0.7718120296243779
2019-01-18 14:43:04,813 15 loss=0.7586939470624616
2019-01-18 14:43:04,814 16 loss=0.7460617304352409
2019-01-18 14:43:04,816 17 loss=0.7338928260716858
2019-01-18 14:43:04,817 18 loss=0.7221657484223152
2019-01-18 14:43:04,819 19 loss=0.7108600494279189
2019-01-18 14:43:04,820 20 loss=0.699956282379827
2019-01-18 14:43:04,821 21 loss=0.6894359626453866
2019-01-18 14:43:04,823 22 loss=0.6792815268426781
2019-01-18 14:43:04,824 23 loss=0.6694762915329479
2019-01-18 14:43:04,825 24 loss=0.660004412155006
2019-01-18 14:43:04,827 25 loss=0.6508508426915535
2019-01-18 14:43:04,828 26 loss=0.6420012963954341
2019-01-18 14:43:04,829 27 loss=0.6334422077903407
2019-01-18 14:43:04,831 28 loss=0.6251606960802358
2019-01-18 14:43:04,832 29 loss=0.617144530044512
2019-01-18 14:43:04,833 30 loss=0.6093820944549718
2019-01-18 14:43:04,835 31 loss=0.6018623580213492
2019-01-18 14:43:04,836 32 loss=0.5945748428511379
2019-01-18 14:43:04,837 33 loss=0.5875095953946193
2019-01-18 14:43:04,839 34 loss=0.5806571588356364
2019-01-18 14:43:04,840 35 loss=0.5740085468815693
2019-01-18 14:43:04,841 36 loss=0.5675552189013896
2019-01-18 14:43:04,843 37 loss=0.5612890563578905
2019-01-18 14:43:04,844 38 loss=0.5552023404787753
2019-01-18 14:43:04,845 39 loss=0.5492877311108856
2019-01-18 14:43:04,847 40 loss=0.5435382467022046
2019-01-18 14:43:04,848 41 loss=0.5379472453571538
2019-01-18 14:43:04,849 42 loss=0.5325084069120045
2019-01-18 14:43:04,851 43 loss=0.5272157159787897
2019-01-18 14:43:04,852 44 loss=0.5220634459078702
2019-01-18 14:43:04,853 45 loss=0.5170461436211999
2019-01-18 14:43:04,855 46 loss=0.5121586152702945
2019-01-18 14:43:04,856 47 loss=0.5073959126749108
2019-01-18 14:43:04,857 48 loss=0.5027533205004383
2019-01-18 14:43:04,859 49 loss=0.4982263441339913
2019-01-18 14:43:04,860 50 loss=0.49381069822113444
2019-01-18 14:43:04,860 final loss=0.49381069822113444
2019-01-18 14:43:04,860 best loss=10000000000.0, distortion=10000000000.0, map=0.0, wc_dist=10000000000.0
2019-01-18 14:43:04,860 	 Computing Major Stats lazily... 
2019-01-18 14:43:04,865 		 Completed edges=1332 good=1332 bad=0
2019-01-18 14:43:04,871 Distortion avg=0.6760656675961609 wc=26.818600480384365 me=1.7407996679567899 mc=15.40590854538815 nan_elements=0
2019-01-18 14:43:04,871 MAP = 0.06120600032043782
2019-01-18 14:43:04,871 scale=[array([1.])]
2019-01-18 14:48:45,984 Commandline ['pytorch/pytorch_hyperbolic.py', 'learn', 'data/edges/parsing/ewt/ewt_dev/24.edges', '--dim', '0', '--hyp', '0', '--edim', '10', '--euc', '1', '--sdim', '0', '--sph', '0', '--log-name', 'ewt_devr2/24.edges.E10-1.lr1.log', '--batch-size', '65536', '--epochs', '50', '--checkpoint-freq', '10', '-g', '--subsample', '1024', '--learning-rate', '1']
2019-01-18 14:48:45,985 No Model Save selected!
2019-01-18 14:48:45,987 Loaded Graph data/edges/parsing/ewt/ewt_dev/24.edges with 37 nodes scale=1.0
2019-01-18 14:48:45,987 Building dataset
2019-01-18 14:48:45,987 Subsample: 37 points with scale 1.0 subsample=36
2019-01-18 14:48:46,044 Built Data Sampler
2019-01-18 14:48:46,044 Creating a fresh model warm_start?=None
2019-01-18 14:48:46,044 	 Warmstarting? None None 37
2019-01-18 14:48:46,044 Embedding() torch.Size([37, 10])
2019-01-18 14:48:46,044 relative No Rescale
2019-01-18 14:48:46,045 Constructed model with dim=0 and epochs=0 isnan=False
2019-01-18 14:48:46,045 SGD (
Parameter Group 0
    dampening: 0
    initial_lr: 0.1
    lr: 1.0
    momentum: 0.0
    nesterov: False
    weight_decay: 0

Parameter Group 1
    dampening: 0
    initial_lr: 0.1
    lr: 1.0
    momentum: 0.0
    nesterov: False
    weight_decay: 0

Parameter Group 2
    dampening: 0
    initial_lr: 0.1
    lr: 1.0
    momentum: 0.0
    nesterov: False
    weight_decay: 0

Parameter Group 3
    dampening: 0
    initial_lr: 0.0001
    lr: 0.001
    momentum: 0.0
    nesterov: False
    weight_decay: 0
)
2019-01-18 14:48:46,045 *** Initial Checkpoint. Computing Stats
2019-01-18 14:48:46,045 	 Computing Major Stats lazily... 
2019-01-18 14:48:46,051 		 Completed edges=1332 good=1332 bad=0
2019-01-18 14:48:46,056 Distortion avg=0.9986995890400948 wc=22.10476899715988 me=0.005982886981094694 mc=3694.665980990226 nan_elements=0
2019-01-18 14:48:46,056 MAP = 0.1292652620864735
2019-01-18 14:48:46,057 scale=[array([1.])]
2019-01-18 14:48:46,057 *** End Initial Checkpoint

2019-01-18 14:48:46,116 1 loss=0.997401746279074
2019-01-18 14:48:46,118 2 loss=0.9763703410059614
2019-01-18 14:48:46,120 3 loss=0.9555259202407849
2019-01-18 14:48:46,121 4 loss=0.935370435121948
2019-01-18 14:48:46,123 5 loss=0.915962031094434
2019-01-18 14:48:46,124 6 loss=0.8972985233662364
2019-01-18 14:48:46,125 7 loss=0.8793604874148001
2019-01-18 14:48:46,127 8 loss=0.8621222152812741
2019-01-18 14:48:46,128 9 loss=0.845555666104755
2019-01-18 14:48:46,129 10 loss=0.8296321901715095
2019-01-18 14:48:46,130 
*** Major Checkpoint. Computing Stats and Saving
2019-01-18 14:48:46,130 	 Computing Major Stats lazily... 
2019-01-18 14:48:46,135 		 Completed edges=1332 good=1332 bad=0
2019-01-18 14:48:46,141 Distortion avg=0.8977919113140408 wc=43.98190623284642 me=0.6551306526933967 mc=67.13455713303358 nan_elements=0
2019-01-18 14:48:46,141 MAP = 0.05762685751898398
2019-01-18 14:48:46,141 scale=[array([1.])]
2019-01-18 14:48:46,141 *** End Major Checkpoint

2019-01-18 14:48:46,142 11 loss=0.8143233708243142
2019-01-18 14:48:46,144 12 loss=0.7996014621362939
2019-01-18 14:48:46,145 13 loss=0.785439621421062
2019-01-18 14:48:46,147 14 loss=0.7718120296243781
2019-01-18 14:48:46,148 15 loss=0.7586939470624616
2019-01-18 14:48:46,149 16 loss=0.746061730435241
2019-01-18 14:48:46,151 17 loss=0.7338928260716857
2019-01-18 14:48:46,152 18 loss=0.7221657484223151
2019-01-18 14:48:46,153 19 loss=0.7108600494279187
2019-01-18 14:48:46,155 20 loss=0.6999562823798269
2019-01-18 14:48:46,155 
*** Major Checkpoint. Computing Stats and Saving
2019-01-18 14:48:46,155 	 Computing Major Stats lazily... 
2019-01-18 14:48:46,160 		 Completed edges=1332 good=1332 bad=0
2019-01-18 14:48:46,166 Distortion avg=0.815019531071673 wc=38.7744908929047 me=1.1141253787361032 mc=34.80262781276164 nan_elements=0
2019-01-18 14:48:46,166 MAP = 0.05697963895427245
2019-01-18 14:48:46,166 scale=[array([1.])]
2019-01-18 14:48:46,166 *** End Major Checkpoint

2019-01-18 14:48:46,168 21 loss=0.6894359626453868
2019-01-18 14:48:46,169 22 loss=0.6792815268426782
2019-01-18 14:48:46,170 23 loss=0.6694762915329477
2019-01-18 14:48:46,172 24 loss=0.6600044121550058
2019-01-18 14:48:46,173 25 loss=0.6508508426915536
2019-01-18 14:48:46,175 26 loss=0.6420012963954339
2019-01-18 14:48:46,176 27 loss=0.633442207790341
2019-01-18 14:48:46,177 28 loss=0.6251606960802358
2019-01-18 14:48:46,179 29 loss=0.6171445300445121
2019-01-18 14:48:46,180 30 loss=0.6093820944549716
2019-01-18 14:48:46,180 
*** Major Checkpoint. Computing Stats and Saving
2019-01-18 14:48:46,180 	 Computing Major Stats lazily... 
2019-01-18 14:48:46,185 		 Completed edges=1332 good=1332 bad=0
2019-01-18 14:48:46,191 Distortion avg=0.753127570226615 wc=34.09054298840322 me=1.4205816920485117 mc=23.99759421032934 nan_elements=0
2019-01-18 14:48:46,191 MAP = 0.05700611173021039
2019-01-18 14:48:46,191 scale=[array([1.])]
2019-01-18 14:48:46,192 *** End Major Checkpoint

2019-01-18 14:48:46,193 31 loss=0.6018623580213495
2019-01-18 14:48:46,194 32 loss=0.5945748428511377
2019-01-18 14:48:46,196 33 loss=0.5875095953946193
2019-01-18 14:48:46,197 34 loss=0.5806571588356364
2019-01-18 14:48:46,198 35 loss=0.5740085468815694
2019-01-18 14:48:46,200 36 loss=0.5675552189013894
2019-01-18 14:48:46,201 37 loss=0.5612890563578904
2019-01-18 14:48:46,202 38 loss=0.5552023404787751
2019-01-18 14:48:46,204 39 loss=0.5492877311108856
2019-01-18 14:48:46,205 40 loss=0.5435382467022047
2019-01-18 14:48:46,205 
*** Major Checkpoint. Computing Stats and Saving
2019-01-18 14:48:46,205 	 Computing Major Stats lazily... 
2019-01-18 14:48:46,210 		 Completed edges=1332 good=1332 bad=0
2019-01-18 14:48:46,216 Distortion avg=0.7095254313778372 wc=30.137258306420293 me=1.61878489118607 mc=18.617210026181414 nan_elements=0
2019-01-18 14:48:46,216 MAP = 0.05816362215505371
2019-01-18 14:48:46,216 scale=[array([1.])]
2019-01-18 14:48:46,216 *** End Major Checkpoint

2019-01-18 14:48:46,217 41 loss=0.5379472453571537
2019-01-18 14:48:46,219 42 loss=0.5325084069120044
2019-01-18 14:48:46,220 43 loss=0.5272157159787897
2019-01-18 14:48:46,221 44 loss=0.5220634459078703
2019-01-18 14:48:46,223 45 loss=0.5170461436211999
2019-01-18 14:48:46,224 46 loss=0.5121586152702947
2019-01-18 14:48:46,225 47 loss=0.5073959126749108
2019-01-18 14:48:46,227 48 loss=0.5027533205004382
2019-01-18 14:48:46,228 49 loss=0.49822634413399125
2019-01-18 14:48:46,229 50 loss=0.4938106982211344
2019-01-18 14:48:46,229 
*** Major Checkpoint. Computing Stats and Saving
2019-01-18 14:48:46,229 	 Computing Major Stats lazily... 
2019-01-18 14:48:46,234 		 Completed edges=1332 good=1332 bad=0
2019-01-18 14:48:46,240 Distortion avg=0.6760656675961613 wc=26.818600480384358 me=1.7407996679567899 mc=15.405908545388147 nan_elements=0
2019-01-18 14:48:46,240 MAP = 0.06120600032043782
2019-01-18 14:48:46,240 scale=[array([1.])]
2019-01-18 14:48:46,240 *** End Major Checkpoint

2019-01-18 14:48:46,240 final loss=0.4938106982211344
2019-01-18 14:48:46,240 best loss=0.4938106982211344, distortion=0.6760656675961613, map=0.06120600032043782, wc_dist=26.818600480384358
2019-01-18 14:48:46,240 	 Computing Major Stats lazily... 
2019-01-18 14:48:46,245 		 Completed edges=1332 good=1332 bad=0
2019-01-18 14:48:46,251 Distortion avg=0.6760656675961606 wc=26.818600480384358 me=1.7407996679567899 mc=15.405908545388147 nan_elements=0
2019-01-18 14:48:46,251 MAP = 0.061206000320437805
2019-01-18 14:48:46,251 scale=[array([1.])]
