2019-01-18 15:00:29,728 Commandline ['pytorch/pytorch_hyperbolic.py', 'learn', 'data/edges/parsing/ewt/ewt_dev/242.edges', '--dim', '0', '--hyp', '0', '--edim', '10', '--euc', '1', '--sdim', '0', '--sph', '0', '--log-name', 'ewt_devr2/242.edges.E10-1.lr1.log', '--batch-size', '65536', '--epochs', '50', '--checkpoint-freq', '10', '-g', '--subsample', '1024', '--learning-rate', '1']
2019-01-18 15:00:29,729 No Model Save selected!
2019-01-18 15:00:29,730 Loaded Graph data/edges/parsing/ewt/ewt_dev/242.edges with 13 nodes scale=1.0
2019-01-18 15:00:29,730 Building dataset
2019-01-18 15:00:29,731 Subsample: 13 points with scale 1.0 subsample=12
2019-01-18 15:00:29,742 Built Data Sampler
2019-01-18 15:00:29,742 Creating a fresh model warm_start?=None
2019-01-18 15:00:29,742 	 Warmstarting? None None 13
2019-01-18 15:00:29,742 Embedding() torch.Size([13, 10])
2019-01-18 15:00:29,743 relative No Rescale
2019-01-18 15:00:29,743 Constructed model with dim=0 and epochs=0 isnan=False
2019-01-18 15:00:29,743 SGD (
Parameter Group 0
    dampening: 0
    initial_lr: 0.1
    lr: 1.0
    momentum: 0.0
    nesterov: False
    weight_decay: 0

Parameter Group 1
    dampening: 0
    initial_lr: 0.1
    lr: 1.0
    momentum: 0.0
    nesterov: False
    weight_decay: 0

Parameter Group 2
    dampening: 0
    initial_lr: 0.1
    lr: 1.0
    momentum: 0.0
    nesterov: False
    weight_decay: 0

Parameter Group 3
    dampening: 0
    initial_lr: 0.0001
    lr: 0.001
    momentum: 0.0
    nesterov: False
    weight_decay: 0
)
2019-01-18 15:00:29,743 *** Initial Checkpoint. Computing Stats
2019-01-18 15:00:29,743 	 Computing Major Stats lazily... 
2019-01-18 15:00:29,744 		 Completed edges=156 good=156 bad=0
2019-01-18 15:00:29,746 Distortion avg=0.9978688324546036 wc=6.865870945531335 me=0.005982886981094694 mc=1147.5849313595224 nan_elements=0
2019-01-18 15:00:29,747 MAP = 0.3106046731046731
2019-01-18 15:00:29,747 scale=[array([1.])]
2019-01-18 15:00:29,747 *** End Initial Checkpoint

2019-01-18 15:00:29,804 1 loss=0.9957434049815149
2019-01-18 15:00:29,805 2 loss=0.8363438326768889
2019-01-18 15:00:29,805 3 loss=0.7113460354823608
2019-01-18 15:00:29,806 4 loss=0.6170869562194458
2019-01-18 15:00:29,806 5 loss=0.5446255916381099
2019-01-18 15:00:29,807 6 loss=0.4875606820791985
2019-01-18 15:00:29,807 7 loss=0.44154068733982327
2019-01-18 15:00:29,808 8 loss=0.4036130831627811
2019-01-18 15:00:29,809 9 loss=0.37175345520287234
2019-01-18 15:00:29,809 10 loss=0.3445517852759798
2019-01-18 15:00:29,809 
*** Major Checkpoint. Computing Stats and Saving
2019-01-18 15:00:29,809 	 Computing Major Stats lazily... 
2019-01-18 15:00:29,810 		 Completed edges=156 good=156 bad=0
2019-01-18 15:00:29,812 Distortion avg=0.5270208484221254 wc=8.53749699360859 me=1.3823450285304686 mc=6.176097007188255 nan_elements=0
2019-01-18 15:00:29,812 MAP = 0.1720334559620274
2019-01-18 15:00:29,812 scale=[array([1.])]
2019-01-18 15:00:29,812 *** End Major Checkpoint

2019-01-18 15:00:29,813 11 loss=0.32100763149407374
2019-01-18 15:00:29,814 12 loss=0.30039668064683256
2019-01-18 15:00:29,814 13 loss=0.28218333327386086
2019-01-18 15:00:29,815 14 loss=0.2659629224759612
2019-01-18 15:00:29,815 15 loss=0.25142310091260694
2019-01-18 15:00:29,816 16 loss=0.2383177301715029
2019-01-18 15:00:29,816 17 loss=0.2264490085169774
2019-01-18 15:00:29,817 18 loss=0.2156550874382605
2019-01-18 15:00:29,817 19 loss=0.20580138568129838
2019-01-18 15:00:29,818 20 loss=0.19677442034259923
2019-01-18 15:00:29,818 
*** Major Checkpoint. Computing Stats and Saving
2019-01-18 15:00:29,818 	 Computing Major Stats lazily... 
2019-01-18 15:00:29,819 		 Completed edges=156 good=156 bad=0
2019-01-18 15:00:29,821 Distortion avg=0.4024866443131515 wc=5.8076481669430775 me=1.4789552987760959 mc=3.926858487034176 nan_elements=0
2019-01-18 15:00:29,821 MAP = 0.44739942597085464
2019-01-18 15:00:29,821 scale=[array([1.])]
2019-01-18 15:00:29,821 *** End Major Checkpoint

2019-01-18 15:00:29,822 21 loss=0.18847736801921022
2019-01-18 15:00:29,822 22 loss=0.18082682538529707
2019-01-18 15:00:29,823 23 loss=0.17375040776572936
2019-01-18 15:00:29,823 24 loss=0.1671849373651809
2019-01-18 15:00:29,824 25 loss=0.16107504930411645
2019-01-18 15:00:29,825 26 loss=0.15537209590927867
2019-01-18 15:00:29,825 27 loss=0.1500332657868738
2019-01-18 15:00:29,826 28 loss=0.14502085928263558
2019-01-18 15:00:29,826 29 loss=0.14030167945605537
2019-01-18 15:00:29,827 30 loss=0.13584650998403966
2019-01-18 15:00:29,827 
*** Major Checkpoint. Computing Stats and Saving
2019-01-18 15:00:29,827 	 Computing Major Stats lazily... 
2019-01-18 15:00:29,828 		 Completed edges=156 good=156 bad=0
2019-01-18 15:00:29,830 Distortion avg=0.3230822733060829 wc=4.6967666660699 me=1.5210090594422865 mc=3.0879281335721163 nan_elements=0
2019-01-18 15:00:29,830 MAP = 0.630801936159079
2019-01-18 15:00:29,830 scale=[array([1.])]
2019-01-18 15:00:29,830 *** End Major Checkpoint

2019-01-18 15:00:29,831 31 loss=0.13162966003756738
2019-01-18 15:00:29,831 32 loss=0.12762856222620828
2019-01-18 15:00:29,832 33 loss=0.12382341393086768
2019-01-18 15:00:29,832 34 loss=0.12019685527110588
2019-01-18 15:00:29,833 35 loss=0.1167336789521267
2019-01-18 15:00:29,833 36 loss=0.11342056857424289
2019-01-18 15:00:29,834 37 loss=0.1102458628567948
2019-01-18 15:00:29,835 38 loss=0.10719934376979591
2019-01-18 15:00:29,835 39 loss=0.10427204688361315
2019-01-18 15:00:29,836 40 loss=0.10145609241627583
2019-01-18 15:00:29,836 
*** Major Checkpoint. Computing Stats and Saving
2019-01-18 15:00:29,836 	 Computing Major Stats lazily... 
2019-01-18 15:00:29,837 		 Completed edges=156 good=156 bad=0
2019-01-18 15:00:29,838 Distortion avg=0.27648752990581077 wc=3.8597158805432668 me=1.4770429422138218 mc=2.6131372150617684 nan_elements=0
2019-01-18 15:00:29,839 MAP = 0.9618589743589744
2019-01-18 15:00:29,839 scale=[array([1.])]
2019-01-18 15:00:29,839 *** End Major Checkpoint

2019-01-18 15:00:29,839 41 loss=0.09874453553577991
2019-01-18 15:00:29,840 42 loss=0.09613123450167342
2019-01-18 15:00:29,841 43 loss=0.09361073523489215
2019-01-18 15:00:29,842 44 loss=0.09117817090640216
2019-01-18 15:00:29,843 45 loss=0.08882917514556829
2019-01-18 15:00:29,843 46 loss=0.08655980749461392
2019-01-18 15:00:29,844 47 loss=0.08436648977835078
2019-01-18 15:00:29,845 48 loss=0.08224595211800148
2019-01-18 15:00:29,845 49 loss=0.08019518739210933
2019-01-18 15:00:29,846 50 loss=0.0782114130329367
2019-01-18 15:00:29,846 
*** Major Checkpoint. Computing Stats and Saving
2019-01-18 15:00:29,846 	 Computing Major Stats lazily... 
2019-01-18 15:00:29,847 		 Completed edges=156 good=156 bad=0
2019-01-18 15:00:29,849 Distortion avg=0.24128128946371347 wc=3.228404585129295 me=1.4081476930947392 mc=2.292660493612079 nan_elements=0
2019-01-18 15:00:29,849 MAP = 0.9763888888888889
2019-01-18 15:00:29,849 scale=[array([1.])]
2019-01-18 15:00:29,849 *** End Major Checkpoint

2019-01-18 15:00:29,849 final loss=0.0782114130329367
2019-01-18 15:00:29,849 best loss=0.0782114130329367, distortion=0.24128128946371347, map=0.9763888888888889, wc_dist=3.228404585129295
2019-01-18 15:00:29,849 	 Computing Major Stats lazily... 
2019-01-18 15:00:29,850 		 Completed edges=156 good=156 bad=0
2019-01-18 15:00:29,852 Distortion avg=0.2412812894637134 wc=3.228404585129295 me=1.4081476930947392 mc=2.292660493612079 nan_elements=0
2019-01-18 15:00:29,852 MAP = 0.976388888888889
2019-01-18 15:00:29,852 scale=[array([1.])]
