2019-01-18 14:48:19,941 Commandline ['pytorch/pytorch_hyperbolic.py', 'learn', 'data/edges/parsing/ewt/ewt_dev/243.edges', '--dim', '0', '--hyp', '0', '--edim', '10', '--euc', '1', '--sdim', '0', '--sph', '0', '--log-name', 'ewt_devr2/243.edges.E10-1.lr1.log', '--batch-size', '65536', '--epochs', '50', '--checkpoint-freq', '10', '-g', '--subsample', '1024', '--learning-rate', '1']
2019-01-18 14:48:19,941 No Model Save selected!
2019-01-18 14:48:19,943 Loaded Graph data/edges/parsing/ewt/ewt_dev/243.edges with 16 nodes scale=1.0
2019-01-18 14:48:19,943 Building dataset
2019-01-18 14:48:19,943 Subsample: 16 points with scale 1.0 subsample=15
2019-01-18 14:48:19,958 Built Data Sampler
2019-01-18 14:48:19,958 Creating a fresh model warm_start?=None
2019-01-18 14:48:19,959 	 Warmstarting? None None 16
2019-01-18 14:48:19,959 Embedding() torch.Size([16, 10])
2019-01-18 14:48:19,959 relative No Rescale
2019-01-18 14:48:19,959 Constructed model with dim=0 and epochs=0 isnan=False
2019-01-18 14:48:19,960 SGD (
Parameter Group 0
    dampening: 0
    initial_lr: 0.1
    lr: 1.0
    momentum: 0.0
    nesterov: False
    weight_decay: 0

Parameter Group 1
    dampening: 0
    initial_lr: 0.1
    lr: 1.0
    momentum: 0.0
    nesterov: False
    weight_decay: 0

Parameter Group 2
    dampening: 0
    initial_lr: 0.1
    lr: 1.0
    momentum: 0.0
    nesterov: False
    weight_decay: 0

Parameter Group 3
    dampening: 0
    initial_lr: 0.0001
    lr: 0.001
    momentum: 0.0
    nesterov: False
    weight_decay: 0
)
2019-01-18 14:48:19,960 *** Initial Checkpoint. Computing Stats
2019-01-18 14:48:19,960 	 Computing Major Stats lazily... 
2019-01-18 14:48:19,961 		 Completed edges=240 good=240 bad=0
2019-01-18 14:48:19,964 Distortion avg=0.9982000288095588 wc=11.138787817729348 me=0.005982886981094694 mc=1861.7747339915945 nan_elements=0
2019-01-18 14:48:19,964 MAP = 0.28399059274059274
2019-01-18 14:48:19,964 scale=[array([1.])]
2019-01-18 14:48:19,964 *** End Initial Checkpoint

2019-01-18 14:48:20,022 1 loss=0.9964046478377696
2019-01-18 14:48:20,023 2 loss=0.9028528928606712
2019-01-18 14:48:20,024 3 loss=0.8210187125192744
2019-01-18 14:48:20,024 4 loss=0.7520725049611108
2019-01-18 14:48:20,025 5 loss=0.6940042858925957
2019-01-18 14:48:20,026 6 loss=0.6448841329003517
2019-01-18 14:48:20,026 7 loss=0.6030870029074099
2019-01-18 14:48:20,027 8 loss=0.567286531905773
2019-01-18 14:48:20,027 9 loss=0.5364111221244044
2019-01-18 14:48:20,028 10 loss=0.509597536788472
2019-01-18 14:48:20,028 
*** Major Checkpoint. Computing Stats and Saving
2019-01-18 14:48:20,028 	 Computing Major Stats lazily... 
2019-01-18 14:48:20,029 		 Completed edges=240 good=240 bad=0
2019-01-18 14:48:20,032 Distortion avg=0.6544814096603202 wc=16.09813570276038 me=1.2820551177500066 mc=12.556508281026515 nan_elements=0
2019-01-18 14:48:20,032 MAP = 0.12719034437784438
2019-01-18 14:48:20,032 scale=[array([1.])]
2019-01-18 14:48:20,032 *** End Major Checkpoint

2019-01-18 14:48:20,033 11 loss=0.4861501400134775
2019-01-18 14:48:20,034 12 loss=0.4655071753911855
2019-01-18 14:48:20,034 13 loss=0.44721356805660845
2019-01-18 14:48:20,035 14 loss=0.43089925080351354
2019-01-18 14:48:20,036 15 loss=0.41626199103224654
2019-01-18 14:48:20,037 16 loss=0.4030538156954658
2019-01-18 14:48:20,037 17 loss=0.3910702839157424
2019-01-18 14:48:20,038 18 loss=0.38014200174503193
2019-01-18 14:48:20,039 19 loss=0.3701278980932951
2019-01-18 14:48:20,039 20 loss=0.36090988319716033
2019-01-18 14:48:20,039 
*** Major Checkpoint. Computing Stats and Saving
2019-01-18 14:48:20,039 	 Computing Major Stats lazily... 
2019-01-18 14:48:20,040 		 Completed edges=240 good=240 bad=0
2019-01-18 14:48:20,043 Distortion avg=0.5610767331116212 wc=11.678594200985069 me=1.5263372058390987 mc=7.651385392630066 nan_elements=0
2019-01-18 14:48:20,043 MAP = 0.14670534326784326
2019-01-18 14:48:20,043 scale=[array([1.])]
2019-01-18 14:48:20,043 *** End Major Checkpoint

2019-01-18 14:48:20,044 21 loss=0.3523885930517218
2019-01-18 14:48:20,045 22 loss=0.3444799880870682
2019-01-18 14:48:20,045 23 loss=0.33711262520724167
2019-01-18 14:48:20,046 24 loss=0.33022546195547764
2019-01-18 14:48:20,046 25 loss=0.32376608240324256
2019-01-18 14:48:20,047 26 loss=0.31768925831114875
2019-01-18 14:48:20,048 27 loss=0.31195577771201083
2019-01-18 14:48:20,048 28 loss=0.306531487525444
2019-01-18 14:48:20,049 29 loss=0.30138650806836853
2019-01-18 14:48:20,049 30 loss=0.2964945861039002
2019-01-18 14:48:20,050 
*** Major Checkpoint. Computing Stats and Saving
2019-01-18 14:48:20,050 	 Computing Major Stats lazily... 
2019-01-18 14:48:20,051 		 Completed edges=240 good=240 bad=0
2019-01-18 14:48:20,053 Distortion avg=0.5033799351640272 wc=9.749070035845923 me=1.6435153841015828 mc=5.9318398416910405 nan_elements=0
2019-01-18 14:48:20,053 MAP = 0.21607486263736267
2019-01-18 14:48:20,054 scale=[array([1.])]
2019-01-18 14:48:20,054 *** End Major Checkpoint

2019-01-18 14:48:20,054 31 loss=0.2918325599339167
2019-01-18 14:48:20,055 32 loss=0.28737991542068914
2019-01-18 14:48:20,055 33 loss=0.2831184160533953
2019-01-18 14:48:20,056 34 loss=0.2790317935123838
2019-01-18 14:48:20,057 35 loss=0.2751054878251697
2019-01-18 14:48:20,057 36 loss=0.271326428305569
2019-01-18 14:48:20,058 37 loss=0.2676828481387624
2019-01-18 14:48:20,059 38 loss=0.26416412681149976
2019-01-18 14:48:20,059 39 loss=0.26076065565885415
2019-01-18 14:48:20,060 40 loss=0.2574637226619468
2019-01-18 14:48:20,060 
*** Major Checkpoint. Computing Stats and Saving
2019-01-18 14:48:20,060 	 Computing Major Stats lazily... 
2019-01-18 14:48:20,061 		 Completed edges=240 good=240 bad=0
2019-01-18 14:48:20,064 Distortion avg=0.45863140380214884 wc=8.626197338389005 me=1.7302305301709882 mc=4.985576885836439 nan_elements=0
2019-01-18 14:48:20,064 MAP = 0.3415967712842713
2019-01-18 14:48:20,064 scale=[array([1.])]
2019-01-18 14:48:20,064 *** End Major Checkpoint

2019-01-18 14:48:20,065 41 loss=0.25426541332792313
2019-01-18 14:48:20,065 42 loss=0.25115852504784486
2019-01-18 14:48:20,066 43 loss=0.24813649278659225
2019-01-18 14:48:20,066 44 loss=0.24519332433224253
2019-01-18 14:48:20,067 45 loss=0.2423235436372789
2019-01-18 14:48:20,068 46 loss=0.23952214103354338
2019-01-18 14:48:20,068 47 loss=0.23678452930758223
2019-01-18 14:48:20,069 48 loss=0.23410650479135053
2019-01-18 14:48:20,070 49 loss=0.23148421276188577
2019-01-18 14:48:20,070 50 loss=0.2289141165579812
2019-01-18 14:48:20,070 
*** Major Checkpoint. Computing Stats and Saving
2019-01-18 14:48:20,070 	 Computing Major Stats lazily... 
2019-01-18 14:48:20,071 		 Completed edges=240 good=240 bad=0
2019-01-18 14:48:20,074 Distortion avg=0.42578620526791233 wc=7.661782862788802 me=1.7646078327630133 mc=4.341918198783026 nan_elements=0
2019-01-18 14:48:20,074 MAP = 0.4541021825396826
2019-01-18 14:48:20,074 scale=[array([1.])]
2019-01-18 14:48:20,074 *** End Major Checkpoint

2019-01-18 14:48:20,075 final loss=0.2289141165579812
2019-01-18 14:48:20,075 best loss=0.2289141165579812, distortion=0.42578620526791233, map=0.4541021825396826, wc_dist=7.661782862788802
2019-01-18 14:48:20,075 	 Computing Major Stats lazily... 
2019-01-18 14:48:20,076 		 Completed edges=240 good=240 bad=0
2019-01-18 14:48:20,078 Distortion avg=0.4257862052679125 wc=7.661782862788802 me=1.7646078327630133 mc=4.341918198783026 nan_elements=0
2019-01-18 14:48:20,078 MAP = 0.45410218253968254
2019-01-18 14:48:20,079 scale=[array([1.])]
