2019-01-18 15:09:21,747 Commandline ['pytorch/pytorch_hyperbolic.py', 'learn', 'data/edges/parsing/ewt/ewt_dev/246.edges', '--dim', '0', '--hyp', '0', '--edim', '10', '--euc', '1', '--sdim', '0', '--sph', '0', '--log-name', 'ewt_devr2/246.edges.E10-1.lr1.log', '--batch-size', '65536', '--epochs', '50', '--checkpoint-freq', '10', '-g', '--subsample', '1024', '--learning-rate', '1']
2019-01-18 15:09:21,748 No Model Save selected!
2019-01-18 15:09:21,750 Loaded Graph data/edges/parsing/ewt/ewt_dev/246.edges with 10 nodes scale=1.0
2019-01-18 15:09:21,750 Building dataset
2019-01-18 15:09:21,750 Subsample: 10 points with scale 1.0 subsample=9
2019-01-18 15:09:21,758 Built Data Sampler
2019-01-18 15:09:21,759 Creating a fresh model warm_start?=None
2019-01-18 15:09:21,759 	 Warmstarting? None None 10
2019-01-18 15:09:21,759 Embedding() torch.Size([10, 10])
2019-01-18 15:09:21,759 relative No Rescale
2019-01-18 15:09:21,759 Constructed model with dim=0 and epochs=0 isnan=False
2019-01-18 15:09:21,760 SGD (
Parameter Group 0
    dampening: 0
    initial_lr: 0.1
    lr: 1.0
    momentum: 0.0
    nesterov: False
    weight_decay: 0

Parameter Group 1
    dampening: 0
    initial_lr: 0.1
    lr: 1.0
    momentum: 0.0
    nesterov: False
    weight_decay: 0

Parameter Group 2
    dampening: 0
    initial_lr: 0.1
    lr: 1.0
    momentum: 0.0
    nesterov: False
    weight_decay: 0

Parameter Group 3
    dampening: 0
    initial_lr: 0.0001
    lr: 0.001
    momentum: 0.0
    nesterov: False
    weight_decay: 0
)
2019-01-18 15:09:21,760 *** Initial Checkpoint. Computing Stats
2019-01-18 15:09:21,760 	 Computing Major Stats lazily... 
2019-01-18 15:09:21,761 		 Completed edges=90 good=90 bad=0
2019-01-18 15:09:21,762 Distortion avg=0.9975205720660665 wc=5.803743177243813 me=0.005982886981094694 mc=970.0572976863917 nan_elements=0
2019-01-18 15:09:21,763 MAP = 0.32126984126984126
2019-01-18 15:09:21,763 scale=[array([1.])]
2019-01-18 15:09:21,763 *** End Initial Checkpoint

2019-01-18 15:09:21,821 1 loss=0.9950488960135573
2019-01-18 15:09:21,821 2 loss=0.755391006596687
2019-01-18 15:09:21,822 3 loss=0.5958477351080819
2019-01-18 15:09:21,822 4 loss=0.49275567873767806
2019-01-18 15:09:21,823 5 loss=0.4221346189313892
2019-01-18 15:09:21,823 6 loss=0.3707601928625171
2019-01-18 15:09:21,824 7 loss=0.3314167545852838
2019-01-18 15:09:21,825 8 loss=0.30003893747319055
2019-01-18 15:09:21,825 9 loss=0.27423082525705567
2019-01-18 15:09:21,826 10 loss=0.2525077986924529
2019-01-18 15:09:21,826 
*** Major Checkpoint. Computing Stats and Saving
2019-01-18 15:09:21,826 	 Computing Major Stats lazily... 
2019-01-18 15:09:21,826 		 Completed edges=90 good=90 bad=0
2019-01-18 15:09:21,828 Distortion avg=0.4471393137605317 wc=4.811711754795091 me=1.326466890061135 mc=3.6274646512837774 nan_elements=0
2019-01-18 15:09:21,828 MAP = 0.2757142857142857
2019-01-18 15:09:21,828 scale=[array([1.])]
2019-01-18 15:09:21,828 *** End Major Checkpoint

2019-01-18 15:09:21,829 11 loss=0.2339015669142258
2019-01-18 15:09:21,829 12 loss=0.2177484828283924
2019-01-18 15:09:21,830 13 loss=0.2035723484015132
2019-01-18 15:09:21,830 14 loss=0.19101737907272623
2019-01-18 15:09:21,831 15 loss=0.1798086515678484
2019-01-18 15:09:21,832 16 loss=0.16972806365995907
2019-01-18 15:09:21,832 17 loss=0.1605992656145062
2019-01-18 15:09:21,833 18 loss=0.15227787536934878
2019-01-18 15:09:21,833 19 loss=0.14464484665801455
2019-01-18 15:09:21,834 20 loss=0.13760174153934454
2019-01-18 15:09:21,834 
*** Major Checkpoint. Computing Stats and Saving
2019-01-18 15:09:21,834 	 Computing Major Stats lazily... 
2019-01-18 15:09:21,834 		 Completed edges=90 good=90 bad=0
2019-01-18 15:09:21,836 Distortion avg=0.3253804667824545 wc=3.88622499141458 me=1.458111465476612 mc=2.665245479120001 nan_elements=0
2019-01-18 15:09:21,836 MAP = 0.8326190476190476
2019-01-18 15:09:21,836 scale=[array([1.])]
2019-01-18 15:09:21,836 *** End Major Checkpoint

2019-01-18 15:09:21,837 21 loss=0.1310671734935691
2019-01-18 15:09:21,837 22 loss=0.12497399263491658
2019-01-18 15:09:21,838 23 loss=0.11926696628496322
2019-01-18 15:09:21,838 24 loss=0.11390081497943005
2019-01-18 15:09:21,839 25 loss=0.10883852512159872
2019-01-18 15:09:21,839 26 loss=0.10404989296568384
2019-01-18 15:09:21,840 27 loss=0.09951027172736346
2019-01-18 15:09:21,841 28 loss=0.09519950148576192
2019-01-18 15:09:21,841 29 loss=0.09110100456131591
2019-01-18 15:09:21,842 30 loss=0.08720102986041481
2019-01-18 15:09:21,842 
*** Major Checkpoint. Computing Stats and Saving
2019-01-18 15:09:21,842 	 Computing Major Stats lazily... 
2019-01-18 15:09:21,842 		 Completed edges=90 good=90 bad=0
2019-01-18 15:09:21,844 Distortion avg=0.2543871787632409 wc=2.9898333292091768 me=1.4215489723114807 mc=2.1032221804836024 nan_elements=0
2019-01-18 15:09:21,844 MAP = 0.975
2019-01-18 15:09:21,844 scale=[array([1.])]
2019-01-18 15:09:21,844 *** End Major Checkpoint

2019-01-18 15:09:21,845 31 loss=0.08348802975667967
2019-01-18 15:09:21,845 32 loss=0.07995215318683686
2019-01-18 15:09:21,846 33 loss=0.07658483908781574
2019-01-18 15:09:21,846 34 loss=0.0733784951494683
2019-01-18 15:09:21,847 35 loss=0.07032624803613398
2019-01-18 15:09:21,847 36 loss=0.0674217526244178
2019-01-18 15:09:21,848 37 loss=0.06465904929576131
2019-01-18 15:09:21,848 38 loss=0.06203245981213602
2019-01-18 15:09:21,849 39 loss=0.05953651372037518
2019-01-18 15:09:21,849 40 loss=0.057165898530920176
2019-01-18 15:09:21,849 
*** Major Checkpoint. Computing Stats and Saving
2019-01-18 15:09:21,849 	 Computing Major Stats lazily... 
2019-01-18 15:09:21,850 		 Completed edges=90 good=90 bad=0
2019-01-18 15:09:21,851 Distortion avg=0.20441730323300264 wc=2.4077036849696207 me=1.3315006219252938 mc=1.808263282286855 nan_elements=0
2019-01-18 15:09:21,852 MAP = 1.0
2019-01-18 15:09:21,852 scale=[array([1.])]
2019-01-18 15:09:21,852 *** End Major Checkpoint

2019-01-18 15:09:21,852 41 loss=0.05491542807779432
2019-01-18 15:09:21,853 42 loss=0.052780024482274576
2019-01-18 15:09:21,853 43 loss=0.05075471001741362
2019-01-18 15:09:21,854 44 loss=0.048834605914735
2019-01-18 15:09:21,854 45 loss=0.047014935781335566
2019-01-18 15:09:21,855 46 loss=0.04529103181922045
2019-01-18 15:09:21,856 47 loss=0.04365834247235789
2019-01-18 15:09:21,856 48 loss=0.042112440482937746
2019-01-18 15:09:21,857 49 loss=0.040649030627589317
2019-01-18 15:09:21,857 50 loss=0.03926395663651546
2019-01-18 15:09:21,858 
*** Major Checkpoint. Computing Stats and Saving
2019-01-18 15:09:21,858 	 Computing Major Stats lazily... 
2019-01-18 15:09:21,858 		 Completed edges=90 good=90 bad=0
2019-01-18 15:09:21,860 Distortion avg=0.1688318634166843 wc=2.018669965528751 me=1.251732420402324 mc=1.612700871708606 nan_elements=0
2019-01-18 15:09:21,860 MAP = 1.0
2019-01-18 15:09:21,860 scale=[array([1.])]
2019-01-18 15:09:21,860 *** End Major Checkpoint

2019-01-18 15:09:21,860 final loss=0.03926395663651546
2019-01-18 15:09:21,860 best loss=0.03926395663651546, distortion=0.1688318634166843, map=1.0, wc_dist=2.018669965528751
2019-01-18 15:09:21,860 	 Computing Major Stats lazily... 
2019-01-18 15:09:21,861 		 Completed edges=90 good=90 bad=0
2019-01-18 15:09:21,863 Distortion avg=0.16883186341668432 wc=2.018669965528751 me=1.251732420402324 mc=1.612700871708606 nan_elements=0
2019-01-18 15:09:21,863 MAP = 1.0
2019-01-18 15:09:21,863 scale=[array([1.])]
