2019-01-18 14:58:30,638 Commandline ['pytorch/pytorch_hyperbolic.py', 'learn', 'data/edges/parsing/ewt/ewt_dev/247.edges', '--dim', '0', '--hyp', '0', '--edim', '10', '--euc', '1', '--sdim', '0', '--sph', '0', '--log-name', 'ewt_devr2/247.edges.E10-1.lr1.log', '--batch-size', '65536', '--epochs', '50', '--checkpoint-freq', '10', '-g', '--subsample', '1024', '--learning-rate', '1']
2019-01-18 14:58:30,638 No Model Save selected!
2019-01-18 14:58:30,640 Loaded Graph data/edges/parsing/ewt/ewt_dev/247.edges with 26 nodes scale=1.0
2019-01-18 14:58:30,640 Building dataset
2019-01-18 14:58:30,641 Subsample: 26 points with scale 1.0 subsample=25
2019-01-18 14:58:30,671 Built Data Sampler
2019-01-18 14:58:30,671 Creating a fresh model warm_start?=None
2019-01-18 14:58:30,671 	 Warmstarting? None None 26
2019-01-18 14:58:30,672 Embedding() torch.Size([26, 10])
2019-01-18 14:58:30,672 relative No Rescale
2019-01-18 14:58:30,672 Constructed model with dim=0 and epochs=0 isnan=False
2019-01-18 14:58:30,673 SGD (
Parameter Group 0
    dampening: 0
    initial_lr: 0.1
    lr: 1.0
    momentum: 0.0
    nesterov: False
    weight_decay: 0

Parameter Group 1
    dampening: 0
    initial_lr: 0.1
    lr: 1.0
    momentum: 0.0
    nesterov: False
    weight_decay: 0

Parameter Group 2
    dampening: 0
    initial_lr: 0.1
    lr: 1.0
    momentum: 0.0
    nesterov: False
    weight_decay: 0

Parameter Group 3
    dampening: 0
    initial_lr: 0.0001
    lr: 0.001
    momentum: 0.0
    nesterov: False
    weight_decay: 0
)
2019-01-18 14:58:30,673 *** Initial Checkpoint. Computing Stats
2019-01-18 14:58:30,673 	 Computing Major Stats lazily... 
2019-01-18 14:58:30,676 		 Completed edges=650 good=650 bad=0
2019-01-18 14:58:30,680 Distortion avg=0.9983804024359973 wc=14.999351249094985 me=0.0064718073666273105 mc=2317.6448864100976 nan_elements=0
2019-01-18 14:58:30,680 MAP = 0.14636335689798213
2019-01-18 14:58:30,680 scale=[array([1.])]
2019-01-18 14:58:30,680 *** End Initial Checkpoint

2019-01-18 14:58:30,737 1 loss=0.9967645975867399
2019-01-18 14:58:30,738 2 loss=0.9551478557515901
2019-01-18 14:58:30,739 3 loss=0.9150409931532004
2019-01-18 14:58:30,740 4 loss=0.8777113769354861
2019-01-18 14:58:30,741 5 loss=0.8431007467090831
2019-01-18 14:58:30,742 6 loss=0.8110288282457824
2019-01-18 14:58:30,743 7 loss=0.7812962579516393
2019-01-18 14:58:30,744 8 loss=0.7537085173475664
2019-01-18 14:58:30,745 9 loss=0.7280832305329049
2019-01-18 14:58:30,746 10 loss=0.704252282360173
2019-01-18 14:58:30,746 
*** Major Checkpoint. Computing Stats and Saving
2019-01-18 14:58:30,746 	 Computing Major Stats lazily... 
2019-01-18 14:58:30,748 		 Completed edges=650 good=650 bad=0
2019-01-18 14:58:30,752 Distortion avg=0.8112052643023281 wc=27.786970103819563 me=0.9304000213084553 mc=29.86561636654064 nan_elements=0
2019-01-18 14:58:30,752 MAP = 0.07295771013217002
2019-01-18 14:58:30,753 scale=[array([1.])]
2019-01-18 14:58:30,753 *** End Major Checkpoint

2019-01-18 14:58:30,754 11 loss=0.6820619885629675
2019-01-18 14:58:30,754 12 loss=0.6613724707226294
2019-01-18 14:58:30,755 13 loss=0.6420567117174482
2019-01-18 14:58:30,756 14 loss=0.6239995064473485
2019-01-18 14:58:30,757 15 loss=0.6070964096737352
2019-01-18 14:58:30,758 16 loss=0.5912527296324698
2019-01-18 14:58:30,759 17 loss=0.5763825895251432
2019-01-18 14:58:30,760 18 loss=0.562408065229465
2019-01-18 14:58:30,761 19 loss=0.5492584003135602
2019-01-18 14:58:30,762 20 loss=0.5368692956441741
2019-01-18 14:58:30,762 
*** Major Checkpoint. Computing Stats and Saving
2019-01-18 14:58:30,762 	 Computing Major Stats lazily... 
2019-01-18 14:58:30,764 		 Completed edges=650 good=650 bad=0
2019-01-18 14:58:30,768 Distortion avg=0.6928336627580175 wc=23.185089522898632 me=1.371193404896829 mc=16.90869387214061 nan_elements=0
2019-01-18 14:58:30,768 MAP = 0.07451579971445597
2019-01-18 14:58:30,769 scale=[array([1.])]
2019-01-18 14:58:30,769 *** End Major Checkpoint

2019-01-18 14:58:30,770 21 loss=0.5251822689838854
2019-01-18 14:58:30,770 22 loss=0.5141440791412104
2019-01-18 14:58:30,771 23 loss=0.5037062090057534
2019-01-18 14:58:30,772 24 loss=0.4938244019035301
2019-01-18 14:58:30,773 25 loss=0.48445824599104326
2019-01-18 14:58:30,774 26 loss=0.475570801779781
2019-01-18 14:58:30,775 27 loss=0.46712826829175397
2019-01-18 14:58:30,776 28 loss=0.4590996837599556
2019-01-18 14:58:30,777 29 loss=0.4514566571871026
2019-01-18 14:58:30,778 30 loss=0.444173127451875
2019-01-18 14:58:30,778 
*** Major Checkpoint. Computing Stats and Saving
2019-01-18 14:58:30,778 	 Computing Major Stats lazily... 
2019-01-18 14:58:30,780 		 Completed edges=650 good=650 bad=0
2019-01-18 14:58:30,784 Distortion avg=0.6322735338053069 wc=19.156074067594233 me=1.552682745235002 mc=12.33740384272443 nan_elements=0
2019-01-18 14:58:30,784 MAP = 0.07858768130816925
2019-01-18 14:58:30,784 scale=[array([1.])]
2019-01-18 14:58:30,784 *** End Major Checkpoint

2019-01-18 14:58:30,785 31 loss=0.43722514699929593
2019-01-18 14:58:30,786 32 loss=0.43059068746919227
2019-01-18 14:58:30,787 33 loss=0.4242494649040182
2019-01-18 14:58:30,788 34 loss=0.41818278243592044
2019-01-18 14:58:30,789 35 loss=0.4123733885846183
2019-01-18 14:58:30,790 36 loss=0.40680534950457625
2019-01-18 14:58:30,791 37 loss=0.40146393370426336
2019-01-18 14:58:30,792 38 loss=0.39633550792415917
2019-01-18 14:58:30,792 39 loss=0.3914074430057246
2019-01-18 14:58:30,793 40 loss=0.3866680287126537
2019-01-18 14:58:30,793 
*** Major Checkpoint. Computing Stats and Saving
2019-01-18 14:58:30,794 	 Computing Major Stats lazily... 
2019-01-18 14:58:30,796 		 Completed edges=650 good=650 bad=0
2019-01-18 14:58:30,800 Distortion avg=0.5876698024358407 wc=16.02352449665547 me=1.6087228519863088 mc=9.960400871331588 nan_elements=0
2019-01-18 14:58:30,800 MAP = 0.09100026106840618
2019-01-18 14:58:30,800 scale=[array([1.])]
2019-01-18 14:58:30,800 *** End Major Checkpoint

2019-01-18 14:58:30,801 41 loss=0.3821063965802213
2019-01-18 14:58:30,802 42 loss=0.3777124499700046
2019-01-18 14:58:30,803 43 loss=0.3734768005971887
2019-01-18 14:58:30,804 44 loss=0.36939071087734754
2019-01-18 14:58:30,805 45 loss=0.36544604151022714
2019-01-18 14:58:30,806 46 loss=0.36163520378067415
2019-01-18 14:58:30,807 47 loss=0.35795111611237485
2019-01-18 14:58:30,807 48 loss=0.3543871644593488
2019-01-18 14:58:30,808 49 loss=0.3509371661638618
2019-01-18 14:58:30,809 50 loss=0.3475953369482767
2019-01-18 14:58:30,809 
*** Major Checkpoint. Computing Stats and Saving
2019-01-18 14:58:30,809 	 Computing Major Stats lazily... 
2019-01-18 14:58:30,812 		 Completed edges=650 good=650 bad=0
2019-01-18 14:58:30,816 Distortion avg=0.5505860592706185 wc=14.650097739443227 me=1.7270031585491028 mc=8.482959435784199 nan_elements=0
2019-01-18 14:58:30,816 MAP = 0.10403644585736334
2019-01-18 14:58:30,816 scale=[array([1.])]
2019-01-18 14:58:30,816 *** End Major Checkpoint

2019-01-18 14:58:30,816 final loss=0.3475953369482767
2019-01-18 14:58:30,816 best loss=0.3475953369482767, distortion=0.5505860592706185, map=0.10403644585736334, wc_dist=14.650097739443227
2019-01-18 14:58:30,816 	 Computing Major Stats lazily... 
2019-01-18 14:58:30,819 		 Completed edges=650 good=650 bad=0
2019-01-18 14:58:30,824 Distortion avg=0.5505860592706185 wc=14.650097739443227 me=1.7270031585491028 mc=8.482959435784199 nan_elements=0
2019-01-18 14:58:30,824 MAP = 0.10403644585736337
2019-01-18 14:58:30,824 scale=[array([1.])]
