2019-01-18 14:39:19,720 Commandline ['pytorch/pytorch_hyperbolic.py', 'learn', 'data/edges/parsing/ewt/ewt_dev/248.edges', '--dim', '0', '--hyp', '0', '--edim', '10', '--euc', '1', '--sdim', '0', '--sph', '0', '--log-name', 'ewt_devr2/248.edges.E10-1.lr1.log', '--batch-size', '65536', '--epochs', '50', '-g', '--subsample', '1024', '--learning-rate', '1']
2019-01-18 14:39:19,720 No Model Save selected!
2019-01-18 14:39:19,722 Loaded Graph data/edges/parsing/ewt/ewt_dev/248.edges with 22 nodes scale=1.0
2019-01-18 14:39:19,722 Building dataset
2019-01-18 14:39:19,722 Subsample: 22 points with scale 1.0 subsample=21
2019-01-18 14:39:19,747 Built Data Sampler
2019-01-18 14:39:19,747 Creating a fresh model warm_start?=None
2019-01-18 14:39:19,747 	 Warmstarting? None None 22
2019-01-18 14:39:19,748 Embedding() torch.Size([22, 10])
2019-01-18 14:39:19,748 relative No Rescale
2019-01-18 14:39:19,748 Constructed model with dim=0 and epochs=0 isnan=False
2019-01-18 14:39:19,748 SGD (
Parameter Group 0
    dampening: 0
    initial_lr: 0.1
    lr: 1.0
    momentum: 0.0
    nesterov: False
    weight_decay: 0

Parameter Group 1
    dampening: 0
    initial_lr: 0.1
    lr: 1.0
    momentum: 0.0
    nesterov: False
    weight_decay: 0

Parameter Group 2
    dampening: 0
    initial_lr: 0.1
    lr: 1.0
    momentum: 0.0
    nesterov: False
    weight_decay: 0

Parameter Group 3
    dampening: 0
    initial_lr: 0.0001
    lr: 0.001
    momentum: 0.0
    nesterov: False
    weight_decay: 0
)
2019-01-18 14:39:19,748 *** Initial Checkpoint. Computing Stats
2019-01-18 14:39:19,748 	 Computing Major Stats lazily... 
2019-01-18 14:39:19,751 		 Completed edges=462 good=462 bad=0
2019-01-18 14:39:19,754 Distortion avg=0.998370437665633 wc=16.030914227340986 me=0.005628252251848828 mc=2848.293486148383 nan_elements=0
2019-01-18 14:39:19,754 MAP = 0.16931513158011893
2019-01-18 14:39:19,755 scale=[array([1.])]
2019-01-18 14:39:19,755 *** End Initial Checkpoint

2019-01-18 14:39:19,813 1 loss=0.9967446269779616
2019-01-18 14:39:19,814 2 loss=0.9403775721429746
2019-01-18 14:39:19,815 3 loss=0.8875929802877436
2019-01-18 14:39:19,816 4 loss=0.839819381765121
2019-01-18 14:39:19,816 5 loss=0.7967086839701506
2019-01-18 14:39:19,817 6 loss=0.7577846685497907
2019-01-18 14:39:19,818 7 loss=0.7225837303098898
2019-01-18 14:39:19,819 8 loss=0.6906830597951202
2019-01-18 14:39:19,819 9 loss=0.661705668983327
2019-01-18 14:39:19,820 10 loss=0.6353187039945732
2019-01-18 14:39:19,821 11 loss=0.6112296402365127
2019-01-18 14:39:19,822 12 loss=0.5891819497459895
2019-01-18 14:39:19,823 13 loss=0.5689508502988895
2019-01-18 14:39:19,823 14 loss=0.5503393721242967
2019-01-18 14:39:19,824 15 loss=0.5331748210710541
2019-01-18 14:39:19,825 16 loss=0.5173056477427935
2019-01-18 14:39:19,826 17 loss=0.5025987014572026
2019-01-18 14:39:19,827 18 loss=0.4889368353139348
2019-01-18 14:39:19,827 19 loss=0.47621682482705596
2019-01-18 14:39:19,828 20 loss=0.4643475629941723
2019-01-18 14:39:19,829 21 loss=0.45324849707861253
2019-01-18 14:39:19,830 22 loss=0.4428482756115489
2019-01-18 14:39:19,831 23 loss=0.4330835775748644
2019-01-18 14:39:19,831 24 loss=0.42389809909462334
2019-01-18 14:39:19,832 25 loss=0.4152416761096555
2019-01-18 14:39:19,833 26 loss=0.40706952431704163
2019-01-18 14:39:19,834 27 loss=0.3993415802201271
2019-01-18 14:39:19,835 28 loss=0.3920219293239916
2019-01-18 14:39:19,836 29 loss=0.38507830945937305
2019-01-18 14:39:19,837 30 loss=0.3784816788956514
2019-01-18 14:39:19,837 31 loss=0.3722058403547683
2019-01-18 14:39:19,838 32 loss=0.366227113288377
2019-01-18 14:39:19,839 33 loss=0.3605240478556491
2019-01-18 14:39:19,840 34 loss=0.35507717496224867
2019-01-18 14:39:19,840 35 loss=0.349868787512764
2019-01-18 14:39:19,841 36 loss=0.34488274870760616
2019-01-18 14:39:19,842 37 loss=0.3401043237970183
2019-01-18 14:39:19,843 38 loss=0.3355200322032214
2019-01-18 14:39:19,844 39 loss=0.3311175173488361
2019-01-18 14:39:19,844 40 loss=0.32688543189583097
2019-01-18 14:39:19,845 41 loss=0.32281333641322424
2019-01-18 14:39:19,846 42 loss=0.31889160976116776
2019-01-18 14:39:19,847 43 loss=0.315111369710322
2019-01-18 14:39:19,848 44 loss=0.311464402514173
2019-01-18 14:39:19,848 45 loss=0.3079431003227872
2019-01-18 14:39:19,849 46 loss=0.3045404054735754
2019-01-18 14:39:19,850 47 loss=0.30124976082127614
2019-01-18 14:39:19,851 48 loss=0.2980650653785798
2019-01-18 14:39:19,852 49 loss=0.2949806346330615
2019-01-18 14:39:19,852 50 loss=0.29199116498749283
2019-01-18 14:39:19,853 final loss=0.29199116498749283
2019-01-18 14:39:19,853 best loss=10000000000.0, distortion=10000000000.0, map=0.0, wc_dist=10000000000.0
2019-01-18 14:39:19,853 	 Computing Major Stats lazily... 
2019-01-18 14:39:19,855 		 Completed edges=462 good=462 bad=0
2019-01-18 14:39:19,858 Distortion avg=0.4996698754446173 wc=12.28081105635175 me=1.8884038317867027 mc=6.503275861674316 nan_elements=0
2019-01-18 14:39:19,859 MAP = 0.1565257654907247
2019-01-18 14:39:19,859 scale=[array([1.])]
2019-01-18 15:11:12,400 Commandline ['pytorch/pytorch_hyperbolic.py', 'learn', 'data/edges/parsing/ewt/ewt_dev/248.edges', '--dim', '0', '--hyp', '0', '--edim', '10', '--euc', '1', '--sdim', '0', '--sph', '0', '--log-name', 'ewt_devr2/248.edges.E10-1.lr1.log', '--batch-size', '65536', '--epochs', '50', '--checkpoint-freq', '10', '-g', '--subsample', '1024', '--learning-rate', '1']
2019-01-18 15:11:12,401 No Model Save selected!
2019-01-18 15:11:12,403 Loaded Graph data/edges/parsing/ewt/ewt_dev/248.edges with 22 nodes scale=1.0
2019-01-18 15:11:12,403 Building dataset
2019-01-18 15:11:12,403 Subsample: 22 points with scale 1.0 subsample=21
2019-01-18 15:11:12,428 Built Data Sampler
2019-01-18 15:11:12,428 Creating a fresh model warm_start?=None
2019-01-18 15:11:12,428 	 Warmstarting? None None 22
2019-01-18 15:11:12,428 Embedding() torch.Size([22, 10])
2019-01-18 15:11:12,429 relative No Rescale
2019-01-18 15:11:12,429 Constructed model with dim=0 and epochs=0 isnan=False
2019-01-18 15:11:12,429 SGD (
Parameter Group 0
    dampening: 0
    initial_lr: 0.1
    lr: 1.0
    momentum: 0.0
    nesterov: False
    weight_decay: 0

Parameter Group 1
    dampening: 0
    initial_lr: 0.1
    lr: 1.0
    momentum: 0.0
    nesterov: False
    weight_decay: 0

Parameter Group 2
    dampening: 0
    initial_lr: 0.1
    lr: 1.0
    momentum: 0.0
    nesterov: False
    weight_decay: 0

Parameter Group 3
    dampening: 0
    initial_lr: 0.0001
    lr: 0.001
    momentum: 0.0
    nesterov: False
    weight_decay: 0
)
2019-01-18 15:11:12,429 *** Initial Checkpoint. Computing Stats
2019-01-18 15:11:12,429 	 Computing Major Stats lazily... 
2019-01-18 15:11:12,432 		 Completed edges=462 good=462 bad=0
2019-01-18 15:11:12,435 Distortion avg=0.998370437665633 wc=16.030914227340986 me=0.005628252251848828 mc=2848.293486148383 nan_elements=0
2019-01-18 15:11:12,435 MAP = 0.16931513158011893
2019-01-18 15:11:12,436 scale=[array([1.])]
2019-01-18 15:11:12,436 *** End Initial Checkpoint

2019-01-18 15:11:12,494 1 loss=0.9967446269779616
2019-01-18 15:11:12,495 2 loss=0.9403775721429746
2019-01-18 15:11:12,495 3 loss=0.8875929802877436
2019-01-18 15:11:12,496 4 loss=0.839819381765121
2019-01-18 15:11:12,497 5 loss=0.7967086839701506
2019-01-18 15:11:12,498 6 loss=0.7577846685497907
2019-01-18 15:11:12,498 7 loss=0.7225837303098898
2019-01-18 15:11:12,499 8 loss=0.6906830597951202
2019-01-18 15:11:12,500 9 loss=0.661705668983327
2019-01-18 15:11:12,501 10 loss=0.6353187039945732
2019-01-18 15:11:12,501 
*** Major Checkpoint. Computing Stats and Saving
2019-01-18 15:11:12,501 	 Computing Major Stats lazily... 
2019-01-18 15:11:12,503 		 Completed edges=462 good=462 bad=0
2019-01-18 15:11:12,507 Distortion avg=0.7586567793186111 wc=23.899585352159956 me=1.0952223257612945 mc=21.82167473215745 nan_elements=0
2019-01-18 15:11:12,507 MAP = 0.08595195896138762
2019-01-18 15:11:12,507 scale=[array([1.])]
2019-01-18 15:11:12,507 *** End Major Checkpoint

2019-01-18 15:11:12,508 11 loss=0.6112296402365125
2019-01-18 15:11:12,509 12 loss=0.5891819497459894
2019-01-18 15:11:12,510 13 loss=0.5689508502988897
2019-01-18 15:11:12,511 14 loss=0.5503393721242965
2019-01-18 15:11:12,511 15 loss=0.533174821071054
2019-01-18 15:11:12,512 16 loss=0.5173056477427936
2019-01-18 15:11:12,513 17 loss=0.5025987014572026
2019-01-18 15:11:12,514 18 loss=0.488936835313935
2019-01-18 15:11:12,515 19 loss=0.47621682482705613
2019-01-18 15:11:12,515 20 loss=0.4643475629941721
2019-01-18 15:11:12,515 
*** Major Checkpoint. Computing Stats and Saving
2019-01-18 15:11:12,515 	 Computing Major Stats lazily... 
2019-01-18 15:11:12,517 		 Completed edges=462 good=462 bad=0
2019-01-18 15:11:12,521 Distortion avg=0.6421082804573134 wc=18.35720503458244 me=1.4898416261928042 mc=12.321581510306643 nan_elements=0
2019-01-18 15:11:12,521 MAP = 0.08995386848820566
2019-01-18 15:11:12,521 scale=[array([1.])]
2019-01-18 15:11:12,521 *** End Major Checkpoint

2019-01-18 15:11:12,522 21 loss=0.45324849707861253
2019-01-18 15:11:12,523 22 loss=0.4428482756115489
2019-01-18 15:11:12,524 23 loss=0.4330835775748644
2019-01-18 15:11:12,524 24 loss=0.42389809909462317
2019-01-18 15:11:12,525 25 loss=0.41524167610965546
2019-01-18 15:11:12,526 26 loss=0.4070695243170416
2019-01-18 15:11:12,527 27 loss=0.39934158022012717
2019-01-18 15:11:12,528 28 loss=0.3920219293239917
2019-01-18 15:11:12,528 29 loss=0.3850783094593731
2019-01-18 15:11:12,529 30 loss=0.37848167889565154
2019-01-18 15:11:12,529 
*** Major Checkpoint. Computing Stats and Saving
2019-01-18 15:11:12,529 	 Computing Major Stats lazily... 
2019-01-18 15:11:12,531 		 Completed edges=462 good=462 bad=0
2019-01-18 15:11:12,535 Distortion avg=0.5841273726371854 wc=14.422157284642982 me=1.5811331333877194 mc=9.121406022111634 nan_elements=0
2019-01-18 15:11:12,535 MAP = 0.10151192562324
2019-01-18 15:11:12,535 scale=[array([1.])]
2019-01-18 15:11:12,535 *** End Major Checkpoint

2019-01-18 15:11:12,536 31 loss=0.37220584035476817
2019-01-18 15:11:12,537 32 loss=0.3662271132883772
2019-01-18 15:11:12,537 33 loss=0.3605240478556491
2019-01-18 15:11:12,538 34 loss=0.3550771749622484
2019-01-18 15:11:12,539 35 loss=0.349868787512764
2019-01-18 15:11:12,540 36 loss=0.34488274870760627
2019-01-18 15:11:12,541 37 loss=0.3401043237970185
2019-01-18 15:11:12,541 38 loss=0.33552003220322124
2019-01-18 15:11:12,542 39 loss=0.33111751734883627
2019-01-18 15:11:12,543 40 loss=0.32688543189583086
2019-01-18 15:11:12,543 
*** Major Checkpoint. Computing Stats and Saving
2019-01-18 15:11:12,543 	 Computing Major Stats lazily... 
2019-01-18 15:11:12,545 		 Completed edges=462 good=462 bad=0
2019-01-18 15:11:12,548 Distortion avg=0.5378531485545781 wc=13.04548487074054 me=1.739794079373957 mc=7.4982924849559165 nan_elements=0
2019-01-18 15:11:12,548 MAP = 0.12301045730858567
2019-01-18 15:11:12,549 scale=[array([1.])]
2019-01-18 15:11:12,549 *** End Major Checkpoint

2019-01-18 15:11:12,549 41 loss=0.3228133364132243
2019-01-18 15:11:12,550 42 loss=0.31889160976116765
2019-01-18 15:11:12,551 43 loss=0.315111369710322
2019-01-18 15:11:12,552 44 loss=0.31146440251417296
2019-01-18 15:11:12,553 45 loss=0.3079431003227871
2019-01-18 15:11:12,553 46 loss=0.3045404054735754
2019-01-18 15:11:12,554 47 loss=0.3012497608212761
2019-01-18 15:11:12,555 48 loss=0.2980650653785798
2019-01-18 15:11:12,556 49 loss=0.29498063463306157
2019-01-18 15:11:12,556 50 loss=0.2919911649874929
2019-01-18 15:11:12,557 
*** Major Checkpoint. Computing Stats and Saving
2019-01-18 15:11:12,557 	 Computing Major Stats lazily... 
2019-01-18 15:11:12,559 		 Completed edges=462 good=462 bad=0
2019-01-18 15:11:12,562 Distortion avg=0.499669875444617 wc=12.280811056351748 me=1.8884038317867025 mc=6.503275861674316 nan_elements=0
2019-01-18 15:11:12,562 MAP = 0.1565257654907247
2019-01-18 15:11:12,562 scale=[array([1.])]
2019-01-18 15:11:12,562 *** End Major Checkpoint

2019-01-18 15:11:12,562 final loss=0.2919911649874929
2019-01-18 15:11:12,562 best loss=0.2919911649874929, distortion=0.499669875444617, map=0.1565257654907247, wc_dist=12.280811056351748
2019-01-18 15:11:12,563 	 Computing Major Stats lazily... 
2019-01-18 15:11:12,564 		 Completed edges=462 good=462 bad=0
2019-01-18 15:11:12,568 Distortion avg=0.4996698754446176 wc=12.280811056351748 me=1.8884038317867025 mc=6.503275861674316 nan_elements=0
2019-01-18 15:11:12,568 MAP = 0.15652576549072472
2019-01-18 15:11:12,568 scale=[array([1.])]
