2019-01-18 14:47:53,207 Commandline ['pytorch/pytorch_hyperbolic.py', 'learn', 'data/edges/parsing/ewt/ewt_dev/250.edges', '--dim', '0', '--hyp', '0', '--edim', '10', '--euc', '1', '--sdim', '0', '--sph', '0', '--log-name', 'ewt_devr2/250.edges.E10-1.lr1.log', '--batch-size', '65536', '--epochs', '50', '--checkpoint-freq', '10', '-g', '--subsample', '1024', '--learning-rate', '1']
2019-01-18 14:47:53,207 No Model Save selected!
2019-01-18 14:47:53,209 Loaded Graph data/edges/parsing/ewt/ewt_dev/250.edges with 10 nodes scale=1.0
2019-01-18 14:47:53,209 Building dataset
2019-01-18 14:47:53,209 Subsample: 10 points with scale 1.0 subsample=9
2019-01-18 14:47:53,218 Built Data Sampler
2019-01-18 14:47:53,218 Creating a fresh model warm_start?=None
2019-01-18 14:47:53,218 	 Warmstarting? None None 10
2019-01-18 14:47:53,218 Embedding() torch.Size([10, 10])
2019-01-18 14:47:53,219 relative No Rescale
2019-01-18 14:47:53,219 Constructed model with dim=0 and epochs=0 isnan=False
2019-01-18 14:47:53,219 SGD (
Parameter Group 0
    dampening: 0
    initial_lr: 0.1
    lr: 1.0
    momentum: 0.0
    nesterov: False
    weight_decay: 0

Parameter Group 1
    dampening: 0
    initial_lr: 0.1
    lr: 1.0
    momentum: 0.0
    nesterov: False
    weight_decay: 0

Parameter Group 2
    dampening: 0
    initial_lr: 0.1
    lr: 1.0
    momentum: 0.0
    nesterov: False
    weight_decay: 0

Parameter Group 3
    dampening: 0
    initial_lr: 0.0001
    lr: 0.001
    momentum: 0.0
    nesterov: False
    weight_decay: 0
)
2019-01-18 14:47:53,219 *** Initial Checkpoint. Computing Stats
2019-01-18 14:47:53,219 	 Computing Major Stats lazily... 
2019-01-18 14:47:53,220 		 Completed edges=90 good=90 bad=0
2019-01-18 14:47:53,222 Distortion avg=0.9977629314642046 wc=6.973439704997463 me=0.006175139488820474 mc=1129.2764669724852 nan_elements=0
2019-01-18 14:47:53,222 MAP = 0.4872619047619048
2019-01-18 14:47:53,222 scale=[array([1.])]
2019-01-18 14:47:53,223 *** End Initial Checkpoint

2019-01-18 14:47:53,281 1 loss=0.995532853525652
2019-01-18 14:47:53,281 2 loss=0.7946183288625336
2019-01-18 14:47:53,282 3 loss=0.6514476351108487
2019-01-18 14:47:53,282 4 loss=0.5550321193251576
2019-01-18 14:47:53,283 5 loss=0.4888557495171108
2019-01-18 14:47:53,283 6 loss=0.44189390427094816
2019-01-18 14:47:53,284 7 loss=0.4071964724895787
2019-01-18 14:47:53,284 8 loss=0.380438051248641
2019-01-18 14:47:53,285 9 loss=0.3589291736401458
2019-01-18 14:47:53,285 10 loss=0.34098946677134934
2019-01-18 14:47:53,286 
*** Major Checkpoint. Computing Stats and Saving
2019-01-18 14:47:53,286 	 Computing Major Stats lazily... 
2019-01-18 14:47:53,286 		 Completed edges=90 good=90 bad=0
2019-01-18 14:47:53,288 Distortion avg=0.5303910569788125 wc=8.553393584513941 me=1.358804493948526 mc=6.294793417748263 nan_elements=0
2019-01-18 14:47:53,288 MAP = 0.22099206349206352
2019-01-18 14:47:53,288 scale=[array([1.])]
2019-01-18 14:47:53,288 *** End Major Checkpoint

2019-01-18 14:47:53,289 11 loss=0.3255594615322803
2019-01-18 14:47:53,289 12 loss=0.3119622162138325
2019-01-18 14:47:53,290 13 loss=0.29975729082625
2019-01-18 14:47:53,290 14 loss=0.2886512667985969
2019-01-18 14:47:53,291 15 loss=0.278442831379144
2019-01-18 14:47:53,291 16 loss=0.26898900442082857
2019-01-18 14:47:53,292 17 loss=0.2601843162136954
2019-01-18 14:47:53,293 18 loss=0.25194792875820093
2019-01-18 14:47:53,293 19 loss=0.24421563145045574
2019-01-18 14:47:53,294 20 loss=0.2369348261577238
2019-01-18 14:47:53,294 
*** Major Checkpoint. Computing Stats and Saving
2019-01-18 14:47:53,294 	 Computing Major Stats lazily... 
2019-01-18 14:47:53,295 		 Completed edges=90 good=90 bad=0
2019-01-18 14:47:53,296 Distortion avg=0.44207508291721015 wc=6.846095552922868 me=1.4289248995852728 mc=4.791081431158391 nan_elements=0
2019-01-18 14:47:53,297 MAP = 0.4257936507936508
2019-01-18 14:47:53,297 scale=[array([1.])]
2019-01-18 14:47:53,297 *** End Major Checkpoint

2019-01-18 14:47:53,297 21 loss=0.23006134286501553
2019-01-18 14:47:53,298 22 loss=0.2235573743536518
2019-01-18 14:47:53,298 23 loss=0.2173900947015324
2019-01-18 14:47:53,299 24 loss=0.21153069725510892
2019-01-18 14:47:53,299 25 loss=0.20595369311352762
2019-01-18 14:47:53,300 26 loss=0.20063637572969995
2019-01-18 14:47:53,300 27 loss=0.19555839629452668
2019-01-18 14:47:53,301 28 loss=0.19070141774149796
2019-01-18 14:47:53,301 29 loss=0.18604882856313737
2019-01-18 14:47:53,302 30 loss=0.1815855050219442
2019-01-18 14:47:53,302 
*** Major Checkpoint. Computing Stats and Saving
2019-01-18 14:47:53,302 	 Computing Major Stats lazily... 
2019-01-18 14:47:53,303 		 Completed edges=90 good=90 bad=0
2019-01-18 14:47:53,304 Distortion avg=0.37326887972861433 wc=5.9410455111504845 me=1.43003229517951 mc=4.154483455497565 nan_elements=0
2019-01-18 14:47:53,304 MAP = 0.8216666666666665
2019-01-18 14:47:53,305 scale=[array([1.])]
2019-01-18 14:47:53,305 *** End Major Checkpoint

2019-01-18 14:47:53,305 31 loss=0.17729761420947956
2019-01-18 14:47:53,306 32 loss=0.1731724522935072
2019-01-18 14:47:53,306 33 loss=0.1691983131414245
2019-01-18 14:47:53,307 34 loss=0.16536438288248453
2019-01-18 14:47:53,307 35 loss=0.16166065618810238
2019-01-18 14:47:53,308 36 loss=0.15807787026886408
2019-01-18 14:47:53,309 37 loss=0.15460745287338098
2019-01-18 14:47:53,309 38 loss=0.15124148093812181
2019-01-18 14:47:53,310 39 loss=0.14797264696159587
2019-01-18 14:47:53,310 40 loss=0.144794230632952
2019-01-18 14:47:53,310 
*** Major Checkpoint. Computing Stats and Saving
2019-01-18 14:47:53,310 	 Computing Major Stats lazily... 
2019-01-18 14:47:53,311 		 Completed edges=90 good=90 bad=0
2019-01-18 14:47:53,313 Distortion avg=0.32473758945024384 wc=5.1073686788331445 me=1.4016119026904705 mc=3.6439250187796435 nan_elements=0
2019-01-18 14:47:53,313 MAP = 0.9138888888888888
2019-01-18 14:47:53,313 scale=[array([1.])]
2019-01-18 14:47:53,313 *** End Major Checkpoint

2019-01-18 14:47:53,313 41 loss=0.14170007370569426
2019-01-18 14:47:53,314 42 loss=0.13868455654776352
2019-01-18 14:47:53,314 43 loss=0.1357425752021468
2019-01-18 14:47:53,315 44 loss=0.1328695181465697
2019-01-18 14:47:53,315 45 loss=0.13006124224163623
2019-01-18 14:47:53,316 46 loss=0.12731404760348167
2019-01-18 14:47:53,316 47 loss=0.12462465133229893
2019-01-18 14:47:53,317 48 loss=0.12199016017667955
2019-01-18 14:47:53,317 49 loss=0.11940804232133322
2019-01-18 14:47:53,318 50 loss=0.11687609855847489
2019-01-18 14:47:53,318 
*** Major Checkpoint. Computing Stats and Saving
2019-01-18 14:47:53,318 	 Computing Major Stats lazily... 
2019-01-18 14:47:53,319 		 Completed edges=90 good=90 bad=0
2019-01-18 14:47:53,320 Distortion avg=0.28587668698603647 wc=4.320495342944358 me=1.3619369643964465 mc=3.172316675360244 nan_elements=0
2019-01-18 14:47:53,320 MAP = 1.0
2019-01-18 14:47:53,321 scale=[array([1.])]
2019-01-18 14:47:53,321 *** End Major Checkpoint

2019-01-18 14:47:53,321 final loss=0.11687609855847489
2019-01-18 14:47:53,321 best loss=0.11687609855847489, distortion=0.28587668698603647, map=1.0, wc_dist=4.320495342944358
2019-01-18 14:47:53,321 	 Computing Major Stats lazily... 
2019-01-18 14:47:53,321 		 Completed edges=90 good=90 bad=0
2019-01-18 14:47:53,323 Distortion avg=0.28587668698603647 wc=4.320495342944358 me=1.3619369643964465 mc=3.172316675360244 nan_elements=0
2019-01-18 14:47:53,323 MAP = 1.0
2019-01-18 14:47:53,323 scale=[array([1.])]
