2019-01-18 14:57:48,780 Commandline ['pytorch/pytorch_hyperbolic.py', 'learn', 'data/edges/parsing/ewt/ewt_dev/252.edges', '--dim', '0', '--hyp', '0', '--edim', '10', '--euc', '1', '--sdim', '0', '--sph', '0', '--log-name', 'ewt_devr2/252.edges.E10-1.lr1.log', '--batch-size', '65536', '--epochs', '50', '--checkpoint-freq', '10', '-g', '--subsample', '1024', '--learning-rate', '1']
2019-01-18 14:57:48,780 No Model Save selected!
2019-01-18 14:57:48,782 Loaded Graph data/edges/parsing/ewt/ewt_dev/252.edges with 10 nodes scale=1.0
2019-01-18 14:57:48,782 Building dataset
2019-01-18 14:57:48,783 Subsample: 10 points with scale 1.0 subsample=9
2019-01-18 14:57:48,790 Built Data Sampler
2019-01-18 14:57:48,790 Creating a fresh model warm_start?=None
2019-01-18 14:57:48,791 	 Warmstarting? None None 10
2019-01-18 14:57:48,791 Embedding() torch.Size([10, 10])
2019-01-18 14:57:48,791 relative No Rescale
2019-01-18 14:57:48,791 Constructed model with dim=0 and epochs=0 isnan=False
2019-01-18 14:57:48,792 SGD (
Parameter Group 0
    dampening: 0
    initial_lr: 0.1
    lr: 1.0
    momentum: 0.0
    nesterov: False
    weight_decay: 0

Parameter Group 1
    dampening: 0
    initial_lr: 0.1
    lr: 1.0
    momentum: 0.0
    nesterov: False
    weight_decay: 0

Parameter Group 2
    dampening: 0
    initial_lr: 0.1
    lr: 1.0
    momentum: 0.0
    nesterov: False
    weight_decay: 0

Parameter Group 3
    dampening: 0
    initial_lr: 0.0001
    lr: 0.001
    momentum: 0.0
    nesterov: False
    weight_decay: 0
)
2019-01-18 14:57:48,792 *** Initial Checkpoint. Computing Stats
2019-01-18 14:57:48,792 	 Computing Major Stats lazily... 
2019-01-18 14:57:48,793 		 Completed edges=90 good=90 bad=0
2019-01-18 14:57:48,794 Distortion avg=0.9974858623777345 wc=8.644826731554632 me=0.005941110731069004 mc=1455.0859465295875 nan_elements=0
2019-01-18 14:57:48,794 MAP = 0.2545833333333334
2019-01-18 14:57:48,795 scale=[array([1.])]
2019-01-18 14:57:48,795 *** End Initial Checkpoint

2019-01-18 14:57:48,851 1 loss=0.9949798131143586
2019-01-18 14:57:48,852 2 loss=0.7517481423372862
2019-01-18 14:57:48,853 3 loss=0.5931672732497777
2019-01-18 14:57:48,853 4 loss=0.4917237662096802
2019-01-18 14:57:48,854 5 loss=0.4225906451418898
2019-01-18 14:57:48,854 6 loss=0.3724293232394698
2019-01-18 14:57:48,854 7 loss=0.3340807645791698
2019-01-18 14:57:48,855 8 loss=0.30355629933290823
2019-01-18 14:57:48,855 9 loss=0.27851934364047537
2019-01-18 14:57:48,856 10 loss=0.2575230370905892
2019-01-18 14:57:48,856 
*** Major Checkpoint. Computing Stats and Saving
2019-01-18 14:57:48,856 	 Computing Major Stats lazily... 
2019-01-18 14:57:48,857 		 Completed edges=90 good=90 bad=0
2019-01-18 14:57:48,859 Distortion avg=0.4560704062217746 wc=6.489977452589804 me=1.3226192736934703 mc=4.906912806786996 nan_elements=0
2019-01-18 14:57:48,859 MAP = 0.31128968253968253
2019-01-18 14:57:48,859 scale=[array([1.])]
2019-01-18 14:57:48,859 *** End Major Checkpoint

2019-01-18 14:57:48,860 11 loss=0.2396197823102901
2019-01-18 14:57:48,860 12 loss=0.22415522989314887
2019-01-18 14:57:48,861 13 loss=0.21065577585805634
2019-01-18 14:57:48,861 14 loss=0.19876483735863432
2019-01-18 14:57:48,862 15 loss=0.1882053737034326
2019-01-18 14:57:48,862 16 loss=0.17875697618998984
2019-01-18 14:57:48,863 17 loss=0.17024129113475348
2019-01-18 14:57:48,863 18 loss=0.16251234597592043
2019-01-18 14:57:48,864 19 loss=0.1554498393634195
2019-01-18 14:57:48,864 20 loss=0.14895427298651925
2019-01-18 14:57:48,864 
*** Major Checkpoint. Computing Stats and Saving
2019-01-18 14:57:48,864 	 Computing Major Stats lazily... 
2019-01-18 14:57:48,865 		 Completed edges=90 good=90 bad=0
2019-01-18 14:57:48,866 Distortion avg=0.33664443409574923 wc=4.6497995087138975 me=1.5025558804243544 mc=3.0945933986832443 nan_elements=0
2019-01-18 14:57:48,866 MAP = 0.5799603174603175
2019-01-18 14:57:48,867 scale=[array([1.])]
2019-01-18 14:57:48,867 *** End Major Checkpoint

2019-01-18 14:57:48,867 21 loss=0.14294326329193477
2019-01-18 14:57:48,868 22 loss=0.13734863715547233
2019-01-18 14:57:48,868 23 loss=0.13211407198545497
2019-01-18 14:57:48,869 24 loss=0.12719313373072236
2019-01-18 14:57:48,869 25 loss=0.1225476216685675
2019-01-18 14:57:48,870 26 loss=0.11814616161893234
2019-01-18 14:57:48,870 27 loss=0.11396300829715873
2019-01-18 14:57:48,871 28 loss=0.10997702833979782
2019-01-18 14:57:48,871 29 loss=0.10617084151788324
2019-01-18 14:57:48,872 30 loss=0.10253010092252078
2019-01-18 14:57:48,872 
*** Major Checkpoint. Computing Stats and Saving
2019-01-18 14:57:48,872 	 Computing Major Stats lazily... 
2019-01-18 14:57:48,872 		 Completed edges=90 good=90 bad=0
2019-01-18 14:57:48,874 Distortion avg=0.26966203149306656 wc=3.714440097164878 me=1.4620290248659777 mc=2.540606262933375 nan_elements=0
2019-01-18 14:57:48,874 MAP = 0.8315079365079365
2019-01-18 14:57:48,874 scale=[array([1.])]
2019-01-18 14:57:48,874 *** End Major Checkpoint

2019-01-18 14:57:48,875 31 loss=0.09904289479175503
2019-01-18 14:57:48,875 32 loss=0.09569925393649288
2019-01-18 14:57:48,876 33 loss=0.09249074985399908
2019-01-18 14:57:48,876 34 loss=0.08941016979563107
2019-01-18 14:57:48,877 35 loss=0.0864512563425579
2019-01-18 14:57:48,877 36 loss=0.08360850042022538
2019-01-18 14:57:48,878 37 loss=0.08087697809419335
2019-01-18 14:57:48,878 38 loss=0.0782522228741518
2019-01-18 14:57:48,879 39 loss=0.07573012655569135
2019-01-18 14:57:48,879 40 loss=0.07330686281287854
2019-01-18 14:57:48,879 
*** Major Checkpoint. Computing Stats and Saving
2019-01-18 14:57:48,880 	 Computing Major Stats lazily... 
2019-01-18 14:57:48,880 		 Completed edges=90 good=90 bad=0
2019-01-18 14:57:48,882 Distortion avg=0.2270735344564925 wc=3.0806018374721775 me=1.380634975331503 mc=2.231293493584354 nan_elements=0
2019-01-18 14:57:48,882 MAP = 1.0
2019-01-18 14:57:48,882 scale=[array([1.])]
2019-01-18 14:57:48,882 *** End Major Checkpoint

2019-01-18 14:57:48,883 41 loss=0.0709788287979061
2019-01-18 14:57:48,883 42 loss=0.06874260090070067
2019-01-18 14:57:48,884 43 loss=0.06659490157592485
2019-01-18 14:57:48,884 44 loss=0.06453257476892746
2019-01-18 14:57:48,885 45 loss=0.06255256798126359
2019-01-18 14:57:48,885 46 loss=0.06065191942709961
2019-01-18 14:57:48,886 47 loss=0.05882774906041127
2019-01-18 14:57:48,886 48 loss=0.057077252514252295
2019-01-18 14:57:48,887 49 loss=0.055397697200508064
2019-01-18 14:57:48,887 50 loss=0.05378641998241579
2019-01-18 14:57:48,887 
*** Major Checkpoint. Computing Stats and Saving
2019-01-18 14:57:48,887 	 Computing Major Stats lazily... 
2019-01-18 14:57:48,888 		 Completed edges=90 good=90 bad=0
2019-01-18 14:57:48,889 Distortion avg=0.19421566973662177 wc=2.6350864780316643 me=1.3232981745928436 mc=1.9913021332795502 nan_elements=0
2019-01-18 14:57:48,889 MAP = 1.0
2019-01-18 14:57:48,890 scale=[array([1.])]
2019-01-18 14:57:48,890 *** End Major Checkpoint

2019-01-18 14:57:48,890 final loss=0.05378641998241579
2019-01-18 14:57:48,890 best loss=0.05378641998241579, distortion=0.19421566973662177, map=1.0, wc_dist=2.6350864780316643
2019-01-18 14:57:48,890 	 Computing Major Stats lazily... 
2019-01-18 14:57:48,890 		 Completed edges=90 good=90 bad=0
2019-01-18 14:57:48,892 Distortion avg=0.19421566973662177 wc=2.6350864780316643 me=1.3232981745928436 mc=1.9913021332795502 nan_elements=0
2019-01-18 14:57:48,892 MAP = 1.0
2019-01-18 14:57:48,892 scale=[array([1.])]
