2019-01-18 14:55:43,251 Commandline ['pytorch/pytorch_hyperbolic.py', 'learn', 'data/edges/parsing/ewt/ewt_dev/254.edges', '--dim', '0', '--hyp', '0', '--edim', '10', '--euc', '1', '--sdim', '0', '--sph', '0', '--log-name', 'ewt_devr2/254.edges.E10-1.lr1.log', '--batch-size', '65536', '--epochs', '50', '--checkpoint-freq', '10', '-g', '--subsample', '1024', '--learning-rate', '1']
2019-01-18 14:55:43,251 No Model Save selected!
2019-01-18 14:55:43,252 Loaded Graph data/edges/parsing/ewt/ewt_dev/254.edges with 11 nodes scale=1.0
2019-01-18 14:55:43,252 Building dataset
2019-01-18 14:55:43,253 Subsample: 11 points with scale 1.0 subsample=10
2019-01-18 14:55:43,262 Built Data Sampler
2019-01-18 14:55:43,262 Creating a fresh model warm_start?=None
2019-01-18 14:55:43,262 	 Warmstarting? None None 11
2019-01-18 14:55:43,263 Embedding() torch.Size([11, 10])
2019-01-18 14:55:43,263 relative No Rescale
2019-01-18 14:55:43,263 Constructed model with dim=0 and epochs=0 isnan=False
2019-01-18 14:55:43,263 SGD (
Parameter Group 0
    dampening: 0
    initial_lr: 0.1
    lr: 1.0
    momentum: 0.0
    nesterov: False
    weight_decay: 0

Parameter Group 1
    dampening: 0
    initial_lr: 0.1
    lr: 1.0
    momentum: 0.0
    nesterov: False
    weight_decay: 0

Parameter Group 2
    dampening: 0
    initial_lr: 0.1
    lr: 1.0
    momentum: 0.0
    nesterov: False
    weight_decay: 0

Parameter Group 3
    dampening: 0
    initial_lr: 0.0001
    lr: 0.001
    momentum: 0.0
    nesterov: False
    weight_decay: 0
)
2019-01-18 14:55:43,264 *** Initial Checkpoint. Computing Stats
2019-01-18 14:55:43,264 	 Computing Major Stats lazily... 
2019-01-18 14:55:43,265 		 Completed edges=110 good=110 bad=0
2019-01-18 14:55:43,267 Distortion avg=0.9978751312301463 wc=8.62120210332498 me=0.006009979300171955 mc=1434.481164199403 nan_elements=0
2019-01-18 14:55:43,267 MAP = 0.32301106301106297
2019-01-18 14:55:43,267 scale=[array([1.])]
2019-01-18 14:55:43,267 *** End Initial Checkpoint

2019-01-18 14:55:43,325 1 loss=0.9957565127591769
2019-01-18 14:55:43,325 2 loss=0.8129234091967199
2019-01-18 14:55:43,326 3 loss=0.6785013662233412
2019-01-18 14:55:43,327 4 loss=0.5829313480989023
2019-01-18 14:55:43,327 5 loss=0.5137538872618944
2019-01-18 14:55:43,328 6 loss=0.4624481480112857
2019-01-18 14:55:43,328 7 loss=0.42339253971699575
2019-01-18 14:55:43,329 8 loss=0.39287588575025145
2019-01-18 14:55:43,329 9 loss=0.3684223993593032
2019-01-18 14:55:43,330 10 loss=0.34835652968072345
2019-01-18 14:55:43,330 
*** Major Checkpoint. Computing Stats and Saving
2019-01-18 14:55:43,330 	 Computing Major Stats lazily... 
2019-01-18 14:55:43,331 		 Completed edges=110 good=110 bad=0
2019-01-18 14:55:43,332 Distortion avg=0.5335049776904972 wc=10.811318138412886 me=1.3343752761312386 mc=8.102157115619077 nan_elements=0
2019-01-18 14:55:43,332 MAP = 0.1965909090909091
2019-01-18 14:55:43,333 scale=[array([1.])]
2019-01-18 14:55:43,333 *** End Major Checkpoint

2019-01-18 14:55:43,333 11 loss=0.3315258610261415
2019-01-18 14:55:43,334 12 loss=0.3171242703230933
2019-01-18 14:55:43,334 13 loss=0.3045781182700965
2019-01-18 14:55:43,335 14 loss=0.2934721697892024
2019-01-18 14:55:43,335 15 loss=0.28350075563856575
2019-01-18 14:55:43,336 16 loss=0.27443514511802225
2019-01-18 14:55:43,336 17 loss=0.26610145895997706
2019-01-18 14:55:43,337 18 loss=0.25836552377311095
2019-01-18 14:55:43,337 19 loss=0.25112235681577183
2019-01-18 14:55:43,338 20 loss=0.24428877760979753
2019-01-18 14:55:43,338 
*** Major Checkpoint. Computing Stats and Saving
2019-01-18 14:55:43,338 	 Computing Major Stats lazily... 
2019-01-18 14:55:43,339 		 Completed edges=110 good=110 bad=0
2019-01-18 14:55:43,341 Distortion avg=0.44982249713336314 wc=8.63317826636556 me=1.5606105803176933 mc=5.531923450504933 nan_elements=0
2019-01-18 14:55:43,341 MAP = 0.3839466089466089
2019-01-18 14:55:43,341 scale=[array([1.])]
2019-01-18 14:55:43,341 *** End Major Checkpoint

2019-01-18 14:55:43,341 21 loss=0.2377981555851376
2019-01-18 14:55:43,342 22 loss=0.231596632446438
2019-01-18 14:55:43,342 23 loss=0.22564037246878013
2019-01-18 14:55:43,343 24 loss=0.21989353539253859
2019-01-18 14:55:43,344 25 loss=0.2143267610547517
2019-01-18 14:55:43,344 26 loss=0.20891601875174187
2019-01-18 14:55:43,345 27 loss=0.20364171800551525
2019-01-18 14:55:43,345 28 loss=0.19848800762635554
2019-01-18 14:55:43,346 29 loss=0.19344221110808793
2019-01-18 14:55:43,346 30 loss=0.18849436134789424
2019-01-18 14:55:43,346 
*** Major Checkpoint. Computing Stats and Saving
2019-01-18 14:55:43,346 	 Computing Major Stats lazily... 
2019-01-18 14:55:43,347 		 Completed edges=110 good=110 bad=0
2019-01-18 14:55:43,349 Distortion avg=0.3831306601615834 wc=6.833437168818629 me=1.5815312774007866 mc=4.320772700777211 nan_elements=0
2019-01-18 14:55:43,349 MAP = 0.6199494949494949
2019-01-18 14:55:43,349 scale=[array([1.])]
2019-01-18 14:55:43,349 *** End Major Checkpoint

2019-01-18 14:55:43,350 31 loss=0.18363680836906437
2019-01-18 14:55:43,350 32 loss=0.17886388142925744
2019-01-18 14:55:43,351 33 loss=0.1741715924870443
2019-01-18 14:55:43,351 34 loss=0.1695573720661357
2019-01-18 14:55:43,352 35 loss=0.1650198315051707
2019-01-18 14:55:43,352 36 loss=0.16055854769381048
2019-01-18 14:55:43,353 37 loss=0.15617386787460386
2019-01-18 14:55:43,353 38 loss=0.15186673308286958
2019-01-18 14:55:43,354 39 loss=0.1476385194170322
2019-01-18 14:55:43,354 40 loss=0.14349089666948966
2019-01-18 14:55:43,354 
*** Major Checkpoint. Computing Stats and Saving
2019-01-18 14:55:43,354 	 Computing Major Stats lazily... 
2019-01-18 14:55:43,355 		 Completed edges=110 good=110 bad=0
2019-01-18 14:55:43,357 Distortion avg=0.32698707912173586 wc=5.382360925567263 me=1.5597679852548074 mc=3.4507445828156214 nan_elements=0
2019-01-18 14:55:43,357 MAP = 0.8156565656565656
2019-01-18 14:55:43,357 scale=[array([1.])]
2019-01-18 14:55:43,357 *** End Major Checkpoint

2019-01-18 14:55:43,358 41 loss=0.13942570397711485
2019-01-18 14:55:43,358 42 loss=0.13544484213261865
2019-01-18 14:55:43,359 43 loss=0.13155018208490452
2019-01-18 14:55:43,359 44 loss=0.12774348899083593
2019-01-18 14:55:43,360 45 loss=0.1240263609965891
2019-01-18 14:55:43,360 46 loss=0.12040018174993984
2019-01-18 14:55:43,361 47 loss=0.11686608549380861
2019-01-18 14:55:43,361 48 loss=0.11342493347770552
2019-01-18 14:55:43,362 49 loss=0.11007730035300897
2019-01-18 14:55:43,362 50 loss=0.10682346919112687
2019-01-18 14:55:43,363 
*** Major Checkpoint. Computing Stats and Saving
2019-01-18 14:55:43,363 	 Computing Major Stats lazily... 
2019-01-18 14:55:43,363 		 Completed edges=110 good=110 bad=0
2019-01-18 14:55:43,365 Distortion avg=0.2794473267691487 wc=4.186403935539711 me=1.480215949038925 mc=2.828238635219314 nan_elements=0
2019-01-18 14:55:43,365 MAP = 1.0
2019-01-18 14:55:43,365 scale=[array([1.])]
2019-01-18 14:55:43,365 *** End Major Checkpoint

2019-01-18 14:55:43,365 final loss=0.10682346919112687
2019-01-18 14:55:43,365 best loss=0.10682346919112687, distortion=0.2794473267691487, map=1.0, wc_dist=4.186403935539711
2019-01-18 14:55:43,366 	 Computing Major Stats lazily... 
2019-01-18 14:55:43,366 		 Completed edges=110 good=110 bad=0
2019-01-18 14:55:43,368 Distortion avg=0.2794473267691488 wc=4.186403935539711 me=1.480215949038925 mc=2.828238635219314 nan_elements=0
2019-01-18 14:55:43,368 MAP = 1.0
2019-01-18 14:55:43,368 scale=[array([1.])]
