2019-01-18 14:54:36,219 Commandline ['pytorch/pytorch_hyperbolic.py', 'learn', 'data/edges/parsing/ewt/ewt_dev/256.edges', '--dim', '0', '--hyp', '0', '--edim', '10', '--euc', '1', '--sdim', '0', '--sph', '0', '--log-name', 'ewt_devr2/256.edges.E10-1.lr1.log', '--batch-size', '65536', '--epochs', '50', '--checkpoint-freq', '10', '-g', '--subsample', '1024', '--learning-rate', '1']
2019-01-18 14:54:36,220 No Model Save selected!
2019-01-18 14:54:36,221 Loaded Graph data/edges/parsing/ewt/ewt_dev/256.edges with 7 nodes scale=1.0
2019-01-18 14:54:36,221 Building dataset
2019-01-18 14:54:36,222 Subsample: 7 points with scale 1.0 subsample=6
2019-01-18 14:54:36,227 Built Data Sampler
2019-01-18 14:54:36,227 Creating a fresh model warm_start?=None
2019-01-18 14:54:36,227 	 Warmstarting? None None 7
2019-01-18 14:54:36,227 Embedding() torch.Size([7, 10])
2019-01-18 14:54:36,228 relative No Rescale
2019-01-18 14:54:36,228 Constructed model with dim=0 and epochs=0 isnan=False
2019-01-18 14:54:36,228 SGD (
Parameter Group 0
    dampening: 0
    initial_lr: 0.1
    lr: 1.0
    momentum: 0.0
    nesterov: False
    weight_decay: 0

Parameter Group 1
    dampening: 0
    initial_lr: 0.1
    lr: 1.0
    momentum: 0.0
    nesterov: False
    weight_decay: 0

Parameter Group 2
    dampening: 0
    initial_lr: 0.1
    lr: 1.0
    momentum: 0.0
    nesterov: False
    weight_decay: 0

Parameter Group 3
    dampening: 0
    initial_lr: 0.0001
    lr: 0.001
    momentum: 0.0
    nesterov: False
    weight_decay: 0
)
2019-01-18 14:54:36,228 *** Initial Checkpoint. Computing Stats
2019-01-18 14:54:36,228 	 Computing Major Stats lazily... 
2019-01-18 14:54:36,229 		 Completed edges=42 good=42 bad=0
2019-01-18 14:54:36,230 Distortion avg=0.9971946766487773 wc=5.448327215027938 me=0.005628252251848828 mc=968.0318100949036 nan_elements=0
2019-01-18 14:54:36,230 MAP = 0.3182539682539683
2019-01-18 14:54:36,231 scale=[array([1.])]
2019-01-18 14:54:36,231 *** End Initial Checkpoint

2019-01-18 14:54:36,288 1 loss=0.9943994119881152
2019-01-18 14:54:36,289 2 loss=0.5724585302175691
2019-01-18 14:54:36,289 3 loss=0.401448921071204
2019-01-18 14:54:36,290 4 loss=0.3218248618547334
2019-01-18 14:54:36,290 5 loss=0.27357671396874117
2019-01-18 14:54:36,291 6 loss=0.23879921297200815
2019-01-18 14:54:36,291 7 loss=0.21165703167551767
2019-01-18 14:54:36,292 8 loss=0.18979661631318656
2019-01-18 14:54:36,292 9 loss=0.1719442207348862
2019-01-18 14:54:36,293 10 loss=0.1572207461754226
2019-01-18 14:54:36,293 
*** Major Checkpoint. Computing Stats and Saving
2019-01-18 14:54:36,293 	 Computing Major Stats lazily... 
2019-01-18 14:54:36,293 		 Completed edges=42 good=42 bad=0
2019-01-18 14:54:36,294 Distortion avg=0.34664423909037323 wc=3.328672465275984 me=1.3152643625534464 mc=2.5308010769893583 nan_elements=0
2019-01-18 14:54:36,294 MAP = 0.6841269841269841
2019-01-18 14:54:36,295 scale=[array([1.])]
2019-01-18 14:54:36,295 *** End Major Checkpoint

2019-01-18 14:54:36,295 11 loss=0.14494158571380472
2019-01-18 14:54:36,295 12 loss=0.1345551907316961
2019-01-18 14:54:36,296 13 loss=0.12561980778871198
2019-01-18 14:54:36,296 14 loss=0.11778906275443488
2019-01-18 14:54:36,297 15 loss=0.11079860007700468
2019-01-18 14:54:36,297 16 loss=0.10445248666451863
2019-01-18 14:54:36,298 17 loss=0.09860983592664435
2019-01-18 14:54:36,298 18 loss=0.09317236481014608
2019-01-18 14:54:36,299 19 loss=0.088073436434409
2019-01-18 14:54:36,299 20 loss=0.08326889985758953
2019-01-18 14:54:36,299 
*** Major Checkpoint. Computing Stats and Saving
2019-01-18 14:54:36,299 	 Computing Major Stats lazily... 
2019-01-18 14:54:36,300 		 Completed edges=42 good=42 bad=0
2019-01-18 14:54:36,301 Distortion avg=0.24476991328530245 wc=2.450115624229806 me=1.2935039403044424 mc=1.8941694322578875 nan_elements=0
2019-01-18 14:54:36,301 MAP = 1.0
2019-01-18 14:54:36,301 scale=[array([1.])]
2019-01-18 14:54:36,301 *** End Major Checkpoint

2019-01-18 14:54:36,302 21 loss=0.07872981315208732
2019-01-18 14:54:36,302 22 loss=0.07443695495068196
2019-01-18 14:54:36,302 23 loss=0.07037690444006858
2019-01-18 14:54:36,303 24 loss=0.06653940315017677
2019-01-18 14:54:36,303 25 loss=0.06291569735014649
2019-01-18 14:54:36,304 26 loss=0.05949758372520989
2019-01-18 14:54:36,304 27 loss=0.05627692694239778
2019-01-18 14:54:36,305 28 loss=0.05324547119106385
2019-01-18 14:54:36,305 29 loss=0.05039481857207571
2019-01-18 14:54:36,306 30 loss=0.047716489743908956
2019-01-18 14:54:36,306 
*** Major Checkpoint. Computing Stats and Saving
2019-01-18 14:54:36,306 	 Computing Major Stats lazily... 
2019-01-18 14:54:36,306 		 Completed edges=42 good=42 bad=0
2019-01-18 14:54:36,307 Distortion avg=0.18848795958004422 wc=1.920716163151523 me=1.2099052813492142 mc=1.5874929986334592 nan_elements=0
2019-01-18 14:54:36,307 MAP = 1.0
2019-01-18 14:54:36,308 scale=[array([1.])]
2019-01-18 14:54:36,308 *** End Major Checkpoint

2019-01-18 14:54:36,308 31 loss=0.045202014684530896
2019-01-18 14:54:36,309 32 loss=0.04284302432952625
2019-01-18 14:54:36,309 33 loss=0.04063132887905959
2019-01-18 14:54:36,309 34 loss=0.03855897770917536
2019-01-18 14:54:36,310 35 loss=0.03661830088694077
2019-01-18 14:54:36,310 36 loss=0.03480193472033269
2019-01-18 14:54:36,311 37 loss=0.03310283462665262
2019-01-18 14:54:36,311 38 loss=0.031514278591820946
2019-01-18 14:54:36,312 39 loss=0.030029864070008766
2019-01-18 14:54:36,312 40 loss=0.028643500606606524
2019-01-18 14:54:36,312 
*** Major Checkpoint. Computing Stats and Saving
2019-01-18 14:54:36,312 	 Computing Major Stats lazily... 
2019-01-18 14:54:36,313 		 Completed edges=42 good=42 bad=0
2019-01-18 14:54:36,314 Distortion avg=0.14655509237886138 wc=1.6317884603741664 me=1.167265021596541 mc=1.3979588441211643 nan_elements=0
2019-01-18 14:54:36,314 MAP = 1.0
2019-01-18 14:54:36,314 scale=[array([1.])]
2019-01-18 14:54:36,314 *** End Major Checkpoint

2019-01-18 14:54:36,315 41 loss=0.027349399902869897
2019-01-18 14:54:36,315 42 loss=0.026142064546704615
2019-01-18 14:54:36,316 43 loss=0.025016276235243856
2019-01-18 14:54:36,316 44 loss=0.023967084011312142
2019-01-18 14:54:36,316 45 loss=0.022989792816234415
2019-01-18 14:54:36,317 46 loss=0.022079952510264893
2019-01-18 14:54:36,317 47 loss=0.021233347413497253
2019-01-18 14:54:36,318 48 loss=0.02044598636051783
2019-01-18 14:54:36,318 49 loss=0.019714093229752903
2019-01-18 14:54:36,319 50 loss=0.019034097894438072
2019-01-18 14:54:36,319 
*** Major Checkpoint. Computing Stats and Saving
2019-01-18 14:54:36,319 	 Computing Major Stats lazily... 
2019-01-18 14:54:36,319 		 Completed edges=42 good=42 bad=0
2019-01-18 14:54:36,320 Distortion avg=0.12090273939613537 wc=1.5092640065442173 me=1.1741313668657547 mc=1.2854302756369342 nan_elements=0
2019-01-18 14:54:36,320 MAP = 1.0
2019-01-18 14:54:36,321 scale=[array([1.])]
2019-01-18 14:54:36,321 *** End Major Checkpoint

2019-01-18 14:54:36,321 final loss=0.019034097894438072
2019-01-18 14:54:36,321 best loss=0.019034097894438072, distortion=0.12090273939613537, map=1.0, wc_dist=1.5092640065442173
2019-01-18 14:54:36,321 	 Computing Major Stats lazily... 
2019-01-18 14:54:36,321 		 Completed edges=42 good=42 bad=0
2019-01-18 14:54:36,323 Distortion avg=0.12090273939613538 wc=1.5092640065442173 me=1.1741313668657547 mc=1.2854302756369342 nan_elements=0
2019-01-18 14:54:36,323 MAP = 1.0
2019-01-18 14:54:36,323 scale=[array([1.])]
