2019-01-18 14:52:23,052 Commandline ['pytorch/pytorch_hyperbolic.py', 'learn', 'data/edges/parsing/ewt/ewt_dev/258.edges', '--dim', '0', '--hyp', '0', '--edim', '10', '--euc', '1', '--sdim', '0', '--sph', '0', '--log-name', 'ewt_devr2/258.edges.E10-1.lr1.log', '--batch-size', '65536', '--epochs', '50', '--checkpoint-freq', '10', '-g', '--subsample', '1024', '--learning-rate', '1']
2019-01-18 14:52:23,052 No Model Save selected!
2019-01-18 14:52:23,054 Loaded Graph data/edges/parsing/ewt/ewt_dev/258.edges with 11 nodes scale=1.0
2019-01-18 14:52:23,054 Building dataset
2019-01-18 14:52:23,054 Subsample: 11 points with scale 1.0 subsample=10
2019-01-18 14:52:23,063 Built Data Sampler
2019-01-18 14:52:23,064 Creating a fresh model warm_start?=None
2019-01-18 14:52:23,064 	 Warmstarting? None None 11
2019-01-18 14:52:23,064 Embedding() torch.Size([11, 10])
2019-01-18 14:52:23,065 relative No Rescale
2019-01-18 14:52:23,065 Constructed model with dim=0 and epochs=0 isnan=False
2019-01-18 14:52:23,065 SGD (
Parameter Group 0
    dampening: 0
    initial_lr: 0.1
    lr: 1.0
    momentum: 0.0
    nesterov: False
    weight_decay: 0

Parameter Group 1
    dampening: 0
    initial_lr: 0.1
    lr: 1.0
    momentum: 0.0
    nesterov: False
    weight_decay: 0

Parameter Group 2
    dampening: 0
    initial_lr: 0.1
    lr: 1.0
    momentum: 0.0
    nesterov: False
    weight_decay: 0

Parameter Group 3
    dampening: 0
    initial_lr: 0.0001
    lr: 0.001
    momentum: 0.0
    nesterov: False
    weight_decay: 0
)
2019-01-18 14:52:23,066 *** Initial Checkpoint. Computing Stats
2019-01-18 14:52:23,066 	 Computing Major Stats lazily... 
2019-01-18 14:52:23,067 		 Completed edges=110 good=110 bad=0
2019-01-18 14:52:23,069 Distortion avg=0.9976956591224515 wc=6.321888169288414 me=0.005941110731069004 mc=1064.0919611594068 nan_elements=0
2019-01-18 14:52:23,069 MAP = 0.20682118807118807
2019-01-18 14:52:23,069 scale=[array([1.])]
2019-01-18 14:52:23,069 *** End Initial Checkpoint

2019-01-18 14:52:23,130 1 loss=0.9953983817685613
2019-01-18 14:52:23,131 2 loss=0.7860836434754781
2019-01-18 14:52:23,132 3 loss=0.6414870933400566
2019-01-18 14:52:23,133 4 loss=0.5428159867808248
2019-01-18 14:52:23,133 5 loss=0.47246688169324697
2019-01-18 14:52:23,134 6 loss=0.41992942343344597
2019-01-18 14:52:23,135 7 loss=0.3790144357137979
2019-01-18 14:52:23,135 8 loss=0.34601582582268786
2019-01-18 14:52:23,136 9 loss=0.3186514480085987
2019-01-18 14:52:23,137 10 loss=0.2954663254014233
2019-01-18 14:52:23,137 
*** Major Checkpoint. Computing Stats and Saving
2019-01-18 14:52:23,137 	 Computing Major Stats lazily... 
2019-01-18 14:52:23,138 		 Completed edges=110 good=110 bad=0
2019-01-18 14:52:23,140 Distortion avg=0.49260969797066934 wc=5.831272820615964 me=1.2961253553974341 mc=4.499003739362776 nan_elements=0
2019-01-18 14:52:23,140 MAP = 0.2073803511303511
2019-01-18 14:52:23,141 scale=[array([1.])]
2019-01-18 14:52:23,141 *** End Major Checkpoint

2019-01-18 14:52:23,142 11 loss=0.2754958651343474
2019-01-18 14:52:23,142 12 loss=0.25807372083693303
2019-01-18 14:52:23,143 13 loss=0.24272041598888366
2019-01-18 14:52:23,144 14 loss=0.22907752707586823
2019-01-18 14:52:23,144 15 loss=0.2168679384313553
2019-01-18 14:52:23,145 16 loss=0.2058712679091236
2019-01-18 14:52:23,145 17 loss=0.19590828075350902
2019-01-18 14:52:23,146 18 loss=0.18683072786879865
2019-01-18 14:52:23,147 19 loss=0.1785145180171038
2019-01-18 14:52:23,147 20 loss=0.17085497561342008
2019-01-18 14:52:23,147 
*** Major Checkpoint. Computing Stats and Saving
2019-01-18 14:52:23,147 	 Computing Major Stats lazily... 
2019-01-18 14:52:23,148 		 Completed edges=110 good=110 bad=0
2019-01-18 14:52:23,150 Distortion avg=0.3711591341454552 wc=4.470565576451158 me=1.5298299635999468 mc=2.922263050679937 nan_elements=0
2019-01-18 14:52:23,150 MAP = 0.49036796536796534
2019-01-18 14:52:23,150 scale=[array([1.])]
2019-01-18 14:52:23,150 *** End Major Checkpoint

2019-01-18 14:52:23,151 21 loss=0.16376342561234536
2019-01-18 14:52:23,151 22 loss=0.15716463716033252
2019-01-18 14:52:23,152 23 loss=0.1509948328560271
2019-01-18 14:52:23,152 24 loss=0.14520007822616385
2019-01-18 14:52:23,153 25 loss=0.13973493357021124
2019-01-18 14:52:23,153 26 loss=0.1345612933971523
2019-01-18 14:52:23,154 27 loss=0.12964736650587794
2019-01-18 14:52:23,155 28 loss=0.12496676783026194
2019-01-18 14:52:23,155 29 loss=0.12049770479432036
2019-01-18 14:52:23,156 30 loss=0.11622224816384186
2019-01-18 14:52:23,156 
*** Major Checkpoint. Computing Stats and Saving
2019-01-18 14:52:23,156 	 Computing Major Stats lazily... 
2019-01-18 14:52:23,156 		 Completed edges=110 good=110 bad=0
2019-01-18 14:52:23,158 Distortion avg=0.3025287892855504 wc=3.5672223188067482 me=1.5370151948046924 mc=2.320876417399395 nan_elements=0
2019-01-18 14:52:23,159 MAP = 0.8343253968253967
2019-01-18 14:52:23,159 scale=[array([1.])]
2019-01-18 14:52:23,159 *** End Major Checkpoint

2019-01-18 14:52:23,159 31 loss=0.1121256815853087
2019-01-18 14:52:23,160 32 loss=0.10819592610879103
2019-01-18 14:52:23,161 33 loss=0.10442303669403903
2019-01-18 14:52:23,161 34 loss=0.10079876753350722
2019-01-18 14:52:23,162 35 loss=0.09731620240505219
2019-01-18 14:52:23,162 36 loss=0.09396944549682194
2019-01-18 14:52:23,163 37 loss=0.09075336743801712
2019-01-18 14:52:23,163 38 loss=0.08766340074851083
2019-01-18 14:52:23,164 39 loss=0.08469537864576042
2019-01-18 14:52:23,164 40 loss=0.08184541112543921
2019-01-18 14:52:23,164 
*** Major Checkpoint. Computing Stats and Saving
2019-01-18 14:52:23,164 	 Computing Major Stats lazily... 
2019-01-18 14:52:23,165 		 Completed edges=110 good=110 bad=0
2019-01-18 14:52:23,167 Distortion avg=0.25325244530350743 wc=2.880604830379554 me=1.4519708032942535 mc=1.9839275168922086 nan_elements=0
2019-01-18 14:52:23,167 MAP = 0.9848484848484848
2019-01-18 14:52:23,167 scale=[array([1.])]
2019-01-18 14:52:23,167 *** End Major Checkpoint

2019-01-18 14:52:23,167 41 loss=0.07910979243484036
2019-01-18 14:52:23,168 42 loss=0.07648493443848668
2019-01-18 14:52:23,168 43 loss=0.07396732087981207
2019-01-18 14:52:23,169 44 loss=0.0715534781193328
2019-01-18 14:52:23,170 45 loss=0.06923995853342321
2019-01-18 14:52:23,170 46 loss=0.06702333335309173
2019-01-18 14:52:23,171 47 loss=0.06490019228334312
2019-01-18 14:52:23,171 48 loss=0.06286714775421708
2019-01-18 14:52:23,172 49 loss=0.06092084210543062
2019-01-18 14:52:23,172 50 loss=0.05905795639467097
2019-01-18 14:52:23,172 
*** Major Checkpoint. Computing Stats and Saving
2019-01-18 14:52:23,172 	 Computing Major Stats lazily... 
2019-01-18 14:52:23,173 		 Completed edges=110 good=110 bad=0
2019-01-18 14:52:23,175 Distortion avg=0.21468412177390042 wc=2.3911555288573703 me=1.3546708460229075 mc=1.7651192065418788 nan_elements=0
2019-01-18 14:52:23,175 MAP = 1.0
2019-01-18 14:52:23,175 scale=[array([1.])]
2019-01-18 14:52:23,175 *** End Major Checkpoint

2019-01-18 14:52:23,175 final loss=0.05905795639467097
2019-01-18 14:52:23,175 best loss=0.05905795639467097, distortion=0.21468412177390042, map=1.0, wc_dist=2.3911555288573703
2019-01-18 14:52:23,175 	 Computing Major Stats lazily... 
2019-01-18 14:52:23,176 		 Completed edges=110 good=110 bad=0
2019-01-18 14:52:23,178 Distortion avg=0.21468412177390028 wc=2.3911555288573703 me=1.3546708460229075 mc=1.7651192065418788 nan_elements=0
2019-01-18 14:52:23,178 MAP = 1.0
2019-01-18 14:52:23,178 scale=[array([1.])]
