2019-01-18 14:56:38,672 Commandline ['pytorch/pytorch_hyperbolic.py', 'learn', 'data/edges/parsing/ewt/ewt_dev/26.edges', '--dim', '0', '--hyp', '0', '--edim', '10', '--euc', '1', '--sdim', '0', '--sph', '0', '--log-name', 'ewt_devr2/26.edges.E10-1.lr1.log', '--batch-size', '65536', '--epochs', '50', '--checkpoint-freq', '10', '-g', '--subsample', '1024', '--learning-rate', '1']
2019-01-18 14:56:38,672 No Model Save selected!
2019-01-18 14:56:38,674 Loaded Graph data/edges/parsing/ewt/ewt_dev/26.edges with 16 nodes scale=1.0
2019-01-18 14:56:38,674 Building dataset
2019-01-18 14:56:38,675 Subsample: 16 points with scale 1.0 subsample=15
2019-01-18 14:56:38,690 Built Data Sampler
2019-01-18 14:56:38,690 Creating a fresh model warm_start?=None
2019-01-18 14:56:38,690 	 Warmstarting? None None 16
2019-01-18 14:56:38,691 Embedding() torch.Size([16, 10])
2019-01-18 14:56:38,691 relative No Rescale
2019-01-18 14:56:38,691 Constructed model with dim=0 and epochs=0 isnan=False
2019-01-18 14:56:38,691 SGD (
Parameter Group 0
    dampening: 0
    initial_lr: 0.1
    lr: 1.0
    momentum: 0.0
    nesterov: False
    weight_decay: 0

Parameter Group 1
    dampening: 0
    initial_lr: 0.1
    lr: 1.0
    momentum: 0.0
    nesterov: False
    weight_decay: 0

Parameter Group 2
    dampening: 0
    initial_lr: 0.1
    lr: 1.0
    momentum: 0.0
    nesterov: False
    weight_decay: 0

Parameter Group 3
    dampening: 0
    initial_lr: 0.0001
    lr: 0.001
    momentum: 0.0
    nesterov: False
    weight_decay: 0
)
2019-01-18 14:56:38,691 *** Initial Checkpoint. Computing Stats
2019-01-18 14:56:38,692 	 Computing Major Stats lazily... 
2019-01-18 14:56:38,693 		 Completed edges=240 good=240 bad=0
2019-01-18 14:56:38,696 Distortion avg=0.9982439337048306 wc=10.755648228954842 me=0.005782055204075799 mc=1860.1773676206226 nan_elements=0
2019-01-18 14:56:38,696 MAP = 0.22514273920523922
2019-01-18 14:56:38,696 scale=[array([1.])]
2019-01-18 14:56:38,696 *** End Initial Checkpoint

2019-01-18 14:56:38,754 1 loss=0.9964922607236227
2019-01-18 14:56:38,755 2 loss=0.9068654153584866
2019-01-18 14:56:38,755 3 loss=0.8276931248420154
2019-01-18 14:56:38,756 4 loss=0.7602981933488605
2019-01-18 14:56:38,757 5 loss=0.7030806256824554
2019-01-18 14:56:38,757 6 loss=0.6544133720300507
2019-01-18 14:56:38,758 7 loss=0.6128728296383078
2019-01-18 14:56:38,758 8 loss=0.5772588785842528
2019-01-18 14:56:38,759 9 loss=0.5465738480833642
2019-01-18 14:56:38,760 10 loss=0.5199934003801726
2019-01-18 14:56:38,760 
*** Major Checkpoint. Computing Stats and Saving
2019-01-18 14:56:38,760 	 Computing Major Stats lazily... 
2019-01-18 14:56:38,761 		 Completed edges=240 good=240 bad=0
2019-01-18 14:56:38,764 Distortion avg=0.6567580120471231 wc=13.020961507692178 me=1.0457214655166607 mc=12.451653654502442 nan_elements=0
2019-01-18 14:56:38,764 MAP = 0.12431467837717837
2019-01-18 14:56:38,764 scale=[array([1.])]
2019-01-18 14:56:38,764 *** End Major Checkpoint

2019-01-18 14:56:38,765 11 loss=0.4968381928836523
2019-01-18 14:56:38,766 12 loss=0.4765488228084575
2019-01-18 14:56:38,766 13 loss=0.4586645294383474
2019-01-18 14:56:38,767 14 loss=0.4428054367021783
2019-01-18 14:56:38,767 15 loss=0.4286579010286436
2019-01-18 14:56:38,768 16 loss=0.4159624924424168
2019-01-18 14:56:38,769 17 loss=0.40450416854160726
2019-01-18 14:56:38,769 18 loss=0.3941042556741575
2019-01-18 14:56:38,770 19 loss=0.38461391019289004
2019-01-18 14:56:38,771 20 loss=0.3759087873321522
2019-01-18 14:56:38,771 
*** Major Checkpoint. Computing Stats and Saving
2019-01-18 14:56:38,771 	 Computing Major Stats lazily... 
2019-01-18 14:56:38,772 		 Completed edges=240 good=240 bad=0
2019-01-18 14:56:38,775 Distortion avg=0.5716367900746252 wc=11.35033560420026 me=1.436293599385347 mc=7.902517708814944 nan_elements=0
2019-01-18 14:56:38,775 MAP = 0.14753885003885003
2019-01-18 14:56:38,775 scale=[array([1.])]
2019-01-18 14:56:38,776 *** End Major Checkpoint

2019-01-18 14:56:38,776 21 loss=0.3678846932456696
2019-01-18 14:56:38,777 22 loss=0.36045403654248465
2019-01-18 14:56:38,778 23 loss=0.3535429296832772
2019-01-18 14:56:38,779 24 loss=0.34708881864437124
2019-01-18 14:56:38,780 25 loss=0.3410385421978359
2019-01-18 14:56:38,780 26 loss=0.33534674082946275
2019-01-18 14:56:38,781 27 loss=0.32997455046718405
2019-01-18 14:56:38,782 28 loss=0.3248885284604789
2019-01-18 14:56:38,783 29 loss=0.3200597691736043
2019-01-18 14:56:38,783 30 loss=0.3154631745765476
2019-01-18 14:56:38,783 
*** Major Checkpoint. Computing Stats and Saving
2019-01-18 14:56:38,783 	 Computing Major Stats lazily... 
2019-01-18 14:56:38,785 		 Completed edges=240 good=240 bad=0
2019-01-18 14:56:38,787 Distortion avg=0.5190179538075715 wc=10.196292724364588 me=1.6143468099871334 mc=6.31604848554559 nan_elements=0
2019-01-18 14:56:38,788 MAP = 0.18514236342361345
2019-01-18 14:56:38,788 scale=[array([1.])]
2019-01-18 14:56:38,788 *** End Major Checkpoint

2019-01-18 14:56:38,789 31 loss=0.3110768517016176
2019-01-18 14:56:38,789 32 loss=0.30688161407706205
2019-01-18 14:56:38,790 33 loss=0.3028605684922047
2019-01-18 14:56:38,791 34 loss=0.29899877188529816
2019-01-18 14:56:38,791 35 loss=0.29528294593189336
2019-01-18 14:56:38,792 36 loss=0.291701239173772
2019-01-18 14:56:38,793 37 loss=0.2882430283674927
2019-01-18 14:56:38,793 38 loss=0.2848987522286252
2019-01-18 14:56:38,794 39 loss=0.2816597719681322
2019-01-18 14:56:38,795 40 loss=0.2785182540136635
2019-01-18 14:56:38,795 
*** Major Checkpoint. Computing Stats and Saving
2019-01-18 14:56:38,795 	 Computing Major Stats lazily... 
2019-01-18 14:56:38,796 		 Completed edges=240 good=240 bad=0
2019-01-18 14:56:38,799 Distortion avg=0.47774069707571215 wc=9.526174737068658 me=1.7402030838463058 mc=5.47417414984308 nan_elements=0
2019-01-18 14:56:38,799 MAP = 0.28211108336108337
2019-01-18 14:56:38,799 scale=[array([1.])]
2019-01-18 14:56:38,799 *** End Major Checkpoint

2019-01-18 14:56:38,800 41 loss=0.27546707112306
2019-01-18 14:56:38,800 42 loss=0.27249971876423723
2019-01-18 14:56:38,801 43 loss=0.2696102441823497
2019-01-18 14:56:38,801 44 loss=0.2667931860239686
2019-01-18 14:56:38,802 45 loss=0.2640435227569438
2019-01-18 14:56:38,803 46 loss=0.2613566284282665
2019-01-18 14:56:38,804 47 loss=0.2587282345524427
2019-01-18 14:56:38,804 48 loss=0.2561543971292857
2019-01-18 14:56:38,805 49 loss=0.25363146796047714
2019-01-18 14:56:38,805 50 loss=0.25115606957515296
2019-01-18 14:56:38,806 
*** Major Checkpoint. Computing Stats and Saving
2019-01-18 14:56:38,806 	 Computing Major Stats lazily... 
2019-01-18 14:56:38,807 		 Completed edges=240 good=240 bad=0
2019-01-18 14:56:38,809 Distortion avg=0.4469042681542697 wc=8.822392159759394 me=1.7901366501437173 mc=4.928334470472468 nan_elements=0
2019-01-18 14:56:38,809 MAP = 0.35935865349927854
2019-01-18 14:56:38,809 scale=[array([1.])]
2019-01-18 14:56:38,810 *** End Major Checkpoint

2019-01-18 14:56:38,810 final loss=0.25115606957515296
2019-01-18 14:56:38,810 best loss=0.25115606957515296, distortion=0.4469042681542697, map=0.35935865349927854, wc_dist=8.822392159759394
2019-01-18 14:56:38,810 	 Computing Major Stats lazily... 
2019-01-18 14:56:38,811 		 Completed edges=240 good=240 bad=0
2019-01-18 14:56:38,813 Distortion avg=0.4469042681542697 wc=8.822392159759394 me=1.7901366501437173 mc=4.928334470472468 nan_elements=0
2019-01-18 14:56:38,813 MAP = 0.3593586534992786
2019-01-18 14:56:38,814 scale=[array([1.])]
