2019-01-18 14:42:24,414 Commandline ['pytorch/pytorch_hyperbolic.py', 'learn', 'data/edges/parsing/ewt/ewt_dev/261.edges', '--dim', '0', '--hyp', '0', '--edim', '10', '--euc', '1', '--sdim', '0', '--sph', '0', '--log-name', 'ewt_devr2/261.edges.E10-1.lr1.log', '--batch-size', '65536', '--epochs', '50', '-g', '--subsample', '1024', '--learning-rate', '1']
2019-01-18 14:42:24,415 No Model Save selected!
2019-01-18 14:42:24,416 Loaded Graph data/edges/parsing/ewt/ewt_dev/261.edges with 4 nodes scale=1.0
2019-01-18 14:42:24,416 Building dataset
2019-01-18 14:42:24,417 Subsample: 4 points with scale 1.0 subsample=3
2019-01-18 14:42:24,420 Built Data Sampler
2019-01-18 14:42:24,420 Creating a fresh model warm_start?=None
2019-01-18 14:42:24,420 	 Warmstarting? None None 4
2019-01-18 14:42:24,420 Embedding() torch.Size([4, 10])
2019-01-18 14:42:24,421 relative No Rescale
2019-01-18 14:42:24,421 Constructed model with dim=0 and epochs=0 isnan=False
2019-01-18 14:42:24,421 SGD (
Parameter Group 0
    dampening: 0
    initial_lr: 0.1
    lr: 1.0
    momentum: 0.0
    nesterov: False
    weight_decay: 0

Parameter Group 1
    dampening: 0
    initial_lr: 0.1
    lr: 1.0
    momentum: 0.0
    nesterov: False
    weight_decay: 0

Parameter Group 2
    dampening: 0
    initial_lr: 0.1
    lr: 1.0
    momentum: 0.0
    nesterov: False
    weight_decay: 0

Parameter Group 3
    dampening: 0
    initial_lr: 0.0001
    lr: 0.001
    momentum: 0.0
    nesterov: False
    weight_decay: 0
)
2019-01-18 14:42:24,421 *** Initial Checkpoint. Computing Stats
2019-01-18 14:42:24,421 	 Computing Major Stats lazily... 
2019-01-18 14:42:24,422 		 Completed edges=12 good=12 bad=0
2019-01-18 14:42:24,423 Distortion avg=0.9966404299181114 wc=3.2869580912217393 me=0.005628252251848828 mc=584.0104430539702 nan_elements=0
2019-01-18 14:42:24,423 MAP = 0.5
2019-01-18 14:42:24,423 scale=[array([1.])]
2019-01-18 14:42:24,423 *** End Initial Checkpoint

2019-01-18 14:42:24,481 1 loss=0.9932946490341571
2019-01-18 14:42:24,481 2 loss=0.2407395144924753
2019-01-18 14:42:24,482 3 loss=0.1294833284649695
2019-01-18 14:42:24,482 4 loss=0.07888125022286527
2019-01-18 14:42:24,483 5 loss=0.05111446373423253
2019-01-18 14:42:24,483 6 loss=0.035110241552562343
2019-01-18 14:42:24,484 7 loss=0.02553088144826274
2019-01-18 14:42:24,484 8 loss=0.01952698322341952
2019-01-18 14:42:24,485 9 loss=0.015603051035423412
2019-01-18 14:42:24,485 10 loss=0.01294279876686467
2019-01-18 14:42:24,485 11 loss=0.011080267580807442
2019-01-18 14:42:24,486 12 loss=0.009739192030568788
2019-01-18 14:42:24,486 13 loss=0.008750077509507341
2019-01-18 14:42:24,487 14 loss=0.008005510421100225
2019-01-18 14:42:24,487 15 loss=0.00743530225563032
2019-01-18 14:42:24,488 16 loss=0.006992263995116508
2019-01-18 14:42:24,488 17 loss=0.006643831475188717
2019-01-18 14:42:24,488 18 loss=0.006366996279128556
2019-01-18 14:42:24,489 19 loss=0.0061451537737712515
2019-01-18 14:42:24,489 20 loss=0.005966092316536989
2019-01-18 14:42:24,490 21 loss=0.00582067911886724
2019-01-18 14:42:24,490 22 loss=0.005701981819181498
2019-01-18 14:42:24,491 23 loss=0.005604668880595393
2019-01-18 14:42:24,491 24 loss=0.005524592303003056
2019-01-18 14:42:24,492 25 loss=0.005458491969625524
2019-01-18 14:42:24,492 26 loss=0.0054037826825149285
2019-01-18 14:42:24,493 27 loss=0.00535839840338033
2019-01-18 14:42:24,493 28 loss=0.0053206767205548665
2019-01-18 14:42:24,494 29 loss=0.005289272036446989
2019-01-18 14:42:24,494 30 loss=0.005263089554618169
2019-01-18 14:42:24,495 31 loss=0.005241234532094112
2019-01-18 14:42:24,495 32 loss=0.005222972875700671
2019-01-18 14:42:24,496 33 loss=0.005207700267418497
2019-01-18 14:42:24,496 34 loss=0.005194917772591086
2019-01-18 14:42:24,496 35 loss=0.0051842124260252365
2019-01-18 14:42:24,497 36 loss=0.005175241676609974
2019-01-18 14:42:24,497 37 loss=0.005167720848972987
2019-01-18 14:42:24,498 38 loss=0.005161412983185449
2019-01-18 14:42:24,498 39 loss=0.005156120562642375
2019-01-18 14:42:24,499 40 loss=0.00515167875117728
2019-01-18 14:42:24,499 41 loss=0.005147949843805555
2019-01-18 14:42:24,499 42 loss=0.005144818698686664
2019-01-18 14:42:24,500 43 loss=0.005142188966251414
2019-01-18 14:42:24,500 44 loss=0.005139979968761199
2019-01-18 14:42:24,501 45 loss=0.005138124112604783
2019-01-18 14:42:24,501 46 loss=0.005136564738407268
2019-01-18 14:42:24,502 47 loss=0.005135254332007701
2019-01-18 14:42:24,502 48 loss=0.005134153033657964
2019-01-18 14:42:24,502 49 loss=0.0051332273942311475
2019-01-18 14:42:24,503 50 loss=0.0051324493364284995
2019-01-18 14:42:24,503 final loss=0.0051324493364284995
2019-01-18 14:42:24,503 best loss=10000000000.0, distortion=10000000000.0, map=0.0, wc_dist=10000000000.0
2019-01-18 14:42:24,503 	 Computing Major Stats lazily... 
2019-01-18 14:42:24,503 		 Completed edges=12 good=12 bad=0
2019-01-18 14:42:24,504 Distortion avg=0.07145200514321905 wc=1.1548810574391133 me=1.066326818975048 mc=1.083046057632859 nan_elements=0
2019-01-18 14:42:24,504 MAP = 1.0
2019-01-18 14:42:24,504 scale=[array([1.])]
2019-01-18 14:49:26,476 Commandline ['pytorch/pytorch_hyperbolic.py', 'learn', 'data/edges/parsing/ewt/ewt_dev/261.edges', '--dim', '0', '--hyp', '0', '--edim', '10', '--euc', '1', '--sdim', '0', '--sph', '0', '--log-name', 'ewt_devr2/261.edges.E10-1.lr1.log', '--batch-size', '65536', '--epochs', '50', '--checkpoint-freq', '10', '-g', '--subsample', '1024', '--learning-rate', '1']
2019-01-18 14:49:26,477 No Model Save selected!
2019-01-18 14:49:26,478 Loaded Graph data/edges/parsing/ewt/ewt_dev/261.edges with 4 nodes scale=1.0
2019-01-18 14:49:26,478 Building dataset
2019-01-18 14:49:26,478 Subsample: 4 points with scale 1.0 subsample=3
2019-01-18 14:49:26,481 Built Data Sampler
2019-01-18 14:49:26,481 Creating a fresh model warm_start?=None
2019-01-18 14:49:26,481 	 Warmstarting? None None 4
2019-01-18 14:49:26,482 Embedding() torch.Size([4, 10])
2019-01-18 14:49:26,482 relative No Rescale
2019-01-18 14:49:26,482 Constructed model with dim=0 and epochs=0 isnan=False
2019-01-18 14:49:26,482 SGD (
Parameter Group 0
    dampening: 0
    initial_lr: 0.1
    lr: 1.0
    momentum: 0.0
    nesterov: False
    weight_decay: 0

Parameter Group 1
    dampening: 0
    initial_lr: 0.1
    lr: 1.0
    momentum: 0.0
    nesterov: False
    weight_decay: 0

Parameter Group 2
    dampening: 0
    initial_lr: 0.1
    lr: 1.0
    momentum: 0.0
    nesterov: False
    weight_decay: 0

Parameter Group 3
    dampening: 0
    initial_lr: 0.0001
    lr: 0.001
    momentum: 0.0
    nesterov: False
    weight_decay: 0
)
2019-01-18 14:49:26,482 *** Initial Checkpoint. Computing Stats
2019-01-18 14:49:26,483 	 Computing Major Stats lazily... 
2019-01-18 14:49:26,483 		 Completed edges=12 good=12 bad=0
2019-01-18 14:49:26,484 Distortion avg=0.9966404299181114 wc=3.2869580912217393 me=0.005628252251848828 mc=584.0104430539702 nan_elements=0
2019-01-18 14:49:26,484 MAP = 0.5
2019-01-18 14:49:26,484 scale=[array([1.])]
2019-01-18 14:49:26,485 *** End Initial Checkpoint

2019-01-18 14:49:26,540 1 loss=0.9932946490341571
2019-01-18 14:49:26,541 2 loss=0.2407395144924753
2019-01-18 14:49:26,541 3 loss=0.1294833284649695
2019-01-18 14:49:26,542 4 loss=0.07888125022286527
2019-01-18 14:49:26,542 5 loss=0.05111446373423253
2019-01-18 14:49:26,543 6 loss=0.035110241552562343
2019-01-18 14:49:26,543 7 loss=0.02553088144826274
2019-01-18 14:49:26,544 8 loss=0.01952698322341952
2019-01-18 14:49:26,544 9 loss=0.015603051035423412
2019-01-18 14:49:26,544 10 loss=0.01294279876686467
2019-01-18 14:49:26,545 
*** Major Checkpoint. Computing Stats and Saving
2019-01-18 14:49:26,545 	 Computing Major Stats lazily... 
2019-01-18 14:49:26,545 		 Completed edges=12 good=12 bad=0
2019-01-18 14:49:26,546 Distortion avg=0.10162759159646832 wc=1.2591472358577938 me=1.0805921398963225 mc=1.1652381961417957 nan_elements=0
2019-01-18 14:49:26,546 MAP = 1.0
2019-01-18 14:49:26,546 scale=[array([1.])]
2019-01-18 14:49:26,546 *** End Major Checkpoint

2019-01-18 14:49:26,546 11 loss=0.011080267580807442
2019-01-18 14:49:26,547 12 loss=0.009739192030568788
2019-01-18 14:49:26,547 13 loss=0.008750077509507343
2019-01-18 14:49:26,548 14 loss=0.008005510421100225
2019-01-18 14:49:26,548 15 loss=0.007435302255630326
2019-01-18 14:49:26,549 16 loss=0.006992263995116498
2019-01-18 14:49:26,549 17 loss=0.006643831475188718
2019-01-18 14:49:26,549 18 loss=0.00636699627912856
2019-01-18 14:49:26,550 19 loss=0.006145153773771256
2019-01-18 14:49:26,550 20 loss=0.005966092316536989
2019-01-18 14:49:26,550 
*** Major Checkpoint. Computing Stats and Saving
2019-01-18 14:49:26,550 	 Computing Major Stats lazily... 
2019-01-18 14:49:26,551 		 Completed edges=12 good=12 bad=0
2019-01-18 14:49:26,551 Distortion avg=0.07584531129545503 wc=1.1721338856563208 me=1.0693961364103017 mc=1.096070806456141 nan_elements=0
2019-01-18 14:49:26,551 MAP = 1.0
2019-01-18 14:49:26,552 scale=[array([1.])]
2019-01-18 14:49:26,552 *** End Major Checkpoint

2019-01-18 14:49:26,552 21 loss=0.005820679118867233
2019-01-18 14:49:26,553 22 loss=0.005701981819181491
2019-01-18 14:49:26,553 23 loss=0.005604668880595393
2019-01-18 14:49:26,553 24 loss=0.005524592303003055
2019-01-18 14:49:26,554 25 loss=0.005458491969625521
2019-01-18 14:49:26,554 26 loss=0.00540378268251492
2019-01-18 14:49:26,555 27 loss=0.005358398403380333
2019-01-18 14:49:26,555 28 loss=0.00532067672055487
2019-01-18 14:49:26,556 29 loss=0.005289272036446988
2019-01-18 14:49:26,557 30 loss=0.005263089554618167
2019-01-18 14:49:26,557 
*** Major Checkpoint. Computing Stats and Saving
2019-01-18 14:49:26,557 	 Computing Major Stats lazily... 
2019-01-18 14:49:26,557 		 Completed edges=12 good=12 bad=0
2019-01-18 14:49:26,558 Distortion avg=0.07218243953867791 wc=1.1582831361138066 me=1.0669175059389235 mc=1.0856351401737272 nan_elements=0
2019-01-18 14:49:26,558 MAP = 1.0
2019-01-18 14:49:26,558 scale=[array([1.])]
2019-01-18 14:49:26,558 *** End Major Checkpoint

2019-01-18 14:49:26,559 31 loss=0.005241234532094112
2019-01-18 14:49:26,559 32 loss=0.005222972875700674
2019-01-18 14:49:26,560 33 loss=0.005207700267418497
2019-01-18 14:49:26,560 34 loss=0.005194917772591083
2019-01-18 14:49:26,561 35 loss=0.005184212426025241
2019-01-18 14:49:26,561 36 loss=0.00517524167660998
2019-01-18 14:49:26,561 37 loss=0.005167720848972991
2019-01-18 14:49:26,562 38 loss=0.00516141298318545
2019-01-18 14:49:26,562 39 loss=0.0051561205626423695
2019-01-18 14:49:26,563 40 loss=0.005151678751177279
2019-01-18 14:49:26,563 
*** Major Checkpoint. Computing Stats and Saving
2019-01-18 14:49:26,563 	 Computing Major Stats lazily... 
2019-01-18 14:49:26,563 		 Completed edges=12 good=12 bad=0
2019-01-18 14:49:26,564 Distortion avg=0.07156109664487552 wc=1.155487461986976 me=1.0664260496921794 mc=1.0835139129623699 nan_elements=0
2019-01-18 14:49:26,564 MAP = 1.0
2019-01-18 14:49:26,564 scale=[array([1.])]
2019-01-18 14:49:26,564 *** End Major Checkpoint

2019-01-18 14:49:26,564 41 loss=0.005147949843805557
2019-01-18 14:49:26,565 42 loss=0.005144818698686658
2019-01-18 14:49:26,565 43 loss=0.00514218896625141
2019-01-18 14:49:26,566 44 loss=0.0051399799687612035
2019-01-18 14:49:26,566 45 loss=0.005138124112604785
2019-01-18 14:49:26,567 46 loss=0.005136564738407258
2019-01-18 14:49:26,567 47 loss=0.005135254332007711
2019-01-18 14:49:26,567 48 loss=0.005134153033657962
2019-01-18 14:49:26,568 49 loss=0.005133227394231143
2019-01-18 14:49:26,568 50 loss=0.005132449336428505
2019-01-18 14:49:26,568 
*** Major Checkpoint. Computing Stats and Saving
2019-01-18 14:49:26,568 	 Computing Major Stats lazily... 
2019-01-18 14:49:26,569 		 Completed edges=12 good=12 bad=0
2019-01-18 14:49:26,569 Distortion avg=0.07145200514321907 wc=1.1548810574391133 me=1.066326818975048 mc=1.083046057632859 nan_elements=0
2019-01-18 14:49:26,569 MAP = 1.0
2019-01-18 14:49:26,570 scale=[array([1.])]
2019-01-18 14:49:26,570 *** End Major Checkpoint

2019-01-18 14:49:26,570 final loss=0.005132449336428505
2019-01-18 14:49:26,570 best loss=0.005132449336428505, distortion=0.07145200514321907, map=1.0, wc_dist=1.1548810574391133
2019-01-18 14:49:26,570 	 Computing Major Stats lazily... 
2019-01-18 14:49:26,570 		 Completed edges=12 good=12 bad=0
2019-01-18 14:49:26,572 Distortion avg=0.07145200514321907 wc=1.1548810574391133 me=1.066326818975048 mc=1.083046057632859 nan_elements=0
2019-01-18 14:49:26,572 MAP = 1.0
2019-01-18 14:49:26,572 scale=[array([1.])]
