2019-01-18 14:55:32,296 Commandline ['pytorch/pytorch_hyperbolic.py', 'learn', 'data/edges/parsing/ewt/ewt_dev/270.edges', '--dim', '0', '--hyp', '0', '--edim', '10', '--euc', '1', '--sdim', '0', '--sph', '0', '--log-name', 'ewt_devr2/270.edges.E10-1.lr1.log', '--batch-size', '65536', '--epochs', '50', '--checkpoint-freq', '10', '-g', '--subsample', '1024', '--learning-rate', '1']
2019-01-18 14:55:32,296 No Model Save selected!
2019-01-18 14:55:32,298 Loaded Graph data/edges/parsing/ewt/ewt_dev/270.edges with 8 nodes scale=1.0
2019-01-18 14:55:32,298 Building dataset
2019-01-18 14:55:32,298 Subsample: 8 points with scale 1.0 subsample=7
2019-01-18 14:55:32,304 Built Data Sampler
2019-01-18 14:55:32,304 Creating a fresh model warm_start?=None
2019-01-18 14:55:32,305 	 Warmstarting? None None 8
2019-01-18 14:55:32,305 Embedding() torch.Size([8, 10])
2019-01-18 14:55:32,305 relative No Rescale
2019-01-18 14:55:32,305 Constructed model with dim=0 and epochs=0 isnan=False
2019-01-18 14:55:32,306 SGD (
Parameter Group 0
    dampening: 0
    initial_lr: 0.1
    lr: 1.0
    momentum: 0.0
    nesterov: False
    weight_decay: 0

Parameter Group 1
    dampening: 0
    initial_lr: 0.1
    lr: 1.0
    momentum: 0.0
    nesterov: False
    weight_decay: 0

Parameter Group 2
    dampening: 0
    initial_lr: 0.1
    lr: 1.0
    momentum: 0.0
    nesterov: False
    weight_decay: 0

Parameter Group 3
    dampening: 0
    initial_lr: 0.0001
    lr: 0.001
    momentum: 0.0
    nesterov: False
    weight_decay: 0
)
2019-01-18 14:55:32,306 *** Initial Checkpoint. Computing Stats
2019-01-18 14:55:32,306 	 Computing Major Stats lazily... 
2019-01-18 14:55:32,306 		 Completed edges=56 good=56 bad=0
2019-01-18 14:55:32,308 Distortion avg=0.9974533004047458 wc=4.515318792660852 me=0.005628252251848828 mc=802.259492043487 nan_elements=0
2019-01-18 14:55:32,308 MAP = 0.5925099206349206
2019-01-18 14:55:32,309 scale=[array([1.])]
2019-01-18 14:55:32,309 *** End Initial Checkpoint

2019-01-18 14:55:32,366 1 loss=0.994914458664977
2019-01-18 14:55:32,366 2 loss=0.6797924227322965
2019-01-18 14:55:32,367 3 loss=0.5004954526411883
2019-01-18 14:55:32,367 4 loss=0.4019036354886293
2019-01-18 14:55:32,368 5 loss=0.3414185964730446
2019-01-18 14:55:32,368 6 loss=0.29981444214274783
2019-01-18 14:55:32,369 7 loss=0.26849544348584276
2019-01-18 14:55:32,369 8 loss=0.24342454532756688
2019-01-18 14:55:32,370 9 loss=0.22254766224044623
2019-01-18 14:55:32,370 10 loss=0.20470943520382506
2019-01-18 14:55:32,370 
*** Major Checkpoint. Computing Stats and Saving
2019-01-18 14:55:32,370 	 Computing Major Stats lazily... 
2019-01-18 14:55:32,371 		 Completed edges=56 good=56 bad=0
2019-01-18 14:55:32,372 Distortion avg=0.40179473953471617 wc=4.144889254789818 me=1.3381307257642991 mc=3.0975219199322876 nan_elements=0
2019-01-18 14:55:32,372 MAP = 0.5819444444444445
2019-01-18 14:55:32,372 scale=[array([1.])]
2019-01-18 14:55:32,372 *** End Major Checkpoint

2019-01-18 14:55:32,373 11 loss=0.18918860193821604
2019-01-18 14:55:32,373 12 loss=0.17549299647785443
2019-01-18 14:55:32,374 13 loss=0.16326529984485497
2019-01-18 14:55:32,374 14 loss=0.15223686217034602
2019-01-18 14:55:32,375 15 loss=0.14220269647294378
2019-01-18 14:55:32,375 16 loss=0.1330059854499063
2019-01-18 14:55:32,376 17 loss=0.12452709094596595
2019-01-18 14:55:32,376 18 loss=0.11667498385580988
2019-01-18 14:55:32,377 19 loss=0.10938027683481259
2019-01-18 14:55:32,377 20 loss=0.10258954961719732
2019-01-18 14:55:32,377 
*** Major Checkpoint. Computing Stats and Saving
2019-01-18 14:55:32,377 	 Computing Major Stats lazily... 
2019-01-18 14:55:32,378 		 Completed edges=56 good=56 bad=0
2019-01-18 14:55:32,379 Distortion avg=0.2810938697809218 wc=2.810396412495739 me=1.3520259196948754 mc=2.078655720690612 nan_elements=0
2019-01-18 14:55:32,379 MAP = 1.0
2019-01-18 14:55:32,379 scale=[array([1.])]
2019-01-18 14:55:32,379 *** End Major Checkpoint

2019-01-18 14:55:32,380 21 loss=0.0962608247199149
2019-01-18 14:55:32,380 22 loss=0.09036007920710828
2019-01-18 14:55:32,381 23 loss=0.08485866134496337
2019-01-18 14:55:32,381 24 loss=0.07973146202149935
2019-01-18 14:55:32,382 25 loss=0.07495568490569333
2019-01-18 14:55:32,382 26 loss=0.07051006796749078
2019-01-18 14:55:32,382 27 loss=0.06637442798092705
2019-01-18 14:55:32,383 28 loss=0.06252942357382783
2019-01-18 14:55:32,383 29 loss=0.05895645678100416
2019-01-18 14:55:32,384 30 loss=0.055637655022146223
2019-01-18 14:55:32,384 
*** Major Checkpoint. Computing Stats and Saving
2019-01-18 14:55:32,384 	 Computing Major Stats lazily... 
2019-01-18 14:55:32,384 		 Completed edges=56 good=56 bad=0
2019-01-18 14:55:32,386 Distortion avg=0.20550338729164044 wc=2.0727503558599545 me=1.2423227100629863 mc=1.6684476095223801 nan_elements=0
2019-01-18 14:55:32,386 MAP = 1.0
2019-01-18 14:55:32,386 scale=[array([1.])]
2019-01-18 14:55:32,386 *** End Major Checkpoint

2019-01-18 14:55:32,387 31 loss=0.05255589358169333
2019-01-18 14:55:32,387 32 loss=0.049694832723333096
2019-01-18 14:55:32,388 33 loss=0.04703895387401835
2019-01-18 14:55:32,388 34 loss=0.044573586497664415
2019-01-18 14:55:32,389 35 loss=0.042284922044206884
2019-01-18 14:55:32,389 36 loss=0.04016001434137169
2019-01-18 14:55:32,390 37 loss=0.038186767519169204
2019-01-18 14:55:32,390 38 loss=0.036353913426918495
2019-01-18 14:55:32,391 39 loss=0.03465098081981606
2019-01-18 14:55:32,391 40 loss=0.03306825857091913
2019-01-18 14:55:32,391 
*** Major Checkpoint. Computing Stats and Saving
2019-01-18 14:55:32,391 	 Computing Major Stats lazily... 
2019-01-18 14:55:32,392 		 Completed edges=56 good=56 bad=0
2019-01-18 14:55:32,393 Distortion avg=0.15679260622769994 wc=1.7376136865957923 me=1.1942697451398852 mc=1.4549591444203127 nan_elements=0
2019-01-18 14:55:32,393 MAP = 1.0
2019-01-18 14:55:32,393 scale=[array([1.])]
2019-01-18 14:55:32,393 *** End Major Checkpoint

2019-01-18 14:55:32,394 41 loss=0.031596754953040665
2019-01-18 14:55:32,394 42 loss=0.030228154732591567
2019-01-18 14:55:32,395 43 loss=0.028954775487605434
2019-01-18 14:55:32,395 44 loss=0.027769524243778553
2019-01-18 14:55:32,395 45 loss=0.026665855236765585
2019-01-18 14:55:32,396 46 loss=0.0256377293659684
2019-01-18 14:55:32,396 47 loss=0.024679575706886198
2019-01-18 14:55:32,397 48 loss=0.023786255293450593
2019-01-18 14:55:32,397 49 loss=0.022953027263853263
2019-01-18 14:55:32,398 50 loss=0.02217551737733336
2019-01-18 14:55:32,398 
*** Major Checkpoint. Computing Stats and Saving
2019-01-18 14:55:32,398 	 Computing Major Stats lazily... 
2019-01-18 14:55:32,398 		 Completed edges=56 good=56 bad=0
2019-01-18 14:55:32,400 Distortion avg=0.1267616878420955 wc=1.5923542474809271 me=1.1922610297921943 mc=1.3355751867176833 nan_elements=0
2019-01-18 14:55:32,400 MAP = 1.0
2019-01-18 14:55:32,400 scale=[array([1.])]
2019-01-18 14:55:32,400 *** End Major Checkpoint

2019-01-18 14:55:32,400 final loss=0.02217551737733336
2019-01-18 14:55:32,400 best loss=0.02217551737733336, distortion=0.1267616878420955, map=1.0, wc_dist=1.5923542474809271
2019-01-18 14:55:32,400 	 Computing Major Stats lazily... 
2019-01-18 14:55:32,401 		 Completed edges=56 good=56 bad=0
2019-01-18 14:55:32,402 Distortion avg=0.1267616878420955 wc=1.5923542474809271 me=1.1922610297921943 mc=1.3355751867176833 nan_elements=0
2019-01-18 14:55:32,402 MAP = 1.0
2019-01-18 14:55:32,402 scale=[array([1.])]
