2019-01-18 14:44:45,362 Commandline ['pytorch/pytorch_hyperbolic.py', 'learn', 'data/edges/parsing/ewt/ewt_dev/271.edges', '--dim', '0', '--hyp', '0', '--edim', '10', '--euc', '1', '--sdim', '0', '--sph', '0', '--log-name', 'ewt_devr2/271.edges.E10-1.lr1.log', '--batch-size', '65536', '--epochs', '50', '--checkpoint-freq', '10', '-g', '--subsample', '1024', '--learning-rate', '1']
2019-01-18 14:44:45,362 No Model Save selected!
2019-01-18 14:44:45,363 Loaded Graph data/edges/parsing/ewt/ewt_dev/271.edges with 10 nodes scale=1.0
2019-01-18 14:44:45,364 Building dataset
2019-01-18 14:44:45,364 Subsample: 10 points with scale 1.0 subsample=9
2019-01-18 14:44:45,372 Built Data Sampler
2019-01-18 14:44:45,372 Creating a fresh model warm_start?=None
2019-01-18 14:44:45,372 	 Warmstarting? None None 10
2019-01-18 14:44:45,373 Embedding() torch.Size([10, 10])
2019-01-18 14:44:45,373 relative No Rescale
2019-01-18 14:44:45,373 Constructed model with dim=0 and epochs=0 isnan=False
2019-01-18 14:44:45,374 SGD (
Parameter Group 0
    dampening: 0
    initial_lr: 0.1
    lr: 1.0
    momentum: 0.0
    nesterov: False
    weight_decay: 0

Parameter Group 1
    dampening: 0
    initial_lr: 0.1
    lr: 1.0
    momentum: 0.0
    nesterov: False
    weight_decay: 0

Parameter Group 2
    dampening: 0
    initial_lr: 0.1
    lr: 1.0
    momentum: 0.0
    nesterov: False
    weight_decay: 0

Parameter Group 3
    dampening: 0
    initial_lr: 0.0001
    lr: 0.001
    momentum: 0.0
    nesterov: False
    weight_decay: 0
)
2019-01-18 14:44:45,374 *** Initial Checkpoint. Computing Stats
2019-01-18 14:44:45,374 	 Computing Major Stats lazily... 
2019-01-18 14:44:45,375 		 Completed edges=90 good=90 bad=0
2019-01-18 14:44:45,377 Distortion avg=0.9977494979042082 wc=8.195239200307523 me=0.005632134115413149 mc=1455.0859465295875 nan_elements=0
2019-01-18 14:44:45,377 MAP = 0.35369047619047617
2019-01-18 14:44:45,377 scale=[array([1.])]
2019-01-18 14:44:45,377 *** End Initial Checkpoint

2019-01-18 14:44:45,436 1 loss=0.9955057056297196
2019-01-18 14:44:45,437 2 loss=0.7898704831269342
2019-01-18 14:44:45,437 3 loss=0.6448595410103953
2019-01-18 14:44:45,438 4 loss=0.5479051825826194
2019-01-18 14:44:45,438 5 loss=0.481283162292008
2019-01-18 14:44:45,439 6 loss=0.43370189767506645
2019-01-18 14:44:45,439 7 loss=0.3982745791371692
2019-01-18 14:44:45,440 8 loss=0.37079904492251065
2019-01-18 14:44:45,441 9 loss=0.34867681250107996
2019-01-18 14:44:45,441 10 loss=0.3302689557755257
2019-01-18 14:44:45,441 
*** Major Checkpoint. Computing Stats and Saving
2019-01-18 14:44:45,441 	 Computing Major Stats lazily... 
2019-01-18 14:44:45,442 		 Completed edges=90 good=90 bad=0
2019-01-18 14:44:45,444 Distortion avg=0.5248738432560457 wc=8.29080397702705 me=1.4057387714945224 mc=5.897826925704422 nan_elements=0
2019-01-18 14:44:45,444 MAP = 0.21631944444444445
2019-01-18 14:44:45,444 scale=[array([1.])]
2019-01-18 14:44:45,444 *** End Major Checkpoint

2019-01-18 14:44:45,444 11 loss=0.314516811376042
2019-01-18 14:44:45,445 12 loss=0.3007182152781109
2019-01-18 14:44:45,445 13 loss=0.28839439027147806
2019-01-18 14:44:45,446 14 loss=0.2772097835231795
2019-01-18 14:44:45,446 15 loss=0.2669230534172063
2019-01-18 14:44:45,447 16 loss=0.2573565657792935
2019-01-18 14:44:45,448 17 loss=0.24837702159616493
2019-01-18 14:44:45,448 18 loss=0.23988287014794632
2019-01-18 14:44:45,449 19 loss=0.23179591996683085
2019-01-18 14:44:45,449 20 loss=0.22405558910270512
2019-01-18 14:44:45,449 
*** Major Checkpoint. Computing Stats and Saving
2019-01-18 14:44:45,449 	 Computing Major Stats lazily... 
2019-01-18 14:44:45,450 		 Completed edges=90 good=90 bad=0
2019-01-18 14:44:45,452 Distortion avg=0.4332847974478766 wc=6.634264701357187 me=1.5306352135345997 mc=4.334321229966411 nan_elements=0
2019-01-18 14:44:45,452 MAP = 0.5655357142857144
2019-01-18 14:44:45,452 scale=[array([1.])]
2019-01-18 14:44:45,452 *** End Major Checkpoint

2019-01-18 14:44:45,452 21 loss=0.21661484464525912
2019-01-18 14:44:45,453 22 loss=0.20943724528158825
2019-01-18 14:44:45,453 23 loss=0.20249472074728897
2019-01-18 14:44:45,454 24 loss=0.1957658566863165
2019-01-18 14:44:45,455 25 loss=0.18923453672515383
2019-01-18 14:44:45,456 26 loss=0.18288884559119245
2019-01-18 14:44:45,456 27 loss=0.17672016986908426
2019-01-18 14:44:45,457 28 loss=0.17072245375239445
2019-01-18 14:44:45,458 29 loss=0.16489158035900622
2019-01-18 14:44:45,458 30 loss=0.15922485759906727
2019-01-18 14:44:45,458 
*** Major Checkpoint. Computing Stats and Saving
2019-01-18 14:44:45,458 	 Computing Major Stats lazily... 
2019-01-18 14:44:45,459 		 Completed edges=90 good=90 bad=0
2019-01-18 14:44:45,461 Distortion avg=0.35387011443029387 wc=5.5263988521291045 me=1.5276830819643066 mc=3.617503471350366 nan_elements=0
2019-01-18 14:44:45,461 MAP = 0.82
2019-01-18 14:44:45,461 scale=[array([1.])]
2019-01-18 14:44:45,461 *** End Major Checkpoint

2019-01-18 14:44:45,461 31 loss=0.15372059295188004
2019-01-18 14:44:45,462 32 loss=0.14837774493144837
2019-01-18 14:44:45,462 33 loss=0.14319564121465211
2019-01-18 14:44:45,463 34 loss=0.13817375483678043
2019-01-18 14:44:45,463 35 loss=0.13331153083028302
2019-01-18 14:44:45,464 36 loss=0.12860825639111478
2019-01-18 14:44:45,464 37 loss=0.12406296822804845
2019-01-18 14:44:45,465 38 loss=0.11967439125983803
2019-01-18 14:44:45,465 39 loss=0.11544090331564634
2019-01-18 14:44:45,466 40 loss=0.1113605209856445
2019-01-18 14:44:45,466 
*** Major Checkpoint. Computing Stats and Saving
2019-01-18 14:44:45,466 	 Computing Major Stats lazily... 
2019-01-18 14:44:45,467 		 Completed edges=90 good=90 bad=0
2019-01-18 14:44:45,468 Distortion avg=0.28711518063721864 wc=4.379125831314631 me=1.439642915852857 mc=3.041813899192077 nan_elements=0
2019-01-18 14:44:45,468 MAP = 1.0
2019-01-18 14:44:45,469 scale=[array([1.])]
2019-01-18 14:44:45,469 *** End Major Checkpoint

2019-01-18 14:44:45,469 41 loss=0.1074309022664597
2019-01-18 14:44:45,470 42 loss=0.10364936214668771
2019-01-18 14:44:45,470 43 loss=0.10001289777292802
2019-01-18 14:44:45,471 44 loss=0.09651822031707763
2019-01-18 14:44:45,471 45 loss=0.09316179112164738
2019-01-18 14:44:45,472 46 loss=0.08993986012391503
2019-01-18 14:44:45,472 47 loss=0.08684850494617712
2019-01-18 14:44:45,473 48 loss=0.08388366938482361
2019-01-18 14:44:45,473 49 loss=0.08104120033411533
2019-01-18 14:44:45,474 50 loss=0.07831688244181365
2019-01-18 14:44:45,474 
*** Major Checkpoint. Computing Stats and Saving
2019-01-18 14:44:45,474 	 Computing Major Stats lazily... 
2019-01-18 14:44:45,474 		 Completed edges=90 good=90 bad=0
2019-01-18 14:44:45,476 Distortion avg=0.2341379647287991 wc=3.4750419477971906 me=1.3419556752397395 mc=2.58953556508219 nan_elements=0
2019-01-18 14:44:45,476 MAP = 1.0
2019-01-18 14:44:45,476 scale=[array([1.])]
2019-01-18 14:44:45,476 *** End Major Checkpoint

2019-01-18 14:44:45,477 final loss=0.07831688244181365
2019-01-18 14:44:45,477 best loss=0.07831688244181365, distortion=0.2341379647287991, map=1.0, wc_dist=3.4750419477971906
2019-01-18 14:44:45,477 	 Computing Major Stats lazily... 
2019-01-18 14:44:45,477 		 Completed edges=90 good=90 bad=0
2019-01-18 14:44:45,479 Distortion avg=0.2341379647287991 wc=3.4750419477971906 me=1.3419556752397395 mc=2.58953556508219 nan_elements=0
2019-01-18 14:44:45,479 MAP = 1.0
2019-01-18 14:44:45,479 scale=[array([1.])]
