2019-01-18 14:46:34,819 Commandline ['pytorch/pytorch_hyperbolic.py', 'learn', 'data/edges/parsing/ewt/ewt_dev/272.edges', '--dim', '0', '--hyp', '0', '--edim', '10', '--euc', '1', '--sdim', '0', '--sph', '0', '--log-name', 'ewt_devr2/272.edges.E10-1.lr1.log', '--batch-size', '65536', '--epochs', '50', '--checkpoint-freq', '10', '-g', '--subsample', '1024', '--learning-rate', '1']
2019-01-18 14:46:34,819 No Model Save selected!
2019-01-18 14:46:34,820 Loaded Graph data/edges/parsing/ewt/ewt_dev/272.edges with 46 nodes scale=1.0
2019-01-18 14:46:34,821 Building dataset
2019-01-18 14:46:34,821 Subsample: 46 points with scale 1.0 subsample=45
2019-01-18 14:46:34,906 Built Data Sampler
2019-01-18 14:46:34,906 Creating a fresh model warm_start?=None
2019-01-18 14:46:34,906 	 Warmstarting? None None 46
2019-01-18 14:46:34,906 Embedding() torch.Size([46, 10])
2019-01-18 14:46:34,906 relative No Rescale
2019-01-18 14:46:34,907 Constructed model with dim=0 and epochs=0 isnan=False
2019-01-18 14:46:34,907 SGD (
Parameter Group 0
    dampening: 0
    initial_lr: 0.1
    lr: 1.0
    momentum: 0.0
    nesterov: False
    weight_decay: 0

Parameter Group 1
    dampening: 0
    initial_lr: 0.1
    lr: 1.0
    momentum: 0.0
    nesterov: False
    weight_decay: 0

Parameter Group 2
    dampening: 0
    initial_lr: 0.1
    lr: 1.0
    momentum: 0.0
    nesterov: False
    weight_decay: 0

Parameter Group 3
    dampening: 0
    initial_lr: 0.0001
    lr: 0.001
    momentum: 0.0
    nesterov: False
    weight_decay: 0
)
2019-01-18 14:46:34,907 *** Initial Checkpoint. Computing Stats
2019-01-18 14:46:34,907 	 Computing Major Stats lazily... 
2019-01-18 14:46:34,915 		 Completed edges=2070 good=2070 bad=0
2019-01-18 14:46:34,923 Distortion avg=0.9988925697381261 wc=34.64681349766482 me=0.006166007281099116 mc=5619.003014133465 nan_elements=0
2019-01-18 14:46:34,923 MAP = 0.08080888038961473
2019-01-18 14:46:34,923 scale=[array([1.])]
2019-01-18 14:46:34,923 *** End Initial Checkpoint

2019-01-18 14:46:34,983 1 loss=0.9977871965282787
2019-01-18 14:46:34,985 2 loss=0.9860311528934486
2019-01-18 14:46:34,987 3 loss=0.9741974485434762
2019-01-18 14:46:34,989 4 loss=0.9625640529616822
2019-01-18 14:46:34,991 5 loss=0.9511755443078634
2019-01-18 14:46:34,993 6 loss=0.9400436599279902
2019-01-18 14:46:34,994 7 loss=0.9291704070765484
2019-01-18 14:46:34,997 8 loss=0.9185538350643984
2019-01-18 14:46:34,999 9 loss=0.9081900957263598
2019-01-18 14:46:35,000 10 loss=0.8980743484038035
2019-01-18 14:46:35,001 
*** Major Checkpoint. Computing Stats and Saving
2019-01-18 14:46:35,001 	 Computing Major Stats lazily... 
2019-01-18 14:46:35,008 		 Completed edges=2070 good=2070 bad=0
2019-01-18 14:46:35,016 Distortion avg=0.9406431411574301 wc=45.64616338053161 me=0.3760366250030785 mc=121.38754670547829 nan_elements=0
2019-01-18 14:46:35,016 MAP = 0.04465308057433738
2019-01-18 14:46:35,016 scale=[array([1.])]
2019-01-18 14:46:35,016 *** End Major Checkpoint

2019-01-18 14:46:35,018 11 loss=0.8882012150689166
2019-01-18 14:46:35,020 12 loss=0.8785650318827076
2019-01-18 14:46:35,022 13 loss=0.8691599980667719
2019-01-18 14:46:35,024 14 loss=0.8599802685373411
2019-01-18 14:46:35,025 15 loss=0.8510200136944429
2019-01-18 14:46:35,027 16 loss=0.842273459015356
2019-01-18 14:46:35,029 17 loss=0.8337349116990269
2019-01-18 14:46:35,031 18 loss=0.8253987787167786
2019-01-18 14:46:35,033 19 loss=0.8172595789946819
2019-01-18 14:46:35,035 20 loss=0.8093119514926922
2019-01-18 14:46:35,035 
*** Major Checkpoint. Computing Stats and Saving
2019-01-18 14:46:35,036 	 Computing Major Stats lazily... 
2019-01-18 14:46:35,043 		 Completed edges=2070 good=2070 bad=0
2019-01-18 14:46:35,051 Distortion avg=0.8886709124714791 wc=44.118244760952855 me=0.6896050803197604 mc=63.97610171389084 nan_elements=0
2019-01-18 14:46:35,051 MAP = 0.04364809991599632
2019-01-18 14:46:35,051 scale=[array([1.])]
2019-01-18 14:46:35,051 *** End Major Checkpoint

2019-01-18 14:46:35,053 21 loss=0.8015506603580849
2019-01-18 14:46:35,055 22 loss=0.7939705979592312
2019-01-18 14:46:35,057 23 loss=0.7865667863639458
2019-01-18 14:46:35,059 24 loss=0.7793343776652699
2019-01-18 14:46:35,061 25 loss=0.7722686534473219
2019-01-18 14:46:35,063 26 loss=0.7653650236070672
2019-01-18 14:46:35,064 27 loss=0.7586190246933647
2019-01-18 14:46:35,066 28 loss=0.7520263178853482
2019-01-18 14:46:35,068 29 loss=0.7455826867034147
2019-01-18 14:46:35,070 30 loss=0.7392840345247603
2019-01-18 14:46:35,070 
*** Major Checkpoint. Computing Stats and Saving
2019-01-18 14:46:35,070 	 Computing Major Stats lazily... 
2019-01-18 14:46:35,078 		 Completed edges=2070 good=2070 bad=0
2019-01-18 14:46:35,086 Distortion avg=0.8426777051405356 wc=41.96408216795181 me=0.9471029077850506 mc=44.307837958275755 nan_elements=0
2019-01-18 14:46:35,086 MAP = 0.04358194814320759
2019-01-18 14:46:35,086 scale=[array([1.])]
2019-01-18 14:46:35,086 *** End Major Checkpoint

2019-01-18 14:46:35,088 31 loss=0.7331263819593421
2019-01-18 14:46:35,090 32 loss=0.727105864129973
2019-01-18 14:46:35,092 33 loss=0.7212187278909089
2019-01-18 14:46:35,094 34 loss=0.7154613290120327
2019-01-18 14:46:35,095 35 loss=0.7098301293500954
2019-01-18 14:46:35,097 36 loss=0.704321694024014
2019-01-18 14:46:35,099 37 loss=0.6989326886076981
2019-01-18 14:46:35,101 38 loss=0.6936598763510642
2019-01-18 14:46:35,103 39 loss=0.6885001154376337
2019-01-18 14:46:35,105 40 loss=0.6834503562852986
2019-01-18 14:46:35,105 
*** Major Checkpoint. Computing Stats and Saving
2019-01-18 14:46:35,105 	 Computing Major Stats lazily... 
2019-01-18 14:46:35,113 		 Completed edges=2070 good=2070 bad=0
2019-01-18 14:46:35,120 Distortion avg=0.8039840344840139 wc=39.78447312712558 me=1.1574125259694354 mc=34.373632766590774 nan_elements=0
2019-01-18 14:46:35,120 MAP = 0.04357738771152663
2019-01-18 14:46:35,121 scale=[array([1.])]
2019-01-18 14:46:35,121 *** End Major Checkpoint

2019-01-18 14:46:35,123 41 loss=0.678507638895353
2019-01-18 14:46:35,125 42 loss=0.6736690902537009
2019-01-18 14:46:35,127 43 loss=0.6689319217871712
2019-01-18 14:46:35,129 44 loss=0.6642934268770695
2019-01-18 14:46:35,131 45 loss=0.659750978431442
2019-01-18 14:46:35,133 46 loss=0.6553020265170013
2019-01-18 14:46:35,134 47 loss=0.6509440960512027
2019-01-18 14:46:35,136 48 loss=0.6466747845546206
2019-01-18 14:46:35,138 49 loss=0.6424917599634655
2019-01-18 14:46:35,140 50 loss=0.6383927585018425
2019-01-18 14:46:35,140 
*** Major Checkpoint. Computing Stats and Saving
2019-01-18 14:46:35,140 	 Computing Major Stats lazily... 
2019-01-18 14:46:35,148 		 Completed edges=2070 good=2070 bad=0
2019-01-18 14:46:35,156 Distortion avg=0.7746551853405083 wc=37.91360060721321 me=1.3358140909532807 mc=28.382393076986354 nan_elements=0
2019-01-18 14:46:35,156 MAP = 0.04391217503874705
2019-01-18 14:46:35,156 scale=[array([1.])]
2019-01-18 14:46:35,156 *** End Major Checkpoint

2019-01-18 14:46:35,156 final loss=0.6383927585018425
2019-01-18 14:46:35,156 best loss=0.6383927585018425, distortion=0.7746551853405083, map=0.04465308057433738, wc_dist=37.91360060721321
2019-01-18 14:46:35,156 	 Computing Major Stats lazily... 
2019-01-18 14:46:35,164 		 Completed edges=2070 good=2070 bad=0
2019-01-18 14:46:35,172 Distortion avg=0.774655185340509 wc=37.91360060721321 me=1.3358140909532807 mc=28.382393076986354 nan_elements=0
2019-01-18 14:46:35,172 MAP = 0.04391217503874707
2019-01-18 14:46:35,172 scale=[array([1.])]
