2019-01-18 14:47:34,141 Commandline ['pytorch/pytorch_hyperbolic.py', 'learn', 'data/edges/parsing/ewt/ewt_dev/273.edges', '--dim', '0', '--hyp', '0', '--edim', '10', '--euc', '1', '--sdim', '0', '--sph', '0', '--log-name', 'ewt_devr2/273.edges.E10-1.lr1.log', '--batch-size', '65536', '--epochs', '50', '--checkpoint-freq', '10', '-g', '--subsample', '1024', '--learning-rate', '1']
2019-01-18 14:47:34,141 No Model Save selected!
2019-01-18 14:47:34,143 Loaded Graph data/edges/parsing/ewt/ewt_dev/273.edges with 30 nodes scale=1.0
2019-01-18 14:47:34,143 Building dataset
2019-01-18 14:47:34,143 Subsample: 30 points with scale 1.0 subsample=29
2019-01-18 14:47:34,184 Built Data Sampler
2019-01-18 14:47:34,184 Creating a fresh model warm_start?=None
2019-01-18 14:47:34,184 	 Warmstarting? None None 30
2019-01-18 14:47:34,184 Embedding() torch.Size([30, 10])
2019-01-18 14:47:34,184 relative No Rescale
2019-01-18 14:47:34,185 Constructed model with dim=0 and epochs=0 isnan=False
2019-01-18 14:47:34,185 SGD (
Parameter Group 0
    dampening: 0
    initial_lr: 0.1
    lr: 1.0
    momentum: 0.0
    nesterov: False
    weight_decay: 0

Parameter Group 1
    dampening: 0
    initial_lr: 0.1
    lr: 1.0
    momentum: 0.0
    nesterov: False
    weight_decay: 0

Parameter Group 2
    dampening: 0
    initial_lr: 0.1
    lr: 1.0
    momentum: 0.0
    nesterov: False
    weight_decay: 0

Parameter Group 3
    dampening: 0
    initial_lr: 0.0001
    lr: 0.001
    momentum: 0.0
    nesterov: False
    weight_decay: 0
)
2019-01-18 14:47:34,185 *** Initial Checkpoint. Computing Stats
2019-01-18 14:47:34,185 	 Computing Major Stats lazily... 
2019-01-18 14:47:34,189 		 Completed edges=870 good=870 bad=0
2019-01-18 14:47:34,194 Distortion avg=0.99867792768773 wc=18.16925873025162 me=0.006322757085624978 mc=2873.6290963257316 nan_elements=0
2019-01-18 14:47:34,194 MAP = 0.10448714180067967
2019-01-18 14:47:34,194 scale=[array([1.])]
2019-01-18 14:47:34,194 *** End Initial Checkpoint

2019-01-18 14:47:34,252 1 loss=0.9973586995939797
2019-01-18 14:47:34,253 2 loss=0.9702620046817166
2019-01-18 14:47:34,254 3 loss=0.9437409169074468
2019-01-18 14:47:34,255 4 loss=0.9184796330007239
2019-01-18 14:47:34,257 5 loss=0.8945122852944193
2019-01-18 14:47:34,258 6 loss=0.8717995390942862
2019-01-18 14:47:34,259 7 loss=0.850283188703232
2019-01-18 14:47:34,260 8 loss=0.829899812348318
2019-01-18 14:47:34,261 9 loss=0.810585608231946
2019-01-18 14:47:34,262 10 loss=0.7922784174704126
2019-01-18 14:47:34,262 
*** Major Checkpoint. Computing Stats and Saving
2019-01-18 14:47:34,262 	 Computing Major Stats lazily... 
2019-01-18 14:47:34,265 		 Completed edges=870 good=870 bad=0
2019-01-18 14:47:34,270 Distortion avg=0.8721184173844243 wc=30.326296788917247 me=0.7089822506059148 mc=42.7744090391538 nan_elements=0
2019-01-18 14:47:34,271 MAP = 0.06250121183699063
2019-01-18 14:47:34,271 scale=[array([1.])]
2019-01-18 14:47:34,271 *** End Major Checkpoint

2019-01-18 14:47:34,272 11 loss=0.7749186289698673
2019-01-18 14:47:34,274 12 loss=0.7584495736778667
2019-01-18 14:47:34,275 13 loss=0.7428176633501474
2019-01-18 14:47:34,276 14 loss=0.727972393857851
2019-01-18 14:47:34,278 15 loss=0.7138662744514339
2019-01-18 14:47:34,279 16 loss=0.7004547164668109
2019-01-18 14:47:34,280 17 loss=0.6876959006244278
2019-01-18 14:47:34,281 18 loss=0.6755506342630615
2019-01-18 14:47:34,282 19 loss=0.6639822053849394
2019-01-18 14:47:34,283 20 loss=0.6529562377323467
2019-01-18 14:47:34,283 
*** Major Checkpoint. Computing Stats and Saving
2019-01-18 14:47:34,283 	 Computing Major Stats lazily... 
2019-01-18 14:47:34,287 		 Completed edges=870 good=870 bad=0
2019-01-18 14:47:34,292 Distortion avg=0.7777197850575632 wc=28.378660916869393 me=1.187400463844812 mc=23.899823000724684 nan_elements=0
2019-01-18 14:47:34,292 MAP = 0.061462650762668776
2019-01-18 14:47:34,292 scale=[array([1.])]
2019-01-18 14:47:34,292 *** End Major Checkpoint

2019-01-18 14:47:34,293 21 loss=0.6424405494838656
2019-01-18 14:47:34,294 22 loss=0.6324050171294952
2019-01-18 14:47:34,295 23 loss=0.6228214454222096
2019-01-18 14:47:34,296 24 loss=0.6136634438718164
2019-01-18 14:47:34,297 25 loss=0.6049063099629117
2019-01-18 14:47:34,298 26 loss=0.5965269190914064
2019-01-18 14:47:34,299 27 loss=0.5885036210912793
2019-01-18 14:47:34,300 28 loss=0.5808161431439787
2019-01-18 14:47:34,301 29 loss=0.5734454988135087
2019-01-18 14:47:34,302 30 loss=0.5663739029213474
2019-01-18 14:47:34,302 
*** Major Checkpoint. Computing Stats and Saving
2019-01-18 14:47:34,303 	 Computing Major Stats lazily... 
2019-01-18 14:47:34,306 		 Completed edges=870 good=870 bad=0
2019-01-18 14:47:34,311 Distortion avg=0.7213536105010568 wc=25.639817854979643 me=1.4954383013906363 mc=17.145353192530038 nan_elements=0
2019-01-18 14:47:34,311 MAP = 0.06157200620547845
2019-01-18 14:47:34,311 scale=[array([1.])]
2019-01-18 14:47:34,311 *** End Major Checkpoint

2019-01-18 14:47:34,312 31 loss=0.5595846919606846
2019-01-18 14:47:34,313 32 loss=0.5530622497446228
2019-01-18 14:47:34,314 33 loss=0.5467919379849006
2019-01-18 14:47:34,315 34 loss=0.5407600315042422
2019-01-18 14:47:34,316 35 loss=0.5349536577950196
2019-01-18 14:47:34,317 36 loss=0.5293607406485021
2019-01-18 14:47:34,318 37 loss=0.5239699475917333
2019-01-18 14:47:34,319 38 loss=0.5187706408824541
2019-01-18 14:47:34,320 39 loss=0.5137528318261287
2019-01-18 14:47:34,321 40 loss=0.5089071381926668
2019-01-18 14:47:34,321 
*** Major Checkpoint. Computing Stats and Saving
2019-01-18 14:47:34,321 	 Computing Major Stats lazily... 
2019-01-18 14:47:34,325 		 Completed edges=870 good=870 bad=0
2019-01-18 14:47:34,329 Distortion avg=0.6856842874229162 wc=23.01875521458777 me=1.6869911876024526 mc=13.644858007410201 nan_elements=0
2019-01-18 14:47:34,329 MAP = 0.06309032789450444
2019-01-18 14:47:34,330 scale=[array([1.])]
2019-01-18 14:47:34,330 *** End Major Checkpoint

2019-01-18 14:47:34,331 41 loss=0.504224744523736
2019-01-18 14:47:34,332 42 loss=0.49969736513445967
2019-01-18 14:47:34,333 43 loss=0.4953172096256855
2019-01-18 14:47:34,334 44 loss=0.4910769507348774
2019-01-18 14:47:34,335 45 loss=0.48696969436494814
2019-01-18 14:47:34,336 46 loss=0.4829889516410278
2019-01-18 14:47:34,337 47 loss=0.4791286128552419
2019-01-18 14:47:34,338 48 loss=0.47538292316905933
2019-01-18 14:47:34,339 49 loss=0.4717464599516779
2019-01-18 14:47:34,340 50 loss=0.4682141116412776
2019-01-18 14:47:34,341 
*** Major Checkpoint. Computing Stats and Saving
2019-01-18 14:47:34,341 	 Computing Major Stats lazily... 
2019-01-18 14:47:34,344 		 Completed edges=870 good=870 bad=0
2019-01-18 14:47:34,349 Distortion avg=0.6570504874271992 wc=20.680579606093005 me=1.7994985744665977 mc=11.492412330597752 nan_elements=0
2019-01-18 14:47:34,349 MAP = 0.06565417150339282
2019-01-18 14:47:34,349 scale=[array([1.])]
2019-01-18 14:47:34,349 *** End Major Checkpoint

2019-01-18 14:47:34,349 final loss=0.4682141116412776
2019-01-18 14:47:34,349 best loss=0.4682141116412776, distortion=0.6570504874271992, map=0.06565417150339282, wc_dist=20.680579606093005
2019-01-18 14:47:34,349 	 Computing Major Stats lazily... 
2019-01-18 14:47:34,353 		 Completed edges=870 good=870 bad=0
2019-01-18 14:47:34,357 Distortion avg=0.6570504874271987 wc=20.680579606093005 me=1.7994985744665977 mc=11.492412330597752 nan_elements=0
2019-01-18 14:47:34,357 MAP = 0.0656541715033928
2019-01-18 14:47:34,358 scale=[array([1.])]
