2019-01-18 14:41:20,665 Commandline ['pytorch/pytorch_hyperbolic.py', 'learn', 'data/edges/parsing/ewt/ewt_dev/275.edges', '--dim', '0', '--hyp', '0', '--edim', '10', '--euc', '1', '--sdim', '0', '--sph', '0', '--log-name', 'ewt_devr2/275.edges.E10-1.lr1.log', '--batch-size', '65536', '--epochs', '50', '-g', '--subsample', '1024', '--learning-rate', '1']
2019-01-18 14:41:20,665 No Model Save selected!
2019-01-18 14:41:20,667 Loaded Graph data/edges/parsing/ewt/ewt_dev/275.edges with 12 nodes scale=1.0
2019-01-18 14:41:20,667 Building dataset
2019-01-18 14:41:20,667 Subsample: 12 points with scale 1.0 subsample=11
2019-01-18 14:41:20,677 Built Data Sampler
2019-01-18 14:41:20,677 Creating a fresh model warm_start?=None
2019-01-18 14:41:20,677 	 Warmstarting? None None 12
2019-01-18 14:41:20,678 Embedding() torch.Size([12, 10])
2019-01-18 14:41:20,678 relative No Rescale
2019-01-18 14:41:20,678 Constructed model with dim=0 and epochs=0 isnan=False
2019-01-18 14:41:20,678 SGD (
Parameter Group 0
    dampening: 0
    initial_lr: 0.1
    lr: 1.0
    momentum: 0.0
    nesterov: False
    weight_decay: 0

Parameter Group 1
    dampening: 0
    initial_lr: 0.1
    lr: 1.0
    momentum: 0.0
    nesterov: False
    weight_decay: 0

Parameter Group 2
    dampening: 0
    initial_lr: 0.1
    lr: 1.0
    momentum: 0.0
    nesterov: False
    weight_decay: 0

Parameter Group 3
    dampening: 0
    initial_lr: 0.0001
    lr: 0.001
    momentum: 0.0
    nesterov: False
    weight_decay: 0
)
2019-01-18 14:41:20,679 *** Initial Checkpoint. Computing Stats
2019-01-18 14:41:20,679 	 Computing Major Stats lazily... 
2019-01-18 14:41:20,680 		 Completed edges=132 good=132 bad=0
2019-01-18 14:41:20,682 Distortion avg=0.9977617355413759 wc=5.866812385122224 me=0.005628252251848828 mc=1042.3861835963432 nan_elements=0
2019-01-18 14:41:20,682 MAP = 0.3079891173641173
2019-01-18 14:41:20,682 scale=[array([1.])]
2019-01-18 14:41:20,682 *** End Initial Checkpoint

2019-01-18 14:41:20,739 1 loss=0.9955296831184339
2019-01-18 14:41:20,740 2 loss=0.8032207242930934
2019-01-18 14:41:20,741 3 loss=0.6623065236933652
2019-01-18 14:41:20,741 4 loss=0.5608278937882165
2019-01-18 14:41:20,742 5 loss=0.48496409295386206
2019-01-18 14:41:20,742 6 loss=0.42619534300282474
2019-01-18 14:41:20,743 7 loss=0.37930048496772867
2019-01-18 14:41:20,744 8 loss=0.340986523038328
2019-01-18 14:41:20,744 9 loss=0.3090968247465179
2019-01-18 14:41:20,745 10 loss=0.28216220647646717
2019-01-18 14:41:20,745 11 loss=0.2591434978566122
2019-01-18 14:41:20,746 12 loss=0.2392803895660166
2019-01-18 14:41:20,746 13 loss=0.22200001124225932
2019-01-18 14:41:20,747 14 loss=0.20685981954220667
2019-01-18 14:41:20,747 15 loss=0.19351074026492976
2019-01-18 14:41:20,748 16 loss=0.18167262957235397
2019-01-18 14:41:20,748 17 loss=0.1711174571770657
2019-01-18 14:41:20,749 18 loss=0.16165747049042722
2019-01-18 14:41:20,750 19 loss=0.15313665686980152
2019-01-18 14:41:20,750 20 loss=0.14542444156201226
2019-01-18 14:41:20,751 21 loss=0.1384109335931507
2019-01-18 14:41:20,752 22 loss=0.13200326462208006
2019-01-18 14:41:20,752 23 loss=0.12612271418949716
2019-01-18 14:41:20,753 24 loss=0.1207024115556227
2019-01-18 14:41:20,753 25 loss=0.11568546856233135
2019-01-18 14:41:20,754 26 loss=0.11102344122116574
2019-01-18 14:41:20,754 27 loss=0.10667504718628952
2019-01-18 14:41:20,755 28 loss=0.10260508649510067
2019-01-18 14:41:20,755 29 loss=0.09878352693519507
2019-01-18 14:41:20,756 30 loss=0.09518472511117423
2019-01-18 14:41:20,757 31 loss=0.0917867610793962
2019-01-18 14:41:20,757 32 loss=0.08857086920828797
2019-01-18 14:41:20,758 33 loss=0.08552095133537838
2019-01-18 14:41:20,758 34 loss=0.08262316076396534
2019-01-18 14:41:20,759 35 loss=0.07986554747197619
2019-01-18 14:41:20,759 36 loss=0.07723775629910505
2019-01-18 14:41:20,760 37 loss=0.07473077097602451
2019-01-18 14:41:20,760 38 loss=0.07233669775561115
2019-01-18 14:41:20,761 39 loss=0.07004858316274665
2019-01-18 14:41:20,761 40 loss=0.06786026103621676
2019-01-18 14:41:20,762 41 loss=0.0657662246183706
2019-01-18 14:41:20,763 42 loss=0.06376151997053678
2019-01-18 14:41:20,763 43 loss=0.061841657463553745
2019-01-18 14:41:20,764 44 loss=0.06000253851835888
2019-01-18 14:41:20,764 45 loss=0.05824039515463898
2019-01-18 14:41:20,765 46 loss=0.05655174024845118
2019-01-18 14:41:20,765 47 loss=0.054933326704594464
2019-01-18 14:41:20,766 48 loss=0.05338211401854834
2019-01-18 14:41:20,766 49 loss=0.05189524093838986
2019-01-18 14:41:20,767 50 loss=0.050470003141854555
2019-01-18 14:41:20,767 final loss=0.050470003141854555
2019-01-18 14:41:20,767 best loss=10000000000.0, distortion=10000000000.0, map=0.0, wc_dist=10000000000.0
2019-01-18 14:41:20,767 	 Computing Major Stats lazily... 
2019-01-18 14:41:20,768 		 Completed edges=132 good=132 bad=0
2019-01-18 14:41:20,770 Distortion avg=0.1876432650544078 wc=2.3058084071053484 me=1.3770301181832427 mc=1.674479284554408 nan_elements=0
2019-01-18 14:41:20,770 MAP = 1.0
2019-01-18 14:41:20,770 scale=[array([1.])]
2019-01-18 15:02:53,347 Commandline ['pytorch/pytorch_hyperbolic.py', 'learn', 'data/edges/parsing/ewt/ewt_dev/275.edges', '--dim', '0', '--hyp', '0', '--edim', '10', '--euc', '1', '--sdim', '0', '--sph', '0', '--log-name', 'ewt_devr2/275.edges.E10-1.lr1.log', '--batch-size', '65536', '--epochs', '50', '--checkpoint-freq', '10', '-g', '--subsample', '1024', '--learning-rate', '1']
2019-01-18 15:02:53,348 No Model Save selected!
2019-01-18 15:02:53,349 Loaded Graph data/edges/parsing/ewt/ewt_dev/275.edges with 12 nodes scale=1.0
2019-01-18 15:02:53,349 Building dataset
2019-01-18 15:02:53,350 Subsample: 12 points with scale 1.0 subsample=11
2019-01-18 15:02:53,360 Built Data Sampler
2019-01-18 15:02:53,360 Creating a fresh model warm_start?=None
2019-01-18 15:02:53,360 	 Warmstarting? None None 12
2019-01-18 15:02:53,360 Embedding() torch.Size([12, 10])
2019-01-18 15:02:53,361 relative No Rescale
2019-01-18 15:02:53,361 Constructed model with dim=0 and epochs=0 isnan=False
2019-01-18 15:02:53,361 SGD (
Parameter Group 0
    dampening: 0
    initial_lr: 0.1
    lr: 1.0
    momentum: 0.0
    nesterov: False
    weight_decay: 0

Parameter Group 1
    dampening: 0
    initial_lr: 0.1
    lr: 1.0
    momentum: 0.0
    nesterov: False
    weight_decay: 0

Parameter Group 2
    dampening: 0
    initial_lr: 0.1
    lr: 1.0
    momentum: 0.0
    nesterov: False
    weight_decay: 0

Parameter Group 3
    dampening: 0
    initial_lr: 0.0001
    lr: 0.001
    momentum: 0.0
    nesterov: False
    weight_decay: 0
)
2019-01-18 15:02:53,361 *** Initial Checkpoint. Computing Stats
2019-01-18 15:02:53,361 	 Computing Major Stats lazily... 
2019-01-18 15:02:53,362 		 Completed edges=132 good=132 bad=0
2019-01-18 15:02:53,364 Distortion avg=0.9977617355413759 wc=5.866812385122224 me=0.005628252251848828 mc=1042.3861835963432 nan_elements=0
2019-01-18 15:02:53,364 MAP = 0.3079891173641173
2019-01-18 15:02:53,365 scale=[array([1.])]
2019-01-18 15:02:53,365 *** End Initial Checkpoint

2019-01-18 15:02:53,428 1 loss=0.9955296831184339
2019-01-18 15:02:53,429 2 loss=0.8032207242930934
2019-01-18 15:02:53,429 3 loss=0.6623065236933652
2019-01-18 15:02:53,430 4 loss=0.5608278937882165
2019-01-18 15:02:53,430 5 loss=0.48496409295386206
2019-01-18 15:02:53,431 6 loss=0.42619534300282474
2019-01-18 15:02:53,431 7 loss=0.37930048496772867
2019-01-18 15:02:53,432 8 loss=0.340986523038328
2019-01-18 15:02:53,432 9 loss=0.3090968247465179
2019-01-18 15:02:53,433 10 loss=0.28216220647646717
2019-01-18 15:02:53,433 
*** Major Checkpoint. Computing Stats and Saving
2019-01-18 15:02:53,433 	 Computing Major Stats lazily... 
2019-01-18 15:02:53,434 		 Completed edges=132 good=132 bad=0
2019-01-18 15:02:53,436 Distortion avg=0.46953952156300843 wc=5.833616578669788 me=1.3486451637595636 mc=4.325538499991837 nan_elements=0
2019-01-18 15:02:53,436 MAP = 0.23466209716209718
2019-01-18 15:02:53,436 scale=[array([1.])]
2019-01-18 15:02:53,436 *** End Major Checkpoint

2019-01-18 15:02:53,437 11 loss=0.25914349785661217
2019-01-18 15:02:53,437 12 loss=0.23928038956601655
2019-01-18 15:02:53,438 13 loss=0.22200001124225932
2019-01-18 15:02:53,439 14 loss=0.2068598195422067
2019-01-18 15:02:53,440 15 loss=0.19351074026492973
2019-01-18 15:02:53,441 16 loss=0.181672629572354
2019-01-18 15:02:53,441 17 loss=0.17111745717706572
2019-01-18 15:02:53,442 18 loss=0.16165747049042722
2019-01-18 15:02:53,442 19 loss=0.15313665686980155
2019-01-18 15:02:53,443 20 loss=0.14542444156201226
2019-01-18 15:02:53,443 
*** Major Checkpoint. Computing Stats and Saving
2019-01-18 15:02:53,443 	 Computing Major Stats lazily... 
2019-01-18 15:02:53,444 		 Completed edges=132 good=132 bad=0
2019-01-18 15:02:53,446 Distortion avg=0.3347916575515585 wc=3.9265429569019026 me=1.467713561770069 mc=2.6752787867998404 nan_elements=0
2019-01-18 15:02:53,446 MAP = 0.617471590909091
2019-01-18 15:02:53,446 scale=[array([1.])]
2019-01-18 15:02:53,446 *** End Major Checkpoint

2019-01-18 15:02:53,446 21 loss=0.1384109335931507
2019-01-18 15:02:53,447 22 loss=0.13200326462208012
2019-01-18 15:02:53,448 23 loss=0.1261227141894972
2019-01-18 15:02:53,448 24 loss=0.1207024115556227
2019-01-18 15:02:53,449 25 loss=0.11568546856233133
2019-01-18 15:02:53,449 26 loss=0.1110234412211657
2019-01-18 15:02:53,450 27 loss=0.10667504718628953
2019-01-18 15:02:53,450 28 loss=0.1026050864951007
2019-01-18 15:02:53,451 29 loss=0.0987835269351951
2019-01-18 15:02:53,451 30 loss=0.09518472511117423
2019-01-18 15:02:53,451 
*** Major Checkpoint. Computing Stats and Saving
2019-01-18 15:02:53,452 	 Computing Major Stats lazily... 
2019-01-18 15:02:53,452 		 Completed edges=132 good=132 bad=0
2019-01-18 15:02:53,454 Distortion avg=0.2601897131045051 wc=3.241870883787053 me=1.5006343027450666 mc=2.160333718785978 nan_elements=0
2019-01-18 15:02:53,454 MAP = 0.8680555555555555
2019-01-18 15:02:53,454 scale=[array([1.])]
2019-01-18 15:02:53,454 *** End Major Checkpoint

2019-01-18 15:02:53,455 31 loss=0.09178676107939622
2019-01-18 15:02:53,456 32 loss=0.08857086920828795
2019-01-18 15:02:53,456 33 loss=0.08552095133537838
2019-01-18 15:02:53,457 34 loss=0.08262316076396532
2019-01-18 15:02:53,457 35 loss=0.07986554747197618
2019-01-18 15:02:53,458 36 loss=0.07723775629910504
2019-01-18 15:02:53,458 37 loss=0.07473077097602453
2019-01-18 15:02:53,459 38 loss=0.07233669775561115
2019-01-18 15:02:53,459 39 loss=0.07004858316274663
2019-01-18 15:02:53,460 40 loss=0.06786026103621674
2019-01-18 15:02:53,460 
*** Major Checkpoint. Computing Stats and Saving
2019-01-18 15:02:53,460 	 Computing Major Stats lazily... 
2019-01-18 15:02:53,461 		 Completed edges=132 good=132 bad=0
2019-01-18 15:02:53,463 Distortion avg=0.21817513939371516 wc=2.700205906920523 me=1.4473804437337678 mc=1.8655813118179734 nan_elements=0
2019-01-18 15:02:53,463 MAP = 1.0
2019-01-18 15:02:53,463 scale=[array([1.])]
2019-01-18 15:02:53,463 *** End Major Checkpoint

2019-01-18 15:02:53,464 41 loss=0.06576622461837059
2019-01-18 15:02:53,464 42 loss=0.06376151997053676
2019-01-18 15:02:53,465 43 loss=0.061841657463553766
2019-01-18 15:02:53,465 44 loss=0.060002538518358885
2019-01-18 15:02:53,466 45 loss=0.05824039515463899
2019-01-18 15:02:53,466 46 loss=0.056551740248451186
2019-01-18 15:02:53,467 47 loss=0.05493332670459445
2019-01-18 15:02:53,467 48 loss=0.053382114018548345
2019-01-18 15:02:53,468 49 loss=0.051895240938389875
2019-01-18 15:02:53,468 50 loss=0.050470003141854555
2019-01-18 15:02:53,469 
*** Major Checkpoint. Computing Stats and Saving
2019-01-18 15:02:53,469 	 Computing Major Stats lazily... 
2019-01-18 15:02:53,469 		 Completed edges=132 good=132 bad=0
2019-01-18 15:02:53,471 Distortion avg=0.1876432650544078 wc=2.3058084071053484 me=1.3770301181832427 mc=1.6744792845544083 nan_elements=0
2019-01-18 15:02:53,471 MAP = 1.0
2019-01-18 15:02:53,471 scale=[array([1.])]
2019-01-18 15:02:53,471 *** End Major Checkpoint

2019-01-18 15:02:53,471 final loss=0.050470003141854555
2019-01-18 15:02:53,472 best loss=0.050470003141854555, distortion=0.1876432650544078, map=1.0, wc_dist=2.3058084071053484
2019-01-18 15:02:53,472 	 Computing Major Stats lazily... 
2019-01-18 15:02:53,472 		 Completed edges=132 good=132 bad=0
2019-01-18 15:02:53,474 Distortion avg=0.18764326505440782 wc=2.3058084071053484 me=1.3770301181832427 mc=1.6744792845544083 nan_elements=0
2019-01-18 15:02:53,474 MAP = 1.0
2019-01-18 15:02:53,474 scale=[array([1.])]
