2019-01-18 14:59:55,127 Commandline ['pytorch/pytorch_hyperbolic.py', 'learn', 'data/edges/parsing/ewt/ewt_dev/278.edges', '--dim', '0', '--hyp', '0', '--edim', '10', '--euc', '1', '--sdim', '0', '--sph', '0', '--log-name', 'ewt_devr2/278.edges.E10-1.lr1.log', '--batch-size', '65536', '--epochs', '50', '--checkpoint-freq', '10', '-g', '--subsample', '1024', '--learning-rate', '1']
2019-01-18 14:59:55,127 No Model Save selected!
2019-01-18 14:59:55,128 Loaded Graph data/edges/parsing/ewt/ewt_dev/278.edges with 26 nodes scale=1.0
2019-01-18 14:59:55,129 Building dataset
2019-01-18 14:59:55,129 Subsample: 26 points with scale 1.0 subsample=25
2019-01-18 14:59:55,159 Built Data Sampler
2019-01-18 14:59:55,160 Creating a fresh model warm_start?=None
2019-01-18 14:59:55,160 	 Warmstarting? None None 26
2019-01-18 14:59:55,160 Embedding() torch.Size([26, 10])
2019-01-18 14:59:55,160 relative No Rescale
2019-01-18 14:59:55,160 Constructed model with dim=0 and epochs=0 isnan=False
2019-01-18 14:59:55,161 SGD (
Parameter Group 0
    dampening: 0
    initial_lr: 0.1
    lr: 1.0
    momentum: 0.0
    nesterov: False
    weight_decay: 0

Parameter Group 1
    dampening: 0
    initial_lr: 0.1
    lr: 1.0
    momentum: 0.0
    nesterov: False
    weight_decay: 0

Parameter Group 2
    dampening: 0
    initial_lr: 0.1
    lr: 1.0
    momentum: 0.0
    nesterov: False
    weight_decay: 0

Parameter Group 3
    dampening: 0
    initial_lr: 0.0001
    lr: 0.001
    momentum: 0.0
    nesterov: False
    weight_decay: 0
)
2019-01-18 14:59:55,161 *** Initial Checkpoint. Computing Stats
2019-01-18 14:59:55,161 	 Computing Major Stats lazily... 
2019-01-18 14:59:55,164 		 Completed edges=650 good=650 bad=0
2019-01-18 14:59:55,168 Distortion avg=0.9980880862239806 wc=11.533538515887068 me=0.006841983940850235 mc=1685.7009042400393 nan_elements=0
2019-01-18 14:59:55,168 MAP = 0.19445888582312432
2019-01-18 14:59:55,168 scale=[array([1.])]
2019-01-18 14:59:55,168 *** End Initial Checkpoint

2019-01-18 14:59:55,225 1 loss=0.9961809050682737
2019-01-18 14:59:55,226 2 loss=0.9405394003975494
2019-01-18 14:59:55,227 3 loss=0.8881803798888138
2019-01-18 14:59:55,228 4 loss=0.8403085568439838
2019-01-18 14:59:55,229 5 loss=0.7966019009078853
2019-01-18 14:59:55,230 6 loss=0.7566469289227544
2019-01-18 14:59:55,231 7 loss=0.7200495211228962
2019-01-18 14:59:55,232 8 loss=0.6864539910346792
2019-01-18 14:59:55,233 9 loss=0.655544834423937
2019-01-18 14:59:55,234 10 loss=0.6270439264086188
2019-01-18 14:59:55,234 
*** Major Checkpoint. Computing Stats and Saving
2019-01-18 14:59:55,234 	 Computing Major Stats lazily... 
2019-01-18 14:59:55,236 		 Completed edges=650 good=650 bad=0
2019-01-18 14:59:55,240 Distortion avg=0.7571547228340826 wc=14.860955863668341 me=1.0035870832428277 mc=14.807838912841595 nan_elements=0
2019-01-18 14:59:55,240 MAP = 0.08558427316200581
2019-01-18 14:59:55,241 scale=[array([1.])]
2019-01-18 14:59:55,241 *** End Major Checkpoint

2019-01-18 14:59:55,242 11 loss=0.6007065455738388
2019-01-18 14:59:55,242 12 loss=0.5763173176019116
2019-01-18 14:59:55,243 13 loss=0.5536864536531133
2019-01-18 14:59:55,244 14 loss=0.5326463980315735
2019-01-18 14:59:55,245 15 loss=0.5130488975695857
2019-01-18 14:59:55,246 16 loss=0.4947624650273436
2019-01-18 14:59:55,247 17 loss=0.47767019474048616
2019-01-18 14:59:55,248 18 loss=0.46166788604738396
2019-01-18 14:59:55,249 19 loss=0.4466624322308505
2019-01-18 14:59:55,249 20 loss=0.432570436846114
2019-01-18 14:59:55,250 
*** Major Checkpoint. Computing Stats and Saving
2019-01-18 14:59:55,250 	 Computing Major Stats lazily... 
2019-01-18 14:59:55,252 		 Completed edges=650 good=650 bad=0
2019-01-18 14:59:55,256 Distortion avg=0.6159527597785664 wc=12.058874621559186 me=1.4357086817209996 mc=8.399248938931038 nan_elements=0
2019-01-18 14:59:55,256 MAP = 0.08892168184517163
2019-01-18 14:59:55,256 scale=[array([1.])]
2019-01-18 14:59:55,256 *** End Major Checkpoint

2019-01-18 14:59:55,257 21 loss=0.41931702398683307
2019-01-18 14:59:55,258 22 loss=0.4068348136186587
2019-01-18 14:59:55,259 23 loss=0.3950630373049365
2019-01-18 14:59:55,260 24 loss=0.383946773361593
2019-01-18 14:59:55,261 25 loss=0.37343628369663046
2019-01-18 14:59:55,262 26 loss=0.36348643734412855
2019-01-18 14:59:55,263 27 loss=0.3540562080406743
2019-01-18 14:59:55,263 28 loss=0.34510823516613115
2019-01-18 14:59:55,264 29 loss=0.33660843903161186
2019-01-18 14:59:55,265 30 loss=0.3285256828922386
2019-01-18 14:59:55,265 
*** Major Checkpoint. Computing Stats and Saving
2019-01-18 14:59:55,265 	 Computing Major Stats lazily... 
2019-01-18 14:59:55,268 		 Completed edges=650 good=650 bad=0
2019-01-18 14:59:55,272 Distortion avg=0.5367714413381091 wc=10.014632440303703 me=1.6184506753417323 mc=6.187789713263356 nan_elements=0
2019-01-18 14:59:55,272 MAP = 0.10697191588147768
2019-01-18 14:59:55,272 scale=[array([1.])]
2019-01-18 14:59:55,272 *** End Major Checkpoint

2019-01-18 14:59:55,273 31 loss=0.3208314752322251
2019-01-18 14:59:55,274 32 loss=0.3134997068509217
2019-01-18 14:59:55,275 33 loss=0.30650641810146195
2019-01-18 14:59:55,276 34 loss=0.2998295923245229
2019-01-18 14:59:55,277 35 loss=0.2934489721003239
2019-01-18 14:59:55,277 36 loss=0.28734589543062267
2019-01-18 14:59:55,278 37 loss=0.2815031493743544
2019-01-18 14:59:55,279 38 loss=0.27590483900839763
2019-01-18 14:59:55,280 39 loss=0.27053626987924884
2019-01-18 14:59:55,281 40 loss=0.2653838423609108
2019-01-18 14:59:55,281 
*** Major Checkpoint. Computing Stats and Saving
2019-01-18 14:59:55,281 	 Computing Major Stats lazily... 
2019-01-18 14:59:55,284 		 Completed edges=650 good=650 bad=0
2019-01-18 14:59:55,288 Distortion avg=0.4763101008553967 wc=8.502349908643204 me=1.6876522794866604 mc=5.037974950165324 nan_elements=0
2019-01-18 14:59:55,288 MAP = 0.14744872982459312
2019-01-18 14:59:55,288 scale=[array([1.])]
2019-01-18 14:59:55,288 *** End Major Checkpoint

2019-01-18 14:59:55,289 41 loss=0.2604349565462984
2019-01-18 14:59:55,290 42 loss=0.2556779264799701
2019-01-18 14:59:55,291 43 loss=0.251101902694025
2019-01-18 14:59:55,292 44 loss=0.24669680214074136
2019-01-18 14:59:55,293 45 loss=0.2424532447284494
2019-01-18 14:59:55,294 46 loss=0.2383624957641532
2019-01-18 14:59:55,295 47 loss=0.23441641368997335
2019-01-18 14:59:55,296 48 loss=0.23060740257261947
2019-01-18 14:59:55,297 49 loss=0.22692836886754544
2019-01-18 14:59:55,298 50 loss=0.2233726820336231
2019-01-18 14:59:55,298 
*** Major Checkpoint. Computing Stats and Saving
2019-01-18 14:59:55,298 	 Computing Major Stats lazily... 
2019-01-18 14:59:55,301 		 Completed edges=650 good=650 bad=0
2019-01-18 14:59:55,305 Distortion avg=0.4306554706519596 wc=7.389499763254763 me=1.7122860902593402 mc=4.315575420072215 nan_elements=0
2019-01-18 14:59:55,305 MAP = 0.19848893813885476
2019-01-18 14:59:55,305 scale=[array([1.])]
2019-01-18 14:59:55,305 *** End Major Checkpoint

2019-01-18 14:59:55,305 final loss=0.2233726820336231
2019-01-18 14:59:55,305 best loss=0.2233726820336231, distortion=0.4306554706519596, map=0.19848893813885476, wc_dist=7.389499763254763
2019-01-18 14:59:55,305 	 Computing Major Stats lazily... 
2019-01-18 14:59:55,308 		 Completed edges=650 good=650 bad=0
2019-01-18 14:59:55,312 Distortion avg=0.4306554706519599 wc=7.389499763254763 me=1.7122860902593402 mc=4.315575420072215 nan_elements=0
2019-01-18 14:59:55,312 MAP = 0.19848893813885476
2019-01-18 14:59:55,312 scale=[array([1.])]
