2019-01-18 15:13:09,408 Commandline ['pytorch/pytorch_hyperbolic.py', 'learn', 'data/edges/parsing/ewt/ewt_dev/283.edges', '--dim', '0', '--hyp', '0', '--edim', '10', '--euc', '1', '--sdim', '0', '--sph', '0', '--log-name', 'ewt_devr2/283.edges.E10-1.lr1.log', '--batch-size', '65536', '--epochs', '50', '--checkpoint-freq', '10', '-g', '--subsample', '1024', '--learning-rate', '1']
2019-01-18 15:13:09,408 No Model Save selected!
2019-01-18 15:13:09,410 Loaded Graph data/edges/parsing/ewt/ewt_dev/283.edges with 8 nodes scale=1.0
2019-01-18 15:13:09,410 Building dataset
2019-01-18 15:13:09,410 Subsample: 8 points with scale 1.0 subsample=7
2019-01-18 15:13:09,416 Built Data Sampler
2019-01-18 15:13:09,416 Creating a fresh model warm_start?=None
2019-01-18 15:13:09,416 	 Warmstarting? None None 8
2019-01-18 15:13:09,417 Embedding() torch.Size([8, 10])
2019-01-18 15:13:09,417 relative No Rescale
2019-01-18 15:13:09,417 Constructed model with dim=0 and epochs=0 isnan=False
2019-01-18 15:13:09,417 SGD (
Parameter Group 0
    dampening: 0
    initial_lr: 0.1
    lr: 1.0
    momentum: 0.0
    nesterov: False
    weight_decay: 0

Parameter Group 1
    dampening: 0
    initial_lr: 0.1
    lr: 1.0
    momentum: 0.0
    nesterov: False
    weight_decay: 0

Parameter Group 2
    dampening: 0
    initial_lr: 0.1
    lr: 1.0
    momentum: 0.0
    nesterov: False
    weight_decay: 0

Parameter Group 3
    dampening: 0
    initial_lr: 0.0001
    lr: 0.001
    momentum: 0.0
    nesterov: False
    weight_decay: 0
)
2019-01-18 15:13:09,418 *** Initial Checkpoint. Computing Stats
2019-01-18 15:13:09,418 	 Computing Major Stats lazily... 
2019-01-18 15:13:09,418 		 Completed edges=56 good=56 bad=0
2019-01-18 15:13:09,420 Distortion avg=0.9971212079839493 wc=5.751184174970984 me=0.005941110731069004 mc=968.0318100949036 nan_elements=0
2019-01-18 15:13:09,420 MAP = 0.32514880952380953
2019-01-18 15:13:09,420 scale=[array([1.])]
2019-01-18 15:13:09,421 *** End Initial Checkpoint

2019-01-18 15:13:09,478 1 loss=0.9942526121492461
2019-01-18 15:13:09,479 2 loss=0.6264241252133498
2019-01-18 15:13:09,479 3 loss=0.4459968735676503
2019-01-18 15:13:09,480 4 loss=0.34896180628879303
2019-01-18 15:13:09,480 5 loss=0.2867785195183744
2019-01-18 15:13:09,481 6 loss=0.24236811337831837
2019-01-18 15:13:09,481 7 loss=0.20877169313147115
2019-01-18 15:13:09,482 8 loss=0.18256003549494543
2019-01-18 15:13:09,482 9 loss=0.16173490272538915
2019-01-18 15:13:09,483 10 loss=0.1449802779943295
2019-01-18 15:13:09,483 
*** Major Checkpoint. Computing Stats and Saving
2019-01-18 15:13:09,483 	 Computing Major Stats lazily... 
2019-01-18 15:13:09,483 		 Completed edges=56 good=56 bad=0
2019-01-18 15:13:09,485 Distortion avg=0.3260523448212277 wc=3.9601496454979066 me=1.3661183524977467 mc=2.8988335002288452 nan_elements=0
2019-01-18 15:13:09,485 MAP = 0.6480654761904762
2019-01-18 15:13:09,485 scale=[array([1.])]
2019-01-18 15:13:09,485 *** End Major Checkpoint

2019-01-18 15:13:09,486 11 loss=0.1313567785088611
2019-01-18 15:13:09,486 12 loss=0.1201600484045937
2019-01-18 15:13:09,487 13 loss=0.1108473508303507
2019-01-18 15:13:09,487 14 loss=0.10299533628818305
2019-01-18 15:13:09,488 15 loss=0.09627312146226898
2019-01-18 15:13:09,488 16 loss=0.09042337348494574
2019-01-18 15:13:09,489 17 loss=0.0852479002327117
2019-01-18 15:13:09,489 18 loss=0.08059604386269324
2019-01-18 15:13:09,490 19 loss=0.07635504387710727
2019-01-18 15:13:09,490 20 loss=0.07244195189215144
2019-01-18 15:13:09,490 
*** Major Checkpoint. Computing Stats and Saving
2019-01-18 15:13:09,490 	 Computing Major Stats lazily... 
2019-01-18 15:13:09,491 		 Completed edges=56 good=56 bad=0
2019-01-18 15:13:09,492 Distortion avg=0.21725538964272065 wc=2.9074590322983775 me=1.3946859866272139 mc=2.0846692805235114 nan_elements=0
2019-01-18 15:13:09,492 MAP = 0.9375
2019-01-18 15:13:09,492 scale=[array([1.])]
2019-01-18 15:13:09,492 *** End Major Checkpoint

2019-01-18 15:13:09,493 21 loss=0.06879686952830656
2019-01-18 15:13:09,493 22 loss=0.06537735802863627
2019-01-18 15:13:09,494 23 loss=0.06215389313218071
2019-01-18 15:13:09,494 24 loss=0.05910624267108013
2019-01-18 15:13:09,495 25 loss=0.056220643132526664
2019-01-18 15:13:09,495 26 loss=0.05348765218880046
2019-01-18 15:13:09,496 27 loss=0.05090055929291871
2019-01-18 15:13:09,496 28 loss=0.04845424569563323
2019-01-18 15:13:09,497 29 loss=0.0461443974125053
2019-01-18 15:13:09,497 30 loss=0.043966988276665855
2019-01-18 15:13:09,497 
*** Major Checkpoint. Computing Stats and Saving
2019-01-18 15:13:09,497 	 Computing Major Stats lazily... 
2019-01-18 15:13:09,498 		 Completed edges=56 good=56 bad=0
2019-01-18 15:13:09,499 Distortion avg=0.17020551790311994 wc=2.1635721464473274 me=1.2859180186531725 mc=1.6825117270799117 nan_elements=0
2019-01-18 15:13:09,499 MAP = 1.0
2019-01-18 15:13:09,499 scale=[array([1.])]
2019-01-18 15:13:09,499 *** End Major Checkpoint

2019-01-18 15:13:09,500 31 loss=0.041917963978654216
2019-01-18 15:13:09,500 32 loss=0.039993071010321936
2019-01-18 15:13:09,501 33 loss=0.03818778614980854
2019-01-18 15:13:09,501 34 loss=0.03649731229261492
2019-01-18 15:13:09,502 35 loss=0.03491661499245591
2019-01-18 15:13:09,502 36 loss=0.03344048109013351
2019-01-18 15:13:09,503 37 loss=0.03206358641245923
2019-01-18 15:13:09,503 38 loss=0.030780563882755862
2019-01-18 15:13:09,504 39 loss=0.029586066678225137
2019-01-18 15:13:09,504 40 loss=0.028474823475325185
2019-01-18 15:13:09,504 
*** Major Checkpoint. Computing Stats and Saving
2019-01-18 15:13:09,504 	 Computing Major Stats lazily... 
2019-01-18 15:13:09,505 		 Completed edges=56 good=56 bad=0
2019-01-18 15:13:09,506 Distortion avg=0.14132931367613752 wc=1.7516176461182322 me=1.2046741392535036 mc=1.4540178036889306 nan_elements=0
2019-01-18 15:13:09,506 MAP = 1.0
2019-01-18 15:13:09,506 scale=[array([1.])]
2019-01-18 15:13:09,506 *** End Major Checkpoint

2019-01-18 15:13:09,507 41 loss=0.027441684511216695
2019-01-18 15:13:09,507 42 loss=0.0264816583118077
2019-01-18 15:13:09,508 43 loss=0.025589939631243563
2019-01-18 15:13:09,509 44 loss=0.02476192952977429
2019-01-18 15:13:09,509 45 loss=0.02399324868173591
2019-01-18 15:13:09,510 46 loss=0.023279745027615952
2019-01-18 15:13:09,510 47 loss=0.022617496820152135
2019-01-18 15:13:09,511 48 loss=0.022002812004607655
2019-01-18 15:13:09,511 49 loss=0.02143222474529053
2019-01-18 15:13:09,511 50 loss=0.020902489781489002
2019-01-18 15:13:09,512 
*** Major Checkpoint. Computing Stats and Saving
2019-01-18 15:13:09,512 	 Computing Major Stats lazily... 
2019-01-18 15:13:09,512 		 Completed edges=56 good=56 bad=0
2019-01-18 15:13:09,513 Distortion avg=0.12468569554476548 wc=1.5807058026469418 me=1.194667184209909 mc=1.3231348642863567 nan_elements=0
2019-01-18 15:13:09,513 MAP = 1.0
2019-01-18 15:13:09,514 scale=[array([1.])]
2019-01-18 15:13:09,514 *** End Major Checkpoint

2019-01-18 15:13:09,514 final loss=0.020902489781489002
2019-01-18 15:13:09,514 best loss=0.020902489781489002, distortion=0.12468569554476548, map=1.0, wc_dist=1.5807058026469418
2019-01-18 15:13:09,514 	 Computing Major Stats lazily... 
2019-01-18 15:13:09,514 		 Completed edges=56 good=56 bad=0
2019-01-18 15:13:09,516 Distortion avg=0.12468569554476551 wc=1.5807058026469418 me=1.194667184209909 mc=1.3231348642863567 nan_elements=0
2019-01-18 15:13:09,516 MAP = 1.0
2019-01-18 15:13:09,516 scale=[array([1.])]
