2019-01-18 15:06:36,704 Commandline ['pytorch/pytorch_hyperbolic.py', 'learn', 'data/edges/parsing/ewt/ewt_dev/285.edges', '--dim', '0', '--hyp', '0', '--edim', '10', '--euc', '1', '--sdim', '0', '--sph', '0', '--log-name', 'ewt_devr2/285.edges.E10-1.lr1.log', '--batch-size', '65536', '--epochs', '50', '--checkpoint-freq', '10', '-g', '--subsample', '1024', '--learning-rate', '1']
2019-01-18 15:06:36,704 No Model Save selected!
2019-01-18 15:06:36,706 Loaded Graph data/edges/parsing/ewt/ewt_dev/285.edges with 18 nodes scale=1.0
2019-01-18 15:06:36,706 Building dataset
2019-01-18 15:06:36,706 Subsample: 18 points with scale 1.0 subsample=17
2019-01-18 15:06:36,724 Built Data Sampler
2019-01-18 15:06:36,724 Creating a fresh model warm_start?=None
2019-01-18 15:06:36,724 	 Warmstarting? None None 18
2019-01-18 15:06:36,725 Embedding() torch.Size([18, 10])
2019-01-18 15:06:36,725 relative No Rescale
2019-01-18 15:06:36,725 Constructed model with dim=0 and epochs=0 isnan=False
2019-01-18 15:06:36,725 SGD (
Parameter Group 0
    dampening: 0
    initial_lr: 0.1
    lr: 1.0
    momentum: 0.0
    nesterov: False
    weight_decay: 0

Parameter Group 1
    dampening: 0
    initial_lr: 0.1
    lr: 1.0
    momentum: 0.0
    nesterov: False
    weight_decay: 0

Parameter Group 2
    dampening: 0
    initial_lr: 0.1
    lr: 1.0
    momentum: 0.0
    nesterov: False
    weight_decay: 0

Parameter Group 3
    dampening: 0
    initial_lr: 0.0001
    lr: 0.001
    momentum: 0.0
    nesterov: False
    weight_decay: 0
)
2019-01-18 15:06:36,726 *** Initial Checkpoint. Computing Stats
2019-01-18 15:06:36,726 	 Computing Major Stats lazily... 
2019-01-18 15:06:36,727 		 Completed edges=306 good=306 bad=0
2019-01-18 15:06:36,730 Distortion avg=0.9981406712897765 wc=10.046837159389682 me=0.005982886981094694 mc=1679.2624014354026 nan_elements=0
2019-01-18 15:06:36,730 MAP = 0.1693632280029339
2019-01-18 15:06:36,731 scale=[array([1.])]
2019-01-18 15:06:36,731 *** End Initial Checkpoint

2019-01-18 15:06:36,788 1 loss=0.996286094388212
2019-01-18 15:06:36,789 2 loss=0.9077254926205948
2019-01-18 15:06:36,790 3 loss=0.8296909173975033
2019-01-18 15:06:36,791 4 loss=0.7630448333386565
2019-01-18 15:06:36,792 5 loss=0.7059993477444303
2019-01-18 15:06:36,792 6 loss=0.6568970305945903
2019-01-18 15:06:36,793 7 loss=0.6143571495254081
2019-01-18 15:06:36,794 8 loss=0.5772557646946047
2019-01-18 15:06:36,795 9 loss=0.5446836153769956
2019-01-18 15:06:36,795 10 loss=0.5159053787924992
2019-01-18 15:06:36,796 
*** Major Checkpoint. Computing Stats and Saving
2019-01-18 15:06:36,796 	 Computing Major Stats lazily... 
2019-01-18 15:06:36,797 		 Completed edges=306 good=306 bad=0
2019-01-18 15:06:36,800 Distortion avg=0.6622501984698016 wc=18.623331055229695 me=1.2444345608682463 mc=14.965295597573352 nan_elements=0
2019-01-18 15:06:36,800 MAP = 0.10381493657637447
2019-01-18 15:06:36,800 scale=[array([1.])]
2019-01-18 15:06:36,800 *** End Major Checkpoint

2019-01-18 15:06:36,801 11 loss=0.4903250184112235
2019-01-18 15:06:36,802 12 loss=0.4674575657334402
2019-01-18 15:06:36,803 13 loss=0.4469065609697767
2019-01-18 15:06:36,803 14 loss=0.4283461697102187
2019-01-18 15:06:36,804 15 loss=0.4115070582894894
2019-01-18 15:06:36,805 16 loss=0.39616524943734427
2019-01-18 15:06:36,805 17 loss=0.3821333243878191
2019-01-18 15:06:36,806 18 loss=0.3692534660164965
2019-01-18 15:06:36,807 19 loss=0.3573919445253645
2019-01-18 15:06:36,808 20 loss=0.34643473350594794
2019-01-18 15:06:36,808 
*** Major Checkpoint. Computing Stats and Saving
2019-01-18 15:06:36,808 	 Computing Major Stats lazily... 
2019-01-18 15:06:36,809 		 Completed edges=306 good=306 bad=0
2019-01-18 15:06:36,812 Distortion avg=0.5502503871448031 wc=13.06508139203948 me=1.459334430136604 mc=8.952767180869223 nan_elements=0
2019-01-18 15:06:36,812 MAP = 0.12503214702094254
2019-01-18 15:06:36,813 scale=[array([1.])]
2019-01-18 15:06:36,813 *** End Major Checkpoint

2019-01-18 15:06:36,813 21 loss=0.336284012661677
2019-01-18 15:06:36,814 22 loss=0.32685536720651825
2019-01-18 15:06:36,815 23 loss=0.3180755358878856
2019-01-18 15:06:36,816 24 loss=0.3098805921877282
2019-01-18 15:06:36,816 25 loss=0.3022144685656521
2019-01-18 15:06:36,817 26 loss=0.29502775324373554
2019-01-18 15:06:36,818 27 loss=0.28827670427184976
2019-01-18 15:06:36,818 28 loss=0.2819224374516785
2019-01-18 15:06:36,819 29 loss=0.27593025391025233
2019-01-18 15:06:36,820 30 loss=0.27026908029661595
2019-01-18 15:06:36,820 
*** Major Checkpoint. Computing Stats and Saving
2019-01-18 15:06:36,820 	 Computing Major Stats lazily... 
2019-01-18 15:06:36,821 		 Completed edges=306 good=306 bad=0
2019-01-18 15:06:36,824 Distortion avg=0.4804033614829413 wc=10.979325553181988 me=1.6122437592221233 mc=6.80996622897725 nan_elements=0
2019-01-18 15:06:36,824 MAP = 0.17118845725288306
2019-01-18 15:06:36,824 scale=[array([1.])]
2019-01-18 15:06:36,824 *** End Major Checkpoint

2019-01-18 15:06:36,825 31 loss=0.2649110001879602
2019-01-18 15:06:36,826 32 loss=0.25983085968780534
2019-01-18 15:06:36,826 33 loss=0.2550059336505687
2019-01-18 15:06:36,827 34 loss=0.2504156416834137
2019-01-18 15:06:36,828 35 loss=0.2460413052191316
2019-01-18 15:06:36,828 36 loss=0.24186593864781078
2019-01-18 15:06:36,829 37 loss=0.23787406883713053
2019-01-18 15:06:36,830 38 loss=0.23405157843676352
2019-01-18 15:06:36,830 39 loss=0.2303855692105744
2019-01-18 15:06:36,831 40 loss=0.22686424231733077
2019-01-18 15:06:36,831 
*** Major Checkpoint. Computing Stats and Saving
2019-01-18 15:06:36,831 	 Computing Major Stats lazily... 
2019-01-18 15:06:36,833 		 Completed edges=306 good=306 bad=0
2019-01-18 15:06:36,835 Distortion avg=0.4302101372118134 wc=9.925792491046824 me=1.7523309647067775 mc=5.664336641284962 nan_elements=0
2019-01-18 15:06:36,835 MAP = 0.24994016124968507
2019-01-18 15:06:36,836 scale=[array([1.])]
2019-01-18 15:06:36,836 *** End Major Checkpoint

2019-01-18 15:06:36,836 41 loss=0.22347679300279236
2019-01-18 15:06:36,837 42 loss=0.22021331760188126
2019-01-18 15:06:36,838 43 loss=0.21706473110157062
2019-01-18 15:06:36,838 44 loss=0.21402269380078173
2019-01-18 15:06:36,839 45 loss=0.2110795458367275
2019-01-18 15:06:36,840 46 loss=0.20822824853857935
2019-01-18 15:06:36,841 47 loss=0.20546233172748246
2019-01-18 15:06:36,841 48 loss=0.2027758462133762
2019-01-18 15:06:36,842 49 loss=0.20016332084892377
2019-01-18 15:06:36,843 50 loss=0.19761972359313745
2019-01-18 15:06:36,843 
*** Major Checkpoint. Computing Stats and Saving
2019-01-18 15:06:36,843 	 Computing Major Stats lazily... 
2019-01-18 15:06:36,845 		 Completed edges=306 good=306 bad=0
2019-01-18 15:06:36,847 Distortion avg=0.3944232346619721 wc=8.967685569495181 me=1.8190039478343876 mc=4.9299978596372185 nan_elements=0
2019-01-18 15:06:36,847 MAP = 0.3821368446368446
2019-01-18 15:06:36,848 scale=[array([1.])]
2019-01-18 15:06:36,848 *** End Major Checkpoint

2019-01-18 15:06:36,848 final loss=0.19761972359313745
2019-01-18 15:06:36,848 best loss=0.19761972359313745, distortion=0.3944232346619721, map=0.3821368446368446, wc_dist=8.967685569495181
2019-01-18 15:06:36,848 	 Computing Major Stats lazily... 
2019-01-18 15:06:36,849 		 Completed edges=306 good=306 bad=0
2019-01-18 15:06:36,852 Distortion avg=0.39442323466197216 wc=8.967685569495181 me=1.8190039478343876 mc=4.9299978596372185 nan_elements=0
2019-01-18 15:06:36,852 MAP = 0.3821368446368446
2019-01-18 15:06:36,852 scale=[array([1.])]
