2019-01-18 15:02:29,002 Commandline ['pytorch/pytorch_hyperbolic.py', 'learn', 'data/edges/parsing/ewt/ewt_dev/286.edges', '--dim', '0', '--hyp', '0', '--edim', '10', '--euc', '1', '--sdim', '0', '--sph', '0', '--log-name', 'ewt_devr2/286.edges.E10-1.lr1.log', '--batch-size', '65536', '--epochs', '50', '--checkpoint-freq', '10', '-g', '--subsample', '1024', '--learning-rate', '1']
2019-01-18 15:02:29,002 No Model Save selected!
2019-01-18 15:02:29,004 Loaded Graph data/edges/parsing/ewt/ewt_dev/286.edges with 11 nodes scale=1.0
2019-01-18 15:02:29,004 Building dataset
2019-01-18 15:02:29,005 Subsample: 11 points with scale 1.0 subsample=10
2019-01-18 15:02:29,014 Built Data Sampler
2019-01-18 15:02:29,014 Creating a fresh model warm_start?=None
2019-01-18 15:02:29,014 	 Warmstarting? None None 11
2019-01-18 15:02:29,014 Embedding() torch.Size([11, 10])
2019-01-18 15:02:29,014 relative No Rescale
2019-01-18 15:02:29,015 Constructed model with dim=0 and epochs=0 isnan=False
2019-01-18 15:02:29,015 SGD (
Parameter Group 0
    dampening: 0
    initial_lr: 0.1
    lr: 1.0
    momentum: 0.0
    nesterov: False
    weight_decay: 0

Parameter Group 1
    dampening: 0
    initial_lr: 0.1
    lr: 1.0
    momentum: 0.0
    nesterov: False
    weight_decay: 0

Parameter Group 2
    dampening: 0
    initial_lr: 0.1
    lr: 1.0
    momentum: 0.0
    nesterov: False
    weight_decay: 0

Parameter Group 3
    dampening: 0
    initial_lr: 0.0001
    lr: 0.001
    momentum: 0.0
    nesterov: False
    weight_decay: 0
)
2019-01-18 15:02:29,015 *** Initial Checkpoint. Computing Stats
2019-01-18 15:02:29,015 	 Computing Major Stats lazily... 
2019-01-18 15:02:29,016 		 Completed edges=110 good=110 bad=0
2019-01-18 15:02:29,018 Distortion avg=0.9978385340451446 wc=6.865870945531335 me=0.005982886981094694 mc=1147.5849313595224 nan_elements=0
2019-01-18 15:02:29,018 MAP = 0.26616402116402116
2019-01-18 15:02:29,019 scale=[array([1.])]
2019-01-18 15:02:29,019 *** End Initial Checkpoint

2019-01-18 15:02:29,074 1 loss=0.9956833502402992
2019-01-18 15:02:29,074 2 loss=0.8049451040858544
2019-01-18 15:02:29,075 3 loss=0.667093349067045
2019-01-18 15:02:29,076 4 loss=0.5709327098639438
2019-01-18 15:02:29,076 5 loss=0.5021559251613507
2019-01-18 15:02:29,077 6 loss=0.4513209726180644
2019-01-18 15:02:29,077 7 loss=0.4124110687673043
2019-01-18 15:02:29,078 8 loss=0.3815877423838122
2019-01-18 15:02:29,078 9 loss=0.35637540052051714
2019-01-18 15:02:29,079 10 loss=0.33515324427737275
2019-01-18 15:02:29,079 
*** Major Checkpoint. Computing Stats and Saving
2019-01-18 15:02:29,079 	 Computing Major Stats lazily... 
2019-01-18 15:02:29,079 		 Completed edges=110 good=110 bad=0
2019-01-18 15:02:29,081 Distortion avg=0.5285951112054298 wc=8.021405712325238 me=1.3197669567065669 mc=6.077895549334241 nan_elements=0
2019-01-18 15:02:29,081 MAP = 0.18654401154401154
2019-01-18 15:02:29,081 scale=[array([1.])]
2019-01-18 15:02:29,082 *** End Major Checkpoint

2019-01-18 15:02:29,082 11 loss=0.31684161636541563
2019-01-18 15:02:29,083 12 loss=0.3007077341104849
2019-01-18 15:02:29,083 13 loss=0.2862443278648118
2019-01-18 15:02:29,084 14 loss=0.273092991839802
2019-01-18 15:02:29,084 15 loss=0.2609952014203702
2019-01-18 15:02:29,085 16 loss=0.24976063757660144
2019-01-18 15:02:29,085 17 loss=0.23924646147622142
2019-01-18 15:02:29,086 18 loss=0.2293435912971317
2019-01-18 15:02:29,086 19 loss=0.21996749769225685
2019-01-18 15:02:29,087 20 loss=0.21105193624194496
2019-01-18 15:02:29,087 
*** Major Checkpoint. Computing Stats and Saving
2019-01-18 15:02:29,087 	 Computing Major Stats lazily... 
2019-01-18 15:02:29,087 		 Completed edges=110 good=110 bad=0
2019-01-18 15:02:29,089 Distortion avg=0.42301026595315194 wc=5.545389483907334 me=1.488125255128354 mc=3.726426565772538 nan_elements=0
2019-01-18 15:02:29,089 MAP = 0.37793650793650785
2019-01-18 15:02:29,089 scale=[array([1.])]
2019-01-18 15:02:29,089 *** End Major Checkpoint

2019-01-18 15:02:29,090 21 loss=0.20254459880052272
2019-01-18 15:02:29,090 22 loss=0.19440402321173436
2019-01-18 15:02:29,091 23 loss=0.18659733115873495
2019-01-18 15:02:29,091 24 loss=0.17909851426535536
2019-01-18 15:02:29,092 25 loss=0.17188708776687242
2019-01-18 15:02:29,093 26 loss=0.16494699685572908
2019-01-18 15:02:29,093 27 loss=0.15826570428585265
2019-01-18 15:02:29,094 28 loss=0.1518334161069828
2019-01-18 15:02:29,094 29 loss=0.1456424202131914
2019-01-18 15:02:29,095 30 loss=0.13968652297905457
2019-01-18 15:02:29,095 
*** Major Checkpoint. Computing Stats and Saving
2019-01-18 15:02:29,095 	 Computing Major Stats lazily... 
2019-01-18 15:02:29,095 		 Completed edges=110 good=110 bad=0
2019-01-18 15:02:29,097 Distortion avg=0.3355950829617203 wc=4.134380574557055 me=1.4995524742233672 mc=2.7570762915104328 nan_elements=0
2019-01-18 15:02:29,097 MAP = 0.8313131313131312
2019-01-18 15:02:29,097 scale=[array([1.])]
2019-01-18 15:02:29,097 *** End Major Checkpoint

2019-01-18 15:02:29,098 31 loss=0.1339605749538484
2019-01-18 15:02:29,098 32 loss=0.1284600791041944
2019-01-18 15:02:29,099 33 loss=0.12318087570690553
2019-01-18 15:02:29,099 34 loss=0.11811889761419184
2019-01-18 15:02:29,100 35 loss=0.11326998887564926
2019-01-18 15:02:29,101 36 loss=0.10862977900712217
2019-01-18 15:02:29,101 37 loss=0.10419360476615327
2019-01-18 15:02:29,102 38 loss=0.09995647121455949
2019-01-18 15:02:29,103 39 loss=0.09591304411786938
2019-01-18 15:02:29,104 40 loss=0.0920576662925271
2019-01-18 15:02:29,104 
*** Major Checkpoint. Computing Stats and Saving
2019-01-18 15:02:29,104 	 Computing Major Stats lazily... 
2019-01-18 15:02:29,104 		 Completed edges=110 good=110 bad=0
2019-01-18 15:02:29,106 Distortion avg=0.2673946608072583 wc=3.16320529080733 me=1.4173029762038767 mc=2.231848337240991 nan_elements=0
2019-01-18 15:02:29,106 MAP = 1.0
2019-01-18 15:02:29,107 scale=[array([1.])]
2019-01-18 15:02:29,107 *** End Major Checkpoint

2019-01-18 15:02:29,107 41 loss=0.08838439128343624
2019-01-18 15:02:29,108 42 loss=0.08488702865034184
2019-01-18 15:02:29,108 43 loss=0.08155919608357945
2019-01-18 15:02:29,109 44 loss=0.07839437449464556
2019-01-18 15:02:29,109 45 loss=0.07538596308892745
2019-01-18 15:02:29,110 46 loss=0.07252733219747608
2019-01-18 15:02:29,110 47 loss=0.06981187230689546
2019-01-18 15:02:29,111 48 loss=0.067233038277411
2019-01-18 15:02:29,111 49 loss=0.06478438818310947
2019-01-18 15:02:29,112 50 loss=0.06245961655447625
2019-01-18 15:02:29,112 
*** Major Checkpoint. Computing Stats and Saving
2019-01-18 15:02:29,112 	 Computing Major Stats lazily... 
2019-01-18 15:02:29,112 		 Completed edges=110 good=110 bad=0
2019-01-18 15:02:29,114 Distortion avg=0.21777602992857858 wc=2.542595016148619 me=1.3246788522932376 mc=1.9194048517849949 nan_elements=0
2019-01-18 15:02:29,114 MAP = 1.0
2019-01-18 15:02:29,114 scale=[array([1.])]
2019-01-18 15:02:29,115 *** End Major Checkpoint

2019-01-18 15:02:29,115 final loss=0.06245961655447625
2019-01-18 15:02:29,115 best loss=0.06245961655447625, distortion=0.21777602992857858, map=1.0, wc_dist=2.542595016148619
2019-01-18 15:02:29,115 	 Computing Major Stats lazily... 
2019-01-18 15:02:29,115 		 Completed edges=110 good=110 bad=0
2019-01-18 15:02:29,117 Distortion avg=0.21777602992857856 wc=2.542595016148619 me=1.3246788522932376 mc=1.9194048517849949 nan_elements=0
2019-01-18 15:02:29,117 MAP = 1.0
2019-01-18 15:02:29,117 scale=[array([1.])]
