2019-01-18 14:57:56,288 Commandline ['pytorch/pytorch_hyperbolic.py', 'learn', 'data/edges/parsing/ewt/ewt_dev/289.edges', '--dim', '0', '--hyp', '0', '--edim', '10', '--euc', '1', '--sdim', '0', '--sph', '0', '--log-name', 'ewt_devr2/289.edges.E10-1.lr1.log', '--batch-size', '65536', '--epochs', '50', '--checkpoint-freq', '10', '-g', '--subsample', '1024', '--learning-rate', '1']
2019-01-18 14:57:56,288 No Model Save selected!
2019-01-18 14:57:56,290 Loaded Graph data/edges/parsing/ewt/ewt_dev/289.edges with 8 nodes scale=1.0
2019-01-18 14:57:56,290 Building dataset
2019-01-18 14:57:56,291 Subsample: 8 points with scale 1.0 subsample=7
2019-01-18 14:57:56,297 Built Data Sampler
2019-01-18 14:57:56,297 Creating a fresh model warm_start?=None
2019-01-18 14:57:56,297 	 Warmstarting? None None 8
2019-01-18 14:57:56,298 Embedding() torch.Size([8, 10])
2019-01-18 14:57:56,298 relative No Rescale
2019-01-18 14:57:56,298 Constructed model with dim=0 and epochs=0 isnan=False
2019-01-18 14:57:56,298 SGD (
Parameter Group 0
    dampening: 0
    initial_lr: 0.1
    lr: 1.0
    momentum: 0.0
    nesterov: False
    weight_decay: 0

Parameter Group 1
    dampening: 0
    initial_lr: 0.1
    lr: 1.0
    momentum: 0.0
    nesterov: False
    weight_decay: 0

Parameter Group 2
    dampening: 0
    initial_lr: 0.1
    lr: 1.0
    momentum: 0.0
    nesterov: False
    weight_decay: 0

Parameter Group 3
    dampening: 0
    initial_lr: 0.0001
    lr: 0.001
    momentum: 0.0
    nesterov: False
    weight_decay: 0
)
2019-01-18 14:57:56,298 *** Initial Checkpoint. Computing Stats
2019-01-18 14:57:56,298 	 Computing Major Stats lazily... 
2019-01-18 14:57:56,299 		 Completed edges=56 good=56 bad=0
2019-01-18 14:57:56,301 Distortion avg=0.9972031768128735 wc=5.751184174970984 me=0.005941110731069004 mc=968.0318100949036 nan_elements=0
2019-01-18 14:57:56,301 MAP = 0.2911904761904762
2019-01-18 14:57:56,301 scale=[array([1.])]
2019-01-18 14:57:56,301 *** End Initial Checkpoint

2019-01-18 14:57:56,357 1 loss=0.9944162886823212
2019-01-18 14:57:56,357 2 loss=0.6439489707201264
2019-01-18 14:57:56,358 3 loss=0.4687267665080087
2019-01-18 14:57:56,358 4 loss=0.3756510450234259
2019-01-18 14:57:56,359 5 loss=0.31702295935392916
2019-01-18 14:57:56,359 6 loss=0.27491669378904104
2019-01-18 14:57:56,360 7 loss=0.24225285579281408
2019-01-18 14:57:56,360 8 loss=0.2158955903667237
2019-01-18 14:57:56,361 9 loss=0.19421586819697137
2019-01-18 14:57:56,361 10 loss=0.17620832732908198
2019-01-18 14:57:56,361 
*** Major Checkpoint. Computing Stats and Saving
2019-01-18 14:57:56,361 	 Computing Major Stats lazily... 
2019-01-18 14:57:56,362 		 Completed edges=56 good=56 bad=0
2019-01-18 14:57:56,363 Distortion avg=0.36935401482767893 wc=3.6868427679300217 me=1.34957436895979 mc=2.7318559486067637 nan_elements=0
2019-01-18 14:57:56,363 MAP = 0.4842460317460317
2019-01-18 14:57:56,363 scale=[array([1.])]
2019-01-18 14:57:56,363 *** End Major Checkpoint

2019-01-18 14:57:56,364 11 loss=0.16115806426106052
2019-01-18 14:57:56,364 12 loss=0.14850899471271672
2019-01-18 14:57:56,365 13 loss=0.13780868835004542
2019-01-18 14:57:56,365 14 loss=0.12868294150615722
2019-01-18 14:57:56,366 15 loss=0.12082202181038541
2019-01-18 14:57:56,366 16 loss=0.1139714697830979
2019-01-18 14:57:56,367 17 loss=0.10792468041511064
2019-01-18 14:57:56,367 18 loss=0.10251624446882958
2019-01-18 14:57:56,367 19 loss=0.0976157401981987
2019-01-18 14:57:56,368 20 loss=0.09312194270518019
2019-01-18 14:57:56,368 
*** Major Checkpoint. Computing Stats and Saving
2019-01-18 14:57:56,368 	 Computing Major Stats lazily... 
2019-01-18 14:57:56,369 		 Completed edges=56 good=56 bad=0
2019-01-18 14:57:56,370 Distortion avg=0.2557919670674459 wc=2.8402616284926165 me=1.3805533606661555 mc=2.0573356375896337 nan_elements=0
2019-01-18 14:57:56,370 MAP = 0.9333333333333333
2019-01-18 14:57:56,370 scale=[array([1.])]
2019-01-18 14:57:56,370 *** End Major Checkpoint

2019-01-18 14:57:56,371 21 loss=0.08895751150506688
2019-01-18 14:57:56,371 22 loss=0.08506423190026587
2019-01-18 14:57:56,371 23 loss=0.08139886689133
2019-01-18 14:57:56,372 24 loss=0.07792964382282368
2019-01-18 14:57:56,372 25 loss=0.07463336471882993
2019-01-18 14:57:56,373 26 loss=0.07149309823409133
2019-01-18 14:57:56,373 27 loss=0.06849638850736525
2019-01-18 14:57:56,374 28 loss=0.06563390357020546
2019-01-18 14:57:56,374 29 loss=0.06289844275246856
2019-01-18 14:57:56,375 30 loss=0.06028422668994077
2019-01-18 14:57:56,375 
*** Major Checkpoint. Computing Stats and Saving
2019-01-18 14:57:56,375 	 Computing Major Stats lazily... 
2019-01-18 14:57:56,375 		 Completed edges=56 good=56 bad=0
2019-01-18 14:57:56,376 Distortion avg=0.20866752934415692 wc=2.3175662180252132 me=1.3072464298405175 mc=1.7728610039561963 nan_elements=0
2019-01-18 14:57:56,377 MAP = 1.0
2019-01-18 14:57:56,377 scale=[array([1.])]
2019-01-18 14:57:56,377 *** End Major Checkpoint

2019-01-18 14:57:56,377 31 loss=0.05778640244975525
2019-01-18 14:57:56,378 32 loss=0.05540070745192599
2019-01-18 14:57:56,378 33 loss=0.053123247341478434
2019-01-18 14:57:56,379 34 loss=0.050950353498959884
2019-01-18 14:57:56,380 35 loss=0.04887849482470847
2019-01-18 14:57:56,380 36 loss=0.04690422560558215
2019-01-18 14:57:56,381 37 loss=0.04502415676692301
2019-01-18 14:57:56,381 38 loss=0.04323494186557377
2019-01-18 14:57:56,382 39 loss=0.04153327207618106
2019-01-18 14:57:56,382 40 loss=0.03991587643614071
2019-01-18 14:57:56,382 
*** Major Checkpoint. Computing Stats and Saving
2019-01-18 14:57:56,383 	 Computing Major Stats lazily... 
2019-01-18 14:57:56,383 		 Completed edges=56 good=56 bad=0
2019-01-18 14:57:56,384 Distortion avg=0.17095989581474283 wc=1.9210908581644393 me=1.2325545299572864 mc=1.5586254493998035 nan_elements=0
2019-01-18 14:57:56,384 MAP = 1.0
2019-01-18 14:57:56,385 scale=[array([1.])]
2019-01-18 14:57:56,385 *** End Major Checkpoint

2019-01-18 14:57:56,385 41 loss=0.03837952497905066
2019-01-18 14:57:56,386 42 loss=0.03692103328992457
2019-01-18 14:57:56,386 43 loss=0.03553726759997481
2019-01-18 14:57:56,386 44 loss=0.034225149908311873
2019-01-18 14:57:56,387 45 loss=0.03298166284581538
2019-01-18 14:57:56,387 46 loss=0.03180385413319473
2019-01-18 14:57:56,388 47 loss=0.030688840564784246
2019-01-18 14:57:56,388 48 loss=0.029633811494168032
2019-01-18 14:57:56,389 49 loss=0.028636031821583297
2019-01-18 14:57:56,389 50 loss=0.027692844495142244
2019-01-18 14:57:56,389 
*** Major Checkpoint. Computing Stats and Saving
2019-01-18 14:57:56,390 	 Computing Major Stats lazily... 
2019-01-18 14:57:56,390 		 Completed edges=56 good=56 bad=0
2019-01-18 14:57:56,391 Distortion avg=0.14297225923420023 wc=1.68509814736257 me=1.1986635242415729 mc=1.405814153249368 nan_elements=0
2019-01-18 14:57:56,391 MAP = 1.0
2019-01-18 14:57:56,392 scale=[array([1.])]
2019-01-18 14:57:56,392 *** End Major Checkpoint

2019-01-18 14:57:56,392 final loss=0.027692844495142244
2019-01-18 14:57:56,392 best loss=0.027692844495142244, distortion=0.14297225923420023, map=1.0, wc_dist=1.68509814736257
2019-01-18 14:57:56,392 	 Computing Major Stats lazily... 
2019-01-18 14:57:56,392 		 Completed edges=56 good=56 bad=0
2019-01-18 14:57:56,393 Distortion avg=0.1429722592342002 wc=1.68509814736257 me=1.1986635242415729 mc=1.405814153249368 nan_elements=0
2019-01-18 14:57:56,394 MAP = 1.0
2019-01-18 14:57:56,394 scale=[array([1.])]
