2019-01-18 14:42:52,008 Commandline ['pytorch/pytorch_hyperbolic.py', 'learn', 'data/edges/parsing/ewt/ewt_dev/29.edges', '--dim', '0', '--hyp', '0', '--edim', '10', '--euc', '1', '--sdim', '0', '--sph', '0', '--log-name', 'ewt_devr2/29.edges.E10-1.lr1.log', '--batch-size', '65536', '--epochs', '50', '-g', '--subsample', '1024', '--learning-rate', '1']
2019-01-18 14:42:52,008 No Model Save selected!
2019-01-18 14:42:52,010 Loaded Graph data/edges/parsing/ewt/ewt_dev/29.edges with 21 nodes scale=1.0
2019-01-18 14:42:52,010 Building dataset
2019-01-18 14:42:52,011 Subsample: 21 points with scale 1.0 subsample=20
2019-01-18 14:42:52,039 Built Data Sampler
2019-01-18 14:42:52,039 Creating a fresh model warm_start?=None
2019-01-18 14:42:52,039 	 Warmstarting? None None 21
2019-01-18 14:42:52,040 Embedding() torch.Size([21, 10])
2019-01-18 14:42:52,040 relative No Rescale
2019-01-18 14:42:52,040 Constructed model with dim=0 and epochs=0 isnan=False
2019-01-18 14:42:52,040 SGD (
Parameter Group 0
    dampening: 0
    initial_lr: 0.1
    lr: 1.0
    momentum: 0.0
    nesterov: False
    weight_decay: 0

Parameter Group 1
    dampening: 0
    initial_lr: 0.1
    lr: 1.0
    momentum: 0.0
    nesterov: False
    weight_decay: 0

Parameter Group 2
    dampening: 0
    initial_lr: 0.1
    lr: 1.0
    momentum: 0.0
    nesterov: False
    weight_decay: 0

Parameter Group 3
    dampening: 0
    initial_lr: 0.0001
    lr: 0.001
    momentum: 0.0
    nesterov: False
    weight_decay: 0
)
2019-01-18 14:42:52,040 *** Initial Checkpoint. Computing Stats
2019-01-18 14:42:52,041 	 Computing Major Stats lazily... 
2019-01-18 14:42:52,043 		 Completed edges=420 good=420 bad=0
2019-01-18 14:42:52,047 Distortion avg=0.9983154891006812 wc=11.196173138339299 me=0.005941110731069004 mc=1884.5252420206505 nan_elements=0
2019-01-18 14:42:52,047 MAP = 0.1675653640711045
2019-01-18 14:42:52,047 scale=[array([1.])]
2019-01-18 14:42:52,047 *** End Initial Checkpoint

2019-01-18 14:42:52,105 1 loss=0.9966349393650475
2019-01-18 14:42:52,106 2 loss=0.9346405083639856
2019-01-18 14:42:52,107 3 loss=0.8769836315137403
2019-01-18 14:42:52,108 4 loss=0.8252320144343251
2019-01-18 14:42:52,109 5 loss=0.7788994170673998
2019-01-18 14:42:52,109 6 loss=0.7373734264770831
2019-01-18 14:42:52,110 7 loss=0.7000747913965268
2019-01-18 14:42:52,111 8 loss=0.6664860386963697
2019-01-18 14:42:52,112 9 loss=0.6361537292471382
2019-01-18 14:42:52,113 10 loss=0.6086835943653862
2019-01-18 14:42:52,113 11 loss=0.5837338451535802
2019-01-18 14:42:52,114 12 loss=0.5610084027922869
2019-01-18 14:42:52,115 13 loss=0.5402506548941136
2019-01-18 14:42:52,116 14 loss=0.521237920225246
2019-01-18 14:42:52,117 15 loss=0.5037766368684068
2019-01-18 14:42:52,117 16 loss=0.48769822303228477
2019-01-18 14:42:52,118 17 loss=0.47285553691539434
2019-01-18 14:42:52,119 18 loss=0.4591198581069822
2019-01-18 14:42:52,120 19 loss=0.44637831722292304
2019-01-18 14:42:52,122 20 loss=0.4345317078699404
2019-01-18 14:42:52,123 21 loss=0.42349262327521875
2019-01-18 14:42:52,124 22 loss=0.41318386793119966
2019-01-18 14:42:52,124 23 loss=0.403537101921452
2019-01-18 14:42:52,125 24 loss=0.3944916820515659
2019-01-18 14:42:52,126 25 loss=0.3859936694965371
2019-01-18 14:42:52,127 26 loss=0.37799497845011243
2019-01-18 14:42:52,127 27 loss=0.3704526443075375
2019-01-18 14:42:52,128 28 loss=0.36332819332396427
2019-01-18 14:42:52,129 29 loss=0.35658709855631765
2019-01-18 14:42:52,130 30 loss=0.3501983092987501
2019-01-18 14:42:52,130 31 loss=0.3441338432334402
2019-01-18 14:42:52,131 32 loss=0.3383684322021726
2019-01-18 14:42:52,132 33 loss=0.3328792139134225
2019-01-18 14:42:52,133 34 loss=0.32764546307989295
2019-01-18 14:42:52,134 35 loss=0.3226483564706581
2019-01-18 14:42:52,134 36 loss=0.317870767192135
2019-01-18 14:42:52,135 37 loss=0.31329708420954855
2019-01-18 14:42:52,136 38 loss=0.3089130537075052
2019-01-18 14:42:52,137 39 loss=0.3047056393830638
2019-01-18 14:42:52,137 40 loss=0.300662899182531
2019-01-18 14:42:52,138 41 loss=0.2967738763467614
2019-01-18 14:42:52,139 42 loss=0.2930285029294645
2019-01-18 14:42:52,140 43 loss=0.2894175142076455
2019-01-18 14:42:52,140 44 loss=0.2859323726200455
2019-01-18 14:42:52,141 45 loss=0.28256520005431157
2019-01-18 14:42:52,142 46 loss=0.27930871746163594
2019-01-18 14:42:52,143 47 loss=0.2761561909129104
2019-01-18 14:42:52,143 48 loss=0.27310138332655015
2019-01-18 14:42:52,144 49 loss=0.2701385111979542
2019-01-18 14:42:52,145 50 loss=0.2672622057465335
2019-01-18 14:42:52,145 final loss=0.2672622057465335
2019-01-18 14:42:52,145 best loss=10000000000.0, distortion=10000000000.0, map=0.0, wc_dist=10000000000.0
2019-01-18 14:42:52,145 	 Computing Major Stats lazily... 
2019-01-18 14:42:52,147 		 Completed edges=420 good=420 bad=0
2019-01-18 14:42:52,150 Distortion avg=0.4695545258496937 wc=10.957125307440826 me=1.7408372783096948 mc=6.294169733129735 nan_elements=0
2019-01-18 14:42:52,150 MAP = 0.2105063596411451
2019-01-18 14:42:52,150 scale=[array([1.])]
2019-01-18 15:05:15,741 Commandline ['pytorch/pytorch_hyperbolic.py', 'learn', 'data/edges/parsing/ewt/ewt_dev/29.edges', '--dim', '0', '--hyp', '0', '--edim', '10', '--euc', '1', '--sdim', '0', '--sph', '0', '--log-name', 'ewt_devr2/29.edges.E10-1.lr1.log', '--batch-size', '65536', '--epochs', '50', '--checkpoint-freq', '10', '-g', '--subsample', '1024', '--learning-rate', '1']
2019-01-18 15:05:15,742 No Model Save selected!
2019-01-18 15:05:15,744 Loaded Graph data/edges/parsing/ewt/ewt_dev/29.edges with 21 nodes scale=1.0
2019-01-18 15:05:15,744 Building dataset
2019-01-18 15:05:15,744 Subsample: 21 points with scale 1.0 subsample=20
2019-01-18 15:05:15,767 Built Data Sampler
2019-01-18 15:05:15,767 Creating a fresh model warm_start?=None
2019-01-18 15:05:15,767 	 Warmstarting? None None 21
2019-01-18 15:05:15,768 Embedding() torch.Size([21, 10])
2019-01-18 15:05:15,768 relative No Rescale
2019-01-18 15:05:15,768 Constructed model with dim=0 and epochs=0 isnan=False
2019-01-18 15:05:15,768 SGD (
Parameter Group 0
    dampening: 0
    initial_lr: 0.1
    lr: 1.0
    momentum: 0.0
    nesterov: False
    weight_decay: 0

Parameter Group 1
    dampening: 0
    initial_lr: 0.1
    lr: 1.0
    momentum: 0.0
    nesterov: False
    weight_decay: 0

Parameter Group 2
    dampening: 0
    initial_lr: 0.1
    lr: 1.0
    momentum: 0.0
    nesterov: False
    weight_decay: 0

Parameter Group 3
    dampening: 0
    initial_lr: 0.0001
    lr: 0.001
    momentum: 0.0
    nesterov: False
    weight_decay: 0
)
2019-01-18 15:05:15,769 *** Initial Checkpoint. Computing Stats
2019-01-18 15:05:15,769 	 Computing Major Stats lazily... 
2019-01-18 15:05:15,771 		 Completed edges=420 good=420 bad=0
2019-01-18 15:05:15,774 Distortion avg=0.9983154891006812 wc=11.196173138339299 me=0.005941110731069004 mc=1884.5252420206505 nan_elements=0
2019-01-18 15:05:15,774 MAP = 0.1675653640711045
2019-01-18 15:05:15,775 scale=[array([1.])]
2019-01-18 15:05:15,775 *** End Initial Checkpoint

2019-01-18 15:05:15,832 1 loss=0.9966349393650475
2019-01-18 15:05:15,833 2 loss=0.9346405083639856
2019-01-18 15:05:15,834 3 loss=0.8769836315137403
2019-01-18 15:05:15,834 4 loss=0.8252320144343251
2019-01-18 15:05:15,835 5 loss=0.7788994170673998
2019-01-18 15:05:15,836 6 loss=0.7373734264770831
2019-01-18 15:05:15,837 7 loss=0.7000747913965268
2019-01-18 15:05:15,837 8 loss=0.6664860386963697
2019-01-18 15:05:15,838 9 loss=0.6361537292471382
2019-01-18 15:05:15,839 10 loss=0.6086835943653862
2019-01-18 15:05:15,839 
*** Major Checkpoint. Computing Stats and Saving
2019-01-18 15:05:15,839 	 Computing Major Stats lazily... 
2019-01-18 15:05:15,841 		 Completed edges=420 good=420 bad=0
2019-01-18 15:05:15,844 Distortion avg=0.7372725541983377 wc=20.052331839264262 me=0.9989585328439273 mc=20.07323745679156 nan_elements=0
2019-01-18 15:05:15,845 MAP = 0.0922526403570466
2019-01-18 15:05:15,845 scale=[array([1.])]
2019-01-18 15:05:15,845 *** End Major Checkpoint

2019-01-18 15:05:15,846 11 loss=0.5837338451535803
2019-01-18 15:05:15,846 12 loss=0.5610084027922871
2019-01-18 15:05:15,847 13 loss=0.5402506548941136
2019-01-18 15:05:15,848 14 loss=0.521237920225246
2019-01-18 15:05:15,849 15 loss=0.5037766368684069
2019-01-18 15:05:15,849 16 loss=0.48769822303228466
2019-01-18 15:05:15,850 17 loss=0.47285553691539417
2019-01-18 15:05:15,851 18 loss=0.4591198581069821
2019-01-18 15:05:15,852 19 loss=0.4463783172229231
2019-01-18 15:05:15,852 20 loss=0.4345317078699404
2019-01-18 15:05:15,853 
*** Major Checkpoint. Computing Stats and Saving
2019-01-18 15:05:15,853 	 Computing Major Stats lazily... 
2019-01-18 15:05:15,854 		 Completed edges=420 good=420 bad=0
2019-01-18 15:05:15,858 Distortion avg=0.6163968551426449 wc=16.274994547528333 me=1.392441466789982 mc=11.688099597498589 nan_elements=0
2019-01-18 15:05:15,858 MAP = 0.10122612495801904
2019-01-18 15:05:15,858 scale=[array([1.])]
2019-01-18 15:05:15,858 *** End Major Checkpoint

2019-01-18 15:05:15,859 21 loss=0.4234926232752185
2019-01-18 15:05:15,859 22 loss=0.41318386793119954
2019-01-18 15:05:15,860 23 loss=0.4035371019214518
2019-01-18 15:05:15,861 24 loss=0.39449168205156576
2019-01-18 15:05:15,862 25 loss=0.385993669496537
2019-01-18 15:05:15,862 26 loss=0.3779949784501123
2019-01-18 15:05:15,863 27 loss=0.3704526443075375
2019-01-18 15:05:15,864 28 loss=0.3633281933239643
2019-01-18 15:05:15,865 29 loss=0.35658709855631765
2019-01-18 15:05:15,865 30 loss=0.3501983092987502
2019-01-18 15:05:15,865 
*** Major Checkpoint. Computing Stats and Saving
2019-01-18 15:05:15,866 	 Computing Major Stats lazily... 
2019-01-18 15:05:15,867 		 Completed edges=420 good=420 bad=0
2019-01-18 15:05:15,871 Distortion avg=0.5545014934623588 wc=13.771932025121112 me=1.5708157484347465 mc=8.767375829306701 nan_elements=0
2019-01-18 15:05:15,871 MAP = 0.12760371091654266
2019-01-18 15:05:15,871 scale=[array([1.])]
2019-01-18 15:05:15,871 *** End Major Checkpoint

2019-01-18 15:05:15,872 31 loss=0.3441338432334402
2019-01-18 15:05:15,872 32 loss=0.3383684322021726
2019-01-18 15:05:15,873 33 loss=0.3328792139134226
2019-01-18 15:05:15,874 34 loss=0.327645463079893
2019-01-18 15:05:15,875 35 loss=0.322648356470658
2019-01-18 15:05:15,875 36 loss=0.317870767192135
2019-01-18 15:05:15,876 37 loss=0.31329708420954844
2019-01-18 15:05:15,877 38 loss=0.3089130537075052
2019-01-18 15:05:15,878 39 loss=0.3047056393830637
2019-01-18 15:05:15,878 40 loss=0.300662899182531
2019-01-18 15:05:15,878 
*** Major Checkpoint. Computing Stats and Saving
2019-01-18 15:05:15,878 	 Computing Major Stats lazily... 
2019-01-18 15:05:15,880 		 Completed edges=420 good=420 bad=0
2019-01-18 15:05:15,883 Distortion avg=0.5062820890238989 wc=12.137585283146583 me=1.674284442672702 mc=7.249416511193912 nan_elements=0
2019-01-18 15:05:15,884 MAP = 0.15607493871674544
2019-01-18 15:05:15,884 scale=[array([1.])]
2019-01-18 15:05:15,884 *** End Major Checkpoint

2019-01-18 15:05:15,885 41 loss=0.29677387634676144
2019-01-18 15:05:15,885 42 loss=0.29302850292946453
2019-01-18 15:05:15,886 43 loss=0.28941751420764555
2019-01-18 15:05:15,887 44 loss=0.28593237262004556
2019-01-18 15:05:15,888 45 loss=0.2825652000543117
2019-01-18 15:05:15,888 46 loss=0.279308717461636
2019-01-18 15:05:15,889 47 loss=0.27615619091291027
2019-01-18 15:05:15,890 48 loss=0.27310138332655015
2019-01-18 15:05:15,891 49 loss=0.2701385111979542
2019-01-18 15:05:15,891 50 loss=0.2672622057465335
2019-01-18 15:05:15,891 
*** Major Checkpoint. Computing Stats and Saving
2019-01-18 15:05:15,891 	 Computing Major Stats lazily... 
2019-01-18 15:05:15,893 		 Completed edges=420 good=420 bad=0
2019-01-18 15:05:15,896 Distortion avg=0.4695545258496939 wc=10.957125307440826 me=1.7408372783096948 mc=6.294169733129735 nan_elements=0
2019-01-18 15:05:15,896 MAP = 0.2105063596411451
2019-01-18 15:05:15,897 scale=[array([1.])]
2019-01-18 15:05:15,897 *** End Major Checkpoint

2019-01-18 15:05:15,897 final loss=0.2672622057465335
2019-01-18 15:05:15,897 best loss=0.2672622057465335, distortion=0.4695545258496939, map=0.2105063596411451, wc_dist=10.957125307440826
2019-01-18 15:05:15,897 	 Computing Major Stats lazily... 
2019-01-18 15:05:15,899 		 Completed edges=420 good=420 bad=0
2019-01-18 15:05:15,902 Distortion avg=0.46955452584969426 wc=10.957125307440826 me=1.7408372783096948 mc=6.294169733129735 nan_elements=0
2019-01-18 15:05:15,902 MAP = 0.2105063596411451
2019-01-18 15:05:15,902 scale=[array([1.])]
