2019-01-18 15:00:39,448 Commandline ['pytorch/pytorch_hyperbolic.py', 'learn', 'data/edges/parsing/ewt/ewt_dev/291.edges', '--dim', '0', '--hyp', '0', '--edim', '10', '--euc', '1', '--sdim', '0', '--sph', '0', '--log-name', 'ewt_devr2/291.edges.E10-1.lr1.log', '--batch-size', '65536', '--epochs', '50', '--checkpoint-freq', '10', '-g', '--subsample', '1024', '--learning-rate', '1']
2019-01-18 15:00:39,448 No Model Save selected!
2019-01-18 15:00:39,450 Loaded Graph data/edges/parsing/ewt/ewt_dev/291.edges with 8 nodes scale=1.0
2019-01-18 15:00:39,450 Building dataset
2019-01-18 15:00:39,451 Subsample: 8 points with scale 1.0 subsample=7
2019-01-18 15:00:39,457 Built Data Sampler
2019-01-18 15:00:39,457 Creating a fresh model warm_start?=None
2019-01-18 15:00:39,457 	 Warmstarting? None None 8
2019-01-18 15:00:39,457 Embedding() torch.Size([8, 10])
2019-01-18 15:00:39,457 relative No Rescale
2019-01-18 15:00:39,458 Constructed model with dim=0 and epochs=0 isnan=False
2019-01-18 15:00:39,458 SGD (
Parameter Group 0
    dampening: 0
    initial_lr: 0.1
    lr: 1.0
    momentum: 0.0
    nesterov: False
    weight_decay: 0

Parameter Group 1
    dampening: 0
    initial_lr: 0.1
    lr: 1.0
    momentum: 0.0
    nesterov: False
    weight_decay: 0

Parameter Group 2
    dampening: 0
    initial_lr: 0.1
    lr: 1.0
    momentum: 0.0
    nesterov: False
    weight_decay: 0

Parameter Group 3
    dampening: 0
    initial_lr: 0.0001
    lr: 0.001
    momentum: 0.0
    nesterov: False
    weight_decay: 0
)
2019-01-18 15:00:39,458 *** Initial Checkpoint. Computing Stats
2019-01-18 15:00:39,458 	 Computing Major Stats lazily... 
2019-01-18 15:00:39,459 		 Completed edges=56 good=56 bad=0
2019-01-18 15:00:39,460 Distortion avg=0.9973412781517824 wc=5.751184174970984 me=0.005941110731069004 mc=968.0318100949036 nan_elements=0
2019-01-18 15:00:39,460 MAP = 0.6001488095238096
2019-01-18 15:00:39,460 scale=[array([1.])]
2019-01-18 15:00:39,461 *** End Initial Checkpoint

2019-01-18 15:00:39,518 1 loss=0.9946910496690269
2019-01-18 15:00:39,519 2 loss=0.6599711354311386
2019-01-18 15:00:39,519 3 loss=0.47847730429723473
2019-01-18 15:00:39,520 4 loss=0.3802488959024119
2019-01-18 15:00:39,520 5 loss=0.3184624128147533
2019-01-18 15:00:39,521 6 loss=0.2740854769359018
2019-01-18 15:00:39,521 7 loss=0.239408450937649
2019-01-18 15:00:39,522 8 loss=0.21106603994028889
2019-01-18 15:00:39,522 9 loss=0.1873783759705117
2019-01-18 15:00:39,523 10 loss=0.16735255846963584
2019-01-18 15:00:39,523 
*** Major Checkpoint. Computing Stats and Saving
2019-01-18 15:00:39,523 	 Computing Major Stats lazily... 
2019-01-18 15:00:39,523 		 Completed edges=56 good=56 bad=0
2019-01-18 15:00:39,525 Distortion avg=0.35871451723408754 wc=3.426528324606449 me=1.3300575802927166 mc=2.57622555246995 nan_elements=0
2019-01-18 15:00:39,525 MAP = 0.8225446428571428
2019-01-18 15:00:39,525 scale=[array([1.])]
2019-01-18 15:00:39,525 *** End Major Checkpoint

2019-01-18 15:00:39,525 11 loss=0.15030452562200436
2019-01-18 15:00:39,526 12 loss=0.13571254137853522
2019-01-18 15:00:39,526 13 loss=0.12315760958419421
2019-01-18 15:00:39,527 14 loss=0.11229653197974919
2019-01-18 15:00:39,527 15 loss=0.1028471288465914
2019-01-18 15:00:39,528 16 loss=0.09457798952139662
2019-01-18 15:00:39,528 17 loss=0.08730006541506762
2019-01-18 15:00:39,529 18 loss=0.0808592998006346
2019-01-18 15:00:39,529 19 loss=0.07513014876153605
2019-01-18 15:00:39,530 20 loss=0.07001001824438176
2019-01-18 15:00:39,530 
*** Major Checkpoint. Computing Stats and Saving
2019-01-18 15:00:39,530 	 Computing Major Stats lazily... 
2019-01-18 15:00:39,530 		 Completed edges=56 good=56 bad=0
2019-01-18 15:00:39,531 Distortion avg=0.23303730938703437 wc=2.2267765272688074 me=1.2474790319906313 mc=1.7850212069019615 nan_elements=0
2019-01-18 15:00:39,532 MAP = 1.0
2019-01-18 15:00:39,532 scale=[array([1.])]
2019-01-18 15:00:39,532 *** End Major Checkpoint

2019-01-18 15:00:39,532 21 loss=0.06541463044184
2019-01-18 15:00:39,533 22 loss=0.06127427265833473
2019-01-18 15:00:39,533 23 loss=0.05753082906719882
2019-01-18 15:00:39,534 24 loss=0.05413546780093204
2019-01-18 15:00:39,534 25 loss=0.051046851846797435
2019-01-18 15:00:39,535 26 loss=0.048229754555384155
2019-01-18 15:00:39,535 27 loss=0.045653980805074205
2019-01-18 15:00:39,535 28 loss=0.04329351663049886
2019-01-18 15:00:39,536 29 loss=0.041125849682882167
2019-01-18 15:00:39,536 30 loss=0.03913141868351263
2019-01-18 15:00:39,536 
*** Major Checkpoint. Computing Stats and Saving
2019-01-18 15:00:39,537 	 Computing Major Stats lazily... 
2019-01-18 15:00:39,537 		 Completed edges=56 good=56 bad=0
2019-01-18 15:00:39,538 Distortion avg=0.17644164117125202 wc=1.8250290093433161 me=1.2035292274783123 mc=1.5163977472879473 nan_elements=0
2019-01-18 15:00:39,538 MAP = 1.0
2019-01-18 15:00:39,538 scale=[array([1.])]
2019-01-18 15:00:39,539 *** End Major Checkpoint

2019-01-18 15:00:39,539 31 loss=0.03729316189634135
2019-01-18 15:00:39,539 32 loss=0.0355961431252922
2019-01-18 15:00:39,540 33 loss=0.03402723961013412
2019-01-18 15:00:39,540 34 loss=0.03257488019332092
2019-01-18 15:00:39,541 35 loss=0.03122882485865013
2019-01-18 15:00:39,541 36 loss=0.029979978638225914
2019-01-18 15:00:39,542 37 loss=0.0288202342437179
2019-01-18 15:00:39,542 38 loss=0.027742338792040265
2019-01-18 15:00:39,543 39 loss=0.02673978078230282
2019-01-18 15:00:39,543 40 loss=0.02580669411148417
2019-01-18 15:00:39,543 
*** Major Checkpoint. Computing Stats and Saving
2019-01-18 15:00:39,543 	 Computing Major Stats lazily... 
2019-01-18 15:00:39,544 		 Completed edges=56 good=56 bad=0
2019-01-18 15:00:39,545 Distortion avg=0.14233262977217004 wc=1.6426308159222904 me=1.1956238896415445 mc=1.3738691825694127 nan_elements=0
2019-01-18 15:00:39,545 MAP = 1.0
2019-01-18 15:00:39,545 scale=[array([1.])]
2019-01-18 15:00:39,545 *** End Major Checkpoint

2019-01-18 15:00:39,546 41 loss=0.024937776433691095
2019-01-18 15:00:39,546 42 loss=0.024128219598594753
2019-01-18 15:00:39,547 43 loss=0.023373650265929254
2019-01-18 15:00:39,547 44 loss=0.02267007909692264
2019-01-18 15:00:39,548 45 loss=0.02201385717942194
2019-01-18 15:00:39,548 46 loss=0.02140163855872058
2019-01-18 15:00:39,548 47 loss=0.020830347926953093
2019-01-18 15:00:39,549 48 loss=0.02029715267572174
2019-01-18 15:00:39,549 49 loss=0.01979943864393647
2019-01-18 15:00:39,550 50 loss=0.01933478899958424
2019-01-18 15:00:39,550 
*** Major Checkpoint. Computing Stats and Saving
2019-01-18 15:00:39,550 	 Computing Major Stats lazily... 
2019-01-18 15:00:39,550 		 Completed edges=56 good=56 bad=0
2019-01-18 15:00:39,552 Distortion avg=0.1209919904322426 wc=1.5474700606330394 me=1.2026349825572236 mc=1.2867329514584513 nan_elements=0
2019-01-18 15:00:39,552 MAP = 1.0
2019-01-18 15:00:39,552 scale=[array([1.])]
2019-01-18 15:00:39,552 *** End Major Checkpoint

2019-01-18 15:00:39,552 final loss=0.01933478899958424
2019-01-18 15:00:39,552 best loss=0.01933478899958424, distortion=0.1209919904322426, map=1.0, wc_dist=1.5474700606330394
2019-01-18 15:00:39,552 	 Computing Major Stats lazily... 
2019-01-18 15:00:39,553 		 Completed edges=56 good=56 bad=0
2019-01-18 15:00:39,554 Distortion avg=0.12099199043224262 wc=1.5474700606330394 me=1.2026349825572236 mc=1.2867329514584513 nan_elements=0
2019-01-18 15:00:39,554 MAP = 1.0
2019-01-18 15:00:39,554 scale=[array([1.])]
