2019-01-18 14:50:03,126 Commandline ['pytorch/pytorch_hyperbolic.py', 'learn', 'data/edges/parsing/ewt/ewt_dev/295.edges', '--dim', '0', '--hyp', '0', '--edim', '10', '--euc', '1', '--sdim', '0', '--sph', '0', '--log-name', 'ewt_devr2/295.edges.E10-1.lr1.log', '--batch-size', '65536', '--epochs', '50', '--checkpoint-freq', '10', '-g', '--subsample', '1024', '--learning-rate', '1']
2019-01-18 14:50:03,126 No Model Save selected!
2019-01-18 14:50:03,128 Loaded Graph data/edges/parsing/ewt/ewt_dev/295.edges with 20 nodes scale=1.0
2019-01-18 14:50:03,128 Building dataset
2019-01-18 14:50:03,129 Subsample: 20 points with scale 1.0 subsample=19
2019-01-18 14:50:03,150 Built Data Sampler
2019-01-18 14:50:03,150 Creating a fresh model warm_start?=None
2019-01-18 14:50:03,150 	 Warmstarting? None None 20
2019-01-18 14:50:03,150 Embedding() torch.Size([20, 10])
2019-01-18 14:50:03,150 relative No Rescale
2019-01-18 14:50:03,151 Constructed model with dim=0 and epochs=0 isnan=False
2019-01-18 14:50:03,151 SGD (
Parameter Group 0
    dampening: 0
    initial_lr: 0.1
    lr: 1.0
    momentum: 0.0
    nesterov: False
    weight_decay: 0

Parameter Group 1
    dampening: 0
    initial_lr: 0.1
    lr: 1.0
    momentum: 0.0
    nesterov: False
    weight_decay: 0

Parameter Group 2
    dampening: 0
    initial_lr: 0.1
    lr: 1.0
    momentum: 0.0
    nesterov: False
    weight_decay: 0

Parameter Group 3
    dampening: 0
    initial_lr: 0.0001
    lr: 0.001
    momentum: 0.0
    nesterov: False
    weight_decay: 0
)
2019-01-18 14:50:03,151 *** Initial Checkpoint. Computing Stats
2019-01-18 14:50:03,151 	 Computing Major Stats lazily... 
2019-01-18 14:50:03,153 		 Completed edges=380 good=380 bad=0
2019-01-18 14:50:03,156 Distortion avg=0.998366440687263 wc=21.51377300052038 me=0.005941110731069004 mc=3621.170177491261 nan_elements=0
2019-01-18 14:50:03,156 MAP = 0.1609845410723894
2019-01-18 14:50:03,157 scale=[array([1.])]
2019-01-18 14:50:03,157 *** End Initial Checkpoint

2019-01-18 14:50:03,214 1 loss=0.9967368318041462
2019-01-18 14:50:03,215 2 loss=0.937057229118154
2019-01-18 14:50:03,216 3 loss=0.8814370266937405
2019-01-18 14:50:03,217 4 loss=0.8316475943650957
2019-01-18 14:50:03,218 5 loss=0.7872569079586876
2019-01-18 14:50:03,218 6 loss=0.7476666754690553
2019-01-18 14:50:03,219 7 loss=0.7122972941975475
2019-01-18 14:50:03,220 8 loss=0.6806239954206753
2019-01-18 14:50:03,221 9 loss=0.6521827131833591
2019-01-18 14:50:03,221 10 loss=0.6265673315779685
2019-01-18 14:50:03,222 
*** Major Checkpoint. Computing Stats and Saving
2019-01-18 14:50:03,222 	 Computing Major Stats lazily... 
2019-01-18 14:50:03,223 		 Completed edges=380 good=380 bad=0
2019-01-18 14:50:03,226 Distortion avg=0.7487282594884204 wc=29.331658912217964 me=1.093341749494983 mc=26.82753029943869 nan_elements=0
2019-01-18 14:50:03,226 MAP = 0.09132976758363756
2019-01-18 14:50:03,227 scale=[array([1.])]
2019-01-18 14:50:03,227 *** End Major Checkpoint

2019-01-18 14:50:03,227 11 loss=0.6034242996963389
2019-01-18 14:50:03,228 12 loss=0.5824466616265234
2019-01-18 14:50:03,229 13 loss=0.5633682736837325
2019-01-18 14:50:03,230 14 loss=0.5459584988271611
2019-01-18 14:50:03,230 15 loss=0.530017467611498
2019-01-18 14:50:03,231 16 loss=0.5153719076415759
2019-01-18 14:50:03,232 17 loss=0.5018715057544821
2019-01-18 14:50:03,232 18 loss=0.4893857524469746
2019-01-18 14:50:03,233 19 loss=0.47780121437315715
2019-01-18 14:50:03,234 20 loss=0.467019182299438
2019-01-18 14:50:03,234 
*** Major Checkpoint. Computing Stats and Saving
2019-01-18 14:50:03,234 	 Computing Major Stats lazily... 
2019-01-18 14:50:03,236 		 Completed edges=380 good=380 bad=0
2019-01-18 14:50:03,239 Distortion avg=0.6447015882263963 wc=22.981647259924323 me=1.503821086218953 mc=15.282168517603992 nan_elements=0
2019-01-18 14:50:03,239 MAP = 0.09455202317247596
2019-01-18 14:50:03,239 scale=[array([1.])]
2019-01-18 14:50:03,239 *** End Major Checkpoint

2019-01-18 14:50:03,240 21 loss=0.45695364584919185
2019-01-18 14:50:03,241 22 loss=0.4475295512326045
2019-01-18 14:50:03,242 23 loss=0.43868130318683796
2019-01-18 14:50:03,242 24 loss=0.43035147717184236
2019-01-18 14:50:03,243 25 loss=0.4224897123025676
2019-01-18 14:50:03,244 26 loss=0.41505175948210565
2019-01-18 14:50:03,244 27 loss=0.40799866272348523
2019-01-18 14:50:03,245 28 loss=0.40129605473164554
2019-01-18 14:50:03,246 29 loss=0.39491355049697097
2019-01-18 14:50:03,247 30 loss=0.3888242249688527
2019-01-18 14:50:03,247 
*** Major Checkpoint. Computing Stats and Saving
2019-01-18 14:50:03,247 	 Computing Major Stats lazily... 
2019-01-18 14:50:03,248 		 Completed edges=380 good=380 bad=0
2019-01-18 14:50:03,252 Distortion avg=0.5908125257191267 wc=19.095275856177032 me=1.6309341043590861 mc=11.708183552689254 nan_elements=0
2019-01-18 14:50:03,252 MAP = 0.11501475463820668
2019-01-18 14:50:03,252 scale=[array([1.])]
2019-01-18 14:50:03,252 *** End Major Checkpoint

2019-01-18 14:50:03,253 31 loss=0.38300416287374334
2019-01-18 14:50:03,253 32 loss=0.37743207045708693
2019-01-18 14:50:03,254 33 loss=0.3720889403990056
2019-01-18 14:50:03,255 34 loss=0.36695776241282196
2019-01-18 14:50:03,256 35 loss=0.36202327311266863
2019-01-18 14:50:03,256 36 loss=0.3572717396572943
2019-01-18 14:50:03,257 37 loss=0.3526907724640524
2019-01-18 14:50:03,258 38 loss=0.3482691629593294
2019-01-18 14:50:03,258 39 loss=0.34399674290598353
2019-01-18 14:50:03,259 40 loss=0.33986426233903294
2019-01-18 14:50:03,259 
*** Major Checkpoint. Computing Stats and Saving
2019-01-18 14:50:03,259 	 Computing Major Stats lazily... 
2019-01-18 14:50:03,261 		 Completed edges=380 good=380 bad=0
2019-01-18 14:50:03,265 Distortion avg=0.5459972761203087 wc=16.88176566521008 me=1.6788399374153402 mc=10.055613575169303 nan_elements=0
2019-01-18 14:50:03,265 MAP = 0.14926617020105795
2019-01-18 14:50:03,265 scale=[array([1.])]
2019-01-18 14:50:03,265 *** End Major Checkpoint

2019-01-18 14:50:03,266 41 loss=0.33586328356015666
2019-01-18 14:50:03,266 42 loss=0.33198608900000276
2019-01-18 14:50:03,267 43 loss=0.3282256010638399
2019-01-18 14:50:03,268 44 loss=0.32457531233836606
2019-01-18 14:50:03,269 45 loss=0.32102922476203344
2019-01-18 14:50:03,269 46 loss=0.3175817965536238
2019-01-18 14:50:03,270 47 loss=0.3142278958587405
2019-01-18 14:50:03,271 48 loss=0.31096276021541686
2019-01-18 14:50:03,272 49 loss=0.3077819610616017
2019-01-18 14:50:03,272 50 loss=0.3046813726118099
2019-01-18 14:50:03,272 
*** Major Checkpoint. Computing Stats and Saving
2019-01-18 14:50:03,273 	 Computing Major Stats lazily... 
2019-01-18 14:50:03,274 		 Completed edges=380 good=380 bad=0
2019-01-18 14:50:03,277 Distortion avg=0.5078649875153214 wc=16.03853683766068 me=1.7550169295236924 mc=9.138679273033281 nan_elements=0
2019-01-18 14:50:03,277 MAP = 0.21676293069675423
2019-01-18 14:50:03,277 scale=[array([1.])]
2019-01-18 14:50:03,278 *** End Major Checkpoint

2019-01-18 14:50:03,278 final loss=0.3046813726118099
2019-01-18 14:50:03,278 best loss=0.3046813726118099, distortion=0.5078649875153214, map=0.21676293069675423, wc_dist=16.03853683766068
2019-01-18 14:50:03,278 	 Computing Major Stats lazily... 
2019-01-18 14:50:03,279 		 Completed edges=380 good=380 bad=0
2019-01-18 14:50:03,282 Distortion avg=0.507864987515321 wc=16.03853683766068 me=1.7550169295236924 mc=9.138679273033281 nan_elements=0
2019-01-18 14:50:03,282 MAP = 0.21676293069675423
2019-01-18 14:50:03,283 scale=[array([1.])]
