2019-01-18 15:11:36,141 Commandline ['pytorch/pytorch_hyperbolic.py', 'learn', 'data/edges/parsing/ewt/ewt_dev/30.edges', '--dim', '0', '--hyp', '0', '--edim', '10', '--euc', '1', '--sdim', '0', '--sph', '0', '--log-name', 'ewt_devr2/30.edges.E10-1.lr1.log', '--batch-size', '65536', '--epochs', '50', '--checkpoint-freq', '10', '-g', '--subsample', '1024', '--learning-rate', '1']
2019-01-18 15:11:36,141 No Model Save selected!
2019-01-18 15:11:36,143 Loaded Graph data/edges/parsing/ewt/ewt_dev/30.edges with 31 nodes scale=1.0
2019-01-18 15:11:36,143 Building dataset
2019-01-18 15:11:36,144 Subsample: 31 points with scale 1.0 subsample=30
2019-01-18 15:11:36,186 Built Data Sampler
2019-01-18 15:11:36,186 Creating a fresh model warm_start?=None
2019-01-18 15:11:36,186 	 Warmstarting? None None 31
2019-01-18 15:11:36,187 Embedding() torch.Size([31, 10])
2019-01-18 15:11:36,187 relative No Rescale
2019-01-18 15:11:36,187 Constructed model with dim=0 and epochs=0 isnan=False
2019-01-18 15:11:36,187 SGD (
Parameter Group 0
    dampening: 0
    initial_lr: 0.1
    lr: 1.0
    momentum: 0.0
    nesterov: False
    weight_decay: 0

Parameter Group 1
    dampening: 0
    initial_lr: 0.1
    lr: 1.0
    momentum: 0.0
    nesterov: False
    weight_decay: 0

Parameter Group 2
    dampening: 0
    initial_lr: 0.1
    lr: 1.0
    momentum: 0.0
    nesterov: False
    weight_decay: 0

Parameter Group 3
    dampening: 0
    initial_lr: 0.0001
    lr: 0.001
    momentum: 0.0
    nesterov: False
    weight_decay: 0
)
2019-01-18 15:11:36,187 *** Initial Checkpoint. Computing Stats
2019-01-18 15:11:36,188 	 Computing Major Stats lazily... 
2019-01-18 15:11:36,191 		 Completed edges=930 good=930 bad=0
2019-01-18 15:11:36,196 Distortion avg=0.9985815972019476 wc=16.248791749464857 me=0.0059405992384490465 mc=2735.210893254439 nan_elements=0
2019-01-18 15:11:36,197 MAP = 0.2092245030153689
2019-01-18 15:11:36,197 scale=[array([1.])]
2019-01-18 15:11:36,197 *** End Initial Checkpoint

2019-01-18 15:11:36,255 1 loss=0.9971661347867918
2019-01-18 15:11:36,257 2 loss=0.9681909917221905
2019-01-18 15:11:36,258 3 loss=0.9397204230602376
2019-01-18 15:11:36,259 4 loss=0.9125416342164194
2019-01-18 15:11:36,260 5 loss=0.8867146882525977
2019-01-18 15:11:36,261 6 loss=0.8622072413341879
2019-01-18 15:11:36,262 7 loss=0.8389623933273195
2019-01-18 15:11:36,263 8 loss=0.8169157190409285
2019-01-18 15:11:36,264 9 loss=0.7960013569585259
2019-01-18 15:11:36,265 10 loss=0.7761546014731747
2019-01-18 15:11:36,265 
*** Major Checkpoint. Computing Stats and Saving
2019-01-18 15:11:36,265 	 Computing Major Stats lazily... 
2019-01-18 15:11:36,269 		 Completed edges=930 good=930 bad=0
2019-01-18 15:11:36,274 Distortion avg=0.8625220829155262 wc=31.695278411921887 me=0.7669825068289126 mc=41.3246431694589 nan_elements=0
2019-01-18 15:11:36,274 MAP = 0.0740540039154873
2019-01-18 15:11:36,274 scale=[array([1.])]
2019-01-18 15:11:36,274 *** End Major Checkpoint

2019-01-18 15:11:36,275 11 loss=0.7573130981120676
2019-01-18 15:11:36,276 12 loss=0.739417395783819
2019-01-18 15:11:36,278 13 loss=0.7224111741124499
2019-01-18 15:11:36,279 14 loss=0.7062412963008888
2019-01-18 15:11:36,280 15 loss=0.6908577649793509
2019-01-18 15:11:36,281 16 loss=0.6762136235514032
2019-01-18 15:11:36,282 17 loss=0.6622648275273506
2019-01-18 15:11:36,283 18 loss=0.648970100465638
2019-01-18 15:11:36,284 19 loss=0.6362907834702503
2019-01-18 15:11:36,285 20 loss=0.6241906837996642
2019-01-18 15:11:36,285 
*** Major Checkpoint. Computing Stats and Saving
2019-01-18 15:11:36,285 	 Computing Major Stats lazily... 
2019-01-18 15:11:36,289 		 Completed edges=930 good=930 bad=0
2019-01-18 15:11:36,294 Distortion avg=0.7598027942110958 wc=27.34795924455536 me=1.2400204290383252 mc=22.054442494761606 nan_elements=0
2019-01-18 15:11:36,294 MAP = 0.07302135335094427
2019-01-18 15:11:36,294 scale=[array([1.])]
2019-01-18 15:11:36,294 *** End Major Checkpoint

2019-01-18 15:11:36,295 21 loss=0.6126359260477313
2019-01-18 15:11:36,296 22 loss=0.6015948080289664
2019-01-18 15:11:36,297 23 loss=0.591037662641935
2019-01-18 15:11:36,298 24 loss=0.5809367264207757
2019-01-18 15:11:36,299 25 loss=0.5712660151113949
2019-01-18 15:11:36,301 26 loss=0.5620012063605138
2019-01-18 15:11:36,302 27 loss=0.5531195294410923
2019-01-18 15:11:36,303 28 loss=0.5445996618298351
2019-01-18 15:11:36,304 29 loss=0.5364216323836546
2019-01-18 15:11:36,305 30 loss=0.528566730820083
2019-01-18 15:11:36,305 
*** Major Checkpoint. Computing Stats and Saving
2019-01-18 15:11:36,305 	 Computing Major Stats lazily... 
2019-01-18 15:11:36,309 		 Completed edges=930 good=930 bad=0
2019-01-18 15:11:36,313 Distortion avg=0.6935662503651806 wc=23.54010717180463 me=1.5112944645766275 mc=15.576122141358555 nan_elements=0
2019-01-18 15:11:36,313 MAP = 0.07604413917845286
2019-01-18 15:11:36,314 scale=[array([1.])]
2019-01-18 15:11:36,314 *** End Major Checkpoint

2019-01-18 15:11:36,315 31 loss=0.5210174231834919
2019-01-18 15:11:36,316 32 loss=0.5137572729688422
2019-01-18 15:11:36,317 33 loss=0.5067708675735945
2019-01-18 15:11:36,318 34 loss=0.5000437497534937
2019-01-18 15:11:36,319 35 loss=0.493562353767209
2019-01-18 15:11:36,320 36 loss=0.4873139459068115
2019-01-18 15:11:36,321 37 loss=0.4812865691247677
2019-01-18 15:11:36,322 38 loss=0.47546899148278254
2019-01-18 15:11:36,323 39 loss=0.46985065816289684
2019-01-18 15:11:36,324 40 loss=0.464421646796363
2019-01-18 15:11:36,325 
*** Major Checkpoint. Computing Stats and Saving
2019-01-18 15:11:36,325 	 Computing Major Stats lazily... 
2019-01-18 15:11:36,328 		 Completed edges=930 good=930 bad=0
2019-01-18 15:11:36,333 Distortion avg=0.6509277079193194 wc=20.405076451050718 me=1.6537345345119534 mc=12.338785957005259 nan_elements=0
2019-01-18 15:11:36,333 MAP = 0.08007536410365206
2019-01-18 15:11:36,334 scale=[array([1.])]
2019-01-18 15:11:36,334 *** End Major Checkpoint

2019-01-18 15:11:36,335 41 loss=0.4591726258807176
2019-01-18 15:11:36,336 42 loss=0.4540948160699411
2019-01-18 15:11:36,337 43 loss=0.449179954136559
2019-01-18 15:11:36,338 44 loss=0.4444202594178559
2019-01-18 15:11:36,340 45 loss=0.4398084025710658
2019-01-18 15:11:36,341 46 loss=0.43533747647437826
2019-01-18 15:11:36,342 47 loss=0.4310009691219122
2019-01-18 15:11:36,343 48 loss=0.426792738371431
2019-01-18 15:11:36,344 49 loss=0.42270698841352505
2019-01-18 15:11:36,345 50 loss=0.4187382478403104
2019-01-18 15:11:36,345 
*** Major Checkpoint. Computing Stats and Saving
2019-01-18 15:11:36,345 	 Computing Major Stats lazily... 
2019-01-18 15:11:36,349 		 Completed edges=930 good=930 bad=0
2019-01-18 15:11:36,353 Distortion avg=0.6163701003913706 wc=17.834971606881563 me=1.714756211138054 mc=10.400878848571017 nan_elements=0
2019-01-18 15:11:36,353 MAP = 0.08774109558987968
2019-01-18 15:11:36,354 scale=[array([1.])]
2019-01-18 15:11:36,354 *** End Major Checkpoint

2019-01-18 15:11:36,354 final loss=0.4187382478403104
2019-01-18 15:11:36,354 best loss=0.4187382478403104, distortion=0.6163701003913706, map=0.08774109558987968, wc_dist=17.834971606881563
2019-01-18 15:11:36,354 	 Computing Major Stats lazily... 
2019-01-18 15:11:36,357 		 Completed edges=930 good=930 bad=0
2019-01-18 15:11:36,362 Distortion avg=0.6163701003913715 wc=17.834971606881563 me=1.714756211138054 mc=10.400878848571017 nan_elements=0
2019-01-18 15:11:36,362 MAP = 0.08774109558987966
2019-01-18 15:11:36,362 scale=[array([1.])]
