2019-01-18 15:09:55,674 Commandline ['pytorch/pytorch_hyperbolic.py', 'learn', 'data/edges/parsing/ewt/ewt_dev/302.edges', '--dim', '0', '--hyp', '0', '--edim', '10', '--euc', '1', '--sdim', '0', '--sph', '0', '--log-name', 'ewt_devr2/302.edges.E10-1.lr1.log', '--batch-size', '65536', '--epochs', '50', '--checkpoint-freq', '10', '-g', '--subsample', '1024', '--learning-rate', '1']
2019-01-18 15:09:55,674 No Model Save selected!
2019-01-18 15:09:55,675 Loaded Graph data/edges/parsing/ewt/ewt_dev/302.edges with 25 nodes scale=1.0
2019-01-18 15:09:55,675 Building dataset
2019-01-18 15:09:55,676 Subsample: 25 points with scale 1.0 subsample=24
2019-01-18 15:09:55,706 Built Data Sampler
2019-01-18 15:09:55,706 Creating a fresh model warm_start?=None
2019-01-18 15:09:55,706 	 Warmstarting? None None 25
2019-01-18 15:09:55,707 Embedding() torch.Size([25, 10])
2019-01-18 15:09:55,707 relative No Rescale
2019-01-18 15:09:55,707 Constructed model with dim=0 and epochs=0 isnan=False
2019-01-18 15:09:55,707 SGD (
Parameter Group 0
    dampening: 0
    initial_lr: 0.1
    lr: 1.0
    momentum: 0.0
    nesterov: False
    weight_decay: 0

Parameter Group 1
    dampening: 0
    initial_lr: 0.1
    lr: 1.0
    momentum: 0.0
    nesterov: False
    weight_decay: 0

Parameter Group 2
    dampening: 0
    initial_lr: 0.1
    lr: 1.0
    momentum: 0.0
    nesterov: False
    weight_decay: 0

Parameter Group 3
    dampening: 0
    initial_lr: 0.0001
    lr: 0.001
    momentum: 0.0
    nesterov: False
    weight_decay: 0
)
2019-01-18 15:09:55,707 *** Initial Checkpoint. Computing Stats
2019-01-18 15:09:55,708 	 Computing Major Stats lazily... 
2019-01-18 15:09:55,710 		 Completed edges=600 good=600 bad=0
2019-01-18 15:09:55,714 Distortion avg=0.9984278453476749 wc=15.547923280240417 me=0.005941110731069004 mc=2617.0061431329063 nan_elements=0
2019-01-18 15:09:55,715 MAP = 0.13476085057985043
2019-01-18 15:09:55,715 scale=[array([1.])]
2019-01-18 15:09:55,715 *** End Initial Checkpoint

2019-01-18 15:09:55,778 1 loss=0.9968592928098993
2019-01-18 15:09:55,779 2 loss=0.9528510038763397
2019-01-18 15:09:55,780 3 loss=0.9108029671378847
2019-01-18 15:09:55,781 4 loss=0.8718382483348948
2019-01-18 15:09:55,782 5 loss=0.8358625864936037
2019-01-18 15:09:55,783 6 loss=0.8026636925924062
2019-01-18 15:09:55,783 7 loss=0.7720129626605073
2019-01-18 15:09:55,784 8 loss=0.7436892935338261
2019-01-18 15:09:55,785 9 loss=0.7174862952794246
2019-01-18 15:09:55,786 10 loss=0.6932142856164465
2019-01-18 15:09:55,786 
*** Major Checkpoint. Computing Stats and Saving
2019-01-18 15:09:55,787 	 Computing Major Stats lazily... 
2019-01-18 15:09:55,789 		 Completed edges=600 good=600 bad=0
2019-01-18 15:09:55,793 Distortion avg=0.8028492757850746 wc=28.210550216816195 me=0.9431181728940999 mc=29.91199939478197 nan_elements=0
2019-01-18 15:09:55,793 MAP = 0.07907171903998673
2019-01-18 15:09:55,794 scale=[array([1.])]
2019-01-18 15:09:55,794 *** End Major Checkpoint

2019-01-18 15:09:55,795 11 loss=0.6707003064347338
2019-01-18 15:09:55,796 12 loss=0.6497873295170442
2019-01-18 15:09:55,797 13 loss=0.6303331376816957
2019-01-18 15:09:55,797 14 loss=0.6122091030653055
2019-01-18 15:09:55,798 15 loss=0.5952989686989769
2019-01-18 15:09:55,800 16 loss=0.5794976845984156
2019-01-18 15:09:55,800 17 loss=0.564710321878611
2019-01-18 15:09:55,801 18 loss=0.5508510738758186
2019-01-18 15:09:55,802 19 loss=0.5378423455003201
2019-01-18 15:09:55,803 20 loss=0.525613927919372
2019-01-18 15:09:55,803 
*** Major Checkpoint. Computing Stats and Saving
2019-01-18 15:09:55,803 	 Computing Major Stats lazily... 
2019-01-18 15:09:55,806 		 Completed edges=600 good=600 bad=0
2019-01-18 15:09:55,810 Distortion avg=0.6839022016654603 wc=23.136724593232653 me=1.441890896943758 mc=16.046099356250473 nan_elements=0
2019-01-18 15:09:55,810 MAP = 0.07969404201797431
2019-01-18 15:09:55,810 scale=[array([1.])]
2019-01-18 15:09:55,810 *** End Major Checkpoint

2019-01-18 15:09:55,811 21 loss=0.5141022535634394
2019-01-18 15:09:55,812 22 loss=0.5032497254868531
2019-01-18 15:09:55,813 23 loss=0.49300411480731443
2019-01-18 15:09:55,813 24 loss=0.48331802001527363
2019-01-18 15:09:55,814 25 loss=0.4741483822180221
2019-01-18 15:09:55,815 26 loss=0.4654560507651172
2019-01-18 15:09:55,816 27 loss=0.457205394131716
2019-01-18 15:09:55,817 28 loss=0.4493639513787201
2019-01-18 15:09:55,818 29 loss=0.4419021199420838
2019-01-18 15:09:55,818 30 loss=0.43479287591615173
2019-01-18 15:09:55,819 
*** Major Checkpoint. Computing Stats and Saving
2019-01-18 15:09:55,819 	 Computing Major Stats lazily... 
2019-01-18 15:09:55,821 		 Completed edges=600 good=600 bad=0
2019-01-18 15:09:55,825 Distortion avg=0.626167292135936 wc=18.951233947184136 me=1.6781220585502656 mc=11.293120098520223 nan_elements=0
2019-01-18 15:09:55,825 MAP = 0.0844846312754991
2019-01-18 15:09:55,826 scale=[array([1.])]
2019-01-18 15:09:55,826 *** End Major Checkpoint

2019-01-18 15:09:55,827 31 loss=0.4280115233810788
2019-01-18 15:09:55,827 32 loss=0.42153546967934813
2019-01-18 15:09:55,828 33 loss=0.41534402387056274
2019-01-18 15:09:55,829 34 loss=0.4094182158876724
2019-01-18 15:09:55,831 35 loss=0.4037406341831179
2019-01-18 15:09:55,832 36 loss=0.39829527989190344
2019-01-18 15:09:55,833 37 loss=0.3930674357524432
2019-01-18 15:09:55,834 38 loss=0.388043548217289
2019-01-18 15:09:55,834 39 loss=0.38321112135664087
2019-01-18 15:09:55,835 40 loss=0.37855862130984763
2019-01-18 15:09:55,835 
*** Major Checkpoint. Computing Stats and Saving
2019-01-18 15:09:55,835 	 Computing Major Stats lazily... 
2019-01-18 15:09:55,838 		 Completed edges=600 good=600 bad=0
2019-01-18 15:09:55,842 Distortion avg=0.5822808276681303 wc=15.908935215107581 me=1.7716999603506784 mc=8.97947483836861 nan_elements=0
2019-01-18 15:09:55,842 MAP = 0.0953731953967998
2019-01-18 15:09:55,842 scale=[array([1.])]
2019-01-18 15:09:55,842 *** End Major Checkpoint

2019-01-18 15:09:55,843 41 loss=0.37407539017579583
2019-01-18 15:09:55,844 42 loss=0.36975156835388695
2019-01-18 15:09:55,845 43 loss=0.3655780244547788
2019-01-18 15:09:55,846 44 loss=0.36154629199567484
2019-01-18 15:09:55,847 45 loss=0.3576485121799403
2019-01-18 15:09:55,848 46 loss=0.3538773821364246
2019-01-18 15:09:55,849 47 loss=0.3502261080610566
2019-01-18 15:09:55,850 48 loss=0.34668836276304515
2019-01-18 15:09:55,850 49 loss=0.34325824717115033
2019-01-18 15:09:55,851 50 loss=0.33993025540275806
2019-01-18 15:09:55,851 
*** Major Checkpoint. Computing Stats and Saving
2019-01-18 15:09:55,851 	 Computing Major Stats lazily... 
2019-01-18 15:09:55,854 		 Completed edges=600 good=600 bad=0
2019-01-18 15:09:55,858 Distortion avg=0.5463109716982335 wc=15.15776009004182 me=1.7895027467385625 mc=8.4703754256133 nan_elements=0
2019-01-18 15:09:55,858 MAP = 0.11708523390046573
2019-01-18 15:09:55,858 scale=[array([1.])]
2019-01-18 15:09:55,858 *** End Major Checkpoint

2019-01-18 15:09:55,858 final loss=0.33993025540275806
2019-01-18 15:09:55,858 best loss=0.33993025540275806, distortion=0.5463109716982335, map=0.11708523390046573, wc_dist=15.15776009004182
2019-01-18 15:09:55,858 	 Computing Major Stats lazily... 
2019-01-18 15:09:55,861 		 Completed edges=600 good=600 bad=0
2019-01-18 15:09:55,865 Distortion avg=0.5463109716982334 wc=15.15776009004182 me=1.7895027467385625 mc=8.4703754256133 nan_elements=0
2019-01-18 15:09:55,865 MAP = 0.11708523390046567
2019-01-18 15:09:55,865 scale=[array([1.])]
