2019-01-18 15:09:15,289 Commandline ['pytorch/pytorch_hyperbolic.py', 'learn', 'data/edges/parsing/ewt/ewt_dev/308.edges', '--dim', '0', '--hyp', '0', '--edim', '10', '--euc', '1', '--sdim', '0', '--sph', '0', '--log-name', 'ewt_devr2/308.edges.E10-1.lr1.log', '--batch-size', '65536', '--epochs', '50', '--checkpoint-freq', '10', '-g', '--subsample', '1024', '--learning-rate', '1']
2019-01-18 15:09:15,289 No Model Save selected!
2019-01-18 15:09:15,290 Loaded Graph data/edges/parsing/ewt/ewt_dev/308.edges with 9 nodes scale=1.0
2019-01-18 15:09:15,290 Building dataset
2019-01-18 15:09:15,291 Subsample: 9 points with scale 1.0 subsample=8
2019-01-18 15:09:15,298 Built Data Sampler
2019-01-18 15:09:15,298 Creating a fresh model warm_start?=None
2019-01-18 15:09:15,298 	 Warmstarting? None None 9
2019-01-18 15:09:15,299 Embedding() torch.Size([9, 10])
2019-01-18 15:09:15,299 relative No Rescale
2019-01-18 15:09:15,299 Constructed model with dim=0 and epochs=0 isnan=False
2019-01-18 15:09:15,299 SGD (
Parameter Group 0
    dampening: 0
    initial_lr: 0.1
    lr: 1.0
    momentum: 0.0
    nesterov: False
    weight_decay: 0

Parameter Group 1
    dampening: 0
    initial_lr: 0.1
    lr: 1.0
    momentum: 0.0
    nesterov: False
    weight_decay: 0

Parameter Group 2
    dampening: 0
    initial_lr: 0.1
    lr: 1.0
    momentum: 0.0
    nesterov: False
    weight_decay: 0

Parameter Group 3
    dampening: 0
    initial_lr: 0.0001
    lr: 0.001
    momentum: 0.0
    nesterov: False
    weight_decay: 0
)
2019-01-18 15:09:15,299 *** Initial Checkpoint. Computing Stats
2019-01-18 15:09:15,299 	 Computing Major Stats lazily... 
2019-01-18 15:09:15,300 		 Completed edges=72 good=72 bad=0
2019-01-18 15:09:15,302 Distortion avg=0.997578262002 wc=5.786124536865774 me=0.005628252251848828 mc=1028.0499661267113 nan_elements=0
2019-01-18 15:09:15,302 MAP = 0.36613756613756615
2019-01-18 15:09:15,302 scale=[array([1.])]
2019-01-18 15:09:15,302 *** End Initial Checkpoint

2019-01-18 15:09:15,359 1 loss=0.9951639375803525
2019-01-18 15:09:15,360 2 loss=0.7270614023234062
2019-01-18 15:09:15,360 3 loss=0.5611170760548937
2019-01-18 15:09:15,361 4 loss=0.4615293971703992
2019-01-18 15:09:15,361 5 loss=0.39698701399794006
2019-01-18 15:09:15,362 6 loss=0.3514331637225063
2019-01-18 15:09:15,362 7 loss=0.3168486291142967
2019-01-18 15:09:15,363 8 loss=0.2891369518693101
2019-01-18 15:09:15,363 9 loss=0.2661071876122232
2019-01-18 15:09:15,364 10 loss=0.24650921929079977
2019-01-18 15:09:15,364 
*** Major Checkpoint. Computing Stats and Saving
2019-01-18 15:09:15,364 	 Computing Major Stats lazily... 
2019-01-18 15:09:15,364 		 Completed edges=72 good=72 bad=0
2019-01-18 15:09:15,366 Distortion avg=0.4447530429826137 wc=6.516171568555584 me=1.3753390067455389 mc=4.737865745533375 nan_elements=0
2019-01-18 15:09:15,366 MAP = 0.32407407407407407
2019-01-18 15:09:15,366 scale=[array([1.])]
2019-01-18 15:09:15,366 *** End Major Checkpoint

2019-01-18 15:09:15,367 11 loss=0.2295709976506274
2019-01-18 15:09:15,367 12 loss=0.2147734001022504
2019-01-18 15:09:15,368 13 loss=0.20173858384431448
2019-01-18 15:09:15,368 14 loss=0.19017345242296646
2019-01-18 15:09:15,369 15 loss=0.1798403913555254
2019-01-18 15:09:15,369 16 loss=0.17054170319297296
2019-01-18 15:09:15,370 17 loss=0.16211096619657037
2019-01-18 15:09:15,370 18 loss=0.15440786250005217
2019-01-18 15:09:15,371 19 loss=0.14731469797992813
2019-01-18 15:09:15,371 20 loss=0.14073370774428376
2019-01-18 15:09:15,371 
*** Major Checkpoint. Computing Stats and Saving
2019-01-18 15:09:15,371 	 Computing Major Stats lazily... 
2019-01-18 15:09:15,372 		 Completed edges=72 good=72 bad=0
2019-01-18 15:09:15,373 Distortion avg=0.32751169248829065 wc=4.978841979419478 me=1.440685546938694 mc=3.4558838949963757 nan_elements=0
2019-01-18 15:09:15,373 MAP = 0.7904100529100528
2019-01-18 15:09:15,374 scale=[array([1.])]
2019-01-18 15:09:15,374 *** End Major Checkpoint

2019-01-18 15:09:15,374 21 loss=0.13458470414355714
2019-01-18 15:09:15,375 22 loss=0.12880287179318792
2019-01-18 15:09:15,375 23 loss=0.12333664464457872
2019-01-18 15:09:15,376 24 loss=0.11814566562888038
2019-01-18 15:09:15,376 25 loss=0.1131988580938807
2019-01-18 15:09:15,377 26 loss=0.10847264594115293
2019-01-18 15:09:15,377 27 loss=0.10394935523416016
2019-01-18 15:09:15,378 28 loss=0.0996158198002028
2019-01-18 15:09:15,378 29 loss=0.09546220079863038
2019-01-18 15:09:15,379 30 loss=0.0914810179777237
2019-01-18 15:09:15,379 
*** Major Checkpoint. Computing Stats and Saving
2019-01-18 15:09:15,379 	 Computing Major Stats lazily... 
2019-01-18 15:09:15,379 		 Completed edges=72 good=72 bad=0
2019-01-18 15:09:15,381 Distortion avg=0.2556907633275459 wc=3.729921284182772 me=1.3675270820141225 mc=2.727493541619129 nan_elements=0
2019-01-18 15:09:15,381 MAP = 1.0
2019-01-18 15:09:15,381 scale=[array([1.])]
2019-01-18 15:09:15,381 *** End Major Checkpoint

2019-01-18 15:09:15,382 31 loss=0.08766638006298495
2019-01-18 15:09:15,382 32 loss=0.08401339427874673
2019-01-18 15:09:15,383 33 loss=0.08051773060679307
2019-01-18 15:09:15,383 34 loss=0.07717531474884426
2019-01-18 15:09:15,384 35 loss=0.07398212431852444
2019-01-18 15:09:15,384 36 loss=0.07093406487461246
2019-01-18 15:09:15,385 37 loss=0.06802690538539552
2019-01-18 15:09:15,385 38 loss=0.06525625605974075
2019-01-18 15:09:15,386 39 loss=0.06261757481119971
2019-01-18 15:09:15,386 40 loss=0.060106191690699036
2019-01-18 15:09:15,386 
*** Major Checkpoint. Computing Stats and Saving
2019-01-18 15:09:15,386 	 Computing Major Stats lazily... 
2019-01-18 15:09:15,387 		 Completed edges=72 good=72 bad=0
2019-01-18 15:09:15,388 Distortion avg=0.20342193561317704 wc=2.8407428100618954 me=1.2828050655583703 mc=2.214477387353781 nan_elements=0
2019-01-18 15:09:15,388 MAP = 1.0
2019-01-18 15:09:15,388 scale=[array([1.])]
2019-01-18 15:09:15,388 *** End Major Checkpoint

2019-01-18 15:09:15,389 41 loss=0.0577173432980158
2019-01-18 15:09:15,389 42 loss=0.05544621141279559
2019-01-18 15:09:15,390 43 loss=0.05328796187837541
2019-01-18 15:09:15,390 44 loss=0.05123778116474224
2019-01-18 15:09:15,391 45 loss=0.04929090908500759
2019-01-18 15:09:15,392 46 loss=0.047442666901834796
2019-01-18 15:09:15,392 47 loss=0.04568848059314564
2019-01-18 15:09:15,393 48 loss=0.04402389940116027
2019-01-18 15:09:15,393 49 loss=0.04244461000900583
2019-01-18 15:09:15,394 50 loss=0.040946446810743685
2019-01-18 15:09:15,394 
*** Major Checkpoint. Computing Stats and Saving
2019-01-18 15:09:15,394 	 Computing Major Stats lazily... 
2019-01-18 15:09:15,395 		 Completed edges=72 good=72 bad=0
2019-01-18 15:09:15,396 Distortion avg=0.16494171012732362 wc=2.3149234135492165 me=1.2315028938070964 mc=1.8797547494125724 nan_elements=0
2019-01-18 15:09:15,396 MAP = 1.0
2019-01-18 15:09:15,396 scale=[array([1.])]
2019-01-18 15:09:15,396 *** End Major Checkpoint

2019-01-18 15:09:15,396 final loss=0.040946446810743685
2019-01-18 15:09:15,397 best loss=0.040946446810743685, distortion=0.16494171012732362, map=1.0, wc_dist=2.3149234135492165
2019-01-18 15:09:15,397 	 Computing Major Stats lazily... 
2019-01-18 15:09:15,397 		 Completed edges=72 good=72 bad=0
2019-01-18 15:09:15,399 Distortion avg=0.1649417101273236 wc=2.3149234135492165 me=1.2315028938070964 mc=1.8797547494125724 nan_elements=0
2019-01-18 15:09:15,399 MAP = 1.0
2019-01-18 15:09:15,399 scale=[array([1.])]
