2019-01-18 14:47:48,230 Commandline ['pytorch/pytorch_hyperbolic.py', 'learn', 'data/edges/parsing/ewt/ewt_dev/311.edges', '--dim', '0', '--hyp', '0', '--edim', '10', '--euc', '1', '--sdim', '0', '--sph', '0', '--log-name', 'ewt_devr2/311.edges.E10-1.lr1.log', '--batch-size', '65536', '--epochs', '50', '--checkpoint-freq', '10', '-g', '--subsample', '1024', '--learning-rate', '1']
2019-01-18 14:47:48,230 No Model Save selected!
2019-01-18 14:47:48,232 Loaded Graph data/edges/parsing/ewt/ewt_dev/311.edges with 17 nodes scale=1.0
2019-01-18 14:47:48,232 Building dataset
2019-01-18 14:47:48,232 Subsample: 17 points with scale 1.0 subsample=16
2019-01-18 14:47:48,249 Built Data Sampler
2019-01-18 14:47:48,249 Creating a fresh model warm_start?=None
2019-01-18 14:47:48,249 	 Warmstarting? None None 17
2019-01-18 14:47:48,250 Embedding() torch.Size([17, 10])
2019-01-18 14:47:48,250 relative No Rescale
2019-01-18 14:47:48,250 Constructed model with dim=0 and epochs=0 isnan=False
2019-01-18 14:47:48,250 SGD (
Parameter Group 0
    dampening: 0
    initial_lr: 0.1
    lr: 1.0
    momentum: 0.0
    nesterov: False
    weight_decay: 0

Parameter Group 1
    dampening: 0
    initial_lr: 0.1
    lr: 1.0
    momentum: 0.0
    nesterov: False
    weight_decay: 0

Parameter Group 2
    dampening: 0
    initial_lr: 0.1
    lr: 1.0
    momentum: 0.0
    nesterov: False
    weight_decay: 0

Parameter Group 3
    dampening: 0
    initial_lr: 0.0001
    lr: 0.001
    momentum: 0.0
    nesterov: False
    weight_decay: 0
)
2019-01-18 14:47:48,251 *** Initial Checkpoint. Computing Stats
2019-01-18 14:47:48,251 	 Computing Major Stats lazily... 
2019-01-18 14:47:48,252 		 Completed edges=272 good=272 bad=0
2019-01-18 14:47:48,255 Distortion avg=0.9983156258501799 wc=11.750739165917594 me=0.005259649548079468 mc=2234.1296807899134 nan_elements=0
2019-01-18 14:47:48,255 MAP = 0.31132251735192906
2019-01-18 14:47:48,256 scale=[array([1.])]
2019-01-18 14:47:48,256 *** End Initial Checkpoint

2019-01-18 14:47:48,314 1 loss=0.9966353736053792
2019-01-18 14:47:48,315 2 loss=0.9193953172786768
2019-01-18 14:47:48,316 3 loss=0.8495535647973047
2019-01-18 14:47:48,316 4 loss=0.7888295787834493
2019-01-18 14:47:48,317 5 loss=0.7362686989136652
2019-01-18 14:47:48,318 6 loss=0.6907306208691257
2019-01-18 14:47:48,318 7 loss=0.6511651100003566
2019-01-18 14:47:48,319 8 loss=0.6166591703494902
2019-01-18 14:47:48,320 9 loss=0.5864356492820614
2019-01-18 14:47:48,320 10 loss=0.5598392162657513
2019-01-18 14:47:48,320 
*** Major Checkpoint. Computing Stats and Saving
2019-01-18 14:47:48,320 	 Computing Major Stats lazily... 
2019-01-18 14:47:48,322 		 Completed edges=272 good=272 bad=0
2019-01-18 14:47:48,324 Distortion avg=0.6936751866966261 wc=14.747765130242554 me=1.1641736202166175 mc=12.668011776025676 nan_elements=0
2019-01-18 14:47:48,325 MAP = 0.12338584617996384
2019-01-18 14:47:48,325 scale=[array([1.])]
2019-01-18 14:47:48,325 *** End Major Checkpoint

2019-01-18 14:47:48,326 11 loss=0.5363197622345488
2019-01-18 14:47:48,326 12 loss=0.5154164696395738
2019-01-18 14:47:48,327 13 loss=0.49674359169539517
2019-01-18 14:47:48,327 14 loss=0.4799781687464627
2019-01-18 14:47:48,328 15 loss=0.4648496001205707
2019-01-18 14:47:48,329 16 loss=0.45113087854163475
2019-01-18 14:47:48,329 17 loss=0.4386312658334905
2019-01-18 14:47:48,330 18 loss=0.42719019530028607
2019-01-18 14:47:48,331 19 loss=0.4166722066666434
2019-01-18 14:47:48,331 20 loss=0.4069627441855568
2019-01-18 14:47:48,331 
*** Major Checkpoint. Computing Stats and Saving
2019-01-18 14:47:48,332 	 Computing Major Stats lazily... 
2019-01-18 14:47:48,333 		 Completed edges=272 good=272 bad=0
2019-01-18 14:47:48,335 Distortion avg=0.5955192801941166 wc=11.456917566905108 me=1.5832709618073848 mc=7.2362329906098015 nan_elements=0
2019-01-18 14:47:48,336 MAP = 0.14015082956259423
2019-01-18 14:47:48,336 scale=[array([1.])]
2019-01-18 14:47:48,336 *** End Major Checkpoint

2019-01-18 14:47:48,336 21 loss=0.39796467311225986
2019-01-18 14:47:48,337 22 loss=0.38959539232413404
2019-01-18 14:47:48,338 23 loss=0.38178444076684676
2019-01-18 14:47:48,339 24 loss=0.37447151252861616
2019-01-18 14:47:48,339 25 loss=0.36760480985682453
2019-01-18 14:47:48,340 26 loss=0.361139675611773
2019-01-18 14:47:48,341 27 loss=0.35503745680838333
2019-01-18 14:47:48,341 28 loss=0.3492645593262324
2019-01-18 14:47:48,342 29 loss=0.34379166084312673
2019-01-18 14:47:48,342 30 loss=0.3385930548063433
2019-01-18 14:47:48,343 
*** Major Checkpoint. Computing Stats and Saving
2019-01-18 14:47:48,343 	 Computing Major Stats lazily... 
2019-01-18 14:47:48,344 		 Completed edges=272 good=272 bad=0
2019-01-18 14:47:48,347 Distortion avg=0.5397499555570311 wc=9.48056118403221 me=1.6952524480418645 mc=5.592418518541544 nan_elements=0
2019-01-18 14:47:48,347 MAP = 0.19597787833081948
2019-01-18 14:47:48,347 scale=[array([1.])]
2019-01-18 14:47:48,347 *** End Major Checkpoint

2019-01-18 14:47:48,348 31 loss=0.3336461030041017
2019-01-18 14:47:48,348 32 loss=0.3289307782119019
2019-01-18 14:47:48,349 33 loss=0.3244292816100908
2019-01-18 14:47:48,349 34 loss=0.32012572232212266
2019-01-18 14:47:48,350 35 loss=0.31600584860825487
2019-01-18 14:47:48,351 36 loss=0.31205682205016105
2019-01-18 14:47:48,351 37 loss=0.3082670275466822
2019-01-18 14:47:48,352 38 loss=0.3046259131660374
2019-01-18 14:47:48,353 39 loss=0.30112385491151494
2019-01-18 14:47:48,353 40 loss=0.2977520422939046
2019-01-18 14:47:48,353 
*** Major Checkpoint. Computing Stats and Saving
2019-01-18 14:47:48,354 	 Computing Major Stats lazily... 
2019-01-18 14:47:48,355 		 Completed edges=272 good=272 bad=0
2019-01-18 14:47:48,357 Distortion avg=0.495584996635827 wc=8.230766950151324 me=1.6928354829602934 mc=4.862118636453689 nan_elements=0
2019-01-18 14:47:48,357 MAP = 0.2946727782021899
2019-01-18 14:47:48,358 scale=[array([1.])]
2019-01-18 14:47:48,358 *** End Major Checkpoint

2019-01-18 14:47:48,358 41 loss=0.2945023812957935
2019-01-18 14:47:48,359 42 loss=0.2913674118858353
2019-01-18 14:47:48,360 43 loss=0.28834023771610806
2019-01-18 14:47:48,360 44 loss=0.28541446602983966
2019-01-18 14:47:48,361 45 loss=0.28258415613418725
2019-01-18 14:47:48,362 46 loss=0.2798437750649527
2019-01-18 14:47:48,362 47 loss=0.2771881592966181
2019-01-18 14:47:48,363 48 loss=0.2746124815397164
2019-01-18 14:47:48,364 49 loss=0.2721122218247624
2019-01-18 14:47:48,364 50 loss=0.269683142203085
2019-01-18 14:47:48,364 
*** Major Checkpoint. Computing Stats and Saving
2019-01-18 14:47:48,364 	 Computing Major Stats lazily... 
2019-01-18 14:47:48,366 		 Completed edges=272 good=272 bad=0
2019-01-18 14:47:48,368 Distortion avg=0.4639408899011324 wc=7.37357896634959 me=1.6505780560978855 mc=4.467270686841307 nan_elements=0
2019-01-18 14:47:48,368 MAP = 0.45612269266681027
2019-01-18 14:47:48,369 scale=[array([1.])]
2019-01-18 14:47:48,369 *** End Major Checkpoint

2019-01-18 14:47:48,369 final loss=0.269683142203085
2019-01-18 14:47:48,369 best loss=0.269683142203085, distortion=0.4639408899011324, map=0.45612269266681027, wc_dist=7.37357896634959
2019-01-18 14:47:48,369 	 Computing Major Stats lazily... 
2019-01-18 14:47:48,370 		 Completed edges=272 good=272 bad=0
2019-01-18 14:47:48,373 Distortion avg=0.46394088990113236 wc=7.37357896634959 me=1.6505780560978855 mc=4.467270686841307 nan_elements=0
2019-01-18 14:47:48,373 MAP = 0.45612269266681027
2019-01-18 14:47:48,373 scale=[array([1.])]
