2019-01-18 15:00:26,060 Commandline ['pytorch/pytorch_hyperbolic.py', 'learn', 'data/edges/parsing/ewt/ewt_dev/314.edges', '--dim', '0', '--hyp', '0', '--edim', '10', '--euc', '1', '--sdim', '0', '--sph', '0', '--log-name', 'ewt_devr2/314.edges.E10-1.lr1.log', '--batch-size', '65536', '--epochs', '50', '--checkpoint-freq', '10', '-g', '--subsample', '1024', '--learning-rate', '1']
2019-01-18 15:00:26,060 No Model Save selected!
2019-01-18 15:00:26,062 Loaded Graph data/edges/parsing/ewt/ewt_dev/314.edges with 15 nodes scale=1.0
2019-01-18 15:00:26,062 Building dataset
2019-01-18 15:00:26,063 Subsample: 15 points with scale 1.0 subsample=14
2019-01-18 15:00:26,076 Built Data Sampler
2019-01-18 15:00:26,077 Creating a fresh model warm_start?=None
2019-01-18 15:00:26,077 	 Warmstarting? None None 15
2019-01-18 15:00:26,077 Embedding() torch.Size([15, 10])
2019-01-18 15:00:26,077 relative No Rescale
2019-01-18 15:00:26,077 Constructed model with dim=0 and epochs=0 isnan=False
2019-01-18 15:00:26,078 SGD (
Parameter Group 0
    dampening: 0
    initial_lr: 0.1
    lr: 1.0
    momentum: 0.0
    nesterov: False
    weight_decay: 0

Parameter Group 1
    dampening: 0
    initial_lr: 0.1
    lr: 1.0
    momentum: 0.0
    nesterov: False
    weight_decay: 0

Parameter Group 2
    dampening: 0
    initial_lr: 0.1
    lr: 1.0
    momentum: 0.0
    nesterov: False
    weight_decay: 0

Parameter Group 3
    dampening: 0
    initial_lr: 0.0001
    lr: 0.001
    momentum: 0.0
    nesterov: False
    weight_decay: 0
)
2019-01-18 15:00:26,078 *** Initial Checkpoint. Computing Stats
2019-01-18 15:00:26,078 	 Computing Major Stats lazily... 
2019-01-18 15:00:26,079 		 Completed edges=210 good=210 bad=0
2019-01-18 15:00:26,082 Distortion avg=0.9981064489336691 wc=11.83855682108709 me=0.0059960279104134965 mc=1974.3998857187912 nan_elements=0
2019-01-18 15:00:26,082 MAP = 0.22881413031413034
2019-01-18 15:00:26,082 scale=[array([1.])]
2019-01-18 15:00:26,082 *** End Initial Checkpoint

2019-01-18 15:00:26,140 1 loss=0.9962180752341608
2019-01-18 15:00:26,141 2 loss=0.8903668344053423
2019-01-18 15:00:26,141 3 loss=0.7998055226715208
2019-01-18 15:00:26,142 4 loss=0.7254033910267605
2019-01-18 15:00:26,143 5 loss=0.6642849442239208
2019-01-18 15:00:26,143 6 loss=0.6138013949477018
2019-01-18 15:00:26,144 7 loss=0.5717846792114402
2019-01-18 15:00:26,144 8 loss=0.5365103874889164
2019-01-18 15:00:26,145 9 loss=0.5066206694926347
2019-01-18 15:00:26,145 10 loss=0.481050154573166
2019-01-18 15:00:26,146 
*** Major Checkpoint. Computing Stats and Saving
2019-01-18 15:00:26,146 	 Computing Major Stats lazily... 
2019-01-18 15:00:26,147 		 Completed edges=210 good=210 bad=0
2019-01-18 15:00:26,149 Distortion avg=0.6328615810227427 wc=16.10183396076452 me=1.239437071809225 mc=12.991247661537532 nan_elements=0
2019-01-18 15:00:26,149 MAP = 0.13557856957856956
2019-01-18 15:00:26,149 scale=[array([1.])]
2019-01-18 15:00:26,149 *** End Major Checkpoint

2019-01-18 15:00:26,150 11 loss=0.4589634797367824
2019-01-18 15:00:26,150 12 loss=0.4397049389615284
2019-01-18 15:00:26,151 13 loss=0.4227587118978231
2019-01-18 15:00:26,152 14 loss=0.4077177669104202
2019-01-18 15:00:26,152 15 loss=0.39425967794220285
2019-01-18 15:00:26,153 16 loss=0.3821278718092907
2019-01-18 15:00:26,153 17 loss=0.3711171061704645
2019-01-18 15:00:26,154 18 loss=0.36106222815012046
2019-01-18 15:00:26,154 19 loss=0.35182947028466954
2019-01-18 15:00:26,155 20 loss=0.34330970627876756
2019-01-18 15:00:26,155 
*** Major Checkpoint. Computing Stats and Saving
2019-01-18 15:00:26,155 	 Computing Major Stats lazily... 
2019-01-18 15:00:26,156 		 Completed edges=210 good=210 bad=0
2019-01-18 15:00:26,158 Distortion avg=0.5495698047331441 wc=12.837254426990405 me=1.5442717316172758 mc=8.312820965482727 nan_elements=0
2019-01-18 15:00:26,158 MAP = 0.1546699720033054
2019-01-18 15:00:26,159 scale=[array([1.])]
2019-01-18 15:00:26,159 *** End Major Checkpoint

2019-01-18 15:00:26,159 21 loss=0.33541321977690247
2019-01-18 15:00:26,160 22 loss=0.32806564133438476
2019-01-18 15:00:26,160 23 loss=0.3212047878165037
2019-01-18 15:00:26,161 24 loss=0.3147781994782016
2019-01-18 15:00:26,162 25 loss=0.30874121697471407
2019-01-18 15:00:26,162 26 loss=0.3030554767027829
2019-01-18 15:00:26,163 27 loss=0.29768773066242427
2019-01-18 15:00:26,163 28 loss=0.292608918395054
2019-01-18 15:00:26,164 29 loss=0.2877934349885626
2019-01-18 15:00:26,164 30 loss=0.28321855179225647
2019-01-18 15:00:26,164 
*** Major Checkpoint. Computing Stats and Saving
2019-01-18 15:00:26,165 	 Computing Major Stats lazily... 
2019-01-18 15:00:26,165 		 Completed edges=210 good=210 bad=0
2019-01-18 15:00:26,168 Distortion avg=0.490770221207598 wc=11.08908993754417 me=1.6565999478440017 mc=6.693885238844886 nan_elements=0
2019-01-18 15:00:26,168 MAP = 0.24533931500598166
2019-01-18 15:00:26,168 scale=[array([1.])]
2019-01-18 15:00:26,168 *** End Major Checkpoint

2019-01-18 15:00:26,169 31 loss=0.27886395623551535
2019-01-18 15:00:26,169 32 loss=0.27471138466841744
2019-01-18 15:00:26,170 33 loss=0.27074432795695363
2019-01-18 15:00:26,170 34 loss=0.2669477940650797
2019-01-18 15:00:26,171 35 loss=0.2633081153433291
2019-01-18 15:00:26,171 36 loss=0.25981279095084253
2019-01-18 15:00:26,172 37 loss=0.2564503569422191
2019-01-18 15:00:26,173 38 loss=0.25321027818903086
2019-01-18 15:00:26,173 39 loss=0.2500828575830708
2019-01-18 15:00:26,174 40 loss=0.24705915896519698
2019-01-18 15:00:26,174 
*** Major Checkpoint. Computing Stats and Saving
2019-01-18 15:00:26,174 	 Computing Major Stats lazily... 
2019-01-18 15:00:26,175 		 Completed edges=210 good=210 bad=0
2019-01-18 15:00:26,178 Distortion avg=0.44698518655274744 wc=9.73769517562475 me=1.670533990374252 mc=5.829091315551862 nan_elements=0
2019-01-18 15:00:26,178 MAP = 0.32750939800939805
2019-01-18 15:00:26,178 scale=[array([1.])]
2019-01-18 15:00:26,178 *** End Major Checkpoint

2019-01-18 15:00:26,179 41 loss=0.24413094100226246
2019-01-18 15:00:26,179 42 loss=0.24129059984318482
2019-01-18 15:00:26,180 43 loss=0.2385311188609081
2019-01-18 15:00:26,180 44 loss=0.23584602415870798
2019-01-18 15:00:26,181 45 loss=0.23322934480938565
2019-01-18 15:00:26,182 46 loss=0.23067557702186167
2019-01-18 15:00:26,182 47 loss=0.22817965160515785
2019-01-18 15:00:26,183 48 loss=0.22573690423545997
2019-01-18 15:00:26,183 49 loss=0.22334304813632563
2019-01-18 15:00:26,184 50 loss=0.2209941488618308
2019-01-18 15:00:26,184 
*** Major Checkpoint. Computing Stats and Saving
2019-01-18 15:00:26,184 	 Computing Major Stats lazily... 
2019-01-18 15:00:26,185 		 Completed edges=210 good=210 bad=0
2019-01-18 15:00:26,187 Distortion avg=0.4184668320193634 wc=8.806073579259937 me=1.6808432140780019 mc=5.239080900291084 nan_elements=0
2019-01-18 15:00:26,187 MAP = 0.4014772727272727
2019-01-18 15:00:26,188 scale=[array([1.])]
2019-01-18 15:00:26,188 *** End Major Checkpoint

2019-01-18 15:00:26,188 final loss=0.2209941488618308
2019-01-18 15:00:26,188 best loss=0.2209941488618308, distortion=0.4184668320193634, map=0.4014772727272727, wc_dist=8.806073579259937
2019-01-18 15:00:26,188 	 Computing Major Stats lazily... 
2019-01-18 15:00:26,189 		 Completed edges=210 good=210 bad=0
2019-01-18 15:00:26,191 Distortion avg=0.41846683201936324 wc=8.806073579259937 me=1.6808432140780019 mc=5.239080900291084 nan_elements=0
2019-01-18 15:00:26,191 MAP = 0.4014772727272727
2019-01-18 15:00:26,191 scale=[array([1.])]
