2019-01-18 14:39:47,718 Commandline ['pytorch/pytorch_hyperbolic.py', 'learn', 'data/edges/parsing/ewt/ewt_dev/321.edges', '--dim', '0', '--hyp', '0', '--edim', '10', '--euc', '1', '--sdim', '0', '--sph', '0', '--log-name', 'ewt_devr2/321.edges.E10-1.lr1.log', '--batch-size', '65536', '--epochs', '50', '-g', '--subsample', '1024', '--learning-rate', '1']
2019-01-18 14:39:47,718 No Model Save selected!
2019-01-18 14:39:47,720 Loaded Graph data/edges/parsing/ewt/ewt_dev/321.edges with 7 nodes scale=1.0
2019-01-18 14:39:47,720 Building dataset
2019-01-18 14:39:47,720 Subsample: 7 points with scale 1.0 subsample=6
2019-01-18 14:39:47,726 Built Data Sampler
2019-01-18 14:39:47,726 Creating a fresh model warm_start?=None
2019-01-18 14:39:47,726 	 Warmstarting? None None 7
2019-01-18 14:39:47,726 Embedding() torch.Size([7, 10])
2019-01-18 14:39:47,727 relative No Rescale
2019-01-18 14:39:47,727 Constructed model with dim=0 and epochs=0 isnan=False
2019-01-18 14:39:47,727 SGD (
Parameter Group 0
    dampening: 0
    initial_lr: 0.1
    lr: 1.0
    momentum: 0.0
    nesterov: False
    weight_decay: 0

Parameter Group 1
    dampening: 0
    initial_lr: 0.1
    lr: 1.0
    momentum: 0.0
    nesterov: False
    weight_decay: 0

Parameter Group 2
    dampening: 0
    initial_lr: 0.1
    lr: 1.0
    momentum: 0.0
    nesterov: False
    weight_decay: 0

Parameter Group 3
    dampening: 0
    initial_lr: 0.0001
    lr: 0.001
    momentum: 0.0
    nesterov: False
    weight_decay: 0
)
2019-01-18 14:39:47,727 *** Initial Checkpoint. Computing Stats
2019-01-18 14:39:47,727 	 Computing Major Stats lazily... 
2019-01-18 14:39:47,728 		 Completed edges=42 good=42 bad=0
2019-01-18 14:39:47,729 Distortion avg=0.997241815091314 wc=4.6630950159583 me=0.005628252251848828 mc=828.5156398998494 nan_elements=0
2019-01-18 14:39:47,729 MAP = 0.38690476190476186
2019-01-18 14:39:47,730 scale=[array([1.])]
2019-01-18 14:39:47,730 *** End Initial Checkpoint

2019-01-18 14:39:47,787 1 loss=0.9944932098875712
2019-01-18 14:39:47,787 2 loss=0.5780968085537571
2019-01-18 14:39:47,788 3 loss=0.40660903748576094
2019-01-18 14:39:47,788 4 loss=0.32559924802583884
2019-01-18 14:39:47,789 5 loss=0.27516394471212713
2019-01-18 14:39:47,789 6 loss=0.23764849370961405
2019-01-18 14:39:47,790 7 loss=0.20743107593321738
2019-01-18 14:39:47,790 8 loss=0.18231762875604496
2019-01-18 14:39:47,791 9 loss=0.16115508801700354
2019-01-18 14:39:47,791 10 loss=0.1431611153639494
2019-01-18 14:39:47,792 11 loss=0.12773475876450582
2019-01-18 14:39:47,792 12 loss=0.11440099623761854
2019-01-18 14:39:47,793 13 loss=0.10278843238840875
2019-01-18 14:39:47,793 14 loss=0.09261184451487348
2019-01-18 14:39:47,794 15 loss=0.08365392956855804
2019-01-18 14:39:47,794 16 loss=0.07574738827997843
2019-01-18 14:39:47,795 17 loss=0.068759554425846
2019-01-18 14:39:47,795 18 loss=0.06258086074853676
2019-01-18 14:39:47,796 19 loss=0.057117211490558116
2019-01-18 14:39:47,796 20 loss=0.05228551794661626
2019-01-18 14:39:47,797 21 loss=0.04801137579711293
2019-01-18 14:39:47,797 22 loss=0.044227962429243116
2019-01-18 14:39:47,797 23 loss=0.040875493913900024
2019-01-18 14:39:47,798 24 loss=0.037900850606281684
2019-01-18 14:39:47,798 25 loss=0.035257185702884185
2019-01-18 14:39:47,799 26 loss=0.032903459222938754
2019-01-18 14:39:47,799 27 loss=0.030803905433049367
2019-01-18 14:39:47,800 28 loss=0.028927466315307817
2019-01-18 14:39:47,800 29 loss=0.027247225859478415
2019-01-18 14:39:47,801 30 loss=0.025739872410237796
2019-01-18 14:39:47,801 31 loss=0.024385206328052633
2019-01-18 14:39:47,802 32 loss=0.023165701335977774
2019-01-18 14:39:47,802 33 loss=0.022066121346220505
2019-01-18 14:39:47,803 34 loss=0.021073190331926513
2019-01-18 14:39:47,803 35 loss=0.020175310486011018
2019-01-18 14:39:47,803 36 loss=0.01936232293413352
2019-01-18 14:39:47,804 37 loss=0.018625305149796375
2019-01-18 14:39:47,804 38 loss=0.017956399582427524
2019-01-18 14:39:47,805 39 loss=0.01734866860002838
2019-01-18 14:39:47,805 40 loss=0.016795971508955027
2019-01-18 14:39:47,806 41 loss=0.016292860056271254
2019-01-18 14:39:47,806 42 loss=0.01583448940177886
2019-01-18 14:39:47,807 43 loss=0.015416542051516203
2019-01-18 14:39:47,807 44 loss=0.015035162671486682
2019-01-18 14:39:47,808 45 loss=0.014686902056214632
2019-01-18 14:39:47,808 46 loss=0.01436866882079854
2019-01-18 14:39:47,809 47 loss=0.014077687627187477
2019-01-18 14:39:47,809 48 loss=0.013811462954409257
2019-01-18 14:39:47,810 49 loss=0.013567747586182944
2019-01-18 14:39:47,810 50 loss=0.013344515124229588
2019-01-18 14:39:47,810 final loss=0.013344515124229588
2019-01-18 14:39:47,810 best loss=10000000000.0, distortion=10000000000.0, map=0.0, wc_dist=10000000000.0
2019-01-18 14:39:47,810 	 Computing Major Stats lazily... 
2019-01-18 14:39:47,811 		 Completed edges=42 good=42 bad=0
2019-01-18 14:39:47,812 Distortion avg=0.10230545652193405 wc=1.424057955841398 me=1.171562642169062 mc=1.2155201135509575 nan_elements=0
2019-01-18 14:39:47,812 MAP = 1.0
2019-01-18 14:39:47,812 scale=[array([1.])]
2019-01-18 14:47:04,563 Commandline ['pytorch/pytorch_hyperbolic.py', 'learn', 'data/edges/parsing/ewt/ewt_dev/321.edges', '--dim', '0', '--hyp', '0', '--edim', '10', '--euc', '1', '--sdim', '0', '--sph', '0', '--log-name', 'ewt_devr2/321.edges.E10-1.lr1.log', '--batch-size', '65536', '--epochs', '50', '--checkpoint-freq', '10', '-g', '--subsample', '1024', '--learning-rate', '1']
2019-01-18 14:47:04,564 No Model Save selected!
2019-01-18 14:47:04,565 Loaded Graph data/edges/parsing/ewt/ewt_dev/321.edges with 7 nodes scale=1.0
2019-01-18 14:47:04,565 Building dataset
2019-01-18 14:47:04,566 Subsample: 7 points with scale 1.0 subsample=6
2019-01-18 14:47:04,571 Built Data Sampler
2019-01-18 14:47:04,571 Creating a fresh model warm_start?=None
2019-01-18 14:47:04,571 	 Warmstarting? None None 7
2019-01-18 14:47:04,571 Embedding() torch.Size([7, 10])
2019-01-18 14:47:04,572 relative No Rescale
2019-01-18 14:47:04,572 Constructed model with dim=0 and epochs=0 isnan=False
2019-01-18 14:47:04,572 SGD (
Parameter Group 0
    dampening: 0
    initial_lr: 0.1
    lr: 1.0
    momentum: 0.0
    nesterov: False
    weight_decay: 0

Parameter Group 1
    dampening: 0
    initial_lr: 0.1
    lr: 1.0
    momentum: 0.0
    nesterov: False
    weight_decay: 0

Parameter Group 2
    dampening: 0
    initial_lr: 0.1
    lr: 1.0
    momentum: 0.0
    nesterov: False
    weight_decay: 0

Parameter Group 3
    dampening: 0
    initial_lr: 0.0001
    lr: 0.001
    momentum: 0.0
    nesterov: False
    weight_decay: 0
)
2019-01-18 14:47:04,572 *** Initial Checkpoint. Computing Stats
2019-01-18 14:47:04,572 	 Computing Major Stats lazily... 
2019-01-18 14:47:04,573 		 Completed edges=42 good=42 bad=0
2019-01-18 14:47:04,574 Distortion avg=0.997241815091314 wc=4.6630950159583 me=0.005628252251848828 mc=828.5156398998494 nan_elements=0
2019-01-18 14:47:04,574 MAP = 0.38690476190476186
2019-01-18 14:47:04,575 scale=[array([1.])]
2019-01-18 14:47:04,575 *** End Initial Checkpoint

2019-01-18 14:47:04,632 1 loss=0.9944932098875712
2019-01-18 14:47:04,633 2 loss=0.5780968085537571
2019-01-18 14:47:04,634 3 loss=0.40660903748576094
2019-01-18 14:47:04,634 4 loss=0.32559924802583884
2019-01-18 14:47:04,634 5 loss=0.27516394471212713
2019-01-18 14:47:04,635 6 loss=0.23764849370961405
2019-01-18 14:47:04,636 7 loss=0.20743107593321738
2019-01-18 14:47:04,636 8 loss=0.18231762875604496
2019-01-18 14:47:04,636 9 loss=0.16115508801700354
2019-01-18 14:47:04,637 10 loss=0.1431611153639494
2019-01-18 14:47:04,637 
*** Major Checkpoint. Computing Stats and Saving
2019-01-18 14:47:04,637 	 Computing Major Stats lazily... 
2019-01-18 14:47:04,638 		 Completed edges=42 good=42 bad=0
2019-01-18 14:47:04,639 Distortion avg=0.3312131668107198 wc=3.1646652486898685 me=1.3093000746111394 mc=2.417066423546772 nan_elements=0
2019-01-18 14:47:04,639 MAP = 0.8767857142857143
2019-01-18 14:47:04,639 scale=[array([1.])]
2019-01-18 14:47:04,639 *** End Major Checkpoint

2019-01-18 14:47:04,640 11 loss=0.12773475876450585
2019-01-18 14:47:04,640 12 loss=0.1144009962376185
2019-01-18 14:47:04,641 13 loss=0.10278843238840876
2019-01-18 14:47:04,641 14 loss=0.09261184451487348
2019-01-18 14:47:04,642 15 loss=0.08365392956855804
2019-01-18 14:47:04,642 16 loss=0.0757473882799784
2019-01-18 14:47:04,642 17 loss=0.06875955442584603
2019-01-18 14:47:04,643 18 loss=0.06258086074853678
2019-01-18 14:47:04,643 19 loss=0.057117211490558095
2019-01-18 14:47:04,644 20 loss=0.052285517946616275
2019-01-18 14:47:04,644 
*** Major Checkpoint. Computing Stats and Saving
2019-01-18 14:47:04,644 	 Computing Major Stats lazily... 
2019-01-18 14:47:04,644 		 Completed edges=42 good=42 bad=0
2019-01-18 14:47:04,646 Distortion avg=0.19934270131523693 wc=2.0558642496799044 me=1.2157431518792619 mc=1.6910350237235612 nan_elements=0
2019-01-18 14:47:04,646 MAP = 1.0
2019-01-18 14:47:04,646 scale=[array([1.])]
2019-01-18 14:47:04,646 *** End Major Checkpoint

2019-01-18 14:47:04,646 21 loss=0.04801137579711293
2019-01-18 14:47:04,647 22 loss=0.04422796242924312
2019-01-18 14:47:04,647 23 loss=0.04087549391390003
2019-01-18 14:47:04,648 24 loss=0.037900850606281684
2019-01-18 14:47:04,648 25 loss=0.035257185702884185
2019-01-18 14:47:04,649 26 loss=0.032903459222938754
2019-01-18 14:47:04,649 27 loss=0.03080390543304937
2019-01-18 14:47:04,650 28 loss=0.028927466315307827
2019-01-18 14:47:04,650 29 loss=0.027247225859478422
2019-01-18 14:47:04,651 30 loss=0.025739872410237792
2019-01-18 14:47:04,651 
*** Major Checkpoint. Computing Stats and Saving
2019-01-18 14:47:04,651 	 Computing Major Stats lazily... 
2019-01-18 14:47:04,651 		 Completed edges=42 good=42 bad=0
2019-01-18 14:47:04,652 Distortion avg=0.14024687867235555 wc=1.6504397198332033 me=1.168609984875289 mc=1.4123101301494816 nan_elements=0
2019-01-18 14:47:04,652 MAP = 1.0
2019-01-18 14:47:04,653 scale=[array([1.])]
2019-01-18 14:47:04,653 *** End Major Checkpoint

2019-01-18 14:47:04,653 31 loss=0.02438520632805264
2019-01-18 14:47:04,654 32 loss=0.02316570133597778
2019-01-18 14:47:04,654 33 loss=0.022066121346220508
2019-01-18 14:47:04,655 34 loss=0.021073190331926513
2019-01-18 14:47:04,655 35 loss=0.020175310486011025
2019-01-18 14:47:04,655 36 loss=0.01936232293413353
2019-01-18 14:47:04,656 37 loss=0.018625305149796385
2019-01-18 14:47:04,656 38 loss=0.017956399582427524
2019-01-18 14:47:04,657 39 loss=0.01734866860002837
2019-01-18 14:47:04,657 40 loss=0.016795971508955027
2019-01-18 14:47:04,657 
*** Major Checkpoint. Computing Stats and Saving
2019-01-18 14:47:04,657 	 Computing Major Stats lazily... 
2019-01-18 14:47:04,658 		 Completed edges=42 good=42 bad=0
2019-01-18 14:47:04,659 Distortion avg=0.11423085370834302 wc=1.505209210159945 me=1.173513976803187 mc=1.2826512848703697 nan_elements=0
2019-01-18 14:47:04,659 MAP = 1.0
2019-01-18 14:47:04,659 scale=[array([1.])]
2019-01-18 14:47:04,659 *** End Major Checkpoint

2019-01-18 14:47:04,660 41 loss=0.016292860056271254
2019-01-18 14:47:04,660 42 loss=0.01583448940177886
2019-01-18 14:47:04,661 43 loss=0.015416542051516194
2019-01-18 14:47:04,661 44 loss=0.015035162671486687
2019-01-18 14:47:04,662 45 loss=0.014686902056214632
2019-01-18 14:47:04,662 46 loss=0.014368668820798538
2019-01-18 14:47:04,663 47 loss=0.01407768762718748
2019-01-18 14:47:04,663 48 loss=0.013811462954409251
2019-01-18 14:47:04,664 49 loss=0.013567747586182944
2019-01-18 14:47:04,664 50 loss=0.013344515124229578
2019-01-18 14:47:04,664 
*** Major Checkpoint. Computing Stats and Saving
2019-01-18 14:47:04,664 	 Computing Major Stats lazily... 
2019-01-18 14:47:04,665 		 Completed edges=42 good=42 bad=0
2019-01-18 14:47:04,666 Distortion avg=0.10230545652193401 wc=1.424057955841398 me=1.171562642169062 mc=1.2155201135509575 nan_elements=0
2019-01-18 14:47:04,666 MAP = 1.0
2019-01-18 14:47:04,666 scale=[array([1.])]
2019-01-18 14:47:04,666 *** End Major Checkpoint

2019-01-18 14:47:04,666 final loss=0.013344515124229578
2019-01-18 14:47:04,666 best loss=0.013344515124229578, distortion=0.10230545652193401, map=1.0, wc_dist=1.424057955841398
2019-01-18 14:47:04,666 	 Computing Major Stats lazily... 
2019-01-18 14:47:04,667 		 Completed edges=42 good=42 bad=0
2019-01-18 14:47:04,668 Distortion avg=0.10230545652193401 wc=1.424057955841398 me=1.171562642169062 mc=1.2155201135509575 nan_elements=0
2019-01-18 14:47:04,668 MAP = 1.0
2019-01-18 14:47:04,668 scale=[array([1.])]
