2019-01-18 14:47:00,811 Commandline ['pytorch/pytorch_hyperbolic.py', 'learn', 'data/edges/parsing/ewt/ewt_dev/323.edges', '--dim', '0', '--hyp', '0', '--edim', '10', '--euc', '1', '--sdim', '0', '--sph', '0', '--log-name', 'ewt_devr2/323.edges.E10-1.lr1.log', '--batch-size', '65536', '--epochs', '50', '--checkpoint-freq', '10', '-g', '--subsample', '1024', '--learning-rate', '1']
2019-01-18 14:47:00,811 No Model Save selected!
2019-01-18 14:47:00,813 Loaded Graph data/edges/parsing/ewt/ewt_dev/323.edges with 9 nodes scale=1.0
2019-01-18 14:47:00,813 Building dataset
2019-01-18 14:47:00,813 Subsample: 9 points with scale 1.0 subsample=8
2019-01-18 14:47:00,820 Built Data Sampler
2019-01-18 14:47:00,821 Creating a fresh model warm_start?=None
2019-01-18 14:47:00,821 	 Warmstarting? None None 9
2019-01-18 14:47:00,821 Embedding() torch.Size([9, 10])
2019-01-18 14:47:00,821 relative No Rescale
2019-01-18 14:47:00,822 Constructed model with dim=0 and epochs=0 isnan=False
2019-01-18 14:47:00,822 SGD (
Parameter Group 0
    dampening: 0
    initial_lr: 0.1
    lr: 1.0
    momentum: 0.0
    nesterov: False
    weight_decay: 0

Parameter Group 1
    dampening: 0
    initial_lr: 0.1
    lr: 1.0
    momentum: 0.0
    nesterov: False
    weight_decay: 0

Parameter Group 2
    dampening: 0
    initial_lr: 0.1
    lr: 1.0
    momentum: 0.0
    nesterov: False
    weight_decay: 0

Parameter Group 3
    dampening: 0
    initial_lr: 0.0001
    lr: 0.001
    momentum: 0.0
    nesterov: False
    weight_decay: 0
)
2019-01-18 14:47:00,822 *** Initial Checkpoint. Computing Stats
2019-01-18 14:47:00,822 	 Computing Major Stats lazily... 
2019-01-18 14:47:00,823 		 Completed edges=72 good=72 bad=0
2019-01-18 14:47:00,825 Distortion avg=0.9976626217574712 wc=7.714832715821031 me=0.005628252251848828 mc=1370.7332881689483 nan_elements=0
2019-01-18 14:47:00,825 MAP = 0.3923721340388007
2019-01-18 14:47:00,825 scale=[array([1.])]
2019-01-18 14:47:00,825 *** End Initial Checkpoint

2019-01-18 14:47:00,883 1 loss=0.995332354161228
2019-01-18 14:47:00,883 2 loss=0.7429845733600021
2019-01-18 14:47:00,884 3 loss=0.5829786875180898
2019-01-18 14:47:00,884 4 loss=0.4857394791421297
2019-01-18 14:47:00,885 5 loss=0.42304068479906737
2019-01-18 14:47:00,885 6 loss=0.3795364604173051
2019-01-18 14:47:00,886 7 loss=0.3471365716296778
2019-01-18 14:47:00,886 8 loss=0.32152390500902084
2019-01-18 14:47:00,887 9 loss=0.3003303899534781
2019-01-18 14:47:00,887 10 loss=0.2822067570749642
2019-01-18 14:47:00,887 
*** Major Checkpoint. Computing Stats and Saving
2019-01-18 14:47:00,887 	 Computing Major Stats lazily... 
2019-01-18 14:47:00,888 		 Completed edges=72 good=72 bad=0
2019-01-18 14:47:00,889 Distortion avg=0.47959481677655613 wc=6.735455656911879 me=1.4147720050055614 mc=4.7608064289379275 nan_elements=0
2019-01-18 14:47:00,890 MAP = 0.3062610229276896
2019-01-18 14:47:00,890 scale=[array([1.])]
2019-01-18 14:47:00,890 *** End Major Checkpoint

2019-01-18 14:47:00,890 11 loss=0.2663469889827437
2019-01-18 14:47:00,891 12 loss=0.252242032800746
2019-01-18 14:47:00,891 13 loss=0.23955003659772295
2019-01-18 14:47:00,892 14 loss=0.22802674126882103
2019-01-18 14:47:00,892 15 loss=0.2174875024684944
2019-01-18 14:47:00,893 16 loss=0.2077862337056504
2019-01-18 14:47:00,893 17 loss=0.19880352188636718
2019-01-18 14:47:00,894 18 loss=0.19043975054545967
2019-01-18 14:47:00,894 19 loss=0.18261095834526206
2019-01-18 14:47:00,895 20 loss=0.17524618366044042
2019-01-18 14:47:00,895 
*** Major Checkpoint. Computing Stats and Saving
2019-01-18 14:47:00,895 	 Computing Major Stats lazily... 
2019-01-18 14:47:00,895 		 Completed edges=72 good=72 bad=0
2019-01-18 14:47:00,897 Distortion avg=0.37272514832630155 wc=5.352253990149343 me=1.433088217333002 mc=3.734769378056827 nan_elements=0
2019-01-18 14:47:00,897 MAP = 0.7046296296296296
2019-01-18 14:47:00,897 scale=[array([1.])]
2019-01-18 14:47:00,898 *** End Major Checkpoint

2019-01-18 14:47:00,898 21 loss=0.16828560956579422
2019-01-18 14:47:00,899 22 loss=0.16167913696069022
2019-01-18 14:47:00,899 23 loss=0.15538518807350973
2019-01-18 14:47:00,900 24 loss=0.1493696391592233
2019-01-18 14:47:00,900 25 loss=0.14360483407877292
2019-01-18 14:47:00,901 26 loss=0.13806865901858123
2019-01-18 14:47:00,901 27 loss=0.13274367373524146
2019-01-18 14:47:00,902 28 loss=0.12761630232871168
2019-01-18 14:47:00,902 29 loss=0.122676089808457
2019-01-18 14:47:00,903 30 loss=0.11791503129009676
2019-01-18 14:47:00,903 
*** Major Checkpoint. Computing Stats and Saving
2019-01-18 14:47:00,903 	 Computing Major Stats lazily... 
2019-01-18 14:47:00,903 		 Completed edges=72 good=72 bad=0
2019-01-18 14:47:00,905 Distortion avg=0.29647549343359014 wc=4.036779346746509 me=1.368176994928398 mc=2.9504803557654977 nan_elements=0
2019-01-18 14:47:00,905 MAP = 0.9444444444444444
2019-01-18 14:47:00,905 scale=[array([1.])]
2019-01-18 14:47:00,905 *** End Major Checkpoint

2019-01-18 14:47:00,905 31 loss=0.11332697949757302
2019-01-18 14:47:00,906 32 loss=0.10890713399503799
2019-01-18 14:47:00,907 33 loss=0.10465161275956747
2019-01-18 14:47:00,907 34 loss=0.10055710378593255
2019-01-18 14:47:00,908 35 loss=0.09662059176172344
2019-01-18 14:47:00,908 36 loss=0.09283915273174759
2019-01-18 14:47:00,909 37 loss=0.08920980823047492
2019-01-18 14:47:00,909 38 loss=0.0857294296311741
2019-01-18 14:47:00,910 39 loss=0.08239468337925132
2019-01-18 14:47:00,910 40 loss=0.07920200822419585
2019-01-18 14:47:00,910 
*** Major Checkpoint. Computing Stats and Saving
2019-01-18 14:47:00,910 	 Computing Major Stats lazily... 
2019-01-18 14:47:00,911 		 Completed edges=72 good=72 bad=0
2019-01-18 14:47:00,912 Distortion avg=0.2352818945438819 wc=3.1550760380341982 me=1.2813786572554378 mc=2.462251123170726 nan_elements=0
2019-01-18 14:47:00,912 MAP = 1.0
2019-01-18 14:47:00,912 scale=[array([1.])]
2019-01-18 14:47:00,912 *** End Major Checkpoint

2019-01-18 14:47:00,913 41 loss=0.07614761639094055
2019-01-18 14:47:00,913 42 loss=0.07322751168812765
2019-01-18 14:47:00,914 43 loss=0.07043751870626498
2019-01-18 14:47:00,914 44 loss=0.06777331840921223
2019-01-18 14:47:00,915 45 loss=0.06523048649442098
2019-01-18 14:47:00,915 46 loss=0.0628045318457533
2019-01-18 14:47:00,916 47 loss=0.06049093320591365
2019-01-18 14:47:00,916 48 loss=0.058285172849596875
2019-01-18 14:47:00,917 49 loss=0.05618276655146762
2019-01-18 14:47:00,917 50 loss=0.054179289530292
2019-01-18 14:47:00,917 
*** Major Checkpoint. Computing Stats and Saving
2019-01-18 14:47:00,917 	 Computing Major Stats lazily... 
2019-01-18 14:47:00,918 		 Completed edges=72 good=72 bad=0
2019-01-18 14:47:00,919 Distortion avg=0.18887762975099476 wc=2.632519745978091 me=1.225169061989756 mc=2.148699169486621 nan_elements=0
2019-01-18 14:47:00,919 MAP = 1.0
2019-01-18 14:47:00,920 scale=[array([1.])]
2019-01-18 14:47:00,920 *** End Major Checkpoint

2019-01-18 14:47:00,920 final loss=0.054179289530292
2019-01-18 14:47:00,920 best loss=0.054179289530292, distortion=0.18887762975099476, map=1.0, wc_dist=2.632519745978091
2019-01-18 14:47:00,920 	 Computing Major Stats lazily... 
2019-01-18 14:47:00,920 		 Completed edges=72 good=72 bad=0
2019-01-18 14:47:00,922 Distortion avg=0.18887762975099476 wc=2.632519745978091 me=1.225169061989756 mc=2.148699169486621 nan_elements=0
2019-01-18 14:47:00,922 MAP = 1.0
2019-01-18 14:47:00,922 scale=[array([1.])]
