2019-01-18 15:11:16,652 Commandline ['pytorch/pytorch_hyperbolic.py', 'learn', 'data/edges/parsing/ewt/ewt_dev/328.edges', '--dim', '0', '--hyp', '0', '--edim', '10', '--euc', '1', '--sdim', '0', '--sph', '0', '--log-name', 'ewt_devr2/328.edges.E10-1.lr1.log', '--batch-size', '65536', '--epochs', '50', '--checkpoint-freq', '10', '-g', '--subsample', '1024', '--learning-rate', '1']
2019-01-18 15:11:16,653 No Model Save selected!
2019-01-18 15:11:16,654 Loaded Graph data/edges/parsing/ewt/ewt_dev/328.edges with 20 nodes scale=1.0
2019-01-18 15:11:16,655 Building dataset
2019-01-18 15:11:16,655 Subsample: 20 points with scale 1.0 subsample=19
2019-01-18 15:11:16,677 Built Data Sampler
2019-01-18 15:11:16,677 Creating a fresh model warm_start?=None
2019-01-18 15:11:16,677 	 Warmstarting? None None 20
2019-01-18 15:11:16,678 Embedding() torch.Size([20, 10])
2019-01-18 15:11:16,678 relative No Rescale
2019-01-18 15:11:16,678 Constructed model with dim=0 and epochs=0 isnan=False
2019-01-18 15:11:16,678 SGD (
Parameter Group 0
    dampening: 0
    initial_lr: 0.1
    lr: 1.0
    momentum: 0.0
    nesterov: False
    weight_decay: 0

Parameter Group 1
    dampening: 0
    initial_lr: 0.1
    lr: 1.0
    momentum: 0.0
    nesterov: False
    weight_decay: 0

Parameter Group 2
    dampening: 0
    initial_lr: 0.1
    lr: 1.0
    momentum: 0.0
    nesterov: False
    weight_decay: 0

Parameter Group 3
    dampening: 0
    initial_lr: 0.0001
    lr: 0.001
    momentum: 0.0
    nesterov: False
    weight_decay: 0
)
2019-01-18 15:11:16,679 *** Initial Checkpoint. Computing Stats
2019-01-18 15:11:16,679 	 Computing Major Stats lazily... 
2019-01-18 15:11:16,681 		 Completed edges=380 good=380 bad=0
2019-01-18 15:11:16,684 Distortion avg=0.9982264398630865 wc=11.347226198060156 me=0.005941110731069004 mc=1909.9502957788518 nan_elements=0
2019-01-18 15:11:16,684 MAP = 0.1640448128889637
2019-01-18 15:11:16,685 scale=[array([1.])]
2019-01-18 15:11:16,685 *** End Initial Checkpoint

2019-01-18 15:11:16,744 1 loss=0.9964572696797672
2019-01-18 15:11:16,745 2 loss=0.9267532781732848
2019-01-18 15:11:16,746 3 loss=0.8630200395708402
2019-01-18 15:11:16,747 4 loss=0.8066638416003564
2019-01-18 15:11:16,747 5 loss=0.7569116698640893
2019-01-18 15:11:16,748 6 loss=0.7129015457560314
2019-01-18 15:11:16,749 7 loss=0.6738500428235308
2019-01-18 15:11:16,750 8 loss=0.639075544069482
2019-01-18 15:11:16,751 9 loss=0.6079937544063623
2019-01-18 15:11:16,751 10 loss=0.5801066659877236
2019-01-18 15:11:16,752 
*** Major Checkpoint. Computing Stats and Saving
2019-01-18 15:11:16,752 	 Computing Major Stats lazily... 
2019-01-18 15:11:16,753 		 Completed edges=380 good=380 bad=0
2019-01-18 15:11:16,757 Distortion avg=0.714144471487766 wc=16.884886639740255 me=1.1061830790472469 mc=15.26409774255738 nan_elements=0
2019-01-18 15:11:16,757 MAP = 0.09184586679721576
2019-01-18 15:11:16,757 scale=[array([1.])]
2019-01-18 15:11:16,757 *** End Major Checkpoint

2019-01-18 15:11:16,758 11 loss=0.5549906225958767
2019-01-18 15:11:16,759 12 loss=0.5322852158930186
2019-01-18 15:11:16,760 13 loss=0.5116835089530207
2019-01-18 15:11:16,761 14 loss=0.4929236433557093
2019-01-18 15:11:16,762 15 loss=0.47578172711614236
2019-01-18 15:11:16,762 16 loss=0.46006585021747637
2019-01-18 15:11:16,763 17 loss=0.4456110680119734
2019-01-18 15:11:16,764 18 loss=0.43227520381935935
2019-01-18 15:11:16,765 19 loss=0.4199353392654335
2019-01-18 15:11:16,765 20 loss=0.4084848792356586
2019-01-18 15:11:16,766 
*** Major Checkpoint. Computing Stats and Saving
2019-01-18 15:11:16,766 	 Computing Major Stats lazily... 
2019-01-18 15:11:16,767 		 Completed edges=380 good=380 bad=0
2019-01-18 15:11:16,771 Distortion avg=0.6001766448136703 wc=13.00753852590095 me=1.4136246012701268 mc=9.20155076122318 nan_elements=0
2019-01-18 15:11:16,771 MAP = 0.09960141115395982
2019-01-18 15:11:16,771 scale=[array([1.])]
2019-01-18 15:11:16,771 *** End Major Checkpoint

2019-01-18 15:11:16,772 21 loss=0.39783109560702506
2019-01-18 15:11:16,773 22 loss=0.3878930693362038
2019-01-18 15:11:16,774 23 loss=0.37859996381487315
2019-01-18 15:11:16,775 24 loss=0.3698895737301284
2019-01-18 15:11:16,775 25 loss=0.3617071031837397
2019-01-18 15:11:16,776 26 loss=0.3540041347610989
2019-01-18 15:11:16,777 27 loss=0.34673775783017546
2019-01-18 15:11:16,778 28 loss=0.3398698298051605
2019-01-18 15:11:16,778 29 loss=0.33336634861601705
2019-01-18 15:11:16,779 30 loss=0.3271969183448252
2019-01-18 15:11:16,779 
*** Major Checkpoint. Computing Stats and Saving
2019-01-18 15:11:16,779 	 Computing Major Stats lazily... 
2019-01-18 15:11:16,781 		 Completed edges=380 good=380 bad=0
2019-01-18 15:11:16,784 Distortion avg=0.5370391778398439 wc=11.242938699187052 me=1.5656028551299477 mc=7.181220104669437 nan_elements=0
2019-01-18 15:11:16,784 MAP = 0.12164513386428469
2019-01-18 15:11:16,785 scale=[array([1.])]
2019-01-18 15:11:16,785 *** End Major Checkpoint

2019-01-18 15:11:16,785 31 loss=0.3213342930587369
2019-01-18 15:11:16,786 32 loss=0.31575398640152147
2019-01-18 15:11:16,787 33 loss=0.3104339365957576
2019-01-18 15:11:16,788 34 loss=0.30535421823402
2019-01-18 15:11:16,788 35 loss=0.30049679366447274
2019-01-18 15:11:16,789 36 loss=0.2958452979571753
2019-01-18 15:11:16,790 37 loss=0.2913848524157193
2019-01-18 15:11:16,791 38 loss=0.28710190241033245
2019-01-18 15:11:16,792 39 loss=0.2829840759826319
2019-01-18 15:11:16,793 40 loss=0.2790200602328773
2019-01-18 15:11:16,793 
*** Major Checkpoint. Computing Stats and Saving
2019-01-18 15:11:16,793 	 Computing Major Stats lazily... 
2019-01-18 15:11:16,795 		 Completed edges=380 good=380 bad=0
2019-01-18 15:11:16,798 Distortion avg=0.4887962636345217 wc=10.269249624501551 me=1.6609008821767064 mc=6.18293947260905 nan_elements=0
2019-01-18 15:11:16,798 MAP = 0.1609910840793194
2019-01-18 15:11:16,798 scale=[array([1.])]
2019-01-18 15:11:16,798 *** End Major Checkpoint

2019-01-18 15:11:16,799 41 loss=0.2751994929676342
2019-01-18 15:11:16,800 42 loss=0.27151286747542525
2019-01-18 15:11:16,801 43 loss=0.2679514486235904
2019-01-18 15:11:16,801 44 loss=0.26450719874216166
2019-01-18 15:11:16,802 45 loss=0.2611727119891274
2019-01-18 15:11:16,803 46 loss=0.25794115608347323
2019-01-18 15:11:16,804 47 loss=0.25480622045399093
2019-01-18 15:11:16,804 48 loss=0.2517620699881224
2019-01-18 15:11:16,805 49 loss=0.24880330368025427
2019-01-18 15:11:16,806 50 loss=0.2459249175763824
2019-01-18 15:11:16,806 
*** Major Checkpoint. Computing Stats and Saving
2019-01-18 15:11:16,806 	 Computing Major Stats lazily... 
2019-01-18 15:11:16,808 		 Completed edges=380 good=380 bad=0
2019-01-18 15:11:16,811 Distortion avg=0.4521858716185764 wc=9.52277209220911 me=1.7038381307117274 mc=5.589012195795417 nan_elements=0
2019-01-18 15:11:16,811 MAP = 0.23384694868623437
2019-01-18 15:11:16,811 scale=[array([1.])]
2019-01-18 15:11:16,811 *** End Major Checkpoint

2019-01-18 15:11:16,811 final loss=0.2459249175763824
2019-01-18 15:11:16,811 best loss=0.2459249175763824, distortion=0.4521858716185764, map=0.23384694868623437, wc_dist=9.52277209220911
2019-01-18 15:11:16,811 	 Computing Major Stats lazily... 
2019-01-18 15:11:16,813 		 Completed edges=380 good=380 bad=0
2019-01-18 15:11:16,816 Distortion avg=0.4521858716185765 wc=9.52277209220911 me=1.7038381307117274 mc=5.589012195795417 nan_elements=0
2019-01-18 15:11:16,816 MAP = 0.23384694868623437
2019-01-18 15:11:16,817 scale=[array([1.])]
