2019-01-18 14:53:18,390 Commandline ['pytorch/pytorch_hyperbolic.py', 'learn', 'data/edges/parsing/ewt/ewt_dev/33.edges', '--dim', '0', '--hyp', '0', '--edim', '10', '--euc', '1', '--sdim', '0', '--sph', '0', '--log-name', 'ewt_devr2/33.edges.E10-1.lr1.log', '--batch-size', '65536', '--epochs', '50', '--checkpoint-freq', '10', '-g', '--subsample', '1024', '--learning-rate', '1']
2019-01-18 14:53:18,391 No Model Save selected!
2019-01-18 14:53:18,392 Loaded Graph data/edges/parsing/ewt/ewt_dev/33.edges with 15 nodes scale=1.0
2019-01-18 14:53:18,392 Building dataset
2019-01-18 14:53:18,393 Subsample: 15 points with scale 1.0 subsample=14
2019-01-18 14:53:18,407 Built Data Sampler
2019-01-18 14:53:18,407 Creating a fresh model warm_start?=None
2019-01-18 14:53:18,407 	 Warmstarting? None None 15
2019-01-18 14:53:18,408 Embedding() torch.Size([15, 10])
2019-01-18 14:53:18,408 relative No Rescale
2019-01-18 14:53:18,408 Constructed model with dim=0 and epochs=0 isnan=False
2019-01-18 14:53:18,408 SGD (
Parameter Group 0
    dampening: 0
    initial_lr: 0.1
    lr: 1.0
    momentum: 0.0
    nesterov: False
    weight_decay: 0

Parameter Group 1
    dampening: 0
    initial_lr: 0.1
    lr: 1.0
    momentum: 0.0
    nesterov: False
    weight_decay: 0

Parameter Group 2
    dampening: 0
    initial_lr: 0.1
    lr: 1.0
    momentum: 0.0
    nesterov: False
    weight_decay: 0

Parameter Group 3
    dampening: 0
    initial_lr: 0.0001
    lr: 0.001
    momentum: 0.0
    nesterov: False
    weight_decay: 0
)
2019-01-18 14:53:18,408 *** Initial Checkpoint. Computing Stats
2019-01-18 14:53:18,408 	 Computing Major Stats lazily... 
2019-01-18 14:53:18,410 		 Completed edges=210 good=210 bad=0
2019-01-18 14:53:18,412 Distortion avg=0.9981654166932928 wc=8.813575827253276 me=0.005628252251848828 mc=1565.9525253790996 nan_elements=0
2019-01-18 14:53:18,412 MAP = 0.2912681762681763
2019-01-18 14:53:18,413 scale=[array([1.])]
2019-01-18 14:53:18,413 *** End Initial Checkpoint

2019-01-18 14:53:18,475 1 loss=0.9963354616048473
2019-01-18 14:53:18,476 2 loss=0.8958076160439806
2019-01-18 14:53:18,476 3 loss=0.807687265929586
2019-01-18 14:53:18,477 4 loss=0.7343751628045897
2019-01-18 14:53:18,477 5 loss=0.6736052356276991
2019-01-18 14:53:18,478 6 loss=0.6230540331470815
2019-01-18 14:53:18,479 7 loss=0.5807459099602971
2019-01-18 14:53:18,479 8 loss=0.5450726304474216
2019-01-18 14:53:18,480 9 loss=0.5147453541556196
2019-01-18 14:53:18,481 10 loss=0.48873771834822544
2019-01-18 14:53:18,481 
*** Major Checkpoint. Computing Stats and Saving
2019-01-18 14:53:18,481 	 Computing Major Stats lazily... 
2019-01-18 14:53:18,482 		 Completed edges=210 good=210 bad=0
2019-01-18 14:53:18,484 Distortion avg=0.635689882279708 wc=13.109883761896725 me=1.2939424158488408 mc=10.131736622372406 nan_elements=0
2019-01-18 14:53:18,484 MAP = 0.1298407610907611
2019-01-18 14:53:18,484 scale=[array([1.])]
2019-01-18 14:53:18,485 *** End Major Checkpoint

2019-01-18 14:53:18,485 11 loss=0.4662341925718329
2019-01-18 14:53:18,486 12 loss=0.4465867828450376
2019-01-18 14:53:18,486 13 loss=0.42927992398463816
2019-01-18 14:53:18,487 14 loss=0.413902475696073
2019-01-18 14:53:18,488 15 loss=0.4001255806266079
2019-01-18 14:53:18,488 16 loss=0.3876852414572999
2019-01-18 14:53:18,489 17 loss=0.3763686459609107
2019-01-18 14:53:18,489 18 loss=0.36600344573834764
2019-01-18 14:53:18,490 19 loss=0.35644935217172935
2019-01-18 14:53:18,491 20 loss=0.3475915456611818
2019-01-18 14:53:18,491 
*** Major Checkpoint. Computing Stats and Saving
2019-01-18 14:53:18,491 	 Computing Major Stats lazily... 
2019-01-18 14:53:18,492 		 Completed edges=210 good=210 bad=0
2019-01-18 14:53:18,494 Distortion avg=0.5526560533100657 wc=9.092203571293602 me=1.4968878986548482 mc=6.074071130820251 nan_elements=0
2019-01-18 14:53:18,494 MAP = 0.1645836108336108
2019-01-18 14:53:18,494 scale=[array([1.])]
2019-01-18 14:53:18,494 *** End Major Checkpoint

2019-01-18 14:53:18,495 21 loss=0.339335502013261
2019-01-18 14:53:18,496 22 loss=0.33160292594723145
2019-01-18 14:53:18,497 23 loss=0.32432854969019664
2019-01-18 14:53:18,497 24 loss=0.31745760797323375
2019-01-18 14:53:18,498 25 loss=0.31094384239798
2019-01-18 14:53:18,499 26 loss=0.3047479205898075
2019-01-18 14:53:18,499 27 loss=0.2988361807893898
2019-01-18 14:53:18,500 28 loss=0.2931796321497214
2019-01-18 14:53:18,500 29 loss=0.2877531562525441
2019-01-18 14:53:18,501 30 loss=0.2825348672153409
2019-01-18 14:53:18,501 
*** Major Checkpoint. Computing Stats and Saving
2019-01-18 14:53:18,501 	 Computing Major Stats lazily... 
2019-01-18 14:53:18,502 		 Completed edges=210 good=210 bad=0
2019-01-18 14:53:18,505 Distortion avg=0.4930760897387809 wc=7.802092154326908 me=1.614568742454078 mc=4.8323071970711196 nan_elements=0
2019-01-18 14:53:18,505 MAP = 0.24850182225182227
2019-01-18 14:53:18,505 scale=[array([1.])]
2019-01-18 14:53:18,505 *** End Major Checkpoint

2019-01-18 14:53:18,506 31 loss=0.27750559698909094
2019-01-18 14:53:18,506 32 loss=0.2726484796385589
2019-01-18 14:53:18,507 33 loss=0.2679486140084578
2019-01-18 14:53:18,507 34 loss=0.26339278856421794
2019-01-18 14:53:18,508 35 loss=0.258969255628976
2019-01-18 14:53:18,508 36 loss=0.2546675449304246
2019-01-18 14:53:18,509 37 loss=0.2504783084861502
2019-01-18 14:53:18,510 38 loss=0.246393190520911
2019-01-18 14:53:18,510 39 loss=0.24240471742234557
2019-01-18 14:53:18,511 40 loss=0.23850620377923848
2019-01-18 14:53:18,511 
*** Major Checkpoint. Computing Stats and Saving
2019-01-18 14:53:18,511 	 Computing Major Stats lazily... 
2019-01-18 14:53:18,512 		 Completed edges=210 good=210 bad=0
2019-01-18 14:53:18,515 Distortion avg=0.44526888014563554 wc=6.8082363129745955 me=1.6329282921025512 mc=4.1693418785759055 nan_elements=0
2019-01-18 14:53:18,515 MAP = 0.45857383357383363
2019-01-18 14:53:18,515 scale=[array([1.])]
2019-01-18 14:53:18,515 *** End Major Checkpoint

2019-01-18 14:53:18,516 41 loss=0.23469167136804148
2019-01-18 14:53:18,516 42 loss=0.23095577860506364
2019-01-18 14:53:18,517 43 loss=0.22729375849959416
2019-01-18 14:53:18,517 44 loss=0.22370136355528045
2019-01-18 14:53:18,518 45 loss=0.22017481639530856
2019-01-18 14:53:18,519 46 loss=0.21671076514847512
2019-01-18 14:53:18,519 47 loss=0.2133062428415695
2019-01-18 14:53:18,520 48 loss=0.20995863020916913
2019-01-18 14:53:18,520 49 loss=0.2066656214633286
2019-01-18 14:53:18,521 50 loss=0.20342519266931636
2019-01-18 14:53:18,521 
*** Major Checkpoint. Computing Stats and Saving
2019-01-18 14:53:18,521 	 Computing Major Stats lazily... 
2019-01-18 14:53:18,522 		 Completed edges=210 good=210 bad=0
2019-01-18 14:53:18,524 Distortion avg=0.4047722998618497 wc=6.293247431234815 me=1.6208362597879191 mc=3.8827163405501954 nan_elements=0
2019-01-18 14:53:18,525 MAP = 0.6954365079365079
2019-01-18 14:53:18,525 scale=[array([1.])]
2019-01-18 14:53:18,525 *** End Major Checkpoint

2019-01-18 14:53:18,525 final loss=0.20342519266931636
2019-01-18 14:53:18,525 best loss=0.20342519266931636, distortion=0.4047722998618497, map=0.6954365079365079, wc_dist=6.293247431234815
2019-01-18 14:53:18,525 	 Computing Major Stats lazily... 
2019-01-18 14:53:18,526 		 Completed edges=210 good=210 bad=0
2019-01-18 14:53:18,528 Distortion avg=0.4047722998618496 wc=6.293247431234815 me=1.6208362597879191 mc=3.8827163405501954 nan_elements=0
2019-01-18 14:53:18,528 MAP = 0.6954365079365078
2019-01-18 14:53:18,529 scale=[array([1.])]
