2019-01-18 14:48:11,069 Commandline ['pytorch/pytorch_hyperbolic.py', 'learn', 'data/edges/parsing/ewt/ewt_dev/331.edges', '--dim', '0', '--hyp', '0', '--edim', '10', '--euc', '1', '--sdim', '0', '--sph', '0', '--log-name', 'ewt_devr2/331.edges.E10-1.lr1.log', '--batch-size', '65536', '--epochs', '50', '--checkpoint-freq', '10', '-g', '--subsample', '1024', '--learning-rate', '1']
2019-01-18 14:48:11,069 No Model Save selected!
2019-01-18 14:48:11,071 Loaded Graph data/edges/parsing/ewt/ewt_dev/331.edges with 23 nodes scale=1.0
2019-01-18 14:48:11,071 Building dataset
2019-01-18 14:48:11,071 Subsample: 23 points with scale 1.0 subsample=22
2019-01-18 14:48:11,098 Built Data Sampler
2019-01-18 14:48:11,098 Creating a fresh model warm_start?=None
2019-01-18 14:48:11,098 	 Warmstarting? None None 23
2019-01-18 14:48:11,098 Embedding() torch.Size([23, 10])
2019-01-18 14:48:11,098 relative No Rescale
2019-01-18 14:48:11,099 Constructed model with dim=0 and epochs=0 isnan=False
2019-01-18 14:48:11,099 SGD (
Parameter Group 0
    dampening: 0
    initial_lr: 0.1
    lr: 1.0
    momentum: 0.0
    nesterov: False
    weight_decay: 0

Parameter Group 1
    dampening: 0
    initial_lr: 0.1
    lr: 1.0
    momentum: 0.0
    nesterov: False
    weight_decay: 0

Parameter Group 2
    dampening: 0
    initial_lr: 0.1
    lr: 1.0
    momentum: 0.0
    nesterov: False
    weight_decay: 0

Parameter Group 3
    dampening: 0
    initial_lr: 0.0001
    lr: 0.001
    momentum: 0.0
    nesterov: False
    weight_decay: 0
)
2019-01-18 14:48:11,099 *** Initial Checkpoint. Computing Stats
2019-01-18 14:48:11,099 	 Computing Major Stats lazily... 
2019-01-18 14:48:11,102 		 Completed edges=506 good=506 bad=0
2019-01-18 14:48:11,105 Distortion avg=0.9982740356107104 wc=17.40913121703257 me=0.006196519622161948 mc=2809.5015070667323 nan_elements=0
2019-01-18 14:48:11,105 MAP = 0.1919499839349415
2019-01-18 14:48:11,106 scale=[array([1.])]
2019-01-18 14:48:11,106 *** End Initial Checkpoint

2019-01-18 14:48:11,163 1 loss=0.9965521515731253
2019-01-18 14:48:11,164 2 loss=0.9395254664478949
2019-01-18 14:48:11,165 3 loss=0.88595349937191
2019-01-18 14:48:11,166 4 loss=0.8373553438406696
2019-01-18 14:48:11,167 5 loss=0.7934151795343662
2019-01-18 14:48:11,168 6 loss=0.7536643436114405
2019-01-18 14:48:11,168 7 loss=0.7176423998451973
2019-01-18 14:48:11,169 8 loss=0.6849286329097478
2019-01-18 14:48:11,170 9 loss=0.6551477612165055
2019-01-18 14:48:11,171 10 loss=0.627968405655781
2019-01-18 14:48:11,171 
*** Major Checkpoint. Computing Stats and Saving
2019-01-18 14:48:11,171 	 Computing Major Stats lazily... 
2019-01-18 14:48:11,173 		 Completed edges=506 good=506 bad=0
2019-01-18 14:48:11,177 Distortion avg=0.7544609798246391 wc=17.325672292295582 me=1.061485298349418 mc=16.322102924304794 nan_elements=0
2019-01-18 14:48:11,177 MAP = 0.0850500043079077
2019-01-18 14:48:11,177 scale=[array([1.])]
2019-01-18 14:48:11,177 *** End Major Checkpoint

2019-01-18 14:48:11,179 11 loss=0.6030993206166088
2019-01-18 14:48:11,179 12 loss=0.5802850725034514
2019-01-18 14:48:11,180 13 loss=0.559301798249791
2019-01-18 14:48:11,181 14 loss=0.5399532840945672
2019-01-18 14:48:11,182 15 loss=0.5220674432135519
2019-01-18 14:48:11,183 16 loss=0.5054932005563664
2019-01-18 14:48:11,183 17 loss=0.4900977626776602
2019-01-18 14:48:11,184 18 loss=0.47576423808492624
2019-01-18 14:48:11,185 19 loss=0.46238957008527665
2019-01-18 14:48:11,186 20 loss=0.44988274475095325
2019-01-18 14:48:11,186 
*** Major Checkpoint. Computing Stats and Saving
2019-01-18 14:48:11,186 	 Computing Major Stats lazily... 
2019-01-18 14:48:11,188 		 Completed edges=506 good=506 bad=0
2019-01-18 14:48:11,192 Distortion avg=0.6330014568602935 wc=13.278505162667617 me=1.446176387591366 mc=9.181801941036541 nan_elements=0
2019-01-18 14:48:11,192 MAP = 0.08824694040900317
2019-01-18 14:48:11,192 scale=[array([1.])]
2019-01-18 14:48:11,192 *** End Major Checkpoint

2019-01-18 14:48:11,193 21 loss=0.4381632391825307
2019-01-18 14:48:11,194 22 loss=0.42715967858140885
2019-01-18 14:48:11,195 23 loss=0.41680867416036166
2019-01-18 14:48:11,196 24 loss=0.40705381732590806
2019-01-18 14:48:11,196 25 loss=0.39784480871829486
2019-01-18 14:48:11,197 26 loss=0.3891367035372762
2019-01-18 14:48:11,198 27 loss=0.38088925710309623
2019-01-18 14:48:11,199 28 loss=0.37306635681409944
2019-01-18 14:48:11,200 29 loss=0.3656355285887114
2019-01-18 14:48:11,200 30 loss=0.35856750754826455
2019-01-18 14:48:11,200 
*** Major Checkpoint. Computing Stats and Saving
2019-01-18 14:48:11,201 	 Computing Major Stats lazily... 
2019-01-18 14:48:11,203 		 Completed edges=506 good=506 bad=0
2019-01-18 14:48:11,206 Distortion avg=0.5674400458119108 wc=10.643591039409008 me=1.550147716867156 mc=6.866178573561799 nan_elements=0
2019-01-18 14:48:11,206 MAP = 0.10724160927966479
2019-01-18 14:48:11,206 scale=[array([1.])]
2019-01-18 14:48:11,206 *** End Major Checkpoint

2019-01-18 14:48:11,207 31 loss=0.35183586413741724
2019-01-18 14:48:11,208 32 loss=0.34541667811872073
2019-01-18 14:48:11,209 33 loss=0.3392882539431567
2019-01-18 14:48:11,210 34 loss=0.33343087191260323
2019-01-18 14:48:11,211 35 loss=0.3278265703339825
2019-01-18 14:48:11,211 36 loss=0.32245895453652007
2019-01-18 14:48:11,212 37 loss=0.31731302919906235
2019-01-18 14:48:11,213 38 loss=0.31237505092747175
2019-01-18 14:48:11,214 39 loss=0.30763239844466245
2019-01-18 14:48:11,215 40 loss=0.3030734581180445
2019-01-18 14:48:11,215 
*** Major Checkpoint. Computing Stats and Saving
2019-01-18 14:48:11,215 	 Computing Major Stats lazily... 
2019-01-18 14:48:11,217 		 Completed edges=506 good=506 bad=0
2019-01-18 14:48:11,221 Distortion avg=0.5156728103970131 wc=9.560489643345576 me=1.670704492616672 mc=5.722430080002869 nan_elements=0
2019-01-18 14:48:11,221 MAP = 0.15378736993153472
2019-01-18 14:48:11,221 scale=[array([1.])]
2019-01-18 14:48:11,221 *** End Major Checkpoint

2019-01-18 14:48:11,222 41 loss=0.29868752285977457
2019-01-18 14:48:11,222 42 loss=0.2944647027017453
2019-01-18 14:48:11,223 43 loss=0.2903958455761041
2019-01-18 14:48:11,224 44 loss=0.28647246702873197
2019-01-18 14:48:11,225 45 loss=0.2826866877622064
2019-01-18 14:48:11,226 46 loss=0.2790311780502973
2019-01-18 14:48:11,226 47 loss=0.2754991081914136
2019-01-18 14:48:11,227 48 loss=0.27208410427649693
2019-01-18 14:48:11,228 49 loss=0.2687802086401524
2019-01-18 14:48:11,229 50 loss=0.2655818444444018
2019-01-18 14:48:11,229 
*** Major Checkpoint. Computing Stats and Saving
2019-01-18 14:48:11,229 	 Computing Major Stats lazily... 
2019-01-18 14:48:11,231 		 Completed edges=506 good=506 bad=0
2019-01-18 14:48:11,234 Distortion avg=0.4734195211498099 wc=9.028180562290913 me=1.7895816275429566 mc=5.044855413880361 nan_elements=0
2019-01-18 14:48:11,235 MAP = 0.1843098722635961
2019-01-18 14:48:11,235 scale=[array([1.])]
2019-01-18 14:48:11,235 *** End Major Checkpoint

2019-01-18 14:48:11,235 final loss=0.2655818444444018
2019-01-18 14:48:11,235 best loss=0.2655818444444018, distortion=0.4734195211498099, map=0.1843098722635961, wc_dist=9.028180562290913
2019-01-18 14:48:11,235 	 Computing Major Stats lazily... 
2019-01-18 14:48:11,238 		 Completed edges=506 good=506 bad=0
2019-01-18 14:48:11,241 Distortion avg=0.47341952114980984 wc=9.028180562290913 me=1.7895816275429566 mc=5.044855413880361 nan_elements=0
2019-01-18 14:48:11,241 MAP = 0.1843098722635961
2019-01-18 14:48:11,241 scale=[array([1.])]
