2019-01-18 15:07:24,632 Commandline ['pytorch/pytorch_hyperbolic.py', 'learn', 'data/edges/parsing/ewt/ewt_dev/333.edges', '--dim', '0', '--hyp', '0', '--edim', '10', '--euc', '1', '--sdim', '0', '--sph', '0', '--log-name', 'ewt_devr2/333.edges.E10-1.lr1.log', '--batch-size', '65536', '--epochs', '50', '--checkpoint-freq', '10', '-g', '--subsample', '1024', '--learning-rate', '1']
2019-01-18 15:07:24,632 No Model Save selected!
2019-01-18 15:07:24,634 Loaded Graph data/edges/parsing/ewt/ewt_dev/333.edges with 10 nodes scale=1.0
2019-01-18 15:07:24,634 Building dataset
2019-01-18 15:07:24,634 Subsample: 10 points with scale 1.0 subsample=9
2019-01-18 15:07:24,642 Built Data Sampler
2019-01-18 15:07:24,642 Creating a fresh model warm_start?=None
2019-01-18 15:07:24,642 	 Warmstarting? None None 10
2019-01-18 15:07:24,643 Embedding() torch.Size([10, 10])
2019-01-18 15:07:24,643 relative No Rescale
2019-01-18 15:07:24,643 Constructed model with dim=0 and epochs=0 isnan=False
2019-01-18 15:07:24,644 SGD (
Parameter Group 0
    dampening: 0
    initial_lr: 0.1
    lr: 1.0
    momentum: 0.0
    nesterov: False
    weight_decay: 0

Parameter Group 1
    dampening: 0
    initial_lr: 0.1
    lr: 1.0
    momentum: 0.0
    nesterov: False
    weight_decay: 0

Parameter Group 2
    dampening: 0
    initial_lr: 0.1
    lr: 1.0
    momentum: 0.0
    nesterov: False
    weight_decay: 0

Parameter Group 3
    dampening: 0
    initial_lr: 0.0001
    lr: 0.001
    momentum: 0.0
    nesterov: False
    weight_decay: 0
)
2019-01-18 15:07:24,644 *** Initial Checkpoint. Computing Stats
2019-01-18 15:07:24,644 	 Computing Major Stats lazily... 
2019-01-18 15:07:24,645 		 Completed edges=90 good=90 bad=0
2019-01-18 15:07:24,646 Distortion avg=0.9975988429249998 wc=8.195239200307523 me=0.005632134115413149 mc=1455.0859465295875 nan_elements=0
2019-01-18 15:07:24,647 MAP = 0.23845238095238094
2019-01-18 15:07:24,647 scale=[array([1.])]
2019-01-18 15:07:24,647 *** End Initial Checkpoint

2019-01-18 15:07:24,704 1 loss=0.9952053159189593
2019-01-18 15:07:24,705 2 loss=0.770131849232952
2019-01-18 15:07:24,706 3 loss=0.6190237499120657
2019-01-18 15:07:24,706 4 loss=0.5211956011590426
2019-01-18 15:07:24,707 5 loss=0.4549158870764367
2019-01-18 15:07:24,707 6 loss=0.4073887038638719
2019-01-18 15:07:24,708 7 loss=0.37133663472217515
2019-01-18 15:07:24,708 8 loss=0.34261068890350205
2019-01-18 15:07:24,709 9 loss=0.318808709744505
2019-01-18 15:07:24,709 10 loss=0.2985049229886355
2019-01-18 15:07:24,709 
*** Major Checkpoint. Computing Stats and Saving
2019-01-18 15:07:24,709 	 Computing Major Stats lazily... 
2019-01-18 15:07:24,710 		 Completed edges=90 good=90 bad=0
2019-01-18 15:07:24,711 Distortion avg=0.5004985736163692 wc=6.521639597430983 me=1.3577484969272497 mc=4.803275136883045 nan_elements=0
2019-01-18 15:07:24,712 MAP = 0.19747023809523806
2019-01-18 15:07:24,712 scale=[array([1.])]
2019-01-18 15:07:24,712 *** End Major Checkpoint

2019-01-18 15:07:24,712 11 loss=0.2808236535080148
2019-01-18 15:07:24,713 12 loss=0.26520315957240503
2019-01-18 15:07:24,713 13 loss=0.2512641191127459
2019-01-18 15:07:24,714 14 loss=0.23873587966794801
2019-01-18 15:07:24,714 15 loss=0.2274147591527359
2019-01-18 15:07:24,715 16 loss=0.21714023132096974
2019-01-18 15:07:24,715 17 loss=0.20778113664854275
2019-01-18 15:07:24,716 18 loss=0.1992275263642401
2019-01-18 15:07:24,716 19 loss=0.19138567105395735
2019-01-18 15:07:24,717 20 loss=0.18417484400665335
2019-01-18 15:07:24,717 
*** Major Checkpoint. Computing Stats and Saving
2019-01-18 15:07:24,717 	 Computing Major Stats lazily... 
2019-01-18 15:07:24,718 		 Completed edges=90 good=90 bad=0
2019-01-18 15:07:24,719 Distortion avg=0.387679254590968 wc=4.730912606278753 me=1.4320586339620522 mc=3.303574654055762 nan_elements=0
2019-01-18 15:07:24,719 MAP = 0.48748015873015876
2019-01-18 15:07:24,720 scale=[array([1.])]
2019-01-18 15:07:24,720 *** End Major Checkpoint

2019-01-18 15:07:24,720 21 loss=0.17752510040725852
2019-01-18 15:07:24,721 22 loss=0.17137562172744633
2019-01-18 15:07:24,721 23 loss=0.1656733930571941
2019-01-18 15:07:24,722 24 loss=0.16037209276362382
2019-01-18 15:07:24,722 25 loss=0.15543113482395599
2019-01-18 15:07:24,723 26 loss=0.15081483558989403
2019-01-18 15:07:24,723 27 loss=0.1464916912759126
2019-01-18 15:07:24,724 28 loss=0.1424337578286783
2019-01-18 15:07:24,724 29 loss=0.13861612569023643
2019-01-18 15:07:24,725 30 loss=0.13501648104475467
2019-01-18 15:07:24,725 
*** Major Checkpoint. Computing Stats and Saving
2019-01-18 15:07:24,725 	 Computing Major Stats lazily... 
2019-01-18 15:07:24,725 		 Completed edges=90 good=90 bad=0
2019-01-18 15:07:24,727 Distortion avg=0.31548025164161403 wc=4.015478839342237 me=1.4158824855756817 mc=2.8360255037052666 nan_elements=0
2019-01-18 15:07:24,727 MAP = 0.7477777777777778
2019-01-18 15:07:24,727 scale=[array([1.])]
2019-01-18 15:07:24,727 *** End Major Checkpoint

2019-01-18 15:07:24,728 31 loss=0.1316147439273589
2019-01-18 15:07:24,728 32 loss=0.12839277277707925
2019-01-18 15:07:24,729 33 loss=0.1253341248624388
2019-01-18 15:07:24,729 34 loss=0.12242386246524337
2019-01-18 15:07:24,730 35 loss=0.11964839562409267
2019-01-18 15:07:24,730 36 loss=0.11699535343084226
2019-01-18 15:07:24,731 37 loss=0.11445347717409088
2019-01-18 15:07:24,731 38 loss=0.11201252990502386
2019-01-18 15:07:24,732 39 loss=0.10966321817651979
2019-01-18 15:07:24,732 40 loss=0.10739712272840468
2019-01-18 15:07:24,733 
*** Major Checkpoint. Computing Stats and Saving
2019-01-18 15:07:24,733 	 Computing Major Stats lazily... 
2019-01-18 15:07:24,733 		 Completed edges=90 good=90 bad=0
2019-01-18 15:07:24,735 Distortion avg=0.2749801980132532 wc=3.5824090462745364 me=1.398859243126622 mc=2.560950334264806 nan_elements=0
2019-01-18 15:07:24,735 MAP = 0.8781944444444445
2019-01-18 15:07:24,735 scale=[array([1.])]
2019-01-18 15:07:24,735 *** End Major Checkpoint

2019-01-18 15:07:24,736 41 loss=0.10520663574205424
2019-01-18 15:07:24,736 42 loss=0.10308490296888749
2019-01-18 15:07:24,737 43 loss=0.1010257695650603
2019-01-18 15:07:24,737 44 loss=0.09902372886058461
2019-01-18 15:07:24,737 45 loss=0.09707387357876994
2019-01-18 15:07:24,738 46 loss=0.09517184922389771
2019-01-18 15:07:24,738 47 loss=0.09331380949139735
2019-01-18 15:07:24,739 48 loss=0.09149637364226695
2019-01-18 15:07:24,739 49 loss=0.08971658583552389
2019-01-18 15:07:24,740 50 loss=0.08797187643953275
2019-01-18 15:07:24,740 
*** Major Checkpoint. Computing Stats and Saving
2019-01-18 15:07:24,740 	 Computing Major Stats lazily... 
2019-01-18 15:07:24,741 		 Completed edges=90 good=90 bad=0
2019-01-18 15:07:24,743 Distortion avg=0.24729385544814517 wc=3.220299851520693 me=1.3723178138416887 mc=2.3466137501383395 nan_elements=0
2019-01-18 15:07:24,743 MAP = 0.9887499999999999
2019-01-18 15:07:24,743 scale=[array([1.])]
2019-01-18 15:07:24,743 *** End Major Checkpoint

2019-01-18 15:07:24,743 final loss=0.08797187643953275
2019-01-18 15:07:24,743 best loss=0.08797187643953275, distortion=0.24729385544814517, map=0.9887499999999999, wc_dist=3.220299851520693
2019-01-18 15:07:24,744 	 Computing Major Stats lazily... 
2019-01-18 15:07:24,744 		 Completed edges=90 good=90 bad=0
2019-01-18 15:07:24,746 Distortion avg=0.2472938554481451 wc=3.220299851520693 me=1.3723178138416887 mc=2.3466137501383395 nan_elements=0
2019-01-18 15:07:24,746 MAP = 0.9887499999999999
2019-01-18 15:07:24,746 scale=[array([1.])]
