2019-01-18 15:01:57,985 Commandline ['pytorch/pytorch_hyperbolic.py', 'learn', 'data/edges/parsing/ewt/ewt_dev/343.edges', '--dim', '0', '--hyp', '0', '--edim', '10', '--euc', '1', '--sdim', '0', '--sph', '0', '--log-name', 'ewt_devr2/343.edges.E10-1.lr1.log', '--batch-size', '65536', '--epochs', '50', '--checkpoint-freq', '10', '-g', '--subsample', '1024', '--learning-rate', '1']
2019-01-18 15:01:57,985 No Model Save selected!
2019-01-18 15:01:57,987 Loaded Graph data/edges/parsing/ewt/ewt_dev/343.edges with 11 nodes scale=1.0
2019-01-18 15:01:57,987 Building dataset
2019-01-18 15:01:57,987 Subsample: 11 points with scale 1.0 subsample=10
2019-01-18 15:01:57,996 Built Data Sampler
2019-01-18 15:01:57,997 Creating a fresh model warm_start?=None
2019-01-18 15:01:57,997 	 Warmstarting? None None 11
2019-01-18 15:01:57,997 Embedding() torch.Size([11, 10])
2019-01-18 15:01:57,997 relative No Rescale
2019-01-18 15:01:57,997 Constructed model with dim=0 and epochs=0 isnan=False
2019-01-18 15:01:57,998 SGD (
Parameter Group 0
    dampening: 0
    initial_lr: 0.1
    lr: 1.0
    momentum: 0.0
    nesterov: False
    weight_decay: 0

Parameter Group 1
    dampening: 0
    initial_lr: 0.1
    lr: 1.0
    momentum: 0.0
    nesterov: False
    weight_decay: 0

Parameter Group 2
    dampening: 0
    initial_lr: 0.1
    lr: 1.0
    momentum: 0.0
    nesterov: False
    weight_decay: 0

Parameter Group 3
    dampening: 0
    initial_lr: 0.0001
    lr: 0.001
    momentum: 0.0
    nesterov: False
    weight_decay: 0
)
2019-01-18 15:01:57,998 *** Initial Checkpoint. Computing Stats
2019-01-18 15:01:57,998 	 Computing Major Stats lazily... 
2019-01-18 15:01:57,999 		 Completed edges=110 good=110 bad=0
2019-01-18 15:01:58,001 Distortion avg=0.9978731083410053 wc=8.07362184264002 me=0.005628252251848828 mc=1434.481164199403 nan_elements=0
2019-01-18 15:01:58,001 MAP = 0.2697691197691197
2019-01-18 15:01:58,001 scale=[array([1.])]
2019-01-18 15:01:58,001 *** End Initial Checkpoint

2019-01-18 15:01:58,057 1 loss=0.9957523251059069
2019-01-18 15:01:58,058 2 loss=0.8118312344632249
2019-01-18 15:01:58,058 3 loss=0.6761960266170356
2019-01-18 15:01:58,059 4 loss=0.5801223210145651
2019-01-18 15:01:58,059 5 loss=0.5109018294120257
2019-01-18 15:01:58,060 6 loss=0.45970837510035206
2019-01-18 15:01:58,060 7 loss=0.4207163631251905
2019-01-18 15:01:58,061 8 loss=0.3901115140688691
2019-01-18 15:01:58,061 9 loss=0.3653864696274616
2019-01-18 15:01:58,062 10 loss=0.34487695194413615
2019-01-18 15:01:58,062 
*** Major Checkpoint. Computing Stats and Saving
2019-01-18 15:01:58,062 	 Computing Major Stats lazily... 
2019-01-18 15:01:58,062 		 Completed edges=110 good=110 bad=0
2019-01-18 15:01:58,064 Distortion avg=0.5326558191367999 wc=10.664795585729136 me=1.3571297264638025 mc=7.858346462955905 nan_elements=0
2019-01-18 15:01:58,064 MAP = 0.1866883116883117
2019-01-18 15:01:58,065 scale=[array([1.])]
2019-01-18 15:01:58,065 *** End Major Checkpoint

2019-01-18 15:01:58,065 11 loss=0.3274633893090412
2019-01-18 15:01:58,066 12 loss=0.3123802547954258
2019-01-18 15:01:58,066 13 loss=0.2990941817477381
2019-01-18 15:01:58,067 14 loss=0.28722572782631106
2019-01-18 15:01:58,067 15 loss=0.2764988418981949
2019-01-18 15:01:58,068 16 loss=0.266707972616164
2019-01-18 15:01:58,068 17 loss=0.25769647088033826
2019-01-18 15:01:58,069 18 loss=0.24934226865908526
2019-01-18 15:01:58,069 19 loss=0.24154827865766743
2019-01-18 15:01:58,070 20 loss=0.2342358793094629
2019-01-18 15:01:58,070 
*** Major Checkpoint. Computing Stats and Saving
2019-01-18 15:01:58,070 	 Computing Major Stats lazily... 
2019-01-18 15:01:58,070 		 Completed edges=110 good=110 bad=0
2019-01-18 15:01:58,072 Distortion avg=0.4414623351492126 wc=8.867490536682045 me=1.5619736607375143 mc=5.677106317205821 nan_elements=0
2019-01-18 15:01:58,072 MAP = 0.4027417027417027
2019-01-18 15:01:58,072 scale=[array([1.])]
2019-01-18 15:01:58,073 *** End Major Checkpoint

2019-01-18 15:01:58,073 21 loss=0.22734043136585189
2019-01-18 15:01:58,074 22 loss=0.22080814258480672
2019-01-18 15:01:58,074 23 loss=0.21459383422274725
2019-01-18 15:01:58,075 24 loss=0.20865931607422564
2019-01-18 15:01:58,075 25 loss=0.20297217620435418
2019-01-18 15:01:58,076 26 loss=0.19750485647553578
2019-01-18 15:01:58,076 27 loss=0.19223392764898797
2019-01-18 15:01:58,077 28 loss=0.18713950601963905
2019-01-18 15:01:58,077 29 loss=0.18220477223464657
2019-01-18 15:01:58,078 30 loss=0.17741556540974782
2019-01-18 15:01:58,078 
*** Major Checkpoint. Computing Stats and Saving
2019-01-18 15:01:58,078 	 Computing Major Stats lazily... 
2019-01-18 15:01:58,078 		 Completed edges=110 good=110 bad=0
2019-01-18 15:01:58,080 Distortion avg=0.3712853682778784 wc=7.683706778353627 me=1.5975437863417485 mc=4.8097002686534935 nan_elements=0
2019-01-18 15:01:58,080 MAP = 0.6781385281385282
2019-01-18 15:01:58,080 scale=[array([1.])]
2019-01-18 15:01:58,081 *** End Major Checkpoint

2019-01-18 15:01:58,081 31 loss=0.17276003402422552
2019-01-18 15:01:58,082 32 loss=0.1682283307412285
2019-01-18 15:01:58,083 33 loss=0.16381234218051602
2019-01-18 15:01:58,084 34 loss=0.1595054473618997
2019-01-18 15:01:58,084 35 loss=0.1553023004256694
2019-01-18 15:01:58,085 36 loss=0.15119863456901356
2019-01-18 15:01:58,085 37 loss=0.14719108507407336
2019-01-18 15:01:58,086 38 loss=0.14327702994763075
2019-01-18 15:01:58,086 39 loss=0.13945444711522145
2019-01-18 15:01:58,087 40 loss=0.1357217873653313
2019-01-18 15:01:58,087 
*** Major Checkpoint. Computing Stats and Saving
2019-01-18 15:01:58,087 	 Computing Major Stats lazily... 
2019-01-18 15:01:58,087 		 Completed edges=110 good=110 bad=0
2019-01-18 15:01:58,089 Distortion avg=0.3173714471499687 wc=6.313743919125767 me=1.5316405032364901 mc=4.122210078529704 nan_elements=0
2019-01-18 15:01:58,089 MAP = 0.7989898989898989
2019-01-18 15:01:58,089 scale=[array([1.])]
2019-01-18 15:01:58,090 *** End Major Checkpoint

2019-01-18 15:01:58,090 41 loss=0.13207786236325128
2019-01-18 15:01:58,091 42 loss=0.12852174708379932
2019-01-18 15:01:58,091 43 loss=0.12505269597768462
2019-01-18 15:01:58,092 44 loss=0.12167007211395851
2019-01-18 15:01:58,092 45 loss=0.1183732884526608
2019-01-18 15:01:58,093 46 loss=0.11516176031475683
2019-01-18 15:01:58,093 47 loss=0.11203486804339603
2019-01-18 15:01:58,094 48 loss=0.10899192879955148
2019-01-18 15:01:58,094 49 loss=0.10603217641036335
2019-01-18 15:01:58,095 50 loss=0.10315474819084387
2019-01-18 15:01:58,095 
*** Major Checkpoint. Computing Stats and Saving
2019-01-18 15:01:58,095 	 Computing Major Stats lazily... 
2019-01-18 15:01:58,095 		 Completed edges=110 good=110 bad=0
2019-01-18 15:01:58,097 Distortion avg=0.27252333362819675 wc=5.003126001695164 me=1.4323621526794426 mc=3.492919714707685 nan_elements=0
2019-01-18 15:01:58,097 MAP = 0.9545454545454546
2019-01-18 15:01:58,097 scale=[array([1.])]
2019-01-18 15:01:58,097 *** End Major Checkpoint

2019-01-18 15:01:58,098 final loss=0.10315474819084387
2019-01-18 15:01:58,098 best loss=0.10315474819084387, distortion=0.27252333362819675, map=0.9545454545454546, wc_dist=5.003126001695164
2019-01-18 15:01:58,098 	 Computing Major Stats lazily... 
2019-01-18 15:01:58,098 		 Completed edges=110 good=110 bad=0
2019-01-18 15:01:58,100 Distortion avg=0.2725233336281968 wc=5.003126001695164 me=1.4323621526794426 mc=3.492919714707685 nan_elements=0
2019-01-18 15:01:58,100 MAP = 0.9545454545454546
2019-01-18 15:01:58,100 scale=[array([1.])]
