2019-01-18 14:43:14,557 Commandline ['pytorch/pytorch_hyperbolic.py', 'learn', 'data/edges/parsing/ewt/ewt_dev/346.edges', '--dim', '0', '--hyp', '0', '--edim', '10', '--euc', '1', '--sdim', '0', '--sph', '0', '--log-name', 'ewt_devr2/346.edges.E10-1.lr1.log', '--batch-size', '65536', '--epochs', '50', '-g', '--subsample', '1024', '--learning-rate', '1']
2019-01-18 14:43:14,557 No Model Save selected!
2019-01-18 14:43:14,559 Loaded Graph data/edges/parsing/ewt/ewt_dev/346.edges with 12 nodes scale=1.0
2019-01-18 14:43:14,559 Building dataset
2019-01-18 14:43:14,559 Subsample: 12 points with scale 1.0 subsample=11
2019-01-18 14:43:14,569 Built Data Sampler
2019-01-18 14:43:14,569 Creating a fresh model warm_start?=None
2019-01-18 14:43:14,569 	 Warmstarting? None None 12
2019-01-18 14:43:14,570 Embedding() torch.Size([12, 10])
2019-01-18 14:43:14,570 relative No Rescale
2019-01-18 14:43:14,570 Constructed model with dim=0 and epochs=0 isnan=False
2019-01-18 14:43:14,570 SGD (
Parameter Group 0
    dampening: 0
    initial_lr: 0.1
    lr: 1.0
    momentum: 0.0
    nesterov: False
    weight_decay: 0

Parameter Group 1
    dampening: 0
    initial_lr: 0.1
    lr: 1.0
    momentum: 0.0
    nesterov: False
    weight_decay: 0

Parameter Group 2
    dampening: 0
    initial_lr: 0.1
    lr: 1.0
    momentum: 0.0
    nesterov: False
    weight_decay: 0

Parameter Group 3
    dampening: 0
    initial_lr: 0.0001
    lr: 0.001
    momentum: 0.0
    nesterov: False
    weight_decay: 0
)
2019-01-18 14:43:14,570 *** Initial Checkpoint. Computing Stats
2019-01-18 14:43:14,571 	 Computing Major Stats lazily... 
2019-01-18 14:43:14,572 		 Completed edges=132 good=132 bad=0
2019-01-18 14:43:14,574 Distortion avg=0.9979811472973168 wc=10.32069891865558 me=0.005941110731069004 mc=1737.1665646094668 nan_elements=0
2019-01-18 14:43:14,574 MAP = 0.2727377946127946
2019-01-18 14:43:14,574 scale=[array([1.])]
2019-01-18 14:43:14,574 *** End Initial Checkpoint

2019-01-18 14:43:14,632 1 loss=0.9959680524499696
2019-01-18 14:43:14,633 2 loss=0.8407880962759987
2019-01-18 14:43:14,633 3 loss=0.7202317651862739
2019-01-18 14:43:14,634 4 loss=0.6298168190351453
2019-01-18 14:43:14,635 5 loss=0.561406861338784
2019-01-18 14:43:14,635 6 loss=0.5088122742829404
2019-01-18 14:43:14,636 7 loss=0.4676003669288526
2019-01-18 14:43:14,636 8 loss=0.4346426555118551
2019-01-18 14:43:14,637 9 loss=0.40773702784711713
2019-01-18 14:43:14,637 10 loss=0.3853297994000446
2019-01-18 14:43:14,638 11 loss=0.36631901801840633
2019-01-18 14:43:14,638 12 loss=0.34991733694801785
2019-01-18 14:43:14,639 13 loss=0.33555697376268595
2019-01-18 14:43:14,639 14 loss=0.32282394165094425
2019-01-18 14:43:14,640 15 loss=0.3114125047380118
2019-01-18 14:43:14,641 16 loss=0.3010935740581299
2019-01-18 14:43:14,641 17 loss=0.29169271401198116
2019-01-18 14:43:14,642 18 loss=0.2830747839778547
2019-01-18 14:43:14,642 19 loss=0.2751331713029927
2019-01-18 14:43:14,643 20 loss=0.26778221003765706
2019-01-18 14:43:14,643 21 loss=0.2609518165654682
2019-01-18 14:43:14,644 22 loss=0.25458367256071707
2019-01-18 14:43:14,644 23 loss=0.2486284911953985
2019-01-18 14:43:14,645 24 loss=0.24304404400660917
2019-01-18 14:43:14,646 25 loss=0.23779372355523207
2019-01-18 14:43:14,646 26 loss=0.23284548471265692
2019-01-18 14:43:14,647 27 loss=0.22817105446727093
2019-01-18 14:43:14,647 28 loss=0.22374533293987683
2019-01-18 14:43:14,648 29 loss=0.21954593121762472
2019-01-18 14:43:14,648 30 loss=0.2155528076724683
2019-01-18 14:43:14,649 31 loss=0.21174797570286938
2019-01-18 14:43:14,650 32 loss=0.2081152637679522
2019-01-18 14:43:14,650 33 loss=0.2046401141734757
2019-01-18 14:43:14,651 34 loss=0.20130941101698518
2019-01-18 14:43:14,651 35 loss=0.1981113304926464
2019-01-18 14:43:14,652 36 loss=0.195035208735123
2019-01-18 14:43:14,653 37 loss=0.19207142378463538
2019-01-18 14:43:14,653 38 loss=0.1892112892487942
2019-01-18 14:43:14,654 39 loss=0.1864469579379045
2019-01-18 14:43:14,654 40 loss=0.1837713342415444
2019-01-18 14:43:14,655 41 loss=0.18117799435373055
2019-01-18 14:43:14,655 42 loss=0.17866111368370216
2019-01-18 14:43:14,656 43 loss=0.17621540093971028
2019-01-18 14:43:14,657 44 loss=0.17383603846663329
2019-01-18 14:43:14,657 45 loss=0.17151862847163601
2019-01-18 14:43:14,658 46 loss=0.16925914479828158
2019-01-18 14:43:14,658 47 loss=0.16705388991828185
2019-01-18 14:43:14,659 48 loss=0.1648994568088815
2019-01-18 14:43:14,659 49 loss=0.16279269537823535
2019-01-18 14:43:14,660 50 loss=0.1607306830950228
2019-01-18 14:43:14,660 final loss=0.1607306830950228
2019-01-18 14:43:14,660 best loss=10000000000.0, distortion=10000000000.0, map=0.0, wc_dist=10000000000.0
2019-01-18 14:43:14,660 	 Computing Major Stats lazily... 
2019-01-18 14:43:14,661 		 Completed edges=132 good=132 bad=0
2019-01-18 14:43:14,663 Distortion avg=0.3486669238739838 wc=6.064252658617715 me=1.538336691612434 mc=3.9420841300101634 nan_elements=0
2019-01-18 14:43:14,663 MAP = 0.792691798941799
2019-01-18 14:43:14,663 scale=[array([1.])]
2019-01-18 15:09:59,537 Commandline ['pytorch/pytorch_hyperbolic.py', 'learn', 'data/edges/parsing/ewt/ewt_dev/346.edges', '--dim', '0', '--hyp', '0', '--edim', '10', '--euc', '1', '--sdim', '0', '--sph', '0', '--log-name', 'ewt_devr2/346.edges.E10-1.lr1.log', '--batch-size', '65536', '--epochs', '50', '--checkpoint-freq', '10', '-g', '--subsample', '1024', '--learning-rate', '1']
2019-01-18 15:09:59,538 No Model Save selected!
2019-01-18 15:09:59,540 Loaded Graph data/edges/parsing/ewt/ewt_dev/346.edges with 12 nodes scale=1.0
2019-01-18 15:09:59,540 Building dataset
2019-01-18 15:09:59,540 Subsample: 12 points with scale 1.0 subsample=11
2019-01-18 15:09:59,550 Built Data Sampler
2019-01-18 15:09:59,550 Creating a fresh model warm_start?=None
2019-01-18 15:09:59,550 	 Warmstarting? None None 12
2019-01-18 15:09:59,551 Embedding() torch.Size([12, 10])
2019-01-18 15:09:59,551 relative No Rescale
2019-01-18 15:09:59,551 Constructed model with dim=0 and epochs=0 isnan=False
2019-01-18 15:09:59,551 SGD (
Parameter Group 0
    dampening: 0
    initial_lr: 0.1
    lr: 1.0
    momentum: 0.0
    nesterov: False
    weight_decay: 0

Parameter Group 1
    dampening: 0
    initial_lr: 0.1
    lr: 1.0
    momentum: 0.0
    nesterov: False
    weight_decay: 0

Parameter Group 2
    dampening: 0
    initial_lr: 0.1
    lr: 1.0
    momentum: 0.0
    nesterov: False
    weight_decay: 0

Parameter Group 3
    dampening: 0
    initial_lr: 0.0001
    lr: 0.001
    momentum: 0.0
    nesterov: False
    weight_decay: 0
)
2019-01-18 15:09:59,551 *** Initial Checkpoint. Computing Stats
2019-01-18 15:09:59,551 	 Computing Major Stats lazily... 
2019-01-18 15:09:59,552 		 Completed edges=132 good=132 bad=0
2019-01-18 15:09:59,554 Distortion avg=0.9979811472973168 wc=10.32069891865558 me=0.005941110731069004 mc=1737.1665646094668 nan_elements=0
2019-01-18 15:09:59,555 MAP = 0.2727377946127946
2019-01-18 15:09:59,555 scale=[array([1.])]
2019-01-18 15:09:59,555 *** End Initial Checkpoint

2019-01-18 15:09:59,612 1 loss=0.9959680524499696
2019-01-18 15:09:59,613 2 loss=0.8407880962759987
2019-01-18 15:09:59,614 3 loss=0.7202317651862739
2019-01-18 15:09:59,614 4 loss=0.6298168190351453
2019-01-18 15:09:59,615 5 loss=0.561406861338784
2019-01-18 15:09:59,615 6 loss=0.5088122742829404
2019-01-18 15:09:59,616 7 loss=0.4676003669288526
2019-01-18 15:09:59,616 8 loss=0.4346426555118551
2019-01-18 15:09:59,617 9 loss=0.40773702784711713
2019-01-18 15:09:59,617 10 loss=0.3853297994000446
2019-01-18 15:09:59,618 
*** Major Checkpoint. Computing Stats and Saving
2019-01-18 15:09:59,618 	 Computing Major Stats lazily... 
2019-01-18 15:09:59,618 		 Completed edges=132 good=132 bad=0
2019-01-18 15:09:59,620 Distortion avg=0.5614831990746179 wc=9.609268832233301 me=1.3333429711827562 mc=7.20689952991562 nan_elements=0
2019-01-18 15:09:59,620 MAP = 0.18198653198653203
2019-01-18 15:09:59,621 scale=[array([1.])]
2019-01-18 15:09:59,621 *** End Major Checkpoint

2019-01-18 15:09:59,621 11 loss=0.36631901801840633
2019-01-18 15:09:59,622 12 loss=0.3499173369480178
2019-01-18 15:09:59,622 13 loss=0.33555697376268595
2019-01-18 15:09:59,623 14 loss=0.3228239416509444
2019-01-18 15:09:59,624 15 loss=0.31141250473801174
2019-01-18 15:09:59,624 16 loss=0.3010935740581299
2019-01-18 15:09:59,625 17 loss=0.2916927140119811
2019-01-18 15:09:59,626 18 loss=0.2830747839778547
2019-01-18 15:09:59,626 19 loss=0.2751331713029927
2019-01-18 15:09:59,627 20 loss=0.2677822100376571
2019-01-18 15:09:59,627 
*** Major Checkpoint. Computing Stats and Saving
2019-01-18 15:09:59,627 	 Computing Major Stats lazily... 
2019-01-18 15:09:59,628 		 Completed edges=132 good=132 bad=0
2019-01-18 15:09:59,629 Distortion avg=0.47633168605275183 wc=6.663314747299363 me=1.461192423370496 mc=4.560189774273029 nan_elements=0
2019-01-18 15:09:59,630 MAP = 0.2959325396825397
2019-01-18 15:09:59,630 scale=[array([1.])]
2019-01-18 15:09:59,630 *** End Major Checkpoint

2019-01-18 15:09:59,631 21 loss=0.2609518165654681
2019-01-18 15:09:59,631 22 loss=0.25458367256071707
2019-01-18 15:09:59,632 23 loss=0.2486284911953985
2019-01-18 15:09:59,632 24 loss=0.24304404400660917
2019-01-18 15:09:59,633 25 loss=0.23779372355523204
2019-01-18 15:09:59,634 26 loss=0.2328454847126569
2019-01-18 15:09:59,634 27 loss=0.22817105446727093
2019-01-18 15:09:59,635 28 loss=0.2237453329398769
2019-01-18 15:09:59,635 29 loss=0.2195459312176247
2019-01-18 15:09:59,636 30 loss=0.2155528076724683
2019-01-18 15:09:59,636 
*** Major Checkpoint. Computing Stats and Saving
2019-01-18 15:09:59,636 	 Computing Major Stats lazily... 
2019-01-18 15:09:59,637 		 Completed edges=132 good=132 bad=0
2019-01-18 15:09:59,639 Distortion avg=0.415508814429956 wc=6.278231534676963 me=1.537235727523354 mc=4.084104618614248 nan_elements=0
2019-01-18 15:09:59,639 MAP = 0.5155092592592593
2019-01-18 15:09:59,639 scale=[array([1.])]
2019-01-18 15:09:59,639 *** End Major Checkpoint

2019-01-18 15:09:59,640 31 loss=0.21174797570286932
2019-01-18 15:09:59,640 32 loss=0.20811526376795222
2019-01-18 15:09:59,641 33 loss=0.20464011417347566
2019-01-18 15:09:59,641 34 loss=0.20130941101698518
2019-01-18 15:09:59,642 35 loss=0.19811133049264645
2019-01-18 15:09:59,642 36 loss=0.19503520873512298
2019-01-18 15:09:59,643 37 loss=0.19207142378463532
2019-01-18 15:09:59,643 38 loss=0.18921128924879416
2019-01-18 15:09:59,644 39 loss=0.18644695793790447
2019-01-18 15:09:59,644 40 loss=0.18377133424154443
2019-01-18 15:09:59,644 
*** Major Checkpoint. Computing Stats and Saving
2019-01-18 15:09:59,645 	 Computing Major Stats lazily... 
2019-01-18 15:09:59,645 		 Completed edges=132 good=132 bad=0
2019-01-18 15:09:59,647 Distortion avg=0.3777898864410178 wc=6.116837138758674 me=1.547789613684654 mc=3.951982287952551 nan_elements=0
2019-01-18 15:09:59,647 MAP = 0.7356481481481483
2019-01-18 15:09:59,648 scale=[array([1.])]
2019-01-18 15:09:59,648 *** End Major Checkpoint

2019-01-18 15:09:59,648 41 loss=0.18117799435373058
2019-01-18 15:09:59,649 42 loss=0.1786611136837021
2019-01-18 15:09:59,649 43 loss=0.17621540093971028
2019-01-18 15:09:59,650 44 loss=0.17383603846663326
2019-01-18 15:09:59,650 45 loss=0.17151862847163596
2019-01-18 15:09:59,651 46 loss=0.16925914479828158
2019-01-18 15:09:59,652 47 loss=0.16705388991828188
2019-01-18 15:09:59,652 48 loss=0.16489945680888143
2019-01-18 15:09:59,653 49 loss=0.16279269537823535
2019-01-18 15:09:59,653 50 loss=0.16073068309502278
2019-01-18 15:09:59,653 
*** Major Checkpoint. Computing Stats and Saving
2019-01-18 15:09:59,653 	 Computing Major Stats lazily... 
2019-01-18 15:09:59,654 		 Completed edges=132 good=132 bad=0
2019-01-18 15:09:59,656 Distortion avg=0.34866692387398396 wc=6.064252658617716 me=1.5383366916124341 mc=3.9420841300101634 nan_elements=0
2019-01-18 15:09:59,656 MAP = 0.792691798941799
2019-01-18 15:09:59,656 scale=[array([1.])]
2019-01-18 15:09:59,656 *** End Major Checkpoint

2019-01-18 15:09:59,656 final loss=0.16073068309502278
2019-01-18 15:09:59,656 best loss=0.16073068309502278, distortion=0.34866692387398396, map=0.792691798941799, wc_dist=6.064252658617716
2019-01-18 15:09:59,657 	 Computing Major Stats lazily... 
2019-01-18 15:09:59,657 		 Completed edges=132 good=132 bad=0
2019-01-18 15:09:59,659 Distortion avg=0.34866692387398385 wc=6.064252658617716 me=1.5383366916124341 mc=3.9420841300101634 nan_elements=0
2019-01-18 15:09:59,659 MAP = 0.792691798941799
2019-01-18 15:09:59,659 scale=[array([1.])]
