2019-01-18 14:53:12,121 Commandline ['pytorch/pytorch_hyperbolic.py', 'learn', 'data/edges/parsing/ewt/ewt_dev/347.edges', '--dim', '0', '--hyp', '0', '--edim', '10', '--euc', '1', '--sdim', '0', '--sph', '0', '--log-name', 'ewt_devr2/347.edges.E10-1.lr1.log', '--batch-size', '65536', '--epochs', '50', '--checkpoint-freq', '10', '-g', '--subsample', '1024', '--learning-rate', '1']
2019-01-18 14:53:12,121 No Model Save selected!
2019-01-18 14:53:12,123 Loaded Graph data/edges/parsing/ewt/ewt_dev/347.edges with 23 nodes scale=1.0
2019-01-18 14:53:12,123 Building dataset
2019-01-18 14:53:12,123 Subsample: 23 points with scale 1.0 subsample=22
2019-01-18 14:53:12,149 Built Data Sampler
2019-01-18 14:53:12,149 Creating a fresh model warm_start?=None
2019-01-18 14:53:12,149 	 Warmstarting? None None 23
2019-01-18 14:53:12,149 Embedding() torch.Size([23, 10])
2019-01-18 14:53:12,149 relative No Rescale
2019-01-18 14:53:12,150 Constructed model with dim=0 and epochs=0 isnan=False
2019-01-18 14:53:12,150 SGD (
Parameter Group 0
    dampening: 0
    initial_lr: 0.1
    lr: 1.0
    momentum: 0.0
    nesterov: False
    weight_decay: 0

Parameter Group 1
    dampening: 0
    initial_lr: 0.1
    lr: 1.0
    momentum: 0.0
    nesterov: False
    weight_decay: 0

Parameter Group 2
    dampening: 0
    initial_lr: 0.1
    lr: 1.0
    momentum: 0.0
    nesterov: False
    weight_decay: 0

Parameter Group 3
    dampening: 0
    initial_lr: 0.0001
    lr: 0.001
    momentum: 0.0
    nesterov: False
    weight_decay: 0
)
2019-01-18 14:53:12,150 *** Initial Checkpoint. Computing Stats
2019-01-18 14:53:12,150 	 Computing Major Stats lazily... 
2019-01-18 14:53:12,153 		 Completed edges=506 good=506 bad=0
2019-01-18 14:53:12,156 Distortion avg=0.9984298885587448 wc=16.675339926541586 me=0.005935337598003825 mc=2809.5015070667323 nan_elements=0
2019-01-18 14:53:12,156 MAP = 0.15495235577851002
2019-01-18 14:53:12,157 scale=[array([1.])]
2019-01-18 14:53:12,157 *** End Initial Checkpoint

2019-01-18 14:53:12,215 1 loss=0.9968634005745474
2019-01-18 14:53:12,216 2 loss=0.9485854474924011
2019-01-18 14:53:12,217 3 loss=0.9026333155787023
2019-01-18 14:53:12,218 4 loss=0.8604583957915467
2019-01-18 14:53:12,219 5 loss=0.8219155423992321
2019-01-18 14:53:12,219 6 loss=0.7867104029085307
2019-01-18 14:53:12,220 7 loss=0.7545343290065601
2019-01-18 14:53:12,221 8 loss=0.7250939300013628
2019-01-18 14:53:12,222 9 loss=0.6981191345080215
2019-01-18 14:53:12,223 10 loss=0.6733647905700937
2019-01-18 14:53:12,223 
*** Major Checkpoint. Computing Stats and Saving
2019-01-18 14:53:12,223 	 Computing Major Stats lazily... 
2019-01-18 14:53:12,225 		 Completed edges=506 good=506 bad=0
2019-01-18 14:53:12,228 Distortion avg=0.7869271535012275 wc=22.312524309818436 me=0.8842744062076318 mc=25.23257956261526 nan_elements=0
2019-01-18 14:53:12,228 MAP = 0.07889796883941452
2019-01-18 14:53:12,229 scale=[array([1.])]
2019-01-18 14:53:12,229 *** End Major Checkpoint

2019-01-18 14:53:12,229 11 loss=0.6506099371842934
2019-01-18 14:53:12,230 12 loss=0.6296561922897119
2019-01-18 14:53:12,231 13 loss=0.6103258417091133
2019-01-18 14:53:12,232 14 loss=0.5924598863029209
2019-01-18 14:53:12,233 15 loss=0.5759161643914461
2019-01-18 14:53:12,233 16 loss=0.5605676012010286
2019-01-18 14:53:12,235 17 loss=0.5463006049440484
2019-01-18 14:53:12,235 18 loss=0.5330136128352866
2019-01-18 14:53:12,236 19 loss=0.5206157820569491
2019-01-18 14:53:12,237 20 loss=0.5090258166288689
2019-01-18 14:53:12,237 
*** Major Checkpoint. Computing Stats and Saving
2019-01-18 14:53:12,237 	 Computing Major Stats lazily... 
2019-01-18 14:53:12,239 		 Completed edges=506 good=506 bad=0
2019-01-18 14:53:12,243 Distortion avg=0.6722200317156533 wc=19.02069657263522 me=1.3434279477891855 mc=14.158330265450159 nan_elements=0
2019-01-18 14:53:12,243 MAP = 0.08156198124649464
2019-01-18 14:53:12,243 scale=[array([1.])]
2019-01-18 14:53:12,243 *** End Major Checkpoint

2019-01-18 14:53:12,244 21 loss=0.4981709193848847
2019-01-18 14:53:12,245 22 loss=0.4879858577672256
2019-01-18 14:53:12,245 23 loss=0.4784121323556276
2019-01-18 14:53:12,246 24 loss=0.4693972376215442
2019-01-18 14:53:12,247 25 loss=0.4608940051521893
2019-01-18 14:53:12,248 26 loss=0.45286002041466056
2019-01-18 14:53:12,249 27 loss=0.4452571049634769
2019-01-18 14:53:12,249 28 loss=0.4380508567994057
2019-01-18 14:53:12,250 29 loss=0.43121024234395045
2019-01-18 14:53:12,251 30 loss=0.424707234192873
2019-01-18 14:53:12,252 
*** Major Checkpoint. Computing Stats and Saving
2019-01-18 14:53:12,252 	 Computing Major Stats lazily... 
2019-01-18 14:53:12,254 		 Completed edges=506 good=506 bad=0
2019-01-18 14:53:12,257 Distortion avg=0.6180928589864151 wc=16.47310289818395 me=1.5961719667799277 mc=10.320381037274023 nan_elements=0
2019-01-18 14:53:12,257 MAP = 0.09007591705717291
2019-01-18 14:53:12,258 scale=[array([1.])]
2019-01-18 14:53:12,258 *** End Major Checkpoint

2019-01-18 14:53:12,259 31 loss=0.41851648945034825
2019-01-18 14:53:12,259 32 loss=0.41261506402313214
2019-01-18 14:53:12,260 33 loss=0.40698215877396604
2019-01-18 14:53:12,261 34 loss=0.40159889389898845
2019-01-18 14:53:12,262 35 loss=0.39644810830937954
2019-01-18 14:53:12,263 36 loss=0.3915141811672329
2019-01-18 14:53:12,263 37 loss=0.38678287305405645
2019-01-18 14:53:12,264 38 loss=0.3822411845415167
2019-01-18 14:53:12,265 39 loss=0.3778772301919393
2019-01-18 14:53:12,266 40 loss=0.3736801262442523
2019-01-18 14:53:12,266 
*** Major Checkpoint. Computing Stats and Saving
2019-01-18 14:53:12,266 	 Computing Major Stats lazily... 
2019-01-18 14:53:12,268 		 Completed edges=506 good=506 bad=0
2019-01-18 14:53:12,271 Distortion avg=0.5754357145416943 wc=14.624558000420087 me=1.7514305544002833 mc=8.350064445134544 nan_elements=0
2019-01-18 14:53:12,272 MAP = 0.10218811334540233
2019-01-18 14:53:12,272 scale=[array([1.])]
2019-01-18 14:53:12,272 *** End Major Checkpoint

2019-01-18 14:53:12,273 41 loss=0.36963989044279916
2019-01-18 14:53:12,273 42 loss=0.36574735264469405
2019-01-18 14:53:12,274 43 loss=0.36199407499883784
2019-01-18 14:53:12,275 44 loss=0.3583722806287462
2019-01-18 14:53:12,276 45 loss=0.3548747898740833
2019-01-18 14:53:12,277 46 loss=0.35149496325416557
2019-01-18 14:53:12,278 47 loss=0.3482266504123717
2019-01-18 14:53:12,279 48 loss=0.34506414438486804
2019-01-18 14:53:12,280 49 loss=0.3420021406116626
2019-01-18 14:53:12,280 50 loss=0.33903570017388784
2019-01-18 14:53:12,280 
*** Major Checkpoint. Computing Stats and Saving
2019-01-18 14:53:12,281 	 Computing Major Stats lazily... 
2019-01-18 14:53:12,283 		 Completed edges=506 good=506 bad=0
2019-01-18 14:53:12,286 Distortion avg=0.5403490763325501 wc=13.14582219917434 me=1.8411567896829235 mc=7.139979752315532 nan_elements=0
2019-01-18 14:53:12,286 MAP = 0.12830508656116074
2019-01-18 14:53:12,286 scale=[array([1.])]
2019-01-18 14:53:12,286 *** End Major Checkpoint

2019-01-18 14:53:12,286 final loss=0.33903570017388784
2019-01-18 14:53:12,286 best loss=0.33903570017388784, distortion=0.5403490763325501, map=0.12830508656116074, wc_dist=13.14582219917434
2019-01-18 14:53:12,286 	 Computing Major Stats lazily... 
2019-01-18 14:53:12,289 		 Completed edges=506 good=506 bad=0
2019-01-18 14:53:12,292 Distortion avg=0.5403490763325501 wc=13.14582219917434 me=1.8411567896829235 mc=7.139979752315532 nan_elements=0
2019-01-18 14:53:12,292 MAP = 0.1283050865611607
2019-01-18 14:53:12,292 scale=[array([1.])]
