2019-01-18 15:00:12,423 Commandline ['pytorch/pytorch_hyperbolic.py', 'learn', 'data/edges/parsing/ewt/ewt_dev/348.edges', '--dim', '0', '--hyp', '0', '--edim', '10', '--euc', '1', '--sdim', '0', '--sph', '0', '--log-name', 'ewt_devr2/348.edges.E10-1.lr1.log', '--batch-size', '65536', '--epochs', '50', '--checkpoint-freq', '10', '-g', '--subsample', '1024', '--learning-rate', '1']
2019-01-18 15:00:12,423 No Model Save selected!
2019-01-18 15:00:12,426 Loaded Graph data/edges/parsing/ewt/ewt_dev/348.edges with 23 nodes scale=1.0
2019-01-18 15:00:12,426 Building dataset
2019-01-18 15:00:12,426 Subsample: 23 points with scale 1.0 subsample=22
2019-01-18 15:00:12,452 Built Data Sampler
2019-01-18 15:00:12,452 Creating a fresh model warm_start?=None
2019-01-18 15:00:12,452 	 Warmstarting? None None 23
2019-01-18 15:00:12,453 Embedding() torch.Size([23, 10])
2019-01-18 15:00:12,453 relative No Rescale
2019-01-18 15:00:12,453 Constructed model with dim=0 and epochs=0 isnan=False
2019-01-18 15:00:12,453 SGD (
Parameter Group 0
    dampening: 0
    initial_lr: 0.1
    lr: 1.0
    momentum: 0.0
    nesterov: False
    weight_decay: 0

Parameter Group 1
    dampening: 0
    initial_lr: 0.1
    lr: 1.0
    momentum: 0.0
    nesterov: False
    weight_decay: 0

Parameter Group 2
    dampening: 0
    initial_lr: 0.1
    lr: 1.0
    momentum: 0.0
    nesterov: False
    weight_decay: 0

Parameter Group 3
    dampening: 0
    initial_lr: 0.0001
    lr: 0.001
    momentum: 0.0
    nesterov: False
    weight_decay: 0
)
2019-01-18 15:00:12,453 *** Initial Checkpoint. Computing Stats
2019-01-18 15:00:12,453 	 Computing Major Stats lazily... 
2019-01-18 15:00:12,456 		 Completed edges=506 good=506 bad=0
2019-01-18 15:00:12,460 Distortion avg=0.9984531696213028 wc=23.532501985993665 me=0.005982886981094694 mc=3933.302109893425 nan_elements=0
2019-01-18 15:00:12,460 MAP = 0.13592783642824022
2019-01-18 15:00:12,460 scale=[array([1.])]
2019-01-18 15:00:12,460 *** End Initial Checkpoint

2019-01-18 15:00:12,517 1 loss=0.9969100192844479
2019-01-18 15:00:12,519 2 loss=0.9509769677619696
2019-01-18 15:00:12,520 3 loss=0.9074559371766503
2019-01-18 15:00:12,520 4 loss=0.8674760669734484
2019-01-18 15:00:12,521 5 loss=0.8308815936248151
2019-01-18 15:00:12,522 6 loss=0.7973986918169139
2019-01-18 15:00:12,523 7 loss=0.7667439718227628
2019-01-18 15:00:12,524 8 loss=0.7386485448981356
2019-01-18 15:00:12,524 9 loss=0.712864617852645
2019-01-18 15:00:12,525 10 loss=0.6891667671049082
2019-01-18 15:00:12,525 
*** Major Checkpoint. Computing Stats and Saving
2019-01-18 15:00:12,525 	 Computing Major Stats lazily... 
2019-01-18 15:00:12,527 		 Completed edges=506 good=506 bad=0
2019-01-18 15:00:12,531 Distortion avg=0.7977356877286348 wc=33.64011915946631 me=0.997113667093037 mc=33.73749680669804 nan_elements=0
2019-01-18 15:00:12,531 MAP = 0.08130213057869876
2019-01-18 15:00:12,531 scale=[array([1.])]
2019-01-18 15:00:12,531 *** End Major Checkpoint

2019-01-18 15:00:12,532 11 loss=0.6673512733407408
2019-01-18 15:00:12,533 12 loss=0.6472347113703364
2019-01-18 15:00:12,534 13 loss=0.6286522832236263
2019-01-18 15:00:12,535 14 loss=0.611456111610738
2019-01-18 15:00:12,535 15 loss=0.5955135938595972
2019-01-18 15:00:12,536 16 loss=0.5807058614845404
2019-01-18 15:00:12,537 17 loss=0.5669263632276794
2019-01-18 15:00:12,538 18 loss=0.5540795753965582
2019-01-18 15:00:12,539 19 loss=0.5420798360802073
2019-01-18 15:00:12,539 20 loss=0.5308502961921961
2019-01-18 15:00:12,539 
*** Major Checkpoint. Computing Stats and Saving
2019-01-18 15:00:12,540 	 Computing Major Stats lazily... 
2019-01-18 15:00:12,542 		 Completed edges=506 good=506 bad=0
2019-01-18 15:00:12,545 Distortion avg=0.688183751205977 wc=26.55496443486774 me=1.47226161008422 mc=18.036851774834144 nan_elements=0
2019-01-18 15:00:12,545 MAP = 0.08325854136814562
2019-01-18 15:00:12,545 scale=[array([1.])]
2019-01-18 15:00:12,545 *** End Major Checkpoint

2019-01-18 15:00:12,546 21 loss=0.5203219786345663
2019-01-18 15:00:12,547 22 loss=0.5104329363248441
2019-01-18 15:00:12,548 23 loss=0.5011274998915022
2019-01-18 15:00:12,549 24 loss=0.4923556062418252
2019-01-18 15:00:12,549 25 loss=0.4840721997769197
2019-01-18 15:00:12,550 26 loss=0.4762366986754078
2019-01-18 15:00:12,551 27 loss=0.46881251933333745
2019-01-18 15:00:12,552 28 loss=0.4617666527000358
2019-01-18 15:00:12,553 29 loss=0.45506928686944237
2019-01-18 15:00:12,553 30 loss=0.4486934708642265
2019-01-18 15:00:12,554 
*** Major Checkpoint. Computing Stats and Saving
2019-01-18 15:00:12,554 	 Computing Major Stats lazily... 
2019-01-18 15:00:12,556 		 Completed edges=506 good=506 bad=0
2019-01-18 15:00:12,559 Distortion avg=0.6374203584178585 wc=21.276207240457634 me=1.659212450465653 mc=12.823075932492268 nan_elements=0
2019-01-18 15:00:12,559 MAP = 0.08802999138878799
2019-01-18 15:00:12,559 scale=[array([1.])]
2019-01-18 15:00:12,560 *** End Major Checkpoint

2019-01-18 15:00:12,561 31 loss=0.44261481508155415
2019-01-18 15:00:12,561 32 loss=0.43681122435389
2019-01-18 15:00:12,562 33 loss=0.4312626600168859
2019-01-18 15:00:12,563 34 loss=0.42595092777157634
2019-01-18 15:00:12,564 35 loss=0.420859488482715
2019-01-18 15:00:12,565 36 loss=0.41597328937238326
2019-01-18 15:00:12,566 37 loss=0.411278613351273
2019-01-18 15:00:12,566 38 loss=0.4067629444824755
2019-01-18 15:00:12,567 39 loss=0.40241484779725095
2019-01-18 15:00:12,568 40 loss=0.39822386188197056
2019-01-18 15:00:12,568 
*** Major Checkpoint. Computing Stats and Saving
2019-01-18 15:00:12,568 	 Computing Major Stats lazily... 
2019-01-18 15:00:12,570 		 Completed edges=506 good=506 bad=0
2019-01-18 15:00:12,574 Distortion avg=0.5979932321465553 wc=17.321151991141353 me=1.7012369900497553 mc=10.181504453788516 nan_elements=0
2019-01-18 15:00:12,574 MAP = 0.10139825539172694
2019-01-18 15:00:12,574 scale=[array([1.])]
2019-01-18 15:00:12,574 *** End Major Checkpoint

2019-01-18 15:00:12,575 41 loss=0.3941804028327836
2019-01-18 15:00:12,576 42 loss=0.3902756783320287
2019-01-18 15:00:12,577 43 loss=0.38650161074009554
2019-01-18 15:00:12,577 44 loss=0.38285076822034014
2019-01-18 15:00:12,578 45 loss=0.3793163030245196
2019-01-18 15:00:12,579 46 loss=0.3758918961636057
2019-01-18 15:00:12,580 47 loss=0.37257170777519005
2019-01-18 15:00:12,581 48 loss=0.3693503325752361
2019-01-18 15:00:12,581 49 loss=0.36622275984979924
2019-01-18 15:00:12,582 50 loss=0.363184337502519
2019-01-18 15:00:12,582 
*** Major Checkpoint. Computing Stats and Saving
2019-01-18 15:00:12,582 	 Computing Major Stats lazily... 
2019-01-18 15:00:12,584 		 Completed edges=506 good=506 bad=0
2019-01-18 15:00:12,588 Distortion avg=0.564533193942131 wc=14.792405065539134 me=1.7278535837653055 mc=8.561144997774527 nan_elements=0
2019-01-18 15:00:12,588 MAP = 0.12065897231498256
2019-01-18 15:00:12,588 scale=[array([1.])]
2019-01-18 15:00:12,588 *** End Major Checkpoint

2019-01-18 15:00:12,588 final loss=0.363184337502519
2019-01-18 15:00:12,588 best loss=0.363184337502519, distortion=0.564533193942131, map=0.12065897231498256, wc_dist=14.792405065539134
2019-01-18 15:00:12,588 	 Computing Major Stats lazily... 
2019-01-18 15:00:12,590 		 Completed edges=506 good=506 bad=0
2019-01-18 15:00:12,594 Distortion avg=0.5645331939421312 wc=14.792405065539134 me=1.7278535837653055 mc=8.561144997774527 nan_elements=0
2019-01-18 15:00:12,594 MAP = 0.12065897231498254
2019-01-18 15:00:12,594 scale=[array([1.])]
