2019-01-18 14:45:20,157 Commandline ['pytorch/pytorch_hyperbolic.py', 'learn', 'data/edges/parsing/ewt/ewt_dev/349.edges', '--dim', '0', '--hyp', '0', '--edim', '10', '--euc', '1', '--sdim', '0', '--sph', '0', '--log-name', 'ewt_devr2/349.edges.E10-1.lr1.log', '--batch-size', '65536', '--epochs', '50', '--checkpoint-freq', '10', '-g', '--subsample', '1024', '--learning-rate', '1']
2019-01-18 14:45:20,157 No Model Save selected!
2019-01-18 14:45:20,158 Loaded Graph data/edges/parsing/ewt/ewt_dev/349.edges with 11 nodes scale=1.0
2019-01-18 14:45:20,159 Building dataset
2019-01-18 14:45:20,159 Subsample: 11 points with scale 1.0 subsample=10
2019-01-18 14:45:20,168 Built Data Sampler
2019-01-18 14:45:20,168 Creating a fresh model warm_start?=None
2019-01-18 14:45:20,169 	 Warmstarting? None None 11
2019-01-18 14:45:20,169 Embedding() torch.Size([11, 10])
2019-01-18 14:45:20,169 relative No Rescale
2019-01-18 14:45:20,169 Constructed model with dim=0 and epochs=0 isnan=False
2019-01-18 14:45:20,170 SGD (
Parameter Group 0
    dampening: 0
    initial_lr: 0.1
    lr: 1.0
    momentum: 0.0
    nesterov: False
    weight_decay: 0

Parameter Group 1
    dampening: 0
    initial_lr: 0.1
    lr: 1.0
    momentum: 0.0
    nesterov: False
    weight_decay: 0

Parameter Group 2
    dampening: 0
    initial_lr: 0.1
    lr: 1.0
    momentum: 0.0
    nesterov: False
    weight_decay: 0

Parameter Group 3
    dampening: 0
    initial_lr: 0.0001
    lr: 0.001
    momentum: 0.0
    nesterov: False
    weight_decay: 0
)
2019-01-18 14:45:20,170 *** Initial Checkpoint. Computing Stats
2019-01-18 14:45:20,170 	 Computing Major Stats lazily... 
2019-01-18 14:45:20,171 		 Completed edges=110 good=110 bad=0
2019-01-18 14:45:20,173 Distortion avg=0.9975440917979516 wc=8.83192345047564 me=0.005941110731069004 mc=1486.5778219364179 nan_elements=0
2019-01-18 14:45:20,173 MAP = 0.19768217893217893
2019-01-18 14:45:20,173 scale=[array([1.])]
2019-01-18 14:45:20,173 *** End Initial Checkpoint

2019-01-18 14:45:20,231 1 loss=0.9950958923342241
2019-01-18 14:45:20,231 2 loss=0.7615983609611208
2019-01-18 14:45:20,232 3 loss=0.6072216586442176
2019-01-18 14:45:20,233 4 loss=0.5032777566650445
2019-01-18 14:45:20,233 5 loss=0.42856693846109534
2019-01-18 14:45:20,234 6 loss=0.3718924224489838
2019-01-18 14:45:20,234 7 loss=0.3271574975673151
2019-01-18 14:45:20,235 8 loss=0.2908452059623828
2019-01-18 14:45:20,235 9 loss=0.2607899358059843
2019-01-18 14:45:20,236 10 loss=0.235570064036788
2019-01-18 14:45:20,236 
*** Major Checkpoint. Computing Stats and Saving
2019-01-18 14:45:20,236 	 Computing Major Stats lazily... 
2019-01-18 14:45:20,237 		 Completed edges=110 good=110 bad=0
2019-01-18 14:45:20,238 Distortion avg=0.4294867865670654 wc=6.078410296590444 me=1.3013873909644786 mc=4.670715529282667 nan_elements=0
2019-01-18 14:45:20,238 MAP = 0.26193181818181815
2019-01-18 14:45:20,239 scale=[array([1.])]
2019-01-18 14:45:20,239 *** End Major Checkpoint

2019-01-18 14:45:20,239 11 loss=0.21419732192799232
2019-01-18 14:45:20,240 12 loss=0.19595077208606132
2019-01-18 14:45:20,240 13 loss=0.18028360963435763
2019-01-18 14:45:20,241 14 loss=0.16676815785474322
2019-01-18 14:45:20,241 15 loss=0.1550618120490652
2019-01-18 14:45:20,242 16 loss=0.14488500498396192
2019-01-18 14:45:20,242 17 loss=0.1360063744327223
2019-01-18 14:45:20,243 18 loss=0.12823241708161048
2019-01-18 14:45:20,243 19 loss=0.12140003489648742
2019-01-18 14:45:20,244 20 loss=0.11537100336144183
2019-01-18 14:45:20,244 
*** Major Checkpoint. Computing Stats and Saving
2019-01-18 14:45:20,244 	 Computing Major Stats lazily... 
2019-01-18 14:45:20,245 		 Completed edges=110 good=110 bad=0
2019-01-18 14:45:20,247 Distortion avg=0.2894914309691801 wc=4.747844391958336 me=1.491650686997727 mc=3.1829465392560574 nan_elements=0
2019-01-18 14:45:20,247 MAP = 0.6793740981240982
2019-01-18 14:45:20,247 scale=[array([1.])]
2019-01-18 14:45:20,247 *** End Major Checkpoint

2019-01-18 14:45:20,248 21 loss=0.11002775136988487
2019-01-18 14:45:20,248 22 loss=0.10527005867151937
2019-01-18 14:45:20,249 23 loss=0.10101241065884826
2019-01-18 14:45:20,249 24 loss=0.09718183551716034
2019-01-18 14:45:20,250 25 loss=0.09371610425254509
2019-01-18 14:45:20,250 26 loss=0.09056221085743889
2019-01-18 14:45:20,251 27 loss=0.08767507450261436
2019-01-18 14:45:20,252 28 loss=0.08501642227994143
2019-01-18 14:45:20,252 29 loss=0.08255382229704504
2019-01-18 14:45:20,253 30 loss=0.0802598445711902
2019-01-18 14:45:20,253 
*** Major Checkpoint. Computing Stats and Saving
2019-01-18 14:45:20,253 	 Computing Major Stats lazily... 
2019-01-18 14:45:20,253 		 Completed edges=110 good=110 bad=0
2019-01-18 14:45:20,255 Distortion avg=0.2345204797558606 wc=3.880860410372096 me=1.5151847431661212 mc=2.561311700025881 nan_elements=0
2019-01-18 14:45:20,255 MAP = 0.8591405122655122
2019-01-18 14:45:20,255 scale=[array([1.])]
2019-01-18 14:45:20,255 *** End Major Checkpoint

2019-01-18 14:45:20,256 31 loss=0.07811133234389919
2019-01-18 14:45:20,256 32 loss=0.07608876993199508
2019-01-18 14:45:20,257 33 loss=0.07417573559487928
2019-01-18 14:45:20,258 34 loss=0.07235842951740297
2019-01-18 14:45:20,258 35 loss=0.07062526815297318
2019-01-18 14:45:20,259 36 loss=0.0689665370297272
2019-01-18 14:45:20,259 37 loss=0.06737409481951911
2019-01-18 14:45:20,260 38 loss=0.06584112208525454
2019-01-18 14:45:20,260 39 loss=0.06436190870334199
2019-01-18 14:45:20,261 40 loss=0.06293167452733203
2019-01-18 14:45:20,261 
*** Major Checkpoint. Computing Stats and Saving
2019-01-18 14:45:20,261 	 Computing Major Stats lazily... 
2019-01-18 14:45:20,261 		 Completed edges=110 good=110 bad=0
2019-01-18 14:45:20,263 Distortion avg=0.20687185819399995 wc=3.2229686405083857 me=1.4801215606413554 mc=2.177502663437882 nan_elements=0
2019-01-18 14:45:20,263 MAP = 0.9318181818181818
2019-01-18 14:45:20,263 scale=[array([1.])]
2019-01-18 14:45:20,264 *** End Major Checkpoint

2019-01-18 14:45:20,264 41 loss=0.061546418422723556
2019-01-18 14:45:20,265 42 loss=0.06020279135815315
2019-01-18 14:45:20,265 43 loss=0.05889798977646802
2019-01-18 14:45:20,266 44 loss=0.05762966598070067
2019-01-18 14:45:20,266 45 loss=0.05639585274566131
2019-01-18 14:45:20,267 46 loss=0.05519489979875515
2019-01-18 14:45:20,267 47 loss=0.05402542019937612
2019-01-18 14:45:20,268 48 loss=0.052886244983131214
2019-01-18 14:45:20,269 49 loss=0.05177638472589838
2019-01-18 14:45:20,269 50 loss=0.05069499692585708
2019-01-18 14:45:20,269 
*** Major Checkpoint. Computing Stats and Saving
2019-01-18 14:45:20,269 	 Computing Major Stats lazily... 
2019-01-18 14:45:20,270 		 Completed edges=110 good=110 bad=0
2019-01-18 14:45:20,272 Distortion avg=0.18670308242893896 wc=2.7098011201250713 me=1.4198737649607385 mc=1.9084803078955412 nan_elements=0
2019-01-18 14:45:20,272 MAP = 1.0
2019-01-18 14:45:20,272 scale=[array([1.])]
2019-01-18 14:45:20,272 *** End Major Checkpoint

2019-01-18 14:45:20,272 final loss=0.05069499692585708
2019-01-18 14:45:20,272 best loss=0.05069499692585708, distortion=0.18670308242893896, map=1.0, wc_dist=2.7098011201250713
2019-01-18 14:45:20,272 	 Computing Major Stats lazily... 
2019-01-18 14:45:20,273 		 Completed edges=110 good=110 bad=0
2019-01-18 14:45:20,274 Distortion avg=0.18670308242893888 wc=2.7098011201250713 me=1.4198737649607385 mc=1.9084803078955412 nan_elements=0
2019-01-18 14:45:20,275 MAP = 1.0
2019-01-18 14:45:20,275 scale=[array([1.])]
