2019-01-18 15:12:32,798 Commandline ['pytorch/pytorch_hyperbolic.py', 'learn', 'data/edges/parsing/ewt/ewt_dev/360.edges', '--dim', '0', '--hyp', '0', '--edim', '10', '--euc', '1', '--sdim', '0', '--sph', '0', '--log-name', 'ewt_devr2/360.edges.E10-1.lr1.log', '--batch-size', '65536', '--epochs', '50', '--checkpoint-freq', '10', '-g', '--subsample', '1024', '--learning-rate', '1']
2019-01-18 15:12:32,798 No Model Save selected!
2019-01-18 15:12:32,800 Loaded Graph data/edges/parsing/ewt/ewt_dev/360.edges with 25 nodes scale=1.0
2019-01-18 15:12:32,800 Building dataset
2019-01-18 15:12:32,800 Subsample: 25 points with scale 1.0 subsample=24
2019-01-18 15:12:32,830 Built Data Sampler
2019-01-18 15:12:32,830 Creating a fresh model warm_start?=None
2019-01-18 15:12:32,830 	 Warmstarting? None None 25
2019-01-18 15:12:32,830 Embedding() torch.Size([25, 10])
2019-01-18 15:12:32,831 relative No Rescale
2019-01-18 15:12:32,831 Constructed model with dim=0 and epochs=0 isnan=False
2019-01-18 15:12:32,831 SGD (
Parameter Group 0
    dampening: 0
    initial_lr: 0.1
    lr: 1.0
    momentum: 0.0
    nesterov: False
    weight_decay: 0

Parameter Group 1
    dampening: 0
    initial_lr: 0.1
    lr: 1.0
    momentum: 0.0
    nesterov: False
    weight_decay: 0

Parameter Group 2
    dampening: 0
    initial_lr: 0.1
    lr: 1.0
    momentum: 0.0
    nesterov: False
    weight_decay: 0

Parameter Group 3
    dampening: 0
    initial_lr: 0.0001
    lr: 0.001
    momentum: 0.0
    nesterov: False
    weight_decay: 0
)
2019-01-18 15:12:32,831 *** Initial Checkpoint. Computing Stats
2019-01-18 15:12:32,831 	 Computing Major Stats lazily... 
2019-01-18 15:12:32,834 		 Completed edges=600 good=600 bad=0
2019-01-18 15:12:32,838 Distortion avg=0.9985314185199352 wc=18.8613681102422 me=0.005628252251848828 mc=3351.19452118487 nan_elements=0
2019-01-18 15:12:32,838 MAP = 0.14804889415784558
2019-01-18 15:12:32,838 scale=[array([1.])]
2019-01-18 15:12:32,838 *** End Initial Checkpoint

2019-01-18 15:12:32,898 1 loss=0.997066167034489
2019-01-18 15:12:32,899 2 loss=0.9588618815725435
2019-01-18 15:12:32,900 3 loss=0.9221034521005849
2019-01-18 15:12:32,901 4 loss=0.8877830936357454
2019-01-18 15:12:32,901 5 loss=0.8558841230933524
2019-01-18 15:12:32,902 6 loss=0.8262683246941138
2019-01-18 15:12:32,903 7 loss=0.7987724343845205
2019-01-18 15:12:32,904 8 loss=0.7732322503665361
2019-01-18 15:12:32,905 9 loss=0.7494906938450515
2019-01-18 15:12:32,906 10 loss=0.7274007048043614
2019-01-18 15:12:32,906 
*** Major Checkpoint. Computing Stats and Saving
2019-01-18 15:12:32,906 	 Computing Major Stats lazily... 
2019-01-18 15:12:32,909 		 Completed edges=600 good=600 bad=0
2019-01-18 15:12:32,913 Distortion avg=0.8264636479600491 wc=40.02879820481406 me=0.8592201278491499 mc=46.58736091880958 nan_elements=0
2019-01-18 15:12:32,913 MAP = 0.07692034391477116
2019-01-18 15:12:32,913 scale=[array([1.])]
2019-01-18 15:12:32,913 *** End Major Checkpoint

2019-01-18 15:12:32,914 11 loss=0.7068261078015005
2019-01-18 15:12:32,915 12 loss=0.6876415863940215
2019-01-18 15:12:32,916 13 loss=0.6697322470311375
2019-01-18 15:12:32,917 14 loss=0.6529929973177695
2019-01-18 15:12:32,918 15 loss=0.6373278513215036
2019-01-18 15:12:32,919 16 loss=0.6226492207623481
2019-01-18 15:12:32,920 17 loss=0.6088772233012727
2019-01-18 15:12:32,920 18 loss=0.595939024229639
2019-01-18 15:12:32,921 19 loss=0.5837682195097006
2019-01-18 15:12:32,922 20 loss=0.5723042633276941
2019-01-18 15:12:32,922 
*** Major Checkpoint. Computing Stats and Saving
2019-01-18 15:12:32,922 	 Computing Major Stats lazily... 
2019-01-18 15:12:32,925 		 Completed edges=600 good=600 bad=0
2019-01-18 15:12:32,929 Distortion avg=0.7177218222729509 wc=34.75551163907929 me=1.3222944248417232 mc=26.284245767155433 nan_elements=0
2019-01-18 15:12:32,929 MAP = 0.07714398219848484
2019-01-18 15:12:32,929 scale=[array([1.])]
2019-01-18 15:12:32,929 *** End Major Checkpoint

2019-01-18 15:12:32,930 21 loss=0.5614919405475385
2019-01-18 15:12:32,931 22 loss=0.5512808828566323
2019-01-18 15:12:32,932 23 loss=0.5416251265030835
2019-01-18 15:12:32,933 24 loss=0.5324827090604322
2019-01-18 15:12:32,933 25 loss=0.5238153024561598
2019-01-18 15:12:32,934 26 loss=0.515587879462514
2019-01-18 15:12:32,935 27 loss=0.5077684109088662
2019-01-18 15:12:32,936 28 loss=0.500327590993643
2019-01-18 15:12:32,937 29 loss=0.4932385882250237
2019-01-18 15:12:32,938 30 loss=0.48647681968644707
2019-01-18 15:12:32,938 
*** Major Checkpoint. Computing Stats and Saving
2019-01-18 15:12:32,938 	 Computing Major Stats lazily... 
2019-01-18 15:12:32,940 		 Completed edges=600 good=600 bad=0
2019-01-18 15:12:32,944 Distortion avg=0.6641949718202531 wc=30.555475094188566 me=1.5711865512829668 mc=19.44738838888241 nan_elements=0
2019-01-18 15:12:32,944 MAP = 0.08046716992979949
2019-01-18 15:12:32,944 scale=[array([1.])]
2019-01-18 15:12:32,945 *** End Major Checkpoint

2019-01-18 15:12:32,945 31 loss=0.4800197464949054
2019-01-18 15:12:32,946 32 loss=0.47384668849022415
2019-01-18 15:12:32,947 33 loss=0.46793865635789256
2019-01-18 15:12:32,948 34 loss=0.46227819954399385
2019-01-18 15:12:32,949 35 loss=0.45684926846707175
2019-01-18 15:12:32,950 36 loss=0.45163708966774124
2019-01-18 15:12:32,951 37 loss=0.44662805266241073
2019-01-18 15:12:32,952 38 loss=0.4418096073828471
2019-01-18 15:12:32,952 39 loss=0.43717017118888785
2019-01-18 15:12:32,953 40 loss=0.43269904453794356
2019-01-18 15:12:32,953 
*** Major Checkpoint. Computing Stats and Saving
2019-01-18 15:12:32,953 	 Computing Major Stats lazily... 
2019-01-18 15:12:32,956 		 Completed edges=600 good=600 bad=0
2019-01-18 15:12:32,960 Distortion avg=0.6262433590659117 wc=26.93926484288763 me=1.6843984074316114 mc=15.993404365636339 nan_elements=0
2019-01-18 15:12:32,960 MAP = 0.08972494856252766
2019-01-18 15:12:32,960 scale=[array([1.])]
2019-01-18 15:12:32,960 *** End Major Checkpoint

2019-01-18 15:12:32,961 41 loss=0.4283863344825955
2019-01-18 15:12:32,962 42 loss=0.42422288524724644
2019-01-18 15:12:32,963 43 loss=0.42020021520701356
2019-01-18 15:12:32,964 44 loss=0.41631045965748037
2019-01-18 15:12:32,965 45 loss=0.4125463188231382
2019-01-18 15:12:32,966 46 loss=0.40890101060587947
2019-01-18 15:12:32,967 47 loss=0.40536822762327507
2019-01-18 15:12:32,967 48 loss=0.40194209813005294
2019-01-18 15:12:32,968 49 loss=0.39861715045562846
2019-01-18 15:12:32,969 50 loss=0.39538828062612147
2019-01-18 15:12:32,969 
*** Major Checkpoint. Computing Stats and Saving
2019-01-18 15:12:32,969 	 Computing Major Stats lazily... 
2019-01-18 15:12:32,972 		 Completed edges=600 good=600 bad=0
2019-01-18 15:12:32,976 Distortion avg=0.5939063009030863 wc=24.57791316080303 me=1.7728294025313938 mc=13.863665125199656 nan_elements=0
2019-01-18 15:12:32,976 MAP = 0.10449565719835271
2019-01-18 15:12:32,976 scale=[array([1.])]
2019-01-18 15:12:32,976 *** End Major Checkpoint

2019-01-18 15:12:32,976 final loss=0.39538828062612147
2019-01-18 15:12:32,977 best loss=0.39538828062612147, distortion=0.5939063009030863, map=0.10449565719835271, wc_dist=24.57791316080303
2019-01-18 15:12:32,977 	 Computing Major Stats lazily... 
2019-01-18 15:12:32,979 		 Completed edges=600 good=600 bad=0
2019-01-18 15:12:32,983 Distortion avg=0.593906300903086 wc=24.57791316080303 me=1.7728294025313938 mc=13.863665125199656 nan_elements=0
2019-01-18 15:12:32,983 MAP = 0.1044956571983527
2019-01-18 15:12:32,983 scale=[array([1.])]
