2019-01-18 14:55:48,310 Commandline ['pytorch/pytorch_hyperbolic.py', 'learn', 'data/edges/parsing/ewt/ewt_dev/362.edges', '--dim', '0', '--hyp', '0', '--edim', '10', '--euc', '1', '--sdim', '0', '--sph', '0', '--log-name', 'ewt_devr2/362.edges.E10-1.lr1.log', '--batch-size', '65536', '--epochs', '50', '--checkpoint-freq', '10', '-g', '--subsample', '1024', '--learning-rate', '1']
2019-01-18 14:55:48,311 No Model Save selected!
2019-01-18 14:55:48,313 Loaded Graph data/edges/parsing/ewt/ewt_dev/362.edges with 34 nodes scale=1.0
2019-01-18 14:55:48,313 Building dataset
2019-01-18 14:55:48,313 Subsample: 34 points with scale 1.0 subsample=33
2019-01-18 14:55:48,360 Built Data Sampler
2019-01-18 14:55:48,361 Creating a fresh model warm_start?=None
2019-01-18 14:55:48,361 	 Warmstarting? None None 34
2019-01-18 14:55:48,361 Embedding() torch.Size([34, 10])
2019-01-18 14:55:48,361 relative No Rescale
2019-01-18 14:55:48,361 Constructed model with dim=0 and epochs=0 isnan=False
2019-01-18 14:55:48,362 SGD (
Parameter Group 0
    dampening: 0
    initial_lr: 0.1
    lr: 1.0
    momentum: 0.0
    nesterov: False
    weight_decay: 0

Parameter Group 1
    dampening: 0
    initial_lr: 0.1
    lr: 1.0
    momentum: 0.0
    nesterov: False
    weight_decay: 0

Parameter Group 2
    dampening: 0
    initial_lr: 0.1
    lr: 1.0
    momentum: 0.0
    nesterov: False
    weight_decay: 0

Parameter Group 3
    dampening: 0
    initial_lr: 0.0001
    lr: 0.001
    momentum: 0.0
    nesterov: False
    weight_decay: 0
)
2019-01-18 14:55:48,362 *** Initial Checkpoint. Computing Stats
2019-01-18 14:55:48,362 	 Computing Major Stats lazily... 
2019-01-18 14:55:48,366 		 Completed edges=1122 good=1122 bad=0
2019-01-18 14:55:48,372 Distortion avg=0.9987647304537864 wc=28.708862987535134 me=0.006218119634235663 mc=4616.9685815419425 nan_elements=0
2019-01-18 14:55:48,372 MAP = 0.09785227896071377
2019-01-18 14:55:48,372 scale=[array([1.])]
2019-01-18 14:55:48,372 *** End Initial Checkpoint

2019-01-18 14:55:48,430 1 loss=0.9975321099305182
2019-01-18 14:55:48,431 2 loss=0.9775207189874853
2019-01-18 14:55:48,432 3 loss=0.9577667565184663
2019-01-18 14:55:48,433 4 loss=0.9387210374785319
2019-01-18 14:55:48,435 5 loss=0.9204258125699043
2019-01-18 14:55:48,436 6 loss=0.9028723694037086
2019-01-18 14:55:48,437 7 loss=0.8860378524780366
2019-01-18 14:55:48,438 8 loss=0.8698945187592242
2019-01-18 14:55:48,440 9 loss=0.8544130478519714
2019-01-18 14:55:48,441 10 loss=0.8395639691029962
2019-01-18 14:55:48,441 
*** Major Checkpoint. Computing Stats and Saving
2019-01-18 14:55:48,441 	 Computing Major Stats lazily... 
2019-01-18 14:55:48,445 		 Completed edges=1122 good=1122 bad=0
2019-01-18 14:55:48,451 Distortion avg=0.9033633495659574 wc=36.856928082564174 me=0.5554857644314535 mc=66.35080580379534 nan_elements=0
2019-01-18 14:55:48,451 MAP = 0.05542603664497476
2019-01-18 14:55:48,451 scale=[array([1.])]
2019-01-18 14:55:48,451 *** End Major Checkpoint

2019-01-18 14:55:48,452 11 loss=0.8253183450199032
2019-01-18 14:55:48,453 12 loss=0.81164811542311
2019-01-18 14:55:48,454 13 loss=0.7985262705103703
2019-01-18 14:55:48,456 14 loss=0.7859269312681435
2019-01-18 14:55:48,457 15 loss=0.7738253771258888
2019-01-18 14:55:48,458 16 loss=0.7621980425648638
2019-01-18 14:55:48,459 17 loss=0.7510224951451853
2019-01-18 14:55:48,460 18 loss=0.7402774024163581
2019-01-18 14:55:48,462 19 loss=0.7299424923350105
2019-01-18 14:55:48,463 20 loss=0.719998510128672
2019-01-18 14:55:48,463 
*** Major Checkpoint. Computing Stats and Saving
2019-01-18 14:55:48,463 	 Computing Major Stats lazily... 
2019-01-18 14:55:48,467 		 Completed edges=1122 good=1122 bad=0
2019-01-18 14:55:48,472 Distortion avg=0.825645609430506 wc=34.010108840700326 me=0.9545308081400314 mc=35.630184537439234 nan_elements=0
2019-01-18 14:55:48,473 MAP = 0.055094790902108504
2019-01-18 14:55:48,473 scale=[array([1.])]
2019-01-18 14:55:48,473 *** End Major Checkpoint

2019-01-18 14:55:48,474 21 loss=0.7104271735092154
2019-01-18 14:55:48,476 22 loss=0.7012111274840531
2019-01-18 14:55:48,477 23 loss=0.6923338995874831
2019-01-18 14:55:48,478 24 loss=0.683779856072155
2019-01-18 14:55:48,479 25 loss=0.6755341594099695
2019-01-18 14:55:48,480 26 loss=0.6675827273212063
2019-01-18 14:55:48,482 27 loss=0.6599121934603585
2019-01-18 14:55:48,483 28 loss=0.6525098698242429
2019-01-18 14:55:48,484 29 loss=0.6453637109039566
2019-01-18 14:55:48,485 30 loss=0.6384622795715477
2019-01-18 14:55:48,485 
*** Major Checkpoint. Computing Stats and Saving
2019-01-18 14:55:48,485 	 Computing Major Stats lazily... 
2019-01-18 14:55:48,489 		 Completed edges=1122 good=1122 bad=0
2019-01-18 14:55:48,494 Distortion avg=0.767798223898742 wc=31.008942355723786 me=1.2302881900064555 mc=25.204616778090895 nan_elements=0
2019-01-18 14:55:48,494 MAP = 0.05582065027094983
2019-01-18 14:55:48,495 scale=[array([1.])]
2019-01-18 14:55:48,495 *** End Major Checkpoint

2019-01-18 14:55:48,496 31 loss=0.6317947146709618
2019-01-18 14:55:48,497 32 loss=0.6253507002682535
2019-01-18 14:55:48,498 33 loss=0.6191204365063424
2019-01-18 14:55:48,499 34 loss=0.6130946120034027
2019-01-18 14:55:48,501 35 loss=0.6072643777303293
2019-01-18 14:55:48,502 36 loss=0.6016213223009711
2019-01-18 14:55:48,503 37 loss=0.5961574486083916
2019-01-18 14:55:48,504 38 loss=0.5908651517409955
2019-01-18 14:55:48,505 39 loss=0.5857371981136097
2019-01-18 14:55:48,506 40 loss=0.5807667057503706
2019-01-18 14:55:48,506 
*** Major Checkpoint. Computing Stats and Saving
2019-01-18 14:55:48,507 	 Computing Major Stats lazily... 
2019-01-18 14:55:48,511 		 Completed edges=1122 good=1122 bad=0
2019-01-18 14:55:48,516 Distortion avg=0.7323631737809506 wc=28.267227762545232 me=1.4162910596245757 mc=19.958628962918247 nan_elements=0
2019-01-18 14:55:48,516 MAP = 0.057007989468283025
2019-01-18 14:55:48,516 scale=[array([1.])]
2019-01-18 14:55:48,516 *** End Major Checkpoint

2019-01-18 14:55:48,517 41 loss=0.5759471256583646
2019-01-18 14:55:48,518 42 loss=0.5712722242332734
2019-01-18 14:55:48,519 43 loss=0.5667360666407325
2019-01-18 14:55:48,521 44 loss=0.5623330011196164
2019-01-18 14:55:48,522 45 loss=0.5580576441560057
2019-01-18 14:55:48,523 46 loss=0.5539048664791071
2019-01-18 14:55:48,524 47 loss=0.5498697798328646
2019-01-18 14:55:48,525 48 loss=0.5459477244794206
2019-01-18 14:55:48,526 49 loss=0.5421342573929195
2019-01-18 14:55:48,528 50 loss=0.5384251411043907
2019-01-18 14:55:48,528 
*** Major Checkpoint. Computing Stats and Saving
2019-01-18 14:55:48,528 	 Computing Major Stats lazily... 
2019-01-18 14:55:48,532 		 Completed edges=1122 good=1122 bad=0
2019-01-18 14:55:48,537 Distortion avg=0.7049815721459803 wc=26.076789062101202 me=1.552482230164623 mc=16.796835773982455 nan_elements=0
2019-01-18 14:55:48,537 MAP = 0.059488299843131684
2019-01-18 14:55:48,537 scale=[array([1.])]
2019-01-18 14:55:48,537 *** End Major Checkpoint

2019-01-18 14:55:48,537 final loss=0.5384251411043907
2019-01-18 14:55:48,538 best loss=0.5384251411043907, distortion=0.7049815721459803, map=0.059488299843131684, wc_dist=26.076789062101202
2019-01-18 14:55:48,538 	 Computing Major Stats lazily... 
2019-01-18 14:55:48,542 		 Completed edges=1122 good=1122 bad=0
2019-01-18 14:55:48,547 Distortion avg=0.7049815721459803 wc=26.076789062101202 me=1.552482230164623 mc=16.796835773982455 nan_elements=0
2019-01-18 14:55:48,547 MAP = 0.05948829984313167
2019-01-18 14:55:48,548 scale=[array([1.])]
