2019-01-18 14:54:04,225 Commandline ['pytorch/pytorch_hyperbolic.py', 'learn', 'data/edges/parsing/ewt/ewt_dev/380.edges', '--dim', '0', '--hyp', '0', '--edim', '10', '--euc', '1', '--sdim', '0', '--sph', '0', '--log-name', 'ewt_devr2/380.edges.E10-1.lr1.log', '--batch-size', '65536', '--epochs', '50', '--checkpoint-freq', '10', '-g', '--subsample', '1024', '--learning-rate', '1']
2019-01-18 14:54:04,225 No Model Save selected!
2019-01-18 14:54:04,227 Loaded Graph data/edges/parsing/ewt/ewt_dev/380.edges with 52 nodes scale=1.0
2019-01-18 14:54:04,227 Building dataset
2019-01-18 14:54:04,228 Subsample: 52 points with scale 1.0 subsample=51
2019-01-18 14:54:04,331 Built Data Sampler
2019-01-18 14:54:04,331 Creating a fresh model warm_start?=None
2019-01-18 14:54:04,331 	 Warmstarting? None None 52
2019-01-18 14:54:04,331 Embedding() torch.Size([52, 10])
2019-01-18 14:54:04,331 relative No Rescale
2019-01-18 14:54:04,332 Constructed model with dim=0 and epochs=0 isnan=False
2019-01-18 14:54:04,332 SGD (
Parameter Group 0
    dampening: 0
    initial_lr: 0.1
    lr: 1.0
    momentum: 0.0
    nesterov: False
    weight_decay: 0

Parameter Group 1
    dampening: 0
    initial_lr: 0.1
    lr: 1.0
    momentum: 0.0
    nesterov: False
    weight_decay: 0

Parameter Group 2
    dampening: 0
    initial_lr: 0.1
    lr: 1.0
    momentum: 0.0
    nesterov: False
    weight_decay: 0

Parameter Group 3
    dampening: 0
    initial_lr: 0.0001
    lr: 0.001
    momentum: 0.0
    nesterov: False
    weight_decay: 0
)
2019-01-18 14:54:04,332 *** Initial Checkpoint. Computing Stats
2019-01-18 14:54:04,332 	 Computing Major Stats lazily... 
2019-01-18 14:54:04,343 		 Completed edges=2652 good=2652 bad=0
2019-01-18 14:54:04,351 Distortion avg=0.9988613519442172 wc=26.542224907187453 me=0.006009979300171955 mc=4416.358789526619 nan_elements=0
2019-01-18 14:54:04,351 MAP = 0.0823223326751016
2019-01-18 14:54:04,351 scale=[array([1.])]
2019-01-18 14:54:04,352 *** End Initial Checkpoint

2019-01-18 14:54:04,411 1 loss=0.9977247323083369
2019-01-18 14:54:04,414 2 loss=0.9869215911966421
2019-01-18 14:54:04,416 3 loss=0.9760321939477803
2019-01-18 14:54:04,418 4 loss=0.9652920383384151
2019-01-18 14:54:04,420 5 loss=0.9547421451740332
2019-01-18 14:54:04,422 6 loss=0.9443949933384376
2019-01-18 14:54:04,424 7 loss=0.9342542445105345
2019-01-18 14:54:04,426 8 loss=0.9243198557622408
2019-01-18 14:54:04,429 9 loss=0.9145899500388955
2019-01-18 14:54:04,431 10 loss=0.9050616517202871
2019-01-18 14:54:04,431 
*** Major Checkpoint. Computing Stats and Saving
2019-01-18 14:54:04,431 	 Computing Major Stats lazily... 
2019-01-18 14:54:04,441 		 Completed edges=2652 good=2652 bad=0
2019-01-18 14:54:04,449 Distortion avg=0.9450583135240812 wc=53.66076153317875 me=0.3941882720865184 mc=136.12977689351706 nan_elements=0
2019-01-18 14:54:04,450 MAP = 0.038928797345133534
2019-01-18 14:54:04,450 scale=[array([1.])]
2019-01-18 14:54:04,450 *** End Major Checkpoint

2019-01-18 14:54:04,452 11 loss=0.8957315122400699
2019-01-18 14:54:04,454 12 loss=0.8865957479308572
2019-01-18 14:54:04,456 13 loss=0.8776503823136647
2019-01-18 14:54:04,458 14 loss=0.868891335711553
2019-01-18 14:54:04,461 15 loss=0.8603144839414851
2019-01-18 14:54:04,463 16 loss=0.8519156979118124
2019-01-18 14:54:04,465 17 loss=0.8436908709290376
2019-01-18 14:54:04,467 18 loss=0.8356359378154476
2019-01-18 14:54:04,470 19 loss=0.8277468884101761
2019-01-18 14:54:04,472 20 loss=0.8200197771227772
2019-01-18 14:54:04,472 
*** Major Checkpoint. Computing Stats and Saving
2019-01-18 14:54:04,472 	 Computing Major Stats lazily... 
2019-01-18 14:54:04,482 		 Completed edges=2652 good=2652 bad=0
2019-01-18 14:54:04,491 Distortion avg=0.896253966704515 wc=53.41481853799688 me=0.7252181086540888 mc=73.65345390661561 nan_elements=0
2019-01-18 14:54:04,491 MAP = 0.03804845755681845
2019-01-18 14:54:04,491 scale=[array([1.])]
2019-01-18 14:54:04,491 *** End Major Checkpoint

2019-01-18 14:54:04,493 21 loss=0.812450729654412
2019-01-18 14:54:04,495 22 loss=0.8050359476508787
2019-01-18 14:54:04,498 23 loss=0.7977717118231199
2019-01-18 14:54:04,500 24 loss=0.7906543839181248
2019-01-18 14:54:04,502 25 loss=0.7836804078188114
2019-01-18 14:54:04,504 26 loss=0.7768463099787501
2019-01-18 14:54:04,507 27 loss=0.7701486993459844
2019-01-18 14:54:04,509 28 loss=0.7635842668929802
2019-01-18 14:54:04,511 29 loss=0.7571497848424755
2019-01-18 14:54:04,514 30 loss=0.7508421056587747
2019-01-18 14:54:04,514 
*** Major Checkpoint. Computing Stats and Saving
2019-01-18 14:54:04,514 	 Computing Major Stats lazily... 
2019-01-18 14:54:04,524 		 Completed edges=2652 good=2652 bad=0
2019-01-18 14:54:04,533 Distortion avg=0.8523691907048311 wc=51.109136484736595 me=0.9963865972006082 mc=51.294484117239186 nan_elements=0
2019-01-18 14:54:04,533 MAP = 0.03778741320225534
2019-01-18 14:54:04,533 scale=[array([1.])]
2019-01-18 14:54:04,533 *** End Major Checkpoint

2019-01-18 14:54:04,535 31 loss=0.7446581608588435
2019-01-18 14:54:04,538 32 loss=0.738594959686001
2019-01-18 14:54:04,540 33 loss=0.7326495876801472
2019-01-18 14:54:04,542 34 loss=0.7268192051715909
2019-01-18 14:54:04,545 35 loss=0.7211010457201665
2019-01-18 14:54:04,547 36 loss=0.7154924145170902
2019-01-18 14:54:04,549 37 loss=0.709990686763646
2019-01-18 14:54:04,551 38 loss=0.7045933060381012
2019-01-18 14:54:04,554 39 loss=0.6992977826600788
2019-01-18 14:54:04,556 40 loss=0.6941016920598754
2019-01-18 14:54:04,556 
*** Major Checkpoint. Computing Stats and Saving
2019-01-18 14:54:04,556 	 Computing Major Stats lazily... 
2019-01-18 14:54:04,566 		 Completed edges=2652 good=2652 bad=0
2019-01-18 14:54:04,574 Distortion avg=0.8137326601847089 wc=48.345056355574016 me=1.2166290011105516 mc=39.73689293239282 nan_elements=0
2019-01-18 14:54:04,574 MAP = 0.037868092351205404
2019-01-18 14:54:04,574 scale=[array([1.])]
2019-01-18 14:54:04,574 *** End Major Checkpoint

2019-01-18 14:54:04,577 41 loss=0.6890026731587763
2019-01-18 14:54:04,579 42 loss=0.6839984267652661
2019-01-18 14:54:04,581 43 loss=0.6790867139910663
2019-01-18 14:54:04,583 44 loss=0.6742653546901568
2019-01-18 14:54:04,585 45 loss=0.6695322259232737
2019-01-18 14:54:04,588 46 loss=0.6648852604498497
2019-01-18 14:54:04,590 47 loss=0.6603224452489066
2019-01-18 14:54:04,592 48 loss=0.6558418200700366
2019-01-18 14:54:04,594 49 loss=0.6514414760153039
2019-01-18 14:54:04,596 50 loss=0.6471195541526292
2019-01-18 14:54:04,596 
*** Major Checkpoint. Computing Stats and Saving
2019-01-18 14:54:04,596 	 Computing Major Stats lazily... 
2019-01-18 14:54:04,606 		 Completed edges=2652 good=2652 bad=0
2019-01-18 14:54:04,614 Distortion avg=0.7825411144741887 wc=45.5336639270331 me=1.3942764649525103 mc=32.657557573120194 nan_elements=0
2019-01-18 14:54:04,614 MAP = 0.03826453534401924
2019-01-18 14:54:04,614 scale=[array([1.])]
2019-01-18 14:54:04,614 *** End Major Checkpoint

2019-01-18 14:54:04,614 final loss=0.6471195541526292
2019-01-18 14:54:04,614 best loss=0.6471195541526292, distortion=0.7825411144741887, map=0.038928797345133534, wc_dist=45.5336639270331
2019-01-18 14:54:04,614 	 Computing Major Stats lazily... 
2019-01-18 14:54:04,624 		 Completed edges=2652 good=2652 bad=0
2019-01-18 14:54:04,632 Distortion avg=0.7825411144741865 wc=45.5336639270331 me=1.3942764649525103 mc=32.657557573120194 nan_elements=0
2019-01-18 14:54:04,632 MAP = 0.038264535344019246
2019-01-18 14:54:04,633 scale=[array([1.])]
