2019-01-18 14:47:17,221 Commandline ['pytorch/pytorch_hyperbolic.py', 'learn', 'data/edges/parsing/ewt/ewt_dev/382.edges', '--dim', '0', '--hyp', '0', '--edim', '10', '--euc', '1', '--sdim', '0', '--sph', '0', '--log-name', 'ewt_devr2/382.edges.E10-1.lr1.log', '--batch-size', '65536', '--epochs', '50', '--checkpoint-freq', '10', '-g', '--subsample', '1024', '--learning-rate', '1']
2019-01-18 14:47:17,222 No Model Save selected!
2019-01-18 14:47:17,223 Loaded Graph data/edges/parsing/ewt/ewt_dev/382.edges with 12 nodes scale=1.0
2019-01-18 14:47:17,223 Building dataset
2019-01-18 14:47:17,224 Subsample: 12 points with scale 1.0 subsample=11
2019-01-18 14:47:17,234 Built Data Sampler
2019-01-18 14:47:17,234 Creating a fresh model warm_start?=None
2019-01-18 14:47:17,234 	 Warmstarting? None None 12
2019-01-18 14:47:17,234 Embedding() torch.Size([12, 10])
2019-01-18 14:47:17,235 relative No Rescale
2019-01-18 14:47:17,235 Constructed model with dim=0 and epochs=0 isnan=False
2019-01-18 14:47:17,235 SGD (
Parameter Group 0
    dampening: 0
    initial_lr: 0.1
    lr: 1.0
    momentum: 0.0
    nesterov: False
    weight_decay: 0

Parameter Group 1
    dampening: 0
    initial_lr: 0.1
    lr: 1.0
    momentum: 0.0
    nesterov: False
    weight_decay: 0

Parameter Group 2
    dampening: 0
    initial_lr: 0.1
    lr: 1.0
    momentum: 0.0
    nesterov: False
    weight_decay: 0

Parameter Group 3
    dampening: 0
    initial_lr: 0.0001
    lr: 0.001
    momentum: 0.0
    nesterov: False
    weight_decay: 0
)
2019-01-18 14:47:17,235 *** Initial Checkpoint. Computing Stats
2019-01-18 14:47:17,235 	 Computing Major Stats lazily... 
2019-01-18 14:47:17,236 		 Completed edges=132 good=132 bad=0
2019-01-18 14:47:17,239 Distortion avg=0.9979719712441419 wc=10.393271223394974 me=0.005982886981094694 mc=1737.1665646094668 nan_elements=0
2019-01-18 14:47:17,239 MAP = 0.3280453342953343
2019-01-18 14:47:17,239 scale=[array([1.])]
2019-01-18 14:47:17,239 *** End Initial Checkpoint

2019-01-18 14:47:17,296 1 loss=0.9959495774821551
2019-01-18 14:47:17,297 2 loss=0.8380256438578942
2019-01-18 14:47:17,297 3 loss=0.7152021575321803
2019-01-18 14:47:17,298 4 loss=0.6230378994435715
2019-01-18 14:47:17,298 5 loss=0.5530814175445317
2019-01-18 14:47:17,299 6 loss=0.4990123338399919
2019-01-18 14:47:17,299 7 loss=0.4563699720350062
2019-01-18 14:47:17,300 8 loss=0.4220394278809809
2019-01-18 14:47:17,301 9 loss=0.3938420085630461
2019-01-18 14:47:17,301 10 loss=0.3702435695496025
2019-01-18 14:47:17,301 
*** Major Checkpoint. Computing Stats and Saving
2019-01-18 14:47:17,301 	 Computing Major Stats lazily... 
2019-01-18 14:47:17,302 		 Completed edges=132 good=132 bad=0
2019-01-18 14:47:17,304 Distortion avg=0.5463433679532874 wc=9.492888360457862 me=1.3260751380080509 mc=7.158635350571084 nan_elements=0
2019-01-18 14:47:17,304 MAP = 0.1816285874619208
2019-01-18 14:47:17,304 scale=[array([1.])]
2019-01-18 14:47:17,304 *** End Major Checkpoint

2019-01-18 14:47:17,305 11 loss=0.3501534874128063
2019-01-18 14:47:17,306 12 loss=0.33278754257509924
2019-01-18 14:47:17,306 13 loss=0.3175745546653873
2019-01-18 14:47:17,307 14 loss=0.3040926550443548
2019-01-18 14:47:17,307 15 loss=0.29202558604850404
2019-01-18 14:47:17,308 16 loss=0.28113255489899597
2019-01-18 14:47:17,308 17 loss=0.2712272968415307
2019-01-18 14:47:17,309 18 loss=0.2621634266031867
2019-01-18 14:47:17,309 19 loss=0.25382410799999683
2019-01-18 14:47:17,310 20 loss=0.24611470649912803
2019-01-18 14:47:17,310 
*** Major Checkpoint. Computing Stats and Saving
2019-01-18 14:47:17,310 	 Computing Major Stats lazily... 
2019-01-18 14:47:17,311 		 Completed edges=132 good=132 bad=0
2019-01-18 14:47:17,312 Distortion avg=0.45249187726360707 wc=6.838145611751886 me=1.4772911544889398 mc=4.628840828683837 nan_elements=0
2019-01-18 14:47:17,313 MAP = 0.33593253968253967
2019-01-18 14:47:17,313 scale=[array([1.])]
2019-01-18 14:47:17,313 *** End Major Checkpoint

2019-01-18 14:47:17,313 21 loss=0.23895751496350104
2019-01-18 14:47:17,314 22 loss=0.23228792916597937
2019-01-18 14:47:17,314 23 loss=0.22605164347039666
2019-01-18 14:47:17,315 24 loss=0.2202025690184542
2019-01-18 14:47:17,316 25 loss=0.21470126711847293
2019-01-18 14:47:17,316 26 loss=0.20951375276969889
2019-01-18 14:47:17,317 27 loss=0.20461056636076594
2019-01-18 14:47:17,317 28 loss=0.19996604158549933
2019-01-18 14:47:17,318 29 loss=0.19555771859801785
2019-01-18 14:47:17,318 30 loss=0.1913658661515231
2019-01-18 14:47:17,318 
*** Major Checkpoint. Computing Stats and Saving
2019-01-18 14:47:17,318 	 Computing Major Stats lazily... 
2019-01-18 14:47:17,319 		 Completed edges=132 good=132 bad=0
2019-01-18 14:47:17,321 Distortion avg=0.3848861846336921 wc=6.251987284866977 me=1.5475604907894944 mc=4.039898486732173 nan_elements=0
2019-01-18 14:47:17,321 MAP = 0.6518650793650794
2019-01-18 14:47:17,321 scale=[array([1.])]
2019-01-18 14:47:17,321 *** End Major Checkpoint

2019-01-18 14:47:17,322 31 loss=0.1873730868257309
2019-01-18 14:47:17,322 32 loss=0.18356398675111701
2019-01-18 14:47:17,323 33 loss=0.1799248963884842
2019-01-18 14:47:17,323 34 loss=0.1764436325514137
2019-01-18 14:47:17,324 35 loss=0.17310929441128445
2019-01-18 14:47:17,324 36 loss=0.16991208801456678
2019-01-18 14:47:17,325 37 loss=0.16684317509453458
2019-01-18 14:47:17,326 38 loss=0.1638945428352239
2019-01-18 14:47:17,326 39 loss=0.16105889185981234
2019-01-18 14:47:17,327 40 loss=0.1583295401512738
2019-01-18 14:47:17,327 
*** Major Checkpoint. Computing Stats and Saving
2019-01-18 14:47:17,327 	 Computing Major Stats lazily... 
2019-01-18 14:47:17,327 		 Completed edges=132 good=132 bad=0
2019-01-18 14:47:17,329 Distortion avg=0.34161273590443963 wc=5.827992014211497 me=1.5461505727177285 mc=3.7693560491766402 nan_elements=0
2019-01-18 14:47:17,329 MAP = 0.8188492063492063
2019-01-18 14:47:17,330 scale=[array([1.])]
2019-01-18 14:47:17,330 *** End Major Checkpoint

2019-01-18 14:47:17,330 41 loss=0.15570034092894985
2019-01-18 14:47:17,331 42 loss=0.15316561274184912
2019-01-18 14:47:17,331 43 loss=0.15072008022641223
2019-01-18 14:47:17,332 44 loss=0.1483588241321329
2019-01-18 14:47:17,332 45 loss=0.14607723935493466
2019-01-18 14:47:17,333 46 loss=0.1438709998428983
2019-01-18 14:47:17,333 47 loss=0.14173602935579555
2019-01-18 14:47:17,334 48 loss=0.13966847717074404
2019-01-18 14:47:17,334 49 loss=0.13766469793162847
2019-01-18 14:47:17,335 50 loss=0.13572123493948593
2019-01-18 14:47:17,335 
*** Major Checkpoint. Computing Stats and Saving
2019-01-18 14:47:17,335 	 Computing Major Stats lazily... 
2019-01-18 14:47:17,336 		 Completed edges=132 good=132 bad=0
2019-01-18 14:47:17,338 Distortion avg=0.3106874150809839 wc=5.486561910705983 me=1.520400160050469 mc=3.6086301849138573 nan_elements=0
2019-01-18 14:47:17,338 MAP = 0.8444444444444444
2019-01-18 14:47:17,338 scale=[array([1.])]
2019-01-18 14:47:17,338 *** End Major Checkpoint

2019-01-18 14:47:17,338 final loss=0.13572123493948593
2019-01-18 14:47:17,338 best loss=0.13572123493948593, distortion=0.3106874150809839, map=0.8444444444444444, wc_dist=5.486561910705983
2019-01-18 14:47:17,338 	 Computing Major Stats lazily... 
2019-01-18 14:47:17,339 		 Completed edges=132 good=132 bad=0
2019-01-18 14:47:17,341 Distortion avg=0.3106874150809839 wc=5.486561910705983 me=1.520400160050469 mc=3.6086301849138573 nan_elements=0
2019-01-18 14:47:17,341 MAP = 0.8444444444444446
2019-01-18 14:47:17,341 scale=[array([1.])]
