2019-01-18 14:57:32,273 Commandline ['pytorch/pytorch_hyperbolic.py', 'learn', 'data/edges/parsing/ewt/ewt_dev/389.edges', '--dim', '0', '--hyp', '0', '--edim', '10', '--euc', '1', '--sdim', '0', '--sph', '0', '--log-name', 'ewt_devr2/389.edges.E10-1.lr1.log', '--batch-size', '65536', '--epochs', '50', '--checkpoint-freq', '10', '-g', '--subsample', '1024', '--learning-rate', '1']
2019-01-18 14:57:32,273 No Model Save selected!
2019-01-18 14:57:32,276 Loaded Graph data/edges/parsing/ewt/ewt_dev/389.edges with 21 nodes scale=1.0
2019-01-18 14:57:32,276 Building dataset
2019-01-18 14:57:32,276 Subsample: 21 points with scale 1.0 subsample=20
2019-01-18 14:57:32,299 Built Data Sampler
2019-01-18 14:57:32,299 Creating a fresh model warm_start?=None
2019-01-18 14:57:32,299 	 Warmstarting? None None 21
2019-01-18 14:57:32,299 Embedding() torch.Size([21, 10])
2019-01-18 14:57:32,299 relative No Rescale
2019-01-18 14:57:32,300 Constructed model with dim=0 and epochs=0 isnan=False
2019-01-18 14:57:32,300 SGD (
Parameter Group 0
    dampening: 0
    initial_lr: 0.1
    lr: 1.0
    momentum: 0.0
    nesterov: False
    weight_decay: 0

Parameter Group 1
    dampening: 0
    initial_lr: 0.1
    lr: 1.0
    momentum: 0.0
    nesterov: False
    weight_decay: 0

Parameter Group 2
    dampening: 0
    initial_lr: 0.1
    lr: 1.0
    momentum: 0.0
    nesterov: False
    weight_decay: 0

Parameter Group 3
    dampening: 0
    initial_lr: 0.0001
    lr: 0.001
    momentum: 0.0
    nesterov: False
    weight_decay: 0
)
2019-01-18 14:57:32,300 *** Initial Checkpoint. Computing Stats
2019-01-18 14:57:32,300 	 Computing Major Stats lazily... 
2019-01-18 14:57:32,302 		 Completed edges=420 good=420 bad=0
2019-01-18 14:57:32,306 Distortion avg=0.9983729236210835 wc=14.068905257010487 me=0.005395121052135244 mc=2607.7089134899747 nan_elements=0
2019-01-18 14:57:32,306 MAP = 0.2107202856026201
2019-01-18 14:57:32,306 scale=[array([1.])]
2019-01-18 14:57:32,306 *** End Initial Checkpoint

2019-01-18 14:57:32,363 1 loss=0.9967497116083314
2019-01-18 14:57:32,364 2 loss=0.9400472088725896
2019-01-18 14:57:32,365 3 loss=0.8870691709601539
2019-01-18 14:57:32,366 4 loss=0.8392203786032087
2019-01-18 14:57:32,366 5 loss=0.7961742354172572
2019-01-18 14:57:32,367 6 loss=0.7574461678810208
2019-01-18 14:57:32,368 7 loss=0.7225560945781864
2019-01-18 14:57:32,369 8 loss=0.6910627102367174
2019-01-18 14:57:32,369 9 loss=0.6625707389808251
2019-01-18 14:57:32,370 10 loss=0.6367301960676897
2019-01-18 14:57:32,370 
*** Major Checkpoint. Computing Stats and Saving
2019-01-18 14:57:32,370 	 Computing Major Stats lazily... 
2019-01-18 14:57:32,372 		 Completed edges=420 good=420 bad=0
2019-01-18 14:57:32,375 Distortion avg=0.7577661568029709 wc=21.14874058567936 me=1.0073968696019213 mc=20.99345473848495 nan_elements=0
2019-01-18 14:57:32,375 MAP = 0.09303859780529397
2019-01-18 14:57:32,375 scale=[array([1.])]
2019-01-18 14:57:32,375 *** End Major Checkpoint

2019-01-18 14:57:32,376 11 loss=0.6132329990950206
2019-01-18 14:57:32,377 12 loss=0.5918087913094089
2019-01-18 14:57:32,377 13 loss=0.5722207070696125
2019-01-18 14:57:32,378 14 loss=0.5542613765826836
2019-01-18 14:57:32,379 15 loss=0.5377492832676801
2019-01-18 14:57:32,380 16 loss=0.5225255040619708
2019-01-18 14:57:32,380 17 loss=0.5084508245829666
2019-01-18 14:57:32,381 18 loss=0.4954032037766196
2019-01-18 14:57:32,382 19 loss=0.48327555583292864
2019-01-18 14:57:32,382 20 loss=0.471973815554582
2019-01-18 14:57:32,383 
*** Major Checkpoint. Computing Stats and Saving
2019-01-18 14:57:32,383 	 Computing Major Stats lazily... 
2019-01-18 14:57:32,384 		 Completed edges=420 good=420 bad=0
2019-01-18 14:57:32,387 Distortion avg=0.6469002717455695 wc=17.025367640195007 me=1.4542826790067864 mc=11.707055227957891 nan_elements=0
2019-01-18 14:57:32,388 MAP = 0.09979854134772681
2019-01-18 14:57:32,388 scale=[array([1.])]
2019-01-18 14:57:32,388 *** End Major Checkpoint

2019-01-18 14:57:32,389 21 loss=0.4614152544028492
2019-01-18 14:57:32,390 22 loss=0.451527016737641
2019-01-18 14:57:32,391 23 loss=0.4422448485792736
2019-01-18 14:57:32,392 24 loss=0.43351199415193664
2019-01-18 14:57:32,392 25 loss=0.4252782383140282
2019-01-18 14:57:32,393 26 loss=0.4174990756336724
2019-01-18 14:57:32,394 27 loss=0.4101349892829528
2019-01-18 14:57:32,395 28 loss=0.40315082508888833
2019-01-18 14:57:32,395 29 loss=0.39651524799838767
2019-01-18 14:57:32,396 30 loss=0.39020026990336
2019-01-18 14:57:32,396 
*** Major Checkpoint. Computing Stats and Saving
2019-01-18 14:57:32,396 	 Computing Major Stats lazily... 
2019-01-18 14:57:32,398 		 Completed edges=420 good=420 bad=0
2019-01-18 14:57:32,401 Distortion avg=0.5910448825799085 wc=13.723726918802052 me=1.61764812666752 mc=8.483752858586119 nan_elements=0
2019-01-18 14:57:32,401 MAP = 0.11753482149140411
2019-01-18 14:57:32,401 scale=[array([1.])]
2019-01-18 14:57:32,402 *** End Major Checkpoint

2019-01-18 14:57:32,402 31 loss=0.3841808392504074
2019-01-18 14:57:32,403 32 loss=0.3784344841481302
2019-01-18 14:57:32,404 33 loss=0.3729410018050409
2019-01-18 14:57:32,404 34 loss=0.3676821881022807
2019-01-18 14:57:32,405 35 loss=0.36264160194607337
2019-01-18 14:57:32,406 36 loss=0.35780435977182035
2019-01-18 14:57:32,407 37 loss=0.35315695619967585
2019-01-18 14:57:32,408 38 loss=0.34868710738358016
2019-01-18 14:57:32,409 39 loss=0.3443836140635312
2019-01-18 14:57:32,409 40 loss=0.34023624173449435
2019-01-18 14:57:32,409 
*** Major Checkpoint. Computing Stats and Saving
2019-01-18 14:57:32,409 	 Computing Major Stats lazily... 
2019-01-18 14:57:32,411 		 Completed edges=420 good=420 bad=0
2019-01-18 14:57:32,414 Distortion avg=0.5457366615475046 wc=12.024981952934233 me=1.7613101968911098 mc=6.827293667043738 nan_elements=0
2019-01-18 14:57:32,414 MAP = 0.15229865090435638
2019-01-18 14:57:32,415 scale=[array([1.])]
2019-01-18 14:57:32,415 *** End Major Checkpoint

2019-01-18 14:57:32,415 41 loss=0.33623561569354987
2019-01-18 14:57:32,416 42 loss=0.3323731290272829
2019-01-18 14:57:32,417 43 loss=0.3286408618606607
2019-01-18 14:57:32,418 44 loss=0.3250315104123958
2019-01-18 14:57:32,419 45 loss=0.3215383245950036
2019-01-18 14:57:32,420 46 loss=0.31815505306467184
2019-01-18 14:57:32,421 47 loss=0.31487589477030764
2019-01-18 14:57:32,421 48 loss=0.3116954561758727
2019-01-18 14:57:32,422 49 loss=0.30860871343805923
2019-01-18 14:57:32,423 50 loss=0.3056109789148137
2019-01-18 14:57:32,423 
*** Major Checkpoint. Computing Stats and Saving
2019-01-18 14:57:32,423 	 Computing Major Stats lazily... 
2019-01-18 14:57:32,425 		 Completed edges=420 good=420 bad=0
2019-01-18 14:57:32,428 Distortion avg=0.5079110017849251 wc=10.748723764823534 me=1.8509278698057998 mc=5.807208341377072 nan_elements=0
2019-01-18 14:57:32,428 MAP = 0.20885134837478933
2019-01-18 14:57:32,429 scale=[array([1.])]
2019-01-18 14:57:32,429 *** End Major Checkpoint

2019-01-18 14:57:32,429 final loss=0.3056109789148137
2019-01-18 14:57:32,429 best loss=0.3056109789148137, distortion=0.5079110017849251, map=0.20885134837478933, wc_dist=10.748723764823534
2019-01-18 14:57:32,429 	 Computing Major Stats lazily... 
2019-01-18 14:57:32,430 		 Completed edges=420 good=420 bad=0
2019-01-18 14:57:32,434 Distortion avg=0.5079110017849252 wc=10.748723764823534 me=1.8509278698057998 mc=5.807208341377072 nan_elements=0
2019-01-18 14:57:32,434 MAP = 0.20885134837478933
2019-01-18 14:57:32,434 scale=[array([1.])]
