2019-01-18 14:52:16,779 Commandline ['pytorch/pytorch_hyperbolic.py', 'learn', 'data/edges/parsing/ewt/ewt_dev/396.edges', '--dim', '0', '--hyp', '0', '--edim', '10', '--euc', '1', '--sdim', '0', '--sph', '0', '--log-name', 'ewt_devr2/396.edges.E10-1.lr1.log', '--batch-size', '65536', '--epochs', '50', '--checkpoint-freq', '10', '-g', '--subsample', '1024', '--learning-rate', '1']
2019-01-18 14:52:16,779 No Model Save selected!
2019-01-18 14:52:16,781 Loaded Graph data/edges/parsing/ewt/ewt_dev/396.edges with 6 nodes scale=1.0
2019-01-18 14:52:16,781 Building dataset
2019-01-18 14:52:16,781 Subsample: 6 points with scale 1.0 subsample=5
2019-01-18 14:52:16,786 Built Data Sampler
2019-01-18 14:52:16,786 Creating a fresh model warm_start?=None
2019-01-18 14:52:16,786 	 Warmstarting? None None 6
2019-01-18 14:52:16,786 Embedding() torch.Size([6, 10])
2019-01-18 14:52:16,786 relative No Rescale
2019-01-18 14:52:16,787 Constructed model with dim=0 and epochs=0 isnan=False
2019-01-18 14:52:16,787 SGD (
Parameter Group 0
    dampening: 0
    initial_lr: 0.1
    lr: 1.0
    momentum: 0.0
    nesterov: False
    weight_decay: 0

Parameter Group 1
    dampening: 0
    initial_lr: 0.1
    lr: 1.0
    momentum: 0.0
    nesterov: False
    weight_decay: 0

Parameter Group 2
    dampening: 0
    initial_lr: 0.1
    lr: 1.0
    momentum: 0.0
    nesterov: False
    weight_decay: 0

Parameter Group 3
    dampening: 0
    initial_lr: 0.0001
    lr: 0.001
    momentum: 0.0
    nesterov: False
    weight_decay: 0
)
2019-01-18 14:52:16,787 *** Initial Checkpoint. Computing Stats
2019-01-18 14:52:16,787 	 Computing Major Stats lazily... 
2019-01-18 14:52:16,788 		 Completed edges=30 good=30 bad=0
2019-01-18 14:52:16,789 Distortion avg=0.9970107087516167 wc=3.6322181433519583 me=0.005628252251848828 mc=645.354540063269 nan_elements=0
2019-01-18 14:52:16,789 MAP = 0.44999999999999996
2019-01-18 14:52:16,789 scale=[array([1.])]
2019-01-18 14:52:16,789 *** End Initial Checkpoint

2019-01-18 14:52:16,846 1 loss=0.9940318309062036
2019-01-18 14:52:16,847 2 loss=0.4293061030090941
2019-01-18 14:52:16,847 3 loss=0.26996040000143373
2019-01-18 14:52:16,848 4 loss=0.19002482905619816
2019-01-18 14:52:16,848 5 loss=0.13769665547696744
2019-01-18 14:52:16,849 6 loss=0.10183942906149393
2019-01-18 14:52:16,849 7 loss=0.0769895567126652
2019-01-18 14:52:16,850 8 loss=0.05965395439234069
2019-01-18 14:52:16,850 9 loss=0.04747097945915806
2019-01-18 14:52:16,850 10 loss=0.03882966988573068
2019-01-18 14:52:16,850 
*** Major Checkpoint. Computing Stats and Saving
2019-01-18 14:52:16,851 	 Computing Major Stats lazily... 
2019-01-18 14:52:16,851 		 Completed edges=30 good=30 bad=0
2019-01-18 14:52:16,852 Distortion avg=0.1737054846994154 wc=1.6042972165760996 me=1.1512738967059148 mc=1.3934974302521743 nan_elements=0
2019-01-18 14:52:16,852 MAP = 1.0
2019-01-18 14:52:16,852 scale=[array([1.])]
2019-01-18 14:52:16,852 *** End Major Checkpoint

2019-01-18 14:52:16,853 11 loss=0.03263285478227044
2019-01-18 14:52:16,853 12 loss=0.028134611961158146
2019-01-18 14:52:16,854 13 loss=0.02482726646076498
2019-01-18 14:52:16,854 14 loss=0.0223637863355474
2019-01-18 14:52:16,855 15 loss=0.020505265824989644
2019-01-18 14:52:16,855 16 loss=0.019085739612479884
2019-01-18 14:52:16,856 17 loss=0.01798870898200264
2019-01-18 14:52:16,856 18 loss=0.017131474156989027
2019-01-18 14:52:16,857 19 loss=0.01645463700038582
2019-01-18 14:52:16,857 20 loss=0.015915025397711755
2019-01-18 14:52:16,857 
*** Major Checkpoint. Computing Stats and Saving
2019-01-18 14:52:16,857 	 Computing Major Stats lazily... 
2019-01-18 14:52:16,857 		 Completed edges=30 good=30 bad=0
2019-01-18 14:52:16,858 Distortion avg=0.11902283557089485 wc=1.367898982761477 me=1.1459825259718417 mc=1.193647330356491 nan_elements=0
2019-01-18 14:52:16,859 MAP = 1.0
2019-01-18 14:52:16,859 scale=[array([1.])]
2019-01-18 14:52:16,859 *** End Major Checkpoint

2019-01-18 14:52:16,859 21 loss=0.015480888146382253
2019-01-18 14:52:16,860 22 loss=0.015128603758513012
2019-01-18 14:52:16,860 23 loss=0.014840404936778644
2019-01-18 14:52:16,861 24 loss=0.014602789308538552
2019-01-18 14:52:16,861 25 loss=0.014405397510388945
2019-01-18 14:52:16,861 26 loss=0.014240212301424356
2019-01-18 14:52:16,862 27 loss=0.014100980269528447
2019-01-18 14:52:16,862 28 loss=0.01398278943906531
2019-01-18 14:52:16,863 29 loss=0.013881757241903225
2019-01-18 14:52:16,863 30 loss=0.013794797490223169
2019-01-18 14:52:16,863 
*** Major Checkpoint. Computing Stats and Saving
2019-01-18 14:52:16,863 	 Computing Major Stats lazily... 
2019-01-18 14:52:16,864 		 Completed edges=30 good=30 bad=0
2019-01-18 14:52:16,865 Distortion avg=0.11231488399602234 wc=1.3192964181588078 me=1.1469798044249042 mc=1.1502350896407485 nan_elements=0
2019-01-18 14:52:16,865 MAP = 1.0
2019-01-18 14:52:16,865 scale=[array([1.])]
2019-01-18 14:52:16,865 *** End Major Checkpoint

2019-01-18 14:52:16,866 31 loss=0.013719444549844513
2019-01-18 14:52:16,866 32 loss=0.01365371940497287
2019-01-18 14:52:16,866 33 loss=0.013596026748247999
2019-01-18 14:52:16,867 34 loss=0.013545075296794724
2019-01-18 14:52:16,867 35 loss=0.013499815671958735
2019-01-18 14:52:16,868 36 loss=0.01345939168473178
2019-01-18 14:52:16,868 37 loss=0.013423101939362117
2019-01-18 14:52:16,869 38 loss=0.013390369438044525
2019-01-18 14:52:16,869 39 loss=0.01336071743040273
2019-01-18 14:52:16,869 40 loss=0.013333750164403496
2019-01-18 14:52:16,869 
*** Major Checkpoint. Computing Stats and Saving
2019-01-18 14:52:16,870 	 Computing Major Stats lazily... 
2019-01-18 14:52:16,870 		 Completed edges=30 good=30 bad=0
2019-01-18 14:52:16,871 Distortion avg=0.11139718918461136 wc=1.2989113554747111 me=1.1470960242937074 mc=1.1323475349628902 nan_elements=0
2019-01-18 14:52:16,871 MAP = 1.0
2019-01-18 14:52:16,871 scale=[array([1.])]
2019-01-18 14:52:16,871 *** End Major Checkpoint

2019-01-18 14:52:16,872 41 loss=0.013309137502759855
2019-01-18 14:52:16,872 42 loss=0.013286602600165932
2019-01-18 14:52:16,873 43 loss=0.013265912012422032
2019-01-18 14:52:16,873 44 loss=0.013246867743199003
2019-01-18 14:52:16,873 45 loss=0.013229300838261425
2019-01-18 14:52:16,874 46 loss=0.013213066217943626
2019-01-18 14:52:16,874 47 loss=0.013198038502061835
2019-01-18 14:52:16,875 48 loss=0.013184108631325664
2019-01-18 14:52:16,875 49 loss=0.01317118112873472
2019-01-18 14:52:16,876 50 loss=0.013159171875718294
2019-01-18 14:52:16,876 
*** Major Checkpoint. Computing Stats and Saving
2019-01-18 14:52:16,876 	 Computing Major Stats lazily... 
2019-01-18 14:52:16,876 		 Completed edges=30 good=30 bad=0
2019-01-18 14:52:16,877 Distortion avg=0.11121833916716213 wc=1.287402320310921 me=1.1471392603295907 mc=1.1222720421416235 nan_elements=0
2019-01-18 14:52:16,877 MAP = 1.0
2019-01-18 14:52:16,877 scale=[array([1.])]
2019-01-18 14:52:16,877 *** End Major Checkpoint

2019-01-18 14:52:16,877 final loss=0.013159171875718294
2019-01-18 14:52:16,878 best loss=0.013159171875718294, distortion=0.11121833916716213, map=1.0, wc_dist=1.287402320310921
2019-01-18 14:52:16,878 	 Computing Major Stats lazily... 
2019-01-18 14:52:16,878 		 Completed edges=30 good=30 bad=0
2019-01-18 14:52:16,879 Distortion avg=0.1112183391671621 wc=1.287402320310921 me=1.1471392603295907 mc=1.1222720421416235 nan_elements=0
2019-01-18 14:52:16,879 MAP = 1.0
2019-01-18 14:52:16,879 scale=[array([1.])]
