2019-01-18 14:59:45,171 Commandline ['pytorch/pytorch_hyperbolic.py', 'learn', 'data/edges/parsing/ewt/ewt_dev/4.edges', '--dim', '0', '--hyp', '0', '--edim', '10', '--euc', '1', '--sdim', '0', '--sph', '0', '--log-name', 'ewt_devr2/4.edges.E10-1.lr1.log', '--batch-size', '65536', '--epochs', '50', '--checkpoint-freq', '10', '-g', '--subsample', '1024', '--learning-rate', '1']
2019-01-18 14:59:45,171 No Model Save selected!
2019-01-18 14:59:45,173 Loaded Graph data/edges/parsing/ewt/ewt_dev/4.edges with 30 nodes scale=1.0
2019-01-18 14:59:45,173 Building dataset
2019-01-18 14:59:45,174 Subsample: 30 points with scale 1.0 subsample=29
2019-01-18 14:59:45,213 Built Data Sampler
2019-01-18 14:59:45,213 Creating a fresh model warm_start?=None
2019-01-18 14:59:45,213 	 Warmstarting? None None 30
2019-01-18 14:59:45,214 Embedding() torch.Size([30, 10])
2019-01-18 14:59:45,214 relative No Rescale
2019-01-18 14:59:45,214 Constructed model with dim=0 and epochs=0 isnan=False
2019-01-18 14:59:45,214 SGD (
Parameter Group 0
    dampening: 0
    initial_lr: 0.1
    lr: 1.0
    momentum: 0.0
    nesterov: False
    weight_decay: 0

Parameter Group 1
    dampening: 0
    initial_lr: 0.1
    lr: 1.0
    momentum: 0.0
    nesterov: False
    weight_decay: 0

Parameter Group 2
    dampening: 0
    initial_lr: 0.1
    lr: 1.0
    momentum: 0.0
    nesterov: False
    weight_decay: 0

Parameter Group 3
    dampening: 0
    initial_lr: 0.0001
    lr: 0.001
    momentum: 0.0
    nesterov: False
    weight_decay: 0
)
2019-01-18 14:59:45,214 *** Initial Checkpoint. Computing Stats
2019-01-18 14:59:45,214 	 Computing Major Stats lazily... 
2019-01-18 14:59:45,218 		 Completed edges=870 good=870 bad=0
2019-01-18 14:59:45,223 Distortion avg=0.99860128752284 wc=18.36481571258599 me=0.006359069067667888 mc=2887.972361545849 nan_elements=0
2019-01-18 14:59:45,223 MAP = 0.1629747120605938
2019-01-18 14:59:45,223 scale=[array([1.])]
2019-01-18 14:59:45,223 *** End Initial Checkpoint

2019-01-18 14:59:45,281 1 loss=0.9972055781281489
2019-01-18 14:59:45,282 2 loss=0.9670893860680096
2019-01-18 14:59:45,283 3 loss=0.9377154676523853
2019-01-18 14:59:45,284 4 loss=0.9098284379034957
2019-01-18 14:59:45,285 5 loss=0.8834524253371802
2019-01-18 14:59:45,286 6 loss=0.8585305485732041
2019-01-18 14:59:45,287 7 loss=0.8349861062330193
2019-01-18 14:59:45,288 8 loss=0.8127379114338917
2019-01-18 14:59:45,289 9 loss=0.7917056684913448
2019-01-18 14:59:45,290 10 loss=0.7718121515931188
2019-01-18 14:59:45,291 
*** Major Checkpoint. Computing Stats and Saving
2019-01-18 14:59:45,291 	 Computing Major Stats lazily... 
2019-01-18 14:59:45,294 		 Completed edges=870 good=870 bad=0
2019-01-18 14:59:45,299 Distortion avg=0.8588090922395558 wc=40.01701967622974 me=0.782153644584118 mc=51.16260718507212 nan_elements=0
2019-01-18 14:59:45,299 MAP = 0.07274666599259265
2019-01-18 14:59:45,299 scale=[array([1.])]
2019-01-18 14:59:45,299 *** End Major Checkpoint

2019-01-18 14:59:45,300 11 loss=0.7529841109207658
2019-01-18 14:59:45,302 12 loss=0.7351526014904999
2019-01-18 14:59:45,303 13 loss=0.7182530281870617
2019-01-18 14:59:45,304 14 loss=0.7022250452454548
2019-01-18 14:59:45,305 15 loss=0.6870123807073925
2019-01-18 14:59:45,307 16 loss=0.6725626239660145
2019-01-18 14:59:45,308 17 loss=0.6588269978411345
2019-01-18 14:59:45,309 18 loss=0.6457601275497136
2019-01-18 14:59:45,310 19 loss=0.6333198137649096
2019-01-18 14:59:45,311 20 loss=0.621466813904544
2019-01-18 14:59:45,311 
*** Major Checkpoint. Computing Stats and Saving
2019-01-18 14:59:45,311 	 Computing Major Stats lazily... 
2019-01-18 14:59:45,314 		 Completed edges=870 good=870 bad=0
2019-01-18 14:59:45,319 Distortion avg=0.7567303847552754 wc=34.84369931546344 me=1.2351290564706656 mc=28.210573731483564 nan_elements=0
2019-01-18 14:59:45,319 MAP = 0.07015043637528935
2019-01-18 14:59:45,319 scale=[array([1.])]
2019-01-18 14:59:45,319 *** End Major Checkpoint

2019-01-18 14:59:45,320 21 loss=0.6101646339387151
2019-01-18 14:59:45,321 22 loss=0.5993793318620232
2019-01-18 14:59:45,322 23 loss=0.589079333260624
2019-01-18 14:59:45,323 24 loss=0.579235258956202
2019-01-18 14:59:45,324 25 loss=0.5698197644306415
2019-01-18 14:59:45,325 26 loss=0.5608073905666082
2019-01-18 14:59:45,326 27 loss=0.5521744251424323
2019-01-18 14:59:45,327 28 loss=0.5438987744700957
2019-01-18 14:59:45,328 29 loss=0.5359598445467021
2019-01-18 14:59:45,329 30 loss=0.5283384310918129
2019-01-18 14:59:45,329 
*** Major Checkpoint. Computing Stats and Saving
2019-01-18 14:59:45,330 	 Computing Major Stats lazily... 
2019-01-18 14:59:45,333 		 Completed edges=870 good=870 bad=0
2019-01-18 14:59:45,337 Distortion avg=0.6943533139717581 wc=30.214003629315226 me=1.518354747572499 mc=19.89917288935309 nan_elements=0
2019-01-18 14:59:45,337 MAP = 0.07113417339209066
2019-01-18 14:59:45,337 scale=[array([1.])]
2019-01-18 14:59:45,337 *** End Major Checkpoint

2019-01-18 14:59:45,338 31 loss=0.5210166178582902
2019-01-18 14:59:45,339 32 loss=0.5139776826278628
2019-01-18 14:59:45,340 33 loss=0.5072060103312035
2019-01-18 14:59:45,341 34 loss=0.5006870127635875
2019-01-18 14:59:45,342 35 loss=0.49440705439958876
2019-01-18 14:59:45,343 36 loss=0.488353383842769
2019-01-18 14:59:45,345 37 loss=0.48251407047813605
2019-01-18 14:59:45,346 38 loss=0.47687794592589666
2019-01-18 14:59:45,347 39 loss=0.47143454992436323
2019-01-18 14:59:45,348 40 loss=0.46617408029765633
2019-01-18 14:59:45,348 
*** Major Checkpoint. Computing Stats and Saving
2019-01-18 14:59:45,348 	 Computing Major Stats lazily... 
2019-01-18 14:59:45,351 		 Completed edges=870 good=870 bad=0
2019-01-18 14:59:45,356 Distortion avg=0.6519873751407209 wc=27.109690079183533 me=1.7417076003735998 mc=15.565006476040208 nan_elements=0
2019-01-18 14:59:45,356 MAP = 0.07527743503080678
2019-01-18 14:59:45,356 scale=[array([1.])]
2019-01-18 14:59:45,356 *** End Major Checkpoint

2019-01-18 14:59:45,357 41 loss=0.46108734668998647
2019-01-18 14:59:45,358 42 loss=0.4561657277727531
2019-01-18 14:59:45,359 43 loss=0.45140113165352996
2019-01-18 14:59:45,360 44 loss=0.4467859592372071
2019-01-18 14:59:45,361 45 loss=0.4423130703092467
2019-01-18 14:59:45,362 46 loss=0.437975752129203
2019-01-18 14:59:45,363 47 loss=0.4337676903395003
2019-01-18 14:59:45,364 48 loss=0.4296829420099788
2019-01-18 14:59:45,365 49 loss=0.42571591065303926
2019-01-18 14:59:45,366 50 loss=0.42186132305740315
2019-01-18 14:59:45,367 
*** Major Checkpoint. Computing Stats and Saving
2019-01-18 14:59:45,367 	 Computing Major Stats lazily... 
2019-01-18 14:59:45,370 		 Completed edges=870 good=870 bad=0
2019-01-18 14:59:45,374 Distortion avg=0.6176818450961603 wc=24.4087501355191 me=1.8934613802362048 mc=12.89107366556067 nan_elements=0
2019-01-18 14:59:45,375 MAP = 0.08398167297384715
2019-01-18 14:59:45,375 scale=[array([1.])]
2019-01-18 14:59:45,375 *** End Major Checkpoint

2019-01-18 14:59:45,375 final loss=0.42186132305740315
2019-01-18 14:59:45,375 best loss=0.42186132305740315, distortion=0.6176818450961603, map=0.08398167297384715, wc_dist=24.4087501355191
2019-01-18 14:59:45,375 	 Computing Major Stats lazily... 
2019-01-18 14:59:45,378 		 Completed edges=870 good=870 bad=0
2019-01-18 14:59:45,383 Distortion avg=0.6176818450961599 wc=24.4087501355191 me=1.8934613802362048 mc=12.89107366556067 nan_elements=0
2019-01-18 14:59:45,383 MAP = 0.08398167297384716
2019-01-18 14:59:45,383 scale=[array([1.])]
