2019-01-18 15:01:50,525 Commandline ['pytorch/pytorch_hyperbolic.py', 'learn', 'data/edges/parsing/ewt/ewt_dev/400.edges', '--dim', '0', '--hyp', '0', '--edim', '10', '--euc', '1', '--sdim', '0', '--sph', '0', '--log-name', 'ewt_devr2/400.edges.E10-1.lr1.log', '--batch-size', '65536', '--epochs', '50', '--checkpoint-freq', '10', '-g', '--subsample', '1024', '--learning-rate', '1']
2019-01-18 15:01:50,525 No Model Save selected!
2019-01-18 15:01:50,526 Loaded Graph data/edges/parsing/ewt/ewt_dev/400.edges with 18 nodes scale=1.0
2019-01-18 15:01:50,527 Building dataset
2019-01-18 15:01:50,527 Subsample: 18 points with scale 1.0 subsample=17
2019-01-18 15:01:50,550 Built Data Sampler
2019-01-18 15:01:50,550 Creating a fresh model warm_start?=None
2019-01-18 15:01:50,550 	 Warmstarting? None None 18
2019-01-18 15:01:50,551 Embedding() torch.Size([18, 10])
2019-01-18 15:01:50,551 relative No Rescale
2019-01-18 15:01:50,551 Constructed model with dim=0 and epochs=0 isnan=False
2019-01-18 15:01:50,552 SGD (
Parameter Group 0
    dampening: 0
    initial_lr: 0.1
    lr: 1.0
    momentum: 0.0
    nesterov: False
    weight_decay: 0

Parameter Group 1
    dampening: 0
    initial_lr: 0.1
    lr: 1.0
    momentum: 0.0
    nesterov: False
    weight_decay: 0

Parameter Group 2
    dampening: 0
    initial_lr: 0.1
    lr: 1.0
    momentum: 0.0
    nesterov: False
    weight_decay: 0

Parameter Group 3
    dampening: 0
    initial_lr: 0.0001
    lr: 0.001
    momentum: 0.0
    nesterov: False
    weight_decay: 0
)
2019-01-18 15:01:50,552 *** Initial Checkpoint. Computing Stats
2019-01-18 15:01:50,552 	 Computing Major Stats lazily... 
2019-01-18 15:01:50,554 		 Completed edges=306 good=306 bad=0
2019-01-18 15:01:50,557 Distortion avg=0.9982602066837122 wc=12.038108502378593 me=0.006009979300171955 mc=2003.0199608231867 nan_elements=0
2019-01-18 15:01:50,557 MAP = 0.25092514693004886
2019-01-18 15:01:50,557 scale=[array([1.])]
2019-01-18 15:01:50,557 *** End Initial Checkpoint

2019-01-18 15:01:50,616 1 loss=0.9965245362382937
2019-01-18 15:01:50,616 2 loss=0.9171012504252319
2019-01-18 15:01:50,617 3 loss=0.8451016402729675
2019-01-18 15:01:50,618 4 loss=0.782534533797616
2019-01-18 15:01:50,618 5 loss=0.728313388725284
2019-01-18 15:01:50,619 6 loss=0.6812247070289087
2019-01-18 15:01:50,620 7 loss=0.640176618611367
2019-01-18 15:01:50,620 8 loss=0.6042327159640023
2019-01-18 15:01:50,621 9 loss=0.5726036384181359
2019-01-18 15:01:50,622 10 loss=0.5446288208889541
2019-01-18 15:01:50,622 
*** Major Checkpoint. Computing Stats and Saving
2019-01-18 15:01:50,622 	 Computing Major Stats lazily... 
2019-01-18 15:01:50,623 		 Completed edges=306 good=306 bad=0
2019-01-18 15:01:50,626 Distortion avg=0.6845664068350715 wc=16.56159938315046 me=1.2156114242626126 mc=13.624089945680375 nan_elements=0
2019-01-18 15:01:50,626 MAP = 0.10223081860949507
2019-01-18 15:01:50,626 scale=[array([1.])]
2019-01-18 15:01:50,626 *** End Major Checkpoint

2019-01-18 15:01:50,627 11 loss=0.519757166913973
2019-01-18 15:01:50,628 12 loss=0.49752931583188587
2019-01-18 15:01:50,628 13 loss=0.47756222709601764
2019-01-18 15:01:50,629 14 loss=0.4595361153625615
2019-01-18 15:01:50,630 15 loss=0.443183526119186
2019-01-18 15:01:50,630 16 loss=0.4282802704384791
2019-01-18 15:01:50,631 17 loss=0.4146379355257581
2019-01-18 15:01:50,632 18 loss=0.4020977125835108
2019-01-18 15:01:50,632 19 loss=0.39052531685784414
2019-01-18 15:01:50,633 20 loss=0.37980680863934335
2019-01-18 15:01:50,633 
*** Major Checkpoint. Computing Stats and Saving
2019-01-18 15:01:50,633 	 Computing Major Stats lazily... 
2019-01-18 15:01:50,634 		 Completed edges=306 good=306 bad=0
2019-01-18 15:01:50,637 Distortion avg=0.5798668600352688 wc=11.913101151614605 me=1.5112578896804973 mc=7.882904190583391 nan_elements=0
2019-01-18 15:01:50,637 MAP = 0.12307101667395785
2019-01-18 15:01:50,637 scale=[array([1.])]
2019-01-18 15:01:50,637 *** End Major Checkpoint

2019-01-18 15:01:50,638 21 loss=0.3698451551796407
2019-01-18 15:01:50,640 22 loss=0.3605574008116394
2019-01-18 15:01:50,640 23 loss=0.35187233586377237
2019-01-18 15:01:50,641 24 loss=0.34372857450660277
2019-01-18 15:01:50,642 25 loss=0.33607296789845315
2019-01-18 15:01:50,642 26 loss=0.3288592923776623
2019-01-18 15:01:50,643 27 loss=0.32204716343230827
2019-01-18 15:01:50,644 28 loss=0.31560113516662613
2019-01-18 15:01:50,644 29 loss=0.30948995232528165
2019-01-18 15:01:50,645 30 loss=0.30368592792707305
2019-01-18 15:01:50,645 
*** Major Checkpoint. Computing Stats and Saving
2019-01-18 15:01:50,645 	 Computing Major Stats lazily... 
2019-01-18 15:01:50,647 		 Completed edges=306 good=306 bad=0
2019-01-18 15:01:50,649 Distortion avg=0.5171832943539445 wc=9.564291123793065 me=1.5867724903675766 mc=6.027512565192943 nan_elements=0
2019-01-18 15:01:50,649 MAP = 0.17812737371560902
2019-01-18 15:01:50,650 scale=[array([1.])]
2019-01-18 15:01:50,650 *** End Major Checkpoint

2019-01-18 15:01:50,650 31 loss=0.2981644244447962
2019-01-18 15:01:50,651 32 loss=0.29290342045154283
2019-01-18 15:01:50,652 33 loss=0.2878831479029462
2019-01-18 15:01:50,652 34 loss=0.28308578787665717
2019-01-18 15:01:50,653 35 loss=0.2784952147561712
2019-01-18 15:01:50,654 36 loss=0.2740967806167444
2019-01-18 15:01:50,654 37 loss=0.2698771330202061
2019-01-18 15:01:50,655 38 loss=0.2658240606127858
2019-01-18 15:01:50,656 39 loss=0.2619263618941043
2019-01-18 15:01:50,656 40 loss=0.25817373332557736
2019-01-18 15:01:50,656 
*** Major Checkpoint. Computing Stats and Saving
2019-01-18 15:01:50,657 	 Computing Major Stats lazily... 
2019-01-18 15:01:50,658 		 Completed edges=306 good=306 bad=0
2019-01-18 15:01:50,660 Distortion avg=0.46744716014156357 wc=8.857828564148912 me=1.7349794733049704 mc=5.105437096195492 nan_elements=0
2019-01-18 15:01:50,661 MAP = 0.24541110124443458
2019-01-18 15:01:50,661 scale=[array([1.])]
2019-01-18 15:01:50,661 *** End Major Checkpoint

2019-01-18 15:01:50,661 41 loss=0.25455667360456585
2019-01-18 15:01:50,662 42 loss=0.2510664014725791
2019-01-18 15:01:50,663 43 loss=0.24769478487279387
2019-01-18 15:01:50,663 44 loss=0.24443427964118436
2019-01-18 15:01:50,664 45 loss=0.24127787622065966
2019-01-18 15:01:50,665 46 loss=0.23821905314013408
2019-01-18 15:01:50,665 47 loss=0.23525173620971365
2019-01-18 15:01:50,666 48 loss=0.23237026255677465
2019-01-18 15:01:50,667 49 loss=0.22956934877185098
2019-01-18 15:01:50,667 50 loss=0.2268440625530584
2019-01-18 15:01:50,667 
*** Major Checkpoint. Computing Stats and Saving
2019-01-18 15:01:50,667 	 Computing Major Stats lazily... 
2019-01-18 15:01:50,669 		 Completed edges=306 good=306 bad=0
2019-01-18 15:01:50,671 Distortion avg=0.4287192461053662 wc=8.307933715348474 me=1.8319736930449038 mc=4.534963436914832 nan_elements=0
2019-01-18 15:01:50,671 MAP = 0.3198004002170668
2019-01-18 15:01:50,672 scale=[array([1.])]
2019-01-18 15:01:50,672 *** End Major Checkpoint

2019-01-18 15:01:50,672 final loss=0.2268440625530584
2019-01-18 15:01:50,672 best loss=0.2268440625530584, distortion=0.4287192461053662, map=0.3198004002170668, wc_dist=8.307933715348474
2019-01-18 15:01:50,672 	 Computing Major Stats lazily... 
2019-01-18 15:01:50,673 		 Completed edges=306 good=306 bad=0
2019-01-18 15:01:50,676 Distortion avg=0.42871924610536655 wc=8.307933715348474 me=1.8319736930449038 mc=4.534963436914832 nan_elements=0
2019-01-18 15:01:50,676 MAP = 0.3198004002170669
2019-01-18 15:01:50,676 scale=[array([1.])]
