2019-01-18 15:12:24,659 Commandline ['pytorch/pytorch_hyperbolic.py', 'learn', 'data/edges/parsing/ewt/ewt_dev/402.edges', '--dim', '0', '--hyp', '0', '--edim', '10', '--euc', '1', '--sdim', '0', '--sph', '0', '--log-name', 'ewt_devr2/402.edges.E10-1.lr1.log', '--batch-size', '65536', '--epochs', '50', '--checkpoint-freq', '10', '-g', '--subsample', '1024', '--learning-rate', '1']
2019-01-18 15:12:24,659 No Model Save selected!
2019-01-18 15:12:24,660 Loaded Graph data/edges/parsing/ewt/ewt_dev/402.edges with 9 nodes scale=1.0
2019-01-18 15:12:24,660 Building dataset
2019-01-18 15:12:24,661 Subsample: 9 points with scale 1.0 subsample=8
2019-01-18 15:12:24,668 Built Data Sampler
2019-01-18 15:12:24,668 Creating a fresh model warm_start?=None
2019-01-18 15:12:24,668 	 Warmstarting? None None 9
2019-01-18 15:12:24,668 Embedding() torch.Size([9, 10])
2019-01-18 15:12:24,669 relative No Rescale
2019-01-18 15:12:24,669 Constructed model with dim=0 and epochs=0 isnan=False
2019-01-18 15:12:24,669 SGD (
Parameter Group 0
    dampening: 0
    initial_lr: 0.1
    lr: 1.0
    momentum: 0.0
    nesterov: False
    weight_decay: 0

Parameter Group 1
    dampening: 0
    initial_lr: 0.1
    lr: 1.0
    momentum: 0.0
    nesterov: False
    weight_decay: 0

Parameter Group 2
    dampening: 0
    initial_lr: 0.1
    lr: 1.0
    momentum: 0.0
    nesterov: False
    weight_decay: 0

Parameter Group 3
    dampening: 0
    initial_lr: 0.0001
    lr: 0.001
    momentum: 0.0
    nesterov: False
    weight_decay: 0
)
2019-01-18 15:12:24,669 *** Initial Checkpoint. Computing Stats
2019-01-18 15:12:24,669 	 Computing Major Stats lazily... 
2019-01-18 15:12:24,670 		 Completed edges=72 good=72 bad=0
2019-01-18 15:12:24,672 Distortion avg=0.9977286881519947 wc=6.001124680688818 me=0.005941110731069004 mc=1010.1014696302445 nan_elements=0
2019-01-18 15:12:24,672 MAP = 0.6371913580246914
2019-01-18 15:12:24,672 scale=[array([1.])]
2019-01-18 15:12:24,672 *** End Initial Checkpoint

2019-01-18 15:12:24,730 1 loss=0.9954636237694393
2019-01-18 15:12:24,731 2 loss=0.7485592660542246
2019-01-18 15:12:24,731 3 loss=0.5795718092100971
2019-01-18 15:12:24,732 4 loss=0.47340175748117524
2019-01-18 15:12:24,732 5 loss=0.40428247637767073
2019-01-18 15:12:24,733 6 loss=0.3565057148899342
2019-01-18 15:12:24,733 7 loss=0.3212386107639604
2019-01-18 15:12:24,734 8 loss=0.29358440838021505
2019-01-18 15:12:24,734 9 loss=0.2708130709338932
2019-01-18 15:12:24,735 10 loss=0.2513750666364107
2019-01-18 15:12:24,735 
*** Major Checkpoint. Computing Stats and Saving
2019-01-18 15:12:24,735 	 Computing Major Stats lazily... 
2019-01-18 15:12:24,736 		 Completed edges=72 good=72 bad=0
2019-01-18 15:12:24,737 Distortion avg=0.44529110275041767 wc=5.441202757401684 me=1.3420129357464705 mc=4.054508427204626 nan_elements=0
2019-01-18 15:12:24,737 MAP = 0.3661816578483245
2019-01-18 15:12:24,737 scale=[array([1.])]
2019-01-18 15:12:24,738 *** End Major Checkpoint

2019-01-18 15:12:24,738 11 loss=0.23436413775069934
2019-01-18 15:12:24,739 12 loss=0.21922677461345896
2019-01-18 15:12:24,739 13 loss=0.2056054043488578
2019-01-18 15:12:24,740 14 loss=0.19325373819059263
2019-01-18 15:12:24,740 15 loss=0.1819909835429495
2019-01-18 15:12:24,741 16 loss=0.17167693653844351
2019-01-18 15:12:24,741 17 loss=0.16219824594248713
2019-01-18 15:12:24,742 18 loss=0.15346062044205444
2019-01-18 15:12:24,742 19 loss=0.1453841827412211
2019-01-18 15:12:24,743 20 loss=0.13790049218785194
2019-01-18 15:12:24,743 
*** Major Checkpoint. Computing Stats and Saving
2019-01-18 15:12:24,743 	 Computing Major Stats lazily... 
2019-01-18 15:12:24,743 		 Completed edges=72 good=72 bad=0
2019-01-18 15:12:24,745 Distortion avg=0.3283023780242584 wc=3.3700994321405986 me=1.3054804529498045 mc=2.5815012584261026 nan_elements=0
2019-01-18 15:12:24,745 MAP = 1.0
2019-01-18 15:12:24,745 scale=[array([1.])]
2019-01-18 15:12:24,745 *** End Major Checkpoint

2019-01-18 15:12:24,746 21 loss=0.1309504683040792
2019-01-18 15:12:24,746 22 loss=0.12448282550382851
2019-01-18 15:12:24,747 23 loss=0.11845282540273273
2019-01-18 15:12:24,747 24 loss=0.11282125104424089
2019-01-18 15:12:24,748 25 loss=0.10755355354157513
2019-01-18 15:12:24,748 26 loss=0.10261914175063916
2019-01-18 15:12:24,749 27 loss=0.09799079354943557
2019-01-18 15:12:24,749 28 loss=0.09364417031411876
2019-01-18 15:12:24,750 29 loss=0.08955741770138512
2019-01-18 15:12:24,750 30 loss=0.08571083728928583
2019-01-18 15:12:24,750 
*** Major Checkpoint. Computing Stats and Saving
2019-01-18 15:12:24,750 	 Computing Major Stats lazily... 
2019-01-18 15:12:24,751 		 Completed edges=72 good=72 bad=0
2019-01-18 15:12:24,752 Distortion avg=0.2549822273633909 wc=2.572442283085376 me=1.2544361395787105 mc=2.0506761579344364 nan_elements=0
2019-01-18 15:12:24,753 MAP = 1.0
2019-01-18 15:12:24,753 scale=[array([1.])]
2019-01-18 15:12:24,753 *** End Major Checkpoint

2019-01-18 15:12:24,753 31 loss=0.08208661538852367
2019-01-18 15:12:24,754 32 loss=0.07866859736050119
2019-01-18 15:12:24,754 33 loss=0.07544209787298656
2019-01-18 15:12:24,755 34 loss=0.07239373950159037
2019-01-18 15:12:24,755 35 loss=0.06951131381854167
2019-01-18 15:12:24,756 36 loss=0.06678366054059842
2019-01-18 15:12:24,756 37 loss=0.06420056143039754
2019-01-18 15:12:24,757 38 loss=0.06175264648983868
2019-01-18 15:12:24,757 39 loss=0.0594313105969536
2019-01-18 15:12:24,758 40 loss=0.05722863917012041
2019-01-18 15:12:24,758 
*** Major Checkpoint. Computing Stats and Saving
2019-01-18 15:12:24,758 	 Computing Major Stats lazily... 
2019-01-18 15:12:24,758 		 Completed edges=72 good=72 bad=0
2019-01-18 15:12:24,760 Distortion avg=0.20420981917294254 wc=2.1756591040372695 me=1.2309944201932896 mc=1.7673996472670033 nan_elements=0
2019-01-18 15:12:24,760 MAP = 1.0
2019-01-18 15:12:24,760 scale=[array([1.])]
2019-01-18 15:12:24,760 *** End Major Checkpoint

2019-01-18 15:12:24,761 41 loss=0.05513734174268145
2019-01-18 15:12:24,761 42 loss=0.05315069253655903
2019-01-18 15:12:24,762 43 loss=0.051262477266043584
2019-01-18 15:12:24,762 44 loss=0.0494669455049246
2019-01-18 15:12:24,763 45 loss=0.04775876802693119
2019-01-18 15:12:24,763 46 loss=0.04613299859102524
2019-01-18 15:12:24,764 47 loss=0.044585039695522355
2019-01-18 15:12:24,764 48 loss=0.043110611871740936
2019-01-18 15:12:24,765 49 loss=0.04170572613065565
2019-01-18 15:12:24,765 50 loss=0.04036665921563657
2019-01-18 15:12:24,765 
*** Major Checkpoint. Computing Stats and Saving
2019-01-18 15:12:24,765 	 Computing Major Stats lazily... 
2019-01-18 15:12:24,766 		 Completed edges=72 good=72 bad=0
2019-01-18 15:12:24,767 Distortion avg=0.16871153132566208 wc=1.9211125017641435 me=1.2092130929563654 mc=1.58872949106702 nan_elements=0
2019-01-18 15:12:24,767 MAP = 1.0
2019-01-18 15:12:24,768 scale=[array([1.])]
2019-01-18 15:12:24,768 *** End Major Checkpoint

2019-01-18 15:12:24,768 final loss=0.04036665921563657
2019-01-18 15:12:24,768 best loss=0.04036665921563657, distortion=0.16871153132566208, map=1.0, wc_dist=1.9211125017641435
2019-01-18 15:12:24,768 	 Computing Major Stats lazily... 
2019-01-18 15:12:24,768 		 Completed edges=72 good=72 bad=0
2019-01-18 15:12:24,770 Distortion avg=0.16871153132566208 wc=1.9211125017641435 me=1.2092130929563654 mc=1.58872949106702 nan_elements=0
2019-01-18 15:12:24,770 MAP = 1.0
2019-01-18 15:12:24,770 scale=[array([1.])]
