2019-01-18 15:07:09,138 Commandline ['pytorch/pytorch_hyperbolic.py', 'learn', 'data/edges/parsing/ewt/ewt_dev/407.edges', '--dim', '0', '--hyp', '0', '--edim', '10', '--euc', '1', '--sdim', '0', '--sph', '0', '--log-name', 'ewt_devr2/407.edges.E10-1.lr1.log', '--batch-size', '65536', '--epochs', '50', '--checkpoint-freq', '10', '-g', '--subsample', '1024', '--learning-rate', '1']
2019-01-18 15:07:09,138 No Model Save selected!
2019-01-18 15:07:09,140 Loaded Graph data/edges/parsing/ewt/ewt_dev/407.edges with 5 nodes scale=1.0
2019-01-18 15:07:09,140 Building dataset
2019-01-18 15:07:09,140 Subsample: 5 points with scale 1.0 subsample=4
2019-01-18 15:07:09,144 Built Data Sampler
2019-01-18 15:07:09,144 Creating a fresh model warm_start?=None
2019-01-18 15:07:09,144 	 Warmstarting? None None 5
2019-01-18 15:07:09,145 Embedding() torch.Size([5, 10])
2019-01-18 15:07:09,145 relative No Rescale
2019-01-18 15:07:09,145 Constructed model with dim=0 and epochs=0 isnan=False
2019-01-18 15:07:09,145 SGD (
Parameter Group 0
    dampening: 0
    initial_lr: 0.1
    lr: 1.0
    momentum: 0.0
    nesterov: False
    weight_decay: 0

Parameter Group 1
    dampening: 0
    initial_lr: 0.1
    lr: 1.0
    momentum: 0.0
    nesterov: False
    weight_decay: 0

Parameter Group 2
    dampening: 0
    initial_lr: 0.1
    lr: 1.0
    momentum: 0.0
    nesterov: False
    weight_decay: 0

Parameter Group 3
    dampening: 0
    initial_lr: 0.0001
    lr: 0.001
    momentum: 0.0
    nesterov: False
    weight_decay: 0
)
2019-01-18 15:07:09,145 *** Initial Checkpoint. Computing Stats
2019-01-18 15:07:09,146 	 Computing Major Stats lazily... 
2019-01-18 15:07:09,146 		 Completed edges=20 good=20 bad=0
2019-01-18 15:07:09,147 Distortion avg=0.9968641367264157 wc=3.578330819117069 me=0.006118754961534416 mc=584.813551386232 nan_elements=0
2019-01-18 15:07:09,147 MAP = 0.4499999999999999
2019-01-18 15:07:09,148 scale=[array([1.])]
2019-01-18 15:07:09,148 *** End Initial Checkpoint

2019-01-18 15:07:09,205 1 loss=0.9937407836615477
2019-01-18 15:07:09,206 2 loss=0.3502548698552255
2019-01-18 15:07:09,206 3 loss=0.25353207373624115
2019-01-18 15:07:09,206 4 loss=0.20591320177100444
2019-01-18 15:07:09,207 5 loss=0.17025641348274873
2019-01-18 15:07:09,207 6 loss=0.14263678780090766
2019-01-18 15:07:09,208 7 loss=0.1208931219157271
2019-01-18 15:07:09,208 8 loss=0.10328119928353267
2019-01-18 15:07:09,209 9 loss=0.08861055684984263
2019-01-18 15:07:09,209 10 loss=0.07618621718219613
2019-01-18 15:07:09,209 
*** Major Checkpoint. Computing Stats and Saving
2019-01-18 15:07:09,209 	 Computing Major Stats lazily... 
2019-01-18 15:07:09,210 		 Completed edges=20 good=20 bad=0
2019-01-18 15:07:09,211 Distortion avg=0.22615585569882093 wc=2.091214103430073 me=1.183783181347913 mc=1.7665516256523557 nan_elements=0
2019-01-18 15:07:09,211 MAP = 1.0
2019-01-18 15:07:09,211 scale=[array([1.])]
2019-01-18 15:07:09,211 *** End Major Checkpoint

2019-01-18 15:07:09,211 11 loss=0.0656179456707344
2019-01-18 15:07:09,212 12 loss=0.05665082020978539
2019-01-18 15:07:09,212 13 loss=0.04907330669951053
2019-01-18 15:07:09,213 14 loss=0.042687776991581994
2019-01-18 15:07:09,213 15 loss=0.03731028394499363
2019-01-18 15:07:09,214 16 loss=0.03277664828739134
2019-01-18 15:07:09,214 17 loss=0.02894585442408547
2019-01-18 15:07:09,215 18 loss=0.02569976626183416
2019-01-18 15:07:09,215 19 loss=0.022940687270930515
2019-01-18 15:07:09,215 20 loss=0.020588223501681515
2019-01-18 15:07:09,215 
*** Major Checkpoint. Computing Stats and Saving
2019-01-18 15:07:09,216 	 Computing Major Stats lazily... 
2019-01-18 15:07:09,216 		 Completed edges=20 good=20 bad=0
2019-01-18 15:07:09,217 Distortion avg=0.1213187788655519 wc=1.4592658775325396 me=1.1123265418943251 mc=1.3119042138897148 nan_elements=0
2019-01-18 15:07:09,217 MAP = 1.0
2019-01-18 15:07:09,217 scale=[array([1.])]
2019-01-18 15:07:09,217 *** End Major Checkpoint

2019-01-18 15:07:09,217 21 loss=0.01857625234264542
2019-01-18 15:07:09,218 22 loss=0.01685029778956481
2019-01-18 15:07:09,218 23 loss=0.015365359976336914
2019-01-18 15:07:09,219 24 loss=0.014084152632392887
2019-01-18 15:07:09,219 25 loss=0.01297568051896493
2019-01-18 15:07:09,220 26 loss=0.012014092728073408
2019-01-18 15:07:09,220 27 loss=0.011177757753588655
2019-01-18 15:07:09,221 28 loss=0.010448516267397638
2019-01-18 15:07:09,221 29 loss=0.009811076114190218
2019-01-18 15:07:09,221 30 loss=0.009252521097784239
2019-01-18 15:07:09,222 
*** Major Checkpoint. Computing Stats and Saving
2019-01-18 15:07:09,222 	 Computing Major Stats lazily... 
2019-01-18 15:07:09,222 		 Completed edges=20 good=20 bad=0
2019-01-18 15:07:09,223 Distortion avg=0.08574326904439382 wc=1.2922984649187463 me=1.0978631208733967 mc=1.1771034479149534 nan_elements=0
2019-01-18 15:07:09,223 MAP = 1.0
2019-01-18 15:07:09,223 scale=[array([1.])]
2019-01-18 15:07:09,223 *** End Major Checkpoint

2019-01-18 15:07:09,224 31 loss=0.00876191087076919
2019-01-18 15:07:09,224 32 loss=0.008329953871721155
2019-01-18 15:07:09,225 33 loss=0.007948738967911753
2019-01-18 15:07:09,225 34 loss=0.00761151441904097
2019-01-18 15:07:09,226 35 loss=0.007312505120252008
2019-01-18 15:07:09,226 36 loss=0.007046760931312311
2019-01-18 15:07:09,227 37 loss=0.006810030354528519
2019-01-18 15:07:09,227 38 loss=0.006598654969667571
2019-01-18 15:07:09,227 39 loss=0.0064094809367065434
2019-01-18 15:07:09,228 40 loss=0.006239784589706629
2019-01-18 15:07:09,228 
*** Major Checkpoint. Computing Stats and Saving
2019-01-18 15:07:09,228 	 Computing Major Stats lazily... 
2019-01-18 15:07:09,228 		 Completed edges=20 good=20 bad=0
2019-01-18 15:07:09,229 Distortion avg=0.07160178494577357 wc=1.2232426092193134 me=1.0877383457641259 mc=1.1245743187990647 nan_elements=0
2019-01-18 15:07:09,229 MAP = 1.0
2019-01-18 15:07:09,230 scale=[array([1.])]
2019-01-18 15:07:09,230 *** End Major Checkpoint

2019-01-18 15:07:09,230 41 loss=0.006087209709222747
2019-01-18 15:07:09,231 42 loss=0.005949714508974625
2019-01-18 15:07:09,231 43 loss=0.005825526730306781
2019-01-18 15:07:09,231 44 loss=0.005713105524842537
2019-01-18 15:07:09,232 45 loss=0.0056111090368569615
2019-01-18 15:07:09,232 46 loss=0.005518366784000805
2019-01-18 15:07:09,233 47 loss=0.005433856087216525
2019-01-18 15:07:09,233 48 loss=0.005356681925089523
2019-01-18 15:07:09,234 49 loss=0.005286059690010729
2019-01-18 15:07:09,234 50 loss=0.005221300407732677
2019-01-18 15:07:09,234 
*** Major Checkpoint. Computing Stats and Saving
2019-01-18 15:07:09,234 	 Computing Major Stats lazily... 
2019-01-18 15:07:09,235 		 Completed edges=20 good=20 bad=0
2019-01-18 15:07:09,236 Distortion avg=0.06737107650773777 wc=1.191013826972174 me=1.0825353066134393 mc=1.1002078358978373 nan_elements=0
2019-01-18 15:07:09,236 MAP = 1.0
2019-01-18 15:07:09,236 scale=[array([1.])]
2019-01-18 15:07:09,236 *** End Major Checkpoint

2019-01-18 15:07:09,236 final loss=0.005221300407732677
2019-01-18 15:07:09,236 best loss=0.005221300407732677, distortion=0.06737107650773777, map=1.0, wc_dist=1.191013826972174
2019-01-18 15:07:09,236 	 Computing Major Stats lazily... 
2019-01-18 15:07:09,236 		 Completed edges=20 good=20 bad=0
2019-01-18 15:07:09,237 Distortion avg=0.06737107650773778 wc=1.191013826972174 me=1.0825353066134393 mc=1.1002078358978373 nan_elements=0
2019-01-18 15:07:09,237 MAP = 1.0
2019-01-18 15:07:09,237 scale=[array([1.])]
