2019-01-18 14:59:00,315 Commandline ['pytorch/pytorch_hyperbolic.py', 'learn', 'data/edges/parsing/ewt/ewt_dev/413.edges', '--dim', '0', '--hyp', '0', '--edim', '10', '--euc', '1', '--sdim', '0', '--sph', '0', '--log-name', 'ewt_devr2/413.edges.E10-1.lr1.log', '--batch-size', '65536', '--epochs', '50', '--checkpoint-freq', '10', '-g', '--subsample', '1024', '--learning-rate', '1']
2019-01-18 14:59:00,315 No Model Save selected!
2019-01-18 14:59:00,317 Loaded Graph data/edges/parsing/ewt/ewt_dev/413.edges with 11 nodes scale=1.0
2019-01-18 14:59:00,317 Building dataset
2019-01-18 14:59:00,317 Subsample: 11 points with scale 1.0 subsample=10
2019-01-18 14:59:00,326 Built Data Sampler
2019-01-18 14:59:00,326 Creating a fresh model warm_start?=None
2019-01-18 14:59:00,327 	 Warmstarting? None None 11
2019-01-18 14:59:00,327 Embedding() torch.Size([11, 10])
2019-01-18 14:59:00,327 relative No Rescale
2019-01-18 14:59:00,328 Constructed model with dim=0 and epochs=0 isnan=False
2019-01-18 14:59:00,328 SGD (
Parameter Group 0
    dampening: 0
    initial_lr: 0.1
    lr: 1.0
    momentum: 0.0
    nesterov: False
    weight_decay: 0

Parameter Group 1
    dampening: 0
    initial_lr: 0.1
    lr: 1.0
    momentum: 0.0
    nesterov: False
    weight_decay: 0

Parameter Group 2
    dampening: 0
    initial_lr: 0.1
    lr: 1.0
    momentum: 0.0
    nesterov: False
    weight_decay: 0

Parameter Group 3
    dampening: 0
    initial_lr: 0.0001
    lr: 0.001
    momentum: 0.0
    nesterov: False
    weight_decay: 0
)
2019-01-18 14:59:00,328 *** Initial Checkpoint. Computing Stats
2019-01-18 14:59:00,328 	 Computing Major Stats lazily... 
2019-01-18 14:59:00,329 		 Completed edges=110 good=110 bad=0
2019-01-18 14:59:00,331 Distortion avg=0.997830338626716 wc=8.04618509307902 me=0.005941110731069004 mc=1354.323367683006 nan_elements=0
2019-01-18 14:59:00,331 MAP = 0.2165494227994228
2019-01-18 14:59:00,331 scale=[array([1.])]
2019-01-18 14:59:00,331 *** End Initial Checkpoint

2019-01-18 14:59:00,387 1 loss=0.9956672428135743
2019-01-18 14:59:00,388 2 loss=0.8071934070497915
2019-01-18 14:59:00,388 3 loss=0.6716011876010588
2019-01-18 14:59:00,389 4 loss=0.5771817659001987
2019-01-18 14:59:00,389 5 loss=0.5099509304022601
2019-01-18 14:59:00,390 6 loss=0.46057836495008064
2019-01-18 14:59:00,391 7 loss=0.4230752178644524
2019-01-18 14:59:00,391 8 loss=0.3936125608655644
2019-01-18 14:59:00,392 9 loss=0.3697273631862632
2019-01-18 14:59:00,392 10 loss=0.34981711560341183
2019-01-18 14:59:00,392 
*** Major Checkpoint. Computing Stats and Saving
2019-01-18 14:59:00,392 	 Computing Major Stats lazily... 
2019-01-18 14:59:00,393 		 Completed edges=110 good=110 bad=0
2019-01-18 14:59:00,395 Distortion avg=0.5439017210485423 wc=9.715178734149964 me=1.3675026534245762 mc=7.104321669739121 nan_elements=0
2019-01-18 14:59:00,395 MAP = 0.17225529100529105
2019-01-18 14:59:00,395 scale=[array([1.])]
2019-01-18 14:59:00,395 *** End Major Checkpoint

2019-01-18 14:59:00,396 11 loss=0.3328230803231037
2019-01-18 14:59:00,396 12 loss=0.3180323850868198
2019-01-18 14:59:00,397 13 loss=0.3049541162726094
2019-01-18 14:59:00,397 14 loss=0.2932413809532777
2019-01-18 14:59:00,398 15 loss=0.2826419878206443
2019-01-18 14:59:00,398 16 loss=0.2729670265996661
2019-01-18 14:59:00,399 17 loss=0.2640707058172468
2019-01-18 14:59:00,399 18 loss=0.25583731590650466
2019-01-18 14:59:00,400 19 loss=0.24817272883368469
2019-01-18 14:59:00,400 20 loss=0.2409988012720449
2019-01-18 14:59:00,400 
*** Major Checkpoint. Computing Stats and Saving
2019-01-18 14:59:00,400 	 Computing Major Stats lazily... 
2019-01-18 14:59:00,401 		 Completed edges=110 good=110 bad=0
2019-01-18 14:59:00,403 Distortion avg=0.4536574987121969 wc=7.198540357153832 me=1.5473891843733563 mc=4.652055494409452 nan_elements=0
2019-01-18 14:59:00,403 MAP = 0.33748196248196255
2019-01-18 14:59:00,403 scale=[array([1.])]
2019-01-18 14:59:00,403 *** End Major Checkpoint

2019-01-18 14:59:00,404 21 loss=0.23424964390515315
2019-01-18 14:59:00,404 22 loss=0.2278690933470312
2019-01-18 14:59:00,405 23 loss=0.22180895982922505
2019-01-18 14:59:00,405 24 loss=0.21602777486202393
2019-01-18 14:59:00,406 25 loss=0.2104898603198668
2019-01-18 14:59:00,406 26 loss=0.20516460354241986
2019-01-18 14:59:00,407 27 loss=0.2000258643891977
2019-01-18 14:59:00,407 28 loss=0.19505146746190827
2019-01-18 14:59:00,408 29 loss=0.1902227507844593
2019-01-18 14:59:00,408 30 loss=0.18552415418861268
2019-01-18 14:59:00,408 
*** Major Checkpoint. Computing Stats and Saving
2019-01-18 14:59:00,408 	 Computing Major Stats lazily... 
2019-01-18 14:59:00,409 		 Completed edges=110 good=110 bad=0
2019-01-18 14:59:00,411 Distortion avg=0.3884663352090564 wc=6.073866307227302 me=1.6293476344961486 mc=3.7277903000151067 nan_elements=0
2019-01-18 14:59:00,411 MAP = 0.5002525252525252
2019-01-18 14:59:00,411 scale=[array([1.])]
2019-01-18 14:59:00,411 *** End Major Checkpoint

2019-01-18 14:59:00,411 31 loss=0.1809428384607749
2019-01-18 14:59:00,412 32 loss=0.17646833123897393
2019-01-18 14:59:00,412 33 loss=0.17209219856333174
2019-01-18 14:59:00,413 34 loss=0.16780774247726007
2019-01-18 14:59:00,413 35 loss=0.16360972559212006
2019-01-18 14:59:00,414 36 loss=0.1594941234048378
2019-01-18 14:59:00,414 37 loss=0.1554579046612174
2019-01-18 14:59:00,415 38 loss=0.15149883939155354
2019-01-18 14:59:00,415 39 loss=0.14761533355951323
2019-01-18 14:59:00,416 40 loss=0.14380628866126843
2019-01-18 14:59:00,416 
*** Major Checkpoint. Computing Stats and Saving
2019-01-18 14:59:00,416 	 Computing Major Stats lazily... 
2019-01-18 14:59:00,417 		 Completed edges=110 good=110 bad=0
2019-01-18 14:59:00,418 Distortion avg=0.3366522723665739 wc=5.05374809541535 me=1.6007063917672306 mc=3.157198672665917 nan_elements=0
2019-01-18 14:59:00,419 MAP = 0.8153860028860027
2019-01-18 14:59:00,419 scale=[array([1.])]
2019-01-18 14:59:00,419 *** End Major Checkpoint

2019-01-18 14:59:00,419 41 loss=0.14007098414831232
2019-01-18 14:59:00,420 42 loss=0.13640898024848158
2019-01-18 14:59:00,421 43 loss=0.13282003862368952
2019-01-18 14:59:00,422 44 loss=0.12930405831058392
2019-01-18 14:59:00,422 45 loss=0.12586102451288694
2019-01-18 14:59:00,423 46 loss=0.1224909680190915
2019-01-18 14:59:00,423 47 loss=0.11919393327499175
2019-01-18 14:59:00,424 48 loss=0.1159699534195705
2019-01-18 14:59:00,424 49 loss=0.11281903087275925
2019-01-18 14:59:00,425 50 loss=0.10974112232804387
2019-01-18 14:59:00,425 
*** Major Checkpoint. Computing Stats and Saving
2019-01-18 14:59:00,425 	 Computing Major Stats lazily... 
2019-01-18 14:59:00,426 		 Completed edges=110 good=110 bad=0
2019-01-18 14:59:00,427 Distortion avg=0.2902153182300616 wc=4.131762135751863 me=1.5192011321056018 mc=2.719693955220577 nan_elements=0
2019-01-18 14:59:00,427 MAP = 0.9348484848484847
2019-01-18 14:59:00,428 scale=[array([1.])]
2019-01-18 14:59:00,428 *** End Major Checkpoint

2019-01-18 14:59:00,428 final loss=0.10974112232804387
2019-01-18 14:59:00,428 best loss=0.10974112232804387, distortion=0.2902153182300616, map=0.9348484848484847, wc_dist=4.131762135751863
2019-01-18 14:59:00,428 	 Computing Major Stats lazily... 
2019-01-18 14:59:00,428 		 Completed edges=110 good=110 bad=0
2019-01-18 14:59:00,430 Distortion avg=0.2902153182300616 wc=4.131762135751863 me=1.5192011321056018 mc=2.719693955220577 nan_elements=0
2019-01-18 14:59:00,430 MAP = 0.9348484848484848
2019-01-18 14:59:00,430 scale=[array([1.])]
