2019-01-18 15:08:24,634 Commandline ['pytorch/pytorch_hyperbolic.py', 'learn', 'data/edges/parsing/ewt/ewt_dev/422.edges', '--dim', '0', '--hyp', '0', '--edim', '10', '--euc', '1', '--sdim', '0', '--sph', '0', '--log-name', 'ewt_devr2/422.edges.E10-1.lr1.log', '--batch-size', '65536', '--epochs', '50', '--checkpoint-freq', '10', '-g', '--subsample', '1024', '--learning-rate', '1']
2019-01-18 15:08:24,634 No Model Save selected!
2019-01-18 15:08:24,636 Loaded Graph data/edges/parsing/ewt/ewt_dev/422.edges with 6 nodes scale=1.0
2019-01-18 15:08:24,636 Building dataset
2019-01-18 15:08:24,637 Subsample: 6 points with scale 1.0 subsample=5
2019-01-18 15:08:24,641 Built Data Sampler
2019-01-18 15:08:24,641 Creating a fresh model warm_start?=None
2019-01-18 15:08:24,641 	 Warmstarting? None None 6
2019-01-18 15:08:24,642 Embedding() torch.Size([6, 10])
2019-01-18 15:08:24,642 relative No Rescale
2019-01-18 15:08:24,642 Constructed model with dim=0 and epochs=0 isnan=False
2019-01-18 15:08:24,642 SGD (
Parameter Group 0
    dampening: 0
    initial_lr: 0.1
    lr: 1.0
    momentum: 0.0
    nesterov: False
    weight_decay: 0

Parameter Group 1
    dampening: 0
    initial_lr: 0.1
    lr: 1.0
    momentum: 0.0
    nesterov: False
    weight_decay: 0

Parameter Group 2
    dampening: 0
    initial_lr: 0.1
    lr: 1.0
    momentum: 0.0
    nesterov: False
    weight_decay: 0

Parameter Group 3
    dampening: 0
    initial_lr: 0.0001
    lr: 0.001
    momentum: 0.0
    nesterov: False
    weight_decay: 0
)
2019-01-18 15:08:24,642 *** Initial Checkpoint. Computing Stats
2019-01-18 15:08:24,643 	 Computing Major Stats lazily... 
2019-01-18 15:08:24,643 		 Completed edges=30 good=30 bad=0
2019-01-18 15:08:24,644 Distortion avg=0.9970831198655035 wc=5.448327215027938 me=0.005628252251848828 mc=968.0318100949036 nan_elements=0
2019-01-18 15:08:24,644 MAP = 0.3673611111111111
2019-01-18 15:08:24,645 scale=[array([1.])]
2019-01-18 15:08:24,645 *** End Initial Checkpoint

2019-01-18 15:08:24,707 1 loss=0.9941769604494649
2019-01-18 15:08:24,708 2 loss=0.4635441691317516
2019-01-18 15:08:24,709 3 loss=0.31525202916545497
2019-01-18 15:08:24,710 4 loss=0.2517268731485578
2019-01-18 15:08:24,710 5 loss=0.21108416500882515
2019-01-18 15:08:24,711 6 loss=0.18122722499383753
2019-01-18 15:08:24,712 7 loss=0.15828918155714375
2019-01-18 15:08:24,712 8 loss=0.14019266646627662
2019-01-18 15:08:24,713 9 loss=0.12550308167145674
2019-01-18 15:08:24,713 10 loss=0.11318669104455176
2019-01-18 15:08:24,713 
*** Major Checkpoint. Computing Stats and Saving
2019-01-18 15:08:24,713 	 Computing Major Stats lazily... 
2019-01-18 15:08:24,714 		 Completed edges=30 good=30 bad=0
2019-01-18 15:08:24,715 Distortion avg=0.28235841025482855 wc=2.9223696248591975 me=1.3115136705912935 mc=2.2282418326159363 nan_elements=0
2019-01-18 15:08:24,715 MAP = 0.8805555555555555
2019-01-18 15:08:24,715 scale=[array([1.])]
2019-01-18 15:08:24,716 *** End Major Checkpoint

2019-01-18 15:08:24,716 11 loss=0.10252813523786036
2019-01-18 15:08:24,717 12 loss=0.09306576654852697
2019-01-18 15:08:24,717 13 loss=0.08452511825515985
2019-01-18 15:08:24,718 14 loss=0.07675588495114481
2019-01-18 15:08:24,718 15 loss=0.06967971253491859
2019-01-18 15:08:24,719 16 loss=0.0632525585402023
2019-01-18 15:08:24,719 17 loss=0.057441441031889216
2019-01-18 15:08:24,720 18 loss=0.05221274617462504
2019-01-18 15:08:24,720 19 loss=0.04752828453739766
2019-01-18 15:08:24,720 20 loss=0.04334560099376466
2019-01-18 15:08:24,721 
*** Major Checkpoint. Computing Stats and Saving
2019-01-18 15:08:24,721 	 Computing Major Stats lazily... 
2019-01-18 15:08:24,721 		 Completed edges=30 good=30 bad=0
2019-01-18 15:08:24,722 Distortion avg=0.17450889275890502 wc=1.8350887498962496 me=1.1760436565729522 mc=1.5603916909375513 nan_elements=0
2019-01-18 15:08:24,722 MAP = 1.0
2019-01-18 15:08:24,722 scale=[array([1.])]
2019-01-18 15:08:24,722 *** End Major Checkpoint

2019-01-18 15:08:24,723 21 loss=0.03961999910947707
2019-01-18 15:08:24,723 22 loss=0.03630677978243646
2019-01-18 15:08:24,724 23 loss=0.03336300899834066
2019-01-18 15:08:24,724 24 loss=0.030748639711790263
2019-01-18 15:08:24,725 25 loss=0.028427065332670406
2019-01-18 15:08:24,725 26 loss=0.026365265958174792
2019-01-18 15:08:24,726 27 loss=0.024533704009314376
2019-01-18 15:08:24,726 28 loss=0.022906088152048917
2019-01-18 15:08:24,727 29 loss=0.0214590830271502
2019-01-18 15:08:24,727 30 loss=0.020172009485091808
2019-01-18 15:08:24,727 
*** Major Checkpoint. Computing Stats and Saving
2019-01-18 15:08:24,727 	 Computing Major Stats lazily... 
2019-01-18 15:08:24,727 		 Completed edges=30 good=30 bad=0
2019-01-18 15:08:24,728 Distortion avg=0.12543158773103427 wc=1.4940691482727961 me=1.1442362445924699 mc=1.3057348561834121 nan_elements=0
2019-01-18 15:08:24,729 MAP = 1.0
2019-01-18 15:08:24,729 scale=[array([1.])]
2019-01-18 15:08:24,729 *** End Major Checkpoint

2019-01-18 15:08:24,729 31 loss=0.01902655803134955
2019-01-18 15:08:24,730 32 loss=0.018006525166142238
2019-01-18 15:08:24,730 33 loss=0.017097575388940703
2019-01-18 15:08:24,731 34 loss=0.016287028368129668
2019-01-18 15:08:24,731 35 loss=0.015563669454023217
2019-01-18 15:08:24,731 36 loss=0.014917581327572978
2019-01-18 15:08:24,732 37 loss=0.014339994590273328
2019-01-18 15:08:24,732 38 loss=0.013823155257087872
2019-01-18 15:08:24,733 39 loss=0.01336020730555545
2019-01-18 15:08:24,733 40 loss=0.012945088621465827
2019-01-18 15:08:24,733 
*** Major Checkpoint. Computing Stats and Saving
2019-01-18 15:08:24,733 	 Computing Major Stats lazily... 
2019-01-18 15:08:24,734 		 Completed edges=30 good=30 bad=0
2019-01-18 15:08:24,735 Distortion avg=0.10403480793488977 wc=1.3651171793668806 me=1.1395667184868792 mc=1.197926507698898 nan_elements=0
2019-01-18 15:08:24,735 MAP = 1.0
2019-01-18 15:08:24,735 scale=[array([1.])]
2019-01-18 15:08:24,735 *** End Major Checkpoint

2019-01-18 15:08:24,735 41 loss=0.012572438853809187
2019-01-18 15:08:24,736 42 loss=0.012237517848009662
2019-01-18 15:08:24,736 43 loss=0.011936133468046008
2019-01-18 15:08:24,737 44 loss=0.011664577746325313
2019-01-18 15:08:24,737 45 loss=0.011419570416146111
2019-01-18 15:08:24,738 46 loss=0.011198208986084946
2019-01-18 15:08:24,738 47 loss=0.010997924609419615
2019-01-18 15:08:24,739 48 loss=0.010816443085544114
2019-01-18 15:08:24,739 49 loss=0.01065175040505719
2019-01-18 15:08:24,740 50 loss=0.010502062316664007
2019-01-18 15:08:24,740 
*** Major Checkpoint. Computing Stats and Saving
2019-01-18 15:08:24,740 	 Computing Major Stats lazily... 
2019-01-18 15:08:24,740 		 Completed edges=30 good=30 bad=0
2019-01-18 15:08:24,741 Distortion avg=0.09637164205233892 wc=1.3000620645469332 me=1.1333394231795701 mc=1.1471074225050997 nan_elements=0
2019-01-18 15:08:24,741 MAP = 1.0
2019-01-18 15:08:24,741 scale=[array([1.])]
2019-01-18 15:08:24,742 *** End Major Checkpoint

2019-01-18 15:08:24,742 final loss=0.010502062316664007
2019-01-18 15:08:24,742 best loss=0.010502062316664007, distortion=0.09637164205233892, map=1.0, wc_dist=1.3000620645469332
2019-01-18 15:08:24,742 	 Computing Major Stats lazily... 
2019-01-18 15:08:24,742 		 Completed edges=30 good=30 bad=0
2019-01-18 15:08:24,743 Distortion avg=0.09637164205233896 wc=1.3000620645469332 me=1.1333394231795701 mc=1.1471074225050997 nan_elements=0
2019-01-18 15:08:24,743 MAP = 1.0
2019-01-18 15:08:24,743 scale=[array([1.])]
