2019-01-18 14:55:22,763 Commandline ['pytorch/pytorch_hyperbolic.py', 'learn', 'data/edges/parsing/ewt/ewt_dev/424.edges', '--dim', '0', '--hyp', '0', '--edim', '10', '--euc', '1', '--sdim', '0', '--sph', '0', '--log-name', 'ewt_devr2/424.edges.E10-1.lr1.log', '--batch-size', '65536', '--epochs', '50', '--checkpoint-freq', '10', '-g', '--subsample', '1024', '--learning-rate', '1']
2019-01-18 14:55:22,763 No Model Save selected!
2019-01-18 14:55:22,765 Loaded Graph data/edges/parsing/ewt/ewt_dev/424.edges with 8 nodes scale=1.0
2019-01-18 14:55:22,765 Building dataset
2019-01-18 14:55:22,765 Subsample: 8 points with scale 1.0 subsample=7
2019-01-18 14:55:22,771 Built Data Sampler
2019-01-18 14:55:22,771 Creating a fresh model warm_start?=None
2019-01-18 14:55:22,771 	 Warmstarting? None None 8
2019-01-18 14:55:22,772 Embedding() torch.Size([8, 10])
2019-01-18 14:55:22,772 relative No Rescale
2019-01-18 14:55:22,772 Constructed model with dim=0 and epochs=0 isnan=False
2019-01-18 14:55:22,772 SGD (
Parameter Group 0
    dampening: 0
    initial_lr: 0.1
    lr: 1.0
    momentum: 0.0
    nesterov: False
    weight_decay: 0

Parameter Group 1
    dampening: 0
    initial_lr: 0.1
    lr: 1.0
    momentum: 0.0
    nesterov: False
    weight_decay: 0

Parameter Group 2
    dampening: 0
    initial_lr: 0.1
    lr: 1.0
    momentum: 0.0
    nesterov: False
    weight_decay: 0

Parameter Group 3
    dampening: 0
    initial_lr: 0.0001
    lr: 0.001
    momentum: 0.0
    nesterov: False
    weight_decay: 0
)
2019-01-18 14:55:22,773 *** Initial Checkpoint. Computing Stats
2019-01-18 14:55:22,773 	 Computing Major Stats lazily... 
2019-01-18 14:55:22,773 		 Completed edges=56 good=56 bad=0
2019-01-18 14:55:22,775 Distortion avg=0.9973290067385668 wc=6.001124680688818 me=0.005941110731069004 mc=1010.1014696302445 nan_elements=0
2019-01-18 14:55:22,775 MAP = 0.37327380952380956
2019-01-18 14:55:22,775 scale=[array([1.])]
2019-01-18 14:55:22,776 *** End Initial Checkpoint

2019-01-18 14:55:22,833 1 loss=0.994667071997993
2019-01-18 14:55:22,834 2 loss=0.6682059799532043
2019-01-18 14:55:22,834 3 loss=0.4887545582169523
2019-01-18 14:55:22,835 4 loss=0.3898363395372741
2019-01-18 14:55:22,835 5 loss=0.3293416401144791
2019-01-18 14:55:22,836 6 loss=0.28871725238119506
2019-01-18 14:55:22,836 7 loss=0.25939632311203903
2019-01-18 14:55:22,837 8 loss=0.2370832618033023
2019-01-18 14:55:22,837 9 loss=0.21943464296398643
2019-01-18 14:55:22,838 10 loss=0.2050684196953621
2019-01-18 14:55:22,838 
*** Major Checkpoint. Computing Stats and Saving
2019-01-18 14:55:22,838 	 Computing Major Stats lazily... 
2019-01-18 14:55:22,838 		 Completed edges=56 good=56 bad=0
2019-01-18 14:55:22,840 Distortion avg=0.39218037814528833 wc=5.774120687741586 me=1.3480780177609475 mc=4.283224421485598 nan_elements=0
2019-01-18 14:55:22,840 MAP = 0.5961904761904762
2019-01-18 14:55:22,840 scale=[array([1.])]
2019-01-18 14:55:22,840 *** End Major Checkpoint

2019-01-18 14:55:22,841 11 loss=0.19311020714065305
2019-01-18 14:55:22,841 12 loss=0.18297116658860363
2019-01-18 14:55:22,842 13 loss=0.17423293649416707
2019-01-18 14:55:22,842 14 loss=0.1665851511860579
2019-01-18 14:55:22,843 15 loss=0.15979005392722803
2019-01-18 14:55:22,843 16 loss=0.1536615746513081
2019-01-18 14:55:22,844 17 loss=0.1480523483553497
2019-01-18 14:55:22,844 18 loss=0.14284520628299704
2019-01-18 14:55:22,844 19 loss=0.13794726017329678
2019-01-18 14:55:22,845 20 loss=0.13328554472907692
2019-01-18 14:55:22,845 
*** Major Checkpoint. Computing Stats and Saving
2019-01-18 14:55:22,845 	 Computing Major Stats lazily... 
2019-01-18 14:55:22,845 		 Completed edges=56 good=56 bad=0
2019-01-18 14:55:22,847 Distortion avg=0.29656193336568154 wc=4.5432090936641005 me=1.4261446219357379 mc=3.1856580488292283 nan_elements=0
2019-01-18 14:55:22,847 MAP = 0.7866666666666666
2019-01-18 14:55:22,847 scale=[array([1.])]
2019-01-18 14:55:22,847 *** End Major Checkpoint

2019-01-18 14:55:22,848 21 loss=0.12880363884489215
2019-01-18 14:55:22,848 22 loss=0.12445893339011478
2019-01-18 14:55:22,848 23 loss=0.12022034862063535
2019-01-18 14:55:22,849 24 loss=0.11606637955302136
2019-01-18 14:55:22,849 25 loss=0.11198339110402336
2019-01-18 14:55:22,850 26 loss=0.10796411163835269
2019-01-18 14:55:22,850 27 loss=0.10400629163496951
2019-01-18 14:55:22,851 28 loss=0.10011150724059181
2019-01-18 14:55:22,851 29 loss=0.0962840980735291
2019-01-18 14:55:22,852 30 loss=0.09253023524167488
2019-01-18 14:55:22,852 
*** Major Checkpoint. Computing Stats and Saving
2019-01-18 14:55:22,852 	 Computing Major Stats lazily... 
2019-01-18 14:55:22,852 		 Completed edges=56 good=56 bad=0
2019-01-18 14:55:22,853 Distortion avg=0.24427057087583595 wc=3.3154560978306873 me=1.3465692101279745 mc=2.4621505325490065 nan_elements=0
2019-01-18 14:55:22,854 MAP = 1.0
2019-01-18 14:55:22,854 scale=[array([1.])]
2019-01-18 14:55:22,854 *** End Major Checkpoint

2019-01-18 14:55:22,854 31 loss=0.08885711925453885
2019-01-18 14:55:22,855 32 loss=0.08527230850480745
2019-01-18 14:55:22,855 33 loss=0.0817831776779648
2019-01-18 14:55:22,856 34 loss=0.07839650248363696
2019-01-18 14:55:22,856 35 loss=0.07511816330833976
2019-01-18 14:55:22,856 36 loss=0.07195295658646486
2019-01-18 14:55:22,857 37 loss=0.0689044995526889
2019-01-18 14:55:22,857 38 loss=0.06597521201632632
2019-01-18 14:55:22,858 39 loss=0.06316635806294986
2019-01-18 14:55:22,858 40 loss=0.06047813108123364
2019-01-18 14:55:22,858 
*** Major Checkpoint. Computing Stats and Saving
2019-01-18 14:55:22,858 	 Computing Major Stats lazily... 
2019-01-18 14:55:22,859 		 Completed edges=56 good=56 bad=0
2019-01-18 14:55:22,860 Distortion avg=0.19888506578377743 wc=2.452248689405916 me=1.2430523977361159 mc=1.9727637337509056 nan_elements=0
2019-01-18 14:55:22,860 MAP = 1.0
2019-01-18 14:55:22,860 scale=[array([1.])]
2019-01-18 14:55:22,860 *** End Major Checkpoint

2019-01-18 14:55:22,861 41 loss=0.057909767004502
2019-01-18 14:55:22,861 42 loss=0.05545967282882325
2019-01-18 14:55:22,862 43 loss=0.05312555998872302
2019-01-18 14:55:22,862 44 loss=0.05090457474203962
2019-01-18 14:55:22,863 45 loss=0.04879342011079837
2019-01-18 14:55:22,863 46 loss=0.04678846599842911
2019-01-18 14:55:22,864 47 loss=0.04488584578263439
2019-01-18 14:55:22,864 48 loss=0.043081538955120194
2019-01-18 14:55:22,865 49 loss=0.04137144027380209
2019-01-18 14:55:22,865 50 loss=0.039751416464551347
2019-01-18 14:55:22,865 
*** Major Checkpoint. Computing Stats and Saving
2019-01-18 14:55:22,865 	 Computing Major Stats lazily... 
2019-01-18 14:55:22,866 		 Completed edges=56 good=56 bad=0
2019-01-18 14:55:22,867 Distortion avg=0.16323108320495217 wc=2.007749302626404 me=1.1983771827220138 mc=1.6753901288957862 nan_elements=0
2019-01-18 14:55:22,867 MAP = 1.0
2019-01-18 14:55:22,867 scale=[array([1.])]
2019-01-18 14:55:22,867 *** End Major Checkpoint

2019-01-18 14:55:22,867 final loss=0.039751416464551347
2019-01-18 14:55:22,867 best loss=0.039751416464551347, distortion=0.16323108320495217, map=1.0, wc_dist=2.007749302626404
2019-01-18 14:55:22,867 	 Computing Major Stats lazily... 
2019-01-18 14:55:22,868 		 Completed edges=56 good=56 bad=0
2019-01-18 14:55:22,869 Distortion avg=0.16323108320495217 wc=2.007749302626404 me=1.1983771827220138 mc=1.6753901288957862 nan_elements=0
2019-01-18 14:55:22,869 MAP = 1.0
2019-01-18 14:55:22,869 scale=[array([1.])]
