2019-01-18 14:56:26,281 Commandline ['pytorch/pytorch_hyperbolic.py', 'learn', 'data/edges/parsing/ewt/ewt_dev/427.edges', '--dim', '0', '--hyp', '0', '--edim', '10', '--euc', '1', '--sdim', '0', '--sph', '0', '--log-name', 'ewt_devr2/427.edges.E10-1.lr1.log', '--batch-size', '65536', '--epochs', '50', '--checkpoint-freq', '10', '-g', '--subsample', '1024', '--learning-rate', '1']
2019-01-18 14:56:26,281 No Model Save selected!
2019-01-18 14:56:26,283 Loaded Graph data/edges/parsing/ewt/ewt_dev/427.edges with 11 nodes scale=1.0
2019-01-18 14:56:26,283 Building dataset
2019-01-18 14:56:26,284 Subsample: 11 points with scale 1.0 subsample=10
2019-01-18 14:56:26,293 Built Data Sampler
2019-01-18 14:56:26,293 Creating a fresh model warm_start?=None
2019-01-18 14:56:26,293 	 Warmstarting? None None 11
2019-01-18 14:56:26,293 Embedding() torch.Size([11, 10])
2019-01-18 14:56:26,294 relative No Rescale
2019-01-18 14:56:26,294 Constructed model with dim=0 and epochs=0 isnan=False
2019-01-18 14:56:26,294 SGD (
Parameter Group 0
    dampening: 0
    initial_lr: 0.1
    lr: 1.0
    momentum: 0.0
    nesterov: False
    weight_decay: 0

Parameter Group 1
    dampening: 0
    initial_lr: 0.1
    lr: 1.0
    momentum: 0.0
    nesterov: False
    weight_decay: 0

Parameter Group 2
    dampening: 0
    initial_lr: 0.1
    lr: 1.0
    momentum: 0.0
    nesterov: False
    weight_decay: 0

Parameter Group 3
    dampening: 0
    initial_lr: 0.0001
    lr: 0.001
    momentum: 0.0
    nesterov: False
    weight_decay: 0
)
2019-01-18 14:56:26,294 *** Initial Checkpoint. Computing Stats
2019-01-18 14:56:26,294 	 Computing Major Stats lazily... 
2019-01-18 14:56:26,295 		 Completed edges=110 good=110 bad=0
2019-01-18 14:56:26,297 Distortion avg=0.9979040653253441 wc=8.102763644702978 me=0.005982886981094694 mc=1354.323367683006 nan_elements=0
2019-01-18 14:56:26,297 MAP = 0.3663660413660414
2019-01-18 14:56:26,297 scale=[array([1.])]
2019-01-18 14:56:26,297 *** End Initial Checkpoint

2019-01-18 14:56:26,354 1 loss=0.9958140947421993
2019-01-18 14:56:26,354 2 loss=0.8146913715905196
2019-01-18 14:56:26,355 3 loss=0.6798236305005054
2019-01-18 14:56:26,355 4 loss=0.5841477273890674
2019-01-18 14:56:26,356 5 loss=0.5153730655357098
2019-01-18 14:56:26,356 6 loss=0.46475117724127785
2019-01-18 14:56:26,357 7 loss=0.4264089224661661
2019-01-18 14:56:26,357 8 loss=0.3964525250662306
2019-01-18 14:56:26,358 9 loss=0.37230204874815426
2019-01-18 14:56:26,359 10 loss=0.35224048225236626
2019-01-18 14:56:26,359 
*** Major Checkpoint. Computing Stats and Saving
2019-01-18 14:56:26,359 	 Computing Major Stats lazily... 
2019-01-18 14:56:26,359 		 Completed edges=110 good=110 bad=0
2019-01-18 14:56:26,361 Distortion avg=0.5412878170159177 wc=10.356188752088503 me=1.3539109969019512 mc=7.649091244391811 nan_elements=0
2019-01-18 14:56:26,361 MAP = 0.19072871572871575
2019-01-18 14:56:26,361 scale=[array([1.])]
2019-01-18 14:56:26,362 *** End Major Checkpoint

2019-01-18 14:56:26,362 11 loss=0.3351165761820491
2019-01-18 14:56:26,363 12 loss=0.32015079060973517
2019-01-18 14:56:26,363 13 loss=0.3068088179685914
2019-01-18 14:56:26,364 14 loss=0.2947190397030975
2019-01-18 14:56:26,364 15 loss=0.2836185043124963
2019-01-18 14:56:26,365 16 loss=0.2733174517586956
2019-01-18 14:56:26,365 17 loss=0.2636759352169369
2019-01-18 14:56:26,366 18 loss=0.25458836189772605
2019-01-18 14:56:26,366 19 loss=0.24597323555824846
2019-01-18 14:56:26,367 20 loss=0.23776632524010724
2019-01-18 14:56:26,367 
*** Major Checkpoint. Computing Stats and Saving
2019-01-18 14:56:26,367 	 Computing Major Stats lazily... 
2019-01-18 14:56:26,368 		 Completed edges=110 good=110 bad=0
2019-01-18 14:56:26,369 Distortion avg=0.4503264947956945 wc=8.089434619455355 me=1.57253321461097 mc=5.144205886587016 nan_elements=0
2019-01-18 14:56:26,369 MAP = 0.4185064935064935
2019-01-18 14:56:26,370 scale=[array([1.])]
2019-01-18 14:56:26,370 *** End Major Checkpoint

2019-01-18 14:56:26,370 21 loss=0.22991609446569838
2019-01-18 14:56:26,371 22 loss=0.22238062170619613
2019-01-18 14:56:26,371 23 loss=0.21512550231728092
2019-01-18 14:56:26,372 24 loss=0.20812239283973435
2019-01-18 14:56:26,372 25 loss=0.20134797171145774
2019-01-18 14:56:26,373 26 loss=0.1947831660894058
2019-01-18 14:56:26,373 27 loss=0.1884125455819736
2019-01-18 14:56:26,374 28 loss=0.1822238185972395
2019-01-18 14:56:26,374 29 loss=0.17620739108552536
2019-01-18 14:56:26,375 30 loss=0.17035596412084275
2019-01-18 14:56:26,375 
*** Major Checkpoint. Computing Stats and Saving
2019-01-18 14:56:26,375 	 Computing Major Stats lazily... 
2019-01-18 14:56:26,375 		 Completed edges=110 good=110 bad=0
2019-01-18 14:56:26,377 Distortion avg=0.37232761509405016 wc=6.221340095339607 me=1.555831659343108 mc=3.9987231638970093 nan_elements=0
2019-01-18 14:56:26,377 MAP = 0.758080808080808
2019-01-18 14:56:26,377 scale=[array([1.])]
2019-01-18 14:56:26,377 *** End Major Checkpoint

2019-01-18 14:56:26,378 31 loss=0.16466415820515887
2019-01-18 14:56:26,379 32 loss=0.15912815979695133
2019-01-18 14:56:26,379 33 loss=0.1537453903058126
2019-01-18 14:56:26,380 34 loss=0.14851420034591217
2019-01-18 14:56:26,380 35 loss=0.1434335929548287
2019-01-18 14:56:26,381 36 loss=0.13850297923625726
2019-01-18 14:56:26,381 37 loss=0.13372196889419213
2019-01-18 14:56:26,382 38 loss=0.1290901967517011
2019-01-18 14:56:26,382 39 loss=0.12460718487908562
2019-01-18 14:56:26,383 40 loss=0.12027223860675158
2019-01-18 14:56:26,383 
*** Major Checkpoint. Computing Stats and Saving
2019-01-18 14:56:26,383 	 Computing Major Stats lazily... 
2019-01-18 14:56:26,384 		 Completed edges=110 good=110 bad=0
2019-01-18 14:56:26,385 Distortion avg=0.3056625500416608 wc=4.716893118541471 me=1.4709958839655355 mc=3.2065984480021728 nan_elements=0
2019-01-18 14:56:26,385 MAP = 0.8762626262626262
2019-01-18 14:56:26,386 scale=[array([1.])]
2019-01-18 14:56:26,386 *** End Major Checkpoint

2019-01-18 14:56:26,386 41 loss=0.11608437360292127
2019-01-18 14:56:26,387 42 loss=0.11204227042134518
2019-01-18 14:56:26,387 43 loss=0.10814425247945234
2019-01-18 14:56:26,388 44 loss=0.10438828328332375
2019-01-18 14:56:26,388 45 loss=0.1007719788192744
2019-01-18 14:56:26,389 46 loss=0.09729263131952463
2019-01-18 14:56:26,389 47 loss=0.09394724101854875
2019-01-18 14:56:26,390 48 loss=0.09073255299126494
2019-01-18 14:56:26,390 49 loss=0.08764509665876004
2019-01-18 14:56:26,391 50 loss=0.0846812260277316
2019-01-18 14:56:26,391 
*** Major Checkpoint. Computing Stats and Saving
2019-01-18 14:56:26,391 	 Computing Major Stats lazily... 
2019-01-18 14:56:26,392 		 Completed edges=110 good=110 bad=0
2019-01-18 14:56:26,394 Distortion avg=0.2530686676112256 wc=3.6592092677359074 me=1.380934785324526 mc=2.649805991291599 nan_elements=0
2019-01-18 14:56:26,394 MAP = 1.0
2019-01-18 14:56:26,394 scale=[array([1.])]
2019-01-18 14:56:26,394 *** End Major Checkpoint

2019-01-18 14:56:26,394 final loss=0.0846812260277316
2019-01-18 14:56:26,395 best loss=0.0846812260277316, distortion=0.2530686676112256, map=1.0, wc_dist=3.6592092677359074
2019-01-18 14:56:26,395 	 Computing Major Stats lazily... 
2019-01-18 14:56:26,395 		 Completed edges=110 good=110 bad=0
2019-01-18 14:56:26,398 Distortion avg=0.2530686676112257 wc=3.6592092677359074 me=1.380934785324526 mc=2.649805991291599 nan_elements=0
2019-01-18 14:56:26,398 MAP = 1.0
2019-01-18 14:56:26,398 scale=[array([1.])]
