2019-01-18 14:53:25,838 Commandline ['pytorch/pytorch_hyperbolic.py', 'learn', 'data/edges/parsing/ewt/ewt_dev/430.edges', '--dim', '0', '--hyp', '0', '--edim', '10', '--euc', '1', '--sdim', '0', '--sph', '0', '--log-name', 'ewt_devr2/430.edges.E10-1.lr1.log', '--batch-size', '65536', '--epochs', '50', '--checkpoint-freq', '10', '-g', '--subsample', '1024', '--learning-rate', '1']
2019-01-18 14:53:25,838 No Model Save selected!
2019-01-18 14:53:25,839 Loaded Graph data/edges/parsing/ewt/ewt_dev/430.edges with 11 nodes scale=1.0
2019-01-18 14:53:25,839 Building dataset
2019-01-18 14:53:25,840 Subsample: 11 points with scale 1.0 subsample=10
2019-01-18 14:53:25,849 Built Data Sampler
2019-01-18 14:53:25,849 Creating a fresh model warm_start?=None
2019-01-18 14:53:25,849 	 Warmstarting? None None 11
2019-01-18 14:53:25,849 Embedding() torch.Size([11, 10])
2019-01-18 14:53:25,849 relative No Rescale
2019-01-18 14:53:25,850 Constructed model with dim=0 and epochs=0 isnan=False
2019-01-18 14:53:25,850 SGD (
Parameter Group 0
    dampening: 0
    initial_lr: 0.1
    lr: 1.0
    momentum: 0.0
    nesterov: False
    weight_decay: 0

Parameter Group 1
    dampening: 0
    initial_lr: 0.1
    lr: 1.0
    momentum: 0.0
    nesterov: False
    weight_decay: 0

Parameter Group 2
    dampening: 0
    initial_lr: 0.1
    lr: 1.0
    momentum: 0.0
    nesterov: False
    weight_decay: 0

Parameter Group 3
    dampening: 0
    initial_lr: 0.0001
    lr: 0.001
    momentum: 0.0
    nesterov: False
    weight_decay: 0
)
2019-01-18 14:53:25,850 *** Initial Checkpoint. Computing Stats
2019-01-18 14:53:25,850 	 Computing Major Stats lazily... 
2019-01-18 14:53:25,851 		 Completed edges=110 good=110 bad=0
2019-01-18 14:53:25,853 Distortion avg=0.9979040653253441 wc=8.102763644702978 me=0.005982886981094694 mc=1354.323367683006 nan_elements=0
2019-01-18 14:53:25,853 MAP = 0.3663660413660414
2019-01-18 14:53:25,853 scale=[array([1.])]
2019-01-18 14:53:25,853 *** End Initial Checkpoint

2019-01-18 14:53:25,910 1 loss=0.9958140947421993
2019-01-18 14:53:25,910 2 loss=0.8146913715905196
2019-01-18 14:53:25,911 3 loss=0.6798236305005054
2019-01-18 14:53:25,911 4 loss=0.5841477273890674
2019-01-18 14:53:25,912 5 loss=0.5153730655357098
2019-01-18 14:53:25,912 6 loss=0.46475117724127785
2019-01-18 14:53:25,913 7 loss=0.4264089224661661
2019-01-18 14:53:25,913 8 loss=0.3964525250662306
2019-01-18 14:53:25,914 9 loss=0.37230204874815426
2019-01-18 14:53:25,914 10 loss=0.35224048225236626
2019-01-18 14:53:25,914 
*** Major Checkpoint. Computing Stats and Saving
2019-01-18 14:53:25,915 	 Computing Major Stats lazily... 
2019-01-18 14:53:25,915 		 Completed edges=110 good=110 bad=0
2019-01-18 14:53:25,917 Distortion avg=0.5412878170159177 wc=10.356188752088503 me=1.3539109969019512 mc=7.649091244391811 nan_elements=0
2019-01-18 14:53:25,917 MAP = 0.19072871572871575
2019-01-18 14:53:25,917 scale=[array([1.])]
2019-01-18 14:53:25,917 *** End Major Checkpoint

2019-01-18 14:53:25,918 11 loss=0.3351165761820491
2019-01-18 14:53:25,918 12 loss=0.32015079060973517
2019-01-18 14:53:25,919 13 loss=0.3068088179685914
2019-01-18 14:53:25,919 14 loss=0.2947190397030975
2019-01-18 14:53:25,920 15 loss=0.2836185043124963
2019-01-18 14:53:25,920 16 loss=0.2733174517586956
2019-01-18 14:53:25,921 17 loss=0.2636759352169369
2019-01-18 14:53:25,921 18 loss=0.25458836189772605
2019-01-18 14:53:25,922 19 loss=0.24597323555824846
2019-01-18 14:53:25,922 20 loss=0.23776632524010724
2019-01-18 14:53:25,923 
*** Major Checkpoint. Computing Stats and Saving
2019-01-18 14:53:25,923 	 Computing Major Stats lazily... 
2019-01-18 14:53:25,923 		 Completed edges=110 good=110 bad=0
2019-01-18 14:53:25,925 Distortion avg=0.4503264947956945 wc=8.089434619455355 me=1.57253321461097 mc=5.144205886587016 nan_elements=0
2019-01-18 14:53:25,925 MAP = 0.4185064935064935
2019-01-18 14:53:25,925 scale=[array([1.])]
2019-01-18 14:53:25,925 *** End Major Checkpoint

2019-01-18 14:53:25,926 21 loss=0.22991609446569838
2019-01-18 14:53:25,926 22 loss=0.22238062170619613
2019-01-18 14:53:25,927 23 loss=0.21512550231728092
2019-01-18 14:53:25,927 24 loss=0.20812239283973435
2019-01-18 14:53:25,928 25 loss=0.20134797171145774
2019-01-18 14:53:25,928 26 loss=0.1947831660894058
2019-01-18 14:53:25,929 27 loss=0.1884125455819736
2019-01-18 14:53:25,929 28 loss=0.1822238185972395
2019-01-18 14:53:25,930 29 loss=0.17620739108552536
2019-01-18 14:53:25,930 30 loss=0.17035596412084275
2019-01-18 14:53:25,930 
*** Major Checkpoint. Computing Stats and Saving
2019-01-18 14:53:25,931 	 Computing Major Stats lazily... 
2019-01-18 14:53:25,931 		 Completed edges=110 good=110 bad=0
2019-01-18 14:53:25,933 Distortion avg=0.37232761509405016 wc=6.221340095339607 me=1.555831659343108 mc=3.9987231638970093 nan_elements=0
2019-01-18 14:53:25,933 MAP = 0.758080808080808
2019-01-18 14:53:25,933 scale=[array([1.])]
2019-01-18 14:53:25,933 *** End Major Checkpoint

2019-01-18 14:53:25,934 31 loss=0.16466415820515887
2019-01-18 14:53:25,934 32 loss=0.15912815979695133
2019-01-18 14:53:25,935 33 loss=0.1537453903058126
2019-01-18 14:53:25,935 34 loss=0.14851420034591217
2019-01-18 14:53:25,936 35 loss=0.1434335929548287
2019-01-18 14:53:25,936 36 loss=0.13850297923625726
2019-01-18 14:53:25,937 37 loss=0.13372196889419213
2019-01-18 14:53:25,937 38 loss=0.1290901967517011
2019-01-18 14:53:25,938 39 loss=0.12460718487908562
2019-01-18 14:53:25,938 40 loss=0.12027223860675158
2019-01-18 14:53:25,938 
*** Major Checkpoint. Computing Stats and Saving
2019-01-18 14:53:25,939 	 Computing Major Stats lazily... 
2019-01-18 14:53:25,939 		 Completed edges=110 good=110 bad=0
2019-01-18 14:53:25,941 Distortion avg=0.3056625500416608 wc=4.716893118541471 me=1.4709958839655355 mc=3.2065984480021728 nan_elements=0
2019-01-18 14:53:25,941 MAP = 0.8762626262626262
2019-01-18 14:53:25,941 scale=[array([1.])]
2019-01-18 14:53:25,941 *** End Major Checkpoint

2019-01-18 14:53:25,942 41 loss=0.11608437360292127
2019-01-18 14:53:25,942 42 loss=0.11204227042134518
2019-01-18 14:53:25,943 43 loss=0.10814425247945234
2019-01-18 14:53:25,943 44 loss=0.10438828328332375
2019-01-18 14:53:25,944 45 loss=0.1007719788192744
2019-01-18 14:53:25,944 46 loss=0.09729263131952463
2019-01-18 14:53:25,945 47 loss=0.09394724101854875
2019-01-18 14:53:25,945 48 loss=0.09073255299126494
2019-01-18 14:53:25,946 49 loss=0.08764509665876004
2019-01-18 14:53:25,946 50 loss=0.0846812260277316
2019-01-18 14:53:25,946 
*** Major Checkpoint. Computing Stats and Saving
2019-01-18 14:53:25,946 	 Computing Major Stats lazily... 
2019-01-18 14:53:25,947 		 Completed edges=110 good=110 bad=0
2019-01-18 14:53:25,949 Distortion avg=0.2530686676112256 wc=3.6592092677359074 me=1.380934785324526 mc=2.649805991291599 nan_elements=0
2019-01-18 14:53:25,949 MAP = 1.0
2019-01-18 14:53:25,949 scale=[array([1.])]
2019-01-18 14:53:25,949 *** End Major Checkpoint

2019-01-18 14:53:25,949 final loss=0.0846812260277316
2019-01-18 14:53:25,950 best loss=0.0846812260277316, distortion=0.2530686676112256, map=1.0, wc_dist=3.6592092677359074
2019-01-18 14:53:25,950 	 Computing Major Stats lazily... 
2019-01-18 14:53:25,950 		 Completed edges=110 good=110 bad=0
2019-01-18 14:53:25,952 Distortion avg=0.2530686676112257 wc=3.6592092677359074 me=1.380934785324526 mc=2.649805991291599 nan_elements=0
2019-01-18 14:53:25,952 MAP = 1.0
2019-01-18 14:53:25,952 scale=[array([1.])]
