2019-01-18 14:56:08,480 Commandline ['pytorch/pytorch_hyperbolic.py', 'learn', 'data/edges/parsing/ewt/ewt_dev/431.edges', '--dim', '0', '--hyp', '0', '--edim', '10', '--euc', '1', '--sdim', '0', '--sph', '0', '--log-name', 'ewt_devr2/431.edges.E10-1.lr1.log', '--batch-size', '65536', '--epochs', '50', '--checkpoint-freq', '10', '-g', '--subsample', '1024', '--learning-rate', '1']
2019-01-18 14:56:08,480 No Model Save selected!
2019-01-18 14:56:08,482 Loaded Graph data/edges/parsing/ewt/ewt_dev/431.edges with 30 nodes scale=1.0
2019-01-18 14:56:08,482 Building dataset
2019-01-18 14:56:08,482 Subsample: 30 points with scale 1.0 subsample=29
2019-01-18 14:56:08,522 Built Data Sampler
2019-01-18 14:56:08,522 Creating a fresh model warm_start?=None
2019-01-18 14:56:08,522 	 Warmstarting? None None 30
2019-01-18 14:56:08,523 Embedding() torch.Size([30, 10])
2019-01-18 14:56:08,523 relative No Rescale
2019-01-18 14:56:08,523 Constructed model with dim=0 and epochs=0 isnan=False
2019-01-18 14:56:08,523 SGD (
Parameter Group 0
    dampening: 0
    initial_lr: 0.1
    lr: 1.0
    momentum: 0.0
    nesterov: False
    weight_decay: 0

Parameter Group 1
    dampening: 0
    initial_lr: 0.1
    lr: 1.0
    momentum: 0.0
    nesterov: False
    weight_decay: 0

Parameter Group 2
    dampening: 0
    initial_lr: 0.1
    lr: 1.0
    momentum: 0.0
    nesterov: False
    weight_decay: 0

Parameter Group 3
    dampening: 0
    initial_lr: 0.0001
    lr: 0.001
    momentum: 0.0
    nesterov: False
    weight_decay: 0
)
2019-01-18 14:56:08,524 *** Initial Checkpoint. Computing Stats
2019-01-18 14:56:08,524 	 Computing Major Stats lazily... 
2019-01-18 14:56:08,528 		 Completed edges=870 good=870 bad=0
2019-01-18 14:56:08,532 Distortion avg=0.9982790096536837 wc=10.804029749126162 me=0.005941110731069004 mc=1818.52017883231 nan_elements=0
2019-01-18 14:56:08,532 MAP = 0.11754655659066611
2019-01-18 14:56:08,533 scale=[array([1.])]
2019-01-18 14:56:08,533 *** End Initial Checkpoint

2019-01-18 14:56:08,589 1 loss=0.9965618314977964
2019-01-18 14:56:08,591 2 loss=0.951404450297976
2019-01-18 14:56:08,592 3 loss=0.9082249777194877
2019-01-18 14:56:08,593 4 loss=0.8679658324622641
2019-01-18 14:56:08,594 5 loss=0.8305060593303951
2019-01-18 14:56:08,595 6 loss=0.7956387762294279
2019-01-18 14:56:08,596 7 loss=0.7631510426383188
2019-01-18 14:56:08,597 8 loss=0.7328414818077081
2019-01-18 14:56:08,598 9 loss=0.7045248574307514
2019-01-18 14:56:08,599 10 loss=0.6780327024769925
2019-01-18 14:56:08,599 
*** Major Checkpoint. Computing Stats and Saving
2019-01-18 14:56:08,599 	 Computing Major Stats lazily... 
2019-01-18 14:56:08,602 		 Completed edges=870 good=870 bad=0
2019-01-18 14:56:08,607 Distortion avg=0.7960096711985885 wc=18.15453983481591 me=0.8797274786149791 mc=20.636549699911573 nan_elements=0
2019-01-18 14:56:08,607 MAP = 0.06742906289632726
2019-01-18 14:56:08,607 scale=[array([1.])]
2019-01-18 14:56:08,607 *** End Major Checkpoint

2019-01-18 14:56:08,609 11 loss=0.6532125616236216
2019-01-18 14:56:08,610 12 loss=0.6299267472253359
2019-01-18 14:56:08,611 13 loss=0.6080509673229246
2019-01-18 14:56:08,612 14 loss=0.5874729772850807
2019-01-18 14:56:08,613 15 loss=0.5680913187417268
2019-01-18 14:56:08,614 16 loss=0.5498141694435974
2019-01-18 14:56:08,615 17 loss=0.5325583087980157
2019-01-18 14:56:08,616 18 loss=0.5162481949145977
2019-01-18 14:56:08,617 19 loss=0.5008151450022678
2019-01-18 14:56:08,618 20 loss=0.4861966094661711
2019-01-18 14:56:08,618 
*** Major Checkpoint. Computing Stats and Saving
2019-01-18 14:56:08,618 	 Computing Major Stats lazily... 
2019-01-18 14:56:08,621 		 Completed edges=870 good=870 bad=0
2019-01-18 14:56:08,626 Distortion avg=0.6595021626141016 wc=14.400323583372959 me=1.285964147057561 mc=11.19807548003777 nan_elements=0
2019-01-18 14:56:08,626 MAP = 0.06975671422375299
2019-01-18 14:56:08,626 scale=[array([1.])]
2019-01-18 14:56:08,626 *** End Major Checkpoint

2019-01-18 14:56:08,628 21 loss=0.47233552983770627
2019-01-18 14:56:08,629 22 loss=0.45917977109468555
2019-01-18 14:56:08,630 23 loss=0.44668161965032105
2019-01-18 14:56:08,631 24 loss=0.43479733912501267
2019-01-18 14:56:08,632 25 loss=0.42348677686478625
2019-01-18 14:56:08,633 26 loss=0.4127130149830905
2019-01-18 14:56:08,634 27 loss=0.40244206045351544
2019-01-18 14:56:08,635 28 loss=0.3926425694599088
2019-01-18 14:56:08,636 29 loss=0.3832856018156894
2019-01-18 14:56:08,637 30 loss=0.3743444017988355
2019-01-18 14:56:08,637 
*** Major Checkpoint. Computing Stats and Saving
2019-01-18 14:56:08,637 	 Computing Major Stats lazily... 
2019-01-18 14:56:08,641 		 Completed edges=870 good=870 bad=0
2019-01-18 14:56:08,646 Distortion avg=0.577981755334002 wc=11.55891419471264 me=1.4544378464969723 mc=7.947341457424528 nan_elements=0
2019-01-18 14:56:08,646 MAP = 0.0815846560066155
2019-01-18 14:56:08,646 scale=[array([1.])]
2019-01-18 14:56:08,646 *** End Major Checkpoint

2019-01-18 14:56:08,647 31 loss=0.365794202218222
2019-01-18 14:56:08,648 32 loss=0.3576120489368425
2019-01-18 14:56:08,649 33 loss=0.34977664343435944
2019-01-18 14:56:08,650 34 loss=0.3422682013015372
2019-01-18 14:56:08,651 35 loss=0.33506832482818677
2019-01-18 14:56:08,652 36 loss=0.3281598880795164
2019-01-18 14:56:08,653 37 loss=0.3215269330579268
2019-01-18 14:56:08,654 38 loss=0.31515457572246114
2019-01-18 14:56:08,655 39 loss=0.30902892078994715
2019-01-18 14:56:08,656 40 loss=0.30313698437355263
2019-01-18 14:56:08,656 
*** Major Checkpoint. Computing Stats and Saving
2019-01-18 14:56:08,657 	 Computing Major Stats lazily... 
2019-01-18 14:56:08,660 		 Completed edges=870 good=870 bad=0
2019-01-18 14:56:08,664 Distortion avg=0.5166038564219383 wc=9.985632230121523 me=1.5881988702628955 mc=6.287394114862073 nan_elements=0
2019-01-18 14:56:08,664 MAP = 0.10822879022261452
2019-01-18 14:56:08,664 scale=[array([1.])]
2019-01-18 14:56:08,664 *** End Major Checkpoint

2019-01-18 14:56:08,665 41 loss=0.2974666236287344
2019-01-18 14:56:08,666 42 loss=0.29200647267582625
2019-01-18 14:56:08,667 43 loss=0.2867458841548121
2019-01-18 14:56:08,668 44 loss=0.28167487584296175
2019-01-18 14:56:08,669 45 loss=0.2767840818314844
2019-01-18 14:56:08,670 46 loss=0.2720647078145161
2019-01-18 14:56:08,671 47 loss=0.2675084900937049
2019-01-18 14:56:08,672 48 loss=0.2631076579453896
2019-01-18 14:56:08,673 49 loss=0.2588548990357006
2019-01-18 14:56:08,675 50 loss=0.25474332760258045
2019-01-18 14:56:08,675 
*** Major Checkpoint. Computing Stats and Saving
2019-01-18 14:56:08,675 	 Computing Major Stats lazily... 
2019-01-18 14:56:08,678 		 Completed edges=870 good=870 bad=0
2019-01-18 14:56:08,683 Distortion avg=0.46658870132028873 wc=9.164739928477104 me=1.7384611801890675 mc=5.271754142638024 nan_elements=0
2019-01-18 14:56:08,683 MAP = 0.13963828571258555
2019-01-18 14:56:08,683 scale=[array([1.])]
2019-01-18 14:56:08,683 *** End Major Checkpoint

2019-01-18 14:56:08,683 final loss=0.25474332760258045
2019-01-18 14:56:08,683 best loss=0.25474332760258045, distortion=0.46658870132028873, map=0.13963828571258555, wc_dist=9.164739928477104
2019-01-18 14:56:08,683 	 Computing Major Stats lazily... 
2019-01-18 14:56:08,687 		 Completed edges=870 good=870 bad=0
2019-01-18 14:56:08,691 Distortion avg=0.4665887013202889 wc=9.164739928477104 me=1.7384611801890675 mc=5.271754142638024 nan_elements=0
2019-01-18 14:56:08,691 MAP = 0.1396382857125855
2019-01-18 14:56:08,691 scale=[array([1.])]
