2019-01-18 15:05:32,750 Commandline ['pytorch/pytorch_hyperbolic.py', 'learn', 'data/edges/parsing/ewt/ewt_dev/437.edges', '--dim', '0', '--hyp', '0', '--edim', '10', '--euc', '1', '--sdim', '0', '--sph', '0', '--log-name', 'ewt_devr2/437.edges.E10-1.lr1.log', '--batch-size', '65536', '--epochs', '50', '--checkpoint-freq', '10', '-g', '--subsample', '1024', '--learning-rate', '1']
2019-01-18 15:05:32,750 No Model Save selected!
2019-01-18 15:05:32,752 Loaded Graph data/edges/parsing/ewt/ewt_dev/437.edges with 27 nodes scale=1.0
2019-01-18 15:05:32,752 Building dataset
2019-01-18 15:05:32,753 Subsample: 27 points with scale 1.0 subsample=26
2019-01-18 15:05:32,786 Built Data Sampler
2019-01-18 15:05:32,786 Creating a fresh model warm_start?=None
2019-01-18 15:05:32,786 	 Warmstarting? None None 27
2019-01-18 15:05:32,787 Embedding() torch.Size([27, 10])
2019-01-18 15:05:32,787 relative No Rescale
2019-01-18 15:05:32,787 Constructed model with dim=0 and epochs=0 isnan=False
2019-01-18 15:05:32,787 SGD (
Parameter Group 0
    dampening: 0
    initial_lr: 0.1
    lr: 1.0
    momentum: 0.0
    nesterov: False
    weight_decay: 0

Parameter Group 1
    dampening: 0
    initial_lr: 0.1
    lr: 1.0
    momentum: 0.0
    nesterov: False
    weight_decay: 0

Parameter Group 2
    dampening: 0
    initial_lr: 0.1
    lr: 1.0
    momentum: 0.0
    nesterov: False
    weight_decay: 0

Parameter Group 3
    dampening: 0
    initial_lr: 0.0001
    lr: 0.001
    momentum: 0.0
    nesterov: False
    weight_decay: 0
)
2019-01-18 15:05:32,787 *** Initial Checkpoint. Computing Stats
2019-01-18 15:05:32,787 	 Computing Major Stats lazily... 
2019-01-18 15:05:32,791 		 Completed edges=702 good=702 bad=0
2019-01-18 15:05:32,795 Distortion avg=0.9984684434345181 wc=14.653905627511941 me=0.006322757085624978 mc=2317.6448864100976 nan_elements=0
2019-01-18 15:05:32,795 MAP = 0.13710449505798564
2019-01-18 15:05:32,795 scale=[array([1.])]
2019-01-18 15:05:32,795 *** End Initial Checkpoint

2019-01-18 15:05:32,853 1 loss=0.9969402728469562
2019-01-18 15:05:32,854 2 loss=0.958751547662963
2019-01-18 15:05:32,855 3 loss=0.9217434383241276
2019-01-18 15:05:32,856 4 loss=0.8870026556350379
2019-01-18 15:05:32,857 5 loss=0.8545370453901441
2019-01-18 15:05:32,858 6 loss=0.8242307753145827
2019-01-18 15:05:32,859 7 loss=0.79594163212191
2019-01-18 15:05:32,860 8 loss=0.7695244604146798
2019-01-18 15:05:32,861 9 loss=0.7448390245199913
2019-01-18 15:05:32,862 10 loss=0.7217529584820709
2019-01-18 15:05:32,862 
*** Major Checkpoint. Computing Stats and Saving
2019-01-18 15:05:32,862 	 Computing Major Stats lazily... 
2019-01-18 15:05:32,865 		 Completed edges=702 good=702 bad=0
2019-01-18 15:05:32,869 Distortion avg=0.8244961608512601 wc=19.880974574393115 me=0.733110402130721 mc=27.11866386919461 nan_elements=0
2019-01-18 15:05:32,869 MAP = 0.07351286522182113
2019-01-18 15:05:32,869 scale=[array([1.])]
2019-01-18 15:05:32,869 *** End Major Checkpoint

2019-01-18 15:05:32,870 11 loss=0.7001427910424103
2019-01-18 15:05:32,871 12 loss=0.6798941154733141
2019-01-18 15:05:32,872 13 loss=0.6609013539096519
2019-01-18 15:05:32,873 14 loss=0.6430673270472717
2019-01-18 15:05:32,874 15 loss=0.6263027359024923
2019-01-18 15:05:32,875 16 loss=0.6105256124128757
2019-01-18 15:05:32,876 17 loss=0.5956607699662558
2019-01-18 15:05:32,877 18 loss=0.5816392709709567
2019-01-18 15:05:32,878 19 loss=0.5683979206568138
2019-01-18 15:05:32,879 20 loss=0.5558787916672214
2019-01-18 15:05:32,879 
*** Major Checkpoint. Computing Stats and Saving
2019-01-18 15:05:32,879 	 Computing Major Stats lazily... 
2019-01-18 15:05:32,882 		 Completed edges=702 good=702 bad=0
2019-01-18 15:05:32,886 Distortion avg=0.7067657383344551 wc=18.304644614178773 me=1.2101104215510874 mc=15.126425066826847 nan_elements=0
2019-01-18 15:05:32,886 MAP = 0.07429626284854544
2019-01-18 15:05:32,886 scale=[array([1.])]
2019-01-18 15:05:32,886 *** End Major Checkpoint

2019-01-18 15:05:32,887 21 loss=0.5440287812455794
2019-01-18 15:05:32,888 22 loss=0.5327992011653704
2019-01-18 15:05:32,889 23 loss=0.5221453995669343
2019-01-18 15:05:32,890 24 loss=0.5120264132913538
2019-01-18 15:05:32,891 25 loss=0.5024046489892584
2019-01-18 15:05:32,892 26 loss=0.4932455911347503
2019-01-18 15:05:32,893 27 loss=0.48451753503196354
2019-01-18 15:05:32,894 28 loss=0.4761913429253205
2019-01-18 15:05:32,895 29 loss=0.46824022138908544
2019-01-18 15:05:32,896 30 loss=0.46063951826071514
2019-01-18 15:05:32,896 
*** Major Checkpoint. Computing Stats and Saving
2019-01-18 15:05:32,896 	 Computing Major Stats lazily... 
2019-01-18 15:05:32,899 		 Completed edges=702 good=702 bad=0
2019-01-18 15:05:32,903 Distortion avg=0.6458338434745653 wc=16.533746699097513 me=1.50699958315697 mc=10.971301441544824 nan_elements=0
2019-01-18 15:05:32,903 MAP = 0.07964854386646116
2019-01-18 15:05:32,903 scale=[array([1.])]
2019-01-18 15:05:32,903 *** End Major Checkpoint

2019-01-18 15:05:32,904 31 loss=0.45336653748474876
2019-01-18 15:05:32,905 32 loss=0.4464003703422447
2019-01-18 15:05:32,906 33 loss=0.4397217416502553
2019-01-18 15:05:32,907 34 loss=0.43331286962337845
2019-01-18 15:05:32,908 35 loss=0.42715733819303653
2019-01-18 15:05:32,909 36 loss=0.4212399806786244
2019-01-18 15:05:32,909 37 loss=0.4155467737973304
2019-01-18 15:05:32,910 38 loss=0.41006474108599394
2019-01-18 15:05:32,911 39 loss=0.4047818648887212
2019-01-18 15:05:32,912 40 loss=0.3996870061382975
2019-01-18 15:05:32,912 
*** Major Checkpoint. Computing Stats and Saving
2019-01-18 15:05:32,912 	 Computing Major Stats lazily... 
2019-01-18 15:05:32,915 		 Completed edges=702 good=702 bad=0
2019-01-18 15:05:32,919 Distortion avg=0.6009818845444332 wc=14.971607209209601 me=1.6913446663682306 mc=8.851896072346772 nan_elements=0
2019-01-18 15:05:32,919 MAP = 0.09306797724952552
2019-01-18 15:05:32,919 scale=[array([1.])]
2019-01-18 15:05:32,920 *** End Major Checkpoint

2019-01-18 15:05:32,921 41 loss=0.3947698312278674
2019-01-18 15:05:32,922 42 loss=0.39002074533222697
2019-01-18 15:05:32,923 43 loss=0.3854308315956898
2019-01-18 15:05:32,924 44 loss=0.38099179565618246
2019-01-18 15:05:32,925 45 loss=0.3766959150233658
2019-01-18 15:05:32,926 46 loss=0.3725359928724691
2019-01-18 15:05:32,927 47 loss=0.36850531585552626
2019-01-18 15:05:32,928 48 loss=0.36459761556811837
2019-01-18 15:05:32,929 49 loss=0.36080703334284997
2019-01-18 15:05:32,930 50 loss=0.3571280880708938
2019-01-18 15:05:32,930 
*** Major Checkpoint. Computing Stats and Saving
2019-01-18 15:05:32,930 	 Computing Major Stats lazily... 
2019-01-18 15:05:32,933 		 Completed edges=702 good=702 bad=0
2019-01-18 15:05:32,937 Distortion avg=0.5630538409226619 wc=13.645819309523503 me=1.8045816346552368 mc=7.561763373553627 nan_elements=0
2019-01-18 15:05:32,937 MAP = 0.11206397388190276
2019-01-18 15:05:32,937 scale=[array([1.])]
2019-01-18 15:05:32,937 *** End Major Checkpoint

2019-01-18 15:05:32,938 final loss=0.3571280880708938
2019-01-18 15:05:32,938 best loss=0.3571280880708938, distortion=0.5630538409226619, map=0.11206397388190276, wc_dist=13.645819309523503
2019-01-18 15:05:32,938 	 Computing Major Stats lazily... 
2019-01-18 15:05:32,940 		 Completed edges=702 good=702 bad=0
2019-01-18 15:05:32,944 Distortion avg=0.5630538409226616 wc=13.645819309523503 me=1.8045816346552368 mc=7.561763373553627 nan_elements=0
2019-01-18 15:05:32,945 MAP = 0.11206397388190276
2019-01-18 15:05:32,945 scale=[array([1.])]
