2019-01-18 14:55:11,591 Commandline ['pytorch/pytorch_hyperbolic.py', 'learn', 'data/edges/parsing/ewt/ewt_dev/439.edges', '--dim', '0', '--hyp', '0', '--edim', '10', '--euc', '1', '--sdim', '0', '--sph', '0', '--log-name', 'ewt_devr2/439.edges.E10-1.lr1.log', '--batch-size', '65536', '--epochs', '50', '--checkpoint-freq', '10', '-g', '--subsample', '1024', '--learning-rate', '1']
2019-01-18 14:55:11,591 No Model Save selected!
2019-01-18 14:55:11,593 Loaded Graph data/edges/parsing/ewt/ewt_dev/439.edges with 16 nodes scale=1.0
2019-01-18 14:55:11,593 Building dataset
2019-01-18 14:55:11,593 Subsample: 16 points with scale 1.0 subsample=15
2019-01-18 14:55:11,608 Built Data Sampler
2019-01-18 14:55:11,608 Creating a fresh model warm_start?=None
2019-01-18 14:55:11,608 	 Warmstarting? None None 16
2019-01-18 14:55:11,609 Embedding() torch.Size([16, 10])
2019-01-18 14:55:11,609 relative No Rescale
2019-01-18 14:55:11,609 Constructed model with dim=0 and epochs=0 isnan=False
2019-01-18 14:55:11,609 SGD (
Parameter Group 0
    dampening: 0
    initial_lr: 0.1
    lr: 1.0
    momentum: 0.0
    nesterov: False
    weight_decay: 0

Parameter Group 1
    dampening: 0
    initial_lr: 0.1
    lr: 1.0
    momentum: 0.0
    nesterov: False
    weight_decay: 0

Parameter Group 2
    dampening: 0
    initial_lr: 0.1
    lr: 1.0
    momentum: 0.0
    nesterov: False
    weight_decay: 0

Parameter Group 3
    dampening: 0
    initial_lr: 0.0001
    lr: 0.001
    momentum: 0.0
    nesterov: False
    weight_decay: 0
)
2019-01-18 14:55:11,609 *** Initial Checkpoint. Computing Stats
2019-01-18 14:55:11,609 	 Computing Major Stats lazily... 
2019-01-18 14:55:11,611 		 Completed edges=240 good=240 bad=0
2019-01-18 14:55:11,613 Distortion avg=0.9981608293975055 wc=8.901034671055704 me=0.005628252251848828 mc=1581.4917798206004 nan_elements=0
2019-01-18 14:55:11,614 MAP = 0.34781723484848487
2019-01-18 14:55:11,614 scale=[array([1.])]
2019-01-18 14:55:11,614 *** End Initial Checkpoint

2019-01-18 14:55:11,672 1 loss=0.9963260916387588
2019-01-18 14:55:11,673 2 loss=0.8973108121682567
2019-01-18 14:55:11,674 3 loss=0.8101787836022154
2019-01-18 14:55:11,674 4 loss=0.736951797935321
2019-01-18 14:55:11,675 5 loss=0.6755133207284112
2019-01-18 14:55:11,676 6 loss=0.6237450344301314
2019-01-18 14:55:11,676 7 loss=0.5798481755043011
2019-01-18 14:55:11,677 8 loss=0.542352799878221
2019-01-18 14:55:11,678 9 loss=0.51007369498831
2019-01-18 14:55:11,678 10 loss=0.4820600532969131
2019-01-18 14:55:11,678 
*** Major Checkpoint. Computing Stats and Saving
2019-01-18 14:55:11,678 	 Computing Major Stats lazily... 
2019-01-18 14:55:11,680 		 Completed edges=240 good=240 bad=0
2019-01-18 14:55:11,682 Distortion avg=0.6322181286759214 wc=11.111112552410946 me=1.3039817426924172 mc=8.520911135971197 nan_elements=0
2019-01-18 14:55:11,682 MAP = 0.135275419025419
2019-01-18 14:55:11,682 scale=[array([1.])]
2019-01-18 14:55:11,682 *** End Major Checkpoint

2019-01-18 14:55:11,683 11 loss=0.45755015527279086
2019-01-18 14:55:11,684 12 loss=0.43593340161579075
2019-01-18 14:55:11,684 13 loss=0.41671945189336074
2019-01-18 14:55:11,685 14 loss=0.3995135056733835
2019-01-18 14:55:11,686 15 loss=0.3839966533683289
2019-01-18 14:55:11,686 16 loss=0.36991031770750704
2019-01-18 14:55:11,687 17 loss=0.3570439561077801
2019-01-18 14:55:11,687 18 loss=0.34522534514150316
2019-01-18 14:55:11,688 19 loss=0.33431290215376064
2019-01-18 14:55:11,689 20 loss=0.32418961120827594
2019-01-18 14:55:11,689 
*** Major Checkpoint. Computing Stats and Saving
2019-01-18 14:55:11,689 	 Computing Major Stats lazily... 
2019-01-18 14:55:11,690 		 Completed edges=240 good=240 bad=0
2019-01-18 14:55:11,692 Distortion avg=0.5331924599097891 wc=7.456017727725492 me=1.5262670361280075 mc=4.885133172135259 nan_elements=0
2019-01-18 14:55:11,692 MAP = 0.18171044233544234
2019-01-18 14:55:11,693 scale=[array([1.])]
2019-01-18 14:55:11,693 *** End Major Checkpoint

2019-01-18 14:55:11,693 21 loss=0.3147582117320677
2019-01-18 14:55:11,694 22 loss=0.3059373811589508
2019-01-18 14:55:11,695 23 loss=0.29765870061958066
2019-01-18 14:55:11,695 24 loss=0.28986423817770707
2019-01-18 14:55:11,696 25 loss=0.2825046197601243
2019-01-18 14:55:11,696 26 loss=0.27553748583249704
2019-01-18 14:55:11,697 27 loss=0.268926253698841
2019-01-18 14:55:11,698 28 loss=0.2626391223726968
2019-01-18 14:55:11,698 29 loss=0.2566482703261876
2019-01-18 14:55:11,699 30 loss=0.2509292068864138
2019-01-18 14:55:11,699 
*** Major Checkpoint. Computing Stats and Saving
2019-01-18 14:55:11,699 	 Computing Major Stats lazily... 
2019-01-18 14:55:11,700 		 Completed edges=240 good=240 bad=0
2019-01-18 14:55:11,703 Distortion avg=0.46526945497331373 wc=6.1343719609637075 me=1.6510269423282564 mc=3.715488708084374 nan_elements=0
2019-01-18 14:55:11,703 MAP = 0.3167743281024531
2019-01-18 14:55:11,703 scale=[array([1.])]
2019-01-18 14:55:11,703 *** End Major Checkpoint

2019-01-18 14:55:11,704 31 loss=0.24546024625481094
2019-01-18 14:55:11,704 32 loss=0.24022207957074482
2019-01-18 14:55:11,705 33 loss=0.2351974255119789
2019-01-18 14:55:11,706 34 loss=0.23037074392192933
2019-01-18 14:55:11,706 35 loss=0.22572800011028094
2019-01-18 14:55:11,707 36 loss=0.2212564699711875
2019-01-18 14:55:11,707 37 loss=0.21694457804337636
2019-01-18 14:55:11,708 38 loss=0.2127817622093229
2019-01-18 14:55:11,709 39 loss=0.20875835998239436
2019-01-18 14:55:11,709 40 loss=0.20486551232887737
2019-01-18 14:55:11,709 
*** Major Checkpoint. Computing Stats and Saving
2019-01-18 14:55:11,709 	 Computing Major Stats lazily... 
2019-01-18 14:55:11,711 		 Completed edges=240 good=240 bad=0
2019-01-18 14:55:11,713 Distortion avg=0.412459251791782 wc=5.774251434899301 me=1.7456618622178315 mc=3.307772003200677 nan_elements=0
2019-01-18 14:55:11,713 MAP = 0.4510366109584859
2019-01-18 14:55:11,713 scale=[array([1.])]
2019-01-18 14:55:11,713 *** End Major Checkpoint

2019-01-18 14:55:11,714 41 loss=0.20109508176891652
2019-01-18 14:55:11,715 42 loss=0.19743958213806664
2019-01-18 14:55:11,715 43 loss=0.1938921179020501
2019-01-18 14:55:11,716 44 loss=0.19044633132713853
2019-01-18 14:55:11,716 45 loss=0.1870963561376996
2019-01-18 14:55:11,717 46 loss=0.18383677655697814
2019-01-18 14:55:11,718 47 loss=0.1806625908399203
2019-01-18 14:55:11,718 48 loss=0.17756917857799895
2019-01-18 14:55:11,719 49 loss=0.1745522711936854
2019-01-18 14:55:11,720 50 loss=0.1716079251529626
2019-01-18 14:55:11,720 
*** Major Checkpoint. Computing Stats and Saving
2019-01-18 14:55:11,720 	 Computing Major Stats lazily... 
2019-01-18 14:55:11,721 		 Completed edges=240 good=240 bad=0
2019-01-18 14:55:11,723 Distortion avg=0.37250419813211794 wc=5.424221401515413 me=1.7702011250805862 mc=3.0641836821047566 nan_elements=0
2019-01-18 14:55:11,723 MAP = 0.6700396825396826
2019-01-18 14:55:11,724 scale=[array([1.])]
2019-01-18 14:55:11,724 *** End Major Checkpoint

2019-01-18 14:55:11,724 final loss=0.1716079251529626
2019-01-18 14:55:11,724 best loss=0.1716079251529626, distortion=0.37250419813211794, map=0.6700396825396826, wc_dist=5.424221401515413
2019-01-18 14:55:11,724 	 Computing Major Stats lazily... 
2019-01-18 14:55:11,725 		 Completed edges=240 good=240 bad=0
2019-01-18 14:55:11,727 Distortion avg=0.37250419813211766 wc=5.424221401515413 me=1.7702011250805862 mc=3.0641836821047566 nan_elements=0
2019-01-18 14:55:11,728 MAP = 0.6700396825396825
2019-01-18 14:55:11,728 scale=[array([1.])]
