2019-01-18 14:44:35,251 Commandline ['pytorch/pytorch_hyperbolic.py', 'learn', 'data/edges/parsing/ewt/ewt_dev/442.edges', '--dim', '0', '--hyp', '0', '--edim', '10', '--euc', '1', '--sdim', '0', '--sph', '0', '--log-name', 'ewt_devr2/442.edges.E10-1.lr1.log', '--batch-size', '65536', '--epochs', '50', '--checkpoint-freq', '10', '-g', '--subsample', '1024', '--learning-rate', '1']
2019-01-18 14:44:35,251 No Model Save selected!
2019-01-18 14:44:35,252 Loaded Graph data/edges/parsing/ewt/ewt_dev/442.edges with 10 nodes scale=1.0
2019-01-18 14:44:35,252 Building dataset
2019-01-18 14:44:35,253 Subsample: 10 points with scale 1.0 subsample=9
2019-01-18 14:44:35,261 Built Data Sampler
2019-01-18 14:44:35,261 Creating a fresh model warm_start?=None
2019-01-18 14:44:35,261 	 Warmstarting? None None 10
2019-01-18 14:44:35,262 Embedding() torch.Size([10, 10])
2019-01-18 14:44:35,262 relative No Rescale
2019-01-18 14:44:35,262 Constructed model with dim=0 and epochs=0 isnan=False
2019-01-18 14:44:35,262 SGD (
Parameter Group 0
    dampening: 0
    initial_lr: 0.1
    lr: 1.0
    momentum: 0.0
    nesterov: False
    weight_decay: 0

Parameter Group 1
    dampening: 0
    initial_lr: 0.1
    lr: 1.0
    momentum: 0.0
    nesterov: False
    weight_decay: 0

Parameter Group 2
    dampening: 0
    initial_lr: 0.1
    lr: 1.0
    momentum: 0.0
    nesterov: False
    weight_decay: 0

Parameter Group 3
    dampening: 0
    initial_lr: 0.0001
    lr: 0.001
    momentum: 0.0
    nesterov: False
    weight_decay: 0
)
2019-01-18 14:44:35,262 *** Initial Checkpoint. Computing Stats
2019-01-18 14:44:35,262 	 Computing Major Stats lazily... 
2019-01-18 14:44:35,263 		 Completed edges=90 good=90 bad=0
2019-01-18 14:44:35,265 Distortion avg=0.9976815543558225 wc=6.853943139173382 me=0.006365646193963587 mc=1076.7081503324575 nan_elements=0
2019-01-18 14:44:35,265 MAP = 0.30485119047619047
2019-01-18 14:44:35,265 scale=[array([1.])]
2019-01-18 14:44:35,265 *** End Initial Checkpoint

2019-01-18 14:44:35,325 1 loss=0.9953704997091399
2019-01-18 14:44:35,326 2 loss=0.7822344804397429
2019-01-18 14:44:35,327 3 loss=0.6367824736692828
2019-01-18 14:44:35,327 4 loss=0.5421663380752
2019-01-18 14:44:35,328 5 loss=0.4785817602536545
2019-01-18 14:44:35,328 6 loss=0.4338417758097028
2019-01-18 14:44:35,329 7 loss=0.40072044083584246
2019-01-18 14:44:35,329 8 loss=0.3749427976857999
2019-01-18 14:44:35,330 9 loss=0.3539599418572638
2019-01-18 14:44:35,330 10 loss=0.3362316349140657
2019-01-18 14:44:35,330 
*** Major Checkpoint. Computing Stats and Saving
2019-01-18 14:44:35,331 	 Computing Major Stats lazily... 
2019-01-18 14:44:35,331 		 Completed edges=90 good=90 bad=0
2019-01-18 14:44:35,333 Distortion avg=0.5337321960349273 wc=9.397061862186982 me=1.3919989371249317 mc=6.750767986645091 nan_elements=0
2019-01-18 14:44:35,333 MAP = 0.20076388888888888
2019-01-18 14:44:35,333 scale=[array([1.])]
2019-01-18 14:44:35,333 *** End Major Checkpoint

2019-01-18 14:44:35,334 11 loss=0.32080990441556084
2019-01-18 14:44:35,334 12 loss=0.3070970742510453
2019-01-18 14:44:35,335 13 loss=0.2947044184236774
2019-01-18 14:44:35,335 14 loss=0.2833690593346652
2019-01-18 14:44:35,336 15 loss=0.27290483638258056
2019-01-18 14:44:35,336 16 loss=0.26317317242695215
2019-01-18 14:44:35,337 17 loss=0.25406581491539354
2019-01-18 14:44:35,337 18 loss=0.24549466656664137
2019-01-18 14:44:35,338 19 loss=0.23738584723880135
2019-01-18 14:44:35,338 20 loss=0.22967625907132608
2019-01-18 14:44:35,338 
*** Major Checkpoint. Computing Stats and Saving
2019-01-18 14:44:35,338 	 Computing Major Stats lazily... 
2019-01-18 14:44:35,339 		 Completed edges=90 good=90 bad=0
2019-01-18 14:44:35,341 Distortion avg=0.4406011328392314 wc=6.972075570687828 me=1.5499364466407146 mc=4.498297711366742 nan_elements=0
2019-01-18 14:44:35,341 MAP = 0.41787698412698415
2019-01-18 14:44:35,341 scale=[array([1.])]
2019-01-18 14:44:35,341 *** End Major Checkpoint

2019-01-18 14:44:35,342 21 loss=0.2223116030156245
2019-01-18 14:44:35,342 22 loss=0.21524520670468428
2019-01-18 14:44:35,343 23 loss=0.20843727824598812
2019-01-18 14:44:35,343 24 loss=0.20185435932049228
2019-01-18 14:44:35,344 25 loss=0.19546885007652254
2019-01-18 14:44:35,344 26 loss=0.18925853963955871
2019-01-18 14:44:35,345 27 loss=0.1832061132872137
2019-01-18 14:44:35,345 28 loss=0.1772986291970594
2019-01-18 14:44:35,346 29 loss=0.17152696984031246
2019-01-18 14:44:35,346 30 loss=0.1658852792767822
2019-01-18 14:44:35,346 
*** Major Checkpoint. Computing Stats and Saving
2019-01-18 14:44:35,346 	 Computing Major Stats lazily... 
2019-01-18 14:44:35,347 		 Completed edges=90 good=90 bad=0
2019-01-18 14:44:35,348 Distortion avg=0.3610981943054072 wc=5.300144822165566 me=1.52356441947834 mc=3.478779600261541 nan_elements=0
2019-01-18 14:44:35,349 MAP = 0.7922222222222224
2019-01-18 14:44:35,349 scale=[array([1.])]
2019-01-18 14:44:35,349 *** End Major Checkpoint

2019-01-18 14:44:35,349 31 loss=0.16037040019716814
2019-01-18 14:44:35,350 32 loss=0.15498132503767972
2019-01-18 14:44:35,350 33 loss=0.14971867471227587
2019-01-18 14:44:35,351 34 loss=0.1445842169195225
2019-01-18 14:44:35,351 35 loss=0.13958043381366803
2019-01-18 14:44:35,352 36 loss=0.1347101462318386
2019-01-18 14:44:35,352 37 loss=0.12997619879652977
2019-01-18 14:44:35,353 38 loss=0.1253812072595916
2019-01-18 14:44:35,353 39 loss=0.12092736664387949
2019-01-18 14:44:35,354 40 loss=0.11661631628777729
2019-01-18 14:44:35,354 
*** Major Checkpoint. Computing Stats and Saving
2019-01-18 14:44:35,354 	 Computing Major Stats lazily... 
2019-01-18 14:44:35,355 		 Completed edges=90 good=90 bad=0
2019-01-18 14:44:35,356 Distortion avg=0.2933801881389742 wc=4.094631571004216 me=1.4434580137649353 mc=2.8366821424367523 nan_elements=0
2019-01-18 14:44:35,356 MAP = 0.9444444444444444
2019-01-18 14:44:35,357 scale=[array([1.])]
2019-01-18 14:44:35,357 *** End Major Checkpoint

2019-01-18 14:44:35,357 41 loss=0.1124490559756203
2019-01-18 14:44:35,358 42 loss=0.1084259060399654
2019-01-18 14:44:35,358 43 loss=0.10454650366442683
2019-01-18 14:44:35,359 44 loss=0.10080982754137201
2019-01-18 14:44:35,359 45 loss=0.0972142434395978
2019-01-18 14:44:35,360 46 loss=0.0937575639804373
2019-01-18 14:44:35,360 47 loss=0.09043711687159982
2019-01-18 14:44:35,361 48 loss=0.08724981688619678
2019-01-18 14:44:35,361 49 loss=0.08419223790413477
2019-01-18 14:44:35,362 50 loss=0.0812606822865155
2019-01-18 14:44:35,362 
*** Major Checkpoint. Computing Stats and Saving
2019-01-18 14:44:35,362 	 Computing Major Stats lazily... 
2019-01-18 14:44:35,363 		 Completed edges=90 good=90 bad=0
2019-01-18 14:44:35,365 Distortion avg=0.24091069282715805 wc=3.2475372699181504 me=1.355294664448921 mc=2.3961853869163114 nan_elements=0
2019-01-18 14:44:35,365 MAP = 1.0
2019-01-18 14:44:35,365 scale=[array([1.])]
2019-01-18 14:44:35,365 *** End Major Checkpoint

2019-01-18 14:44:35,365 final loss=0.0812606822865155
2019-01-18 14:44:35,365 best loss=0.0812606822865155, distortion=0.24091069282715805, map=1.0, wc_dist=3.2475372699181504
2019-01-18 14:44:35,365 	 Computing Major Stats lazily... 
2019-01-18 14:44:35,366 		 Completed edges=90 good=90 bad=0
2019-01-18 14:44:35,367 Distortion avg=0.24091069282715788 wc=3.2475372699181504 me=1.355294664448921 mc=2.3961853869163114 nan_elements=0
2019-01-18 14:44:35,367 MAP = 1.0
2019-01-18 14:44:35,368 scale=[array([1.])]
