2019-01-18 14:52:19,258 Commandline ['pytorch/pytorch_hyperbolic.py', 'learn', 'data/edges/parsing/ewt/ewt_dev/444.edges', '--dim', '0', '--hyp', '0', '--edim', '10', '--euc', '1', '--sdim', '0', '--sph', '0', '--log-name', 'ewt_devr2/444.edges.E10-1.lr1.log', '--batch-size', '65536', '--epochs', '50', '--checkpoint-freq', '10', '-g', '--subsample', '1024', '--learning-rate', '1']
2019-01-18 14:52:19,258 No Model Save selected!
2019-01-18 14:52:19,260 Loaded Graph data/edges/parsing/ewt/ewt_dev/444.edges with 20 nodes scale=1.0
2019-01-18 14:52:19,260 Building dataset
2019-01-18 14:52:19,260 Subsample: 20 points with scale 1.0 subsample=19
2019-01-18 14:52:19,282 Built Data Sampler
2019-01-18 14:52:19,282 Creating a fresh model warm_start?=None
2019-01-18 14:52:19,282 	 Warmstarting? None None 20
2019-01-18 14:52:19,282 Embedding() torch.Size([20, 10])
2019-01-18 14:52:19,282 relative No Rescale
2019-01-18 14:52:19,283 Constructed model with dim=0 and epochs=0 isnan=False
2019-01-18 14:52:19,283 SGD (
Parameter Group 0
    dampening: 0
    initial_lr: 0.1
    lr: 1.0
    momentum: 0.0
    nesterov: False
    weight_decay: 0

Parameter Group 1
    dampening: 0
    initial_lr: 0.1
    lr: 1.0
    momentum: 0.0
    nesterov: False
    weight_decay: 0

Parameter Group 2
    dampening: 0
    initial_lr: 0.1
    lr: 1.0
    momentum: 0.0
    nesterov: False
    weight_decay: 0

Parameter Group 3
    dampening: 0
    initial_lr: 0.0001
    lr: 0.001
    momentum: 0.0
    nesterov: False
    weight_decay: 0
)
2019-01-18 14:52:19,283 *** Initial Checkpoint. Computing Stats
2019-01-18 14:52:19,283 	 Computing Major Stats lazily... 
2019-01-18 14:52:19,285 		 Completed edges=380 good=380 bad=0
2019-01-18 14:52:19,288 Distortion avg=0.9983576848685801 wc=14.350402276078617 me=0.00567888389877497 mc=2526.9758163526176 nan_elements=0
2019-01-18 14:52:19,289 MAP = 0.20805092267553568
2019-01-18 14:52:19,289 scale=[array([1.])]
2019-01-18 14:52:19,289 *** End Initial Checkpoint

2019-01-18 14:52:19,346 1 loss=0.996719311646422
2019-01-18 14:52:19,347 2 loss=0.9363144355263763
2019-01-18 14:52:19,348 3 loss=0.8801222078562799
2019-01-18 14:52:19,349 4 loss=0.8297438439522068
2019-01-18 14:52:19,350 5 loss=0.7847439831779027
2019-01-18 14:52:19,350 6 loss=0.7445355700538138
2019-01-18 14:52:19,351 7 loss=0.7085505460379349
2019-01-18 14:52:19,352 8 loss=0.6762740634003435
2019-01-18 14:52:19,352 9 loss=0.6472501541434232
2019-01-18 14:52:19,353 10 loss=0.6210791131194269
2019-01-18 14:52:19,353 
*** Major Checkpoint. Computing Stats and Saving
2019-01-18 14:52:19,353 	 Computing Major Stats lazily... 
2019-01-18 14:52:19,355 		 Completed edges=380 good=380 bad=0
2019-01-18 14:52:19,358 Distortion avg=0.7447789485053036 wc=24.068950976046672 me=1.0256030600927315 mc=23.468095906295794 nan_elements=0
2019-01-18 14:52:19,358 MAP = 0.10126108093116606
2019-01-18 14:52:19,358 scale=[array([1.])]
2019-01-18 14:52:19,359 *** End Major Checkpoint

2019-01-18 14:52:19,359 11 loss=0.5974123132993104
2019-01-18 14:52:19,360 12 loss=0.575946436761083
2019-01-18 14:52:19,361 13 loss=0.5564178777373591
2019-01-18 14:52:19,361 14 loss=0.5385976043917039
2019-01-18 14:52:19,362 15 loss=0.5222865688690911
2019-01-18 14:52:19,363 16 loss=0.5073116687280635
2019-01-18 14:52:19,364 17 loss=0.49352222533006296
2019-01-18 14:52:19,364 18 loss=0.48078693006004874
2019-01-18 14:52:19,365 19 loss=0.46899120551014584
2019-01-18 14:52:19,366 20 loss=0.4580349302574561
2019-01-18 14:52:19,366 
*** Major Checkpoint. Computing Stats and Saving
2019-01-18 14:52:19,366 	 Computing Major Stats lazily... 
2019-01-18 14:52:19,368 		 Completed edges=380 good=380 bad=0
2019-01-18 14:52:19,371 Distortion avg=0.634761942365352 wc=20.14727895744431 me=1.4987800053762008 mc=13.442452451443831 nan_elements=0
2019-01-18 14:52:19,371 MAP = 0.10862941973961711
2019-01-18 14:52:19,371 scale=[array([1.])]
2019-01-18 14:52:19,371 *** End Major Checkpoint

2019-01-18 14:52:19,372 21 loss=0.4478304797462352
2019-01-18 14:52:19,373 22 loss=0.4383010405788905
2019-01-18 14:52:19,373 23 loss=0.4293791604786676
2019-01-18 14:52:19,374 24 loss=0.42100550093373185
2019-01-18 14:52:19,375 25 loss=0.4131277638932406
2019-01-18 14:52:19,376 26 loss=0.40569976779516986
2019-01-18 14:52:19,376 27 loss=0.3986806516554004
2019-01-18 14:52:19,377 28 loss=0.3920341889601335
2019-01-18 14:52:19,378 29 loss=0.3857281957154853
2019-01-18 14:52:19,378 30 loss=0.37973401926088757
2019-01-18 14:52:19,379 
*** Major Checkpoint. Computing Stats and Saving
2019-01-18 14:52:19,379 	 Computing Major Stats lazily... 
2019-01-18 14:52:19,380 		 Completed edges=380 good=380 bad=0
2019-01-18 14:52:19,383 Distortion avg=0.5797900133694386 wc=17.12049679751001 me=1.692322569490692 mc=10.116568263142918 nan_elements=0
2019-01-18 14:52:19,384 MAP = 0.12100253483186921
2019-01-18 14:52:19,384 scale=[array([1.])]
2019-01-18 14:52:19,384 *** End Major Checkpoint

2019-01-18 14:52:19,385 31 loss=0.3740260963889371
2019-01-18 14:52:19,385 32 loss=0.36858157097378663
2019-01-18 14:52:19,386 33 loss=0.3633799627298997
2019-01-18 14:52:19,387 34 loss=0.3584028799360542
2019-01-18 14:52:19,387 35 loss=0.35363376999504254
2019-01-18 14:52:19,388 36 loss=0.3490577025831017
2019-01-18 14:52:19,389 37 loss=0.34466118089678693
2019-01-18 14:52:19,390 38 loss=0.34043197714788354
2019-01-18 14:52:19,390 39 loss=0.3363589890053455
2019-01-18 14:52:19,391 40 loss=0.3324321141512385
2019-01-18 14:52:19,391 
*** Major Checkpoint. Computing Stats and Saving
2019-01-18 14:52:19,391 	 Computing Major Stats lazily... 
2019-01-18 14:52:19,393 		 Completed edges=380 good=380 bad=0
2019-01-18 14:52:19,396 Distortion avg=0.535997700154314 wc=14.789174300957818 me=1.7545324039363037 mc=8.429125770363784 nan_elements=0
2019-01-18 14:52:19,396 MAP = 0.15549730487520735
2019-01-18 14:52:19,396 scale=[array([1.])]
2019-01-18 14:52:19,396 *** End Major Checkpoint

2019-01-18 14:52:19,397 41 loss=0.32864214051713897
2019-01-18 14:52:19,398 42 loss=0.32498065010866806
2019-01-18 14:52:19,399 43 loss=0.3214399346174623
2019-01-18 14:52:19,399 44 loss=0.31801292126931685
2019-01-18 14:52:19,400 45 loss=0.3146931075707397
2019-01-18 14:52:19,401 46 loss=0.3114745037990971
2019-01-18 14:52:19,402 47 loss=0.3083515822384045
2019-01-18 14:52:19,402 48 loss=0.30531923229750807
2019-01-18 14:52:19,403 49 loss=0.3023727207631609
2019-01-18 14:52:19,404 50 loss=0.2995076565400978
2019-01-18 14:52:19,404 
*** Major Checkpoint. Computing Stats and Saving
2019-01-18 14:52:19,404 	 Computing Major Stats lazily... 
2019-01-18 14:52:19,405 		 Completed edges=380 good=380 bad=0
2019-01-18 14:52:19,409 Distortion avg=0.4993137291983479 wc=12.963464432725766 me=1.757334657082062 mc=7.376776176628042 nan_elements=0
2019-01-18 14:52:19,409 MAP = 0.21081964088543031
2019-01-18 14:52:19,409 scale=[array([1.])]
2019-01-18 14:52:19,409 *** End Major Checkpoint

2019-01-18 14:52:19,409 final loss=0.2995076565400978
2019-01-18 14:52:19,409 best loss=0.2995076565400978, distortion=0.4993137291983479, map=0.21081964088543031, wc_dist=12.963464432725766
2019-01-18 14:52:19,409 	 Computing Major Stats lazily... 
2019-01-18 14:52:19,411 		 Completed edges=380 good=380 bad=0
2019-01-18 14:52:19,414 Distortion avg=0.4993137291983475 wc=12.963464432725766 me=1.757334657082062 mc=7.376776176628042 nan_elements=0
2019-01-18 14:52:19,414 MAP = 0.21081964088543037
2019-01-18 14:52:19,414 scale=[array([1.])]
