2019-01-18 15:13:13,199 Commandline ['pytorch/pytorch_hyperbolic.py', 'learn', 'data/edges/parsing/ewt/ewt_dev/445.edges', '--dim', '0', '--hyp', '0', '--edim', '10', '--euc', '1', '--sdim', '0', '--sph', '0', '--log-name', 'ewt_devr2/445.edges.E10-1.lr1.log', '--batch-size', '65536', '--epochs', '50', '--checkpoint-freq', '10', '-g', '--subsample', '1024', '--learning-rate', '1']
2019-01-18 15:13:13,199 No Model Save selected!
2019-01-18 15:13:13,201 Loaded Graph data/edges/parsing/ewt/ewt_dev/445.edges with 14 nodes scale=1.0
2019-01-18 15:13:13,201 Building dataset
2019-01-18 15:13:13,202 Subsample: 14 points with scale 1.0 subsample=13
2019-01-18 15:13:13,214 Built Data Sampler
2019-01-18 15:13:13,215 Creating a fresh model warm_start?=None
2019-01-18 15:13:13,215 	 Warmstarting? None None 14
2019-01-18 15:13:13,215 Embedding() torch.Size([14, 10])
2019-01-18 15:13:13,215 relative No Rescale
2019-01-18 15:13:13,215 Constructed model with dim=0 and epochs=0 isnan=False
2019-01-18 15:13:13,216 SGD (
Parameter Group 0
    dampening: 0
    initial_lr: 0.1
    lr: 1.0
    momentum: 0.0
    nesterov: False
    weight_decay: 0

Parameter Group 1
    dampening: 0
    initial_lr: 0.1
    lr: 1.0
    momentum: 0.0
    nesterov: False
    weight_decay: 0

Parameter Group 2
    dampening: 0
    initial_lr: 0.1
    lr: 1.0
    momentum: 0.0
    nesterov: False
    weight_decay: 0

Parameter Group 3
    dampening: 0
    initial_lr: 0.0001
    lr: 0.001
    momentum: 0.0
    nesterov: False
    weight_decay: 0
)
2019-01-18 15:13:13,216 *** Initial Checkpoint. Computing Stats
2019-01-18 15:13:13,216 	 Computing Major Stats lazily... 
2019-01-18 15:13:13,217 		 Completed edges=182 good=182 bad=0
2019-01-18 15:13:13,219 Distortion avg=0.9979761661600209 wc=8.911030254183478 me=0.005982886981094694 mc=1489.4197871932756 nan_elements=0
2019-01-18 15:13:13,219 MAP = 0.40097894169322734
2019-01-18 15:13:13,220 scale=[array([1.])]
2019-01-18 15:13:13,220 *** End Initial Checkpoint

2019-01-18 15:13:13,279 1 loss=0.9959576718415223
2019-01-18 15:13:13,280 2 loss=0.861468483375756
2019-01-18 15:13:13,281 3 loss=0.7512709659151816
2019-01-18 15:13:13,281 4 loss=0.6644803882508566
2019-01-18 15:13:13,282 5 loss=0.5955061036360219
2019-01-18 15:13:13,283 6 loss=0.5398847135423073
2019-01-18 15:13:13,283 7 loss=0.49431610179472824
2019-01-18 15:13:13,284 8 loss=0.45639476169899856
2019-01-18 15:13:13,284 9 loss=0.42436669864163834
2019-01-18 15:13:13,285 10 loss=0.39694516963560095
2019-01-18 15:13:13,285 
*** Major Checkpoint. Computing Stats and Saving
2019-01-18 15:13:13,285 	 Computing Major Stats lazily... 
2019-01-18 15:13:13,286 		 Completed edges=182 good=182 bad=0
2019-01-18 15:13:13,288 Distortion avg=0.5694925742117379 wc=9.260451256552255 me=1.3496028616768039 mc=6.861612048633831 nan_elements=0
2019-01-18 15:13:13,289 MAP = 0.1528492539206825
2019-01-18 15:13:13,289 scale=[array([1.])]
2019-01-18 15:13:13,289 *** End Major Checkpoint

2019-01-18 15:13:13,289 11 loss=0.3731775683698112
2019-01-18 15:13:13,290 12 loss=0.3523508654516728
2019-01-18 15:13:13,291 13 loss=0.333924794593728
2019-01-18 15:13:13,291 14 loss=0.3174846390654095
2019-01-18 15:13:13,292 15 loss=0.3027077627266386
2019-01-18 15:13:13,292 16 loss=0.2893397613985182
2019-01-18 15:13:13,293 17 loss=0.2771773562460072
2019-01-18 15:13:13,293 18 loss=0.2660560273380574
2019-01-18 15:13:13,294 19 loss=0.25584099550525863
2019-01-18 15:13:13,295 20 loss=0.24642058304670197
2019-01-18 15:13:13,295 
*** Major Checkpoint. Computing Stats and Saving
2019-01-18 15:13:13,295 	 Computing Major Stats lazily... 
2019-01-18 15:13:13,296 		 Completed edges=182 good=182 bad=0
2019-01-18 15:13:13,298 Distortion avg=0.45644039392492325 wc=6.499798027664184 me=1.5065855995602824 mc=4.3142573708133405 nan_elements=0
2019-01-18 15:13:13,298 MAP = 0.2749712456855314
2019-01-18 15:13:13,298 scale=[array([1.])]
2019-01-18 15:13:13,298 *** End Major Checkpoint

2019-01-18 15:13:13,299 21 loss=0.23770127597959728
2019-01-18 15:13:13,299 22 loss=0.22960401267893837
2019-01-18 15:13:13,300 23 loss=0.22206136389437028
2019-01-18 15:13:13,300 24 loss=0.2150153665410152
2019-01-18 15:13:13,301 25 loss=0.20841584159833942
2019-01-18 15:13:13,302 26 loss=0.2022190740289974
2019-01-18 15:13:13,302 27 loss=0.19638676611645095
2019-01-18 15:13:13,303 28 loss=0.19088519933221992
2019-01-18 15:13:13,303 29 loss=0.18568455675494966
2019-01-18 15:13:13,304 30 loss=0.18075837022466862
2019-01-18 15:13:13,304 
*** Major Checkpoint. Computing Stats and Saving
2019-01-18 15:13:13,304 	 Computing Major Stats lazily... 
2019-01-18 15:13:13,305 		 Completed edges=182 good=182 bad=0
2019-01-18 15:13:13,307 Distortion avg=0.38160128204270777 wc=5.611571175564256 me=1.6216694241338885 mc=3.4603668861558017 nan_elements=0
2019-01-18 15:13:13,307 MAP = 0.5508673469387756
2019-01-18 15:13:13,307 scale=[array([1.])]
2019-01-18 15:13:13,307 *** End Major Checkpoint

2019-01-18 15:13:13,308 31 loss=0.17608306524148581
2019-01-18 15:13:13,309 32 loss=0.17163758308624394
2019-01-18 15:13:13,309 33 loss=0.1674030644287124
2019-01-18 15:13:13,310 34 loss=0.16336258226822667
2019-01-18 15:13:13,310 35 loss=0.1595009147524071
2019-01-18 15:13:13,311 36 loss=0.15580435047479302
2019-01-18 15:13:13,311 37 loss=0.1522605204280318
2019-01-18 15:13:13,312 38 loss=0.14885825200534764
2019-01-18 15:13:13,313 39 loss=0.1455874413866056
2019-01-18 15:13:13,313 40 loss=0.1424389413806706
2019-01-18 15:13:13,313 
*** Major Checkpoint. Computing Stats and Saving
2019-01-18 15:13:13,313 	 Computing Major Stats lazily... 
2019-01-18 15:13:13,314 		 Completed edges=182 good=182 bad=0
2019-01-18 15:13:13,316 Distortion avg=0.33435021543572313 wc=5.081193338206362 me=1.6432754282675748 mc=3.092113014531725 nan_elements=0
2019-01-18 15:13:13,316 MAP = 0.7692857142857142
2019-01-18 15:13:13,317 scale=[array([1.])]
2019-01-18 15:13:13,317 *** End Major Checkpoint

2019-01-18 15:13:13,317 41 loss=0.1394044623709069
2019-01-18 15:13:13,318 42 loss=0.13647648446171706
2019-01-18 15:13:13,318 43 loss=0.13364817927853048
2019-01-18 15:13:13,319 44 loss=0.1309133401527959
2019-01-18 15:13:13,320 45 loss=0.12826631964372914
2019-01-18 15:13:13,320 46 loss=0.12570197352261642
2019-01-18 15:13:13,321 47 loss=0.12321561048342634
2019-01-18 15:13:13,321 48 loss=0.12080294695323048
2019-01-18 15:13:13,322 49 loss=0.11846006646369561
2019-01-18 15:13:13,323 50 loss=0.11618338311558972
2019-01-18 15:13:13,323 
*** Major Checkpoint. Computing Stats and Saving
2019-01-18 15:13:13,323 	 Computing Major Stats lazily... 
2019-01-18 15:13:13,324 		 Completed edges=182 good=182 bad=0
2019-01-18 15:13:13,326 Distortion avg=0.30002932738069066 wc=4.615753098440665 me=1.6204843943489904 mc=2.8483786172436343 nan_elements=0
2019-01-18 15:13:13,326 MAP = 0.8362811791383221
2019-01-18 15:13:13,326 scale=[array([1.])]
2019-01-18 15:13:13,326 *** End Major Checkpoint

2019-01-18 15:13:13,326 final loss=0.11618338311558972
2019-01-18 15:13:13,326 best loss=0.11618338311558972, distortion=0.30002932738069066, map=0.8362811791383221, wc_dist=4.615753098440665
2019-01-18 15:13:13,326 	 Computing Major Stats lazily... 
2019-01-18 15:13:13,327 		 Completed edges=182 good=182 bad=0
2019-01-18 15:13:13,329 Distortion avg=0.3000293273806905 wc=4.615753098440665 me=1.6204843943489904 mc=2.8483786172436343 nan_elements=0
2019-01-18 15:13:13,329 MAP = 0.8362811791383221
2019-01-18 15:13:13,330 scale=[array([1.])]
