2019-01-18 15:12:10,654 Commandline ['pytorch/pytorch_hyperbolic.py', 'learn', 'data/edges/parsing/ewt/ewt_dev/450.edges', '--dim', '0', '--hyp', '0', '--edim', '10', '--euc', '1', '--sdim', '0', '--sph', '0', '--log-name', 'ewt_devr2/450.edges.E10-1.lr1.log', '--batch-size', '65536', '--epochs', '50', '--checkpoint-freq', '10', '-g', '--subsample', '1024', '--learning-rate', '1']
2019-01-18 15:12:10,654 No Model Save selected!
2019-01-18 15:12:10,656 Loaded Graph data/edges/parsing/ewt/ewt_dev/450.edges with 7 nodes scale=1.0
2019-01-18 15:12:10,656 Building dataset
2019-01-18 15:12:10,657 Subsample: 7 points with scale 1.0 subsample=6
2019-01-18 15:12:10,662 Built Data Sampler
2019-01-18 15:12:10,662 Creating a fresh model warm_start?=None
2019-01-18 15:12:10,662 	 Warmstarting? None None 7
2019-01-18 15:12:10,662 Embedding() torch.Size([7, 10])
2019-01-18 15:12:10,663 relative No Rescale
2019-01-18 15:12:10,663 Constructed model with dim=0 and epochs=0 isnan=False
2019-01-18 15:12:10,663 SGD (
Parameter Group 0
    dampening: 0
    initial_lr: 0.1
    lr: 1.0
    momentum: 0.0
    nesterov: False
    weight_decay: 0

Parameter Group 1
    dampening: 0
    initial_lr: 0.1
    lr: 1.0
    momentum: 0.0
    nesterov: False
    weight_decay: 0

Parameter Group 2
    dampening: 0
    initial_lr: 0.1
    lr: 1.0
    momentum: 0.0
    nesterov: False
    weight_decay: 0

Parameter Group 3
    dampening: 0
    initial_lr: 0.0001
    lr: 0.001
    momentum: 0.0
    nesterov: False
    weight_decay: 0
)
2019-01-18 15:12:10,663 *** Initial Checkpoint. Computing Stats
2019-01-18 15:12:10,663 	 Computing Major Stats lazily... 
2019-01-18 15:12:10,664 		 Completed edges=42 good=42 bad=0
2019-01-18 15:12:10,666 Distortion avg=0.9971946766487773 wc=5.448327215027938 me=0.005628252251848828 mc=968.0318100949036 nan_elements=0
2019-01-18 15:12:10,666 MAP = 0.3182539682539683
2019-01-18 15:12:10,666 scale=[array([1.])]
2019-01-18 15:12:10,666 *** End Initial Checkpoint

2019-01-18 15:12:10,725 1 loss=0.9943994119881152
2019-01-18 15:12:10,725 2 loss=0.5724585302175691
2019-01-18 15:12:10,726 3 loss=0.401448921071204
2019-01-18 15:12:10,726 4 loss=0.3218248618547334
2019-01-18 15:12:10,727 5 loss=0.27357671396874117
2019-01-18 15:12:10,727 6 loss=0.23879921297200815
2019-01-18 15:12:10,728 7 loss=0.21165703167551767
2019-01-18 15:12:10,728 8 loss=0.18979661631318656
2019-01-18 15:12:10,729 9 loss=0.1719442207348862
2019-01-18 15:12:10,729 10 loss=0.1572207461754226
2019-01-18 15:12:10,729 
*** Major Checkpoint. Computing Stats and Saving
2019-01-18 15:12:10,729 	 Computing Major Stats lazily... 
2019-01-18 15:12:10,730 		 Completed edges=42 good=42 bad=0
2019-01-18 15:12:10,731 Distortion avg=0.34664423909037323 wc=3.328672465275984 me=1.3152643625534464 mc=2.5308010769893583 nan_elements=0
2019-01-18 15:12:10,731 MAP = 0.6841269841269841
2019-01-18 15:12:10,732 scale=[array([1.])]
2019-01-18 15:12:10,732 *** End Major Checkpoint

2019-01-18 15:12:10,732 11 loss=0.14494158571380472
2019-01-18 15:12:10,733 12 loss=0.1345551907316961
2019-01-18 15:12:10,733 13 loss=0.12561980778871198
2019-01-18 15:12:10,733 14 loss=0.11778906275443488
2019-01-18 15:12:10,734 15 loss=0.11079860007700468
2019-01-18 15:12:10,734 16 loss=0.10445248666451863
2019-01-18 15:12:10,735 17 loss=0.09860983592664435
2019-01-18 15:12:10,735 18 loss=0.09317236481014608
2019-01-18 15:12:10,736 19 loss=0.088073436434409
2019-01-18 15:12:10,736 20 loss=0.08326889985758953
2019-01-18 15:12:10,736 
*** Major Checkpoint. Computing Stats and Saving
2019-01-18 15:12:10,736 	 Computing Major Stats lazily... 
2019-01-18 15:12:10,737 		 Completed edges=42 good=42 bad=0
2019-01-18 15:12:10,738 Distortion avg=0.24476991328530245 wc=2.450115624229806 me=1.2935039403044424 mc=1.8941694322578875 nan_elements=0
2019-01-18 15:12:10,738 MAP = 1.0
2019-01-18 15:12:10,738 scale=[array([1.])]
2019-01-18 15:12:10,738 *** End Major Checkpoint

2019-01-18 15:12:10,739 21 loss=0.07872981315208732
2019-01-18 15:12:10,739 22 loss=0.07443695495068196
2019-01-18 15:12:10,740 23 loss=0.07037690444006858
2019-01-18 15:12:10,740 24 loss=0.06653940315017677
2019-01-18 15:12:10,740 25 loss=0.06291569735014649
2019-01-18 15:12:10,741 26 loss=0.05949758372520989
2019-01-18 15:12:10,741 27 loss=0.05627692694239778
2019-01-18 15:12:10,742 28 loss=0.05324547119106385
2019-01-18 15:12:10,742 29 loss=0.05039481857207571
2019-01-18 15:12:10,743 30 loss=0.047716489743908956
2019-01-18 15:12:10,743 
*** Major Checkpoint. Computing Stats and Saving
2019-01-18 15:12:10,743 	 Computing Major Stats lazily... 
2019-01-18 15:12:10,743 		 Completed edges=42 good=42 bad=0
2019-01-18 15:12:10,745 Distortion avg=0.18848795958004422 wc=1.920716163151523 me=1.2099052813492142 mc=1.5874929986334592 nan_elements=0
2019-01-18 15:12:10,745 MAP = 1.0
2019-01-18 15:12:10,745 scale=[array([1.])]
2019-01-18 15:12:10,745 *** End Major Checkpoint

2019-01-18 15:12:10,745 31 loss=0.045202014684530896
2019-01-18 15:12:10,746 32 loss=0.04284302432952625
2019-01-18 15:12:10,746 33 loss=0.04063132887905959
2019-01-18 15:12:10,747 34 loss=0.03855897770917536
2019-01-18 15:12:10,748 35 loss=0.03661830088694077
2019-01-18 15:12:10,748 36 loss=0.03480193472033269
2019-01-18 15:12:10,748 37 loss=0.03310283462665262
2019-01-18 15:12:10,749 38 loss=0.031514278591820946
2019-01-18 15:12:10,749 39 loss=0.030029864070008766
2019-01-18 15:12:10,750 40 loss=0.028643500606606524
2019-01-18 15:12:10,750 
*** Major Checkpoint. Computing Stats and Saving
2019-01-18 15:12:10,750 	 Computing Major Stats lazily... 
2019-01-18 15:12:10,750 		 Completed edges=42 good=42 bad=0
2019-01-18 15:12:10,752 Distortion avg=0.14655509237886138 wc=1.6317884603741664 me=1.167265021596541 mc=1.3979588441211643 nan_elements=0
2019-01-18 15:12:10,752 MAP = 1.0
2019-01-18 15:12:10,752 scale=[array([1.])]
2019-01-18 15:12:10,752 *** End Major Checkpoint

2019-01-18 15:12:10,752 41 loss=0.027349399902869897
2019-01-18 15:12:10,753 42 loss=0.026142064546704615
2019-01-18 15:12:10,753 43 loss=0.025016276235243856
2019-01-18 15:12:10,754 44 loss=0.023967084011312142
2019-01-18 15:12:10,754 45 loss=0.022989792816234415
2019-01-18 15:12:10,755 46 loss=0.022079952510264893
2019-01-18 15:12:10,755 47 loss=0.021233347413497253
2019-01-18 15:12:10,756 48 loss=0.02044598636051783
2019-01-18 15:12:10,756 49 loss=0.019714093229752903
2019-01-18 15:12:10,757 50 loss=0.019034097894438072
2019-01-18 15:12:10,757 
*** Major Checkpoint. Computing Stats and Saving
2019-01-18 15:12:10,757 	 Computing Major Stats lazily... 
2019-01-18 15:12:10,757 		 Completed edges=42 good=42 bad=0
2019-01-18 15:12:10,758 Distortion avg=0.12090273939613537 wc=1.5092640065442173 me=1.1741313668657547 mc=1.2854302756369342 nan_elements=0
2019-01-18 15:12:10,758 MAP = 1.0
2019-01-18 15:12:10,759 scale=[array([1.])]
2019-01-18 15:12:10,759 *** End Major Checkpoint

2019-01-18 15:12:10,759 final loss=0.019034097894438072
2019-01-18 15:12:10,759 best loss=0.019034097894438072, distortion=0.12090273939613537, map=1.0, wc_dist=1.5092640065442173
2019-01-18 15:12:10,759 	 Computing Major Stats lazily... 
2019-01-18 15:12:10,759 		 Completed edges=42 good=42 bad=0
2019-01-18 15:12:10,760 Distortion avg=0.12090273939613538 wc=1.5092640065442173 me=1.1741313668657547 mc=1.2854302756369342 nan_elements=0
2019-01-18 15:12:10,761 MAP = 1.0
2019-01-18 15:12:10,761 scale=[array([1.])]
