2019-01-18 15:13:11,929 Commandline ['pytorch/pytorch_hyperbolic.py', 'learn', 'data/edges/parsing/ewt/ewt_dev/452.edges', '--dim', '0', '--hyp', '0', '--edim', '10', '--euc', '1', '--sdim', '0', '--sph', '0', '--log-name', 'ewt_devr2/452.edges.E10-1.lr1.log', '--batch-size', '65536', '--epochs', '50', '--checkpoint-freq', '10', '-g', '--subsample', '1024', '--learning-rate', '1']
2019-01-18 15:13:11,929 No Model Save selected!
2019-01-18 15:13:11,931 Loaded Graph data/edges/parsing/ewt/ewt_dev/452.edges with 12 nodes scale=1.0
2019-01-18 15:13:11,931 Building dataset
2019-01-18 15:13:11,931 Subsample: 12 points with scale 1.0 subsample=11
2019-01-18 15:13:11,942 Built Data Sampler
2019-01-18 15:13:11,942 Creating a fresh model warm_start?=None
2019-01-18 15:13:11,942 	 Warmstarting? None None 12
2019-01-18 15:13:11,942 Embedding() torch.Size([12, 10])
2019-01-18 15:13:11,942 relative No Rescale
2019-01-18 15:13:11,943 Constructed model with dim=0 and epochs=0 isnan=False
2019-01-18 15:13:11,943 SGD (
Parameter Group 0
    dampening: 0
    initial_lr: 0.1
    lr: 1.0
    momentum: 0.0
    nesterov: False
    weight_decay: 0

Parameter Group 1
    dampening: 0
    initial_lr: 0.1
    lr: 1.0
    momentum: 0.0
    nesterov: False
    weight_decay: 0

Parameter Group 2
    dampening: 0
    initial_lr: 0.1
    lr: 1.0
    momentum: 0.0
    nesterov: False
    weight_decay: 0

Parameter Group 3
    dampening: 0
    initial_lr: 0.0001
    lr: 0.001
    momentum: 0.0
    nesterov: False
    weight_decay: 0
)
2019-01-18 15:13:11,943 *** Initial Checkpoint. Computing Stats
2019-01-18 15:13:11,943 	 Computing Major Stats lazily... 
2019-01-18 15:13:11,944 		 Completed edges=132 good=132 bad=0
2019-01-18 15:13:11,946 Distortion avg=0.9978494913979902 wc=8.314616978715978 me=0.005982886981094694 mc=1389.7332516875733 nan_elements=0
2019-01-18 15:13:11,946 MAP = 0.308215087381754
2019-01-18 15:13:11,946 scale=[array([1.])]
2019-01-18 15:13:11,946 *** End Initial Checkpoint

2019-01-18 15:13:12,004 1 loss=0.9957050719904417
2019-01-18 15:13:12,005 2 loss=0.8208384381226366
2019-01-18 15:13:12,006 3 loss=0.6891743227745342
2019-01-18 15:13:12,006 4 loss=0.5928497150857283
2019-01-18 15:13:12,007 5 loss=0.520817473703779
2019-01-18 15:13:12,007 6 loss=0.46549111156631723
2019-01-18 15:13:12,008 7 loss=0.42185774700360096
2019-01-18 15:13:12,009 8 loss=0.38659853627423263
2019-01-18 15:13:12,009 9 loss=0.3574866851418835
2019-01-18 15:13:12,010 10 loss=0.3330003060003717
2019-01-18 15:13:12,010 
*** Major Checkpoint. Computing Stats and Saving
2019-01-18 15:13:12,010 	 Computing Major Stats lazily... 
2019-01-18 15:13:12,011 		 Completed edges=132 good=132 bad=0
2019-01-18 15:13:12,013 Distortion avg=0.5180487359933458 wc=7.256739434501032 me=1.3722157054129902 mc=5.288337253301587 nan_elements=0
2019-01-18 15:13:12,013 MAP = 0.19765286796536796
2019-01-18 15:13:12,013 scale=[array([1.])]
2019-01-18 15:13:12,013 *** End Major Checkpoint

2019-01-18 15:13:12,014 11 loss=0.3120770500806112
2019-01-18 15:13:12,014 12 loss=0.29395847580551904
2019-01-18 15:13:12,015 13 loss=0.27809056818093275
2019-01-18 15:13:12,015 14 loss=0.2640594102362777
2019-01-18 15:13:12,016 15 loss=0.2515490040571183
2019-01-18 15:13:12,016 16 loss=0.24031318895969042
2019-01-18 15:13:12,017 17 loss=0.23015664167445835
2019-01-18 15:13:12,017 18 loss=0.22092180662938313
2019-01-18 15:13:12,018 19 loss=0.21247975293580892
2019-01-18 15:13:12,018 20 loss=0.2047236684777745
2019-01-18 15:13:12,019 
*** Major Checkpoint. Computing Stats and Saving
2019-01-18 15:13:12,019 	 Computing Major Stats lazily... 
2019-01-18 15:13:12,019 		 Completed edges=132 good=132 bad=0
2019-01-18 15:13:12,021 Distortion avg=0.4092330454279139 wc=5.3795336003146295 me=1.5371823270521239 mc=3.499606719152852 nan_elements=0
2019-01-18 15:13:12,021 MAP = 0.39279701779701776
2019-01-18 15:13:12,022 scale=[array([1.])]
2019-01-18 15:13:12,022 *** End Major Checkpoint

2019-01-18 15:13:12,022 21 loss=0.19756414985418608
2019-01-18 15:13:12,023 22 loss=0.19092573199804547
2019-01-18 15:13:12,023 23 loss=0.18474428495887024
2019-01-18 15:13:12,024 24 loss=0.17896502527106256
2019-01-18 15:13:12,024 25 loss=0.17354096870514127
2019-01-18 15:13:12,025 26 loss=0.1684317044005205
2019-01-18 15:13:12,025 27 loss=0.1636024064578593
2019-01-18 15:13:12,026 28 loss=0.15902302379298808
2019-01-18 15:13:12,026 29 loss=0.15466760614875882
2019-01-18 15:13:12,027 30 loss=0.15051373606636356
2019-01-18 15:13:12,027 
*** Major Checkpoint. Computing Stats and Saving
2019-01-18 15:13:12,027 	 Computing Major Stats lazily... 
2019-01-18 15:13:12,028 		 Completed edges=132 good=132 bad=0
2019-01-18 15:13:12,030 Distortion avg=0.33966525455386704 wc=4.899620437402862 me=1.611902508086353 mc=3.0396506071695866 nan_elements=0
2019-01-18 15:13:12,030 MAP = 0.6818121693121694
2019-01-18 15:13:12,030 scale=[array([1.])]
2019-01-18 15:13:12,030 *** End Major Checkpoint

2019-01-18 15:13:12,031 31 loss=0.1465420449545413
2019-01-18 15:13:12,031 32 loss=0.1427357972549434
2019-01-18 15:13:12,032 33 loss=0.13908053082944194
2019-01-18 15:13:12,032 34 loss=0.1355637446052213
2019-01-18 15:13:12,033 35 loss=0.1321746265663707
2019-01-18 15:13:12,034 36 loss=0.1289038166311353
2019-01-18 15:13:12,034 37 loss=0.1257431999833954
2019-01-18 15:13:12,035 38 loss=0.12268572716491569
2019-01-18 15:13:12,035 39 loss=0.11972525777378802
2019-01-18 15:13:12,036 40 loss=0.11685642501948926
2019-01-18 15:13:12,036 
*** Major Checkpoint. Computing Stats and Saving
2019-01-18 15:13:12,036 	 Computing Major Stats lazily... 
2019-01-18 15:13:12,037 		 Completed edges=132 good=132 bad=0
2019-01-18 15:13:12,038 Distortion avg=0.29474708390220233 wc=4.382103656041239 me=1.5760403993267214 mc=2.780451350049946 nan_elements=0
2019-01-18 15:13:12,039 MAP = 0.8194444444444445
2019-01-18 15:13:12,039 scale=[array([1.])]
2019-01-18 15:13:12,039 *** End Major Checkpoint

2019-01-18 15:13:12,039 41 loss=0.11407451870141343
2019-01-18 15:13:12,040 42 loss=0.11137538443632951
2019-01-18 15:13:12,041 43 loss=0.10875533718109998
2019-01-18 15:13:12,041 44 loss=0.10621108729275874
2019-01-18 15:13:12,042 45 loss=0.10373967754608512
2019-01-18 15:13:12,042 46 loss=0.10133842969308261
2019-01-18 15:13:12,043 47 loss=0.09900489930113417
2019-01-18 15:13:12,043 48 loss=0.09673683774770821
2019-01-18 15:13:12,044 49 loss=0.09453216037946778
2019-01-18 15:13:12,044 50 loss=0.09238891996244412
2019-01-18 15:13:12,045 
*** Major Checkpoint. Computing Stats and Saving
2019-01-18 15:13:12,045 	 Computing Major Stats lazily... 
2019-01-18 15:13:12,045 		 Completed edges=132 good=132 bad=0
2019-01-18 15:13:12,047 Distortion avg=0.2605864274990035 wc=3.8592110726558415 me=1.497290533413564 mc=2.577463081835899 nan_elements=0
2019-01-18 15:13:12,047 MAP = 1.0
2019-01-18 15:13:12,048 scale=[array([1.])]
2019-01-18 15:13:12,048 *** End Major Checkpoint

2019-01-18 15:13:12,048 final loss=0.09238891996244412
2019-01-18 15:13:12,048 best loss=0.09238891996244412, distortion=0.2605864274990035, map=1.0, wc_dist=3.8592110726558415
2019-01-18 15:13:12,048 	 Computing Major Stats lazily... 
2019-01-18 15:13:12,049 		 Completed edges=132 good=132 bad=0
2019-01-18 15:13:12,050 Distortion avg=0.26058642749900335 wc=3.8592110726558415 me=1.497290533413564 mc=2.577463081835899 nan_elements=0
2019-01-18 15:13:12,051 MAP = 1.0
2019-01-18 15:13:12,051 scale=[array([1.])]
