2019-01-18 14:39:22,295 Commandline ['pytorch/pytorch_hyperbolic.py', 'learn', 'data/edges/parsing/ewt/ewt_dev/453.edges', '--dim', '0', '--hyp', '0', '--edim', '10', '--euc', '1', '--sdim', '0', '--sph', '0', '--log-name', 'ewt_devr2/453.edges.E10-1.lr1.log', '--batch-size', '65536', '--epochs', '50', '-g', '--subsample', '1024', '--learning-rate', '1']
2019-01-18 14:39:22,295 No Model Save selected!
2019-01-18 14:39:22,296 Loaded Graph data/edges/parsing/ewt/ewt_dev/453.edges with 9 nodes scale=1.0
2019-01-18 14:39:22,296 Building dataset
2019-01-18 14:39:22,297 Subsample: 9 points with scale 1.0 subsample=8
2019-01-18 14:39:22,304 Built Data Sampler
2019-01-18 14:39:22,304 Creating a fresh model warm_start?=None
2019-01-18 14:39:22,304 	 Warmstarting? None None 9
2019-01-18 14:39:22,304 Embedding() torch.Size([9, 10])
2019-01-18 14:39:22,305 relative No Rescale
2019-01-18 14:39:22,305 Constructed model with dim=0 and epochs=0 isnan=False
2019-01-18 14:39:22,305 SGD (
Parameter Group 0
    dampening: 0
    initial_lr: 0.1
    lr: 1.0
    momentum: 0.0
    nesterov: False
    weight_decay: 0

Parameter Group 1
    dampening: 0
    initial_lr: 0.1
    lr: 1.0
    momentum: 0.0
    nesterov: False
    weight_decay: 0

Parameter Group 2
    dampening: 0
    initial_lr: 0.1
    lr: 1.0
    momentum: 0.0
    nesterov: False
    weight_decay: 0

Parameter Group 3
    dampening: 0
    initial_lr: 0.0001
    lr: 0.001
    momentum: 0.0
    nesterov: False
    weight_decay: 0
)
2019-01-18 14:39:22,305 *** Initial Checkpoint. Computing Stats
2019-01-18 14:39:22,305 	 Computing Major Stats lazily... 
2019-01-18 14:39:22,306 		 Completed edges=72 good=72 bad=0
2019-01-18 14:39:22,308 Distortion avg=0.9972861051061792 wc=5.751184174970984 me=0.005941110731069004 mc=968.0318100949036 nan_elements=0
2019-01-18 14:39:22,308 MAP = 0.29892290249433107
2019-01-18 14:39:22,308 scale=[array([1.])]
2019-01-18 14:39:22,308 *** End Initial Checkpoint

2019-01-18 14:39:22,366 1 loss=0.9945812705088143
2019-01-18 14:39:22,367 2 loss=0.6775053587443886
2019-01-18 14:39:22,367 3 loss=0.5004026013621928
2019-01-18 14:39:22,368 4 loss=0.3962454479576627
2019-01-18 14:39:22,368 5 loss=0.3268287587326612
2019-01-18 14:39:22,369 6 loss=0.27645123962995866
2019-01-18 14:39:22,369 7 loss=0.23800382587654972
2019-01-18 14:39:22,370 8 loss=0.20779284976286982
2019-01-18 14:39:22,370 9 loss=0.1836343687369496
2019-01-18 14:39:22,371 10 loss=0.1640991928384222
2019-01-18 14:39:22,371 11 loss=0.1481811850064396
2019-01-18 14:39:22,372 12 loss=0.13513471203602476
2019-01-18 14:39:22,372 13 loss=0.12438686051367608
2019-01-18 14:39:22,373 14 loss=0.11548617038131909
2019-01-18 14:39:22,374 15 loss=0.10807077106798434
2019-01-18 14:39:22,374 16 loss=0.1018474979914536
2019-01-18 14:39:22,375 17 loss=0.09657751189802749
2019-01-18 14:39:22,375 18 loss=0.09206590889400873
2019-01-18 14:39:22,376 19 loss=0.08815386534821637
2019-01-18 14:39:22,376 20 loss=0.08471245943151073
2019-01-18 14:39:22,376 21 loss=0.0816376581655774
2019-01-18 14:39:22,377 22 loss=0.07884616149877802
2019-01-18 14:39:22,377 23 loss=0.0762719119419523
2019-01-18 14:39:22,378 24 loss=0.07386314450409649
2019-01-18 14:39:22,378 25 loss=0.07157988841585562
2019-01-18 14:39:22,379 26 loss=0.06939185255497954
2019-01-18 14:39:22,379 27 loss=0.06727663846696226
2019-01-18 14:39:22,380 28 loss=0.0652182328693701
2019-01-18 14:39:22,380 29 loss=0.0632057378455355
2019-01-18 14:39:22,381 30 loss=0.061232302588209726
2019-01-18 14:39:22,381 31 loss=0.05929422585948431
2019-01-18 14:39:22,382 32 loss=0.057390203275043884
2019-01-18 14:39:22,382 33 loss=0.05552069797600539
2019-01-18 14:39:22,383 34 loss=0.053687417103573803
2019-01-18 14:39:22,383 35 loss=0.05189287967688441
2019-01-18 14:39:22,384 36 loss=0.050140063991611174
2019-01-18 14:39:22,384 37 loss=0.048432124558675446
2019-01-18 14:39:22,385 38 loss=0.04677216997874098
2019-01-18 14:39:22,385 39 loss=0.045163094109687704
2019-01-18 14:39:22,386 40 loss=0.04360745354670282
2019-01-18 14:39:22,386 41 loss=0.042107384906707
2019-01-18 14:39:22,387 42 loss=0.04066455578334278
2019-01-18 14:39:22,387 43 loss=0.039280143587296396
2019-01-18 14:39:22,388 44 loss=0.037954836857818315
2019-01-18 14:39:22,388 45 loss=0.03668885405132027
2019-01-18 14:39:22,389 46 loss=0.03548197528921556
2019-01-18 14:39:22,389 47 loss=0.03433358307254063
2019-01-18 14:39:22,390 48 loss=0.03324270852856937
2019-01-18 14:39:22,390 49 loss=0.03220808032299911
2019-01-18 14:39:22,391 50 loss=0.03122817392794899
2019-01-18 14:39:22,391 final loss=0.03122817392794899
2019-01-18 14:39:22,391 best loss=10000000000.0, distortion=10000000000.0, map=0.0, wc_dist=10000000000.0
2019-01-18 14:39:22,391 	 Computing Major Stats lazily... 
2019-01-18 14:39:22,392 		 Completed edges=72 good=72 bad=0
2019-01-18 14:39:22,393 Distortion avg=0.15103568115365337 wc=1.8894999210139798 me=1.2569137334086886 mc=1.503285285848336 nan_elements=0
2019-01-18 14:39:22,393 MAP = 1.0
2019-01-18 14:39:22,393 scale=[array([1.])]
2019-01-18 14:53:07,481 Commandline ['pytorch/pytorch_hyperbolic.py', 'learn', 'data/edges/parsing/ewt/ewt_dev/453.edges', '--dim', '0', '--hyp', '0', '--edim', '10', '--euc', '1', '--sdim', '0', '--sph', '0', '--log-name', 'ewt_devr2/453.edges.E10-1.lr1.log', '--batch-size', '65536', '--epochs', '50', '--checkpoint-freq', '10', '-g', '--subsample', '1024', '--learning-rate', '1']
2019-01-18 14:53:07,482 No Model Save selected!
2019-01-18 14:53:07,483 Loaded Graph data/edges/parsing/ewt/ewt_dev/453.edges with 9 nodes scale=1.0
2019-01-18 14:53:07,483 Building dataset
2019-01-18 14:53:07,484 Subsample: 9 points with scale 1.0 subsample=8
2019-01-18 14:53:07,491 Built Data Sampler
2019-01-18 14:53:07,491 Creating a fresh model warm_start?=None
2019-01-18 14:53:07,491 	 Warmstarting? None None 9
2019-01-18 14:53:07,492 Embedding() torch.Size([9, 10])
2019-01-18 14:53:07,492 relative No Rescale
2019-01-18 14:53:07,492 Constructed model with dim=0 and epochs=0 isnan=False
2019-01-18 14:53:07,492 SGD (
Parameter Group 0
    dampening: 0
    initial_lr: 0.1
    lr: 1.0
    momentum: 0.0
    nesterov: False
    weight_decay: 0

Parameter Group 1
    dampening: 0
    initial_lr: 0.1
    lr: 1.0
    momentum: 0.0
    nesterov: False
    weight_decay: 0

Parameter Group 2
    dampening: 0
    initial_lr: 0.1
    lr: 1.0
    momentum: 0.0
    nesterov: False
    weight_decay: 0

Parameter Group 3
    dampening: 0
    initial_lr: 0.0001
    lr: 0.001
    momentum: 0.0
    nesterov: False
    weight_decay: 0
)
2019-01-18 14:53:07,492 *** Initial Checkpoint. Computing Stats
2019-01-18 14:53:07,493 	 Computing Major Stats lazily... 
2019-01-18 14:53:07,493 		 Completed edges=72 good=72 bad=0
2019-01-18 14:53:07,495 Distortion avg=0.9972861051061792 wc=5.751184174970984 me=0.005941110731069004 mc=968.0318100949036 nan_elements=0
2019-01-18 14:53:07,495 MAP = 0.29892290249433107
2019-01-18 14:53:07,495 scale=[array([1.])]
2019-01-18 14:53:07,495 *** End Initial Checkpoint

2019-01-18 14:53:07,553 1 loss=0.9945812705088143
2019-01-18 14:53:07,554 2 loss=0.6775053587443886
2019-01-18 14:53:07,554 3 loss=0.5004026013621928
2019-01-18 14:53:07,555 4 loss=0.3962454479576627
2019-01-18 14:53:07,555 5 loss=0.3268287587326612
2019-01-18 14:53:07,556 6 loss=0.27645123962995866
2019-01-18 14:53:07,556 7 loss=0.23800382587654972
2019-01-18 14:53:07,557 8 loss=0.20779284976286982
2019-01-18 14:53:07,557 9 loss=0.1836343687369496
2019-01-18 14:53:07,558 10 loss=0.1640991928384222
2019-01-18 14:53:07,558 
*** Major Checkpoint. Computing Stats and Saving
2019-01-18 14:53:07,558 	 Computing Major Stats lazily... 
2019-01-18 14:53:07,559 		 Completed edges=72 good=72 bad=0
2019-01-18 14:53:07,560 Distortion avg=0.348040987988353 wc=4.260028928659083 me=1.3780188913576925 mc=3.0914154772304254 nan_elements=0
2019-01-18 14:53:07,560 MAP = 0.5024943310657597
2019-01-18 14:53:07,560 scale=[array([1.])]
2019-01-18 14:53:07,561 *** End Major Checkpoint

2019-01-18 14:53:07,561 11 loss=0.14818118500643968
2019-01-18 14:53:07,562 12 loss=0.13513471203602473
2019-01-18 14:53:07,562 13 loss=0.1243868605136761
2019-01-18 14:53:07,563 14 loss=0.11548617038131913
2019-01-18 14:53:07,563 15 loss=0.10807077106798432
2019-01-18 14:53:07,564 16 loss=0.1018474979914536
2019-01-18 14:53:07,564 17 loss=0.09657751189802745
2019-01-18 14:53:07,565 18 loss=0.09206590889400872
2019-01-18 14:53:07,565 19 loss=0.0881538653482164
2019-01-18 14:53:07,566 20 loss=0.08471245943151078
2019-01-18 14:53:07,566 
*** Major Checkpoint. Computing Stats and Saving
2019-01-18 14:53:07,566 	 Computing Major Stats lazily... 
2019-01-18 14:53:07,566 		 Completed edges=72 good=72 bad=0
2019-01-18 14:53:07,568 Distortion avg=0.23679584632286385 wc=3.492054381942274 me=1.506032796582083 mc=2.318710714579015 nan_elements=0
2019-01-18 14:53:07,568 MAP = 0.8510393046107332
2019-01-18 14:53:07,568 scale=[array([1.])]
2019-01-18 14:53:07,568 *** End Major Checkpoint

2019-01-18 14:53:07,568 21 loss=0.08163765816557739
2019-01-18 14:53:07,569 22 loss=0.07884616149877802
2019-01-18 14:53:07,569 23 loss=0.07627191194195232
2019-01-18 14:53:07,570 24 loss=0.0738631445040965
2019-01-18 14:53:07,570 25 loss=0.07157988841585564
2019-01-18 14:53:07,571 26 loss=0.06939185255497954
2019-01-18 14:53:07,571 27 loss=0.06727663846696227
2019-01-18 14:53:07,572 28 loss=0.06521823286937012
2019-01-18 14:53:07,572 29 loss=0.0632057378455355
2019-01-18 14:53:07,573 30 loss=0.0612323025882097
2019-01-18 14:53:07,573 
*** Major Checkpoint. Computing Stats and Saving
2019-01-18 14:53:07,573 	 Computing Major Stats lazily... 
2019-01-18 14:53:07,573 		 Completed edges=72 good=72 bad=0
2019-01-18 14:53:07,575 Distortion avg=0.20094185817406954 wc=2.844981773863622 me=1.459192134978776 mc=1.9496964831879402 nan_elements=0
2019-01-18 14:53:07,575 MAP = 0.9444444444444444
2019-01-18 14:53:07,575 scale=[array([1.])]
2019-01-18 14:53:07,575 *** End Major Checkpoint

2019-01-18 14:53:07,576 31 loss=0.05929422585948432
2019-01-18 14:53:07,576 32 loss=0.057390203275043884
2019-01-18 14:53:07,577 33 loss=0.05552069797600542
2019-01-18 14:53:07,578 34 loss=0.05368741710357382
2019-01-18 14:53:07,578 35 loss=0.05189287967688442
2019-01-18 14:53:07,579 36 loss=0.05014006399161116
2019-01-18 14:53:07,579 37 loss=0.04843212455867547
2019-01-18 14:53:07,580 38 loss=0.04677216997874097
2019-01-18 14:53:07,580 39 loss=0.0451630941096877
2019-01-18 14:53:07,581 40 loss=0.0436074535467028
2019-01-18 14:53:07,581 
*** Major Checkpoint. Computing Stats and Saving
2019-01-18 14:53:07,581 	 Computing Major Stats lazily... 
2019-01-18 14:53:07,581 		 Completed edges=72 good=72 bad=0
2019-01-18 14:53:07,583 Distortion avg=0.1737985684110133 wc=2.285813318903247 me=1.3534844905391858 mc=1.6888359895373832 nan_elements=0
2019-01-18 14:53:07,583 MAP = 1.0
2019-01-18 14:53:07,583 scale=[array([1.])]
2019-01-18 14:53:07,583 *** End Major Checkpoint

2019-01-18 14:53:07,584 41 loss=0.042107384906707
2019-01-18 14:53:07,584 42 loss=0.04066455578334277
2019-01-18 14:53:07,585 43 loss=0.03928014358729639
2019-01-18 14:53:07,585 44 loss=0.03795483685781831
2019-01-18 14:53:07,586 45 loss=0.036688854051320274
2019-01-18 14:53:07,586 46 loss=0.03548197528921555
2019-01-18 14:53:07,587 47 loss=0.034333583072540634
2019-01-18 14:53:07,587 48 loss=0.03324270852856935
2019-01-18 14:53:07,588 49 loss=0.03220808032299911
2019-01-18 14:53:07,588 50 loss=0.03122817392794898
2019-01-18 14:53:07,588 
*** Major Checkpoint. Computing Stats and Saving
2019-01-18 14:53:07,588 	 Computing Major Stats lazily... 
2019-01-18 14:53:07,589 		 Completed edges=72 good=72 bad=0
2019-01-18 14:53:07,590 Distortion avg=0.15103568115365335 wc=1.8894999210139796 me=1.2569137334086886 mc=1.5032852858483359 nan_elements=0
2019-01-18 14:53:07,590 MAP = 1.0
2019-01-18 14:53:07,590 scale=[array([1.])]
2019-01-18 14:53:07,591 *** End Major Checkpoint

2019-01-18 14:53:07,591 final loss=0.03122817392794898
2019-01-18 14:53:07,591 best loss=0.03122817392794898, distortion=0.15103568115365335, map=1.0, wc_dist=1.8894999210139796
2019-01-18 14:53:07,591 	 Computing Major Stats lazily... 
2019-01-18 14:53:07,591 		 Completed edges=72 good=72 bad=0
2019-01-18 14:53:07,593 Distortion avg=0.15103568115365335 wc=1.8894999210139796 me=1.2569137334086886 mc=1.5032852858483359 nan_elements=0
2019-01-18 14:53:07,593 MAP = 1.0
2019-01-18 14:53:07,593 scale=[array([1.])]
