2019-01-18 14:53:05,022 Commandline ['pytorch/pytorch_hyperbolic.py', 'learn', 'data/edges/parsing/ewt/ewt_dev/455.edges', '--dim', '0', '--hyp', '0', '--edim', '10', '--euc', '1', '--sdim', '0', '--sph', '0', '--log-name', 'ewt_devr2/455.edges.E10-1.lr1.log', '--batch-size', '65536', '--epochs', '50', '--checkpoint-freq', '10', '-g', '--subsample', '1024', '--learning-rate', '1']
2019-01-18 14:53:05,022 No Model Save selected!
2019-01-18 14:53:05,024 Loaded Graph data/edges/parsing/ewt/ewt_dev/455.edges with 6 nodes scale=1.0
2019-01-18 14:53:05,024 Building dataset
2019-01-18 14:53:05,024 Subsample: 6 points with scale 1.0 subsample=5
2019-01-18 14:53:05,029 Built Data Sampler
2019-01-18 14:53:05,029 Creating a fresh model warm_start?=None
2019-01-18 14:53:05,029 	 Warmstarting? None None 6
2019-01-18 14:53:05,029 Embedding() torch.Size([6, 10])
2019-01-18 14:53:05,029 relative No Rescale
2019-01-18 14:53:05,030 Constructed model with dim=0 and epochs=0 isnan=False
2019-01-18 14:53:05,030 SGD (
Parameter Group 0
    dampening: 0
    initial_lr: 0.1
    lr: 1.0
    momentum: 0.0
    nesterov: False
    weight_decay: 0

Parameter Group 1
    dampening: 0
    initial_lr: 0.1
    lr: 1.0
    momentum: 0.0
    nesterov: False
    weight_decay: 0

Parameter Group 2
    dampening: 0
    initial_lr: 0.1
    lr: 1.0
    momentum: 0.0
    nesterov: False
    weight_decay: 0

Parameter Group 3
    dampening: 0
    initial_lr: 0.0001
    lr: 0.001
    momentum: 0.0
    nesterov: False
    weight_decay: 0
)
2019-01-18 14:53:05,030 *** Initial Checkpoint. Computing Stats
2019-01-18 14:53:05,030 	 Computing Major Stats lazily... 
2019-01-18 14:53:05,031 		 Completed edges=30 good=30 bad=0
2019-01-18 14:53:05,032 Distortion avg=0.9972013655344056 wc=5.448327215027938 me=0.005628252251848828 mc=968.0318100949036 nan_elements=0
2019-01-18 14:53:05,032 MAP = 0.5157407407407407
2019-01-18 14:53:05,032 scale=[array([1.])]
2019-01-18 14:53:05,032 *** End Initial Checkpoint

2019-01-18 14:53:05,090 1 loss=0.9944124643383934
2019-01-18 14:53:05,091 2 loss=0.4842956424101141
2019-01-18 14:53:05,092 3 loss=0.32684005935728055
2019-01-18 14:53:05,092 4 loss=0.2608686738120253
2019-01-18 14:53:05,092 5 loss=0.21872250806109902
2019-01-18 14:53:05,093 6 loss=0.18660755202018695
2019-01-18 14:53:05,093 7 loss=0.16088289028695626
2019-01-18 14:53:05,094 8 loss=0.13989682229042813
2019-01-18 14:53:05,094 9 loss=0.12253593628511651
2019-01-18 14:53:05,095 10 loss=0.10797119735171254
2019-01-18 14:53:05,095 
*** Major Checkpoint. Computing Stats and Saving
2019-01-18 14:53:05,095 	 Computing Major Stats lazily... 
2019-01-18 14:53:05,095 		 Completed edges=30 good=30 bad=0
2019-01-18 14:53:05,096 Distortion avg=0.28166227974188185 wc=2.4681579166955867 me=1.2083489046861269 mc=2.042587126221379 nan_elements=0
2019-01-18 14:53:05,097 MAP = 1.0
2019-01-18 14:53:05,097 scale=[array([1.])]
2019-01-18 14:53:05,097 *** End Major Checkpoint

2019-01-18 14:53:05,097 11 loss=0.09559362838035197
2019-01-18 14:53:05,098 12 loss=0.08496663446804377
2019-01-18 14:53:05,098 13 loss=0.07577798532406174
2019-01-18 14:53:05,099 14 loss=0.06779828253938995
2019-01-18 14:53:05,099 15 loss=0.060850638911454875
2019-01-18 14:53:05,100 16 loss=0.05479147670399767
2019-01-18 14:53:05,100 17 loss=0.04949970074086911
2019-01-18 14:53:05,101 18 loss=0.0448710610423466
2019-01-18 14:53:05,101 19 loss=0.04081522337693484
2019-01-18 14:53:05,101 20 loss=0.03725401848399309
2019-01-18 14:53:05,102 
*** Major Checkpoint. Computing Stats and Saving
2019-01-18 14:53:05,102 	 Computing Major Stats lazily... 
2019-01-18 14:53:05,102 		 Completed edges=30 good=30 bad=0
2019-01-18 14:53:05,103 Distortion avg=0.16517458425301446 wc=1.6809084323339505 me=1.1488591303115583 mc=1.4631110011530362 nan_elements=0
2019-01-18 14:53:05,103 MAP = 1.0
2019-01-18 14:53:05,103 scale=[array([1.])]
2019-01-18 14:53:05,103 *** End Major Checkpoint

2019-01-18 14:53:05,104 21 loss=0.03412010053852207
2019-01-18 14:53:05,104 22 loss=0.03135571258437317
2019-01-18 14:53:05,105 23 loss=0.02891148851864376
2019-01-18 14:53:05,105 24 loss=0.026745309182268015
2019-01-18 14:53:05,106 25 loss=0.024821247065875403
2019-01-18 14:53:05,106 26 loss=0.023108624187296912
2019-01-18 14:53:05,106 27 loss=0.021581192519026047
2019-01-18 14:53:05,107 28 loss=0.020216434229276204
2019-01-18 14:53:05,107 29 loss=0.018994971688227773
2019-01-18 14:53:05,108 30 loss=0.017900073892521007
2019-01-18 14:53:05,108 
*** Major Checkpoint. Computing Stats and Saving
2019-01-18 14:53:05,108 	 Computing Major Stats lazily... 
2019-01-18 14:53:05,108 		 Completed edges=30 good=30 bad=0
2019-01-18 14:53:05,109 Distortion avg=0.11657289778174049 wc=1.4567369080564396 me=1.1431289609578374 mc=1.2743417040504577 nan_elements=0
2019-01-18 14:53:05,109 MAP = 1.0
2019-01-18 14:53:05,110 scale=[array([1.])]
2019-01-18 14:53:05,110 *** End Major Checkpoint

2019-01-18 14:53:05,110 31 loss=0.016917245313086474
2019-01-18 14:53:05,111 32 loss=0.016033883997154476
2019-01-18 14:53:05,111 33 loss=0.01523899724733847
2019-01-18 14:53:05,111 34 loss=0.014522964879435978
2019-01-18 14:53:05,112 35 loss=0.013877341675909288
2019-01-18 14:53:05,112 36 loss=0.013294692093991272
2019-01-18 14:53:05,113 37 loss=0.012768451523144772
2019-01-18 14:53:05,113 38 loss=0.012292809421260053
2019-01-18 14:53:05,114 39 loss=0.011862610513581794
2019-01-18 14:53:05,114 40 loss=0.011473270938703633
2019-01-18 14:53:05,114 
*** Major Checkpoint. Computing Stats and Saving
2019-01-18 14:53:05,114 	 Computing Major Stats lazily... 
2019-01-18 14:53:05,115 		 Completed edges=30 good=30 bad=0
2019-01-18 14:53:05,116 Distortion avg=0.09570469463482326 wc=1.3541038953744704 me=1.136299460633823 mc=1.1916787275593328 nan_elements=0
2019-01-18 14:53:05,116 MAP = 1.0
2019-01-18 14:53:05,116 scale=[array([1.])]
2019-01-18 14:53:05,116 *** End Major Checkpoint

2019-01-18 14:53:05,116 41 loss=0.0111207067972881
2019-01-18 14:53:05,117 42 loss=0.010801273024026803
2019-01-18 14:53:05,117 43 loss=0.010511710881063247
2019-01-18 14:53:05,118 44 loss=0.010249102677799304
2019-01-18 14:53:05,118 45 loss=0.010010832571024697
2019-01-18 14:53:05,119 46 loss=0.009794552501558472
2019-01-18 14:53:05,119 47 loss=0.00959815248797408
2019-01-18 14:53:05,120 48 loss=0.00941973463172425
2019-01-18 14:53:05,120 49 loss=0.009257590296954327
2019-01-18 14:53:05,120 50 loss=0.009110180017234846
2019-01-18 14:53:05,121 
*** Major Checkpoint. Computing Stats and Saving
2019-01-18 14:53:05,121 	 Computing Major Stats lazily... 
2019-01-18 14:53:05,121 		 Completed edges=30 good=30 bad=0
2019-01-18 14:53:05,122 Distortion avg=0.08608157333910098 wc=1.3016431283092353 me=1.1311334862116098 mc=1.1507422812392338 nan_elements=0
2019-01-18 14:53:05,122 MAP = 1.0
2019-01-18 14:53:05,122 scale=[array([1.])]
2019-01-18 14:53:05,122 *** End Major Checkpoint

2019-01-18 14:53:05,122 final loss=0.009110180017234846
2019-01-18 14:53:05,122 best loss=0.009110180017234846, distortion=0.08608157333910098, map=1.0, wc_dist=1.3016431283092353
2019-01-18 14:53:05,123 	 Computing Major Stats lazily... 
2019-01-18 14:53:05,123 		 Completed edges=30 good=30 bad=0
2019-01-18 14:53:05,124 Distortion avg=0.08608157333910095 wc=1.3016431283092353 me=1.1311334862116098 mc=1.1507422812392338 nan_elements=0
2019-01-18 14:53:05,124 MAP = 1.0
2019-01-18 14:53:05,124 scale=[array([1.])]
