2019-01-18 14:44:26,484 Commandline ['pytorch/pytorch_hyperbolic.py', 'learn', 'data/edges/parsing/ewt/ewt_dev/46.edges', '--dim', '0', '--hyp', '0', '--edim', '10', '--euc', '1', '--sdim', '0', '--sph', '0', '--log-name', 'ewt_devr2/46.edges.E10-1.lr1.log', '--batch-size', '65536', '--epochs', '50', '--checkpoint-freq', '10', '-g', '--subsample', '1024', '--learning-rate', '1']
2019-01-18 14:44:26,484 No Model Save selected!
2019-01-18 14:44:26,486 Loaded Graph data/edges/parsing/ewt/ewt_dev/46.edges with 32 nodes scale=1.0
2019-01-18 14:44:26,487 Building dataset
2019-01-18 14:44:26,487 Subsample: 32 points with scale 1.0 subsample=31
2019-01-18 14:44:26,532 Built Data Sampler
2019-01-18 14:44:26,532 Creating a fresh model warm_start?=None
2019-01-18 14:44:26,532 	 Warmstarting? None None 32
2019-01-18 14:44:26,533 Embedding() torch.Size([32, 10])
2019-01-18 14:44:26,533 relative No Rescale
2019-01-18 14:44:26,533 Constructed model with dim=0 and epochs=0 isnan=False
2019-01-18 14:44:26,533 SGD (
Parameter Group 0
    dampening: 0
    initial_lr: 0.1
    lr: 1.0
    momentum: 0.0
    nesterov: False
    weight_decay: 0

Parameter Group 1
    dampening: 0
    initial_lr: 0.1
    lr: 1.0
    momentum: 0.0
    nesterov: False
    weight_decay: 0

Parameter Group 2
    dampening: 0
    initial_lr: 0.1
    lr: 1.0
    momentum: 0.0
    nesterov: False
    weight_decay: 0

Parameter Group 3
    dampening: 0
    initial_lr: 0.0001
    lr: 0.001
    momentum: 0.0
    nesterov: False
    weight_decay: 0
)
2019-01-18 14:44:26,533 *** Initial Checkpoint. Computing Stats
2019-01-18 14:44:26,533 	 Computing Major Stats lazily... 
2019-01-18 14:44:26,538 		 Completed edges=992 good=992 bad=0
2019-01-18 14:44:26,543 Distortion avg=0.9986081787165538 wc=20.63978319585153 me=0.006009979300171955 mc=3434.251960778133 nan_elements=0
2019-01-18 14:44:26,543 MAP = 0.15800568669754425
2019-01-18 14:44:26,543 scale=[array([1.])]
2019-01-18 14:44:26,543 *** End Initial Checkpoint

2019-01-18 14:44:26,602 1 loss=0.9972191957023999
2019-01-18 14:44:26,603 2 loss=0.9695074734086415
2019-01-18 14:44:26,605 3 loss=0.9421863660367602
2019-01-18 14:44:26,606 4 loss=0.9160756104761626
2019-01-18 14:44:26,607 5 loss=0.891235299836505
2019-01-18 14:44:26,608 6 loss=0.8676352226096712
2019-01-18 14:44:26,609 7 loss=0.8452216292297274
2019-01-18 14:44:26,610 8 loss=0.8239337580131555
2019-01-18 14:44:26,611 9 loss=0.8037096580985428
2019-01-18 14:44:26,613 10 loss=0.7844886270694414
2019-01-18 14:44:26,613 
*** Major Checkpoint. Computing Stats and Saving
2019-01-18 14:44:26,613 	 Computing Major Stats lazily... 
2019-01-18 14:44:26,617 		 Completed edges=992 good=992 bad=0
2019-01-18 14:44:26,622 Distortion avg=0.8679384787286871 wc=54.05338086788995 me=0.7757895235067165 mc=69.67531686114859 nan_elements=0
2019-01-18 14:44:26,622 MAP = 0.06201312219037231
2019-01-18 14:44:26,622 scale=[array([1.])]
2019-01-18 14:44:26,622 *** End Major Checkpoint

2019-01-18 14:44:26,624 11 loss=0.7662123104732653
2019-01-18 14:44:26,625 12 loss=0.7488251925663215
2019-01-18 14:44:26,626 13 loss=0.7322747833857836
2019-01-18 14:44:26,627 14 loss=0.7165116452310349
2019-01-18 14:44:26,628 15 loss=0.7014893315609138
2019-01-18 14:44:26,629 16 loss=0.6871642779897079
2019-01-18 14:44:26,630 17 loss=0.673495667993304
2019-01-18 14:44:26,632 18 loss=0.6604452866545337
2019-01-18 14:44:26,633 19 loss=0.6479773704807085
2019-01-18 14:44:26,634 20 loss=0.6360584581844801
2019-01-18 14:44:26,634 
*** Major Checkpoint. Computing Stats and Saving
2019-01-18 14:44:26,634 	 Computing Major Stats lazily... 
2019-01-18 14:44:26,638 		 Completed edges=992 good=992 bad=0
2019-01-18 14:44:26,643 Distortion avg=0.7682814094938314 wc=46.37781583014541 me=1.2508219791332533 mc=37.07787087518444 nan_elements=0
2019-01-18 14:44:26,643 MAP = 0.06133027584137517
2019-01-18 14:44:26,643 scale=[array([1.])]
2019-01-18 14:44:26,643 *** End Major Checkpoint

2019-01-18 14:44:26,644 21 loss=0.6246572453960507
2019-01-18 14:44:26,646 22 loss=0.6137444450682397
2019-01-18 14:44:26,647 23 loss=0.6032926545649451
2019-01-18 14:44:26,648 24 loss=0.593276229924686
2019-01-18 14:44:26,649 25 loss=0.5836711674662126
2019-01-18 14:44:26,650 26 loss=0.5744549926920777
2019-01-18 14:44:26,651 27 loss=0.5656066563103076
2019-01-18 14:44:26,652 28 loss=0.5571064371091322
2019-01-18 14:44:26,654 29 loss=0.5489358513688164
2019-01-18 14:44:26,655 30 loss=0.5410775684670477
2019-01-18 14:44:26,655 
*** Major Checkpoint. Computing Stats and Saving
2019-01-18 14:44:26,655 	 Computing Major Stats lazily... 
2019-01-18 14:44:26,659 		 Completed edges=992 good=992 bad=0
2019-01-18 14:44:26,664 Distortion avg=0.7033152943063892 wc=39.75808283314371 me=1.5201708123981361 mc=26.153694380188494 nan_elements=0
2019-01-18 14:44:26,664 MAP = 0.06376477177750496
2019-01-18 14:44:26,664 scale=[array([1.])]
2019-01-18 14:44:26,664 *** End Major Checkpoint

2019-01-18 14:44:26,666 31 loss=0.5335153323226528
2019-01-18 14:44:26,667 32 loss=0.5262338883215251
2019-01-18 14:44:26,668 33 loss=0.5192189153750107
2019-01-18 14:44:26,669 34 loss=0.5124569627721298
2019-01-18 14:44:26,670 35 loss=0.505935391501171
2019-01-18 14:44:26,671 36 loss=0.49964231973214934
2019-01-18 14:44:26,672 37 loss=0.49356657216850947
2019-01-18 14:44:26,673 38 loss=0.4876976329936633
2019-01-18 14:44:26,674 39 loss=0.48202560215506896
2019-01-18 14:44:26,676 40 loss=0.4765411547452838
2019-01-18 14:44:26,676 
*** Major Checkpoint. Computing Stats and Saving
2019-01-18 14:44:26,676 	 Computing Major Stats lazily... 
2019-01-18 14:44:26,680 		 Completed edges=992 good=992 bad=0
2019-01-18 14:44:26,685 Distortion avg=0.6598994145085775 wc=34.36100594726336 me=1.6596325764104833 mc=20.703983782712108 nan_elements=0
2019-01-18 14:44:26,685 MAP = 0.06820907694409575
2019-01-18 14:44:26,685 scale=[array([1.])]
2019-01-18 14:44:26,685 *** End Major Checkpoint

2019-01-18 14:44:26,686 41 loss=0.47123550325556984
2019-01-18 14:44:26,688 42 loss=0.46610036249307313
2019-01-18 14:44:26,689 43 loss=0.4611279169672636
2019-01-18 14:44:26,690 44 loss=0.45631079056517204
2019-01-18 14:44:26,691 45 loss=0.45164201834798245
2019-01-18 14:44:26,692 46 loss=0.44711502031374445
2019-01-18 14:44:26,693 47 loss=0.4427235769823715
2019-01-18 14:44:26,695 48 loss=0.4384618066697217
2019-01-18 14:44:26,696 49 loss=0.4343241443274554
2019-01-18 14:44:26,697 50 loss=0.43030532183454734
2019-01-18 14:44:26,697 
*** Major Checkpoint. Computing Stats and Saving
2019-01-18 14:44:26,697 	 Computing Major Stats lazily... 
2019-01-18 14:44:26,701 		 Completed edges=992 good=992 bad=0
2019-01-18 14:44:26,706 Distortion avg=0.6252312586716993 wc=29.963392809906946 me=1.7178781809093413 mc=17.442094057010568 nan_elements=0
2019-01-18 14:44:26,706 MAP = 0.07604625917618239
2019-01-18 14:44:26,706 scale=[array([1.])]
2019-01-18 14:44:26,706 *** End Major Checkpoint

2019-01-18 14:44:26,706 final loss=0.43030532183454734
2019-01-18 14:44:26,706 best loss=0.43030532183454734, distortion=0.6252312586716993, map=0.07604625917618239, wc_dist=29.963392809906946
2019-01-18 14:44:26,706 	 Computing Major Stats lazily... 
2019-01-18 14:44:26,710 		 Completed edges=992 good=992 bad=0
2019-01-18 14:44:26,715 Distortion avg=0.6252312586717 wc=29.963392809906946 me=1.7178781809093413 mc=17.442094057010568 nan_elements=0
2019-01-18 14:44:26,715 MAP = 0.07604625917618238
2019-01-18 14:44:26,715 scale=[array([1.])]
