2019-01-18 14:40:55,801 Commandline ['pytorch/pytorch_hyperbolic.py', 'learn', 'data/edges/parsing/ewt/ewt_dev/469.edges', '--dim', '0', '--hyp', '0', '--edim', '10', '--euc', '1', '--sdim', '0', '--sph', '0', '--log-name', 'ewt_devr2/469.edges.E10-1.lr1.log', '--batch-size', '65536', '--epochs', '50', '-g', '--subsample', '1024', '--learning-rate', '1']
2019-01-18 14:40:55,801 No Model Save selected!
2019-01-18 14:40:55,803 Loaded Graph data/edges/parsing/ewt/ewt_dev/469.edges with 10 nodes scale=1.0
2019-01-18 14:40:55,803 Building dataset
2019-01-18 14:40:55,803 Subsample: 10 points with scale 1.0 subsample=9
2019-01-18 14:40:55,811 Built Data Sampler
2019-01-18 14:40:55,811 Creating a fresh model warm_start?=None
2019-01-18 14:40:55,811 	 Warmstarting? None None 10
2019-01-18 14:40:55,812 Embedding() torch.Size([10, 10])
2019-01-18 14:40:55,812 relative No Rescale
2019-01-18 14:40:55,812 Constructed model with dim=0 and epochs=0 isnan=False
2019-01-18 14:40:55,812 SGD (
Parameter Group 0
    dampening: 0
    initial_lr: 0.1
    lr: 1.0
    momentum: 0.0
    nesterov: False
    weight_decay: 0

Parameter Group 1
    dampening: 0
    initial_lr: 0.1
    lr: 1.0
    momentum: 0.0
    nesterov: False
    weight_decay: 0

Parameter Group 2
    dampening: 0
    initial_lr: 0.1
    lr: 1.0
    momentum: 0.0
    nesterov: False
    weight_decay: 0

Parameter Group 3
    dampening: 0
    initial_lr: 0.0001
    lr: 0.001
    momentum: 0.0
    nesterov: False
    weight_decay: 0
)
2019-01-18 14:40:55,812 *** Initial Checkpoint. Computing Stats
2019-01-18 14:40:55,812 	 Computing Major Stats lazily... 
2019-01-18 14:40:55,813 		 Completed edges=90 good=90 bad=0
2019-01-18 14:40:55,815 Distortion avg=0.9976797835123946 wc=7.188574443916047 me=0.006365646193963587 mc=1129.2764669724852 nan_elements=0
2019-01-18 14:40:55,815 MAP = 0.29354166666666665
2019-01-18 14:40:55,815 scale=[array([1.])]
2019-01-18 14:40:55,815 *** End Initial Checkpoint

2019-01-18 14:40:55,873 1 loss=0.9953671641079119
2019-01-18 14:40:55,874 2 loss=0.785676565173563
2019-01-18 14:40:55,874 3 loss=0.640779664591558
2019-01-18 14:40:55,875 4 loss=0.5447995603320849
2019-01-18 14:40:55,875 5 loss=0.47975260821148935
2019-01-18 14:40:55,876 6 loss=0.43410535953972695
2019-01-18 14:40:55,876 7 loss=0.4007566059762399
2019-01-18 14:40:55,877 8 loss=0.37535415091382646
2019-01-18 14:40:55,877 9 loss=0.3552145562416393
2019-01-18 14:40:55,878 10 loss=0.3386641557274037
2019-01-18 14:40:55,878 11 loss=0.32464258050274264
2019-01-18 14:40:55,879 12 loss=0.3124646664623828
2019-01-18 14:40:55,879 13 loss=0.3016769999849258
2019-01-18 14:40:55,880 14 loss=0.2919709782636921
2019-01-18 14:40:55,880 15 loss=0.2831297462688372
2019-01-18 14:40:55,881 16 loss=0.27499556472867853
2019-01-18 14:40:55,882 17 loss=0.2674495890860876
2019-01-18 14:40:55,882 18 loss=0.260399243687314
2019-01-18 14:40:55,883 19 loss=0.2537702761734072
2019-01-18 14:40:55,883 20 loss=0.24750171215071226
2019-01-18 14:40:55,884 21 loss=0.24154261377680725
2019-01-18 14:40:55,884 22 loss=0.23584996140210637
2019-01-18 14:40:55,885 23 loss=0.23038723250603574
2019-01-18 14:40:55,885 24 loss=0.22512341042623774
2019-01-18 14:40:55,886 25 loss=0.2200322546319863
2019-01-18 14:40:55,886 26 loss=0.21509172724585865
2019-01-18 14:40:55,887 27 loss=0.21028351090728714
2019-01-18 14:40:55,887 28 loss=0.20559257926021685
2019-01-18 14:40:55,888 29 loss=0.20100679844679273
2019-01-18 14:40:55,888 30 loss=0.19651654913467204
2019-01-18 14:40:55,889 31 loss=0.19211436573102014
2019-01-18 14:40:55,889 32 loss=0.18779459375470584
2019-01-18 14:40:55,890 33 loss=0.18355306864110882
2019-01-18 14:40:55,890 34 loss=0.17938682009395812
2019-01-18 14:40:55,891 35 loss=0.17529380589650634
2019-01-18 14:40:55,892 36 loss=0.1712726781952734
2019-01-18 14:40:55,892 37 loss=0.16732258396724542
2019-01-18 14:40:55,893 38 loss=0.16344299992370973
2019-01-18 14:40:55,893 39 loss=0.1596336006903816
2019-01-18 14:40:55,894 40 loss=0.15589415788139618
2019-01-18 14:40:55,894 41 loss=0.15222446674786314
2019-01-18 14:40:55,895 42 loss=0.1486242964733589
2019-01-18 14:40:55,895 43 loss=0.1450933599090384
2019-01-18 14:40:55,896 44 loss=0.1416312985568314
2019-01-18 14:40:55,896 45 loss=0.1382376788653231
2019-01-18 14:40:55,897 46 loss=0.13491199633330006
2019-01-18 14:40:55,897 47 loss=0.1316536844529534
2019-01-18 14:40:55,898 48 loss=0.12846212610652108
2019-01-18 14:40:55,898 49 loss=0.12533666560541654
2019-01-18 14:40:55,899 50 loss=0.12227662009125352
2019-01-18 14:40:55,899 final loss=0.12227662009125352
2019-01-18 14:40:55,899 best loss=10000000000.0, distortion=10000000000.0, map=0.0, wc_dist=10000000000.0
2019-01-18 14:40:55,899 	 Computing Major Stats lazily... 
2019-01-18 14:40:55,900 		 Completed edges=90 good=90 bad=0
2019-01-18 14:40:55,901 Distortion avg=0.2942036208891817 wc=4.922596113720944 me=1.3966804651925908 mc=3.5244970030007243 nan_elements=0
2019-01-18 14:40:55,901 MAP = 1.0
2019-01-18 14:40:55,902 scale=[array([1.])]
2019-01-18 14:52:59,957 Commandline ['pytorch/pytorch_hyperbolic.py', 'learn', 'data/edges/parsing/ewt/ewt_dev/469.edges', '--dim', '0', '--hyp', '0', '--edim', '10', '--euc', '1', '--sdim', '0', '--sph', '0', '--log-name', 'ewt_devr2/469.edges.E10-1.lr1.log', '--batch-size', '65536', '--epochs', '50', '--checkpoint-freq', '10', '-g', '--subsample', '1024', '--learning-rate', '1']
2019-01-18 14:52:59,958 No Model Save selected!
2019-01-18 14:52:59,959 Loaded Graph data/edges/parsing/ewt/ewt_dev/469.edges with 10 nodes scale=1.0
2019-01-18 14:52:59,959 Building dataset
2019-01-18 14:52:59,959 Subsample: 10 points with scale 1.0 subsample=9
2019-01-18 14:52:59,967 Built Data Sampler
2019-01-18 14:52:59,967 Creating a fresh model warm_start?=None
2019-01-18 14:52:59,967 	 Warmstarting? None None 10
2019-01-18 14:52:59,968 Embedding() torch.Size([10, 10])
2019-01-18 14:52:59,968 relative No Rescale
2019-01-18 14:52:59,968 Constructed model with dim=0 and epochs=0 isnan=False
2019-01-18 14:52:59,968 SGD (
Parameter Group 0
    dampening: 0
    initial_lr: 0.1
    lr: 1.0
    momentum: 0.0
    nesterov: False
    weight_decay: 0

Parameter Group 1
    dampening: 0
    initial_lr: 0.1
    lr: 1.0
    momentum: 0.0
    nesterov: False
    weight_decay: 0

Parameter Group 2
    dampening: 0
    initial_lr: 0.1
    lr: 1.0
    momentum: 0.0
    nesterov: False
    weight_decay: 0

Parameter Group 3
    dampening: 0
    initial_lr: 0.0001
    lr: 0.001
    momentum: 0.0
    nesterov: False
    weight_decay: 0
)
2019-01-18 14:52:59,968 *** Initial Checkpoint. Computing Stats
2019-01-18 14:52:59,969 	 Computing Major Stats lazily... 
2019-01-18 14:52:59,969 		 Completed edges=90 good=90 bad=0
2019-01-18 14:52:59,971 Distortion avg=0.9976797835123946 wc=7.188574443916047 me=0.006365646193963587 mc=1129.2764669724852 nan_elements=0
2019-01-18 14:52:59,971 MAP = 0.29354166666666665
2019-01-18 14:52:59,971 scale=[array([1.])]
2019-01-18 14:52:59,972 *** End Initial Checkpoint

2019-01-18 14:53:00,028 1 loss=0.9953671641079119
2019-01-18 14:53:00,029 2 loss=0.785676565173563
2019-01-18 14:53:00,029 3 loss=0.640779664591558
2019-01-18 14:53:00,030 4 loss=0.5447995603320849
2019-01-18 14:53:00,030 5 loss=0.47975260821148935
2019-01-18 14:53:00,031 6 loss=0.43410535953972695
2019-01-18 14:53:00,031 7 loss=0.4007566059762399
2019-01-18 14:53:00,032 8 loss=0.37535415091382646
2019-01-18 14:53:00,032 9 loss=0.3552145562416393
2019-01-18 14:53:00,033 10 loss=0.3386641557274037
2019-01-18 14:53:00,033 
*** Major Checkpoint. Computing Stats and Saving
2019-01-18 14:53:00,033 	 Computing Major Stats lazily... 
2019-01-18 14:53:00,033 		 Completed edges=90 good=90 bad=0
2019-01-18 14:53:00,035 Distortion avg=0.5315806639470981 wc=8.814188250218388 me=1.4766051482386942 mc=5.969224921592627 nan_elements=0
2019-01-18 14:53:00,035 MAP = 0.21544642857142854
2019-01-18 14:53:00,035 scale=[array([1.])]
2019-01-18 14:53:00,035 *** End Major Checkpoint

2019-01-18 14:53:00,036 11 loss=0.32464258050274264
2019-01-18 14:53:00,036 12 loss=0.3124646664623828
2019-01-18 14:53:00,037 13 loss=0.30167699998492575
2019-01-18 14:53:00,038 14 loss=0.29197097826369206
2019-01-18 14:53:00,038 15 loss=0.2831297462688372
2019-01-18 14:53:00,039 16 loss=0.27499556472867853
2019-01-18 14:53:00,039 17 loss=0.26744958908608774
2019-01-18 14:53:00,040 18 loss=0.26039924368731393
2019-01-18 14:53:00,040 19 loss=0.2537702761734073
2019-01-18 14:53:00,041 20 loss=0.2475017121507124
2019-01-18 14:53:00,041 
*** Major Checkpoint. Computing Stats and Saving
2019-01-18 14:53:00,041 	 Computing Major Stats lazily... 
2019-01-18 14:53:00,041 		 Completed edges=90 good=90 bad=0
2019-01-18 14:53:00,043 Distortion avg=0.45012117579929417 wc=7.812812341249748 me=1.6562123622451819 mc=4.717276914090053 nan_elements=0
2019-01-18 14:53:00,043 MAP = 0.4525496031746032
2019-01-18 14:53:00,043 scale=[array([1.])]
2019-01-18 14:53:00,043 *** End Major Checkpoint

2019-01-18 14:53:00,044 21 loss=0.24154261377680725
2019-01-18 14:53:00,044 22 loss=0.23584996140210643
2019-01-18 14:53:00,045 23 loss=0.23038723250603566
2019-01-18 14:53:00,045 24 loss=0.22512341042623768
2019-01-18 14:53:00,046 25 loss=0.2200322546319863
2019-01-18 14:53:00,046 26 loss=0.21509172724585857
2019-01-18 14:53:00,047 27 loss=0.21028351090728717
2019-01-18 14:53:00,047 28 loss=0.20559257926021685
2019-01-18 14:53:00,048 29 loss=0.2010067984467927
2019-01-18 14:53:00,048 30 loss=0.196516549134672
2019-01-18 14:53:00,048 
*** Major Checkpoint. Computing Stats and Saving
2019-01-18 14:53:00,049 	 Computing Major Stats lazily... 
2019-01-18 14:53:00,049 		 Completed edges=90 good=90 bad=0
2019-01-18 14:53:00,051 Distortion avg=0.38979379586706886 wc=7.063866747978418 me=1.606757297135121 mc=4.396349567276544 nan_elements=0
2019-01-18 14:53:00,051 MAP = 0.6643253968253967
2019-01-18 14:53:00,051 scale=[array([1.])]
2019-01-18 14:53:00,051 *** End Major Checkpoint

2019-01-18 14:53:00,052 31 loss=0.19211436573102011
2019-01-18 14:53:00,052 32 loss=0.1877945937547058
2019-01-18 14:53:00,053 33 loss=0.18355306864110885
2019-01-18 14:53:00,053 34 loss=0.17938682009395812
2019-01-18 14:53:00,054 35 loss=0.17529380589650634
2019-01-18 14:53:00,054 36 loss=0.17127267819527334
2019-01-18 14:53:00,055 37 loss=0.1673225839672454
2019-01-18 14:53:00,055 38 loss=0.16344299992370975
2019-01-18 14:53:00,056 39 loss=0.1596336006903816
2019-01-18 14:53:00,056 40 loss=0.15589415788139618
2019-01-18 14:53:00,056 
*** Major Checkpoint. Computing Stats and Saving
2019-01-18 14:53:00,057 	 Computing Major Stats lazily... 
2019-01-18 14:53:00,057 		 Completed edges=90 good=90 bad=0
2019-01-18 14:53:00,059 Distortion avg=0.33976756451618906 wc=6.052376793450652 me=1.4960523950401794 mc=4.045564723211518 nan_elements=0
2019-01-18 14:53:00,059 MAP = 0.7854166666666667
2019-01-18 14:53:00,059 scale=[array([1.])]
2019-01-18 14:53:00,059 *** End Major Checkpoint

2019-01-18 14:53:00,060 41 loss=0.1522244667478632
2019-01-18 14:53:00,060 42 loss=0.14862429647335887
2019-01-18 14:53:00,061 43 loss=0.14509335990903838
2019-01-18 14:53:00,061 44 loss=0.1416312985568314
2019-01-18 14:53:00,062 45 loss=0.13823767886532307
2019-01-18 14:53:00,062 46 loss=0.13491199633330012
2019-01-18 14:53:00,063 47 loss=0.13165368445295336
2019-01-18 14:53:00,063 48 loss=0.12846212610652105
2019-01-18 14:53:00,064 49 loss=0.12533666560541654
2019-01-18 14:53:00,065 50 loss=0.12227662009125351
2019-01-18 14:53:00,065 
*** Major Checkpoint. Computing Stats and Saving
2019-01-18 14:53:00,065 	 Computing Major Stats lazily... 
2019-01-18 14:53:00,065 		 Completed edges=90 good=90 bad=0
2019-01-18 14:53:00,067 Distortion avg=0.2942036208891816 wc=4.922596113720944 me=1.3966804651925908 mc=3.5244970030007243 nan_elements=0
2019-01-18 14:53:00,067 MAP = 1.0
2019-01-18 14:53:00,067 scale=[array([1.])]
2019-01-18 14:53:00,067 *** End Major Checkpoint

2019-01-18 14:53:00,067 final loss=0.12227662009125351
2019-01-18 14:53:00,067 best loss=0.12227662009125351, distortion=0.2942036208891816, map=1.0, wc_dist=4.922596113720944
2019-01-18 14:53:00,068 	 Computing Major Stats lazily... 
2019-01-18 14:53:00,068 		 Completed edges=90 good=90 bad=0
2019-01-18 14:53:00,070 Distortion avg=0.2942036208891817 wc=4.922596113720944 me=1.3966804651925908 mc=3.5244970030007243 nan_elements=0
2019-01-18 14:53:00,070 MAP = 1.0
2019-01-18 14:53:00,070 scale=[array([1.])]
