2019-01-18 15:12:43,140 Commandline ['pytorch/pytorch_hyperbolic.py', 'learn', 'data/edges/parsing/ewt/ewt_dev/47.edges', '--dim', '0', '--hyp', '0', '--edim', '10', '--euc', '1', '--sdim', '0', '--sph', '0', '--log-name', 'ewt_devr2/47.edges.E10-1.lr1.log', '--batch-size', '65536', '--epochs', '50', '--checkpoint-freq', '10', '-g', '--subsample', '1024', '--learning-rate', '1']
2019-01-18 15:12:43,140 No Model Save selected!
2019-01-18 15:12:43,142 Loaded Graph data/edges/parsing/ewt/ewt_dev/47.edges with 35 nodes scale=1.0
2019-01-18 15:12:43,142 Building dataset
2019-01-18 15:12:43,143 Subsample: 35 points with scale 1.0 subsample=34
2019-01-18 15:12:43,204 Built Data Sampler
2019-01-18 15:12:43,204 Creating a fresh model warm_start?=None
2019-01-18 15:12:43,204 	 Warmstarting? None None 35
2019-01-18 15:12:43,205 Embedding() torch.Size([35, 10])
2019-01-18 15:12:43,205 relative No Rescale
2019-01-18 15:12:43,205 Constructed model with dim=0 and epochs=0 isnan=False
2019-01-18 15:12:43,206 SGD (
Parameter Group 0
    dampening: 0
    initial_lr: 0.1
    lr: 1.0
    momentum: 0.0
    nesterov: False
    weight_decay: 0

Parameter Group 1
    dampening: 0
    initial_lr: 0.1
    lr: 1.0
    momentum: 0.0
    nesterov: False
    weight_decay: 0

Parameter Group 2
    dampening: 0
    initial_lr: 0.1
    lr: 1.0
    momentum: 0.0
    nesterov: False
    weight_decay: 0

Parameter Group 3
    dampening: 0
    initial_lr: 0.0001
    lr: 0.001
    momentum: 0.0
    nesterov: False
    weight_decay: 0
)
2019-01-18 15:12:43,206 *** Initial Checkpoint. Computing Stats
2019-01-18 15:12:43,206 	 Computing Major Stats lazily... 
2019-01-18 15:12:43,211 		 Completed edges=1190 good=1190 bad=0
2019-01-18 15:12:43,217 Distortion avg=0.9987288205574951 wc=24.677051968587715 me=0.005938733640376418 mc=4155.271723387748 nan_elements=0
2019-01-18 15:12:43,217 MAP = 0.08285383878423719
2019-01-18 15:12:43,218 scale=[array([1.])]
2019-01-18 15:12:43,218 *** End Initial Checkpoint

2019-01-18 15:12:43,278 1 loss=0.9974602440709353
2019-01-18 15:12:43,280 2 loss=0.9759844272370604
2019-01-18 15:12:43,281 3 loss=0.9547151520627427
2019-01-18 15:12:43,283 4 loss=0.9342067412389453
2019-01-18 15:12:43,284 5 loss=0.9145098565182136
2019-01-18 15:12:43,285 6 loss=0.895616199631597
2019-01-18 15:12:43,286 7 loss=0.8775012949349295
2019-01-18 15:12:43,288 8 loss=0.8601350405267589
2019-01-18 15:12:43,289 9 loss=0.8434854701741091
2019-01-18 15:12:43,290 10 loss=0.8275203800533348
2019-01-18 15:12:43,290 
*** Major Checkpoint. Computing Stats and Saving
2019-01-18 15:12:43,290 	 Computing Major Stats lazily... 
2019-01-18 15:12:43,295 		 Completed edges=1190 good=1190 bad=0
2019-01-18 15:12:43,301 Distortion avg=0.896052521497449 wc=30.4042788536271 me=0.5502020498725525 mc=55.2602064290198 nan_elements=0
2019-01-18 15:12:43,301 MAP = 0.0533949629660093
2019-01-18 15:12:43,301 scale=[array([1.])]
2019-01-18 15:12:43,301 *** End Major Checkpoint

2019-01-18 15:12:43,302 11 loss=0.8122081123263521
2019-01-18 15:12:43,304 12 loss=0.7975179529134809
2019-01-18 15:12:43,305 13 loss=0.7834203338552551
2019-01-18 15:12:43,306 14 loss=0.7698869293167809
2019-01-18 15:12:43,307 15 loss=0.7568906907074284
2019-01-18 15:12:43,309 16 loss=0.744405845768348
2019-01-18 15:12:43,310 17 loss=0.7324078759576398
2019-01-18 15:12:43,311 18 loss=0.7208734807538769
2019-01-18 15:12:43,313 19 loss=0.7097805342405346
2019-01-18 15:12:43,314 20 loss=0.6991080373943416
2019-01-18 15:12:43,314 
*** Major Checkpoint. Computing Stats and Saving
2019-01-18 15:12:43,314 	 Computing Major Stats lazily... 
2019-01-18 15:12:43,318 		 Completed edges=1190 good=1190 bad=0
2019-01-18 15:12:43,324 Distortion avg=0.8124818798218785 wc=28.474541041101283 me=0.9704607530174398 mc=29.341259759929287 nan_elements=0
2019-01-18 15:12:43,324 MAP = 0.053260237815598924
2019-01-18 15:12:43,324 scale=[array([1.])]
2019-01-18 15:12:43,324 *** End Major Checkpoint

2019-01-18 15:12:43,326 21 loss=0.6888360683042625
2019-01-18 15:12:43,327 22 loss=0.6789457317875068
2019-01-18 15:12:43,328 23 loss=0.669419109373399
2019-01-18 15:12:43,329 24 loss=0.660239210296044
2019-01-18 15:12:43,331 25 loss=0.6513899239132748
2019-01-18 15:12:43,332 26 loss=0.6428559738158818
2019-01-18 15:12:43,333 27 loss=0.6346228737846028
2019-01-18 15:12:43,334 28 loss=0.626676885677865
2019-01-18 15:12:43,335 29 loss=0.6190049792810559
2019-01-18 15:12:43,337 30 loss=0.6115947941114639
2019-01-18 15:12:43,337 
*** Major Checkpoint. Computing Stats and Saving
2019-01-18 15:12:43,337 	 Computing Major Stats lazily... 
2019-01-18 15:12:43,341 		 Completed edges=1190 good=1190 bad=0
2019-01-18 15:12:43,347 Distortion avg=0.7516335011069394 wc=26.626418640767433 me=1.2805512778848989 mc=20.79293434054948 nan_elements=0
2019-01-18 15:12:43,347 MAP = 0.054034495327036636
2019-01-18 15:12:43,348 scale=[array([1.])]
2019-01-18 15:12:43,348 *** End Major Checkpoint

2019-01-18 15:12:43,349 31 loss=0.6044346031475458
2019-01-18 15:12:43,350 32 loss=0.5975132784336296
2019-01-18 15:12:43,351 33 loss=0.5908202584993898
2019-01-18 15:12:43,353 34 loss=0.5843455175258454
2019-01-18 15:12:43,354 35 loss=0.5780795361850855
2019-01-18 15:12:43,355 36 loss=0.5720132740786353
2019-01-18 15:12:43,357 37 loss=0.5661381436986678
2019-01-18 15:12:43,358 38 loss=0.5604459858367787
2019-01-18 15:12:43,359 39 loss=0.5549290463663678
2019-01-18 15:12:43,360 40 loss=0.5495799543266059
2019-01-18 15:12:43,360 
*** Major Checkpoint. Computing Stats and Saving
2019-01-18 15:12:43,361 	 Computing Major Stats lazily... 
2019-01-18 15:12:43,365 		 Completed edges=1190 good=1190 bad=0
2019-01-18 15:12:43,371 Distortion avg=0.7119859225131221 wc=24.953549429103504 me=1.5067454682350443 mc=16.56122414513271 nan_elements=0
2019-01-18 15:12:43,371 MAP = 0.0561792789194841
2019-01-18 15:12:43,371 scale=[array([1.])]
2019-01-18 15:12:43,371 *** End Major Checkpoint

2019-01-18 15:12:43,373 41 loss=0.5443917012383083
2019-01-18 15:12:43,374 42 loss=0.539357621584661
2019-01-18 15:12:43,375 43 loss=0.534471374392519
2019-01-18 15:12:43,377 44 loss=0.5297269258528741
2019-01-18 15:12:43,378 45 loss=0.5251185329219911
2019-01-18 15:12:43,380 46 loss=0.5206407278475976
2019-01-18 15:12:43,381 47 loss=0.5162883035673557
2019-01-18 15:12:43,382 48 loss=0.51205629992962
2019-01-18 15:12:43,383 49 loss=0.5079399906891652
2019-01-18 15:12:43,385 50 loss=0.5039348712331688
2019-01-18 15:12:43,385 
*** Major Checkpoint. Computing Stats and Saving
2019-01-18 15:12:43,385 	 Computing Major Stats lazily... 
2019-01-18 15:12:43,389 		 Completed edges=1190 good=1190 bad=0
2019-01-18 15:12:43,395 Distortion avg=0.6814740752546121 wc=23.449629078340823 me=1.6694772633339854 mc=14.046090709562202 nan_elements=0
2019-01-18 15:12:43,395 MAP = 0.0582065770805917
2019-01-18 15:12:43,395 scale=[array([1.])]
2019-01-18 15:12:43,395 *** End Major Checkpoint

2019-01-18 15:12:43,395 final loss=0.5039348712331688
2019-01-18 15:12:43,395 best loss=0.5039348712331688, distortion=0.6814740752546121, map=0.0582065770805917, wc_dist=23.449629078340823
2019-01-18 15:12:43,395 	 Computing Major Stats lazily... 
2019-01-18 15:12:43,400 		 Completed edges=1190 good=1190 bad=0
2019-01-18 15:12:43,406 Distortion avg=0.6814740752546112 wc=23.449629078340823 me=1.6694772633339854 mc=14.046090709562202 nan_elements=0
2019-01-18 15:12:43,406 MAP = 0.058206577080591695
2019-01-18 15:12:43,406 scale=[array([1.])]
