2019-01-18 14:48:52,366 Commandline ['pytorch/pytorch_hyperbolic.py', 'learn', 'data/edges/parsing/ewt/ewt_dev/472.edges', '--dim', '0', '--hyp', '0', '--edim', '10', '--euc', '1', '--sdim', '0', '--sph', '0', '--log-name', 'ewt_devr2/472.edges.E10-1.lr1.log', '--batch-size', '65536', '--epochs', '50', '--checkpoint-freq', '10', '-g', '--subsample', '1024', '--learning-rate', '1']
2019-01-18 14:48:52,367 No Model Save selected!
2019-01-18 14:48:52,368 Loaded Graph data/edges/parsing/ewt/ewt_dev/472.edges with 12 nodes scale=1.0
2019-01-18 14:48:52,368 Building dataset
2019-01-18 14:48:52,369 Subsample: 12 points with scale 1.0 subsample=11
2019-01-18 14:48:52,379 Built Data Sampler
2019-01-18 14:48:52,380 Creating a fresh model warm_start?=None
2019-01-18 14:48:52,380 	 Warmstarting? None None 12
2019-01-18 14:48:52,380 Embedding() torch.Size([12, 10])
2019-01-18 14:48:52,380 relative No Rescale
2019-01-18 14:48:52,380 Constructed model with dim=0 and epochs=0 isnan=False
2019-01-18 14:48:52,381 SGD (
Parameter Group 0
    dampening: 0
    initial_lr: 0.1
    lr: 1.0
    momentum: 0.0
    nesterov: False
    weight_decay: 0

Parameter Group 1
    dampening: 0
    initial_lr: 0.1
    lr: 1.0
    momentum: 0.0
    nesterov: False
    weight_decay: 0

Parameter Group 2
    dampening: 0
    initial_lr: 0.1
    lr: 1.0
    momentum: 0.0
    nesterov: False
    weight_decay: 0

Parameter Group 3
    dampening: 0
    initial_lr: 0.0001
    lr: 0.001
    momentum: 0.0
    nesterov: False
    weight_decay: 0
)
2019-01-18 14:48:52,381 *** Initial Checkpoint. Computing Stats
2019-01-18 14:48:52,381 	 Computing Major Stats lazily... 
2019-01-18 14:48:52,382 		 Completed edges=132 good=132 bad=0
2019-01-18 14:48:52,384 Distortion avg=0.9978765711729399 wc=8.314616978715978 me=0.005982886981094694 mc=1389.7332516875733 nan_elements=0
2019-01-18 14:48:52,384 MAP = 0.3007445486612153
2019-01-18 14:48:52,384 scale=[array([1.])]
2019-01-18 14:48:52,384 *** End Initial Checkpoint

2019-01-18 14:48:52,442 1 loss=0.9957591654432411
2019-01-18 14:48:52,443 2 loss=0.8228783248707164
2019-01-18 14:48:52,443 3 loss=0.6925286484082196
2019-01-18 14:48:52,444 4 loss=0.5970441007602996
2019-01-18 14:48:52,444 5 loss=0.5256581903426085
2019-01-18 14:48:52,445 6 loss=0.4709431249916695
2019-01-18 14:48:52,445 7 loss=0.4279462382865084
2019-01-18 14:48:52,446 8 loss=0.3933555138663621
2019-01-18 14:48:52,446 9 loss=0.36492771935633467
2019-01-18 14:48:52,447 10 loss=0.341117990875598
2019-01-18 14:48:52,447 
*** Major Checkpoint. Computing Stats and Saving
2019-01-18 14:48:52,447 	 Computing Major Stats lazily... 
2019-01-18 14:48:52,448 		 Completed edges=132 good=132 bad=0
2019-01-18 14:48:52,450 Distortion avg=0.5271610542788925 wc=7.890101249196467 me=1.3742873459676206 mc=5.741231098683466 nan_elements=0
2019-01-18 14:48:52,450 MAP = 0.17299783549783546
2019-01-18 14:48:52,450 scale=[array([1.])]
2019-01-18 14:48:52,450 *** End Major Checkpoint

2019-01-18 14:48:52,451 11 loss=0.32084258845453567
2019-01-18 14:48:52,451 12 loss=0.30332647664943213
2019-01-18 14:48:52,452 13 loss=0.28800449654567395
2019-01-18 14:48:52,452 14 loss=0.2744565038403324
2019-01-18 14:48:52,453 15 loss=0.262364221496926
2019-01-18 14:48:52,453 16 loss=0.2514821346054378
2019-01-18 14:48:52,454 17 loss=0.24161758261191807
2019-01-18 14:48:52,455 18 loss=0.23261695501481094
2019-01-18 14:48:52,455 19 loss=0.22435598944412088
2019-01-18 14:48:52,456 20 loss=0.21673286063900885
2019-01-18 14:48:52,456 
*** Major Checkpoint. Computing Stats and Saving
2019-01-18 14:48:52,456 	 Computing Major Stats lazily... 
2019-01-18 14:48:52,457 		 Completed edges=132 good=132 bad=0
2019-01-18 14:48:52,459 Distortion avg=0.4243481566079137 wc=6.025684279890526 me=1.5796696985666119 mc=3.8145216594065303 nan_elements=0
2019-01-18 14:48:52,459 MAP = 0.35666636604136603
2019-01-18 14:48:52,459 scale=[array([1.])]
2019-01-18 14:48:52,459 *** End Major Checkpoint

2019-01-18 14:48:52,460 21 loss=0.20966318960489716
2019-01-18 14:48:52,460 22 loss=0.20307638781367957
2019-01-18 14:48:52,461 23 loss=0.19691293888117434
2019-01-18 14:48:52,461 24 loss=0.191122344960915
2019-01-18 14:48:52,462 25 loss=0.18566154913140895
2019-01-18 14:48:52,462 26 loss=0.18049370224622233
2019-01-18 14:48:52,463 27 loss=0.17558718199963302
2019-01-18 14:48:52,463 28 loss=0.17091479915413385
2019-01-18 14:48:52,464 29 loss=0.16645314481944123
2019-01-18 14:48:52,464 30 loss=0.16218204593091837
2019-01-18 14:48:52,464 
*** Major Checkpoint. Computing Stats and Saving
2019-01-18 14:48:52,465 	 Computing Major Stats lazily... 
2019-01-18 14:48:52,465 		 Completed edges=132 good=132 bad=0
2019-01-18 14:48:52,467 Distortion avg=0.35561631844865005 wc=5.0862651871434625 me=1.6262286399000816 mc=3.1276445773676524 nan_elements=0
2019-01-18 14:48:52,467 MAP = 0.5383597883597884
2019-01-18 14:48:52,467 scale=[array([1.])]
2019-01-18 14:48:52,467 *** End Major Checkpoint

2019-01-18 14:48:52,468 31 loss=0.15808410538166712
2019-01-18 14:48:52,469 32 loss=0.1541443098011457
2019-01-18 14:48:52,469 33 loss=0.15034969256195382
2019-01-18 14:48:52,470 34 loss=0.1466890428069021
2019-01-18 14:48:52,470 35 loss=0.14315265352451398
2019-01-18 14:48:52,471 36 loss=0.13973210325115826
2019-01-18 14:48:52,471 37 loss=0.13642006704977946
2019-01-18 14:48:52,472 38 loss=0.13321015315875107
2019-01-18 14:48:52,472 39 loss=0.1300967622278051
2019-01-18 14:48:52,473 40 loss=0.1270749664382536
2019-01-18 14:48:52,473 
*** Major Checkpoint. Computing Stats and Saving
2019-01-18 14:48:52,473 	 Computing Major Stats lazily... 
2019-01-18 14:48:52,474 		 Completed edges=132 good=132 bad=0
2019-01-18 14:48:52,476 Distortion avg=0.31118516983129607 wc=4.442619180814351 me=1.5710401901628694 mc=2.827820197492074 nan_elements=0
2019-01-18 14:48:52,476 MAP = 0.7643518518518518
2019-01-18 14:48:52,476 scale=[array([1.])]
2019-01-18 14:48:52,476 *** End Major Checkpoint

2019-01-18 14:48:52,477 41 loss=0.12414040609538927
2019-01-18 14:48:52,477 42 loss=0.12128920151808029
2019-01-18 14:48:52,478 43 loss=0.11851787825715052
2019-01-18 14:48:52,478 44 loss=0.11582330386371409
2019-01-18 14:48:52,479 45 loss=0.11320263460816693
2019-01-18 14:48:52,479 46 loss=0.11065327072266862
2019-01-18 14:48:52,480 47 loss=0.1081728189047237
2019-01-18 14:48:52,481 48 loss=0.10575906097563667
2019-01-18 14:48:52,481 49 loss=0.10340992773348276
2019-01-18 14:48:52,482 50 loss=0.10112347717425871
2019-01-18 14:48:52,482 
*** Major Checkpoint. Computing Stats and Saving
2019-01-18 14:48:52,482 	 Computing Major Stats lazily... 
2019-01-18 14:48:52,483 		 Completed edges=132 good=132 bad=0
2019-01-18 14:48:52,484 Distortion avg=0.27399652869957436 wc=3.887715290632052 me=1.483854132967519 mc=2.6200117681763753 nan_elements=0
2019-01-18 14:48:52,485 MAP = 0.9675925925925926
2019-01-18 14:48:52,485 scale=[array([1.])]
2019-01-18 14:48:52,485 *** End Major Checkpoint

2019-01-18 14:48:52,485 final loss=0.10112347717425871
2019-01-18 14:48:52,485 best loss=0.10112347717425871, distortion=0.27399652869957436, map=0.9675925925925926, wc_dist=3.887715290632052
2019-01-18 14:48:52,485 	 Computing Major Stats lazily... 
2019-01-18 14:48:52,486 		 Completed edges=132 good=132 bad=0
2019-01-18 14:48:52,488 Distortion avg=0.27399652869957425 wc=3.887715290632052 me=1.483854132967519 mc=2.6200117681763753 nan_elements=0
2019-01-18 14:48:52,488 MAP = 0.9675925925925926
2019-01-18 14:48:52,488 scale=[array([1.])]
