2019-01-18 14:40:29,461 Commandline ['pytorch/pytorch_hyperbolic.py', 'learn', 'data/edges/parsing/ewt/ewt_dev/478.edges', '--dim', '0', '--hyp', '0', '--edim', '10', '--euc', '1', '--sdim', '0', '--sph', '0', '--log-name', 'ewt_devr2/478.edges.E10-1.lr1.log', '--batch-size', '65536', '--epochs', '50', '-g', '--subsample', '1024', '--learning-rate', '1']
2019-01-18 14:40:29,461 No Model Save selected!
2019-01-18 14:40:29,463 Loaded Graph data/edges/parsing/ewt/ewt_dev/478.edges with 14 nodes scale=1.0
2019-01-18 14:40:29,463 Building dataset
2019-01-18 14:40:29,463 Subsample: 14 points with scale 1.0 subsample=13
2019-01-18 14:40:29,476 Built Data Sampler
2019-01-18 14:40:29,476 Creating a fresh model warm_start?=None
2019-01-18 14:40:29,476 	 Warmstarting? None None 14
2019-01-18 14:40:29,477 Embedding() torch.Size([14, 10])
2019-01-18 14:40:29,477 relative No Rescale
2019-01-18 14:40:29,477 Constructed model with dim=0 and epochs=0 isnan=False
2019-01-18 14:40:29,477 SGD (
Parameter Group 0
    dampening: 0
    initial_lr: 0.1
    lr: 1.0
    momentum: 0.0
    nesterov: False
    weight_decay: 0

Parameter Group 1
    dampening: 0
    initial_lr: 0.1
    lr: 1.0
    momentum: 0.0
    nesterov: False
    weight_decay: 0

Parameter Group 2
    dampening: 0
    initial_lr: 0.1
    lr: 1.0
    momentum: 0.0
    nesterov: False
    weight_decay: 0

Parameter Group 3
    dampening: 0
    initial_lr: 0.0001
    lr: 0.001
    momentum: 0.0
    nesterov: False
    weight_decay: 0
)
2019-01-18 14:40:29,477 *** Initial Checkpoint. Computing Stats
2019-01-18 14:40:29,478 	 Computing Major Stats lazily... 
2019-01-18 14:40:29,479 		 Completed edges=182 good=182 bad=0
2019-01-18 14:40:29,481 Distortion avg=0.9982729509478888 wc=15.219348743315068 me=0.005988741940966903 mc=2541.326524558487 nan_elements=0
2019-01-18 14:40:29,481 MAP = 0.24940377083234225
2019-01-18 14:40:29,482 scale=[array([1.])]
2019-01-18 14:40:29,482 *** End Initial Checkpoint

2019-01-18 14:40:29,540 1 loss=0.9965504820849905
2019-01-18 14:40:29,541 2 loss=0.8975361603600615
2019-01-18 14:40:29,542 3 loss=0.8122376310562284
2019-01-18 14:40:29,542 4 loss=0.7418311861979764
2019-01-18 14:40:29,543 5 loss=0.68393759812483
2019-01-18 14:40:29,543 6 loss=0.6362466273084655
2019-01-18 14:40:29,544 7 loss=0.5968002785858973
2019-01-18 14:40:29,545 8 loss=0.5639959050029697
2019-01-18 14:40:29,545 9 loss=0.5365392490712846
2019-01-18 14:40:29,546 10 loss=0.5133914526448177
2019-01-18 14:40:29,547 11 loss=0.49372100964485055
2019-01-18 14:40:29,547 12 loss=0.476863113166246
2019-01-18 14:40:29,548 13 loss=0.46228627660611926
2019-01-18 14:40:29,548 14 loss=0.44956534152408
2019-01-18 14:40:29,549 15 loss=0.43835983332528766
2019-01-18 14:40:29,549 16 loss=0.4283966894842804
2019-01-18 14:40:29,550 17 loss=0.41945651582951
2019-01-18 14:40:29,550 18 loss=0.4113626672967194
2019-01-18 14:40:29,551 19 loss=0.40397257911671725
2019-01-18 14:40:29,552 20 loss=0.39717088586475713
2019-01-18 14:40:29,552 21 loss=0.39086395845899863
2019-01-18 14:40:29,553 22 loss=0.3849755647228418
2019-01-18 14:40:29,553 23 loss=0.3794434199475224
2019-01-18 14:40:29,554 24 loss=0.3742164424925367
2019-01-18 14:40:29,554 25 loss=0.3692525681015911
2019-01-18 14:40:29,555 26 loss=0.3645170072310316
2019-01-18 14:40:29,556 27 loss=0.35998085390028084
2019-01-18 14:40:29,556 28 loss=0.3556199736965854
2019-01-18 14:40:29,557 29 loss=0.35141411366043207
2019-01-18 14:40:29,557 30 loss=0.34734618869090056
2019-01-18 14:40:29,558 31 loss=0.34340170851507945
2019-01-18 14:40:29,559 32 loss=0.33956831669483395
2019-01-18 14:40:29,559 33 loss=0.3358354190174552
2019-01-18 14:40:29,560 34 loss=0.3321938832644458
2019-01-18 14:40:29,560 35 loss=0.328635796034632
2019-01-18 14:40:29,561 36 loss=0.3251542652179832
2019-01-18 14:40:29,562 37 loss=0.32174325903522066
2019-01-18 14:40:29,562 38 loss=0.31839747440146626
2019-01-18 14:40:29,563 39 loss=0.3151122288388091
2019-01-18 14:40:29,563 40 loss=0.31188337133072364
2019-01-18 14:40:29,564 41 loss=0.30870720844216565
2019-01-18 14:40:29,565 42 loss=0.30558044277142243
2019-01-18 14:40:29,565 43 loss=0.3025001213917592
2019-01-18 14:40:29,566 44 loss=0.2994635924129974
2019-01-18 14:40:29,566 45 loss=0.2964684681695424
2019-01-18 14:40:29,567 46 loss=0.2935125938412736
2019-01-18 14:40:29,568 47 loss=0.2905940205524676
2019-01-18 14:40:29,568 48 loss=0.2877109821838008
2019-01-18 14:40:29,569 49 loss=0.2848618752832989
2019-01-18 14:40:29,569 50 loss=0.2820452415817334
2019-01-18 14:40:29,569 final loss=0.2820452415817334
2019-01-18 14:40:29,569 best loss=10000000000.0, distortion=10000000000.0, map=0.0, wc_dist=10000000000.0
2019-01-18 14:40:29,570 	 Computing Major Stats lazily... 
2019-01-18 14:40:29,570 		 Completed edges=182 good=182 bad=0
2019-01-18 14:40:29,573 Distortion avg=0.47627278493243813 wc=10.51814508423261 me=1.6811272498906897 mc=6.256602577179403 nan_elements=0
2019-01-18 14:40:29,573 MAP = 0.4881519274376417
2019-01-18 14:40:29,573 scale=[array([1.])]
2019-01-18 15:00:08,668 Commandline ['pytorch/pytorch_hyperbolic.py', 'learn', 'data/edges/parsing/ewt/ewt_dev/478.edges', '--dim', '0', '--hyp', '0', '--edim', '10', '--euc', '1', '--sdim', '0', '--sph', '0', '--log-name', 'ewt_devr2/478.edges.E10-1.lr1.log', '--batch-size', '65536', '--epochs', '50', '--checkpoint-freq', '10', '-g', '--subsample', '1024', '--learning-rate', '1']
2019-01-18 15:00:08,670 No Model Save selected!
2019-01-18 15:00:08,671 Loaded Graph data/edges/parsing/ewt/ewt_dev/478.edges with 14 nodes scale=1.0
2019-01-18 15:00:08,671 Building dataset
2019-01-18 15:00:08,672 Subsample: 14 points with scale 1.0 subsample=13
2019-01-18 15:00:08,684 Built Data Sampler
2019-01-18 15:00:08,684 Creating a fresh model warm_start?=None
2019-01-18 15:00:08,684 	 Warmstarting? None None 14
2019-01-18 15:00:08,685 Embedding() torch.Size([14, 10])
2019-01-18 15:00:08,685 relative No Rescale
2019-01-18 15:00:08,685 Constructed model with dim=0 and epochs=0 isnan=False
2019-01-18 15:00:08,685 SGD (
Parameter Group 0
    dampening: 0
    initial_lr: 0.1
    lr: 1.0
    momentum: 0.0
    nesterov: False
    weight_decay: 0

Parameter Group 1
    dampening: 0
    initial_lr: 0.1
    lr: 1.0
    momentum: 0.0
    nesterov: False
    weight_decay: 0

Parameter Group 2
    dampening: 0
    initial_lr: 0.1
    lr: 1.0
    momentum: 0.0
    nesterov: False
    weight_decay: 0

Parameter Group 3
    dampening: 0
    initial_lr: 0.0001
    lr: 0.001
    momentum: 0.0
    nesterov: False
    weight_decay: 0
)
2019-01-18 15:00:08,685 *** Initial Checkpoint. Computing Stats
2019-01-18 15:00:08,685 	 Computing Major Stats lazily... 
2019-01-18 15:00:08,687 		 Completed edges=182 good=182 bad=0
2019-01-18 15:00:08,689 Distortion avg=0.9982729509478888 wc=15.219348743315068 me=0.005988741940966903 mc=2541.326524558487 nan_elements=0
2019-01-18 15:00:08,689 MAP = 0.24940377083234225
2019-01-18 15:00:08,689 scale=[array([1.])]
2019-01-18 15:00:08,689 *** End Initial Checkpoint

2019-01-18 15:00:08,747 1 loss=0.9965504820849905
2019-01-18 15:00:08,747 2 loss=0.8975361603600615
2019-01-18 15:00:08,748 3 loss=0.8122376310562284
2019-01-18 15:00:08,748 4 loss=0.7418311861979764
2019-01-18 15:00:08,749 5 loss=0.68393759812483
2019-01-18 15:00:08,750 6 loss=0.6362466273084655
2019-01-18 15:00:08,750 7 loss=0.5968002785858973
2019-01-18 15:00:08,751 8 loss=0.5639959050029697
2019-01-18 15:00:08,751 9 loss=0.5365392490712846
2019-01-18 15:00:08,752 10 loss=0.5133914526448177
2019-01-18 15:00:08,752 
*** Major Checkpoint. Computing Stats and Saving
2019-01-18 15:00:08,752 	 Computing Major Stats lazily... 
2019-01-18 15:00:08,753 		 Completed edges=182 good=182 bad=0
2019-01-18 15:00:08,755 Distortion avg=0.6535228736406604 wc=19.30760197786949 me=1.245345977779794 mc=15.503805627004256 nan_elements=0
2019-01-18 15:00:08,755 MAP = 0.13996486317914889
2019-01-18 15:00:08,755 scale=[array([1.])]
2019-01-18 15:00:08,755 *** End Major Checkpoint

2019-01-18 15:00:08,756 11 loss=0.49372100964485066
2019-01-18 15:00:08,757 12 loss=0.47686311316624597
2019-01-18 15:00:08,757 13 loss=0.4622862766061193
2019-01-18 15:00:08,758 14 loss=0.44956534152408023
2019-01-18 15:00:08,758 15 loss=0.43835983332528744
2019-01-18 15:00:08,759 16 loss=0.4283966894842805
2019-01-18 15:00:08,759 17 loss=0.41945651582950993
2019-01-18 15:00:08,760 18 loss=0.41136266729671933
2019-01-18 15:00:08,761 19 loss=0.4039725791167171
2019-01-18 15:00:08,761 20 loss=0.3971708858647573
2019-01-18 15:00:08,761 
*** Major Checkpoint. Computing Stats and Saving
2019-01-18 15:00:08,761 	 Computing Major Stats lazily... 
2019-01-18 15:00:08,762 		 Completed edges=182 good=182 bad=0
2019-01-18 15:00:08,764 Distortion avg=0.5920449835980053 wc=15.597979892914807 me=1.5775044414001702 mc=9.88775656255539 nan_elements=0
2019-01-18 15:00:08,764 MAP = 0.15345005523576952
2019-01-18 15:00:08,765 scale=[array([1.])]
2019-01-18 15:00:08,765 *** End Major Checkpoint

2019-01-18 15:00:08,765 21 loss=0.3908639584589985
2019-01-18 15:00:08,766 22 loss=0.3849755647228418
2019-01-18 15:00:08,766 23 loss=0.3794434199475224
2019-01-18 15:00:08,767 24 loss=0.3742164424925367
2019-01-18 15:00:08,767 25 loss=0.3692525681015911
2019-01-18 15:00:08,768 26 loss=0.3645170072310315
2019-01-18 15:00:08,769 27 loss=0.35998085390028084
2019-01-18 15:00:08,769 28 loss=0.3556199736965852
2019-01-18 15:00:08,770 29 loss=0.35141411366043207
2019-01-18 15:00:08,770 30 loss=0.34734618869090056
2019-01-18 15:00:08,770 
*** Major Checkpoint. Computing Stats and Saving
2019-01-18 15:00:08,771 	 Computing Major Stats lazily... 
2019-01-18 15:00:08,771 		 Completed edges=182 good=182 bad=0
2019-01-18 15:00:08,774 Distortion avg=0.5498838043540244 wc=13.556368718799744 me=1.7001815859630676 mc=7.973482850727819 nan_elements=0
2019-01-18 15:00:08,774 MAP = 0.201647360575932
2019-01-18 15:00:08,774 scale=[array([1.])]
2019-01-18 15:00:08,774 *** End Major Checkpoint

2019-01-18 15:00:08,774 31 loss=0.34340170851507956
2019-01-18 15:00:08,775 32 loss=0.33956831669483384
2019-01-18 15:00:08,776 33 loss=0.3358354190174553
2019-01-18 15:00:08,776 34 loss=0.3321938832644459
2019-01-18 15:00:08,777 35 loss=0.3286357960346321
2019-01-18 15:00:08,777 36 loss=0.3251542652179832
2019-01-18 15:00:08,778 37 loss=0.3217432590352207
2019-01-18 15:00:08,778 38 loss=0.3183974744014662
2019-01-18 15:00:08,779 39 loss=0.3151122288388092
2019-01-18 15:00:08,780 40 loss=0.3118833713307237
2019-01-18 15:00:08,780 
*** Major Checkpoint. Computing Stats and Saving
2019-01-18 15:00:08,780 	 Computing Major Stats lazily... 
2019-01-18 15:00:08,781 		 Completed edges=182 good=182 bad=0
2019-01-18 15:00:08,783 Distortion avg=0.51163522743402 wc=11.878943129274594 me=1.7084399396193906 mc=6.95309378679183 nan_elements=0
2019-01-18 15:00:08,783 MAP = 0.2888682745825603
2019-01-18 15:00:08,783 scale=[array([1.])]
2019-01-18 15:00:08,783 *** End Major Checkpoint

2019-01-18 15:00:08,784 41 loss=0.3087072084421656
2019-01-18 15:00:08,784 42 loss=0.30558044277142243
2019-01-18 15:00:08,785 43 loss=0.30250012139175914
2019-01-18 15:00:08,785 44 loss=0.2994635924129974
2019-01-18 15:00:08,786 45 loss=0.2964684681695424
2019-01-18 15:00:08,786 46 loss=0.2935125938412736
2019-01-18 15:00:08,787 47 loss=0.2905940205524676
2019-01-18 15:00:08,787 48 loss=0.287710982183801
2019-01-18 15:00:08,788 49 loss=0.28486187528329887
2019-01-18 15:00:08,789 50 loss=0.2820452415817334
2019-01-18 15:00:08,789 
*** Major Checkpoint. Computing Stats and Saving
2019-01-18 15:00:08,789 	 Computing Major Stats lazily... 
2019-01-18 15:00:08,790 		 Completed edges=182 good=182 bad=0
2019-01-18 15:00:08,792 Distortion avg=0.4762727849324377 wc=10.51814508423261 me=1.6811272498906897 mc=6.256602577179403 nan_elements=0
2019-01-18 15:00:08,792 MAP = 0.4881519274376417
2019-01-18 15:00:08,792 scale=[array([1.])]
2019-01-18 15:00:08,792 *** End Major Checkpoint

2019-01-18 15:00:08,792 final loss=0.2820452415817334
2019-01-18 15:00:08,792 best loss=0.2820452415817334, distortion=0.4762727849324377, map=0.4881519274376417, wc_dist=10.51814508423261
2019-01-18 15:00:08,792 	 Computing Major Stats lazily... 
2019-01-18 15:00:08,793 		 Completed edges=182 good=182 bad=0
2019-01-18 15:00:08,795 Distortion avg=0.4762727849324379 wc=10.51814508423261 me=1.6811272498906897 mc=6.256602577179403 nan_elements=0
2019-01-18 15:00:08,795 MAP = 0.48815192743764163
2019-01-18 15:00:08,796 scale=[array([1.])]
