2019-01-18 14:46:59,553 Commandline ['pytorch/pytorch_hyperbolic.py', 'learn', 'data/edges/parsing/ewt/ewt_dev/484.edges', '--dim', '0', '--hyp', '0', '--edim', '10', '--euc', '1', '--sdim', '0', '--sph', '0', '--log-name', 'ewt_devr2/484.edges.E10-1.lr1.log', '--batch-size', '65536', '--epochs', '50', '--checkpoint-freq', '10', '-g', '--subsample', '1024', '--learning-rate', '1']
2019-01-18 14:46:59,553 No Model Save selected!
2019-01-18 14:46:59,555 Loaded Graph data/edges/parsing/ewt/ewt_dev/484.edges with 9 nodes scale=1.0
2019-01-18 14:46:59,555 Building dataset
2019-01-18 14:46:59,556 Subsample: 9 points with scale 1.0 subsample=8
2019-01-18 14:46:59,563 Built Data Sampler
2019-01-18 14:46:59,563 Creating a fresh model warm_start?=None
2019-01-18 14:46:59,563 	 Warmstarting? None None 9
2019-01-18 14:46:59,563 Embedding() torch.Size([9, 10])
2019-01-18 14:46:59,563 relative No Rescale
2019-01-18 14:46:59,564 Constructed model with dim=0 and epochs=0 isnan=False
2019-01-18 14:46:59,564 SGD (
Parameter Group 0
    dampening: 0
    initial_lr: 0.1
    lr: 1.0
    momentum: 0.0
    nesterov: False
    weight_decay: 0

Parameter Group 1
    dampening: 0
    initial_lr: 0.1
    lr: 1.0
    momentum: 0.0
    nesterov: False
    weight_decay: 0

Parameter Group 2
    dampening: 0
    initial_lr: 0.1
    lr: 1.0
    momentum: 0.0
    nesterov: False
    weight_decay: 0

Parameter Group 3
    dampening: 0
    initial_lr: 0.0001
    lr: 0.001
    momentum: 0.0
    nesterov: False
    weight_decay: 0
)
2019-01-18 14:46:59,564 *** Initial Checkpoint. Computing Stats
2019-01-18 14:46:59,564 	 Computing Major Stats lazily... 
2019-01-18 14:46:59,565 		 Completed edges=72 good=72 bad=0
2019-01-18 14:46:59,567 Distortion avg=0.9976721904655625 wc=6.756333472306294 me=0.005982886981094694 mc=1129.2764669724852 nan_elements=0
2019-01-18 14:46:59,567 MAP = 0.4563492063492063
2019-01-18 14:46:59,567 scale=[array([1.])]
2019-01-18 14:46:59,567 *** End Initial Checkpoint

2019-01-18 14:46:59,624 1 loss=0.9953515868903023
2019-01-18 14:46:59,625 2 loss=0.7461384300554704
2019-01-18 14:46:59,625 3 loss=0.5855623764503192
2019-01-18 14:46:59,626 4 loss=0.4861504428538488
2019-01-18 14:46:59,626 5 loss=0.4217030859467428
2019-01-18 14:46:59,627 6 loss=0.3773591117932811
2019-01-18 14:46:59,627 7 loss=0.3449373740023639
2019-01-18 14:46:59,628 8 loss=0.31989186895014793
2019-01-18 14:46:59,628 9 loss=0.2996403061390238
2019-01-18 14:46:59,628 10 loss=0.28267225811696367
2019-01-18 14:46:59,629 
*** Major Checkpoint. Computing Stats and Saving
2019-01-18 14:46:59,629 	 Computing Major Stats lazily... 
2019-01-18 14:46:59,629 		 Completed edges=72 good=72 bad=0
2019-01-18 14:46:59,631 Distortion avg=0.4765123488289011 wc=8.104879970130689 me=1.3790113831647421 mc=5.87731186926863 nan_elements=0
2019-01-18 14:46:59,631 MAP = 0.28390652557319224
2019-01-18 14:46:59,631 scale=[array([1.])]
2019-01-18 14:46:59,631 *** End Major Checkpoint

2019-01-18 14:46:59,631 11 loss=0.2680725095864531
2019-01-18 14:46:59,632 12 loss=0.25526325143699763
2019-01-18 14:46:59,632 13 loss=0.24386242551362716
2019-01-18 14:46:59,633 14 loss=0.2336045924244909
2019-01-18 14:46:59,633 15 loss=0.22429601857627446
2019-01-18 14:46:59,634 16 loss=0.21578879411670215
2019-01-18 14:46:59,634 17 loss=0.2079656768138957
2019-01-18 14:46:59,635 18 loss=0.20073103887301855
2019-01-18 14:46:59,635 19 loss=0.19400530639515534
2019-01-18 14:46:59,636 20 loss=0.18772140501300077
2019-01-18 14:46:59,636 
*** Major Checkpoint. Computing Stats and Saving
2019-01-18 14:46:59,636 	 Computing Major Stats lazily... 
2019-01-18 14:46:59,636 		 Completed edges=72 good=72 bad=0
2019-01-18 14:46:59,638 Distortion avg=0.37911277728932974 wc=6.699626759053027 me=1.4842450104474019 mc=4.513828048533262 nan_elements=0
2019-01-18 14:46:59,638 MAP = 0.6967372134038801
2019-01-18 14:46:59,638 scale=[array([1.])]
2019-01-18 14:46:59,638 *** End Major Checkpoint

2019-01-18 14:46:59,638 21 loss=0.18182236393716983
2019-01-18 14:46:59,639 22 loss=0.1762595977580071
2019-01-18 14:46:59,640 23 loss=0.1709915968836303
2019-01-18 14:46:59,640 24 loss=0.16598287836071132
2019-01-18 14:46:59,641 25 loss=0.1612031164082326
2019-01-18 14:46:59,641 26 loss=0.15662640839628994
2019-01-18 14:46:59,642 27 loss=0.15223065052882676
2019-01-18 14:46:59,642 28 loss=0.14799700620496065
2019-01-18 14:46:59,643 29 loss=0.14390945377128017
2019-01-18 14:46:59,643 30 loss=0.13995440193234288
2019-01-18 14:46:59,643 
*** Major Checkpoint. Computing Stats and Saving
2019-01-18 14:46:59,643 	 Computing Major Stats lazily... 
2019-01-18 14:46:59,644 		 Completed edges=72 good=72 bad=0
2019-01-18 14:46:59,645 Distortion avg=0.31061646711703966 wc=5.752454762751529 me=1.4724676144645619 mc=3.9066765925736933 nan_elements=0
2019-01-18 14:46:59,645 MAP = 0.79320987654321
2019-01-18 14:46:59,645 scale=[array([1.])]
2019-01-18 14:46:59,645 *** End Major Checkpoint

2019-01-18 14:46:59,646 31 loss=0.13612036196186258
2019-01-18 14:46:59,646 32 loss=0.1323976667533009
2019-01-18 14:46:59,647 33 loss=0.1287782278940719
2019-01-18 14:46:59,647 34 loss=0.12525532332108555
2019-01-18 14:46:59,648 35 loss=0.12182340959087042
2019-01-18 14:46:59,648 36 loss=0.11847795423117276
2019-01-18 14:46:59,649 37 loss=0.11521528491636102
2019-01-18 14:46:59,649 38 loss=0.11203245325440044
2019-01-18 14:46:59,650 39 loss=0.10892711176143077
2019-01-18 14:46:59,650 40 loss=0.10589740313963102
2019-01-18 14:46:59,650 
*** Major Checkpoint. Computing Stats and Saving
2019-01-18 14:46:59,650 	 Computing Major Stats lazily... 
2019-01-18 14:46:59,651 		 Completed edges=72 good=72 bad=0
2019-01-18 14:46:59,652 Distortion avg=0.2607366420425658 wc=4.622873396290938 me=1.3894760623404103 mc=3.32706228022687 nan_elements=0
2019-01-18 14:46:59,652 MAP = 1.0
2019-01-18 14:46:59,653 scale=[array([1.])]
2019-01-18 14:46:59,653 *** End Major Checkpoint

2019-01-18 14:46:59,653 41 loss=0.10294186129751051
2019-01-18 14:46:59,654 42 loss=0.1000593237038464
2019-01-18 14:46:59,654 43 loss=0.09724885469521631
2019-01-18 14:46:59,655 44 loss=0.09450967930721837
2019-01-18 14:46:59,655 45 loss=0.09184112710875736
2019-01-18 14:46:59,656 46 loss=0.08924258541626735
2019-01-18 14:46:59,656 47 loss=0.08671346117074817
2019-01-18 14:46:59,657 48 loss=0.08425315068750255
2019-01-18 14:46:59,657 49 loss=0.0818610164425697
2019-01-18 14:46:59,657 50 loss=0.07953637004233462
2019-01-18 14:46:59,658 
*** Major Checkpoint. Computing Stats and Saving
2019-01-18 14:46:59,658 	 Computing Major Stats lazily... 
2019-01-18 14:46:59,658 		 Completed edges=72 good=72 bad=0
2019-01-18 14:46:59,660 Distortion avg=0.22228147291493164 wc=3.636926809378112 me=1.3014349612473148 mc=2.7945513357751097 nan_elements=0
2019-01-18 14:46:59,660 MAP = 1.0
2019-01-18 14:46:59,660 scale=[array([1.])]
2019-01-18 14:46:59,660 *** End Major Checkpoint

2019-01-18 14:46:59,660 final loss=0.07953637004233462
2019-01-18 14:46:59,660 best loss=0.07953637004233462, distortion=0.22228147291493164, map=1.0, wc_dist=3.636926809378112
2019-01-18 14:46:59,660 	 Computing Major Stats lazily... 
2019-01-18 14:46:59,661 		 Completed edges=72 good=72 bad=0
2019-01-18 14:46:59,662 Distortion avg=0.22228147291493158 wc=3.636926809378112 me=1.3014349612473148 mc=2.7945513357751097 nan_elements=0
2019-01-18 14:46:59,662 MAP = 1.0
2019-01-18 14:46:59,662 scale=[array([1.])]
