2019-01-18 15:03:40,169 Commandline ['pytorch/pytorch_hyperbolic.py', 'learn', 'data/edges/parsing/ewt/ewt_dev/485.edges', '--dim', '0', '--hyp', '0', '--edim', '10', '--euc', '1', '--sdim', '0', '--sph', '0', '--log-name', 'ewt_devr2/485.edges.E10-1.lr1.log', '--batch-size', '65536', '--epochs', '50', '--checkpoint-freq', '10', '-g', '--subsample', '1024', '--learning-rate', '1']
2019-01-18 15:03:40,169 No Model Save selected!
2019-01-18 15:03:40,171 Loaded Graph data/edges/parsing/ewt/ewt_dev/485.edges with 17 nodes scale=1.0
2019-01-18 15:03:40,171 Building dataset
2019-01-18 15:03:40,171 Subsample: 17 points with scale 1.0 subsample=16
2019-01-18 15:03:40,189 Built Data Sampler
2019-01-18 15:03:40,189 Creating a fresh model warm_start?=None
2019-01-18 15:03:40,189 	 Warmstarting? None None 17
2019-01-18 15:03:40,189 Embedding() torch.Size([17, 10])
2019-01-18 15:03:40,190 relative No Rescale
2019-01-18 15:03:40,190 Constructed model with dim=0 and epochs=0 isnan=False
2019-01-18 15:03:40,190 SGD (
Parameter Group 0
    dampening: 0
    initial_lr: 0.1
    lr: 1.0
    momentum: 0.0
    nesterov: False
    weight_decay: 0

Parameter Group 1
    dampening: 0
    initial_lr: 0.1
    lr: 1.0
    momentum: 0.0
    nesterov: False
    weight_decay: 0

Parameter Group 2
    dampening: 0
    initial_lr: 0.1
    lr: 1.0
    momentum: 0.0
    nesterov: False
    weight_decay: 0

Parameter Group 3
    dampening: 0
    initial_lr: 0.0001
    lr: 0.001
    momentum: 0.0
    nesterov: False
    weight_decay: 0
)
2019-01-18 15:03:40,190 *** Initial Checkpoint. Computing Stats
2019-01-18 15:03:40,190 	 Computing Major Stats lazily... 
2019-01-18 15:03:40,192 		 Completed edges=272 good=272 bad=0
2019-01-18 15:03:40,195 Distortion avg=0.9981940823651895 wc=10.674383208055515 me=0.006118279414092348 mc=1744.670762088604 nan_elements=0
2019-01-18 15:03:40,195 MAP = 0.1599656062891357
2019-01-18 15:03:40,195 scale=[array([1.])]
2019-01-18 15:03:40,195 *** End Initial Checkpoint

2019-01-18 15:03:40,253 1 loss=0.9963928757792272
2019-01-18 15:03:40,254 2 loss=0.907402524847563
2019-01-18 15:03:40,254 3 loss=0.8296573419528854
2019-01-18 15:03:40,255 4 loss=0.7637254373667351
2019-01-18 15:03:40,256 5 loss=0.7076757223231276
2019-01-18 15:03:40,256 6 loss=0.6597583892867648
2019-01-18 15:03:40,257 7 loss=0.6185263407247262
2019-01-18 15:03:40,258 8 loss=0.5828062918343236
2019-01-18 15:03:40,258 9 loss=0.5516516242797312
2019-01-18 15:03:40,259 10 loss=0.5242984334974837
2019-01-18 15:03:40,259 
*** Major Checkpoint. Computing Stats and Saving
2019-01-18 15:03:40,259 	 Computing Major Stats lazily... 
2019-01-18 15:03:40,261 		 Completed edges=272 good=272 bad=0
2019-01-18 15:03:40,263 Distortion avg=0.6670338374017728 wc=14.84745291280248 me=1.2628691739152393 mc=11.756920843012836 nan_elements=0
2019-01-18 15:03:40,264 MAP = 0.10824424175264512
2019-01-18 15:03:40,264 scale=[array([1.])]
2019-01-18 15:03:40,264 *** End Major Checkpoint

2019-01-18 15:03:40,265 11 loss=0.5001287155365501
2019-01-18 15:03:40,265 12 loss=0.4786406444918247
2019-01-18 15:03:40,266 13 loss=0.4594249349380375
2019-01-18 15:03:40,267 14 loss=0.44214616252494177
2019-01-18 15:03:40,267 15 loss=0.4265280335471728
2019-01-18 15:03:40,268 16 loss=0.41234176575191195
2019-01-18 15:03:40,269 17 loss=0.39939690803027883
2019-01-18 15:03:40,269 18 loss=0.3875340684124808
2019-01-18 15:03:40,270 19 loss=0.3766191353519442
2019-01-18 15:03:40,271 20 loss=0.3665386691267165
2019-01-18 15:03:40,271 
*** Major Checkpoint. Computing Stats and Saving
2019-01-18 15:03:40,271 	 Computing Major Stats lazily... 
2019-01-18 15:03:40,272 		 Completed edges=272 good=272 bad=0
2019-01-18 15:03:40,275 Distortion avg=0.565769755042116 wc=10.398155874646404 me=1.4650024297802846 mc=7.0977055486562435 nan_elements=0
2019-01-18 15:03:40,275 MAP = 0.13833503875520684
2019-01-18 15:03:40,275 scale=[array([1.])]
2019-01-18 15:03:40,275 *** End Major Checkpoint

2019-01-18 15:03:40,276 21 loss=0.3571962121723604
2019-01-18 15:03:40,277 22 loss=0.3485093231438739
2019-01-18 15:03:40,277 23 loss=0.34040718285623717
2019-01-18 15:03:40,278 24 loss=0.33282865375528786
2019-01-18 15:03:40,279 25 loss=0.32572070044730067
2019-01-18 15:03:40,279 26 loss=0.3190370988144325
2019-01-18 15:03:40,280 27 loss=0.31273737672176827
2019-01-18 15:03:40,281 28 loss=0.3067859413274553
2019-01-18 15:03:40,281 29 loss=0.3011513573447409
2019-01-18 15:03:40,282 30 loss=0.29580574788973046
2019-01-18 15:03:40,282 
*** Major Checkpoint. Computing Stats and Saving
2019-01-18 15:03:40,282 	 Computing Major Stats lazily... 
2019-01-18 15:03:40,283 		 Completed edges=272 good=272 bad=0
2019-01-18 15:03:40,286 Distortion avg=0.5023831059967528 wc=8.736110613084834 me=1.6107783754830334 mc=5.423533582306186 nan_elements=0
2019-01-18 15:03:40,286 MAP = 0.22777611821729468
2019-01-18 15:03:40,286 scale=[array([1.])]
2019-01-18 15:03:40,286 *** End Major Checkpoint

2019-01-18 15:03:40,287 31 loss=0.2907242952525535
2019-01-18 15:03:40,288 32 loss=0.2858848234125797
2019-01-18 15:03:40,288 33 loss=0.28126744765585765
2019-01-18 15:03:40,289 34 loss=0.27685427945599683
2019-01-18 15:03:40,290 35 loss=0.27262917701010186
2019-01-18 15:03:40,290 36 loss=0.26857753360351444
2019-01-18 15:03:40,291 37 loss=0.26468609740700266
2019-01-18 15:03:40,292 38 loss=0.2609428174619081
2019-01-18 15:03:40,292 39 loss=0.2573367115403143
2019-01-18 15:03:40,293 40 loss=0.2538577523234987
2019-01-18 15:03:40,293 
*** Major Checkpoint. Computing Stats and Saving
2019-01-18 15:03:40,293 	 Computing Major Stats lazily... 
2019-01-18 15:03:40,294 		 Completed edges=272 good=272 bad=0
2019-01-18 15:03:40,297 Distortion avg=0.45515368060430916 wc=7.55211863543286 me=1.6636290816521933 mc=4.539544733091979 nan_elements=0
2019-01-18 15:03:40,297 MAP = 0.32480114034735885
2019-01-18 15:03:40,297 scale=[array([1.])]
2019-01-18 15:03:40,298 *** End Major Checkpoint

2019-01-18 15:03:40,298 41 loss=0.2504967689580118
2019-01-18 15:03:40,299 42 loss=0.24724536155237076
2019-01-18 15:03:40,299 43 loss=0.24409582659042978
2019-01-18 15:03:40,300 44 loss=0.24104109157733067
2019-01-18 15:03:40,301 45 loss=0.23807465751432524
2019-01-18 15:03:40,302 46 loss=0.23519054803072367
2019-01-18 15:03:40,303 47 loss=0.23238326419358526
2019-01-18 15:03:40,303 48 loss=0.22964774417563147
2019-01-18 15:03:40,304 49 loss=0.22697932709496693
2019-01-18 15:03:40,305 50 loss=0.22437372045117754
2019-01-18 15:03:40,305 
*** Major Checkpoint. Computing Stats and Saving
2019-01-18 15:03:40,305 	 Computing Major Stats lazily... 
2019-01-18 15:03:40,306 		 Completed edges=272 good=272 bad=0
2019-01-18 15:03:40,309 Distortion avg=0.41819363315601654 wc=6.832677801695363 me=1.7032485271609183 mc=4.011556559561217 nan_elements=0
2019-01-18 15:03:40,309 MAP = 0.4437187540128717
2019-01-18 15:03:40,309 scale=[array([1.])]
2019-01-18 15:03:40,309 *** End Major Checkpoint

2019-01-18 15:03:40,309 final loss=0.22437372045117754
2019-01-18 15:03:40,309 best loss=0.22437372045117754, distortion=0.41819363315601654, map=0.4437187540128717, wc_dist=6.832677801695363
2019-01-18 15:03:40,309 	 Computing Major Stats lazily... 
2019-01-18 15:03:40,311 		 Completed edges=272 good=272 bad=0
2019-01-18 15:03:40,313 Distortion avg=0.4181936331560165 wc=6.832677801695363 me=1.7032485271609183 mc=4.011556559561217 nan_elements=0
2019-01-18 15:03:40,313 MAP = 0.44371875401287164
2019-01-18 15:03:40,314 scale=[array([1.])]
