2019-01-18 14:56:22,504 Commandline ['pytorch/pytorch_hyperbolic.py', 'learn', 'data/edges/parsing/ewt/ewt_dev/49.edges', '--dim', '0', '--hyp', '0', '--edim', '10', '--euc', '1', '--sdim', '0', '--sph', '0', '--log-name', 'ewt_devr2/49.edges.E10-1.lr1.log', '--batch-size', '65536', '--epochs', '50', '--checkpoint-freq', '10', '-g', '--subsample', '1024', '--learning-rate', '1']
2019-01-18 14:56:22,504 No Model Save selected!
2019-01-18 14:56:22,506 Loaded Graph data/edges/parsing/ewt/ewt_dev/49.edges with 16 nodes scale=1.0
2019-01-18 14:56:22,506 Building dataset
2019-01-18 14:56:22,507 Subsample: 16 points with scale 1.0 subsample=15
2019-01-18 14:56:22,522 Built Data Sampler
2019-01-18 14:56:22,522 Creating a fresh model warm_start?=None
2019-01-18 14:56:22,522 	 Warmstarting? None None 16
2019-01-18 14:56:22,522 Embedding() torch.Size([16, 10])
2019-01-18 14:56:22,522 relative No Rescale
2019-01-18 14:56:22,523 Constructed model with dim=0 and epochs=0 isnan=False
2019-01-18 14:56:22,523 SGD (
Parameter Group 0
    dampening: 0
    initial_lr: 0.1
    lr: 1.0
    momentum: 0.0
    nesterov: False
    weight_decay: 0

Parameter Group 1
    dampening: 0
    initial_lr: 0.1
    lr: 1.0
    momentum: 0.0
    nesterov: False
    weight_decay: 0

Parameter Group 2
    dampening: 0
    initial_lr: 0.1
    lr: 1.0
    momentum: 0.0
    nesterov: False
    weight_decay: 0

Parameter Group 3
    dampening: 0
    initial_lr: 0.0001
    lr: 0.001
    momentum: 0.0
    nesterov: False
    weight_decay: 0
)
2019-01-18 14:56:22,523 *** Initial Checkpoint. Computing Stats
2019-01-18 14:56:22,523 	 Computing Major Stats lazily... 
2019-01-18 14:56:22,525 		 Completed edges=240 good=240 bad=0
2019-01-18 14:56:22,527 Distortion avg=0.9981106907670733 wc=11.138787817729348 me=0.005982886981094694 mc=1861.7747339915945 nan_elements=0
2019-01-18 14:56:22,527 MAP = 0.18521556568431571
2019-01-18 14:56:22,528 scale=[array([1.])]
2019-01-18 14:56:22,528 *** End Initial Checkpoint

2019-01-18 14:56:22,585 1 loss=0.9962262510850128
2019-01-18 14:56:22,586 2 loss=0.8932524106241612
2019-01-18 14:56:22,586 3 loss=0.8045870666911218
2019-01-18 14:56:22,587 4 loss=0.7309864999942789
2019-01-18 14:56:22,588 5 loss=0.6697162569962568
2019-01-18 14:56:22,588 6 loss=0.6183352709649748
2019-01-18 14:56:22,589 7 loss=0.5748717510733155
2019-01-18 14:56:22,589 8 loss=0.5377681216229776
2019-01-18 14:56:22,590 9 loss=0.5058016235675873
2019-01-18 14:56:22,591 10 loss=0.4780128522958089
2019-01-18 14:56:22,591 
*** Major Checkpoint. Computing Stats and Saving
2019-01-18 14:56:22,591 	 Computing Major Stats lazily... 
2019-01-18 14:56:22,592 		 Completed edges=240 good=240 bad=0
2019-01-18 14:56:22,594 Distortion avg=0.62875399689275 wc=14.113495963744642 me=1.2837541187775807 mc=10.993924582056124 nan_elements=0
2019-01-18 14:56:22,595 MAP = 0.11451144341769343
2019-01-18 14:56:22,595 scale=[array([1.])]
2019-01-18 14:56:22,595 *** End Major Checkpoint

2019-01-18 14:56:22,595 11 loss=0.45364740639890433
2019-01-18 14:56:22,596 12 loss=0.43210986255217454
2019-01-18 14:56:22,597 13 loss=0.41292801153301756
2019-01-18 14:56:22,597 14 loss=0.39572525727529395
2019-01-18 14:56:22,598 15 loss=0.38019937667834636
2019-01-18 14:56:22,599 16 loss=0.36610618481344237
2019-01-18 14:56:22,599 17 loss=0.35324696350728485
2019-01-18 14:56:22,600 18 loss=0.34145877035606115
2019-01-18 14:56:22,601 19 loss=0.33060695099984827
2019-01-18 14:56:22,601 20 loss=0.32057933754155626
2019-01-18 14:56:22,601 
*** Major Checkpoint. Computing Stats and Saving
2019-01-18 14:56:22,601 	 Computing Major Stats lazily... 
2019-01-18 14:56:22,603 		 Completed edges=240 good=240 bad=0
2019-01-18 14:56:22,605 Distortion avg=0.5291350212514484 wc=10.353248131051261 me=1.428003709305067 mc=7.250154928581827 nan_elements=0
2019-01-18 14:56:22,605 MAP = 0.14938825641950643
2019-01-18 14:56:22,605 scale=[array([1.])]
2019-01-18 14:56:22,605 *** End Major Checkpoint

2019-01-18 14:56:22,606 21 loss=0.3112817390324959
2019-01-18 14:56:22,607 22 loss=0.3026344238917652
2019-01-18 14:56:22,607 23 loss=0.2945693655855389
2019-01-18 14:56:22,608 24 loss=0.28702807714278744
2019-01-18 14:56:22,609 25 loss=0.27995990124344616
2019-01-18 14:56:22,609 26 loss=0.27332065385095944
2019-01-18 14:56:22,610 27 loss=0.2670715430886232
2019-01-18 14:56:22,610 28 loss=0.26117830310993245
2019-01-18 14:56:22,611 29 loss=0.2556104964716594
2019-01-18 14:56:22,612 30 loss=0.2503409490290544
2019-01-18 14:56:22,612 
*** Major Checkpoint. Computing Stats and Saving
2019-01-18 14:56:22,612 	 Computing Major Stats lazily... 
2019-01-18 14:56:22,613 		 Completed edges=240 good=240 bad=0
2019-01-18 14:56:22,615 Distortion avg=0.4593349458396663 wc=9.44389652646129 me=1.610373784338352 mc=5.864412733433478 nan_elements=0
2019-01-18 14:56:22,616 MAP = 0.2315609968734969
2019-01-18 14:56:22,616 scale=[array([1.])]
2019-01-18 14:56:22,616 *** End Major Checkpoint

2019-01-18 14:56:22,616 31 loss=0.24534528942264625
2019-01-18 14:56:22,617 32 loss=0.24060157140889285
2019-01-18 14:56:22,618 33 loss=0.2360899620497759
2019-01-18 14:56:22,619 34 loss=0.23179248245696785
2019-01-18 14:56:22,619 35 loss=0.2276927906395779
2019-01-18 14:56:22,620 36 loss=0.223775998223851
2019-01-18 14:56:22,621 37 loss=0.2200285145450234
2019-01-18 14:56:22,621 38 loss=0.21643791296717682
2019-01-18 14:56:22,622 39 loss=0.21299281535122153
2019-01-18 14:56:22,623 40 loss=0.20968279142891044
2019-01-18 14:56:22,623 
*** Major Checkpoint. Computing Stats and Saving
2019-01-18 14:56:22,623 	 Computing Major Stats lazily... 
2019-01-18 14:56:22,624 		 Completed edges=240 good=240 bad=0
2019-01-18 14:56:22,626 Distortion avg=0.4089118930386817 wc=8.521799814866668 me=1.7082850934985476 mc=4.988511488684903 nan_elements=0
2019-01-18 14:56:22,626 MAP = 0.3537613486050986
2019-01-18 14:56:22,627 scale=[array([1.])]
2019-01-18 14:56:22,627 *** End Major Checkpoint

2019-01-18 14:56:22,627 41 loss=0.2064982705017477
2019-01-18 14:56:22,628 42 loss=0.20343046340604692
2019-01-18 14:56:22,629 43 loss=0.2004712930987683
2019-01-18 14:56:22,629 44 loss=0.19761333254604943
2019-01-18 14:56:22,630 45 loss=0.1948497488554428
2019-01-18 14:56:22,630 46 loss=0.19217425279781933
2019-01-18 14:56:22,631 47 loss=0.18958105302677863
2019-01-18 14:56:22,632 48 loss=0.18706481443100906
2019-01-18 14:56:22,632 49 loss=0.1846206201554012
2019-01-18 14:56:22,633 50 loss=0.1822439369054452
2019-01-18 14:56:22,633 
*** Major Checkpoint. Computing Stats and Saving
2019-01-18 14:56:22,633 	 Computing Major Stats lazily... 
2019-01-18 14:56:22,634 		 Completed edges=240 good=240 bad=0
2019-01-18 14:56:22,636 Distortion avg=0.37240322724006464 wc=7.5026760035394275 me=1.7360353235088615 mc=4.321730037367601 nan_elements=0
2019-01-18 14:56:22,636 MAP = 0.5808595628908129
2019-01-18 14:56:22,637 scale=[array([1.])]
2019-01-18 14:56:22,637 *** End Major Checkpoint

2019-01-18 14:56:22,637 final loss=0.1822439369054452
2019-01-18 14:56:22,637 best loss=0.1822439369054452, distortion=0.37240322724006464, map=0.5808595628908129, wc_dist=7.5026760035394275
2019-01-18 14:56:22,637 	 Computing Major Stats lazily... 
2019-01-18 14:56:22,638 		 Completed edges=240 good=240 bad=0
2019-01-18 14:56:22,641 Distortion avg=0.37240322724006475 wc=7.5026760035394275 me=1.7360353235088615 mc=4.321730037367601 nan_elements=0
2019-01-18 14:56:22,641 MAP = 0.5808595628908129
2019-01-18 14:56:22,641 scale=[array([1.])]
