2019-01-18 15:06:31,663 Commandline ['pytorch/pytorch_hyperbolic.py', 'learn', 'data/edges/parsing/ewt/ewt_dev/491.edges', '--dim', '0', '--hyp', '0', '--edim', '10', '--euc', '1', '--sdim', '0', '--sph', '0', '--log-name', 'ewt_devr2/491.edges.E10-1.lr1.log', '--batch-size', '65536', '--epochs', '50', '--checkpoint-freq', '10', '-g', '--subsample', '1024', '--learning-rate', '1']
2019-01-18 15:06:31,663 No Model Save selected!
2019-01-18 15:06:31,665 Loaded Graph data/edges/parsing/ewt/ewt_dev/491.edges with 12 nodes scale=1.0
2019-01-18 15:06:31,665 Building dataset
2019-01-18 15:06:31,665 Subsample: 12 points with scale 1.0 subsample=11
2019-01-18 15:06:31,676 Built Data Sampler
2019-01-18 15:06:31,676 Creating a fresh model warm_start?=None
2019-01-18 15:06:31,676 	 Warmstarting? None None 12
2019-01-18 15:06:31,676 Embedding() torch.Size([12, 10])
2019-01-18 15:06:31,676 relative No Rescale
2019-01-18 15:06:31,677 Constructed model with dim=0 and epochs=0 isnan=False
2019-01-18 15:06:31,677 SGD (
Parameter Group 0
    dampening: 0
    initial_lr: 0.1
    lr: 1.0
    momentum: 0.0
    nesterov: False
    weight_decay: 0

Parameter Group 1
    dampening: 0
    initial_lr: 0.1
    lr: 1.0
    momentum: 0.0
    nesterov: False
    weight_decay: 0

Parameter Group 2
    dampening: 0
    initial_lr: 0.1
    lr: 1.0
    momentum: 0.0
    nesterov: False
    weight_decay: 0

Parameter Group 3
    dampening: 0
    initial_lr: 0.0001
    lr: 0.001
    momentum: 0.0
    nesterov: False
    weight_decay: 0
)
2019-01-18 15:06:31,677 *** Initial Checkpoint. Computing Stats
2019-01-18 15:06:31,677 	 Computing Major Stats lazily... 
2019-01-18 15:06:31,678 		 Completed edges=132 good=132 bad=0
2019-01-18 15:06:31,680 Distortion avg=0.9980583268090041 wc=11.101663768554667 me=0.005325560980892679 mc=2084.59987753136 nan_elements=0
2019-01-18 15:06:31,680 MAP = 0.3026881914381914
2019-01-18 15:06:31,681 scale=[array([1.])]
2019-01-18 15:06:31,681 *** End Initial Checkpoint

2019-01-18 15:06:31,738 1 loss=0.9961218707403724
2019-01-18 15:06:31,739 2 loss=0.8511148926687518
2019-01-18 15:06:31,740 3 loss=0.7354096270042509
2019-01-18 15:06:31,740 4 loss=0.6469701163465401
2019-01-18 15:06:31,741 5 loss=0.579079909528485
2019-01-18 15:06:31,741 6 loss=0.5263485653808413
2019-01-18 15:06:31,742 7 loss=0.4847856348284069
2019-01-18 15:06:31,743 8 loss=0.4514921136440615
2019-01-18 15:06:31,743 9 loss=0.42436973932527555
2019-01-18 15:06:31,744 10 loss=0.4018967444754034
2019-01-18 15:06:31,744 
*** Major Checkpoint. Computing Stats and Saving
2019-01-18 15:06:31,744 	 Computing Major Stats lazily... 
2019-01-18 15:06:31,745 		 Completed edges=132 good=132 bad=0
2019-01-18 15:06:31,747 Distortion avg=0.5663381514778513 wc=12.152301885905079 me=1.226397346231182 mc=9.908943396893417 nan_elements=0
2019-01-18 15:06:31,747 MAP = 0.18396765271765272
2019-01-18 15:06:31,747 scale=[array([1.])]
2019-01-18 15:06:31,747 *** End Major Checkpoint

2019-01-18 15:06:31,748 11 loss=0.3829641378289211
2019-01-18 15:06:31,748 12 loss=0.3667585343806993
2019-01-18 15:06:31,749 13 loss=0.35267889324740126
2019-01-18 15:06:31,749 14 loss=0.34027742573419145
2019-01-18 15:06:31,750 15 loss=0.32921758233920767
2019-01-18 15:06:31,751 16 loss=0.3192440766382923
2019-01-18 15:06:31,751 17 loss=0.3101613986494721
2019-01-18 15:06:31,752 18 loss=0.3018183317138345
2019-01-18 15:06:31,752 19 loss=0.29409673130260944
2019-01-18 15:06:31,753 20 loss=0.28690334334311546
2019-01-18 15:06:31,753 
*** Major Checkpoint. Computing Stats and Saving
2019-01-18 15:06:31,753 	 Computing Major Stats lazily... 
2019-01-18 15:06:31,754 		 Completed edges=132 good=132 bad=0
2019-01-18 15:06:31,756 Distortion avg=0.4861835178619967 wc=9.164734840099678 me=1.4406517719007483 mc=6.361519847372992 nan_elements=0
2019-01-18 15:06:31,756 MAP = 0.2804232804232804
2019-01-18 15:06:31,756 scale=[array([1.])]
2019-01-18 15:06:31,756 *** End Major Checkpoint

2019-01-18 15:06:31,757 21 loss=0.28016380125151724
2019-01-18 15:06:31,757 22 loss=0.27381819295678256
2019-01-18 15:06:31,758 23 loss=0.26781776542012137
2019-01-18 15:06:31,758 24 loss=0.26212245779782156
2019-01-18 15:06:31,759 25 loss=0.25669904154306733
2019-01-18 15:06:31,759 26 loss=0.2515197074776749
2019-01-18 15:06:31,760 27 loss=0.24656098383277408
2019-01-18 15:06:31,760 28 loss=0.24180290074277933
2019-01-18 15:06:31,761 29 loss=0.23722833934438575
2019-01-18 15:06:31,761 30 loss=0.2328225200341915
2019-01-18 15:06:31,762 
*** Major Checkpoint. Computing Stats and Saving
2019-01-18 15:06:31,762 	 Computing Major Stats lazily... 
2019-01-18 15:06:31,762 		 Completed edges=132 good=132 bad=0
2019-01-18 15:06:31,764 Distortion avg=0.4244884168136271 wc=7.509069016871048 me=1.486518222703101 mc=5.051447672949797 nan_elements=0
2019-01-18 15:06:31,764 MAP = 0.545515873015873
2019-01-18 15:06:31,765 scale=[array([1.])]
2019-01-18 15:06:31,765 *** End Major Checkpoint

2019-01-18 15:06:31,765 31 loss=0.22857259636157998
2019-01-18 15:06:31,766 32 loss=0.22446732973561803
2019-01-18 15:06:31,766 33 loss=0.2204968264971973
2019-01-18 15:06:31,767 34 loss=0.21665232358622655
2019-01-18 15:06:31,767 35 loss=0.2129260124750217
2019-01-18 15:06:31,768 36 loss=0.2093108935734499
2019-01-18 15:06:31,768 37 loss=0.20580065517937948
2019-01-18 15:06:31,769 38 loss=0.20238957242577107
2019-01-18 15:06:31,770 39 loss=0.1990724226930537
2019-01-18 15:06:31,770 40 loss=0.19584441470814895
2019-01-18 15:06:31,770 
*** Major Checkpoint. Computing Stats and Saving
2019-01-18 15:06:31,770 	 Computing Major Stats lazily... 
2019-01-18 15:06:31,771 		 Completed edges=132 good=132 bad=0
2019-01-18 15:06:31,773 Distortion avg=0.37971679716679246 wc=6.318506976043251 me=1.4627499281042153 mc=4.319608468025904 nan_elements=0
2019-01-18 15:06:31,773 MAP = 0.7980555555555556
2019-01-18 15:06:31,773 scale=[array([1.])]
2019-01-18 15:06:31,773 *** End Major Checkpoint

2019-01-18 15:06:31,774 41 loss=0.19270112911061713
2019-01-18 15:06:31,774 42 loss=0.18963846868444886
2019-01-18 15:06:31,775 43 loss=0.18665261676979664
2019-01-18 15:06:31,775 44 loss=0.18374000261091736
2019-01-18 15:06:31,776 45 loss=0.1808972725855346
2019-01-18 15:06:31,776 46 loss=0.1781212664116864
2019-01-18 15:06:31,777 47 loss=0.17540899755157094
2019-01-18 15:06:31,778 48 loss=0.17275763713540523
2019-01-18 15:06:31,778 49 loss=0.17016450081704532
2019-01-18 15:06:31,779 50 loss=0.16762703805057375
2019-01-18 15:06:31,779 
*** Major Checkpoint. Computing Stats and Saving
2019-01-18 15:06:31,779 	 Computing Major Stats lazily... 
2019-01-18 15:06:31,780 		 Completed edges=132 good=132 bad=0
2019-01-18 15:06:31,782 Distortion avg=0.34335434744223914 wc=5.493691825499803 me=1.4351365073810065 mc=3.8279925270142354 nan_elements=0
2019-01-18 15:06:31,782 MAP = 0.9699074074074074
2019-01-18 15:06:31,782 scale=[array([1.])]
2019-01-18 15:06:31,782 *** End Major Checkpoint

2019-01-18 15:06:31,782 final loss=0.16762703805057375
2019-01-18 15:06:31,782 best loss=0.16762703805057375, distortion=0.34335434744223914, map=0.9699074074074074, wc_dist=5.493691825499803
2019-01-18 15:06:31,782 	 Computing Major Stats lazily... 
2019-01-18 15:06:31,783 		 Completed edges=132 good=132 bad=0
2019-01-18 15:06:31,785 Distortion avg=0.34335434744223936 wc=5.493691825499803 me=1.4351365073810065 mc=3.8279925270142354 nan_elements=0
2019-01-18 15:06:31,785 MAP = 0.9699074074074074
2019-01-18 15:06:31,785 scale=[array([1.])]
