2019-01-18 14:59:38,715 Commandline ['pytorch/pytorch_hyperbolic.py', 'learn', 'data/edges/parsing/ewt/ewt_dev/493.edges', '--dim', '0', '--hyp', '0', '--edim', '10', '--euc', '1', '--sdim', '0', '--sph', '0', '--log-name', 'ewt_devr2/493.edges.E10-1.lr1.log', '--batch-size', '65536', '--epochs', '50', '--checkpoint-freq', '10', '-g', '--subsample', '1024', '--learning-rate', '1']
2019-01-18 14:59:38,715 No Model Save selected!
2019-01-18 14:59:38,717 Loaded Graph data/edges/parsing/ewt/ewt_dev/493.edges with 11 nodes scale=1.0
2019-01-18 14:59:38,718 Building dataset
2019-01-18 14:59:38,718 Subsample: 11 points with scale 1.0 subsample=10
2019-01-18 14:59:38,728 Built Data Sampler
2019-01-18 14:59:38,728 Creating a fresh model warm_start?=None
2019-01-18 14:59:38,728 	 Warmstarting? None None 11
2019-01-18 14:59:38,728 Embedding() torch.Size([11, 10])
2019-01-18 14:59:38,729 relative No Rescale
2019-01-18 14:59:38,729 Constructed model with dim=0 and epochs=0 isnan=False
2019-01-18 14:59:38,729 SGD (
Parameter Group 0
    dampening: 0
    initial_lr: 0.1
    lr: 1.0
    momentum: 0.0
    nesterov: False
    weight_decay: 0

Parameter Group 1
    dampening: 0
    initial_lr: 0.1
    lr: 1.0
    momentum: 0.0
    nesterov: False
    weight_decay: 0

Parameter Group 2
    dampening: 0
    initial_lr: 0.1
    lr: 1.0
    momentum: 0.0
    nesterov: False
    weight_decay: 0

Parameter Group 3
    dampening: 0
    initial_lr: 0.0001
    lr: 0.001
    momentum: 0.0
    nesterov: False
    weight_decay: 0
)
2019-01-18 14:59:38,729 *** Initial Checkpoint. Computing Stats
2019-01-18 14:59:38,729 	 Computing Major Stats lazily... 
2019-01-18 14:59:38,730 		 Completed edges=110 good=110 bad=0
2019-01-18 14:59:38,732 Distortion avg=0.9979678543979764 wc=8.366834973862169 me=0.005628252251848828 mc=1486.5778219364179 nan_elements=0
2019-01-18 14:59:38,732 MAP = 0.23923761423761422
2019-01-18 14:59:38,732 scale=[array([1.])]
2019-01-18 14:59:38,732 *** End Initial Checkpoint

2019-01-18 14:59:38,790 1 loss=0.9959416859552812
2019-01-18 14:59:38,790 2 loss=0.8270773464300645
2019-01-18 14:59:38,791 3 loss=0.7012939235535561
2019-01-18 14:59:38,792 4 loss=0.6111524855874527
2019-01-18 14:59:38,792 5 loss=0.5457984688206361
2019-01-18 14:59:38,793 6 loss=0.49748339471179065
2019-01-18 14:59:38,793 7 loss=0.46092666887890676
2019-01-18 14:59:38,794 8 loss=0.4325627025012275
2019-01-18 14:59:38,794 9 loss=0.40998254044832866
2019-01-18 14:59:38,795 10 loss=0.39155055753581547
2019-01-18 14:59:38,795 
*** Major Checkpoint. Computing Stats and Saving
2019-01-18 14:59:38,795 	 Computing Major Stats lazily... 
2019-01-18 14:59:38,796 		 Completed edges=110 good=110 bad=0
2019-01-18 14:59:38,797 Distortion avg=0.5703015746235351 wc=9.216484595488492 me=1.3722651641466395 mc=6.716256330255152 nan_elements=0
2019-01-18 14:59:38,797 MAP = 0.17153379028379032
2019-01-18 14:59:38,798 scale=[array([1.])]
2019-01-18 14:59:38,798 *** End Major Checkpoint

2019-01-18 14:59:38,798 11 loss=0.37614753852728117
2019-01-18 14:59:38,799 12 loss=0.3629998772324862
2019-01-18 14:59:38,799 13 loss=0.35156624401896164
2019-01-18 14:59:38,800 14 loss=0.34146230037267583
2019-01-18 14:59:38,800 15 loss=0.33241054856679625
2019-01-18 14:59:38,801 16 loss=0.3242067997069462
2019-01-18 14:59:38,801 17 loss=0.31669765590376375
2019-01-18 14:59:38,802 18 loss=0.3097653166635544
2019-01-18 14:59:38,802 19 loss=0.3033172744292445
2019-01-18 14:59:38,803 20 loss=0.29727928700633305
2019-01-18 14:59:38,803 
*** Major Checkpoint. Computing Stats and Saving
2019-01-18 14:59:38,803 	 Computing Major Stats lazily... 
2019-01-18 14:59:38,804 		 Completed edges=110 good=110 bad=0
2019-01-18 14:59:38,806 Distortion avg=0.5018242030666756 wc=7.204440760957183 me=1.5690429108595096 mc=4.591614869863977 nan_elements=0
2019-01-18 14:59:38,806 MAP = 0.2530543530543531
2019-01-18 14:59:38,806 scale=[array([1.])]
2019-01-18 14:59:38,806 *** End Major Checkpoint

2019-01-18 14:59:38,806 21 loss=0.29159055528021216
2019-01-18 14:59:38,807 22 loss=0.28620039106846035
2019-01-18 14:59:38,807 23 loss=0.2810658958441729
2019-01-18 14:59:38,808 24 loss=0.27615032783000726
2019-01-18 14:59:38,809 25 loss=0.27142193957531846
2019-01-18 14:59:38,809 26 loss=0.2668531382202986
2019-01-18 14:59:38,810 27 loss=0.2624198677913253
2019-01-18 14:59:38,810 28 loss=0.25810114469109985
2019-01-18 14:59:38,811 29 loss=0.25387869910400246
2019-01-18 14:59:38,811 30 loss=0.24973668970183666
2019-01-18 14:59:38,811 
*** Major Checkpoint. Computing Stats and Saving
2019-01-18 14:59:38,811 	 Computing Major Stats lazily... 
2019-01-18 14:59:38,812 		 Completed edges=110 good=110 bad=0
2019-01-18 14:59:38,814 Distortion avg=0.45003518132576226 wc=6.1078406670901035 me=1.6130790549224834 mc=3.7864484375092307 nan_elements=0
2019-01-18 14:59:38,814 MAP = 0.4780663780663781
2019-01-18 14:59:38,814 scale=[array([1.])]
2019-01-18 14:59:38,814 *** End Major Checkpoint

2019-01-18 14:59:38,815 31 loss=0.24566146906349598
2019-01-18 14:59:38,815 32 loss=0.24164138412839803
2019-01-18 14:59:38,816 33 loss=0.23766660080547317
2019-01-18 14:59:38,816 34 loss=0.23372894523950258
2019-01-18 14:59:38,817 35 loss=0.22982175664978854
2019-01-18 14:59:38,817 36 loss=0.22593974840318562
2019-01-18 14:59:38,818 37 loss=0.22207887526093004
2019-01-18 14:59:38,818 38 loss=0.2182362056737626
2019-01-18 14:59:38,819 39 loss=0.2144097986752896
2019-01-18 14:59:38,819 40 loss=0.21059858539468523
2019-01-18 14:59:38,819 
*** Major Checkpoint. Computing Stats and Saving
2019-01-18 14:59:38,819 	 Computing Major Stats lazily... 
2019-01-18 14:59:38,820 		 Completed edges=110 good=110 bad=0
2019-01-18 14:59:38,822 Distortion avg=0.40794941292588294 wc=4.976720825557514 me=1.5559149975262692 mc=3.1985814350205146 nan_elements=0
2019-01-18 14:59:38,822 MAP = 0.6339285714285713
2019-01-18 14:59:38,822 scale=[array([1.])]
2019-01-18 14:59:38,822 *** End Major Checkpoint

2019-01-18 14:59:38,823 41 loss=0.20680225551617476
2019-01-18 14:59:38,823 42 loss=0.2030211491852858
2019-01-18 14:59:38,824 43 loss=0.19925615492734447
2019-01-18 14:59:38,824 44 loss=0.19550861412656323
2019-01-18 14:59:38,825 45 loss=0.19178023253692283
2019-01-18 14:59:38,825 46 loss=0.1880729991794025
2019-01-18 14:59:38,826 47 loss=0.18438911284188372
2019-01-18 14:59:38,826 48 loss=0.18073091625302615
2019-01-18 14:59:38,827 49 loss=0.17710083786110675
2019-01-18 14:59:38,827 50 loss=0.17350134102145134
2019-01-18 14:59:38,827 
*** Major Checkpoint. Computing Stats and Saving
2019-01-18 14:59:38,827 	 Computing Major Stats lazily... 
2019-01-18 14:59:38,828 		 Completed edges=110 good=110 bad=0
2019-01-18 14:59:38,830 Distortion avg=0.3672669799381649 wc=4.227373770864265 me=1.4732683425607949 mc=2.869384788053179 nan_elements=0
2019-01-18 14:59:38,830 MAP = 0.9757575757575757
2019-01-18 14:59:38,830 scale=[array([1.])]
2019-01-18 14:59:38,830 *** End Major Checkpoint

2019-01-18 14:59:38,830 final loss=0.17350134102145134
2019-01-18 14:59:38,830 best loss=0.17350134102145134, distortion=0.3672669799381649, map=0.9757575757575757, wc_dist=4.227373770864265
2019-01-18 14:59:38,830 	 Computing Major Stats lazily... 
2019-01-18 14:59:38,831 		 Completed edges=110 good=110 bad=0
2019-01-18 14:59:38,833 Distortion avg=0.36726697993816476 wc=4.227373770864265 me=1.4732683425607949 mc=2.869384788053179 nan_elements=0
2019-01-18 14:59:38,833 MAP = 0.9757575757575757
2019-01-18 14:59:38,833 scale=[array([1.])]
