2019-01-18 15:04:48,364 Commandline ['pytorch/pytorch_hyperbolic.py', 'learn', 'data/edges/parsing/ewt/ewt_dev/496.edges', '--dim', '0', '--hyp', '0', '--edim', '10', '--euc', '1', '--sdim', '0', '--sph', '0', '--log-name', 'ewt_devr2/496.edges.E10-1.lr1.log', '--batch-size', '65536', '--epochs', '50', '--checkpoint-freq', '10', '-g', '--subsample', '1024', '--learning-rate', '1']
2019-01-18 15:04:48,364 No Model Save selected!
2019-01-18 15:04:48,366 Loaded Graph data/edges/parsing/ewt/ewt_dev/496.edges with 4 nodes scale=1.0
2019-01-18 15:04:48,366 Building dataset
2019-01-18 15:04:48,366 Subsample: 4 points with scale 1.0 subsample=3
2019-01-18 15:04:48,369 Built Data Sampler
2019-01-18 15:04:48,369 Creating a fresh model warm_start?=None
2019-01-18 15:04:48,369 	 Warmstarting? None None 4
2019-01-18 15:04:48,370 Embedding() torch.Size([4, 10])
2019-01-18 15:04:48,370 relative No Rescale
2019-01-18 15:04:48,370 Constructed model with dim=0 and epochs=0 isnan=False
2019-01-18 15:04:48,370 SGD (
Parameter Group 0
    dampening: 0
    initial_lr: 0.1
    lr: 1.0
    momentum: 0.0
    nesterov: False
    weight_decay: 0

Parameter Group 1
    dampening: 0
    initial_lr: 0.1
    lr: 1.0
    momentum: 0.0
    nesterov: False
    weight_decay: 0

Parameter Group 2
    dampening: 0
    initial_lr: 0.1
    lr: 1.0
    momentum: 0.0
    nesterov: False
    weight_decay: 0

Parameter Group 3
    dampening: 0
    initial_lr: 0.0001
    lr: 0.001
    momentum: 0.0
    nesterov: False
    weight_decay: 0
)
2019-01-18 15:04:48,371 *** Initial Checkpoint. Computing Stats
2019-01-18 15:04:48,371 	 Computing Major Stats lazily... 
2019-01-18 15:04:48,371 		 Completed edges=12 good=12 bad=0
2019-01-18 15:04:48,372 Distortion avg=0.9966404299181114 wc=3.2869580912217393 me=0.005628252251848828 mc=584.0104430539702 nan_elements=0
2019-01-18 15:04:48,372 MAP = 0.5
2019-01-18 15:04:48,372 scale=[array([1.])]
2019-01-18 15:04:48,373 *** End Initial Checkpoint

2019-01-18 15:04:48,430 1 loss=0.9932946490341571
2019-01-18 15:04:48,430 2 loss=0.2407395144924753
2019-01-18 15:04:48,431 3 loss=0.1294833284649695
2019-01-18 15:04:48,431 4 loss=0.07888125022286527
2019-01-18 15:04:48,431 5 loss=0.05111446373423253
2019-01-18 15:04:48,432 6 loss=0.035110241552562343
2019-01-18 15:04:48,432 7 loss=0.02553088144826274
2019-01-18 15:04:48,433 8 loss=0.01952698322341952
2019-01-18 15:04:48,433 9 loss=0.015603051035423412
2019-01-18 15:04:48,434 10 loss=0.01294279876686467
2019-01-18 15:04:48,434 
*** Major Checkpoint. Computing Stats and Saving
2019-01-18 15:04:48,434 	 Computing Major Stats lazily... 
2019-01-18 15:04:48,434 		 Completed edges=12 good=12 bad=0
2019-01-18 15:04:48,435 Distortion avg=0.10162759159646832 wc=1.2591472358577938 me=1.0805921398963225 mc=1.1652381961417957 nan_elements=0
2019-01-18 15:04:48,435 MAP = 1.0
2019-01-18 15:04:48,435 scale=[array([1.])]
2019-01-18 15:04:48,435 *** End Major Checkpoint

2019-01-18 15:04:48,436 11 loss=0.011080267580807442
2019-01-18 15:04:48,436 12 loss=0.009739192030568788
2019-01-18 15:04:48,436 13 loss=0.008750077509507343
2019-01-18 15:04:48,437 14 loss=0.008005510421100225
2019-01-18 15:04:48,437 15 loss=0.007435302255630326
2019-01-18 15:04:48,438 16 loss=0.006992263995116498
2019-01-18 15:04:48,438 17 loss=0.006643831475188718
2019-01-18 15:04:48,438 18 loss=0.00636699627912856
2019-01-18 15:04:48,439 19 loss=0.006145153773771256
2019-01-18 15:04:48,439 20 loss=0.005966092316536989
2019-01-18 15:04:48,439 
*** Major Checkpoint. Computing Stats and Saving
2019-01-18 15:04:48,439 	 Computing Major Stats lazily... 
2019-01-18 15:04:48,440 		 Completed edges=12 good=12 bad=0
2019-01-18 15:04:48,440 Distortion avg=0.07584531129545503 wc=1.1721338856563208 me=1.0693961364103017 mc=1.096070806456141 nan_elements=0
2019-01-18 15:04:48,440 MAP = 1.0
2019-01-18 15:04:48,441 scale=[array([1.])]
2019-01-18 15:04:48,441 *** End Major Checkpoint

2019-01-18 15:04:48,441 21 loss=0.005820679118867233
2019-01-18 15:04:48,442 22 loss=0.005701981819181491
2019-01-18 15:04:48,442 23 loss=0.005604668880595393
2019-01-18 15:04:48,442 24 loss=0.005524592303003055
2019-01-18 15:04:48,443 25 loss=0.005458491969625521
2019-01-18 15:04:48,443 26 loss=0.00540378268251492
2019-01-18 15:04:48,444 27 loss=0.005358398403380333
2019-01-18 15:04:48,445 28 loss=0.00532067672055487
2019-01-18 15:04:48,445 29 loss=0.005289272036446988
2019-01-18 15:04:48,446 30 loss=0.005263089554618167
2019-01-18 15:04:48,446 
*** Major Checkpoint. Computing Stats and Saving
2019-01-18 15:04:48,446 	 Computing Major Stats lazily... 
2019-01-18 15:04:48,446 		 Completed edges=12 good=12 bad=0
2019-01-18 15:04:48,447 Distortion avg=0.07218243953867791 wc=1.1582831361138066 me=1.0669175059389235 mc=1.0856351401737272 nan_elements=0
2019-01-18 15:04:48,447 MAP = 1.0
2019-01-18 15:04:48,447 scale=[array([1.])]
2019-01-18 15:04:48,447 *** End Major Checkpoint

2019-01-18 15:04:48,448 31 loss=0.005241234532094112
2019-01-18 15:04:48,448 32 loss=0.005222972875700674
2019-01-18 15:04:48,448 33 loss=0.005207700267418497
2019-01-18 15:04:48,449 34 loss=0.005194917772591083
2019-01-18 15:04:48,449 35 loss=0.005184212426025241
2019-01-18 15:04:48,450 36 loss=0.00517524167660998
2019-01-18 15:04:48,450 37 loss=0.005167720848972991
2019-01-18 15:04:48,451 38 loss=0.00516141298318545
2019-01-18 15:04:48,451 39 loss=0.0051561205626423695
2019-01-18 15:04:48,452 40 loss=0.005151678751177279
2019-01-18 15:04:48,452 
*** Major Checkpoint. Computing Stats and Saving
2019-01-18 15:04:48,452 	 Computing Major Stats lazily... 
2019-01-18 15:04:48,452 		 Completed edges=12 good=12 bad=0
2019-01-18 15:04:48,453 Distortion avg=0.07156109664487552 wc=1.155487461986976 me=1.0664260496921794 mc=1.0835139129623699 nan_elements=0
2019-01-18 15:04:48,453 MAP = 1.0
2019-01-18 15:04:48,453 scale=[array([1.])]
2019-01-18 15:04:48,453 *** End Major Checkpoint

2019-01-18 15:04:48,453 41 loss=0.005147949843805557
2019-01-18 15:04:48,454 42 loss=0.005144818698686658
2019-01-18 15:04:48,454 43 loss=0.00514218896625141
2019-01-18 15:04:48,455 44 loss=0.0051399799687612035
2019-01-18 15:04:48,455 45 loss=0.005138124112604785
2019-01-18 15:04:48,456 46 loss=0.005136564738407258
2019-01-18 15:04:48,456 47 loss=0.005135254332007711
2019-01-18 15:04:48,456 48 loss=0.005134153033657962
2019-01-18 15:04:48,457 49 loss=0.005133227394231143
2019-01-18 15:04:48,457 50 loss=0.005132449336428505
2019-01-18 15:04:48,457 
*** Major Checkpoint. Computing Stats and Saving
2019-01-18 15:04:48,457 	 Computing Major Stats lazily... 
2019-01-18 15:04:48,458 		 Completed edges=12 good=12 bad=0
2019-01-18 15:04:48,458 Distortion avg=0.07145200514321907 wc=1.1548810574391133 me=1.066326818975048 mc=1.083046057632859 nan_elements=0
2019-01-18 15:04:48,458 MAP = 1.0
2019-01-18 15:04:48,459 scale=[array([1.])]
2019-01-18 15:04:48,459 *** End Major Checkpoint

2019-01-18 15:04:48,459 final loss=0.005132449336428505
2019-01-18 15:04:48,459 best loss=0.005132449336428505, distortion=0.07145200514321907, map=1.0, wc_dist=1.1548810574391133
2019-01-18 15:04:48,459 	 Computing Major Stats lazily... 
2019-01-18 15:04:48,459 		 Completed edges=12 good=12 bad=0
2019-01-18 15:04:48,460 Distortion avg=0.07145200514321907 wc=1.1548810574391133 me=1.066326818975048 mc=1.083046057632859 nan_elements=0
2019-01-18 15:04:48,460 MAP = 1.0
2019-01-18 15:04:48,460 scale=[array([1.])]
