2019-01-18 14:52:36,640 Commandline ['pytorch/pytorch_hyperbolic.py', 'learn', 'data/edges/parsing/ewt/ewt_dev/497.edges', '--dim', '0', '--hyp', '0', '--edim', '10', '--euc', '1', '--sdim', '0', '--sph', '0', '--log-name', 'ewt_devr2/497.edges.E10-1.lr1.log', '--batch-size', '65536', '--epochs', '50', '--checkpoint-freq', '10', '-g', '--subsample', '1024', '--learning-rate', '1']
2019-01-18 14:52:36,640 No Model Save selected!
2019-01-18 14:52:36,641 Loaded Graph data/edges/parsing/ewt/ewt_dev/497.edges with 7 nodes scale=1.0
2019-01-18 14:52:36,641 Building dataset
2019-01-18 14:52:36,642 Subsample: 7 points with scale 1.0 subsample=6
2019-01-18 14:52:36,647 Built Data Sampler
2019-01-18 14:52:36,647 Creating a fresh model warm_start?=None
2019-01-18 14:52:36,648 	 Warmstarting? None None 7
2019-01-18 14:52:36,648 Embedding() torch.Size([7, 10])
2019-01-18 14:52:36,648 relative No Rescale
2019-01-18 14:52:36,648 Constructed model with dim=0 and epochs=0 isnan=False
2019-01-18 14:52:36,649 SGD (
Parameter Group 0
    dampening: 0
    initial_lr: 0.1
    lr: 1.0
    momentum: 0.0
    nesterov: False
    weight_decay: 0

Parameter Group 1
    dampening: 0
    initial_lr: 0.1
    lr: 1.0
    momentum: 0.0
    nesterov: False
    weight_decay: 0

Parameter Group 2
    dampening: 0
    initial_lr: 0.1
    lr: 1.0
    momentum: 0.0
    nesterov: False
    weight_decay: 0

Parameter Group 3
    dampening: 0
    initial_lr: 0.0001
    lr: 0.001
    momentum: 0.0
    nesterov: False
    weight_decay: 0
)
2019-01-18 14:52:36,649 *** Initial Checkpoint. Computing Stats
2019-01-18 14:52:36,649 	 Computing Major Stats lazily... 
2019-01-18 14:52:36,650 		 Completed edges=42 good=42 bad=0
2019-01-18 14:52:36,651 Distortion avg=0.9972619158332947 wc=5.448327215027938 me=0.005628252251848828 mc=968.0318100949036 nan_elements=0
2019-01-18 14:52:36,651 MAP = 0.4785714285714286
2019-01-18 14:52:36,651 scale=[array([1.])]
2019-01-18 14:52:36,651 *** End Initial Checkpoint

2019-01-18 14:52:36,709 1 loss=0.9945330452973808
2019-01-18 14:52:36,709 2 loss=0.5800892128950826
2019-01-18 14:52:36,710 3 loss=0.40091589794161453
2019-01-18 14:52:36,710 4 loss=0.31570745064695355
2019-01-18 14:52:36,711 5 loss=0.2640388965336178
2019-01-18 14:52:36,711 6 loss=0.22692497317343158
2019-01-18 14:52:36,712 7 loss=0.19794430138955235
2019-01-18 14:52:36,712 8 loss=0.17447011072055188
2019-01-18 14:52:36,713 9 loss=0.15511447293203567
2019-01-18 14:52:36,713 10 loss=0.13896599147864006
2019-01-18 14:52:36,713 
*** Major Checkpoint. Computing Stats and Saving
2019-01-18 14:52:36,713 	 Computing Major Stats lazily... 
2019-01-18 14:52:36,714 		 Completed edges=42 good=42 bad=0
2019-01-18 14:52:36,715 Distortion avg=0.3227152125897232 wc=3.0493033268301626 me=1.2608542952512636 mc=2.418442272286899 nan_elements=0
2019-01-18 14:52:36,715 MAP = 0.9928571428571429
2019-01-18 14:52:36,715 scale=[array([1.])]
2019-01-18 14:52:36,715 *** End Major Checkpoint

2019-01-18 14:52:36,716 11 loss=0.12535058377607927
2019-01-18 14:52:36,716 12 loss=0.11374759827117742
2019-01-18 14:52:36,717 13 loss=0.10375218532564448
2019-01-18 14:52:36,717 14 loss=0.09505145743458773
2019-01-18 14:52:36,718 15 loss=0.08740538513782833
2019-01-18 14:52:36,718 16 loss=0.08063044790786572
2019-01-18 14:52:36,718 17 loss=0.07458590573919899
2019-01-18 14:52:36,719 18 loss=0.06916276268245386
2019-01-18 14:52:36,719 19 loss=0.0642752863706917
2019-01-18 14:52:36,720 20 loss=0.05985474168779578
2019-01-18 14:52:36,720 
*** Major Checkpoint. Computing Stats and Saving
2019-01-18 14:52:36,720 	 Computing Major Stats lazily... 
2019-01-18 14:52:36,720 		 Completed edges=42 good=42 bad=0
2019-01-18 14:52:36,722 Distortion avg=0.21137018218695086 wc=2.0652399674172575 me=1.2146929054704043 mc=1.7002157155247966 nan_elements=0
2019-01-18 14:52:36,722 MAP = 1.0
2019-01-18 14:52:36,722 scale=[array([1.])]
2019-01-18 14:52:36,722 *** End Major Checkpoint

2019-01-18 14:52:36,722 21 loss=0.055844898603945606
2019-01-18 14:52:36,723 22 loss=0.052198875525835235
2019-01-18 14:52:36,723 23 loss=0.048876940046454875
2019-01-18 14:52:36,724 24 loss=0.045844971291887956
2019-01-18 14:52:36,724 25 loss=0.043073368066696434
2019-01-18 14:52:36,725 26 loss=0.040536253366195166
2019-01-18 14:52:36,725 27 loss=0.03821087575994406
2019-01-18 14:52:36,726 28 loss=0.03607714326485528
2019-01-18 14:52:36,726 29 loss=0.034117248808353755
2019-01-18 14:52:36,726 30 loss=0.03231536148573507
2019-01-18 14:52:36,727 
*** Major Checkpoint. Computing Stats and Saving
2019-01-18 14:52:36,727 	 Computing Major Stats lazily... 
2019-01-18 14:52:36,727 		 Completed edges=42 good=42 bad=0
2019-01-18 14:52:36,728 Distortion avg=0.15770535304707278 wc=1.697157702964927 me=1.1747528792695443 mc=1.4446933758700056 nan_elements=0
2019-01-18 14:52:36,728 MAP = 1.0
2019-01-18 14:52:36,728 scale=[array([1.])]
2019-01-18 14:52:36,728 *** End Major Checkpoint

2019-01-18 14:52:36,729 31 loss=0.030657367234921788
2019-01-18 14:52:36,729 32 loss=0.0291306482852515
2019-01-18 14:52:36,730 33 loss=0.027723894168555037
2019-01-18 14:52:36,730 34 loss=0.02642693912181059
2019-01-18 14:52:36,731 35 loss=0.02523062193754457
2019-01-18 14:52:36,731 36 loss=0.024126665082674015
2019-01-18 14:52:36,732 37 loss=0.02310757041571116
2019-01-18 14:52:36,732 38 loss=0.022166529203253637
2019-01-18 14:52:36,733 39 loss=0.02129734443256057
2019-01-18 14:52:36,733 40 loss=0.020494363669735765
2019-01-18 14:52:36,733 
*** Major Checkpoint. Computing Stats and Saving
2019-01-18 14:52:36,733 	 Computing Major Stats lazily... 
2019-01-18 14:52:36,734 		 Completed edges=42 good=42 bad=0
2019-01-18 14:52:36,735 Distortion avg=0.12451031904185664 wc=1.5415734610788334 me=1.173766171672853 mc=1.3133565255861661 nan_elements=0
2019-01-18 14:52:36,735 MAP = 1.0
2019-01-18 14:52:36,735 scale=[array([1.])]
2019-01-18 14:52:36,735 *** End Major Checkpoint

2019-01-18 14:52:36,736 41 loss=0.01975242093752288
2019-01-18 14:52:36,736 42 loss=0.01906678628915471
2019-01-18 14:52:36,737 43 loss=0.018433121937293143
2019-01-18 14:52:36,737 44 loss=0.017847443960564275
2019-01-18 14:52:36,737 45 loss=0.017306088755000178
2019-01-18 14:52:36,738 46 loss=0.016805683524535403
2019-01-18 14:52:36,738 47 loss=0.016343120214627454
2019-01-18 14:52:36,739 48 loss=0.015915532387421293
2019-01-18 14:52:36,739 49 loss=0.015520274617201481
2019-01-18 14:52:36,740 50 loss=0.015154904052782702
2019-01-18 14:52:36,740 
*** Major Checkpoint. Computing Stats and Saving
2019-01-18 14:52:36,740 	 Computing Major Stats lazily... 
2019-01-18 14:52:36,740 		 Completed edges=42 good=42 bad=0
2019-01-18 14:52:36,742 Distortion avg=0.10726320419350355 wc=1.4531572038069012 me=1.1731464344984224 mc=1.2386835616375522 nan_elements=0
2019-01-18 14:52:36,742 MAP = 1.0
2019-01-18 14:52:36,742 scale=[array([1.])]
2019-01-18 14:52:36,742 *** End Major Checkpoint

2019-01-18 14:52:36,742 final loss=0.015154904052782702
2019-01-18 14:52:36,742 best loss=0.015154904052782702, distortion=0.10726320419350355, map=1.0, wc_dist=1.4531572038069012
2019-01-18 14:52:36,742 	 Computing Major Stats lazily... 
2019-01-18 14:52:36,742 		 Completed edges=42 good=42 bad=0
2019-01-18 14:52:36,744 Distortion avg=0.10726320419350358 wc=1.4531572038069012 me=1.1731464344984224 mc=1.2386835616375522 nan_elements=0
2019-01-18 14:52:36,744 MAP = 1.0
2019-01-18 14:52:36,744 scale=[array([1.])]
