2019-01-18 14:49:02,391 Commandline ['pytorch/pytorch_hyperbolic.py', 'learn', 'data/edges/parsing/ewt/ewt_dev/50.edges', '--dim', '0', '--hyp', '0', '--edim', '10', '--euc', '1', '--sdim', '0', '--sph', '0', '--log-name', 'ewt_devr2/50.edges.E10-1.lr1.log', '--batch-size', '65536', '--epochs', '50', '--checkpoint-freq', '10', '-g', '--subsample', '1024', '--learning-rate', '1']
2019-01-18 14:49:02,391 No Model Save selected!
2019-01-18 14:49:02,393 Loaded Graph data/edges/parsing/ewt/ewt_dev/50.edges with 34 nodes scale=1.0
2019-01-18 14:49:02,393 Building dataset
2019-01-18 14:49:02,393 Subsample: 34 points with scale 1.0 subsample=33
2019-01-18 14:49:02,442 Built Data Sampler
2019-01-18 14:49:02,442 Creating a fresh model warm_start?=None
2019-01-18 14:49:02,442 	 Warmstarting? None None 34
2019-01-18 14:49:02,443 Embedding() torch.Size([34, 10])
2019-01-18 14:49:02,443 relative No Rescale
2019-01-18 14:49:02,443 Constructed model with dim=0 and epochs=0 isnan=False
2019-01-18 14:49:02,443 SGD (
Parameter Group 0
    dampening: 0
    initial_lr: 0.1
    lr: 1.0
    momentum: 0.0
    nesterov: False
    weight_decay: 0

Parameter Group 1
    dampening: 0
    initial_lr: 0.1
    lr: 1.0
    momentum: 0.0
    nesterov: False
    weight_decay: 0

Parameter Group 2
    dampening: 0
    initial_lr: 0.1
    lr: 1.0
    momentum: 0.0
    nesterov: False
    weight_decay: 0

Parameter Group 3
    dampening: 0
    initial_lr: 0.0001
    lr: 0.001
    momentum: 0.0
    nesterov: False
    weight_decay: 0
)
2019-01-18 14:49:02,443 *** Initial Checkpoint. Computing Stats
2019-01-18 14:49:02,443 	 Computing Major Stats lazily... 
2019-01-18 14:49:02,448 		 Completed edges=1122 good=1122 bad=0
2019-01-18 14:49:02,454 Distortion avg=0.9986031940720708 wc=20.551735465294495 me=0.006359069067667888 mc=3231.8780070793596 nan_elements=0
2019-01-18 14:49:02,454 MAP = 0.14683468940347974
2019-01-18 14:49:02,454 scale=[array([1.])]
2019-01-18 14:49:02,454 *** End Initial Checkpoint

2019-01-18 14:49:02,513 1 loss=0.9972093184868217
2019-01-18 14:49:02,514 2 loss=0.9713130450363516
2019-01-18 14:49:02,515 3 loss=0.9458003664427403
2019-01-18 14:49:02,517 4 loss=0.9213920942235493
2019-01-18 14:49:02,518 5 loss=0.8981255314437185
2019-01-18 14:49:02,519 6 loss=0.8759667994609478
2019-01-18 14:49:02,521 7 loss=0.854864950856953
2019-01-18 14:49:02,522 8 loss=0.8347647059689999
2019-01-18 14:49:02,523 9 loss=0.8156107817345888
2019-01-18 14:49:02,524 10 loss=0.797349627609345
2019-01-18 14:49:02,524 
*** Major Checkpoint. Computing Stats and Saving
2019-01-18 14:49:02,524 	 Computing Major Stats lazily... 
2019-01-18 14:49:02,529 		 Completed edges=1122 good=1122 bad=0
2019-01-18 14:49:02,534 Distortion avg=0.8764101978337725 wc=46.12665381780995 me=0.7345644979149794 mc=62.794559155442315 nan_elements=0
2019-01-18 14:49:02,534 MAP = 0.06836042469396231
2019-01-18 14:49:02,535 scale=[array([1.])]
2019-01-18 14:49:02,535 *** End Major Checkpoint

2019-01-18 14:49:02,536 11 loss=0.7799301577670023
2019-01-18 14:49:02,537 12 loss=0.7633040365057646
2019-01-18 14:49:02,538 13 loss=0.7474257465606281
2019-01-18 14:49:02,540 14 loss=0.7322525465619254
2019-01-18 14:49:02,541 15 loss=0.7177443710494522
2019-01-18 14:49:02,542 16 loss=0.7038637015801789
2019-01-18 14:49:02,543 17 loss=0.6905754248539135
2019-01-18 14:49:02,544 18 loss=0.6778466869952952
2019-01-18 14:49:02,546 19 loss=0.6656467493040504
2019-01-18 14:49:02,547 20 loss=0.6539468485460609
2019-01-18 14:49:02,547 
*** Major Checkpoint. Computing Stats and Saving
2019-01-18 14:49:02,547 	 Computing Major Stats lazily... 
2019-01-18 14:49:02,551 		 Completed edges=1122 good=1122 bad=0
2019-01-18 14:49:02,557 Distortion avg=0.7815236106203763 wc=40.71531187773325 me=1.1645918060490983 mc=34.96101523834414 nan_elements=0
2019-01-18 14:49:02,557 MAP = 0.06833351029512058
2019-01-18 14:49:02,557 scale=[array([1.])]
2019-01-18 14:49:02,557 *** End Major Checkpoint

2019-01-18 14:49:02,558 21 loss=0.6427200635091613
2019-01-18 14:49:02,559 22 loss=0.6319411887182941
2019-01-18 14:49:02,561 23 loss=0.6215866156880053
2019-01-18 14:49:02,562 24 loss=0.6116342217669478
2019-01-18 14:49:02,563 25 loss=0.6020632664278577
2019-01-18 14:49:02,564 26 loss=0.5928542947338152
2019-01-18 14:49:02,565 27 loss=0.5839890476400439
2019-01-18 14:49:02,566 28 loss=0.575450378752525
2019-01-18 14:49:02,568 29 loss=0.5672221771488098
2019-01-18 14:49:02,569 30 loss=0.5592892958650081
2019-01-18 14:49:02,569 
*** Major Checkpoint. Computing Stats and Saving
2019-01-18 14:49:02,569 	 Computing Major Stats lazily... 
2019-01-18 14:49:02,573 		 Completed edges=1122 good=1122 bad=0
2019-01-18 14:49:02,579 Distortion avg=0.716707019158073 wc=36.92779889663726 me=1.476605008323229 mc=25.008582991717557 nan_elements=0
2019-01-18 14:49:02,579 MAP = 0.0706615913771844
2019-01-18 14:49:02,579 scale=[array([1.])]
2019-01-18 14:49:02,579 *** End Major Checkpoint

2019-01-18 14:49:02,580 31 loss=0.5516374856609412
2019-01-18 14:49:02,582 32 loss=0.5442533336894054
2019-01-18 14:49:02,583 33 loss=0.5371242067130506
2019-01-18 14:49:02,584 34 loss=0.5302381985319535
2019-01-18 14:49:02,585 35 loss=0.5235840813054272
2019-01-18 14:49:02,586 36 loss=0.5171512604722605
2019-01-18 14:49:02,588 37 loss=0.5109297329938723
2019-01-18 14:49:02,589 38 loss=0.5049100486645244
2019-01-18 14:49:02,590 39 loss=0.49908327425150595
2019-01-18 14:49:02,591 40 loss=0.493440960246008
2019-01-18 14:49:02,591 
*** Major Checkpoint. Computing Stats and Saving
2019-01-18 14:49:02,591 	 Computing Major Stats lazily... 
2019-01-18 14:49:02,596 		 Completed edges=1122 good=1122 bad=0
2019-01-18 14:49:02,601 Distortion avg=0.6703602993297613 wc=33.59550102971574 me=1.693462725519356 mc=19.838346911008966 nan_elements=0
2019-01-18 14:49:02,601 MAP = 0.07535819717901686
2019-01-18 14:49:02,601 scale=[array([1.])]
2019-01-18 14:49:02,601 *** End Major Checkpoint

2019-01-18 14:49:02,602 41 loss=0.4879751100221439
2019-01-18 14:49:02,604 42 loss=0.4826781512172589
2019-01-18 14:49:02,605 43 loss=0.4775429091612797
2019-01-18 14:49:02,606 44 loss=0.47256258219644975
2019-01-18 14:49:02,607 45 loss=0.4677307187413821
2019-01-18 14:49:02,608 46 loss=0.4630411959650078
2019-01-18 14:49:02,610 47 loss=0.45848819994675716
2019-01-18 14:49:02,611 48 loss=0.4540662072092245
2019-01-18 14:49:02,612 49 loss=0.4497699675186985
2019-01-18 14:49:02,613 50 loss=0.4455944878573502
2019-01-18 14:49:02,613 
*** Major Checkpoint. Computing Stats and Saving
2019-01-18 14:49:02,613 	 Computing Major Stats lazily... 
2019-01-18 14:49:02,618 		 Completed edges=1122 good=1122 bad=0
2019-01-18 14:49:02,623 Distortion avg=0.6334205169897934 wc=30.64292417892586 me=1.8405653312964965 mc=16.64864792239727 nan_elements=0
2019-01-18 14:49:02,623 MAP = 0.07995143526019104
2019-01-18 14:49:02,623 scale=[array([1.])]
2019-01-18 14:49:02,623 *** End Major Checkpoint

2019-01-18 14:49:02,623 final loss=0.4455944878573502
2019-01-18 14:49:02,623 best loss=0.4455944878573502, distortion=0.6334205169897934, map=0.07995143526019104, wc_dist=30.64292417892586
2019-01-18 14:49:02,623 	 Computing Major Stats lazily... 
2019-01-18 14:49:02,628 		 Completed edges=1122 good=1122 bad=0
2019-01-18 14:49:02,633 Distortion avg=0.6334205169897932 wc=30.64292417892586 me=1.8405653312964965 mc=16.64864792239727 nan_elements=0
2019-01-18 14:49:02,633 MAP = 0.07995143526019105
2019-01-18 14:49:02,633 scale=[array([1.])]
