2019-01-18 15:08:19,497 Commandline ['pytorch/pytorch_hyperbolic.py', 'learn', 'data/edges/parsing/ewt/ewt_dev/500.edges', '--dim', '0', '--hyp', '0', '--edim', '10', '--euc', '1', '--sdim', '0', '--sph', '0', '--log-name', 'ewt_devr2/500.edges.E10-1.lr1.log', '--batch-size', '65536', '--epochs', '50', '--checkpoint-freq', '10', '-g', '--subsample', '1024', '--learning-rate', '1']
2019-01-18 15:08:19,497 No Model Save selected!
2019-01-18 15:08:19,500 Loaded Graph data/edges/parsing/ewt/ewt_dev/500.edges with 36 nodes scale=1.0
2019-01-18 15:08:19,500 Building dataset
2019-01-18 15:08:19,500 Subsample: 36 points with scale 1.0 subsample=35
2019-01-18 15:08:19,557 Built Data Sampler
2019-01-18 15:08:19,557 Creating a fresh model warm_start?=None
2019-01-18 15:08:19,558 	 Warmstarting? None None 36
2019-01-18 15:08:19,558 Embedding() torch.Size([36, 10])
2019-01-18 15:08:19,558 relative No Rescale
2019-01-18 15:08:19,558 Constructed model with dim=0 and epochs=0 isnan=False
2019-01-18 15:08:19,559 SGD (
Parameter Group 0
    dampening: 0
    initial_lr: 0.1
    lr: 1.0
    momentum: 0.0
    nesterov: False
    weight_decay: 0

Parameter Group 1
    dampening: 0
    initial_lr: 0.1
    lr: 1.0
    momentum: 0.0
    nesterov: False
    weight_decay: 0

Parameter Group 2
    dampening: 0
    initial_lr: 0.1
    lr: 1.0
    momentum: 0.0
    nesterov: False
    weight_decay: 0

Parameter Group 3
    dampening: 0
    initial_lr: 0.0001
    lr: 0.001
    momentum: 0.0
    nesterov: False
    weight_decay: 0
)
2019-01-18 15:08:19,559 *** Initial Checkpoint. Computing Stats
2019-01-18 15:08:19,559 	 Computing Major Stats lazily... 
2019-01-18 15:08:19,564 		 Completed edges=1260 good=1260 bad=0
2019-01-18 15:08:19,570 Distortion avg=0.9985896876168522 wc=16.244692809794 me=0.005782055204075799 mc=2809.5015070667323 nan_elements=0
2019-01-18 15:08:19,570 MAP = 0.12812340025292246
2019-01-18 15:08:19,571 scale=[array([1.])]
2019-01-18 15:08:19,571 *** End Initial Checkpoint

2019-01-18 15:08:19,629 1 loss=0.997182182348208
2019-01-18 15:08:19,630 2 loss=0.9711469097931731
2019-01-18 15:08:19,632 3 loss=0.945506783257237
2019-01-18 15:08:19,633 4 loss=0.9208943921576217
2019-01-18 15:08:19,634 5 loss=0.897353057878281
2019-01-18 15:08:19,636 6 loss=0.8748589333128
2019-01-18 15:08:19,637 7 loss=0.853370547360349
2019-01-18 15:08:19,638 8 loss=0.8328410393648219
2019-01-18 15:08:19,639 9 loss=0.8132224886460803
2019-01-18 15:08:19,641 10 loss=0.7944677439146207
2019-01-18 15:08:19,641 
*** Major Checkpoint. Computing Stats and Saving
2019-01-18 15:08:19,641 	 Computing Major Stats lazily... 
2019-01-18 15:08:19,646 		 Completed edges=1260 good=1260 bad=0
2019-01-18 15:08:19,651 Distortion avg=0.8753496858318497 wc=27.95663192690107 me=0.7111723424649288 mc=39.31062874296148 nan_elements=0
2019-01-18 15:08:19,651 MAP = 0.05624158998357731
2019-01-18 15:08:19,652 scale=[array([1.])]
2019-01-18 15:08:19,652 *** End Major Checkpoint

2019-01-18 15:08:19,653 11 loss=0.7765312628923335
2019-01-18 15:08:19,654 12 loss=0.7593695001407905
2019-01-18 15:08:19,656 13 loss=0.7429410682238085
2019-01-18 15:08:19,657 14 loss=0.7272067778668173
2019-01-18 15:08:19,658 15 loss=0.7121296111169095
2019-01-18 15:08:19,659 16 loss=0.6976746569457293
2019-01-18 15:08:19,661 17 loss=0.6838090261535551
2019-01-18 15:08:19,662 18 loss=0.6705017555869688
2019-01-18 15:08:19,663 19 loss=0.6577237077716132
2019-01-18 15:08:19,665 20 loss=0.6454474697361685
2019-01-18 15:08:19,665 
*** Major Checkpoint. Computing Stats and Saving
2019-01-18 15:08:19,665 	 Computing Major Stats lazily... 
2019-01-18 15:08:19,670 		 Completed edges=1260 good=1260 bad=0
2019-01-18 15:08:19,675 Distortion avg=0.7773964130548896 wc=25.889218584398044 me=1.1650353668083226 mc=22.22183061731676 nan_elements=0
2019-01-18 15:08:19,675 MAP = 0.055212174710718515
2019-01-18 15:08:19,675 scale=[array([1.])]
2019-01-18 15:08:19,675 *** End Major Checkpoint

2019-01-18 15:08:19,677 21 loss=0.6336472533751344
2019-01-18 15:08:19,678 22 loss=0.6222987987969527
2019-01-18 15:08:19,679 23 loss=0.611379281523721
2019-01-18 15:08:19,680 24 loss=0.6008672240292721
2019-01-18 15:08:19,682 25 loss=0.590742411851644
2019-01-18 15:08:19,683 26 loss=0.5809858143496012
2019-01-18 15:08:19,684 27 loss=0.5715795100626484
2019-01-18 15:08:19,686 28 loss=0.5625066165618204
2019-01-18 15:08:19,687 29 loss=0.5537512246323317
2019-01-18 15:08:19,688 30 loss=0.5452983366008923
2019-01-18 15:08:19,688 
*** Major Checkpoint. Computing Stats and Saving
2019-01-18 15:08:19,688 	 Computing Major Stats lazily... 
2019-01-18 15:08:19,693 		 Completed edges=1260 good=1260 bad=0
2019-01-18 15:08:19,698 Distortion avg=0.7079159341601378 wc=22.832675356804017 me=1.437527807295427 mc=15.883292998527482 nan_elements=0
2019-01-18 15:08:19,698 MAP = 0.05638179118921279
2019-01-18 15:08:19,699 scale=[array([1.])]
2019-01-18 15:08:19,699 *** End Major Checkpoint

2019-01-18 15:08:19,700 31 loss=0.5371338086046659
2019-01-18 15:08:19,701 32 loss=0.5292442965916012
2019-01-18 15:08:19,703 33 loss=0.5216172058406325
2019-01-18 15:08:19,704 34 loss=0.5142406437930668
2019-01-18 15:08:19,705 35 loss=0.5071033759920957
2019-01-18 15:08:19,706 36 loss=0.5001947849347974
2019-01-18 15:08:19,708 37 loss=0.49350483164954456
2019-01-18 15:08:19,709 38 loss=0.4870240198209679
2019-01-18 15:08:19,710 39 loss=0.4807433622941301
2019-01-18 15:08:19,711 40 loss=0.4746543497991321
2019-01-18 15:08:19,712 
*** Major Checkpoint. Computing Stats and Saving
2019-01-18 15:08:19,712 	 Computing Major Stats lazily... 
2019-01-18 15:08:19,716 		 Completed edges=1260 good=1260 bad=0
2019-01-18 15:08:19,722 Distortion avg=0.659840213333969 wc=19.915547372894412 me=1.5908912664831245 mc=12.51848431912029 nan_elements=0
2019-01-18 15:08:19,722 MAP = 0.05981012753775436
2019-01-18 15:08:19,722 scale=[array([1.])]
2019-01-18 15:08:19,722 *** End Major Checkpoint

2019-01-18 15:08:19,724 41 loss=0.4687489217468328
2019-01-18 15:08:19,725 42 loss=0.4630194389555545
2019-01-18 15:08:19,726 43 loss=0.45745865817753145
2019-01-18 15:08:19,728 44 loss=0.45205970830235725
2019-01-18 15:08:19,729 45 loss=0.44681606812277663
2019-01-18 15:08:19,730 46 loss=0.44172154555583526
2019-01-18 15:08:19,731 47 loss=0.43677025821963333
2019-01-18 15:08:19,733 48 loss=0.4319566152727372
2019-01-18 15:08:19,734 49 loss=0.42727530042969936
2019-01-18 15:08:19,736 50 loss=0.4227212560721178
2019-01-18 15:08:19,736 
*** Major Checkpoint. Computing Stats and Saving
2019-01-18 15:08:19,736 	 Computing Major Stats lazily... 
2019-01-18 15:08:19,741 		 Completed edges=1260 good=1260 bad=0
2019-01-18 15:08:19,746 Distortion avg=0.6209854171371535 wc=17.354057000297697 me=1.666594588400737 mc=10.412884525774585 nan_elements=0
2019-01-18 15:08:19,747 MAP = 0.06358478636973783
2019-01-18 15:08:19,747 scale=[array([1.])]
2019-01-18 15:08:19,747 *** End Major Checkpoint

2019-01-18 15:08:19,747 final loss=0.4227212560721178
2019-01-18 15:08:19,747 best loss=0.4227212560721178, distortion=0.6209854171371535, map=0.06358478636973783, wc_dist=17.354057000297697
2019-01-18 15:08:19,747 	 Computing Major Stats lazily... 
2019-01-18 15:08:19,752 		 Completed edges=1260 good=1260 bad=0
2019-01-18 15:08:19,758 Distortion avg=0.6209854171371526 wc=17.354057000297697 me=1.666594588400737 mc=10.412884525774585 nan_elements=0
2019-01-18 15:08:19,758 MAP = 0.06358478636973784
2019-01-18 15:08:19,758 scale=[array([1.])]
