2019-01-18 14:53:41,836 Commandline ['pytorch/pytorch_hyperbolic.py', 'learn', 'data/edges/parsing/ewt/ewt_dev/504.edges', '--dim', '0', '--hyp', '0', '--edim', '10', '--euc', '1', '--sdim', '0', '--sph', '0', '--log-name', 'ewt_devr2/504.edges.E10-1.lr1.log', '--batch-size', '65536', '--epochs', '50', '--checkpoint-freq', '10', '-g', '--subsample', '1024', '--learning-rate', '1']
2019-01-18 14:53:41,837 No Model Save selected!
2019-01-18 14:53:41,838 Loaded Graph data/edges/parsing/ewt/ewt_dev/504.edges with 11 nodes scale=1.0
2019-01-18 14:53:41,838 Building dataset
2019-01-18 14:53:41,839 Subsample: 11 points with scale 1.0 subsample=10
2019-01-18 14:53:41,847 Built Data Sampler
2019-01-18 14:53:41,847 Creating a fresh model warm_start?=None
2019-01-18 14:53:41,848 	 Warmstarting? None None 11
2019-01-18 14:53:41,848 Embedding() torch.Size([11, 10])
2019-01-18 14:53:41,848 relative No Rescale
2019-01-18 14:53:41,849 Constructed model with dim=0 and epochs=0 isnan=False
2019-01-18 14:53:41,849 SGD (
Parameter Group 0
    dampening: 0
    initial_lr: 0.1
    lr: 1.0
    momentum: 0.0
    nesterov: False
    weight_decay: 0

Parameter Group 1
    dampening: 0
    initial_lr: 0.1
    lr: 1.0
    momentum: 0.0
    nesterov: False
    weight_decay: 0

Parameter Group 2
    dampening: 0
    initial_lr: 0.1
    lr: 1.0
    momentum: 0.0
    nesterov: False
    weight_decay: 0

Parameter Group 3
    dampening: 0
    initial_lr: 0.0001
    lr: 0.001
    momentum: 0.0
    nesterov: False
    weight_decay: 0
)
2019-01-18 14:53:41,849 *** Initial Checkpoint. Computing Stats
2019-01-18 14:53:41,849 	 Computing Major Stats lazily... 
2019-01-18 14:53:41,850 		 Completed edges=110 good=110 bad=0
2019-01-18 14:53:41,852 Distortion avg=0.9978394383726801 wc=6.567807190360363 me=0.005941110731069004 mc=1105.4847296506448 nan_elements=0
2019-01-18 14:53:41,852 MAP = 0.32788600288600295
2019-01-18 14:53:41,852 scale=[array([1.])]
2019-01-18 14:53:41,852 *** End Initial Checkpoint

2019-01-18 14:53:41,909 1 loss=0.9956850091181624
2019-01-18 14:53:41,909 2 loss=0.8059724249008778
2019-01-18 14:53:41,910 3 loss=0.6664385840944825
2019-01-18 14:53:41,911 4 loss=0.5686289609455476
2019-01-18 14:53:41,911 5 loss=0.4985639024917265
2019-01-18 14:53:41,912 6 loss=0.44667439929961944
2019-01-18 14:53:41,912 7 loss=0.40680055449527286
2019-01-18 14:53:41,913 8 loss=0.3750252611119898
2019-01-18 14:53:41,913 9 loss=0.34885399987661414
2019-01-18 14:53:41,914 10 loss=0.32668454661534957
2019-01-18 14:53:41,914 
*** Major Checkpoint. Computing Stats and Saving
2019-01-18 14:53:41,914 	 Computing Major Stats lazily... 
2019-01-18 14:53:41,914 		 Completed edges=110 good=110 bad=0
2019-01-18 14:53:41,916 Distortion avg=0.5180056648672461 wc=6.395996588659106 me=1.3723948775760126 mc=4.660463758037345 nan_elements=0
2019-01-18 14:53:41,916 MAP = 0.24751984126984128
2019-01-18 14:53:41,917 scale=[array([1.])]
2019-01-18 14:53:41,917 *** End Major Checkpoint

2019-01-18 14:53:41,917 11 loss=0.30747321142861844
2019-01-18 14:53:41,918 12 loss=0.2905268567501733
2019-01-18 14:53:41,918 13 loss=0.2753736915666254
2019-01-18 14:53:41,919 14 loss=0.2616829804646108
2019-01-18 14:53:41,919 15 loss=0.24921504197015895
2019-01-18 14:53:41,920 16 loss=0.23779000511702017
2019-01-18 14:53:41,920 17 loss=0.22726819939758752
2019-01-18 14:53:41,921 18 loss=0.21753777119899378
2019-01-18 14:53:41,921 19 loss=0.2085067939705629
2019-01-18 14:53:41,922 20 loss=0.20009817263256402
2019-01-18 14:53:41,922 
*** Major Checkpoint. Computing Stats and Saving
2019-01-18 14:53:41,922 	 Computing Major Stats lazily... 
2019-01-18 14:53:41,923 		 Completed edges=110 good=110 bad=0
2019-01-18 14:53:41,924 Distortion avg=0.406109924424687 wc=4.552865728891365 me=1.4565584517853931 mc=3.1257693251586556 nan_elements=0
2019-01-18 14:53:41,924 MAP = 0.4067640692640692
2019-01-18 14:53:41,925 scale=[array([1.])]
2019-01-18 14:53:41,925 *** End Major Checkpoint

2019-01-18 14:53:41,925 21 loss=0.1922462831877243
2019-01-18 14:53:41,926 22 loss=0.1848946876935842
2019-01-18 14:53:41,926 23 loss=0.17799451500874405
2019-01-18 14:53:41,927 24 loss=0.17150325528883267
2019-01-18 14:53:41,927 25 loss=0.16538381548319392
2019-01-18 14:53:41,928 26 loss=0.15960374528464763
2019-01-18 14:53:41,928 27 loss=0.15413458137108363
2019-01-18 14:53:41,929 28 loss=0.1489512807968119
2019-01-18 14:53:41,929 29 loss=0.14403172754837862
2019-01-18 14:53:41,930 30 loss=0.13935630323422293
2019-01-18 14:53:41,930 
*** Major Checkpoint. Computing Stats and Saving
2019-01-18 14:53:41,930 	 Computing Major Stats lazily... 
2019-01-18 14:53:41,931 		 Completed edges=110 good=110 bad=0
2019-01-18 14:53:41,932 Distortion avg=0.32823526585463947 wc=3.90527529407048 me=1.4545339785533113 mc=2.6848979478325363 nan_elements=0
2019-01-18 14:53:41,932 MAP = 0.8640151515151515
2019-01-18 14:53:41,933 scale=[array([1.])]
2019-01-18 14:53:41,933 *** End Major Checkpoint

2019-01-18 14:53:41,933 31 loss=0.13490751608954182
2019-01-18 14:53:41,934 32 loss=0.13066968359013084
2019-01-18 14:53:41,934 33 loss=0.126628664050314
2019-01-18 14:53:41,935 34 loss=0.12277163228909051
2019-01-18 14:53:41,935 35 loss=0.11908689415558475
2019-01-18 14:53:41,936 36 loss=0.11556373458475233
2019-01-18 14:53:41,936 37 loss=0.11219229395840717
2019-01-18 14:53:41,937 38 loss=0.10896346785590717
2019-01-18 14:53:41,937 39 loss=0.10586882574101719
2019-01-18 14:53:41,938 40 loss=0.1029005446852866
2019-01-18 14:53:41,938 
*** Major Checkpoint. Computing Stats and Saving
2019-01-18 14:53:41,938 	 Computing Major Stats lazily... 
2019-01-18 14:53:41,939 		 Completed edges=110 good=110 bad=0
2019-01-18 14:53:41,940 Distortion avg=0.2763488594380806 wc=3.41546902683482 me=1.409585585976593 mc=2.423030613262483 nan_elements=0
2019-01-18 14:53:41,940 MAP = 0.990909090909091
2019-01-18 14:53:41,941 scale=[array([1.])]
2019-01-18 14:53:41,941 *** End Major Checkpoint

2019-01-18 14:53:41,941 41 loss=0.1000513548173286
2019-01-18 14:53:41,942 42 loss=0.09731449376677433
2019-01-18 14:53:41,942 43 loss=0.09468366790986925
2019-01-18 14:53:41,943 44 loss=0.0921530187016202
2019-01-18 14:53:41,943 45 loss=0.08971709278825875
2019-01-18 14:53:41,944 46 loss=0.08737081493231873
2019-01-18 14:53:41,944 47 loss=0.08510946305469093
2019-01-18 14:53:41,945 48 loss=0.08292864491049634
2019-01-18 14:53:41,945 49 loss=0.08082427607680605
2019-01-18 14:53:41,946 50 loss=0.07879255904876169
2019-01-18 14:53:41,946 
*** Major Checkpoint. Computing Stats and Saving
2019-01-18 14:53:41,946 	 Computing Major Stats lazily... 
2019-01-18 14:53:41,947 		 Completed edges=110 good=110 bad=0
2019-01-18 14:53:41,948 Distortion avg=0.2380461294666919 wc=3.0067958201563214 me=1.3581813792741466 mc=2.2138396726976515 nan_elements=0
2019-01-18 14:53:41,948 MAP = 1.0
2019-01-18 14:53:41,949 scale=[array([1.])]
2019-01-18 14:53:41,949 *** End Major Checkpoint

2019-01-18 14:53:41,949 final loss=0.07879255904876169
2019-01-18 14:53:41,949 best loss=0.07879255904876169, distortion=0.2380461294666919, map=1.0, wc_dist=3.0067958201563214
2019-01-18 14:53:41,949 	 Computing Major Stats lazily... 
2019-01-18 14:53:41,949 		 Completed edges=110 good=110 bad=0
2019-01-18 14:53:41,951 Distortion avg=0.23804612946669187 wc=3.0067958201563214 me=1.3581813792741466 mc=2.2138396726976515 nan_elements=0
2019-01-18 14:53:41,951 MAP = 1.0
2019-01-18 14:53:41,951 scale=[array([1.])]
