2019-01-18 15:09:50,564 Commandline ['pytorch/pytorch_hyperbolic.py', 'learn', 'data/edges/parsing/ewt/ewt_dev/505.edges', '--dim', '0', '--hyp', '0', '--edim', '10', '--euc', '1', '--sdim', '0', '--sph', '0', '--log-name', 'ewt_devr2/505.edges.E10-1.lr1.log', '--batch-size', '65536', '--epochs', '50', '--checkpoint-freq', '10', '-g', '--subsample', '1024', '--learning-rate', '1']
2019-01-18 15:09:50,564 No Model Save selected!
2019-01-18 15:09:50,566 Loaded Graph data/edges/parsing/ewt/ewt_dev/505.edges with 16 nodes scale=1.0
2019-01-18 15:09:50,566 Building dataset
2019-01-18 15:09:50,566 Subsample: 16 points with scale 1.0 subsample=15
2019-01-18 15:09:50,581 Built Data Sampler
2019-01-18 15:09:50,581 Creating a fresh model warm_start?=None
2019-01-18 15:09:50,581 	 Warmstarting? None None 16
2019-01-18 15:09:50,582 Embedding() torch.Size([16, 10])
2019-01-18 15:09:50,582 relative No Rescale
2019-01-18 15:09:50,582 Constructed model with dim=0 and epochs=0 isnan=False
2019-01-18 15:09:50,583 SGD (
Parameter Group 0
    dampening: 0
    initial_lr: 0.1
    lr: 1.0
    momentum: 0.0
    nesterov: False
    weight_decay: 0

Parameter Group 1
    dampening: 0
    initial_lr: 0.1
    lr: 1.0
    momentum: 0.0
    nesterov: False
    weight_decay: 0

Parameter Group 2
    dampening: 0
    initial_lr: 0.1
    lr: 1.0
    momentum: 0.0
    nesterov: False
    weight_decay: 0

Parameter Group 3
    dampening: 0
    initial_lr: 0.0001
    lr: 0.001
    momentum: 0.0
    nesterov: False
    weight_decay: 0
)
2019-01-18 15:09:50,583 *** Initial Checkpoint. Computing Stats
2019-01-18 15:09:50,583 	 Computing Major Stats lazily... 
2019-01-18 15:09:50,585 		 Completed edges=240 good=240 bad=0
2019-01-18 15:09:50,587 Distortion avg=0.9981378899349168 wc=11.744772230236984 me=0.005941110731069004 mc=1976.8647247757503 nan_elements=0
2019-01-18 15:09:50,587 MAP = 0.23528308497058498
2019-01-18 15:09:50,588 scale=[array([1.])]
2019-01-18 15:09:50,588 *** End Initial Checkpoint

2019-01-18 15:09:50,647 1 loss=0.9962805284565478
2019-01-18 15:09:50,648 2 loss=0.8958249910024342
2019-01-18 15:09:50,648 3 loss=0.8084446877752892
2019-01-18 15:09:50,649 4 loss=0.7354677441328735
2019-01-18 15:09:50,650 5 loss=0.674492135461159
2019-01-18 15:09:50,650 6 loss=0.6232532812071895
2019-01-18 15:09:50,651 7 loss=0.5798760383676115
2019-01-18 15:09:50,652 8 loss=0.5428534062709572
2019-01-18 15:09:50,652 9 loss=0.5109860137546117
2019-01-18 15:09:50,653 10 loss=0.4833220986317906
2019-01-18 15:09:50,653 
*** Major Checkpoint. Computing Stats and Saving
2019-01-18 15:09:50,653 	 Computing Major Stats lazily... 
2019-01-18 15:09:50,654 		 Completed edges=240 good=240 bad=0
2019-01-18 15:09:50,657 Distortion avg=0.6353360658931019 wc=16.984355336666805 me=1.1596324285958401 mc=14.646326644411443 nan_elements=0
2019-01-18 15:09:50,657 MAP = 0.13958080114330115
2019-01-18 15:09:50,657 scale=[array([1.])]
2019-01-18 15:09:50,657 *** End Major Checkpoint

2019-01-18 15:09:50,658 11 loss=0.4591062285320796
2019-01-18 15:09:50,658 12 loss=0.43773762329963845
2019-01-18 15:09:50,659 13 loss=0.4187370060512711
2019-01-18 15:09:50,660 14 loss=0.40172051432423744
2019-01-18 15:09:50,660 15 loss=0.38637927647541176
2019-01-18 15:09:50,661 16 loss=0.3724634629549194
2019-01-18 15:09:50,662 17 loss=0.3597698421605448
2019-01-18 15:09:50,662 18 loss=0.34813206817438924
2019-01-18 15:09:50,663 19 loss=0.3374130929345022
2019-01-18 15:09:50,663 20 loss=0.32749922886384625
2019-01-18 15:09:50,664 
*** Major Checkpoint. Computing Stats and Saving
2019-01-18 15:09:50,664 	 Computing Major Stats lazily... 
2019-01-18 15:09:50,665 		 Completed edges=240 good=240 bad=0
2019-01-18 15:09:50,667 Distortion avg=0.5328329475723182 wc=13.795489412946884 me=1.5197527895804546 mc=9.077456220202293 nan_elements=0
2019-01-18 15:09:50,667 MAP = 0.1707308316683317
2019-01-18 15:09:50,668 scale=[array([1.])]
2019-01-18 15:09:50,668 *** End Major Checkpoint

2019-01-18 15:09:50,668 21 loss=0.3182954937255171
2019-01-18 15:09:50,669 22 loss=0.3097219523089994
2019-01-18 15:09:50,669 23 loss=0.30171083399326737
2019-01-18 15:09:50,670 24 loss=0.29420425515215426
2019-01-18 15:09:50,671 25 loss=0.28715241394285046
2019-01-18 15:09:50,671 26 loss=0.2805121547905028
2019-01-18 15:09:50,672 27 loss=0.27424582285147675
2019-01-18 15:09:50,673 28 loss=0.26832034646469327
2019-01-18 15:09:50,673 29 loss=0.26270649929263634
2019-01-18 15:09:50,674 30 loss=0.2573783044427282
2019-01-18 15:09:50,674 
*** Major Checkpoint. Computing Stats and Saving
2019-01-18 15:09:50,674 	 Computing Major Stats lazily... 
2019-01-18 15:09:50,675 		 Completed edges=240 good=240 bad=0
2019-01-18 15:09:50,678 Distortion avg=0.4642217512621446 wc=11.603944322469413 me=1.6421642263043525 mc=7.066250827168355 nan_elements=0
2019-01-18 15:09:50,678 MAP = 0.2688897907647908
2019-01-18 15:09:50,678 scale=[array([1.])]
2019-01-18 15:09:50,678 *** End Major Checkpoint

2019-01-18 15:09:50,679 31 loss=0.25231255106208106
2019-01-18 15:09:50,680 32 loss=0.2474884002640437
2019-01-18 15:09:50,680 33 loss=0.2428870621951438
2019-01-18 15:09:50,681 34 loss=0.23849152990933956
2019-01-18 15:09:50,682 35 loss=0.23428635873092776
2019-01-18 15:09:50,682 36 loss=0.230257482148372
2019-01-18 15:09:50,683 37 loss=0.2263920571349862
2019-01-18 15:09:50,684 38 loss=0.22267833325141895
2019-01-18 15:09:50,685 39 loss=0.2191055410360193
2019-01-18 15:09:50,685 40 loss=0.21566379609947767
2019-01-18 15:09:50,686 
*** Major Checkpoint. Computing Stats and Saving
2019-01-18 15:09:50,686 	 Computing Major Stats lazily... 
2019-01-18 15:09:50,687 		 Completed edges=240 good=240 bad=0
2019-01-18 15:09:50,689 Distortion avg=0.41322188340613536 wc=10.215641854048823 me=1.727352181883213 mc=5.914046921752467 nan_elements=0
2019-01-18 15:09:50,689 MAP = 0.39098554223554216
2019-01-18 15:09:50,690 scale=[array([1.])]
2019-01-18 15:09:50,690 *** End Major Checkpoint

2019-01-18 15:09:50,690 41 loss=0.21234401606155565
2019-01-18 15:09:50,691 42 loss=0.2091378480405492
2019-01-18 15:09:50,691 43 loss=0.20603760486176045
2019-01-18 15:09:50,692 44 loss=0.203036208514184
2019-01-18 15:09:50,693 45 loss=0.20012713967403423
2019-01-18 15:09:50,693 46 loss=0.19730439234474198
2019-01-18 15:09:50,694 47 loss=0.19456243284750213
2019-01-18 15:09:50,695 48 loss=0.19189616254378414
2019-01-18 15:09:50,695 49 loss=0.18930088378886203
2019-01-18 15:09:50,696 50 loss=0.18677226870933486
2019-01-18 15:09:50,696 
*** Major Checkpoint. Computing Stats and Saving
2019-01-18 15:09:50,696 	 Computing Major Stats lazily... 
2019-01-18 15:09:50,697 		 Completed edges=240 good=240 bad=0
2019-01-18 15:09:50,700 Distortion avg=0.3782950639844688 wc=8.97501765967965 me=1.755659638296193 mc=5.1120487501720975 nan_elements=0
2019-01-18 15:09:50,700 MAP = 0.5667741402116401
2019-01-18 15:09:50,700 scale=[array([1.])]
2019-01-18 15:09:50,700 *** End Major Checkpoint

2019-01-18 15:09:50,700 final loss=0.18677226870933486
2019-01-18 15:09:50,700 best loss=0.18677226870933486, distortion=0.3782950639844688, map=0.5667741402116401, wc_dist=8.97501765967965
2019-01-18 15:09:50,700 	 Computing Major Stats lazily... 
2019-01-18 15:09:50,701 		 Completed edges=240 good=240 bad=0
2019-01-18 15:09:50,704 Distortion avg=0.3782950639844686 wc=8.97501765967965 me=1.755659638296193 mc=5.1120487501720975 nan_elements=0
2019-01-18 15:09:50,704 MAP = 0.5667741402116402
2019-01-18 15:09:50,704 scale=[array([1.])]
