2019-01-18 14:54:54,005 Commandline ['pytorch/pytorch_hyperbolic.py', 'learn', 'data/edges/parsing/ewt/ewt_dev/508.edges', '--dim', '0', '--hyp', '0', '--edim', '10', '--euc', '1', '--sdim', '0', '--sph', '0', '--log-name', 'ewt_devr2/508.edges.E10-1.lr1.log', '--batch-size', '65536', '--epochs', '50', '--checkpoint-freq', '10', '-g', '--subsample', '1024', '--learning-rate', '1']
2019-01-18 14:54:54,005 No Model Save selected!
2019-01-18 14:54:54,006 Loaded Graph data/edges/parsing/ewt/ewt_dev/508.edges with 18 nodes scale=1.0
2019-01-18 14:54:54,006 Building dataset
2019-01-18 14:54:54,007 Subsample: 18 points with scale 1.0 subsample=17
2019-01-18 14:54:54,025 Built Data Sampler
2019-01-18 14:54:54,025 Creating a fresh model warm_start?=None
2019-01-18 14:54:54,025 	 Warmstarting? None None 18
2019-01-18 14:54:54,026 Embedding() torch.Size([18, 10])
2019-01-18 14:54:54,026 relative No Rescale
2019-01-18 14:54:54,026 Constructed model with dim=0 and epochs=0 isnan=False
2019-01-18 14:54:54,026 SGD (
Parameter Group 0
    dampening: 0
    initial_lr: 0.1
    lr: 1.0
    momentum: 0.0
    nesterov: False
    weight_decay: 0

Parameter Group 1
    dampening: 0
    initial_lr: 0.1
    lr: 1.0
    momentum: 0.0
    nesterov: False
    weight_decay: 0

Parameter Group 2
    dampening: 0
    initial_lr: 0.1
    lr: 1.0
    momentum: 0.0
    nesterov: False
    weight_decay: 0

Parameter Group 3
    dampening: 0
    initial_lr: 0.0001
    lr: 0.001
    momentum: 0.0
    nesterov: False
    weight_decay: 0
)
2019-01-18 14:54:54,027 *** Initial Checkpoint. Computing Stats
2019-01-18 14:54:54,027 	 Computing Major Stats lazily... 
2019-01-18 14:54:54,028 		 Completed edges=306 good=306 bad=0
2019-01-18 14:54:54,031 Distortion avg=0.9982858225173243 wc=15.746296385270464 me=0.007220294729497291 mc=2180.838452610755 nan_elements=0
2019-01-18 14:54:54,031 MAP = 0.1522824319229548
2019-01-18 14:54:54,032 scale=[array([1.])]
2019-01-18 14:54:54,032 *** End Initial Checkpoint

2019-01-18 14:54:54,090 1 loss=0.9965763124282895
2019-01-18 14:54:54,091 2 loss=0.9222965297529095
2019-01-18 14:54:54,091 3 loss=0.8562106356571263
2019-01-18 14:54:54,092 4 loss=0.7988586384431116
2019-01-18 14:54:54,093 5 loss=0.7491146079487476
2019-01-18 14:54:54,093 6 loss=0.705873023307132
2019-01-18 14:54:54,094 7 loss=0.6681629618925903
2019-01-18 14:54:54,095 8 loss=0.6351542032613847
2019-01-18 14:54:54,095 9 loss=0.6061436302393816
2019-01-18 14:54:54,096 10 loss=0.5805380991253142
2019-01-18 14:54:54,096 
*** Major Checkpoint. Computing Stats and Saving
2019-01-18 14:54:54,096 	 Computing Major Stats lazily... 
2019-01-18 14:54:54,097 		 Completed edges=306 good=306 bad=0
2019-01-18 14:54:54,100 Distortion avg=0.7084632226275104 wc=17.79824891079444 me=1.1818553180570297 mc=15.059583553809924 nan_elements=0
2019-01-18 14:54:54,100 MAP = 0.09642334834736795
2019-01-18 14:54:54,101 scale=[array([1.])]
2019-01-18 14:54:54,101 *** End Major Checkpoint

2019-01-18 14:54:54,101 11 loss=0.557837972934759
2019-01-18 14:54:54,102 12 loss=0.5376224732975402
2019-01-18 14:54:54,103 13 loss=0.5195370579616623
2019-01-18 14:54:54,103 14 loss=0.5032827098849884
2019-01-18 14:54:54,104 15 loss=0.48860692211152507
2019-01-18 14:54:54,105 16 loss=0.4752961438912247
2019-01-18 14:54:54,105 17 loss=0.46316946668395365
2019-01-18 14:54:54,106 18 loss=0.45207335304835267
2019-01-18 14:54:54,107 19 loss=0.44187723820775243
2019-01-18 14:54:54,108 20 loss=0.43246985964607476
2019-01-18 14:54:54,108 
*** Major Checkpoint. Computing Stats and Saving
2019-01-18 14:54:54,108 	 Computing Major Stats lazily... 
2019-01-18 14:54:54,109 		 Completed edges=306 good=306 bad=0
2019-01-18 14:54:54,112 Distortion avg=0.6231099214781908 wc=13.477203471145943 me=1.4949678387341625 mc=9.015045756808739 nan_elements=0
2019-01-18 14:54:54,112 MAP = 0.10050080003511375
2019-01-18 14:54:54,112 scale=[array([1.])]
2019-01-18 14:54:54,112 *** End Major Checkpoint

2019-01-18 14:54:54,113 21 loss=0.42375619301302736
2019-01-18 14:54:54,114 22 loss=0.4156548925301119
2019-01-18 14:54:54,114 23 loss=0.40809615106542807
2019-01-18 14:54:54,115 24 loss=0.4010199093551286
2019-01-18 14:54:54,116 25 loss=0.3943743558245034
2019-01-18 14:54:54,116 26 loss=0.3881146684359992
2019-01-18 14:54:54,117 27 loss=0.3822019582740215
2019-01-18 14:54:54,118 28 loss=0.37660238144080593
2019-01-18 14:54:54,118 29 loss=0.3712863915202836
2019-01-18 14:54:54,119 30 loss=0.36622810956846874
2019-01-18 14:54:54,119 
*** Major Checkpoint. Computing Stats and Saving
2019-01-18 14:54:54,119 	 Computing Major Stats lazily... 
2019-01-18 14:54:54,121 		 Completed edges=306 good=306 bad=0
2019-01-18 14:54:54,123 Distortion avg=0.5744144507443661 wc=11.309158198083827 me=1.6333715178666413 mc=6.923812540122411 nan_elements=0
2019-01-18 14:54:54,124 MAP = 0.11401617445735093
2019-01-18 14:54:54,124 scale=[array([1.])]
2019-01-18 14:54:54,124 *** End Major Checkpoint

2019-01-18 14:54:54,125 31 loss=0.36140479247826685
2019-01-18 14:54:54,125 32 loss=0.3567963837846301
2019-01-18 14:54:54,126 33 loss=0.35238513363970797
2019-01-18 14:54:54,127 34 loss=0.34815527689393105
2019-01-18 14:54:54,127 35 loss=0.34409276004781636
2019-01-18 14:54:54,128 36 loss=0.3401850093566584
2019-01-18 14:54:54,129 37 loss=0.33642073363048697
2019-01-18 14:54:54,129 38 loss=0.3327897563194671
2019-01-18 14:54:54,130 39 loss=0.32928287234707854
2019-01-18 14:54:54,130 40 loss=0.32589172588026405
2019-01-18 14:54:54,131 
*** Major Checkpoint. Computing Stats and Saving
2019-01-18 14:54:54,131 	 Computing Major Stats lazily... 
2019-01-18 14:54:54,132 		 Completed edges=306 good=306 bad=0
2019-01-18 14:54:54,135 Distortion avg=0.5344963377638641 wc=10.325525866286487 me=1.7659813358258762 mc=5.84690543258639 nan_elements=0
2019-01-18 14:54:54,135 MAP = 0.14868910274547528
2019-01-18 14:54:54,135 scale=[array([1.])]
2019-01-18 14:54:54,135 *** End Major Checkpoint

2019-01-18 14:54:54,136 41 loss=0.32260870583221407
2019-01-18 14:54:54,137 42 loss=0.31942685640011875
2019-01-18 14:54:54,138 43 loss=0.3163398003640286
2019-01-18 14:54:54,139 44 loss=0.31334167322789747
2019-01-18 14:54:54,140 45 loss=0.310427066581501
2019-01-18 14:54:54,140 46 loss=0.30759097931177726
2019-01-18 14:54:54,141 47 loss=0.30482877550214876
2019-01-18 14:54:54,142 48 loss=0.3021361480350961
2019-01-18 14:54:54,142 49 loss=0.2995090870621286
2019-01-18 14:54:54,143 50 loss=0.2969438526308428
2019-01-18 14:54:54,143 
*** Major Checkpoint. Computing Stats and Saving
2019-01-18 14:54:54,143 	 Computing Major Stats lazily... 
2019-01-18 14:54:54,145 		 Completed edges=306 good=306 bad=0
2019-01-18 14:54:54,147 Distortion avg=0.5013266833876392 wc=9.70003977265135 me=1.8407907131352939 mc=5.269496256926422 nan_elements=0
2019-01-18 14:54:54,147 MAP = 0.18869242292444907
2019-01-18 14:54:54,148 scale=[array([1.])]
2019-01-18 14:54:54,148 *** End Major Checkpoint

2019-01-18 14:54:54,148 final loss=0.2969438526308428
2019-01-18 14:54:54,148 best loss=0.2969438526308428, distortion=0.5013266833876392, map=0.18869242292444907, wc_dist=9.70003977265135
2019-01-18 14:54:54,148 	 Computing Major Stats lazily... 
2019-01-18 14:54:54,149 		 Completed edges=306 good=306 bad=0
2019-01-18 14:54:54,152 Distortion avg=0.5013266833876391 wc=9.70003977265135 me=1.8407907131352939 mc=5.269496256926422 nan_elements=0
2019-01-18 14:54:54,152 MAP = 0.18869242292444907
2019-01-18 14:54:54,152 scale=[array([1.])]
