2019-01-18 14:44:36,490 Commandline ['pytorch/pytorch_hyperbolic.py', 'learn', 'data/edges/parsing/ewt/ewt_dev/512.edges', '--dim', '0', '--hyp', '0', '--edim', '10', '--euc', '1', '--sdim', '0', '--sph', '0', '--log-name', 'ewt_devr2/512.edges.E10-1.lr1.log', '--batch-size', '65536', '--epochs', '50', '--checkpoint-freq', '10', '-g', '--subsample', '1024', '--learning-rate', '1']
2019-01-18 14:44:36,490 No Model Save selected!
2019-01-18 14:44:36,492 Loaded Graph data/edges/parsing/ewt/ewt_dev/512.edges with 33 nodes scale=1.0
2019-01-18 14:44:36,492 Building dataset
2019-01-18 14:44:36,492 Subsample: 33 points with scale 1.0 subsample=32
2019-01-18 14:44:36,539 Built Data Sampler
2019-01-18 14:44:36,539 Creating a fresh model warm_start?=None
2019-01-18 14:44:36,539 	 Warmstarting? None None 33
2019-01-18 14:44:36,540 Embedding() torch.Size([33, 10])
2019-01-18 14:44:36,540 relative No Rescale
2019-01-18 14:44:36,540 Constructed model with dim=0 and epochs=0 isnan=False
2019-01-18 14:44:36,540 SGD (
Parameter Group 0
    dampening: 0
    initial_lr: 0.1
    lr: 1.0
    momentum: 0.0
    nesterov: False
    weight_decay: 0

Parameter Group 1
    dampening: 0
    initial_lr: 0.1
    lr: 1.0
    momentum: 0.0
    nesterov: False
    weight_decay: 0

Parameter Group 2
    dampening: 0
    initial_lr: 0.1
    lr: 1.0
    momentum: 0.0
    nesterov: False
    weight_decay: 0

Parameter Group 3
    dampening: 0
    initial_lr: 0.0001
    lr: 0.001
    momentum: 0.0
    nesterov: False
    weight_decay: 0
)
2019-01-18 14:44:36,540 *** Initial Checkpoint. Computing Stats
2019-01-18 14:44:36,540 	 Computing Major Stats lazily... 
2019-01-18 14:44:36,545 		 Completed edges=1056 good=1056 bad=0
2019-01-18 14:44:36,550 Distortion avg=0.9983553730329552 wc=12.787594475206182 me=0.005628252251848828 mc=2272.0364871715865 nan_elements=0
2019-01-18 14:44:36,550 MAP = 0.18167171870887477
2019-01-18 14:44:36,551 scale=[array([1.])]
2019-01-18 14:44:36,551 *** End Initial Checkpoint

2019-01-18 14:44:36,610 1 loss=0.9967142407774175
2019-01-18 14:44:36,611 2 loss=0.9615863274238334
2019-01-18 14:44:36,613 3 loss=0.9272968079626788
2019-01-18 14:44:36,614 4 loss=0.8948111706565118
2019-01-18 14:44:36,615 5 loss=0.8641456123697497
2019-01-18 14:44:36,616 6 loss=0.8352140689931895
2019-01-18 14:44:36,617 7 loss=0.8079102152509039
2019-01-18 14:44:36,618 8 loss=0.7821257963283463
2019-01-18 14:44:36,620 9 loss=0.7577564454926444
2019-01-18 14:44:36,621 10 loss=0.7347037525205808
2019-01-18 14:44:36,621 
*** Major Checkpoint. Computing Stats and Saving
2019-01-18 14:44:36,621 	 Computing Major Stats lazily... 
2019-01-18 14:44:36,626 		 Completed edges=1056 good=1056 bad=0
2019-01-18 14:44:36,631 Distortion avg=0.8357897501438889 wc=24.959593247661367 me=0.8521647884990283 mc=29.289632221984053 nan_elements=0
2019-01-18 14:44:36,631 MAP = 0.06553600124284814
2019-01-18 14:44:36,631 scale=[array([1.])]
2019-01-18 14:44:36,631 *** End Major Checkpoint

2019-01-18 14:44:36,632 11 loss=0.7128759210009563
2019-01-18 14:44:36,633 12 loss=0.6921878211461527
2019-01-18 14:44:36,635 13 loss=0.6725607667885365
2019-01-18 14:44:36,636 14 loss=0.6539221665217465
2019-01-18 14:44:36,637 15 loss=0.6362051228829468
2019-01-18 14:44:36,638 16 loss=0.6193480178194016
2019-01-18 14:44:36,640 17 loss=0.6032941047030965
2019-01-18 14:44:36,641 18 loss=0.5879911175734438
2019-01-18 14:44:36,642 19 loss=0.5733909029668184
2019-01-18 14:44:36,643 20 loss=0.5594490766537571
2019-01-18 14:44:36,643 
*** Major Checkpoint. Computing Stats and Saving
2019-01-18 14:44:36,643 	 Computing Major Stats lazily... 
2019-01-18 14:44:36,647 		 Completed edges=1056 good=1056 bad=0
2019-01-18 14:44:36,653 Distortion avg=0.7156107141057737 wc=21.35426158733181 me=1.3195361538369494 mc=16.183157638567046 nan_elements=0
2019-01-18 14:44:36,653 MAP = 0.06694289949967858
2019-01-18 14:44:36,653 scale=[array([1.])]
2019-01-18 14:44:36,653 *** End Major Checkpoint

2019-01-18 14:44:36,654 21 loss=0.5461247058443403
2019-01-18 14:44:36,655 22 loss=0.5333800164021615
2019-01-18 14:44:36,656 23 loss=0.5211801240278366
2019-01-18 14:44:36,658 24 loss=0.5094927880610994
2019-01-18 14:44:36,659 25 loss=0.49828818640317585
2019-01-18 14:44:36,660 26 loss=0.48753871001533117
2019-01-18 14:44:36,661 27 loss=0.4772187754660756
2019-01-18 14:44:36,663 28 loss=0.46730465405361726
2019-01-18 14:44:36,664 29 loss=0.4577743161058553
2019-01-18 14:44:36,665 30 loss=0.448607289147276
2019-01-18 14:44:36,665 
*** Major Checkpoint. Computing Stats and Saving
2019-01-18 14:44:36,665 	 Computing Major Stats lazily... 
2019-01-18 14:44:36,669 		 Completed edges=1056 good=1056 bad=0
2019-01-18 14:44:36,674 Distortion avg=0.638818039842882 wc=17.720215691334705 me=1.545247977615794 mc=11.467554688973427 nan_elements=0
2019-01-18 14:44:36,675 MAP = 0.07395130759636855
2019-01-18 14:44:36,675 scale=[array([1.])]
2019-01-18 14:44:36,675 *** End Major Checkpoint

2019-01-18 14:44:36,676 31 loss=0.4397845287138811
2019-01-18 14:44:36,677 32 loss=0.4312883006895346
2019-01-18 14:44:36,678 33 loss=0.4231020741271512
2019-01-18 14:44:36,680 34 loss=0.41521042360433075
2019-01-18 14:44:36,681 35 loss=0.40759894024444066
2019-01-18 14:44:36,682 36 loss=0.4002541506102447
2019-01-18 14:44:36,683 37 loss=0.3931634427478432
2019-01-18 14:44:36,684 38 loss=0.38631499872391456
2019-01-18 14:44:36,685 39 loss=0.3796977330592181
2019-01-18 14:44:36,687 40 loss=0.37330123651627023
2019-01-18 14:44:36,687 
*** Major Checkpoint. Computing Stats and Saving
2019-01-18 14:44:36,687 	 Computing Major Stats lazily... 
2019-01-18 14:44:36,691 		 Completed edges=1056 good=1056 bad=0
2019-01-18 14:44:36,696 Distortion avg=0.5805414219390389 wc=14.686497616453174 me=1.6320503370279669 mc=8.998801864897079 nan_elements=0
2019-01-18 14:44:36,696 MAP = 0.08658825230814483
2019-01-18 14:44:36,696 scale=[array([1.])]
2019-01-18 14:44:36,696 *** End Major Checkpoint

2019-01-18 14:44:36,698 41 loss=0.36711572474930526
2019-01-18 14:44:36,699 42 loss=0.36113199137043195
2019-01-18 14:44:36,700 43 loss=0.3553413650275637
2019-01-18 14:44:36,701 44 loss=0.3497356701276003
2019-01-18 14:44:36,702 45 loss=0.3443071908727342
2019-01-18 14:44:36,704 46 loss=0.3390486383089728
2019-01-18 14:44:36,705 47 loss=0.33395312011425565
2019-01-18 14:44:36,706 48 loss=0.32901411287918053
2019-01-18 14:44:36,707 49 loss=0.32422543665656006
2019-01-18 14:44:36,708 50 loss=0.3195812315770423
2019-01-18 14:44:36,708 
*** Major Checkpoint. Computing Stats and Saving
2019-01-18 14:44:36,708 	 Computing Major Stats lazily... 
2019-01-18 14:44:36,712 		 Completed edges=1056 good=1056 bad=0
2019-01-18 14:44:36,717 Distortion avg=0.5317691527236618 wc=12.763901693699827 me=1.7098938274940236 mc=7.464733475531795 nan_elements=0
2019-01-18 14:44:36,717 MAP = 0.10962726963363889
2019-01-18 14:44:36,718 scale=[array([1.])]
2019-01-18 14:44:36,718 *** End Major Checkpoint

2019-01-18 14:44:36,718 final loss=0.3195812315770423
2019-01-18 14:44:36,718 best loss=0.3195812315770423, distortion=0.5317691527236618, map=0.10962726963363889, wc_dist=12.763901693699827
2019-01-18 14:44:36,718 	 Computing Major Stats lazily... 
2019-01-18 14:44:36,722 		 Completed edges=1056 good=1056 bad=0
2019-01-18 14:44:36,727 Distortion avg=0.5317691527236621 wc=12.763901693699827 me=1.7098938274940236 mc=7.464733475531795 nan_elements=0
2019-01-18 14:44:36,727 MAP = 0.10962726963363888
2019-01-18 14:44:36,728 scale=[array([1.])]
