2019-01-18 14:47:18,478 Commandline ['pytorch/pytorch_hyperbolic.py', 'learn', 'data/edges/parsing/ewt/ewt_dev/515.edges', '--dim', '0', '--hyp', '0', '--edim', '10', '--euc', '1', '--sdim', '0', '--sph', '0', '--log-name', 'ewt_devr2/515.edges.E10-1.lr1.log', '--batch-size', '65536', '--epochs', '50', '--checkpoint-freq', '10', '-g', '--subsample', '1024', '--learning-rate', '1']
2019-01-18 14:47:18,478 No Model Save selected!
2019-01-18 14:47:18,480 Loaded Graph data/edges/parsing/ewt/ewt_dev/515.edges with 64 nodes scale=1.0
2019-01-18 14:47:18,480 Building dataset
2019-01-18 14:47:18,480 Subsample: 64 points with scale 1.0 subsample=63
2019-01-18 14:47:18,625 Built Data Sampler
2019-01-18 14:47:18,625 Creating a fresh model warm_start?=None
2019-01-18 14:47:18,625 	 Warmstarting? None None 64
2019-01-18 14:47:18,626 Embedding() torch.Size([64, 10])
2019-01-18 14:47:18,626 relative No Rescale
2019-01-18 14:47:18,626 Constructed model with dim=0 and epochs=0 isnan=False
2019-01-18 14:47:18,626 SGD (
Parameter Group 0
    dampening: 0
    initial_lr: 0.1
    lr: 1.0
    momentum: 0.0
    nesterov: False
    weight_decay: 0

Parameter Group 1
    dampening: 0
    initial_lr: 0.1
    lr: 1.0
    momentum: 0.0
    nesterov: False
    weight_decay: 0

Parameter Group 2
    dampening: 0
    initial_lr: 0.1
    lr: 1.0
    momentum: 0.0
    nesterov: False
    weight_decay: 0

Parameter Group 3
    dampening: 0
    initial_lr: 0.0001
    lr: 0.001
    momentum: 0.0
    nesterov: False
    weight_decay: 0
)
2019-01-18 14:47:18,627 *** Initial Checkpoint. Computing Stats
2019-01-18 14:47:18,627 	 Computing Major Stats lazily... 
2019-01-18 14:47:18,643 		 Completed edges=4032 good=4032 bad=0
2019-01-18 14:47:18,653 Distortion avg=0.9988460047563738 wc=34.45712863116681 me=0.006987220719891401 mc=4931.449858607351 nan_elements=0
2019-01-18 14:47:18,653 MAP = 0.0889906922542278
2019-01-18 14:47:18,653 scale=[array([1.])]
2019-01-18 14:47:18,654 *** End Initial Checkpoint

2019-01-18 14:47:18,710 1 loss=0.9976939896571169
2019-01-18 14:47:18,713 2 loss=0.988672510905418
2019-01-18 14:47:18,717 3 loss=0.9795393501492812
2019-01-18 14:47:18,721 4 loss=0.9704912111333504
2019-01-18 14:47:18,725 5 loss=0.9615638327280235
2019-01-18 14:47:18,728 6 loss=0.9527687761982473
2019-01-18 14:47:18,730 7 loss=0.9441102651134767
2019-01-18 14:47:18,733 8 loss=0.9355894918780217
2019-01-18 14:47:18,736 9 loss=0.9272061621426604
2019-01-18 14:47:18,740 10 loss=0.9189591709903748
2019-01-18 14:47:18,740 
*** Major Checkpoint. Computing Stats and Saving
2019-01-18 14:47:18,740 	 Computing Major Stats lazily... 
2019-01-18 14:47:18,754 		 Completed edges=4032 good=4032 bad=0
2019-01-18 14:47:18,764 Distortion avg=0.9535230394379237 wc=87.7967772934388 me=0.37113405226508894 mc=236.56351864670296 nan_elements=0
2019-01-18 14:47:18,764 MAP = 0.03697075188063597
2019-01-18 14:47:18,764 scale=[array([1.])]
2019-01-18 14:47:18,764 *** End Major Checkpoint

2019-01-18 14:47:18,767 11 loss=0.9108469411214256
2019-01-18 14:47:18,770 12 loss=0.9028676088750556
2019-01-18 14:47:18,773 13 loss=0.8950191340908044
2019-01-18 14:47:18,776 14 loss=0.8872993686340251
2019-01-18 14:47:18,779 15 loss=0.8797061010038
2019-01-18 14:47:18,782 16 loss=0.8722370863656231
2019-01-18 14:47:18,785 17 loss=0.8648900673140428
2019-01-18 14:47:18,788 18 loss=0.8576627885246373
2019-01-18 14:47:18,791 19 loss=0.8505530072540933
2019-01-18 14:47:18,794 20 loss=0.8435585009454545
2019-01-18 14:47:18,794 
*** Major Checkpoint. Computing Stats and Saving
2019-01-18 14:47:18,794 	 Computing Major Stats lazily... 
2019-01-18 14:47:18,808 		 Completed edges=4032 good=4032 bad=0
2019-01-18 14:47:18,818 Distortion avg=0.9114706488052262 wc=89.06316806163896 me=0.6849165655151884 mc=130.03506200006478 nan_elements=0
2019-01-18 14:47:18,818 MAP = 0.03521297744546711
2019-01-18 14:47:18,818 scale=[array([1.])]
2019-01-18 14:47:18,818 *** End Major Checkpoint

2019-01-18 14:47:18,821 21 loss=0.8366770727697569
2019-01-18 14:47:18,824 22 loss=0.8299065556682496
2019-01-18 14:47:18,827 23 loss=0.8232448152870706
2019-01-18 14:47:18,830 24 loss=0.816689752082167
2019-01-18 14:47:18,833 25 loss=0.8102393027949905
2019-01-18 14:47:18,837 26 loss=0.8038914414461009
2019-01-18 14:47:18,840 27 loss=0.79764417995621
2019-01-18 14:47:18,843 28 loss=0.7914955684772997
2019-01-18 14:47:18,846 29 loss=0.7854436954968759
2019-01-18 14:47:18,849 30 loss=0.7794866877640123
2019-01-18 14:47:18,849 
*** Major Checkpoint. Computing Stats and Saving
2019-01-18 14:47:18,849 	 Computing Major Stats lazily... 
2019-01-18 14:47:18,863 		 Completed edges=4032 good=4032 bad=0
2019-01-18 14:47:18,873 Distortion avg=0.8727873210133079 wc=86.69350982580198 me=0.9517632771528467 mc=91.08726077890016 nan_elements=0
2019-01-18 14:47:18,873 MAP = 0.03486375680702365
2019-01-18 14:47:18,874 scale=[array([1.])]
2019-01-18 14:47:18,874 *** End Major Checkpoint

2019-01-18 14:47:18,877 31 loss=0.773622710075089
2019-01-18 14:47:18,880 32 loss=0.767849964948992
2019-01-18 14:47:18,883 33 loss=0.7621666922153586
2019-01-18 14:47:18,886 34 loss=0.7565711685346593
2019-01-18 14:47:18,889 35 loss=0.7510617068652085
2019-01-18 14:47:18,892 36 loss=0.7456366558892572
2019-01-18 14:47:18,894 37 loss=0.7402943994080413
2019-01-18 14:47:18,897 38 loss=0.7350333557138027
2019-01-18 14:47:18,900 39 loss=0.7298519769453391
2019-01-18 14:47:18,903 40 loss=0.724748748432451
2019-01-18 14:47:18,903 
*** Major Checkpoint. Computing Stats and Saving
2019-01-18 14:47:18,903 	 Computing Major Stats lazily... 
2019-01-18 14:47:18,918 		 Completed edges=4032 good=4032 bad=0
2019-01-18 14:47:18,927 Distortion avg=0.8374340465537594 wc=83.39263445709733 me=1.179060279198107 mc=70.72805006527203 nan_elements=0
2019-01-18 14:47:18,927 MAP = 0.034874622168265576
2019-01-18 14:47:18,928 scale=[array([1.])]
2019-01-18 14:47:18,928 *** End Major Checkpoint

2019-01-18 14:47:18,931 41 loss=0.7197221880336877
2019-01-18 14:47:18,934 42 loss=0.7147708454710067
2019-01-18 14:47:18,938 43 loss=0.709893301664326
2019-01-18 14:47:18,941 44 loss=0.7050881680684117
2019-01-18 14:47:18,944 45 loss=0.7003540860140995
2019-01-18 14:47:18,947 46 loss=0.6956897260555044
2019-01-18 14:47:18,950 47 loss=0.6910937873245455
2019-01-18 14:47:18,952 48 loss=0.6865649968938804
2019-01-18 14:47:18,955 49 loss=0.6821021091491223
2019-01-18 14:47:18,958 50 loss=0.6777039051710344
2019-01-18 14:47:18,958 
*** Major Checkpoint. Computing Stats and Saving
2019-01-18 14:47:18,959 	 Computing Major Stats lazily... 
2019-01-18 14:47:18,973 		 Completed edges=4032 good=4032 bad=0
2019-01-18 14:47:18,983 Distortion avg=0.8059743200893432 wc=79.86401788474649 me=1.373007034080969 mc=58.167231414225036 nan_elements=0
2019-01-18 14:47:18,983 MAP = 0.03499202824409401
2019-01-18 14:47:18,984 scale=[array([1.])]
2019-01-18 14:47:18,984 *** End Major Checkpoint

2019-01-18 14:47:18,984 final loss=0.6777039051710344
2019-01-18 14:47:18,984 best loss=0.6777039051710344, distortion=0.8059743200893432, map=0.03697075188063597, wc_dist=79.86401788474649
2019-01-18 14:47:18,984 	 Computing Major Stats lazily... 
2019-01-18 14:47:19,000 		 Completed edges=4032 good=4032 bad=0
2019-01-18 14:47:19,010 Distortion avg=0.8059743200893429 wc=79.86401788474649 me=1.373007034080969 mc=58.167231414225036 nan_elements=0
2019-01-18 14:47:19,010 MAP = 0.03499202824409402
2019-01-18 14:47:19,011 scale=[array([1.])]
