2019-01-18 14:46:22,248 Commandline ['pytorch/pytorch_hyperbolic.py', 'learn', 'data/edges/parsing/ewt/ewt_dev/517.edges', '--dim', '0', '--hyp', '0', '--edim', '10', '--euc', '1', '--sdim', '0', '--sph', '0', '--log-name', 'ewt_devr2/517.edges.E10-1.lr1.log', '--batch-size', '65536', '--epochs', '50', '--checkpoint-freq', '10', '-g', '--subsample', '1024', '--learning-rate', '1']
2019-01-18 14:46:22,248 No Model Save selected!
2019-01-18 14:46:22,250 Loaded Graph data/edges/parsing/ewt/ewt_dev/517.edges with 7 nodes scale=1.0
2019-01-18 14:46:22,250 Building dataset
2019-01-18 14:46:22,251 Subsample: 7 points with scale 1.0 subsample=6
2019-01-18 14:46:22,256 Built Data Sampler
2019-01-18 14:46:22,256 Creating a fresh model warm_start?=None
2019-01-18 14:46:22,256 	 Warmstarting? None None 7
2019-01-18 14:46:22,256 Embedding() torch.Size([7, 10])
2019-01-18 14:46:22,257 relative No Rescale
2019-01-18 14:46:22,257 Constructed model with dim=0 and epochs=0 isnan=False
2019-01-18 14:46:22,257 SGD (
Parameter Group 0
    dampening: 0
    initial_lr: 0.1
    lr: 1.0
    momentum: 0.0
    nesterov: False
    weight_decay: 0

Parameter Group 1
    dampening: 0
    initial_lr: 0.1
    lr: 1.0
    momentum: 0.0
    nesterov: False
    weight_decay: 0

Parameter Group 2
    dampening: 0
    initial_lr: 0.1
    lr: 1.0
    momentum: 0.0
    nesterov: False
    weight_decay: 0

Parameter Group 3
    dampening: 0
    initial_lr: 0.0001
    lr: 0.001
    momentum: 0.0
    nesterov: False
    weight_decay: 0
)
2019-01-18 14:46:22,257 *** Initial Checkpoint. Computing Stats
2019-01-18 14:46:22,257 	 Computing Major Stats lazily... 
2019-01-18 14:46:22,258 		 Completed edges=42 good=42 bad=0
2019-01-18 14:46:22,259 Distortion avg=0.9973217780573239 wc=5.1666254106460725 me=0.005628252251848828 mc=917.9804279292714 nan_elements=0
2019-01-18 14:46:22,260 MAP = 0.3791666666666666
2019-01-18 14:46:22,260 scale=[array([1.])]
2019-01-18 14:46:22,260 *** End Initial Checkpoint

2019-01-18 14:46:22,319 1 loss=0.9946526630591793
2019-01-18 14:46:22,319 2 loss=0.5917226564676479
2019-01-18 14:46:22,320 3 loss=0.416858671435406
2019-01-18 14:46:22,320 4 loss=0.33445024496404313
2019-01-18 14:46:22,321 5 loss=0.28641844061146937
2019-01-18 14:46:22,321 6 loss=0.2533601670844513
2019-01-18 14:46:22,322 7 loss=0.22813647170160728
2019-01-18 14:46:22,322 8 loss=0.20768116683774968
2019-01-18 14:46:22,323 9 loss=0.19043345085702035
2019-01-18 14:46:22,324 10 loss=0.17547637012359146
2019-01-18 14:46:22,324 
*** Major Checkpoint. Computing Stats and Saving
2019-01-18 14:46:22,324 	 Computing Major Stats lazily... 
2019-01-18 14:46:22,325 		 Completed edges=42 good=42 bad=0
2019-01-18 14:46:22,326 Distortion avg=0.3688920172955807 wc=5.0678747732070875 me=1.3990293786237091 mc=3.622421981011288 nan_elements=0
2019-01-18 14:46:22,326 MAP = 0.6761904761904762
2019-01-18 14:46:22,326 scale=[array([1.])]
2019-01-18 14:46:22,326 *** End Major Checkpoint

2019-01-18 14:46:22,327 11 loss=0.16222053312406579
2019-01-18 14:46:22,327 12 loss=0.1502723560441903
2019-01-18 14:46:22,328 13 loss=0.13936809565530134
2019-01-18 14:46:22,328 14 loss=0.12933332829594965
2019-01-18 14:46:22,329 15 loss=0.12005426311471558
2019-01-18 14:46:22,329 16 loss=0.11145639938408547
2019-01-18 14:46:22,330 17 loss=0.10348890012948411
2019-01-18 14:46:22,330 18 loss=0.09611374323496549
2019-01-18 14:46:22,331 19 loss=0.08929875915754816
2019-01-18 14:46:22,332 20 loss=0.08301362864486743
2019-01-18 14:46:22,332 
*** Major Checkpoint. Computing Stats and Saving
2019-01-18 14:46:22,332 	 Computing Major Stats lazily... 
2019-01-18 14:46:22,332 		 Completed edges=42 good=42 bad=0
2019-01-18 14:46:22,333 Distortion avg=0.24530263465247 wc=3.0297220903931685 me=1.2941687807464035 mc=2.3410563872865144 nan_elements=0
2019-01-18 14:46:22,333 MAP = 1.0
2019-01-18 14:46:22,334 scale=[array([1.])]
2019-01-18 14:46:22,334 *** End Major Checkpoint

2019-01-18 14:46:22,334 21 loss=0.07722795735760565
2019-01-18 14:46:22,335 22 loss=0.07191067399831416
2019-01-18 14:46:22,335 23 loss=0.0670301726749445
2019-01-18 14:46:22,336 24 loss=0.06255479596648265
2019-01-18 14:46:22,336 25 loss=0.058453405191262305
2019-01-18 14:46:22,337 26 loss=0.054695897816047244
2019-01-18 14:46:22,337 27 loss=0.051253609311921355
2019-01-18 14:46:22,338 28 loss=0.04809958436918966
2019-01-18 14:46:22,338 29 loss=0.04520872819874061
2019-01-18 14:46:22,339 30 loss=0.04255786000342986
2019-01-18 14:46:22,339 
*** Major Checkpoint. Computing Stats and Saving
2019-01-18 14:46:22,339 	 Computing Major Stats lazily... 
2019-01-18 14:46:22,339 		 Completed edges=42 good=42 bad=0
2019-01-18 14:46:22,340 Distortion avg=0.17436546407804676 wc=2.1289503022425587 me=1.1785742880206653 mc=1.806377691997663 nan_elements=0
2019-01-18 14:46:22,340 MAP = 1.0
2019-01-18 14:46:22,341 scale=[array([1.])]
2019-01-18 14:46:22,341 *** End Major Checkpoint

2019-01-18 14:46:22,341 31 loss=0.04012569336230524
2019-01-18 14:46:22,342 32 loss=0.03789276630289331
2019-01-18 14:46:22,342 33 loss=0.03584133987078145
2019-01-18 14:46:22,343 34 loss=0.03395527958955987
2019-01-18 14:46:22,343 35 loss=0.03221993014704167
2019-01-18 14:46:22,344 36 loss=0.03062199028808082
2019-01-18 14:46:22,344 37 loss=0.02914939231249628
2019-01-18 14:46:22,345 38 loss=0.027791188701718747
2019-01-18 14:46:22,345 39 loss=0.026537447105384
2019-01-18 14:46:22,345 40 loss=0.02537915407388015
2019-01-18 14:46:22,346 
*** Major Checkpoint. Computing Stats and Saving
2019-01-18 14:46:22,346 	 Computing Major Stats lazily... 
2019-01-18 14:46:22,346 		 Completed edges=42 good=42 bad=0
2019-01-18 14:46:22,347 Distortion avg=0.13389847037074368 wc=1.8006264074986882 me=1.1645580868938372 mc=1.5461885738146404 nan_elements=0
2019-01-18 14:46:22,347 MAP = 1.0
2019-01-18 14:46:22,348 scale=[array([1.])]
2019-01-18 14:46:22,348 *** End Major Checkpoint

2019-01-18 14:46:22,348 41 loss=0.024308127402273727
2019-01-18 14:46:22,349 42 loss=0.02331693665484987
2019-01-18 14:46:22,349 43 loss=0.022398831291267296
2019-01-18 14:46:22,350 44 loss=0.02154767575990728
2019-01-18 14:46:22,350 45 loss=0.02075789092347812
2019-01-18 14:46:22,351 46 loss=0.02002440121142715
2019-01-18 14:46:22,351 47 loss=0.019342586937603493
2019-01-18 14:46:22,352 48 loss=0.01870824127061617
2019-01-18 14:46:22,352 49 loss=0.0181175313932655
2019-01-18 14:46:22,353 50 loss=0.0175669634336607
2019-01-18 14:46:22,353 
*** Major Checkpoint. Computing Stats and Saving
2019-01-18 14:46:22,353 	 Computing Major Stats lazily... 
2019-01-18 14:46:22,353 		 Completed edges=42 good=42 bad=0
2019-01-18 14:46:22,355 Distortion avg=0.11189773566514456 wc=1.6266897900220498 me=1.158616348328298 mc=1.4039934723596024 nan_elements=0
2019-01-18 14:46:22,355 MAP = 1.0
2019-01-18 14:46:22,355 scale=[array([1.])]
2019-01-18 14:46:22,355 *** End Major Checkpoint

2019-01-18 14:46:22,355 final loss=0.0175669634336607
2019-01-18 14:46:22,355 best loss=0.0175669634336607, distortion=0.11189773566514456, map=1.0, wc_dist=1.6266897900220498
2019-01-18 14:46:22,355 	 Computing Major Stats lazily... 
2019-01-18 14:46:22,356 		 Completed edges=42 good=42 bad=0
2019-01-18 14:46:22,357 Distortion avg=0.11189773566514451 wc=1.6266897900220498 me=1.158616348328298 mc=1.4039934723596024 nan_elements=0
2019-01-18 14:46:22,357 MAP = 1.0
2019-01-18 14:46:22,357 scale=[array([1.])]
