2019-01-18 15:10:21,796 Commandline ['pytorch/pytorch_hyperbolic.py', 'learn', 'data/edges/parsing/ewt/ewt_dev/518.edges', '--dim', '0', '--hyp', '0', '--edim', '10', '--euc', '1', '--sdim', '0', '--sph', '0', '--log-name', 'ewt_devr2/518.edges.E10-1.lr1.log', '--batch-size', '65536', '--epochs', '50', '--checkpoint-freq', '10', '-g', '--subsample', '1024', '--learning-rate', '1']
2019-01-18 15:10:21,796 No Model Save selected!
2019-01-18 15:10:21,798 Loaded Graph data/edges/parsing/ewt/ewt_dev/518.edges with 40 nodes scale=1.0
2019-01-18 15:10:21,799 Building dataset
2019-01-18 15:10:21,799 Subsample: 40 points with scale 1.0 subsample=39
2019-01-18 15:10:21,863 Built Data Sampler
2019-01-18 15:10:21,863 Creating a fresh model warm_start?=None
2019-01-18 15:10:21,863 	 Warmstarting? None None 40
2019-01-18 15:10:21,863 Embedding() torch.Size([40, 10])
2019-01-18 15:10:21,864 relative No Rescale
2019-01-18 15:10:21,864 Constructed model with dim=0 and epochs=0 isnan=False
2019-01-18 15:10:21,864 SGD (
Parameter Group 0
    dampening: 0
    initial_lr: 0.1
    lr: 1.0
    momentum: 0.0
    nesterov: False
    weight_decay: 0

Parameter Group 1
    dampening: 0
    initial_lr: 0.1
    lr: 1.0
    momentum: 0.0
    nesterov: False
    weight_decay: 0

Parameter Group 2
    dampening: 0
    initial_lr: 0.1
    lr: 1.0
    momentum: 0.0
    nesterov: False
    weight_decay: 0

Parameter Group 3
    dampening: 0
    initial_lr: 0.0001
    lr: 0.001
    momentum: 0.0
    nesterov: False
    weight_decay: 0
)
2019-01-18 15:10:21,864 *** Initial Checkpoint. Computing Stats
2019-01-18 15:10:21,864 	 Computing Major Stats lazily... 
2019-01-18 15:10:21,871 		 Completed edges=1560 good=1560 bad=0
2019-01-18 15:10:21,878 Distortion avg=0.9986627422794327 wc=22.30671285063258 me=0.006211817428187786 mc=3591.0123097645937 nan_elements=0
2019-01-18 15:10:21,878 MAP = 0.10292678604786683
2019-01-18 15:10:21,878 scale=[array([1.])]
2019-01-18 15:10:21,878 *** End Initial Checkpoint

2019-01-18 15:10:21,936 1 loss=0.9973281719114435
2019-01-18 15:10:21,938 2 loss=0.9777462260465389
2019-01-18 15:10:21,940 3 loss=0.9582808463456751
2019-01-18 15:10:21,941 4 loss=0.9394077149648647
2019-01-18 15:10:21,942 5 loss=0.9211751406564973
2019-01-18 15:10:21,944 6 loss=0.9035810769952274
2019-01-18 15:10:21,946 7 loss=0.8866098830535873
2019-01-18 15:10:21,947 8 loss=0.8702410942232812
2019-01-18 15:10:21,949 9 loss=0.854452481425219
2019-01-18 15:10:21,951 10 loss=0.8392213594698194
2019-01-18 15:10:21,951 
*** Major Checkpoint. Computing Stats and Saving
2019-01-18 15:10:21,951 	 Computing Major Stats lazily... 
2019-01-18 15:10:21,957 		 Completed edges=1560 good=1560 bad=0
2019-01-18 15:10:21,963 Distortion avg=0.9042138914208805 wc=42.346262863480284 me=0.6031816891144022 mc=70.20482157814426 nan_elements=0
2019-01-18 15:10:21,963 MAP = 0.05010221958892217
2019-01-18 15:10:21,963 scale=[array([1.])]
2019-01-18 15:10:21,963 *** End Major Checkpoint

2019-01-18 15:10:21,965 11 loss=0.8245252177461347
2019-01-18 15:10:21,966 12 loss=0.8103420454692986
2019-01-18 15:10:21,968 13 loss=0.7966505037926457
2019-01-18 15:10:21,969 14 loss=0.7834300149984323
2019-01-18 15:10:21,971 15 loss=0.7706608041938093
2019-01-18 15:10:21,973 16 loss=0.758323912691712
2019-01-18 15:10:21,974 17 loss=0.7464011940597995
2019-01-18 15:10:21,975 18 loss=0.7348752994176747
2019-01-18 15:10:21,977 19 loss=0.7237296560713723
2019-01-18 15:10:21,978 20 loss=0.7129484421016036
2019-01-18 15:10:21,978 
*** Major Checkpoint. Computing Stats and Saving
2019-01-18 15:10:21,979 	 Computing Major Stats lazily... 
2019-01-18 15:10:21,984 		 Completed edges=1560 good=1560 bad=0
2019-01-18 15:10:21,990 Distortion avg=0.8251481590961511 wc=40.080277529333685 me=1.052356642740327 mc=38.08621136743624 nan_elements=0
2019-01-18 15:10:21,990 MAP = 0.049666063628659565
2019-01-18 15:10:21,991 scale=[array([1.])]
2019-01-18 15:10:21,991 *** End Major Checkpoint

2019-01-18 15:10:21,992 21 loss=0.7025165586190831
2019-01-18 15:10:21,994 22 loss=0.6924196008285673
2019-01-18 15:10:21,995 23 loss=0.6826438286713795
2019-01-18 15:10:21,997 24 loss=0.6731761375687773
2019-01-18 15:10:21,998 25 loss=0.6640040296205124
2019-01-18 15:10:22,000 26 loss=0.6551155854970586
2019-01-18 15:10:22,001 27 loss=0.646499437182886
2019-01-18 15:10:22,003 28 loss=0.6381447416708408
2019-01-18 15:10:22,004 29 loss=0.630041155666801
2019-01-18 15:10:22,006 30 loss=0.6221788113345053
2019-01-18 15:10:22,006 
*** Major Checkpoint. Computing Stats and Saving
2019-01-18 15:10:22,006 	 Computing Major Stats lazily... 
2019-01-18 15:10:22,012 		 Completed edges=1560 good=1560 bad=0
2019-01-18 15:10:22,018 Distortion avg=0.7618791482394607 wc=36.81337153673511 me=1.3730647718167612 mc=26.811096091283265 nan_elements=0
2019-01-18 15:10:22,018 MAP = 0.05082693652035928
2019-01-18 15:10:22,018 scale=[array([1.])]
2019-01-18 15:10:22,019 *** End Major Checkpoint

2019-01-18 15:10:22,020 31 loss=0.6145482930893988
2019-01-18 15:10:22,022 32 loss=0.6071406154352693
2019-01-18 15:10:22,023 33 loss=0.5999472018266981
2019-01-18 15:10:22,025 34 loss=0.5929598645327772
2019-01-18 15:10:22,026 35 loss=0.5861707854723317
2019-01-18 15:10:22,028 36 loss=0.5795724979874101
2019-01-18 15:10:22,029 37 loss=0.5731578695196419
2019-01-18 15:10:22,031 38 loss=0.5669200851528474
2019-01-18 15:10:22,032 39 loss=0.5608526319848189
2019-01-18 15:10:22,034 40 loss=0.5549492842912399
2019-01-18 15:10:22,034 
*** Major Checkpoint. Computing Stats and Saving
2019-01-18 15:10:22,034 	 Computing Major Stats lazily... 
2019-01-18 15:10:22,040 		 Completed edges=1560 good=1560 bad=0
2019-01-18 15:10:22,047 Distortion avg=0.7165842159314526 wc=33.61737102420375 me=1.5983179427560317 mc=21.03296855082301 nan_elements=0
2019-01-18 15:10:22,047 MAP = 0.052343194416443396
2019-01-18 15:10:22,047 scale=[array([1.])]
2019-01-18 15:10:22,047 *** End Major Checkpoint

2019-01-18 15:10:22,049 41 loss=0.5492040894451756
2019-01-18 15:10:22,050 42 loss=0.5436113545563035
2019-01-18 15:10:22,052 43 loss=0.5381656337950124
2019-01-18 15:10:22,053 44 loss=0.5328617163675925
2019-01-18 15:10:22,054 45 loss=0.5276946151099429
2019-01-18 15:10:22,056 46 loss=0.5226595556684698
2019-01-18 15:10:22,057 47 loss=0.5177519662381471
2019-01-18 15:10:22,059 48 loss=0.51296746782901
2019-01-18 15:10:22,060 49 loss=0.5083018650336443
2019-01-18 15:10:22,062 50 loss=0.5037511372695134
2019-01-18 15:10:22,062 
*** Major Checkpoint. Computing Stats and Saving
2019-01-18 15:10:22,062 	 Computing Major Stats lazily... 
2019-01-18 15:10:22,068 		 Completed edges=1560 good=1560 bad=0
2019-01-18 15:10:22,074 Distortion avg=0.6812935319195582 wc=30.69967119491014 me=1.7532159750750806 mc=17.510490225595532 nan_elements=0
2019-01-18 15:10:22,074 MAP = 0.05536282174965675
2019-01-18 15:10:22,075 scale=[array([1.])]
2019-01-18 15:10:22,075 *** End Major Checkpoint

2019-01-18 15:10:22,075 final loss=0.5037511372695134
2019-01-18 15:10:22,075 best loss=0.5037511372695134, distortion=0.6812935319195582, map=0.05536282174965675, wc_dist=30.69967119491014
2019-01-18 15:10:22,075 	 Computing Major Stats lazily... 
2019-01-18 15:10:22,081 		 Completed edges=1560 good=1560 bad=0
2019-01-18 15:10:22,087 Distortion avg=0.6812935319195582 wc=30.69967119491014 me=1.7532159750750806 mc=17.510490225595532 nan_elements=0
2019-01-18 15:10:22,087 MAP = 0.05536282174965675
2019-01-18 15:10:22,087 scale=[array([1.])]
