2019-01-18 15:04:37,028 Commandline ['pytorch/pytorch_hyperbolic.py', 'learn', 'data/edges/parsing/ewt/ewt_dev/52.edges', '--dim', '0', '--hyp', '0', '--edim', '10', '--euc', '1', '--sdim', '0', '--sph', '0', '--log-name', 'ewt_devr2/52.edges.E10-1.lr1.log', '--batch-size', '65536', '--epochs', '50', '--checkpoint-freq', '10', '-g', '--subsample', '1024', '--learning-rate', '1']
2019-01-18 15:04:37,028 No Model Save selected!
2019-01-18 15:04:37,030 Loaded Graph data/edges/parsing/ewt/ewt_dev/52.edges with 22 nodes scale=1.0
2019-01-18 15:04:37,030 Building dataset
2019-01-18 15:04:37,031 Subsample: 22 points with scale 1.0 subsample=21
2019-01-18 15:04:37,055 Built Data Sampler
2019-01-18 15:04:37,055 Creating a fresh model warm_start?=None
2019-01-18 15:04:37,055 	 Warmstarting? None None 22
2019-01-18 15:04:37,056 Embedding() torch.Size([22, 10])
2019-01-18 15:04:37,056 relative No Rescale
2019-01-18 15:04:37,056 Constructed model with dim=0 and epochs=0 isnan=False
2019-01-18 15:04:37,056 SGD (
Parameter Group 0
    dampening: 0
    initial_lr: 0.1
    lr: 1.0
    momentum: 0.0
    nesterov: False
    weight_decay: 0

Parameter Group 1
    dampening: 0
    initial_lr: 0.1
    lr: 1.0
    momentum: 0.0
    nesterov: False
    weight_decay: 0

Parameter Group 2
    dampening: 0
    initial_lr: 0.1
    lr: 1.0
    momentum: 0.0
    nesterov: False
    weight_decay: 0

Parameter Group 3
    dampening: 0
    initial_lr: 0.0001
    lr: 0.001
    momentum: 0.0
    nesterov: False
    weight_decay: 0
)
2019-01-18 15:04:37,056 *** Initial Checkpoint. Computing Stats
2019-01-18 15:04:37,056 	 Computing Major Stats lazily... 
2019-01-18 15:04:37,059 		 Completed edges=462 good=462 bad=0
2019-01-18 15:04:37,062 Distortion avg=0.9985105117388637 wc=19.881187686049646 me=0.005982886981094694 mc=3323.009067173114 nan_elements=0
2019-01-18 15:04:37,062 MAP = 0.16996888365098325
2019-01-18 15:04:37,063 scale=[array([1.])]
2019-01-18 15:04:37,063 *** End Initial Checkpoint

2019-01-18 15:04:37,119 1 loss=0.9970244713444426
2019-01-18 15:04:37,120 2 loss=0.9504861940338644
2019-01-18 15:04:37,121 3 loss=0.9062166110583981
2019-01-18 15:04:37,121 4 loss=0.8655142294515353
2019-01-18 15:04:37,122 5 loss=0.8282806719746263
2019-01-18 15:04:37,123 6 loss=0.7942633138500945
2019-01-18 15:04:37,124 7 loss=0.76318502026283
2019-01-18 15:04:37,125 8 loss=0.7347758521660465
2019-01-18 15:04:37,125 9 loss=0.7087830956121952
2019-01-18 15:04:37,126 10 loss=0.6849743208751248
2019-01-18 15:04:37,126 
*** Major Checkpoint. Computing Stats and Saving
2019-01-18 15:04:37,126 	 Computing Major Stats lazily... 
2019-01-18 15:04:37,128 		 Completed edges=462 good=462 bad=0
2019-01-18 15:04:37,132 Distortion avg=0.7943255783335438 wc=24.523433404176505 me=0.8724129573638459 mc=28.109891304547457 nan_elements=0
2019-01-18 15:04:37,132 MAP = 0.08503658466849785
2019-01-18 15:04:37,132 scale=[array([1.])]
2019-01-18 15:04:37,132 *** End Major Checkpoint

2019-01-18 15:04:37,133 11 loss=0.6631377357106446
2019-01-18 15:04:37,134 12 loss=0.6430813919543923
2019-01-18 15:04:37,135 13 loss=0.6246319052062407
2019-01-18 15:04:37,135 14 loss=0.6076329941944216
2019-01-18 15:04:37,136 15 loss=0.591943990402234
2019-01-18 15:04:37,137 16 loss=0.5774383934463675
2019-01-18 15:04:37,138 17 loss=0.5640025092308266
2019-01-18 15:04:37,138 18 loss=0.5515341873317844
2019-01-18 15:04:37,139 19 loss=0.5399416627850725
2019-01-18 15:04:37,140 20 loss=0.529142501213732
2019-01-18 15:04:37,140 
*** Major Checkpoint. Computing Stats and Saving
2019-01-18 15:04:37,140 	 Computing Major Stats lazily... 
2019-01-18 15:04:37,142 		 Completed edges=462 good=462 bad=0
2019-01-18 15:04:37,145 Distortion avg=0.6850562961296294 wc=21.419615393596228 me=1.3413443285510782 mc=15.968767256602726 nan_elements=0
2019-01-18 15:04:37,145 MAP = 0.08597025438559004
2019-01-18 15:04:37,145 scale=[array([1.])]
2019-01-18 15:04:37,145 *** End Major Checkpoint

2019-01-18 15:04:37,146 21 loss=0.5190626428450534
2019-01-18 15:04:37,148 22 loss=0.5096355392250078
2019-01-18 15:04:37,148 23 loss=0.5008013756641124
2019-01-18 15:04:37,149 24 loss=0.4925063722465139
2019-01-18 15:04:37,150 25 loss=0.4847021563664716
2019-01-18 15:04:37,151 26 loss=0.47734520007925174
2019-01-18 15:04:37,151 27 loss=0.47039631597765813
2019-01-18 15:04:37,152 28 loss=0.463820205775964
2019-01-18 15:04:37,153 29 loss=0.4575850562656872
2019-01-18 15:04:37,154 30 loss=0.4516621777818
2019-01-18 15:04:37,154 
*** Major Checkpoint. Computing Stats and Saving
2019-01-18 15:04:37,154 	 Computing Major Stats lazily... 
2019-01-18 15:04:37,156 		 Completed edges=462 good=462 bad=0
2019-01-18 15:04:37,159 Distortion avg=0.6395960101927781 wc=18.672790134004092 me=1.5582083723869562 mc=11.983500066425648 nan_elements=0
2019-01-18 15:04:37,159 MAP = 0.09194498190109292
2019-01-18 15:04:37,159 scale=[array([1.])]
2019-01-18 15:04:37,160 *** End Major Checkpoint

2019-01-18 15:04:37,161 31 loss=0.4460256807712206
2019-01-18 15:04:37,161 32 loss=0.4406521864810634
2019-01-18 15:04:37,162 33 loss=0.4355205681787617
2019-01-18 15:04:37,163 34 loss=0.4306117196788234
2019-01-18 15:04:37,164 35 loss=0.4259083482819406
2019-01-18 15:04:37,166 36 loss=0.42139478953270765
2019-01-18 15:04:37,166 37 loss=0.4170568414740107
2019-01-18 15:04:37,167 38 loss=0.41288161632122444
2019-01-18 15:04:37,168 39 loss=0.4088574076997781
2019-01-18 15:04:37,169 40 loss=0.40497357178753346
2019-01-18 15:04:37,169 
*** Major Checkpoint. Computing Stats and Saving
2019-01-18 15:04:37,169 	 Computing Major Stats lazily... 
2019-01-18 15:04:37,171 		 Completed edges=462 good=462 bad=0
2019-01-18 15:04:37,174 Distortion avg=0.6035186434475438 wc=16.60923153248383 me=1.6712347142597226 mc=9.938299743756177 nan_elements=0
2019-01-18 15:04:37,174 MAP = 0.10890887456158004
2019-01-18 15:04:37,174 scale=[array([1.])]
2019-01-18 15:04:37,174 *** End Major Checkpoint

2019-01-18 15:04:37,175 41 loss=0.40122042088075854
2019-01-18 15:04:37,176 42 loss=0.39758912806125174
2019-01-18 15:04:37,177 43 loss=0.3940716417841266
2019-01-18 15:04:37,177 44 loss=0.3906606093326333
2019-01-18 15:04:37,178 45 loss=0.38734930819965707
2019-01-18 15:04:37,179 46 loss=0.3841315845566469
2019-01-18 15:04:37,180 47 loss=0.381001798060907
2019-01-18 15:04:37,181 48 loss=0.377954772332642
2019-01-18 15:04:37,183 49 loss=0.37498575050487526
2019-01-18 15:04:37,184 50 loss=0.3720903553133125
2019-01-18 15:04:37,184 
*** Major Checkpoint. Computing Stats and Saving
2019-01-18 15:04:37,184 	 Computing Major Stats lazily... 
2019-01-18 15:04:37,186 		 Completed edges=462 good=462 bad=0
2019-01-18 15:04:37,189 Distortion avg=0.5728087265966171 wc=15.383576537621694 me=1.779668307566817 mc=8.644069500037508 nan_elements=0
2019-01-18 15:04:37,189 MAP = 0.1278332991651842
2019-01-18 15:04:37,189 scale=[array([1.])]
2019-01-18 15:04:37,189 *** End Major Checkpoint

2019-01-18 15:04:37,190 final loss=0.3720903553133125
2019-01-18 15:04:37,190 best loss=0.3720903553133125, distortion=0.5728087265966171, map=0.1278332991651842, wc_dist=15.383576537621694
2019-01-18 15:04:37,190 	 Computing Major Stats lazily... 
2019-01-18 15:04:37,192 		 Completed edges=462 good=462 bad=0
2019-01-18 15:04:37,195 Distortion avg=0.5728087265966179 wc=15.383576537621694 me=1.779668307566817 mc=8.644069500037508 nan_elements=0
2019-01-18 15:04:37,195 MAP = 0.1278332991651842
2019-01-18 15:04:37,195 scale=[array([1.])]
