2019-01-18 14:45:48,547 Commandline ['pytorch/pytorch_hyperbolic.py', 'learn', 'data/edges/parsing/ewt/ewt_dev/521.edges', '--dim', '0', '--hyp', '0', '--edim', '10', '--euc', '1', '--sdim', '0', '--sph', '0', '--log-name', 'ewt_devr2/521.edges.E10-1.lr1.log', '--batch-size', '65536', '--epochs', '50', '--checkpoint-freq', '10', '-g', '--subsample', '1024', '--learning-rate', '1']
2019-01-18 14:45:48,547 No Model Save selected!
2019-01-18 14:45:48,548 Loaded Graph data/edges/parsing/ewt/ewt_dev/521.edges with 18 nodes scale=1.0
2019-01-18 14:45:48,548 Building dataset
2019-01-18 14:45:48,549 Subsample: 18 points with scale 1.0 subsample=17
2019-01-18 14:45:48,567 Built Data Sampler
2019-01-18 14:45:48,567 Creating a fresh model warm_start?=None
2019-01-18 14:45:48,567 	 Warmstarting? None None 18
2019-01-18 14:45:48,568 Embedding() torch.Size([18, 10])
2019-01-18 14:45:48,568 relative No Rescale
2019-01-18 14:45:48,568 Constructed model with dim=0 and epochs=0 isnan=False
2019-01-18 14:45:48,568 SGD (
Parameter Group 0
    dampening: 0
    initial_lr: 0.1
    lr: 1.0
    momentum: 0.0
    nesterov: False
    weight_decay: 0

Parameter Group 1
    dampening: 0
    initial_lr: 0.1
    lr: 1.0
    momentum: 0.0
    nesterov: False
    weight_decay: 0

Parameter Group 2
    dampening: 0
    initial_lr: 0.1
    lr: 1.0
    momentum: 0.0
    nesterov: False
    weight_decay: 0

Parameter Group 3
    dampening: 0
    initial_lr: 0.0001
    lr: 0.001
    momentum: 0.0
    nesterov: False
    weight_decay: 0
)
2019-01-18 14:45:48,568 *** Initial Checkpoint. Computing Stats
2019-01-18 14:45:48,569 	 Computing Major Stats lazily... 
2019-01-18 14:45:48,570 		 Completed edges=306 good=306 bad=0
2019-01-18 14:45:48,573 Distortion avg=0.99829489820243 wc=10.485435165767742 me=0.006009979300171955 mc=1744.670762088604 nan_elements=0
2019-01-18 14:45:48,573 MAP = 0.2291053073651113
2019-01-18 14:45:48,574 scale=[array([1.])]
2019-01-18 14:45:48,574 *** End Initial Checkpoint

2019-01-18 14:45:48,630 1 loss=0.9965938699608293
2019-01-18 14:45:48,631 2 loss=0.9196492175680862
2019-01-18 14:45:48,632 3 loss=0.8499106649323813
2019-01-18 14:45:48,632 4 loss=0.789354851760597
2019-01-18 14:45:48,633 5 loss=0.7368801118680581
2019-01-18 14:45:48,634 6 loss=0.691290524740567
2019-01-18 14:45:48,634 7 loss=0.6515207099992986
2019-01-18 14:45:48,635 8 loss=0.6166618151269425
2019-01-18 14:45:48,636 9 loss=0.5859503190404544
2019-01-18 14:45:48,636 10 loss=0.5587488585071843
2019-01-18 14:45:48,636 
*** Major Checkpoint. Computing Stats and Saving
2019-01-18 14:45:48,637 	 Computing Major Stats lazily... 
2019-01-18 14:45:48,638 		 Completed edges=306 good=306 bad=0
2019-01-18 14:45:48,641 Distortion avg=0.6968660646383293 wc=15.94245284528614 me=1.2198808062303461 mc=13.06886112467924 nan_elements=0
2019-01-18 14:45:48,641 MAP = 0.10410607547862448
2019-01-18 14:45:48,641 scale=[array([1.])]
2019-01-18 14:45:48,641 *** End Major Checkpoint

2019-01-18 14:45:48,642 11 loss=0.5345267257188207
2019-01-18 14:45:48,642 12 loss=0.512842266511337
2019-01-18 14:45:48,643 13 loss=0.4933277128211874
2019-01-18 14:45:48,644 14 loss=0.47567639822339786
2019-01-18 14:45:48,644 15 loss=0.45963210839049784
2019-01-18 14:45:48,645 16 loss=0.4449802690649358
2019-01-18 14:45:48,646 17 loss=0.43154068268183393
2019-01-18 14:45:48,646 18 loss=0.4191615545777066
2019-01-18 14:45:48,647 19 loss=0.40771458529435156
2019-01-18 14:45:48,648 20 loss=0.39709094027676195
2019-01-18 14:45:48,648 
*** Major Checkpoint. Computing Stats and Saving
2019-01-18 14:45:48,648 	 Computing Major Stats lazily... 
2019-01-18 14:45:48,649 		 Completed edges=306 good=306 bad=0
2019-01-18 14:45:48,652 Distortion avg=0.5928395214389598 wc=11.877232428413116 me=1.5388305602765378 mc=7.718349722843235 nan_elements=0
2019-01-18 14:45:48,652 MAP = 0.12094825767007139
2019-01-18 14:45:48,652 scale=[array([1.])]
2019-01-18 14:45:48,652 *** End Major Checkpoint

2019-01-18 14:45:48,653 21 loss=0.3871979396744533
2019-01-18 14:45:48,654 22 loss=0.37795633819286517
2019-01-18 14:45:48,654 23 loss=0.3692980880217455
2019-01-18 14:45:48,655 24 loss=0.36116449714973997
2019-01-18 14:45:48,656 25 loss=0.3535047113367453
2019-01-18 14:45:48,657 26 loss=0.3462744611489965
2019-01-18 14:45:48,657 27 loss=0.3394350262229629
2019-01-18 14:45:48,658 28 loss=0.33295237771665864
2019-01-18 14:45:48,659 29 loss=0.3267964670776369
2019-01-18 14:45:48,659 30 loss=0.3209406350980923
2019-01-18 14:45:48,659 
*** Major Checkpoint. Computing Stats and Saving
2019-01-18 14:45:48,659 	 Computing Major Stats lazily... 
2019-01-18 14:45:48,661 		 Completed edges=306 good=306 bad=0
2019-01-18 14:45:48,664 Distortion avg=0.5314526956419705 wc=10.62909691484216 me=1.6424148525751878 mc=6.4716273712311505 nan_elements=0
2019-01-18 14:45:48,664 MAP = 0.17406738958209547
2019-01-18 14:45:48,664 scale=[array([1.])]
2019-01-18 14:45:48,664 *** End Major Checkpoint

2019-01-18 14:45:48,665 31 loss=0.315361119982662
2019-01-18 14:45:48,666 32 loss=0.31003664702485084
2019-01-18 14:45:48,666 33 loss=0.30494808563866216
2019-01-18 14:45:48,667 34 loss=0.30007816205798177
2019-01-18 14:45:48,668 35 loss=0.2954112181075439
2019-01-18 14:45:48,668 36 loss=0.29093300815529344
2019-01-18 14:45:48,669 37 loss=0.2866305277492001
2019-01-18 14:45:48,670 38 loss=0.2824918685808693
2019-01-18 14:45:48,671 39 loss=0.2785060953512488
2019-01-18 14:45:48,671 40 loss=0.2746631408789035
2019-01-18 14:45:48,671 
*** Major Checkpoint. Computing Stats and Saving
2019-01-18 14:45:48,671 	 Computing Major Stats lazily... 
2019-01-18 14:45:48,673 		 Completed edges=306 good=306 bad=0
2019-01-18 14:45:48,676 Distortion avg=0.4822406559212742 wc=10.340003066608093 me=1.7512154670895963 mc=5.9044722142572725 nan_elements=0
2019-01-18 14:45:48,676 MAP = 0.24829598642098644
2019-01-18 14:45:48,676 scale=[array([1.])]
2019-01-18 14:45:48,676 *** End Major Checkpoint

2019-01-18 14:45:48,677 41 loss=0.27095371641993576
2019-01-18 14:45:48,677 42 loss=0.26736923468595153
2019-01-18 14:45:48,678 43 loss=0.26390174347298406
2019-01-18 14:45:48,679 44 loss=0.2605438681666153
2019-01-18 14:45:48,679 45 loss=0.2572887616801365
2019-01-18 14:45:48,680 46 loss=0.2541300606244273
2019-01-18 14:45:48,681 47 loss=0.2510618467091892
2019-01-18 14:45:48,681 48 loss=0.24807861254248945
2019-01-18 14:45:48,682 49 loss=0.24517523113513637
2019-01-18 14:45:48,683 50 loss=0.24234692853302583
2019-01-18 14:45:48,683 
*** Major Checkpoint. Computing Stats and Saving
2019-01-18 14:45:48,683 	 Computing Major Stats lazily... 
2019-01-18 14:45:48,684 		 Completed edges=306 good=306 bad=0
2019-01-18 14:45:48,687 Distortion avg=0.4427584008035972 wc=10.175002195736997 me=1.836535408519914 mc=5.540324541816024 nan_elements=0
2019-01-18 14:45:48,687 MAP = 0.3703279128279128
2019-01-18 14:45:48,687 scale=[array([1.])]
2019-01-18 14:45:48,687 *** End Major Checkpoint

2019-01-18 14:45:48,687 final loss=0.24234692853302583
2019-01-18 14:45:48,688 best loss=0.24234692853302583, distortion=0.4427584008035972, map=0.3703279128279128, wc_dist=10.175002195736997
2019-01-18 14:45:48,688 	 Computing Major Stats lazily... 
2019-01-18 14:45:48,689 		 Completed edges=306 good=306 bad=0
2019-01-18 14:45:48,692 Distortion avg=0.4427584008035973 wc=10.175002195736997 me=1.836535408519914 mc=5.540324541816024 nan_elements=0
2019-01-18 14:45:48,692 MAP = 0.3703279128279128
2019-01-18 14:45:48,692 scale=[array([1.])]
