2019-01-18 14:59:53,862 Commandline ['pytorch/pytorch_hyperbolic.py', 'learn', 'data/edges/parsing/ewt/ewt_dev/523.edges', '--dim', '0', '--hyp', '0', '--edim', '10', '--euc', '1', '--sdim', '0', '--sph', '0', '--log-name', 'ewt_devr2/523.edges.E10-1.lr1.log', '--batch-size', '65536', '--epochs', '50', '--checkpoint-freq', '10', '-g', '--subsample', '1024', '--learning-rate', '1']
2019-01-18 14:59:53,862 No Model Save selected!
2019-01-18 14:59:53,864 Loaded Graph data/edges/parsing/ewt/ewt_dev/523.edges with 20 nodes scale=1.0
2019-01-18 14:59:53,864 Building dataset
2019-01-18 14:59:53,865 Subsample: 20 points with scale 1.0 subsample=19
2019-01-18 14:59:53,886 Built Data Sampler
2019-01-18 14:59:53,886 Creating a fresh model warm_start?=None
2019-01-18 14:59:53,886 	 Warmstarting? None None 20
2019-01-18 14:59:53,886 Embedding() torch.Size([20, 10])
2019-01-18 14:59:53,886 relative No Rescale
2019-01-18 14:59:53,887 Constructed model with dim=0 and epochs=0 isnan=False
2019-01-18 14:59:53,887 SGD (
Parameter Group 0
    dampening: 0
    initial_lr: 0.1
    lr: 1.0
    momentum: 0.0
    nesterov: False
    weight_decay: 0

Parameter Group 1
    dampening: 0
    initial_lr: 0.1
    lr: 1.0
    momentum: 0.0
    nesterov: False
    weight_decay: 0

Parameter Group 2
    dampening: 0
    initial_lr: 0.1
    lr: 1.0
    momentum: 0.0
    nesterov: False
    weight_decay: 0

Parameter Group 3
    dampening: 0
    initial_lr: 0.0001
    lr: 0.001
    momentum: 0.0
    nesterov: False
    weight_decay: 0
)
2019-01-18 14:59:53,887 *** Initial Checkpoint. Computing Stats
2019-01-18 14:59:53,887 	 Computing Major Stats lazily... 
2019-01-18 14:59:53,889 		 Completed edges=380 good=380 bad=0
2019-01-18 14:59:53,892 Distortion avg=0.9982015955718095 wc=18.422457859914914 me=0.005935337598003825 mc=3103.8601521353667 nan_elements=0
2019-01-18 14:59:53,892 MAP = 0.146379345506861
2019-01-18 14:59:53,893 scale=[array([1.])]
2019-01-18 14:59:53,893 *** End Initial Checkpoint

2019-01-18 14:59:53,950 1 loss=0.9964076655466493
2019-01-18 14:59:53,951 2 loss=0.9239608553699175
2019-01-18 14:59:53,951 3 loss=0.858122968433405
2019-01-18 14:59:53,952 4 loss=0.8002148926676842
2019-01-18 14:59:53,953 5 loss=0.7493036837804208
2019-01-18 14:59:53,953 6 loss=0.7044145226252028
2019-01-18 14:59:53,954 7 loss=0.6646833267434389
2019-01-18 14:59:53,955 8 loss=0.6293712300554465
2019-01-18 14:59:53,956 9 loss=0.5978536511406687
2019-01-18 14:59:53,956 10 loss=0.5696044734188869
2019-01-18 14:59:53,956 
*** Major Checkpoint. Computing Stats and Saving
2019-01-18 14:59:53,956 	 Computing Major Stats lazily... 
2019-01-18 14:59:53,958 		 Completed edges=380 good=380 bad=0
2019-01-18 14:59:53,961 Distortion avg=0.7068351023122689 wc=24.00120155258323 me=1.154206462451765 mc=20.794547884959755 nan_elements=0
2019-01-18 14:59:53,961 MAP = 0.09248356409564805
2019-01-18 14:59:53,961 scale=[array([1.])]
2019-01-18 14:59:53,961 *** End Major Checkpoint

2019-01-18 14:59:53,962 11 loss=0.5441805917328373
2019-01-18 14:59:53,963 12 loss=0.5212082486960313
2019-01-18 14:59:53,964 13 loss=0.5003714124677489
2019-01-18 14:59:53,964 14 loss=0.48140206478670283
2019-01-18 14:59:53,965 15 loss=0.4640721548458987
2019-01-18 14:59:53,966 16 loss=0.44818695993515706
2019-01-18 14:59:53,967 17 loss=0.4335796147533059
2019-01-18 14:59:53,967 18 loss=0.42010660313736287
2019-01-18 14:59:53,968 19 loss=0.40764403873669364
2019-01-18 14:59:53,969 20 loss=0.39608459106756055
2019-01-18 14:59:53,969 
*** Major Checkpoint. Computing Stats and Saving
2019-01-18 14:59:53,969 	 Computing Major Stats lazily... 
2019-01-18 14:59:53,970 		 Completed edges=380 good=380 bad=0
2019-01-18 14:59:53,974 Distortion avg=0.5914713025251748 wc=16.599862380324584 me=1.428436928689326 mc=11.620997782209345 nan_elements=0
2019-01-18 14:59:53,974 MAP = 0.10293148958633672
2019-01-18 14:59:53,974 scale=[array([1.])]
2019-01-18 14:59:53,974 *** End Major Checkpoint

2019-01-18 14:59:53,975 21 loss=0.38533493922435147
2019-01-18 14:59:53,976 22 loss=0.3753136572185507
2019-01-18 14:59:53,976 23 loss=0.36594945283221575
2019-01-18 14:59:53,977 24 loss=0.3571796965219081
2019-01-18 14:59:53,978 25 loss=0.34894918881565257
2019-01-18 14:59:53,978 26 loss=0.34120912428895317
2019-01-18 14:59:53,979 27 loss=0.3339162180017701
2019-01-18 14:59:53,980 28 loss=0.3270319665761974
2019-01-18 14:59:53,980 29 loss=0.32052202118302503
2019-01-18 14:59:53,981 30 loss=0.3143556538199416
2019-01-18 14:59:53,981 
*** Major Checkpoint. Computing Stats and Saving
2019-01-18 14:59:53,981 	 Computing Major Stats lazily... 
2019-01-18 14:59:53,983 		 Completed edges=380 good=380 bad=0
2019-01-18 14:59:53,986 Distortion avg=0.524497683477293 wc=14.556252812513074 me=1.664813490120226 mc=8.743473607642308 nan_elements=0
2019-01-18 14:59:53,986 MAP = 0.13275577989011617
2019-01-18 14:59:53,986 scale=[array([1.])]
2019-01-18 14:59:53,986 *** End Major Checkpoint

2019-01-18 14:59:53,987 31 loss=0.3085053015955555
2019-01-18 14:59:53,988 32 loss=0.3029461764353366
2019-01-18 14:59:53,988 33 loss=0.29765592982132355
2019-01-18 14:59:53,989 34 loss=0.2926143639658542
2019-01-18 14:59:53,990 35 loss=0.28780318227974366
2019-01-18 14:59:53,991 36 loss=0.2832057731905324
2019-01-18 14:59:53,992 37 loss=0.2788070223473365
2019-01-18 14:59:53,992 38 loss=0.2745931490559956
2019-01-18 14:59:53,993 39 loss=0.27055156345423875
2019-01-18 14:59:53,994 40 loss=0.26667074148759645
2019-01-18 14:59:53,994 
*** Major Checkpoint. Computing Stats and Saving
2019-01-18 14:59:53,994 	 Computing Major Stats lazily... 
2019-01-18 14:59:53,995 		 Completed edges=380 good=380 bad=0
2019-01-18 14:59:53,998 Distortion avg=0.47308944871813086 wc=13.256454681212016 me=1.7996491087109274 mc=7.366132996174736 nan_elements=0
2019-01-18 14:59:53,998 MAP = 0.16784602675517923
2019-01-18 14:59:53,999 scale=[array([1.])]
2019-01-18 14:59:53,999 *** End Major Checkpoint

2019-01-18 14:59:54,000 41 loss=0.2629401152038853
2019-01-18 14:59:54,001 42 loss=0.2593499762642893
2019-01-18 14:59:54,002 43 loss=0.25589139088611684
2019-01-18 14:59:54,003 44 loss=0.2525561246974237
2019-01-18 14:59:54,003 45 loss=0.24933657620593858
2019-01-18 14:59:54,004 46 loss=0.24622571777152935
2019-01-18 14:59:54,005 47 loss=0.24321704312888065
2019-01-18 14:59:54,005 48 loss=0.2403045206400793
2019-01-18 14:59:54,006 49 loss=0.2374825515695121
2019-01-18 14:59:54,007 50 loss=0.23474593276924072
2019-01-18 14:59:54,007 
*** Major Checkpoint. Computing Stats and Saving
2019-01-18 14:59:54,007 	 Computing Major Stats lazily... 
2019-01-18 14:59:54,009 		 Completed edges=380 good=380 bad=0
2019-01-18 14:59:54,012 Distortion avg=0.43457935989654073 wc=12.243928292636728 me=1.8610860611221554 mc=6.578915692514596 nan_elements=0
2019-01-18 14:59:54,012 MAP = 0.23102149678344527
2019-01-18 14:59:54,012 scale=[array([1.])]
2019-01-18 14:59:54,012 *** End Major Checkpoint

2019-01-18 14:59:54,012 final loss=0.23474593276924072
2019-01-18 14:59:54,012 best loss=0.23474593276924072, distortion=0.43457935989654073, map=0.23102149678344527, wc_dist=12.243928292636728
2019-01-18 14:59:54,012 	 Computing Major Stats lazily... 
2019-01-18 14:59:54,014 		 Completed edges=380 good=380 bad=0
2019-01-18 14:59:54,017 Distortion avg=0.43457935989654084 wc=12.243928292636728 me=1.8610860611221554 mc=6.578915692514596 nan_elements=0
2019-01-18 14:59:54,017 MAP = 0.23102149678344527
2019-01-18 14:59:54,017 scale=[array([1.])]
