2019-01-18 14:49:16,664 Commandline ['pytorch/pytorch_hyperbolic.py', 'learn', 'data/edges/parsing/ewt/ewt_dev/53.edges', '--dim', '0', '--hyp', '0', '--edim', '10', '--euc', '1', '--sdim', '0', '--sph', '0', '--log-name', 'ewt_devr2/53.edges.E10-1.lr1.log', '--batch-size', '65536', '--epochs', '50', '--checkpoint-freq', '10', '-g', '--subsample', '1024', '--learning-rate', '1']
2019-01-18 14:49:16,665 No Model Save selected!
2019-01-18 14:49:16,666 Loaded Graph data/edges/parsing/ewt/ewt_dev/53.edges with 20 nodes scale=1.0
2019-01-18 14:49:16,666 Building dataset
2019-01-18 14:49:16,667 Subsample: 20 points with scale 1.0 subsample=19
2019-01-18 14:49:16,688 Built Data Sampler
2019-01-18 14:49:16,688 Creating a fresh model warm_start?=None
2019-01-18 14:49:16,688 	 Warmstarting? None None 20
2019-01-18 14:49:16,688 Embedding() torch.Size([20, 10])
2019-01-18 14:49:16,689 relative No Rescale
2019-01-18 14:49:16,689 Constructed model with dim=0 and epochs=0 isnan=False
2019-01-18 14:49:16,689 SGD (
Parameter Group 0
    dampening: 0
    initial_lr: 0.1
    lr: 1.0
    momentum: 0.0
    nesterov: False
    weight_decay: 0

Parameter Group 1
    dampening: 0
    initial_lr: 0.1
    lr: 1.0
    momentum: 0.0
    nesterov: False
    weight_decay: 0

Parameter Group 2
    dampening: 0
    initial_lr: 0.1
    lr: 1.0
    momentum: 0.0
    nesterov: False
    weight_decay: 0

Parameter Group 3
    dampening: 0
    initial_lr: 0.0001
    lr: 0.001
    momentum: 0.0
    nesterov: False
    weight_decay: 0
)
2019-01-18 14:49:16,689 *** Initial Checkpoint. Computing Stats
2019-01-18 14:49:16,689 	 Computing Major Stats lazily... 
2019-01-18 14:49:16,691 		 Completed edges=380 good=380 bad=0
2019-01-18 14:49:16,695 Distortion avg=0.998355694881171 wc=12.428666119392732 me=0.006218119634235663 mc=1998.7820837288336 nan_elements=0
2019-01-18 14:49:16,695 MAP = 0.17807971252746793
2019-01-18 14:49:16,695 scale=[array([1.])]
2019-01-18 14:49:16,695 *** End Initial Checkpoint

2019-01-18 14:49:16,751 1 loss=0.9967153952819301
2019-01-18 14:49:16,752 2 loss=0.9356727821162105
2019-01-18 14:49:16,753 3 loss=0.878999004098302
2019-01-18 14:49:16,754 4 loss=0.8283235988099591
2019-01-18 14:49:16,755 5 loss=0.7831710983580263
2019-01-18 14:49:16,756 6 loss=0.7429184147111428
2019-01-18 14:49:16,756 7 loss=0.7069681227308879
2019-01-18 14:49:16,757 8 loss=0.6747821235091614
2019-01-18 14:49:16,758 9 loss=0.6458863222667526
2019-01-18 14:49:16,759 10 loss=0.6198670542574448
2019-01-18 14:49:16,759 
*** Major Checkpoint. Computing Stats and Saving
2019-01-18 14:49:16,759 	 Computing Major Stats lazily... 
2019-01-18 14:49:16,761 		 Completed edges=380 good=380 bad=0
2019-01-18 14:49:16,765 Distortion avg=0.7438058965705295 wc=22.820878206866904 me=1.0929619291339827 mc=20.87984731997867 nan_elements=0
2019-01-18 14:49:16,765 MAP = 0.09175334972045497
2019-01-18 14:49:16,765 scale=[array([1.])]
2019-01-18 14:49:16,765 *** End Major Checkpoint

2019-01-18 14:49:16,766 11 loss=0.5963650735842974
2019-01-18 14:49:16,767 12 loss=0.5750690973578072
2019-01-18 14:49:16,768 13 loss=0.5557096476459916
2019-01-18 14:49:16,769 14 loss=0.5380534591919252
2019-01-18 14:49:16,770 15 loss=0.521898524340592
2019-01-18 14:49:16,771 16 loss=0.5070697623250429
2019-01-18 14:49:16,772 17 loss=0.4934152649535236
2019-01-18 14:49:16,772 18 loss=0.48080305830806264
2019-01-18 14:49:16,773 19 loss=0.46911831830927747
2019-01-18 14:49:16,774 20 loss=0.45826098118662495
2019-01-18 14:49:16,774 
*** Major Checkpoint. Computing Stats and Saving
2019-01-18 14:49:16,774 	 Computing Major Stats lazily... 
2019-01-18 14:49:16,776 		 Completed edges=380 good=380 bad=0
2019-01-18 14:49:16,779 Distortion avg=0.6381512561535021 wc=17.816541162033033 me=1.449114303697919 mc=12.294779726187183 nan_elements=0
2019-01-18 14:49:16,779 MAP = 0.09809120433230341
2019-01-18 14:49:16,780 scale=[array([1.])]
2019-01-18 14:49:16,780 *** End Major Checkpoint

2019-01-18 14:49:16,781 21 loss=0.4481436951783081
2019-01-18 14:49:16,781 22 loss=0.4386900657412316
2019-01-18 14:49:16,782 23 loss=0.4298331524642654
2019-01-18 14:49:16,783 24 loss=0.4215141814057911
2019-01-18 14:49:16,783 25 loss=0.41368144157427345
2019-01-18 14:49:16,784 26 loss=0.4062893386979482
2019-01-18 14:49:16,785 27 loss=0.39929758330020154
2019-01-18 14:49:16,786 28 loss=0.39267049345071786
2019-01-18 14:49:16,786 29 loss=0.3863763954500505
2019-01-18 14:49:16,787 30 loss=0.38038710818070126
2019-01-18 14:49:16,787 
*** Major Checkpoint. Computing Stats and Saving
2019-01-18 14:49:16,787 	 Computing Major Stats lazily... 
2019-01-18 14:49:16,789 		 Completed edges=380 good=380 bad=0
2019-01-18 14:49:16,792 Distortion avg=0.5849723359423049 wc=14.725816314274729 me=1.567777873568429 mc=9.392795090772143 nan_elements=0
2019-01-18 14:49:16,792 MAP = 0.11240531909610858
2019-01-18 14:49:16,792 scale=[array([1.])]
2019-01-18 14:49:16,792 *** End Major Checkpoint

2019-01-18 14:49:16,793 31 loss=0.37467749897327096
2019-01-18 14:49:16,793 32 loss=0.3692251006400303
2019-01-18 14:49:16,795 33 loss=0.3640097808638569
2019-01-18 14:49:16,796 34 loss=0.3590134564363752
2019-01-18 14:49:16,797 35 loss=0.35421984594890954
2019-01-18 14:49:16,798 36 loss=0.34961425548263625
2019-01-18 14:49:16,798 37 loss=0.3451833926451234
2019-01-18 14:49:16,799 38 loss=0.3409152049807331
2019-01-18 14:49:16,800 39 loss=0.33679873936042154
2019-01-18 14:49:16,801 40 loss=0.3328240194478739
2019-01-18 14:49:16,801 
*** Major Checkpoint. Computing Stats and Saving
2019-01-18 14:49:16,801 	 Computing Major Stats lazily... 
2019-01-18 14:49:16,803 		 Completed edges=380 good=380 bad=0
2019-01-18 14:49:16,806 Distortion avg=0.541165599590365 wc=13.013287905230806 me=1.639571782772638 mc=7.937004065308058 nan_elements=0
2019-01-18 14:49:16,807 MAP = 0.140456411235823
2019-01-18 14:49:16,807 scale=[array([1.])]
2019-01-18 14:49:16,807 *** End Major Checkpoint

2019-01-18 14:49:16,808 41 loss=0.3289819387568876
2019-01-18 14:49:16,808 42 loss=0.3252641671706733
2019-01-18 14:49:16,809 43 loss=0.3216630690967765
2019-01-18 14:49:16,810 44 loss=0.31817163168967116
2019-01-18 14:49:16,811 45 loss=0.3147834017935384
2019-01-18 14:49:16,811 46 loss=0.31149243044606373
2019-01-18 14:49:16,812 47 loss=0.3082932239451191
2019-01-18 14:49:16,813 48 loss=0.3051807006180582
2019-01-18 14:49:16,813 49 loss=0.30215015255149924
2019-01-18 14:49:16,814 50 loss=0.299197211640857
2019-01-18 14:49:16,814 
*** Major Checkpoint. Computing Stats and Saving
2019-01-18 14:49:16,814 	 Computing Major Stats lazily... 
2019-01-18 14:49:16,816 		 Completed edges=380 good=380 bad=0
2019-01-18 14:49:16,819 Distortion avg=0.5043042043553584 wc=12.402029001718052 me=1.75616404126016 mc=7.061999169974351 nan_elements=0
2019-01-18 14:49:16,819 MAP = 0.21986258839200015
2019-01-18 14:49:16,819 scale=[array([1.])]
2019-01-18 14:49:16,819 *** End Major Checkpoint

2019-01-18 14:49:16,819 final loss=0.299197211640857
2019-01-18 14:49:16,819 best loss=0.299197211640857, distortion=0.5043042043553584, map=0.21986258839200015, wc_dist=12.402029001718052
2019-01-18 14:49:16,819 	 Computing Major Stats lazily... 
2019-01-18 14:49:16,821 		 Completed edges=380 good=380 bad=0
2019-01-18 14:49:16,824 Distortion avg=0.5043042043553585 wc=12.402029001718052 me=1.75616404126016 mc=7.061999169974351 nan_elements=0
2019-01-18 14:49:16,824 MAP = 0.21986258839200024
2019-01-18 14:49:16,825 scale=[array([1.])]
