2019-01-18 15:04:10,290 Commandline ['pytorch/pytorch_hyperbolic.py', 'learn', 'data/edges/parsing/ewt/ewt_dev/530.edges', '--dim', '0', '--hyp', '0', '--edim', '10', '--euc', '1', '--sdim', '0', '--sph', '0', '--log-name', 'ewt_devr2/530.edges.E10-1.lr1.log', '--batch-size', '65536', '--epochs', '50', '--checkpoint-freq', '10', '-g', '--subsample', '1024', '--learning-rate', '1']
2019-01-18 15:04:10,290 No Model Save selected!
2019-01-18 15:04:10,292 Loaded Graph data/edges/parsing/ewt/ewt_dev/530.edges with 18 nodes scale=1.0
2019-01-18 15:04:10,292 Building dataset
2019-01-18 15:04:10,293 Subsample: 18 points with scale 1.0 subsample=17
2019-01-18 15:04:10,311 Built Data Sampler
2019-01-18 15:04:10,311 Creating a fresh model warm_start?=None
2019-01-18 15:04:10,311 	 Warmstarting? None None 18
2019-01-18 15:04:10,311 Embedding() torch.Size([18, 10])
2019-01-18 15:04:10,312 relative No Rescale
2019-01-18 15:04:10,312 Constructed model with dim=0 and epochs=0 isnan=False
2019-01-18 15:04:10,312 SGD (
Parameter Group 0
    dampening: 0
    initial_lr: 0.1
    lr: 1.0
    momentum: 0.0
    nesterov: False
    weight_decay: 0

Parameter Group 1
    dampening: 0
    initial_lr: 0.1
    lr: 1.0
    momentum: 0.0
    nesterov: False
    weight_decay: 0

Parameter Group 2
    dampening: 0
    initial_lr: 0.1
    lr: 1.0
    momentum: 0.0
    nesterov: False
    weight_decay: 0

Parameter Group 3
    dampening: 0
    initial_lr: 0.0001
    lr: 0.001
    momentum: 0.0
    nesterov: False
    weight_decay: 0
)
2019-01-18 15:04:10,312 *** Initial Checkpoint. Computing Stats
2019-01-18 15:04:10,312 	 Computing Major Stats lazily... 
2019-01-18 15:04:10,314 		 Completed edges=306 good=306 bad=0
2019-01-18 15:04:10,317 Distortion avg=0.9982290546148214 wc=9.504732860113911 me=0.006009979300171955 mc=1581.4917798206004 nan_elements=0
2019-01-18 15:04:10,317 MAP = 0.1925791483389523
2019-01-18 15:04:10,317 scale=[array([1.])]
2019-01-18 15:04:10,317 *** End Initial Checkpoint

2019-01-18 15:04:10,376 1 loss=0.9964624939244987
2019-01-18 15:04:10,376 2 loss=0.9146280812131632
2019-01-18 15:04:10,377 3 loss=0.8413242428122534
2019-01-18 15:04:10,378 4 loss=0.7779961394413615
2019-01-18 15:04:10,379 5 loss=0.7233377306194418
2019-01-18 15:04:10,379 6 loss=0.6760149910493946
2019-01-18 15:04:10,380 7 loss=0.6348603800276112
2019-01-18 15:04:10,381 8 loss=0.5988878939764087
2019-01-18 15:04:10,381 9 loss=0.5672753230756785
2019-01-18 15:04:10,382 10 loss=0.5393404936190842
2019-01-18 15:04:10,382 
*** Major Checkpoint. Computing Stats and Saving
2019-01-18 15:04:10,382 	 Computing Major Stats lazily... 
2019-01-18 15:04:10,384 		 Completed edges=306 good=306 bad=0
2019-01-18 15:04:10,386 Distortion avg=0.6796083867195223 wc=15.248250829373125 me=1.1605832799786873 mc=13.138437449877049 nan_elements=0
2019-01-18 15:04:10,387 MAP = 0.10109633150074328
2019-01-18 15:04:10,387 scale=[array([1.])]
2019-01-18 15:04:10,387 *** End Major Checkpoint

2019-01-18 15:04:10,387 11 loss=0.5145183926201169
2019-01-18 15:04:10,388 12 loss=0.4923410403424425
2019-01-18 15:04:10,389 13 loss=0.4724204182834946
2019-01-18 15:04:10,390 14 loss=0.4544342439784539
2019-01-18 15:04:10,390 15 loss=0.4381142293922029
2019-01-18 15:04:10,391 16 loss=0.42323643975259695
2019-01-18 15:04:10,392 17 loss=0.40961339957959536
2019-01-18 15:04:10,392 18 loss=0.39708763836235367
2019-01-18 15:04:10,393 19 loss=0.3855264158526169
2019-01-18 15:04:10,394 20 loss=0.37481741073129526
2019-01-18 15:04:10,394 
*** Major Checkpoint. Computing Stats and Saving
2019-01-18 15:04:10,394 	 Computing Major Stats lazily... 
2019-01-18 15:04:10,395 		 Completed edges=306 good=306 bad=0
2019-01-18 15:04:10,398 Distortion avg=0.5749603522441751 wc=11.612764452940098 me=1.4692769707786393 mc=7.903727264428534 nan_elements=0
2019-01-18 15:04:10,398 MAP = 0.11706319733280518
2019-01-18 15:04:10,398 scale=[array([1.])]
2019-01-18 15:04:10,398 *** End Major Checkpoint

2019-01-18 15:04:10,399 21 loss=0.3648651945998185
2019-01-18 15:04:10,400 22 loss=0.3555883455963587
2019-01-18 15:04:10,400 23 loss=0.3469170828642409
2019-01-18 15:04:10,401 24 loss=0.33879132527470346
2019-01-18 15:04:10,402 25 loss=0.3311590959417798
2019-01-18 15:04:10,403 26 loss=0.3239752088328314
2019-01-18 15:04:10,403 27 loss=0.3172001857656945
2019-01-18 15:04:10,404 28 loss=0.3107993617980192
2019-01-18 15:04:10,405 29 loss=0.30474214487945606
2019-01-18 15:04:10,405 30 loss=0.299001402002642
2019-01-18 15:04:10,405 
*** Major Checkpoint. Computing Stats and Saving
2019-01-18 15:04:10,406 	 Computing Major Stats lazily... 
2019-01-18 15:04:10,407 		 Completed edges=306 good=306 bad=0
2019-01-18 15:04:10,410 Distortion avg=0.5096569365282168 wc=10.027775146490864 me=1.642902966017093 mc=6.1036928862580995 nan_elements=0
2019-01-18 15:04:10,410 MAP = 0.1698774292156645
2019-01-18 15:04:10,410 scale=[array([1.])]
2019-01-18 15:04:10,410 *** End Major Checkpoint

2019-01-18 15:04:10,411 31 loss=0.29355294924090614
2019-01-18 15:04:10,411 32 loss=0.28837512723245395
2019-01-18 15:04:10,412 33 loss=0.2834484470514849
2019-01-18 15:04:10,413 34 loss=0.2787552941490154
2019-01-18 15:04:10,413 35 loss=0.2742796802732816
2019-01-18 15:04:10,414 36 loss=0.270007035090751
2019-01-18 15:04:10,415 37 loss=0.26592403070380854
2019-01-18 15:04:10,415 38 loss=0.2620184334644173
2019-01-18 15:04:10,416 39 loss=0.2582789784661944
2019-01-18 15:04:10,417 40 loss=0.2546952629020588
2019-01-18 15:04:10,417 
*** Major Checkpoint. Computing Stats and Saving
2019-01-18 15:04:10,417 	 Computing Major Stats lazily... 
2019-01-18 15:04:10,418 		 Completed edges=306 good=306 bad=0
2019-01-18 15:04:10,421 Distortion avg=0.4601093516522458 wc=8.91692546975001 me=1.7159977900314098 mc=5.196350206014423 nan_elements=0
2019-01-18 15:04:10,421 MAP = 0.24837583712583713
2019-01-18 15:04:10,421 scale=[array([1.])]
2019-01-18 15:04:10,421 *** End Major Checkpoint

2019-01-18 15:04:10,422 41 loss=0.25125765513446724
2019-01-18 15:04:10,423 42 loss=0.24795721686733407
2019-01-18 15:04:10,423 43 loss=0.24478563625488725
2019-01-18 15:04:10,424 44 loss=0.24173517015063858
2019-01-18 15:04:10,425 45 loss=0.23879859400362582
2019-01-18 15:04:10,425 46 loss=0.23596915816073086
2019-01-18 15:04:10,426 47 loss=0.23324054954259626
2019-01-18 15:04:10,427 48 loss=0.23060685783409185
2019-01-18 15:04:10,427 49 loss=0.22806254547464955
2019-01-18 15:04:10,428 50 loss=0.22560242085414506
2019-01-18 15:04:10,428 
*** Major Checkpoint. Computing Stats and Saving
2019-01-18 15:04:10,428 	 Computing Major Stats lazily... 
2019-01-18 15:04:10,430 		 Completed edges=306 good=306 bad=0
2019-01-18 15:04:10,432 Distortion avg=0.4240093077115849 wc=8.106354374028333 me=1.7419024481977299 mc=4.6537361391366225 nan_elements=0
2019-01-18 15:04:10,432 MAP = 0.3570610305332527
2019-01-18 15:04:10,433 scale=[array([1.])]
2019-01-18 15:04:10,433 *** End Major Checkpoint

2019-01-18 15:04:10,433 final loss=0.22560242085414506
2019-01-18 15:04:10,433 best loss=0.22560242085414506, distortion=0.4240093077115849, map=0.3570610305332527, wc_dist=8.106354374028333
2019-01-18 15:04:10,433 	 Computing Major Stats lazily... 
2019-01-18 15:04:10,434 		 Completed edges=306 good=306 bad=0
2019-01-18 15:04:10,437 Distortion avg=0.424009307711585 wc=8.106354374028333 me=1.7419024481977299 mc=4.6537361391366225 nan_elements=0
2019-01-18 15:04:10,437 MAP = 0.3570610305332527
2019-01-18 15:04:10,437 scale=[array([1.])]
