2019-01-18 14:41:33,087 Commandline ['pytorch/pytorch_hyperbolic.py', 'learn', 'data/edges/parsing/ewt/ewt_dev/538.edges', '--dim', '0', '--hyp', '0', '--edim', '10', '--euc', '1', '--sdim', '0', '--sph', '0', '--log-name', 'ewt_devr2/538.edges.E10-1.lr1.log', '--batch-size', '65536', '--epochs', '50', '-g', '--subsample', '1024', '--learning-rate', '1']
2019-01-18 14:41:33,087 No Model Save selected!
2019-01-18 14:41:33,089 Loaded Graph data/edges/parsing/ewt/ewt_dev/538.edges with 19 nodes scale=1.0
2019-01-18 14:41:33,089 Building dataset
2019-01-18 14:41:33,090 Subsample: 19 points with scale 1.0 subsample=18
2019-01-18 14:41:33,112 Built Data Sampler
2019-01-18 14:41:33,112 Creating a fresh model warm_start?=None
2019-01-18 14:41:33,112 	 Warmstarting? None None 19
2019-01-18 14:41:33,113 Embedding() torch.Size([19, 10])
2019-01-18 14:41:33,113 relative No Rescale
2019-01-18 14:41:33,113 Constructed model with dim=0 and epochs=0 isnan=False
2019-01-18 14:41:33,113 SGD (
Parameter Group 0
    dampening: 0
    initial_lr: 0.1
    lr: 1.0
    momentum: 0.0
    nesterov: False
    weight_decay: 0

Parameter Group 1
    dampening: 0
    initial_lr: 0.1
    lr: 1.0
    momentum: 0.0
    nesterov: False
    weight_decay: 0

Parameter Group 2
    dampening: 0
    initial_lr: 0.1
    lr: 1.0
    momentum: 0.0
    nesterov: False
    weight_decay: 0

Parameter Group 3
    dampening: 0
    initial_lr: 0.0001
    lr: 0.001
    momentum: 0.0
    nesterov: False
    weight_decay: 0
)
2019-01-18 14:41:33,113 *** Initial Checkpoint. Computing Stats
2019-01-18 14:41:33,113 	 Computing Major Stats lazily... 
2019-01-18 14:41:33,115 		 Completed edges=342 good=342 bad=0
2019-01-18 14:41:33,118 Distortion avg=0.998250764618605 wc=11.897993854268979 me=0.005325560980892679 mc=2234.1296807899134 nan_elements=0
2019-01-18 14:41:33,119 MAP = 0.29349337309863627
2019-01-18 14:41:33,119 scale=[array([1.])]
2019-01-18 14:41:33,119 *** End Initial Checkpoint

2019-01-18 14:41:33,177 1 loss=0.9965056041635719
2019-01-18 14:41:33,178 2 loss=0.925177170619972
2019-01-18 14:41:33,179 3 loss=0.8590208535546245
2019-01-18 14:41:33,179 4 loss=0.8004511491220917
2019-01-18 14:41:33,180 5 loss=0.7488486200115632
2019-01-18 14:41:33,181 6 loss=0.7033541328035392
2019-01-18 14:41:33,181 7 loss=0.6631470197889913
2019-01-18 14:41:33,182 8 loss=0.6274973843590265
2019-01-18 14:41:33,183 9 loss=0.5957720384337319
2019-01-18 14:41:33,184 10 loss=0.5674276791990971
2019-01-18 14:41:33,184 11 loss=0.5420005942011294
2019-01-18 14:41:33,185 12 loss=0.5190960008764617
2019-01-18 14:41:33,186 13 loss=0.49837812670866677
2019-01-18 14:41:33,187 14 loss=0.4795613891844318
2019-01-18 14:41:33,187 15 loss=0.46240273346779104
2019-01-18 14:41:33,188 16 loss=0.4466950626678456
2019-01-18 14:41:33,189 17 loss=0.4322616493905857
2019-01-18 14:41:33,189 18 loss=0.4189514055837596
2019-01-18 14:41:33,190 19 loss=0.40663489150253423
2019-01-18 14:41:33,191 20 loss=0.39520095499826513
2019-01-18 14:41:33,191 21 loss=0.3845539049434012
2019-01-18 14:41:33,192 22 loss=0.37461113536702895
2019-01-18 14:41:33,193 23 loss=0.36530112881954563
2019-01-18 14:41:33,194 24 loss=0.3565617782124947
2019-01-18 14:41:33,194 25 loss=0.348338975782469
2019-01-18 14:41:33,195 26 loss=0.3405854259427722
2019-01-18 14:41:33,196 27 loss=0.3332596457173935
2019-01-18 14:41:33,197 28 loss=0.32632512232911354
2019-01-18 14:41:33,197 29 loss=0.3197496024720612
2019-01-18 14:41:33,198 30 loss=0.313504491967076
2019-01-18 14:41:33,199 31 loss=0.30756434799252136
2019-01-18 14:41:33,199 32 loss=0.30190644900703456
2019-01-18 14:41:33,200 33 loss=0.29651042992391236
2019-01-18 14:41:33,201 34 loss=0.2913579721365145
2019-01-18 14:41:33,201 35 loss=0.2864325396959181
2019-01-18 14:41:33,202 36 loss=0.2817191543615709
2019-01-18 14:41:33,203 37 loss=0.27720420342967267
2019-01-18 14:41:33,203 38 loss=0.27287527523164357
2019-01-18 14:41:33,204 39 loss=0.26872101801916165
2019-01-18 14:41:33,205 40 loss=0.26473101864022874
2019-01-18 14:41:33,206 41 loss=0.2608956979853915
2019-01-18 14:41:33,206 42 loss=0.25720622066360105
2019-01-18 14:41:33,207 43 loss=0.25365441676902195
2019-01-18 14:41:33,208 44 loss=0.25023271393654295
2019-01-18 14:41:33,208 45 loss=0.24693407816568705
2019-01-18 14:41:33,209 46 loss=0.2437519621291367
2019-01-18 14:41:33,210 47 loss=0.24068025988068775
2019-01-18 14:41:33,211 48 loss=0.23771326704438547
2019-01-18 14:41:33,211 49 loss=0.2348456457070613
2019-01-18 14:41:33,212 50 loss=0.23207239335479646
2019-01-18 14:41:33,212 final loss=0.23207239335479646
2019-01-18 14:41:33,212 best loss=10000000000.0, distortion=10000000000.0, map=0.0, wc_dist=10000000000.0
2019-01-18 14:41:33,212 	 Computing Major Stats lazily... 
2019-01-18 14:41:33,214 		 Completed edges=342 good=342 bad=0
2019-01-18 14:41:33,217 Distortion avg=0.42730098852250537 wc=9.490815032001837 me=1.6445954558565756 mc=5.770911623405049 nan_elements=0
2019-01-18 14:41:33,217 MAP = 0.37227633477633476
2019-01-18 14:41:33,218 scale=[array([1.])]
2019-01-18 14:44:33,975 Commandline ['pytorch/pytorch_hyperbolic.py', 'learn', 'data/edges/parsing/ewt/ewt_dev/538.edges', '--dim', '0', '--hyp', '0', '--edim', '10', '--euc', '1', '--sdim', '0', '--sph', '0', '--log-name', 'ewt_devr2/538.edges.E10-1.lr1.log', '--batch-size', '65536', '--epochs', '50', '--checkpoint-freq', '10', '-g', '--subsample', '1024', '--learning-rate', '1']
2019-01-18 14:44:33,976 No Model Save selected!
2019-01-18 14:44:33,976 Loaded Graph data/edges/parsing/ewt/ewt_dev/538.edges with 19 nodes scale=1.0
2019-01-18 14:44:33,977 Building dataset
2019-01-18 14:44:33,977 Subsample: 19 points with scale 1.0 subsample=18
2019-01-18 14:44:33,997 Built Data Sampler
2019-01-18 14:44:33,997 Creating a fresh model warm_start?=None
2019-01-18 14:44:33,997 	 Warmstarting? None None 19
2019-01-18 14:44:33,997 Embedding() torch.Size([19, 10])
2019-01-18 14:44:33,998 relative No Rescale
2019-01-18 14:44:33,998 Constructed model with dim=0 and epochs=0 isnan=False
2019-01-18 14:44:33,998 SGD (
Parameter Group 0
    dampening: 0
    initial_lr: 0.1
    lr: 1.0
    momentum: 0.0
    nesterov: False
    weight_decay: 0

Parameter Group 1
    dampening: 0
    initial_lr: 0.1
    lr: 1.0
    momentum: 0.0
    nesterov: False
    weight_decay: 0

Parameter Group 2
    dampening: 0
    initial_lr: 0.1
    lr: 1.0
    momentum: 0.0
    nesterov: False
    weight_decay: 0

Parameter Group 3
    dampening: 0
    initial_lr: 0.0001
    lr: 0.001
    momentum: 0.0
    nesterov: False
    weight_decay: 0
)
2019-01-18 14:44:33,998 *** Initial Checkpoint. Computing Stats
2019-01-18 14:44:33,998 	 Computing Major Stats lazily... 
2019-01-18 14:44:34,000 		 Completed edges=342 good=342 bad=0
2019-01-18 14:44:34,003 Distortion avg=0.998250764618605 wc=11.897993854268979 me=0.005325560980892679 mc=2234.1296807899134 nan_elements=0
2019-01-18 14:44:34,003 MAP = 0.29349337309863627
2019-01-18 14:44:34,004 scale=[array([1.])]
2019-01-18 14:44:34,004 *** End Initial Checkpoint

2019-01-18 14:44:34,063 1 loss=0.9965056041635719
2019-01-18 14:44:34,064 2 loss=0.925177170619972
2019-01-18 14:44:34,065 3 loss=0.8590208535546245
2019-01-18 14:44:34,065 4 loss=0.8004511491220917
2019-01-18 14:44:34,066 5 loss=0.7488486200115632
2019-01-18 14:44:34,067 6 loss=0.7033541328035392
2019-01-18 14:44:34,068 7 loss=0.6631470197889913
2019-01-18 14:44:34,069 8 loss=0.6274973843590265
2019-01-18 14:44:34,069 9 loss=0.5957720384337319
2019-01-18 14:44:34,070 10 loss=0.5674276791990971
2019-01-18 14:44:34,070 
*** Major Checkpoint. Computing Stats and Saving
2019-01-18 14:44:34,070 	 Computing Major Stats lazily... 
2019-01-18 14:44:34,072 		 Completed edges=342 good=342 bad=0
2019-01-18 14:44:34,075 Distortion avg=0.7032638171429663 wc=16.214775837358097 me=0.9376165096597229 mc=17.29361169551368 nan_elements=0
2019-01-18 14:44:34,075 MAP = 0.10351343416358896
2019-01-18 14:44:34,075 scale=[array([1.])]
2019-01-18 14:44:34,075 *** End Major Checkpoint

2019-01-18 14:44:34,076 11 loss=0.5420005942011293
2019-01-18 14:44:34,077 12 loss=0.5190960008764616
2019-01-18 14:44:34,078 13 loss=0.49837812670866694
2019-01-18 14:44:34,078 14 loss=0.4795613891844318
2019-01-18 14:44:34,079 15 loss=0.46240273346779087
2019-01-18 14:44:34,080 16 loss=0.4466950626678456
2019-01-18 14:44:34,080 17 loss=0.43226164939058587
2019-01-18 14:44:34,081 18 loss=0.4189514055837597
2019-01-18 14:44:34,082 19 loss=0.4066348915025342
2019-01-18 14:44:34,082 20 loss=0.39520095499826513
2019-01-18 14:44:34,082 
*** Major Checkpoint. Computing Stats and Saving
2019-01-18 14:44:34,082 	 Computing Major Stats lazily... 
2019-01-18 14:44:34,084 		 Completed edges=342 good=342 bad=0
2019-01-18 14:44:34,087 Distortion avg=0.5872921019942208 wc=13.484694682429126 me=1.3409627398149233 mc=10.055980141767588 nan_elements=0
2019-01-18 14:44:34,087 MAP = 0.1225483065266347
2019-01-18 14:44:34,087 scale=[array([1.])]
2019-01-18 14:44:34,087 *** End Major Checkpoint

2019-01-18 14:44:34,088 21 loss=0.3845539049434012
2019-01-18 14:44:34,089 22 loss=0.37461113536702895
2019-01-18 14:44:34,089 23 loss=0.3653011288195457
2019-01-18 14:44:34,090 24 loss=0.35656177821249474
2019-01-18 14:44:34,091 25 loss=0.3483389757824689
2019-01-18 14:44:34,091 26 loss=0.34058542594277225
2019-01-18 14:44:34,092 27 loss=0.3332596457173935
2019-01-18 14:44:34,093 28 loss=0.32632512232911354
2019-01-18 14:44:34,094 29 loss=0.3197496024720611
2019-01-18 14:44:34,095 30 loss=0.3135044919670761
2019-01-18 14:44:34,095 
*** Major Checkpoint. Computing Stats and Saving
2019-01-18 14:44:34,095 	 Computing Major Stats lazily... 
2019-01-18 14:44:34,096 		 Completed edges=342 good=342 bad=0
2019-01-18 14:44:34,099 Distortion avg=0.5207872303438776 wc=11.775528589058895 me=1.5360246686983388 mc=7.66623663605464 nan_elements=0
2019-01-18 14:44:34,100 MAP = 0.17115189878347772
2019-01-18 14:44:34,100 scale=[array([1.])]
2019-01-18 14:44:34,100 *** End Major Checkpoint

2019-01-18 14:44:34,101 31 loss=0.30756434799252136
2019-01-18 14:44:34,101 32 loss=0.30190644900703467
2019-01-18 14:44:34,102 33 loss=0.2965104299239124
2019-01-18 14:44:34,103 34 loss=0.2913579721365146
2019-01-18 14:44:34,104 35 loss=0.2864325396959181
2019-01-18 14:44:34,104 36 loss=0.28171915436157097
2019-01-18 14:44:34,105 37 loss=0.2772042034296727
2019-01-18 14:44:34,106 38 loss=0.27287527523164357
2019-01-18 14:44:34,106 39 loss=0.26872101801916176
2019-01-18 14:44:34,107 40 loss=0.26473101864022874
2019-01-18 14:44:34,107 
*** Major Checkpoint. Computing Stats and Saving
2019-01-18 14:44:34,107 	 Computing Major Stats lazily... 
2019-01-18 14:44:34,109 		 Completed edges=342 good=342 bad=0
2019-01-18 14:44:34,112 Distortion avg=0.4679025240034877 wc=10.491294899290674 me=1.6183175118376976 mc=6.482840865620476 nan_elements=0
2019-01-18 14:44:34,112 MAP = 0.25384958608642816
2019-01-18 14:44:34,112 scale=[array([1.])]
2019-01-18 14:44:34,112 *** End Major Checkpoint

2019-01-18 14:44:34,113 41 loss=0.2608956979853915
2019-01-18 14:44:34,114 42 loss=0.25720622066360105
2019-01-18 14:44:34,114 43 loss=0.253654416769022
2019-01-18 14:44:34,115 44 loss=0.25023271393654295
2019-01-18 14:44:34,116 45 loss=0.24693407816568708
2019-01-18 14:44:34,116 46 loss=0.24375196212913677
2019-01-18 14:44:34,117 47 loss=0.2406802598806877
2019-01-18 14:44:34,118 48 loss=0.23771326704438542
2019-01-18 14:44:34,119 49 loss=0.2348456457070613
2019-01-18 14:44:34,119 50 loss=0.23207239335479654
2019-01-18 14:44:34,119 
*** Major Checkpoint. Computing Stats and Saving
2019-01-18 14:44:34,119 	 Computing Major Stats lazily... 
2019-01-18 14:44:34,121 		 Completed edges=342 good=342 bad=0
2019-01-18 14:44:34,124 Distortion avg=0.42730098852250553 wc=9.490815032001835 me=1.6445954558565758 mc=5.7709116234050475 nan_elements=0
2019-01-18 14:44:34,124 MAP = 0.3722763347763348
2019-01-18 14:44:34,124 scale=[array([1.])]
2019-01-18 14:44:34,124 *** End Major Checkpoint

2019-01-18 14:44:34,124 final loss=0.23207239335479654
2019-01-18 14:44:34,125 best loss=0.23207239335479654, distortion=0.42730098852250553, map=0.3722763347763348, wc_dist=9.490815032001835
2019-01-18 14:44:34,125 	 Computing Major Stats lazily... 
2019-01-18 14:44:34,126 		 Completed edges=342 good=342 bad=0
2019-01-18 14:44:34,129 Distortion avg=0.42730098852250553 wc=9.490815032001835 me=1.6445954558565758 mc=5.7709116234050475 nan_elements=0
2019-01-18 14:44:34,129 MAP = 0.37227633477633476
2019-01-18 14:44:34,129 scale=[array([1.])]
