2019-01-18 15:07:41,543 Commandline ['pytorch/pytorch_hyperbolic.py', 'learn', 'data/edges/parsing/ewt/ewt_dev/539.edges', '--dim', '0', '--hyp', '0', '--edim', '10', '--euc', '1', '--sdim', '0', '--sph', '0', '--log-name', 'ewt_devr2/539.edges.E10-1.lr1.log', '--batch-size', '65536', '--epochs', '50', '--checkpoint-freq', '10', '-g', '--subsample', '1024', '--learning-rate', '1']
2019-01-18 15:07:41,543 No Model Save selected!
2019-01-18 15:07:41,545 Loaded Graph data/edges/parsing/ewt/ewt_dev/539.edges with 17 nodes scale=1.0
2019-01-18 15:07:41,545 Building dataset
2019-01-18 15:07:41,546 Subsample: 17 points with scale 1.0 subsample=16
2019-01-18 15:07:41,562 Built Data Sampler
2019-01-18 15:07:41,563 Creating a fresh model warm_start?=None
2019-01-18 15:07:41,563 	 Warmstarting? None None 17
2019-01-18 15:07:41,563 Embedding() torch.Size([17, 10])
2019-01-18 15:07:41,563 relative No Rescale
2019-01-18 15:07:41,563 Constructed model with dim=0 and epochs=0 isnan=False
2019-01-18 15:07:41,564 SGD (
Parameter Group 0
    dampening: 0
    initial_lr: 0.1
    lr: 1.0
    momentum: 0.0
    nesterov: False
    weight_decay: 0

Parameter Group 1
    dampening: 0
    initial_lr: 0.1
    lr: 1.0
    momentum: 0.0
    nesterov: False
    weight_decay: 0

Parameter Group 2
    dampening: 0
    initial_lr: 0.1
    lr: 1.0
    momentum: 0.0
    nesterov: False
    weight_decay: 0

Parameter Group 3
    dampening: 0
    initial_lr: 0.0001
    lr: 0.001
    momentum: 0.0
    nesterov: False
    weight_decay: 0
)
2019-01-18 15:07:41,564 *** Initial Checkpoint. Computing Stats
2019-01-18 15:07:41,564 	 Computing Major Stats lazily... 
2019-01-18 15:07:41,565 		 Completed edges=272 good=272 bad=0
2019-01-18 15:07:41,568 Distortion avg=0.9983186650782395 wc=13.427073135447158 me=0.006009979300171955 mc=2234.1296807899134 nan_elements=0
2019-01-18 15:07:41,568 MAP = 0.21866099586687823
2019-01-18 15:07:41,568 scale=[array([1.])]
2019-01-18 15:07:41,569 *** End Initial Checkpoint

2019-01-18 15:07:41,626 1 loss=0.9966414487602954
2019-01-18 15:07:41,627 2 loss=0.9199205856980145
2019-01-18 15:07:41,628 3 loss=0.8504222623058988
2019-01-18 15:07:41,629 4 loss=0.7899355507567617
2019-01-18 15:07:41,629 5 loss=0.7375664610773675
2019-01-18 15:07:41,630 6 loss=0.692210184732828
2019-01-18 15:07:41,631 7 loss=0.6528354216127257
2019-01-18 15:07:41,631 8 loss=0.618537473843502
2019-01-18 15:07:41,632 9 loss=0.5885408444804596
2019-01-18 15:07:41,633 10 loss=0.5621878793880339
2019-01-18 15:07:41,633 
*** Major Checkpoint. Computing Stats and Saving
2019-01-18 15:07:41,633 	 Computing Major Stats lazily... 
2019-01-18 15:07:41,634 		 Completed edges=272 good=272 bad=0
2019-01-18 15:07:41,637 Distortion avg=0.6945798713751729 wc=16.931427840350377 me=1.1559785369212368 mc=14.646835818807258 nan_elements=0
2019-01-18 15:07:41,637 MAP = 0.11009305237246414
2019-01-18 15:07:41,637 scale=[array([1.])]
2019-01-18 15:07:41,637 *** End Major Checkpoint

2019-01-18 15:07:41,638 11 loss=0.5389239364033832
2019-01-18 15:07:41,639 12 loss=0.5182826216875508
2019-01-18 15:07:41,639 13 loss=0.49987232387479885
2019-01-18 15:07:41,640 14 loss=0.48336440370789663
2019-01-18 15:07:41,641 15 loss=0.4684830467068838
2019-01-18 15:07:41,641 16 loss=0.45499664795736267
2019-01-18 15:07:41,642 17 loss=0.44271055113756136
2019-01-18 15:07:41,643 18 loss=0.43146095755980557
2019-01-18 15:07:41,643 19 loss=0.42110983232323573
2019-01-18 15:07:41,644 20 loss=0.4115406528769764
2019-01-18 15:07:41,644 
*** Major Checkpoint. Computing Stats and Saving
2019-01-18 15:07:41,644 	 Computing Major Stats lazily... 
2019-01-18 15:07:41,645 		 Completed edges=272 good=272 bad=0
2019-01-18 15:07:41,648 Distortion avg=0.6029850769979914 wc=13.115668751554923 me=1.5346221298956026 mc=8.546513500653843 nan_elements=0
2019-01-18 15:07:41,648 MAP = 0.12544363316422139
2019-01-18 15:07:41,648 scale=[array([1.])]
2019-01-18 15:07:41,648 *** End Major Checkpoint

2019-01-18 15:07:41,649 21 loss=0.4026548652348701
2019-01-18 15:07:41,650 22 loss=0.3943689323547173
2019-01-18 15:07:41,650 23 loss=0.3866118767474907
2019-01-18 15:07:41,651 24 loss=0.3793232348506465
2019-01-18 15:07:41,652 25 loss=0.37245135406042135
2019-01-18 15:07:41,652 26 loss=0.3659519747084976
2019-01-18 15:07:41,653 27 loss=0.3597870488937564
2019-01-18 15:07:41,653 28 loss=0.35392375616373106
2019-01-18 15:07:41,654 29 loss=0.3483336828001738
2019-01-18 15:07:41,655 30 loss=0.34299213709825055
2019-01-18 15:07:41,655 
*** Major Checkpoint. Computing Stats and Saving
2019-01-18 15:07:41,655 	 Computing Major Stats lazily... 
2019-01-18 15:07:41,656 		 Completed edges=272 good=272 bad=0
2019-01-18 15:07:41,659 Distortion avg=0.5484882865901088 wc=10.442258760175 me=1.6136705305014567 mc=6.471121931519696 nan_elements=0
2019-01-18 15:07:41,659 MAP = 0.18018072613660852
2019-01-18 15:07:41,659 scale=[array([1.])]
2019-01-18 15:07:41,659 *** End Major Checkpoint

2019-01-18 15:07:41,660 31 loss=0.3378775777160985
2019-01-18 15:07:41,660 32 loss=0.33297113606433915
2019-01-18 15:07:41,661 33 loss=0.3282562169350231
2019-01-18 15:07:41,662 34 loss=0.32371816424768685
2019-01-18 15:07:41,662 35 loss=0.31934398101037076
2019-01-18 15:07:41,663 36 loss=0.31512209443388883
2019-01-18 15:07:41,664 37 loss=0.31104215866366297
2019-01-18 15:07:41,665 38 loss=0.3070948888592299
2019-01-18 15:07:41,665 39 loss=0.30327192140209647
2019-01-18 15:07:41,666 40 loss=0.2995656958851436
2019-01-18 15:07:41,666 
*** Major Checkpoint. Computing Stats and Saving
2019-01-18 15:07:41,666 	 Computing Major Stats lazily... 
2019-01-18 15:07:41,667 		 Completed edges=272 good=272 bad=0
2019-01-18 15:07:41,670 Distortion avg=0.502735284693735 wc=8.980439335305654 me=1.6586005951843719 mc=5.414467691245088 nan_elements=0
2019-01-18 15:07:41,670 MAP = 0.24898683832507368
2019-01-18 15:07:41,670 scale=[array([1.])]
2019-01-18 15:07:41,670 *** End Major Checkpoint

2019-01-18 15:07:41,671 41 loss=0.2959693552620301
2019-01-18 15:07:41,672 42 loss=0.2924766611384291
2019-01-18 15:07:41,672 43 loss=0.2890819216894033
2019-01-18 15:07:41,673 44 loss=0.28577993010610586
2019-01-18 15:07:41,674 45 loss=0.28256591182453256
2019-01-18 15:07:41,674 46 loss=0.27943547908103367
2019-01-18 15:07:41,675 47 loss=0.27638459158341905
2019-01-18 15:07:41,676 48 loss=0.27340952229076354
2019-01-18 15:07:41,676 49 loss=0.27050682746604693
2019-01-18 15:07:41,677 50 loss=0.26767332030900276
2019-01-18 15:07:41,677 
*** Major Checkpoint. Computing Stats and Saving
2019-01-18 15:07:41,677 	 Computing Major Stats lazily... 
2019-01-18 15:07:41,678 		 Completed edges=272 good=272 bad=0
2019-01-18 15:07:41,681 Distortion avg=0.46395403033084637 wc=8.02419704754209 me=1.682386895971485 mc=4.769531352601604 nan_elements=0
2019-01-18 15:07:41,681 MAP = 0.38186274509803925
2019-01-18 15:07:41,681 scale=[array([1.])]
2019-01-18 15:07:41,681 *** End Major Checkpoint

2019-01-18 15:07:41,681 final loss=0.26767332030900276
2019-01-18 15:07:41,681 best loss=0.26767332030900276, distortion=0.46395403033084637, map=0.38186274509803925, wc_dist=8.02419704754209
2019-01-18 15:07:41,682 	 Computing Major Stats lazily... 
2019-01-18 15:07:41,683 		 Completed edges=272 good=272 bad=0
2019-01-18 15:07:41,685 Distortion avg=0.46395403033084626 wc=8.02419704754209 me=1.682386895971485 mc=4.769531352601604 nan_elements=0
2019-01-18 15:07:41,685 MAP = 0.38186274509803925
2019-01-18 15:07:41,686 scale=[array([1.])]
