2019-01-18 14:57:55,014 Commandline ['pytorch/pytorch_hyperbolic.py', 'learn', 'data/edges/parsing/ewt/ewt_dev/54.edges', '--dim', '0', '--hyp', '0', '--edim', '10', '--euc', '1', '--sdim', '0', '--sph', '0', '--log-name', 'ewt_devr2/54.edges.E10-1.lr1.log', '--batch-size', '65536', '--epochs', '50', '--checkpoint-freq', '10', '-g', '--subsample', '1024', '--learning-rate', '1']
2019-01-18 14:57:55,014 No Model Save selected!
2019-01-18 14:57:55,015 Loaded Graph data/edges/parsing/ewt/ewt_dev/54.edges with 22 nodes scale=1.0
2019-01-18 14:57:55,015 Building dataset
2019-01-18 14:57:55,016 Subsample: 22 points with scale 1.0 subsample=21
2019-01-18 14:57:55,040 Built Data Sampler
2019-01-18 14:57:55,040 Creating a fresh model warm_start?=None
2019-01-18 14:57:55,040 	 Warmstarting? None None 22
2019-01-18 14:57:55,040 Embedding() torch.Size([22, 10])
2019-01-18 14:57:55,041 relative No Rescale
2019-01-18 14:57:55,041 Constructed model with dim=0 and epochs=0 isnan=False
2019-01-18 14:57:55,041 SGD (
Parameter Group 0
    dampening: 0
    initial_lr: 0.1
    lr: 1.0
    momentum: 0.0
    nesterov: False
    weight_decay: 0

Parameter Group 1
    dampening: 0
    initial_lr: 0.1
    lr: 1.0
    momentum: 0.0
    nesterov: False
    weight_decay: 0

Parameter Group 2
    dampening: 0
    initial_lr: 0.1
    lr: 1.0
    momentum: 0.0
    nesterov: False
    weight_decay: 0

Parameter Group 3
    dampening: 0
    initial_lr: 0.0001
    lr: 0.001
    momentum: 0.0
    nesterov: False
    weight_decay: 0
)
2019-01-18 14:57:55,041 *** Initial Checkpoint. Computing Stats
2019-01-18 14:57:55,041 	 Computing Major Stats lazily... 
2019-01-18 14:57:55,044 		 Completed edges=462 good=462 bad=0
2019-01-18 14:57:55,047 Distortion avg=0.9984571082616703 wc=23.345475897158217 me=0.005935337598003825 mc=3933.302109893425 nan_elements=0
2019-01-18 14:57:55,047 MAP = 0.1749240281516703
2019-01-18 14:57:55,047 scale=[array([1.])]
2019-01-18 14:57:55,048 *** End Initial Checkpoint

2019-01-18 14:57:55,105 1 loss=0.9969178327484257
2019-01-18 14:57:55,105 2 loss=0.9474433528576991
2019-01-18 14:57:55,106 3 loss=0.9006884102004075
2019-01-18 14:57:55,107 4 loss=0.8579815337119996
2019-01-18 14:57:55,108 5 loss=0.8191482046855001
2019-01-18 14:57:55,109 6 loss=0.7838581928885455
2019-01-18 14:57:55,109 7 loss=0.7517678930050148
2019-01-18 14:57:55,110 8 loss=0.7225522300397418
2019-01-18 14:57:55,111 9 loss=0.6959133014656926
2019-01-18 14:57:55,112 10 loss=0.6715819267619801
2019-01-18 14:57:55,112 
*** Major Checkpoint. Computing Stats and Saving
2019-01-18 14:57:55,112 	 Computing Major Stats lazily... 
2019-01-18 14:57:55,114 		 Completed edges=462 good=462 bad=0
2019-01-18 14:57:55,117 Distortion avg=0.7840433831788063 wc=25.622472624468948 me=0.9729923643189456 mc=26.333683144989134 nan_elements=0
2019-01-18 14:57:55,117 MAP = 0.08607713746795156
2019-01-18 14:57:55,117 scale=[array([1.])]
2019-01-18 14:57:55,117 *** End Major Checkpoint

2019-01-18 14:57:55,118 11 loss=0.6493166337600864
2019-01-18 14:57:55,119 12 loss=0.6289016828205513
2019-01-18 14:57:55,120 13 loss=0.6101447798978744
2019-01-18 14:57:55,121 14 loss=0.5928747650052123
2019-01-18 14:57:55,121 15 loss=0.5769394054474637
2019-01-18 14:57:55,122 16 loss=0.5622033497786219
2019-01-18 14:57:55,123 17 loss=0.5485462623106001
2019-01-18 14:57:55,124 18 loss=0.5358611397583664
2019-01-18 14:57:55,125 19 loss=0.5240528024389618
2019-01-18 14:57:55,125 20 loss=0.5130365480684642
2019-01-18 14:57:55,125 
*** Major Checkpoint. Computing Stats and Saving
2019-01-18 14:57:55,126 	 Computing Major Stats lazily... 
2019-01-18 14:57:55,127 		 Completed edges=462 good=462 bad=0
2019-01-18 14:57:55,131 Distortion avg=0.6761241973647177 wc=20.74607623077765 me=1.4411444261072848 mc=14.395556652719014 nan_elements=0
2019-01-18 14:57:55,131 MAP = 0.08863098294854908
2019-01-18 14:57:55,131 scale=[array([1.])]
2019-01-18 14:57:55,131 *** End Major Checkpoint

2019-01-18 14:57:55,132 21 loss=0.5027369544249465
2019-01-18 14:57:55,133 22 loss=0.4930868167904645
2019-01-18 14:57:55,134 23 loss=0.484026206499405
2019-01-18 14:57:55,134 24 loss=0.4755016377342033
2019-01-18 14:57:55,135 25 loss=0.4674653307093411
2019-01-18 14:57:55,136 26 loss=0.4598745604472471
2019-01-18 14:57:55,137 27 loss=0.45269108140449144
2019-01-18 14:57:55,137 28 loss=0.4458806192140065
2019-01-18 14:57:55,138 29 loss=0.4394124217484669
2019-01-18 14:57:55,139 30 loss=0.43325886257224244
2019-01-18 14:57:55,139 
*** Major Checkpoint. Computing Stats and Saving
2019-01-18 14:57:55,139 	 Computing Major Stats lazily... 
2019-01-18 14:57:55,141 		 Completed edges=462 good=462 bad=0
2019-01-18 14:57:55,144 Distortion avg=0.6264547893258695 wc=16.758890038829897 me=1.6432920654726233 mc=10.198363632949151 nan_elements=0
2019-01-18 14:57:55,144 MAP = 0.09819144089901197
2019-01-18 14:57:55,145 scale=[array([1.])]
2019-01-18 14:57:55,145 *** End Major Checkpoint

2019-01-18 14:57:55,146 31 loss=0.42739509063221953
2019-01-18 14:57:55,146 32 loss=0.4217987207430144
2019-01-18 14:57:55,147 33 loss=0.416449560053717
2019-01-18 14:57:55,148 34 loss=0.41132936624652655
2019-01-18 14:57:55,149 35 loss=0.4064216337182104
2019-01-18 14:57:55,149 36 loss=0.4017114044390771
2019-01-18 14:57:55,150 37 loss=0.3971851005767509
2019-01-18 14:57:55,151 38 loss=0.39283037631882617
2019-01-18 14:57:55,152 39 loss=0.38863598663445
2019-01-18 14:57:55,152 40 loss=0.3845916709845628
2019-01-18 14:57:55,152 
*** Major Checkpoint. Computing Stats and Saving
2019-01-18 14:57:55,153 	 Computing Major Stats lazily... 
2019-01-18 14:57:55,154 		 Completed edges=462 good=462 bad=0
2019-01-18 14:57:55,158 Distortion avg=0.5867723723885174 wc=13.99789514531527 me=1.7460414627531624 mc=8.016931696022473 nan_elements=0
2019-01-18 14:57:55,158 MAP = 0.11686622660183735
2019-01-18 14:57:55,158 scale=[array([1.])]
2019-01-18 14:57:55,158 *** End Major Checkpoint

2019-01-18 14:57:55,159 41 loss=0.38068805022805785
2019-01-18 14:57:55,160 42 loss=0.3769165351802236
2019-01-18 14:57:55,160 43 loss=0.3732692454638234
2019-01-18 14:57:55,161 44 loss=0.36973893745503666
2019-01-18 14:57:55,162 45 loss=0.36631894026884193
2019-01-18 14:57:55,163 46 loss=0.3630030988536506
2019-01-18 14:57:55,164 47 loss=0.35978572337510356
2019-01-18 14:57:55,164 48 loss=0.35666154416581697
2019-01-18 14:57:55,165 49 loss=0.35362567160306313
2019-01-18 14:57:55,166 50 loss=0.3506735603513382
2019-01-18 14:57:55,166 
*** Major Checkpoint. Computing Stats and Saving
2019-01-18 14:57:55,166 	 Computing Major Stats lazily... 
2019-01-18 14:57:55,168 		 Completed edges=462 good=462 bad=0
2019-01-18 14:57:55,171 Distortion avg=0.5532461583952143 wc=13.219762198638149 me=1.8566376095245913 mc=7.120270606832739 nan_elements=0
2019-01-18 14:57:55,171 MAP = 0.1358619386289665
2019-01-18 14:57:55,172 scale=[array([1.])]
2019-01-18 14:57:55,172 *** End Major Checkpoint

2019-01-18 14:57:55,172 final loss=0.3506735603513382
2019-01-18 14:57:55,172 best loss=0.3506735603513382, distortion=0.5532461583952143, map=0.1358619386289665, wc_dist=13.219762198638149
2019-01-18 14:57:55,172 	 Computing Major Stats lazily... 
2019-01-18 14:57:55,174 		 Completed edges=462 good=462 bad=0
2019-01-18 14:57:55,177 Distortion avg=0.5532461583952142 wc=13.219762198638149 me=1.8566376095245913 mc=7.120270606832739 nan_elements=0
2019-01-18 14:57:55,177 MAP = 0.1358619386289665
2019-01-18 14:57:55,177 scale=[array([1.])]
