2019-01-18 14:55:10,383 Commandline ['pytorch/pytorch_hyperbolic.py', 'learn', 'data/edges/parsing/ewt/ewt_dev/540.edges', '--dim', '0', '--hyp', '0', '--edim', '10', '--euc', '1', '--sdim', '0', '--sph', '0', '--log-name', 'ewt_devr2/540.edges.E10-1.lr1.log', '--batch-size', '65536', '--epochs', '50', '--checkpoint-freq', '10', '-g', '--subsample', '1024', '--learning-rate', '1']
2019-01-18 14:55:10,383 No Model Save selected!
2019-01-18 14:55:10,384 Loaded Graph data/edges/parsing/ewt/ewt_dev/540.edges with 6 nodes scale=1.0
2019-01-18 14:55:10,385 Building dataset
2019-01-18 14:55:10,385 Subsample: 6 points with scale 1.0 subsample=5
2019-01-18 14:55:10,389 Built Data Sampler
2019-01-18 14:55:10,389 Creating a fresh model warm_start?=None
2019-01-18 14:55:10,389 	 Warmstarting? None None 6
2019-01-18 14:55:10,390 Embedding() torch.Size([6, 10])
2019-01-18 14:55:10,390 relative No Rescale
2019-01-18 14:55:10,390 Constructed model with dim=0 and epochs=0 isnan=False
2019-01-18 14:55:10,390 SGD (
Parameter Group 0
    dampening: 0
    initial_lr: 0.1
    lr: 1.0
    momentum: 0.0
    nesterov: False
    weight_decay: 0

Parameter Group 1
    dampening: 0
    initial_lr: 0.1
    lr: 1.0
    momentum: 0.0
    nesterov: False
    weight_decay: 0

Parameter Group 2
    dampening: 0
    initial_lr: 0.1
    lr: 1.0
    momentum: 0.0
    nesterov: False
    weight_decay: 0

Parameter Group 3
    dampening: 0
    initial_lr: 0.0001
    lr: 0.001
    momentum: 0.0
    nesterov: False
    weight_decay: 0
)
2019-01-18 14:55:10,391 *** Initial Checkpoint. Computing Stats
2019-01-18 14:55:10,391 	 Computing Major Stats lazily... 
2019-01-18 14:55:10,391 		 Completed edges=30 good=30 bad=0
2019-01-18 14:55:10,392 Distortion avg=0.9970107087516167 wc=3.6322181433519583 me=0.005628252251848828 mc=645.354540063269 nan_elements=0
2019-01-18 14:55:10,392 MAP = 0.44999999999999996
2019-01-18 14:55:10,393 scale=[array([1.])]
2019-01-18 14:55:10,393 *** End Initial Checkpoint

2019-01-18 14:55:10,447 1 loss=0.9940318309062036
2019-01-18 14:55:10,448 2 loss=0.4293061030090941
2019-01-18 14:55:10,448 3 loss=0.26996040000143373
2019-01-18 14:55:10,449 4 loss=0.19002482905619816
2019-01-18 14:55:10,449 5 loss=0.13769665547696744
2019-01-18 14:55:10,449 6 loss=0.10183942906149393
2019-01-18 14:55:10,450 7 loss=0.0769895567126652
2019-01-18 14:55:10,450 8 loss=0.05965395439234069
2019-01-18 14:55:10,451 9 loss=0.04747097945915806
2019-01-18 14:55:10,451 10 loss=0.03882966988573068
2019-01-18 14:55:10,451 
*** Major Checkpoint. Computing Stats and Saving
2019-01-18 14:55:10,451 	 Computing Major Stats lazily... 
2019-01-18 14:55:10,452 		 Completed edges=30 good=30 bad=0
2019-01-18 14:55:10,453 Distortion avg=0.1737054846994154 wc=1.6042972165760996 me=1.1512738967059148 mc=1.3934974302521743 nan_elements=0
2019-01-18 14:55:10,453 MAP = 1.0
2019-01-18 14:55:10,453 scale=[array([1.])]
2019-01-18 14:55:10,453 *** End Major Checkpoint

2019-01-18 14:55:10,453 11 loss=0.03263285478227044
2019-01-18 14:55:10,454 12 loss=0.028134611961158146
2019-01-18 14:55:10,454 13 loss=0.02482726646076498
2019-01-18 14:55:10,455 14 loss=0.0223637863355474
2019-01-18 14:55:10,455 15 loss=0.020505265824989644
2019-01-18 14:55:10,456 16 loss=0.019085739612479884
2019-01-18 14:55:10,456 17 loss=0.01798870898200264
2019-01-18 14:55:10,456 18 loss=0.017131474156989027
2019-01-18 14:55:10,457 19 loss=0.01645463700038582
2019-01-18 14:55:10,457 20 loss=0.015915025397711755
2019-01-18 14:55:10,457 
*** Major Checkpoint. Computing Stats and Saving
2019-01-18 14:55:10,457 	 Computing Major Stats lazily... 
2019-01-18 14:55:10,458 		 Completed edges=30 good=30 bad=0
2019-01-18 14:55:10,459 Distortion avg=0.11902283557089485 wc=1.367898982761477 me=1.1459825259718417 mc=1.193647330356491 nan_elements=0
2019-01-18 14:55:10,459 MAP = 1.0
2019-01-18 14:55:10,459 scale=[array([1.])]
2019-01-18 14:55:10,459 *** End Major Checkpoint

2019-01-18 14:55:10,459 21 loss=0.015480888146382253
2019-01-18 14:55:10,460 22 loss=0.015128603758513012
2019-01-18 14:55:10,460 23 loss=0.014840404936778644
2019-01-18 14:55:10,461 24 loss=0.014602789308538552
2019-01-18 14:55:10,461 25 loss=0.014405397510388945
2019-01-18 14:55:10,462 26 loss=0.014240212301424356
2019-01-18 14:55:10,462 27 loss=0.014100980269528447
2019-01-18 14:55:10,462 28 loss=0.01398278943906531
2019-01-18 14:55:10,463 29 loss=0.013881757241903225
2019-01-18 14:55:10,463 30 loss=0.013794797490223169
2019-01-18 14:55:10,463 
*** Major Checkpoint. Computing Stats and Saving
2019-01-18 14:55:10,463 	 Computing Major Stats lazily... 
2019-01-18 14:55:10,464 		 Completed edges=30 good=30 bad=0
2019-01-18 14:55:10,465 Distortion avg=0.11231488399602234 wc=1.3192964181588078 me=1.1469798044249042 mc=1.1502350896407485 nan_elements=0
2019-01-18 14:55:10,465 MAP = 1.0
2019-01-18 14:55:10,465 scale=[array([1.])]
2019-01-18 14:55:10,465 *** End Major Checkpoint

2019-01-18 14:55:10,466 31 loss=0.013719444549844513
2019-01-18 14:55:10,466 32 loss=0.01365371940497287
2019-01-18 14:55:10,466 33 loss=0.013596026748247999
2019-01-18 14:55:10,467 34 loss=0.013545075296794724
2019-01-18 14:55:10,467 35 loss=0.013499815671958735
2019-01-18 14:55:10,468 36 loss=0.01345939168473178
2019-01-18 14:55:10,468 37 loss=0.013423101939362117
2019-01-18 14:55:10,468 38 loss=0.013390369438044525
2019-01-18 14:55:10,469 39 loss=0.01336071743040273
2019-01-18 14:55:10,469 40 loss=0.013333750164403496
2019-01-18 14:55:10,469 
*** Major Checkpoint. Computing Stats and Saving
2019-01-18 14:55:10,469 	 Computing Major Stats lazily... 
2019-01-18 14:55:10,470 		 Completed edges=30 good=30 bad=0
2019-01-18 14:55:10,471 Distortion avg=0.11139718918461136 wc=1.2989113554747111 me=1.1470960242937074 mc=1.1323475349628902 nan_elements=0
2019-01-18 14:55:10,471 MAP = 1.0
2019-01-18 14:55:10,471 scale=[array([1.])]
2019-01-18 14:55:10,471 *** End Major Checkpoint

2019-01-18 14:55:10,471 41 loss=0.013309137502759855
2019-01-18 14:55:10,472 42 loss=0.013286602600165932
2019-01-18 14:55:10,472 43 loss=0.013265912012422032
2019-01-18 14:55:10,473 44 loss=0.013246867743199003
2019-01-18 14:55:10,473 45 loss=0.013229300838261425
2019-01-18 14:55:10,474 46 loss=0.013213066217943626
2019-01-18 14:55:10,474 47 loss=0.013198038502061835
2019-01-18 14:55:10,474 48 loss=0.013184108631325664
2019-01-18 14:55:10,475 49 loss=0.01317118112873472
2019-01-18 14:55:10,475 50 loss=0.013159171875718294
2019-01-18 14:55:10,475 
*** Major Checkpoint. Computing Stats and Saving
2019-01-18 14:55:10,475 	 Computing Major Stats lazily... 
2019-01-18 14:55:10,476 		 Completed edges=30 good=30 bad=0
2019-01-18 14:55:10,477 Distortion avg=0.11121833916716213 wc=1.287402320310921 me=1.1471392603295907 mc=1.1222720421416235 nan_elements=0
2019-01-18 14:55:10,477 MAP = 1.0
2019-01-18 14:55:10,477 scale=[array([1.])]
2019-01-18 14:55:10,477 *** End Major Checkpoint

2019-01-18 14:55:10,477 final loss=0.013159171875718294
2019-01-18 14:55:10,477 best loss=0.013159171875718294, distortion=0.11121833916716213, map=1.0, wc_dist=1.287402320310921
2019-01-18 14:55:10,478 	 Computing Major Stats lazily... 
2019-01-18 14:55:10,478 		 Completed edges=30 good=30 bad=0
2019-01-18 14:55:10,479 Distortion avg=0.1112183391671621 wc=1.287402320310921 me=1.1471392603295907 mc=1.1222720421416235 nan_elements=0
2019-01-18 14:55:10,479 MAP = 1.0
2019-01-18 14:55:10,480 scale=[array([1.])]
