2019-01-18 14:41:44,629 Commandline ['pytorch/pytorch_hyperbolic.py', 'learn', 'data/edges/parsing/ewt/ewt_dev/554.edges', '--dim', '0', '--hyp', '0', '--edim', '10', '--euc', '1', '--sdim', '0', '--sph', '0', '--log-name', 'ewt_devr2/554.edges.E10-1.lr1.log', '--batch-size', '65536', '--epochs', '50', '-g', '--subsample', '1024', '--learning-rate', '1']
2019-01-18 14:41:44,630 No Model Save selected!
2019-01-18 14:41:44,631 Loaded Graph data/edges/parsing/ewt/ewt_dev/554.edges with 19 nodes scale=1.0
2019-01-18 14:41:44,631 Building dataset
2019-01-18 14:41:44,632 Subsample: 19 points with scale 1.0 subsample=18
2019-01-18 14:41:44,652 Built Data Sampler
2019-01-18 14:41:44,652 Creating a fresh model warm_start?=None
2019-01-18 14:41:44,652 	 Warmstarting? None None 19
2019-01-18 14:41:44,652 Embedding() torch.Size([19, 10])
2019-01-18 14:41:44,653 relative No Rescale
2019-01-18 14:41:44,653 Constructed model with dim=0 and epochs=0 isnan=False
2019-01-18 14:41:44,653 SGD (
Parameter Group 0
    dampening: 0
    initial_lr: 0.1
    lr: 1.0
    momentum: 0.0
    nesterov: False
    weight_decay: 0

Parameter Group 1
    dampening: 0
    initial_lr: 0.1
    lr: 1.0
    momentum: 0.0
    nesterov: False
    weight_decay: 0

Parameter Group 2
    dampening: 0
    initial_lr: 0.1
    lr: 1.0
    momentum: 0.0
    nesterov: False
    weight_decay: 0

Parameter Group 3
    dampening: 0
    initial_lr: 0.0001
    lr: 0.001
    momentum: 0.0
    nesterov: False
    weight_decay: 0
)
2019-01-18 14:41:44,653 *** Initial Checkpoint. Computing Stats
2019-01-18 14:41:44,653 	 Computing Major Stats lazily... 
2019-01-18 14:41:44,655 		 Completed edges=342 good=342 bad=0
2019-01-18 14:41:44,658 Distortion avg=0.9982187358733374 wc=12.249681057432715 me=0.006196519622161948 mc=1976.8647247757503 nan_elements=0
2019-01-18 14:41:44,658 MAP = 0.18332593064113958
2019-01-18 14:41:44,659 scale=[array([1.])]
2019-01-18 14:41:44,659 *** End Initial Checkpoint

2019-01-18 14:41:44,717 1 loss=0.9964420103009483
2019-01-18 14:41:44,718 2 loss=0.92288218729351
2019-01-18 14:41:44,719 3 loss=0.8564290173595044
2019-01-18 14:41:44,719 4 loss=0.7983422037047132
2019-01-18 14:41:44,720 5 loss=0.7475484385103239
2019-01-18 14:41:44,721 6 loss=0.7029748422413018
2019-01-18 14:41:44,721 7 loss=0.6636897326314946
2019-01-18 14:41:44,722 8 loss=0.6289077260334888
2019-01-18 14:41:44,723 9 loss=0.5979724449106357
2019-01-18 14:41:44,724 10 loss=0.5703362874259185
2019-01-18 14:41:44,724 11 loss=0.5455418660796136
2019-01-18 14:41:44,725 12 loss=0.5232061381128765
2019-01-18 14:41:44,726 13 loss=0.5030072150058075
2019-01-18 14:41:44,726 14 loss=0.4846735379086064
2019-01-18 14:41:44,727 15 loss=0.46797504614686913
2019-01-18 14:41:44,728 16 loss=0.4527159878114256
2019-01-18 14:41:44,729 17 loss=0.43872906805769185
2019-01-18 14:41:44,729 18 loss=0.42587068089115393
2019-01-18 14:41:44,730 19 loss=0.41401701619813364
2019-01-18 14:41:44,731 20 loss=0.40306087326364043
2019-01-18 14:41:44,731 21 loss=0.392909044825097
2019-01-18 14:41:44,732 22 loss=0.3834801624801974
2019-01-18 14:41:44,733 23 loss=0.37470291588029403
2019-01-18 14:41:44,733 24 loss=0.3665145754819126
2019-01-18 14:41:44,734 25 loss=0.3588597624928054
2019-01-18 14:41:44,735 26 loss=0.35168942071235465
2019-01-18 14:41:44,736 27 loss=0.3449599537893024
2019-01-18 14:41:44,736 28 loss=0.33863249845817656
2019-01-18 14:41:44,737 29 loss=0.332672309935674
2019-01-18 14:41:44,738 30 loss=0.3270482401520427
2019-01-18 14:41:44,738 31 loss=0.3217322930926132
2019-01-18 14:41:44,739 32 loss=0.3166992444151577
2019-01-18 14:41:44,740 33 loss=0.31192631483539274
2019-01-18 14:41:44,740 34 loss=0.3073928886507559
2019-01-18 14:41:44,741 35 loss=0.3030802702925111
2019-01-18 14:41:44,742 36 loss=0.2989714730301321
2019-01-18 14:41:44,743 37 loss=0.2950510349565866
2019-01-18 14:41:44,743 38 loss=0.2913048582036125
2019-01-18 14:41:44,744 39 loss=0.28772006800800826
2019-01-18 14:41:44,745 40 loss=0.28428488880177283
2019-01-18 14:41:44,745 41 loss=0.28098853495322756
2019-01-18 14:41:44,746 42 loss=0.2778211141611881
2019-01-18 14:41:44,747 43 loss=0.27477354181437336
2019-01-18 14:41:44,748 44 loss=0.2718374648853141
2019-01-18 14:41:44,748 45 loss=0.2690051941415942
2019-01-18 14:41:44,749 46 loss=0.2662696436350937
2019-01-18 14:41:44,750 47 loss=0.2636242765783483
2019-01-18 14:41:44,750 48 loss=0.26106305684142933
2019-01-18 14:41:44,751 49 loss=0.25858040540711574
2019-01-18 14:41:44,752 50 loss=0.2561711612101385
2019-01-18 14:41:44,752 final loss=0.2561711612101385
2019-01-18 14:41:44,752 best loss=10000000000.0, distortion=10000000000.0, map=0.0, wc_dist=10000000000.0
2019-01-18 14:41:44,752 	 Computing Major Stats lazily... 
2019-01-18 14:41:44,753 		 Completed edges=342 good=342 bad=0
2019-01-18 14:41:44,757 Distortion avg=0.450091711860592 wc=10.62275652695488 me=1.7313798798816007 mc=6.135427961471581 nan_elements=0
2019-01-18 14:41:44,757 MAP = 0.27862977379231246
2019-01-18 14:41:44,757 scale=[array([1.])]
2019-01-18 14:50:32,690 Commandline ['pytorch/pytorch_hyperbolic.py', 'learn', 'data/edges/parsing/ewt/ewt_dev/554.edges', '--dim', '0', '--hyp', '0', '--edim', '10', '--euc', '1', '--sdim', '0', '--sph', '0', '--log-name', 'ewt_devr2/554.edges.E10-1.lr1.log', '--batch-size', '65536', '--epochs', '50', '--checkpoint-freq', '10', '-g', '--subsample', '1024', '--learning-rate', '1']
2019-01-18 14:50:32,691 No Model Save selected!
2019-01-18 14:50:32,692 Loaded Graph data/edges/parsing/ewt/ewt_dev/554.edges with 19 nodes scale=1.0
2019-01-18 14:50:32,692 Building dataset
2019-01-18 14:50:32,693 Subsample: 19 points with scale 1.0 subsample=18
2019-01-18 14:50:32,712 Built Data Sampler
2019-01-18 14:50:32,712 Creating a fresh model warm_start?=None
2019-01-18 14:50:32,712 	 Warmstarting? None None 19
2019-01-18 14:50:32,712 Embedding() torch.Size([19, 10])
2019-01-18 14:50:32,712 relative No Rescale
2019-01-18 14:50:32,713 Constructed model with dim=0 and epochs=0 isnan=False
2019-01-18 14:50:32,713 SGD (
Parameter Group 0
    dampening: 0
    initial_lr: 0.1
    lr: 1.0
    momentum: 0.0
    nesterov: False
    weight_decay: 0

Parameter Group 1
    dampening: 0
    initial_lr: 0.1
    lr: 1.0
    momentum: 0.0
    nesterov: False
    weight_decay: 0

Parameter Group 2
    dampening: 0
    initial_lr: 0.1
    lr: 1.0
    momentum: 0.0
    nesterov: False
    weight_decay: 0

Parameter Group 3
    dampening: 0
    initial_lr: 0.0001
    lr: 0.001
    momentum: 0.0
    nesterov: False
    weight_decay: 0
)
2019-01-18 14:50:32,713 *** Initial Checkpoint. Computing Stats
2019-01-18 14:50:32,713 	 Computing Major Stats lazily... 
2019-01-18 14:50:32,715 		 Completed edges=342 good=342 bad=0
2019-01-18 14:50:32,718 Distortion avg=0.9982187358733374 wc=12.249681057432715 me=0.006196519622161948 mc=1976.8647247757503 nan_elements=0
2019-01-18 14:50:32,718 MAP = 0.18332593064113958
2019-01-18 14:50:32,718 scale=[array([1.])]
2019-01-18 14:50:32,718 *** End Initial Checkpoint

2019-01-18 14:50:32,782 1 loss=0.9964420103009483
2019-01-18 14:50:32,782 2 loss=0.92288218729351
2019-01-18 14:50:32,783 3 loss=0.8564290173595044
2019-01-18 14:50:32,784 4 loss=0.7983422037047132
2019-01-18 14:50:32,785 5 loss=0.7475484385103239
2019-01-18 14:50:32,785 6 loss=0.7029748422413018
2019-01-18 14:50:32,786 7 loss=0.6636897326314946
2019-01-18 14:50:32,787 8 loss=0.6289077260334888
2019-01-18 14:50:32,787 9 loss=0.5979724449106357
2019-01-18 14:50:32,788 10 loss=0.5703362874259185
2019-01-18 14:50:32,788 
*** Major Checkpoint. Computing Stats and Saving
2019-01-18 14:50:32,788 	 Computing Major Stats lazily... 
2019-01-18 14:50:32,790 		 Completed edges=342 good=342 bad=0
2019-01-18 14:50:32,793 Distortion avg=0.705270491087749 wc=23.309601793934615 me=1.1964668687677285 mc=19.48202863146705 nan_elements=0
2019-01-18 14:50:32,793 MAP = 0.09969909941852667
2019-01-18 14:50:32,793 scale=[array([1.])]
2019-01-18 14:50:32,793 *** End Major Checkpoint

2019-01-18 14:50:32,794 11 loss=0.5455418660796135
2019-01-18 14:50:32,794 12 loss=0.5232061381128765
2019-01-18 14:50:32,795 13 loss=0.5030072150058075
2019-01-18 14:50:32,796 14 loss=0.4846735379086064
2019-01-18 14:50:32,797 15 loss=0.467975046146869
2019-01-18 14:50:32,797 16 loss=0.4527159878114257
2019-01-18 14:50:32,798 17 loss=0.4387290680576919
2019-01-18 14:50:32,799 18 loss=0.4258706808911541
2019-01-18 14:50:32,799 19 loss=0.4140170161981336
2019-01-18 14:50:32,800 20 loss=0.4030608732636404
2019-01-18 14:50:32,800 
*** Major Checkpoint. Computing Stats and Saving
2019-01-18 14:50:32,800 	 Computing Major Stats lazily... 
2019-01-18 14:50:32,802 		 Completed edges=342 good=342 bad=0
2019-01-18 14:50:32,804 Distortion avg=0.5925753494235232 wc=16.904780309237584 me=1.4794086098481036 mc=11.42671483504024 nan_elements=0
2019-01-18 14:50:32,805 MAP = 0.11013606061980674
2019-01-18 14:50:32,805 scale=[array([1.])]
2019-01-18 14:50:32,805 *** End Major Checkpoint

2019-01-18 14:50:32,805 21 loss=0.392909044825097
2019-01-18 14:50:32,806 22 loss=0.3834801624801974
2019-01-18 14:50:32,807 23 loss=0.37470291588029403
2019-01-18 14:50:32,808 24 loss=0.36651457548191263
2019-01-18 14:50:32,808 25 loss=0.35885976249280543
2019-01-18 14:50:32,809 26 loss=0.35168942071235476
2019-01-18 14:50:32,810 27 loss=0.3449599537893022
2019-01-18 14:50:32,810 28 loss=0.3386324984581766
2019-01-18 14:50:32,811 29 loss=0.33267230993567387
2019-01-18 14:50:32,812 30 loss=0.32704824015204265
2019-01-18 14:50:32,812 
*** Major Checkpoint. Computing Stats and Saving
2019-01-18 14:50:32,812 	 Computing Major Stats lazily... 
2019-01-18 14:50:32,813 		 Completed edges=342 good=342 bad=0
2019-01-18 14:50:32,816 Distortion avg=0.5298983158480747 wc=13.776892988805256 me=1.6054778413647655 mc=8.581179156664012 nan_elements=0
2019-01-18 14:50:32,816 MAP = 0.15093173778835545
2019-01-18 14:50:32,816 scale=[array([1.])]
2019-01-18 14:50:32,816 *** End Major Checkpoint

2019-01-18 14:50:32,817 31 loss=0.3217322930926133
2019-01-18 14:50:32,818 32 loss=0.3166992444151577
2019-01-18 14:50:32,819 33 loss=0.3119263148353927
2019-01-18 14:50:32,820 34 loss=0.3073928886507558
2019-01-18 14:50:32,820 35 loss=0.3030802702925112
2019-01-18 14:50:32,821 36 loss=0.298971473030132
2019-01-18 14:50:32,822 37 loss=0.2950510349565867
2019-01-18 14:50:32,823 38 loss=0.29130485820361246
2019-01-18 14:50:32,823 39 loss=0.2877200680080084
2019-01-18 14:50:32,824 40 loss=0.2842848888017729
2019-01-18 14:50:32,824 
*** Major Checkpoint. Computing Stats and Saving
2019-01-18 14:50:32,824 	 Computing Major Stats lazily... 
2019-01-18 14:50:32,826 		 Completed edges=342 good=342 bad=0
2019-01-18 14:50:32,828 Distortion avg=0.4825717414185737 wc=12.064703099758557 me=1.7034005503945628 mc=7.0827164503169735 nan_elements=0
2019-01-18 14:50:32,829 MAP = 0.2167684047763382
2019-01-18 14:50:32,829 scale=[array([1.])]
2019-01-18 14:50:32,829 *** End Major Checkpoint

2019-01-18 14:50:32,830 41 loss=0.28098853495322756
2019-01-18 14:50:32,830 42 loss=0.2778211141611881
2019-01-18 14:50:32,831 43 loss=0.2747735418143734
2019-01-18 14:50:32,832 44 loss=0.271837464885314
2019-01-18 14:50:32,832 45 loss=0.2690051941415942
2019-01-18 14:50:32,833 46 loss=0.2662696436350937
2019-01-18 14:50:32,834 47 loss=0.2636242765783483
2019-01-18 14:50:32,834 48 loss=0.26106305684142933
2019-01-18 14:50:32,835 49 loss=0.25858040540711574
2019-01-18 14:50:32,836 50 loss=0.25617116121013844
2019-01-18 14:50:32,836 
*** Major Checkpoint. Computing Stats and Saving
2019-01-18 14:50:32,836 	 Computing Major Stats lazily... 
2019-01-18 14:50:32,837 		 Completed edges=342 good=342 bad=0
2019-01-18 14:50:32,840 Distortion avg=0.4500917118605922 wc=10.62275652695488 me=1.7313798798816007 mc=6.135427961471581 nan_elements=0
2019-01-18 14:50:32,840 MAP = 0.27862977379231246
2019-01-18 14:50:32,841 scale=[array([1.])]
2019-01-18 14:50:32,841 *** End Major Checkpoint

2019-01-18 14:50:32,841 final loss=0.25617116121013844
2019-01-18 14:50:32,841 best loss=0.25617116121013844, distortion=0.4500917118605922, map=0.27862977379231246, wc_dist=10.62275652695488
2019-01-18 14:50:32,841 	 Computing Major Stats lazily... 
2019-01-18 14:50:32,842 		 Completed edges=342 good=342 bad=0
2019-01-18 14:50:32,845 Distortion avg=0.45009171186059205 wc=10.62275652695488 me=1.7313798798816007 mc=6.135427961471581 nan_elements=0
2019-01-18 14:50:32,845 MAP = 0.27862977379231246
2019-01-18 14:50:32,846 scale=[array([1.])]
