2019-01-18 15:00:53,116 Commandline ['pytorch/pytorch_hyperbolic.py', 'learn', 'data/edges/parsing/ewt/ewt_dev/557.edges', '--dim', '0', '--hyp', '0', '--edim', '10', '--euc', '1', '--sdim', '0', '--sph', '0', '--log-name', 'ewt_devr2/557.edges.E10-1.lr1.log', '--batch-size', '65536', '--epochs', '50', '--checkpoint-freq', '10', '-g', '--subsample', '1024', '--learning-rate', '1']
2019-01-18 15:00:53,116 No Model Save selected!
2019-01-18 15:00:53,118 Loaded Graph data/edges/parsing/ewt/ewt_dev/557.edges with 20 nodes scale=1.0
2019-01-18 15:00:53,118 Building dataset
2019-01-18 15:00:53,118 Subsample: 20 points with scale 1.0 subsample=19
2019-01-18 15:00:53,140 Built Data Sampler
2019-01-18 15:00:53,140 Creating a fresh model warm_start?=None
2019-01-18 15:00:53,140 	 Warmstarting? None None 20
2019-01-18 15:00:53,140 Embedding() torch.Size([20, 10])
2019-01-18 15:00:53,140 relative No Rescale
2019-01-18 15:00:53,141 Constructed model with dim=0 and epochs=0 isnan=False
2019-01-18 15:00:53,141 SGD (
Parameter Group 0
    dampening: 0
    initial_lr: 0.1
    lr: 1.0
    momentum: 0.0
    nesterov: False
    weight_decay: 0

Parameter Group 1
    dampening: 0
    initial_lr: 0.1
    lr: 1.0
    momentum: 0.0
    nesterov: False
    weight_decay: 0

Parameter Group 2
    dampening: 0
    initial_lr: 0.1
    lr: 1.0
    momentum: 0.0
    nesterov: False
    weight_decay: 0

Parameter Group 3
    dampening: 0
    initial_lr: 0.0001
    lr: 0.001
    momentum: 0.0
    nesterov: False
    weight_decay: 0
)
2019-01-18 15:00:53,141 *** Initial Checkpoint. Computing Stats
2019-01-18 15:00:53,141 	 Computing Major Stats lazily... 
2019-01-18 15:00:53,143 		 Completed edges=380 good=380 bad=0
2019-01-18 15:00:53,146 Distortion avg=0.9983031950716084 wc=14.69961726891926 me=0.006196519622161948 mc=2372.2376697309005 nan_elements=0
2019-01-18 15:00:53,146 MAP = 0.2071639603731322
2019-01-18 15:00:53,147 scale=[array([1.])]
2019-01-18 15:00:53,147 *** End Initial Checkpoint

2019-01-18 15:00:53,205 1 loss=0.9966105089712409
2019-01-18 15:00:53,206 2 loss=0.9325208044712904
2019-01-18 15:00:53,207 3 loss=0.8731950374177772
2019-01-18 15:00:53,207 4 loss=0.8202880199073007
2019-01-18 15:00:53,208 5 loss=0.7732631065450912
2019-01-18 15:00:53,209 6 loss=0.7314266265539191
2019-01-18 15:00:53,210 7 loss=0.694119804731974
2019-01-18 15:00:53,210 8 loss=0.6607543926351895
2019-01-18 15:00:53,211 9 loss=0.630816264833722
2019-01-18 15:00:53,212 10 loss=0.6038602419186545
2019-01-18 15:00:53,212 
*** Major Checkpoint. Computing Stats and Saving
2019-01-18 15:00:53,212 	 Computing Major Stats lazily... 
2019-01-18 15:00:53,214 		 Completed edges=380 good=380 bad=0
2019-01-18 15:00:53,217 Distortion avg=0.7318284340078123 wc=18.865483432245234 me=1.0409838286634416 mc=18.122743997346568 nan_elements=0
2019-01-18 15:00:53,217 MAP = 0.09214643962418731
2019-01-18 15:00:53,217 scale=[array([1.])]
2019-01-18 15:00:53,217 *** End Major Checkpoint

2019-01-18 15:00:53,218 11 loss=0.5795025394664333
2019-01-18 15:00:53,219 12 loss=0.5574129736084028
2019-01-18 15:00:53,220 13 loss=0.537307681843024
2019-01-18 15:00:53,221 14 loss=0.5189426079062234
2019-01-18 15:00:53,221 15 loss=0.5021077942878518
2019-01-18 15:00:53,222 16 loss=0.4866224417791127
2019-01-18 15:00:53,223 17 loss=0.4723306632283357
2019-01-18 15:00:53,223 18 loss=0.4590978498222064
2019-01-18 15:00:53,224 19 loss=0.44680756991142107
2019-01-18 15:00:53,225 20 loss=0.43535892666194653
2019-01-18 15:00:53,225 
*** Major Checkpoint. Computing Stats and Saving
2019-01-18 15:00:53,225 	 Computing Major Stats lazily... 
2019-01-18 15:00:53,227 		 Completed edges=380 good=380 bad=0
2019-01-18 15:00:53,230 Distortion avg=0.6202275836155156 wc=14.412629974365744 me=1.4531884239669353 mc=9.917936130417234 nan_elements=0
2019-01-18 15:00:53,230 MAP = 0.10463115593740868
2019-01-18 15:00:53,230 scale=[array([1.])]
2019-01-18 15:00:53,230 *** End Major Checkpoint

2019-01-18 15:00:53,231 21 loss=0.42466430873347655
2019-01-18 15:00:53,232 22 loss=0.4146474763536886
2019-01-18 15:00:53,233 23 loss=0.405241932902581
2019-01-18 15:00:53,233 24 loss=0.3963895391572007
2019-01-18 15:00:53,234 25 loss=0.38803933358026227
2019-01-18 15:00:53,235 26 loss=0.38014652747221267
2019-01-18 15:00:53,235 27 loss=0.372671648498533
2019-01-18 15:00:53,236 28 loss=0.365579810125983
2019-01-18 15:00:53,237 29 loss=0.35884008793211664
2019-01-18 15:00:53,238 30 loss=0.3524249866686869
2019-01-18 15:00:53,238 
*** Major Checkpoint. Computing Stats and Saving
2019-01-18 15:00:53,238 	 Computing Major Stats lazily... 
2019-01-18 15:00:53,239 		 Completed edges=380 good=380 bad=0
2019-01-18 15:00:53,242 Distortion avg=0.5577935486750314 wc=11.446591313141807 me=1.5795962335708 mc=7.246529885213703 nan_elements=0
2019-01-18 15:00:53,243 MAP = 0.14758987942956597
2019-01-18 15:00:53,243 scale=[array([1.])]
2019-01-18 15:00:53,243 *** End Major Checkpoint

2019-01-18 15:00:53,244 31 loss=0.34630998443263405
2019-01-18 15:00:53,244 32 loss=0.3404731423921046
2019-01-18 15:00:53,245 33 loss=0.3348947702855477
2019-01-18 15:00:53,246 34 loss=0.32955713940819265
2019-01-18 15:00:53,246 35 loss=0.324444236064151
2019-01-18 15:00:53,247 36 loss=0.319541549529933
2019-01-18 15:00:53,248 37 loss=0.31483588947691943
2019-01-18 15:00:53,249 38 loss=0.3103152285622143
2019-01-18 15:00:53,250 39 loss=0.3059685665412817
2019-01-18 15:00:53,250 40 loss=0.30178581280036865
2019-01-18 15:00:53,250 
*** Major Checkpoint. Computing Stats and Saving
2019-01-18 15:00:53,251 	 Computing Major Stats lazily... 
2019-01-18 15:00:53,252 		 Completed edges=380 good=380 bad=0
2019-01-18 15:00:53,255 Distortion avg=0.5073226118262448 wc=9.815761803059049 me=1.651347325695541 mc=5.944092832756844 nan_elements=0
2019-01-18 15:00:53,255 MAP = 0.1919008422133422
2019-01-18 15:00:53,255 scale=[array([1.])]
2019-01-18 15:00:53,256 *** End Major Checkpoint

2019-01-18 15:00:53,256 41 loss=0.2977576846675529
2019-01-18 15:00:53,257 42 loss=0.2938756192515142
2019-01-18 15:00:53,258 43 loss=0.2901316968878582
2019-01-18 15:00:53,258 44 loss=0.2865185745533851
2019-01-18 15:00:53,259 45 loss=0.2830294278468962
2019-01-18 15:00:53,260 46 loss=0.2796579003376081
2019-01-18 15:00:53,260 47 loss=0.27639805925451233
2019-01-18 15:00:53,261 48 loss=0.2732443566367815
2019-01-18 15:00:53,262 49 loss=0.27019159519049485
2019-01-18 15:00:53,263 50 loss=0.2672348982038578
2019-01-18 15:00:53,263 
*** Major Checkpoint. Computing Stats and Saving
2019-01-18 15:00:53,263 	 Computing Major Stats lazily... 
2019-01-18 15:00:53,264 		 Completed edges=380 good=380 bad=0
2019-01-18 15:00:53,267 Distortion avg=0.4670668587126684 wc=8.976909729187184 me=1.7235557584387735 mc=5.208366300443116 nan_elements=0
2019-01-18 15:00:53,267 MAP = 0.3011621166531881
2019-01-18 15:00:53,267 scale=[array([1.])]
2019-01-18 15:00:53,268 *** End Major Checkpoint

2019-01-18 15:00:53,268 final loss=0.2672348982038578
2019-01-18 15:00:53,268 best loss=0.2672348982038578, distortion=0.4670668587126684, map=0.3011621166531881, wc_dist=8.976909729187184
2019-01-18 15:00:53,268 	 Computing Major Stats lazily... 
2019-01-18 15:00:53,269 		 Completed edges=380 good=380 bad=0
2019-01-18 15:00:53,272 Distortion avg=0.4670668587126682 wc=8.976909729187184 me=1.7235557584387735 mc=5.208366300443116 nan_elements=0
2019-01-18 15:00:53,272 MAP = 0.3011621166531881
2019-01-18 15:00:53,273 scale=[array([1.])]
