2019-01-18 15:05:04,608 Commandline ['pytorch/pytorch_hyperbolic.py', 'learn', 'data/edges/parsing/ewt/ewt_dev/563.edges', '--dim', '0', '--hyp', '0', '--edim', '10', '--euc', '1', '--sdim', '0', '--sph', '0', '--log-name', 'ewt_devr2/563.edges.E10-1.lr1.log', '--batch-size', '65536', '--epochs', '50', '--checkpoint-freq', '10', '-g', '--subsample', '1024', '--learning-rate', '1']
2019-01-18 15:05:04,608 No Model Save selected!
2019-01-18 15:05:04,610 Loaded Graph data/edges/parsing/ewt/ewt_dev/563.edges with 11 nodes scale=1.0
2019-01-18 15:05:04,610 Building dataset
2019-01-18 15:05:04,610 Subsample: 11 points with scale 1.0 subsample=10
2019-01-18 15:05:04,619 Built Data Sampler
2019-01-18 15:05:04,619 Creating a fresh model warm_start?=None
2019-01-18 15:05:04,619 	 Warmstarting? None None 11
2019-01-18 15:05:04,620 Embedding() torch.Size([11, 10])
2019-01-18 15:05:04,620 relative No Rescale
2019-01-18 15:05:04,620 Constructed model with dim=0 and epochs=0 isnan=False
2019-01-18 15:05:04,620 SGD (
Parameter Group 0
    dampening: 0
    initial_lr: 0.1
    lr: 1.0
    momentum: 0.0
    nesterov: False
    weight_decay: 0

Parameter Group 1
    dampening: 0
    initial_lr: 0.1
    lr: 1.0
    momentum: 0.0
    nesterov: False
    weight_decay: 0

Parameter Group 2
    dampening: 0
    initial_lr: 0.1
    lr: 1.0
    momentum: 0.0
    nesterov: False
    weight_decay: 0

Parameter Group 3
    dampening: 0
    initial_lr: 0.0001
    lr: 0.001
    momentum: 0.0
    nesterov: False
    weight_decay: 0
)
2019-01-18 15:05:04,621 *** Initial Checkpoint. Computing Stats
2019-01-18 15:05:04,621 	 Computing Major Stats lazily... 
2019-01-18 15:05:04,622 		 Completed edges=110 good=110 bad=0
2019-01-18 15:05:04,624 Distortion avg=0.997816598352457 wc=5.929351398165001 me=0.005982886981094694 mc=991.0518812909453 nan_elements=0
2019-01-18 15:05:04,624 MAP = 0.27485569985569985
2019-01-18 15:05:04,624 scale=[array([1.])]
2019-01-18 15:05:04,624 *** End Initial Checkpoint

2019-01-18 15:05:04,683 1 loss=0.9956394646815039
2019-01-18 15:05:04,684 2 loss=0.8008303688728242
2019-01-18 15:05:04,684 3 loss=0.6596545201336369
2019-01-18 15:05:04,685 4 loss=0.5606715832185722
2019-01-18 15:05:04,686 5 loss=0.4892747356070954
2019-01-18 15:05:04,686 6 loss=0.43596257817019674
2019-01-18 15:05:04,687 7 loss=0.39475961311933333
2019-01-18 15:05:04,687 8 loss=0.36188717954258903
2019-01-18 15:05:04,688 9 loss=0.3349172770113308
2019-01-18 15:05:04,688 10 loss=0.3122575566261558
2019-01-18 15:05:04,688 
*** Major Checkpoint. Computing Stats and Saving
2019-01-18 15:05:04,688 	 Computing Major Stats lazily... 
2019-01-18 15:05:04,689 		 Completed edges=110 good=110 bad=0
2019-01-18 15:05:04,691 Distortion avg=0.5018200471341081 wc=6.351898802686558 me=1.2930063133583947 mc=4.912504089936291 nan_elements=0
2019-01-18 15:05:04,691 MAP = 0.23226911976911976
2019-01-18 15:05:04,691 scale=[array([1.])]
2019-01-18 15:05:04,691 *** End Major Checkpoint

2019-01-18 15:05:04,692 11 loss=0.29283956217737134
2019-01-18 15:05:04,692 12 loss=0.27592862775621546
2019-01-18 15:05:04,693 13 loss=0.2610065076764901
2019-01-18 15:05:04,693 14 loss=0.247697857104941
2019-01-18 15:05:04,694 15 loss=0.23572349355106578
2019-01-18 15:05:04,694 16 loss=0.2248702569505297
2019-01-18 15:05:04,695 17 loss=0.2149713110736626
2019-01-18 15:05:04,696 18 loss=0.20589310312556744
2019-01-18 15:05:04,696 19 loss=0.19752661844456262
2019-01-18 15:05:04,697 20 loss=0.18978143112884394
2019-01-18 15:05:04,697 
*** Major Checkpoint. Computing Stats and Saving
2019-01-18 15:05:04,697 	 Computing Major Stats lazily... 
2019-01-18 15:05:04,698 		 Completed edges=110 good=110 bad=0
2019-01-18 15:05:04,700 Distortion avg=0.3859169802525587 wc=4.697234612632131 me=1.4748777818749002 mc=3.184829733254842 nan_elements=0
2019-01-18 15:05:04,700 MAP = 0.46094877344877355
2019-01-18 15:05:04,700 scale=[array([1.])]
2019-01-18 15:05:04,700 *** End Major Checkpoint

2019-01-18 15:05:04,700 21 loss=0.1825815868550435
2019-01-18 15:05:04,701 22 loss=0.17586269219893771
2019-01-18 15:05:04,701 23 loss=0.1695698018259306
2019-01-18 15:05:04,702 24 loss=0.16365583622809945
2019-01-18 15:05:04,702 25 loss=0.15808035557103467
2019-01-18 15:05:04,703 26 loss=0.1528085765552809
2019-01-18 15:05:04,703 27 loss=0.14781055966684836
2019-01-18 15:05:04,704 28 loss=0.14306052069667546
2019-01-18 15:05:04,704 29 loss=0.13853623751830613
2019-01-18 15:05:04,705 30 loss=0.13421853390462787
2019-01-18 15:05:04,705 
*** Major Checkpoint. Computing Stats and Saving
2019-01-18 15:05:04,705 	 Computing Major Stats lazily... 
2019-01-18 15:05:04,706 		 Completed edges=110 good=110 bad=0
2019-01-18 15:05:04,708 Distortion avg=0.31833963616155436 wc=3.8345469032559985 me=1.4629513632117932 mc=2.621103475947113 nan_elements=0
2019-01-18 15:05:04,708 MAP = 0.9924242424242423
2019-01-18 15:05:04,708 scale=[array([1.])]
2019-01-18 15:05:04,708 *** End Major Checkpoint

2019-01-18 15:05:04,708 31 loss=0.13009082874335845
2019-01-18 15:05:04,709 32 loss=0.12613874283023077
2019-01-18 15:05:04,709 33 loss=0.1223497574842945
2019-01-18 15:05:04,710 34 loss=0.11871292023341484
2019-01-18 15:05:04,710 35 loss=0.11521859322814396
2019-01-18 15:05:04,711 36 loss=0.11185824016592862
2019-01-18 15:05:04,711 37 loss=0.10862424753670571
2019-01-18 15:05:04,712 38 loss=0.10550977604498858
2019-01-18 15:05:04,713 39 loss=0.1025086381757429
2019-01-18 15:05:04,713 40 loss=0.09961519806780267
2019-01-18 15:05:04,714 
*** Major Checkpoint. Computing Stats and Saving
2019-01-18 15:05:04,714 	 Computing Major Stats lazily... 
2019-01-18 15:05:04,714 		 Completed edges=110 good=110 bad=0
2019-01-18 15:05:04,716 Distortion avg=0.2710200570754668 wc=3.202943223931893 me=1.4017092796405375 mc=2.2850267672860625 nan_elements=0
2019-01-18 15:05:04,716 MAP = 1.0
2019-01-18 15:05:04,716 scale=[array([1.])]
2019-01-18 15:05:04,716 *** End Major Checkpoint

2019-01-18 15:05:04,717 41 loss=0.0968242901328147
2019-01-18 15:05:04,718 42 loss=0.09413115319130472
2019-01-18 15:05:04,718 43 loss=0.09153137726742497
2019-01-18 15:05:04,719 44 loss=0.08902086056753587
2019-01-18 15:05:04,719 45 loss=0.08659577454530128
2019-01-18 15:05:04,720 46 loss=0.08425253531216466
2019-01-18 15:05:04,720 47 loss=0.08198777997637091
2019-01-18 15:05:04,721 48 loss=0.07979834677993015
2019-01-18 15:05:04,721 49 loss=0.07768125814862453
2019-01-18 15:05:04,722 50 loss=0.07563370597572368
2019-01-18 15:05:04,722 
*** Major Checkpoint. Computing Stats and Saving
2019-01-18 15:05:04,722 	 Computing Major Stats lazily... 
2019-01-18 15:05:04,723 		 Completed edges=110 good=110 bad=0
2019-01-18 15:05:04,724 Distortion avg=0.23256847835193 wc=2.717865540415732 me=1.3382307146959491 mc=2.030939441584436 nan_elements=0
2019-01-18 15:05:04,724 MAP = 1.0
2019-01-18 15:05:04,725 scale=[array([1.])]
2019-01-18 15:05:04,725 *** End Major Checkpoint

2019-01-18 15:05:04,725 final loss=0.07563370597572368
2019-01-18 15:05:04,725 best loss=0.07563370597572368, distortion=0.23256847835193, map=1.0, wc_dist=2.717865540415732
2019-01-18 15:05:04,725 	 Computing Major Stats lazily... 
2019-01-18 15:05:04,726 		 Completed edges=110 good=110 bad=0
2019-01-18 15:05:04,727 Distortion avg=0.23256847835193004 wc=2.717865540415732 me=1.3382307146959491 mc=2.030939441584436 nan_elements=0
2019-01-18 15:05:04,727 MAP = 1.0
2019-01-18 15:05:04,728 scale=[array([1.])]
