2019-01-18 14:53:33,178 Commandline ['pytorch/pytorch_hyperbolic.py', 'learn', 'data/edges/parsing/ewt/ewt_dev/568.edges', '--dim', '0', '--hyp', '0', '--edim', '10', '--euc', '1', '--sdim', '0', '--sph', '0', '--log-name', 'ewt_devr2/568.edges.E10-1.lr1.log', '--batch-size', '65536', '--epochs', '50', '--checkpoint-freq', '10', '-g', '--subsample', '1024', '--learning-rate', '1']
2019-01-18 14:53:33,178 No Model Save selected!
2019-01-18 14:53:33,180 Loaded Graph data/edges/parsing/ewt/ewt_dev/568.edges with 14 nodes scale=1.0
2019-01-18 14:53:33,180 Building dataset
2019-01-18 14:53:33,180 Subsample: 14 points with scale 1.0 subsample=13
2019-01-18 14:53:33,192 Built Data Sampler
2019-01-18 14:53:33,193 Creating a fresh model warm_start?=None
2019-01-18 14:53:33,193 	 Warmstarting? None None 14
2019-01-18 14:53:33,193 Embedding() torch.Size([14, 10])
2019-01-18 14:53:33,193 relative No Rescale
2019-01-18 14:53:33,194 Constructed model with dim=0 and epochs=0 isnan=False
2019-01-18 14:53:33,194 SGD (
Parameter Group 0
    dampening: 0
    initial_lr: 0.1
    lr: 1.0
    momentum: 0.0
    nesterov: False
    weight_decay: 0

Parameter Group 1
    dampening: 0
    initial_lr: 0.1
    lr: 1.0
    momentum: 0.0
    nesterov: False
    weight_decay: 0

Parameter Group 2
    dampening: 0
    initial_lr: 0.1
    lr: 1.0
    momentum: 0.0
    nesterov: False
    weight_decay: 0

Parameter Group 3
    dampening: 0
    initial_lr: 0.0001
    lr: 0.001
    momentum: 0.0
    nesterov: False
    weight_decay: 0
)
2019-01-18 14:53:33,194 *** Initial Checkpoint. Computing Stats
2019-01-18 14:53:33,194 	 Computing Major Stats lazily... 
2019-01-18 14:53:33,195 		 Completed edges=182 good=182 bad=0
2019-01-18 14:53:33,197 Distortion avg=0.9980357900887293 wc=8.951382090298106 me=0.006009979300171955 mc=1489.4197871932756 nan_elements=0
2019-01-18 14:53:33,198 MAP = 0.22540055843627269
2019-01-18 14:53:33,198 scale=[array([1.])]
2019-01-18 14:53:33,198 *** End Initial Checkpoint

2019-01-18 14:53:33,265 1 loss=0.9960768098714305
2019-01-18 14:53:33,266 2 loss=0.8680763930337773
2019-01-18 14:53:33,267 3 loss=0.7626178801472483
2019-01-18 14:53:33,268 4 loss=0.6791210639343775
2019-01-18 14:53:33,268 5 loss=0.6125802619196582
2019-01-18 14:53:33,269 6 loss=0.5589219216129852
2019-01-18 14:53:33,269 7 loss=0.5150718473571212
2019-01-18 14:53:33,270 8 loss=0.47874439510908007
2019-01-18 14:53:33,270 9 loss=0.44824203191232864
2019-01-18 14:53:33,271 10 loss=0.4222987868842543
2019-01-18 14:53:33,271 
*** Major Checkpoint. Computing Stats and Saving
2019-01-18 14:53:33,271 	 Computing Major Stats lazily... 
2019-01-18 14:53:33,272 		 Completed edges=182 good=182 bad=0
2019-01-18 14:53:33,274 Distortion avg=0.587560999891513 wc=12.123732102252793 me=1.3683933326758186 mc=8.859829855020921 nan_elements=0
2019-01-18 14:53:33,274 MAP = 0.13477415441701154
2019-01-18 14:53:33,275 scale=[array([1.])]
2019-01-18 14:53:33,275 *** End Major Checkpoint

2019-01-18 14:53:33,275 11 loss=0.3999642049280372
2019-01-18 14:53:33,276 12 loss=0.38051888658315275
2019-01-18 14:53:33,276 13 loss=0.36341338840290294
2019-01-18 14:53:33,277 14 loss=0.3482240410278152
2019-01-18 14:53:33,278 15 loss=0.3346209158503579
2019-01-18 14:53:33,278 16 loss=0.3223444946127288
2019-01-18 14:53:33,279 17 loss=0.3111885796758523
2019-01-18 14:53:33,279 18 loss=0.3009876932520915
2019-01-18 14:53:33,280 19 loss=0.2916077203348078
2019-01-18 14:53:33,281 20 loss=0.2829389086621745
2019-01-18 14:53:33,281 
*** Major Checkpoint. Computing Stats and Saving
2019-01-18 14:53:33,281 	 Computing Major Stats lazily... 
2019-01-18 14:53:33,282 		 Completed edges=182 good=182 bad=0
2019-01-18 14:53:33,284 Distortion avg=0.4942108757278316 wc=9.026161374377093 me=1.5545362254407755 mc=5.806337109846251 nan_elements=0
2019-01-18 14:53:33,284 MAP = 0.20200147075147082
2019-01-18 14:53:33,284 scale=[array([1.])]
2019-01-18 14:53:33,284 *** End Major Checkpoint

2019-01-18 14:53:33,285 21 loss=0.27489059233562085
2019-01-18 14:53:33,285 22 loss=0.26738718460988975
2019-01-18 14:53:33,286 23 loss=0.26036511195421386
2019-01-18 14:53:33,286 24 loss=0.25377045133278026
2019-01-18 14:53:33,287 25 loss=0.24755709670022982
2019-01-18 14:53:33,288 26 loss=0.2416853266028826
2019-01-18 14:53:33,288 27 loss=0.2361206778633891
2019-01-18 14:53:33,289 28 loss=0.23083305434128285
2019-01-18 14:53:33,289 29 loss=0.22579601731913584
2019-01-18 14:53:33,290 30 loss=0.2209862169981507
2019-01-18 14:53:33,290 
*** Major Checkpoint. Computing Stats and Saving
2019-01-18 14:53:33,290 	 Computing Major Stats lazily... 
2019-01-18 14:53:33,291 		 Completed edges=182 good=182 bad=0
2019-01-18 14:53:33,293 Distortion avg=0.42576061685911387 wc=8.069488713186603 me=1.7154102747371347 mc=4.704115879463967 nan_elements=0
2019-01-18 14:53:33,294 MAP = 0.4221981721981722
2019-01-18 14:53:33,294 scale=[array([1.])]
2019-01-18 14:53:33,294 *** End Major Checkpoint

2019-01-18 14:53:33,294 31 loss=0.21638293418947505
2019-01-18 14:53:33,295 32 loss=0.21196770847142354
2019-01-18 14:53:33,296 33 loss=0.20772403449723484
2019-01-18 14:53:33,296 34 loss=0.20363711224725026
2019-01-18 14:53:33,297 35 loss=0.19969364015796406
2019-01-18 14:53:33,298 36 loss=0.19588164247109166
2019-01-18 14:53:33,299 37 loss=0.19219032400644945
2019-01-18 14:53:33,299 38 loss=0.18860994700443307
2019-01-18 14:53:33,300 39 loss=0.18513172580517667
2019-01-18 14:53:33,300 40 loss=0.18174773600587124
2019-01-18 14:53:33,300 
*** Major Checkpoint. Computing Stats and Saving
2019-01-18 14:53:33,301 	 Computing Major Stats lazily... 
2019-01-18 14:53:33,301 		 Completed edges=182 good=182 bad=0
2019-01-18 14:53:33,304 Distortion avg=0.37492078451359884 wc=7.093644741167816 me=1.750418750585247 mc=4.052541564009228 nan_elements=0
2019-01-18 14:53:33,304 MAP = 0.5794101731601733
2019-01-18 14:53:33,304 scale=[array([1.])]
2019-01-18 14:53:33,304 *** End Major Checkpoint

2019-01-18 14:53:33,305 41 loss=0.1784508354212262
2019-01-18 14:53:33,305 42 loss=0.17523459470766486
2019-01-18 14:53:33,306 43 loss=0.17209323593271492
2019-01-18 14:53:33,306 44 loss=0.169021577702987
2019-01-18 14:53:33,307 45 loss=0.16601498572726422
2019-01-18 14:53:33,308 46 loss=0.16306932790127548
2019-01-18 14:53:33,308 47 loss=0.16018093316997406
2019-01-18 14:53:33,309 48 loss=0.1573465535610935
2019-01-18 14:53:33,309 49 loss=0.1545633288976915
2019-01-18 14:53:33,310 50 loss=0.1518287537927978
2019-01-18 14:53:33,310 
*** Major Checkpoint. Computing Stats and Saving
2019-01-18 14:53:33,310 	 Computing Major Stats lazily... 
2019-01-18 14:53:33,311 		 Completed edges=182 good=182 bad=0
2019-01-18 14:53:33,313 Distortion avg=0.33559069819177845 wc=6.139752419435354 me=1.7211828682396788 mc=3.5671703063804716 nan_elements=0
2019-01-18 14:53:33,313 MAP = 0.6846938775510204
2019-01-18 14:53:33,313 scale=[array([1.])]
2019-01-18 14:53:33,314 *** End Major Checkpoint

2019-01-18 14:53:33,314 final loss=0.1518287537927978
2019-01-18 14:53:33,314 best loss=0.1518287537927978, distortion=0.33559069819177845, map=0.6846938775510204, wc_dist=6.139752419435354
2019-01-18 14:53:33,314 	 Computing Major Stats lazily... 
2019-01-18 14:53:33,315 		 Completed edges=182 good=182 bad=0
2019-01-18 14:53:33,317 Distortion avg=0.3355906981917783 wc=6.139752419435354 me=1.7211828682396788 mc=3.5671703063804716 nan_elements=0
2019-01-18 14:53:33,317 MAP = 0.6846938775510204
2019-01-18 14:53:33,317 scale=[array([1.])]
