2019-01-18 14:54:00,325 Commandline ['pytorch/pytorch_hyperbolic.py', 'learn', 'data/edges/parsing/ewt/ewt_dev/57.edges', '--dim', '0', '--hyp', '0', '--edim', '10', '--euc', '1', '--sdim', '0', '--sph', '0', '--log-name', 'ewt_devr2/57.edges.E10-1.lr1.log', '--batch-size', '65536', '--epochs', '50', '--checkpoint-freq', '10', '-g', '--subsample', '1024', '--learning-rate', '1']
2019-01-18 14:54:00,325 No Model Save selected!
2019-01-18 14:54:00,327 Loaded Graph data/edges/parsing/ewt/ewt_dev/57.edges with 36 nodes scale=1.0
2019-01-18 14:54:00,327 Building dataset
2019-01-18 14:54:00,328 Subsample: 36 points with scale 1.0 subsample=35
2019-01-18 14:54:00,379 Built Data Sampler
2019-01-18 14:54:00,379 Creating a fresh model warm_start?=None
2019-01-18 14:54:00,379 	 Warmstarting? None None 36
2019-01-18 14:54:00,379 Embedding() torch.Size([36, 10])
2019-01-18 14:54:00,380 relative No Rescale
2019-01-18 14:54:00,380 Constructed model with dim=0 and epochs=0 isnan=False
2019-01-18 14:54:00,380 SGD (
Parameter Group 0
    dampening: 0
    initial_lr: 0.1
    lr: 1.0
    momentum: 0.0
    nesterov: False
    weight_decay: 0

Parameter Group 1
    dampening: 0
    initial_lr: 0.1
    lr: 1.0
    momentum: 0.0
    nesterov: False
    weight_decay: 0

Parameter Group 2
    dampening: 0
    initial_lr: 0.1
    lr: 1.0
    momentum: 0.0
    nesterov: False
    weight_decay: 0

Parameter Group 3
    dampening: 0
    initial_lr: 0.0001
    lr: 0.001
    momentum: 0.0
    nesterov: False
    weight_decay: 0
)
2019-01-18 14:54:00,380 *** Initial Checkpoint. Computing Stats
2019-01-18 14:54:00,380 	 Computing Major Stats lazily... 
2019-01-18 14:54:00,385 		 Completed edges=1260 good=1260 bad=0
2019-01-18 14:54:00,391 Distortion avg=0.9987916669289766 wc=31.03871623716587 me=0.006137647977584925 mc=5057.102712720118 nan_elements=0
2019-01-18 14:54:00,391 MAP = 0.13360015686065543
2019-01-18 14:54:00,391 scale=[array([1.])]
2019-01-18 14:54:00,391 *** End Initial Checkpoint

2019-01-18 14:54:00,449 1 loss=0.9975857832607271
2019-01-18 14:54:00,451 2 loss=0.9786938752340485
2019-01-18 14:54:00,453 3 loss=0.9600179475039528
2019-01-18 14:54:00,455 4 loss=0.9419339696274955
2019-01-18 14:54:00,456 5 loss=0.9244845995125491
2019-01-18 14:54:00,457 6 loss=0.9076689096846632
2019-01-18 14:54:00,459 7 loss=0.8914727349986797
2019-01-18 14:54:00,460 8 loss=0.8758767699054428
2019-01-18 14:54:00,461 9 loss=0.8608596085328953
2019-01-18 14:54:00,462 10 loss=0.8463991174783253
2019-01-18 14:54:00,462 
*** Major Checkpoint. Computing Stats and Saving
2019-01-18 14:54:00,463 	 Computing Major Stats lazily... 
2019-01-18 14:54:00,467 		 Completed edges=1260 good=1260 bad=0
2019-01-18 14:54:00,472 Distortion avg=0.9081471724731605 wc=39.437983455344174 me=0.535262121212443 mc=73.67975780914904 nan_elements=0
2019-01-18 14:54:00,473 MAP = 0.05911716182308672
2019-01-18 14:54:00,473 scale=[array([1.])]
2019-01-18 14:54:00,473 *** End Major Checkpoint

2019-01-18 14:54:00,474 11 loss=0.8324731287249423
2019-01-18 14:54:00,475 12 loss=0.8190598136787187
2019-01-18 14:54:00,477 13 loss=0.806137892089445
2019-01-18 14:54:00,478 14 loss=0.793686749033444
2019-01-18 14:54:00,479 15 loss=0.7816864978532017
2019-01-18 14:54:00,480 16 loss=0.7701180100254503
2019-01-18 14:54:00,482 17 loss=0.7589629241991451
2019-01-18 14:54:00,483 18 loss=0.7482036418658022
2019-01-18 14:54:00,484 19 loss=0.7378233143761251
2019-01-18 14:54:00,485 20 loss=0.7278058243687485
2019-01-18 14:54:00,485 
*** Major Checkpoint. Computing Stats and Saving
2019-01-18 14:54:00,485 	 Computing Major Stats lazily... 
2019-01-18 14:54:00,490 		 Completed edges=1260 good=1260 bad=0
2019-01-18 14:54:00,495 Distortion avg=0.8327670638337293 wc=36.32341575708702 me=0.9248649799075527 mc=39.274290351785 nan_elements=0
2019-01-18 14:54:00,496 MAP = 0.05719526213209573
2019-01-18 14:54:00,496 scale=[array([1.])]
2019-01-18 14:54:00,496 *** End Major Checkpoint

2019-01-18 14:54:00,497 21 loss=0.7181357636529604
2019-01-18 14:54:00,498 22 loss=0.7087984089313217
2019-01-18 14:54:00,500 23 loss=0.6997796963166971
2019-01-18 14:54:00,501 24 loss=0.6910661953079529
2019-01-18 14:54:00,502 25 loss=0.6826450826893639
2019-01-18 14:54:00,503 26 loss=0.6745041166797587
2019-01-18 14:54:00,505 27 loss=0.6666316115589445
2019-01-18 14:54:00,506 28 loss=0.6590164129284014
2019-01-18 14:54:00,507 29 loss=0.6516478737121107
2019-01-18 14:54:00,509 30 loss=0.6445158309661042
2019-01-18 14:54:00,509 
*** Major Checkpoint. Computing Stats and Saving
2019-01-18 14:54:00,509 	 Computing Major Stats lazily... 
2019-01-18 14:54:00,513 		 Completed edges=1260 good=1260 bad=0
2019-01-18 14:54:00,519 Distortion avg=0.7749284702124256 wc=33.644847100505054 me=1.218782899675899 mc=27.60528319641829 nan_elements=0
2019-01-18 14:54:00,519 MAP = 0.05714599893957742
2019-01-18 14:54:00,519 scale=[array([1.])]
2019-01-18 14:54:00,519 *** End Major Checkpoint

2019-01-18 14:54:00,520 31 loss=0.6376105835379481
2019-01-18 14:54:00,521 32 loss=0.6309228705972248
2019-01-18 14:54:00,523 33 loss=0.6244438510432282
2019-01-18 14:54:00,524 34 loss=0.6181650837851604
2019-01-18 14:54:00,525 35 loss=0.6120785088821412
2019-01-18 14:54:00,526 36 loss=0.6061764295245565
2019-01-18 14:54:00,528 37 loss=0.6004514948341777
2019-01-18 14:54:00,529 38 loss=0.594896683457633
2019-01-18 14:54:00,530 39 loss=0.5895052879259538
2019-01-18 14:54:00,531 40 loss=0.5842708997517729
2019-01-18 14:54:00,532 
*** Major Checkpoint. Computing Stats and Saving
2019-01-18 14:54:00,532 	 Computing Major Stats lazily... 
2019-01-18 14:54:00,536 		 Completed edges=1260 good=1260 bad=0
2019-01-18 14:54:00,542 Distortion avg=0.7354925248334194 wc=30.965295278591764 me=1.4333309676101493 mc=21.603730037467518 nan_elements=0
2019-01-18 14:54:00,542 MAP = 0.05742420227407383
2019-01-18 14:54:00,542 scale=[array([1.])]
2019-01-18 14:54:00,542 *** End Major Checkpoint

2019-01-18 14:54:00,543 41 loss=0.5791873952351838
2019-01-18 14:54:00,544 42 loss=0.574248921949122
2019-01-18 14:54:00,546 43 loss=0.5694498858752994
2019-01-18 14:54:00,547 44 loss=0.5647849391621514
2019-01-18 14:54:00,548 45 loss=0.5602489684768479
2019-01-18 14:54:00,549 46 loss=0.5558370839241512
2019-01-18 14:54:00,551 47 loss=0.5515446085057281
2019-01-18 14:54:00,553 48 loss=0.547367068094415
2019-01-18 14:54:00,554 49 loss=0.5433001818988554
2019-01-18 14:54:00,555 50 loss=0.5393398533948902
2019-01-18 14:54:00,555 
*** Major Checkpoint. Computing Stats and Saving
2019-01-18 14:54:00,556 	 Computing Major Stats lazily... 
2019-01-18 14:54:00,561 		 Completed edges=1260 good=1260 bad=0
2019-01-18 14:54:00,566 Distortion avg=0.7063919028155625 wc=28.6471335563641 me=1.5977474695222584 mc=17.929700470706965 nan_elements=0
2019-01-18 14:54:00,566 MAP = 0.05895477236384428
2019-01-18 14:54:00,567 scale=[array([1.])]
2019-01-18 14:54:00,567 *** End Major Checkpoint

2019-01-18 14:54:00,567 final loss=0.5393398533948902
2019-01-18 14:54:00,567 best loss=0.5393398533948902, distortion=0.7063919028155625, map=0.05911716182308672, wc_dist=28.6471335563641
2019-01-18 14:54:00,567 	 Computing Major Stats lazily... 
2019-01-18 14:54:00,571 		 Completed edges=1260 good=1260 bad=0
2019-01-18 14:54:00,577 Distortion avg=0.7063919028155622 wc=28.6471335563641 me=1.5977474695222584 mc=17.929700470706965 nan_elements=0
2019-01-18 14:54:00,577 MAP = 0.05895477236384425
2019-01-18 14:54:00,577 scale=[array([1.])]
