2019-01-18 14:46:06,926 Commandline ['pytorch/pytorch_hyperbolic.py', 'learn', 'data/edges/parsing/ewt/ewt_dev/580.edges', '--dim', '0', '--hyp', '0', '--edim', '10', '--euc', '1', '--sdim', '0', '--sph', '0', '--log-name', 'ewt_devr2/580.edges.E10-1.lr1.log', '--batch-size', '65536', '--epochs', '50', '--checkpoint-freq', '10', '-g', '--subsample', '1024', '--learning-rate', '1']
2019-01-18 14:46:06,927 No Model Save selected!
2019-01-18 14:46:06,928 Loaded Graph data/edges/parsing/ewt/ewt_dev/580.edges with 13 nodes scale=1.0
2019-01-18 14:46:06,928 Building dataset
2019-01-18 14:46:06,928 Subsample: 13 points with scale 1.0 subsample=12
2019-01-18 14:46:06,940 Built Data Sampler
2019-01-18 14:46:06,940 Creating a fresh model warm_start?=None
2019-01-18 14:46:06,940 	 Warmstarting? None None 13
2019-01-18 14:46:06,941 Embedding() torch.Size([13, 10])
2019-01-18 14:46:06,941 relative No Rescale
2019-01-18 14:46:06,941 Constructed model with dim=0 and epochs=0 isnan=False
2019-01-18 14:46:06,941 SGD (
Parameter Group 0
    dampening: 0
    initial_lr: 0.1
    lr: 1.0
    momentum: 0.0
    nesterov: False
    weight_decay: 0

Parameter Group 1
    dampening: 0
    initial_lr: 0.1
    lr: 1.0
    momentum: 0.0
    nesterov: False
    weight_decay: 0

Parameter Group 2
    dampening: 0
    initial_lr: 0.1
    lr: 1.0
    momentum: 0.0
    nesterov: False
    weight_decay: 0

Parameter Group 3
    dampening: 0
    initial_lr: 0.0001
    lr: 0.001
    momentum: 0.0
    nesterov: False
    weight_decay: 0
)
2019-01-18 14:46:06,941 *** Initial Checkpoint. Computing Stats
2019-01-18 14:46:06,941 	 Computing Major Stats lazily... 
2019-01-18 14:46:06,943 		 Completed edges=156 good=156 bad=0
2019-01-18 14:46:06,945 Distortion avg=0.9980811997871126 wc=10.461176091864276 me=0.005941110731069004 mc=1760.811498960559 nan_elements=0
2019-01-18 14:46:06,945 MAP = 0.3885986235986236
2019-01-18 14:46:06,945 scale=[array([1.])]
2019-01-18 14:46:06,945 *** End Initial Checkpoint

2019-01-18 14:46:07,003 1 loss=0.9961672633650271
2019-01-18 14:46:07,004 2 loss=0.8650518957725939
2019-01-18 14:46:07,004 3 loss=0.7555429111214179
2019-01-18 14:46:07,005 4 loss=0.6693556545330882
2019-01-18 14:46:07,005 5 loss=0.6014969294803223
2019-01-18 14:46:07,006 6 loss=0.5475735628183594
2019-01-18 14:46:07,007 7 loss=0.5041885867322389
2019-01-18 14:46:07,007 8 loss=0.4687934147124075
2019-01-18 14:46:07,008 9 loss=0.43949231234043096
2019-01-18 14:46:07,009 10 loss=0.41487644582469213
2019-01-18 14:46:07,009 
*** Major Checkpoint. Computing Stats and Saving
2019-01-18 14:46:07,009 	 Computing Major Stats lazily... 
2019-01-18 14:46:07,010 		 Completed edges=156 good=156 bad=0
2019-01-18 14:46:07,012 Distortion avg=0.5808986144405365 wc=11.965408066685312 me=1.2634488802403374 mc=9.470433077125536 nan_elements=0
2019-01-18 14:46:07,012 MAP = 0.16024235024235026
2019-01-18 14:46:07,012 scale=[array([1.])]
2019-01-18 14:46:07,012 *** End Major Checkpoint

2019-01-18 14:46:07,013 11 loss=0.39389604725310484
2019-01-18 14:46:07,014 12 loss=0.3757652642484136
2019-01-18 14:46:07,014 13 loss=0.3598923175787571
2019-01-18 14:46:07,015 14 loss=0.3458285075502196
2019-01-18 14:46:07,015 15 loss=0.3332310225021904
2019-01-18 14:46:07,016 16 loss=0.3218357804412992
2019-01-18 14:46:07,017 17 loss=0.3114375465292398
2019-01-18 14:46:07,017 18 loss=0.30187532847445675
2019-01-18 14:46:07,018 19 loss=0.2930216076435342
2019-01-18 14:46:07,018 20 loss=0.28477436548806134
2019-01-18 14:46:07,018 
*** Major Checkpoint. Computing Stats and Saving
2019-01-18 14:46:07,019 	 Computing Major Stats lazily... 
2019-01-18 14:46:07,019 		 Completed edges=156 good=156 bad=0
2019-01-18 14:46:07,022 Distortion avg=0.49373576739447583 wc=8.163930723557602 me=1.488852709742358 mc=5.483370295890685 nan_elements=0
2019-01-18 14:46:07,022 MAP = 0.26965145965145965
2019-01-18 14:46:07,022 scale=[array([1.])]
2019-01-18 14:46:07,022 *** End Major Checkpoint

2019-01-18 14:46:07,023 21 loss=0.2770511537161147
2019-01-18 14:46:07,023 22 loss=0.2697846639202198
2019-01-18 14:46:07,024 23 loss=0.26291940123366625
2019-01-18 14:46:07,024 24 loss=0.2564091737269614
2019-01-18 14:46:07,025 25 loss=0.2502151866121601
2019-01-18 14:46:07,026 26 loss=0.2443045863817337
2019-01-18 14:46:07,026 27 loss=0.2386493407952391
2019-01-18 14:46:07,027 28 loss=0.2332253704211174
2019-01-18 14:46:07,027 29 loss=0.22801186928965755
2019-01-18 14:46:07,028 30 loss=0.22299076829326048
2019-01-18 14:46:07,028 
*** Major Checkpoint. Computing Stats and Saving
2019-01-18 14:46:07,028 	 Computing Major Stats lazily... 
2019-01-18 14:46:07,029 		 Completed edges=156 good=156 bad=0
2019-01-18 14:46:07,031 Distortion avg=0.42821621305133223 wc=6.402755242600972 me=1.5518496311626149 mc=4.125886370707293 nan_elements=0
2019-01-18 14:46:07,031 MAP = 0.5067460317460317
2019-01-18 14:46:07,031 scale=[array([1.])]
2019-01-18 14:46:07,031 *** End Major Checkpoint

2019-01-18 14:46:07,032 31 loss=0.2181463068429272
2019-01-18 14:46:07,032 32 loss=0.21346468708030253
2019-01-18 14:46:07,033 33 loss=0.2089337914670661
2019-01-18 14:46:07,034 34 loss=0.20454294942055978
2019-01-18 14:46:07,034 35 loss=0.200282742269708
2019-01-18 14:46:07,035 36 loss=0.19614483848707245
2019-01-18 14:46:07,035 37 loss=0.19212185314668515
2019-01-18 14:46:07,036 38 loss=0.1882072270378019
2019-01-18 14:46:07,037 39 loss=0.18439512196213867
2019-01-18 14:46:07,037 40 loss=0.18068032955388946
2019-01-18 14:46:07,037 
*** Major Checkpoint. Computing Stats and Saving
2019-01-18 14:46:07,037 	 Computing Major Stats lazily... 
2019-01-18 14:46:07,038 		 Completed edges=156 good=156 bad=0
2019-01-18 14:46:07,040 Distortion avg=0.3764434441592466 wc=5.510636833708042 me=1.5344863345843271 mc=3.5911931631511096 nan_elements=0
2019-01-18 14:46:07,040 MAP = 0.6963736263736263
2019-01-18 14:46:07,041 scale=[array([1.])]
2019-01-18 14:46:07,041 *** End Major Checkpoint

2019-01-18 14:46:07,041 41 loss=0.17705819156092575
2019-01-18 14:46:07,042 42 loss=0.1735245299668996
2019-01-18 14:46:07,043 43 loss=0.17007558565872402
2019-01-18 14:46:07,043 44 loss=0.16670796458303494
2019-01-18 14:46:07,044 45 loss=0.16341859051190238
2019-01-18 14:46:07,044 46 loss=0.16020466366955363
2019-01-18 14:46:07,045 47 loss=0.15706362457104592
2019-01-18 14:46:07,045 48 loss=0.15399312250013453
2019-01-18 14:46:07,046 49 loss=0.15099098811396305
2019-01-18 14:46:07,047 50 loss=0.14805520971164282
2019-01-18 14:46:07,047 
*** Major Checkpoint. Computing Stats and Saving
2019-01-18 14:46:07,047 	 Computing Major Stats lazily... 
2019-01-18 14:46:07,047 		 Completed edges=156 good=156 bad=0
2019-01-18 14:46:07,050 Distortion avg=0.3344709364708189 wc=4.873769975769344 me=1.521885854255527 mc=3.2024543510547874 nan_elements=0
2019-01-18 14:46:07,050 MAP = 0.9328205128205128
2019-01-18 14:46:07,050 scale=[array([1.])]
2019-01-18 14:46:07,050 *** End Major Checkpoint

2019-01-18 14:46:07,050 final loss=0.14805520971164282
2019-01-18 14:46:07,050 best loss=0.14805520971164282, distortion=0.3344709364708189, map=0.9328205128205128, wc_dist=4.873769975769344
2019-01-18 14:46:07,050 	 Computing Major Stats lazily... 
2019-01-18 14:46:07,051 		 Completed edges=156 good=156 bad=0
2019-01-18 14:46:07,053 Distortion avg=0.3344709364708188 wc=4.873769975769344 me=1.521885854255527 mc=3.2024543510547874 nan_elements=0
2019-01-18 14:46:07,053 MAP = 0.9328205128205128
2019-01-18 14:46:07,053 scale=[array([1.])]
