2019-01-18 14:47:09,578 Commandline ['pytorch/pytorch_hyperbolic.py', 'learn', 'data/edges/parsing/ewt/ewt_dev/587.edges', '--dim', '0', '--hyp', '0', '--edim', '10', '--euc', '1', '--sdim', '0', '--sph', '0', '--log-name', 'ewt_devr2/587.edges.E10-1.lr1.log', '--batch-size', '65536', '--epochs', '50', '--checkpoint-freq', '10', '-g', '--subsample', '1024', '--learning-rate', '1']
2019-01-18 14:47:09,578 No Model Save selected!
2019-01-18 14:47:09,580 Loaded Graph data/edges/parsing/ewt/ewt_dev/587.edges with 13 nodes scale=1.0
2019-01-18 14:47:09,580 Building dataset
2019-01-18 14:47:09,580 Subsample: 13 points with scale 1.0 subsample=12
2019-01-18 14:47:09,592 Built Data Sampler
2019-01-18 14:47:09,592 Creating a fresh model warm_start?=None
2019-01-18 14:47:09,592 	 Warmstarting? None None 13
2019-01-18 14:47:09,592 Embedding() torch.Size([13, 10])
2019-01-18 14:47:09,592 relative No Rescale
2019-01-18 14:47:09,593 Constructed model with dim=0 and epochs=0 isnan=False
2019-01-18 14:47:09,593 SGD (
Parameter Group 0
    dampening: 0
    initial_lr: 0.1
    lr: 1.0
    momentum: 0.0
    nesterov: False
    weight_decay: 0

Parameter Group 1
    dampening: 0
    initial_lr: 0.1
    lr: 1.0
    momentum: 0.0
    nesterov: False
    weight_decay: 0

Parameter Group 2
    dampening: 0
    initial_lr: 0.1
    lr: 1.0
    momentum: 0.0
    nesterov: False
    weight_decay: 0

Parameter Group 3
    dampening: 0
    initial_lr: 0.0001
    lr: 0.001
    momentum: 0.0
    nesterov: False
    weight_decay: 0
)
2019-01-18 14:47:09,593 *** Initial Checkpoint. Computing Stats
2019-01-18 14:47:09,593 	 Computing Major Stats lazily... 
2019-01-18 14:47:09,594 		 Completed edges=156 good=156 bad=0
2019-01-18 14:47:09,596 Distortion avg=0.9980583478528524 wc=9.157133318490935 me=0.005200518808456536 mc=1760.811498960559 nan_elements=0
2019-01-18 14:47:09,597 MAP = 0.3744276556776556
2019-01-18 14:47:09,597 scale=[array([1.])]
2019-01-18 14:47:09,597 *** End Initial Checkpoint

2019-01-18 14:47:09,654 1 loss=0.9961216794969467
2019-01-18 14:47:09,655 2 loss=0.8626965992593677
2019-01-18 14:47:09,656 3 loss=0.7520191086504128
2019-01-18 14:47:09,656 4 loss=0.6650944380361128
2019-01-18 14:47:09,657 5 loss=0.5967463498033556
2019-01-18 14:47:09,658 6 loss=0.5424698840533525
2019-01-18 14:47:09,658 7 loss=0.4987965097560873
2019-01-18 14:47:09,659 8 loss=0.4631352011308803
2019-01-18 14:47:09,659 9 loss=0.4335691475347173
2019-01-18 14:47:09,660 10 loss=0.40868337536230714
2019-01-18 14:47:09,660 
*** Major Checkpoint. Computing Stats and Saving
2019-01-18 14:47:09,660 	 Computing Major Stats lazily... 
2019-01-18 14:47:09,661 		 Completed edges=156 good=156 bad=0
2019-01-18 14:47:09,663 Distortion avg=0.5735985788426056 wc=12.445025699166932 me=1.4058165591707885 mc=8.852524618508937 nan_elements=0
2019-01-18 14:47:09,663 MAP = 0.17354821104821103
2019-01-18 14:47:09,663 scale=[array([1.])]
2019-01-18 14:47:09,663 *** End Major Checkpoint

2019-01-18 14:47:09,664 11 loss=0.38743167587084243
2019-01-18 14:47:09,664 12 loss=0.36903740272754876
2019-01-18 14:47:09,665 13 loss=0.35292066429225966
2019-01-18 14:47:09,666 14 loss=0.3386452809801097
2019-01-18 14:47:09,666 15 loss=0.32588026790016184
2019-01-18 14:47:09,667 16 loss=0.3143718915800384
2019-01-18 14:47:09,667 17 loss=0.30392338841340594
2019-01-18 14:47:09,668 18 loss=0.2943802236062784
2019-01-18 14:47:09,668 19 loss=0.2856193552929293
2019-01-18 14:47:09,669 20 loss=0.2775413959256849
2019-01-18 14:47:09,669 
*** Major Checkpoint. Computing Stats and Saving
2019-01-18 14:47:09,669 	 Computing Major Stats lazily... 
2019-01-18 14:47:09,670 		 Completed edges=156 good=156 bad=0
2019-01-18 14:47:09,672 Distortion avg=0.4822070440422091 wc=8.206306965040605 me=1.563435115090914 mc=5.248895132154818 nan_elements=0
2019-01-18 14:47:09,672 MAP = 0.31813186813186817
2019-01-18 14:47:09,672 scale=[array([1.])]
2019-01-18 14:47:09,672 *** End Major Checkpoint

2019-01-18 14:47:09,673 21 loss=0.2700648723065884
2019-01-18 14:47:09,674 22 loss=0.26312200842001054
2019-01-18 14:47:09,674 23 loss=0.2566556154159774
2019-01-18 14:47:09,675 24 loss=0.2506167882397332
2019-01-18 14:47:09,675 25 loss=0.24496319123618335
2019-01-18 14:47:09,676 26 loss=0.23965777473736916
2019-01-18 14:47:09,676 27 loss=0.23466780772503087
2019-01-18 14:47:09,677 28 loss=0.22996414283390196
2019-01-18 14:47:09,677 29 loss=0.225520652570156
2019-01-18 14:47:09,678 30 loss=0.22131379205408677
2019-01-18 14:47:09,678 
*** Major Checkpoint. Computing Stats and Saving
2019-01-18 14:47:09,678 	 Computing Major Stats lazily... 
2019-01-18 14:47:09,679 		 Completed edges=156 good=156 bad=0
2019-01-18 14:47:09,681 Distortion avg=0.41726561338912105 wc=6.248512541421209 me=1.5388657517536584 mc=4.060466310528088 nan_elements=0
2019-01-18 14:47:09,681 MAP = 0.4584554334554335
2019-01-18 14:47:09,681 scale=[array([1.])]
2019-01-18 14:47:09,681 *** End Major Checkpoint

2019-01-18 14:47:09,682 31 loss=0.21732225556792129
2019-01-18 14:47:09,683 32 loss=0.21352670292655346
2019-01-18 14:47:09,683 33 loss=0.2099095380746383
2019-01-18 14:47:09,684 34 loss=0.20645472698585451
2019-01-18 14:47:09,684 35 loss=0.20314764536145877
2019-01-18 14:47:09,685 36 loss=0.19997494913140249
2019-01-18 14:47:09,686 37 loss=0.19692446259723365
2019-01-18 14:47:09,686 38 loss=0.19398508040082257
2019-01-18 14:47:09,687 39 loss=0.19114668048786268
2019-01-18 14:47:09,687 40 loss=0.18840004595641582
2019-01-18 14:47:09,688 
*** Major Checkpoint. Computing Stats and Saving
2019-01-18 14:47:09,688 	 Computing Major Stats lazily... 
2019-01-18 14:47:09,689 		 Completed edges=156 good=156 bad=0
2019-01-18 14:47:09,691 Distortion avg=0.37423905203836505 wc=5.559648667238481 me=1.574485224471277 mc=3.531089768788049 nan_elements=0
2019-01-18 14:47:09,691 MAP = 0.5945665445665447
2019-01-18 14:47:09,691 scale=[array([1.])]
2019-01-18 14:47:09,691 *** End Major Checkpoint

2019-01-18 14:47:09,691 41 loss=0.18573679420924033
2019-01-18 14:47:09,692 42 loss=0.18314931221620154
2019-01-18 14:47:09,693 43 loss=0.1806306969778725
2019-01-18 14:47:09,693 44 loss=0.17817470049137138
2019-01-18 14:47:09,694 45 loss=0.17577567867497007
2019-01-18 14:47:09,694 46 loss=0.17342854382385808
2019-01-18 14:47:09,695 47 loss=0.17112872025640963
2019-01-18 14:47:09,696 48 loss=0.16887210287612137
2019-01-18 14:47:09,696 49 loss=0.16665501842461788
2019-01-18 14:47:09,697 50 loss=0.1644741892397389
2019-01-18 14:47:09,697 
*** Major Checkpoint. Computing Stats and Saving
2019-01-18 14:47:09,697 	 Computing Major Stats lazily... 
2019-01-18 14:47:09,698 		 Completed edges=156 good=156 bad=0
2019-01-18 14:47:09,700 Distortion avg=0.3464210245883144 wc=5.001223659652907 me=1.5664455656524434 mc=3.19272100436496 nan_elements=0
2019-01-18 14:47:09,700 MAP = 0.8036172161172159
2019-01-18 14:47:09,700 scale=[array([1.])]
2019-01-18 14:47:09,700 *** End Major Checkpoint

2019-01-18 14:47:09,700 final loss=0.1644741892397389
2019-01-18 14:47:09,700 best loss=0.1644741892397389, distortion=0.3464210245883144, map=0.8036172161172159, wc_dist=5.001223659652907
2019-01-18 14:47:09,701 	 Computing Major Stats lazily... 
2019-01-18 14:47:09,701 		 Completed edges=156 good=156 bad=0
2019-01-18 14:47:09,703 Distortion avg=0.3464210245883143 wc=5.001223659652907 me=1.5664455656524434 mc=3.19272100436496 nan_elements=0
2019-01-18 14:47:09,703 MAP = 0.8036172161172161
2019-01-18 14:47:09,704 scale=[array([1.])]
