2019-01-18 14:39:41,676 Commandline ['pytorch/pytorch_hyperbolic.py', 'learn', 'data/edges/parsing/ewt/ewt_dev/588.edges', '--dim', '0', '--hyp', '0', '--edim', '10', '--euc', '1', '--sdim', '0', '--sph', '0', '--log-name', 'ewt_devr2/588.edges.E10-1.lr1.log', '--batch-size', '65536', '--epochs', '50', '-g', '--subsample', '1024', '--learning-rate', '1']
2019-01-18 14:39:41,676 No Model Save selected!
2019-01-18 14:39:41,678 Loaded Graph data/edges/parsing/ewt/ewt_dev/588.edges with 8 nodes scale=1.0
2019-01-18 14:39:41,678 Building dataset
2019-01-18 14:39:41,678 Subsample: 8 points with scale 1.0 subsample=7
2019-01-18 14:39:41,684 Built Data Sampler
2019-01-18 14:39:41,685 Creating a fresh model warm_start?=None
2019-01-18 14:39:41,685 	 Warmstarting? None None 8
2019-01-18 14:39:41,685 Embedding() torch.Size([8, 10])
2019-01-18 14:39:41,685 relative No Rescale
2019-01-18 14:39:41,686 Constructed model with dim=0 and epochs=0 isnan=False
2019-01-18 14:39:41,686 SGD (
Parameter Group 0
    dampening: 0
    initial_lr: 0.1
    lr: 1.0
    momentum: 0.0
    nesterov: False
    weight_decay: 0

Parameter Group 1
    dampening: 0
    initial_lr: 0.1
    lr: 1.0
    momentum: 0.0
    nesterov: False
    weight_decay: 0

Parameter Group 2
    dampening: 0
    initial_lr: 0.1
    lr: 1.0
    momentum: 0.0
    nesterov: False
    weight_decay: 0

Parameter Group 3
    dampening: 0
    initial_lr: 0.0001
    lr: 0.001
    momentum: 0.0
    nesterov: False
    weight_decay: 0
)
2019-01-18 14:39:41,686 *** Initial Checkpoint. Computing Stats
2019-01-18 14:39:41,686 	 Computing Major Stats lazily... 
2019-01-18 14:39:41,687 		 Completed edges=56 good=56 bad=0
2019-01-18 14:39:41,688 Distortion avg=0.9973412781517824 wc=5.751184174970984 me=0.005941110731069004 mc=968.0318100949036 nan_elements=0
2019-01-18 14:39:41,688 MAP = 0.6001488095238096
2019-01-18 14:39:41,689 scale=[array([1.])]
2019-01-18 14:39:41,689 *** End Initial Checkpoint

2019-01-18 14:39:41,747 1 loss=0.9946910496690269
2019-01-18 14:39:41,748 2 loss=0.6599711354311386
2019-01-18 14:39:41,749 3 loss=0.47847730429723473
2019-01-18 14:39:41,749 4 loss=0.3802488959024119
2019-01-18 14:39:41,750 5 loss=0.3184624128147533
2019-01-18 14:39:41,751 6 loss=0.2740854769359018
2019-01-18 14:39:41,751 7 loss=0.239408450937649
2019-01-18 14:39:41,752 8 loss=0.21106603994028889
2019-01-18 14:39:41,752 9 loss=0.1873783759705117
2019-01-18 14:39:41,753 10 loss=0.16735255846963584
2019-01-18 14:39:41,753 11 loss=0.1503045256220044
2019-01-18 14:39:41,754 12 loss=0.1357125413785352
2019-01-18 14:39:41,754 13 loss=0.12315760958419421
2019-01-18 14:39:41,755 14 loss=0.1122965319797492
2019-01-18 14:39:41,756 15 loss=0.10284712884659143
2019-01-18 14:39:41,756 16 loss=0.09457798952139664
2019-01-18 14:39:41,757 17 loss=0.08730006541506763
2019-01-18 14:39:41,757 18 loss=0.08085929980063462
2019-01-18 14:39:41,758 19 loss=0.07513014876153605
2019-01-18 14:39:41,758 20 loss=0.07001001824438177
2019-01-18 14:39:41,759 21 loss=0.06541463044184001
2019-01-18 14:39:41,759 22 loss=0.061274272658334725
2019-01-18 14:39:41,760 23 loss=0.057530829067198815
2019-01-18 14:39:41,760 24 loss=0.05413546780093204
2019-01-18 14:39:41,761 25 loss=0.05104685184679743
2019-01-18 14:39:41,761 26 loss=0.048229754555384155
2019-01-18 14:39:41,762 27 loss=0.045653980805074205
2019-01-18 14:39:41,762 28 loss=0.043293516630498866
2019-01-18 14:39:41,763 29 loss=0.04112584968288217
2019-01-18 14:39:41,763 30 loss=0.03913141868351264
2019-01-18 14:39:41,764 31 loss=0.03729316189634136
2019-01-18 14:39:41,764 32 loss=0.03559614312529221
2019-01-18 14:39:41,765 33 loss=0.03402723961013411
2019-01-18 14:39:41,765 34 loss=0.03257488019332093
2019-01-18 14:39:41,766 35 loss=0.03122882485865014
2019-01-18 14:39:41,766 36 loss=0.029979978638225907
2019-01-18 14:39:41,767 37 loss=0.028820234243717897
2019-01-18 14:39:41,767 38 loss=0.02774233879204028
2019-01-18 14:39:41,768 39 loss=0.026739780782302817
2019-01-18 14:39:41,768 40 loss=0.025806694111484174
2019-01-18 14:39:41,769 41 loss=0.02493777643369109
2019-01-18 14:39:41,769 42 loss=0.024128219598594753
2019-01-18 14:39:41,770 43 loss=0.023373650265929254
2019-01-18 14:39:41,770 44 loss=0.02267007909692264
2019-01-18 14:39:41,770 45 loss=0.022013857179421944
2019-01-18 14:39:41,771 46 loss=0.021401638558720588
2019-01-18 14:39:41,771 47 loss=0.020830347926953097
2019-01-18 14:39:41,772 48 loss=0.02029715267572174
2019-01-18 14:39:41,772 49 loss=0.01979943864393647
2019-01-18 14:39:41,773 50 loss=0.019334788999584244
2019-01-18 14:39:41,773 final loss=0.019334788999584244
2019-01-18 14:39:41,773 best loss=10000000000.0, distortion=10000000000.0, map=0.0, wc_dist=10000000000.0
2019-01-18 14:39:41,773 	 Computing Major Stats lazily... 
2019-01-18 14:39:41,774 		 Completed edges=56 good=56 bad=0
2019-01-18 14:39:41,775 Distortion avg=0.12099199043224255 wc=1.5474700606330398 me=1.2026349825572238 mc=1.2867329514584513 nan_elements=0
2019-01-18 14:39:41,775 MAP = 1.0
2019-01-18 14:39:41,775 scale=[array([1.])]
2019-01-18 14:54:08,788 Commandline ['pytorch/pytorch_hyperbolic.py', 'learn', 'data/edges/parsing/ewt/ewt_dev/588.edges', '--dim', '0', '--hyp', '0', '--edim', '10', '--euc', '1', '--sdim', '0', '--sph', '0', '--log-name', 'ewt_devr2/588.edges.E10-1.lr1.log', '--batch-size', '65536', '--epochs', '50', '--checkpoint-freq', '10', '-g', '--subsample', '1024', '--learning-rate', '1']
2019-01-18 14:54:08,794 No Model Save selected!
2019-01-18 14:54:08,795 Loaded Graph data/edges/parsing/ewt/ewt_dev/588.edges with 8 nodes scale=1.0
2019-01-18 14:54:08,799 Building dataset
2019-01-18 14:54:08,800 Subsample: 8 points with scale 1.0 subsample=7
2019-01-18 14:54:08,805 Built Data Sampler
2019-01-18 14:54:08,806 Creating a fresh model warm_start?=None
2019-01-18 14:54:08,806 	 Warmstarting? None None 8
2019-01-18 14:54:08,806 Embedding() torch.Size([8, 10])
2019-01-18 14:54:08,806 relative No Rescale
2019-01-18 14:54:08,806 Constructed model with dim=0 and epochs=0 isnan=False
2019-01-18 14:54:08,807 SGD (
Parameter Group 0
    dampening: 0
    initial_lr: 0.1
    lr: 1.0
    momentum: 0.0
    nesterov: False
    weight_decay: 0

Parameter Group 1
    dampening: 0
    initial_lr: 0.1
    lr: 1.0
    momentum: 0.0
    nesterov: False
    weight_decay: 0

Parameter Group 2
    dampening: 0
    initial_lr: 0.1
    lr: 1.0
    momentum: 0.0
    nesterov: False
    weight_decay: 0

Parameter Group 3
    dampening: 0
    initial_lr: 0.0001
    lr: 0.001
    momentum: 0.0
    nesterov: False
    weight_decay: 0
)
2019-01-18 14:54:08,807 *** Initial Checkpoint. Computing Stats
2019-01-18 14:54:08,807 	 Computing Major Stats lazily... 
2019-01-18 14:54:08,808 		 Completed edges=56 good=56 bad=0
2019-01-18 14:54:08,809 Distortion avg=0.9973412781517824 wc=5.751184174970984 me=0.005941110731069004 mc=968.0318100949036 nan_elements=0
2019-01-18 14:54:08,809 MAP = 0.6001488095238096
2019-01-18 14:54:08,810 scale=[array([1.])]
2019-01-18 14:54:08,810 *** End Initial Checkpoint

2019-01-18 14:54:08,872 1 loss=0.9946910496690269
2019-01-18 14:54:08,874 2 loss=0.6599711354311386
2019-01-18 14:54:08,875 3 loss=0.47847730429723473
2019-01-18 14:54:08,875 4 loss=0.3802488959024119
2019-01-18 14:54:08,875 5 loss=0.3184624128147533
2019-01-18 14:54:08,876 6 loss=0.2740854769359018
2019-01-18 14:54:08,876 7 loss=0.239408450937649
2019-01-18 14:54:08,877 8 loss=0.21106603994028889
2019-01-18 14:54:08,877 9 loss=0.1873783759705117
2019-01-18 14:54:08,878 10 loss=0.16735255846963584
2019-01-18 14:54:08,878 
*** Major Checkpoint. Computing Stats and Saving
2019-01-18 14:54:08,878 	 Computing Major Stats lazily... 
2019-01-18 14:54:08,879 		 Completed edges=56 good=56 bad=0
2019-01-18 14:54:08,880 Distortion avg=0.35871451723408754 wc=3.426528324606449 me=1.3300575802927166 mc=2.57622555246995 nan_elements=0
2019-01-18 14:54:08,880 MAP = 0.8225446428571428
2019-01-18 14:54:08,880 scale=[array([1.])]
2019-01-18 14:54:08,880 *** End Major Checkpoint

2019-01-18 14:54:08,881 11 loss=0.15030452562200436
2019-01-18 14:54:08,881 12 loss=0.13571254137853522
2019-01-18 14:54:08,882 13 loss=0.12315760958419421
2019-01-18 14:54:08,882 14 loss=0.11229653197974919
2019-01-18 14:54:08,883 15 loss=0.1028471288465914
2019-01-18 14:54:08,883 16 loss=0.09457798952139662
2019-01-18 14:54:08,884 17 loss=0.08730006541506762
2019-01-18 14:54:08,884 18 loss=0.0808592998006346
2019-01-18 14:54:08,885 19 loss=0.07513014876153605
2019-01-18 14:54:08,885 20 loss=0.07001001824438176
2019-01-18 14:54:08,885 
*** Major Checkpoint. Computing Stats and Saving
2019-01-18 14:54:08,886 	 Computing Major Stats lazily... 
2019-01-18 14:54:08,886 		 Completed edges=56 good=56 bad=0
2019-01-18 14:54:08,887 Distortion avg=0.23303730938703437 wc=2.2267765272688074 me=1.2474790319906313 mc=1.7850212069019615 nan_elements=0
2019-01-18 14:54:08,887 MAP = 1.0
2019-01-18 14:54:08,888 scale=[array([1.])]
2019-01-18 14:54:08,888 *** End Major Checkpoint

2019-01-18 14:54:08,888 21 loss=0.06541463044184
2019-01-18 14:54:08,889 22 loss=0.06127427265833473
2019-01-18 14:54:08,889 23 loss=0.05753082906719882
2019-01-18 14:54:08,890 24 loss=0.05413546780093204
2019-01-18 14:54:08,890 25 loss=0.051046851846797435
2019-01-18 14:54:08,891 26 loss=0.048229754555384155
2019-01-18 14:54:08,891 27 loss=0.045653980805074205
2019-01-18 14:54:08,891 28 loss=0.04329351663049886
2019-01-18 14:54:08,892 29 loss=0.041125849682882167
2019-01-18 14:54:08,892 30 loss=0.03913141868351263
2019-01-18 14:54:08,892 
*** Major Checkpoint. Computing Stats and Saving
2019-01-18 14:54:08,893 	 Computing Major Stats lazily... 
2019-01-18 14:54:08,893 		 Completed edges=56 good=56 bad=0
2019-01-18 14:54:08,894 Distortion avg=0.17644164117125202 wc=1.8250290093433161 me=1.2035292274783123 mc=1.5163977472879473 nan_elements=0
2019-01-18 14:54:08,894 MAP = 1.0
2019-01-18 14:54:08,895 scale=[array([1.])]
2019-01-18 14:54:08,895 *** End Major Checkpoint

2019-01-18 14:54:08,895 31 loss=0.03729316189634135
2019-01-18 14:54:08,896 32 loss=0.0355961431252922
2019-01-18 14:54:08,896 33 loss=0.03402723961013412
2019-01-18 14:54:08,897 34 loss=0.03257488019332092
2019-01-18 14:54:08,897 35 loss=0.03122882485865013
2019-01-18 14:54:08,898 36 loss=0.029979978638225914
2019-01-18 14:54:08,898 37 loss=0.0288202342437179
2019-01-18 14:54:08,899 38 loss=0.027742338792040265
2019-01-18 14:54:08,899 39 loss=0.02673978078230282
2019-01-18 14:54:08,900 40 loss=0.02580669411148417
2019-01-18 14:54:08,900 
*** Major Checkpoint. Computing Stats and Saving
2019-01-18 14:54:08,900 	 Computing Major Stats lazily... 
2019-01-18 14:54:08,900 		 Completed edges=56 good=56 bad=0
2019-01-18 14:54:08,902 Distortion avg=0.14233262977217004 wc=1.6426308159222904 me=1.1956238896415445 mc=1.3738691825694127 nan_elements=0
2019-01-18 14:54:08,902 MAP = 1.0
2019-01-18 14:54:08,902 scale=[array([1.])]
2019-01-18 14:54:08,902 *** End Major Checkpoint

2019-01-18 14:54:08,902 41 loss=0.024937776433691095
2019-01-18 14:54:08,903 42 loss=0.024128219598594753
2019-01-18 14:54:08,903 43 loss=0.023373650265929254
2019-01-18 14:54:08,904 44 loss=0.02267007909692264
2019-01-18 14:54:08,904 45 loss=0.02201385717942194
2019-01-18 14:54:08,905 46 loss=0.02140163855872058
2019-01-18 14:54:08,905 47 loss=0.020830347926953093
2019-01-18 14:54:08,906 48 loss=0.02029715267572174
2019-01-18 14:54:08,906 49 loss=0.01979943864393647
2019-01-18 14:54:08,907 50 loss=0.01933478899958424
2019-01-18 14:54:08,907 
*** Major Checkpoint. Computing Stats and Saving
2019-01-18 14:54:08,907 	 Computing Major Stats lazily... 
2019-01-18 14:54:08,907 		 Completed edges=56 good=56 bad=0
2019-01-18 14:54:08,908 Distortion avg=0.1209919904322426 wc=1.5474700606330394 me=1.2026349825572236 mc=1.2867329514584513 nan_elements=0
2019-01-18 14:54:08,909 MAP = 1.0
2019-01-18 14:54:08,909 scale=[array([1.])]
2019-01-18 14:54:08,909 *** End Major Checkpoint

2019-01-18 14:54:08,909 final loss=0.01933478899958424
2019-01-18 14:54:08,909 best loss=0.01933478899958424, distortion=0.1209919904322426, map=1.0, wc_dist=1.5474700606330394
2019-01-18 14:54:08,909 	 Computing Major Stats lazily... 
2019-01-18 14:54:08,909 		 Completed edges=56 good=56 bad=0
2019-01-18 14:54:08,911 Distortion avg=0.12099199043224262 wc=1.5474700606330394 me=1.2026349825572236 mc=1.2867329514584513 nan_elements=0
2019-01-18 14:54:08,911 MAP = 1.0
2019-01-18 14:54:08,911 scale=[array([1.])]
