2019-01-18 14:54:57,880 Commandline ['pytorch/pytorch_hyperbolic.py', 'learn', 'data/edges/parsing/ewt/ewt_dev/59.edges', '--dim', '0', '--hyp', '0', '--edim', '10', '--euc', '1', '--sdim', '0', '--sph', '0', '--log-name', 'ewt_devr2/59.edges.E10-1.lr1.log', '--batch-size', '65536', '--epochs', '50', '--checkpoint-freq', '10', '-g', '--subsample', '1024', '--learning-rate', '1']
2019-01-18 14:54:57,881 No Model Save selected!
2019-01-18 14:54:57,882 Loaded Graph data/edges/parsing/ewt/ewt_dev/59.edges with 29 nodes scale=1.0
2019-01-18 14:54:57,882 Building dataset
2019-01-18 14:54:57,883 Subsample: 29 points with scale 1.0 subsample=28
2019-01-18 14:54:57,921 Built Data Sampler
2019-01-18 14:54:57,921 Creating a fresh model warm_start?=None
2019-01-18 14:54:57,921 	 Warmstarting? None None 29
2019-01-18 14:54:57,922 Embedding() torch.Size([29, 10])
2019-01-18 14:54:57,922 relative No Rescale
2019-01-18 14:54:57,922 Constructed model with dim=0 and epochs=0 isnan=False
2019-01-18 14:54:57,922 SGD (
Parameter Group 0
    dampening: 0
    initial_lr: 0.1
    lr: 1.0
    momentum: 0.0
    nesterov: False
    weight_decay: 0

Parameter Group 1
    dampening: 0
    initial_lr: 0.1
    lr: 1.0
    momentum: 0.0
    nesterov: False
    weight_decay: 0

Parameter Group 2
    dampening: 0
    initial_lr: 0.1
    lr: 1.0
    momentum: 0.0
    nesterov: False
    weight_decay: 0

Parameter Group 3
    dampening: 0
    initial_lr: 0.0001
    lr: 0.001
    momentum: 0.0
    nesterov: False
    weight_decay: 0
)
2019-01-18 14:54:57,922 *** Initial Checkpoint. Computing Stats
2019-01-18 14:54:57,922 	 Computing Major Stats lazily... 
2019-01-18 14:54:57,926 		 Completed edges=812 good=812 bad=0
2019-01-18 14:54:57,930 Distortion avg=0.9984572846288291 wc=24.293106439166138 me=0.006176262529659684 mc=3933.302109893425 nan_elements=0
2019-01-18 14:54:57,930 MAP = 0.09880884784972416
2019-01-18 14:54:57,931 scale=[array([1.])]
2019-01-18 14:54:57,931 *** End Initial Checkpoint

2019-01-18 14:54:57,988 1 loss=0.9969180743085261
2019-01-18 14:54:57,989 2 loss=0.9605334089997264
2019-01-18 14:54:57,990 3 loss=0.9254871610503397
2019-01-18 14:54:57,991 4 loss=0.8926174560240452
2019-01-18 14:54:57,992 5 loss=0.861871478155178
2019-01-18 14:54:57,993 6 loss=0.8331166796308981
2019-01-18 14:54:57,995 7 loss=0.8062090505615828
2019-01-18 14:54:57,996 8 loss=0.7810082492295685
2019-01-18 14:54:57,997 9 loss=0.7573821142746899
2019-01-18 14:54:57,998 10 loss=0.7352079787293847
2019-01-18 14:54:57,998 
*** Major Checkpoint. Computing Stats and Saving
2019-01-18 14:54:57,998 	 Computing Major Stats lazily... 
2019-01-18 14:54:58,001 		 Completed edges=812 good=812 bad=0
2019-01-18 14:54:58,006 Distortion avg=0.8336263938019848 wc=30.323918523850946 me=0.7683259214459005 mc=39.4675198082408 nan_elements=0
2019-01-18 14:54:58,006 MAP = 0.06092084446685509
2019-01-18 14:54:58,006 scale=[array([1.])]
2019-01-18 14:54:58,006 *** End Major Checkpoint

2019-01-18 14:54:58,007 11 loss=0.7143727991314861
2019-01-18 14:54:58,008 12 loss=0.6947727994560409
2019-01-18 14:54:58,009 13 loss=0.67631291430584
2019-01-18 14:54:58,010 14 loss=0.6589061593963911
2019-01-18 14:54:58,011 15 loss=0.6424729906729998
2019-01-18 14:54:58,012 16 loss=0.6269406822387467
2019-01-18 14:54:58,013 17 loss=0.6122427377063945
2019-01-18 14:54:58,014 18 loss=0.5983183414320158
2019-01-18 14:54:58,015 19 loss=0.5851118516851571
2019-01-18 14:54:58,016 20 loss=0.5725723354050481
2019-01-18 14:54:58,016 
*** Major Checkpoint. Computing Stats and Saving
2019-01-18 14:54:58,016 	 Computing Major Stats lazily... 
2019-01-18 14:54:58,019 		 Completed edges=812 good=812 bad=0
2019-01-18 14:54:58,024 Distortion avg=0.7208143752274067 wc=26.08329692858714 me=1.2191337855967215 mc=21.394942242389188 nan_elements=0
2019-01-18 14:54:58,024 MAP = 0.061760181582657364
2019-01-18 14:54:58,024 scale=[array([1.])]
2019-01-18 14:54:58,025 *** End Major Checkpoint

2019-01-18 14:54:58,026 21 loss=0.5606531428930402
2019-01-18 14:54:58,027 22 loss=0.5493115201225682
2019-01-18 14:54:58,028 23 loss=0.538508256045374
2019-01-18 14:54:58,029 24 loss=0.5282073621849318
2019-01-18 14:54:58,030 25 loss=0.5183757818456174
2019-01-18 14:54:58,031 26 loss=0.5089831263753332
2019-01-18 14:54:58,032 27 loss=0.5000014360671234
2019-01-18 14:54:58,033 28 loss=0.4914049634515592
2019-01-18 14:54:58,034 29 loss=0.4831699769037932
2019-01-18 14:54:58,035 30 loss=0.4752745826595514
2019-01-18 14:54:58,035 
*** Major Checkpoint. Computing Stats and Saving
2019-01-18 14:54:58,035 	 Computing Major Stats lazily... 
2019-01-18 14:54:58,038 		 Completed edges=812 good=812 bad=0
2019-01-18 14:54:58,042 Distortion avg=0.6581741633631817 wc=22.44673453334984 me=1.457799018623446 mc=15.397688053422884 nan_elements=0
2019-01-18 14:54:58,042 MAP = 0.06605453607554282
2019-01-18 14:54:58,042 scale=[array([1.])]
2019-01-18 14:54:58,043 *** End Major Checkpoint

2019-01-18 14:54:58,043 31 loss=0.4676985634983939
2019-01-18 14:54:58,044 32 loss=0.4604232325077046
2019-01-18 14:54:58,045 33 loss=0.4534313004857933
2019-01-18 14:54:58,046 34 loss=0.4467067556766238
2019-01-18 14:54:58,047 35 loss=0.44023475465207973
2019-01-18 14:54:58,048 36 loss=0.434001523270599
2019-01-18 14:54:58,049 37 loss=0.4279942667440037
2019-01-18 14:54:58,050 38 loss=0.42220108793799144
2019-01-18 14:54:58,051 39 loss=0.4166109131167197
2019-01-18 14:54:58,052 40 loss=0.411213424418878
2019-01-18 14:54:58,052 
*** Major Checkpoint. Computing Stats and Saving
2019-01-18 14:54:58,052 	 Computing Major Stats lazily... 
2019-01-18 14:54:58,055 		 Completed edges=812 good=812 bad=0
2019-01-18 14:54:58,060 Distortion avg=0.6105318439774744 wc=20.201373473230746 me=1.6309187665797178 mc=12.386498878540754 nan_elements=0
2019-01-18 14:54:58,060 MAP = 0.08108151198959122
2019-01-18 14:54:58,060 scale=[array([1.])]
2019-01-18 14:54:58,060 *** End Major Checkpoint

2019-01-18 14:54:58,061 41 loss=0.4059989984222399
2019-01-18 14:54:58,062 42 loss=0.40095865021658833
2019-01-18 14:54:58,063 43 loss=0.3960839824616819
2019-01-18 14:54:58,064 44 loss=0.3913671389581522
2019-01-18 14:54:58,065 45 loss=0.3868007623054218
2019-01-18 14:54:58,066 46 loss=0.3823779552623558
2019-01-18 14:54:58,067 47 loss=0.37809224546389403
2019-01-18 14:54:58,068 48 loss=0.37393755318070904
2019-01-18 14:54:58,069 49 loss=0.3699081618393861
2019-01-18 14:54:58,070 50 loss=0.36599869104806243
2019-01-18 14:54:58,070 
*** Major Checkpoint. Computing Stats and Saving
2019-01-18 14:54:58,070 	 Computing Major Stats lazily... 
2019-01-18 14:54:58,073 		 Completed edges=812 good=812 bad=0
2019-01-18 14:54:58,077 Distortion avg=0.569982998689031 wc=18.508803137051498 me=1.7523801842796773 mc=10.562093376249637 nan_elements=0
2019-01-18 14:54:58,077 MAP = 0.1000753367162013
2019-01-18 14:54:58,077 scale=[array([1.])]
2019-01-18 14:54:58,077 *** End Major Checkpoint

2019-01-18 14:54:58,078 final loss=0.36599869104806243
2019-01-18 14:54:58,078 best loss=0.36599869104806243, distortion=0.569982998689031, map=0.1000753367162013, wc_dist=18.508803137051498
2019-01-18 14:54:58,078 	 Computing Major Stats lazily... 
2019-01-18 14:54:58,081 		 Completed edges=812 good=812 bad=0
2019-01-18 14:54:58,085 Distortion avg=0.5699829986890308 wc=18.508803137051498 me=1.7523801842796773 mc=10.562093376249637 nan_elements=0
2019-01-18 14:54:58,085 MAP = 0.10007533671620127
2019-01-18 14:54:58,085 scale=[array([1.])]
