2019-01-18 14:58:28,193 Commandline ['pytorch/pytorch_hyperbolic.py', 'learn', 'data/edges/parsing/ewt/ewt_dev/591.edges', '--dim', '0', '--hyp', '0', '--edim', '10', '--euc', '1', '--sdim', '0', '--sph', '0', '--log-name', 'ewt_devr2/591.edges.E10-1.lr1.log', '--batch-size', '65536', '--epochs', '50', '--checkpoint-freq', '10', '-g', '--subsample', '1024', '--learning-rate', '1']
2019-01-18 14:58:28,193 No Model Save selected!
2019-01-18 14:58:28,195 Loaded Graph data/edges/parsing/ewt/ewt_dev/591.edges with 8 nodes scale=1.0
2019-01-18 14:58:28,196 Building dataset
2019-01-18 14:58:28,196 Subsample: 8 points with scale 1.0 subsample=7
2019-01-18 14:58:28,202 Built Data Sampler
2019-01-18 14:58:28,202 Creating a fresh model warm_start?=None
2019-01-18 14:58:28,202 	 Warmstarting? None None 8
2019-01-18 14:58:28,203 Embedding() torch.Size([8, 10])
2019-01-18 14:58:28,203 relative No Rescale
2019-01-18 14:58:28,203 Constructed model with dim=0 and epochs=0 isnan=False
2019-01-18 14:58:28,203 SGD (
Parameter Group 0
    dampening: 0
    initial_lr: 0.1
    lr: 1.0
    momentum: 0.0
    nesterov: False
    weight_decay: 0

Parameter Group 1
    dampening: 0
    initial_lr: 0.1
    lr: 1.0
    momentum: 0.0
    nesterov: False
    weight_decay: 0

Parameter Group 2
    dampening: 0
    initial_lr: 0.1
    lr: 1.0
    momentum: 0.0
    nesterov: False
    weight_decay: 0

Parameter Group 3
    dampening: 0
    initial_lr: 0.0001
    lr: 0.001
    momentum: 0.0
    nesterov: False
    weight_decay: 0
)
2019-01-18 14:58:28,203 *** Initial Checkpoint. Computing Stats
2019-01-18 14:58:28,203 	 Computing Major Stats lazily... 
2019-01-18 14:58:28,204 		 Completed edges=56 good=56 bad=0
2019-01-18 14:58:28,206 Distortion avg=0.9973614099055592 wc=5.448327215027938 me=0.005628252251848828 mc=968.0318100949036 nan_elements=0
2019-01-18 14:58:28,206 MAP = 0.30639880952380955
2019-01-18 14:58:28,206 scale=[array([1.])]
2019-01-18 14:58:28,206 *** End Initial Checkpoint

2019-01-18 14:58:28,262 1 loss=0.9947317795668568
2019-01-18 14:58:28,263 2 loss=0.6721714909878583
2019-01-18 14:58:28,263 3 loss=0.4997462047534582
2019-01-18 14:58:28,263 4 loss=0.4062742613133906
2019-01-18 14:58:28,264 5 loss=0.348592081361517
2019-01-18 14:58:28,264 6 loss=0.3083428865751764
2019-01-18 14:58:28,265 7 loss=0.27763227157668185
2019-01-18 14:58:28,265 8 loss=0.2528521663026038
2019-01-18 14:58:28,266 9 loss=0.23218967325175116
2019-01-18 14:58:28,266 10 loss=0.21461799532574166
2019-01-18 14:58:28,266 
*** Major Checkpoint. Computing Stats and Saving
2019-01-18 14:58:28,266 	 Computing Major Stats lazily... 
2019-01-18 14:58:28,267 		 Completed edges=56 good=56 bad=0
2019-01-18 14:58:28,268 Distortion avg=0.41620629388363956 wc=5.3039051451781285 me=1.3416343545176908 mc=3.953316436269142 nan_elements=0
2019-01-18 14:58:28,268 MAP = 0.440079365079365
2019-01-18 14:58:28,268 scale=[array([1.])]
2019-01-18 14:58:28,268 *** End Major Checkpoint

2019-01-18 14:58:28,269 11 loss=0.19947882691094507
2019-01-18 14:58:28,269 12 loss=0.18630432577960113
2019-01-18 14:58:28,270 13 loss=0.1747381091385159
2019-01-18 14:58:28,270 14 loss=0.1644979514241197
2019-01-18 14:58:28,271 15 loss=0.1553563273892143
2019-01-18 14:58:28,271 16 loss=0.14712874316465538
2019-01-18 14:58:28,272 17 loss=0.1396656152711756
2019-01-18 14:58:28,272 18 loss=0.13284594062574948
2019-01-18 14:58:28,273 19 loss=0.1265720550586811
2019-01-18 14:58:28,273 20 loss=0.12076520961609538
2019-01-18 14:58:28,273 
*** Major Checkpoint. Computing Stats and Saving
2019-01-18 14:58:28,273 	 Computing Major Stats lazily... 
2019-01-18 14:58:28,274 		 Completed edges=56 good=56 bad=0
2019-01-18 14:58:28,275 Distortion avg=0.2989578038055005 wc=4.043794184979183 me=1.3772094613907033 mc=2.9362230643520033 nan_elements=0
2019-01-18 14:58:28,275 MAP = 0.8749999999999999
2019-01-18 14:58:28,275 scale=[array([1.])]
2019-01-18 14:58:28,276 *** End Major Checkpoint

2019-01-18 14:58:28,276 21 loss=0.11536185373649452
2019-01-18 14:58:28,276 22 loss=0.11031055911001299
2019-01-18 14:58:28,277 23 loss=0.10556951935972966
2019-01-18 14:58:28,277 24 loss=0.10110455132241089
2019-01-18 14:58:28,278 25 loss=0.09688751738550547
2019-01-18 14:58:28,278 26 loss=0.09289508914105316
2019-01-18 14:58:28,279 27 loss=0.0891077798814616
2019-01-18 14:58:28,279 28 loss=0.08550918466362012
2019-01-18 14:58:28,280 29 loss=0.08208537911494636
2019-01-18 14:58:28,280 30 loss=0.07882443981946018
2019-01-18 14:58:28,280 
*** Major Checkpoint. Computing Stats and Saving
2019-01-18 14:58:28,280 	 Computing Major Stats lazily... 
2019-01-18 14:58:28,281 		 Completed edges=56 good=56 bad=0
2019-01-18 14:58:28,282 Distortion avg=0.23469569820379238 wc=3.1474909754869054 me=1.3077013644603233 mc=2.4068881940685647 nan_elements=0
2019-01-18 14:58:28,282 MAP = 1.0
2019-01-18 14:58:28,282 scale=[array([1.])]
2019-01-18 14:58:28,282 *** End Major Checkpoint

2019-01-18 14:58:28,283 31 loss=0.07571605886950228
2019-01-18 14:58:28,283 32 loss=0.07275123263943527
2019-01-18 14:58:28,284 33 loss=0.0699220101875629
2019-01-18 14:58:28,284 34 loss=0.06722129033393247
2019-01-18 14:58:28,285 35 loss=0.06464265886955671
2019-01-18 14:58:28,285 36 loss=0.06218025895005412
2019-01-18 14:58:28,286 37 loss=0.059828688836714404
2019-01-18 14:58:28,286 38 loss=0.05758292198804816
2019-01-18 14:58:28,286 39 loss=0.05543824520418699
2019-01-18 14:58:28,287 40 loss=0.053390211150672585
2019-01-18 14:58:28,287 
*** Major Checkpoint. Computing Stats and Saving
2019-01-18 14:58:28,287 	 Computing Major Stats lazily... 
2019-01-18 14:58:28,288 		 Completed edges=56 good=56 bad=0
2019-01-18 14:58:28,289 Distortion avg=0.19016664722013416 wc=2.5064457558897555 me=1.2376132058443154 mc=2.025225445279429 nan_elements=0
2019-01-18 14:58:28,289 MAP = 1.0
2019-01-18 14:58:28,289 scale=[array([1.])]
2019-01-18 14:58:28,289 *** End Major Checkpoint

2019-01-18 14:58:28,290 41 loss=0.05143460216281263
2019-01-18 14:58:28,290 42 loss=0.049567402761019466
2019-01-18 14:58:28,290 43 loss=0.047784778786728044
2019-01-18 14:58:28,291 44 loss=0.04608306149167215
2019-01-18 14:58:28,291 45 loss=0.04445873527691256
2019-01-18 14:58:28,292 46 loss=0.042908428081999586
2019-01-18 14:58:28,292 47 loss=0.04142890367221623
2019-01-18 14:58:28,293 48 loss=0.04001705526852802
2019-01-18 14:58:28,293 49 loss=0.03866990011754209
2019-01-18 14:58:28,294 50 loss=0.03738457471472895
2019-01-18 14:58:28,294 
*** Major Checkpoint. Computing Stats and Saving
2019-01-18 14:58:28,294 	 Computing Major Stats lazily... 
2019-01-18 14:58:28,294 		 Completed edges=56 good=56 bad=0
2019-01-18 14:58:28,296 Distortion avg=0.15879457674534417 wc=2.11331315345947 me=1.1987206368009025 mc=1.7629738644521837 nan_elements=0
2019-01-18 14:58:28,296 MAP = 1.0
2019-01-18 14:58:28,296 scale=[array([1.])]
2019-01-18 14:58:28,296 *** End Major Checkpoint

2019-01-18 14:58:28,296 final loss=0.03738457471472895
2019-01-18 14:58:28,296 best loss=0.03738457471472895, distortion=0.15879457674534417, map=1.0, wc_dist=2.11331315345947
2019-01-18 14:58:28,296 	 Computing Major Stats lazily... 
2019-01-18 14:58:28,297 		 Completed edges=56 good=56 bad=0
2019-01-18 14:58:28,298 Distortion avg=0.15879457674534417 wc=2.11331315345947 me=1.1987206368009025 mc=1.7629738644521837 nan_elements=0
2019-01-18 14:58:28,298 MAP = 1.0
2019-01-18 14:58:28,298 scale=[array([1.])]
