2019-01-18 14:40:26,888 Commandline ['pytorch/pytorch_hyperbolic.py', 'learn', 'data/edges/parsing/ewt/ewt_dev/602.edges', '--dim', '0', '--hyp', '0', '--edim', '10', '--euc', '1', '--sdim', '0', '--sph', '0', '--log-name', 'ewt_devr2/602.edges.E10-1.lr1.log', '--batch-size', '65536', '--epochs', '50', '-g', '--subsample', '1024', '--learning-rate', '1']
2019-01-18 14:40:26,888 No Model Save selected!
2019-01-18 14:40:26,890 Loaded Graph data/edges/parsing/ewt/ewt_dev/602.edges with 20 nodes scale=1.0
2019-01-18 14:40:26,890 Building dataset
2019-01-18 14:40:26,891 Subsample: 20 points with scale 1.0 subsample=19
2019-01-18 14:40:26,912 Built Data Sampler
2019-01-18 14:40:26,912 Creating a fresh model warm_start?=None
2019-01-18 14:40:26,912 	 Warmstarting? None None 20
2019-01-18 14:40:26,912 Embedding() torch.Size([20, 10])
2019-01-18 14:40:26,913 relative No Rescale
2019-01-18 14:40:26,913 Constructed model with dim=0 and epochs=0 isnan=False
2019-01-18 14:40:26,913 SGD (
Parameter Group 0
    dampening: 0
    initial_lr: 0.1
    lr: 1.0
    momentum: 0.0
    nesterov: False
    weight_decay: 0

Parameter Group 1
    dampening: 0
    initial_lr: 0.1
    lr: 1.0
    momentum: 0.0
    nesterov: False
    weight_decay: 0

Parameter Group 2
    dampening: 0
    initial_lr: 0.1
    lr: 1.0
    momentum: 0.0
    nesterov: False
    weight_decay: 0

Parameter Group 3
    dampening: 0
    initial_lr: 0.0001
    lr: 0.001
    momentum: 0.0
    nesterov: False
    weight_decay: 0
)
2019-01-18 14:40:26,913 *** Initial Checkpoint. Computing Stats
2019-01-18 14:40:26,913 	 Computing Major Stats lazily... 
2019-01-18 14:40:26,915 		 Completed edges=380 good=380 bad=0
2019-01-18 14:40:26,919 Distortion avg=0.9982812567417603 wc=18.088218990669915 me=0.00582765269827822 mc=3103.8601521353667 nan_elements=0
2019-01-18 14:40:26,919 MAP = 0.20591178429413723
2019-01-18 14:40:26,919 scale=[array([1.])]
2019-01-18 14:40:26,919 *** End Initial Checkpoint

2019-01-18 14:40:26,977 1 loss=0.9965666356769546
2019-01-18 14:40:26,979 2 loss=0.9311614681974091
2019-01-18 14:40:26,979 3 loss=0.8707013157641817
2019-01-18 14:40:26,980 4 loss=0.8168419833908254
2019-01-18 14:40:26,981 5 loss=0.7690171815129989
2019-01-18 14:40:26,982 6 loss=0.7265132850616038
2019-01-18 14:40:26,982 7 loss=0.6886557370091303
2019-01-18 14:40:26,983 8 loss=0.654842990549548
2019-01-18 14:40:26,984 9 loss=0.6245494667541361
2019-01-18 14:40:26,985 10 loss=0.5973200084607234
2019-01-18 14:40:26,985 11 loss=0.572762056818862
2019-01-18 14:40:26,986 12 loss=0.5505376391962544
2019-01-18 14:40:26,987 13 loss=0.5303559140074987
2019-01-18 14:40:26,988 14 loss=0.5119665144580549
2019-01-18 14:40:26,988 15 loss=0.49515372929667084
2019-01-18 14:40:26,989 16 loss=0.479731474932164
2019-01-18 14:40:26,990 17 loss=0.46553898152154816
2019-01-18 14:40:26,990 18 loss=0.45243710732773906
2019-01-18 14:40:26,991 19 loss=0.4403051979414346
2019-01-18 14:40:26,992 20 loss=0.42903841380530094
2019-01-18 14:40:26,993 21 loss=0.4185454579313247
2019-01-18 14:40:26,994 22 loss=0.4087466443354483
2019-01-18 14:40:26,995 23 loss=0.39957225585504075
2019-01-18 14:40:26,995 24 loss=0.3909611473789704
2019-01-18 14:40:26,996 25 loss=0.38285955702046126
2019-01-18 14:40:26,997 26 loss=0.3752200934132982
2019-01-18 14:40:26,998 27 loss=0.36800087217379845
2019-01-18 14:40:26,998 28 loss=0.36116477872553115
2019-01-18 14:40:26,999 29 loss=0.3546788382168304
2019-01-18 14:40:27,000 30 loss=0.3485136762555915
2019-01-18 14:40:27,000 31 loss=0.34264305671773637
2019-01-18 14:40:27,001 32 loss=0.33704348502301873
2019-01-18 14:40:27,002 33 loss=0.33169386707405574
2019-01-18 14:40:27,003 34 loss=0.3265752155731089
2019-01-18 14:40:27,003 35 loss=0.3216703967103473
2019-01-18 14:40:27,004 36 loss=0.3169639112947803
2019-01-18 14:40:27,005 37 loss=0.312441705306647
2019-01-18 14:40:27,006 38 loss=0.3080910056147978
2019-01-18 14:40:27,006 39 loss=0.3039001772472806
2019-01-18 14:40:27,007 40 loss=0.2998585991470814
2019-01-18 14:40:27,008 41 loss=0.2959565558039102
2019-01-18 14:40:27,008 42 loss=0.29218514254057837
2019-01-18 14:40:27,009 43 loss=0.2885361825602483
2019-01-18 14:40:27,010 44 loss=0.2850021541381814
2019-01-18 14:40:27,011 45 loss=0.2815761265765552
2019-01-18 14:40:27,011 46 loss=0.27825170374018493
2019-01-18 14:40:27,012 47 loss=0.27502297416017646
2019-01-18 14:40:27,013 48 loss=0.2718844668363896
2019-01-18 14:40:27,014 49 loss=0.26883111199206683
2019-01-18 14:40:27,014 50 loss=0.2658582061383957
2019-01-18 14:40:27,014 final loss=0.2658582061383957
2019-01-18 14:40:27,014 best loss=10000000000.0, distortion=10000000000.0, map=0.0, wc_dist=10000000000.0
2019-01-18 14:40:27,014 	 Computing Major Stats lazily... 
2019-01-18 14:40:27,016 		 Completed edges=380 good=380 bad=0
2019-01-18 14:40:27,019 Distortion avg=0.47157663888425366 wc=11.867646769166488 me=1.7947440637159255 mc=6.612445199899496 nan_elements=0
2019-01-18 14:40:27,019 MAP = 0.2364630508380508
2019-01-18 14:40:27,020 scale=[array([1.])]
2019-01-18 15:07:11,624 Commandline ['pytorch/pytorch_hyperbolic.py', 'learn', 'data/edges/parsing/ewt/ewt_dev/602.edges', '--dim', '0', '--hyp', '0', '--edim', '10', '--euc', '1', '--sdim', '0', '--sph', '0', '--log-name', 'ewt_devr2/602.edges.E10-1.lr1.log', '--batch-size', '65536', '--epochs', '50', '--checkpoint-freq', '10', '-g', '--subsample', '1024', '--learning-rate', '1']
2019-01-18 15:07:11,624 No Model Save selected!
2019-01-18 15:07:11,626 Loaded Graph data/edges/parsing/ewt/ewt_dev/602.edges with 20 nodes scale=1.0
2019-01-18 15:07:11,626 Building dataset
2019-01-18 15:07:11,626 Subsample: 20 points with scale 1.0 subsample=19
2019-01-18 15:07:11,648 Built Data Sampler
2019-01-18 15:07:11,648 Creating a fresh model warm_start?=None
2019-01-18 15:07:11,648 	 Warmstarting? None None 20
2019-01-18 15:07:11,648 Embedding() torch.Size([20, 10])
2019-01-18 15:07:11,648 relative No Rescale
2019-01-18 15:07:11,649 Constructed model with dim=0 and epochs=0 isnan=False
2019-01-18 15:07:11,649 SGD (
Parameter Group 0
    dampening: 0
    initial_lr: 0.1
    lr: 1.0
    momentum: 0.0
    nesterov: False
    weight_decay: 0

Parameter Group 1
    dampening: 0
    initial_lr: 0.1
    lr: 1.0
    momentum: 0.0
    nesterov: False
    weight_decay: 0

Parameter Group 2
    dampening: 0
    initial_lr: 0.1
    lr: 1.0
    momentum: 0.0
    nesterov: False
    weight_decay: 0

Parameter Group 3
    dampening: 0
    initial_lr: 0.0001
    lr: 0.001
    momentum: 0.0
    nesterov: False
    weight_decay: 0
)
2019-01-18 15:07:11,649 *** Initial Checkpoint. Computing Stats
2019-01-18 15:07:11,649 	 Computing Major Stats lazily... 
2019-01-18 15:07:11,651 		 Completed edges=380 good=380 bad=0
2019-01-18 15:07:11,654 Distortion avg=0.9982812567417603 wc=18.088218990669915 me=0.00582765269827822 mc=3103.8601521353667 nan_elements=0
2019-01-18 15:07:11,654 MAP = 0.20591178429413723
2019-01-18 15:07:11,655 scale=[array([1.])]
2019-01-18 15:07:11,655 *** End Initial Checkpoint

2019-01-18 15:07:11,711 1 loss=0.9965666356769546
2019-01-18 15:07:11,712 2 loss=0.9311614681974091
2019-01-18 15:07:11,713 3 loss=0.8707013157641817
2019-01-18 15:07:11,714 4 loss=0.8168419833908254
2019-01-18 15:07:11,714 5 loss=0.7690171815129989
2019-01-18 15:07:11,715 6 loss=0.7265132850616038
2019-01-18 15:07:11,716 7 loss=0.6886557370091303
2019-01-18 15:07:11,717 8 loss=0.654842990549548
2019-01-18 15:07:11,717 9 loss=0.6245494667541361
2019-01-18 15:07:11,718 10 loss=0.5973200084607234
2019-01-18 15:07:11,718 
*** Major Checkpoint. Computing Stats and Saving
2019-01-18 15:07:11,718 	 Computing Major Stats lazily... 
2019-01-18 15:07:11,720 		 Completed edges=380 good=380 bad=0
2019-01-18 15:07:11,723 Distortion avg=0.7280644476594935 wc=22.123015999899188 me=1.1363170606768573 mc=19.46905205024504 nan_elements=0
2019-01-18 15:07:11,723 MAP = 0.09650093465186343
2019-01-18 15:07:11,723 scale=[array([1.])]
2019-01-18 15:07:11,723 *** End Major Checkpoint

2019-01-18 15:07:11,724 11 loss=0.572762056818862
2019-01-18 15:07:11,725 12 loss=0.5505376391962542
2019-01-18 15:07:11,725 13 loss=0.5303559140074987
2019-01-18 15:07:11,726 14 loss=0.5119665144580547
2019-01-18 15:07:11,727 15 loss=0.4951537292966705
2019-01-18 15:07:11,728 16 loss=0.47973147493216384
2019-01-18 15:07:11,729 17 loss=0.46553898152154827
2019-01-18 15:07:11,730 18 loss=0.4524371073277393
2019-01-18 15:07:11,730 19 loss=0.44030519794143474
2019-01-18 15:07:11,731 20 loss=0.4290384138053009
2019-01-18 15:07:11,731 
*** Major Checkpoint. Computing Stats and Saving
2019-01-18 15:07:11,732 	 Computing Major Stats lazily... 
2019-01-18 15:07:11,733 		 Completed edges=380 good=380 bad=0
2019-01-18 15:07:11,736 Distortion avg=0.6158127014689102 wc=16.92495834816203 me=1.4978165395131557 mc=11.299753942938333 nan_elements=0
2019-01-18 15:07:11,737 MAP = 0.10165932413533033
2019-01-18 15:07:11,737 scale=[array([1.])]
2019-01-18 15:07:11,737 *** End Major Checkpoint

2019-01-18 15:07:11,738 21 loss=0.4185454579313246
2019-01-18 15:07:11,738 22 loss=0.4087466443354482
2019-01-18 15:07:11,739 23 loss=0.3995722558550408
2019-01-18 15:07:11,740 24 loss=0.3909611473789703
2019-01-18 15:07:11,741 25 loss=0.3828595570204615
2019-01-18 15:07:11,741 26 loss=0.3752200934132982
2019-01-18 15:07:11,742 27 loss=0.36800087217379845
2019-01-18 15:07:11,743 28 loss=0.36116477872553115
2019-01-18 15:07:11,743 29 loss=0.35467883821683016
2019-01-18 15:07:11,744 30 loss=0.3485136762555914
2019-01-18 15:07:11,744 
*** Major Checkpoint. Computing Stats and Saving
2019-01-18 15:07:11,744 	 Computing Major Stats lazily... 
2019-01-18 15:07:11,746 		 Completed edges=380 good=380 bad=0
2019-01-18 15:07:11,749 Distortion avg=0.5570602135935983 wc=13.58190806231873 me=1.6117196577982027 mc=8.426966809397364 nan_elements=0
2019-01-18 15:07:11,749 MAP = 0.12346674953873094
2019-01-18 15:07:11,749 scale=[array([1.])]
2019-01-18 15:07:11,749 *** End Major Checkpoint

2019-01-18 15:07:11,750 31 loss=0.3426430567177364
2019-01-18 15:07:11,751 32 loss=0.33704348502301873
2019-01-18 15:07:11,751 33 loss=0.3316938670740558
2019-01-18 15:07:11,752 34 loss=0.32657521557310887
2019-01-18 15:07:11,753 35 loss=0.32167039671034725
2019-01-18 15:07:11,754 36 loss=0.3169639112947803
2019-01-18 15:07:11,754 37 loss=0.312441705306647
2019-01-18 15:07:11,755 38 loss=0.30809100561479774
2019-01-18 15:07:11,756 39 loss=0.3039001772472806
2019-01-18 15:07:11,756 40 loss=0.29985859914708135
2019-01-18 15:07:11,757 
*** Major Checkpoint. Computing Stats and Saving
2019-01-18 15:07:11,757 	 Computing Major Stats lazily... 
2019-01-18 15:07:11,758 		 Completed edges=380 good=380 bad=0
2019-01-18 15:07:11,761 Distortion avg=0.5097806490461217 wc=12.224301785424686 me=1.7123577756250596 mc=7.138871303318879 nan_elements=0
2019-01-18 15:07:11,761 MAP = 0.1658446077486325
2019-01-18 15:07:11,762 scale=[array([1.])]
2019-01-18 15:07:11,762 *** End Major Checkpoint

2019-01-18 15:07:11,762 41 loss=0.2959565558039101
2019-01-18 15:07:11,763 42 loss=0.2921851425405783
2019-01-18 15:07:11,764 43 loss=0.2885361825602484
2019-01-18 15:07:11,765 44 loss=0.2850021541381814
2019-01-18 15:07:11,765 45 loss=0.2815761265765552
2019-01-18 15:07:11,766 46 loss=0.27825170374018493
2019-01-18 15:07:11,767 47 loss=0.2750229741601765
2019-01-18 15:07:11,767 48 loss=0.27188446683638956
2019-01-18 15:07:11,768 49 loss=0.26883111199206683
2019-01-18 15:07:11,769 50 loss=0.26585820613839567
2019-01-18 15:07:11,769 
*** Major Checkpoint. Computing Stats and Saving
2019-01-18 15:07:11,769 	 Computing Major Stats lazily... 
2019-01-18 15:07:11,771 		 Completed edges=380 good=380 bad=0
2019-01-18 15:07:11,774 Distortion avg=0.4715766388842532 wc=11.867646769166491 me=1.7947440637159258 mc=6.612445199899497 nan_elements=0
2019-01-18 15:07:11,774 MAP = 0.2364630508380508
2019-01-18 15:07:11,774 scale=[array([1.])]
2019-01-18 15:07:11,774 *** End Major Checkpoint

2019-01-18 15:07:11,774 final loss=0.26585820613839567
2019-01-18 15:07:11,774 best loss=0.26585820613839567, distortion=0.4715766388842532, map=0.2364630508380508, wc_dist=11.867646769166491
2019-01-18 15:07:11,774 	 Computing Major Stats lazily... 
2019-01-18 15:07:11,776 		 Completed edges=380 good=380 bad=0
2019-01-18 15:07:11,779 Distortion avg=0.47157663888425316 wc=11.867646769166491 me=1.7947440637159258 mc=6.612445199899497 nan_elements=0
2019-01-18 15:07:11,779 MAP = 0.2364630508380509
2019-01-18 15:07:11,779 scale=[array([1.])]
