2019-01-18 15:04:00,271 Commandline ['pytorch/pytorch_hyperbolic.py', 'learn', 'data/edges/parsing/ewt/ewt_dev/608.edges', '--dim', '0', '--hyp', '0', '--edim', '10', '--euc', '1', '--sdim', '0', '--sph', '0', '--log-name', 'ewt_devr2/608.edges.E10-1.lr1.log', '--batch-size', '65536', '--epochs', '50', '--checkpoint-freq', '10', '-g', '--subsample', '1024', '--learning-rate', '1']
2019-01-18 15:04:00,271 No Model Save selected!
2019-01-18 15:04:00,273 Loaded Graph data/edges/parsing/ewt/ewt_dev/608.edges with 11 nodes scale=1.0
2019-01-18 15:04:00,273 Building dataset
2019-01-18 15:04:00,274 Subsample: 11 points with scale 1.0 subsample=10
2019-01-18 15:04:00,283 Built Data Sampler
2019-01-18 15:04:00,283 Creating a fresh model warm_start?=None
2019-01-18 15:04:00,283 	 Warmstarting? None None 11
2019-01-18 15:04:00,284 Embedding() torch.Size([11, 10])
2019-01-18 15:04:00,284 relative No Rescale
2019-01-18 15:04:00,284 Constructed model with dim=0 and epochs=0 isnan=False
2019-01-18 15:04:00,285 SGD (
Parameter Group 0
    dampening: 0
    initial_lr: 0.1
    lr: 1.0
    momentum: 0.0
    nesterov: False
    weight_decay: 0

Parameter Group 1
    dampening: 0
    initial_lr: 0.1
    lr: 1.0
    momentum: 0.0
    nesterov: False
    weight_decay: 0

Parameter Group 2
    dampening: 0
    initial_lr: 0.1
    lr: 1.0
    momentum: 0.0
    nesterov: False
    weight_decay: 0

Parameter Group 3
    dampening: 0
    initial_lr: 0.0001
    lr: 0.001
    momentum: 0.0
    nesterov: False
    weight_decay: 0
)
2019-01-18 15:04:00,285 *** Initial Checkpoint. Computing Stats
2019-01-18 15:04:00,285 	 Computing Major Stats lazily... 
2019-01-18 15:04:00,286 		 Completed edges=110 good=110 bad=0
2019-01-18 15:04:00,288 Distortion avg=0.9978447022413439 wc=6.935855920441046 me=0.005628252251848828 mc=1232.3285471369345 nan_elements=0
2019-01-18 15:04:00,288 MAP = 0.4099639249639249
2019-01-18 15:04:00,288 scale=[array([1.])]
2019-01-18 15:04:00,288 *** End Initial Checkpoint

2019-01-18 15:04:00,351 1 loss=0.9956953788106967
2019-01-18 15:04:00,351 2 loss=0.8059486835976128
2019-01-18 15:04:00,352 3 loss=0.6661381754854298
2019-01-18 15:04:00,352 4 loss=0.5671876714435029
2019-01-18 15:04:00,353 5 loss=0.4954229616318854
2019-01-18 15:04:00,353 6 loss=0.441681782523228
2019-01-18 15:04:00,354 7 loss=0.4001119715148452
2019-01-18 15:04:00,354 8 loss=0.3669788332258434
2019-01-18 15:04:00,355 9 loss=0.3398675644714283
2019-01-18 15:04:00,355 10 loss=0.31718525159816474
2019-01-18 15:04:00,355 
*** Major Checkpoint. Computing Stats and Saving
2019-01-18 15:04:00,355 	 Computing Major Stats lazily... 
2019-01-18 15:04:00,356 		 Completed edges=110 good=110 bad=0
2019-01-18 15:04:00,358 Distortion avg=0.5037446339983843 wc=8.783764877073185 me=1.3702272255022019 mc=6.410443985926384 nan_elements=0
2019-01-18 15:04:00,358 MAP = 0.2543290043290043
2019-01-18 15:04:00,358 scale=[array([1.])]
2019-01-18 15:04:00,358 *** End Major Checkpoint

2019-01-18 15:04:00,359 11 loss=0.29785541222046336
2019-01-18 15:04:00,359 12 loss=0.28113086191572545
2019-01-18 15:04:00,360 13 loss=0.26647831330521693
2019-01-18 15:04:00,360 14 loss=0.2535064132461689
2019-01-18 15:04:00,361 15 loss=0.24192022519385678
2019-01-18 15:04:00,361 16 loss=0.23149196111868092
2019-01-18 15:04:00,362 17 loss=0.22204181681278215
2019-01-18 15:04:00,362 18 loss=0.21342517444644357
2019-01-18 15:04:00,363 19 loss=0.2055238766416548
2019-01-18 15:04:00,363 20 loss=0.1982401439917947
2019-01-18 15:04:00,364 
*** Major Checkpoint. Computing Stats and Saving
2019-01-18 15:04:00,364 	 Computing Major Stats lazily... 
2019-01-18 15:04:00,364 		 Completed edges=110 good=110 bad=0
2019-01-18 15:04:00,366 Distortion avg=0.3989498790516961 wc=6.7645219928576665 me=1.5436016383862685 mc=4.382297753926666 nan_elements=0
2019-01-18 15:04:00,366 MAP = 0.58005772005772
2019-01-18 15:04:00,366 scale=[array([1.])]
2019-01-18 15:04:00,366 *** End Major Checkpoint

2019-01-18 15:04:00,367 21 loss=0.1914922360732592
2019-01-18 15:04:00,367 22 loss=0.18521128134882908
2019-01-18 15:04:00,368 23 loss=0.17933890440400405
2019-01-18 15:04:00,368 24 loss=0.17382540730884627
2019-01-18 15:04:00,369 25 loss=0.16862834401877966
2019-01-18 15:04:00,369 26 loss=0.16371137983379308
2019-01-18 15:04:00,370 27 loss=0.15904336258862747
2019-01-18 15:04:00,370 28 loss=0.15459755502664782
2019-01-18 15:04:00,371 29 loss=0.1503509928799011
2019-01-18 15:04:00,372 30 loss=0.14628394320887236
2019-01-18 15:04:00,372 
*** Major Checkpoint. Computing Stats and Saving
2019-01-18 15:04:00,372 	 Computing Major Stats lazily... 
2019-01-18 15:04:00,372 		 Completed edges=110 good=110 bad=0
2019-01-18 15:04:00,374 Distortion avg=0.32940336962360783 wc=5.640262881613382 me=1.578821744195369 mc=3.5724507230471967 nan_elements=0
2019-01-18 15:04:00,374 MAP = 0.6978354978354978
2019-01-18 15:04:00,374 scale=[array([1.])]
2019-01-18 15:04:00,374 *** End Major Checkpoint

2019-01-18 15:04:00,375 31 loss=0.14237944428298496
2019-01-18 15:04:00,376 32 loss=0.13862291284393818
2019-01-18 15:04:00,376 33 loss=0.1350018077367595
2019-01-18 15:04:00,377 34 loss=0.13150534111015375
2019-01-18 15:04:00,378 35 loss=0.1281242300002798
2019-01-18 15:04:00,378 36 loss=0.12485048232886724
2019-01-18 15:04:00,379 37 loss=0.12167721230045253
2019-01-18 15:04:00,379 38 loss=0.11859848095763295
2019-01-18 15:04:00,380 39 loss=0.11560915829868959
2019-01-18 15:04:00,380 40 loss=0.1127048039096313
2019-01-18 15:04:00,380 
*** Major Checkpoint. Computing Stats and Saving
2019-01-18 15:04:00,380 	 Computing Major Stats lazily... 
2019-01-18 15:04:00,381 		 Completed edges=110 good=110 bad=0
2019-01-18 15:04:00,383 Distortion avg=0.2833249681457261 wc=4.633983784180375 me=1.5225081114629981 mc=3.0436512943944307 nan_elements=0
2019-01-18 15:04:00,383 MAP = 0.8787878787878788
2019-01-18 15:04:00,383 scale=[array([1.])]
2019-01-18 15:04:00,383 *** End Major Checkpoint

2019-01-18 15:04:00,384 41 loss=0.10988156353138097
2019-01-18 15:04:00,384 42 loss=0.1071360793842121
2019-01-18 15:04:00,385 43 loss=0.10446541241366156
2019-01-18 15:04:00,385 44 loss=0.1018669749112589
2019-01-18 15:04:00,386 45 loss=0.09933847220508853
2019-01-18 15:04:00,387 46 loss=0.09687785231482648
2019-01-18 15:04:00,387 47 loss=0.09448326262883866
2019-01-18 15:04:00,388 48 loss=0.0921530127925217
2019-01-18 15:04:00,388 49 loss=0.08988554310248965
2019-01-18 15:04:00,389 50 loss=0.08767939778534771
2019-01-18 15:04:00,389 
*** Major Checkpoint. Computing Stats and Saving
2019-01-18 15:04:00,389 	 Computing Major Stats lazily... 
2019-01-18 15:04:00,390 		 Completed edges=110 good=110 bad=0
2019-01-18 15:04:00,391 Distortion avg=0.24731990103938087 wc=3.8025452514184965 me=1.4367965849011448 mc=2.646543909818745 nan_elements=0
2019-01-18 15:04:00,391 MAP = 0.9393939393939393
2019-01-18 15:04:00,392 scale=[array([1.])]
2019-01-18 15:04:00,392 *** End Major Checkpoint

2019-01-18 15:04:00,392 final loss=0.08767939778534771
2019-01-18 15:04:00,392 best loss=0.08767939778534771, distortion=0.24731990103938087, map=0.9393939393939393, wc_dist=3.8025452514184965
2019-01-18 15:04:00,392 	 Computing Major Stats lazily... 
2019-01-18 15:04:00,393 		 Completed edges=110 good=110 bad=0
2019-01-18 15:04:00,394 Distortion avg=0.24731990103938076 wc=3.8025452514184965 me=1.4367965849011448 mc=2.646543909818745 nan_elements=0
2019-01-18 15:04:00,394 MAP = 0.9393939393939394
2019-01-18 15:04:00,395 scale=[array([1.])]
