2019-01-18 15:12:57,343 Commandline ['pytorch/pytorch_hyperbolic.py', 'learn', 'data/edges/parsing/ewt/ewt_dev/609.edges', '--dim', '0', '--hyp', '0', '--edim', '10', '--euc', '1', '--sdim', '0', '--sph', '0', '--log-name', 'ewt_devr2/609.edges.E10-1.lr1.log', '--batch-size', '65536', '--epochs', '50', '--checkpoint-freq', '10', '-g', '--subsample', '1024', '--learning-rate', '1']
2019-01-18 15:12:57,343 No Model Save selected!
2019-01-18 15:12:57,345 Loaded Graph data/edges/parsing/ewt/ewt_dev/609.edges with 15 nodes scale=1.0
2019-01-18 15:12:57,345 Building dataset
2019-01-18 15:12:57,345 Subsample: 15 points with scale 1.0 subsample=14
2019-01-18 15:12:57,360 Built Data Sampler
2019-01-18 15:12:57,360 Creating a fresh model warm_start?=None
2019-01-18 15:12:57,360 	 Warmstarting? None None 15
2019-01-18 15:12:57,360 Embedding() torch.Size([15, 10])
2019-01-18 15:12:57,360 relative No Rescale
2019-01-18 15:12:57,361 Constructed model with dim=0 and epochs=0 isnan=False
2019-01-18 15:12:57,361 SGD (
Parameter Group 0
    dampening: 0
    initial_lr: 0.1
    lr: 1.0
    momentum: 0.0
    nesterov: False
    weight_decay: 0

Parameter Group 1
    dampening: 0
    initial_lr: 0.1
    lr: 1.0
    momentum: 0.0
    nesterov: False
    weight_decay: 0

Parameter Group 2
    dampening: 0
    initial_lr: 0.1
    lr: 1.0
    momentum: 0.0
    nesterov: False
    weight_decay: 0

Parameter Group 3
    dampening: 0
    initial_lr: 0.0001
    lr: 0.001
    momentum: 0.0
    nesterov: False
    weight_decay: 0
)
2019-01-18 15:12:57,361 *** Initial Checkpoint. Computing Stats
2019-01-18 15:12:57,361 	 Computing Major Stats lazily... 
2019-01-18 15:12:57,362 		 Completed edges=210 good=210 bad=0
2019-01-18 15:12:57,365 Distortion avg=0.9981701493751906 wc=11.812611371741808 me=0.005982886981094694 mc=1974.3998857187912 nan_elements=0
2019-01-18 15:12:57,365 MAP = 0.26654595404595405
2019-01-18 15:12:57,365 scale=[array([1.])]
2019-01-18 15:12:57,365 *** End Initial Checkpoint

2019-01-18 15:12:57,426 1 loss=0.9963450049117107
2019-01-18 15:12:57,427 2 loss=0.8965706059576666
2019-01-18 15:12:57,428 3 loss=0.8096575123251756
2019-01-18 15:12:57,429 4 loss=0.7373771486920051
2019-01-18 15:12:57,429 5 loss=0.6774486213741766
2019-01-18 15:12:57,430 6 loss=0.6276069662968184
2019-01-18 15:12:57,431 7 loss=0.5859276314351952
2019-01-18 15:12:57,432 8 loss=0.5508362567160985
2019-01-18 15:12:57,432 9 loss=0.5210632703645348
2019-01-18 15:12:57,433 10 loss=0.49559137243226803
2019-01-18 15:12:57,433 
*** Major Checkpoint. Computing Stats and Saving
2019-01-18 15:12:57,433 	 Computing Major Stats lazily... 
2019-01-18 15:12:57,434 		 Completed edges=210 good=210 bad=0
2019-01-18 15:12:57,436 Distortion avg=0.6382227075681658 wc=15.002032241468497 me=1.1371631320106885 mc=13.192506703011444 nan_elements=0
2019-01-18 15:12:57,437 MAP = 0.12231182397849061
2019-01-18 15:12:57,437 scale=[array([1.])]
2019-01-18 15:12:57,437 *** End Major Checkpoint

2019-01-18 15:12:57,438 11 loss=0.4736077169975374
2019-01-18 15:12:57,438 12 loss=0.45446345232449
2019-01-18 15:12:57,439 13 loss=0.4376405472713662
2019-01-18 15:12:57,440 14 loss=0.42272502049201943
2019-01-18 15:12:57,440 15 loss=0.4093855255970083
2019-01-18 15:12:57,441 16 loss=0.39735630766646735
2019-01-18 15:12:57,442 17 loss=0.38642367902738556
2019-01-18 15:12:57,442 18 loss=0.37641530545638346
2019-01-18 15:12:57,443 19 loss=0.3671917256871624
2019-01-18 15:12:57,444 20 loss=0.35863964028243456
2019-01-18 15:12:57,444 
*** Major Checkpoint. Computing Stats and Saving
2019-01-18 15:12:57,444 	 Computing Major Stats lazily... 
2019-01-18 15:12:57,445 		 Completed edges=210 good=210 bad=0
2019-01-18 15:12:57,447 Distortion avg=0.5618568868830894 wc=12.66825620880795 me=1.5487324245295642 mc=8.179757851105881 nan_elements=0
2019-01-18 15:12:57,447 MAP = 0.14877418877418877
2019-01-18 15:12:57,447 scale=[array([1.])]
2019-01-18 15:12:57,447 *** End Major Checkpoint

2019-01-18 15:12:57,448 21 loss=0.35066659984817544
2019-01-18 15:12:57,449 22 loss=0.34319679895020777
2019-01-18 15:12:57,449 23 loss=0.336167743445479
2019-01-18 15:12:57,450 24 loss=0.3295276078254402
2019-01-18 15:12:57,451 25 loss=0.32323313791357083
2019-01-18 15:12:57,451 26 loss=0.31724798485937017
2019-01-18 15:12:57,452 27 loss=0.3115413804853956
2019-01-18 15:12:57,453 28 loss=0.3060870830228672
2019-01-18 15:12:57,453 29 loss=0.3008625372006917
2019-01-18 15:12:57,454 30 loss=0.295848204397238
2019-01-18 15:12:57,454 
*** Major Checkpoint. Computing Stats and Saving
2019-01-18 15:12:57,454 	 Computing Major Stats lazily... 
2019-01-18 15:12:57,455 		 Completed edges=210 good=210 bad=0
2019-01-18 15:12:57,458 Distortion avg=0.5038319373349047 wc=10.807735143500736 me=1.692021283692703 mc=6.38746997313988 nan_elements=0
2019-01-18 15:12:57,458 MAP = 0.2395774595774596
2019-01-18 15:12:57,459 scale=[array([1.])]
2019-01-18 15:12:57,459 *** End Major Checkpoint

2019-01-18 15:12:57,460 31 loss=0.29102702780811884
2019-01-18 15:12:57,460 32 loss=0.28638400486548365
2019-01-18 15:12:57,461 33 loss=0.28190584488797815
2019-01-18 15:12:57,462 34 loss=0.2775806944769096
2019-01-18 15:12:57,462 35 loss=0.27339791676250014
2019-01-18 15:12:57,463 36 loss=0.26934791344710096
2019-01-18 15:12:57,464 37 loss=0.2654219808483837
2019-01-18 15:12:57,464 38 loss=0.26161219293887417
2019-01-18 15:12:57,465 39 loss=0.25791130580591487
2019-01-18 15:12:57,466 40 loss=0.2543126790944726
2019-01-18 15:12:57,466 
*** Major Checkpoint. Computing Stats and Saving
2019-01-18 15:12:57,466 	 Computing Major Stats lazily... 
2019-01-18 15:12:57,467 		 Completed edges=210 good=210 bad=0
2019-01-18 15:12:57,470 Distortion avg=0.4564393297125507 wc=9.348247658329111 me=1.7233485566651179 mc=5.424467164332136 nan_elements=0
2019-01-18 15:12:57,470 MAP = 0.4208754208754209
2019-01-18 15:12:57,470 scale=[array([1.])]
2019-01-18 15:12:57,470 *** End Major Checkpoint

2019-01-18 15:12:57,471 41 loss=0.2508102109040154
2019-01-18 15:12:57,471 42 loss=0.24739828333709357
2019-01-18 15:12:57,472 43 loss=0.24407171647840545
2019-01-18 15:12:57,473 44 loss=0.24082572904831195
2019-01-18 15:12:57,473 45 loss=0.23765590434718842
2019-01-18 15:12:57,474 46 loss=0.23455816040501104
2019-01-18 15:12:57,475 47 loss=0.2315287234887787
2019-01-18 15:12:57,475 48 loss=0.22856410431036112
2019-01-18 15:12:57,476 49 loss=0.2256610764284259
2019-01-18 15:12:57,476 50 loss=0.22281665645765644
2019-01-18 15:12:57,476 
*** Major Checkpoint. Computing Stats and Saving
2019-01-18 15:12:57,477 	 Computing Major Stats lazily... 
2019-01-18 15:12:57,478 		 Completed edges=210 good=210 bad=0
2019-01-18 15:12:57,480 Distortion avg=0.4196054603788239 wc=8.169944586712383 me=1.6992707050123403 mc=4.807912337106436 nan_elements=0
2019-01-18 15:12:57,480 MAP = 0.5251256613756613
2019-01-18 15:12:57,480 scale=[array([1.])]
2019-01-18 15:12:57,480 *** End Major Checkpoint

2019-01-18 15:12:57,481 final loss=0.22281665645765644
2019-01-18 15:12:57,481 best loss=0.22281665645765644, distortion=0.4196054603788239, map=0.5251256613756613, wc_dist=8.169944586712383
2019-01-18 15:12:57,481 	 Computing Major Stats lazily... 
2019-01-18 15:12:57,482 		 Completed edges=210 good=210 bad=0
2019-01-18 15:12:57,484 Distortion avg=0.41960546037882407 wc=8.169944586712383 me=1.6992707050123403 mc=4.807912337106436 nan_elements=0
2019-01-18 15:12:57,484 MAP = 0.5251256613756614
2019-01-18 15:12:57,485 scale=[array([1.])]
