2019-01-18 15:02:39,797 Commandline ['pytorch/pytorch_hyperbolic.py', 'learn', 'data/edges/parsing/ewt/ewt_dev/620.edges', '--dim', '0', '--hyp', '0', '--edim', '10', '--euc', '1', '--sdim', '0', '--sph', '0', '--log-name', 'ewt_devr2/620.edges.E10-1.lr1.log', '--batch-size', '65536', '--epochs', '50', '--checkpoint-freq', '10', '-g', '--subsample', '1024', '--learning-rate', '1']
2019-01-18 15:02:39,797 No Model Save selected!
2019-01-18 15:02:39,798 Loaded Graph data/edges/parsing/ewt/ewt_dev/620.edges with 17 nodes scale=1.0
2019-01-18 15:02:39,799 Building dataset
2019-01-18 15:02:39,799 Subsample: 17 points with scale 1.0 subsample=16
2019-01-18 15:02:39,816 Built Data Sampler
2019-01-18 15:02:39,816 Creating a fresh model warm_start?=None
2019-01-18 15:02:39,816 	 Warmstarting? None None 17
2019-01-18 15:02:39,817 Embedding() torch.Size([17, 10])
2019-01-18 15:02:39,817 relative No Rescale
2019-01-18 15:02:39,817 Constructed model with dim=0 and epochs=0 isnan=False
2019-01-18 15:02:39,817 SGD (
Parameter Group 0
    dampening: 0
    initial_lr: 0.1
    lr: 1.0
    momentum: 0.0
    nesterov: False
    weight_decay: 0

Parameter Group 1
    dampening: 0
    initial_lr: 0.1
    lr: 1.0
    momentum: 0.0
    nesterov: False
    weight_decay: 0

Parameter Group 2
    dampening: 0
    initial_lr: 0.1
    lr: 1.0
    momentum: 0.0
    nesterov: False
    weight_decay: 0

Parameter Group 3
    dampening: 0
    initial_lr: 0.0001
    lr: 0.001
    momentum: 0.0
    nesterov: False
    weight_decay: 0
)
2019-01-18 15:02:39,817 *** Initial Checkpoint. Computing Stats
2019-01-18 15:02:39,818 	 Computing Major Stats lazily... 
2019-01-18 15:02:39,819 		 Completed edges=272 good=272 bad=0
2019-01-18 15:02:39,822 Distortion avg=0.9982350785686731 wc=10.345442523989975 me=0.006009979300171955 mc=1721.3773970392836 nan_elements=0
2019-01-18 15:02:39,822 MAP = 0.1855449452508276
2019-01-18 15:02:39,822 scale=[array([1.])]
2019-01-18 15:02:39,822 *** End Initial Checkpoint

2019-01-18 15:02:39,879 1 loss=0.9964746432235458
2019-01-18 15:02:39,880 2 loss=0.9104311394118515
2019-01-18 15:02:39,880 3 loss=0.8340129941130334
2019-01-18 15:02:39,881 4 loss=0.7688298233704411
2019-01-18 15:02:39,882 5 loss=0.7133124138989182
2019-01-18 15:02:39,882 6 loss=0.6658755251734101
2019-01-18 15:02:39,883 7 loss=0.6251483726372381
2019-01-18 15:02:39,883 8 loss=0.589986869365937
2019-01-18 15:02:39,884 9 loss=0.5594479080826907
2019-01-18 15:02:39,885 10 loss=0.5327578166146433
2019-01-18 15:02:39,885 
*** Major Checkpoint. Computing Stats and Saving
2019-01-18 15:02:39,885 	 Computing Major Stats lazily... 
2019-01-18 15:02:39,886 		 Completed edges=272 good=272 bad=0
2019-01-18 15:02:39,889 Distortion avg=0.6728775533262996 wc=16.60053862209806 me=1.2133264613251562 mc=13.681840091056355 nan_elements=0
2019-01-18 15:02:39,889 MAP = 0.10272961515608575
2019-01-18 15:02:39,889 scale=[array([1.])]
2019-01-18 15:02:39,889 *** End Major Checkpoint

2019-01-18 15:02:39,890 11 loss=0.5092829161590938
2019-01-18 15:02:39,890 12 loss=0.4885041208212333
2019-01-18 15:02:39,891 13 loss=0.46999572278504403
2019-01-18 15:02:39,892 14 loss=0.4534079501406194
2019-01-18 15:02:39,892 15 loss=0.43845274512931803
2019-01-18 15:02:39,893 16 loss=0.4248922203815025
2019-01-18 15:02:39,893 17 loss=0.41252931100588763
2019-01-18 15:02:39,894 18 loss=0.40120021283330987
2019-01-18 15:02:39,895 19 loss=0.3907682667982641
2019-01-18 15:02:39,895 20 loss=0.38111901105262047
2019-01-18 15:02:39,895 
*** Major Checkpoint. Computing Stats and Saving
2019-01-18 15:02:39,896 	 Computing Major Stats lazily... 
2019-01-18 15:02:39,897 		 Completed edges=272 good=272 bad=0
2019-01-18 15:02:39,899 Distortion avg=0.5852723227492106 wc=12.10761833854973 me=1.4751664434482912 mc=8.207628632229076 nan_elements=0
2019-01-18 15:02:39,899 MAP = 0.11073720397249809
2019-01-18 15:02:39,900 scale=[array([1.])]
2019-01-18 15:02:39,900 *** End Major Checkpoint

2019-01-18 15:02:39,900 21 loss=0.37215617469175394
2019-01-18 15:02:39,901 22 loss=0.3637984303490604
2019-01-18 15:02:39,902 23 loss=0.35597675841494675
2019-01-18 15:02:39,902 24 loss=0.348632304446645
2019-01-18 15:02:39,903 25 loss=0.34171463459084256
2019-01-18 15:02:39,903 26 loss=0.3351803125487513
2019-01-18 15:02:39,904 27 loss=0.32899173663026016
2019-01-18 15:02:39,905 28 loss=0.3231161874835038
2019-01-18 15:02:39,905 29 loss=0.31752504673328424
2019-01-18 15:02:39,906 30 loss=0.31219315449103757
2019-01-18 15:02:39,906 
*** Major Checkpoint. Computing Stats and Saving
2019-01-18 15:02:39,906 	 Computing Major Stats lazily... 
2019-01-18 15:02:39,907 		 Completed edges=272 good=272 bad=0
2019-01-18 15:02:39,910 Distortion avg=0.5271394368448806 wc=10.248907781259312 me=1.6091781310205822 mc=6.369032479181898 nan_elements=0
2019-01-18 15:02:39,910 MAP = 0.14966078039607453
2019-01-18 15:02:39,910 scale=[array([1.])]
2019-01-18 15:02:39,910 *** End Major Checkpoint

2019-01-18 15:02:39,911 31 loss=0.30709827989346744
2019-01-18 15:02:39,911 32 loss=0.30222068379417694
2019-01-18 15:02:39,912 33 loss=0.2975427567190308
2019-01-18 15:02:39,913 34 loss=0.2930487183984875
2019-01-18 15:02:39,913 35 loss=0.2887243677660083
2019-01-18 15:02:39,914 36 loss=0.28455687438630556
2019-01-18 15:02:39,915 37 loss=0.2805346039507029
2019-01-18 15:02:39,915 38 loss=0.2766469718290263
2019-01-18 15:02:39,916 39 loss=0.27288431976190775
2019-01-18 15:02:39,916 40 loss=0.269237811664948
2019-01-18 15:02:39,916 
*** Major Checkpoint. Computing Stats and Saving
2019-01-18 15:02:39,917 	 Computing Major Stats lazily... 
2019-01-18 15:02:39,918 		 Completed edges=272 good=272 bad=0
2019-01-18 15:02:39,920 Distortion avg=0.4795152144912978 wc=9.538108472191913 me=1.7553699302795895 mc=5.433674297173767 nan_elements=0
2019-01-18 15:02:39,920 MAP = 0.21516084405790292
2019-01-18 15:02:39,921 scale=[array([1.])]
2019-01-18 15:02:39,921 *** End Major Checkpoint

2019-01-18 15:02:39,921 41 loss=0.2656993452374486
2019-01-18 15:02:39,922 42 loss=0.26226147665579086
2019-01-18 15:02:39,923 43 loss=0.25891735611095945
2019-01-18 15:02:39,924 44 loss=0.25566067234194206
2019-01-18 15:02:39,925 45 loss=0.25248560463842123
2019-01-18 15:02:39,925 46 loss=0.2493867810506698
2019-01-18 15:02:39,926 47 loss=0.24635924176259033
2019-01-18 15:02:39,927 48 loss=0.24339840676402666
2019-01-18 15:02:39,927 49 loss=0.24050004710776485
2019-01-18 15:02:39,928 50 loss=0.23766025916063468
2019-01-18 15:02:39,928 
*** Major Checkpoint. Computing Stats and Saving
2019-01-18 15:02:39,928 	 Computing Major Stats lazily... 
2019-01-18 15:02:39,929 		 Completed edges=272 good=272 bad=0
2019-01-18 15:02:39,932 Distortion avg=0.4401877956354035 wc=8.895988753956411 me=1.836282821143369 mc=4.844563512507995 nan_elements=0
2019-01-18 15:02:39,932 MAP = 0.3282105149752208
2019-01-18 15:02:39,932 scale=[array([1.])]
2019-01-18 15:02:39,932 *** End Major Checkpoint

2019-01-18 15:02:39,932 final loss=0.23766025916063468
2019-01-18 15:02:39,932 best loss=0.23766025916063468, distortion=0.4401877956354035, map=0.3282105149752208, wc_dist=8.895988753956411
2019-01-18 15:02:39,932 	 Computing Major Stats lazily... 
2019-01-18 15:02:39,933 		 Completed edges=272 good=272 bad=0
2019-01-18 15:02:39,936 Distortion avg=0.4401877956354032 wc=8.895988753956411 me=1.836282821143369 mc=4.844563512507995 nan_elements=0
2019-01-18 15:02:39,936 MAP = 0.32821051497522086
2019-01-18 15:02:39,936 scale=[array([1.])]
