2019-01-18 14:49:20,390 Commandline ['pytorch/pytorch_hyperbolic.py', 'learn', 'data/edges/parsing/ewt/ewt_dev/636.edges', '--dim', '0', '--hyp', '0', '--edim', '10', '--euc', '1', '--sdim', '0', '--sph', '0', '--log-name', 'ewt_devr2/636.edges.E10-1.lr1.log', '--batch-size', '65536', '--epochs', '50', '--checkpoint-freq', '10', '-g', '--subsample', '1024', '--learning-rate', '1']
2019-01-18 14:49:20,390 No Model Save selected!
2019-01-18 14:49:20,392 Loaded Graph data/edges/parsing/ewt/ewt_dev/636.edges with 6 nodes scale=1.0
2019-01-18 14:49:20,392 Building dataset
2019-01-18 14:49:20,393 Subsample: 6 points with scale 1.0 subsample=5
2019-01-18 14:49:20,397 Built Data Sampler
2019-01-18 14:49:20,397 Creating a fresh model warm_start?=None
2019-01-18 14:49:20,397 	 Warmstarting? None None 6
2019-01-18 14:49:20,397 Embedding() torch.Size([6, 10])
2019-01-18 14:49:20,398 relative No Rescale
2019-01-18 14:49:20,398 Constructed model with dim=0 and epochs=0 isnan=False
2019-01-18 14:49:20,398 SGD (
Parameter Group 0
    dampening: 0
    initial_lr: 0.1
    lr: 1.0
    momentum: 0.0
    nesterov: False
    weight_decay: 0

Parameter Group 1
    dampening: 0
    initial_lr: 0.1
    lr: 1.0
    momentum: 0.0
    nesterov: False
    weight_decay: 0

Parameter Group 2
    dampening: 0
    initial_lr: 0.1
    lr: 1.0
    momentum: 0.0
    nesterov: False
    weight_decay: 0

Parameter Group 3
    dampening: 0
    initial_lr: 0.0001
    lr: 0.001
    momentum: 0.0
    nesterov: False
    weight_decay: 0
)
2019-01-18 14:49:20,398 *** Initial Checkpoint. Computing Stats
2019-01-18 14:49:20,398 	 Computing Major Stats lazily... 
2019-01-18 14:49:20,399 		 Completed edges=30 good=30 bad=0
2019-01-18 14:49:20,400 Distortion avg=0.9971468202815983 wc=4.429205455045332 me=0.005628252251848828 mc=786.9593004809583 nan_elements=0
2019-01-18 14:49:20,400 MAP = 0.45555555555555555
2019-01-18 14:49:20,400 scale=[array([1.])]
2019-01-18 14:49:20,400 *** End Initial Checkpoint

2019-01-18 14:49:20,457 1 loss=0.9943036683992853
2019-01-18 14:49:20,457 2 loss=0.46895896591539044
2019-01-18 14:49:20,458 3 loss=0.31363130427147967
2019-01-18 14:49:20,459 4 loss=0.24545644610691483
2019-01-18 14:49:20,459 5 loss=0.20155096324716354
2019-01-18 14:49:20,459 6 loss=0.1692022535367684
2019-01-18 14:49:20,460 7 loss=0.14425605440645312
2019-01-18 14:49:20,460 8 loss=0.12451900914960287
2019-01-18 14:49:20,461 9 loss=0.10854229711055983
2019-01-18 14:49:20,461 10 loss=0.09532524168088893
2019-01-18 14:49:20,461 
*** Major Checkpoint. Computing Stats and Saving
2019-01-18 14:49:20,461 	 Computing Major Stats lazily... 
2019-01-18 14:49:20,462 		 Completed edges=30 good=30 bad=0
2019-01-18 14:49:20,463 Distortion avg=0.2608004870057568 wc=2.5014652414050462 me=1.2508949582718976 mc=1.9997404457212 nan_elements=0
2019-01-18 14:49:20,463 MAP = 1.0
2019-01-18 14:49:20,463 scale=[array([1.])]
2019-01-18 14:49:20,463 *** End Major Checkpoint

2019-01-18 14:49:20,463 11 loss=0.08418674327181588
2019-01-18 14:49:20,464 12 loss=0.07467106007349288
2019-01-18 14:49:20,464 13 loss=0.06647133706733972
2019-01-18 14:49:20,465 14 loss=0.05937249107738992
2019-01-18 14:49:20,465 15 loss=0.053213326512301505
2019-01-18 14:49:20,466 16 loss=0.04786428688536968
2019-01-18 14:49:20,466 17 loss=0.04321585436073806
2019-01-18 14:49:20,467 18 loss=0.03917310275162971
2019-01-18 14:49:20,467 19 loss=0.03565323547952347
2019-01-18 14:49:20,468 20 loss=0.03258427463893052
2019-01-18 14:49:20,468 
*** Major Checkpoint. Computing Stats and Saving
2019-01-18 14:49:20,468 	 Computing Major Stats lazily... 
2019-01-18 14:49:20,468 		 Completed edges=30 good=30 bad=0
2019-01-18 14:49:20,469 Distortion avg=0.15559241158689788 wc=1.6415453021968307 me=1.1454591316540048 mc=1.4330893672535432 nan_elements=0
2019-01-18 14:49:20,469 MAP = 1.0
2019-01-18 14:49:20,469 scale=[array([1.])]
2019-01-18 14:49:20,469 *** End Major Checkpoint

2019-01-18 14:49:20,470 21 loss=0.029904039464066105
2019-01-18 14:49:20,470 22 loss=0.027559119031961007
2019-01-18 14:49:20,471 23 loss=0.025503807510257173
2019-01-18 14:49:20,471 24 loss=0.023699056087215235
2019-01-18 14:49:20,472 25 loss=0.022111499158508706
2019-01-18 14:49:20,472 26 loss=0.02071258934812076
2019-01-18 14:49:20,472 27 loss=0.01947785240285259
2019-01-18 14:49:20,473 28 loss=0.018386257191203733
2019-01-18 14:49:20,473 29 loss=0.017419688115156113
2019-01-18 14:49:20,474 30 loss=0.01656250479093748
2019-01-18 14:49:20,474 
*** Major Checkpoint. Computing Stats and Saving
2019-01-18 14:49:20,474 	 Computing Major Stats lazily... 
2019-01-18 14:49:20,474 		 Completed edges=30 good=30 bad=0
2019-01-18 14:49:20,475 Distortion avg=0.11585814783960172 wc=1.4304707075014873 me=1.1433106356702627 mc=1.2511653988619442 nan_elements=0
2019-01-18 14:49:20,475 MAP = 1.0
2019-01-18 14:49:20,475 scale=[array([1.])]
2019-01-18 14:49:20,475 *** End Major Checkpoint

2019-01-18 14:49:20,476 31 loss=0.015801174404816643
2019-01-18 14:49:20,476 32 loss=0.01512396397412073
2019-01-18 14:49:20,477 33 loss=0.014520681864635366
2019-01-18 14:49:20,477 34 loss=0.013982459881357715
2019-01-18 14:49:20,478 35 loss=0.013501568907510579
2019-01-18 14:49:20,478 36 loss=0.013071262406666147
2019-01-18 14:49:20,479 37 loss=0.012685643168234527
2019-01-18 14:49:20,479 38 loss=0.012339549521843159
2019-01-18 14:49:20,480 39 loss=0.012028457919917098
2019-01-18 14:49:20,480 40 loss=0.011748399328729673
2019-01-18 14:49:20,480 
*** Major Checkpoint. Computing Stats and Saving
2019-01-18 14:49:20,480 	 Computing Major Stats lazily... 
2019-01-18 14:49:20,480 		 Completed edges=30 good=30 bad=0
2019-01-18 14:49:20,481 Distortion avg=0.0997362914740244 wc=1.3356038755066904 me=1.1369597922691714 mc=1.1747151346848075 nan_elements=0
2019-01-18 14:49:20,481 MAP = 1.0
2019-01-18 14:49:20,482 scale=[array([1.])]
2019-01-18 14:49:20,482 *** End Major Checkpoint

2019-01-18 14:49:20,482 41 loss=0.011495887305657964
2019-01-18 14:49:20,483 42 loss=0.011267855996358454
2019-01-18 14:49:20,483 43 loss=0.011061606576715897
2019-01-18 14:49:20,483 44 loss=0.010874760903496037
2019-01-18 14:49:20,484 45 loss=0.010705221334634757
2019-01-18 14:49:20,484 46 loss=0.010551135842936188
2019-01-18 14:49:20,485 47 loss=0.010410867681959873
2019-01-18 14:49:20,485 48 loss=0.01028296897515681
2019-01-18 14:49:20,486 49 loss=0.010166157692987277
2019-01-18 14:49:20,486 50 loss=0.010059297561164597
2019-01-18 14:49:20,486 
*** Major Checkpoint. Computing Stats and Saving
2019-01-18 14:49:20,486 	 Computing Major Stats lazily... 
2019-01-18 14:49:20,486 		 Completed edges=30 good=30 bad=0
2019-01-18 14:49:20,487 Distortion avg=0.09483818524912609 wc=1.286727708244645 me=1.1311724060921398 mc=1.137516881878247 nan_elements=0
2019-01-18 14:49:20,488 MAP = 1.0
2019-01-18 14:49:20,488 scale=[array([1.])]
2019-01-18 14:49:20,488 *** End Major Checkpoint

2019-01-18 14:49:20,488 final loss=0.010059297561164597
2019-01-18 14:49:20,488 best loss=0.010059297561164597, distortion=0.09483818524912609, map=1.0, wc_dist=1.286727708244645
2019-01-18 14:49:20,488 	 Computing Major Stats lazily... 
2019-01-18 14:49:20,488 		 Completed edges=30 good=30 bad=0
2019-01-18 14:49:20,489 Distortion avg=0.09483818524912607 wc=1.286727708244645 me=1.1311724060921398 mc=1.137516881878247 nan_elements=0
2019-01-18 14:49:20,490 MAP = 1.0
2019-01-18 14:49:20,490 scale=[array([1.])]
