2019-01-18 15:07:45,272 Commandline ['pytorch/pytorch_hyperbolic.py', 'learn', 'data/edges/parsing/ewt/ewt_dev/637.edges', '--dim', '0', '--hyp', '0', '--edim', '10', '--euc', '1', '--sdim', '0', '--sph', '0', '--log-name', 'ewt_devr2/637.edges.E10-1.lr1.log', '--batch-size', '65536', '--epochs', '50', '--checkpoint-freq', '10', '-g', '--subsample', '1024', '--learning-rate', '1']
2019-01-18 15:07:45,273 No Model Save selected!
2019-01-18 15:07:45,274 Loaded Graph data/edges/parsing/ewt/ewt_dev/637.edges with 31 nodes scale=1.0
2019-01-18 15:07:45,274 Building dataset
2019-01-18 15:07:45,275 Subsample: 31 points with scale 1.0 subsample=30
2019-01-18 15:07:45,318 Built Data Sampler
2019-01-18 15:07:45,318 Creating a fresh model warm_start?=None
2019-01-18 15:07:45,318 	 Warmstarting? None None 31
2019-01-18 15:07:45,319 Embedding() torch.Size([31, 10])
2019-01-18 15:07:45,319 relative No Rescale
2019-01-18 15:07:45,319 Constructed model with dim=0 and epochs=0 isnan=False
2019-01-18 15:07:45,319 SGD (
Parameter Group 0
    dampening: 0
    initial_lr: 0.1
    lr: 1.0
    momentum: 0.0
    nesterov: False
    weight_decay: 0

Parameter Group 1
    dampening: 0
    initial_lr: 0.1
    lr: 1.0
    momentum: 0.0
    nesterov: False
    weight_decay: 0

Parameter Group 2
    dampening: 0
    initial_lr: 0.1
    lr: 1.0
    momentum: 0.0
    nesterov: False
    weight_decay: 0

Parameter Group 3
    dampening: 0
    initial_lr: 0.0001
    lr: 0.001
    momentum: 0.0
    nesterov: False
    weight_decay: 0
)
2019-01-18 15:07:45,319 *** Initial Checkpoint. Computing Stats
2019-01-18 15:07:45,319 	 Computing Major Stats lazily... 
2019-01-18 15:07:45,323 		 Completed edges=930 good=930 bad=0
2019-01-18 15:07:45,328 Distortion avg=0.9986614852260208 wc=22.89407024854016 me=0.006196519622161948 mc=3694.665980990226 nan_elements=0
2019-01-18 15:07:45,328 MAP = 0.12065887556041717
2019-01-18 15:07:45,329 scale=[array([1.])]
2019-01-18 15:07:45,329 *** End Initial Checkpoint

2019-01-18 15:07:45,386 1 loss=0.9973258781999607
2019-01-18 15:07:45,387 2 loss=0.9716912465795291
2019-01-18 15:07:45,388 3 loss=0.9465854786964862
2019-01-18 15:07:45,389 4 loss=0.9225990580112857
2019-01-18 15:07:45,390 5 loss=0.899768709658276
2019-01-18 15:07:45,391 6 loss=0.8780635839511375
2019-01-18 15:07:45,393 7 loss=0.8574354025050183
2019-01-18 15:07:45,394 8 loss=0.837830783797524
2019-01-18 15:07:45,395 9 loss=0.8191955813941036
2019-01-18 15:07:45,396 10 loss=0.8014767119951358
2019-01-18 15:07:45,396 
*** Major Checkpoint. Computing Stats and Saving
2019-01-18 15:07:45,396 	 Computing Major Stats lazily... 
2019-01-18 15:07:45,400 		 Completed edges=930 good=930 bad=0
2019-01-18 15:07:45,405 Distortion avg=0.8785401352020134 wc=33.441857770451065 me=0.6639254671352341 mc=50.369897565082155 nan_elements=0
2019-01-18 15:07:45,405 MAP = 0.0610817175015846
2019-01-18 15:07:45,405 scale=[array([1.])]
2019-01-18 15:07:45,405 *** End Major Checkpoint

2019-01-18 15:07:45,406 11 loss=0.7846229929994258
2019-01-18 15:07:45,408 12 loss=0.7685855280192224
2019-01-18 15:07:45,409 13 loss=0.753317864992289
2019-01-18 15:07:45,410 14 loss=0.7387760322572129
2019-01-18 15:07:45,411 15 loss=0.7249185065203553
2019-01-18 15:07:45,412 16 loss=0.7117061422150736
2019-01-18 15:07:45,413 17 loss=0.6991020792359771
2019-01-18 15:07:45,414 18 loss=0.6870716392104187
2019-01-18 15:07:45,415 19 loss=0.6755822165619382
2019-01-18 15:07:45,416 20 loss=0.6646031682872716
2019-01-18 15:07:45,416 
*** Major Checkpoint. Computing Stats and Saving
2019-01-18 15:07:45,416 	 Computing Major Stats lazily... 
2019-01-18 15:07:45,420 		 Completed edges=930 good=930 bad=0
2019-01-18 15:07:45,425 Distortion avg=0.7863099328285451 wc=30.28306905612632 me=1.1202962611703773 mc=27.031304223482362 nan_elements=0
2019-01-18 15:07:45,425 MAP = 0.06089349508495174
2019-01-18 15:07:45,425 scale=[array([1.])]
2019-01-18 15:07:45,425 *** End Major Checkpoint

2019-01-18 15:07:45,426 21 loss=0.6541057049270995
2019-01-18 15:07:45,427 22 loss=0.6440627842948499
2019-01-18 15:07:45,428 23 loss=0.6344490089326211
2019-01-18 15:07:45,430 24 loss=0.6252405278695163
2019-01-18 15:07:45,431 25 loss=0.6164149429937519
2019-01-18 15:07:45,432 26 loss=0.6079512201715944
2019-01-18 15:07:45,433 27 loss=0.599829605125337
2019-01-18 15:07:45,434 28 loss=0.5920315440009349
2019-01-18 15:07:45,435 29 loss=0.5845396085014413
2019-01-18 15:07:45,436 30 loss=0.5773374254269037
2019-01-18 15:07:45,436 
*** Major Checkpoint. Computing Stats and Saving
2019-01-18 15:07:45,436 	 Computing Major Stats lazily... 
2019-01-18 15:07:45,440 		 Completed edges=930 good=930 bad=0
2019-01-18 15:07:45,444 Distortion avg=0.7274119315037961 wc=27.182844133917044 me=1.4190787226524433 mc=19.15527567287371 nan_elements=0
2019-01-18 15:07:45,444 MAP = 0.0620675190861404
2019-01-18 15:07:45,444 scale=[array([1.])]
2019-01-18 15:07:45,445 *** End Major Checkpoint

2019-01-18 15:07:45,446 31 loss=0.5704096104392417
2019-01-18 15:07:45,447 32 loss=0.5637417058579774
2019-01-18 15:07:45,448 33 loss=0.5573201222867429
2019-01-18 15:07:45,449 34 loss=0.5511320838693249
2019-01-18 15:07:45,450 35 loss=0.5451655769761902
2019-01-18 15:07:45,451 36 loss=0.5394093021269599
2019-01-18 15:07:45,452 37 loss=0.5338526289604165
2019-01-18 15:07:45,453 38 loss=0.5284855540708082
2019-01-18 15:07:45,454 39 loss=0.5232986615370284
2019-01-18 15:07:45,455 40 loss=0.5182830859794377
2019-01-18 15:07:45,455 
*** Major Checkpoint. Computing Stats and Saving
2019-01-18 15:07:45,456 	 Computing Major Stats lazily... 
2019-01-18 15:07:45,459 		 Completed edges=930 good=930 bad=0
2019-01-18 15:07:45,464 Distortion avg=0.6908328298949099 wc=24.521275395231616 me=1.6114530257604742 mc=15.216872600837728 nan_elements=0
2019-01-18 15:07:45,464 MAP = 0.0640818283779507
2019-01-18 15:07:45,464 scale=[array([1.])]
2019-01-18 15:07:45,464 *** End Major Checkpoint

2019-01-18 15:07:45,465 41 loss=0.5134304779874215
2019-01-18 15:07:45,466 42 loss=0.5087329717690892
2019-01-18 15:07:45,467 43 loss=0.5041831548827164
2019-01-18 15:07:45,468 44 loss=0.499774039917514
2019-01-18 15:07:45,470 45 loss=0.49549903799903644
2019-01-18 15:07:45,471 46 loss=0.491351934001965
2019-01-18 15:07:45,472 47 loss=0.4873268633601122
2019-01-18 15:07:45,473 48 loss=0.48341829037026424
2019-01-18 15:07:45,474 49 loss=0.47962098789290886
2019-01-18 15:07:45,475 50 loss=0.4759300183589948
2019-01-18 15:07:45,475 
*** Major Checkpoint. Computing Stats and Saving
2019-01-18 15:07:45,475 	 Computing Major Stats lazily... 
2019-01-18 15:07:45,478 		 Completed edges=930 good=930 bad=0
2019-01-18 15:07:45,483 Distortion avg=0.6610011964438619 wc=22.39594214055328 me=1.7419493254617457 mc=12.85682758573743 nan_elements=0
2019-01-18 15:07:45,483 MAP = 0.06797389518445177
2019-01-18 15:07:45,483 scale=[array([1.])]
2019-01-18 15:07:45,483 *** End Major Checkpoint

2019-01-18 15:07:45,484 final loss=0.4759300183589948
2019-01-18 15:07:45,484 best loss=0.4759300183589948, distortion=0.6610011964438619, map=0.06797389518445177, wc_dist=22.39594214055328
2019-01-18 15:07:45,484 	 Computing Major Stats lazily... 
2019-01-18 15:07:45,487 		 Completed edges=930 good=930 bad=0
2019-01-18 15:07:45,492 Distortion avg=0.661001196443861 wc=22.39594214055328 me=1.7419493254617457 mc=12.85682758573743 nan_elements=0
2019-01-18 15:07:45,492 MAP = 0.06797389518445175
2019-01-18 15:07:45,492 scale=[array([1.])]
