2019-01-18 14:59:18,807 Commandline ['pytorch/pytorch_hyperbolic.py', 'learn', 'data/edges/parsing/ewt/ewt_dev/642.edges', '--dim', '0', '--hyp', '0', '--edim', '10', '--euc', '1', '--sdim', '0', '--sph', '0', '--log-name', 'ewt_devr2/642.edges.E10-1.lr1.log', '--batch-size', '65536', '--epochs', '50', '--checkpoint-freq', '10', '-g', '--subsample', '1024', '--learning-rate', '1']
2019-01-18 14:59:18,807 No Model Save selected!
2019-01-18 14:59:18,809 Loaded Graph data/edges/parsing/ewt/ewt_dev/642.edges with 7 nodes scale=1.0
2019-01-18 14:59:18,809 Building dataset
2019-01-18 14:59:18,810 Subsample: 7 points with scale 1.0 subsample=6
2019-01-18 14:59:18,815 Built Data Sampler
2019-01-18 14:59:18,815 Creating a fresh model warm_start?=None
2019-01-18 14:59:18,815 	 Warmstarting? None None 7
2019-01-18 14:59:18,815 Embedding() torch.Size([7, 10])
2019-01-18 14:59:18,815 relative No Rescale
2019-01-18 14:59:18,816 Constructed model with dim=0 and epochs=0 isnan=False
2019-01-18 14:59:18,816 SGD (
Parameter Group 0
    dampening: 0
    initial_lr: 0.1
    lr: 1.0
    momentum: 0.0
    nesterov: False
    weight_decay: 0

Parameter Group 1
    dampening: 0
    initial_lr: 0.1
    lr: 1.0
    momentum: 0.0
    nesterov: False
    weight_decay: 0

Parameter Group 2
    dampening: 0
    initial_lr: 0.1
    lr: 1.0
    momentum: 0.0
    nesterov: False
    weight_decay: 0

Parameter Group 3
    dampening: 0
    initial_lr: 0.0001
    lr: 0.001
    momentum: 0.0
    nesterov: False
    weight_decay: 0
)
2019-01-18 14:59:18,816 *** Initial Checkpoint. Computing Stats
2019-01-18 14:59:18,816 	 Computing Major Stats lazily... 
2019-01-18 14:59:18,817 		 Completed edges=42 good=42 bad=0
2019-01-18 14:59:18,818 Distortion avg=0.9973602928158436 wc=6.561795867197805 me=0.005939956548066182 mc=1104.687519866466 nan_elements=0
2019-01-18 14:59:18,818 MAP = 0.4793650793650794
2019-01-18 14:59:18,818 scale=[array([1.])]
2019-01-18 14:59:18,818 *** End Initial Checkpoint

2019-01-18 14:59:18,876 1 loss=0.9947295380976467
2019-01-18 14:59:18,877 2 loss=0.6064975961118029
2019-01-18 14:59:18,877 3 loss=0.42726509209823266
2019-01-18 14:59:18,878 4 loss=0.34306481410682566
2019-01-18 14:59:18,878 5 loss=0.29680540726976357
2019-01-18 14:59:18,879 6 loss=0.2668382418565862
2019-01-18 14:59:18,879 7 loss=0.24480055689139674
2019-01-18 14:59:18,880 8 loss=0.2271882236813827
2019-01-18 14:59:18,880 9 loss=0.21234592886076728
2019-01-18 14:59:18,881 10 loss=0.19938047320301422
2019-01-18 14:59:18,881 
*** Major Checkpoint. Computing Stats and Saving
2019-01-18 14:59:18,881 	 Computing Major Stats lazily... 
2019-01-18 14:59:18,882 		 Completed edges=42 good=42 bad=0
2019-01-18 14:59:18,883 Distortion avg=0.3938576385936277 wc=4.818594230229955 me=1.370033851190298 mc=3.51713516132723 nan_elements=0
2019-01-18 14:59:18,883 MAP = 0.6007936507936508
2019-01-18 14:59:18,883 scale=[array([1.])]
2019-01-18 14:59:18,884 *** End Major Checkpoint

2019-01-18 14:59:18,884 11 loss=0.18775249889677412
2019-01-18 14:59:18,885 12 loss=0.17711237088920825
2019-01-18 14:59:18,885 13 loss=0.1672267463735761
2019-01-18 14:59:18,886 14 loss=0.15794036480183696
2019-01-18 14:59:18,886 15 loss=0.14915256937957647
2019-01-18 14:59:18,887 16 loss=0.14080087476221012
2019-01-18 14:59:18,887 17 loss=0.13284866061974285
2019-01-18 14:59:18,888 18 loss=0.12527582668973908
2019-01-18 14:59:18,888 19 loss=0.11807184948873559
2019-01-18 14:59:18,889 20 loss=0.11123085246301027
2019-01-18 14:59:18,889 
*** Major Checkpoint. Computing Stats and Saving
2019-01-18 14:59:18,889 	 Computing Major Stats lazily... 
2019-01-18 14:59:18,889 		 Completed edges=42 good=42 bad=0
2019-01-18 14:59:18,890 Distortion avg=0.28793036073580935 wc=3.238140682591801 me=1.3021661006496092 mc=2.4867339742421457 nan_elements=0
2019-01-18 14:59:18,890 MAP = 1.0
2019-01-18 14:59:18,891 scale=[array([1.])]
2019-01-18 14:59:18,891 *** End Major Checkpoint

2019-01-18 14:59:18,891 21 loss=0.10474833008688533
2019-01-18 14:59:18,892 22 loss=0.09861916921720774
2019-01-18 14:59:18,892 23 loss=0.09283662897243564
2019-01-18 14:59:18,893 24 loss=0.08739198031676387
2019-01-18 14:59:18,893 25 loss=0.08227456130259182
2019-01-18 14:59:18,893 26 loss=0.07747206321362278
2019-01-18 14:59:18,894 27 loss=0.07297091810803805
2019-01-18 14:59:18,894 28 loss=0.06875670439560315
2019-01-18 14:59:18,895 29 loss=0.06481452226567917
2019-01-18 14:59:18,895 30 loss=0.061129315488945214
2019-01-18 14:59:18,895 
*** Major Checkpoint. Computing Stats and Saving
2019-01-18 14:59:18,895 	 Computing Major Stats lazily... 
2019-01-18 14:59:18,896 		 Completed edges=42 good=42 bad=0
2019-01-18 14:59:18,897 Distortion avg=0.21047062488877283 wc=2.3047694150999276 me=1.1976236064738988 mc=1.92445222575876 nan_elements=0
2019-01-18 14:59:18,897 MAP = 1.0
2019-01-18 14:59:18,897 scale=[array([1.])]
2019-01-18 14:59:18,897 *** End Major Checkpoint

2019-01-18 14:59:18,898 31 loss=0.05768613206517733
2019-01-18 14:59:18,898 32 loss=0.054470325518549856
2019-01-18 14:59:18,899 33 loss=0.05146770337750123
2019-01-18 14:59:18,899 34 loss=0.04866463118108698
2019-01-18 14:59:18,899 35 loss=0.04604810045803225
2019-01-18 14:59:18,900 36 loss=0.0436057683624472
2019-01-18 14:59:18,900 37 loss=0.041325975541041816
2019-01-18 14:59:18,901 38 loss=0.03919774764500513
2019-01-18 14:59:18,901 39 loss=0.03721078483185761
2019-01-18 14:59:18,902 40 loss=0.03535544268584885
2019-01-18 14:59:18,902 
*** Major Checkpoint. Computing Stats and Saving
2019-01-18 14:59:18,902 	 Computing Major Stats lazily... 
2019-01-18 14:59:18,902 		 Completed edges=42 good=42 bad=0
2019-01-18 14:59:18,903 Distortion avg=0.15739337192190223 wc=1.8800178651586787 me=1.164328819847714 mc=1.6146794901156634 nan_elements=0
2019-01-18 14:59:18,903 MAP = 1.0
2019-01-18 14:59:18,904 scale=[array([1.])]
2019-01-18 14:59:18,904 *** End Major Checkpoint

2019-01-18 14:59:18,904 41 loss=0.0336227072287235
2019-01-18 14:59:18,905 42 loss=0.032004166081965005
2019-01-18 14:59:18,905 43 loss=0.03049197735490992
2019-01-18 14:59:18,905 44 loss=0.029078837447789767
2019-01-18 14:59:18,906 45 loss=0.027757948654845772
2019-01-18 14:59:18,906 46 loss=0.026522987213741123
2019-01-18 14:59:18,907 47 loss=0.025368072260469547
2019-01-18 14:59:18,907 48 loss=0.02428773600348475
2019-01-18 14:59:18,908 49 loss=0.02327689531863238
2019-01-18 14:59:18,908 50 loss=0.022330824881066774
2019-01-18 14:59:18,908 
*** Major Checkpoint. Computing Stats and Saving
2019-01-18 14:59:18,908 	 Computing Major Stats lazily... 
2019-01-18 14:59:18,909 		 Completed edges=42 good=42 bad=0
2019-01-18 14:59:18,910 Distortion avg=0.12303771385583702 wc=1.6715731522291173 me=1.1612030387549381 mc=1.439518410166586 nan_elements=0
2019-01-18 14:59:18,910 MAP = 1.0
2019-01-18 14:59:18,910 scale=[array([1.])]
2019-01-18 14:59:18,910 *** End Major Checkpoint

2019-01-18 14:59:18,910 final loss=0.022330824881066774
2019-01-18 14:59:18,910 best loss=0.022330824881066774, distortion=0.12303771385583702, map=1.0, wc_dist=1.6715731522291173
2019-01-18 14:59:18,910 	 Computing Major Stats lazily... 
2019-01-18 14:59:18,911 		 Completed edges=42 good=42 bad=0
2019-01-18 14:59:18,912 Distortion avg=0.12303771385583698 wc=1.6715731522291173 me=1.1612030387549381 mc=1.439518410166586 nan_elements=0
2019-01-18 14:59:18,912 MAP = 1.0
2019-01-18 14:59:18,912 scale=[array([1.])]
