2019-01-18 15:00:59,345 Commandline ['pytorch/pytorch_hyperbolic.py', 'learn', 'data/edges/parsing/ewt/ewt_dev/646.edges', '--dim', '0', '--hyp', '0', '--edim', '10', '--euc', '1', '--sdim', '0', '--sph', '0', '--log-name', 'ewt_devr2/646.edges.E10-1.lr1.log', '--batch-size', '65536', '--epochs', '50', '--checkpoint-freq', '10', '-g', '--subsample', '1024', '--learning-rate', '1']
2019-01-18 15:00:59,345 No Model Save selected!
2019-01-18 15:00:59,347 Loaded Graph data/edges/parsing/ewt/ewt_dev/646.edges with 13 nodes scale=1.0
2019-01-18 15:00:59,347 Building dataset
2019-01-18 15:00:59,348 Subsample: 13 points with scale 1.0 subsample=12
2019-01-18 15:00:59,359 Built Data Sampler
2019-01-18 15:00:59,359 Creating a fresh model warm_start?=None
2019-01-18 15:00:59,359 	 Warmstarting? None None 13
2019-01-18 15:00:59,359 Embedding() torch.Size([13, 10])
2019-01-18 15:00:59,360 relative No Rescale
2019-01-18 15:00:59,360 Constructed model with dim=0 and epochs=0 isnan=False
2019-01-18 15:00:59,360 SGD (
Parameter Group 0
    dampening: 0
    initial_lr: 0.1
    lr: 1.0
    momentum: 0.0
    nesterov: False
    weight_decay: 0

Parameter Group 1
    dampening: 0
    initial_lr: 0.1
    lr: 1.0
    momentum: 0.0
    nesterov: False
    weight_decay: 0

Parameter Group 2
    dampening: 0
    initial_lr: 0.1
    lr: 1.0
    momentum: 0.0
    nesterov: False
    weight_decay: 0

Parameter Group 3
    dampening: 0
    initial_lr: 0.0001
    lr: 0.001
    momentum: 0.0
    nesterov: False
    weight_decay: 0
)
2019-01-18 15:00:59,360 *** Initial Checkpoint. Computing Stats
2019-01-18 15:00:59,360 	 Computing Major Stats lazily... 
2019-01-18 15:00:59,361 		 Completed edges=156 good=156 bad=0
2019-01-18 15:00:59,363 Distortion avg=0.9978981898269416 wc=7.972324871191043 me=0.005982886981094694 mc=1332.521389152556 nan_elements=0
2019-01-18 15:00:59,363 MAP = 0.2967856217856218
2019-01-18 15:00:59,364 scale=[array([1.])]
2019-01-18 15:00:59,364 *** End Initial Checkpoint

2019-01-18 15:00:59,419 1 loss=0.9958020899147454
2019-01-18 15:00:59,420 2 loss=0.8422476849889569
2019-01-18 15:00:59,420 3 loss=0.7208654644922995
2019-01-18 15:00:59,421 4 loss=0.6286762794223986
2019-01-18 15:00:59,422 5 loss=0.5576165096765818
2019-01-18 15:00:59,422 6 loss=0.5016990591785712
2019-01-18 15:00:59,423 7 loss=0.4567485171869265
2019-01-18 15:00:59,423 8 loss=0.419877388278078
2019-01-18 15:00:59,424 9 loss=0.38907786132219535
2019-01-18 15:00:59,424 10 loss=0.3629374052497219
2019-01-18 15:00:59,424 
*** Major Checkpoint. Computing Stats and Saving
2019-01-18 15:00:59,424 	 Computing Major Stats lazily... 
2019-01-18 15:00:59,425 		 Completed edges=156 good=156 bad=0
2019-01-18 15:00:59,427 Distortion avg=0.5413558289275163 wc=11.041541162916037 me=1.3960831042695836 mc=7.908942618923003 nan_elements=0
2019-01-18 15:00:59,427 MAP = 0.16659571909571913
2019-01-18 15:00:59,428 scale=[array([1.])]
2019-01-18 15:00:59,428 *** End Major Checkpoint

2019-01-18 15:00:59,428 11 loss=0.34044691951027634
2019-01-18 15:00:59,429 12 loss=0.3208726094362238
2019-01-18 15:00:59,429 13 loss=0.30367049441889904
2019-01-18 15:00:59,430 14 loss=0.288429136658409
2019-01-18 15:00:59,430 15 loss=0.27483100589660875
2019-01-18 15:00:59,431 16 loss=0.26262617811917605
2019-01-18 15:00:59,431 17 loss=0.2516142398015304
2019-01-18 15:00:59,432 18 loss=0.24163169091896713
2019-01-18 15:00:59,433 19 loss=0.23254306508837752
2019-01-18 15:00:59,433 20 loss=0.22423458688994713
2019-01-18 15:00:59,433 
*** Major Checkpoint. Computing Stats and Saving
2019-01-18 15:00:59,433 	 Computing Major Stats lazily... 
2019-01-18 15:00:59,434 		 Completed edges=156 good=156 bad=0
2019-01-18 15:00:59,436 Distortion avg=0.4306664955268354 wc=7.548475825323409 me=1.5019831042855574 mc=5.0256729278682295 nan_elements=0
2019-01-18 15:00:59,436 MAP = 0.3420446220446221
2019-01-18 15:00:59,436 scale=[array([1.])]
2019-01-18 15:00:59,436 *** End Major Checkpoint

2019-01-18 15:00:59,437 21 loss=0.21660957873045936
2019-01-18 15:00:59,437 22 loss=0.2095850867054183
2019-01-18 15:00:59,438 23 loss=0.20308936459941648
2019-01-18 15:00:59,439 24 loss=0.19705996813190907
2019-01-18 15:00:59,439 25 loss=0.19144228750645384
2019-01-18 15:00:59,440 26 loss=0.18618839791757533
2019-01-18 15:00:59,440 27 loss=0.18125614308591897
2019-01-18 15:00:59,441 28 loss=0.17660839144363655
2019-01-18 15:00:59,441 29 loss=0.17221242176396556
2019-01-18 15:00:59,442 30 loss=0.16803940713319776
2019-01-18 15:00:59,442 
*** Major Checkpoint. Computing Stats and Saving
2019-01-18 15:00:59,442 	 Computing Major Stats lazily... 
2019-01-18 15:00:59,443 		 Completed edges=156 good=156 bad=0
2019-01-18 15:00:59,445 Distortion avg=0.3591242287233665 wc=6.316908938980389 me=1.6262700859560246 mc=3.8842926482699887 nan_elements=0
2019-01-18 15:00:59,445 MAP = 0.6512576312576311
2019-01-18 15:00:59,445 scale=[array([1.])]
2019-01-18 15:00:59,445 *** End Major Checkpoint

2019-01-18 15:00:59,446 31 loss=0.1640639747507758
2019-01-18 15:00:59,446 32 loss=0.16026382516786664
2019-01-18 15:00:59,447 33 loss=0.1566193989609051
2019-01-18 15:00:59,447 34 loss=0.1531135819877608
2019-01-18 15:00:59,448 35 loss=0.1497314426435352
2019-01-18 15:00:59,448 36 loss=0.14645999617021876
2019-01-18 15:00:59,449 37 loss=0.1432879922570805
2019-01-18 15:00:59,449 38 loss=0.14020572302366344
2019-01-18 15:00:59,450 39 loss=0.13720484909573663
2019-01-18 15:00:59,450 40 loss=0.1342782419321846
2019-01-18 15:00:59,450 
*** Major Checkpoint. Computing Stats and Saving
2019-01-18 15:00:59,451 	 Computing Major Stats lazily... 
2019-01-18 15:00:59,451 		 Completed edges=156 good=156 bad=0
2019-01-18 15:00:59,453 Distortion avg=0.3167672566896423 wc=5.210604780616435 me=1.6311078137605757 mc=3.1945189255167654 nan_elements=0
2019-01-18 15:00:59,453 MAP = 0.7396214896214897
2019-01-18 15:00:59,454 scale=[array([1.])]
2019-01-18 15:00:59,454 *** End Major Checkpoint

2019-01-18 15:00:59,454 41 loss=0.13141984088514078
2019-01-18 15:00:59,455 42 loss=0.1286245237112289
2019-01-18 15:00:59,455 43 loss=0.1258879894237696
2019-01-18 15:00:59,456 44 loss=0.12320665250265975
2019-01-18 15:00:59,456 45 loss=0.1205775475738189
2019-01-18 15:00:59,457 46 loss=0.11799824374344868
2019-01-18 15:00:59,457 47 loss=0.11546676783096568
2019-01-18 15:00:59,458 48 loss=0.11298153579340432
2019-01-18 15:00:59,459 49 loss=0.11054129167686398
2019-01-18 15:00:59,460 50 loss=0.10814505346954284
2019-01-18 15:00:59,460 
*** Major Checkpoint. Computing Stats and Saving
2019-01-18 15:00:59,460 	 Computing Major Stats lazily... 
2019-01-18 15:00:59,461 		 Completed edges=156 good=156 bad=0
2019-01-18 15:00:59,463 Distortion avg=0.2823710657614645 wc=4.276859576510632 me=1.5754250428104553 mc=2.7147337767850854 nan_elements=0
2019-01-18 15:00:59,463 MAP = 0.891025641025641
2019-01-18 15:00:59,464 scale=[array([1.])]
2019-01-18 15:00:59,464 *** End Major Checkpoint

2019-01-18 15:00:59,464 final loss=0.10814505346954284
2019-01-18 15:00:59,464 best loss=0.10814505346954284, distortion=0.2823710657614645, map=0.891025641025641, wc_dist=4.276859576510632
2019-01-18 15:00:59,464 	 Computing Major Stats lazily... 
2019-01-18 15:00:59,465 		 Completed edges=156 good=156 bad=0
2019-01-18 15:00:59,467 Distortion avg=0.28237106576146453 wc=4.276859576510632 me=1.5754250428104553 mc=2.7147337767850854 nan_elements=0
2019-01-18 15:00:59,467 MAP = 0.891025641025641
2019-01-18 15:00:59,467 scale=[array([1.])]
