2019-01-18 14:48:00,738 Commandline ['pytorch/pytorch_hyperbolic.py', 'learn', 'data/edges/parsing/ewt/ewt_dev/65.edges', '--dim', '0', '--hyp', '0', '--edim', '10', '--euc', '1', '--sdim', '0', '--sph', '0', '--log-name', 'ewt_devr2/65.edges.E10-1.lr1.log', '--batch-size', '65536', '--epochs', '50', '--checkpoint-freq', '10', '-g', '--subsample', '1024', '--learning-rate', '1']
2019-01-18 14:48:00,738 No Model Save selected!
2019-01-18 14:48:00,740 Loaded Graph data/edges/parsing/ewt/ewt_dev/65.edges with 19 nodes scale=1.0
2019-01-18 14:48:00,740 Building dataset
2019-01-18 14:48:00,740 Subsample: 19 points with scale 1.0 subsample=18
2019-01-18 14:48:00,760 Built Data Sampler
2019-01-18 14:48:00,760 Creating a fresh model warm_start?=None
2019-01-18 14:48:00,760 	 Warmstarting? None None 19
2019-01-18 14:48:00,761 Embedding() torch.Size([19, 10])
2019-01-18 14:48:00,761 relative No Rescale
2019-01-18 14:48:00,761 Constructed model with dim=0 and epochs=0 isnan=False
2019-01-18 14:48:00,761 SGD (
Parameter Group 0
    dampening: 0
    initial_lr: 0.1
    lr: 1.0
    momentum: 0.0
    nesterov: False
    weight_decay: 0

Parameter Group 1
    dampening: 0
    initial_lr: 0.1
    lr: 1.0
    momentum: 0.0
    nesterov: False
    weight_decay: 0

Parameter Group 2
    dampening: 0
    initial_lr: 0.1
    lr: 1.0
    momentum: 0.0
    nesterov: False
    weight_decay: 0

Parameter Group 3
    dampening: 0
    initial_lr: 0.0001
    lr: 0.001
    momentum: 0.0
    nesterov: False
    weight_decay: 0
)
2019-01-18 14:48:00,761 *** Initial Checkpoint. Computing Stats
2019-01-18 14:48:00,762 	 Computing Major Stats lazily... 
2019-01-18 14:48:00,763 		 Completed edges=342 good=342 bad=0
2019-01-18 14:48:00,766 Distortion avg=0.9983171138176297 wc=14.691635623391235 me=0.006009979300171955 mc=2444.5401372631823 nan_elements=0
2019-01-18 14:48:00,767 MAP = 0.19380609844232138
2019-01-18 14:48:00,767 scale=[array([1.])]
2019-01-18 14:48:00,767 *** End Initial Checkpoint

2019-01-18 14:48:00,826 1 loss=0.9966382575713827
2019-01-18 14:48:00,827 2 loss=0.9300407320571671
2019-01-18 14:48:00,828 3 loss=0.8682996120373412
2019-01-18 14:48:00,829 4 loss=0.8134708349640722
2019-01-18 14:48:00,829 5 loss=0.7650112197844818
2019-01-18 14:48:00,830 6 loss=0.722178135593008
2019-01-18 14:48:00,831 7 loss=0.6842555055773234
2019-01-18 14:48:00,831 8 loss=0.6505986499226203
2019-01-18 14:48:00,832 9 loss=0.6206411684331358
2019-01-18 14:48:00,833 10 loss=0.5938909070301331
2019-01-18 14:48:00,833 
*** Major Checkpoint. Computing Stats and Saving
2019-01-18 14:48:00,833 	 Computing Major Stats lazily... 
2019-01-18 14:48:00,834 		 Completed edges=342 good=342 bad=0
2019-01-18 14:48:00,837 Distortion avg=0.7220069122589337 wc=15.078549478520959 me=0.9439466743468669 mc=15.973942054464114 nan_elements=0
2019-01-18 14:48:00,838 MAP = 0.09969539662264122
2019-01-18 14:48:00,838 scale=[array([1.])]
2019-01-18 14:48:00,838 *** End Major Checkpoint

2019-01-18 14:48:00,839 11 loss=0.569922626970686
2019-01-18 14:48:00,839 12 loss=0.5483700052965063
2019-01-18 14:48:00,840 13 loss=0.5289179572485591
2019-01-18 14:48:00,841 14 loss=0.5112956462497666
2019-01-18 14:48:00,841 15 loss=0.4952702860569232
2019-01-18 14:48:00,842 16 loss=0.480641726439215
2019-01-18 14:48:00,843 17 loss=0.4672377656547756
2019-01-18 14:48:00,844 18 loss=0.4549101151984651
2019-01-18 14:48:00,845 19 loss=0.443530938909389
2019-01-18 14:48:00,845 20 loss=0.4329898919201865
2019-01-18 14:48:00,846 
*** Major Checkpoint. Computing Stats and Saving
2019-01-18 14:48:00,846 	 Computing Major Stats lazily... 
2019-01-18 14:48:00,847 		 Completed edges=342 good=342 bad=0
2019-01-18 14:48:00,851 Distortion avg=0.6185941362592019 wc=13.411747233548434 me=1.3922634687160815 mc=9.633052604559458 nan_elements=0
2019-01-18 14:48:00,851 MAP = 0.10957773092061017
2019-01-18 14:48:00,851 scale=[array([1.])]
2019-01-18 14:48:00,851 *** End Major Checkpoint

2019-01-18 14:48:00,852 21 loss=0.423191591291488
2019-01-18 14:48:00,853 22 loss=0.41405345756733974
2019-01-18 14:48:00,854 23 loss=0.40550387392972764
2019-01-18 14:48:00,854 24 loss=0.3974806166433206
2019-01-18 14:48:00,855 25 loss=0.3899295168537336
2019-01-18 14:48:00,856 26 loss=0.3828033194658115
2019-01-18 14:48:00,857 27 loss=0.37606070978985223
2019-01-18 14:48:00,857 28 loss=0.36966548294819446
2019-01-18 14:48:00,858 29 loss=0.3635858347438815
2019-01-18 14:48:00,859 30 loss=0.35779375587396894
2019-01-18 14:48:00,859 
*** Major Checkpoint. Computing Stats and Saving
2019-01-18 14:48:00,859 	 Computing Major Stats lazily... 
2019-01-18 14:48:00,860 		 Completed edges=342 good=342 bad=0
2019-01-18 14:48:00,863 Distortion avg=0.5635100701681288 wc=11.902347964449989 me=1.6018207741583255 mc=7.430511675505058 nan_elements=0
2019-01-18 14:48:00,863 MAP = 0.13382198125232184
2019-01-18 14:48:00,863 scale=[array([1.])]
2019-01-18 14:48:00,864 *** End Major Checkpoint

2019-01-18 14:48:00,864 31 loss=0.35226451408817677
2019-01-18 14:48:00,865 32 loss=0.3469762112103459
2019-01-18 14:48:00,866 33 loss=0.34190940391114544
2019-01-18 14:48:00,866 34 loss=0.33704677879503275
2019-01-18 14:48:00,867 35 loss=0.3323728737858586
2019-01-18 14:48:00,868 36 loss=0.32787383900124667
2019-01-18 14:48:00,868 37 loss=0.3235372313283069
2019-01-18 14:48:00,869 38 loss=0.3193518377800804
2019-01-18 14:48:00,870 39 loss=0.3153075234470422
2019-01-18 14:48:00,870 40 loss=0.3113951004811555
2019-01-18 14:48:00,870 
*** Major Checkpoint. Computing Stats and Saving
2019-01-18 14:48:00,871 	 Computing Major Stats lazily... 
2019-01-18 14:48:00,872 		 Completed edges=342 good=342 bad=0
2019-01-18 14:48:00,875 Distortion avg=0.5190699666759622 wc=10.609464009979538 me=1.6934206699564665 mc=6.265108368053805 nan_elements=0
2019-01-18 14:48:00,875 MAP = 0.19457530773320256
2019-01-18 14:48:00,875 scale=[array([1.])]
2019-01-18 14:48:00,875 *** End Major Checkpoint

2019-01-18 14:48:00,876 41 loss=0.30760621507851454
2019-01-18 14:48:00,877 42 loss=0.3039332498750485
2019-01-18 14:48:00,877 43 loss=0.3003692395503926
2019-01-18 14:48:00,878 44 loss=0.2969077977582861
2019-01-18 14:48:00,879 45 loss=0.2935430537765276
2019-01-18 14:48:00,879 46 loss=0.2902695975030584
2019-01-18 14:48:00,880 47 loss=0.2870824316234461
2019-01-18 14:48:00,881 48 loss=0.2839769299442315
2019-01-18 14:48:00,881 49 loss=0.2809488010307612
2019-01-18 14:48:00,882 50 loss=0.27799405641107605
2019-01-18 14:48:00,882 
*** Major Checkpoint. Computing Stats and Saving
2019-01-18 14:48:00,882 	 Computing Major Stats lazily... 
2019-01-18 14:48:00,884 		 Completed edges=342 good=342 bad=0
2019-01-18 14:48:00,887 Distortion avg=0.4822167503417601 wc=9.715436399566084 me=1.7241952688780624 mc=5.634765722265286 nan_elements=0
2019-01-18 14:48:00,887 MAP = 0.24716036887089518
2019-01-18 14:48:00,887 scale=[array([1.])]
2019-01-18 14:48:00,887 *** End Major Checkpoint

2019-01-18 14:48:00,887 final loss=0.27799405641107605
2019-01-18 14:48:00,887 best loss=0.27799405641107605, distortion=0.4822167503417601, map=0.24716036887089518, wc_dist=9.715436399566084
2019-01-18 14:48:00,887 	 Computing Major Stats lazily... 
2019-01-18 14:48:00,889 		 Completed edges=342 good=342 bad=0
2019-01-18 14:48:00,892 Distortion avg=0.4822167503417598 wc=9.715436399566084 me=1.7241952688780624 mc=5.634765722265286 nan_elements=0
2019-01-18 14:48:00,892 MAP = 0.24716036887089518
2019-01-18 14:48:00,892 scale=[array([1.])]
