2019-01-18 14:54:19,005 Commandline ['pytorch/pytorch_hyperbolic.py', 'learn', 'data/edges/parsing/ewt/ewt_dev/652.edges', '--dim', '0', '--hyp', '0', '--edim', '10', '--euc', '1', '--sdim', '0', '--sph', '0', '--log-name', 'ewt_devr2/652.edges.E10-1.lr1.log', '--batch-size', '65536', '--epochs', '50', '--checkpoint-freq', '10', '-g', '--subsample', '1024', '--learning-rate', '1']
2019-01-18 14:54:19,005 No Model Save selected!
2019-01-18 14:54:19,007 Loaded Graph data/edges/parsing/ewt/ewt_dev/652.edges with 15 nodes scale=1.0
2019-01-18 14:54:19,007 Building dataset
2019-01-18 14:54:19,007 Subsample: 15 points with scale 1.0 subsample=14
2019-01-18 14:54:19,022 Built Data Sampler
2019-01-18 14:54:19,022 Creating a fresh model warm_start?=None
2019-01-18 14:54:19,022 	 Warmstarting? None None 15
2019-01-18 14:54:19,022 Embedding() torch.Size([15, 10])
2019-01-18 14:54:19,022 relative No Rescale
2019-01-18 14:54:19,023 Constructed model with dim=0 and epochs=0 isnan=False
2019-01-18 14:54:19,023 SGD (
Parameter Group 0
    dampening: 0
    initial_lr: 0.1
    lr: 1.0
    momentum: 0.0
    nesterov: False
    weight_decay: 0

Parameter Group 1
    dampening: 0
    initial_lr: 0.1
    lr: 1.0
    momentum: 0.0
    nesterov: False
    weight_decay: 0

Parameter Group 2
    dampening: 0
    initial_lr: 0.1
    lr: 1.0
    momentum: 0.0
    nesterov: False
    weight_decay: 0

Parameter Group 3
    dampening: 0
    initial_lr: 0.0001
    lr: 0.001
    momentum: 0.0
    nesterov: False
    weight_decay: 0
)
2019-01-18 14:54:19,023 *** Initial Checkpoint. Computing Stats
2019-01-18 14:54:19,023 	 Computing Major Stats lazily... 
2019-01-18 14:54:19,024 		 Completed edges=210 good=210 bad=0
2019-01-18 14:54:19,027 Distortion avg=0.9981611621518015 wc=10.677045150462952 me=0.00540774198159757 mc=1974.3998857187912 nan_elements=0
2019-01-18 14:54:19,027 MAP = 0.25854927479927486
2019-01-18 14:54:19,027 scale=[array([1.])]
2019-01-18 14:54:19,027 *** End Initial Checkpoint

2019-01-18 14:54:19,083 1 loss=0.9963270294429747
2019-01-18 14:54:19,084 2 loss=0.8963561901402239
2019-01-18 14:54:19,084 3 loss=0.8090089449445992
2019-01-18 14:54:19,085 4 loss=0.7362886638442012
2019-01-18 14:54:19,086 5 loss=0.6759799467325067
2019-01-18 14:54:19,086 6 loss=0.6258095737523559
2019-01-18 14:54:19,087 7 loss=0.5838362468582093
2019-01-18 14:54:19,087 8 loss=0.5484724801635106
2019-01-18 14:54:19,088 9 loss=0.5184405975951142
2019-01-18 14:54:19,089 10 loss=0.49271925292314533
2019-01-18 14:54:19,089 
*** Major Checkpoint. Computing Stats and Saving
2019-01-18 14:54:19,089 	 Computing Major Stats lazily... 
2019-01-18 14:54:19,090 		 Completed edges=210 good=210 bad=0
2019-01-18 14:54:19,092 Distortion avg=0.6363846202543844 wc=14.519623399820718 me=1.2490458229359742 mc=11.624572240025008 nan_elements=0
2019-01-18 14:54:19,092 MAP = 0.12218124468124465
2019-01-18 14:54:19,092 scale=[array([1.])]
2019-01-18 14:54:19,092 *** End Major Checkpoint

2019-01-18 14:54:19,093 11 loss=0.47049432046011685
2019-01-18 14:54:19,094 12 loss=0.45111733768142176
2019-01-18 14:54:19,094 13 loss=0.4340715228038606
2019-01-18 14:54:19,095 14 loss=0.4189444549617587
2019-01-18 14:54:19,095 15 loss=0.40540631259810767
2019-01-18 14:54:19,096 16 loss=0.3931926296407492
2019-01-18 14:54:19,097 17 loss=0.382090671766216
2019-01-18 14:54:19,097 18 loss=0.3719286894198684
2019-01-18 14:54:19,098 19 loss=0.36256744557105347
2019-01-18 14:54:19,098 20 loss=0.3538935369006727
2019-01-18 14:54:19,098 
*** Major Checkpoint. Computing Stats and Saving
2019-01-18 14:54:19,098 	 Computing Major Stats lazily... 
2019-01-18 14:54:19,099 		 Completed edges=210 good=210 bad=0
2019-01-18 14:54:19,102 Distortion avg=0.5582063979245073 wc=11.235204053103214 me=1.4940736171335132 mc=7.519846361157728 nan_elements=0
2019-01-18 14:54:19,102 MAP = 0.15046791171791174
2019-01-18 14:54:19,102 scale=[array([1.])]
2019-01-18 14:54:19,102 *** End Major Checkpoint

2019-01-18 14:54:19,103 21 loss=0.345814126667363
2019-01-18 14:54:19,103 22 loss=0.33825278794859237
2019-01-18 14:54:19,104 23 loss=0.3311462201694046
2019-01-18 14:54:19,104 24 loss=0.32444165268714076
2019-01-18 14:54:19,105 25 loss=0.3180947892691182
2019-01-18 14:54:19,106 26 loss=0.31206817876572546
2019-01-18 14:54:19,106 27 loss=0.30632992194063463
2019-01-18 14:54:19,107 28 loss=0.30085264372384873
2019-01-18 14:54:19,107 29 loss=0.2956126752594122
2019-01-18 14:54:19,108 30 loss=0.29058940194312205
2019-01-18 14:54:19,108 
*** Major Checkpoint. Computing Stats and Saving
2019-01-18 14:54:19,108 	 Computing Major Stats lazily... 
2019-01-18 14:54:19,109 		 Completed edges=210 good=210 bad=0
2019-01-18 14:54:19,111 Distortion avg=0.49953231051611463 wc=10.011336608355066 me=1.617422054893768 mc=6.189687211240982 nan_elements=0
2019-01-18 14:54:19,111 MAP = 0.24655918155918155
2019-01-18 14:54:19,112 scale=[array([1.])]
2019-01-18 14:54:19,112 *** End Major Checkpoint

2019-01-18 14:54:19,112 31 loss=0.28576474290615345
2019-01-18 14:54:19,113 32 loss=0.2811227346615716
2019-01-18 14:54:19,113 33 loss=0.2766491973320909
2019-01-18 14:54:19,114 34 loss=0.27233146636181566
2019-01-18 14:54:19,115 35 loss=0.26815817614868764
2019-01-18 14:54:19,115 36 loss=0.2641190848253342
2019-01-18 14:54:19,116 37 loss=0.26020493162520486
2019-01-18 14:54:19,116 38 loss=0.25640732002376165
2019-01-18 14:54:19,118 39 loss=0.2527186212386994
2019-01-18 14:54:19,118 40 loss=0.24913189378483372
2019-01-18 14:54:19,119 
*** Major Checkpoint. Computing Stats and Saving
2019-01-18 14:54:19,119 	 Computing Major Stats lazily... 
2019-01-18 14:54:19,120 		 Completed edges=210 good=210 bad=0
2019-01-18 14:54:19,122 Distortion avg=0.45232636348875066 wc=9.068047911659361 me=1.659448245267106 mc=5.464495766904596 nan_elements=0
2019-01-18 14:54:19,123 MAP = 0.3971164021164021
2019-01-18 14:54:19,123 scale=[array([1.])]
2019-01-18 14:54:19,123 *** End Major Checkpoint

2019-01-18 14:54:19,123 41 loss=0.24564081566776366
2019-01-18 14:54:19,124 42 loss=0.24223962651207218
2019-01-18 14:54:19,125 43 loss=0.23892307749091082
2019-01-18 14:54:19,125 44 loss=0.23568638738273695
2019-01-18 14:54:19,126 45 loss=0.23252520344998856
2019-01-18 14:54:19,126 46 loss=0.2294355661310967
2019-01-18 14:54:19,127 47 loss=0.22641387677525984
2019-01-18 14:54:19,128 48 loss=0.2234568678397462
2019-01-18 14:54:19,128 49 loss=0.2205615751208535
2019-01-18 14:54:19,129 50 loss=0.21772531170900755
2019-01-18 14:54:19,129 
*** Major Checkpoint. Computing Stats and Saving
2019-01-18 14:54:19,129 	 Computing Major Stats lazily... 
2019-01-18 14:54:19,130 		 Completed edges=210 good=210 bad=0
2019-01-18 14:54:19,132 Distortion avg=0.41437513272346116 wc=8.151155267478817 me=1.6449354487320693 mc=4.955304035645775 nan_elements=0
2019-01-18 14:54:19,132 MAP = 0.5373809523809523
2019-01-18 14:54:19,132 scale=[array([1.])]
2019-01-18 14:54:19,132 *** End Major Checkpoint

2019-01-18 14:54:19,133 final loss=0.21772531170900755
2019-01-18 14:54:19,133 best loss=0.21772531170900755, distortion=0.41437513272346116, map=0.5373809523809523, wc_dist=8.151155267478817
2019-01-18 14:54:19,133 	 Computing Major Stats lazily... 
2019-01-18 14:54:19,134 		 Completed edges=210 good=210 bad=0
2019-01-18 14:54:19,136 Distortion avg=0.41437513272346144 wc=8.151155267478817 me=1.6449354487320693 mc=4.955304035645775 nan_elements=0
2019-01-18 14:54:19,136 MAP = 0.5373809523809523
2019-01-18 14:54:19,136 scale=[array([1.])]
