2019-01-18 14:48:24,978 Commandline ['pytorch/pytorch_hyperbolic.py', 'learn', 'data/edges/parsing/ewt/ewt_dev/659.edges', '--dim', '0', '--hyp', '0', '--edim', '10', '--euc', '1', '--sdim', '0', '--sph', '0', '--log-name', 'ewt_devr2/659.edges.E10-1.lr1.log', '--batch-size', '65536', '--epochs', '50', '--checkpoint-freq', '10', '-g', '--subsample', '1024', '--learning-rate', '1']
2019-01-18 14:48:24,978 No Model Save selected!
2019-01-18 14:48:24,979 Loaded Graph data/edges/parsing/ewt/ewt_dev/659.edges with 12 nodes scale=1.0
2019-01-18 14:48:24,979 Building dataset
2019-01-18 14:48:24,980 Subsample: 12 points with scale 1.0 subsample=11
2019-01-18 14:48:24,991 Built Data Sampler
2019-01-18 14:48:24,991 Creating a fresh model warm_start?=None
2019-01-18 14:48:24,991 	 Warmstarting? None None 12
2019-01-18 14:48:24,991 Embedding() torch.Size([12, 10])
2019-01-18 14:48:24,991 relative No Rescale
2019-01-18 14:48:24,992 Constructed model with dim=0 and epochs=0 isnan=False
2019-01-18 14:48:24,992 SGD (
Parameter Group 0
    dampening: 0
    initial_lr: 0.1
    lr: 1.0
    momentum: 0.0
    nesterov: False
    weight_decay: 0

Parameter Group 1
    dampening: 0
    initial_lr: 0.1
    lr: 1.0
    momentum: 0.0
    nesterov: False
    weight_decay: 0

Parameter Group 2
    dampening: 0
    initial_lr: 0.1
    lr: 1.0
    momentum: 0.0
    nesterov: False
    weight_decay: 0

Parameter Group 3
    dampening: 0
    initial_lr: 0.0001
    lr: 0.001
    momentum: 0.0
    nesterov: False
    weight_decay: 0
)
2019-01-18 14:48:24,992 *** Initial Checkpoint. Computing Stats
2019-01-18 14:48:24,992 	 Computing Major Stats lazily... 
2019-01-18 14:48:24,993 		 Completed edges=132 good=132 bad=0
2019-01-18 14:48:24,995 Distortion avg=0.9979158926112911 wc=7.821769303279778 me=0.005628252251848828 mc=1389.7332516875733 nan_elements=0
2019-01-18 14:48:24,995 MAP = 0.21518157768157767
2019-01-18 14:48:24,995 scale=[array([1.])]
2019-01-18 14:48:24,995 *** End Initial Checkpoint

2019-01-18 14:48:25,053 1 loss=0.9958376934331287
2019-01-18 14:48:25,054 2 loss=0.8298021757497994
2019-01-18 14:48:25,054 3 loss=0.7036884289465165
2019-01-18 14:48:25,055 4 loss=0.610648886367492
2019-01-18 14:48:25,055 5 loss=0.540822960336081
2019-01-18 14:48:25,056 6 loss=0.4872043678437975
2019-01-18 14:48:25,056 7 loss=0.4450226907338218
2019-01-18 14:48:25,057 8 loss=0.4110460593473493
2019-01-18 14:48:25,058 9 loss=0.38307273859700613
2019-01-18 14:48:25,058 10 loss=0.35958677560114655
2019-01-18 14:48:25,058 
*** Major Checkpoint. Computing Stats and Saving
2019-01-18 14:48:25,058 	 Computing Major Stats lazily... 
2019-01-18 14:48:25,059 		 Completed edges=132 good=132 bad=0
2019-01-18 14:48:25,061 Distortion avg=0.5425817238187255 wc=9.469476925156437 me=1.336649397120998 mc=7.084488232705369 nan_elements=0
2019-01-18 14:48:25,061 MAP = 0.16651966089466086
2019-01-18 14:48:25,061 scale=[array([1.])]
2019-01-18 14:48:25,061 *** End Major Checkpoint

2019-01-18 14:48:25,062 11 loss=0.3395297852504248
2019-01-18 14:48:25,062 12 loss=0.32215061961951513
2019-01-18 14:48:25,063 13 loss=0.30690628966620626
2019-01-18 14:48:25,063 14 loss=0.2933964077813526
2019-01-18 14:48:25,064 15 loss=0.28131954828610184
2019-01-18 14:48:25,065 16 loss=0.27044398020750504
2019-01-18 14:48:25,065 17 loss=0.26058786862051625
2019-01-18 14:48:25,066 18 loss=0.25160575021842224
2019-01-18 14:48:25,066 19 loss=0.24337919353586154
2019-01-18 14:48:25,067 20 loss=0.23581026968813995
2019-01-18 14:48:25,067 
*** Major Checkpoint. Computing Stats and Saving
2019-01-18 14:48:25,067 	 Computing Major Stats lazily... 
2019-01-18 14:48:25,068 		 Completed edges=132 good=132 bad=0
2019-01-18 14:48:25,070 Distortion avg=0.4455492941836169 wc=7.061828117971912 me=1.468069361858658 mc=4.810282335046651 nan_elements=0
2019-01-18 14:48:25,070 MAP = 0.292662037037037
2019-01-18 14:48:25,070 scale=[array([1.])]
2019-01-18 14:48:25,070 *** End Major Checkpoint

2019-01-18 14:48:25,070 21 loss=0.22881692464210313
2019-01-18 14:48:25,071 22 loss=0.22232964802892868
2019-01-18 14:48:25,072 23 loss=0.21628903335991123
2019-01-18 14:48:25,072 24 loss=0.21064395671562894
2019-01-18 14:48:25,073 25 loss=0.20535018899230628
2019-01-18 14:48:25,073 26 loss=0.20036931573597974
2019-01-18 14:48:25,074 27 loss=0.19566787829430024
2019-01-18 14:48:25,074 28 loss=0.19121667688176353
2019-01-18 14:48:25,075 29 loss=0.18699019440678863
2019-01-18 14:48:25,075 30 loss=0.18296611234556298
2019-01-18 14:48:25,075 
*** Major Checkpoint. Computing Stats and Saving
2019-01-18 14:48:25,076 	 Computing Major Stats lazily... 
2019-01-18 14:48:25,076 		 Completed edges=132 good=132 bad=0
2019-01-18 14:48:25,078 Distortion avg=0.3783813855091287 wc=6.294915842193324 me=1.5660599459480757 mc=4.019588048644236 nan_elements=0
2019-01-18 14:48:25,078 MAP = 0.6033531746031745
2019-01-18 14:48:25,079 scale=[array([1.])]
2019-01-18 14:48:25,079 *** End Major Checkpoint

2019-01-18 14:48:25,079 31 loss=0.17912489843662474
2019-01-18 14:48:25,080 32 loss=0.17544945177004134
2019-01-18 14:48:25,080 33 loss=0.1719247948095453
2019-01-18 14:48:25,081 34 loss=0.16853780459834247
2019-01-18 14:48:25,081 35 loss=0.1652769772599761
2019-01-18 14:48:25,082 36 loss=0.16213222119023657
2019-01-18 14:48:25,083 37 loss=0.15909467523409693
2019-01-18 14:48:25,083 38 loss=0.1561565487824691
2019-01-18 14:48:25,084 39 loss=0.15331098119464606
2019-01-18 14:48:25,084 40 loss=0.150551918311693
2019-01-18 14:48:25,084 
*** Major Checkpoint. Computing Stats and Saving
2019-01-18 14:48:25,084 	 Computing Major Stats lazily... 
2019-01-18 14:48:25,085 		 Completed edges=132 good=132 bad=0
2019-01-18 14:48:25,087 Distortion avg=0.3362036238588523 wc=5.575480406478353 me=1.558197741274481 mc=3.578159728249931 nan_elements=0
2019-01-18 14:48:25,087 MAP = 0.7119047619047619
2019-01-18 14:48:25,087 scale=[array([1.])]
2019-01-18 14:48:25,088 *** End Major Checkpoint

2019-01-18 14:48:25,088 41 loss=0.14787400411146237
2019-01-18 14:48:25,089 42 loss=0.14527248579114363
2019-01-18 14:48:25,089 43 loss=0.14274313076290127
2019-01-18 14:48:25,090 44 loss=0.14028215422092136
2019-01-18 14:48:25,090 45 loss=0.1378861560892414
2019-01-18 14:48:25,091 46 loss=0.1355520662922575
2019-01-18 14:48:25,091 47 loss=0.13327709740597599
2019-01-18 14:48:25,092 48 loss=0.13105870384967047
2019-01-18 14:48:25,092 49 loss=0.1288945468662576
2019-01-18 14:48:25,093 50 loss=0.12678246461704828
2019-01-18 14:48:25,093 
*** Major Checkpoint. Computing Stats and Saving
2019-01-18 14:48:25,093 	 Computing Major Stats lazily... 
2019-01-18 14:48:25,094 		 Completed edges=132 good=132 bad=0
2019-01-18 14:48:25,096 Distortion avg=0.3038576921429435 wc=4.895374141955092 me=1.5038722563664806 mc=3.255179501603979 nan_elements=0
2019-01-18 14:48:25,096 MAP = 0.8513888888888888
2019-01-18 14:48:25,096 scale=[array([1.])]
2019-01-18 14:48:25,096 *** End Major Checkpoint

2019-01-18 14:48:25,096 final loss=0.12678246461704828
2019-01-18 14:48:25,096 best loss=0.12678246461704828, distortion=0.3038576921429435, map=0.8513888888888888, wc_dist=4.895374141955092
2019-01-18 14:48:25,097 	 Computing Major Stats lazily... 
2019-01-18 14:48:25,097 		 Completed edges=132 good=132 bad=0
2019-01-18 14:48:25,099 Distortion avg=0.30385769214294345 wc=4.895374141955092 me=1.5038722563664806 mc=3.255179501603979 nan_elements=0
2019-01-18 14:48:25,099 MAP = 0.8513888888888889
2019-01-18 14:48:25,099 scale=[array([1.])]
