2019-01-18 14:56:13,660 Commandline ['pytorch/pytorch_hyperbolic.py', 'learn', 'data/edges/parsing/ewt/ewt_dev/663.edges', '--dim', '0', '--hyp', '0', '--edim', '10', '--euc', '1', '--sdim', '0', '--sph', '0', '--log-name', 'ewt_devr2/663.edges.E10-1.lr1.log', '--batch-size', '65536', '--epochs', '50', '--checkpoint-freq', '10', '-g', '--subsample', '1024', '--learning-rate', '1']
2019-01-18 14:56:13,660 No Model Save selected!
2019-01-18 14:56:13,662 Loaded Graph data/edges/parsing/ewt/ewt_dev/663.edges with 19 nodes scale=1.0
2019-01-18 14:56:13,662 Building dataset
2019-01-18 14:56:13,663 Subsample: 19 points with scale 1.0 subsample=18
2019-01-18 14:56:13,682 Built Data Sampler
2019-01-18 14:56:13,682 Creating a fresh model warm_start?=None
2019-01-18 14:56:13,682 	 Warmstarting? None None 19
2019-01-18 14:56:13,683 Embedding() torch.Size([19, 10])
2019-01-18 14:56:13,683 relative No Rescale
2019-01-18 14:56:13,683 Constructed model with dim=0 and epochs=0 isnan=False
2019-01-18 14:56:13,683 SGD (
Parameter Group 0
    dampening: 0
    initial_lr: 0.1
    lr: 1.0
    momentum: 0.0
    nesterov: False
    weight_decay: 0

Parameter Group 1
    dampening: 0
    initial_lr: 0.1
    lr: 1.0
    momentum: 0.0
    nesterov: False
    weight_decay: 0

Parameter Group 2
    dampening: 0
    initial_lr: 0.1
    lr: 1.0
    momentum: 0.0
    nesterov: False
    weight_decay: 0

Parameter Group 3
    dampening: 0
    initial_lr: 0.0001
    lr: 0.001
    momentum: 0.0
    nesterov: False
    weight_decay: 0
)
2019-01-18 14:56:13,683 *** Initial Checkpoint. Computing Stats
2019-01-18 14:56:13,683 	 Computing Major Stats lazily... 
2019-01-18 14:56:13,685 		 Completed edges=342 good=342 bad=0
2019-01-18 14:56:13,688 Distortion avg=0.9981919681696284 wc=11.149688434087961 me=0.005988741940966903 mc=1861.7747339915945 nan_elements=0
2019-01-18 14:56:13,688 MAP = 0.18239070011515834
2019-01-18 14:56:13,689 scale=[array([1.])]
2019-01-18 14:56:13,689 *** End Initial Checkpoint

2019-01-18 14:56:13,747 1 loss=0.9963885726733218
2019-01-18 14:56:13,748 2 loss=0.9204071029288337
2019-01-18 14:56:13,748 3 loss=0.8519418935989834
2019-01-18 14:56:13,749 4 loss=0.7923529497075114
2019-01-18 14:56:13,750 5 loss=0.7405012323049085
2019-01-18 14:56:13,750 6 loss=0.6952333059559975
2019-01-18 14:56:13,751 7 loss=0.6555416534286193
2019-01-18 14:56:13,752 8 loss=0.6205737055803121
2019-01-18 14:56:13,752 9 loss=0.5896153312746263
2019-01-18 14:56:13,753 10 loss=0.5620703380255946
2019-01-18 14:56:13,753 
*** Major Checkpoint. Computing Stats and Saving
2019-01-18 14:56:13,753 	 Computing Major Stats lazily... 
2019-01-18 14:56:13,755 		 Completed edges=342 good=342 bad=0
2019-01-18 14:56:13,758 Distortion avg=0.6991286718350428 wc=16.750853122297872 me=1.1968795081987864 mc=13.995438143566052 nan_elements=0
2019-01-18 14:56:13,758 MAP = 0.09502522004180562
2019-01-18 14:56:13,758 scale=[array([1.])]
2019-01-18 14:56:13,758 *** End Major Checkpoint

2019-01-18 14:56:13,759 11 loss=0.5374412010575828
2019-01-18 14:56:13,760 12 loss=0.5153123016482777
2019-01-18 14:56:13,760 13 loss=0.49533579398527955
2019-01-18 14:56:13,761 14 loss=0.47721985949119
2019-01-18 14:56:13,762 15 loss=0.4607190147707623
2019-01-18 14:56:13,762 16 loss=0.44562614148156265
2019-01-18 14:56:13,763 17 loss=0.43176594100608573
2019-01-18 14:56:13,764 18 loss=0.4189895596603835
2019-01-18 14:56:13,764 19 loss=0.4071701718929992
2019-01-18 14:56:13,765 20 loss=0.39619934610496127
2019-01-18 14:56:13,765 
*** Major Checkpoint. Computing Stats and Saving
2019-01-18 14:56:13,765 	 Computing Major Stats lazily... 
2019-01-18 14:56:13,767 		 Completed edges=342 good=342 bad=0
2019-01-18 14:56:13,770 Distortion avg=0.5937900513576309 wc=12.114650514346023 me=1.4836199738146623 mc=8.165602194743313 nan_elements=0
2019-01-18 14:56:13,770 MAP = 0.10064930441975997
2019-01-18 14:56:13,770 scale=[array([1.])]
2019-01-18 14:56:13,770 *** End Major Checkpoint

2019-01-18 14:56:13,771 21 loss=0.38598404948215276
2019-01-18 14:56:13,771 22 loss=0.3764441747492889
2019-01-18 14:56:13,772 23 loss=0.3675104936007553
2019-01-18 14:56:13,773 24 loss=0.3591229594149492
2019-01-18 14:56:13,774 25 loss=0.35122929637356726
2019-01-18 14:56:13,774 26 loss=0.34378382387406176
2019-01-18 14:56:13,775 27 loss=0.3367464746470848
2019-01-18 14:56:13,776 28 loss=0.33008197269356027
2019-01-18 14:56:13,776 29 loss=0.32375914338630785
2019-01-18 14:56:13,777 30 loss=0.3177503331231495
2019-01-18 14:56:13,777 
*** Major Checkpoint. Computing Stats and Saving
2019-01-18 14:56:13,777 	 Computing Major Stats lazily... 
2019-01-18 14:56:13,779 		 Completed edges=342 good=342 bad=0
2019-01-18 14:56:13,782 Distortion avg=0.5305446191856961 wc=9.708881584137686 me=1.5631304880932815 mc=6.21117792666219 nan_elements=0
2019-01-18 14:56:13,782 MAP = 0.1353765472573522
2019-01-18 14:56:13,782 scale=[array([1.])]
2019-01-18 14:56:13,782 *** End Major Checkpoint

2019-01-18 14:56:13,783 31 loss=0.3120309200027149
2019-01-18 14:56:13,783 32 loss=0.306578900306943
2019-01-18 14:56:13,784 33 loss=0.3013745382655212
2019-01-18 14:56:13,785 34 loss=0.29640006876777875
2019-01-18 14:56:13,785 35 loss=0.2916394444736998
2019-01-18 14:56:13,786 36 loss=0.2870781202354937
2019-01-18 14:56:13,787 37 loss=0.28270286893696717
2019-01-18 14:56:13,787 38 loss=0.2785016238399378
2019-01-18 14:56:13,788 39 loss=0.27446334333538397
2019-01-18 14:56:13,789 40 loss=0.27057789466438287
2019-01-18 14:56:13,789 
*** Major Checkpoint. Computing Stats and Saving
2019-01-18 14:56:13,789 	 Computing Major Stats lazily... 
2019-01-18 14:56:13,790 		 Completed edges=342 good=342 bad=0
2019-01-18 14:56:13,793 Distortion avg=0.48165998235278745 wc=8.935094115346061 me=1.707939173933683 mc=5.231506046416731 nan_elements=0
2019-01-18 14:56:13,793 MAP = 0.20937856412756897
2019-01-18 14:56:13,793 scale=[array([1.])]
2019-01-18 14:56:13,793 *** End Major Checkpoint

2019-01-18 14:56:13,794 41 loss=0.2668359537262387
2019-01-18 14:56:13,795 42 loss=0.2632289185496112
2019-01-18 14:56:13,795 43 loss=0.25974883438392843
2019-01-18 14:56:13,796 44 loss=0.2563883286866686
2019-01-18 14:56:13,798 45 loss=0.25314055454838574
2019-01-18 14:56:13,799 46 loss=0.24999914132068737
2019-01-18 14:56:13,800 47 loss=0.24695815140014718
2019-01-18 14:56:13,800 48 loss=0.24401204227935955
2019-01-18 14:56:13,801 49 loss=0.24115563310995902
2019-01-18 14:56:13,802 50 loss=0.23838407513548054
2019-01-18 14:56:13,802 
*** Major Checkpoint. Computing Stats and Saving
2019-01-18 14:56:13,802 	 Computing Major Stats lazily... 
2019-01-18 14:56:13,803 		 Completed edges=342 good=342 bad=0
2019-01-18 14:56:13,806 Distortion avg=0.44218279178892705 wc=8.290719914773799 me=1.7872072587336736 mc=4.638924710191806 nan_elements=0
2019-01-18 14:56:13,806 MAP = 0.27994619268391946
2019-01-18 14:56:13,806 scale=[array([1.])]
2019-01-18 14:56:13,806 *** End Major Checkpoint

2019-01-18 14:56:13,806 final loss=0.23838407513548054
2019-01-18 14:56:13,806 best loss=0.23838407513548054, distortion=0.44218279178892705, map=0.27994619268391946, wc_dist=8.290719914773799
2019-01-18 14:56:13,807 	 Computing Major Stats lazily... 
2019-01-18 14:56:13,808 		 Completed edges=342 good=342 bad=0
2019-01-18 14:56:13,811 Distortion avg=0.4421827917889269 wc=8.290719914773799 me=1.7872072587336736 mc=4.638924710191806 nan_elements=0
2019-01-18 14:56:13,811 MAP = 0.2799461926839194
2019-01-18 14:56:13,811 scale=[array([1.])]
