2019-01-18 14:45:49,835 Commandline ['pytorch/pytorch_hyperbolic.py', 'learn', 'data/edges/parsing/ewt/ewt_dev/678.edges', '--dim', '0', '--hyp', '0', '--edim', '10', '--euc', '1', '--sdim', '0', '--sph', '0', '--log-name', 'ewt_devr2/678.edges.E10-1.lr1.log', '--batch-size', '65536', '--epochs', '50', '--checkpoint-freq', '10', '-g', '--subsample', '1024', '--learning-rate', '1']
2019-01-18 14:45:49,835 No Model Save selected!
2019-01-18 14:45:49,837 Loaded Graph data/edges/parsing/ewt/ewt_dev/678.edges with 14 nodes scale=1.0
2019-01-18 14:45:49,837 Building dataset
2019-01-18 14:45:49,837 Subsample: 14 points with scale 1.0 subsample=13
2019-01-18 14:45:49,850 Built Data Sampler
2019-01-18 14:45:49,850 Creating a fresh model warm_start?=None
2019-01-18 14:45:49,850 	 Warmstarting? None None 14
2019-01-18 14:45:49,851 Embedding() torch.Size([14, 10])
2019-01-18 14:45:49,851 relative No Rescale
2019-01-18 14:45:49,851 Constructed model with dim=0 and epochs=0 isnan=False
2019-01-18 14:45:49,851 SGD (
Parameter Group 0
    dampening: 0
    initial_lr: 0.1
    lr: 1.0
    momentum: 0.0
    nesterov: False
    weight_decay: 0

Parameter Group 1
    dampening: 0
    initial_lr: 0.1
    lr: 1.0
    momentum: 0.0
    nesterov: False
    weight_decay: 0

Parameter Group 2
    dampening: 0
    initial_lr: 0.1
    lr: 1.0
    momentum: 0.0
    nesterov: False
    weight_decay: 0

Parameter Group 3
    dampening: 0
    initial_lr: 0.0001
    lr: 0.001
    momentum: 0.0
    nesterov: False
    weight_decay: 0
)
2019-01-18 14:45:49,851 *** Initial Checkpoint. Computing Stats
2019-01-18 14:45:49,852 	 Computing Major Stats lazily... 
2019-01-18 14:45:49,853 		 Completed edges=182 good=182 bad=0
2019-01-18 14:45:49,855 Distortion avg=0.9981129816931883 wc=8.911030254183478 me=0.005982886981094694 mc=1489.4197871932756 nan_elements=0
2019-01-18 14:45:49,855 MAP = 0.3328307935450793
2019-01-18 14:45:49,855 scale=[array([1.])]
2019-01-18 14:45:49,856 *** End Initial Checkpoint

2019-01-18 14:45:49,913 1 loss=0.996230837848037
2019-01-18 14:45:49,914 2 loss=0.8774201856814112
2019-01-18 14:45:49,915 3 loss=0.7771573524671137
2019-01-18 14:45:49,915 4 loss=0.6961922270092044
2019-01-18 14:45:49,916 5 loss=0.6307357899545066
2019-01-18 14:45:49,917 6 loss=0.5774296462967423
2019-01-18 14:45:49,917 7 loss=0.5336050668556142
2019-01-18 14:45:49,918 8 loss=0.49719602081431824
2019-01-18 14:45:49,918 9 loss=0.46661557948813814
2019-01-18 14:45:49,919 10 loss=0.44064644168037204
2019-01-18 14:45:49,919 
*** Major Checkpoint. Computing Stats and Saving
2019-01-18 14:45:49,919 	 Computing Major Stats lazily... 
2019-01-18 14:45:49,920 		 Completed edges=182 good=182 bad=0
2019-01-18 14:45:49,923 Distortion avg=0.5951932518415494 wc=10.183084991966503 me=1.221985289360892 mc=8.333230424805144 nan_elements=0
2019-01-18 14:45:49,923 MAP = 0.15031483067197354
2019-01-18 14:45:49,923 scale=[array([1.])]
2019-01-18 14:45:49,923 *** End Major Checkpoint

2019-01-18 14:45:49,923 11 loss=0.41835324865492546
2019-01-18 14:45:49,924 12 loss=0.39901483074046573
2019-01-18 14:45:49,925 13 loss=0.38207264620306003
2019-01-18 14:45:49,925 14 loss=0.3670918000931439
2019-01-18 14:45:49,926 15 loss=0.3537316428310333
2019-01-18 14:45:49,927 16 loss=0.3417235950471101
2019-01-18 14:45:49,927 17 loss=0.3308544004699819
2019-01-18 14:45:49,928 18 loss=0.3209534507866456
2019-01-18 14:45:49,928 19 loss=0.311883166411901
2019-01-18 14:45:49,929 20 loss=0.3035316739859875
2019-01-18 14:45:49,929 
*** Major Checkpoint. Computing Stats and Saving
2019-01-18 14:45:49,929 	 Computing Major Stats lazily... 
2019-01-18 14:45:49,930 		 Completed edges=182 good=182 bad=0
2019-01-18 14:45:49,932 Distortion avg=0.5048044106333022 wc=8.403038496169852 me=1.5275020631934013 mc=5.501163434504585 nan_elements=0
2019-01-18 14:45:49,932 MAP = 0.2160576196290482
2019-01-18 14:45:49,932 scale=[array([1.])]
2019-01-18 14:45:49,933 *** End Major Checkpoint

2019-01-18 14:45:49,933 21 loss=0.2958072136962257
2019-01-18 14:45:49,934 22 loss=0.288633852771828
2019-01-18 14:45:49,934 23 loss=0.28194818803285154
2019-01-18 14:45:49,935 24 loss=0.2756967995905497
2019-01-18 14:45:49,935 25 loss=0.2698342767634756
2019-01-18 14:45:49,936 26 loss=0.2643216812477863
2019-01-18 14:45:49,937 27 loss=0.2591253454500491
2019-01-18 14:45:49,937 28 loss=0.25421592852609054
2019-01-18 14:45:49,938 29 loss=0.24956767118619172
2019-01-18 14:45:49,938 30 loss=0.24515780428656747
2019-01-18 14:45:49,938 
*** Major Checkpoint. Computing Stats and Saving
2019-01-18 14:45:49,938 	 Computing Major Stats lazily... 
2019-01-18 14:45:49,939 		 Completed edges=182 good=182 bad=0
2019-01-18 14:45:49,942 Distortion avg=0.4404979805037409 wc=7.250310225809793 me=1.6190501057078497 mc=4.478125908672822 nan_elements=0
2019-01-18 14:45:49,942 MAP = 0.3289426347462062
2019-01-18 14:45:49,942 scale=[array([1.])]
2019-01-18 14:45:49,942 *** End Major Checkpoint

2019-01-18 14:45:49,943 31 loss=0.2409660767832009
2019-01-18 14:45:49,943 32 loss=0.23697437663085902
2019-01-18 14:45:49,944 33 loss=0.2331664243013824
2019-01-18 14:45:49,944 34 loss=0.22952752324285083
2019-01-18 14:45:49,945 35 loss=0.2260443551570711
2019-01-18 14:45:49,946 36 loss=0.22270481070057108
2019-01-18 14:45:49,946 37 loss=0.2194978483118957
2019-01-18 14:45:49,947 38 loss=0.21641337548462036
2019-01-18 14:45:49,947 39 loss=0.2134421480539069
2019-01-18 14:45:49,948 40 loss=0.21057568403017093
2019-01-18 14:45:49,948 
*** Major Checkpoint. Computing Stats and Saving
2019-01-18 14:45:49,948 	 Computing Major Stats lazily... 
2019-01-18 14:45:49,949 		 Completed edges=182 good=182 bad=0
2019-01-18 14:45:49,951 Distortion avg=0.3981491708232692 wc=6.322008050484695 me=1.6117620896926041 mc=3.9224201207576677 nan_elements=0
2019-01-18 14:45:49,951 MAP = 0.47052411873840444
2019-01-18 14:45:49,951 scale=[array([1.])]
2019-01-18 14:45:49,952 *** End Major Checkpoint

2019-01-18 14:45:49,952 41 loss=0.2078061892616383
2019-01-18 14:45:49,953 42 loss=0.205126492787994
2019-01-18 14:45:49,953 43 loss=0.20252999019811296
2019-01-18 14:45:49,954 44 loss=0.20001059365532595
2019-01-18 14:45:49,955 45 loss=0.19756268752644196
2019-01-18 14:45:49,955 46 loss=0.19518108876328577
2019-01-18 14:45:49,956 47 loss=0.19286101135136893
2019-01-18 14:45:49,956 48 loss=0.1905980342699675
2019-01-18 14:45:49,957 49 loss=0.1883880725094866
2019-01-18 14:45:49,958 50 loss=0.1862273507718408
2019-01-18 14:45:49,958 
*** Major Checkpoint. Computing Stats and Saving
2019-01-18 14:45:49,958 	 Computing Major Stats lazily... 
2019-01-18 14:45:49,959 		 Completed edges=182 good=182 bad=0
2019-01-18 14:45:49,961 Distortion avg=0.3721282163125512 wc=5.53649536086105 me=1.5644948191135286 mc=3.5388390509328307 nan_elements=0
2019-01-18 14:45:49,961 MAP = 0.8706065759637188
2019-01-18 14:45:49,961 scale=[array([1.])]
2019-01-18 14:45:49,961 *** End Major Checkpoint

2019-01-18 14:45:49,961 final loss=0.1862273507718408
2019-01-18 14:45:49,961 best loss=0.1862273507718408, distortion=0.3721282163125512, map=0.8706065759637188, wc_dist=5.53649536086105
2019-01-18 14:45:49,961 	 Computing Major Stats lazily... 
2019-01-18 14:45:49,962 		 Completed edges=182 good=182 bad=0
2019-01-18 14:45:49,965 Distortion avg=0.3721282163125511 wc=5.53649536086105 me=1.5644948191135286 mc=3.5388390509328307 nan_elements=0
2019-01-18 14:45:49,965 MAP = 0.8706065759637187
2019-01-18 14:45:49,965 scale=[array([1.])]
