2019-01-18 15:04:45,847 Commandline ['pytorch/pytorch_hyperbolic.py', 'learn', 'data/edges/parsing/ewt/ewt_dev/682.edges', '--dim', '0', '--hyp', '0', '--edim', '10', '--euc', '1', '--sdim', '0', '--sph', '0', '--log-name', 'ewt_devr2/682.edges.E10-1.lr1.log', '--batch-size', '65536', '--epochs', '50', '--checkpoint-freq', '10', '-g', '--subsample', '1024', '--learning-rate', '1']
2019-01-18 15:04:45,847 No Model Save selected!
2019-01-18 15:04:45,849 Loaded Graph data/edges/parsing/ewt/ewt_dev/682.edges with 8 nodes scale=1.0
2019-01-18 15:04:45,849 Building dataset
2019-01-18 15:04:45,850 Subsample: 8 points with scale 1.0 subsample=7
2019-01-18 15:04:45,856 Built Data Sampler
2019-01-18 15:04:45,856 Creating a fresh model warm_start?=None
2019-01-18 15:04:45,856 	 Warmstarting? None None 8
2019-01-18 15:04:45,856 Embedding() torch.Size([8, 10])
2019-01-18 15:04:45,856 relative No Rescale
2019-01-18 15:04:45,857 Constructed model with dim=0 and epochs=0 isnan=False
2019-01-18 15:04:45,857 SGD (
Parameter Group 0
    dampening: 0
    initial_lr: 0.1
    lr: 1.0
    momentum: 0.0
    nesterov: False
    weight_decay: 0

Parameter Group 1
    dampening: 0
    initial_lr: 0.1
    lr: 1.0
    momentum: 0.0
    nesterov: False
    weight_decay: 0

Parameter Group 2
    dampening: 0
    initial_lr: 0.1
    lr: 1.0
    momentum: 0.0
    nesterov: False
    weight_decay: 0

Parameter Group 3
    dampening: 0
    initial_lr: 0.0001
    lr: 0.001
    momentum: 0.0
    nesterov: False
    weight_decay: 0
)
2019-01-18 15:04:45,857 *** Initial Checkpoint. Computing Stats
2019-01-18 15:04:45,857 	 Computing Major Stats lazily... 
2019-01-18 15:04:45,858 		 Completed edges=56 good=56 bad=0
2019-01-18 15:04:45,859 Distortion avg=0.9973814900817849 wc=6.817929150513145 me=0.005941110731069004 mc=1147.5849313595224 nan_elements=0
2019-01-18 15:04:45,859 MAP = 0.35327380952380955
2019-01-18 15:04:45,860 scale=[array([1.])]
2019-01-18 15:04:45,860 *** End Initial Checkpoint

2019-01-18 15:04:45,917 1 loss=0.9947718629473951
2019-01-18 15:04:45,918 2 loss=0.675087050988982
2019-01-18 15:04:45,918 3 loss=0.5031510572557557
2019-01-18 15:04:45,919 4 loss=0.41109440952051207
2019-01-18 15:04:45,919 5 loss=0.3555433116202968
2019-01-18 15:04:45,920 6 loss=0.3175998381580593
2019-01-18 15:04:45,920 7 loss=0.2890202344323871
2019-01-18 15:04:45,921 8 loss=0.2660248296375918
2019-01-18 15:04:45,921 9 loss=0.2467354015982854
2019-01-18 15:04:45,922 10 loss=0.23011525759160104
2019-01-18 15:04:45,922 
*** Major Checkpoint. Computing Stats and Saving
2019-01-18 15:04:45,922 	 Computing Major Stats lazily... 
2019-01-18 15:04:45,922 		 Completed edges=56 good=56 bad=0
2019-01-18 15:04:45,924 Distortion avg=0.4306713489431039 wc=5.568947335156122 me=1.3667783394139075 mc=4.074506578399655 nan_elements=0
2019-01-18 15:04:45,924 MAP = 0.4563988095238095
2019-01-18 15:04:45,924 scale=[array([1.])]
2019-01-18 15:04:45,924 *** End Major Checkpoint

2019-01-18 15:04:45,924 11 loss=0.2155227484991654
2019-01-18 15:04:45,925 12 loss=0.20251839930183127
2019-01-18 15:04:45,925 13 loss=0.1907790667313851
2019-01-18 15:04:45,926 14 loss=0.18005805217621212
2019-01-18 15:04:45,927 15 loss=0.17016503832874094
2019-01-18 15:04:45,927 16 loss=0.16095444346066534
2019-01-18 15:04:45,927 17 loss=0.15231722222997982
2019-01-18 15:04:45,928 18 loss=0.14417404726312302
2019-01-18 15:04:45,928 19 loss=0.1364691377640765
2019-01-18 15:04:45,929 20 loss=0.12916459544881925
2019-01-18 15:04:45,929 
*** Major Checkpoint. Computing Stats and Saving
2019-01-18 15:04:45,929 	 Computing Major Stats lazily... 
2019-01-18 15:04:45,930 		 Completed edges=56 good=56 bad=0
2019-01-18 15:04:45,931 Distortion avg=0.3130905238482115 wc=3.783010620749882 me=1.3942630919579002 mc=2.713268853324929 nan_elements=0
2019-01-18 15:04:45,931 MAP = 1.0
2019-01-18 15:04:45,931 scale=[array([1.])]
2019-01-18 15:04:45,931 *** End Major Checkpoint

2019-01-18 15:04:45,932 21 loss=0.12223533893413303
2019-01-18 15:04:45,932 22 loss=0.1156647753676795
2019-01-18 15:04:45,933 23 loss=0.10944130744436778
2019-01-18 15:04:45,933 24 loss=0.1035556998188373
2019-01-18 15:04:45,934 25 loss=0.0979992541046137
2019-01-18 15:04:45,934 26 loss=0.09276268426933956
2019-01-18 15:04:45,935 27 loss=0.08783555152488177
2019-01-18 15:04:45,935 28 loss=0.08320610924539855
2019-01-18 15:04:45,936 29 loss=0.07886141884578882
2019-01-18 15:04:45,936 30 loss=0.07478761988902016
2019-01-18 15:04:45,936 
*** Major Checkpoint. Computing Stats and Saving
2019-01-18 15:04:45,936 	 Computing Major Stats lazily... 
2019-01-18 15:04:45,937 		 Completed edges=56 good=56 bad=0
2019-01-18 15:04:45,938 Distortion avg=0.23543181662190357 wc=2.672120506562796 me=1.267278432265068 mc=2.1085504483705177 nan_elements=0
2019-01-18 15:04:45,938 MAP = 1.0
2019-01-18 15:04:45,938 scale=[array([1.])]
2019-01-18 15:04:45,938 *** End Major Checkpoint

2019-01-18 15:04:45,939 31 loss=0.07097026519297077
2019-01-18 15:04:45,939 32 loss=0.06739465908698168
2019-01-18 15:04:45,939 33 loss=0.0640461608425987
2019-01-18 15:04:45,940 34 loss=0.06091043405842127
2019-01-18 15:04:45,940 35 loss=0.057973636144455686
2019-01-18 15:04:45,941 36 loss=0.05522255059926453
2019-01-18 15:04:45,941 37 loss=0.05264466948227244
2019-01-18 15:04:45,942 38 loss=0.05022823542150846
2019-01-18 15:04:45,942 39 loss=0.047962252627912906
2019-01-18 15:04:45,943 40 loss=0.04583647548142757
2019-01-18 15:04:45,943 
*** Major Checkpoint. Computing Stats and Saving
2019-01-18 15:04:45,943 	 Computing Major Stats lazily... 
2019-01-18 15:04:45,943 		 Completed edges=56 good=56 bad=0
2019-01-18 15:04:45,945 Distortion avg=0.18069782351908611 wc=2.1293273776073227 me=1.2077223840285023 mc=1.7630934110078318 nan_elements=0
2019-01-18 15:04:45,945 MAP = 1.0
2019-01-18 15:04:45,945 scale=[array([1.])]
2019-01-18 15:04:45,945 *** End Major Checkpoint

2019-01-18 15:04:45,945 41 loss=0.043841381868479565
2019-01-18 15:04:45,946 42 loss=0.04196813695043593
2019-01-18 15:04:45,946 43 loss=0.04020855164125475
2019-01-18 15:04:45,947 44 loss=0.0385550388737228
2019-01-18 15:04:45,947 45 loss=0.037000569769838156
2019-01-18 15:04:45,948 46 loss=0.03553863109285351
2019-01-18 15:04:45,948 47 loss=0.03416318481631726
2019-01-18 15:04:45,949 48 loss=0.03286863026204447
2019-01-18 15:04:45,949 49 loss=0.03164976899790693
2019-01-18 15:04:45,949 50 loss=0.030501772515818874
2019-01-18 15:04:45,950 
*** Major Checkpoint. Computing Stats and Saving
2019-01-18 15:04:45,950 	 Computing Major Stats lazily... 
2019-01-18 15:04:45,950 		 Completed edges=56 good=56 bad=0
2019-01-18 15:04:45,951 Distortion avg=0.14374214863513796 wc=1.8500147293897866 me=1.1893944236721667 mc=1.555425763371249 nan_elements=0
2019-01-18 15:04:45,951 MAP = 1.0
2019-01-18 15:04:45,952 scale=[array([1.])]
2019-01-18 15:04:45,952 *** End Major Checkpoint

2019-01-18 15:04:45,952 final loss=0.030501772515818874
2019-01-18 15:04:45,952 best loss=0.030501772515818874, distortion=0.14374214863513796, map=1.0, wc_dist=1.8500147293897866
2019-01-18 15:04:45,952 	 Computing Major Stats lazily... 
2019-01-18 15:04:45,952 		 Completed edges=56 good=56 bad=0
2019-01-18 15:04:45,954 Distortion avg=0.14374214863513793 wc=1.8500147293897866 me=1.1893944236721667 mc=1.555425763371249 nan_elements=0
2019-01-18 15:04:45,954 MAP = 1.0
2019-01-18 15:04:45,954 scale=[array([1.])]
