2019-01-18 14:50:35,178 Commandline ['pytorch/pytorch_hyperbolic.py', 'learn', 'data/edges/parsing/ewt/ewt_dev/684.edges', '--dim', '0', '--hyp', '0', '--edim', '10', '--euc', '1', '--sdim', '0', '--sph', '0', '--log-name', 'ewt_devr2/684.edges.E10-1.lr1.log', '--batch-size', '65536', '--epochs', '50', '--checkpoint-freq', '10', '-g', '--subsample', '1024', '--learning-rate', '1']
2019-01-18 14:50:35,178 No Model Save selected!
2019-01-18 14:50:35,180 Loaded Graph data/edges/parsing/ewt/ewt_dev/684.edges with 15 nodes scale=1.0
2019-01-18 14:50:35,180 Building dataset
2019-01-18 14:50:35,181 Subsample: 15 points with scale 1.0 subsample=14
2019-01-18 14:50:35,195 Built Data Sampler
2019-01-18 14:50:35,195 Creating a fresh model warm_start?=None
2019-01-18 14:50:35,195 	 Warmstarting? None None 15
2019-01-18 14:50:35,195 Embedding() torch.Size([15, 10])
2019-01-18 14:50:35,196 relative No Rescale
2019-01-18 14:50:35,196 Constructed model with dim=0 and epochs=0 isnan=False
2019-01-18 14:50:35,196 SGD (
Parameter Group 0
    dampening: 0
    initial_lr: 0.1
    lr: 1.0
    momentum: 0.0
    nesterov: False
    weight_decay: 0

Parameter Group 1
    dampening: 0
    initial_lr: 0.1
    lr: 1.0
    momentum: 0.0
    nesterov: False
    weight_decay: 0

Parameter Group 2
    dampening: 0
    initial_lr: 0.1
    lr: 1.0
    momentum: 0.0
    nesterov: False
    weight_decay: 0

Parameter Group 3
    dampening: 0
    initial_lr: 0.0001
    lr: 0.001
    momentum: 0.0
    nesterov: False
    weight_decay: 0
)
2019-01-18 14:50:35,196 *** Initial Checkpoint. Computing Stats
2019-01-18 14:50:35,196 	 Computing Major Stats lazily... 
2019-01-18 14:50:35,198 		 Completed edges=210 good=210 bad=0
2019-01-18 14:50:35,200 Distortion avg=0.9980553818093142 wc=13.076368229957069 me=0.0059960279104134965 mc=2180.838452610755 nan_elements=0
2019-01-18 14:50:35,200 MAP = 0.22184741184741183
2019-01-18 14:50:35,200 scale=[array([1.])]
2019-01-18 14:50:35,201 *** End Initial Checkpoint

2019-01-18 14:50:35,259 1 loss=0.9961160179545
2019-01-18 14:50:35,259 2 loss=0.8851810200283053
2019-01-18 14:50:35,260 3 loss=0.7913241899111672
2019-01-18 14:50:35,261 4 loss=0.7147645175799292
2019-01-18 14:50:35,261 5 loss=0.6521046396691673
2019-01-18 14:50:35,262 6 loss=0.6004064745125614
2019-01-18 14:50:35,262 7 loss=0.5573445979395851
2019-01-18 14:50:35,263 8 loss=0.5211143996665927
2019-01-18 14:50:35,264 9 loss=0.49032186212443085
2019-01-18 14:50:35,264 10 loss=0.4638892436828409
2019-01-18 14:50:35,264 
*** Major Checkpoint. Computing Stats and Saving
2019-01-18 14:50:35,264 	 Computing Major Stats lazily... 
2019-01-18 14:50:35,265 		 Completed edges=210 good=210 bad=0
2019-01-18 14:50:35,268 Distortion avg=0.6186327752813325 wc=12.604959070194525 me=1.28108122873423 mc=9.839312908088454 nan_elements=0
2019-01-18 14:50:35,268 MAP = 0.11788002121335453
2019-01-18 14:50:35,268 scale=[array([1.])]
2019-01-18 14:50:35,268 *** End Major Checkpoint

2019-01-18 14:50:35,269 11 loss=0.44098049711906223
2019-01-18 14:50:35,269 12 loss=0.4209439353348505
2019-01-18 14:50:35,270 13 loss=0.4032686567608776
2019-01-18 14:50:35,271 14 loss=0.3875515691533435
2019-01-18 14:50:35,271 15 loss=0.3734724508940603
2019-01-18 14:50:35,272 16 loss=0.3607750657482127
2019-01-18 14:50:35,273 17 loss=0.3492528254621892
2019-01-18 14:50:35,273 18 loss=0.33873786912193526
2019-01-18 14:50:35,274 19 loss=0.32909271347523966
2019-01-18 14:50:35,274 20 loss=0.3202038426856306
2019-01-18 14:50:35,275 
*** Major Checkpoint. Computing Stats and Saving
2019-01-18 14:50:35,275 	 Computing Major Stats lazily... 
2019-01-18 14:50:35,276 		 Completed edges=210 good=210 bad=0
2019-01-18 14:50:35,278 Distortion avg=0.5294973924389198 wc=9.260210537690472 me=1.4765744723610745 mc=6.271414487400148 nan_elements=0
2019-01-18 14:50:35,278 MAP = 0.15353905353905353
2019-01-18 14:50:35,278 scale=[array([1.])]
2019-01-18 14:50:35,278 *** End Major Checkpoint

2019-01-18 14:50:35,279 21 loss=0.31197676575328004
2019-01-18 14:50:35,280 22 loss=0.3043321885774587
2019-01-18 14:50:35,280 23 loss=0.29720303580520246
2019-01-18 14:50:35,281 24 loss=0.2905321231304415
2019-01-18 14:50:35,281 25 loss=0.28427032948600955
2019-01-18 14:50:35,282 26 loss=0.2783751549812067
2019-01-18 14:50:35,283 27 loss=0.27280957770243686
2019-01-18 14:50:35,283 28 loss=0.2675411429835425
2019-01-18 14:50:35,284 29 loss=0.262541234207942
2019-01-18 14:50:35,284 30 loss=0.2577844859085662
2019-01-18 14:50:35,284 
*** Major Checkpoint. Computing Stats and Saving
2019-01-18 14:50:35,285 	 Computing Major Stats lazily... 
2019-01-18 14:50:35,286 		 Completed edges=210 good=210 bad=0
2019-01-18 14:50:35,288 Distortion avg=0.4651827242019348 wc=9.045122149776416 me=1.6405410314514894 mc=5.513499495817931 nan_elements=0
2019-01-18 14:50:35,288 MAP = 0.2875719650719651
2019-01-18 14:50:35,288 scale=[array([1.])]
2019-01-18 14:50:35,288 *** End Major Checkpoint

2019-01-18 14:50:35,289 31 loss=0.2532483088293055
2019-01-18 14:50:35,289 32 loss=0.2489125034023071
2019-01-18 14:50:35,290 33 loss=0.24475894329767778
2019-01-18 14:50:35,291 34 loss=0.2407713147022845
2019-01-18 14:50:35,291 35 loss=0.2369349000712767
2019-01-18 14:50:35,292 36 loss=0.23323639748665784
2019-01-18 14:50:35,292 37 loss=0.2296637686153414
2019-01-18 14:50:35,293 38 loss=0.2262061097085788
2019-01-18 14:50:35,294 39 loss=0.22285354121967338
2019-01-18 14:50:35,294 40 loss=0.21959711250938216
2019-01-18 14:50:35,294 
*** Major Checkpoint. Computing Stats and Saving
2019-01-18 14:50:35,294 	 Computing Major Stats lazily... 
2019-01-18 14:50:35,295 		 Completed edges=210 good=210 bad=0
2019-01-18 14:50:35,298 Distortion avg=0.42003611723555134 wc=9.289130621001718 me=1.7481613377644238 mc=5.313657509941733 nan_elements=0
2019-01-18 14:50:35,298 MAP = 0.4227713644380311
2019-01-18 14:50:35,298 scale=[array([1.])]
2019-01-18 14:50:35,298 *** End Major Checkpoint

2019-01-18 14:50:35,299 41 loss=0.21642871881337025
2019-01-18 14:50:35,299 42 loss=0.2133410282056895
2019-01-18 14:50:35,300 43 loss=0.2103274167388772
2019-01-18 14:50:35,301 44 loss=0.2073819102997625
2019-01-18 14:50:35,301 45 loss=0.2044991320094861
2019-01-18 14:50:35,302 46 loss=0.20167425423116922
2019-01-18 14:50:35,302 47 loss=0.19890295444025466
2019-01-18 14:50:35,303 48 loss=0.1961813743692636
2019-01-18 14:50:35,304 49 loss=0.193506081967032
2019-01-18 14:50:35,304 50 loss=0.19087403581733872
2019-01-18 14:50:35,304 
*** Major Checkpoint. Computing Stats and Saving
2019-01-18 14:50:35,304 	 Computing Major Stats lazily... 
2019-01-18 14:50:35,305 		 Completed edges=210 good=210 bad=0
2019-01-18 14:50:35,308 Distortion avg=0.3843216032083852 wc=9.060951610299366 me=1.7832807742033783 mc=5.081057196025144 nan_elements=0
2019-01-18 14:50:35,308 MAP = 0.5780535513868847
2019-01-18 14:50:35,308 scale=[array([1.])]
2019-01-18 14:50:35,308 *** End Major Checkpoint

2019-01-18 14:50:35,308 final loss=0.19087403581733872
2019-01-18 14:50:35,308 best loss=0.19087403581733872, distortion=0.3843216032083852, map=0.5780535513868847, wc_dist=9.045122149776416
2019-01-18 14:50:35,308 	 Computing Major Stats lazily... 
2019-01-18 14:50:35,309 		 Completed edges=210 good=210 bad=0
2019-01-18 14:50:35,312 Distortion avg=0.3843216032083853 wc=9.060951610299366 me=1.7832807742033783 mc=5.081057196025144 nan_elements=0
2019-01-18 14:50:35,312 MAP = 0.5780535513868847
2019-01-18 14:50:35,312 scale=[array([1.])]
