2019-01-18 14:45:22,662 Commandline ['pytorch/pytorch_hyperbolic.py', 'learn', 'data/edges/parsing/ewt/ewt_dev/689.edges', '--dim', '0', '--hyp', '0', '--edim', '10', '--euc', '1', '--sdim', '0', '--sph', '0', '--log-name', 'ewt_devr2/689.edges.E10-1.lr1.log', '--batch-size', '65536', '--epochs', '50', '--checkpoint-freq', '10', '-g', '--subsample', '1024', '--learning-rate', '1']
2019-01-18 14:45:22,662 No Model Save selected!
2019-01-18 14:45:22,663 Loaded Graph data/edges/parsing/ewt/ewt_dev/689.edges with 7 nodes scale=1.0
2019-01-18 14:45:22,664 Building dataset
2019-01-18 14:45:22,664 Subsample: 7 points with scale 1.0 subsample=6
2019-01-18 14:45:22,669 Built Data Sampler
2019-01-18 14:45:22,670 Creating a fresh model warm_start?=None
2019-01-18 14:45:22,670 	 Warmstarting? None None 7
2019-01-18 14:45:22,670 Embedding() torch.Size([7, 10])
2019-01-18 14:45:22,670 relative No Rescale
2019-01-18 14:45:22,670 Constructed model with dim=0 and epochs=0 isnan=False
2019-01-18 14:45:22,671 SGD (
Parameter Group 0
    dampening: 0
    initial_lr: 0.1
    lr: 1.0
    momentum: 0.0
    nesterov: False
    weight_decay: 0

Parameter Group 1
    dampening: 0
    initial_lr: 0.1
    lr: 1.0
    momentum: 0.0
    nesterov: False
    weight_decay: 0

Parameter Group 2
    dampening: 0
    initial_lr: 0.1
    lr: 1.0
    momentum: 0.0
    nesterov: False
    weight_decay: 0

Parameter Group 3
    dampening: 0
    initial_lr: 0.0001
    lr: 0.001
    momentum: 0.0
    nesterov: False
    weight_decay: 0
)
2019-01-18 14:45:22,671 *** Initial Checkpoint. Computing Stats
2019-01-18 14:45:22,671 	 Computing Major Stats lazily... 
2019-01-18 14:45:22,672 		 Completed edges=42 good=42 bad=0
2019-01-18 14:45:22,673 Distortion avg=0.9971782235459303 wc=4.6630950159583 me=0.005628252251848828 mc=828.5156398998494 nan_elements=0
2019-01-18 14:45:22,673 MAP = 0.4228571428571429
2019-01-18 14:45:22,673 scale=[array([1.])]
2019-01-18 14:45:22,674 *** End Initial Checkpoint

2019-01-18 14:45:22,732 1 loss=0.9943660797040026
2019-01-18 14:45:22,733 2 loss=0.5605746890344596
2019-01-18 14:45:22,734 3 loss=0.38083361922377507
2019-01-18 14:45:22,734 4 loss=0.2935347855029888
2019-01-18 14:45:22,735 5 loss=0.23926662086743675
2019-01-18 14:45:22,735 6 loss=0.20071418217552203
2019-01-18 14:45:22,736 7 loss=0.17156065844367344
2019-01-18 14:45:22,736 8 loss=0.1487926644212846
2019-01-18 14:45:22,737 9 loss=0.13063551438439638
2019-01-18 14:45:22,737 10 loss=0.11590214903866708
2019-01-18 14:45:22,737 
*** Major Checkpoint. Computing Stats and Saving
2019-01-18 14:45:22,737 	 Computing Major Stats lazily... 
2019-01-18 14:45:22,738 		 Completed edges=42 good=42 bad=0
2019-01-18 14:45:22,739 Distortion avg=0.2886959206813171 wc=2.8971649725278428 me=1.284124755932128 mc=2.2561398019500305 nan_elements=0
2019-01-18 14:45:22,739 MAP = 0.9047619047619048
2019-01-18 14:45:22,739 scale=[array([1.])]
2019-01-18 14:45:22,739 *** End Major Checkpoint

2019-01-18 14:45:22,740 11 loss=0.10374755545193388
2019-01-18 14:45:22,740 12 loss=0.09355601793801765
2019-01-18 14:45:22,741 13 loss=0.08487721564573712
2019-01-18 14:45:22,741 14 loss=0.07738299615799298
2019-01-18 14:45:22,742 15 loss=0.0708350555626713
2019-01-18 14:45:22,742 16 loss=0.06506003261815853
2019-01-18 14:45:22,742 17 loss=0.059930525905130046
2019-01-18 14:45:22,743 18 loss=0.05535105021769874
2019-01-18 14:45:22,743 19 loss=0.05124801827002486
2019-01-18 14:45:22,744 20 loss=0.047562851668921276
2019-01-18 14:45:22,744 
*** Major Checkpoint. Computing Stats and Saving
2019-01-18 14:45:22,744 	 Computing Major Stats lazily... 
2019-01-18 14:45:22,744 		 Completed edges=42 good=42 bad=0
2019-01-18 14:45:22,745 Distortion avg=0.1857656120372701 wc=1.9333925146458666 me=1.217307614643924 mc=1.5882530359521374 nan_elements=0
2019-01-18 14:45:22,746 MAP = 1.0
2019-01-18 14:45:22,746 scale=[array([1.])]
2019-01-18 14:45:22,746 *** End Major Checkpoint

2019-01-18 14:45:22,746 21 loss=0.04424739893882336
2019-01-18 14:45:22,747 22 loss=0.041260967749374065
2019-01-18 14:45:22,747 23 loss=0.03856843203679259
2019-01-18 14:45:22,748 24 loss=0.036139022870336567
2019-01-18 14:45:22,748 25 loss=0.033945536924976163
2019-01-18 14:45:22,748 26 loss=0.0319637919386273
2019-01-18 14:45:22,749 27 loss=0.030172225849011167
2019-01-18 14:45:22,749 28 loss=0.028551580473716268
2019-01-18 14:45:22,750 29 loss=0.027084637666403746
2019-01-18 14:45:22,750 30 loss=0.02575599135099042
2019-01-18 14:45:22,750 
*** Major Checkpoint. Computing Stats and Saving
2019-01-18 14:45:22,750 	 Computing Major Stats lazily... 
2019-01-18 14:45:22,751 		 Completed edges=42 good=42 bad=0
2019-01-18 14:45:22,752 Distortion avg=0.14062666848514926 wc=1.5796994199495524 me=1.1706683278394632 mc=1.3493996398322146 nan_elements=0
2019-01-18 14:45:22,752 MAP = 1.0
2019-01-18 14:45:22,752 scale=[array([1.])]
2019-01-18 14:45:22,752 *** End Major Checkpoint

2019-01-18 14:45:22,753 31 loss=0.024551847019876703
2019-01-18 14:45:22,753 32 loss=0.023459844235663163
2019-01-18 14:45:22,754 33 loss=0.022468899378927938
2019-01-18 14:45:22,754 34 loss=0.021569066518588156
2019-01-18 14:45:22,754 35 loss=0.020751414488235902
2019-01-18 14:45:22,755 36 loss=0.020007918341707624
2019-01-18 14:45:22,755 37 loss=0.019331363458013284
2019-01-18 14:45:22,756 38 loss=0.018715260700793122
2019-01-18 14:45:22,756 39 loss=0.01815377120314633
2019-01-18 14:45:22,757 40 loss=0.01764163952678096
2019-01-18 14:45:22,757 
*** Major Checkpoint. Computing Stats and Saving
2019-01-18 14:45:22,757 	 Computing Major Stats lazily... 
2019-01-18 14:45:22,757 		 Completed edges=42 good=42 bad=0
2019-01-18 14:45:22,759 Distortion avg=0.11831555073358253 wc=1.4507172144588085 me=1.1728050843567122 mc=1.2369636129728514 nan_elements=0
2019-01-18 14:45:22,759 MAP = 1.0
2019-01-18 14:45:22,759 scale=[array([1.])]
2019-01-18 14:45:22,759 *** End Major Checkpoint

2019-01-18 14:45:22,759 41 loss=0.017174134118472087
2019-01-18 14:45:22,760 42 loss=0.016746994145902968
2019-01-18 14:45:22,760 43 loss=0.016356381933811975
2019-01-18 14:45:22,761 44 loss=0.015998840338818585
2019-01-18 14:45:22,761 45 loss=0.01567125449872442
2019-01-18 14:45:22,762 46 loss=0.015370817472065715
2019-01-18 14:45:22,762 47 loss=0.015094999349180127
2019-01-18 14:45:22,763 48 loss=0.01484151946984251
2019-01-18 14:45:22,763 49 loss=0.014608321427050618
2019-01-18 14:45:22,764 50 loss=0.014393550573784955
2019-01-18 14:45:22,764 
*** Major Checkpoint. Computing Stats and Saving
2019-01-18 14:45:22,764 	 Computing Major Stats lazily... 
2019-01-18 14:45:22,764 		 Completed edges=42 good=42 bad=0
2019-01-18 14:45:22,765 Distortion avg=0.10977459481875547 wc=1.379147177157144 me=1.1703082463967878 mc=1.1784477990335807 nan_elements=0
2019-01-18 14:45:22,765 MAP = 1.0
2019-01-18 14:45:22,766 scale=[array([1.])]
2019-01-18 14:45:22,766 *** End Major Checkpoint

2019-01-18 14:45:22,766 final loss=0.014393550573784955
2019-01-18 14:45:22,766 best loss=0.014393550573784955, distortion=0.10977459481875547, map=1.0, wc_dist=1.379147177157144
2019-01-18 14:45:22,766 	 Computing Major Stats lazily... 
2019-01-18 14:45:22,766 		 Completed edges=42 good=42 bad=0
2019-01-18 14:45:22,767 Distortion avg=0.10977459481875543 wc=1.379147177157144 me=1.1703082463967878 mc=1.1784477990335807 nan_elements=0
2019-01-18 14:45:22,767 MAP = 1.0
2019-01-18 14:45:22,768 scale=[array([1.])]
