2019-01-18 15:10:23,265 Commandline ['pytorch/pytorch_hyperbolic.py', 'learn', 'data/edges/parsing/ewt/ewt_dev/697.edges', '--dim', '0', '--hyp', '0', '--edim', '10', '--euc', '1', '--sdim', '0', '--sph', '0', '--log-name', 'ewt_devr2/697.edges.E10-1.lr1.log', '--batch-size', '65536', '--epochs', '50', '--checkpoint-freq', '10', '-g', '--subsample', '1024', '--learning-rate', '1']
2019-01-18 15:10:23,265 No Model Save selected!
2019-01-18 15:10:23,266 Loaded Graph data/edges/parsing/ewt/ewt_dev/697.edges with 12 nodes scale=1.0
2019-01-18 15:10:23,266 Building dataset
2019-01-18 15:10:23,267 Subsample: 12 points with scale 1.0 subsample=11
2019-01-18 15:10:23,277 Built Data Sampler
2019-01-18 15:10:23,277 Creating a fresh model warm_start?=None
2019-01-18 15:10:23,277 	 Warmstarting? None None 12
2019-01-18 15:10:23,278 Embedding() torch.Size([12, 10])
2019-01-18 15:10:23,278 relative No Rescale
2019-01-18 15:10:23,278 Constructed model with dim=0 and epochs=0 isnan=False
2019-01-18 15:10:23,278 SGD (
Parameter Group 0
    dampening: 0
    initial_lr: 0.1
    lr: 1.0
    momentum: 0.0
    nesterov: False
    weight_decay: 0

Parameter Group 1
    dampening: 0
    initial_lr: 0.1
    lr: 1.0
    momentum: 0.0
    nesterov: False
    weight_decay: 0

Parameter Group 2
    dampening: 0
    initial_lr: 0.1
    lr: 1.0
    momentum: 0.0
    nesterov: False
    weight_decay: 0

Parameter Group 3
    dampening: 0
    initial_lr: 0.0001
    lr: 0.001
    momentum: 0.0
    nesterov: False
    weight_decay: 0
)
2019-01-18 15:10:23,279 *** Initial Checkpoint. Computing Stats
2019-01-18 15:10:23,279 	 Computing Major Stats lazily... 
2019-01-18 15:10:23,280 		 Completed edges=132 good=132 bad=0
2019-01-18 15:10:23,282 Distortion avg=0.9980217197532197 wc=10.057731366348774 me=0.005941110731069004 mc=1692.9042096037574 nan_elements=0
2019-01-18 15:10:23,282 MAP = 0.28202185545935543
2019-01-18 15:10:23,282 scale=[array([1.])]
2019-01-18 15:10:23,282 *** End Initial Checkpoint

2019-01-18 15:10:23,339 1 loss=0.9960488832053171
2019-01-18 15:10:23,340 2 loss=0.8465373836077171
2019-01-18 15:10:23,341 3 loss=0.7279305084348829
2019-01-18 15:10:23,342 4 loss=0.6379918368704213
2019-01-18 15:10:23,342 5 loss=0.5695545142743961
2019-01-18 15:10:23,343 6 loss=0.5168602482512049
2019-01-18 15:10:23,343 7 loss=0.47565660085623646
2019-01-18 15:10:23,344 8 loss=0.44287119749193604
2019-01-18 15:10:23,345 9 loss=0.4162981613552798
2019-01-18 15:10:23,345 10 loss=0.3943537082148415
2019-01-18 15:10:23,345 
*** Major Checkpoint. Computing Stats and Saving
2019-01-18 15:10:23,345 	 Computing Major Stats lazily... 
2019-01-18 15:10:23,346 		 Completed edges=132 good=132 bad=0
2019-01-18 15:10:23,348 Distortion avg=0.5656404750938197 wc=9.707334030153861 me=1.2490344088706735 mc=7.771870783712708 nan_elements=0
2019-01-18 15:10:23,348 MAP = 0.17688567219817217
2019-01-18 15:10:23,348 scale=[array([1.])]
2019-01-18 15:10:23,348 *** End Major Checkpoint

2019-01-18 15:10:23,349 11 loss=0.3758968102804543
2019-01-18 15:10:23,350 12 loss=0.36010073932108533
2019-01-18 15:10:23,350 13 loss=0.3463620396856562
2019-01-18 15:10:23,351 14 loss=0.334236320589325
2019-01-18 15:10:23,351 15 loss=0.3233930221335608
2019-01-18 15:10:23,352 16 loss=0.3135835219174059
2019-01-18 15:10:23,352 17 loss=0.304618597093166
2019-01-18 15:10:23,353 18 loss=0.29635244415101347
2019-01-18 15:10:23,353 19 loss=0.2886712996285649
2019-01-18 15:10:23,354 20 loss=0.281485294909567
2019-01-18 15:10:23,354 
*** Major Checkpoint. Computing Stats and Saving
2019-01-18 15:10:23,354 	 Computing Major Stats lazily... 
2019-01-18 15:10:23,355 		 Completed edges=132 good=132 bad=0
2019-01-18 15:10:23,357 Distortion avg=0.48727694951490774 wc=7.647019743889236 me=1.501438552214352 mc=5.093128674903982 nan_elements=0
2019-01-18 15:10:23,357 MAP = 0.2884259259259259
2019-01-18 15:10:23,357 scale=[array([1.])]
2019-01-18 15:10:23,357 *** End Major Checkpoint

2019-01-18 15:10:23,358 21 loss=0.2747225901604071
2019-01-18 15:10:23,358 22 loss=0.2683251193844256
2019-01-18 15:10:23,359 23 loss=0.262245478384432
2019-01-18 15:10:23,359 24 loss=0.25644462668871426
2019-01-18 15:10:23,360 25 loss=0.2508901717347093
2019-01-18 15:10:23,360 26 loss=0.24555507166447707
2019-01-18 15:10:23,361 27 loss=0.24041664085841277
2019-01-18 15:10:23,362 28 loss=0.2354557759671213
2019-01-18 15:10:23,362 29 loss=0.23065634395032417
2019-01-18 15:10:23,363 30 loss=0.22600469044421975
2019-01-18 15:10:23,363 
*** Major Checkpoint. Computing Stats and Saving
2019-01-18 15:10:23,363 	 Computing Major Stats lazily... 
2019-01-18 15:10:23,364 		 Completed edges=132 good=132 bad=0
2019-01-18 15:10:23,366 Distortion avg=0.4261423553111645 wc=6.418753501837323 me=1.5241665483904063 mc=4.211320284266728 nan_elements=0
2019-01-18 15:10:23,366 MAP = 0.43450727513227516
2019-01-18 15:10:23,366 scale=[array([1.])]
2019-01-18 15:10:23,366 *** End Major Checkpoint

2019-01-18 15:10:23,367 31 loss=0.22148923870319231
2019-01-18 15:10:23,367 32 loss=0.21710015782664105
2019-01-18 15:10:23,368 33 loss=0.21282908498798106
2019-01-18 15:10:23,368 34 loss=0.2086688906360991
2019-01-18 15:10:23,369 35 loss=0.20461347864032667
2019-01-18 15:10:23,369 36 loss=0.20065761545599062
2019-01-18 15:10:23,370 37 loss=0.19679678385603958
2019-01-18 15:10:23,371 38 loss=0.19302705779111304
2019-01-18 15:10:23,371 39 loss=0.18934499564064006
2019-01-18 15:10:23,372 40 loss=0.18574754959896686
2019-01-18 15:10:23,372 
*** Major Checkpoint. Computing Stats and Saving
2019-01-18 15:10:23,372 	 Computing Major Stats lazily... 
2019-01-18 15:10:23,372 		 Completed edges=132 good=132 bad=0
2019-01-18 15:10:23,374 Distortion avg=0.37772289104501944 wc=5.661779140121011 me=1.5097723341817333 mc=3.750088017866338 nan_elements=0
2019-01-18 15:10:23,374 MAP = 0.733779761904762
2019-01-18 15:10:23,375 scale=[array([1.])]
2019-01-18 15:10:23,375 *** End Major Checkpoint

2019-01-18 15:10:23,375 41 loss=0.18223198927379736
2019-01-18 15:10:23,376 42 loss=0.1787958378099397
2019-01-18 15:10:23,377 43 loss=0.1754368190250666
2019-01-18 15:10:23,377 44 loss=0.17215281418038017
2019-01-18 15:10:23,378 45 loss=0.16894182712392772
2019-01-18 15:10:23,378 46 loss=0.16580195664804157
2019-01-18 15:10:23,379 47 loss=0.16273137500088175
2019-01-18 15:10:23,379 48 loss=0.15972831158825937
2019-01-18 15:10:23,380 49 loss=0.15679104099678598
2019-01-18 15:10:23,380 50 loss=0.15391787456269115
2019-01-18 15:10:23,381 
*** Major Checkpoint. Computing Stats and Saving
2019-01-18 15:10:23,381 	 Computing Major Stats lazily... 
2019-01-18 15:10:23,381 		 Completed edges=132 good=132 bad=0
2019-01-18 15:10:23,383 Distortion avg=0.3365089575828008 wc=5.049762216653425 me=1.4750390702663976 mc=3.4234769223715675 nan_elements=0
2019-01-18 15:10:23,383 MAP = 0.8697916666666666
2019-01-18 15:10:23,384 scale=[array([1.])]
2019-01-18 15:10:23,384 *** End Major Checkpoint

2019-01-18 15:10:23,384 final loss=0.15391787456269115
2019-01-18 15:10:23,384 best loss=0.15391787456269115, distortion=0.3365089575828008, map=0.8697916666666666, wc_dist=5.049762216653425
2019-01-18 15:10:23,384 	 Computing Major Stats lazily... 
2019-01-18 15:10:23,385 		 Completed edges=132 good=132 bad=0
2019-01-18 15:10:23,386 Distortion avg=0.3365089575828006 wc=5.049762216653425 me=1.4750390702663976 mc=3.4234769223715675 nan_elements=0
2019-01-18 15:10:23,386 MAP = 0.8697916666666669
2019-01-18 15:10:23,387 scale=[array([1.])]
