2019-01-18 15:07:14,143 Commandline ['pytorch/pytorch_hyperbolic.py', 'learn', 'data/edges/parsing/ewt/ewt_dev/703.edges', '--dim', '0', '--hyp', '0', '--edim', '10', '--euc', '1', '--sdim', '0', '--sph', '0', '--log-name', 'ewt_devr2/703.edges.E10-1.lr1.log', '--batch-size', '65536', '--epochs', '50', '--checkpoint-freq', '10', '-g', '--subsample', '1024', '--learning-rate', '1']
2019-01-18 15:07:14,144 No Model Save selected!
2019-01-18 15:07:14,145 Loaded Graph data/edges/parsing/ewt/ewt_dev/703.edges with 31 nodes scale=1.0
2019-01-18 15:07:14,145 Building dataset
2019-01-18 15:07:14,146 Subsample: 31 points with scale 1.0 subsample=30
2019-01-18 15:07:14,188 Built Data Sampler
2019-01-18 15:07:14,188 Creating a fresh model warm_start?=None
2019-01-18 15:07:14,188 	 Warmstarting? None None 31
2019-01-18 15:07:14,189 Embedding() torch.Size([31, 10])
2019-01-18 15:07:14,189 relative No Rescale
2019-01-18 15:07:14,189 Constructed model with dim=0 and epochs=0 isnan=False
2019-01-18 15:07:14,189 SGD (
Parameter Group 0
    dampening: 0
    initial_lr: 0.1
    lr: 1.0
    momentum: 0.0
    nesterov: False
    weight_decay: 0

Parameter Group 1
    dampening: 0
    initial_lr: 0.1
    lr: 1.0
    momentum: 0.0
    nesterov: False
    weight_decay: 0

Parameter Group 2
    dampening: 0
    initial_lr: 0.1
    lr: 1.0
    momentum: 0.0
    nesterov: False
    weight_decay: 0

Parameter Group 3
    dampening: 0
    initial_lr: 0.0001
    lr: 0.001
    momentum: 0.0
    nesterov: False
    weight_decay: 0
)
2019-01-18 15:07:14,189 *** Initial Checkpoint. Computing Stats
2019-01-18 15:07:14,189 	 Computing Major Stats lazily... 
2019-01-18 15:07:14,193 		 Completed edges=930 good=930 bad=0
2019-01-18 15:07:14,198 Distortion avg=0.9986217384827903 wc=21.289244805443126 me=0.005982886981094694 mc=3558.3565045963505 nan_elements=0
2019-01-18 15:07:14,199 MAP = 0.1032822835700494
2019-01-18 15:07:14,199 scale=[array([1.])]
2019-01-18 15:07:14,199 *** End Initial Checkpoint

2019-01-18 15:07:14,257 1 loss=0.9972464900978091
2019-01-18 15:07:14,259 2 loss=0.9699659604121986
2019-01-18 15:07:14,260 3 loss=0.9433606298103745
2019-01-18 15:07:14,261 4 loss=0.9180320698025469
2019-01-18 15:07:14,262 5 loss=0.8939964901526662
2019-01-18 15:07:14,263 6 loss=0.871206196133237
2019-01-18 15:07:14,264 7 loss=0.8495980163276229
2019-01-18 15:07:14,265 8 loss=0.8291053196339191
2019-01-18 15:07:14,266 9 loss=0.8096622234100525
2019-01-18 15:07:14,267 10 loss=0.7912053008399904
2019-01-18 15:07:14,268 
*** Major Checkpoint. Computing Stats and Saving
2019-01-18 15:07:14,268 	 Computing Major Stats lazily... 
2019-01-18 15:07:14,271 		 Completed edges=930 good=930 bad=0
2019-01-18 15:07:14,276 Distortion avg=0.8716782448729399 wc=50.366660472689226 me=0.7676434423723669 mc=65.61205071593312 nan_elements=0
2019-01-18 15:07:14,276 MAP = 0.06499911899372564
2019-01-18 15:07:14,276 scale=[array([1.])]
2019-01-18 15:07:14,276 *** End Major Checkpoint

2019-01-18 15:07:14,277 11 loss=0.7736742932464163
2019-01-18 15:07:14,278 12 loss=0.7570123705588512
2019-01-18 15:07:14,279 13 loss=0.7411661692671588
2019-01-18 15:07:14,281 14 loss=0.7260857159627401
2019-01-18 15:07:14,282 15 loss=0.7117242916602172
2019-01-18 15:07:14,283 16 loss=0.6980382667606196
2019-01-18 15:07:14,285 17 loss=0.6849869234818226
2019-01-18 15:07:14,286 18 loss=0.6725322754803708
2019-01-18 15:07:14,287 19 loss=0.6606388903403912
2019-01-18 15:07:14,288 20 loss=0.6492737182135048
2019-01-18 15:07:14,288 
*** Major Checkpoint. Computing Stats and Saving
2019-01-18 15:07:14,288 	 Computing Major Stats lazily... 
2019-01-18 15:07:14,292 		 Completed edges=930 good=930 bad=0
2019-01-18 15:07:14,297 Distortion avg=0.7758209680725292 wc=43.61968289014498 me=1.2200037365189447 mc=35.753728930868434 nan_elements=0
2019-01-18 15:07:14,297 MAP = 0.06408018364776837
2019-01-18 15:07:14,297 scale=[array([1.])]
2019-01-18 15:07:14,297 *** End Major Checkpoint

2019-01-18 15:07:14,298 21 loss=0.6384059284414413
2019-01-18 15:07:14,299 22 loss=0.6280067550938853
2019-01-18 15:07:14,300 23 loss=0.6180493517906974
2019-01-18 15:07:14,302 24 loss=0.6085086558234982
2019-01-18 15:07:14,303 25 loss=0.5993612613705485
2019-01-18 15:07:14,304 26 loss=0.5905853014639726
2019-01-18 15:07:14,305 27 loss=0.5821603382898555
2019-01-18 15:07:14,306 28 loss=0.5740672613604711
2019-01-18 15:07:14,307 29 loss=0.5662881930812455
2019-01-18 15:07:14,308 30 loss=0.5588064012346384
2019-01-18 15:07:14,308 
*** Major Checkpoint. Computing Stats and Saving
2019-01-18 15:07:14,308 	 Computing Major Stats lazily... 
2019-01-18 15:07:14,312 		 Completed edges=930 good=930 bad=0
2019-01-18 15:07:14,317 Distortion avg=0.7152852772506928 wc=37.37026912515982 me=1.4628685716420733 mc=25.54588282883924 nan_elements=0
2019-01-18 15:07:14,317 MAP = 0.0655317295957754
2019-01-18 15:07:14,317 scale=[array([1.])]
2019-01-18 15:07:14,317 *** End Major Checkpoint

2019-01-18 15:07:14,318 31 loss=0.5516062179132757
2019-01-18 15:07:14,319 32 loss=0.5446729644515355
2019-01-18 15:07:14,320 33 loss=0.537992881925747
2019-01-18 15:07:14,321 34 loss=0.5315530668164052
2019-01-18 15:07:14,323 35 loss=0.5253414114500581
2019-01-18 15:07:14,324 36 loss=0.5193465488630022
2019-01-18 15:07:14,325 37 loss=0.5135578017529885
2019-01-18 15:07:14,326 38 loss=0.5079651352084705
2019-01-18 15:07:14,327 39 loss=0.5025591129272473
2019-01-18 15:07:14,328 40 loss=0.4973308566575475
2019-01-18 15:07:14,328 
*** Major Checkpoint. Computing Stats and Saving
2019-01-18 15:07:14,328 	 Computing Major Stats lazily... 
2019-01-18 15:07:14,332 		 Completed edges=930 good=930 bad=0
2019-01-18 15:07:14,337 Distortion avg=0.6739160835841301 wc=32.15868209951903 me=1.577534600656497 mc=20.385405230500854 nan_elements=0
2019-01-18 15:07:14,337 MAP = 0.06812605828696229
2019-01-18 15:07:14,337 scale=[array([1.])]
2019-01-18 15:07:14,337 *** End Major Checkpoint

2019-01-18 15:07:14,338 41 loss=0.4922720086145655
2019-01-18 15:07:14,339 42 loss=0.48737469664419436
2019-01-18 15:07:14,340 43 loss=0.48263150192319976
2019-01-18 15:07:14,341 44 loss=0.47803542900136164
2019-01-18 15:07:14,342 45 loss=0.4735798780062443
2019-01-18 15:07:14,343 46 loss=0.46925861884527276
2019-01-18 15:07:14,344 47 loss=0.4650657672527583
2019-01-18 15:07:14,346 48 loss=0.46099576254150487
2019-01-18 15:07:14,347 49 loss=0.45704334692967974
2019-01-18 15:07:14,348 50 loss=0.4532035463238248
2019-01-18 15:07:14,348 
*** Major Checkpoint. Computing Stats and Saving
2019-01-18 15:07:14,348 	 Computing Major Stats lazily... 
2019-01-18 15:07:14,351 		 Completed edges=930 good=930 bad=0
2019-01-18 15:07:14,356 Distortion avg=0.6412582389574033 wc=28.75562896996096 me=1.665991399034708 mc=17.26037060372716 nan_elements=0
2019-01-18 15:07:14,356 MAP = 0.07279858922625174
2019-01-18 15:07:14,356 scale=[array([1.])]
2019-01-18 15:07:14,356 *** End Major Checkpoint

2019-01-18 15:07:14,356 final loss=0.4532035463238248
2019-01-18 15:07:14,357 best loss=0.4532035463238248, distortion=0.6412582389574033, map=0.07279858922625174, wc_dist=28.75562896996096
2019-01-18 15:07:14,357 	 Computing Major Stats lazily... 
2019-01-18 15:07:14,360 		 Completed edges=930 good=930 bad=0
2019-01-18 15:07:14,365 Distortion avg=0.6412582389574021 wc=28.75562896996096 me=1.665991399034708 mc=17.26037060372716 nan_elements=0
2019-01-18 15:07:14,365 MAP = 0.07279858922625174
2019-01-18 15:07:14,365 scale=[array([1.])]
