2019-01-18 15:03:31,396 Commandline ['pytorch/pytorch_hyperbolic.py', 'learn', 'data/edges/parsing/ewt/ewt_dev/705.edges', '--dim', '0', '--hyp', '0', '--edim', '10', '--euc', '1', '--sdim', '0', '--sph', '0', '--log-name', 'ewt_devr2/705.edges.E10-1.lr1.log', '--batch-size', '65536', '--epochs', '50', '--checkpoint-freq', '10', '-g', '--subsample', '1024', '--learning-rate', '1']
2019-01-18 15:03:31,397 No Model Save selected!
2019-01-18 15:03:31,399 Loaded Graph data/edges/parsing/ewt/ewt_dev/705.edges with 21 nodes scale=1.0
2019-01-18 15:03:31,399 Building dataset
2019-01-18 15:03:31,399 Subsample: 21 points with scale 1.0 subsample=20
2019-01-18 15:03:31,421 Built Data Sampler
2019-01-18 15:03:31,421 Creating a fresh model warm_start?=None
2019-01-18 15:03:31,421 	 Warmstarting? None None 21
2019-01-18 15:03:31,421 Embedding() torch.Size([21, 10])
2019-01-18 15:03:31,422 relative No Rescale
2019-01-18 15:03:31,422 Constructed model with dim=0 and epochs=0 isnan=False
2019-01-18 15:03:31,422 SGD (
Parameter Group 0
    dampening: 0
    initial_lr: 0.1
    lr: 1.0
    momentum: 0.0
    nesterov: False
    weight_decay: 0

Parameter Group 1
    dampening: 0
    initial_lr: 0.1
    lr: 1.0
    momentum: 0.0
    nesterov: False
    weight_decay: 0

Parameter Group 2
    dampening: 0
    initial_lr: 0.1
    lr: 1.0
    momentum: 0.0
    nesterov: False
    weight_decay: 0

Parameter Group 3
    dampening: 0
    initial_lr: 0.0001
    lr: 0.001
    momentum: 0.0
    nesterov: False
    weight_decay: 0
)
2019-01-18 15:03:31,422 *** Initial Checkpoint. Computing Stats
2019-01-18 15:03:31,422 	 Computing Major Stats lazily... 
2019-01-18 15:03:31,424 		 Completed edges=420 good=420 bad=0
2019-01-18 15:03:31,428 Distortion avg=0.9983845246390051 wc=15.547923280240417 me=0.005941110731069004 mc=2617.0061431329063 nan_elements=0
2019-01-18 15:03:31,428 MAP = 0.14934019589583128
2019-01-18 15:03:31,428 scale=[array([1.])]
2019-01-18 15:03:31,428 *** End Initial Checkpoint

2019-01-18 15:03:31,486 1 loss=0.9967729427495023
2019-01-18 15:03:31,487 2 loss=0.9402642331788771
2019-01-18 15:03:31,488 3 loss=0.887751641464707
2019-01-18 15:03:31,489 4 loss=0.8403948734791905
2019-01-18 15:03:31,490 5 loss=0.7977921373575217
2019-01-18 15:03:31,490 6 loss=0.7594412106192604
2019-01-18 15:03:31,491 7 loss=0.7248608610375581
2019-01-18 15:03:31,492 8 loss=0.6936149073320866
2019-01-18 15:03:31,493 9 loss=0.6653157228400285
2019-01-18 15:03:31,493 10 loss=0.6396217857067061
2019-01-18 15:03:31,494 
*** Major Checkpoint. Computing Stats and Saving
2019-01-18 15:03:31,494 	 Computing Major Stats lazily... 
2019-01-18 15:03:31,495 		 Completed edges=420 good=420 bad=0
2019-01-18 15:03:31,499 Distortion avg=0.7595655698419053 wc=21.268128549873296 me=1.0089395207210736 mc=21.079686257778157 nan_elements=0
2019-01-18 15:03:31,499 MAP = 0.09519750933948191
2019-01-18 15:03:31,499 scale=[array([1.])]
2019-01-18 15:03:31,499 *** End Major Checkpoint

2019-01-18 15:03:31,500 11 loss=0.6162334189147495
2019-01-18 15:03:31,501 12 loss=0.5948881554166521
2019-01-18 15:03:31,502 13 loss=0.5753562719616968
2019-01-18 15:03:31,503 14 loss=0.5574366945566991
2019-01-18 15:03:31,504 15 loss=0.5409533361255046
2019-01-18 15:03:31,505 16 loss=0.5257518649114928
2019-01-18 15:03:31,506 17 loss=0.5116968755237752
2019-01-18 15:03:31,506 18 loss=0.4986694243232229
2019-01-18 15:03:31,507 19 loss=0.486564888485171
2019-01-18 15:03:31,508 20 loss=0.47529110943966907
2019-01-18 15:03:31,508 
*** Major Checkpoint. Computing Stats and Saving
2019-01-18 15:03:31,508 	 Computing Major Stats lazily... 
2019-01-18 15:03:31,510 		 Completed edges=420 good=420 bad=0
2019-01-18 15:03:31,513 Distortion avg=0.6471049785577638 wc=17.287407621676497 me=1.3828392207218339 mc=12.501386540549936 nan_elements=0
2019-01-18 15:03:31,513 MAP = 0.09258891350471404
2019-01-18 15:03:31,513 scale=[array([1.])]
2019-01-18 15:03:31,513 *** End Major Checkpoint

2019-01-18 15:03:31,514 21 loss=0.46476678442314356
2019-01-18 15:03:31,515 22 loss=0.45492007353159825
2019-01-18 15:03:31,516 23 loss=0.44568739341190416
2019-01-18 15:03:31,516 24 loss=0.4370123722998861
2019-01-18 15:03:31,517 25 loss=0.4288449443907395
2019-01-18 15:03:31,518 26 loss=0.42114056446474624
2019-01-18 15:03:31,519 27 loss=0.41385952628615064
2019-01-18 15:03:31,519 28 loss=0.4069663705631599
2019-01-18 15:03:31,520 29 loss=0.4004293702298453
2019-01-18 15:03:31,521 30 loss=0.3942200825173261
2019-01-18 15:03:31,521 
*** Major Checkpoint. Computing Stats and Saving
2019-01-18 15:03:31,522 	 Computing Major Stats lazily... 
2019-01-18 15:03:31,524 		 Completed edges=420 good=420 bad=0
2019-01-18 15:03:31,527 Distortion avg=0.5921391153075896 wc=14.509082408380957 me=1.5284750250682404 mc=9.492521742534317 nan_elements=0
2019-01-18 15:03:31,527 MAP = 0.11103346928064972
2019-01-18 15:03:31,527 scale=[array([1.])]
2019-01-18 15:03:31,527 *** End Major Checkpoint

2019-01-18 15:03:31,528 31 loss=0.38831295875320165
2019-01-18 15:03:31,529 32 loss=0.3826850040943375
2019-01-18 15:03:31,530 33 loss=0.37731548048587965
2019-01-18 15:03:31,531 34 loss=0.3721856470730233
2019-01-18 15:03:31,532 35 loss=0.36727853309302766
2019-01-18 15:03:31,532 36 loss=0.36257873896198045
2019-01-18 15:03:31,533 37 loss=0.35807226186012003
2019-01-18 15:03:31,534 38 loss=0.3537463426251819
2019-01-18 15:03:31,535 39 loss=0.34958933119729324
2019-01-18 15:03:31,535 40 loss=0.3455905682317835
2019-01-18 15:03:31,536 
*** Major Checkpoint. Computing Stats and Saving
2019-01-18 15:03:31,536 	 Computing Major Stats lazily... 
2019-01-18 15:03:31,537 		 Completed edges=420 good=420 bad=0
2019-01-18 15:03:31,541 Distortion avg=0.5481775743029644 wc=13.618851589659329 me=1.6393674345296627 mc=8.307382044322846 nan_elements=0
2019-01-18 15:03:31,541 MAP = 0.15586019146068167
2019-01-18 15:03:31,541 scale=[array([1.])]
2019-01-18 15:03:31,541 *** End Major Checkpoint

2019-01-18 15:03:31,542 41 loss=0.3417402808167334
2019-01-18 15:03:31,543 42 loss=0.33802949050776443
2019-01-18 15:03:31,543 43 loss=0.3344499321299026
2019-01-18 15:03:31,544 44 loss=0.33099398200087615
2019-01-18 15:03:31,545 45 loss=0.32765459440661565
2019-01-18 15:03:31,546 46 loss=0.32442524531203565
2019-01-18 15:03:31,547 47 loss=0.3212998824218038
2019-01-18 15:03:31,547 48 loss=0.31827288081967625
2019-01-18 15:03:31,548 49 loss=0.3153390035135746
2019-01-18 15:03:31,549 50 loss=0.31249336629904517
2019-01-18 15:03:31,549 
*** Major Checkpoint. Computing Stats and Saving
2019-01-18 15:03:31,549 	 Computing Major Stats lazily... 
2019-01-18 15:03:31,551 		 Completed edges=420 good=420 bad=0
2019-01-18 15:03:31,554 Distortion avg=0.5138906475179373 wc=13.12493125443571 me=1.6800684597278523 mc=7.812140736551751 nan_elements=0
2019-01-18 15:03:31,554 MAP = 0.19767968895733162
2019-01-18 15:03:31,555 scale=[array([1.])]
2019-01-18 15:03:31,555 *** End Major Checkpoint

2019-01-18 15:03:31,555 final loss=0.31249336629904517
2019-01-18 15:03:31,555 best loss=0.31249336629904517, distortion=0.5138906475179373, map=0.19767968895733162, wc_dist=13.12493125443571
2019-01-18 15:03:31,555 	 Computing Major Stats lazily... 
2019-01-18 15:03:31,557 		 Completed edges=420 good=420 bad=0
2019-01-18 15:03:31,560 Distortion avg=0.5138906475179374 wc=13.12493125443571 me=1.6800684597278523 mc=7.812140736551751 nan_elements=0
2019-01-18 15:03:31,560 MAP = 0.1976796889573316
2019-01-18 15:03:31,560 scale=[array([1.])]
