2019-01-18 15:03:37,646 Commandline ['pytorch/pytorch_hyperbolic.py', 'learn', 'data/edges/parsing/ewt/ewt_dev/717.edges', '--dim', '0', '--hyp', '0', '--edim', '10', '--euc', '1', '--sdim', '0', '--sph', '0', '--log-name', 'ewt_devr2/717.edges.E10-1.lr1.log', '--batch-size', '65536', '--epochs', '50', '--checkpoint-freq', '10', '-g', '--subsample', '1024', '--learning-rate', '1']
2019-01-18 15:03:37,646 No Model Save selected!
2019-01-18 15:03:37,648 Loaded Graph data/edges/parsing/ewt/ewt_dev/717.edges with 12 nodes scale=1.0
2019-01-18 15:03:37,648 Building dataset
2019-01-18 15:03:37,648 Subsample: 12 points with scale 1.0 subsample=11
2019-01-18 15:03:37,659 Built Data Sampler
2019-01-18 15:03:37,659 Creating a fresh model warm_start?=None
2019-01-18 15:03:37,659 	 Warmstarting? None None 12
2019-01-18 15:03:37,659 Embedding() torch.Size([12, 10])
2019-01-18 15:03:37,660 relative No Rescale
2019-01-18 15:03:37,660 Constructed model with dim=0 and epochs=0 isnan=False
2019-01-18 15:03:37,660 SGD (
Parameter Group 0
    dampening: 0
    initial_lr: 0.1
    lr: 1.0
    momentum: 0.0
    nesterov: False
    weight_decay: 0

Parameter Group 1
    dampening: 0
    initial_lr: 0.1
    lr: 1.0
    momentum: 0.0
    nesterov: False
    weight_decay: 0

Parameter Group 2
    dampening: 0
    initial_lr: 0.1
    lr: 1.0
    momentum: 0.0
    nesterov: False
    weight_decay: 0

Parameter Group 3
    dampening: 0
    initial_lr: 0.0001
    lr: 0.001
    momentum: 0.0
    nesterov: False
    weight_decay: 0
)
2019-01-18 15:03:37,660 *** Initial Checkpoint. Computing Stats
2019-01-18 15:03:37,660 	 Computing Major Stats lazily... 
2019-01-18 15:03:37,661 		 Completed edges=132 good=132 bad=0
2019-01-18 15:03:37,663 Distortion avg=0.9978564520730898 wc=9.334518094379145 me=0.005628252251848828 mc=1658.5109687137503 nan_elements=0
2019-01-18 15:03:37,663 MAP = 0.2549385221260221
2019-01-18 15:03:37,664 scale=[array([1.])]
2019-01-18 15:03:37,664 *** End Initial Checkpoint

2019-01-18 15:03:37,726 1 loss=0.9957188763487786
2019-01-18 15:03:37,726 2 loss=0.8208169086743667
2019-01-18 15:03:37,727 3 loss=0.6889359497667161
2019-01-18 15:03:37,728 4 loss=0.5921890612028445
2019-01-18 15:03:37,728 5 loss=0.5196334849012254
2019-01-18 15:03:37,729 6 loss=0.4637554428872552
2019-01-18 15:03:37,729 7 loss=0.4195860071596872
2019-01-18 15:03:37,730 8 loss=0.3838315532968046
2019-01-18 15:03:37,730 9 loss=0.35427868260242357
2019-01-18 15:03:37,731 10 loss=0.3294114523148772
2019-01-18 15:03:37,731 
*** Major Checkpoint. Computing Stats and Saving
2019-01-18 15:03:37,731 	 Computing Major Stats lazily... 
2019-01-18 15:03:37,732 		 Completed edges=132 good=132 bad=0
2019-01-18 15:03:37,734 Distortion avg=0.5144272640431398 wc=8.421987517926672 me=1.338827177894643 mc=6.290571073684483 nan_elements=0
2019-01-18 15:03:37,734 MAP = 0.19171451619368285
2019-01-18 15:03:37,734 scale=[array([1.])]
2019-01-18 15:03:37,734 *** End Major Checkpoint

2019-01-18 15:03:37,735 11 loss=0.30816876690178585
2019-01-18 15:03:37,735 12 loss=0.2897905176049576
2019-01-18 15:03:37,736 13 loss=0.2737192687618295
2019-01-18 15:03:37,736 14 loss=0.25953671926880284
2019-01-18 15:03:37,737 15 loss=0.24692206881610865
2019-01-18 15:03:37,738 16 loss=0.23562431271669787
2019-01-18 15:03:37,738 17 loss=0.22544349535815347
2019-01-18 15:03:37,739 18 loss=0.21621779923940607
2019-01-18 15:03:37,739 19 loss=0.20781448704979533
2019-01-18 15:03:37,740 20 loss=0.20012342415584305
2019-01-18 15:03:37,740 
*** Major Checkpoint. Computing Stats and Saving
2019-01-18 15:03:37,740 	 Computing Major Stats lazily... 
2019-01-18 15:03:37,741 		 Completed edges=132 good=132 bad=0
2019-01-18 15:03:37,743 Distortion avg=0.40386126331378686 wc=5.879193550448537 me=1.4717101776353652 mc=3.9948038953530847 nan_elements=0
2019-01-18 15:03:37,743 MAP = 0.3823743386243386
2019-01-18 15:03:37,743 scale=[array([1.])]
2019-01-18 15:03:37,743 *** End Major Checkpoint

2019-01-18 15:03:37,744 21 loss=0.19305235502209933
2019-01-18 15:03:37,744 22 loss=0.18652339043663313
2019-01-18 15:03:37,745 23 loss=0.18047034429138403
2019-01-18 15:03:37,745 24 loss=0.1748366766667683
2019-01-18 15:03:37,746 25 loss=0.16957387733103044
2019-01-18 15:03:37,747 26 loss=0.1646401750090123
2019-01-18 15:03:37,747 27 loss=0.1599994920690839
2019-01-18 15:03:37,748 28 loss=0.15562058746637947
2019-01-18 15:03:37,748 29 loss=0.15147634662862963
2019-01-18 15:03:37,749 30 loss=0.1475431879229359
2019-01-18 15:03:37,749 
*** Major Checkpoint. Computing Stats and Saving
2019-01-18 15:03:37,749 	 Computing Major Stats lazily... 
2019-01-18 15:03:37,750 		 Completed edges=132 good=132 bad=0
2019-01-18 15:03:37,752 Distortion avg=0.3328765396802672 wc=4.8147741750240325 me=1.5356990034833402 mc=3.1352329877814267 nan_elements=0
2019-01-18 15:03:37,752 MAP = 0.7078373015873017
2019-01-18 15:03:37,752 scale=[array([1.])]
2019-01-18 15:03:37,752 *** End Major Checkpoint

2019-01-18 15:03:37,753 31 loss=0.14380056300022276
2019-01-18 15:03:37,753 32 loss=0.14023053373772898
2019-01-18 15:03:37,754 33 loss=0.1368174123940932
2019-01-18 15:03:37,754 34 loss=0.13354745442982197
2019-01-18 15:03:37,755 35 loss=0.13040859554835882
2019-01-18 15:03:37,755 36 loss=0.1273902260976283
2019-01-18 15:03:37,756 37 loss=0.12448299718820911
2019-01-18 15:03:37,756 38 loss=0.12167865383519952
2019-01-18 15:03:37,757 39 loss=0.11896989118776734
2019-01-18 15:03:37,757 40 loss=0.11635023052310052
2019-01-18 15:03:37,758 
*** Major Checkpoint. Computing Stats and Saving
2019-01-18 15:03:37,758 	 Computing Major Stats lazily... 
2019-01-18 15:03:37,758 		 Completed edges=132 good=132 bad=0
2019-01-18 15:03:37,760 Distortion avg=0.29150785775514815 wc=3.964619304080763 me=1.506563673393026 mc=2.6315643833040236 nan_elements=0
2019-01-18 15:03:37,760 MAP = 0.9559027777777778
2019-01-18 15:03:37,761 scale=[array([1.])]
2019-01-18 15:03:37,761 *** End Major Checkpoint

2019-01-18 15:03:37,761 41 loss=0.11381391218490511
2019-01-18 15:03:37,762 42 loss=0.11135580306543662
2019-01-18 15:03:37,763 43 loss=0.10897131658198089
2019-01-18 15:03:37,763 44 loss=0.10665634339656847
2019-01-18 15:03:37,764 45 loss=0.10440719138106214
2019-01-18 15:03:37,765 46 loss=0.10222053354587576
2019-01-18 15:03:37,765 47 loss=0.10009336283517271
2019-01-18 15:03:37,766 48 loss=0.09802295284907223
2019-01-18 15:03:37,766 49 loss=0.09600682368800023
2019-01-18 15:03:37,767 50 loss=0.09404271222910844
2019-01-18 15:03:37,767 
*** Major Checkpoint. Computing Stats and Saving
2019-01-18 15:03:37,767 	 Computing Major Stats lazily... 
2019-01-18 15:03:37,768 		 Completed edges=132 good=132 bad=0
2019-01-18 15:03:37,770 Distortion avg=0.2605982630270671 wc=3.3501396761995927 me=1.449567626323393 mc=2.311130309040297 nan_elements=0
2019-01-18 15:03:37,770 MAP = 0.986111111111111
2019-01-18 15:03:37,770 scale=[array([1.])]
2019-01-18 15:03:37,770 *** End Major Checkpoint

2019-01-18 15:03:37,770 final loss=0.09404271222910844
2019-01-18 15:03:37,770 best loss=0.09404271222910844, distortion=0.2605982630270671, map=0.986111111111111, wc_dist=3.3501396761995927
2019-01-18 15:03:37,770 	 Computing Major Stats lazily... 
2019-01-18 15:03:37,771 		 Completed edges=132 good=132 bad=0
2019-01-18 15:03:37,773 Distortion avg=0.2605982630270673 wc=3.3501396761995927 me=1.449567626323393 mc=2.311130309040297 nan_elements=0
2019-01-18 15:03:37,773 MAP = 0.986111111111111
2019-01-18 15:03:37,773 scale=[array([1.])]
