2019-01-18 15:00:04,900 Commandline ['pytorch/pytorch_hyperbolic.py', 'learn', 'data/edges/parsing/ewt/ewt_dev/72.edges', '--dim', '0', '--hyp', '0', '--edim', '10', '--euc', '1', '--sdim', '0', '--sph', '0', '--log-name', 'ewt_devr2/72.edges.E10-1.lr1.log', '--batch-size', '65536', '--epochs', '50', '--checkpoint-freq', '10', '-g', '--subsample', '1024', '--learning-rate', '1']
2019-01-18 15:00:04,900 No Model Save selected!
2019-01-18 15:00:04,902 Loaded Graph data/edges/parsing/ewt/ewt_dev/72.edges with 31 nodes scale=1.0
2019-01-18 15:00:04,902 Building dataset
2019-01-18 15:00:04,903 Subsample: 31 points with scale 1.0 subsample=30
2019-01-18 15:00:04,943 Built Data Sampler
2019-01-18 15:00:04,944 Creating a fresh model warm_start?=None
2019-01-18 15:00:04,944 	 Warmstarting? None None 31
2019-01-18 15:00:04,944 Embedding() torch.Size([31, 10])
2019-01-18 15:00:04,944 relative No Rescale
2019-01-18 15:00:04,945 Constructed model with dim=0 and epochs=0 isnan=False
2019-01-18 15:00:04,945 SGD (
Parameter Group 0
    dampening: 0
    initial_lr: 0.1
    lr: 1.0
    momentum: 0.0
    nesterov: False
    weight_decay: 0

Parameter Group 1
    dampening: 0
    initial_lr: 0.1
    lr: 1.0
    momentum: 0.0
    nesterov: False
    weight_decay: 0

Parameter Group 2
    dampening: 0
    initial_lr: 0.1
    lr: 1.0
    momentum: 0.0
    nesterov: False
    weight_decay: 0

Parameter Group 3
    dampening: 0
    initial_lr: 0.0001
    lr: 0.001
    momentum: 0.0
    nesterov: False
    weight_decay: 0
)
2019-01-18 15:00:04,945 *** Initial Checkpoint. Computing Stats
2019-01-18 15:00:04,945 	 Computing Major Stats lazily... 
2019-01-18 15:00:04,949 		 Completed edges=930 good=930 bad=0
2019-01-18 15:00:04,954 Distortion avg=0.9986607309954237 wc=25.636240351058294 me=0.007048654353541345 mc=3637.04035766462 nan_elements=0
2019-01-18 15:00:04,954 MAP = 0.1333301051734061
2019-01-18 15:00:04,954 scale=[array([1.])]
2019-01-18 15:00:04,954 *** End Initial Checkpoint

2019-01-18 15:00:05,011 1 loss=0.9973243712844033
2019-01-18 15:00:05,013 2 loss=0.9714923775207145
2019-01-18 15:00:05,014 3 loss=0.9461194850331739
2019-01-18 15:00:05,015 4 loss=0.9218640293171697
2019-01-18 15:00:05,016 5 loss=0.8987771930211504
2019-01-18 15:00:05,017 6 loss=0.8768329391220688
2019-01-18 15:00:05,018 7 loss=0.855984486386419
2019-01-18 15:00:05,019 8 loss=0.8361785596755179
2019-01-18 15:00:05,020 9 loss=0.8173604720155865
2019-01-18 15:00:05,021 10 loss=0.7994762866550598
2019-01-18 15:00:05,021 
*** Major Checkpoint. Computing Stats and Saving
2019-01-18 15:00:05,021 	 Computing Major Stats lazily... 
2019-01-18 15:00:05,025 		 Completed edges=930 good=930 bad=0
2019-01-18 15:00:05,030 Distortion avg=0.87720750053943 wc=39.28759237637263 me=0.6499650506656118 mc=60.44569986669168 nan_elements=0
2019-01-18 15:00:05,030 MAP = 0.06053742117128297
2019-01-18 15:00:05,030 scale=[array([1.])]
2019-01-18 15:00:05,030 *** End Major Checkpoint

2019-01-18 15:00:05,031 11 loss=0.7824738205983335
2019-01-18 15:00:05,032 12 loss=0.766303118448555
2019-01-18 15:00:05,033 13 loss=0.7509166596457275
2019-01-18 15:00:05,034 14 loss=0.7362694225014015
2019-01-18 15:00:05,035 15 loss=0.7223188680978778
2019-01-18 15:00:05,036 16 loss=0.7090248784783273
2019-01-18 15:00:05,037 17 loss=0.6963496689008295
2019-01-18 15:00:05,038 18 loss=0.6842576859642925
2019-01-18 15:00:05,040 19 loss=0.6727154988640375
2019-01-18 15:00:05,041 20 loss=0.6616916883262869
2019-01-18 15:00:05,041 
*** Major Checkpoint. Computing Stats and Saving
2019-01-18 15:00:05,042 	 Computing Major Stats lazily... 
2019-01-18 15:00:05,045 		 Completed edges=930 good=930 bad=0
2019-01-18 15:00:05,050 Distortion avg=0.7840543153610986 wc=35.47240135614769 me=1.103756031826285 mc=32.13790034511044 nan_elements=0
2019-01-18 15:00:05,050 MAP = 0.05957638804012065
2019-01-18 15:00:05,050 scale=[array([1.])]
2019-01-18 15:00:05,050 *** End Major Checkpoint

2019-01-18 15:00:05,051 21 loss=0.6511567361026012
2019-01-18 15:00:05,052 22 loss=0.641082916848537
2019-01-18 15:00:05,053 23 loss=0.6314441935258807
2019-01-18 15:00:05,054 24 loss=0.6222161170157987
2019-01-18 15:00:05,056 25 loss=0.6133757303278822
2019-01-18 15:00:05,057 26 loss=0.6049014775860395
2019-01-18 15:00:05,058 27 loss=0.5967731178339681
2019-01-18 15:00:05,059 28 loss=0.5889716436095285
2019-01-18 15:00:05,060 29 loss=0.5814792041748125
2019-01-18 15:00:05,061 30 loss=0.5742790332477046
2019-01-18 15:00:05,061 
*** Major Checkpoint. Computing Stats and Saving
2019-01-18 15:00:05,061 	 Computing Major Stats lazily... 
2019-01-18 15:00:05,064 		 Completed edges=930 good=930 bad=0
2019-01-18 15:00:05,069 Distortion avg=0.7260972757866232 wc=31.928355093665925 me=1.4065062886067063 mc=22.700470913140634 nan_elements=0
2019-01-18 15:00:05,069 MAP = 0.059861225538210536
2019-01-18 15:00:05,069 scale=[array([1.])]
2019-01-18 15:00:05,069 *** End Major Checkpoint

2019-01-18 15:00:05,070 31 loss=0.5673553810548875
2019-01-18 15:00:05,071 32 loss=0.5606934505110885
2019-01-18 15:00:05,072 33 loss=0.5542793373217988
2019-01-18 15:00:05,074 34 loss=0.5480999738044922
2019-01-18 15:00:05,075 35 loss=0.5421430762249649
2019-01-18 15:00:05,076 36 loss=0.5363970954496177
2019-01-18 15:00:05,077 37 loss=0.5308511707205352
2019-01-18 15:00:05,078 38 loss=0.5254950863674122
2019-01-18 15:00:05,079 39 loss=0.5203192312783385
2019-01-18 15:00:05,080 40 loss=0.515314560959831
2019-01-18 15:00:05,080 
*** Major Checkpoint. Computing Stats and Saving
2019-01-18 15:00:05,080 	 Computing Major Stats lazily... 
2019-01-18 15:00:05,084 		 Completed edges=930 good=930 bad=0
2019-01-18 15:00:05,088 Distortion avg=0.6905663215894831 wc=28.804537705489142 me=1.6030786562900101 mc=17.968262251180622 nan_elements=0
2019-01-18 15:00:05,088 MAP = 0.06199375661855451
2019-01-18 15:00:05,089 scale=[array([1.])]
2019-01-18 15:00:05,089 *** End Major Checkpoint

2019-01-18 15:00:05,090 41 loss=0.5104725620250488
2019-01-18 15:00:05,091 42 loss=0.5057852189577001
2019-01-18 15:00:05,092 43 loss=0.5012449830075962
2019-01-18 15:00:05,093 44 loss=0.4968447430820443
2019-01-18 15:00:05,094 45 loss=0.4925777985052556
2019-01-18 15:00:05,095 46 loss=0.4884378335256086
2019-01-18 15:00:05,096 47 loss=0.48441889345793937
2019-01-18 15:00:05,097 48 loss=0.480515362355024
2019-01-18 15:00:05,098 49 loss=0.47672194210904506
2019-01-18 15:00:05,099 50 loss=0.4730336328901154
2019-01-18 15:00:05,099 
*** Major Checkpoint. Computing Stats and Saving
2019-01-18 15:00:05,099 	 Computing Major Stats lazily... 
2019-01-18 15:00:05,103 		 Completed edges=930 good=930 bad=0
2019-01-18 15:00:05,107 Distortion avg=0.6612159630090234 wc=26.063375851961954 me=1.7259143359447686 mc=15.101199004581426 nan_elements=0
2019-01-18 15:00:05,107 MAP = 0.065219271141506
2019-01-18 15:00:05,108 scale=[array([1.])]
2019-01-18 15:00:05,108 *** End Major Checkpoint

2019-01-18 15:00:05,108 final loss=0.4730336328901154
2019-01-18 15:00:05,108 best loss=0.4730336328901154, distortion=0.6612159630090234, map=0.065219271141506, wc_dist=26.063375851961954
2019-01-18 15:00:05,108 	 Computing Major Stats lazily... 
2019-01-18 15:00:05,111 		 Completed edges=930 good=930 bad=0
2019-01-18 15:00:05,116 Distortion avg=0.6612159630090234 wc=26.063375851961954 me=1.7259143359447686 mc=15.101199004581426 nan_elements=0
2019-01-18 15:00:05,116 MAP = 0.06521927114150601
2019-01-18 15:00:05,116 scale=[array([1.])]
