2019-01-18 15:11:15,213 Commandline ['pytorch/pytorch_hyperbolic.py', 'learn', 'data/edges/parsing/ewt/ewt_dev/721.edges', '--dim', '0', '--hyp', '0', '--edim', '10', '--euc', '1', '--sdim', '0', '--sph', '0', '--log-name', 'ewt_devr2/721.edges.E10-1.lr1.log', '--batch-size', '65536', '--epochs', '50', '--checkpoint-freq', '10', '-g', '--subsample', '1024', '--learning-rate', '1']
2019-01-18 15:11:15,214 No Model Save selected!
2019-01-18 15:11:15,215 Loaded Graph data/edges/parsing/ewt/ewt_dev/721.edges with 16 nodes scale=1.0
2019-01-18 15:11:15,215 Building dataset
2019-01-18 15:11:15,216 Subsample: 16 points with scale 1.0 subsample=15
2019-01-18 15:11:15,233 Built Data Sampler
2019-01-18 15:11:15,234 Creating a fresh model warm_start?=None
2019-01-18 15:11:15,234 	 Warmstarting? None None 16
2019-01-18 15:11:15,234 Embedding() torch.Size([16, 10])
2019-01-18 15:11:15,234 relative No Rescale
2019-01-18 15:11:15,235 Constructed model with dim=0 and epochs=0 isnan=False
2019-01-18 15:11:15,235 SGD (
Parameter Group 0
    dampening: 0
    initial_lr: 0.1
    lr: 1.0
    momentum: 0.0
    nesterov: False
    weight_decay: 0

Parameter Group 1
    dampening: 0
    initial_lr: 0.1
    lr: 1.0
    momentum: 0.0
    nesterov: False
    weight_decay: 0

Parameter Group 2
    dampening: 0
    initial_lr: 0.1
    lr: 1.0
    momentum: 0.0
    nesterov: False
    weight_decay: 0

Parameter Group 3
    dampening: 0
    initial_lr: 0.0001
    lr: 0.001
    momentum: 0.0
    nesterov: False
    weight_decay: 0
)
2019-01-18 15:11:15,235 *** Initial Checkpoint. Computing Stats
2019-01-18 15:11:15,235 	 Computing Major Stats lazily... 
2019-01-18 15:11:15,237 		 Completed edges=240 good=240 bad=0
2019-01-18 15:11:15,240 Distortion avg=0.9982658006567621 wc=10.13058974660052 me=0.005446034299169381 mc=1860.1773676206226 nan_elements=0
2019-01-18 15:11:15,240 MAP = 0.19651534229659232
2019-01-18 15:11:15,241 scale=[array([1.])]
2019-01-18 15:11:15,241 *** End Initial Checkpoint

2019-01-18 15:11:15,307 1 loss=0.996536049959906
2019-01-18 15:11:15,308 2 loss=0.9091831454473979
2019-01-18 15:11:15,308 3 loss=0.8324104489311794
2019-01-18 15:11:15,309 4 loss=0.7674052385296743
2019-01-18 15:11:15,309 5 loss=0.712444271992778
2019-01-18 15:11:15,310 6 loss=0.6658353955360886
2019-01-18 15:11:15,311 7 loss=0.6261247183828197
2019-01-18 15:11:15,312 8 loss=0.5921029082988157
2019-01-18 15:11:15,312 9 loss=0.5627760107374851
2019-01-18 15:11:15,313 10 loss=0.5373312169185633
2019-01-18 15:11:15,313 
*** Major Checkpoint. Computing Stats and Saving
2019-01-18 15:11:15,313 	 Computing Major Stats lazily... 
2019-01-18 15:11:15,314 		 Completed edges=240 good=240 bad=0
2019-01-18 15:11:15,317 Distortion avg=0.6744325585533807 wc=17.191021004172637 me=1.2376027829588814 mc=13.89058043572919 nan_elements=0
2019-01-18 15:11:15,317 MAP = 0.11971355901043401
2019-01-18 15:11:15,317 scale=[array([1.])]
2019-01-18 15:11:15,317 *** End Major Checkpoint

2019-01-18 15:11:15,318 11 loss=0.5151051962824985
2019-01-18 15:11:15,319 12 loss=0.49555683699132874
2019-01-18 15:11:15,319 13 loss=0.4782444858846065
2019-01-18 15:11:15,320 14 loss=0.4628072316259137
2019-01-18 15:11:15,321 15 loss=0.44894963955179623
2019-01-18 15:11:15,321 16 loss=0.4364293601059078
2019-01-18 15:11:15,322 17 loss=0.42504709685314174
2019-01-18 15:11:15,322 18 loss=0.41463849648045964
2019-01-18 15:11:15,323 19 loss=0.40506759675119824
2019-01-18 15:11:15,324 20 loss=0.39622153361263523
2019-01-18 15:11:15,324 
*** Major Checkpoint. Computing Stats and Saving
2019-01-18 15:11:15,324 	 Computing Major Stats lazily... 
2019-01-18 15:11:15,325 		 Completed edges=240 good=240 bad=0
2019-01-18 15:11:15,328 Distortion avg=0.591879303939543 wc=13.35912481335415 me=1.5919138329603097 mc=8.391864268502292 nan_elements=0
2019-01-18 15:11:15,328 MAP = 0.13531951266326264
2019-01-18 15:11:15,328 scale=[array([1.])]
2019-01-18 15:11:15,328 *** End Major Checkpoint

2019-01-18 15:11:15,329 21 loss=0.3880062642113213
2019-01-18 15:11:15,329 22 loss=0.3803431088234305
2019-01-18 15:11:15,330 23 loss=0.3731659526915089
2019-01-18 15:11:15,331 24 loss=0.36641897968202347
2019-01-18 15:11:15,332 25 loss=0.36005483470936495
2019-01-18 15:11:15,332 26 loss=0.3540331320575542
2019-01-18 15:11:15,333 27 loss=0.3483192429685916
2019-01-18 15:11:15,334 28 loss=0.34288330890801594
2019-01-18 15:11:15,334 29 loss=0.3376994373837339
2019-01-18 15:11:15,335 30 loss=0.3327450455894552
2019-01-18 15:11:15,335 
*** Major Checkpoint. Computing Stats and Saving
2019-01-18 15:11:15,335 	 Computing Major Stats lazily... 
2019-01-18 15:11:15,336 		 Completed edges=240 good=240 bad=0
2019-01-18 15:11:15,339 Distortion avg=0.5383544120517312 wc=10.536095677356046 me=1.6324297755185868 mc=6.454241300523303 nan_elements=0
2019-01-18 15:11:15,339 MAP = 0.20053493959743962
2019-01-18 15:11:15,339 scale=[array([1.])]
2019-01-18 15:11:15,339 *** End Major Checkpoint

2019-01-18 15:11:15,340 31 loss=0.32800032387903283
2019-01-18 15:11:15,340 32 loss=0.32344779648313576
2019-01-18 15:11:15,341 33 loss=0.31907196122039944
2019-01-18 15:11:15,342 34 loss=0.31485899344419066
2019-01-18 15:11:15,342 35 loss=0.31079650227348193
2019-01-18 15:11:15,343 36 loss=0.30687332941791656
2019-01-18 15:11:15,344 37 loss=0.30307938273145824
2019-01-18 15:11:15,344 38 loss=0.29940549810263034
2019-01-18 15:11:15,345 39 loss=0.2958433244813964
2019-01-18 15:11:15,345 40 loss=0.29238522780842235
2019-01-18 15:11:15,346 
*** Major Checkpoint. Computing Stats and Saving
2019-01-18 15:11:15,346 	 Computing Major Stats lazily... 
2019-01-18 15:11:15,347 		 Completed edges=240 good=240 bad=0
2019-01-18 15:11:15,350 Distortion avg=0.49576536550091393 wc=9.161015635108194 me=1.6870146364210907 mc=5.43031188783447 nan_elements=0
2019-01-18 15:11:15,350 MAP = 0.27487959956709956
2019-01-18 15:11:15,350 scale=[array([1.])]
2019-01-18 15:11:15,350 *** End Major Checkpoint

2019-01-18 15:11:15,351 41 loss=0.2890242103959402
2019-01-18 15:11:15,351 42 loss=0.2857538429460078
2019-01-18 15:11:15,352 43 loss=0.2825682069099334
2019-01-18 15:11:15,353 44 loss=0.27946184531469764
2019-01-18 15:11:15,353 45 loss=0.2764297205265873
2019-01-18 15:11:15,354 46 loss=0.2734671777036277
2019-01-18 15:11:15,355 47 loss=0.270569912918556
2019-01-18 15:11:15,355 48 loss=0.2677339451225657
2019-01-18 15:11:15,356 49 loss=0.26495559127454243
2019-01-18 15:11:15,357 50 loss=0.2622314440872324
2019-01-18 15:11:15,357 
*** Major Checkpoint. Computing Stats and Saving
2019-01-18 15:11:15,357 	 Computing Major Stats lazily... 
2019-01-18 15:11:15,358 		 Completed edges=240 good=240 bad=0
2019-01-18 15:11:15,360 Distortion avg=0.461212526344649 wc=8.220984419049321 me=1.707735271306062 mc=4.813968861088158 nan_elements=0
2019-01-18 15:11:15,360 MAP = 0.33020066738816745
2019-01-18 15:11:15,361 scale=[array([1.])]
2019-01-18 15:11:15,361 *** End Major Checkpoint

2019-01-18 15:11:15,361 final loss=0.2622314440872324
2019-01-18 15:11:15,361 best loss=0.2622314440872324, distortion=0.461212526344649, map=0.33020066738816745, wc_dist=8.220984419049321
2019-01-18 15:11:15,361 	 Computing Major Stats lazily... 
2019-01-18 15:11:15,362 		 Completed edges=240 good=240 bad=0
2019-01-18 15:11:15,365 Distortion avg=0.46121252634464877 wc=8.220984419049321 me=1.707735271306062 mc=4.813968861088158 nan_elements=0
2019-01-18 15:11:15,365 MAP = 0.33020066738816745
2019-01-18 15:11:15,365 scale=[array([1.])]
