2019-01-18 14:46:58,297 Commandline ['pytorch/pytorch_hyperbolic.py', 'learn', 'data/edges/parsing/ewt/ewt_dev/724.edges', '--dim', '0', '--hyp', '0', '--edim', '10', '--euc', '1', '--sdim', '0', '--sph', '0', '--log-name', 'ewt_devr2/724.edges.E10-1.lr1.log', '--batch-size', '65536', '--epochs', '50', '--checkpoint-freq', '10', '-g', '--subsample', '1024', '--learning-rate', '1']
2019-01-18 14:46:58,297 No Model Save selected!
2019-01-18 14:46:58,299 Loaded Graph data/edges/parsing/ewt/ewt_dev/724.edges with 11 nodes scale=1.0
2019-01-18 14:46:58,299 Building dataset
2019-01-18 14:46:58,299 Subsample: 11 points with scale 1.0 subsample=10
2019-01-18 14:46:58,309 Built Data Sampler
2019-01-18 14:46:58,309 Creating a fresh model warm_start?=None
2019-01-18 14:46:58,309 	 Warmstarting? None None 11
2019-01-18 14:46:58,309 Embedding() torch.Size([11, 10])
2019-01-18 14:46:58,309 relative No Rescale
2019-01-18 14:46:58,310 Constructed model with dim=0 and epochs=0 isnan=False
2019-01-18 14:46:58,310 SGD (
Parameter Group 0
    dampening: 0
    initial_lr: 0.1
    lr: 1.0
    momentum: 0.0
    nesterov: False
    weight_decay: 0

Parameter Group 1
    dampening: 0
    initial_lr: 0.1
    lr: 1.0
    momentum: 0.0
    nesterov: False
    weight_decay: 0

Parameter Group 2
    dampening: 0
    initial_lr: 0.1
    lr: 1.0
    momentum: 0.0
    nesterov: False
    weight_decay: 0

Parameter Group 3
    dampening: 0
    initial_lr: 0.0001
    lr: 0.001
    momentum: 0.0
    nesterov: False
    weight_decay: 0
)
2019-01-18 14:46:58,310 *** Initial Checkpoint. Computing Stats
2019-01-18 14:46:58,310 	 Computing Major Stats lazily... 
2019-01-18 14:46:58,311 		 Completed edges=110 good=110 bad=0
2019-01-18 14:46:58,313 Distortion avg=0.9979172545852264 wc=8.83962407693364 me=0.005982886981094694 mc=1477.4847168041017 nan_elements=0
2019-01-18 14:46:58,313 MAP = 0.27979797979797977
2019-01-18 14:46:58,313 scale=[array([1.])]
2019-01-18 14:46:58,313 *** End Initial Checkpoint

2019-01-18 14:46:58,371 1 loss=0.9958404858714716
2019-01-18 14:46:58,372 2 loss=0.8177683027902515
2019-01-18 14:46:58,372 3 loss=0.6851561004043762
2019-01-18 14:46:58,373 4 loss=0.5902613402702738
2019-01-18 14:46:58,374 5 loss=0.5213969731859602
2019-01-18 14:46:58,374 6 loss=0.470337550087028
2019-01-18 14:46:58,375 7 loss=0.43155637564438964
2019-01-18 14:46:58,375 8 loss=0.4013559676151774
2019-01-18 14:46:58,376 9 loss=0.37724562075554485
2019-01-18 14:46:58,376 10 loss=0.3575285984870334
2019-01-18 14:46:58,377 
*** Major Checkpoint. Computing Stats and Saving
2019-01-18 14:46:58,377 	 Computing Major Stats lazily... 
2019-01-18 14:46:58,377 		 Completed edges=110 good=110 bad=0
2019-01-18 14:46:58,380 Distortion avg=0.5406187992325256 wc=8.26123649813201 me=1.350187644265076 mc=6.1185839858790185 nan_elements=0
2019-01-18 14:46:58,380 MAP = 0.20775974025974026
2019-01-18 14:46:58,380 scale=[array([1.])]
2019-01-18 14:46:58,380 *** End Major Checkpoint

2019-01-18 14:46:58,381 11 loss=0.3410336229648931
2019-01-18 14:46:58,381 12 loss=0.32694057382534664
2019-01-18 14:46:58,382 13 loss=0.31466675121208043
2019-01-18 14:46:58,382 14 loss=0.3037920130697485
2019-01-18 14:46:58,383 15 loss=0.294008985066738
2019-01-18 14:46:58,383 16 loss=0.28508957290210846
2019-01-18 14:46:58,384 17 loss=0.2768621788353261
2019-01-18 14:46:58,384 18 loss=0.2691960214085583
2019-01-18 14:46:58,385 19 loss=0.26199021986802284
2019-01-18 14:46:58,385 20 loss=0.2551661087431024
2019-01-18 14:46:58,386 
*** Major Checkpoint. Computing Stats and Saving
2019-01-18 14:46:58,386 	 Computing Major Stats lazily... 
2019-01-18 14:46:58,386 		 Completed edges=110 good=110 bad=0
2019-01-18 14:46:58,388 Distortion avg=0.457927623769357 wc=6.396623786424015 me=1.579630251932541 mc=4.0494437091200925 nan_elements=0
2019-01-18 14:46:58,388 MAP = 0.436984126984127
2019-01-18 14:46:58,388 scale=[array([1.])]
2019-01-18 14:46:58,388 *** End Major Checkpoint

2019-01-18 14:46:58,389 21 loss=0.24866176467554246
2019-01-18 14:46:58,389 22 loss=0.24242806299945316
2019-01-18 14:46:58,390 23 loss=0.23642580168834493
2019-01-18 14:46:58,391 24 loss=0.23062357633790817
2019-01-18 14:46:58,391 25 loss=0.22499618783433994
2019-01-18 14:46:58,392 26 loss=0.2195234308032797
2019-01-18 14:46:58,392 27 loss=0.21418915646509262
2019-01-18 14:46:58,393 28 loss=0.20898053502723116
2019-01-18 14:46:58,393 29 loss=0.2038874647354181
2019-01-18 14:46:58,394 30 loss=0.19890209016636634
2019-01-18 14:46:58,394 
*** Major Checkpoint. Computing Stats and Saving
2019-01-18 14:46:58,394 	 Computing Major Stats lazily... 
2019-01-18 14:46:58,394 		 Completed edges=110 good=110 bad=0
2019-01-18 14:46:58,396 Distortion avg=0.39178225904734293 wc=5.232359802497712 me=1.5929339001311495 mc=3.2847312760855427 nan_elements=0
2019-01-18 14:46:58,396 MAP = 0.65995670995671
2019-01-18 14:46:58,397 scale=[array([1.])]
2019-01-18 14:46:58,397 *** End Major Checkpoint

2019-01-18 14:46:58,397 31 loss=0.1940184032696349
2019-01-18 14:46:58,398 32 loss=0.18923190840267695
2019-01-18 14:46:58,398 33 loss=0.1845393380740284
2019-01-18 14:46:58,399 34 loss=0.17993840995652002
2019-01-18 14:46:58,399 35 loss=0.17542761840916796
2019-01-18 14:46:58,400 36 loss=0.17100605557969165
2019-01-18 14:46:58,400 37 loss=0.16667325838859823
2019-01-18 14:46:58,401 38 loss=0.1624290784977846
2019-01-18 14:46:58,401 39 loss=0.15827357287398763
2019-01-18 14:46:58,402 40 loss=0.15420691286872193
2019-01-18 14:46:58,402 
*** Major Checkpoint. Computing Stats and Saving
2019-01-18 14:46:58,402 	 Computing Major Stats lazily... 
2019-01-18 14:46:58,403 		 Completed edges=110 good=110 bad=0
2019-01-18 14:46:58,404 Distortion avg=0.33707026631558773 wc=4.0526856323950655 me=1.510699243055988 mc=2.68265549944733 nan_elements=0
2019-01-18 14:46:58,405 MAP = 0.9242424242424242
2019-01-18 14:46:58,405 scale=[array([1.])]
2019-01-18 14:46:58,405 *** End Major Checkpoint

2019-01-18 14:46:58,405 41 loss=0.1502293099241562
2019-01-18 14:46:58,406 42 loss=0.14634095613088907
2019-01-18 14:46:58,406 43 loss=0.14254197794499202
2019-01-18 14:46:58,407 44 loss=0.1388324014417421
2019-01-18 14:46:58,407 45 loss=0.135212127556428
2019-01-18 14:46:58,408 46 loss=0.13168091584575145
2019-01-18 14:46:58,408 47 loss=0.12823837539905006
2019-01-18 14:46:58,409 48 loss=0.12488396163599952
2019-01-18 14:46:58,409 49 loss=0.12161697784390034
2019-01-18 14:46:58,410 50 loss=0.11843658042951882
2019-01-18 14:46:58,410 
*** Major Checkpoint. Computing Stats and Saving
2019-01-18 14:46:58,410 	 Computing Major Stats lazily... 
2019-01-18 14:46:58,411 		 Completed edges=110 good=110 bad=0
2019-01-18 14:46:58,413 Distortion avg=0.29453697892794617 wc=3.2123780221417304 me=1.4074479208948494 mc=2.282413419673329 nan_elements=0
2019-01-18 14:46:58,413 MAP = 1.0
2019-01-18 14:46:58,413 scale=[array([1.])]
2019-01-18 14:46:58,413 *** End Major Checkpoint

2019-01-18 14:46:58,413 final loss=0.11843658042951882
2019-01-18 14:46:58,413 best loss=0.11843658042951882, distortion=0.29453697892794617, map=1.0, wc_dist=3.2123780221417304
2019-01-18 14:46:58,413 	 Computing Major Stats lazily... 
2019-01-18 14:46:58,414 		 Completed edges=110 good=110 bad=0
2019-01-18 14:46:58,416 Distortion avg=0.294536978927946 wc=3.2123780221417304 me=1.4074479208948494 mc=2.282413419673329 nan_elements=0
2019-01-18 14:46:58,416 MAP = 1.0
2019-01-18 14:46:58,416 scale=[array([1.])]
