2019-01-18 14:40:28,185 Commandline ['pytorch/pytorch_hyperbolic.py', 'learn', 'data/edges/parsing/ewt/ewt_dev/726.edges', '--dim', '0', '--hyp', '0', '--edim', '10', '--euc', '1', '--sdim', '0', '--sph', '0', '--log-name', 'ewt_devr2/726.edges.E10-1.lr1.log', '--batch-size', '65536', '--epochs', '50', '-g', '--subsample', '1024', '--learning-rate', '1']
2019-01-18 14:40:28,185 No Model Save selected!
2019-01-18 14:40:28,187 Loaded Graph data/edges/parsing/ewt/ewt_dev/726.edges with 17 nodes scale=1.0
2019-01-18 14:40:28,187 Building dataset
2019-01-18 14:40:28,188 Subsample: 17 points with scale 1.0 subsample=16
2019-01-18 14:40:28,205 Built Data Sampler
2019-01-18 14:40:28,205 Creating a fresh model warm_start?=None
2019-01-18 14:40:28,205 	 Warmstarting? None None 17
2019-01-18 14:40:28,205 Embedding() torch.Size([17, 10])
2019-01-18 14:40:28,205 relative No Rescale
2019-01-18 14:40:28,206 Constructed model with dim=0 and epochs=0 isnan=False
2019-01-18 14:40:28,206 SGD (
Parameter Group 0
    dampening: 0
    initial_lr: 0.1
    lr: 1.0
    momentum: 0.0
    nesterov: False
    weight_decay: 0

Parameter Group 1
    dampening: 0
    initial_lr: 0.1
    lr: 1.0
    momentum: 0.0
    nesterov: False
    weight_decay: 0

Parameter Group 2
    dampening: 0
    initial_lr: 0.1
    lr: 1.0
    momentum: 0.0
    nesterov: False
    weight_decay: 0

Parameter Group 3
    dampening: 0
    initial_lr: 0.0001
    lr: 0.001
    momentum: 0.0
    nesterov: False
    weight_decay: 0
)
2019-01-18 14:40:28,206 *** Initial Checkpoint. Computing Stats
2019-01-18 14:40:28,206 	 Computing Major Stats lazily... 
2019-01-18 14:40:28,208 		 Completed edges=272 good=272 bad=0
2019-01-18 14:40:28,211 Distortion avg=0.9983143414453512 wc=12.905837063285935 me=0.005628252251848828 mc=2293.0452449153267 nan_elements=0
2019-01-18 14:40:28,211 MAP = 0.19587046939988118
2019-01-18 14:40:28,211 scale=[array([1.])]
2019-01-18 14:40:28,211 *** End Initial Checkpoint

2019-01-18 14:40:28,271 1 loss=0.9966329284476233
2019-01-18 14:40:28,272 2 loss=0.9198159645741992
2019-01-18 14:40:28,273 3 loss=0.8510615338620082
2019-01-18 14:40:28,274 4 loss=0.7914015647626028
2019-01-18 14:40:28,275 5 loss=0.7397807935343068
2019-01-18 14:40:28,276 6 loss=0.6950647111113692
2019-01-18 14:40:28,276 7 loss=0.6562269823977684
2019-01-18 14:40:28,277 8 loss=0.6223777272461163
2019-01-18 14:40:28,278 9 loss=0.5927579443353167
2019-01-18 14:40:28,278 10 loss=0.5667252302340687
2019-01-18 14:40:28,279 11 loss=0.5437379941502635
2019-01-18 14:40:28,280 12 loss=0.5233405394271408
2019-01-18 14:40:28,281 13 loss=0.505149768266047
2019-01-18 14:40:28,282 14 loss=0.48884365980473443
2019-01-18 14:40:28,282 15 loss=0.47415143532449117
2019-01-18 14:40:28,283 16 loss=0.4608452380417892
2019-01-18 14:40:28,284 17 loss=0.448733132895102
2019-01-18 14:40:28,284 18 loss=0.43765323747580565
2019-01-18 14:40:28,285 19 loss=0.42746881231718
2019-01-18 14:40:28,286 20 loss=0.4180641594877277
2019-01-18 14:40:28,286 21 loss=0.40934119926417
2019-01-18 14:40:28,287 22 loss=0.40121661399262437
2019-01-18 14:40:28,288 23 loss=0.39361946546721766
2019-01-18 14:40:28,288 24 loss=0.3864892071298554
2019-01-18 14:40:28,289 25 loss=0.3797740252205668
2019-01-18 14:40:28,290 26 loss=0.37342945388395316
2019-01-18 14:40:28,290 27 loss=0.36741721839746033
2019-01-18 14:40:28,291 28 loss=0.36170426836559116
2019-01-18 14:40:28,291 29 loss=0.3562619691388932
2019-01-18 14:40:28,293 30 loss=0.3510654250629036
2019-01-18 14:40:28,294 31 loss=0.34609291261076464
2019-01-18 14:40:28,294 32 loss=0.3413254051506054
2019-01-18 14:40:28,295 33 loss=0.3367461741696766
2019-01-18 14:40:28,296 34 loss=0.33234045432681353
2019-01-18 14:40:28,297 35 loss=0.32809516182133075
2019-01-18 14:40:28,297 36 loss=0.3239986573236195
2019-01-18 14:40:28,298 37 loss=0.32004054617193434
2019-01-18 14:40:28,299 38 loss=0.31621150975211737
2019-01-18 14:40:28,300 39 loss=0.3125031629846373
2019-01-18 14:40:28,301 40 loss=0.3089079336813817
2019-01-18 14:40:28,302 41 loss=0.305418960232136
2019-01-18 14:40:28,302 42 loss=0.30203000466164215
2019-01-18 14:40:28,303 43 loss=0.29873537858240307
2019-01-18 14:40:28,304 44 loss=0.29552987997240293
2019-01-18 14:40:28,304 45 loss=0.29240873904424847
2019-01-18 14:40:28,305 46 loss=0.28936757175412814
2019-01-18 14:40:28,306 47 loss=0.2864023397347426
2019-01-18 14:40:28,306 48 loss=0.283509315633692
2019-01-18 14:40:28,307 49 loss=0.28068505300408203
2019-01-18 14:40:28,307 50 loss=0.2779263600326485
2019-01-18 14:40:28,308 final loss=0.2779263600326485
2019-01-18 14:40:28,308 best loss=10000000000.0, distortion=10000000000.0, map=0.0, wc_dist=10000000000.0
2019-01-18 14:40:28,308 	 Computing Major Stats lazily... 
2019-01-18 14:40:28,309 		 Completed edges=272 good=272 bad=0
2019-01-18 14:40:28,312 Distortion avg=0.47424687821878325 wc=10.99688388198874 me=1.797600152766814 mc=6.117536130080238 nan_elements=0
2019-01-18 14:40:28,312 MAP = 0.3834442110177404
2019-01-18 14:40:28,312 scale=[array([1.])]
2019-01-18 14:52:47,763 Commandline ['pytorch/pytorch_hyperbolic.py', 'learn', 'data/edges/parsing/ewt/ewt_dev/726.edges', '--dim', '0', '--hyp', '0', '--edim', '10', '--euc', '1', '--sdim', '0', '--sph', '0', '--log-name', 'ewt_devr2/726.edges.E10-1.lr1.log', '--batch-size', '65536', '--epochs', '50', '--checkpoint-freq', '10', '-g', '--subsample', '1024', '--learning-rate', '1']
2019-01-18 14:52:47,765 No Model Save selected!
2019-01-18 14:52:47,766 Loaded Graph data/edges/parsing/ewt/ewt_dev/726.edges with 17 nodes scale=1.0
2019-01-18 14:52:47,766 Building dataset
2019-01-18 14:52:47,766 Subsample: 17 points with scale 1.0 subsample=16
2019-01-18 14:52:47,783 Built Data Sampler
2019-01-18 14:52:47,783 Creating a fresh model warm_start?=None
2019-01-18 14:52:47,783 	 Warmstarting? None None 17
2019-01-18 14:52:47,784 Embedding() torch.Size([17, 10])
2019-01-18 14:52:47,784 relative No Rescale
2019-01-18 14:52:47,784 Constructed model with dim=0 and epochs=0 isnan=False
2019-01-18 14:52:47,784 SGD (
Parameter Group 0
    dampening: 0
    initial_lr: 0.1
    lr: 1.0
    momentum: 0.0
    nesterov: False
    weight_decay: 0

Parameter Group 1
    dampening: 0
    initial_lr: 0.1
    lr: 1.0
    momentum: 0.0
    nesterov: False
    weight_decay: 0

Parameter Group 2
    dampening: 0
    initial_lr: 0.1
    lr: 1.0
    momentum: 0.0
    nesterov: False
    weight_decay: 0

Parameter Group 3
    dampening: 0
    initial_lr: 0.0001
    lr: 0.001
    momentum: 0.0
    nesterov: False
    weight_decay: 0
)
2019-01-18 14:52:47,784 *** Initial Checkpoint. Computing Stats
2019-01-18 14:52:47,784 	 Computing Major Stats lazily... 
2019-01-18 14:52:47,786 		 Completed edges=272 good=272 bad=0
2019-01-18 14:52:47,789 Distortion avg=0.9983143414453512 wc=12.905837063285935 me=0.005628252251848828 mc=2293.0452449153267 nan_elements=0
2019-01-18 14:52:47,789 MAP = 0.19587046939988118
2019-01-18 14:52:47,789 scale=[array([1.])]
2019-01-18 14:52:47,789 *** End Initial Checkpoint

2019-01-18 14:52:47,847 1 loss=0.9966329284476233
2019-01-18 14:52:47,848 2 loss=0.9198159645741992
2019-01-18 14:52:47,849 3 loss=0.8510615338620082
2019-01-18 14:52:47,849 4 loss=0.7914015647626028
2019-01-18 14:52:47,850 5 loss=0.7397807935343068
2019-01-18 14:52:47,850 6 loss=0.6950647111113692
2019-01-18 14:52:47,851 7 loss=0.6562269823977684
2019-01-18 14:52:47,852 8 loss=0.6223777272461163
2019-01-18 14:52:47,852 9 loss=0.5927579443353167
2019-01-18 14:52:47,853 10 loss=0.5667252302340687
2019-01-18 14:52:47,853 
*** Major Checkpoint. Computing Stats and Saving
2019-01-18 14:52:47,853 	 Computing Major Stats lazily... 
2019-01-18 14:52:47,854 		 Completed edges=272 good=272 bad=0
2019-01-18 14:52:47,857 Distortion avg=0.6980172354933187 wc=20.230557317119835 me=1.1693748554666927 mc=17.30031839024442 nan_elements=0
2019-01-18 14:52:47,857 MAP = 0.11048019246548657
2019-01-18 14:52:47,857 scale=[array([1.])]
2019-01-18 14:52:47,857 *** End Major Checkpoint

2019-01-18 14:52:47,858 11 loss=0.5437379941502635
2019-01-18 14:52:47,859 12 loss=0.5233405394271408
2019-01-18 14:52:47,859 13 loss=0.505149768266047
2019-01-18 14:52:47,860 14 loss=0.48884365980473443
2019-01-18 14:52:47,860 15 loss=0.47415143532449106
2019-01-18 14:52:47,861 16 loss=0.4608452380417891
2019-01-18 14:52:47,862 17 loss=0.4487331328951021
2019-01-18 14:52:47,862 18 loss=0.43765323747580576
2019-01-18 14:52:47,863 19 loss=0.4274688123171799
2019-01-18 14:52:47,864 20 loss=0.4180641594877277
2019-01-18 14:52:47,864 
*** Major Checkpoint. Computing Stats and Saving
2019-01-18 14:52:47,864 	 Computing Major Stats lazily... 
2019-01-18 14:52:47,865 		 Completed edges=272 good=272 bad=0
2019-01-18 14:52:47,868 Distortion avg=0.6064924537812584 wc=15.943963533676426 me=1.5076599219385025 mc=10.57530501518948 nan_elements=0
2019-01-18 14:52:47,868 MAP = 0.12868650956886252
2019-01-18 14:52:47,868 scale=[array([1.])]
2019-01-18 14:52:47,868 *** End Major Checkpoint

2019-01-18 14:52:47,869 21 loss=0.40934119926417
2019-01-18 14:52:47,869 22 loss=0.40121661399262437
2019-01-18 14:52:47,870 23 loss=0.39361946546721766
2019-01-18 14:52:47,871 24 loss=0.38648920712985546
2019-01-18 14:52:47,871 25 loss=0.3797740252205668
2019-01-18 14:52:47,872 26 loss=0.37342945388395304
2019-01-18 14:52:47,873 27 loss=0.3674172183974604
2019-01-18 14:52:47,873 28 loss=0.36170426836559116
2019-01-18 14:52:47,874 29 loss=0.3562619691388932
2019-01-18 14:52:47,875 30 loss=0.35106542506290356
2019-01-18 14:52:47,875 
*** Major Checkpoint. Computing Stats and Saving
2019-01-18 14:52:47,875 	 Computing Major Stats lazily... 
2019-01-18 14:52:47,876 		 Completed edges=272 good=272 bad=0
2019-01-18 14:52:47,879 Distortion avg=0.5544550990951262 wc=13.706427267018409 me=1.6738441776030561 mc=8.188592134451849 nan_elements=0
2019-01-18 14:52:47,879 MAP = 0.16959141076788134
2019-01-18 14:52:47,879 scale=[array([1.])]
2019-01-18 14:52:47,879 *** End Major Checkpoint

2019-01-18 14:52:47,880 31 loss=0.3460929126107647
2019-01-18 14:52:47,880 32 loss=0.3413254051506054
2019-01-18 14:52:47,881 33 loss=0.3367461741696766
2019-01-18 14:52:47,881 34 loss=0.33234045432681353
2019-01-18 14:52:47,882 35 loss=0.32809516182133075
2019-01-18 14:52:47,883 36 loss=0.32399865732361954
2019-01-18 14:52:47,883 37 loss=0.32004054617193434
2019-01-18 14:52:47,884 38 loss=0.31621150975211737
2019-01-18 14:52:47,885 39 loss=0.31250316298463726
2019-01-18 14:52:47,885 40 loss=0.30890793368138164
2019-01-18 14:52:47,885 
*** Major Checkpoint. Computing Stats and Saving
2019-01-18 14:52:47,885 	 Computing Major Stats lazily... 
2019-01-18 14:52:47,887 		 Completed edges=272 good=272 bad=0
2019-01-18 14:52:47,889 Distortion avg=0.5109836830571581 wc=12.243187073609295 me=1.7690535245074432 mc=6.920755592750174 nan_elements=0
2019-01-18 14:52:47,889 MAP = 0.24580056381526968
2019-01-18 14:52:47,889 scale=[array([1.])]
2019-01-18 14:52:47,890 *** End Major Checkpoint

2019-01-18 14:52:47,890 41 loss=0.305418960232136
2019-01-18 14:52:47,891 42 loss=0.30203000466164215
2019-01-18 14:52:47,892 43 loss=0.29873537858240307
2019-01-18 14:52:47,893 44 loss=0.295529879972403
2019-01-18 14:52:47,893 45 loss=0.29240873904424847
2019-01-18 14:52:47,894 46 loss=0.28936757175412814
2019-01-18 14:52:47,895 47 loss=0.2864023397347426
2019-01-18 14:52:47,895 48 loss=0.283509315633692
2019-01-18 14:52:47,896 49 loss=0.2806850530040821
2019-01-18 14:52:47,896 50 loss=0.2779263600326485
2019-01-18 14:52:47,896 
*** Major Checkpoint. Computing Stats and Saving
2019-01-18 14:52:47,897 	 Computing Major Stats lazily... 
2019-01-18 14:52:47,898 		 Completed edges=272 good=272 bad=0
2019-01-18 14:52:47,900 Distortion avg=0.47424687821878303 wc=10.99688388198874 me=1.797600152766814 mc=6.117536130080238 nan_elements=0
2019-01-18 14:52:47,900 MAP = 0.3834442110177405
2019-01-18 14:52:47,900 scale=[array([1.])]
2019-01-18 14:52:47,901 *** End Major Checkpoint

2019-01-18 14:52:47,901 final loss=0.2779263600326485
2019-01-18 14:52:47,901 best loss=0.2779263600326485, distortion=0.47424687821878303, map=0.3834442110177405, wc_dist=10.99688388198874
2019-01-18 14:52:47,901 	 Computing Major Stats lazily... 
2019-01-18 14:52:47,902 		 Completed edges=272 good=272 bad=0
2019-01-18 14:52:47,904 Distortion avg=0.47424687821878353 wc=10.99688388198874 me=1.797600152766814 mc=6.117536130080238 nan_elements=0
2019-01-18 14:52:47,905 MAP = 0.38344421101774046
2019-01-18 14:52:47,905 scale=[array([1.])]
