2019-01-18 14:49:06,384 Commandline ['pytorch/pytorch_hyperbolic.py', 'learn', 'data/edges/parsing/ewt/ewt_dev/728.edges', '--dim', '0', '--hyp', '0', '--edim', '10', '--euc', '1', '--sdim', '0', '--sph', '0', '--log-name', 'ewt_devr2/728.edges.E10-1.lr1.log', '--batch-size', '65536', '--epochs', '50', '--checkpoint-freq', '10', '-g', '--subsample', '1024', '--learning-rate', '1']
2019-01-18 14:49:06,384 No Model Save selected!
2019-01-18 14:49:06,386 Loaded Graph data/edges/parsing/ewt/ewt_dev/728.edges with 17 nodes scale=1.0
2019-01-18 14:49:06,386 Building dataset
2019-01-18 14:49:06,386 Subsample: 17 points with scale 1.0 subsample=16
2019-01-18 14:49:06,403 Built Data Sampler
2019-01-18 14:49:06,403 Creating a fresh model warm_start?=None
2019-01-18 14:49:06,403 	 Warmstarting? None None 17
2019-01-18 14:49:06,404 Embedding() torch.Size([17, 10])
2019-01-18 14:49:06,404 relative No Rescale
2019-01-18 14:49:06,404 Constructed model with dim=0 and epochs=0 isnan=False
2019-01-18 14:49:06,404 SGD (
Parameter Group 0
    dampening: 0
    initial_lr: 0.1
    lr: 1.0
    momentum: 0.0
    nesterov: False
    weight_decay: 0

Parameter Group 1
    dampening: 0
    initial_lr: 0.1
    lr: 1.0
    momentum: 0.0
    nesterov: False
    weight_decay: 0

Parameter Group 2
    dampening: 0
    initial_lr: 0.1
    lr: 1.0
    momentum: 0.0
    nesterov: False
    weight_decay: 0

Parameter Group 3
    dampening: 0
    initial_lr: 0.0001
    lr: 0.001
    momentum: 0.0
    nesterov: False
    weight_decay: 0
)
2019-01-18 14:49:06,405 *** Initial Checkpoint. Computing Stats
2019-01-18 14:49:06,405 	 Computing Major Stats lazily... 
2019-01-18 14:49:06,406 		 Completed edges=272 good=272 bad=0
2019-01-18 14:49:06,409 Distortion avg=0.9982139372204095 wc=13.566839794351058 me=0.00607253907908975 mc=2234.1296807899134 nan_elements=0
2019-01-18 14:49:06,409 MAP = 0.16263796660855487
2019-01-18 14:49:06,409 scale=[array([1.])]
2019-01-18 14:49:06,410 *** End Initial Checkpoint

2019-01-18 14:49:06,466 1 loss=0.996432561016334
2019-01-18 14:49:06,467 2 loss=0.9099633661322235
2019-01-18 14:49:06,468 3 loss=0.8342342996562749
2019-01-18 14:49:06,468 4 loss=0.7697652579278743
2019-01-18 14:49:06,469 5 loss=0.7148012038915318
2019-01-18 14:49:06,470 6 loss=0.6677161602781426
2019-01-18 14:49:06,470 7 loss=0.6271449299103639
2019-01-18 14:49:06,471 8 loss=0.5919671669607534
2019-01-18 14:49:06,472 9 loss=0.5612700197383274
2019-01-18 14:49:06,472 10 loss=0.534311009953924
2019-01-18 14:49:06,472 
*** Major Checkpoint. Computing Stats and Saving
2019-01-18 14:49:06,472 	 Computing Major Stats lazily... 
2019-01-18 14:49:06,474 		 Completed edges=272 good=272 bad=0
2019-01-18 14:49:06,476 Distortion avg=0.6735607759033677 wc=22.805608256797907 me=1.183326029762023 mc=19.272463956010764 nan_elements=0
2019-01-18 14:49:06,476 MAP = 0.10857748460689635
2019-01-18 14:49:06,477 scale=[array([1.])]
2019-01-18 14:49:06,477 *** End Major Checkpoint

2019-01-18 14:49:06,477 11 loss=0.5104858225551847
2019-01-18 14:49:06,478 12 loss=0.489301604736654
2019-01-18 14:49:06,479 13 loss=0.4703552620432879
2019-01-18 14:49:06,479 14 loss=0.453315980965746
2019-01-18 14:49:06,480 15 loss=0.43791121874487704
2019-01-18 14:49:06,480 16 loss=0.42391549446644616
2019-01-18 14:49:06,481 17 loss=0.4111414251533374
2019-01-18 14:49:06,482 18 loss=0.39943255326569904
2019-01-18 14:49:06,482 19 loss=0.38865760062463617
2019-01-18 14:49:06,483 20 loss=0.3787058572867573
2019-01-18 14:49:06,483 
*** Major Checkpoint. Computing Stats and Saving
2019-01-18 14:49:06,483 	 Computing Major Stats lazily... 
2019-01-18 14:49:06,485 		 Completed edges=272 good=272 bad=0
2019-01-18 14:49:06,488 Distortion avg=0.5759694586660693 wc=17.31692438777183 me=1.4787737750244783 mc=11.710326948072353 nan_elements=0
2019-01-18 14:49:06,488 MAP = 0.12458603488015252
2019-01-18 14:49:06,488 scale=[array([1.])]
2019-01-18 14:49:06,488 *** End Major Checkpoint

2019-01-18 14:49:06,489 21 loss=0.3694834736128176
2019-01-18 14:49:06,490 22 loss=0.3609104716916178
2019-01-18 14:49:06,490 23 loss=0.3529183304471686
2019-01-18 14:49:06,491 24 loss=0.34544802902000604
2019-01-18 14:49:06,492 25 loss=0.33844845694506476
2019-01-18 14:49:06,492 26 loss=0.33187511854618496
2019-01-18 14:49:06,493 27 loss=0.32568907388184415
2019-01-18 14:49:06,494 28 loss=0.3198560703490489
2019-01-18 14:49:06,494 29 loss=0.31434582835039193
2019-01-18 14:49:06,495 30 loss=0.30913145178086915
2019-01-18 14:49:06,495 
*** Major Checkpoint. Computing Stats and Saving
2019-01-18 14:49:06,495 	 Computing Major Stats lazily... 
2019-01-18 14:49:06,496 		 Completed edges=272 good=272 bad=0
2019-01-18 14:49:06,499 Distortion avg=0.5145040859418991 wc=14.4059864171531 me=1.6158009663273145 mc=8.915693651240746 nan_elements=0
2019-01-18 14:49:06,499 MAP = 0.20450354384177918
2019-01-18 14:49:06,499 scale=[array([1.])]
2019-01-18 14:49:06,499 *** End Major Checkpoint

2019-01-18 14:49:06,500 31 loss=0.3041889399117703
2019-01-18 14:49:06,500 32 loss=0.2994967818653865
2019-01-18 14:49:06,501 33 loss=0.29503561854266175
2019-01-18 14:49:06,502 34 loss=0.290787959787208
2019-01-18 14:49:06,502 35 loss=0.2867379469008289
2019-01-18 14:49:06,503 36 loss=0.2828711524914421
2019-01-18 14:49:06,504 37 loss=0.2791744111309978
2019-01-18 14:49:06,504 38 loss=0.2756356755048519
2019-01-18 14:49:06,505 39 loss=0.2722438937049956
2019-01-18 14:49:06,505 40 loss=0.2689889041047615
2019-01-18 14:49:06,506 
*** Major Checkpoint. Computing Stats and Saving
2019-01-18 14:49:06,506 	 Computing Major Stats lazily... 
2019-01-18 14:49:06,507 		 Completed edges=272 good=272 bad=0
2019-01-18 14:49:06,509 Distortion avg=0.4675447581113438 wc=12.759979193266949 me=1.7448830719400208 mc=7.31279900554022 nan_elements=0
2019-01-18 14:49:06,509 MAP = 0.3037826443708797
2019-01-18 14:49:06,510 scale=[array([1.])]
2019-01-18 14:49:06,510 *** End Major Checkpoint

2019-01-18 14:49:06,510 41 loss=0.2658613448894013
2019-01-18 14:49:06,511 42 loss=0.2628525758347105
2019-01-18 14:49:06,512 43 loss=0.259954610348035
2019-01-18 14:49:06,512 44 loss=0.2571600561310636
2019-01-18 14:49:06,513 45 loss=0.25446206310658614
2019-01-18 14:49:06,513 46 loss=0.2518542774836548
2019-01-18 14:49:06,514 47 loss=0.24933080102677962
2019-01-18 14:49:06,515 48 loss=0.24688615475249437
2019-01-18 14:49:06,515 49 loss=0.2445152464069388
2019-01-18 14:49:06,516 50 loss=0.24221334118595225
2019-01-18 14:49:06,516 
*** Major Checkpoint. Computing Stats and Saving
2019-01-18 14:49:06,516 	 Computing Major Stats lazily... 
2019-01-18 14:49:06,517 		 Completed edges=272 good=272 bad=0
2019-01-18 14:49:06,520 Distortion avg=0.43310232667461207 wc=11.168002376736466 me=1.8002309699679349 mc=6.203649733309158 nan_elements=0
2019-01-18 14:49:06,520 MAP = 0.37893194768194777
2019-01-18 14:49:06,520 scale=[array([1.])]
2019-01-18 14:49:06,520 *** End Major Checkpoint

2019-01-18 14:49:06,520 final loss=0.24221334118595225
2019-01-18 14:49:06,520 best loss=0.24221334118595225, distortion=0.43310232667461207, map=0.37893194768194777, wc_dist=11.168002376736466
2019-01-18 14:49:06,521 	 Computing Major Stats lazily... 
2019-01-18 14:49:06,522 		 Completed edges=272 good=272 bad=0
2019-01-18 14:49:06,524 Distortion avg=0.433102326674612 wc=11.168002376736466 me=1.8002309699679349 mc=6.203649733309158 nan_elements=0
2019-01-18 14:49:06,524 MAP = 0.3789319476819477
2019-01-18 14:49:06,525 scale=[array([1.])]
