2019-01-18 14:44:42,900 Commandline ['pytorch/pytorch_hyperbolic.py', 'learn', 'data/edges/parsing/ewt/ewt_dev/729.edges', '--dim', '0', '--hyp', '0', '--edim', '10', '--euc', '1', '--sdim', '0', '--sph', '0', '--log-name', 'ewt_devr2/729.edges.E10-1.lr1.log', '--batch-size', '65536', '--epochs', '50', '--checkpoint-freq', '10', '-g', '--subsample', '1024', '--learning-rate', '1']
2019-01-18 14:44:42,900 No Model Save selected!
2019-01-18 14:44:42,902 Loaded Graph data/edges/parsing/ewt/ewt_dev/729.edges with 13 nodes scale=1.0
2019-01-18 14:44:42,902 Building dataset
2019-01-18 14:44:42,903 Subsample: 13 points with scale 1.0 subsample=12
2019-01-18 14:44:42,914 Built Data Sampler
2019-01-18 14:44:42,914 Creating a fresh model warm_start?=None
2019-01-18 14:44:42,915 	 Warmstarting? None None 13
2019-01-18 14:44:42,915 Embedding() torch.Size([13, 10])
2019-01-18 14:44:42,915 relative No Rescale
2019-01-18 14:44:42,915 Constructed model with dim=0 and epochs=0 isnan=False
2019-01-18 14:44:42,916 SGD (
Parameter Group 0
    dampening: 0
    initial_lr: 0.1
    lr: 1.0
    momentum: 0.0
    nesterov: False
    weight_decay: 0

Parameter Group 1
    dampening: 0
    initial_lr: 0.1
    lr: 1.0
    momentum: 0.0
    nesterov: False
    weight_decay: 0

Parameter Group 2
    dampening: 0
    initial_lr: 0.1
    lr: 1.0
    momentum: 0.0
    nesterov: False
    weight_decay: 0

Parameter Group 3
    dampening: 0
    initial_lr: 0.0001
    lr: 0.001
    momentum: 0.0
    nesterov: False
    weight_decay: 0
)
2019-01-18 14:44:42,916 *** Initial Checkpoint. Computing Stats
2019-01-18 14:44:42,916 	 Computing Major Stats lazily... 
2019-01-18 14:44:42,917 		 Completed edges=156 good=156 bad=0
2019-01-18 14:44:42,919 Distortion avg=0.9979770937564769 wc=7.928233027284859 me=0.005628252251848828 mc=1408.649199168447 nan_elements=0
2019-01-18 14:44:42,919 MAP = 0.21795121545121549
2019-01-18 14:44:42,919 scale=[array([1.])]
2019-01-18 14:44:42,919 *** End Initial Checkpoint

2019-01-18 14:44:42,976 1 loss=0.9959596318841261
2019-01-18 14:44:42,977 2 loss=0.852149788997926
2019-01-18 14:44:42,978 3 loss=0.7369147896831305
2019-01-18 14:44:42,978 4 loss=0.6484771923623122
2019-01-18 14:44:42,979 5 loss=0.5800214422178112
2019-01-18 14:44:42,979 6 loss=0.526201005185934
2019-01-18 14:44:42,980 7 loss=0.4831169129164334
2019-01-18 14:44:42,980 8 loss=0.44797010717799624
2019-01-18 14:44:42,981 9 loss=0.4187552334677194
2019-01-18 14:44:42,982 10 loss=0.39403089274469205
2019-01-18 14:44:42,982 
*** Major Checkpoint. Computing Stats and Saving
2019-01-18 14:44:42,982 	 Computing Major Stats lazily... 
2019-01-18 14:44:42,983 		 Completed edges=156 good=156 bad=0
2019-01-18 14:44:42,985 Distortion avg=0.5686418331827696 wc=9.361046841071655 me=1.4146978930335774 mc=6.61699355542157 nan_elements=0
2019-01-18 14:44:42,985 MAP = 0.1448047323047323
2019-01-18 14:44:42,985 scale=[array([1.])]
2019-01-18 14:44:42,985 *** End Major Checkpoint

2019-01-18 14:44:42,986 11 loss=0.3727548175702963
2019-01-18 14:44:42,986 12 loss=0.3541674823906683
2019-01-18 14:44:42,987 13 loss=0.337710331580571
2019-01-18 14:44:42,987 14 loss=0.32296833911191447
2019-01-18 14:44:42,988 15 loss=0.3096295663372386
2019-01-18 14:44:42,989 16 loss=0.2974565843998691
2019-01-18 14:44:42,989 17 loss=0.28626619427543987
2019-01-18 14:44:42,990 18 loss=0.27591497015964644
2019-01-18 14:44:42,990 19 loss=0.26628890719207005
2019-01-18 14:44:42,991 20 loss=0.25729597501156565
2019-01-18 14:44:42,991 
*** Major Checkpoint. Computing Stats and Saving
2019-01-18 14:44:42,991 	 Computing Major Stats lazily... 
2019-01-18 14:44:42,992 		 Completed edges=156 good=156 bad=0
2019-01-18 14:44:42,994 Distortion avg=0.4721477017122122 wc=6.403379728817997 me=1.5122116959797605 mc=4.234446635905202 nan_elements=0
2019-01-18 14:44:42,994 MAP = 0.24785353535353535
2019-01-18 14:44:42,994 scale=[array([1.])]
2019-01-18 14:44:42,994 *** End Major Checkpoint

2019-01-18 14:44:42,995 21 loss=0.2488607376535831
2019-01-18 14:44:42,995 22 loss=0.24092044873942867
2019-01-18 14:44:42,996 23 loss=0.2334222036538305
2019-01-18 14:44:42,997 24 loss=0.22632085119931447
2019-01-18 14:44:42,997 25 loss=0.21957745218260813
2019-01-18 14:44:42,998 26 loss=0.21315813250811907
2019-01-18 14:44:42,998 27 loss=0.2070332211317054
2019-01-18 14:44:42,999 28 loss=0.20117659382533373
2019-01-18 14:44:43,000 29 loss=0.1955651656920695
2019-01-18 14:44:43,000 30 loss=0.19017849124033617
2019-01-18 14:44:43,000 
*** Major Checkpoint. Computing Stats and Saving
2019-01-18 14:44:43,000 	 Computing Major Stats lazily... 
2019-01-18 14:44:43,001 		 Completed edges=156 good=156 bad=0
2019-01-18 14:44:43,003 Distortion avg=0.39645867340915963 wc=5.321457314135354 me=1.5946491146643826 mc=3.337070999004902 nan_elements=0
2019-01-18 14:44:43,003 MAP = 0.5000976800976801
2019-01-18 14:44:43,003 scale=[array([1.])]
2019-01-18 14:44:43,004 *** End Major Checkpoint

2019-01-18 14:44:43,004 31 loss=0.18499844232195725
2019-01-18 14:44:43,005 32 loss=0.18000894259100678
2019-01-18 14:44:43,005 33 loss=0.17519574322228523
2019-01-18 14:44:43,006 34 loss=0.1705462290604412
2019-01-18 14:44:43,006 35 loss=0.16604924759763898
2019-01-18 14:44:43,007 36 loss=0.16169495551866564
2019-01-18 14:44:43,007 37 loss=0.15747467923859654
2019-01-18 14:44:43,008 38 loss=0.15338078705821467
2019-01-18 14:44:43,009 39 loss=0.14940657140053407
2019-01-18 14:44:43,009 40 loss=0.14554614016068315
2019-01-18 14:44:43,010 
*** Major Checkpoint. Computing Stats and Saving
2019-01-18 14:44:43,010 	 Computing Major Stats lazily... 
2019-01-18 14:44:43,011 		 Completed edges=156 good=156 bad=0
2019-01-18 14:44:43,013 Distortion avg=0.33847265683546357 wc=4.460173993822617 me=1.5971948877319306 mc=2.7925045516243863 nan_elements=0
2019-01-18 14:44:43,013 MAP = 0.835042735042735
2019-01-18 14:44:43,014 scale=[array([1.])]
2019-01-18 14:44:43,014 *** End Major Checkpoint

2019-01-18 14:44:43,014 41 loss=0.14179431657101196
2019-01-18 14:44:43,015 42 loss=0.13814654720708047
2019-01-18 14:44:43,015 43 loss=0.1345988178793934
2019-01-18 14:44:43,016 44 loss=0.131147577202304
2019-01-18 14:44:43,017 45 loss=0.12778966763010868
2019-01-18 14:44:43,017 46 loss=0.1245222637198961
2019-01-18 14:44:43,018 47 loss=0.12134281733540278
2019-01-18 14:44:43,018 48 loss=0.11824900945632025
2019-01-18 14:44:43,019 49 loss=0.11523870821042202
2019-01-18 14:44:43,020 50 loss=0.1123099327062041
2019-01-18 14:44:43,020 
*** Major Checkpoint. Computing Stats and Saving
2019-01-18 14:44:43,020 	 Computing Major Stats lazily... 
2019-01-18 14:44:43,021 		 Completed edges=156 good=156 bad=0
2019-01-18 14:44:43,023 Distortion avg=0.29462005866757995 wc=3.7397500832400885 me=1.5508283535752545 mc=2.4114532563313853 nan_elements=0
2019-01-18 14:44:43,023 MAP = 0.9346153846153845
2019-01-18 14:44:43,023 scale=[array([1.])]
2019-01-18 14:44:43,023 *** End Major Checkpoint

2019-01-18 14:44:43,023 final loss=0.1123099327062041
2019-01-18 14:44:43,023 best loss=0.1123099327062041, distortion=0.29462005866757995, map=0.9346153846153845, wc_dist=3.7397500832400885
2019-01-18 14:44:43,023 	 Computing Major Stats lazily... 
2019-01-18 14:44:43,024 		 Completed edges=156 good=156 bad=0
2019-01-18 14:44:43,026 Distortion avg=0.29462005866757995 wc=3.7397500832400885 me=1.5508283535752545 mc=2.4114532563313853 nan_elements=0
2019-01-18 14:44:43,026 MAP = 0.9346153846153846
2019-01-18 14:44:43,026 scale=[array([1.])]
