2019-01-18 14:59:36,258 Commandline ['pytorch/pytorch_hyperbolic.py', 'learn', 'data/edges/parsing/ewt/ewt_dev/730.edges', '--dim', '0', '--hyp', '0', '--edim', '10', '--euc', '1', '--sdim', '0', '--sph', '0', '--log-name', 'ewt_devr2/730.edges.E10-1.lr1.log', '--batch-size', '65536', '--epochs', '50', '--checkpoint-freq', '10', '-g', '--subsample', '1024', '--learning-rate', '1']
2019-01-18 14:59:36,258 No Model Save selected!
2019-01-18 14:59:36,260 Loaded Graph data/edges/parsing/ewt/ewt_dev/730.edges with 19 nodes scale=1.0
2019-01-18 14:59:36,261 Building dataset
2019-01-18 14:59:36,261 Subsample: 19 points with scale 1.0 subsample=18
2019-01-18 14:59:36,280 Built Data Sampler
2019-01-18 14:59:36,280 Creating a fresh model warm_start?=None
2019-01-18 14:59:36,280 	 Warmstarting? None None 19
2019-01-18 14:59:36,281 Embedding() torch.Size([19, 10])
2019-01-18 14:59:36,281 relative No Rescale
2019-01-18 14:59:36,281 Constructed model with dim=0 and epochs=0 isnan=False
2019-01-18 14:59:36,281 SGD (
Parameter Group 0
    dampening: 0
    initial_lr: 0.1
    lr: 1.0
    momentum: 0.0
    nesterov: False
    weight_decay: 0

Parameter Group 1
    dampening: 0
    initial_lr: 0.1
    lr: 1.0
    momentum: 0.0
    nesterov: False
    weight_decay: 0

Parameter Group 2
    dampening: 0
    initial_lr: 0.1
    lr: 1.0
    momentum: 0.0
    nesterov: False
    weight_decay: 0

Parameter Group 3
    dampening: 0
    initial_lr: 0.0001
    lr: 0.001
    momentum: 0.0
    nesterov: False
    weight_decay: 0
)
2019-01-18 14:59:36,282 *** Initial Checkpoint. Computing Stats
2019-01-18 14:59:36,282 	 Computing Major Stats lazily... 
2019-01-18 14:59:36,283 		 Completed edges=342 good=342 bad=0
2019-01-18 14:59:36,286 Distortion avg=0.9983029850492876 wc=17.31158963167288 me=0.006196519622161948 mc=2793.7601568722084 nan_elements=0
2019-01-18 14:59:36,287 MAP = 0.2034548045693557
2019-01-18 14:59:36,287 scale=[array([1.])]
2019-01-18 14:59:36,287 *** End Initial Checkpoint

2019-01-18 14:59:36,344 1 loss=0.9966102142346646
2019-01-18 14:59:36,345 2 loss=0.9306353815124336
2019-01-18 14:59:36,346 3 loss=0.8698097197760978
2019-01-18 14:59:36,347 4 loss=0.8157627671656079
2019-01-18 14:59:36,347 5 loss=0.7679502384091208
2019-01-18 14:59:36,348 6 loss=0.7256551845569618
2019-01-18 14:59:36,349 7 loss=0.6881879415668511
2019-01-18 14:59:36,349 8 loss=0.6549263344011057
2019-01-18 14:59:36,350 9 loss=0.6253219725233057
2019-01-18 14:59:36,351 10 loss=0.5988966417921657
2019-01-18 14:59:36,351 
*** Major Checkpoint. Computing Stats and Saving
2019-01-18 14:59:36,351 	 Computing Major Stats lazily... 
2019-01-18 14:59:36,352 		 Completed edges=342 good=342 bad=0
2019-01-18 14:59:36,355 Distortion avg=0.7258522495000952 wc=22.417912505207223 me=0.956214707873817 mc=23.444433891896914 nan_elements=0
2019-01-18 14:59:36,355 MAP = 0.0986304888781669
2019-01-18 14:59:36,355 scale=[array([1.])]
2019-01-18 14:59:36,355 *** End Major Checkpoint

2019-01-18 14:59:36,356 11 loss=0.5752356304100078
2019-01-18 14:59:36,357 12 loss=0.5539803808714213
2019-01-18 14:59:36,358 13 loss=0.5348213867506983
2019-01-18 14:59:36,358 14 loss=0.5174916843229815
2019-01-18 14:59:36,359 15 loss=0.5017610480183174
2019-01-18 14:59:36,360 16 loss=0.4874308920269912
2019-01-18 14:59:36,360 17 loss=0.47432983360640346
2019-01-18 14:59:36,361 18 loss=0.46230985512452244
2019-01-18 14:59:36,362 19 loss=0.45124299706716514
2019-01-18 14:59:36,362 20 loss=0.44101851606302706
2019-01-18 14:59:36,362 
*** Major Checkpoint. Computing Stats and Saving
2019-01-18 14:59:36,362 	 Computing Major Stats lazily... 
2019-01-18 14:59:36,364 		 Completed edges=342 good=342 bad=0
2019-01-18 14:59:36,367 Distortion avg=0.6235304493903876 wc=18.540366050489865 me=1.3757450344125444 mc=13.47660037777768 nan_elements=0
2019-01-18 14:59:36,367 MAP = 0.10444966969734772
2019-01-18 14:59:36,367 scale=[array([1.])]
2019-01-18 14:59:36,367 *** End Major Checkpoint

2019-01-18 14:59:36,368 21 loss=0.4315404468637085
2019-01-18 14:59:36,368 22 loss=0.4227255133048634
2019-01-18 14:59:36,369 23 loss=0.4145013396077128
2019-01-18 14:59:36,370 24 loss=0.4068049194692676
2019-01-18 14:59:36,370 25 loss=0.39958130600288255
2019-01-18 14:59:36,371 26 loss=0.39278249063664067
2019-01-18 14:59:36,372 27 loss=0.38636644353988236
2019-01-18 14:59:36,372 28 loss=0.3802962920522895
2019-01-18 14:59:36,373 29 loss=0.37453961697912863
2019-01-18 14:59:36,374 30 loss=0.3690678495422763
2019-01-18 14:59:36,374 
*** Major Checkpoint. Computing Stats and Saving
2019-01-18 14:59:36,374 	 Computing Major Stats lazily... 
2019-01-18 14:59:36,375 		 Completed edges=342 good=342 bad=0
2019-01-18 14:59:36,378 Distortion avg=0.5714161461091191 wc=15.712408377958488 me=1.585720663097686 mc=9.908686153628402 nan_elements=0
2019-01-18 14:59:36,378 MAP = 0.12421260542003576
2019-01-18 14:59:36,379 scale=[array([1.])]
2019-01-18 14:59:36,379 *** End Major Checkpoint

2019-01-18 14:59:36,379 31 loss=0.3638557542926273
2019-01-18 14:59:36,380 32 loss=0.35888098544644564
2019-01-18 14:59:36,381 33 loss=0.3541237059533062
2019-01-18 14:59:36,382 34 loss=0.34956626017899023
2019-01-18 14:59:36,383 35 loss=0.3451928924307597
2019-01-18 14:59:36,384 36 loss=0.34098950469791695
2019-01-18 14:59:36,384 37 loss=0.3369434479562171
2019-01-18 14:59:36,385 38 loss=0.3330433422154159
2019-01-18 14:59:36,386 39 loss=0.32927892119640284
2019-01-18 14:59:36,387 40 loss=0.3256408981263424
2019-01-18 14:59:36,387 
*** Major Checkpoint. Computing Stats and Saving
2019-01-18 14:59:36,387 	 Computing Major Stats lazily... 
2019-01-18 14:59:36,388 		 Completed edges=342 good=342 bad=0
2019-01-18 14:59:36,391 Distortion avg=0.5291295106137326 wc=13.489900681647992 me=1.6895337155698775 mc=7.984392709853598 nan_elements=0
2019-01-18 14:59:36,391 MAP = 0.1616306423194968
2019-01-18 14:59:36,391 scale=[array([1.])]
2019-01-18 14:59:36,391 *** End Major Checkpoint

2019-01-18 14:59:36,392 41 loss=0.32212084965269866
2019-01-18 14:59:36,393 42 loss=0.318711115313374
2019-01-18 14:59:36,393 43 loss=0.3154047103718131
2019-01-18 14:59:36,394 44 loss=0.3121952501425677
2019-01-18 14:59:36,395 45 loss=0.3090768842026968
2019-01-18 14:59:36,395 46 loss=0.3060442391145196
2019-01-18 14:59:36,396 47 loss=0.3030923684816125
2019-01-18 14:59:36,397 48 loss=0.30021670932757216
2019-01-18 14:59:36,397 49 loss=0.2974130439302689
2019-01-18 14:59:36,398 50 loss=0.2946774663667223
2019-01-18 14:59:36,398 
*** Major Checkpoint. Computing Stats and Saving
2019-01-18 14:59:36,398 	 Computing Major Stats lazily... 
2019-01-18 14:59:36,400 		 Completed edges=342 good=342 bad=0
2019-01-18 14:59:36,402 Distortion avg=0.4945191397518558 wc=11.669144308109015 me=1.7307023758265914 mc=6.742432708879699 nan_elements=0
2019-01-18 14:59:36,403 MAP = 0.21472249929293274
2019-01-18 14:59:36,403 scale=[array([1.])]
2019-01-18 14:59:36,403 *** End Major Checkpoint

2019-01-18 14:59:36,403 final loss=0.2946774663667223
2019-01-18 14:59:36,403 best loss=0.2946774663667223, distortion=0.4945191397518558, map=0.21472249929293274, wc_dist=11.669144308109015
2019-01-18 14:59:36,403 	 Computing Major Stats lazily... 
2019-01-18 14:59:36,404 		 Completed edges=342 good=342 bad=0
2019-01-18 14:59:36,407 Distortion avg=0.4945191397518563 wc=11.669144308109015 me=1.7307023758265914 mc=6.742432708879699 nan_elements=0
2019-01-18 14:59:36,407 MAP = 0.21472249929293274
2019-01-18 14:59:36,408 scale=[array([1.])]
