2019-01-18 14:58:57,827 Commandline ['pytorch/pytorch_hyperbolic.py', 'learn', 'data/edges/parsing/ewt/ewt_dev/740.edges', '--dim', '0', '--hyp', '0', '--edim', '10', '--euc', '1', '--sdim', '0', '--sph', '0', '--log-name', 'ewt_devr2/740.edges.E10-1.lr1.log', '--batch-size', '65536', '--epochs', '50', '--checkpoint-freq', '10', '-g', '--subsample', '1024', '--learning-rate', '1']
2019-01-18 14:58:57,827 No Model Save selected!
2019-01-18 14:58:57,829 Loaded Graph data/edges/parsing/ewt/ewt_dev/740.edges with 16 nodes scale=1.0
2019-01-18 14:58:57,829 Building dataset
2019-01-18 14:58:57,829 Subsample: 16 points with scale 1.0 subsample=15
2019-01-18 14:58:57,845 Built Data Sampler
2019-01-18 14:58:57,846 Creating a fresh model warm_start?=None
2019-01-18 14:58:57,846 	 Warmstarting? None None 16
2019-01-18 14:58:57,846 Embedding() torch.Size([16, 10])
2019-01-18 14:58:57,846 relative No Rescale
2019-01-18 14:58:57,846 Constructed model with dim=0 and epochs=0 isnan=False
2019-01-18 14:58:57,847 SGD (
Parameter Group 0
    dampening: 0
    initial_lr: 0.1
    lr: 1.0
    momentum: 0.0
    nesterov: False
    weight_decay: 0

Parameter Group 1
    dampening: 0
    initial_lr: 0.1
    lr: 1.0
    momentum: 0.0
    nesterov: False
    weight_decay: 0

Parameter Group 2
    dampening: 0
    initial_lr: 0.1
    lr: 1.0
    momentum: 0.0
    nesterov: False
    weight_decay: 0

Parameter Group 3
    dampening: 0
    initial_lr: 0.0001
    lr: 0.001
    momentum: 0.0
    nesterov: False
    weight_decay: 0
)
2019-01-18 14:58:57,847 *** Initial Checkpoint. Computing Stats
2019-01-18 14:58:57,847 	 Computing Major Stats lazily... 
2019-01-18 14:58:57,848 		 Completed edges=240 good=240 bad=0
2019-01-18 14:58:57,851 Distortion avg=0.9981395346929671 wc=9.461886580196946 me=0.005982886981094694 mc=1581.4917798206004 nan_elements=0
2019-01-18 14:58:57,851 MAP = 0.2623429406241906
2019-01-18 14:58:57,851 scale=[array([1.])]
2019-01-18 14:58:57,851 *** End Initial Checkpoint

2019-01-18 14:58:57,908 1 loss=0.9962837820202789
2019-01-18 14:58:57,908 2 loss=0.894815770694342
2019-01-18 14:58:57,909 3 loss=0.8069940980215394
2019-01-18 14:58:57,910 4 loss=0.7338412827106674
2019-01-18 14:58:57,910 5 loss=0.672785810331368
2019-01-18 14:58:57,911 6 loss=0.6214915936154737
2019-01-18 14:58:57,912 7 loss=0.5780502811933446
2019-01-18 14:58:57,912 8 loss=0.5409408065417339
2019-01-18 14:58:57,913 9 loss=0.5089598720367369
2019-01-18 14:58:57,913 10 loss=0.4811570395576049
2019-01-18 14:58:57,913 
*** Major Checkpoint. Computing Stats and Saving
2019-01-18 14:58:57,914 	 Computing Major Stats lazily... 
2019-01-18 14:58:57,915 		 Completed edges=240 good=240 bad=0
2019-01-18 14:58:57,917 Distortion avg=0.6303396846401884 wc=10.587936743182722 me=1.2561806694545121 mc=8.428673518579506 nan_elements=0
2019-01-18 14:58:57,917 MAP = 0.1154448387260887
2019-01-18 14:58:57,917 scale=[array([1.])]
2019-01-18 14:58:57,917 *** End Major Checkpoint

2019-01-18 14:58:57,918 11 loss=0.45678068955811496
2019-01-18 14:58:57,919 12 loss=0.4352347940734017
2019-01-18 14:58:57,919 13 loss=0.41604493107366625
2019-01-18 14:58:57,920 14 loss=0.3988317774730231
2019-01-18 14:58:57,921 15 loss=0.3832905080939972
2019-01-18 14:58:57,921 16 loss=0.3691748023364338
2019-01-18 14:58:57,922 17 loss=0.3562844235958054
2019-01-18 14:58:57,922 18 loss=0.34445556090863605
2019-01-18 14:58:57,923 19 loss=0.33355330412445466
2019-01-18 14:58:57,924 20 loss=0.3234657674551596
2019-01-18 14:58:57,924 
*** Major Checkpoint. Computing Stats and Saving
2019-01-18 14:58:57,924 	 Computing Major Stats lazily... 
2019-01-18 14:58:57,925 		 Completed edges=240 good=240 bad=0
2019-01-18 14:58:57,927 Distortion avg=0.5294893710892339 wc=7.761086061679319 me=1.484010743622971 mc=5.229804497730178 nan_elements=0
2019-01-18 14:58:57,927 MAP = 0.15907495282495282
2019-01-18 14:58:57,928 scale=[array([1.])]
2019-01-18 14:58:57,928 *** End Major Checkpoint

2019-01-18 14:58:57,928 21 loss=0.3140994879882449
2019-01-18 14:58:57,929 22 loss=0.3053758120161486
2019-01-18 14:58:57,930 23 loss=0.29722804832833766
2019-01-18 14:58:57,930 24 loss=0.28959921843526715
2019-01-18 14:58:57,931 25 loss=0.2824402726165531
2019-01-18 14:58:57,931 26 loss=0.27570867049670167
2019-01-18 14:58:57,932 27 loss=0.2693672477017961
2019-01-18 14:58:57,933 28 loss=0.26338330768909723
2019-01-18 14:58:57,933 29 loss=0.2577278913279585
2019-01-18 14:58:57,934 30 loss=0.2523751872040082
2019-01-18 14:58:57,934 
*** Major Checkpoint. Computing Stats and Saving
2019-01-18 14:58:57,934 	 Computing Major Stats lazily... 
2019-01-18 14:58:57,935 		 Completed edges=240 good=240 bad=0
2019-01-18 14:58:57,938 Distortion avg=0.4589741645479007 wc=6.574180046974694 me=1.5572515246253564 mc=4.221655874478151 nan_elements=0
2019-01-18 14:58:57,938 MAP = 0.27111911525974025
2019-01-18 14:58:57,938 scale=[array([1.])]
2019-01-18 14:58:57,938 *** End Major Checkpoint

2019-01-18 14:58:57,939 31 loss=0.24730205364875527
2019-01-18 14:58:57,939 32 loss=0.24248762971825694
2019-01-18 14:58:57,940 33 loss=0.23791301717892016
2019-01-18 14:58:57,941 34 loss=0.23356101932673629
2019-01-18 14:58:57,941 35 loss=0.22941592541267727
2019-01-18 14:58:57,942 36 loss=0.22546333175810804
2019-01-18 14:58:57,942 37 loss=0.22168999246249543
2019-01-18 14:58:57,943 38 loss=0.21808369404074002
2019-01-18 14:58:57,944 39 loss=0.21463314946315842
2019-01-18 14:58:57,944 40 loss=0.2113279079723221
2019-01-18 14:58:57,945 
*** Major Checkpoint. Computing Stats and Saving
2019-01-18 14:58:57,945 	 Computing Major Stats lazily... 
2019-01-18 14:58:57,946 		 Completed edges=240 good=240 bad=0
2019-01-18 14:58:57,948 Distortion avg=0.4115674833111104 wc=5.978185259384304 me=1.592235762221928 mc=3.754585471087451 nan_elements=0
2019-01-18 14:58:57,948 MAP = 0.4083547326516076
2019-01-18 14:58:57,948 scale=[array([1.])]
2019-01-18 14:58:57,948 *** End Major Checkpoint

2019-01-18 14:58:57,949 41 loss=0.2081582777677712
2019-01-18 14:58:57,950 42 loss=0.20511525922104204
2019-01-18 14:58:57,950 43 loss=0.2021904867398371
2019-01-18 14:58:57,951 44 loss=0.19937617776533448
2019-01-18 14:58:57,951 45 loss=0.1966650876792319
2019-01-18 14:58:57,952 46 loss=0.1940504696319061
2019-01-18 14:58:57,953 47 loss=0.19152603849168515
2019-01-18 14:58:57,953 48 loss=0.1890859382669428
2019-01-18 14:58:57,954 49 loss=0.18672471247487962
2019-01-18 14:58:57,954 50 loss=0.1844372770293498
2019-01-18 14:58:57,955 
*** Major Checkpoint. Computing Stats and Saving
2019-01-18 14:58:57,955 	 Computing Major Stats lazily... 
2019-01-18 14:58:57,956 		 Completed edges=240 good=240 bad=0
2019-01-18 14:58:57,958 Distortion avg=0.3810457066626519 wc=5.681062734502641 me=1.6164840408906327 mc=3.5144564318572247 nan_elements=0
2019-01-18 14:58:57,958 MAP = 0.5866244085775335
2019-01-18 14:58:57,958 scale=[array([1.])]
2019-01-18 14:58:57,959 *** End Major Checkpoint

2019-01-18 14:58:57,959 final loss=0.1844372770293498
2019-01-18 14:58:57,959 best loss=0.1844372770293498, distortion=0.3810457066626519, map=0.5866244085775335, wc_dist=5.681062734502641
2019-01-18 14:58:57,959 	 Computing Major Stats lazily... 
2019-01-18 14:58:57,960 		 Completed edges=240 good=240 bad=0
2019-01-18 14:58:57,963 Distortion avg=0.38104570666265203 wc=5.681062734502641 me=1.6164840408906327 mc=3.5144564318572247 nan_elements=0
2019-01-18 14:58:57,963 MAP = 0.5866244085775336
2019-01-18 14:58:57,963 scale=[array([1.])]
