2019-01-18 15:06:27,858 Commandline ['pytorch/pytorch_hyperbolic.py', 'learn', 'data/edges/parsing/ewt/ewt_dev/746.edges', '--dim', '0', '--hyp', '0', '--edim', '10', '--euc', '1', '--sdim', '0', '--sph', '0', '--log-name', 'ewt_devr2/746.edges.E10-1.lr1.log', '--batch-size', '65536', '--epochs', '50', '--checkpoint-freq', '10', '-g', '--subsample', '1024', '--learning-rate', '1']
2019-01-18 15:06:27,858 No Model Save selected!
2019-01-18 15:06:27,859 Loaded Graph data/edges/parsing/ewt/ewt_dev/746.edges with 7 nodes scale=1.0
2019-01-18 15:06:27,859 Building dataset
2019-01-18 15:06:27,860 Subsample: 7 points with scale 1.0 subsample=6
2019-01-18 15:06:27,866 Built Data Sampler
2019-01-18 15:06:27,866 Creating a fresh model warm_start?=None
2019-01-18 15:06:27,866 	 Warmstarting? None None 7
2019-01-18 15:06:27,866 Embedding() torch.Size([7, 10])
2019-01-18 15:06:27,866 relative No Rescale
2019-01-18 15:06:27,867 Constructed model with dim=0 and epochs=0 isnan=False
2019-01-18 15:06:27,867 SGD (
Parameter Group 0
    dampening: 0
    initial_lr: 0.1
    lr: 1.0
    momentum: 0.0
    nesterov: False
    weight_decay: 0

Parameter Group 1
    dampening: 0
    initial_lr: 0.1
    lr: 1.0
    momentum: 0.0
    nesterov: False
    weight_decay: 0

Parameter Group 2
    dampening: 0
    initial_lr: 0.1
    lr: 1.0
    momentum: 0.0
    nesterov: False
    weight_decay: 0

Parameter Group 3
    dampening: 0
    initial_lr: 0.0001
    lr: 0.001
    momentum: 0.0
    nesterov: False
    weight_decay: 0
)
2019-01-18 15:06:27,867 *** Initial Checkpoint. Computing Stats
2019-01-18 15:06:27,867 	 Computing Major Stats lazily... 
2019-01-18 15:06:27,868 		 Completed edges=42 good=42 bad=0
2019-01-18 15:06:27,869 Distortion avg=0.9973945330829815 wc=4.786553604859267 me=0.005628252251848828 mc=850.4511508500582 nan_elements=0
2019-01-18 15:06:27,869 MAP = 0.5753968253968254
2019-01-18 15:06:27,870 scale=[array([1.])]
2019-01-18 15:06:27,870 *** End Initial Checkpoint

2019-01-18 15:06:27,928 1 loss=0.9947977112590028
2019-01-18 15:06:27,928 2 loss=0.6111824558864395
2019-01-18 15:06:27,929 3 loss=0.43252805498319674
2019-01-18 15:06:27,929 4 loss=0.34655937982495627
2019-01-18 15:06:27,930 5 loss=0.29762323142825814
2019-01-18 15:06:27,930 6 loss=0.2647929416029684
2019-01-18 15:06:27,930 7 loss=0.2399478863738513
2019-01-18 15:06:27,931 8 loss=0.2196460878686007
2019-01-18 15:06:27,931 9 loss=0.20224769028964745
2019-01-18 15:06:27,932 10 loss=0.18687308525285684
2019-01-18 15:06:27,932 
*** Major Checkpoint. Computing Stats and Saving
2019-01-18 15:06:27,932 	 Computing Major Stats lazily... 
2019-01-18 15:06:27,932 		 Completed edges=42 good=42 bad=0
2019-01-18 15:06:27,934 Distortion avg=0.3811319744775301 wc=4.508240889608656 me=1.2959509499530564 mc=3.478712593074575 nan_elements=0
2019-01-18 15:06:27,934 MAP = 0.7507936507936508
2019-01-18 15:06:27,934 scale=[array([1.])]
2019-01-18 15:06:27,934 *** End Major Checkpoint

2019-01-18 15:06:27,934 11 loss=0.17300448000214821
2019-01-18 15:06:27,935 12 loss=0.16031991233462048
2019-01-18 15:06:27,935 13 loss=0.14861495614835402
2019-01-18 15:06:27,936 14 loss=0.13775968329926835
2019-01-18 15:06:27,936 15 loss=0.12767147077502353
2019-01-18 15:06:27,937 16 loss=0.1182963640694991
2019-01-18 15:06:27,937 17 loss=0.10959612885219397
2019-01-18 15:06:27,938 18 loss=0.10153962051444389
2019-01-18 15:06:27,938 19 loss=0.09409752475849899
2019-01-18 15:06:27,938 20 loss=0.08723962241684884
2019-01-18 15:06:27,939 
*** Major Checkpoint. Computing Stats and Saving
2019-01-18 15:06:27,939 	 Computing Major Stats lazily... 
2019-01-18 15:06:27,939 		 Completed edges=42 good=42 bad=0
2019-01-18 15:06:27,940 Distortion avg=0.25476261005458095 wc=2.8249441231809698 me=1.2428310644087217 mc=2.272991240788578 nan_elements=0
2019-01-18 15:06:27,940 MAP = 1.0
2019-01-18 15:06:27,940 scale=[array([1.])]
2019-01-18 15:06:27,940 *** End Major Checkpoint

2019-01-18 15:06:27,941 21 loss=0.08093379716116691
2019-01-18 15:06:27,941 22 loss=0.0751461165139669
2019-01-18 15:06:27,942 23 loss=0.06984146783712741
2019-01-18 15:06:27,942 24 loss=0.0649843901381876
2019-01-18 15:06:27,943 25 loss=0.06053988249053016
2019-01-18 15:06:27,943 26 loss=0.05647407689181542
2019-01-18 15:06:27,944 27 loss=0.052754735706974844
2019-01-18 15:06:27,944 28 loss=0.04935157675862477
2019-01-18 15:06:27,944 29 loss=0.046236450518641566
2019-01-18 15:06:27,945 30 loss=0.04338340130790924
2019-01-18 15:06:27,945 
*** Major Checkpoint. Computing Stats and Saving
2019-01-18 15:06:27,945 	 Computing Major Stats lazily... 
2019-01-18 15:06:27,945 		 Completed edges=42 good=42 bad=0
2019-01-18 15:06:27,947 Distortion avg=0.1762991265200211 wc=2.0576683975121264 me=1.1677262527260506 mc=1.7621153868113444 nan_elements=0
2019-01-18 15:06:27,947 MAP = 1.0
2019-01-18 15:06:27,947 scale=[array([1.])]
2019-01-18 15:06:27,947 *** End Major Checkpoint

2019-01-18 15:06:27,947 31 loss=0.040768643921240855
2019-01-18 15:06:27,948 32 loss=0.03837048280210302
2019-01-18 15:06:27,948 33 loss=0.036169195346422815
2019-01-18 15:06:27,949 34 loss=0.034146895502457406
2019-01-18 15:06:27,949 35 loss=0.032287389184208606
2019-01-18 15:06:27,950 36 loss=0.030576029317071787
2019-01-18 15:06:27,950 37 loss=0.028999575545947374
2019-01-18 15:06:27,950 38 loss=0.027546061620279668
2019-01-18 15:06:27,951 39 loss=0.026204672065166138
2019-01-18 15:06:27,951 40 loss=0.024965628801506608
2019-01-18 15:06:27,951 
*** Major Checkpoint. Computing Stats and Saving
2019-01-18 15:06:27,952 	 Computing Major Stats lazily... 
2019-01-18 15:06:27,952 		 Completed edges=42 good=42 bad=0
2019-01-18 15:06:27,953 Distortion avg=0.13270827464945553 wc=1.7615681898296942 me=1.1640231674128294 mc=1.5133446130157142 nan_elements=0
2019-01-18 15:06:27,953 MAP = 1.0
2019-01-18 15:06:27,953 scale=[array([1.])]
2019-01-18 15:06:27,953 *** End Major Checkpoint

2019-01-18 15:06:27,954 41 loss=0.023820087764787126
2019-01-18 15:06:27,954 42 loss=0.02276004519274307
2019-01-18 15:06:27,955 43 loss=0.021778253032999552
2019-01-18 15:06:27,955 44 loss=0.020868142809485336
2019-01-18 15:06:27,956 45 loss=0.02002375724339906
2019-01-18 15:06:27,956 46 loss=0.019239688924935362
2019-01-18 15:06:27,957 47 loss=0.018511025358430615
2019-01-18 15:06:27,957 48 loss=0.01783329974455938
2019-01-18 15:06:27,958 49 loss=0.01720244691125843
2019-01-18 15:06:27,958 50 loss=0.016614763855483
2019-01-18 15:06:27,958 
*** Major Checkpoint. Computing Stats and Saving
2019-01-18 15:06:27,958 	 Computing Major Stats lazily... 
2019-01-18 15:06:27,959 		 Completed edges=42 good=42 bad=0
2019-01-18 15:06:27,960 Distortion avg=0.10809125116652679 wc=1.5934133035167795 me=1.1570899355211404 mc=1.377086823246046 nan_elements=0
2019-01-18 15:06:27,960 MAP = 1.0
2019-01-18 15:06:27,960 scale=[array([1.])]
2019-01-18 15:06:27,960 *** End Major Checkpoint

2019-01-18 15:06:27,960 final loss=0.016614763855483
2019-01-18 15:06:27,960 best loss=0.016614763855483, distortion=0.10809125116652679, map=1.0, wc_dist=1.5934133035167795
2019-01-18 15:06:27,960 	 Computing Major Stats lazily... 
2019-01-18 15:06:27,961 		 Completed edges=42 good=42 bad=0
2019-01-18 15:06:27,962 Distortion avg=0.10809125116652679 wc=1.5934133035167795 me=1.1570899355211404 mc=1.377086823246046 nan_elements=0
2019-01-18 15:06:27,962 MAP = 1.0
2019-01-18 15:06:27,962 scale=[array([1.])]
