2019-01-18 14:54:17,767 Commandline ['pytorch/pytorch_hyperbolic.py', 'learn', 'data/edges/parsing/ewt/ewt_dev/747.edges', '--dim', '0', '--hyp', '0', '--edim', '10', '--euc', '1', '--sdim', '0', '--sph', '0', '--log-name', 'ewt_devr2/747.edges.E10-1.lr1.log', '--batch-size', '65536', '--epochs', '50', '--checkpoint-freq', '10', '-g', '--subsample', '1024', '--learning-rate', '1']
2019-01-18 14:54:17,767 No Model Save selected!
2019-01-18 14:54:17,768 Loaded Graph data/edges/parsing/ewt/ewt_dev/747.edges with 15 nodes scale=1.0
2019-01-18 14:54:17,769 Building dataset
2019-01-18 14:54:17,769 Subsample: 15 points with scale 1.0 subsample=14
2019-01-18 14:54:17,783 Built Data Sampler
2019-01-18 14:54:17,783 Creating a fresh model warm_start?=None
2019-01-18 14:54:17,783 	 Warmstarting? None None 15
2019-01-18 14:54:17,784 Embedding() torch.Size([15, 10])
2019-01-18 14:54:17,784 relative No Rescale
2019-01-18 14:54:17,784 Constructed model with dim=0 and epochs=0 isnan=False
2019-01-18 14:54:17,784 SGD (
Parameter Group 0
    dampening: 0
    initial_lr: 0.1
    lr: 1.0
    momentum: 0.0
    nesterov: False
    weight_decay: 0

Parameter Group 1
    dampening: 0
    initial_lr: 0.1
    lr: 1.0
    momentum: 0.0
    nesterov: False
    weight_decay: 0

Parameter Group 2
    dampening: 0
    initial_lr: 0.1
    lr: 1.0
    momentum: 0.0
    nesterov: False
    weight_decay: 0

Parameter Group 3
    dampening: 0
    initial_lr: 0.0001
    lr: 0.001
    momentum: 0.0
    nesterov: False
    weight_decay: 0
)
2019-01-18 14:54:17,784 *** Initial Checkpoint. Computing Stats
2019-01-18 14:54:17,784 	 Computing Major Stats lazily... 
2019-01-18 14:54:17,786 		 Completed edges=210 good=210 bad=0
2019-01-18 14:54:17,788 Distortion avg=0.9981647559777838 wc=11.090647541033722 me=0.005982886981094694 mc=1853.728405045762 nan_elements=0
2019-01-18 14:54:17,788 MAP = 0.2516942316942317
2019-01-18 14:54:17,789 scale=[array([1.])]
2019-01-18 14:54:17,789 *** End Initial Checkpoint

2019-01-18 14:54:17,847 1 loss=0.9963344859933717
2019-01-18 14:54:17,848 2 loss=0.8975346394243657
2019-01-18 14:54:17,848 3 loss=0.8123429513390474
2019-01-18 14:54:17,849 4 loss=0.7415516056287242
2019-01-18 14:54:17,849 5 loss=0.6827570384795835
2019-01-18 14:54:17,850 6 loss=0.6337037484614745
2019-01-18 14:54:17,851 7 loss=0.5925155001952098
2019-01-18 14:54:17,851 8 loss=0.5576769770371102
2019-01-18 14:54:17,852 9 loss=0.5279767142742828
2019-01-18 14:54:17,852 10 loss=0.5024494954139735
2019-01-18 14:54:17,852 
*** Major Checkpoint. Computing Stats and Saving
2019-01-18 14:54:17,852 	 Computing Major Stats lazily... 
2019-01-18 14:54:17,853 		 Completed edges=210 good=210 bad=0
2019-01-18 14:54:17,856 Distortion avg=0.6462748551534733 wc=16.133037754386134 me=1.2371679167807523 mc=13.040297550203274 nan_elements=0
2019-01-18 14:54:17,856 MAP = 0.12442545109211775
2019-01-18 14:54:17,856 scale=[array([1.])]
2019-01-18 14:54:17,856 *** End Major Checkpoint

2019-01-18 14:54:17,857 11 loss=0.4803266214579378
2019-01-18 14:54:17,857 12 loss=0.4609951655208527
2019-01-18 14:54:17,858 13 loss=0.4439653334113962
2019-01-18 14:54:17,859 14 loss=0.42884459948182446
2019-01-18 14:54:17,859 15 loss=0.4153173203980346
2019-01-18 14:54:17,860 16 loss=0.4031287053517035
2019-01-18 14:54:17,860 17 loss=0.3920722208574445
2019-01-18 14:54:17,861 18 loss=0.3819796910618426
2019-01-18 14:54:17,862 19 loss=0.3727135089688552
2019-01-18 14:54:17,862 20 loss=0.36416049963525593
2019-01-18 14:54:17,862 
*** Major Checkpoint. Computing Stats and Saving
2019-01-18 14:54:17,862 	 Computing Major Stats lazily... 
2019-01-18 14:54:17,863 		 Completed edges=210 good=210 bad=0
2019-01-18 14:54:17,866 Distortion avg=0.5641609677158151 wc=11.573456788844572 me=1.466214524908733 mc=7.893426638618916 nan_elements=0
2019-01-18 14:54:17,866 MAP = 0.15201767368434035
2019-01-18 14:54:17,866 scale=[array([1.])]
2019-01-18 14:54:17,866 *** End Major Checkpoint

2019-01-18 14:54:17,867 21 loss=0.35622707650610674
2019-01-18 14:54:17,867 22 loss=0.3488354108986954
2019-01-18 14:54:17,868 23 loss=0.34192039630244647
2019-01-18 14:54:17,868 24 loss=0.33542723719881384
2019-01-18 14:54:17,869 25 loss=0.32930952945506026
2019-01-18 14:54:17,870 26 loss=0.3235277283666502
2019-01-18 14:54:17,870 27 loss=0.3180479229769658
2019-01-18 14:54:17,871 28 loss=0.3128408528463406
2019-01-18 14:54:17,871 29 loss=0.3078811171064269
2019-01-18 14:54:17,872 30 loss=0.30314653629635246
2019-01-18 14:54:17,872 
*** Major Checkpoint. Computing Stats and Saving
2019-01-18 14:54:17,872 	 Computing Major Stats lazily... 
2019-01-18 14:54:17,873 		 Completed edges=210 good=210 bad=0
2019-01-18 14:54:17,875 Distortion avg=0.507947312536768 wc=9.670824993405505 me=1.5979005019306105 mc=6.052207244268995 nan_elements=0
2019-01-18 14:54:17,875 MAP = 0.22591486291486293
2019-01-18 14:54:17,876 scale=[array([1.])]
2019-01-18 14:54:17,876 *** End Major Checkpoint

2019-01-18 14:54:17,876 31 loss=0.2986176358102683
2019-01-18 14:54:17,877 32 loss=0.2942772263135095
2019-01-18 14:54:17,877 33 loss=0.29011006160916686
2019-01-18 14:54:17,878 34 loss=0.2861025584690856
2019-01-18 14:54:17,879 35 loss=0.28224256612320775
2019-01-18 14:54:17,879 36 loss=0.27851917561451983
2019-01-18 14:54:17,880 37 loss=0.2749225612176613
2019-01-18 14:54:17,880 38 loss=0.27144384769934554
2019-01-18 14:54:17,881 39 loss=0.2680749984552315
2019-01-18 14:54:17,882 40 loss=0.26480872055869764
2019-01-18 14:54:17,882 
*** Major Checkpoint. Computing Stats and Saving
2019-01-18 14:54:17,882 	 Computing Major Stats lazily... 
2019-01-18 14:54:17,883 		 Completed edges=210 good=210 bad=0
2019-01-18 14:54:17,885 Distortion avg=0.46418710454554485 wc=8.306331504021122 me=1.6352490904530315 mc=5.079551214867164 nan_elements=0
2019-01-18 14:54:17,885 MAP = 0.3647907647907648
2019-01-18 14:54:17,885 scale=[array([1.])]
2019-01-18 14:54:17,885 *** End Major Checkpoint

2019-01-18 14:54:17,886 41 loss=0.2616383835552819
2019-01-18 14:54:17,886 42 loss=0.25855794947401617
2019-01-18 14:54:17,887 43 loss=0.2555619120363052
2019-01-18 14:54:17,888 44 loss=0.25264524345019496
2019-01-18 14:54:17,888 45 loss=0.24980334750329405
2019-01-18 14:54:17,889 46 loss=0.24703201792746748
2019-01-18 14:54:17,889 47 loss=0.24432740121561705
2019-01-18 14:54:17,890 48 loss=0.24168596323570557
2019-01-18 14:54:17,891 49 loss=0.23910445911795392
2019-01-18 14:54:17,891 50 loss=0.2365799059944835
2019-01-18 14:54:17,891 
*** Major Checkpoint. Computing Stats and Saving
2019-01-18 14:54:17,891 	 Computing Major Stats lazily... 
2019-01-18 14:54:17,892 		 Completed edges=210 good=210 bad=0
2019-01-18 14:54:17,895 Distortion avg=0.43154425724575346 wc=7.568352613560776 me=1.6172436506018089 mc=4.6797850223399795 nan_elements=0
2019-01-18 14:54:17,895 MAP = 0.5814021164021165
2019-01-18 14:54:17,895 scale=[array([1.])]
2019-01-18 14:54:17,895 *** End Major Checkpoint

2019-01-18 14:54:17,895 final loss=0.2365799059944835
2019-01-18 14:54:17,895 best loss=0.2365799059944835, distortion=0.43154425724575346, map=0.5814021164021165, wc_dist=7.568352613560776
2019-01-18 14:54:17,895 	 Computing Major Stats lazily... 
2019-01-18 14:54:17,896 		 Completed edges=210 good=210 bad=0
2019-01-18 14:54:17,898 Distortion avg=0.4315442572457533 wc=7.568352613560776 me=1.6172436506018089 mc=4.6797850223399795 nan_elements=0
2019-01-18 14:54:17,899 MAP = 0.5814021164021164
2019-01-18 14:54:17,899 scale=[array([1.])]
