2019-01-18 14:49:47,973 Commandline ['pytorch/pytorch_hyperbolic.py', 'learn', 'data/edges/parsing/ewt/ewt_dev/75.edges', '--dim', '0', '--hyp', '0', '--edim', '10', '--euc', '1', '--sdim', '0', '--sph', '0', '--log-name', 'ewt_devr2/75.edges.E10-1.lr1.log', '--batch-size', '65536', '--epochs', '50', '--checkpoint-freq', '10', '-g', '--subsample', '1024', '--learning-rate', '1']
2019-01-18 14:49:47,973 No Model Save selected!
2019-01-18 14:49:47,975 Loaded Graph data/edges/parsing/ewt/ewt_dev/75.edges with 25 nodes scale=1.0
2019-01-18 14:49:47,975 Building dataset
2019-01-18 14:49:47,976 Subsample: 25 points with scale 1.0 subsample=24
2019-01-18 14:49:48,005 Built Data Sampler
2019-01-18 14:49:48,006 Creating a fresh model warm_start?=None
2019-01-18 14:49:48,006 	 Warmstarting? None None 25
2019-01-18 14:49:48,006 Embedding() torch.Size([25, 10])
2019-01-18 14:49:48,006 relative No Rescale
2019-01-18 14:49:48,006 Constructed model with dim=0 and epochs=0 isnan=False
2019-01-18 14:49:48,007 SGD (
Parameter Group 0
    dampening: 0
    initial_lr: 0.1
    lr: 1.0
    momentum: 0.0
    nesterov: False
    weight_decay: 0

Parameter Group 1
    dampening: 0
    initial_lr: 0.1
    lr: 1.0
    momentum: 0.0
    nesterov: False
    weight_decay: 0

Parameter Group 2
    dampening: 0
    initial_lr: 0.1
    lr: 1.0
    momentum: 0.0
    nesterov: False
    weight_decay: 0

Parameter Group 3
    dampening: 0
    initial_lr: 0.0001
    lr: 0.001
    momentum: 0.0
    nesterov: False
    weight_decay: 0
)
2019-01-18 14:49:48,007 *** Initial Checkpoint. Computing Stats
2019-01-18 14:49:48,007 	 Computing Major Stats lazily... 
2019-01-18 14:49:48,010 		 Completed edges=600 good=600 bad=0
2019-01-18 14:49:48,014 Distortion avg=0.9984658338884949 wc=19.246680596579257 me=0.006253593838536124 mc=3077.6991748291452 nan_elements=0
2019-01-18 14:49:48,014 MAP = 0.1490055845810504
2019-01-18 14:49:48,014 scale=[array([1.])]
2019-01-18 14:49:48,014 *** End Initial Checkpoint

2019-01-18 14:49:48,072 1 loss=0.9969351655304246
2019-01-18 14:49:48,073 2 loss=0.9547904021719902
2019-01-18 14:49:48,074 3 loss=0.9143840916112655
2019-01-18 14:49:48,075 4 loss=0.8768428466053046
2019-01-18 14:49:48,076 5 loss=0.8421012145841515
2019-01-18 14:49:48,077 6 loss=0.8099725587243035
2019-01-18 14:49:48,078 7 loss=0.7802507002972431
2019-01-18 14:49:48,079 8 loss=0.7527342031132942
2019-01-18 14:49:48,080 9 loss=0.7272339416620694
2019-01-18 14:49:48,081 10 loss=0.7035753782523039
2019-01-18 14:49:48,081 
*** Major Checkpoint. Computing Stats and Saving
2019-01-18 14:49:48,081 	 Computing Major Stats lazily... 
2019-01-18 14:49:48,083 		 Completed edges=600 good=600 bad=0
2019-01-18 14:49:48,087 Distortion avg=0.8101050641149754 wc=36.760771806055 me=0.9191418399841289 mc=39.99466698925354 nan_elements=0
2019-01-18 14:49:48,088 MAP = 0.07742121003901287
2019-01-18 14:49:48,088 scale=[array([1.])]
2019-01-18 14:49:48,088 *** End Major Checkpoint

2019-01-18 14:49:48,089 11 loss=0.681598818908116
2019-01-18 14:49:48,090 12 loss=0.661158828860094
2019-01-18 14:49:48,091 13 loss=0.6421233004805607
2019-01-18 14:49:48,092 14 loss=0.6243723990150556
2019-01-18 14:49:48,093 15 loss=0.6077974945866012
2019-01-18 14:49:48,093 16 loss=0.5923001334125053
2019-01-18 14:49:48,094 17 loss=0.5777910731616008
2019-01-18 14:49:48,095 18 loss=0.5641893926817328
2019-01-18 14:49:48,096 19 loss=0.551421678455877
2019-01-18 14:49:48,097 20 loss=0.5394212859346139
2019-01-18 14:49:48,097 
*** Major Checkpoint. Computing Stats and Saving
2019-01-18 14:49:48,097 	 Computing Major Stats lazily... 
2019-01-18 14:49:48,100 		 Completed edges=600 good=600 bad=0
2019-01-18 14:49:48,104 Distortion avg=0.6932157222270962 wc=28.44506169483364 me=1.3512187887139007 mc=21.051410720767024 nan_elements=0
2019-01-18 14:49:48,104 MAP = 0.07898063083677086
2019-01-18 14:49:48,104 scale=[array([1.])]
2019-01-18 14:49:48,104 *** End Major Checkpoint

2019-01-18 14:49:48,105 21 loss=0.5281276717110847
2019-01-18 14:49:48,106 22 loss=0.5174857914725731
2019-01-18 14:49:48,107 23 loss=0.5074455582891318
2019-01-18 14:49:48,108 24 loss=0.49796135580159934
2019-01-18 14:49:48,108 25 loss=0.48899160108284806
2019-01-18 14:49:48,109 26 loss=0.4804983522682299
2019-01-18 14:49:48,110 27 loss=0.47244695642441353
2019-01-18 14:49:48,111 28 loss=0.46480573351457233
2019-01-18 14:49:48,112 29 loss=0.45754569270114825
2019-01-18 14:49:48,113 30 loss=0.4506402775931459
2019-01-18 14:49:48,113 
*** Major Checkpoint. Computing Stats and Saving
2019-01-18 14:49:48,113 	 Computing Major Stats lazily... 
2019-01-18 14:49:48,115 		 Completed edges=600 good=600 bad=0
2019-01-18 14:49:48,119 Distortion avg=0.6359362758760898 wc=22.66925989574985 me=1.5266845482099984 mc=14.848686274010582 nan_elements=0
2019-01-18 14:49:48,119 MAP = 0.08518760311857056
2019-01-18 14:49:48,119 scale=[array([1.])]
2019-01-18 14:49:48,120 *** End Major Checkpoint

2019-01-18 14:49:48,121 31 loss=0.44406513738673076
2019-01-18 14:49:48,121 32 loss=0.4377979211629274
2019-01-18 14:49:48,122 33 loss=0.4318180928936392
2019-01-18 14:49:48,123 34 loss=0.426106764967666
2019-01-18 14:49:48,124 35 loss=0.4206465482831129
2019-01-18 14:49:48,125 36 loss=0.4154214171633614
2019-01-18 14:49:48,126 37 loss=0.4104165875424354
2019-01-18 14:49:48,127 38 loss=0.4056184070341561
2019-01-18 14:49:48,128 39 loss=0.4010142556498031
2019-01-18 14:49:48,129 40 loss=0.39659245606291826
2019-01-18 14:49:48,129 
*** Major Checkpoint. Computing Stats and Saving
2019-01-18 14:49:48,129 	 Computing Major Stats lazily... 
2019-01-18 14:49:48,131 		 Completed edges=600 good=600 bad=0
2019-01-18 14:49:48,135 Distortion avg=0.5945028148768409 wc=19.96312228207116 me=1.6968551781959542 mc=11.764776710818278 nan_elements=0
2019-01-18 14:49:48,135 MAP = 0.09907224154202884
2019-01-18 14:49:48,135 scale=[array([1.])]
2019-01-18 14:49:48,136 *** End Major Checkpoint

2019-01-18 14:49:48,137 41 loss=0.39234219243908147
2019-01-18 14:49:48,138 42 loss=0.3882534369545286
2019-01-18 14:49:48,138 43 loss=0.3843168832217775
2019-01-18 14:49:48,139 44 loss=0.3805238859242682
2019-01-18 14:49:48,140 45 loss=0.3768664060365657
2019-01-18 14:49:48,141 46 loss=0.37333696107296094
2019-01-18 14:49:48,142 47 loss=0.3699285798662556
2019-01-18 14:49:48,143 48 loss=0.36663476143095586
2019-01-18 14:49:48,144 49 loss=0.3634494375117776
2019-01-18 14:49:48,145 50 loss=0.36036693845991524
2019-01-18 14:49:48,145 
*** Major Checkpoint. Computing Stats and Saving
2019-01-18 14:49:48,145 	 Computing Major Stats lazily... 
2019-01-18 14:49:48,147 		 Completed edges=600 good=600 bad=0
2019-01-18 14:49:48,151 Distortion avg=0.5603123117677087 wc=17.7703023604911 me=1.7937380049083855 mc=9.90685502111481 nan_elements=0
2019-01-18 14:49:48,151 MAP = 0.114150321021515
2019-01-18 14:49:48,151 scale=[array([1.])]
2019-01-18 14:49:48,151 *** End Major Checkpoint

2019-01-18 14:49:48,151 final loss=0.36036693845991524
2019-01-18 14:49:48,151 best loss=0.36036693845991524, distortion=0.5603123117677087, map=0.114150321021515, wc_dist=17.7703023604911
2019-01-18 14:49:48,152 	 Computing Major Stats lazily... 
2019-01-18 14:49:48,154 		 Completed edges=600 good=600 bad=0
2019-01-18 14:49:48,158 Distortion avg=0.5603123117677097 wc=17.7703023604911 me=1.7937380049083855 mc=9.90685502111481 nan_elements=0
2019-01-18 14:49:48,158 MAP = 0.11415032102151498
2019-01-18 14:49:48,158 scale=[array([1.])]
