2019-01-18 14:57:17,461 Commandline ['pytorch/pytorch_hyperbolic.py', 'learn', 'data/edges/parsing/ewt/ewt_dev/752.edges', '--dim', '0', '--hyp', '0', '--edim', '10', '--euc', '1', '--sdim', '0', '--sph', '0', '--log-name', 'ewt_devr2/752.edges.E10-1.lr1.log', '--batch-size', '65536', '--epochs', '50', '--checkpoint-freq', '10', '-g', '--subsample', '1024', '--learning-rate', '1']
2019-01-18 14:57:17,461 No Model Save selected!
2019-01-18 14:57:17,463 Loaded Graph data/edges/parsing/ewt/ewt_dev/752.edges with 13 nodes scale=1.0
2019-01-18 14:57:17,463 Building dataset
2019-01-18 14:57:17,464 Subsample: 13 points with scale 1.0 subsample=12
2019-01-18 14:57:17,475 Built Data Sampler
2019-01-18 14:57:17,475 Creating a fresh model warm_start?=None
2019-01-18 14:57:17,475 	 Warmstarting? None None 13
2019-01-18 14:57:17,475 Embedding() torch.Size([13, 10])
2019-01-18 14:57:17,476 relative No Rescale
2019-01-18 14:57:17,476 Constructed model with dim=0 and epochs=0 isnan=False
2019-01-18 14:57:17,476 SGD (
Parameter Group 0
    dampening: 0
    initial_lr: 0.1
    lr: 1.0
    momentum: 0.0
    nesterov: False
    weight_decay: 0

Parameter Group 1
    dampening: 0
    initial_lr: 0.1
    lr: 1.0
    momentum: 0.0
    nesterov: False
    weight_decay: 0

Parameter Group 2
    dampening: 0
    initial_lr: 0.1
    lr: 1.0
    momentum: 0.0
    nesterov: False
    weight_decay: 0

Parameter Group 3
    dampening: 0
    initial_lr: 0.0001
    lr: 0.001
    momentum: 0.0
    nesterov: False
    weight_decay: 0
)
2019-01-18 14:57:17,476 *** Initial Checkpoint. Computing Stats
2019-01-18 14:57:17,476 	 Computing Major Stats lazily... 
2019-01-18 14:57:17,477 		 Completed edges=156 good=156 bad=0
2019-01-18 14:57:17,479 Distortion avg=0.998123673092085 wc=7.928233027284859 me=0.005628252251848828 mc=1408.649199168447 nan_elements=0
2019-01-18 14:57:17,480 MAP = 0.3568739131239131
2019-01-18 14:57:17,480 scale=[array([1.])]
2019-01-18 14:57:17,480 *** End Initial Checkpoint

2019-01-18 14:57:17,536 1 loss=0.9962522544194846
2019-01-18 14:57:17,537 2 loss=0.8682294813614851
2019-01-18 14:57:17,538 3 loss=0.7631832414835631
2019-01-18 14:57:17,538 4 loss=0.6811818236152123
2019-01-18 14:57:17,539 5 loss=0.6169316837636865
2019-01-18 14:57:17,539 6 loss=0.5660509706027502
2019-01-18 14:57:17,540 7 loss=0.5252134253376598
2019-01-18 14:57:17,540 8 loss=0.49194529937257614
2019-01-18 14:57:17,541 9 loss=0.46441748985324804
2019-01-18 14:57:17,541 10 loss=0.44127817183880363
2019-01-18 14:57:17,542 
*** Major Checkpoint. Computing Stats and Saving
2019-01-18 14:57:17,542 	 Computing Major Stats lazily... 
2019-01-18 14:57:17,542 		 Completed edges=156 good=156 bad=0
2019-01-18 14:57:17,544 Distortion avg=0.6045670121410399 wc=11.496966176440685 me=1.4101488171519487 mc=8.153016218288856 nan_elements=0
2019-01-18 14:57:17,545 MAP = 0.14368039368039368
2019-01-18 14:57:17,545 scale=[array([1.])]
2019-01-18 14:57:17,545 *** End Major Checkpoint

2019-01-18 14:57:17,545 11 loss=0.421526130186071
2019-01-18 14:57:17,546 12 loss=0.4044170720195814
2019-01-18 14:57:17,546 13 loss=0.38939499446535436
2019-01-18 14:57:17,547 14 loss=0.37604209769418395
2019-01-18 14:57:17,548 15 loss=0.3640422650337233
2019-01-18 14:57:17,548 16 loss=0.35315441705393885
2019-01-18 14:57:17,549 17 loss=0.34319303910201704
2019-01-18 14:57:17,549 18 loss=0.33401392118000794
2019-01-18 14:57:17,550 19 loss=0.32550369016814745
2019-01-18 14:57:17,550 20 loss=0.31757210679356007
2019-01-18 14:57:17,550 
*** Major Checkpoint. Computing Stats and Saving
2019-01-18 14:57:17,550 	 Computing Major Stats lazily... 
2019-01-18 14:57:17,551 		 Completed edges=156 good=156 bad=0
2019-01-18 14:57:17,553 Distortion avg=0.5242242058531048 wc=8.31309022903327 me=1.6158843810437624 mc=5.144607081147429 nan_elements=0
2019-01-18 14:57:17,553 MAP = 0.21183885558885557
2019-01-18 14:57:17,554 scale=[array([1.])]
2019-01-18 14:57:17,554 *** End Major Checkpoint

2019-01-18 14:57:17,554 21 loss=0.31014638304511044
2019-01-18 14:57:17,555 22 loss=0.3031669799383997
2019-01-18 14:57:17,555 23 loss=0.2965844927456464
2019-01-18 14:57:17,556 24 loss=0.2903573370723296
2019-01-18 14:57:17,556 25 loss=0.2844500260410768
2019-01-18 14:57:17,557 26 loss=0.27883188461572134
2019-01-18 14:57:17,558 27 loss=0.2734760876890527
2019-01-18 14:57:17,558 28 loss=0.268358938202324
2019-01-18 14:57:17,559 29 loss=0.26345932329385485
2019-01-18 14:57:17,559 30 loss=0.25875830246022485
2019-01-18 14:57:17,559 
*** Major Checkpoint. Computing Stats and Saving
2019-01-18 14:57:17,559 	 Computing Major Stats lazily... 
2019-01-18 14:57:17,560 		 Completed edges=156 good=156 bad=0
2019-01-18 14:57:17,562 Distortion avg=0.46357946200526184 wc=6.692393755206543 me=1.642107090506126 mc=4.075491661840295 nan_elements=0
2019-01-18 14:57:17,562 MAP = 0.448992673992674
2019-01-18 14:57:17,562 scale=[array([1.])]
2019-01-18 14:57:17,562 *** End Major Checkpoint

2019-01-18 14:57:17,563 31 loss=0.2542387935171048
2019-01-18 14:57:17,564 32 loss=0.2498853308921794
2019-01-18 14:57:17,564 33 loss=0.24568387728301963
2019-01-18 14:57:17,565 34 loss=0.24162167455847602
2019-01-18 14:57:17,565 35 loss=0.23768712340357828
2019-01-18 14:57:17,566 36 loss=0.23386968392020124
2019-01-18 14:57:17,566 37 loss=0.23015979143065501
2019-01-18 14:57:17,567 38 loss=0.2265487832600636
2019-01-18 14:57:17,567 39 loss=0.2230288334227414
2019-01-18 14:57:17,568 40 loss=0.21959289300208673
2019-01-18 14:57:17,568 
*** Major Checkpoint. Computing Stats and Saving
2019-01-18 14:57:17,568 	 Computing Major Stats lazily... 
2019-01-18 14:57:17,569 		 Completed edges=156 good=156 bad=0
2019-01-18 14:57:17,571 Distortion avg=0.4178664128132961 wc=5.673896711300397 me=1.598396379387305 mc=3.5497432204365396 nan_elements=0
2019-01-18 14:57:17,571 MAP = 0.5880799755799755
2019-01-18 14:57:17,571 scale=[array([1.])]
2019-01-18 14:57:17,571 *** End Major Checkpoint

2019-01-18 14:57:17,572 41 loss=0.2162346346630581
2019-01-18 14:57:17,572 42 loss=0.21294840022351558
2019-01-18 14:57:17,573 43 loss=0.20972915057477515
2019-01-18 14:57:17,574 44 loss=0.2065724175119026
2019-01-18 14:57:17,574 45 loss=0.20347425723248577
2019-01-18 14:57:17,575 46 loss=0.20043120540529108
2019-01-18 14:57:17,575 47 loss=0.1974402338097304
2019-01-18 14:57:17,576 48 loss=0.19449870861289748
2019-01-18 14:57:17,576 49 loss=0.19160435039036752
2019-01-18 14:57:17,577 50 loss=0.18875519601577137
2019-01-18 14:57:17,577 
*** Major Checkpoint. Computing Stats and Saving
2019-01-18 14:57:17,577 	 Computing Major Stats lazily... 
2019-01-18 14:57:17,578 		 Completed edges=156 good=156 bad=0
2019-01-18 14:57:17,580 Distortion avg=0.38236184684576824 wc=5.058384903511003 me=1.5431602497431331 mc=3.2779388299776366 nan_elements=0
2019-01-18 14:57:17,580 MAP = 0.7742521367521367
2019-01-18 14:57:17,580 scale=[array([1.])]
2019-01-18 14:57:17,580 *** End Major Checkpoint

2019-01-18 14:57:17,580 final loss=0.18875519601577137
2019-01-18 14:57:17,580 best loss=0.18875519601577137, distortion=0.38236184684576824, map=0.7742521367521367, wc_dist=5.058384903511003
2019-01-18 14:57:17,580 	 Computing Major Stats lazily... 
2019-01-18 14:57:17,581 		 Completed edges=156 good=156 bad=0
2019-01-18 14:57:17,583 Distortion avg=0.38236184684576824 wc=5.058384903511003 me=1.5431602497431331 mc=3.2779388299776366 nan_elements=0
2019-01-18 14:57:17,583 MAP = 0.7742521367521368
2019-01-18 14:57:17,583 scale=[array([1.])]
