2019-01-18 14:55:39,650 Commandline ['pytorch/pytorch_hyperbolic.py', 'learn', 'data/edges/parsing/ewt/ewt_dev/756.edges', '--dim', '0', '--hyp', '0', '--edim', '10', '--euc', '1', '--sdim', '0', '--sph', '0', '--log-name', 'ewt_devr2/756.edges.E10-1.lr1.log', '--batch-size', '65536', '--epochs', '50', '--checkpoint-freq', '10', '-g', '--subsample', '1024', '--learning-rate', '1']
2019-01-18 14:55:39,651 No Model Save selected!
2019-01-18 14:55:39,653 Loaded Graph data/edges/parsing/ewt/ewt_dev/756.edges with 6 nodes scale=1.0
2019-01-18 14:55:39,653 Building dataset
2019-01-18 14:55:39,653 Subsample: 6 points with scale 1.0 subsample=5
2019-01-18 14:55:39,657 Built Data Sampler
2019-01-18 14:55:39,658 Creating a fresh model warm_start?=None
2019-01-18 14:55:39,658 	 Warmstarting? None None 6
2019-01-18 14:55:39,658 Embedding() torch.Size([6, 10])
2019-01-18 14:55:39,658 relative No Rescale
2019-01-18 14:55:39,658 Constructed model with dim=0 and epochs=0 isnan=False
2019-01-18 14:55:39,659 SGD (
Parameter Group 0
    dampening: 0
    initial_lr: 0.1
    lr: 1.0
    momentum: 0.0
    nesterov: False
    weight_decay: 0

Parameter Group 1
    dampening: 0
    initial_lr: 0.1
    lr: 1.0
    momentum: 0.0
    nesterov: False
    weight_decay: 0

Parameter Group 2
    dampening: 0
    initial_lr: 0.1
    lr: 1.0
    momentum: 0.0
    nesterov: False
    weight_decay: 0

Parameter Group 3
    dampening: 0
    initial_lr: 0.0001
    lr: 0.001
    momentum: 0.0
    nesterov: False
    weight_decay: 0
)
2019-01-18 14:55:39,659 *** Initial Checkpoint. Computing Stats
2019-01-18 14:55:39,659 	 Computing Major Stats lazily... 
2019-01-18 14:55:39,660 		 Completed edges=30 good=30 bad=0
2019-01-18 14:55:39,661 Distortion avg=0.9971546939481005 wc=5.448327215027938 me=0.005628252251848828 mc=968.0318100949036 nan_elements=0
2019-01-18 14:55:39,661 MAP = 0.5284722222222222
2019-01-18 14:55:39,661 scale=[array([1.])]
2019-01-18 14:55:39,661 *** End Initial Checkpoint

2019-01-18 14:55:39,718 1 loss=0.9943192067512822
2019-01-18 14:55:39,719 2 loss=0.46991990907424946
2019-01-18 14:55:39,719 3 loss=0.3108767236576337
2019-01-18 14:55:39,720 4 loss=0.24168774339066185
2019-01-18 14:55:39,720 5 loss=0.19759016489154343
2019-01-18 14:55:39,720 6 loss=0.16522658106028995
2019-01-18 14:55:39,721 7 loss=0.14028771800512346
2019-01-18 14:55:39,721 8 loss=0.12057049338116534
2019-01-18 14:55:39,722 9 loss=0.10464916627292092
2019-01-18 14:55:39,722 10 loss=0.09154158216494673
2019-01-18 14:55:39,722 
*** Major Checkpoint. Computing Stats and Saving
2019-01-18 14:55:39,722 	 Computing Major Stats lazily... 
2019-01-18 14:55:39,723 		 Completed edges=30 good=30 bad=0
2019-01-18 14:55:39,724 Distortion avg=0.254123484698187 wc=2.443153282438172 me=1.1891381358139654 mc=2.0545580104247794 nan_elements=0
2019-01-18 14:55:39,724 MAP = 1.0
2019-01-18 14:55:39,724 scale=[array([1.])]
2019-01-18 14:55:39,724 *** End Major Checkpoint

2019-01-18 14:55:39,725 11 loss=0.08057085936474499
2019-01-18 14:55:39,725 12 loss=0.07127260143004074
2019-01-18 14:55:39,726 13 loss=0.06332396406203095
2019-01-18 14:55:39,726 14 loss=0.05649231432949824
2019-01-18 14:55:39,726 15 loss=0.05060136495454977
2019-01-18 14:55:39,727 16 loss=0.04551071994428566
2019-01-18 14:55:39,727 17 loss=0.04110433700212692
2019-01-18 14:55:39,728 18 loss=0.03728421558527746
2019-01-18 14:55:39,728 19 loss=0.03396681670126922
2019-01-18 14:55:39,729 20 loss=0.031080772631553052
2019-01-18 14:55:39,729 
*** Major Checkpoint. Computing Stats and Saving
2019-01-18 14:55:39,729 	 Computing Major Stats lazily... 
2019-01-18 14:55:39,729 		 Completed edges=30 good=30 bad=0
2019-01-18 14:55:39,730 Distortion avg=0.15286267501213094 wc=1.6555592852523149 me=1.1462487654450322 mc=1.4443280858056518 nan_elements=0
2019-01-18 14:55:39,730 MAP = 1.0
2019-01-18 14:55:39,730 scale=[array([1.])]
2019-01-18 14:55:39,730 *** End Major Checkpoint

2019-01-18 14:55:39,731 21 loss=0.028565167616418093
2019-01-18 14:55:39,731 22 loss=0.026368086103948318
2019-01-18 14:55:39,732 23 loss=0.024445326831685387
2019-01-18 14:55:39,732 24 loss=0.022759260135522805
2019-01-18 14:55:39,733 25 loss=0.02127782655067837
2019-01-18 14:55:39,733 26 loss=0.01997367352334346
2019-01-18 14:55:39,733 27 loss=0.01882342107668298
2019-01-18 14:55:39,734 28 loss=0.017807042810016865
2019-01-18 14:55:39,734 29 loss=0.016907346819974568
2019-01-18 14:55:39,735 30 loss=0.016109541393821935
2019-01-18 14:55:39,735 
*** Major Checkpoint. Computing Stats and Saving
2019-01-18 14:55:39,735 	 Computing Major Stats lazily... 
2019-01-18 14:55:39,735 		 Completed edges=30 good=30 bad=0
2019-01-18 14:55:39,736 Distortion avg=0.11489413890670794 wc=1.4378334895765568 me=1.1434542901212486 mc=1.257447282325639 nan_elements=0
2019-01-18 14:55:39,736 MAP = 1.0
2019-01-18 14:55:39,736 scale=[array([1.])]
2019-01-18 14:55:39,737 *** End Major Checkpoint

2019-01-18 14:55:39,737 31 loss=0.015400871721823415
2019-01-18 14:55:39,738 32 loss=0.01477031570821983
2019-01-18 14:55:39,738 33 loss=0.014208328818498962
2019-01-18 14:55:39,739 34 loss=0.013706629590017172
2019-01-18 14:55:39,740 35 loss=0.01325801888811884
2019-01-18 14:55:39,740 36 loss=0.012856227209132397
2019-01-18 14:55:39,740 37 loss=0.012495785339507478
2019-01-18 14:55:39,741 38 loss=0.012171914508422376
2019-01-18 14:55:39,741 39 loss=0.011880432849814793
2019-01-18 14:55:39,742 40 loss=0.011617675545478053
2019-01-18 14:55:39,742 
*** Major Checkpoint. Computing Stats and Saving
2019-01-18 14:55:39,742 	 Computing Major Stats lazily... 
2019-01-18 14:55:39,742 		 Completed edges=30 good=30 bad=0
2019-01-18 14:55:39,743 Distortion avg=0.0994322449236577 wc=1.3407541558281568 me=1.1369323327566379 mc=1.1792734863800793 nan_elements=0
2019-01-18 14:55:39,743 MAP = 1.0
2019-01-18 14:55:39,743 scale=[array([1.])]
2019-01-18 14:55:39,744 *** End Major Checkpoint

2019-01-18 14:55:39,744 41 loss=0.011380426475831089
2019-01-18 14:55:39,744 42 loss=0.011165859577562375
2019-01-18 14:55:39,745 43 loss=0.010971488412633318
2019-01-18 14:55:39,745 44 loss=0.010795122703476814
2019-01-18 14:55:39,746 45 loss=0.010634830794773387
2019-01-18 14:55:39,746 46 loss=0.010488907171225314
2019-01-18 14:55:39,747 47 loss=0.010355844300046525
2019-01-18 14:55:39,747 48 loss=0.010234308181957428
2019-01-18 14:55:39,748 49 loss=0.01012311708979743
2019-01-18 14:55:39,748 50 loss=0.010021223053075647
2019-01-18 14:55:39,748 
*** Major Checkpoint. Computing Stats and Saving
2019-01-18 14:55:39,748 	 Computing Major Stats lazily... 
2019-01-18 14:55:39,748 		 Completed edges=30 good=30 bad=0
2019-01-18 14:55:39,749 Distortion avg=0.09471774963029969 wc=1.2905565477105776 me=1.131143407778815 mc=1.1409309720018581 nan_elements=0
2019-01-18 14:55:39,750 MAP = 1.0
2019-01-18 14:55:39,750 scale=[array([1.])]
2019-01-18 14:55:39,750 *** End Major Checkpoint

2019-01-18 14:55:39,750 final loss=0.010021223053075647
2019-01-18 14:55:39,750 best loss=0.010021223053075647, distortion=0.09471774963029969, map=1.0, wc_dist=1.2905565477105776
2019-01-18 14:55:39,750 	 Computing Major Stats lazily... 
2019-01-18 14:55:39,750 		 Completed edges=30 good=30 bad=0
2019-01-18 14:55:39,751 Distortion avg=0.09471774963029965 wc=1.2905565477105776 me=1.131143407778815 mc=1.1409309720018581 nan_elements=0
2019-01-18 14:55:39,751 MAP = 1.0
2019-01-18 14:55:39,752 scale=[array([1.])]
