2019-01-18 15:00:02,370 Commandline ['pytorch/pytorch_hyperbolic.py', 'learn', 'data/edges/parsing/ewt/ewt_dev/762.edges', '--dim', '0', '--hyp', '0', '--edim', '10', '--euc', '1', '--sdim', '0', '--sph', '0', '--log-name', 'ewt_devr2/762.edges.E10-1.lr1.log', '--batch-size', '65536', '--epochs', '50', '--checkpoint-freq', '10', '-g', '--subsample', '1024', '--learning-rate', '1']
2019-01-18 15:00:02,370 No Model Save selected!
2019-01-18 15:00:02,372 Loaded Graph data/edges/parsing/ewt/ewt_dev/762.edges with 23 nodes scale=1.0
2019-01-18 15:00:02,372 Building dataset
2019-01-18 15:00:02,373 Subsample: 23 points with scale 1.0 subsample=22
2019-01-18 15:00:02,399 Built Data Sampler
2019-01-18 15:00:02,399 Creating a fresh model warm_start?=None
2019-01-18 15:00:02,399 	 Warmstarting? None None 23
2019-01-18 15:00:02,400 Embedding() torch.Size([23, 10])
2019-01-18 15:00:02,400 relative No Rescale
2019-01-18 15:00:02,400 Constructed model with dim=0 and epochs=0 isnan=False
2019-01-18 15:00:02,400 SGD (
Parameter Group 0
    dampening: 0
    initial_lr: 0.1
    lr: 1.0
    momentum: 0.0
    nesterov: False
    weight_decay: 0

Parameter Group 1
    dampening: 0
    initial_lr: 0.1
    lr: 1.0
    momentum: 0.0
    nesterov: False
    weight_decay: 0

Parameter Group 2
    dampening: 0
    initial_lr: 0.1
    lr: 1.0
    momentum: 0.0
    nesterov: False
    weight_decay: 0

Parameter Group 3
    dampening: 0
    initial_lr: 0.0001
    lr: 0.001
    momentum: 0.0
    nesterov: False
    weight_decay: 0
)
2019-01-18 15:00:02,400 *** Initial Checkpoint. Computing Stats
2019-01-18 15:00:02,400 	 Computing Major Stats lazily... 
2019-01-18 15:00:02,403 		 Completed edges=506 good=506 bad=0
2019-01-18 15:00:02,406 Distortion avg=0.9984085415311351 wc=16.691559552588703 me=0.005941110731069004 mc=2809.5015070667323 nan_elements=0
2019-01-18 15:00:02,406 MAP = 0.2822282154662017
2019-01-18 15:00:02,407 scale=[array([1.])]
2019-01-18 15:00:02,407 *** End Initial Checkpoint

2019-01-18 15:00:02,463 1 loss=0.9968207848002691
2019-01-18 15:00:02,464 2 loss=0.9479541360975942
2019-01-18 15:00:02,465 3 loss=0.9015117104572569
2019-01-18 15:00:02,466 4 loss=0.8588743864683732
2019-01-18 15:00:02,467 5 loss=0.8198936569016433
2019-01-18 15:00:02,467 6 loss=0.7842706078731736
2019-01-18 15:00:02,468 7 loss=0.7516922263307673
2019-01-18 15:00:02,469 8 loss=0.7218614485345702
2019-01-18 15:00:02,470 9 loss=0.694505309694467
2019-01-18 15:00:02,471 10 loss=0.6693764901458129
2019-01-18 15:00:02,471 
*** Major Checkpoint. Computing Stats and Saving
2019-01-18 15:00:02,471 	 Computing Major Stats lazily... 
2019-01-18 15:00:02,473 		 Completed edges=506 good=506 bad=0
2019-01-18 15:00:02,476 Distortion avg=0.7844080366865387 wc=25.44864120301604 me=0.9961683225266659 mc=25.54652725602487 nan_elements=0
2019-01-18 15:00:02,476 MAP = 0.09947808684263788
2019-01-18 15:00:02,477 scale=[array([1.])]
2019-01-18 15:00:02,477 *** End Major Checkpoint

2019-01-18 15:00:02,477 11 loss=0.6462524851985527
2019-01-18 15:00:02,478 12 loss=0.6249338813859229
2019-01-18 15:00:02,479 13 loss=0.6052423394509318
2019-01-18 15:00:02,480 14 loss=0.5870185476558867
2019-01-18 15:00:02,480 15 loss=0.5701202643522286
2019-01-18 15:00:02,481 16 loss=0.5544205013431096
2019-01-18 15:00:02,482 17 loss=0.5398058664693195
2019-01-18 15:00:02,483 18 loss=0.5261750671701798
2019-01-18 15:00:02,484 19 loss=0.5134375684091783
2019-01-18 15:00:02,485 20 loss=0.5015123943765535
2019-01-18 15:00:02,485 
*** Major Checkpoint. Computing Stats and Saving
2019-01-18 15:00:02,485 	 Computing Major Stats lazily... 
2019-01-18 15:00:02,487 		 Completed edges=506 good=506 bad=0
2019-01-18 15:00:02,491 Distortion avg=0.6674281923256977 wc=20.66098118635017 me=1.429151550994217 mc=14.456816124208071 nan_elements=0
2019-01-18 15:00:02,491 MAP = 0.10444713731899088
2019-01-18 15:00:02,491 scale=[array([1.])]
2019-01-18 15:00:02,491 *** End Major Checkpoint

2019-01-18 15:00:02,492 21 loss=0.49032706177296553
2019-01-18 15:00:02,493 22 loss=0.4798166321619717
2019-01-18 15:00:02,493 23 loss=0.46992287125850407
2019-01-18 15:00:02,494 24 loss=0.46059350375847524
2019-01-18 15:00:02,495 25 loss=0.4517815532173599
2019-01-18 15:00:02,496 26 loss=0.44344475744152234
2019-01-18 15:00:02,497 27 loss=0.43554505080163386
2019-01-18 15:00:02,498 28 loss=0.42804810577771635
2019-01-18 15:00:02,498 29 loss=0.42092292688225597
2019-01-18 15:00:02,499 30 loss=0.4141414908737598
2019-01-18 15:00:02,499 
*** Major Checkpoint. Computing Stats and Saving
2019-01-18 15:00:02,499 	 Computing Major Stats lazily... 
2019-01-18 15:00:02,501 		 Completed edges=506 good=506 bad=0
2019-01-18 15:00:02,505 Distortion avg=0.6077302659793898 wc=17.198715562024194 me=1.5920735362203797 mc=10.802714303545521 nan_elements=0
2019-01-18 15:00:02,505 MAP = 0.11545532613963762
2019-01-18 15:00:02,505 scale=[array([1.])]
2019-01-18 15:00:02,505 *** End Major Checkpoint

2019-01-18 15:00:02,506 31 loss=0.40767842786660174
2019-01-18 15:00:02,507 32 loss=0.4015107385660038
2019-01-18 15:00:02,508 33 loss=0.39561754341356625
2019-01-18 15:00:02,508 34 loss=0.3899798599238879
2019-01-18 15:00:02,509 35 loss=0.3845804049319054
2019-01-18 15:00:02,510 36 loss=0.37940341885903106
2019-01-18 15:00:02,511 37 loss=0.37443450944921197
2019-01-18 15:00:02,511 38 loss=0.3696605127285456
2019-01-18 15:00:02,512 39 loss=0.36506936920859034
2019-01-18 15:00:02,513 40 loss=0.3606500135881148
2019-01-18 15:00:02,513 
*** Major Checkpoint. Computing Stats and Saving
2019-01-18 15:00:02,513 	 Computing Major Stats lazily... 
2019-01-18 15:00:02,515 		 Completed edges=506 good=506 bad=0
2019-01-18 15:00:02,519 Distortion avg=0.5633222510006823 wc=15.580542033748923 me=1.7343087248966798 mc=8.983718878930926 nan_elements=0
2019-01-18 15:00:02,519 MAP = 0.13870783710937165
2019-01-18 15:00:02,519 scale=[array([1.])]
2019-01-18 15:00:02,519 *** End Major Checkpoint

2019-01-18 15:00:02,520 41 loss=0.35639227641443255
2019-01-18 15:00:02,521 42 loss=0.35228679634701837
2019-01-18 15:00:02,521 43 loss=0.3483249418257428
2019-01-18 15:00:02,522 44 loss=0.34449874108643025
2019-01-18 15:00:02,523 45 loss=0.34080081958990205
2019-01-18 15:00:02,524 46 loss=0.33722434403922996
2019-01-18 15:00:02,525 47 loss=0.33376297225544366
2019-01-18 15:00:02,525 48 loss=0.3304108082660039
2019-01-18 15:00:02,526 49 loss=0.3271623620343583
2019-01-18 15:00:02,527 50 loss=0.3240125133240997
2019-01-18 15:00:02,527 
*** Major Checkpoint. Computing Stats and Saving
2019-01-18 15:00:02,527 	 Computing Major Stats lazily... 
2019-01-18 15:00:02,529 		 Completed edges=506 good=506 bad=0
2019-01-18 15:00:02,532 Distortion avg=0.527022552557546 wc=14.251315681483785 me=1.8075313285525139 mc=7.884408671852098 nan_elements=0
2019-01-18 15:00:02,533 MAP = 0.19580375936413083
2019-01-18 15:00:02,533 scale=[array([1.])]
2019-01-18 15:00:02,533 *** End Major Checkpoint

2019-01-18 15:00:02,533 final loss=0.3240125133240997
2019-01-18 15:00:02,533 best loss=0.3240125133240997, distortion=0.527022552557546, map=0.19580375936413083, wc_dist=14.251315681483785
2019-01-18 15:00:02,533 	 Computing Major Stats lazily... 
2019-01-18 15:00:02,535 		 Completed edges=506 good=506 bad=0
2019-01-18 15:00:02,538 Distortion avg=0.5270225525575456 wc=14.251315681483785 me=1.8075313285525139 mc=7.884408671852098 nan_elements=0
2019-01-18 15:00:02,538 MAP = 0.19580375936413083
2019-01-18 15:00:02,539 scale=[array([1.])]
