2019-01-18 15:11:57,941 Commandline ['pytorch/pytorch_hyperbolic.py', 'learn', 'data/edges/parsing/ewt/ewt_dev/767.edges', '--dim', '0', '--hyp', '0', '--edim', '10', '--euc', '1', '--sdim', '0', '--sph', '0', '--log-name', 'ewt_devr2/767.edges.E10-1.lr1.log', '--batch-size', '65536', '--epochs', '50', '--checkpoint-freq', '10', '-g', '--subsample', '1024', '--learning-rate', '1']
2019-01-18 15:11:57,941 No Model Save selected!
2019-01-18 15:11:57,943 Loaded Graph data/edges/parsing/ewt/ewt_dev/767.edges with 14 nodes scale=1.0
2019-01-18 15:11:57,943 Building dataset
2019-01-18 15:11:57,944 Subsample: 14 points with scale 1.0 subsample=13
2019-01-18 15:11:57,957 Built Data Sampler
2019-01-18 15:11:57,957 Creating a fresh model warm_start?=None
2019-01-18 15:11:57,957 	 Warmstarting? None None 14
2019-01-18 15:11:57,957 Embedding() torch.Size([14, 10])
2019-01-18 15:11:57,957 relative No Rescale
2019-01-18 15:11:57,958 Constructed model with dim=0 and epochs=0 isnan=False
2019-01-18 15:11:57,958 SGD (
Parameter Group 0
    dampening: 0
    initial_lr: 0.1
    lr: 1.0
    momentum: 0.0
    nesterov: False
    weight_decay: 0

Parameter Group 1
    dampening: 0
    initial_lr: 0.1
    lr: 1.0
    momentum: 0.0
    nesterov: False
    weight_decay: 0

Parameter Group 2
    dampening: 0
    initial_lr: 0.1
    lr: 1.0
    momentum: 0.0
    nesterov: False
    weight_decay: 0

Parameter Group 3
    dampening: 0
    initial_lr: 0.0001
    lr: 0.001
    momentum: 0.0
    nesterov: False
    weight_decay: 0
)
2019-01-18 15:11:57,958 *** Initial Checkpoint. Computing Stats
2019-01-18 15:11:57,958 	 Computing Major Stats lazily... 
2019-01-18 15:11:57,959 		 Completed edges=182 good=182 bad=0
2019-01-18 15:11:57,962 Distortion avg=0.9980431192103344 wc=11.138787817729348 me=0.005982886981094694 mc=1861.7747339915945 nan_elements=0
2019-01-18 15:11:57,962 MAP = 0.30425096728668155
2019-01-18 15:11:57,962 scale=[array([1.])]
2019-01-18 15:11:57,962 *** End Initial Checkpoint

2019-01-18 15:11:58,021 1 loss=0.9960915101308631
2019-01-18 15:11:58,021 2 loss=0.8702923402035476
2019-01-18 15:11:58,022 3 loss=0.7665141598942288
2019-01-18 15:11:58,023 4 loss=0.6840658411550997
2019-01-18 15:11:58,023 5 loss=0.6181584678638007
2019-01-18 15:11:58,024 6 loss=0.5648635078145475
2019-01-18 15:11:58,024 7 loss=0.5211999975043402
2019-01-18 15:11:58,025 8 loss=0.48494325171770364
2019-01-18 15:11:58,025 9 loss=0.45443662706149124
2019-01-18 15:11:58,026 10 loss=0.428442222128822
2019-01-18 15:11:58,026 
*** Major Checkpoint. Computing Stats and Saving
2019-01-18 15:11:58,026 	 Computing Major Stats lazily... 
2019-01-18 15:11:58,027 		 Completed edges=182 good=182 bad=0
2019-01-18 15:11:58,029 Distortion avg=0.5897321034600534 wc=14.609862426331292 me=1.3840246107900942 mc=10.556071266674225 nan_elements=0
2019-01-18 15:11:58,030 MAP = 0.13698426573426573
2019-01-18 15:11:58,030 scale=[array([1.])]
2019-01-18 15:11:58,030 *** End Major Checkpoint

2019-01-18 15:11:58,030 11 loss=0.4060291377721905
2019-01-18 15:11:58,031 12 loss=0.38649162863322023
2019-01-18 15:11:58,032 13 loss=0.3692896456372619
2019-01-18 15:11:58,032 14 loss=0.3540057384492996
2019-01-18 15:11:58,033 15 loss=0.34031377982255157
2019-01-18 15:11:58,033 16 loss=0.32795619499327205
2019-01-18 15:11:58,034 17 loss=0.3167273056629666
2019-01-18 15:11:58,034 18 loss=0.30646107722439714
2019-01-18 15:11:58,035 19 loss=0.29702204714643066
2019-01-18 15:11:58,036 20 loss=0.28829856170591067
2019-01-18 15:11:58,036 
*** Major Checkpoint. Computing Stats and Saving
2019-01-18 15:11:58,036 	 Computing Major Stats lazily... 
2019-01-18 15:11:58,037 		 Completed edges=182 good=182 bad=0
2019-01-18 15:11:58,039 Distortion avg=0.499841305745934 wc=9.984173333391933 me=1.485107159895024 mc=6.722863913805164 nan_elements=0
2019-01-18 15:11:58,039 MAP = 0.19585886335886338
2019-01-18 15:11:58,039 scale=[array([1.])]
2019-01-18 15:11:58,039 *** End Major Checkpoint

2019-01-18 15:11:58,040 21 loss=0.2801976964813291
2019-01-18 15:11:58,040 22 loss=0.27264141216783067
2019-01-18 15:11:58,041 23 loss=0.26556362233500197
2019-01-18 15:11:58,042 24 loss=0.2589079387289571
2019-01-18 15:11:58,042 25 loss=0.2526259232409903
2019-01-18 15:11:58,043 26 loss=0.2466757212100162
2019-01-18 15:11:58,043 27 loss=0.24102098355297014
2019-01-18 15:11:58,044 28 loss=0.23563000901702597
2019-01-18 15:11:58,044 29 loss=0.23047505521197006
2019-01-18 15:11:58,045 30 loss=0.22553177983417522
2019-01-18 15:11:58,045 
*** Major Checkpoint. Computing Stats and Saving
2019-01-18 15:11:58,045 	 Computing Major Stats lazily... 
2019-01-18 15:11:58,046 		 Completed edges=182 good=182 bad=0
2019-01-18 15:11:58,048 Distortion avg=0.4337120623743472 wc=8.726445354606073 me=1.661357435070853 mc=5.25259957333258 nan_elements=0
2019-01-18 15:11:58,048 MAP = 0.39519532055246337
2019-01-18 15:11:58,049 scale=[array([1.])]
2019-01-18 15:11:58,049 *** End Major Checkpoint

2019-01-18 15:11:58,049 31 loss=0.22077878292236516
2019-01-18 15:11:58,050 32 loss=0.21619722800173868
2019-01-18 15:11:58,050 33 loss=0.21177052522651799
2019-01-18 15:11:58,051 34 loss=0.20748406358694485
2019-01-18 15:11:58,051 35 loss=0.20332498224082768
2019-01-18 15:11:58,052 36 loss=0.19928197330585048
2019-01-18 15:11:58,053 37 loss=0.19534511018554868
2019-01-18 15:11:58,053 38 loss=0.19150569683092242
2019-01-18 15:11:58,054 39 loss=0.18775613435902436
2019-01-18 15:11:58,054 40 loss=0.1840898022329128
2019-01-18 15:11:58,054 
*** Major Checkpoint. Computing Stats and Saving
2019-01-18 15:11:58,054 	 Computing Major Stats lazily... 
2019-01-18 15:11:58,055 		 Completed edges=182 good=182 bad=0
2019-01-18 15:11:58,058 Distortion avg=0.3852486817757836 wc=7.352474705576817 me=1.7050982846396883 mc=4.312053312006293 nan_elements=0
2019-01-18 15:11:58,058 MAP = 0.62421768707483
2019-01-18 15:11:58,058 scale=[array([1.])]
2019-01-18 15:11:58,058 *** End Major Checkpoint

2019-01-18 15:11:58,058 41 loss=0.1805009518093834
2019-01-18 15:11:58,059 42 loss=0.17698461052384987
2019-01-18 15:11:58,060 43 loss=0.17353649533763088
2019-01-18 15:11:58,060 44 loss=0.17015293434624967
2019-01-18 15:11:58,061 45 loss=0.16683079565704836
2019-01-18 15:11:58,061 46 loss=0.16356742280504777
2019-01-18 15:11:58,062 47 loss=0.16036057609885584
2019-01-18 15:11:58,062 48 loss=0.1572083793823184
2019-01-18 15:11:58,063 49 loss=0.1541092717693445
2019-01-18 15:11:58,063 50 loss=0.1510619639642343
2019-01-18 15:11:58,064 
*** Major Checkpoint. Computing Stats and Saving
2019-01-18 15:11:58,064 	 Computing Major Stats lazily... 
2019-01-18 15:11:58,064 		 Completed edges=182 good=182 bad=0
2019-01-18 15:11:58,067 Distortion avg=0.34466695930435 wc=6.069660887580612 me=1.6784255215815662 mc=3.616282527604336 nan_elements=0
2019-01-18 15:11:58,067 MAP = 0.7733333333333334
2019-01-18 15:11:58,068 scale=[array([1.])]
2019-01-18 15:11:58,068 *** End Major Checkpoint

2019-01-18 15:11:58,068 final loss=0.1510619639642343
2019-01-18 15:11:58,068 best loss=0.1510619639642343, distortion=0.34466695930435, map=0.7733333333333334, wc_dist=6.069660887580612
2019-01-18 15:11:58,068 	 Computing Major Stats lazily... 
2019-01-18 15:11:58,069 		 Completed edges=182 good=182 bad=0
2019-01-18 15:11:58,071 Distortion avg=0.34466695930435015 wc=6.069660887580612 me=1.6784255215815662 mc=3.616282527604336 nan_elements=0
2019-01-18 15:11:58,071 MAP = 0.7733333333333332
2019-01-18 15:11:58,071 scale=[array([1.])]
