2019-01-18 14:59:47,716 Commandline ['pytorch/pytorch_hyperbolic.py', 'learn', 'data/edges/parsing/ewt/ewt_dev/770.edges', '--dim', '0', '--hyp', '0', '--edim', '10', '--euc', '1', '--sdim', '0', '--sph', '0', '--log-name', 'ewt_devr2/770.edges.E10-1.lr1.log', '--batch-size', '65536', '--epochs', '50', '--checkpoint-freq', '10', '-g', '--subsample', '1024', '--learning-rate', '1']
2019-01-18 14:59:47,717 No Model Save selected!
2019-01-18 14:59:47,718 Loaded Graph data/edges/parsing/ewt/ewt_dev/770.edges with 2 nodes scale=1.0
2019-01-18 14:59:47,718 Building dataset
2019-01-18 14:59:47,719 Subsample: 2 points with scale 1.0 subsample=1
2019-01-18 14:59:47,720 Built Data Sampler
2019-01-18 14:59:47,720 Creating a fresh model warm_start?=None
2019-01-18 14:59:47,720 	 Warmstarting? None None 2
2019-01-18 14:59:47,721 Embedding() torch.Size([2, 10])
2019-01-18 14:59:47,721 relative No Rescale
2019-01-18 14:59:47,721 Constructed model with dim=0 and epochs=0 isnan=False
2019-01-18 14:59:47,721 SGD (
Parameter Group 0
    dampening: 0
    initial_lr: 0.1
    lr: 1.0
    momentum: 0.0
    nesterov: False
    weight_decay: 0

Parameter Group 1
    dampening: 0
    initial_lr: 0.1
    lr: 1.0
    momentum: 0.0
    nesterov: False
    weight_decay: 0

Parameter Group 2
    dampening: 0
    initial_lr: 0.1
    lr: 1.0
    momentum: 0.0
    nesterov: False
    weight_decay: 0

Parameter Group 3
    dampening: 0
    initial_lr: 0.0001
    lr: 0.001
    momentum: 0.0
    nesterov: False
    weight_decay: 0
)
2019-01-18 14:59:47,722 *** Initial Checkpoint. Computing Stats
2019-01-18 14:59:47,722 	 Computing Major Stats lazily... 
2019-01-18 14:59:47,722 		 Completed edges=2 good=2 bad=0
2019-01-18 14:59:47,723 Distortion avg=0.9965968412004117 wc=1.0 me=0.00340315879958833 mc=293.8446481313088 nan_elements=0
2019-01-18 14:59:47,723 MAP = 1.0
2019-01-18 14:59:47,723 scale=[array([1.])]
2019-01-18 14:59:47,723 *** End Initial Checkpoint

2019-01-18 14:59:47,779 1 loss=0.9932052638906386
2019-01-18 14:59:47,780 2 loss=8.938847375015749
2019-01-18 14:59:47,781 3 loss=48.57214009192693
2019-01-18 14:59:47,782 4 loss=357.51680197769787
2019-01-18 14:59:47,782 5 loss=2994.7538412503473
2019-01-18 14:59:47,783 6 loss=26300.09244160632
2019-01-18 14:59:47,783 7 loss=234758.7555855165
2019-01-18 14:59:47,784 8 loss=2107018.5711028273
2019-01-18 14:59:47,784 9 loss=18945752.452424984
2019-01-18 14:59:47,784 10 loss=170459544.00932342
2019-01-18 14:59:47,784 
*** Major Checkpoint. Computing Stats and Saving
2019-01-18 14:59:47,784 	 Computing Major Stats lazily... 
2019-01-18 14:59:47,785 		 Completed edges=2 good=2 bad=0
2019-01-18 14:59:47,785 Distortion avg=39166.046876043125 wc=1.0 me=39167.046876043125 mc=2.553166704563726e-05 nan_elements=0
2019-01-18 14:59:47,785 MAP = 1.0
2019-01-18 14:59:47,785 scale=[array([1.])]
2019-01-18 14:59:47,785 *** End Major Checkpoint

2019-01-18 14:59:47,786 11 loss=1533979227.8964074
2019-01-18 14:59:47,786 12 loss=13805343062.505152
2019-01-18 14:59:47,787 13 loss=124246677612.85883
2019-01-18 14:59:47,787 14 loss=1118215868682.6665
2019-01-18 14:59:47,787 15 loss=10063930128660.81
2019-01-18 14:59:47,788 16 loss=90575333089513.72
2019-01-18 14:59:47,788 17 loss=815177883600338.8
2019-01-18 14:59:47,789 18 loss=7336600609787212.0
2019-01-18 14:59:47,789 19 loss=6.60294044602374e+16
2019-01-18 14:59:47,789 20 loss=5.94264637058594e+17
2019-01-18 14:59:47,790 
*** Major Checkpoint. Computing Stats and Saving
2019-01-18 14:59:47,790 	 Computing Major Stats lazily... 
2019-01-18 14:59:47,790 		 Completed edges=2 good=2 bad=0
2019-01-18 14:59:47,790 Distortion avg=2312656853.98347 wc=1.0 me=2312656854.98347 mc=4.3240310288365184e-10 nan_elements=0
2019-01-18 14:59:47,790 MAP = 1.0
2019-01-18 14:59:47,791 scale=[array([1.])]
2019-01-18 14:59:47,791 *** End Major Checkpoint

2019-01-18 14:59:47,791 21 loss=5.348381724276721e+18
2019-01-18 14:59:47,792 22 loss=4.81354354907386e+19
2019-01-18 14:59:47,792 23 loss=4.332189193333917e+20
2019-01-18 14:59:47,792 24 loss=3.898970273750758e+21
2019-01-18 14:59:47,793 25 loss=3.509073246300752e+22
2019-01-18 14:59:47,793 26 loss=3.158165921648198e+23
2019-01-18 14:59:47,794 27 loss=2.842349329476635e+24
2019-01-18 14:59:47,794 28 loss=2.5581143965269464e+25
2019-01-18 14:59:47,794 29 loss=2.3023029568736446e+26
2019-01-18 14:59:47,795 30 loss=2.072072661186098e+27
2019-01-18 14:59:47,795 
*** Major Checkpoint. Computing Stats and Saving
2019-01-18 14:59:47,795 	 Computing Major Stats lazily... 
2019-01-18 14:59:47,795 		 Completed edges=2 good=2 bad=0
2019-01-18 14:59:47,795 Distortion avg=136560074511821.84 wc=1.0 me=136560074511822.84 mc=7.322784522305045e-15 nan_elements=0
2019-01-18 14:59:47,796 MAP = 1.0
2019-01-18 14:59:47,796 scale=[array([1.])]
2019-01-18 14:59:47,796 *** End Major Checkpoint

2019-01-18 14:59:47,796 31 loss=1.8648653950674335e+28
2019-01-18 14:59:47,797 32 loss=1.678378855560674e+29
2019-01-18 14:59:47,797 33 loss=1.5105409700046018e+30
2019-01-18 14:59:47,797 34 loss=1.3594868730041399e+31
2019-01-18 14:59:47,798 35 loss=1.2235381857037259e+32
2019-01-18 14:59:47,798 36 loss=1.1011843671333534e+33
2019-01-18 14:59:47,798 37 loss=9.91065930420018e+33
2019-01-18 14:59:47,799 38 loss=8.91959337378016e+34
2019-01-18 14:59:47,799 39 loss=8.027634036402146e+35
2019-01-18 14:59:47,800 40 loss=7.224870632761931e+36
2019-01-18 14:59:47,800 
*** Major Checkpoint. Computing Stats and Saving
2019-01-18 14:59:47,800 	 Computing Major Stats lazily... 
2019-01-18 14:59:47,800 		 Completed edges=2 good=2 bad=0
2019-01-18 14:59:47,800 Distortion avg=8.063735839848513e+18 wc=1.0 me=8.063735839848513e+18 mc=1.2401199888745194e-19 nan_elements=0
2019-01-18 14:59:47,801 MAP = 1.0
2019-01-18 14:59:47,801 scale=[array([1.])]
2019-01-18 14:59:47,801 *** End Major Checkpoint

2019-01-18 14:59:47,801 41 loss=6.502383569485739e+37
2019-01-18 14:59:47,802 42 loss=5.852145212537165e+38
2019-01-18 14:59:47,802 43 loss=5.266930691283448e+39
2019-01-18 14:59:47,802 44 loss=4.740237622155103e+40
2019-01-18 14:59:47,803 45 loss=4.2662138599395935e+41
2019-01-18 14:59:47,803 46 loss=3.839592473945634e+42
2019-01-18 14:59:47,804 47 loss=3.4556332265510695e+43
2019-01-18 14:59:47,804 48 loss=3.1100699038959636e+44
2019-01-18 14:59:47,804 49 loss=2.7990629135063678e+45
2019-01-18 14:59:47,805 50 loss=2.519156622155731e+46
2019-01-18 14:59:47,805 
*** Major Checkpoint. Computing Stats and Saving
2019-01-18 14:59:47,805 	 Computing Major Stats lazily... 
2019-01-18 14:59:47,805 		 Completed edges=2 good=2 bad=0
2019-01-18 14:59:47,805 Distortion avg=4.7615553760721484e+23 wc=1.0 me=4.7615553760721484e+23 mc=2.1001540904579576e-24 nan_elements=0
2019-01-18 14:59:47,806 MAP = 1.0
2019-01-18 14:59:47,806 scale=[array([1.])]
2019-01-18 14:59:47,806 *** End Major Checkpoint

2019-01-18 14:59:47,806 final loss=2.519156622155731e+46
2019-01-18 14:59:47,806 best loss=170459544.00932342, distortion=39166.046876043125, map=1.0, wc_dist=1.0
2019-01-18 14:59:47,806 	 Computing Major Stats lazily... 
2019-01-18 14:59:47,806 		 Completed edges=2 good=2 bad=0
2019-01-18 14:59:47,807 Distortion avg=4.7615553760721484e+23 wc=1.0 me=4.7615553760721484e+23 mc=2.1001540904579576e-24 nan_elements=0
2019-01-18 14:59:47,807 MAP = 1.0
2019-01-18 14:59:47,807 scale=[array([1.])]
