2019-01-18 15:04:34,478 Commandline ['pytorch/pytorch_hyperbolic.py', 'learn', 'data/edges/parsing/ewt/ewt_dev/779.edges', '--dim', '0', '--hyp', '0', '--edim', '10', '--euc', '1', '--sdim', '0', '--sph', '0', '--log-name', 'ewt_devr2/779.edges.E10-1.lr1.log', '--batch-size', '65536', '--epochs', '50', '--checkpoint-freq', '10', '-g', '--subsample', '1024', '--learning-rate', '1']
2019-01-18 15:04:34,478 No Model Save selected!
2019-01-18 15:04:34,479 Loaded Graph data/edges/parsing/ewt/ewt_dev/779.edges with 20 nodes scale=1.0
2019-01-18 15:04:34,479 Building dataset
2019-01-18 15:04:34,480 Subsample: 20 points with scale 1.0 subsample=19
2019-01-18 15:04:34,502 Built Data Sampler
2019-01-18 15:04:34,502 Creating a fresh model warm_start?=None
2019-01-18 15:04:34,502 	 Warmstarting? None None 20
2019-01-18 15:04:34,502 Embedding() torch.Size([20, 10])
2019-01-18 15:04:34,502 relative No Rescale
2019-01-18 15:04:34,503 Constructed model with dim=0 and epochs=0 isnan=False
2019-01-18 15:04:34,503 SGD (
Parameter Group 0
    dampening: 0
    initial_lr: 0.1
    lr: 1.0
    momentum: 0.0
    nesterov: False
    weight_decay: 0

Parameter Group 1
    dampening: 0
    initial_lr: 0.1
    lr: 1.0
    momentum: 0.0
    nesterov: False
    weight_decay: 0

Parameter Group 2
    dampening: 0
    initial_lr: 0.1
    lr: 1.0
    momentum: 0.0
    nesterov: False
    weight_decay: 0

Parameter Group 3
    dampening: 0
    initial_lr: 0.0001
    lr: 0.001
    momentum: 0.0
    nesterov: False
    weight_decay: 0
)
2019-01-18 15:04:34,503 *** Initial Checkpoint. Computing Stats
2019-01-18 15:04:34,503 	 Computing Major Stats lazily... 
2019-01-18 15:04:34,505 		 Completed edges=380 good=380 bad=0
2019-01-18 15:04:34,508 Distortion avg=0.9982057841109858 wc=16.027608614294472 me=0.006196519622161948 mc=2586.550126779472 nan_elements=0
2019-01-18 15:04:34,509 MAP = 0.17198551545204024
2019-01-18 15:04:34,509 scale=[array([1.])]
2019-01-18 15:04:34,509 *** End Initial Checkpoint

2019-01-18 15:04:34,566 1 loss=0.996416083298827
2019-01-18 15:04:34,567 2 loss=0.926041926300286
2019-01-18 15:04:34,568 3 loss=0.8621359223926643
2019-01-18 15:04:34,569 4 loss=0.805690016247416
2019-01-18 15:04:34,569 5 loss=0.7558436343503805
2019-01-18 15:04:34,570 6 loss=0.7117076381007229
2019-01-18 15:04:34,571 7 loss=0.6724910715612424
2019-01-18 15:04:34,572 8 loss=0.6375134520539253
2019-01-18 15:04:34,572 9 loss=0.60619564700905
2019-01-18 15:04:34,573 10 loss=0.5780464458495499
2019-01-18 15:04:34,573 
*** Major Checkpoint. Computing Stats and Saving
2019-01-18 15:04:34,573 	 Computing Major Stats lazily... 
2019-01-18 15:04:34,575 		 Completed edges=380 good=380 bad=0
2019-01-18 15:04:34,578 Distortion avg=0.7135218798880105 wc=20.30216111384686 me=1.0766184301955861 mc=18.857341231060502 nan_elements=0
2019-01-18 15:04:34,578 MAP = 0.10089552929118524
2019-01-18 15:04:34,578 scale=[array([1.])]
2019-01-18 15:04:34,578 *** End Major Checkpoint

2019-01-18 15:04:34,579 11 loss=0.5526493032042762
2019-01-18 15:04:34,580 12 loss=0.5296505118141913
2019-01-18 15:04:34,580 13 loss=0.5087490594676488
2019-01-18 15:04:34,581 14 loss=0.48968808664922203
2019-01-18 15:04:34,582 15 loss=0.4722477556161883
2019-01-18 15:04:34,583 16 loss=0.4562393223099697
2019-01-18 15:04:34,583 17 loss=0.44150021568003606
2019-01-18 15:04:34,584 18 loss=0.42788995294864024
2019-01-18 15:04:34,585 19 loss=0.4152867451493656
2019-01-18 15:04:34,586 20 loss=0.40358467135683096
2019-01-18 15:04:34,586 
*** Major Checkpoint. Computing Stats and Saving
2019-01-18 15:04:34,586 	 Computing Major Stats lazily... 
2019-01-18 15:04:34,587 		 Completed edges=380 good=380 bad=0
2019-01-18 15:04:34,591 Distortion avg=0.5934807650482223 wc=14.559475997056275 me=1.385932611949959 mc=10.505183204089265 nan_elements=0
2019-01-18 15:04:34,591 MAP = 0.12045073318172195
2019-01-18 15:04:34,591 scale=[array([1.])]
2019-01-18 15:04:34,591 *** End Major Checkpoint

2019-01-18 15:04:34,592 21 loss=0.3926913211437299
2019-01-18 15:04:34,593 22 loss=0.38252582272873525
2019-01-18 15:04:34,594 23 loss=0.37301718921812466
2019-01-18 15:04:34,594 24 loss=0.3641029276561231
2019-01-18 15:04:34,595 25 loss=0.35572786567785175
2019-01-18 15:04:34,596 26 loss=0.34784315877646305
2019-01-18 15:04:34,596 27 loss=0.34040544788157284
2019-01-18 15:04:34,597 28 loss=0.33337614238008745
2019-01-18 15:04:34,598 29 loss=0.32672080812729876
2019-01-18 15:04:34,599 30 loss=0.3204086435885743
2019-01-18 15:04:34,599 
*** Major Checkpoint. Computing Stats and Saving
2019-01-18 15:04:34,599 	 Computing Major Stats lazily... 
2019-01-18 15:04:34,601 		 Completed edges=380 good=380 bad=0
2019-01-18 15:04:34,604 Distortion avg=0.5276643500549199 wc=12.50863882399049 me=1.6200723989142545 mc=7.721036931666492 nan_elements=0
2019-01-18 15:04:34,604 MAP = 0.15293301493040273
2019-01-18 15:04:34,604 scale=[array([1.])]
2019-01-18 15:04:34,604 *** End Major Checkpoint

2019-01-18 15:04:34,605 31 loss=0.3144120301775899
2019-01-18 15:04:34,606 32 loss=0.30870614524356127
2019-01-18 15:04:34,606 33 loss=0.3032686281105612
2019-01-18 15:04:34,607 34 loss=0.29807929116998005
2019-01-18 15:04:34,608 35 loss=0.29311986933948125
2019-01-18 15:04:34,609 36 loss=0.2883738022823245
2019-01-18 15:04:34,609 37 loss=0.28382604467305755
2019-01-18 15:04:34,610 38 loss=0.27946290053423206
2019-01-18 15:04:34,611 39 loss=0.27527187828214994
2019-01-18 15:04:34,611 40 loss=0.27124156363042395
2019-01-18 15:04:34,611 
*** Major Checkpoint. Computing Stats and Saving
2019-01-18 15:04:34,612 	 Computing Major Stats lazily... 
2019-01-18 15:04:34,613 		 Completed edges=380 good=380 bad=0
2019-01-18 15:04:34,616 Distortion avg=0.4773455162350494 wc=11.097871378468962 me=1.7558807477494422 mc=6.320401537913888 nan_elements=0
2019-01-18 15:04:34,616 MAP = 0.2504290475659961
2019-01-18 15:04:34,616 scale=[array([1.])]
2019-01-18 15:04:34,617 *** End Major Checkpoint

2019-01-18 15:04:34,617 41 loss=0.26736150792673985
2019-01-18 15:04:34,618 42 loss=0.2636221298555441
2019-01-18 15:04:34,619 43 loss=0.26001462873955833
2019-01-18 15:04:34,619 44 loss=0.25653090792591743
2019-01-18 15:04:34,620 45 loss=0.2531635069563755
2019-01-18 15:04:34,621 46 loss=0.24990554140203583
2019-01-18 15:04:34,622 47 loss=0.2467506493968258
2019-01-18 15:04:34,622 48 loss=0.24369294403491656
2019-01-18 15:04:34,623 49 loss=0.2407269709091427
2019-01-18 15:04:34,624 50 loss=0.23784767016324662
2019-01-18 15:04:34,624 
*** Major Checkpoint. Computing Stats and Saving
2019-01-18 15:04:34,624 	 Computing Major Stats lazily... 
2019-01-18 15:04:34,626 		 Completed edges=380 good=380 bad=0
2019-01-18 15:04:34,629 Distortion avg=0.43703087491695086 wc=9.968040735051044 me=1.8215143806816747 mc=5.472392005667643 nan_elements=0
2019-01-18 15:04:34,629 MAP = 0.3060039613164613
2019-01-18 15:04:34,629 scale=[array([1.])]
2019-01-18 15:04:34,629 *** End Major Checkpoint

2019-01-18 15:04:34,629 final loss=0.23784767016324662
2019-01-18 15:04:34,629 best loss=0.23784767016324662, distortion=0.43703087491695086, map=0.3060039613164613, wc_dist=9.968040735051044
2019-01-18 15:04:34,629 	 Computing Major Stats lazily... 
2019-01-18 15:04:34,631 		 Completed edges=380 good=380 bad=0
2019-01-18 15:04:34,634 Distortion avg=0.4370308749169508 wc=9.968040735051044 me=1.8215143806816747 mc=5.472392005667643 nan_elements=0
2019-01-18 15:04:34,634 MAP = 0.3060039613164613
2019-01-18 15:04:34,634 scale=[array([1.])]
