2019-01-18 15:08:37,443 Commandline ['pytorch/pytorch_hyperbolic.py', 'learn', 'data/edges/parsing/ewt/ewt_dev/782.edges', '--dim', '0', '--hyp', '0', '--edim', '10', '--euc', '1', '--sdim', '0', '--sph', '0', '--log-name', 'ewt_devr2/782.edges.E10-1.lr1.log', '--batch-size', '65536', '--epochs', '50', '--checkpoint-freq', '10', '-g', '--subsample', '1024', '--learning-rate', '1']
2019-01-18 15:08:37,443 No Model Save selected!
2019-01-18 15:08:37,445 Loaded Graph data/edges/parsing/ewt/ewt_dev/782.edges with 4 nodes scale=1.0
2019-01-18 15:08:37,445 Building dataset
2019-01-18 15:08:37,445 Subsample: 4 points with scale 1.0 subsample=3
2019-01-18 15:08:37,448 Built Data Sampler
2019-01-18 15:08:37,448 Creating a fresh model warm_start?=None
2019-01-18 15:08:37,448 	 Warmstarting? None None 4
2019-01-18 15:08:37,449 Embedding() torch.Size([4, 10])
2019-01-18 15:08:37,449 relative No Rescale
2019-01-18 15:08:37,449 Constructed model with dim=0 and epochs=0 isnan=False
2019-01-18 15:08:37,449 SGD (
Parameter Group 0
    dampening: 0
    initial_lr: 0.1
    lr: 1.0
    momentum: 0.0
    nesterov: False
    weight_decay: 0

Parameter Group 1
    dampening: 0
    initial_lr: 0.1
    lr: 1.0
    momentum: 0.0
    nesterov: False
    weight_decay: 0

Parameter Group 2
    dampening: 0
    initial_lr: 0.1
    lr: 1.0
    momentum: 0.0
    nesterov: False
    weight_decay: 0

Parameter Group 3
    dampening: 0
    initial_lr: 0.0001
    lr: 0.001
    momentum: 0.0
    nesterov: False
    weight_decay: 0
)
2019-01-18 15:08:37,449 *** Initial Checkpoint. Computing Stats
2019-01-18 15:08:37,449 	 Computing Major Stats lazily... 
2019-01-18 15:08:37,450 		 Completed edges=12 good=12 bad=0
2019-01-18 15:08:37,451 Distortion avg=0.9966404299181114 wc=3.2869580912217393 me=0.005628252251848828 mc=584.0104430539702 nan_elements=0
2019-01-18 15:08:37,451 MAP = 0.5
2019-01-18 15:08:37,451 scale=[array([1.])]
2019-01-18 15:08:37,451 *** End Initial Checkpoint

2019-01-18 15:08:37,508 1 loss=0.9932946490341571
2019-01-18 15:08:37,509 2 loss=0.2407395144924753
2019-01-18 15:08:37,509 3 loss=0.1294833284649695
2019-01-18 15:08:37,510 4 loss=0.07888125022286527
2019-01-18 15:08:37,510 5 loss=0.05111446373423253
2019-01-18 15:08:37,511 6 loss=0.035110241552562343
2019-01-18 15:08:37,511 7 loss=0.02553088144826274
2019-01-18 15:08:37,512 8 loss=0.01952698322341952
2019-01-18 15:08:37,512 9 loss=0.015603051035423412
2019-01-18 15:08:37,512 10 loss=0.01294279876686467
2019-01-18 15:08:37,512 
*** Major Checkpoint. Computing Stats and Saving
2019-01-18 15:08:37,512 	 Computing Major Stats lazily... 
2019-01-18 15:08:37,513 		 Completed edges=12 good=12 bad=0
2019-01-18 15:08:37,514 Distortion avg=0.10162759159646832 wc=1.2591472358577938 me=1.0805921398963225 mc=1.1652381961417957 nan_elements=0
2019-01-18 15:08:37,514 MAP = 1.0
2019-01-18 15:08:37,514 scale=[array([1.])]
2019-01-18 15:08:37,514 *** End Major Checkpoint

2019-01-18 15:08:37,514 11 loss=0.011080267580807442
2019-01-18 15:08:37,515 12 loss=0.009739192030568788
2019-01-18 15:08:37,515 13 loss=0.008750077509507343
2019-01-18 15:08:37,516 14 loss=0.008005510421100225
2019-01-18 15:08:37,516 15 loss=0.007435302255630326
2019-01-18 15:08:37,516 16 loss=0.006992263995116498
2019-01-18 15:08:37,517 17 loss=0.006643831475188718
2019-01-18 15:08:37,517 18 loss=0.00636699627912856
2019-01-18 15:08:37,518 19 loss=0.006145153773771256
2019-01-18 15:08:37,518 20 loss=0.005966092316536989
2019-01-18 15:08:37,518 
*** Major Checkpoint. Computing Stats and Saving
2019-01-18 15:08:37,518 	 Computing Major Stats lazily... 
2019-01-18 15:08:37,519 		 Completed edges=12 good=12 bad=0
2019-01-18 15:08:37,519 Distortion avg=0.07584531129545503 wc=1.1721338856563208 me=1.0693961364103017 mc=1.096070806456141 nan_elements=0
2019-01-18 15:08:37,519 MAP = 1.0
2019-01-18 15:08:37,520 scale=[array([1.])]
2019-01-18 15:08:37,520 *** End Major Checkpoint

2019-01-18 15:08:37,520 21 loss=0.005820679118867233
2019-01-18 15:08:37,521 22 loss=0.005701981819181491
2019-01-18 15:08:37,521 23 loss=0.005604668880595393
2019-01-18 15:08:37,521 24 loss=0.005524592303003055
2019-01-18 15:08:37,522 25 loss=0.005458491969625521
2019-01-18 15:08:37,522 26 loss=0.00540378268251492
2019-01-18 15:08:37,523 27 loss=0.005358398403380333
2019-01-18 15:08:37,523 28 loss=0.00532067672055487
2019-01-18 15:08:37,524 29 loss=0.005289272036446988
2019-01-18 15:08:37,524 30 loss=0.005263089554618167
2019-01-18 15:08:37,524 
*** Major Checkpoint. Computing Stats and Saving
2019-01-18 15:08:37,524 	 Computing Major Stats lazily... 
2019-01-18 15:08:37,524 		 Completed edges=12 good=12 bad=0
2019-01-18 15:08:37,525 Distortion avg=0.07218243953867791 wc=1.1582831361138066 me=1.0669175059389235 mc=1.0856351401737272 nan_elements=0
2019-01-18 15:08:37,525 MAP = 1.0
2019-01-18 15:08:37,525 scale=[array([1.])]
2019-01-18 15:08:37,525 *** End Major Checkpoint

2019-01-18 15:08:37,526 31 loss=0.005241234532094112
2019-01-18 15:08:37,526 32 loss=0.005222972875700674
2019-01-18 15:08:37,527 33 loss=0.005207700267418497
2019-01-18 15:08:37,527 34 loss=0.005194917772591083
2019-01-18 15:08:37,528 35 loss=0.005184212426025241
2019-01-18 15:08:37,528 36 loss=0.00517524167660998
2019-01-18 15:08:37,528 37 loss=0.005167720848972991
2019-01-18 15:08:37,529 38 loss=0.00516141298318545
2019-01-18 15:08:37,529 39 loss=0.0051561205626423695
2019-01-18 15:08:37,530 40 loss=0.005151678751177279
2019-01-18 15:08:37,530 
*** Major Checkpoint. Computing Stats and Saving
2019-01-18 15:08:37,530 	 Computing Major Stats lazily... 
2019-01-18 15:08:37,530 		 Completed edges=12 good=12 bad=0
2019-01-18 15:08:37,531 Distortion avg=0.07156109664487552 wc=1.155487461986976 me=1.0664260496921794 mc=1.0835139129623699 nan_elements=0
2019-01-18 15:08:37,531 MAP = 1.0
2019-01-18 15:08:37,531 scale=[array([1.])]
2019-01-18 15:08:37,531 *** End Major Checkpoint

2019-01-18 15:08:37,532 41 loss=0.005147949843805557
2019-01-18 15:08:37,532 42 loss=0.005144818698686658
2019-01-18 15:08:37,532 43 loss=0.00514218896625141
2019-01-18 15:08:37,533 44 loss=0.0051399799687612035
2019-01-18 15:08:37,533 45 loss=0.005138124112604785
2019-01-18 15:08:37,534 46 loss=0.005136564738407258
2019-01-18 15:08:37,534 47 loss=0.005135254332007711
2019-01-18 15:08:37,535 48 loss=0.005134153033657962
2019-01-18 15:08:37,535 49 loss=0.005133227394231143
2019-01-18 15:08:37,535 50 loss=0.005132449336428505
2019-01-18 15:08:37,535 
*** Major Checkpoint. Computing Stats and Saving
2019-01-18 15:08:37,535 	 Computing Major Stats lazily... 
2019-01-18 15:08:37,536 		 Completed edges=12 good=12 bad=0
2019-01-18 15:08:37,536 Distortion avg=0.07145200514321907 wc=1.1548810574391133 me=1.066326818975048 mc=1.083046057632859 nan_elements=0
2019-01-18 15:08:37,536 MAP = 1.0
2019-01-18 15:08:37,537 scale=[array([1.])]
2019-01-18 15:08:37,537 *** End Major Checkpoint

2019-01-18 15:08:37,537 final loss=0.005132449336428505
2019-01-18 15:08:37,537 best loss=0.005132449336428505, distortion=0.07145200514321907, map=1.0, wc_dist=1.1548810574391133
2019-01-18 15:08:37,537 	 Computing Major Stats lazily... 
2019-01-18 15:08:37,537 		 Completed edges=12 good=12 bad=0
2019-01-18 15:08:37,538 Distortion avg=0.07145200514321907 wc=1.1548810574391133 me=1.066326818975048 mc=1.083046057632859 nan_elements=0
2019-01-18 15:08:37,538 MAP = 1.0
2019-01-18 15:08:37,538 scale=[array([1.])]
