2019-01-18 14:57:23,671 Commandline ['pytorch/pytorch_hyperbolic.py', 'learn', 'data/edges/parsing/ewt/ewt_dev/785.edges', '--dim', '0', '--hyp', '0', '--edim', '10', '--euc', '1', '--sdim', '0', '--sph', '0', '--log-name', 'ewt_devr2/785.edges.E10-1.lr1.log', '--batch-size', '65536', '--epochs', '50', '--checkpoint-freq', '10', '-g', '--subsample', '1024', '--learning-rate', '1']
2019-01-18 14:57:23,671 No Model Save selected!
2019-01-18 14:57:23,673 Loaded Graph data/edges/parsing/ewt/ewt_dev/785.edges with 11 nodes scale=1.0
2019-01-18 14:57:23,673 Building dataset
2019-01-18 14:57:23,674 Subsample: 11 points with scale 1.0 subsample=10
2019-01-18 14:57:23,683 Built Data Sampler
2019-01-18 14:57:23,683 Creating a fresh model warm_start?=None
2019-01-18 14:57:23,683 	 Warmstarting? None None 11
2019-01-18 14:57:23,684 Embedding() torch.Size([11, 10])
2019-01-18 14:57:23,684 relative No Rescale
2019-01-18 14:57:23,684 Constructed model with dim=0 and epochs=0 isnan=False
2019-01-18 14:57:23,685 SGD (
Parameter Group 0
    dampening: 0
    initial_lr: 0.1
    lr: 1.0
    momentum: 0.0
    nesterov: False
    weight_decay: 0

Parameter Group 1
    dampening: 0
    initial_lr: 0.1
    lr: 1.0
    momentum: 0.0
    nesterov: False
    weight_decay: 0

Parameter Group 2
    dampening: 0
    initial_lr: 0.1
    lr: 1.0
    momentum: 0.0
    nesterov: False
    weight_decay: 0

Parameter Group 3
    dampening: 0
    initial_lr: 0.0001
    lr: 0.001
    momentum: 0.0
    nesterov: False
    weight_decay: 0
)
2019-01-18 14:57:23,685 *** Initial Checkpoint. Computing Stats
2019-01-18 14:57:23,685 	 Computing Major Stats lazily... 
2019-01-18 14:57:23,686 		 Completed edges=110 good=110 bad=0
2019-01-18 14:57:23,688 Distortion avg=0.9977644511911695 wc=11.77589793396752 me=0.005941110731069004 mc=1982.1037625818906 nan_elements=0
2019-01-18 14:57:23,688 MAP = 0.28857623857623854
2019-01-18 14:57:23,689 scale=[array([1.])]
2019-01-18 14:57:23,689 *** End Initial Checkpoint

2019-01-18 14:57:23,749 1 loss=0.9955355342500585
2019-01-18 14:57:23,750 2 loss=0.7978743008693038
2019-01-18 14:57:23,750 3 loss=0.6560088427545304
2019-01-18 14:57:23,751 4 loss=0.5572269626156834
2019-01-18 14:57:23,751 5 loss=0.4863474624154044
2019-01-18 14:57:23,752 6 loss=0.43362110822900485
2019-01-18 14:57:23,752 7 loss=0.3930005487591706
2019-01-18 14:57:23,753 8 loss=0.36070926008087423
2019-01-18 14:57:23,753 9 loss=0.3343443079083558
2019-01-18 14:57:23,754 10 loss=0.3123388785503253
2019-01-18 14:57:23,754 
*** Major Checkpoint. Computing Stats and Saving
2019-01-18 14:57:23,754 	 Computing Major Stats lazily... 
2019-01-18 14:57:23,755 		 Completed edges=110 good=110 bad=0
2019-01-18 14:57:23,756 Distortion avg=0.5003643591503336 wc=9.124127681267026 me=1.3467479665859883 mc=6.774933326535274 nan_elements=0
2019-01-18 14:57:23,756 MAP = 0.21415343915343918
2019-01-18 14:57:23,757 scale=[array([1.])]
2019-01-18 14:57:23,757 *** End Major Checkpoint

2019-01-18 14:57:23,757 11 loss=0.29364234276068046
2019-01-18 14:57:23,758 12 loss=0.27752855965409323
2019-01-18 14:57:23,758 13 loss=0.2634796287351864
2019-01-18 14:57:23,759 14 loss=0.2511143593363944
2019-01-18 14:57:23,759 15 loss=0.24014355582016755
2019-01-18 14:57:23,760 16 loss=0.23034160308287316
2019-01-18 14:57:23,760 17 loss=0.22152810016008687
2019-01-18 14:57:23,761 18 loss=0.21355577298091133
2019-01-18 14:57:23,761 19 loss=0.20630236223389656
2019-01-18 14:57:23,762 20 loss=0.1996650589877596
2019-01-18 14:57:23,762 
*** Major Checkpoint. Computing Stats and Saving
2019-01-18 14:57:23,762 	 Computing Major Stats lazily... 
2019-01-18 14:57:23,763 		 Completed edges=110 good=110 bad=0
2019-01-18 14:57:23,765 Distortion avg=0.3938382958048059 wc=6.877282660730629 me=1.4865797398083127 mc=4.626245385005329 nan_elements=0
2019-01-18 14:57:23,765 MAP = 0.5260221260221261
2019-01-18 14:57:23,765 scale=[array([1.])]
2019-01-18 14:57:23,765 *** End Major Checkpoint

2019-01-18 14:57:23,765 21 loss=0.19355659309760523
2019-01-18 14:57:23,766 22 loss=0.1879024072680034
2019-01-18 14:57:23,766 23 loss=0.18263855408040555
2019-01-18 14:57:23,767 24 loss=0.17771008216876918
2019-01-18 14:57:23,767 25 loss=0.17306975970988508
2019-01-18 14:57:23,768 26 loss=0.16867703592856215
2019-01-18 14:57:23,768 27 loss=0.16449717517293433
2019-01-18 14:57:23,769 28 loss=0.16050052002713447
2019-01-18 14:57:23,769 29 loss=0.15666185415606687
2019-01-18 14:57:23,770 30 loss=0.1529598448373433
2019-01-18 14:57:23,770 
*** Major Checkpoint. Computing Stats and Saving
2019-01-18 14:57:23,770 	 Computing Major Stats lazily... 
2019-01-18 14:57:23,771 		 Completed edges=110 good=110 bad=0
2019-01-18 14:57:23,773 Distortion avg=0.337257465069197 wc=5.721616942450132 me=1.4861730676143148 mc=3.849899494972534 nan_elements=0
2019-01-18 14:57:23,773 MAP = 0.731926406926407
2019-01-18 14:57:23,773 scale=[array([1.])]
2019-01-18 14:57:23,773 *** End Major Checkpoint

2019-01-18 14:57:23,773 31 loss=0.1493765511753683
2019-01-18 14:57:23,774 32 loss=0.1458969879414411
2019-01-18 14:57:23,774 33 loss=0.14250873757495292
2019-01-18 14:57:23,775 34 loss=0.1392016045919696
2019-01-18 14:57:23,775 35 loss=0.13596730779016863
2019-01-18 14:57:23,776 36 loss=0.1327992064162943
2019-01-18 14:57:23,776 37 loss=0.1296920570058572
2019-01-18 14:57:23,777 38 loss=0.12664179799981864
2019-01-18 14:57:23,777 39 loss=0.12364535954374763
2019-01-18 14:57:23,778 40 loss=0.12070049611547141
2019-01-18 14:57:23,778 
*** Major Checkpoint. Computing Stats and Saving
2019-01-18 14:57:23,778 	 Computing Major Stats lazily... 
2019-01-18 14:57:23,779 		 Completed edges=110 good=110 bad=0
2019-01-18 14:57:23,780 Distortion avg=0.29781502386593517 wc=4.786306937255134 me=1.4530270761497057 mc=3.294024602719791 nan_elements=0
2019-01-18 14:57:23,781 MAP = 0.7958152958152958
2019-01-18 14:57:23,781 scale=[array([1.])]
2019-01-18 14:57:23,781 *** End Major Checkpoint

2019-01-18 14:57:23,781 41 loss=0.11780563982852825
2019-01-18 14:57:23,782 42 loss=0.11495977243335423
2019-01-18 14:57:23,782 43 loss=0.11216231419355506
2019-01-18 14:57:23,783 44 loss=0.10941302795524056
2019-01-18 14:57:23,783 45 loss=0.10671193685599578
2019-01-18 14:57:23,784 46 loss=0.10405925423854223
2019-01-18 14:57:23,784 47 loss=0.10145532444403255
2019-01-18 14:57:23,785 48 loss=0.09890057326254305
2019-01-18 14:57:23,785 49 loss=0.09639546691487441
2019-01-18 14:57:23,786 50 loss=0.09394047853123738
2019-01-18 14:57:23,786 
*** Major Checkpoint. Computing Stats and Saving
2019-01-18 14:57:23,786 	 Computing Major Stats lazily... 
2019-01-18 14:57:23,787 		 Completed edges=110 good=110 bad=0
2019-01-18 14:57:23,788 Distortion avg=0.25978587360546856 wc=3.9410214897865234 me=1.4040029512715178 mc=2.8069894626769742 nan_elements=0
2019-01-18 14:57:23,788 MAP = 1.0
2019-01-18 14:57:23,789 scale=[array([1.])]
2019-01-18 14:57:23,789 *** End Major Checkpoint

2019-01-18 14:57:23,789 final loss=0.09394047853123738
2019-01-18 14:57:23,789 best loss=0.09394047853123738, distortion=0.25978587360546856, map=1.0, wc_dist=3.9410214897865234
2019-01-18 14:57:23,789 	 Computing Major Stats lazily... 
2019-01-18 14:57:23,789 		 Completed edges=110 good=110 bad=0
2019-01-18 14:57:23,791 Distortion avg=0.25978587360546856 wc=3.9410214897865234 me=1.4040029512715178 mc=2.8069894626769742 nan_elements=0
2019-01-18 14:57:23,791 MAP = 1.0
2019-01-18 14:57:23,791 scale=[array([1.])]
