2019-01-18 14:57:01,162 Commandline ['pytorch/pytorch_hyperbolic.py', 'learn', 'data/edges/parsing/ewt/ewt_dev/791.edges', '--dim', '0', '--hyp', '0', '--edim', '10', '--euc', '1', '--sdim', '0', '--sph', '0', '--log-name', 'ewt_devr2/791.edges.E10-1.lr1.log', '--batch-size', '65536', '--epochs', '50', '--checkpoint-freq', '10', '-g', '--subsample', '1024', '--learning-rate', '1']
2019-01-18 14:57:01,162 No Model Save selected!
2019-01-18 14:57:01,164 Loaded Graph data/edges/parsing/ewt/ewt_dev/791.edges with 45 nodes scale=1.0
2019-01-18 14:57:01,164 Building dataset
2019-01-18 14:57:01,164 Subsample: 45 points with scale 1.0 subsample=44
2019-01-18 14:57:01,243 Built Data Sampler
2019-01-18 14:57:01,243 Creating a fresh model warm_start?=None
2019-01-18 14:57:01,243 	 Warmstarting? None None 45
2019-01-18 14:57:01,243 Embedding() torch.Size([45, 10])
2019-01-18 14:57:01,243 relative No Rescale
2019-01-18 14:57:01,244 Constructed model with dim=0 and epochs=0 isnan=False
2019-01-18 14:57:01,244 SGD (
Parameter Group 0
    dampening: 0
    initial_lr: 0.1
    lr: 1.0
    momentum: 0.0
    nesterov: False
    weight_decay: 0

Parameter Group 1
    dampening: 0
    initial_lr: 0.1
    lr: 1.0
    momentum: 0.0
    nesterov: False
    weight_decay: 0

Parameter Group 2
    dampening: 0
    initial_lr: 0.1
    lr: 1.0
    momentum: 0.0
    nesterov: False
    weight_decay: 0

Parameter Group 3
    dampening: 0
    initial_lr: 0.0001
    lr: 0.001
    momentum: 0.0
    nesterov: False
    weight_decay: 0
)
2019-01-18 14:57:01,244 *** Initial Checkpoint. Computing Stats
2019-01-18 14:57:01,244 	 Computing Major Stats lazily... 
2019-01-18 14:57:01,252 		 Completed edges=1980 good=1980 bad=0
2019-01-18 14:57:01,259 Distortion avg=0.9988524975673184 wc=26.558507086223123 me=0.005988741940966903 mc=4434.738939834025 nan_elements=0
2019-01-18 14:57:01,259 MAP = 0.12971291628292964
2019-01-18 14:57:01,259 scale=[array([1.])]
2019-01-18 14:57:01,259 *** End Initial Checkpoint

2019-01-18 14:57:01,318 1 loss=0.9977071059318159
2019-01-18 14:57:01,320 2 loss=0.9847985054505731
2019-01-18 14:57:01,323 3 loss=0.9718049416357532
2019-01-18 14:57:01,327 4 loss=0.9590405348790486
2019-01-18 14:57:01,329 5 loss=0.9465584227531127
2019-01-18 14:57:01,331 6 loss=0.9343732558974024
2019-01-18 14:57:01,332 7 loss=0.922487738959935
2019-01-18 14:57:01,334 8 loss=0.9108996000431261
2019-01-18 14:57:01,336 9 loss=0.8996041547043596
2019-01-18 14:57:01,338 10 loss=0.8885954526033989
2019-01-18 14:57:01,338 
*** Major Checkpoint. Computing Stats and Saving
2019-01-18 14:57:01,338 	 Computing Major Stats lazily... 
2019-01-18 14:57:01,345 		 Completed edges=1980 good=1980 bad=0
2019-01-18 14:57:01,352 Distortion avg=0.9349186586555218 wc=39.512489352202884 me=0.4089826872140267 mc=96.6116429557455 nan_elements=0
2019-01-18 14:57:01,352 MAP = 0.04877639397797673
2019-01-18 14:57:01,352 scale=[array([1.])]
2019-01-18 14:57:01,353 *** End Major Checkpoint

2019-01-18 14:57:01,354 11 loss=0.8778668603657062
2019-01-18 14:57:01,356 12 loss=0.867411385640931
2019-01-18 14:57:01,358 13 loss=0.8572218693365977
2019-01-18 14:57:01,360 14 loss=0.8472911051820725
2019-01-18 14:57:01,361 15 loss=0.8376119166698984
2019-01-18 14:57:01,363 16 loss=0.8281772077236237
2019-01-18 14:57:01,365 17 loss=0.8189799965014091
2019-01-18 14:57:01,367 18 loss=0.8100134380092818
2019-01-18 14:57:01,368 19 loss=0.8012708390827262
2019-01-18 14:57:01,370 20 loss=0.7927456680449501
2019-01-18 14:57:01,370 
*** Major Checkpoint. Computing Stats and Saving
2019-01-18 14:57:01,370 	 Computing Major Stats lazily... 
2019-01-18 14:57:01,378 		 Completed edges=1980 good=1980 bad=0
2019-01-18 14:57:01,384 Distortion avg=0.8782656995949739 wc=38.72730657043286 me=0.7495521660549491 mc=51.66725989768374 nan_elements=0
2019-01-18 14:57:01,385 MAP = 0.04650362446529976
2019-01-18 14:57:01,385 scale=[array([1.])]
2019-01-18 14:57:01,385 *** End Major Checkpoint

2019-01-18 14:57:01,387 21 loss=0.7844315605830473
2019-01-18 14:57:01,388 22 loss=0.7763223228972852
2019-01-18 14:57:01,390 23 loss=0.7684119328619705
2019-01-18 14:57:01,392 24 loss=0.7606945397246673
2019-01-18 14:57:01,394 25 loss=0.7531644627258751
2019-01-18 14:57:01,395 26 loss=0.7458161889204598
2019-01-18 14:57:01,397 27 loss=0.738644370410558
2019-01-18 14:57:01,399 28 loss=0.7316438211480899
2019-01-18 14:57:01,401 29 loss=0.7248095134272203
2019-01-18 14:57:01,402 30 loss=0.7181365741591509
2019-01-18 14:57:01,402 
*** Major Checkpoint. Computing Stats and Saving
2019-01-18 14:57:01,403 	 Computing Major Stats lazily... 
2019-01-18 14:57:01,410 		 Completed edges=1980 good=1980 bad=0
2019-01-18 14:57:01,417 Distortion avg=0.8285631858794983 wc=36.8679139817427 me=1.024716531686348 mc=35.97864662246659 nan_elements=0
2019-01-18 14:57:01,417 MAP = 0.046328516069461194
2019-01-18 14:57:01,417 scale=[array([1.])]
2019-01-18 14:57:01,417 *** End Major Checkpoint

2019-01-18 14:57:01,419 31 loss=0.7116202810005631
2019-01-18 14:57:01,421 32 loss=0.7052560583911344
2019-01-18 14:57:01,422 33 loss=0.6990394735433069
2019-01-18 14:57:01,424 34 loss=0.6929662324180624
2019-01-18 14:57:01,426 35 loss=0.6870321757130936
2019-01-18 14:57:01,428 36 loss=0.6812332748840026
2019-01-18 14:57:01,429 37 loss=0.6755656282145726
2019-01-18 14:57:01,431 38 loss=0.6700254569485641
2019-01-18 14:57:01,433 39 loss=0.6646091014925685
2019-01-18 14:57:01,434 40 loss=0.6593130176971561
2019-01-18 14:57:01,434 
*** Major Checkpoint. Computing Stats and Saving
2019-01-18 14:57:01,435 	 Computing Major Stats lazily... 
2019-01-18 14:57:01,442 		 Completed edges=1980 good=1980 bad=0
2019-01-18 14:57:01,448 Distortion avg=0.7878605118853174 wc=34.856297951285015 me=1.2454391270023597 mc=27.98715504882237 nan_elements=0
2019-01-18 14:57:01,448 MAP = 0.04636676445592979
2019-01-18 14:57:01,449 scale=[array([1.])]
2019-01-18 14:57:01,449 *** End Major Checkpoint

2019-01-18 14:57:01,450 41 loss=0.6541337732216668
2019-01-18 14:57:01,452 42 loss=0.649068043986507
2019-01-18 14:57:01,454 43 loss=0.6441126107155761
2019-01-18 14:57:01,455 44 loss=0.6392643555704853
2019-01-18 14:57:01,457 45 loss=0.6345202588774059
2019-01-18 14:57:01,459 46 loss=0.629877395946757
2019-01-18 14:57:01,462 47 loss=0.6253329339854129
2019-01-18 14:57:01,464 48 loss=0.6208841291006852
2019-01-18 14:57:01,466 49 loss=0.616528323395001
2019-01-18 14:57:01,467 50 loss=0.6122629421499276
2019-01-18 14:57:01,468 
*** Major Checkpoint. Computing Stats and Saving
2019-01-18 14:57:01,468 	 Computing Major Stats lazily... 
2019-01-18 14:57:01,475 		 Completed edges=1980 good=1980 bad=0
2019-01-18 14:57:01,482 Distortion avg=0.7573222857455006 wc=32.8974443533303 me=1.4215027087737664 mc=23.142723647504468 nan_elements=0
2019-01-18 14:57:01,482 MAP = 0.04727617854386419
2019-01-18 14:57:01,482 scale=[array([1.])]
2019-01-18 14:57:01,482 *** End Major Checkpoint

2019-01-18 14:57:01,482 final loss=0.6122629421499276
2019-01-18 14:57:01,482 best loss=0.6122629421499276, distortion=0.7573222857455006, map=0.04877639397797673, wc_dist=32.8974443533303
2019-01-18 14:57:01,482 	 Computing Major Stats lazily... 
2019-01-18 14:57:01,489 		 Completed edges=1980 good=1980 bad=0
2019-01-18 14:57:01,496 Distortion avg=0.757322285745499 wc=32.8974443533303 me=1.4215027087737664 mc=23.142723647504468 nan_elements=0
2019-01-18 14:57:01,496 MAP = 0.047276178543864185
2019-01-18 14:57:01,497 scale=[array([1.])]
