2019-01-18 15:06:55,166 Commandline ['pytorch/pytorch_hyperbolic.py', 'learn', 'data/edges/parsing/ewt/ewt_dev/793.edges', '--dim', '0', '--hyp', '0', '--edim', '10', '--euc', '1', '--sdim', '0', '--sph', '0', '--log-name', 'ewt_devr2/793.edges.E10-1.lr1.log', '--batch-size', '65536', '--epochs', '50', '--checkpoint-freq', '10', '-g', '--subsample', '1024', '--learning-rate', '1']
2019-01-18 15:06:55,166 No Model Save selected!
2019-01-18 15:06:55,169 Loaded Graph data/edges/parsing/ewt/ewt_dev/793.edges with 47 nodes scale=1.0
2019-01-18 15:06:55,169 Building dataset
2019-01-18 15:06:55,169 Subsample: 47 points with scale 1.0 subsample=46
2019-01-18 15:06:55,256 Built Data Sampler
2019-01-18 15:06:55,256 Creating a fresh model warm_start?=None
2019-01-18 15:06:55,256 	 Warmstarting? None None 47
2019-01-18 15:06:55,257 Embedding() torch.Size([47, 10])
2019-01-18 15:06:55,257 relative No Rescale
2019-01-18 15:06:55,257 Constructed model with dim=0 and epochs=0 isnan=False
2019-01-18 15:06:55,257 SGD (
Parameter Group 0
    dampening: 0
    initial_lr: 0.1
    lr: 1.0
    momentum: 0.0
    nesterov: False
    weight_decay: 0

Parameter Group 1
    dampening: 0
    initial_lr: 0.1
    lr: 1.0
    momentum: 0.0
    nesterov: False
    weight_decay: 0

Parameter Group 2
    dampening: 0
    initial_lr: 0.1
    lr: 1.0
    momentum: 0.0
    nesterov: False
    weight_decay: 0

Parameter Group 3
    dampening: 0
    initial_lr: 0.0001
    lr: 0.001
    momentum: 0.0
    nesterov: False
    weight_decay: 0
)
2019-01-18 15:06:55,257 *** Initial Checkpoint. Computing Stats
2019-01-18 15:06:55,257 	 Computing Major Stats lazily... 
2019-01-18 15:06:55,266 		 Completed edges=2162 good=2162 bad=0
2019-01-18 15:06:55,273 Distortion avg=0.9986282470073687 wc=16.712011286837107 me=0.006841983940850235 mc=2442.568037474866 nan_elements=0
2019-01-18 15:06:55,273 MAP = 0.07994734386750024
2019-01-18 15:06:55,274 scale=[array([1.])]
2019-01-18 15:06:55,274 *** End Initial Checkpoint

2019-01-18 15:06:55,332 1 loss=0.9972591373558481
2019-01-18 15:06:55,335 2 loss=0.9795219198857961
2019-01-18 15:06:55,336 3 loss=0.961823493027708
2019-01-18 15:06:55,338 4 loss=0.9445796469320806
2019-01-18 15:06:55,340 5 loss=0.9278361980529354
2019-01-18 15:06:55,342 6 loss=0.911595918030291
2019-01-18 15:06:55,344 7 loss=0.895849770123753
2019-01-18 15:06:55,346 8 loss=0.8805843905093977
2019-01-18 15:06:55,348 9 loss=0.8657846932994337
2019-01-18 15:06:55,350 10 loss=0.8514349834089674
2019-01-18 15:06:55,350 
*** Major Checkpoint. Computing Stats and Saving
2019-01-18 15:06:55,350 	 Computing Major Stats lazily... 
2019-01-18 15:06:55,358 		 Completed edges=2162 good=2162 bad=0
2019-01-18 15:06:55,366 Distortion avg=0.9123256754958231 wc=31.136664898271636 me=0.5656020994266998 mc=55.05047617367772 nan_elements=0
2019-01-18 15:06:55,366 MAP = 0.042545481416941054
2019-01-18 15:06:55,366 scale=[array([1.])]
2019-01-18 15:06:55,366 *** End Major Checkpoint

2019-01-18 15:06:55,368 11 loss=0.8375194949019766
2019-01-18 15:06:55,370 12 loss=0.8240226719903371
2019-01-18 15:06:55,372 13 loss=0.8109293217474516
2019-01-18 15:06:55,373 14 loss=0.7982246976503908
2019-01-18 15:06:55,375 15 loss=0.7858945435759609
2019-01-18 15:06:55,377 16 loss=0.7739251141843072
2019-01-18 15:06:55,379 17 loss=0.7623031807589454
2019-01-18 15:06:55,381 18 loss=0.7510160279079557
2019-01-18 15:06:55,383 19 loss=0.7400514444708062
2019-01-18 15:06:55,385 20 loss=0.7293977107649968
2019-01-18 15:06:55,385 
*** Major Checkpoint. Computing Stats and Saving
2019-01-18 15:06:55,385 	 Computing Major Stats lazily... 
2019-01-18 15:06:55,393 		 Completed edges=2162 good=2162 bad=0
2019-01-18 15:06:55,400 Distortion avg=0.8380984376625329 wc=29.001323981317423 me=0.9717583502023869 mc=29.84417265390861 nan_elements=0
2019-01-18 15:06:55,400 MAP = 0.04203792792628855
2019-01-18 15:06:55,400 scale=[array([1.])]
2019-01-18 15:06:55,401 *** End Major Checkpoint

2019-01-18 15:06:55,403 21 loss=0.7190435835687053
2019-01-18 15:06:55,404 22 loss=0.7089782797710005
2019-01-18 15:06:55,406 23 loss=0.6991914593204924
2019-01-18 15:06:55,408 24 loss=0.6896732079040517
2019-01-18 15:06:55,410 25 loss=0.6804140196524423
2019-01-18 15:06:55,412 26 loss=0.6714047800769634
2019-01-18 15:06:55,414 27 loss=0.6626367493763916
2019-01-18 15:06:55,415 28 loss=0.6541015462077022
2019-01-18 15:06:55,417 29 loss=0.6457911319813134
2019-01-18 15:06:55,419 30 loss=0.637697795718069
2019-01-18 15:06:55,419 
*** Major Checkpoint. Computing Stats and Saving
2019-01-18 15:06:55,419 	 Computing Major Stats lazily... 
2019-01-18 15:06:55,427 		 Completed edges=2162 good=2162 bad=0
2019-01-18 15:06:55,435 Distortion avg=0.7763254305109007 wc=26.164369316560595 me=1.2523426124365813 mc=20.892341326352145 nan_elements=0
2019-01-18 15:06:55,435 MAP = 0.04216355181685638
2019-01-18 15:06:55,435 scale=[array([1.])]
2019-01-18 15:06:55,435 *** End Major Checkpoint

2019-01-18 15:06:55,437 31 loss=0.6298141394881381
2019-01-18 15:06:55,439 32 loss=0.6221330644396927
2019-01-18 15:06:55,440 33 loss=0.6146477574162961
2019-01-18 15:06:55,442 34 loss=0.607351678155503
2019-01-18 15:06:55,444 35 loss=0.600238547056596
2019-01-18 15:06:55,446 36 loss=0.5933023335021728
2019-01-18 15:06:55,448 37 loss=0.5865372447161097
2019-01-18 15:06:55,449 38 loss=0.5799377151390067
2019-01-18 15:06:55,451 39 loss=0.5734983963013848
2019-01-18 15:06:55,453 40 loss=0.5672141471744839
2019-01-18 15:06:55,453 
*** Major Checkpoint. Computing Stats and Saving
2019-01-18 15:06:55,453 	 Computing Major Stats lazily... 
2019-01-18 15:06:55,462 		 Completed edges=2162 good=2162 bad=0
2019-01-18 15:06:55,469 Distortion avg=0.7288646809960854 wc=23.685435631509847 me=1.4552359813419546 mc=16.27601016961399 nan_elements=0
2019-01-18 15:06:55,469 MAP = 0.04238826560451422
2019-01-18 15:06:55,469 scale=[array([1.])]
2019-01-18 15:06:55,469 *** End Major Checkpoint

2019-01-18 15:06:55,471 41 loss=0.5610800249784338
2019-01-18 15:06:55,473 42 loss=0.5550912764277128
2019-01-18 15:06:55,475 43 loss=0.5492433293941521
2019-01-18 15:06:55,477 44 loss=0.5435317849681907
2019-01-18 15:06:55,479 45 loss=0.5379524098996524
2019-01-18 15:06:55,481 46 loss=0.5325011293999182
2019-01-18 15:06:55,483 47 loss=0.5271740202880374
2019-01-18 15:06:55,485 48 loss=0.5219673044639934
2019-01-18 15:06:55,487 49 loss=0.5168773426930409
2019-01-18 15:06:55,489 50 loss=0.511900628685719
2019-01-18 15:06:55,489 
*** Major Checkpoint. Computing Stats and Saving
2019-01-18 15:06:55,489 	 Computing Major Stats lazily... 
2019-01-18 15:06:55,497 		 Completed edges=2162 good=2162 bad=0
2019-01-18 15:06:55,504 Distortion avg=0.6907452680286165 wc=21.824563255647703 me=1.6225821825294438 mc=13.450513317991318 nan_elements=0
2019-01-18 15:06:55,504 MAP = 0.04266706274649838
2019-01-18 15:06:55,505 scale=[array([1.])]
2019-01-18 15:06:55,505 *** End Major Checkpoint

2019-01-18 15:06:55,505 final loss=0.511900628685719
2019-01-18 15:06:55,505 best loss=0.511900628685719, distortion=0.6907452680286165, map=0.04266706274649838, wc_dist=21.824563255647703
2019-01-18 15:06:55,505 	 Computing Major Stats lazily... 
2019-01-18 15:06:55,513 		 Completed edges=2162 good=2162 bad=0
2019-01-18 15:06:55,520 Distortion avg=0.6907452680286162 wc=21.824563255647703 me=1.6225821825294438 mc=13.450513317991318 nan_elements=0
2019-01-18 15:06:55,520 MAP = 0.04266706274649838
2019-01-18 15:06:55,521 scale=[array([1.])]
