2019-01-18 14:54:20,250 Commandline ['pytorch/pytorch_hyperbolic.py', 'learn', 'data/edges/parsing/ewt/ewt_dev/80.edges', '--dim', '0', '--hyp', '0', '--edim', '10', '--euc', '1', '--sdim', '0', '--sph', '0', '--log-name', 'ewt_devr2/80.edges.E10-1.lr1.log', '--batch-size', '65536', '--epochs', '50', '--checkpoint-freq', '10', '-g', '--subsample', '1024', '--learning-rate', '1']
2019-01-18 14:54:20,250 No Model Save selected!
2019-01-18 14:54:20,252 Loaded Graph data/edges/parsing/ewt/ewt_dev/80.edges with 18 nodes scale=1.0
2019-01-18 14:54:20,252 Building dataset
2019-01-18 14:54:20,253 Subsample: 18 points with scale 1.0 subsample=17
2019-01-18 14:54:20,270 Built Data Sampler
2019-01-18 14:54:20,270 Creating a fresh model warm_start?=None
2019-01-18 14:54:20,270 	 Warmstarting? None None 18
2019-01-18 14:54:20,271 Embedding() torch.Size([18, 10])
2019-01-18 14:54:20,271 relative No Rescale
2019-01-18 14:54:20,271 Constructed model with dim=0 and epochs=0 isnan=False
2019-01-18 14:54:20,271 SGD (
Parameter Group 0
    dampening: 0
    initial_lr: 0.1
    lr: 1.0
    momentum: 0.0
    nesterov: False
    weight_decay: 0

Parameter Group 1
    dampening: 0
    initial_lr: 0.1
    lr: 1.0
    momentum: 0.0
    nesterov: False
    weight_decay: 0

Parameter Group 2
    dampening: 0
    initial_lr: 0.1
    lr: 1.0
    momentum: 0.0
    nesterov: False
    weight_decay: 0

Parameter Group 3
    dampening: 0
    initial_lr: 0.0001
    lr: 0.001
    momentum: 0.0
    nesterov: False
    weight_decay: 0
)
2019-01-18 14:54:20,272 *** Initial Checkpoint. Computing Stats
2019-01-18 14:54:20,272 	 Computing Major Stats lazily... 
2019-01-18 14:54:20,273 		 Completed edges=306 good=306 bad=0
2019-01-18 14:54:20,276 Distortion avg=0.9983534439573823 wc=13.516093324115399 me=0.005982886981094694 mc=2259.1256306236205 nan_elements=0
2019-01-18 14:54:20,276 MAP = 0.18475619582849975
2019-01-18 14:54:20,277 scale=[array([1.])]
2019-01-18 14:54:20,277 *** End Initial Checkpoint

2019-01-18 14:54:20,334 1 loss=0.9967111337241051
2019-01-18 14:54:20,335 2 loss=0.9279623090995298
2019-01-18 14:54:20,336 3 loss=0.8659219043002456
2019-01-18 14:54:20,336 4 loss=0.8115031033444458
2019-01-18 14:54:20,337 5 loss=0.7638739653583744
2019-01-18 14:54:20,338 6 loss=0.7221364242367694
2019-01-18 14:54:20,338 7 loss=0.6854733310835927
2019-01-18 14:54:20,339 8 loss=0.6531705480202266
2019-01-18 14:54:20,340 9 loss=0.6246132232415086
2019-01-18 14:54:20,340 10 loss=0.5992754933022683
2019-01-18 14:54:20,340 
*** Major Checkpoint. Computing Stats and Saving
2019-01-18 14:54:20,340 	 Computing Major Stats lazily... 
2019-01-18 14:54:20,342 		 Completed edges=306 good=306 bad=0
2019-01-18 14:54:20,344 Distortion avg=0.7241296843640319 wc=19.625575379091764 me=1.1252636420847233 mc=17.44086865077448 nan_elements=0
2019-01-18 14:54:20,344 MAP = 0.10068829258371742
2019-01-18 14:54:20,345 scale=[array([1.])]
2019-01-18 14:54:20,345 *** End Major Checkpoint

2019-01-18 14:54:20,345 11 loss=0.576709001162592
2019-01-18 14:54:20,346 12 loss=0.556531982598979
2019-01-18 14:54:20,347 13 loss=0.5384194814281569
2019-01-18 14:54:20,347 14 loss=0.522094812209232
2019-01-18 14:54:20,348 15 loss=0.5073222178569535
2019-01-18 14:54:20,349 16 loss=0.49390060659418733
2019-01-18 14:54:20,349 17 loss=0.4816582356258286
2019-01-18 14:54:20,350 18 loss=0.4704482116915741
2019-01-18 14:54:20,351 19 loss=0.46014468958230553
2019-01-18 14:54:20,351 20 loss=0.45063966338586653
2019-01-18 14:54:20,351 
*** Major Checkpoint. Computing Stats and Saving
2019-01-18 14:54:20,351 	 Computing Major Stats lazily... 
2019-01-18 14:54:20,353 		 Completed edges=306 good=306 bad=0
2019-01-18 14:54:20,355 Distortion avg=0.6316392488317092 wc=15.223338132666015 me=1.4457469090042383 mc=10.529739360225316 nan_elements=0
2019-01-18 14:54:20,355 MAP = 0.10670041317917135
2019-01-18 14:54:20,356 scale=[array([1.])]
2019-01-18 14:54:20,356 *** End Major Checkpoint

2019-01-18 14:54:20,356 21 loss=0.44184025914830494
2019-01-18 14:54:20,357 22 loss=0.4336664506648742
2019-01-18 14:54:20,358 23 loss=0.4260491318001883
2019-01-18 14:54:20,358 24 loss=0.4189284889637753
2019-01-18 14:54:20,359 25 loss=0.41225262618321673
2019-01-18 14:54:20,359 26 loss=0.40597640274221664
2019-01-18 14:54:20,360 27 loss=0.4000604497320745
2019-01-18 14:54:20,361 28 loss=0.39447033725176217
2019-01-18 14:54:20,361 29 loss=0.3891758685251507
2019-01-18 14:54:20,362 30 loss=0.38415048101116295
2019-01-18 14:54:20,362 
*** Major Checkpoint. Computing Stats and Saving
2019-01-18 14:54:20,362 	 Computing Major Stats lazily... 
2019-01-18 14:54:20,363 		 Completed edges=306 good=306 bad=0
2019-01-18 14:54:20,366 Distortion avg=0.58372697577202 wc=13.24163955570509 me=1.616182987664617 mc=8.193156131929868 nan_elements=0
2019-01-18 14:54:20,366 MAP = 0.13397182761561846
2019-01-18 14:54:20,366 scale=[array([1.])]
2019-01-18 14:54:20,366 *** End Major Checkpoint

2019-01-18 14:54:20,367 31 loss=0.3793707377757523
2019-01-18 14:54:20,368 32 loss=0.3748158950705059
2019-01-18 14:54:20,368 33 loss=0.3704675343042542
2019-01-18 14:54:20,369 34 loss=0.3663092484716836
2019-01-18 14:54:20,370 35 loss=0.36232637467599726
2019-01-18 14:54:20,370 36 loss=0.3585057657010502
2019-01-18 14:54:20,371 37 loss=0.3548355946939446
2019-01-18 14:54:20,371 38 loss=0.3513051879467783
2019-01-18 14:54:20,372 39 loss=0.34790488154532523
2019-01-18 14:54:20,373 40 loss=0.34462589830723633
2019-01-18 14:54:20,373 
*** Major Checkpoint. Computing Stats and Saving
2019-01-18 14:54:20,373 	 Computing Major Stats lazily... 
2019-01-18 14:54:20,374 		 Completed edges=306 good=306 bad=0
2019-01-18 14:54:20,377 Distortion avg=0.5446402926369669 wc=12.138437272780699 me=1.7304991012637203 mc=7.014414086616076 nan_elements=0
2019-01-18 14:54:20,377 MAP = 0.1705018356734043
2019-01-18 14:54:20,377 scale=[array([1.])]
2019-01-18 14:54:20,377 *** End Major Checkpoint

2019-01-18 14:54:20,378 41 loss=0.34146024198321767
2019-01-18 14:54:20,378 42 loss=0.33840060615850615
2019-01-18 14:54:20,379 43 loss=0.33544029568291645
2019-01-18 14:54:20,380 44 loss=0.33257315878758514
2019-01-18 14:54:20,380 45 loss=0.3297935283250731
2019-01-18 14:54:20,381 46 loss=0.3270961708049321
2019-01-18 14:54:20,382 47 loss=0.32447624209603065
2019-01-18 14:54:20,382 48 loss=0.32192924883560603
2019-01-18 14:54:20,383 49 loss=0.3194510147279507
2019-01-18 14:54:20,384 50 loss=0.3170376510368854
2019-01-18 14:54:20,384 
*** Major Checkpoint. Computing Stats and Saving
2019-01-18 14:54:20,384 	 Computing Major Stats lazily... 
2019-01-18 14:54:20,385 		 Completed edges=306 good=306 bad=0
2019-01-18 14:54:20,388 Distortion avg=0.5127946540633257 wc=11.554790312889317 me=1.8339534754600657 mc=6.300481701146034 nan_elements=0
2019-01-18 14:54:20,388 MAP = 0.2506026843526843
2019-01-18 14:54:20,388 scale=[array([1.])]
2019-01-18 14:54:20,388 *** End Major Checkpoint

2019-01-18 14:54:20,388 final loss=0.3170376510368854
2019-01-18 14:54:20,388 best loss=0.3170376510368854, distortion=0.5127946540633257, map=0.2506026843526843, wc_dist=11.554790312889317
2019-01-18 14:54:20,388 	 Computing Major Stats lazily... 
2019-01-18 14:54:20,390 		 Completed edges=306 good=306 bad=0
2019-01-18 14:54:20,393 Distortion avg=0.512794654063326 wc=11.554790312889317 me=1.8339534754600657 mc=6.300481701146034 nan_elements=0
2019-01-18 14:54:20,393 MAP = 0.2506026843526843
2019-01-18 14:54:20,393 scale=[array([1.])]
