2019-01-18 14:46:02,824 Commandline ['pytorch/pytorch_hyperbolic.py', 'learn', 'data/edges/parsing/ewt/ewt_dev/801.edges', '--dim', '0', '--hyp', '0', '--edim', '10', '--euc', '1', '--sdim', '0', '--sph', '0', '--log-name', 'ewt_devr2/801.edges.E10-1.lr1.log', '--batch-size', '65536', '--epochs', '50', '--checkpoint-freq', '10', '-g', '--subsample', '1024', '--learning-rate', '1']
2019-01-18 14:46:02,824 No Model Save selected!
2019-01-18 14:46:02,826 Loaded Graph data/edges/parsing/ewt/ewt_dev/801.edges with 31 nodes scale=1.0
2019-01-18 14:46:02,826 Building dataset
2019-01-18 14:46:02,826 Subsample: 31 points with scale 1.0 subsample=30
2019-01-18 14:46:02,870 Built Data Sampler
2019-01-18 14:46:02,870 Creating a fresh model warm_start?=None
2019-01-18 14:46:02,870 	 Warmstarting? None None 31
2019-01-18 14:46:02,870 Embedding() torch.Size([31, 10])
2019-01-18 14:46:02,870 relative No Rescale
2019-01-18 14:46:02,871 Constructed model with dim=0 and epochs=0 isnan=False
2019-01-18 14:46:02,871 SGD (
Parameter Group 0
    dampening: 0
    initial_lr: 0.1
    lr: 1.0
    momentum: 0.0
    nesterov: False
    weight_decay: 0

Parameter Group 1
    dampening: 0
    initial_lr: 0.1
    lr: 1.0
    momentum: 0.0
    nesterov: False
    weight_decay: 0

Parameter Group 2
    dampening: 0
    initial_lr: 0.1
    lr: 1.0
    momentum: 0.0
    nesterov: False
    weight_decay: 0

Parameter Group 3
    dampening: 0
    initial_lr: 0.0001
    lr: 0.001
    momentum: 0.0
    nesterov: False
    weight_decay: 0
)
2019-01-18 14:46:02,871 *** Initial Checkpoint. Computing Stats
2019-01-18 14:46:02,871 	 Computing Major Stats lazily... 
2019-01-18 14:46:02,875 		 Completed edges=930 good=930 bad=0
2019-01-18 14:46:02,880 Distortion avg=0.9985858826011391 wc=21.711200482679082 me=0.006841983940850235 mc=3173.2317220231726 nan_elements=0
2019-01-18 14:46:02,881 MAP = 0.162471833362879
2019-01-18 14:46:02,881 scale=[array([1.])]
2019-01-18 14:46:02,881 *** End Initial Checkpoint

2019-01-18 14:46:02,942 1 loss=0.9971747645339283
2019-01-18 14:46:02,943 2 loss=0.9683462521237994
2019-01-18 14:46:02,944 3 loss=0.9400568607589981
2019-01-18 14:46:02,945 4 loss=0.9130935417133647
2019-01-18 14:46:02,947 5 loss=0.8875077851814848
2019-01-18 14:46:02,948 6 loss=0.863260523311402
2019-01-18 14:46:02,949 7 loss=0.8402893248601372
2019-01-18 14:46:02,950 8 loss=0.8185251912058487
2019-01-18 14:46:02,951 9 loss=0.79789848022145
2019-01-18 14:46:02,952 10 loss=0.7783413685572295
2019-01-18 14:46:02,952 
*** Major Checkpoint. Computing Stats and Saving
2019-01-18 14:46:02,952 	 Computing Major Stats lazily... 
2019-01-18 14:46:02,956 		 Completed edges=930 good=930 bad=0
2019-01-18 14:46:02,961 Distortion avg=0.8635593427940687 wc=32.59667697650747 me=0.7620661479656435 mc=42.77407816043947 nan_elements=0
2019-01-18 14:46:02,961 MAP = 0.06567974040487651
2019-01-18 14:46:02,961 scale=[array([1.])]
2019-01-18 14:46:02,961 *** End Major Checkpoint

2019-01-18 14:46:02,962 11 loss=0.7597889418733632
2019-01-18 14:46:02,964 12 loss=0.7421796609734291
2019-01-18 14:46:02,965 13 loss=0.7254555175958634
2019-01-18 14:46:02,966 14 loss=0.709562027200721
2019-01-18 14:46:02,967 15 loss=0.6944481339366376
2019-01-18 14:46:02,968 16 loss=0.6800660686081038
2019-01-18 14:46:02,969 17 loss=0.666371182842491
2019-01-18 14:46:02,970 18 loss=0.6533217730722152
2019-01-18 14:46:02,971 19 loss=0.6408789024805818
2019-01-18 14:46:02,972 20 loss=0.6290062258196043
2019-01-18 14:46:02,972 
*** Major Checkpoint. Computing Stats and Saving
2019-01-18 14:46:02,973 	 Computing Major Stats lazily... 
2019-01-18 14:46:02,976 		 Completed edges=930 good=930 bad=0
2019-01-18 14:46:02,981 Distortion avg=0.7627638245881415 wc=27.902821897843197 me=1.2144961693373073 mc=22.97481260321178 nan_elements=0
2019-01-18 14:46:02,981 MAP = 0.06430486255862097
2019-01-18 14:46:02,981 scale=[array([1.])]
2019-01-18 14:46:02,982 *** End Major Checkpoint

2019-01-18 14:46:02,983 21 loss=0.617669820027955
2019-01-18 14:46:02,984 22 loss=0.6068380223381407
2019-01-18 14:46:02,985 23 loss=0.5964812767732262
2019-01-18 14:46:02,986 24 loss=0.5865719894258716
2019-01-18 14:46:02,987 25 loss=0.5770843925846835
2019-01-18 14:46:02,988 26 loss=0.5679944175622295
2019-01-18 14:46:02,989 27 loss=0.5592795759459448
2019-01-18 14:46:02,991 28 loss=0.5509188489119088
2019-01-18 14:46:02,992 29 loss=0.5428925841952461
2019-01-18 14:46:02,993 30 loss=0.5351824002883923
2019-01-18 14:46:02,993 
*** Major Checkpoint. Computing Stats and Saving
2019-01-18 14:46:02,993 	 Computing Major Stats lazily... 
2019-01-18 14:46:02,997 		 Completed edges=930 good=930 bad=0
2019-01-18 14:46:03,002 Distortion avg=0.6995276877186309 wc=24.323491329899625 me=1.4890296330447281 mc=16.33512912712395 nan_elements=0
2019-01-18 14:46:03,002 MAP = 0.06638604336246476
2019-01-18 14:46:03,002 scale=[array([1.])]
2019-01-18 14:46:03,002 *** End Major Checkpoint

2019-01-18 14:46:03,003 31 loss=0.5277710974319971
2019-01-18 14:46:03,004 32 loss=0.5206425749675634
2019-01-18 14:46:03,006 33 loss=0.5137817546323549
2019-01-18 14:46:03,007 34 loss=0.5071745093931562
2019-01-18 14:46:03,008 35 loss=0.5008075974343004
2019-01-18 14:46:03,009 36 loss=0.49466860093577214
2019-01-18 14:46:03,010 37 loss=0.48874586929826974
2019-01-18 14:46:03,011 38 loss=0.4830284664932331
2019-01-18 14:46:03,012 39 loss=0.4775061222366421
2019-01-18 14:46:03,014 40 loss=0.4721691867055284
2019-01-18 14:46:03,014 
*** Major Checkpoint. Computing Stats and Saving
2019-01-18 14:46:03,014 	 Computing Major Stats lazily... 
2019-01-18 14:46:03,017 		 Completed edges=930 good=930 bad=0
2019-01-18 14:46:03,022 Distortion avg=0.6578714997852905 wc=22.1624595089795 me=1.70368732297345 mc=13.008525220636907 nan_elements=0
2019-01-18 14:46:03,023 MAP = 0.07018056015179243
2019-01-18 14:46:03,023 scale=[array([1.])]
2019-01-18 14:46:03,023 *** End Major Checkpoint

2019-01-18 14:46:03,024 41 loss=0.46700858853548066
2019-01-18 14:46:03,025 42 loss=0.46201579585582203
2019-01-18 14:46:03,026 43 loss=0.45718278013654745
2019-01-18 14:46:03,027 44 loss=0.45250198263750135
2019-01-18 14:46:03,028 45 loss=0.4479662832656501
2019-01-18 14:46:03,029 46 loss=0.44356897166067727
2019-01-18 14:46:03,031 47 loss=0.4393037203425476
2019-01-18 14:46:03,032 48 loss=0.4351645597671609
2019-01-18 14:46:03,033 49 loss=0.4311458551478248
2019-01-18 14:46:03,034 50 loss=0.4272422849110393
2019-01-18 14:46:03,034 
*** Major Checkpoint. Computing Stats and Saving
2019-01-18 14:46:03,034 	 Computing Major Stats lazily... 
2019-01-18 14:46:03,038 		 Completed edges=930 good=930 bad=0
2019-01-18 14:46:03,043 Distortion avg=0.6239162861727804 wc=20.37336606127583 me=1.851115005258184 mc=11.005996928015966 nan_elements=0
2019-01-18 14:46:03,043 MAP = 0.07615303942868486
2019-01-18 14:46:03,043 scale=[array([1.])]
2019-01-18 14:46:03,043 *** End Major Checkpoint

2019-01-18 14:46:03,043 final loss=0.4272422849110393
2019-01-18 14:46:03,044 best loss=0.4272422849110393, distortion=0.6239162861727804, map=0.07615303942868486, wc_dist=20.37336606127583
2019-01-18 14:46:03,044 	 Computing Major Stats lazily... 
2019-01-18 14:46:03,047 		 Completed edges=930 good=930 bad=0
2019-01-18 14:46:03,052 Distortion avg=0.6239162861727798 wc=20.37336606127583 me=1.851115005258184 mc=11.005996928015966 nan_elements=0
2019-01-18 14:46:03,052 MAP = 0.07615303942868486
2019-01-18 14:46:03,052 scale=[array([1.])]
