2019-01-18 14:52:56,279 Commandline ['pytorch/pytorch_hyperbolic.py', 'learn', 'data/edges/parsing/ewt/ewt_dev/803.edges', '--dim', '0', '--hyp', '0', '--edim', '10', '--euc', '1', '--sdim', '0', '--sph', '0', '--log-name', 'ewt_devr2/803.edges.E10-1.lr1.log', '--batch-size', '65536', '--epochs', '50', '--checkpoint-freq', '10', '-g', '--subsample', '1024', '--learning-rate', '1']
2019-01-18 14:52:56,279 No Model Save selected!
2019-01-18 14:52:56,281 Loaded Graph data/edges/parsing/ewt/ewt_dev/803.edges with 12 nodes scale=1.0
2019-01-18 14:52:56,281 Building dataset
2019-01-18 14:52:56,281 Subsample: 12 points with scale 1.0 subsample=11
2019-01-18 14:52:56,291 Built Data Sampler
2019-01-18 14:52:56,291 Creating a fresh model warm_start?=None
2019-01-18 14:52:56,291 	 Warmstarting? None None 12
2019-01-18 14:52:56,292 Embedding() torch.Size([12, 10])
2019-01-18 14:52:56,292 relative No Rescale
2019-01-18 14:52:56,292 Constructed model with dim=0 and epochs=0 isnan=False
2019-01-18 14:52:56,292 SGD (
Parameter Group 0
    dampening: 0
    initial_lr: 0.1
    lr: 1.0
    momentum: 0.0
    nesterov: False
    weight_decay: 0

Parameter Group 1
    dampening: 0
    initial_lr: 0.1
    lr: 1.0
    momentum: 0.0
    nesterov: False
    weight_decay: 0

Parameter Group 2
    dampening: 0
    initial_lr: 0.1
    lr: 1.0
    momentum: 0.0
    nesterov: False
    weight_decay: 0

Parameter Group 3
    dampening: 0
    initial_lr: 0.0001
    lr: 0.001
    momentum: 0.0
    nesterov: False
    weight_decay: 0
)
2019-01-18 14:52:56,293 *** Initial Checkpoint. Computing Stats
2019-01-18 14:52:56,293 	 Computing Major Stats lazily... 
2019-01-18 14:52:56,294 		 Completed edges=132 good=132 bad=0
2019-01-18 14:52:56,296 Distortion avg=0.9977587512079817 wc=7.390047985365684 me=0.005941110731069004 mc=1243.8832265353128 nan_elements=0
2019-01-18 14:52:56,296 MAP = 0.20392165704665707
2019-01-18 14:52:56,296 scale=[array([1.])]
2019-01-18 14:52:56,296 *** End Initial Checkpoint

2019-01-18 14:52:56,353 1 loss=0.9955240727440975
2019-01-18 14:52:56,354 2 loss=0.8072755231339455
2019-01-18 14:52:56,354 3 loss=0.6700390042855472
2019-01-18 14:52:56,355 4 loss=0.5714587888921461
2019-01-18 14:52:56,355 5 loss=0.498279861892687
2019-01-18 14:52:56,356 6 loss=0.44207564207295935
2019-01-18 14:52:56,356 7 loss=0.3975699425156618
2019-01-18 14:52:56,357 8 loss=0.36140764651729884
2019-01-18 14:52:56,357 9 loss=0.33140113097940344
2019-01-18 14:52:56,358 10 loss=0.3060811231170016
2019-01-18 14:52:56,358 
*** Major Checkpoint. Computing Stats and Saving
2019-01-18 14:52:56,358 	 Computing Major Stats lazily... 
2019-01-18 14:52:56,359 		 Completed edges=132 good=132 bad=0
2019-01-18 14:52:56,361 Distortion avg=0.4972636431474648 wc=5.398291986367942 me=1.290992992971368 mc=4.181503707423815 nan_elements=0
2019-01-18 14:52:56,361 MAP = 0.179850159760874
2019-01-18 14:52:56,361 scale=[array([1.])]
2019-01-18 14:52:56,361 *** End Major Checkpoint

2019-01-18 14:52:56,361 11 loss=0.2844289847293046
2019-01-18 14:52:56,362 12 loss=0.26571546711419247
2019-01-18 14:52:56,362 13 loss=0.2494020564976896
2019-01-18 14:52:56,363 14 loss=0.23507946517772074
2019-01-18 14:52:56,364 15 loss=0.22242847442595798
2019-01-18 14:52:56,364 16 loss=0.21119444973064866
2019-01-18 14:52:56,365 17 loss=0.20117037017557463
2019-01-18 14:52:56,365 18 loss=0.19218525915798737
2019-01-18 14:52:56,366 19 loss=0.1840961065214688
2019-01-18 14:52:56,366 20 loss=0.17678209009030837
2019-01-18 14:52:56,366 
*** Major Checkpoint. Computing Stats and Saving
2019-01-18 14:52:56,366 	 Computing Major Stats lazily... 
2019-01-18 14:52:56,367 		 Completed edges=132 good=132 bad=0
2019-01-18 14:52:56,371 Distortion avg=0.37576210855362735 wc=4.296555568780128 me=1.5250788831983055 mc=2.817267759795903 nan_elements=0
2019-01-18 14:52:56,371 MAP = 0.38528911564625856
2019-01-18 14:52:56,371 scale=[array([1.])]
2019-01-18 14:52:56,371 *** End Major Checkpoint

2019-01-18 14:52:56,372 21 loss=0.1701403400507982
2019-01-18 14:52:56,373 22 loss=0.16408275820016546
2019-01-18 14:52:56,373 23 loss=0.15853357246667435
2019-01-18 14:52:56,374 24 loss=0.15342741431712106
2019-01-18 14:52:56,375 25 loss=0.14870777590683254
2019-01-18 14:52:56,376 26 loss=0.1443257491157275
2019-01-18 14:52:56,376 27 loss=0.14023897857619463
2019-01-18 14:52:56,377 28 loss=0.13641078082674707
2019-01-18 14:52:56,377 29 loss=0.13280939524343638
2019-01-18 14:52:56,378 30 loss=0.12940734161305975
2019-01-18 14:52:56,378 
*** Major Checkpoint. Computing Stats and Saving
2019-01-18 14:52:56,378 	 Computing Major Stats lazily... 
2019-01-18 14:52:56,379 		 Completed edges=132 good=132 bad=0
2019-01-18 14:52:56,381 Distortion avg=0.3113931624259538 wc=3.669124477400969 me=1.582528091742492 mc=2.3185209138126357 nan_elements=0
2019-01-18 14:52:56,382 MAP = 0.7536422902494331
2019-01-18 14:52:56,382 scale=[array([1.])]
2019-01-18 14:52:56,382 *** End Major Checkpoint

2019-01-18 14:52:56,382 31 loss=0.1261808655545174
2019-01-18 14:52:56,383 32 loss=0.12310945741274348
2019-01-18 14:52:56,384 33 loss=0.12017543337104462
2019-01-18 14:52:56,384 34 loss=0.11736356977169296
2019-01-18 14:52:56,385 35 loss=0.11466078328245652
2019-01-18 14:52:56,385 36 loss=0.11205585078732383
2019-01-18 14:52:56,386 37 loss=0.10953916383967853
2019-01-18 14:52:56,387 38 loss=0.10710251328015594
2019-01-18 14:52:56,387 39 loss=0.10473890024534589
2019-01-18 14:52:56,388 40 loss=0.10244237031410912
2019-01-18 14:52:56,388 
*** Major Checkpoint. Computing Stats and Saving
2019-01-18 14:52:56,388 	 Computing Major Stats lazily... 
2019-01-18 14:52:56,389 		 Completed edges=132 good=132 bad=0
2019-01-18 14:52:56,391 Distortion avg=0.2769008794004896 wc=3.1243772829940046 me=1.535685596262646 mc=2.034516238608809 nan_elements=0
2019-01-18 14:52:56,391 MAP = 0.8605489417989419
2019-01-18 14:52:56,391 scale=[array([1.])]
2019-01-18 14:52:56,391 *** End Major Checkpoint

2019-01-18 14:52:56,392 41 loss=0.10020786797945183
2019-01-18 14:52:56,392 42 loss=0.09803110901125023
2019-01-18 14:52:56,393 43 loss=0.0959084685990309
2019-01-18 14:52:56,393 44 loss=0.09383688344182703
2019-01-18 14:52:56,394 45 loss=0.09181376618949329
2019-01-18 14:52:56,394 46 loss=0.08983693084158673
2019-01-18 14:52:56,395 47 loss=0.08790452788044593
2019-01-18 14:52:56,396 48 loss=0.08601498805867633
2019-01-18 14:52:56,397 49 loss=0.08416697388197651
2019-01-18 14:52:56,397 50 loss=0.08235933792999774
2019-01-18 14:52:56,397 
*** Major Checkpoint. Computing Stats and Saving
2019-01-18 14:52:56,398 	 Computing Major Stats lazily... 
2019-01-18 14:52:56,398 		 Completed edges=132 good=132 bad=0
2019-01-18 14:52:56,400 Distortion avg=0.2508554459957844 wc=2.665207589002543 me=1.450619174519398 mc=1.8372896455650036 nan_elements=0
2019-01-18 14:52:56,400 MAP = 0.9697916666666666
2019-01-18 14:52:56,401 scale=[array([1.])]
2019-01-18 14:52:56,401 *** End Major Checkpoint

2019-01-18 14:52:56,401 final loss=0.08235933792999774
2019-01-18 14:52:56,401 best loss=0.08235933792999774, distortion=0.2508554459957844, map=0.9697916666666666, wc_dist=2.665207589002543
2019-01-18 14:52:56,401 	 Computing Major Stats lazily... 
2019-01-18 14:52:56,402 		 Completed edges=132 good=132 bad=0
2019-01-18 14:52:56,403 Distortion avg=0.2508554459957844 wc=2.665207589002543 me=1.450619174519398 mc=1.8372896455650036 nan_elements=0
2019-01-18 14:52:56,403 MAP = 0.9697916666666666
2019-01-18 14:52:56,404 scale=[array([1.])]
