2019-01-18 14:45:51,125 Commandline ['pytorch/pytorch_hyperbolic.py', 'learn', 'data/edges/parsing/ewt/ewt_dev/808.edges', '--dim', '0', '--hyp', '0', '--edim', '10', '--euc', '1', '--sdim', '0', '--sph', '0', '--log-name', 'ewt_devr2/808.edges.E10-1.lr1.log', '--batch-size', '65536', '--epochs', '50', '--checkpoint-freq', '10', '-g', '--subsample', '1024', '--learning-rate', '1']
2019-01-18 14:45:51,125 No Model Save selected!
2019-01-18 14:45:51,127 Loaded Graph data/edges/parsing/ewt/ewt_dev/808.edges with 14 nodes scale=1.0
2019-01-18 14:45:51,127 Building dataset
2019-01-18 14:45:51,127 Subsample: 14 points with scale 1.0 subsample=13
2019-01-18 14:45:51,140 Built Data Sampler
2019-01-18 14:45:51,140 Creating a fresh model warm_start?=None
2019-01-18 14:45:51,140 	 Warmstarting? None None 14
2019-01-18 14:45:51,141 Embedding() torch.Size([14, 10])
2019-01-18 14:45:51,141 relative No Rescale
2019-01-18 14:45:51,141 Constructed model with dim=0 and epochs=0 isnan=False
2019-01-18 14:45:51,141 SGD (
Parameter Group 0
    dampening: 0
    initial_lr: 0.1
    lr: 1.0
    momentum: 0.0
    nesterov: False
    weight_decay: 0

Parameter Group 1
    dampening: 0
    initial_lr: 0.1
    lr: 1.0
    momentum: 0.0
    nesterov: False
    weight_decay: 0

Parameter Group 2
    dampening: 0
    initial_lr: 0.1
    lr: 1.0
    momentum: 0.0
    nesterov: False
    weight_decay: 0

Parameter Group 3
    dampening: 0
    initial_lr: 0.0001
    lr: 0.001
    momentum: 0.0
    nesterov: False
    weight_decay: 0
)
2019-01-18 14:45:51,141 *** Initial Checkpoint. Computing Stats
2019-01-18 14:45:51,141 	 Computing Major Stats lazily... 
2019-01-18 14:45:51,143 		 Completed edges=182 good=182 bad=0
2019-01-18 14:45:51,145 Distortion avg=0.9980212810996264 wc=8.911030254183478 me=0.005982886981094694 mc=1489.4197871932756 nan_elements=0
2019-01-18 14:45:51,145 MAP = 0.31240361112810083
2019-01-18 14:45:51,145 scale=[array([1.])]
2019-01-18 14:45:51,145 *** End Initial Checkpoint

2019-01-18 14:45:51,203 1 loss=0.9960477104952093
2019-01-18 14:45:51,203 2 loss=0.8656143180749921
2019-01-18 14:45:51,204 3 loss=0.7575532941771148
2019-01-18 14:45:51,205 4 loss=0.6717089494459673
2019-01-18 14:45:51,205 5 loss=0.6030729232827964
2019-01-18 14:45:51,206 6 loss=0.5475382431205514
2019-01-18 14:45:51,206 7 loss=0.5020094257658513
2019-01-18 14:45:51,207 8 loss=0.46418888597820224
2019-01-18 14:45:51,208 9 loss=0.43237108993716433
2019-01-18 14:45:51,208 10 loss=0.4052827872411958
2019-01-18 14:45:51,208 
*** Major Checkpoint. Computing Stats and Saving
2019-01-18 14:45:51,208 	 Computing Major Stats lazily... 
2019-01-18 14:45:51,209 		 Completed edges=182 good=182 bad=0
2019-01-18 14:45:51,212 Distortion avg=0.5708611106502438 wc=10.816281464657665 me=1.2638016512922046 mc=8.55852771959769 nan_elements=0
2019-01-18 14:45:51,212 MAP = 0.14439816136244707
2019-01-18 14:45:51,212 scale=[array([1.])]
2019-01-18 14:45:51,212 *** End Major Checkpoint

2019-01-18 14:45:51,212 11 loss=0.3819656025951647
2019-01-18 14:45:51,213 12 loss=0.361691264878954
2019-01-18 14:45:51,214 13 loss=0.3439006736699244
2019-01-18 14:45:51,214 14 loss=0.32816003738784794
2019-01-18 14:45:51,215 15 loss=0.3141291591897205
2019-01-18 14:45:51,215 16 loss=0.3015383655395211
2019-01-18 14:45:51,216 17 loss=0.2901716034807411
2019-01-18 14:45:51,217 18 loss=0.27985396350180247
2019-01-18 14:45:51,217 19 loss=0.27044239739281795
2019-01-18 14:45:51,218 20 loss=0.2618187586287146
2019-01-18 14:45:51,218 
*** Major Checkpoint. Computing Stats and Saving
2019-01-18 14:45:51,218 	 Computing Major Stats lazily... 
2019-01-18 14:45:51,219 		 Completed edges=182 good=182 bad=0
2019-01-18 14:45:51,221 Distortion avg=0.4663839936457647 wc=8.381348939728474 me=1.51342868193404 mc=5.537987379106483 nan_elements=0
2019-01-18 14:45:51,221 MAP = 0.2456107384678813
2019-01-18 14:45:51,221 scale=[array([1.])]
2019-01-18 14:45:51,221 *** End Major Checkpoint

2019-01-18 14:45:51,222 21 loss=0.2538845432422543
2019-01-18 14:45:51,222 22 loss=0.24655688483040125
2019-01-18 14:45:51,223 23 loss=0.2397654811832521
2019-01-18 14:45:51,224 24 loss=0.2334502178505905
2019-01-18 14:45:51,224 25 loss=0.22755931665559906
2019-01-18 14:45:51,225 26 loss=0.22204788223186417
2019-01-18 14:45:51,225 27 loss=0.21687675228511966
2019-01-18 14:45:51,226 28 loss=0.21201158106667214
2019-01-18 14:45:51,226 29 loss=0.20742210300603214
2019-01-18 14:45:51,227 30 loss=0.2030815363532733
2019-01-18 14:45:51,227 
*** Major Checkpoint. Computing Stats and Saving
2019-01-18 14:45:51,227 	 Computing Major Stats lazily... 
2019-01-18 14:45:51,228 		 Completed edges=182 good=182 bad=0
2019-01-18 14:45:51,230 Distortion avg=0.39679560507796235 wc=7.376504030305884 me=1.669921626000404 mc=4.417275586743075 nan_elements=0
2019-01-18 14:45:51,230 MAP = 0.44441836508163035
2019-01-18 14:45:51,230 scale=[array([1.])]
2019-01-18 14:45:51,231 *** End Major Checkpoint

2019-01-18 14:45:51,231 31 loss=0.19896609627745576
2019-01-18 14:45:51,232 32 loss=0.1950545940470016
2019-01-18 14:45:51,232 33 loss=0.19132810432041342
2019-01-18 14:45:51,233 34 loss=0.18776968666306257
2019-01-18 14:45:51,234 35 loss=0.1843641505138889
2019-01-18 14:45:51,235 36 loss=0.18109785520073085
2019-01-18 14:45:51,236 37 loss=0.17795853842584197
2019-01-18 14:45:51,236 38 loss=0.1749351680482083
2019-01-18 14:45:51,237 39 loss=0.17201781307662564
2019-01-18 14:45:51,238 40 loss=0.16919753063204304
2019-01-18 14:45:51,238 
*** Major Checkpoint. Computing Stats and Saving
2019-01-18 14:45:51,238 	 Computing Major Stats lazily... 
2019-01-18 14:45:51,239 		 Completed edges=182 good=182 bad=0
2019-01-18 14:45:51,241 Distortion avg=0.3554059398496033 wc=6.414569426110841 me=1.7030652878587345 mc=3.7664847447955943 nan_elements=0
2019-01-18 14:45:51,241 MAP = 0.6326409135082603
2019-01-18 14:45:51,241 scale=[array([1.])]
2019-01-18 14:45:51,241 *** End Major Checkpoint

2019-01-18 14:45:51,242 41 loss=0.16646626629586292
2019-01-18 14:45:51,242 42 loss=0.16381676577537937
2019-01-18 14:45:51,243 43 loss=0.16124249622078543
2019-01-18 14:45:51,244 44 loss=0.1587375758449749
2019-01-18 14:45:51,244 45 loss=0.15629671074673213
2019-01-18 14:45:51,245 46 loss=0.15391513803453552
2019-01-18 14:45:51,245 47 loss=0.15158857450348795
2019-01-18 14:45:51,246 48 loss=0.14931317024071664
2019-01-18 14:45:51,247 49 loss=0.14708546663192484
2019-01-18 14:45:51,247 50 loss=0.14490235831911022
2019-01-18 14:45:51,247 
*** Major Checkpoint. Computing Stats and Saving
2019-01-18 14:45:51,248 	 Computing Major Stats lazily... 
2019-01-18 14:45:51,248 		 Completed edges=182 good=182 bad=0
2019-01-18 14:45:51,251 Distortion avg=0.32672006263245174 wc=5.548476123098695 me=1.6771553220423654 mc=3.3082661159504334 nan_elements=0
2019-01-18 14:45:51,251 MAP = 0.8604166666666666
2019-01-18 14:45:51,251 scale=[array([1.])]
2019-01-18 14:45:51,251 *** End Major Checkpoint

2019-01-18 14:45:51,251 final loss=0.14490235831911022
2019-01-18 14:45:51,251 best loss=0.14490235831911022, distortion=0.32672006263245174, map=0.8604166666666666, wc_dist=5.548476123098695
2019-01-18 14:45:51,251 	 Computing Major Stats lazily... 
2019-01-18 14:45:51,252 		 Completed edges=182 good=182 bad=0
2019-01-18 14:45:51,254 Distortion avg=0.32672006263245185 wc=5.548476123098695 me=1.6771553220423654 mc=3.3082661159504334 nan_elements=0
2019-01-18 14:45:51,254 MAP = 0.8604166666666665
2019-01-18 14:45:51,255 scale=[array([1.])]
