2019-01-18 15:11:25,798 Commandline ['pytorch/pytorch_hyperbolic.py', 'learn', 'data/edges/parsing/ewt/ewt_dev/81.edges', '--dim', '0', '--hyp', '0', '--edim', '10', '--euc', '1', '--sdim', '0', '--sph', '0', '--log-name', 'ewt_devr2/81.edges.E10-1.lr1.log', '--batch-size', '65536', '--epochs', '50', '--checkpoint-freq', '10', '-g', '--subsample', '1024', '--learning-rate', '1']
2019-01-18 15:11:25,798 No Model Save selected!
2019-01-18 15:11:25,800 Loaded Graph data/edges/parsing/ewt/ewt_dev/81.edges with 25 nodes scale=1.0
2019-01-18 15:11:25,800 Building dataset
2019-01-18 15:11:25,801 Subsample: 25 points with scale 1.0 subsample=24
2019-01-18 15:11:25,830 Built Data Sampler
2019-01-18 15:11:25,831 Creating a fresh model warm_start?=None
2019-01-18 15:11:25,831 	 Warmstarting? None None 25
2019-01-18 15:11:25,831 Embedding() torch.Size([25, 10])
2019-01-18 15:11:25,831 relative No Rescale
2019-01-18 15:11:25,832 Constructed model with dim=0 and epochs=0 isnan=False
2019-01-18 15:11:25,832 SGD (
Parameter Group 0
    dampening: 0
    initial_lr: 0.1
    lr: 1.0
    momentum: 0.0
    nesterov: False
    weight_decay: 0

Parameter Group 1
    dampening: 0
    initial_lr: 0.1
    lr: 1.0
    momentum: 0.0
    nesterov: False
    weight_decay: 0

Parameter Group 2
    dampening: 0
    initial_lr: 0.1
    lr: 1.0
    momentum: 0.0
    nesterov: False
    weight_decay: 0

Parameter Group 3
    dampening: 0
    initial_lr: 0.0001
    lr: 0.001
    momentum: 0.0
    nesterov: False
    weight_decay: 0
)
2019-01-18 15:11:25,832 *** Initial Checkpoint. Computing Stats
2019-01-18 15:11:25,832 	 Computing Major Stats lazily... 
2019-01-18 15:11:25,835 		 Completed edges=600 good=600 bad=0
2019-01-18 15:11:25,839 Distortion avg=0.9983846454213041 wc=26.91158987040316 me=0.006841983940850235 mc=3933.302109893425 nan_elements=0
2019-01-18 15:11:25,839 MAP = 0.19417254694448802
2019-01-18 15:11:25,839 scale=[array([1.])]
2019-01-18 15:11:25,839 *** End Initial Checkpoint

2019-01-18 15:11:25,897 1 loss=0.9967730838124578
2019-01-18 15:11:25,898 2 loss=0.9505113723328844
2019-01-18 15:11:25,899 3 loss=0.9066374693544584
2019-01-18 15:11:25,900 4 loss=0.8661731533074608
2019-01-18 15:11:25,901 5 loss=0.8289572071326354
2019-01-18 15:11:25,902 6 loss=0.7947219329449349
2019-01-18 15:11:25,903 7 loss=0.7631935596989796
2019-01-18 15:11:25,904 8 loss=0.7341146227913665
2019-01-18 15:11:25,905 9 loss=0.7072497123317018
2019-01-18 15:11:25,906 10 loss=0.6823861702945886
2019-01-18 15:11:25,906 
*** Major Checkpoint. Computing Stats and Saving
2019-01-18 15:11:25,906 	 Computing Major Stats lazily... 
2019-01-18 15:11:25,908 		 Completed edges=600 good=600 bad=0
2019-01-18 15:11:25,913 Distortion avg=0.7949752311649179 wc=26.186640924943283 me=0.9572357576973649 mc=27.356521854067978 nan_elements=0
2019-01-18 15:11:25,913 MAP = 0.08043031366918331
2019-01-18 15:11:25,913 scale=[array([1.])]
2019-01-18 15:11:25,913 *** End Major Checkpoint

2019-01-18 15:11:25,914 11 loss=0.6593330059741128
2019-01-18 15:11:25,915 12 loss=0.6379191816833154
2019-01-18 15:11:25,916 13 loss=0.6179917305203426
2019-01-18 15:11:25,917 14 loss=0.5994139037808005
2019-01-18 15:11:25,918 15 loss=0.5820634326976243
2019-01-18 15:11:25,919 16 loss=0.5658309373077576
2019-01-18 15:11:25,919 17 loss=0.5506184903810288
2019-01-18 15:11:25,920 18 loss=0.5363383323119918
2019-01-18 15:11:25,921 19 loss=0.5229117272477596
2019-01-18 15:11:25,922 20 loss=0.5102679484036365
2019-01-18 15:11:25,922 
*** Major Checkpoint. Computing Stats and Saving
2019-01-18 15:11:25,922 	 Computing Major Stats lazily... 
2019-01-18 15:11:25,925 		 Completed edges=600 good=600 bad=0
2019-01-18 15:11:25,929 Distortion avg=0.674377666336498 wc=20.7242103915397 me=1.3512181977986062 mc=15.337426942075986 nan_elements=0
2019-01-18 15:11:25,929 MAP = 0.08291457377145224
2019-01-18 15:11:25,929 scale=[array([1.])]
2019-01-18 15:11:25,929 *** End Major Checkpoint

2019-01-18 15:11:25,930 21 loss=0.49834337992903377
2019-01-18 15:11:25,931 22 loss=0.48708072299719923
2019-01-18 15:11:25,932 23 loss=0.4764282945521261
2019-01-18 15:11:25,933 24 loss=0.4663394081051658
2019-01-18 15:11:25,934 25 loss=0.4567718269939883
2019-01-18 15:11:25,935 26 loss=0.447687281521811
2019-01-18 15:11:25,936 27 loss=0.43905104234526704
2019-01-18 15:11:25,937 28 loss=0.4308315433557496
2019-01-18 15:11:25,938 29 loss=0.42300004809435726
2019-01-18 15:11:25,939 30 loss=0.41553035445433456
2019-01-18 15:11:25,939 
*** Major Checkpoint. Computing Stats and Saving
2019-01-18 15:11:25,939 	 Computing Major Stats lazily... 
2019-01-18 15:11:25,941 		 Completed edges=600 good=600 bad=0
2019-01-18 15:11:25,945 Distortion avg=0.6097018587772173 wc=17.93208135431856 me=1.5717838918726552 mc=11.40874483256977 nan_elements=0
2019-01-18 15:11:25,945 MAP = 0.09370936148574457
2019-01-18 15:11:25,946 scale=[array([1.])]
2019-01-18 15:11:25,946 *** End Major Checkpoint

2019-01-18 15:11:25,947 31 loss=0.408398533060692
2019-01-18 15:11:25,948 32 loss=0.4015826952799072
2019-01-18 15:11:25,949 33 loss=0.39506278730959254
2019-01-18 15:11:25,949 34 loss=0.3888204072352903
2019-01-18 15:11:25,950 35 loss=0.38283864232547876
2019-01-18 15:11:25,951 36 loss=0.37710192417244387
2019-01-18 15:11:25,952 37 loss=0.3715958995813959
2019-01-18 15:11:25,953 38 loss=0.3663073153681064
2019-01-18 15:11:25,954 39 loss=0.36122391545089116
2019-01-18 15:11:25,955 40 loss=0.35633434881996784
2019-01-18 15:11:25,955 
*** Major Checkpoint. Computing Stats and Saving
2019-01-18 15:11:25,955 	 Computing Major Stats lazily... 
2019-01-18 15:11:25,958 		 Completed edges=600 good=600 bad=0
2019-01-18 15:11:25,962 Distortion avg=0.5601687450560673 wc=16.261882915066675 me=1.7184219341980635 mc=9.463265448049354 nan_elements=0
2019-01-18 15:11:25,962 MAP = 0.11164589426990154
2019-01-18 15:11:25,962 scale=[array([1.])]
2019-01-18 15:11:25,962 *** End Major Checkpoint

2019-01-18 15:11:25,963 41 loss=0.3516280871396293
2019-01-18 15:11:25,964 42 loss=0.3470953508893968
2019-01-18 15:11:25,965 43 loss=0.3427270430821223
2019-01-18 15:11:25,966 44 loss=0.33851468971227927
2019-01-18 15:11:25,967 45 loss=0.3344503861885446
2019-01-18 15:11:25,968 46 loss=0.33052674909305213
2019-01-18 15:11:25,969 47 loss=0.3267368726870163
2019-01-18 15:11:25,970 48 loss=0.3230742896501722
2019-01-18 15:11:25,971 49 loss=0.31953293560087537
2019-01-18 15:11:25,972 50 loss=0.3161071169958288
2019-01-18 15:11:25,972 
*** Major Checkpoint. Computing Stats and Saving
2019-01-18 15:11:25,972 	 Computing Major Stats lazily... 
2019-01-18 15:11:25,974 		 Completed edges=600 good=600 bad=0
2019-01-18 15:11:25,978 Distortion avg=0.5192919121646045 wc=15.144875333671035 me=1.823448845592217 mc=8.30562116962064 nan_elements=0
2019-01-18 15:11:25,978 MAP = 0.13343832157551194
2019-01-18 15:11:25,978 scale=[array([1.])]
2019-01-18 15:11:25,979 *** End Major Checkpoint

2019-01-18 15:11:25,979 final loss=0.3161071169958288
2019-01-18 15:11:25,979 best loss=0.3161071169958288, distortion=0.5192919121646045, map=0.13343832157551194, wc_dist=15.144875333671035
2019-01-18 15:11:25,979 	 Computing Major Stats lazily... 
2019-01-18 15:11:25,981 		 Completed edges=600 good=600 bad=0
2019-01-18 15:11:25,986 Distortion avg=0.5192919121646042 wc=15.144875333671035 me=1.823448845592217 mc=8.30562116962064 nan_elements=0
2019-01-18 15:11:25,986 MAP = 0.13343832157551197
2019-01-18 15:11:25,986 scale=[array([1.])]
