2019-01-18 14:43:22,060 Commandline ['pytorch/pytorch_hyperbolic.py', 'learn', 'data/edges/parsing/ewt/ewt_dev/810.edges', '--dim', '0', '--hyp', '0', '--edim', '10', '--euc', '1', '--sdim', '0', '--sph', '0', '--log-name', 'ewt_devr2/810.edges.E10-1.lr1.log', '--batch-size', '65536', '--epochs', '50', '-g', '--subsample', '1024', '--learning-rate', '1']
2019-01-18 14:43:22,060 No Model Save selected!
2019-01-18 14:43:22,062 Loaded Graph data/edges/parsing/ewt/ewt_dev/810.edges with 19 nodes scale=1.0
2019-01-18 14:43:22,062 Building dataset
2019-01-18 14:43:22,062 Subsample: 19 points with scale 1.0 subsample=18
2019-01-18 14:43:22,082 Built Data Sampler
2019-01-18 14:43:22,083 Creating a fresh model warm_start?=None
2019-01-18 14:43:22,083 	 Warmstarting? None None 19
2019-01-18 14:43:22,083 Embedding() torch.Size([19, 10])
2019-01-18 14:43:22,083 relative No Rescale
2019-01-18 14:43:22,083 Constructed model with dim=0 and epochs=0 isnan=False
2019-01-18 14:43:22,084 SGD (
Parameter Group 0
    dampening: 0
    initial_lr: 0.1
    lr: 1.0
    momentum: 0.0
    nesterov: False
    weight_decay: 0

Parameter Group 1
    dampening: 0
    initial_lr: 0.1
    lr: 1.0
    momentum: 0.0
    nesterov: False
    weight_decay: 0

Parameter Group 2
    dampening: 0
    initial_lr: 0.1
    lr: 1.0
    momentum: 0.0
    nesterov: False
    weight_decay: 0

Parameter Group 3
    dampening: 0
    initial_lr: 0.0001
    lr: 0.001
    momentum: 0.0
    nesterov: False
    weight_decay: 0
)
2019-01-18 14:43:22,084 *** Initial Checkpoint. Computing Stats
2019-01-18 14:43:22,084 	 Computing Major Stats lazily... 
2019-01-18 14:43:22,086 		 Completed edges=342 good=342 bad=0
2019-01-18 14:43:22,089 Distortion avg=0.9983070831222148 wc=13.23512313862514 me=0.005325560980892679 mc=2485.20732108989 nan_elements=0
2019-01-18 14:43:22,089 MAP = 0.19125555444440892
2019-01-18 14:43:22,089 scale=[array([1.])]
2019-01-18 14:43:22,090 *** End Initial Checkpoint

2019-01-18 14:43:22,148 1 loss=0.9966182418311499
2019-01-18 14:43:22,149 2 loss=0.9299287648455828
2019-01-18 14:43:22,149 3 loss=0.8682255200062639
2019-01-18 14:43:22,150 4 loss=0.8134785385231803
2019-01-18 14:43:22,151 5 loss=0.7651159306175025
2019-01-18 14:43:22,151 6 loss=0.7223805924777085
2019-01-18 14:43:22,152 7 loss=0.6845491487580436
2019-01-18 14:43:22,153 8 loss=0.6509734053585017
2019-01-18 14:43:22,154 9 loss=0.6210855562879583
2019-01-18 14:43:22,154 10 loss=0.5943932541236738
2019-01-18 14:43:22,155 11 loss=0.570471770802167
2019-01-18 14:43:22,156 12 loss=0.5489556969772688
2019-01-18 14:43:22,156 13 loss=0.5295310804988698
2019-01-18 14:43:22,157 14 loss=0.5119283214666914
2019-01-18 14:43:22,158 15 loss=0.4959159014524242
2019-01-18 14:43:22,158 16 loss=0.48129492250995776
2019-01-18 14:43:22,159 17 loss=0.46789438979293424
2019-01-18 14:43:22,160 18 loss=0.45556715743180237
2019-01-18 14:43:22,161 19 loss=0.4441864560950481
2019-01-18 14:43:22,161 20 loss=0.4336429253637007
2019-01-18 14:43:22,162 21 loss=0.42384208122149014
2019-01-18 14:43:22,163 22 loss=0.41470215686677653
2019-01-18 14:43:22,164 23 loss=0.40615226282177275
2019-01-18 14:43:22,164 24 loss=0.39813081954000074
2019-01-18 14:43:22,165 25 loss=0.3905842222253391
2019-01-18 14:43:22,166 26 loss=0.383465703333454
2019-01-18 14:43:22,167 27 loss=0.3767343632524436
2019-01-18 14:43:22,167 28 loss=0.3703543440093973
2019-01-18 14:43:22,168 29 loss=0.36429412459153093
2019-01-18 14:43:22,169 30 loss=0.358525919675649
2019-01-18 14:43:22,169 31 loss=0.35302516629631137
2019-01-18 14:43:22,170 32 loss=0.3477700853143793
2019-01-18 14:43:22,171 33 loss=0.34274130653032314
2019-01-18 14:43:22,172 34 loss=0.33792154797089174
2019-01-18 14:43:22,173 35 loss=0.3332953413072407
2019-01-18 14:43:22,174 36 loss=0.328848796575208
2019-01-18 14:43:22,174 37 loss=0.32456940039671217
2019-01-18 14:43:22,175 38 loss=0.320445842773072
2019-01-18 14:43:22,176 39 loss=0.3164678682602067
2019-01-18 14:43:22,177 40 loss=0.31262614796242033
2019-01-18 14:43:22,177 41 loss=0.30891216931297094
2019-01-18 14:43:22,178 42 loss=0.3053181410604887
2019-01-18 14:43:22,179 43 loss=0.30183691126287754
2019-01-18 14:43:22,180 44 loss=0.29846189641506726
2019-01-18 14:43:22,180 45 loss=0.29518702011276887
2019-01-18 14:43:22,181 46 loss=0.2920066598886683
2019-01-18 14:43:22,182 47 loss=0.2889156010566575
2019-01-18 14:43:22,182 48 loss=0.28590899656908286
2019-01-18 14:43:22,183 49 loss=0.28298233203613665
2019-01-18 14:43:22,184 50 loss=0.2801313951792615
2019-01-18 14:43:22,184 final loss=0.2801313951792615
2019-01-18 14:43:22,184 best loss=10000000000.0, distortion=10000000000.0, map=0.0, wc_dist=10000000000.0
2019-01-18 14:43:22,184 	 Computing Major Stats lazily... 
2019-01-18 14:43:22,186 		 Completed edges=342 good=342 bad=0
2019-01-18 14:43:22,189 Distortion avg=0.4802990475300387 wc=10.595462258446592 me=1.820866777098098 mc=5.818911296373094 nan_elements=0
2019-01-18 14:43:22,189 MAP = 0.2354488713041345
2019-01-18 14:43:22,189 scale=[array([1.])]
2019-01-18 14:57:10,045 Commandline ['pytorch/pytorch_hyperbolic.py', 'learn', 'data/edges/parsing/ewt/ewt_dev/810.edges', '--dim', '0', '--hyp', '0', '--edim', '10', '--euc', '1', '--sdim', '0', '--sph', '0', '--log-name', 'ewt_devr2/810.edges.E10-1.lr1.log', '--batch-size', '65536', '--epochs', '50', '--checkpoint-freq', '10', '-g', '--subsample', '1024', '--learning-rate', '1']
2019-01-18 14:57:10,047 No Model Save selected!
2019-01-18 14:57:10,048 Loaded Graph data/edges/parsing/ewt/ewt_dev/810.edges with 19 nodes scale=1.0
2019-01-18 14:57:10,048 Building dataset
2019-01-18 14:57:10,049 Subsample: 19 points with scale 1.0 subsample=18
2019-01-18 14:57:10,068 Built Data Sampler
2019-01-18 14:57:10,068 Creating a fresh model warm_start?=None
2019-01-18 14:57:10,068 	 Warmstarting? None None 19
2019-01-18 14:57:10,068 Embedding() torch.Size([19, 10])
2019-01-18 14:57:10,068 relative No Rescale
2019-01-18 14:57:10,069 Constructed model with dim=0 and epochs=0 isnan=False
2019-01-18 14:57:10,069 SGD (
Parameter Group 0
    dampening: 0
    initial_lr: 0.1
    lr: 1.0
    momentum: 0.0
    nesterov: False
    weight_decay: 0

Parameter Group 1
    dampening: 0
    initial_lr: 0.1
    lr: 1.0
    momentum: 0.0
    nesterov: False
    weight_decay: 0

Parameter Group 2
    dampening: 0
    initial_lr: 0.1
    lr: 1.0
    momentum: 0.0
    nesterov: False
    weight_decay: 0

Parameter Group 3
    dampening: 0
    initial_lr: 0.0001
    lr: 0.001
    momentum: 0.0
    nesterov: False
    weight_decay: 0
)
2019-01-18 14:57:10,069 *** Initial Checkpoint. Computing Stats
2019-01-18 14:57:10,069 	 Computing Major Stats lazily... 
2019-01-18 14:57:10,071 		 Completed edges=342 good=342 bad=0
2019-01-18 14:57:10,074 Distortion avg=0.9983070831222148 wc=13.23512313862514 me=0.005325560980892679 mc=2485.20732108989 nan_elements=0
2019-01-18 14:57:10,074 MAP = 0.19125555444440892
2019-01-18 14:57:10,074 scale=[array([1.])]
2019-01-18 14:57:10,074 *** End Initial Checkpoint

2019-01-18 14:57:10,135 1 loss=0.9966182418311499
2019-01-18 14:57:10,136 2 loss=0.9299287648455828
2019-01-18 14:57:10,137 3 loss=0.8682255200062639
2019-01-18 14:57:10,138 4 loss=0.8134785385231803
2019-01-18 14:57:10,138 5 loss=0.7651159306175025
2019-01-18 14:57:10,139 6 loss=0.7223805924777085
2019-01-18 14:57:10,140 7 loss=0.6845491487580436
2019-01-18 14:57:10,141 8 loss=0.6509734053585017
2019-01-18 14:57:10,141 9 loss=0.6210855562879583
2019-01-18 14:57:10,142 10 loss=0.5943932541236738
2019-01-18 14:57:10,142 
*** Major Checkpoint. Computing Stats and Saving
2019-01-18 14:57:10,142 	 Computing Major Stats lazily... 
2019-01-18 14:57:10,144 		 Completed edges=342 good=342 bad=0
2019-01-18 14:57:10,147 Distortion avg=0.7223739651079846 wc=18.29467129218039 me=0.9656796737756763 mc=18.944865247759342 nan_elements=0
2019-01-18 14:57:10,147 MAP = 0.09779166481952861
2019-01-18 14:57:10,147 scale=[array([1.])]
2019-01-18 14:57:10,147 *** End Major Checkpoint

2019-01-18 14:57:10,148 11 loss=0.570471770802167
2019-01-18 14:57:10,149 12 loss=0.5489556969772686
2019-01-18 14:57:10,150 13 loss=0.5295310804988698
2019-01-18 14:57:10,150 14 loss=0.5119283214666914
2019-01-18 14:57:10,151 15 loss=0.49591590145242426
2019-01-18 14:57:10,152 16 loss=0.4812949225099576
2019-01-18 14:57:10,152 17 loss=0.46789438979293435
2019-01-18 14:57:10,153 18 loss=0.4555671574318022
2019-01-18 14:57:10,154 19 loss=0.44418645609504814
2019-01-18 14:57:10,155 20 loss=0.4336429253637008
2019-01-18 14:57:10,155 
*** Major Checkpoint. Computing Stats and Saving
2019-01-18 14:57:10,155 	 Computing Major Stats lazily... 
2019-01-18 14:57:10,156 		 Completed edges=342 good=342 bad=0
2019-01-18 14:57:10,159 Distortion avg=0.6181461148204632 wc=15.68282229464359 me=1.4429853292297685 mc=10.868317214988394 nan_elements=0
2019-01-18 14:57:10,159 MAP = 0.11001841596655837
2019-01-18 14:57:10,159 scale=[array([1.])]
2019-01-18 14:57:10,160 *** End Major Checkpoint

2019-01-18 14:57:10,160 21 loss=0.4238420812214902
2019-01-18 14:57:10,161 22 loss=0.4147021568667765
2019-01-18 14:57:10,162 23 loss=0.4061522628217726
2019-01-18 14:57:10,162 24 loss=0.3981308195400008
2019-01-18 14:57:10,163 25 loss=0.39058422222533895
2019-01-18 14:57:10,164 26 loss=0.3834657033334538
2019-01-18 14:57:10,164 27 loss=0.3767343632524434
2019-01-18 14:57:10,165 28 loss=0.37035434400939726
2019-01-18 14:57:10,166 29 loss=0.36429412459153093
2019-01-18 14:57:10,166 30 loss=0.35852591967564906
2019-01-18 14:57:10,166 
*** Major Checkpoint. Computing Stats and Saving
2019-01-18 14:57:10,167 	 Computing Major Stats lazily... 
2019-01-18 14:57:10,168 		 Completed edges=342 good=342 bad=0
2019-01-18 14:57:10,171 Distortion avg=0.5626837331173459 wc=13.544320109638853 me=1.6723874254891888 mc=8.098793319781757 nan_elements=0
2019-01-18 14:57:10,171 MAP = 0.1318105432579117
2019-01-18 14:57:10,171 scale=[array([1.])]
2019-01-18 14:57:10,171 *** End Major Checkpoint

2019-01-18 14:57:10,172 31 loss=0.35302516629631137
2019-01-18 14:57:10,173 32 loss=0.3477700853143793
2019-01-18 14:57:10,173 33 loss=0.3427413065303232
2019-01-18 14:57:10,174 34 loss=0.33792154797089174
2019-01-18 14:57:10,175 35 loss=0.33329534130724076
2019-01-18 14:57:10,175 36 loss=0.3288487965752079
2019-01-18 14:57:10,176 37 loss=0.32456940039671217
2019-01-18 14:57:10,177 38 loss=0.320445842773072
2019-01-18 14:57:10,177 39 loss=0.3164678682602067
2019-01-18 14:57:10,178 40 loss=0.31262614796242033
2019-01-18 14:57:10,178 
*** Major Checkpoint. Computing Stats and Saving
2019-01-18 14:57:10,178 	 Computing Major Stats lazily... 
2019-01-18 14:57:10,180 		 Completed edges=342 good=342 bad=0
2019-01-18 14:57:10,182 Distortion avg=0.5174502869132961 wc=11.886876612416295 me=1.778947707061887 mc=6.6819707882524995 nan_elements=0
2019-01-18 14:57:10,183 MAP = 0.17528077100058526
2019-01-18 14:57:10,183 scale=[array([1.])]
2019-01-18 14:57:10,183 *** End Major Checkpoint

2019-01-18 14:57:10,183 41 loss=0.3089121693129709
2019-01-18 14:57:10,184 42 loss=0.3053181410604888
2019-01-18 14:57:10,185 43 loss=0.30183691126287765
2019-01-18 14:57:10,186 44 loss=0.29846189641506726
2019-01-18 14:57:10,186 45 loss=0.2951870201127689
2019-01-18 14:57:10,187 46 loss=0.2920066598886682
2019-01-18 14:57:10,188 47 loss=0.2889156010566574
2019-01-18 14:57:10,188 48 loss=0.2859089965690828
2019-01-18 14:57:10,189 49 loss=0.2829823320361367
2019-01-18 14:57:10,190 50 loss=0.2801313951792615
2019-01-18 14:57:10,190 
*** Major Checkpoint. Computing Stats and Saving
2019-01-18 14:57:10,190 	 Computing Major Stats lazily... 
2019-01-18 14:57:10,191 		 Completed edges=342 good=342 bad=0
2019-01-18 14:57:10,194 Distortion avg=0.4802990475300382 wc=10.595462258446592 me=1.820866777098098 mc=5.818911296373094 nan_elements=0
2019-01-18 14:57:10,194 MAP = 0.23544887130413444
2019-01-18 14:57:10,195 scale=[array([1.])]
2019-01-18 14:57:10,195 *** End Major Checkpoint

2019-01-18 14:57:10,195 final loss=0.2801313951792615
2019-01-18 14:57:10,195 best loss=0.2801313951792615, distortion=0.4802990475300382, map=0.23544887130413444, wc_dist=10.595462258446592
2019-01-18 14:57:10,195 	 Computing Major Stats lazily... 
2019-01-18 14:57:10,196 		 Completed edges=342 good=342 bad=0
2019-01-18 14:57:10,199 Distortion avg=0.48029904753003855 wc=10.595462258446592 me=1.820866777098098 mc=5.818911296373094 nan_elements=0
2019-01-18 14:57:10,199 MAP = 0.2354488713041345
2019-01-18 14:57:10,200 scale=[array([1.])]
