2019-01-18 14:43:03,434 Commandline ['pytorch/pytorch_hyperbolic.py', 'learn', 'data/edges/parsing/ewt/ewt_dev/817.edges', '--dim', '0', '--hyp', '0', '--edim', '10', '--euc', '1', '--sdim', '0', '--sph', '0', '--log-name', 'ewt_devr2/817.edges.E10-1.lr1.log', '--batch-size', '65536', '--epochs', '50', '-g', '--subsample', '1024', '--learning-rate', '1']
2019-01-18 14:43:03,434 No Model Save selected!
2019-01-18 14:43:03,436 Loaded Graph data/edges/parsing/ewt/ewt_dev/817.edges with 3 nodes scale=1.0
2019-01-18 14:43:03,436 Building dataset
2019-01-18 14:43:03,436 Subsample: 3 points with scale 1.0 subsample=2
2019-01-18 14:43:03,439 Built Data Sampler
2019-01-18 14:43:03,439 Creating a fresh model warm_start?=None
2019-01-18 14:43:03,439 	 Warmstarting? None None 3
2019-01-18 14:43:03,439 Embedding() torch.Size([3, 10])
2019-01-18 14:43:03,439 relative No Rescale
2019-01-18 14:43:03,440 Constructed model with dim=0 and epochs=0 isnan=False
2019-01-18 14:43:03,440 SGD (
Parameter Group 0
    dampening: 0
    initial_lr: 0.1
    lr: 1.0
    momentum: 0.0
    nesterov: False
    weight_decay: 0

Parameter Group 1
    dampening: 0
    initial_lr: 0.1
    lr: 1.0
    momentum: 0.0
    nesterov: False
    weight_decay: 0

Parameter Group 2
    dampening: 0
    initial_lr: 0.1
    lr: 1.0
    momentum: 0.0
    nesterov: False
    weight_decay: 0

Parameter Group 3
    dampening: 0
    initial_lr: 0.0001
    lr: 0.001
    momentum: 0.0
    nesterov: False
    weight_decay: 0
)
2019-01-18 14:43:03,440 *** Initial Checkpoint. Computing Stats
2019-01-18 14:43:03,440 	 Computing Major Stats lazily... 
2019-01-18 14:43:03,441 		 Completed edges=6 good=6 bad=0
2019-01-18 14:43:03,441 Distortion avg=0.995685256683299 wc=2.1173771007281528 me=0.0059990010247677 mc=352.9549489967197 nan_elements=0
2019-01-18 14:43:03,441 MAP = 0.8333333333333334
2019-01-18 14:43:03,442 scale=[array([1.])]
2019-01-18 14:43:03,442 *** End Initial Checkpoint

2019-01-18 14:43:03,499 1 loss=0.9913908212863208
2019-01-18 14:43:03,499 2 loss=0.47963967088590637
2019-01-18 14:43:03,500 3 loss=0.16088361417624628
2019-01-18 14:43:03,500 4 loss=0.0021729748053624476
2019-01-18 14:43:03,500 5 loss=0.0011336411624325103
2019-01-18 14:43:03,501 6 loss=0.0009414368911553338
2019-01-18 14:43:03,501 7 loss=0.0008000766598015258
2019-01-18 14:43:03,502 8 loss=0.0006886109491265886
2019-01-18 14:43:03,502 9 loss=0.0005990484410217954
2019-01-18 14:43:03,503 10 loss=0.0005259522357476768
2019-01-18 14:43:03,503 11 loss=0.0004654903008697489
2019-01-18 14:43:03,503 12 loss=0.00041489301680754613
2019-01-18 14:43:03,504 13 loss=0.00037211562284205735
2019-01-18 14:43:03,504 14 loss=0.00033562026837579746
2019-01-18 14:43:03,505 15 loss=0.0003042313658106173
2019-01-18 14:43:03,505 16 loss=0.00027703720501527396
2019-01-18 14:43:03,506 17 loss=0.00025332156843635596
2019-01-18 14:43:03,506 18 loss=0.00023251527399432295
2019-01-18 14:43:03,506 19 loss=0.00021416124154514474
2019-01-18 14:43:03,507 20 loss=0.0001978889149093012
2019-01-18 14:43:03,507 21 loss=0.0001833952692033031
2019-01-18 14:43:03,508 22 loss=0.0001704305268743361
2019-01-18 14:43:03,508 23 loss=0.00015878728908069753
2019-01-18 14:43:03,508 24 loss=0.00014829217689357093
2019-01-18 14:43:03,509 25 loss=0.00013879933913284965
2019-01-18 14:43:03,509 26 loss=0.00013018536390023408
2019-01-18 14:43:03,510 27 loss=0.00012234525651916932
2019-01-18 14:43:03,510 28 loss=0.00011518923534721506
2019-01-18 14:43:03,511 29 loss=0.00010864016039950621
2019-01-18 14:43:03,511 30 loss=0.0001026314556359871
2019-01-18 14:43:03,511 31 loss=9.710541933252844e-05
2019-01-18 14:43:03,512 32 loss=9.201184174202235e-05
2019-01-18 14:43:03,512 33 loss=8.730686772402174e-05
2019-01-18 14:43:03,513 34 loss=8.295205590919963e-05
2019-01-18 14:43:03,513 35 loss=7.891359649146636e-05
2019-01-18 14:43:03,513 36 loss=7.516165778141005e-05
2019-01-18 14:43:03,514 37 loss=7.166983784147707e-05
2019-01-18 14:43:03,514 38 loss=6.841470231642381e-05
2019-01-18 14:43:03,515 39 loss=6.537539331028754e-05
2019-01-18 14:43:03,515 40 loss=6.253329709371335e-05
2019-01-18 14:43:03,516 41 loss=5.987176074017095e-05
2019-01-18 14:43:03,516 42 loss=5.737584962646099e-05
2019-01-18 14:43:03,516 43 loss=5.5032139198738634e-05
2019-01-18 14:43:03,517 44 loss=5.282853558059662e-05
2019-01-18 14:43:03,517 45 loss=5.075412054694847e-05
2019-01-18 14:43:03,518 46 loss=4.8799017154244765e-05
2019-01-18 14:43:03,518 47 loss=4.6954272941059624e-05
2019-01-18 14:43:03,518 48 loss=4.5211758122264325e-05
2019-01-18 14:43:03,519 49 loss=4.356407661744799e-05
2019-01-18 14:43:03,519 50 loss=4.200448809792847e-05
2019-01-18 14:43:03,519 final loss=4.200448809792847e-05
2019-01-18 14:43:03,519 best loss=10000000000.0, distortion=10000000000.0, map=0.0, wc_dist=10000000000.0
2019-01-18 14:43:03,520 	 Computing Major Stats lazily... 
2019-01-18 14:43:03,520 		 Completed edges=6 good=6 bad=0
2019-01-18 14:43:03,520 Distortion avg=0.005951200462945579 wc=1.0140424099308363 me=1.0048058176298007 mc=1.0091924152298635 nan_elements=0
2019-01-18 14:43:03,520 MAP = 1.0
2019-01-18 14:43:03,521 scale=[array([1.])]
2019-01-18 15:11:45,268 Commandline ['pytorch/pytorch_hyperbolic.py', 'learn', 'data/edges/parsing/ewt/ewt_dev/817.edges', '--dim', '0', '--hyp', '0', '--edim', '10', '--euc', '1', '--sdim', '0', '--sph', '0', '--log-name', 'ewt_devr2/817.edges.E10-1.lr1.log', '--batch-size', '65536', '--epochs', '50', '--checkpoint-freq', '10', '-g', '--subsample', '1024', '--learning-rate', '1']
2019-01-18 15:11:45,269 No Model Save selected!
2019-01-18 15:11:45,271 Loaded Graph data/edges/parsing/ewt/ewt_dev/817.edges with 3 nodes scale=1.0
2019-01-18 15:11:45,271 Building dataset
2019-01-18 15:11:45,271 Subsample: 3 points with scale 1.0 subsample=2
2019-01-18 15:11:45,274 Built Data Sampler
2019-01-18 15:11:45,274 Creating a fresh model warm_start?=None
2019-01-18 15:11:45,274 	 Warmstarting? None None 3
2019-01-18 15:11:45,274 Embedding() torch.Size([3, 10])
2019-01-18 15:11:45,274 relative No Rescale
2019-01-18 15:11:45,275 Constructed model with dim=0 and epochs=0 isnan=False
2019-01-18 15:11:45,275 SGD (
Parameter Group 0
    dampening: 0
    initial_lr: 0.1
    lr: 1.0
    momentum: 0.0
    nesterov: False
    weight_decay: 0

Parameter Group 1
    dampening: 0
    initial_lr: 0.1
    lr: 1.0
    momentum: 0.0
    nesterov: False
    weight_decay: 0

Parameter Group 2
    dampening: 0
    initial_lr: 0.1
    lr: 1.0
    momentum: 0.0
    nesterov: False
    weight_decay: 0

Parameter Group 3
    dampening: 0
    initial_lr: 0.0001
    lr: 0.001
    momentum: 0.0
    nesterov: False
    weight_decay: 0
)
2019-01-18 15:11:45,275 *** Initial Checkpoint. Computing Stats
2019-01-18 15:11:45,275 	 Computing Major Stats lazily... 
2019-01-18 15:11:45,276 		 Completed edges=6 good=6 bad=0
2019-01-18 15:11:45,276 Distortion avg=0.995685256683299 wc=2.1173771007281528 me=0.0059990010247677 mc=352.9549489967197 nan_elements=0
2019-01-18 15:11:45,276 MAP = 0.8333333333333334
2019-01-18 15:11:45,277 scale=[array([1.])]
2019-01-18 15:11:45,277 *** End Initial Checkpoint

2019-01-18 15:11:45,334 1 loss=0.9913908212863208
2019-01-18 15:11:45,335 2 loss=0.47963967088590637
2019-01-18 15:11:45,336 3 loss=0.16088361417624628
2019-01-18 15:11:45,336 4 loss=0.0021729748053624476
2019-01-18 15:11:45,336 5 loss=0.0011336411624325103
2019-01-18 15:11:45,337 6 loss=0.0009414368911553338
2019-01-18 15:11:45,337 7 loss=0.0008000766598015258
2019-01-18 15:11:45,338 8 loss=0.0006886109491265886
2019-01-18 15:11:45,338 9 loss=0.0005990484410217954
2019-01-18 15:11:45,338 10 loss=0.0005259522357476768
2019-01-18 15:11:45,339 
*** Major Checkpoint. Computing Stats and Saving
2019-01-18 15:11:45,339 	 Computing Major Stats lazily... 
2019-01-18 15:11:45,339 		 Completed edges=6 good=6 bad=0
2019-01-18 15:11:45,340 Distortion avg=0.01942772063492852 wc=1.0517340221965676 me=1.0189908186230463 mc=1.0321329721280188 nan_elements=0
2019-01-18 15:11:45,340 MAP = 1.0
2019-01-18 15:11:45,340 scale=[array([1.])]
2019-01-18 15:11:45,340 *** End Major Checkpoint

2019-01-18 15:11:45,340 11 loss=0.0004654903008697489
2019-01-18 15:11:45,341 12 loss=0.000414893016807546
2019-01-18 15:11:45,341 13 loss=0.0003721156228420573
2019-01-18 15:11:45,342 14 loss=0.00033562026837579746
2019-01-18 15:11:45,342 15 loss=0.0003042313658106173
2019-01-18 15:11:45,342 16 loss=0.00027703720501527396
2019-01-18 15:11:45,343 17 loss=0.000253321568436356
2019-01-18 15:11:45,343 18 loss=0.00023251527399432295
2019-01-18 15:11:45,344 19 loss=0.00021416124154514474
2019-01-18 15:11:45,344 20 loss=0.0001978889149093012
2019-01-18 15:11:45,344 
*** Major Checkpoint. Computing Stats and Saving
2019-01-18 15:11:45,344 	 Computing Major Stats lazily... 
2019-01-18 15:11:45,344 		 Completed edges=6 good=6 bad=0
2019-01-18 15:11:45,345 Distortion avg=0.012479143856888716 wc=1.0311449115713742 me=1.011006788690975 mc=1.0199188799775256 nan_elements=0
2019-01-18 15:11:45,345 MAP = 1.0
2019-01-18 15:11:45,345 scale=[array([1.])]
2019-01-18 15:11:45,345 *** End Major Checkpoint

2019-01-18 15:11:45,346 21 loss=0.0001833952692033031
2019-01-18 15:11:45,346 22 loss=0.0001704305268743361
2019-01-18 15:11:45,347 23 loss=0.00015878728908069753
2019-01-18 15:11:45,347 24 loss=0.00014829217689357093
2019-01-18 15:11:45,347 25 loss=0.00013879933913284962
2019-01-18 15:11:45,348 26 loss=0.00013018536390023408
2019-01-18 15:11:45,348 27 loss=0.0001223452565191693
2019-01-18 15:11:45,349 28 loss=0.00011518923534721506
2019-01-18 15:11:45,349 29 loss=0.00010864016039950621
2019-01-18 15:11:45,349 30 loss=0.0001026314556359871
2019-01-18 15:11:45,349 
*** Major Checkpoint. Computing Stats and Saving
2019-01-18 15:11:45,350 	 Computing Major Stats lazily... 
2019-01-18 15:11:45,350 		 Completed edges=6 good=6 bad=0
2019-01-18 15:11:45,350 Distortion avg=0.009154197628245542 wc=1.0221909695507232 me=1.007711890144862 mc=1.014368272863963 nan_elements=0
2019-01-18 15:11:45,350 MAP = 1.0
2019-01-18 15:11:45,351 scale=[array([1.])]
2019-01-18 15:11:45,351 *** End Major Checkpoint

2019-01-18 15:11:45,351 31 loss=9.710541933252844e-05
2019-01-18 15:11:45,352 32 loss=9.201184174202235e-05
2019-01-18 15:11:45,352 33 loss=8.730686772402174e-05
2019-01-18 15:11:45,353 34 loss=8.295205590919963e-05
2019-01-18 15:11:45,353 35 loss=7.891359649146636e-05
2019-01-18 15:11:45,353 36 loss=7.516165778141004e-05
2019-01-18 15:11:45,354 37 loss=7.166983784147707e-05
2019-01-18 15:11:45,354 38 loss=6.841470231642381e-05
2019-01-18 15:11:45,355 39 loss=6.537539331028753e-05
2019-01-18 15:11:45,355 40 loss=6.253329709371334e-05
2019-01-18 15:11:45,355 
*** Major Checkpoint. Computing Stats and Saving
2019-01-18 15:11:45,355 	 Computing Major Stats lazily... 
2019-01-18 15:11:45,356 		 Completed edges=6 good=6 bad=0
2019-01-18 15:11:45,356 Distortion avg=0.007216614997719195 wc=1.0172086901260338 me=1.0059246406839333 mc=1.0112175892564164 nan_elements=0
2019-01-18 15:11:45,356 MAP = 1.0
2019-01-18 15:11:45,356 scale=[array([1.])]
2019-01-18 15:11:45,356 *** End Major Checkpoint

2019-01-18 15:11:45,357 41 loss=5.987176074017095e-05
2019-01-18 15:11:45,357 42 loss=5.737584962646099e-05
2019-01-18 15:11:45,358 43 loss=5.503213919873864e-05
2019-01-18 15:11:45,358 44 loss=5.282853558059662e-05
2019-01-18 15:11:45,359 45 loss=5.075412054694847e-05
2019-01-18 15:11:45,359 46 loss=4.8799017154244765e-05
2019-01-18 15:11:45,359 47 loss=4.6954272941059624e-05
2019-01-18 15:11:45,360 48 loss=4.5211758122264325e-05
2019-01-18 15:11:45,360 49 loss=4.356407661744799e-05
2019-01-18 15:11:45,361 50 loss=4.200448809792847e-05
2019-01-18 15:11:45,361 
*** Major Checkpoint. Computing Stats and Saving
2019-01-18 15:11:45,361 	 Computing Major Stats lazily... 
2019-01-18 15:11:45,361 		 Completed edges=6 good=6 bad=0
2019-01-18 15:11:45,362 Distortion avg=0.005951200462945579 wc=1.0140424099308363 me=1.0048058176298007 mc=1.0091924152298635 nan_elements=0
2019-01-18 15:11:45,362 MAP = 1.0
2019-01-18 15:11:45,362 scale=[array([1.])]
2019-01-18 15:11:45,362 *** End Major Checkpoint

2019-01-18 15:11:45,362 final loss=4.200448809792847e-05
2019-01-18 15:11:45,362 best loss=4.200448809792847e-05, distortion=0.005951200462945579, map=1.0, wc_dist=1.0140424099308363
2019-01-18 15:11:45,362 	 Computing Major Stats lazily... 
2019-01-18 15:11:45,362 		 Completed edges=6 good=6 bad=0
2019-01-18 15:11:45,363 Distortion avg=0.005951200462945579 wc=1.0140424099308363 me=1.0048058176298007 mc=1.0091924152298635 nan_elements=0
2019-01-18 15:11:45,363 MAP = 1.0
2019-01-18 15:11:45,363 scale=[array([1.])]
