2019-01-18 14:58:14,699 Commandline ['pytorch/pytorch_hyperbolic.py', 'learn', 'data/edges/parsing/ewt/ewt_dev/832.edges', '--dim', '0', '--hyp', '0', '--edim', '10', '--euc', '1', '--sdim', '0', '--sph', '0', '--log-name', 'ewt_devr2/832.edges.E10-1.lr1.log', '--batch-size', '65536', '--epochs', '50', '--checkpoint-freq', '10', '-g', '--subsample', '1024', '--learning-rate', '1']
2019-01-18 14:58:14,700 No Model Save selected!
2019-01-18 14:58:14,702 Loaded Graph data/edges/parsing/ewt/ewt_dev/832.edges with 9 nodes scale=1.0
2019-01-18 14:58:14,702 Building dataset
2019-01-18 14:58:14,702 Subsample: 9 points with scale 1.0 subsample=8
2019-01-18 14:58:14,709 Built Data Sampler
2019-01-18 14:58:14,709 Creating a fresh model warm_start?=None
2019-01-18 14:58:14,709 	 Warmstarting? None None 9
2019-01-18 14:58:14,710 Embedding() torch.Size([9, 10])
2019-01-18 14:58:14,710 relative No Rescale
2019-01-18 14:58:14,710 Constructed model with dim=0 and epochs=0 isnan=False
2019-01-18 14:58:14,710 SGD (
Parameter Group 0
    dampening: 0
    initial_lr: 0.1
    lr: 1.0
    momentum: 0.0
    nesterov: False
    weight_decay: 0

Parameter Group 1
    dampening: 0
    initial_lr: 0.1
    lr: 1.0
    momentum: 0.0
    nesterov: False
    weight_decay: 0

Parameter Group 2
    dampening: 0
    initial_lr: 0.1
    lr: 1.0
    momentum: 0.0
    nesterov: False
    weight_decay: 0

Parameter Group 3
    dampening: 0
    initial_lr: 0.0001
    lr: 0.001
    momentum: 0.0
    nesterov: False
    weight_decay: 0
)
2019-01-18 14:58:14,710 *** Initial Checkpoint. Computing Stats
2019-01-18 14:58:14,710 	 Computing Major Stats lazily... 
2019-01-18 14:58:14,711 		 Completed edges=72 good=72 bad=0
2019-01-18 14:58:14,713 Distortion avg=0.9975094307493495 wc=6.219460714483016 me=0.005941110731069004 mc=1046.8515057223865 nan_elements=0
2019-01-18 14:58:14,713 MAP = 0.4117901234567901
2019-01-18 14:58:14,713 scale=[array([1.])]
2019-01-18 14:58:14,713 *** End Initial Checkpoint

2019-01-18 14:58:14,771 1 loss=0.9950268845517771
2019-01-18 14:58:14,772 2 loss=0.7189042574897833
2019-01-18 14:58:14,772 3 loss=0.5518111381226251
2019-01-18 14:58:14,773 4 loss=0.4516430322677413
2019-01-18 14:58:14,773 5 loss=0.38638310217277794
2019-01-18 14:58:14,774 6 loss=0.3401814545262265
2019-01-18 14:58:14,774 7 loss=0.30518876315885285
2019-01-18 14:58:14,775 8 loss=0.2773485045637085
2019-01-18 14:58:14,775 9 loss=0.254435199911508
2019-01-18 14:58:14,776 10 loss=0.23514032532951118
2019-01-18 14:58:14,776 
*** Major Checkpoint. Computing Stats and Saving
2019-01-18 14:58:14,776 	 Computing Major Stats lazily... 
2019-01-18 14:58:14,776 		 Completed edges=72 good=72 bad=0
2019-01-18 14:58:14,778 Distortion avg=0.4330661788623877 wc=5.405714292865689 me=1.3553522911221665 mc=3.988420079616361 nan_elements=0
2019-01-18 14:58:14,778 MAP = 0.3266049382716049
2019-01-18 14:58:14,778 scale=[array([1.])]
2019-01-18 14:58:14,778 *** End Major Checkpoint

2019-01-18 14:58:14,778 11 loss=0.2186360694881543
2019-01-18 14:58:14,779 12 loss=0.2043600674832612
2019-01-18 14:58:14,779 13 loss=0.19190523302463264
2019-01-18 14:58:14,780 14 loss=0.18096127812429808
2019-01-18 14:58:14,780 15 loss=0.17128248964804813
2019-01-18 14:58:14,781 16 loss=0.162669205763402
2019-01-18 14:58:14,781 17 loss=0.15495658555066838
2019-01-18 14:58:14,782 18 loss=0.14800732826464214
2019-01-18 14:58:14,782 19 loss=0.14170658107537393
2019-01-18 14:58:14,783 20 loss=0.1359581103149682
2019-01-18 14:58:14,783 
*** Major Checkpoint. Computing Stats and Saving
2019-01-18 14:58:14,783 	 Computing Major Stats lazily... 
2019-01-18 14:58:14,783 		 Completed edges=72 good=72 bad=0
2019-01-18 14:58:14,785 Distortion avg=0.3224176616612546 wc=4.255009719033773 me=1.4584184526854733 mc=2.9175506598937835 nan_elements=0
2019-01-18 14:58:14,785 MAP = 0.7773015873015873
2019-01-18 14:58:14,785 scale=[array([1.])]
2019-01-18 14:58:14,785 *** End Major Checkpoint

2019-01-18 14:58:14,786 21 loss=0.1306812551578038
2019-01-18 14:58:14,786 22 loss=0.12580841494461537
2019-01-18 14:58:14,786 23 loss=0.12128293904903654
2019-01-18 14:58:14,787 24 loss=0.11705734495225989
2019-01-18 14:58:14,787 25 loss=0.11309181588132915
2019-01-18 14:58:14,788 26 loss=0.10935294027213636
2019-01-18 14:58:14,788 27 loss=0.10581265997791306
2019-01-18 14:58:14,789 28 loss=0.10244739673363595
2019-01-18 14:58:14,789 29 loss=0.09923732871587528
2019-01-18 14:58:14,790 30 loss=0.09616579170570853
2019-01-18 14:58:14,790 
*** Major Checkpoint. Computing Stats and Saving
2019-01-18 14:58:14,790 	 Computing Major Stats lazily... 
2019-01-18 14:58:14,791 		 Completed edges=72 good=72 bad=0
2019-01-18 14:58:14,792 Distortion avg=0.2680733065989125 wc=3.5231563262786847 me=1.4385306406854246 mc=2.449135407084542 nan_elements=0
2019-01-18 14:58:14,792 MAP = 0.9351851851851851
2019-01-18 14:58:14,792 scale=[array([1.])]
2019-01-18 14:58:14,792 *** End Major Checkpoint

2019-01-18 14:58:14,793 31 loss=0.09321878240691447
2019-01-18 14:58:14,793 32 loss=0.09038454471490065
2019-01-18 14:58:14,794 33 loss=0.08765322295337118
2019-01-18 14:58:14,794 34 loss=0.08501656910936017
2019-01-18 14:58:14,795 35 loss=0.08246769377642335
2019-01-18 14:58:14,795 36 loss=0.08000085279430147
2019-01-18 14:58:14,796 37 loss=0.07761126343507076
2019-01-18 14:58:14,796 38 loss=0.07529494545093975
2019-01-18 14:58:14,797 39 loss=0.07304858341086548
2019-01-18 14:58:14,797 40 loss=0.07086940756752383
2019-01-18 14:58:14,797 
*** Major Checkpoint. Computing Stats and Saving
2019-01-18 14:58:14,797 	 Computing Major Stats lazily... 
2019-01-18 14:58:14,798 		 Completed edges=72 good=72 bad=0
2019-01-18 14:58:14,799 Distortion avg=0.22788198385574768 wc=2.930468810871127 me=1.3752349113342255 mc=2.1308859938903417 nan_elements=0
2019-01-18 14:58:14,799 MAP = 1.0
2019-01-18 14:58:14,799 scale=[array([1.])]
2019-01-18 14:58:14,799 *** End Major Checkpoint

2019-01-18 14:58:14,800 41 loss=0.06875509107179192
2019-01-18 14:58:14,800 42 loss=0.06670366174519753
2019-01-18 14:58:14,801 43 loss=0.06471342688187605
2019-01-18 14:58:14,801 44 loss=0.06278290972237537
2019-01-18 14:58:14,802 45 loss=0.060910796355297246
2019-01-18 14:58:14,802 46 loss=0.0590958918840005
2019-01-18 14:58:14,803 47 loss=0.0573370847616944
2019-01-18 14:58:14,803 48 loss=0.055633318260328024
2019-01-18 14:58:14,804 49 loss=0.05398356810298059
2019-01-18 14:58:14,804 50 loss=0.05238682535868456
2019-01-18 14:58:14,804 
*** Major Checkpoint. Computing Stats and Saving
2019-01-18 14:58:14,804 	 Computing Major Stats lazily... 
2019-01-18 14:58:14,805 		 Completed edges=72 good=72 bad=0
2019-01-18 14:58:14,806 Distortion avg=0.1952528385518142 wc=2.4656183028406846 me=1.3041777276889803 mc=1.8905539103246243 nan_elements=0
2019-01-18 14:58:14,806 MAP = 1.0
2019-01-18 14:58:14,806 scale=[array([1.])]
2019-01-18 14:58:14,807 *** End Major Checkpoint

2019-01-18 14:58:14,807 final loss=0.05238682535868456
2019-01-18 14:58:14,807 best loss=0.05238682535868456, distortion=0.1952528385518142, map=1.0, wc_dist=2.4656183028406846
2019-01-18 14:58:14,807 	 Computing Major Stats lazily... 
2019-01-18 14:58:14,807 		 Completed edges=72 good=72 bad=0
2019-01-18 14:58:14,809 Distortion avg=0.1952528385518142 wc=2.4656183028406846 me=1.3041777276889803 mc=1.8905539103246243 nan_elements=0
2019-01-18 14:58:14,809 MAP = 1.0
2019-01-18 14:58:14,809 scale=[array([1.])]
