2019-01-18 14:43:07,286 Commandline ['pytorch/pytorch_hyperbolic.py', 'learn', 'data/edges/parsing/ewt/ewt_dev/835.edges', '--dim', '0', '--hyp', '0', '--edim', '10', '--euc', '1', '--sdim', '0', '--sph', '0', '--log-name', 'ewt_devr2/835.edges.E10-1.lr1.log', '--batch-size', '65536', '--epochs', '50', '-g', '--subsample', '1024', '--learning-rate', '1']
2019-01-18 14:43:07,286 No Model Save selected!
2019-01-18 14:43:07,288 Loaded Graph data/edges/parsing/ewt/ewt_dev/835.edges with 12 nodes scale=1.0
2019-01-18 14:43:07,288 Building dataset
2019-01-18 14:43:07,288 Subsample: 12 points with scale 1.0 subsample=11
2019-01-18 14:43:07,299 Built Data Sampler
2019-01-18 14:43:07,299 Creating a fresh model warm_start?=None
2019-01-18 14:43:07,299 	 Warmstarting? None None 12
2019-01-18 14:43:07,299 Embedding() torch.Size([12, 10])
2019-01-18 14:43:07,299 relative No Rescale
2019-01-18 14:43:07,300 Constructed model with dim=0 and epochs=0 isnan=False
2019-01-18 14:43:07,300 SGD (
Parameter Group 0
    dampening: 0
    initial_lr: 0.1
    lr: 1.0
    momentum: 0.0
    nesterov: False
    weight_decay: 0

Parameter Group 1
    dampening: 0
    initial_lr: 0.1
    lr: 1.0
    momentum: 0.0
    nesterov: False
    weight_decay: 0

Parameter Group 2
    dampening: 0
    initial_lr: 0.1
    lr: 1.0
    momentum: 0.0
    nesterov: False
    weight_decay: 0

Parameter Group 3
    dampening: 0
    initial_lr: 0.0001
    lr: 0.001
    momentum: 0.0
    nesterov: False
    weight_decay: 0
)
2019-01-18 14:43:07,300 *** Initial Checkpoint. Computing Stats
2019-01-18 14:43:07,300 	 Computing Major Stats lazily... 
2019-01-18 14:43:07,301 		 Completed edges=132 good=132 bad=0
2019-01-18 14:43:07,303 Distortion avg=0.9979924814844691 wc=10.440335094253724 me=0.006009979300171955 mc=1737.1665646094668 nan_elements=0
2019-01-18 14:43:07,303 MAP = 0.2746091871091871
2019-01-18 14:43:07,303 scale=[array([1.])]
2019-01-18 14:43:07,303 *** End Initial Checkpoint

2019-01-18 14:43:07,361 1 loss=0.9959905099957485
2019-01-18 14:43:07,362 2 loss=0.8413520662743128
2019-01-18 14:43:07,362 3 loss=0.7204686838527071
2019-01-18 14:43:07,363 4 loss=0.6297653726995728
2019-01-18 14:43:07,363 5 loss=0.5611991838354071
2019-01-18 14:43:07,364 6 loss=0.5085829963810438
2019-01-18 14:43:07,364 7 loss=0.467468912078598
2019-01-18 14:43:07,365 8 loss=0.4347078921338931
2019-01-18 14:43:07,365 9 loss=0.4080744629180456
2019-01-18 14:43:07,366 10 loss=0.38598993508929397
2019-01-18 14:43:07,366 11 loss=0.36732687833580013
2019-01-18 14:43:07,367 12 loss=0.35127317903256783
2019-01-18 14:43:07,368 13 loss=0.33723802931817215
2019-01-18 14:43:07,368 14 loss=0.32478692873981796
2019-01-18 14:43:07,369 15 loss=0.31359662438065433
2019-01-18 14:43:07,369 16 loss=0.3034237317974972
2019-01-18 14:43:07,370 17 loss=0.2940827565639931
2019-01-18 14:43:07,370 18 loss=0.28543059707783774
2019-01-18 14:43:07,371 19 loss=0.2773555367039435
2019-01-18 14:43:07,371 20 loss=0.26976936266112705
2019-01-18 14:43:07,372 21 loss=0.26260167575352167
2019-01-18 14:43:07,373 22 loss=0.2557957447867863
2019-01-18 14:43:07,373 23 loss=0.24930545691584435
2019-01-18 14:43:07,374 24 loss=0.24309305033325987
2019-01-18 14:43:07,375 25 loss=0.23712740882893668
2019-01-18 14:43:07,375 26 loss=0.23138276237170757
2019-01-18 14:43:07,376 27 loss=0.2258376830515761
2019-01-18 14:43:07,376 28 loss=0.22047429756149972
2019-01-18 14:43:07,377 29 loss=0.21527765998234044
2019-01-18 14:43:07,377 30 loss=0.21023524473171087
2019-01-18 14:43:07,378 31 loss=0.20533653103398317
2019-01-18 14:43:07,378 32 loss=0.200572658466667
2019-01-18 14:43:07,379 33 loss=0.19593613895038553
2019-01-18 14:43:07,379 34 loss=0.19142061462799453
2019-01-18 14:43:07,380 35 loss=0.18702065389871736
2019-01-18 14:43:07,380 36 loss=0.18273157978879917
2019-01-18 14:43:07,381 37 loss=0.17854932611667146
2019-01-18 14:43:07,382 38 loss=0.17447031774803948
2019-01-18 14:43:07,382 39 loss=0.1704913717841047
2019-01-18 14:43:07,383 40 loss=0.16660961689359013
2019-01-18 14:43:07,383 41 loss=0.1628224282634896
2019-01-18 14:43:07,384 42 loss=0.15912737585624054
2019-01-18 14:43:07,384 43 loss=0.1555221838543685
2019-01-18 14:43:07,385 44 loss=0.1520046993650333
2019-01-18 14:43:07,385 45 loss=0.14857286865348973
2019-01-18 14:43:07,386 46 loss=0.14522471937673917
2019-01-18 14:43:07,386 47 loss=0.14195834749317923
2019-01-18 14:43:07,387 48 loss=0.13877190772564654
2019-01-18 14:43:07,388 49 loss=0.1356636066483839
2019-01-18 14:43:07,388 50 loss=0.13263169764819313
2019-01-18 14:43:07,388 final loss=0.13263169764819313
2019-01-18 14:43:07,388 best loss=10000000000.0, distortion=10000000000.0, map=0.0, wc_dist=10000000000.0
2019-01-18 14:43:07,388 	 Computing Major Stats lazily... 
2019-01-18 14:43:07,389 		 Completed edges=132 good=132 bad=0
2019-01-18 14:43:07,391 Distortion avg=0.3121694483864167 wc=4.4820856914739045 me=1.5621695562900988 mc=2.869141620016035 nan_elements=0
2019-01-18 14:43:07,391 MAP = 0.9375
2019-01-18 14:43:07,391 scale=[array([1.])]
2019-01-18 15:12:09,394 Commandline ['pytorch/pytorch_hyperbolic.py', 'learn', 'data/edges/parsing/ewt/ewt_dev/835.edges', '--dim', '0', '--hyp', '0', '--edim', '10', '--euc', '1', '--sdim', '0', '--sph', '0', '--log-name', 'ewt_devr2/835.edges.E10-1.lr1.log', '--batch-size', '65536', '--epochs', '50', '--checkpoint-freq', '10', '-g', '--subsample', '1024', '--learning-rate', '1']
2019-01-18 15:12:09,395 No Model Save selected!
2019-01-18 15:12:09,396 Loaded Graph data/edges/parsing/ewt/ewt_dev/835.edges with 12 nodes scale=1.0
2019-01-18 15:12:09,396 Building dataset
2019-01-18 15:12:09,397 Subsample: 12 points with scale 1.0 subsample=11
2019-01-18 15:12:09,407 Built Data Sampler
2019-01-18 15:12:09,407 Creating a fresh model warm_start?=None
2019-01-18 15:12:09,407 	 Warmstarting? None None 12
2019-01-18 15:12:09,408 Embedding() torch.Size([12, 10])
2019-01-18 15:12:09,408 relative No Rescale
2019-01-18 15:12:09,408 Constructed model with dim=0 and epochs=0 isnan=False
2019-01-18 15:12:09,409 SGD (
Parameter Group 0
    dampening: 0
    initial_lr: 0.1
    lr: 1.0
    momentum: 0.0
    nesterov: False
    weight_decay: 0

Parameter Group 1
    dampening: 0
    initial_lr: 0.1
    lr: 1.0
    momentum: 0.0
    nesterov: False
    weight_decay: 0

Parameter Group 2
    dampening: 0
    initial_lr: 0.1
    lr: 1.0
    momentum: 0.0
    nesterov: False
    weight_decay: 0

Parameter Group 3
    dampening: 0
    initial_lr: 0.0001
    lr: 0.001
    momentum: 0.0
    nesterov: False
    weight_decay: 0
)
2019-01-18 15:12:09,409 *** Initial Checkpoint. Computing Stats
2019-01-18 15:12:09,409 	 Computing Major Stats lazily... 
2019-01-18 15:12:09,410 		 Completed edges=132 good=132 bad=0
2019-01-18 15:12:09,412 Distortion avg=0.9979924814844691 wc=10.440335094253724 me=0.006009979300171955 mc=1737.1665646094668 nan_elements=0
2019-01-18 15:12:09,412 MAP = 0.2746091871091871
2019-01-18 15:12:09,412 scale=[array([1.])]
2019-01-18 15:12:09,412 *** End Initial Checkpoint

2019-01-18 15:12:09,470 1 loss=0.9959905099957485
2019-01-18 15:12:09,471 2 loss=0.8413520662743128
2019-01-18 15:12:09,472 3 loss=0.7204686838527071
2019-01-18 15:12:09,472 4 loss=0.6297653726995728
2019-01-18 15:12:09,473 5 loss=0.5611991838354071
2019-01-18 15:12:09,473 6 loss=0.5085829963810438
2019-01-18 15:12:09,474 7 loss=0.467468912078598
2019-01-18 15:12:09,474 8 loss=0.4347078921338931
2019-01-18 15:12:09,475 9 loss=0.4080744629180456
2019-01-18 15:12:09,475 10 loss=0.38598993508929397
2019-01-18 15:12:09,475 
*** Major Checkpoint. Computing Stats and Saving
2019-01-18 15:12:09,476 	 Computing Major Stats lazily... 
2019-01-18 15:12:09,476 		 Completed edges=132 good=132 bad=0
2019-01-18 15:12:09,478 Distortion avg=0.5622855272768224 wc=10.836943506239145 me=1.3727669833744611 mc=7.894233790209872 nan_elements=0
2019-01-18 15:12:09,478 MAP = 0.16526274651274653
2019-01-18 15:12:09,478 scale=[array([1.])]
2019-01-18 15:12:09,479 *** End Major Checkpoint

2019-01-18 15:12:09,479 11 loss=0.3673268783358001
2019-01-18 15:12:09,480 12 loss=0.3512731790325679
2019-01-18 15:12:09,480 13 loss=0.3372380293181722
2019-01-18 15:12:09,481 14 loss=0.3247869287398179
2019-01-18 15:12:09,481 15 loss=0.31359662438065433
2019-01-18 15:12:09,482 16 loss=0.3034237317974973
2019-01-18 15:12:09,482 17 loss=0.29408275656399296
2019-01-18 15:12:09,483 18 loss=0.2854305970778378
2019-01-18 15:12:09,483 19 loss=0.2773555367039435
2019-01-18 15:12:09,484 20 loss=0.26976936266112705
2019-01-18 15:12:09,484 
*** Major Checkpoint. Computing Stats and Saving
2019-01-18 15:12:09,484 	 Computing Major Stats lazily... 
2019-01-18 15:12:09,485 		 Completed edges=132 good=132 bad=0
2019-01-18 15:12:09,487 Distortion avg=0.48046304837972736 wc=7.91456688737445 me=1.57665618655727 mc=5.019843232059626 nan_elements=0
2019-01-18 15:12:09,487 MAP = 0.2867146164021164
2019-01-18 15:12:09,487 scale=[array([1.])]
2019-01-18 15:12:09,487 *** End Major Checkpoint

2019-01-18 15:12:09,488 21 loss=0.26260167575352167
2019-01-18 15:12:09,488 22 loss=0.25579574478678635
2019-01-18 15:12:09,489 23 loss=0.2493054569158444
2019-01-18 15:12:09,490 24 loss=0.24309305033325987
2019-01-18 15:12:09,490 25 loss=0.23712740882893668
2019-01-18 15:12:09,491 26 loss=0.23138276237170763
2019-01-18 15:12:09,491 27 loss=0.22583768305157606
2019-01-18 15:12:09,492 28 loss=0.2204742975614997
2019-01-18 15:12:09,492 29 loss=0.21527765998234044
2019-01-18 15:12:09,493 30 loss=0.21023524473171093
2019-01-18 15:12:09,493 
*** Major Checkpoint. Computing Stats and Saving
2019-01-18 15:12:09,493 	 Computing Major Stats lazily... 
2019-01-18 15:12:09,494 		 Completed edges=132 good=132 bad=0
2019-01-18 15:12:09,496 Distortion avg=0.41299856140673114 wc=6.514695178044253 me=1.6603466211449798 mc=3.923695868728724 nan_elements=0
2019-01-18 15:12:09,496 MAP = 0.5104993386243387
2019-01-18 15:12:09,496 scale=[array([1.])]
2019-01-18 15:12:09,496 *** End Major Checkpoint

2019-01-18 15:12:09,497 31 loss=0.20533653103398314
2019-01-18 15:12:09,497 32 loss=0.20057265846666694
2019-01-18 15:12:09,498 33 loss=0.19593613895038553
2019-01-18 15:12:09,498 34 loss=0.1914206146279946
2019-01-18 15:12:09,499 35 loss=0.18702065389871736
2019-01-18 15:12:09,499 36 loss=0.18273157978879917
2019-01-18 15:12:09,500 37 loss=0.17854932611667151
2019-01-18 15:12:09,500 38 loss=0.17447031774803948
2019-01-18 15:12:09,501 39 loss=0.1704913717841047
2019-01-18 15:12:09,501 40 loss=0.16660961689359013
2019-01-18 15:12:09,502 
*** Major Checkpoint. Computing Stats and Saving
2019-01-18 15:12:09,502 	 Computing Major Stats lazily... 
2019-01-18 15:12:09,502 		 Completed edges=132 good=132 bad=0
2019-01-18 15:12:09,504 Distortion avg=0.35609369477987346 wc=5.384156760576107 me=1.6347600431146085 mc=3.2935456082704357 nan_elements=0
2019-01-18 15:12:09,504 MAP = 0.8156249999999999
2019-01-18 15:12:09,505 scale=[array([1.])]
2019-01-18 15:12:09,505 *** End Major Checkpoint

2019-01-18 15:12:09,505 41 loss=0.16282242826348958
2019-01-18 15:12:09,506 42 loss=0.15912737585624054
2019-01-18 15:12:09,507 43 loss=0.15552218385436845
2019-01-18 15:12:09,507 44 loss=0.15200469936503336
2019-01-18 15:12:09,508 45 loss=0.14857286865348976
2019-01-18 15:12:09,508 46 loss=0.14522471937673923
2019-01-18 15:12:09,509 47 loss=0.14195834749317926
2019-01-18 15:12:09,509 48 loss=0.1387719077256466
2019-01-18 15:12:09,510 49 loss=0.13566360664838387
2019-01-18 15:12:09,511 50 loss=0.13263169764819316
2019-01-18 15:12:09,511 
*** Major Checkpoint. Computing Stats and Saving
2019-01-18 15:12:09,511 	 Computing Major Stats lazily... 
2019-01-18 15:12:09,511 		 Completed edges=132 good=132 bad=0
2019-01-18 15:12:09,513 Distortion avg=0.31216944838641675 wc=4.482085691473904 me=1.5621695562900988 mc=2.8691416200160345 nan_elements=0
2019-01-18 15:12:09,513 MAP = 0.9375
2019-01-18 15:12:09,514 scale=[array([1.])]
2019-01-18 15:12:09,514 *** End Major Checkpoint

2019-01-18 15:12:09,514 final loss=0.13263169764819316
2019-01-18 15:12:09,514 best loss=0.13263169764819316, distortion=0.31216944838641675, map=0.9375, wc_dist=4.482085691473904
2019-01-18 15:12:09,514 	 Computing Major Stats lazily... 
2019-01-18 15:12:09,515 		 Completed edges=132 good=132 bad=0
2019-01-18 15:12:09,516 Distortion avg=0.31216944838641664 wc=4.482085691473904 me=1.5621695562900988 mc=2.8691416200160345 nan_elements=0
2019-01-18 15:12:09,517 MAP = 0.9375
2019-01-18 15:12:09,517 scale=[array([1.])]
