2019-01-18 15:11:32,441 Commandline ['pytorch/pytorch_hyperbolic.py', 'learn', 'data/edges/parsing/ewt/ewt_dev/837.edges', '--dim', '0', '--hyp', '0', '--edim', '10', '--euc', '1', '--sdim', '0', '--sph', '0', '--log-name', 'ewt_devr2/837.edges.E10-1.lr1.log', '--batch-size', '65536', '--epochs', '50', '--checkpoint-freq', '10', '-g', '--subsample', '1024', '--learning-rate', '1']
2019-01-18 15:11:32,441 No Model Save selected!
2019-01-18 15:11:32,443 Loaded Graph data/edges/parsing/ewt/ewt_dev/837.edges with 8 nodes scale=1.0
2019-01-18 15:11:32,443 Building dataset
2019-01-18 15:11:32,444 Subsample: 8 points with scale 1.0 subsample=7
2019-01-18 15:11:32,450 Built Data Sampler
2019-01-18 15:11:32,450 Creating a fresh model warm_start?=None
2019-01-18 15:11:32,450 	 Warmstarting? None None 8
2019-01-18 15:11:32,451 Embedding() torch.Size([8, 10])
2019-01-18 15:11:32,451 relative No Rescale
2019-01-18 15:11:32,451 Constructed model with dim=0 and epochs=0 isnan=False
2019-01-18 15:11:32,452 SGD (
Parameter Group 0
    dampening: 0
    initial_lr: 0.1
    lr: 1.0
    momentum: 0.0
    nesterov: False
    weight_decay: 0

Parameter Group 1
    dampening: 0
    initial_lr: 0.1
    lr: 1.0
    momentum: 0.0
    nesterov: False
    weight_decay: 0

Parameter Group 2
    dampening: 0
    initial_lr: 0.1
    lr: 1.0
    momentum: 0.0
    nesterov: False
    weight_decay: 0

Parameter Group 3
    dampening: 0
    initial_lr: 0.0001
    lr: 0.001
    momentum: 0.0
    nesterov: False
    weight_decay: 0
)
2019-01-18 15:11:32,452 *** Initial Checkpoint. Computing Stats
2019-01-18 15:11:32,452 	 Computing Major Stats lazily... 
2019-01-18 15:11:32,453 		 Completed edges=56 good=56 bad=0
2019-01-18 15:11:32,454 Distortion avg=0.9973380820266947 wc=5.751184174970984 me=0.005941110731069004 mc=968.0318100949036 nan_elements=0
2019-01-18 15:11:32,455 MAP = 0.30119047619047623
2019-01-18 15:11:32,455 scale=[array([1.])]
2019-01-18 15:11:32,455 *** End Initial Checkpoint

2019-01-18 15:11:32,514 1 loss=0.9946854063241851
2019-01-18 15:11:32,515 2 loss=0.6691338224970005
2019-01-18 15:11:32,515 3 loss=0.49709066948103714
2019-01-18 15:11:32,516 4 loss=0.4055327271706087
2019-01-18 15:11:32,516 5 loss=0.3505092960132147
2019-01-18 15:11:32,517 6 loss=0.3130953682261041
2019-01-18 15:11:32,517 7 loss=0.2850628808270034
2019-01-18 15:11:32,518 8 loss=0.2626359619155335
2019-01-18 15:11:32,518 9 loss=0.24393397817840917
2019-01-18 15:11:32,519 10 loss=0.22791763352275168
2019-01-18 15:11:32,519 
*** Major Checkpoint. Computing Stats and Saving
2019-01-18 15:11:32,519 	 Computing Major Stats lazily... 
2019-01-18 15:11:32,519 		 Completed edges=56 good=56 bad=0
2019-01-18 15:11:32,521 Distortion avg=0.4309240077083741 wc=4.289223307132157 me=1.350967537363216 mc=3.1749269975085808 nan_elements=0
2019-01-18 15:11:32,521 MAP = 0.29598214285714286
2019-01-18 15:11:32,521 scale=[array([1.])]
2019-01-18 15:11:32,521 *** End Major Checkpoint

2019-01-18 15:11:32,522 11 loss=0.2139441320766515
2019-01-18 15:11:32,522 12 loss=0.201573834405069
2019-01-18 15:11:32,522 13 loss=0.19048337082124714
2019-01-18 15:11:32,523 14 loss=0.18042475418930612
2019-01-18 15:11:32,523 15 loss=0.17120456060372438
2019-01-18 15:11:32,524 16 loss=0.1626718488620697
2019-01-18 15:11:32,524 17 loss=0.1547098888105534
2019-01-18 15:11:32,525 18 loss=0.14722963899786867
2019-01-18 15:11:32,525 19 loss=0.1401641960571126
2019-01-18 15:11:32,526 20 loss=0.13346397994721307
2019-01-18 15:11:32,526 
*** Major Checkpoint. Computing Stats and Saving
2019-01-18 15:11:32,526 	 Computing Major Stats lazily... 
2019-01-18 15:11:32,526 		 Completed edges=56 good=56 bad=0
2019-01-18 15:11:32,528 Distortion avg=0.3201972358446454 wc=3.215967867731734 me=1.3890569597104696 mc=2.315216698098586 nan_elements=0
2019-01-18 15:11:32,528 MAP = 0.8921874999999999
2019-01-18 15:11:32,528 scale=[array([1.])]
2019-01-18 15:11:32,528 *** End Major Checkpoint

2019-01-18 15:11:32,528 21 loss=0.12709261334200891
2019-01-18 15:11:32,529 22 loss=0.12102349186592987
2019-01-18 15:11:32,529 23 loss=0.11523702100254042
2019-01-18 15:11:32,530 24 loss=0.10971846267714867
2019-01-18 15:11:32,530 25 loss=0.1044563101187002
2019-01-18 15:11:32,531 26 loss=0.09944109922736279
2019-01-18 15:11:32,531 27 loss=0.09466456656892976
2019-01-18 15:11:32,532 28 loss=0.09011907388647313
2019-01-18 15:11:32,532 29 loss=0.08579723227292235
2019-01-18 15:11:32,533 30 loss=0.08169167268507574
2019-01-18 15:11:32,533 
*** Major Checkpoint. Computing Stats and Saving
2019-01-18 15:11:32,533 	 Computing Major Stats lazily... 
2019-01-18 15:11:32,533 		 Completed edges=56 good=56 bad=0
2019-01-18 15:11:32,535 Distortion avg=0.24994346731953088 wc=2.4949490590159518 me=1.3192452440075515 mc=1.8911942797207997 nan_elements=0
2019-01-18 15:11:32,535 MAP = 1.0
2019-01-18 15:11:32,535 scale=[array([1.])]
2019-01-18 15:11:32,535 *** End Major Checkpoint

2019-01-18 15:11:32,536 31 loss=0.07779492150658343
2019-01-18 15:11:32,536 32 loss=0.07409934971805673
2019-01-18 15:11:32,537 33 loss=0.07059717193757978
2019-01-18 15:11:32,537 34 loss=0.06728047750504318
2019-01-18 15:11:32,537 35 loss=0.06414128031795444
2019-01-18 15:11:32,538 36 loss=0.061171577645590745
2019-01-18 15:11:32,538 37 loss=0.05836341091630768
2019-01-18 15:11:32,539 38 loss=0.05570892366471434
2019-01-18 15:11:32,539 39 loss=0.0532004135537586
2019-01-18 15:11:32,540 40 loss=0.0508303767271163
2019-01-18 15:11:32,540 
*** Major Checkpoint. Computing Stats and Saving
2019-01-18 15:11:32,540 	 Computing Major Stats lazily... 
2019-01-18 15:11:32,540 		 Completed edges=56 good=56 bad=0
2019-01-18 15:11:32,542 Distortion avg=0.19540776693080467 wc=2.0136104878919725 me=1.2386300347031511 mc=1.625675489432607 nan_elements=0
2019-01-18 15:11:32,542 MAP = 1.0
2019-01-18 15:11:32,542 scale=[array([1.])]
2019-01-18 15:11:32,542 *** End Major Checkpoint

2019-01-18 15:11:32,543 41 loss=0.048591543757040154
2019-01-18 15:11:32,543 42 loss=0.04647690718196761
2019-01-18 15:11:32,544 43 loss=0.04447974112382098
2019-01-18 15:11:32,544 44 loss=0.04259361378212835
2019-01-18 15:11:32,544 45 loss=0.040812393762969246
2019-01-18 15:11:32,545 46 loss=0.03913025125314511
2019-01-18 15:11:32,545 47 loss=0.03754165502641992
2019-01-18 15:11:32,546 48 loss=0.036041366195901044
2019-01-18 15:11:32,546 49 loss=0.034624429525606716
2019-01-18 15:11:32,547 50 loss=0.033286163000674836
2019-01-18 15:11:32,547 
*** Major Checkpoint. Computing Stats and Saving
2019-01-18 15:11:32,547 	 Computing Major Stats lazily... 
2019-01-18 15:11:32,547 		 Completed edges=56 good=56 bad=0
2019-01-18 15:11:32,549 Distortion avg=0.1557215594982046 wc=1.738939362006402 me=1.1920357926873937 mc=1.4587979427077753 nan_elements=0
2019-01-18 15:11:32,549 MAP = 1.0
2019-01-18 15:11:32,549 scale=[array([1.])]
2019-01-18 15:11:32,549 *** End Major Checkpoint

2019-01-18 15:11:32,549 final loss=0.033286163000674836
2019-01-18 15:11:32,549 best loss=0.033286163000674836, distortion=0.1557215594982046, map=1.0, wc_dist=1.738939362006402
2019-01-18 15:11:32,549 	 Computing Major Stats lazily... 
2019-01-18 15:11:32,550 		 Completed edges=56 good=56 bad=0
2019-01-18 15:11:32,551 Distortion avg=0.15572155949820463 wc=1.738939362006402 me=1.1920357926873937 mc=1.4587979427077753 nan_elements=0
2019-01-18 15:11:32,551 MAP = 1.0
2019-01-18 15:11:32,551 scale=[array([1.])]
