2019-01-18 15:01:40,501 Commandline ['pytorch/pytorch_hyperbolic.py', 'learn', 'data/edges/parsing/ewt/ewt_dev/838.edges', '--dim', '0', '--hyp', '0', '--edim', '10', '--euc', '1', '--sdim', '0', '--sph', '0', '--log-name', 'ewt_devr2/838.edges.E10-1.lr1.log', '--batch-size', '65536', '--epochs', '50', '--checkpoint-freq', '10', '-g', '--subsample', '1024', '--learning-rate', '1']
2019-01-18 15:01:40,501 No Model Save selected!
2019-01-18 15:01:40,502 Loaded Graph data/edges/parsing/ewt/ewt_dev/838.edges with 3 nodes scale=1.0
2019-01-18 15:01:40,503 Building dataset
2019-01-18 15:01:40,503 Subsample: 3 points with scale 1.0 subsample=2
2019-01-18 15:01:40,505 Built Data Sampler
2019-01-18 15:01:40,505 Creating a fresh model warm_start?=None
2019-01-18 15:01:40,505 	 Warmstarting? None None 3
2019-01-18 15:01:40,506 Embedding() torch.Size([3, 10])
2019-01-18 15:01:40,506 relative No Rescale
2019-01-18 15:01:40,506 Constructed model with dim=0 and epochs=0 isnan=False
2019-01-18 15:01:40,506 SGD (
Parameter Group 0
    dampening: 0
    initial_lr: 0.1
    lr: 1.0
    momentum: 0.0
    nesterov: False
    weight_decay: 0

Parameter Group 1
    dampening: 0
    initial_lr: 0.1
    lr: 1.0
    momentum: 0.0
    nesterov: False
    weight_decay: 0

Parameter Group 2
    dampening: 0
    initial_lr: 0.1
    lr: 1.0
    momentum: 0.0
    nesterov: False
    weight_decay: 0

Parameter Group 3
    dampening: 0
    initial_lr: 0.0001
    lr: 0.001
    momentum: 0.0
    nesterov: False
    weight_decay: 0
)
2019-01-18 15:01:40,507 *** Initial Checkpoint. Computing Stats
2019-01-18 15:01:40,507 	 Computing Major Stats lazily... 
2019-01-18 15:01:40,507 		 Completed edges=6 good=6 bad=0
2019-01-18 15:01:40,508 Distortion avg=0.995685256683299 wc=2.1173771007281528 me=0.0059990010247677 mc=352.9549489967197 nan_elements=0
2019-01-18 15:01:40,508 MAP = 0.8333333333333334
2019-01-18 15:01:40,508 scale=[array([1.])]
2019-01-18 15:01:40,508 *** End Initial Checkpoint

2019-01-18 15:01:40,566 1 loss=0.9913908212863208
2019-01-18 15:01:40,566 2 loss=0.47963967088590637
2019-01-18 15:01:40,567 3 loss=0.16088361417624628
2019-01-18 15:01:40,567 4 loss=0.0021729748053624476
2019-01-18 15:01:40,567 5 loss=0.0011336411624325103
2019-01-18 15:01:40,568 6 loss=0.0009414368911553338
2019-01-18 15:01:40,568 7 loss=0.0008000766598015258
2019-01-18 15:01:40,569 8 loss=0.0006886109491265886
2019-01-18 15:01:40,569 9 loss=0.0005990484410217954
2019-01-18 15:01:40,570 10 loss=0.0005259522357476768
2019-01-18 15:01:40,570 
*** Major Checkpoint. Computing Stats and Saving
2019-01-18 15:01:40,570 	 Computing Major Stats lazily... 
2019-01-18 15:01:40,570 		 Completed edges=6 good=6 bad=0
2019-01-18 15:01:40,571 Distortion avg=0.01942772063492852 wc=1.0517340221965676 me=1.0189908186230463 mc=1.0321329721280188 nan_elements=0
2019-01-18 15:01:40,571 MAP = 1.0
2019-01-18 15:01:40,571 scale=[array([1.])]
2019-01-18 15:01:40,571 *** End Major Checkpoint

2019-01-18 15:01:40,572 11 loss=0.0004654903008697489
2019-01-18 15:01:40,572 12 loss=0.000414893016807546
2019-01-18 15:01:40,572 13 loss=0.0003721156228420573
2019-01-18 15:01:40,573 14 loss=0.00033562026837579746
2019-01-18 15:01:40,573 15 loss=0.0003042313658106173
2019-01-18 15:01:40,574 16 loss=0.00027703720501527396
2019-01-18 15:01:40,574 17 loss=0.000253321568436356
2019-01-18 15:01:40,575 18 loss=0.00023251527399432295
2019-01-18 15:01:40,575 19 loss=0.00021416124154514474
2019-01-18 15:01:40,575 20 loss=0.0001978889149093012
2019-01-18 15:01:40,575 
*** Major Checkpoint. Computing Stats and Saving
2019-01-18 15:01:40,576 	 Computing Major Stats lazily... 
2019-01-18 15:01:40,576 		 Completed edges=6 good=6 bad=0
2019-01-18 15:01:40,576 Distortion avg=0.012479143856888716 wc=1.0311449115713742 me=1.011006788690975 mc=1.0199188799775256 nan_elements=0
2019-01-18 15:01:40,576 MAP = 1.0
2019-01-18 15:01:40,577 scale=[array([1.])]
2019-01-18 15:01:40,577 *** End Major Checkpoint

2019-01-18 15:01:40,577 21 loss=0.0001833952692033031
2019-01-18 15:01:40,577 22 loss=0.0001704305268743361
2019-01-18 15:01:40,578 23 loss=0.00015878728908069753
2019-01-18 15:01:40,578 24 loss=0.00014829217689357093
2019-01-18 15:01:40,579 25 loss=0.00013879933913284962
2019-01-18 15:01:40,579 26 loss=0.00013018536390023408
2019-01-18 15:01:40,580 27 loss=0.0001223452565191693
2019-01-18 15:01:40,580 28 loss=0.00011518923534721506
2019-01-18 15:01:40,580 29 loss=0.00010864016039950621
2019-01-18 15:01:40,581 30 loss=0.0001026314556359871
2019-01-18 15:01:40,581 
*** Major Checkpoint. Computing Stats and Saving
2019-01-18 15:01:40,581 	 Computing Major Stats lazily... 
2019-01-18 15:01:40,581 		 Completed edges=6 good=6 bad=0
2019-01-18 15:01:40,582 Distortion avg=0.009154197628245542 wc=1.0221909695507232 me=1.007711890144862 mc=1.014368272863963 nan_elements=0
2019-01-18 15:01:40,582 MAP = 1.0
2019-01-18 15:01:40,582 scale=[array([1.])]
2019-01-18 15:01:40,582 *** End Major Checkpoint

2019-01-18 15:01:40,583 31 loss=9.710541933252844e-05
2019-01-18 15:01:40,583 32 loss=9.201184174202235e-05
2019-01-18 15:01:40,584 33 loss=8.730686772402174e-05
2019-01-18 15:01:40,584 34 loss=8.295205590919963e-05
2019-01-18 15:01:40,585 35 loss=7.891359649146636e-05
2019-01-18 15:01:40,585 36 loss=7.516165778141004e-05
2019-01-18 15:01:40,585 37 loss=7.166983784147707e-05
2019-01-18 15:01:40,586 38 loss=6.841470231642381e-05
2019-01-18 15:01:40,586 39 loss=6.537539331028753e-05
2019-01-18 15:01:40,587 40 loss=6.253329709371334e-05
2019-01-18 15:01:40,587 
*** Major Checkpoint. Computing Stats and Saving
2019-01-18 15:01:40,587 	 Computing Major Stats lazily... 
2019-01-18 15:01:40,587 		 Completed edges=6 good=6 bad=0
2019-01-18 15:01:40,588 Distortion avg=0.007216614997719195 wc=1.0172086901260338 me=1.0059246406839333 mc=1.0112175892564164 nan_elements=0
2019-01-18 15:01:40,588 MAP = 1.0
2019-01-18 15:01:40,588 scale=[array([1.])]
2019-01-18 15:01:40,588 *** End Major Checkpoint

2019-01-18 15:01:40,588 41 loss=5.987176074017095e-05
2019-01-18 15:01:40,589 42 loss=5.737584962646099e-05
2019-01-18 15:01:40,589 43 loss=5.503213919873864e-05
2019-01-18 15:01:40,590 44 loss=5.282853558059662e-05
2019-01-18 15:01:40,590 45 loss=5.075412054694847e-05
2019-01-18 15:01:40,590 46 loss=4.8799017154244765e-05
2019-01-18 15:01:40,591 47 loss=4.6954272941059624e-05
2019-01-18 15:01:40,591 48 loss=4.5211758122264325e-05
2019-01-18 15:01:40,592 49 loss=4.356407661744799e-05
2019-01-18 15:01:40,592 50 loss=4.200448809792847e-05
2019-01-18 15:01:40,592 
*** Major Checkpoint. Computing Stats and Saving
2019-01-18 15:01:40,592 	 Computing Major Stats lazily... 
2019-01-18 15:01:40,593 		 Completed edges=6 good=6 bad=0
2019-01-18 15:01:40,593 Distortion avg=0.005951200462945579 wc=1.0140424099308363 me=1.0048058176298007 mc=1.0091924152298635 nan_elements=0
2019-01-18 15:01:40,593 MAP = 1.0
2019-01-18 15:01:40,593 scale=[array([1.])]
2019-01-18 15:01:40,593 *** End Major Checkpoint

2019-01-18 15:01:40,594 final loss=4.200448809792847e-05
2019-01-18 15:01:40,594 best loss=4.200448809792847e-05, distortion=0.005951200462945579, map=1.0, wc_dist=1.0140424099308363
2019-01-18 15:01:40,594 	 Computing Major Stats lazily... 
2019-01-18 15:01:40,594 		 Completed edges=6 good=6 bad=0
2019-01-18 15:01:40,594 Distortion avg=0.005951200462945579 wc=1.0140424099308363 me=1.0048058176298007 mc=1.0091924152298635 nan_elements=0
2019-01-18 15:01:40,595 MAP = 1.0
2019-01-18 15:01:40,595 scale=[array([1.])]
