2019-01-18 15:09:58,272 Commandline ['pytorch/pytorch_hyperbolic.py', 'learn', 'data/edges/parsing/ewt/ewt_dev/839.edges', '--dim', '0', '--hyp', '0', '--edim', '10', '--euc', '1', '--sdim', '0', '--sph', '0', '--log-name', 'ewt_devr2/839.edges.E10-1.lr1.log', '--batch-size', '65536', '--epochs', '50', '--checkpoint-freq', '10', '-g', '--subsample', '1024', '--learning-rate', '1']
2019-01-18 15:09:58,272 No Model Save selected!
2019-01-18 15:09:58,274 Loaded Graph data/edges/parsing/ewt/ewt_dev/839.edges with 11 nodes scale=1.0
2019-01-18 15:09:58,274 Building dataset
2019-01-18 15:09:58,275 Subsample: 11 points with scale 1.0 subsample=10
2019-01-18 15:09:58,284 Built Data Sampler
2019-01-18 15:09:58,284 Creating a fresh model warm_start?=None
2019-01-18 15:09:58,284 	 Warmstarting? None None 11
2019-01-18 15:09:58,284 Embedding() torch.Size([11, 10])
2019-01-18 15:09:58,284 relative No Rescale
2019-01-18 15:09:58,285 Constructed model with dim=0 and epochs=0 isnan=False
2019-01-18 15:09:58,285 SGD (
Parameter Group 0
    dampening: 0
    initial_lr: 0.1
    lr: 1.0
    momentum: 0.0
    nesterov: False
    weight_decay: 0

Parameter Group 1
    dampening: 0
    initial_lr: 0.1
    lr: 1.0
    momentum: 0.0
    nesterov: False
    weight_decay: 0

Parameter Group 2
    dampening: 0
    initial_lr: 0.1
    lr: 1.0
    momentum: 0.0
    nesterov: False
    weight_decay: 0

Parameter Group 3
    dampening: 0
    initial_lr: 0.0001
    lr: 0.001
    momentum: 0.0
    nesterov: False
    weight_decay: 0
)
2019-01-18 15:09:58,285 *** Initial Checkpoint. Computing Stats
2019-01-18 15:09:58,285 	 Computing Major Stats lazily... 
2019-01-18 15:09:58,286 		 Completed edges=110 good=110 bad=0
2019-01-18 15:09:58,288 Distortion avg=0.9976669318795693 wc=8.83192345047564 me=0.005941110731069004 mc=1486.5778219364179 nan_elements=0
2019-01-18 15:09:58,288 MAP = 0.27279942279942276
2019-01-18 15:09:58,288 scale=[array([1.])]
2019-01-18 15:09:58,288 *** End Initial Checkpoint

2019-01-18 15:09:58,346 1 loss=0.9953407776792491
2019-01-18 15:09:58,347 2 loss=0.7800661984916183
2019-01-18 15:09:58,347 3 loss=0.6303098041566707
2019-01-18 15:09:58,348 4 loss=0.5274179933290056
2019-01-18 15:09:58,349 5 loss=0.4534775338280293
2019-01-18 15:09:58,349 6 loss=0.3979757363916501
2019-01-18 15:09:58,350 7 loss=0.3547552877621056
2019-01-18 15:09:58,350 8 loss=0.32009407922620603
2019-01-18 15:09:58,351 9 loss=0.2916481543430498
2019-01-18 15:09:58,351 10 loss=0.26787627778805057
2019-01-18 15:09:58,351 
*** Major Checkpoint. Computing Stats and Saving
2019-01-18 15:09:58,351 	 Computing Major Stats lazily... 
2019-01-18 15:09:58,352 		 Completed edges=110 good=110 bad=0
2019-01-18 15:09:58,354 Distortion avg=0.45908889922675883 wc=6.285258302965027 me=1.3096893554060778 mc=4.799045114798418 nan_elements=0
2019-01-18 15:09:58,354 MAP = 0.2777107812822099
2019-01-18 15:09:58,354 scale=[array([1.])]
2019-01-18 15:09:58,354 *** End Major Checkpoint

2019-01-18 15:09:58,355 11 loss=0.24772167072416873
2019-01-18 15:09:58,355 12 loss=0.2304312329704343
2019-01-18 15:09:58,356 13 loss=0.21544958794600846
2019-01-18 15:09:58,356 14 loss=0.2023549126229678
2019-01-18 15:09:58,357 15 loss=0.1908187988563326
2019-01-18 15:09:58,357 16 loss=0.18058035562668348
2019-01-18 15:09:58,358 17 loss=0.1714289939536017
2019-01-18 15:09:58,358 18 loss=0.1631926452176943
2019-01-18 15:09:58,359 19 loss=0.15572946091241957
2019-01-18 15:09:58,359 20 loss=0.14892179273782905
2019-01-18 15:09:58,359 
*** Major Checkpoint. Computing Stats and Saving
2019-01-18 15:09:58,360 	 Computing Major Stats lazily... 
2019-01-18 15:09:58,360 		 Completed edges=110 good=110 bad=0
2019-01-18 15:09:58,362 Distortion avg=0.336118446968307 wc=4.787229379742019 me=1.5095977612652602 mc=3.171195335987801 nan_elements=0
2019-01-18 15:09:58,362 MAP = 0.629457843743558
2019-01-18 15:09:58,362 scale=[array([1.])]
2019-01-18 15:09:58,362 *** End Major Checkpoint

2019-01-18 15:09:58,363 21 loss=0.14267169882404906
2019-01-18 15:09:58,363 22 loss=0.136897494340781
2019-01-18 15:09:58,364 23 loss=0.13153103422303222
2019-01-18 15:09:58,365 24 loss=0.12651552282006184
2019-01-18 15:09:58,365 25 loss=0.12180371374152806
2019-01-18 15:09:58,366 26 loss=0.11735640735465325
2019-01-18 15:09:58,366 27 loss=0.11314118210246675
2019-01-18 15:09:58,367 28 loss=0.10913131460062744
2019-01-18 15:09:58,368 29 loss=0.10530485584712637
2019-01-18 15:09:58,368 30 loss=0.10164383910217868
2019-01-18 15:09:58,368 
*** Major Checkpoint. Computing Stats and Saving
2019-01-18 15:09:58,368 	 Computing Major Stats lazily... 
2019-01-18 15:09:58,369 		 Completed edges=110 good=110 bad=0
2019-01-18 15:09:58,371 Distortion avg=0.2713711711077963 wc=3.9097298810953434 me=1.513449464602188 mc=2.583323706895638 nan_elements=0
2019-01-18 15:09:58,371 MAP = 0.809090909090909
2019-01-18 15:09:58,371 scale=[array([1.])]
2019-01-18 15:09:58,371 *** End Major Checkpoint

2019-01-18 15:09:58,372 31 loss=0.09813360052121468
2019-01-18 15:09:58,372 32 loss=0.09476219739543064
2019-01-18 15:09:58,373 33 loss=0.0915199114844347
2019-01-18 15:09:58,374 34 loss=0.08839882681254198
2019-01-18 15:09:58,374 35 loss=0.08539247270362026
2019-01-18 15:09:58,375 36 loss=0.08249552391782398
2019-01-18 15:09:58,375 37 loss=0.07970355063651632
2019-01-18 15:09:58,376 38 loss=0.07701281178952658
2019-01-18 15:09:58,376 39 loss=0.07442008587615323
2019-01-18 15:09:58,377 40 loss=0.0719225340253906
2019-01-18 15:09:58,377 
*** Major Checkpoint. Computing Stats and Saving
2019-01-18 15:09:58,377 	 Computing Major Stats lazily... 
2019-01-18 15:09:58,377 		 Completed edges=110 good=110 bad=0
2019-01-18 15:09:58,379 Distortion avg=0.22744822423092317 wc=3.1783527861117036 me=1.4390754519894295 mc=2.208607465103956 nan_elements=0
2019-01-18 15:09:58,379 MAP = 0.9545454545454546
2019-01-18 15:09:58,380 scale=[array([1.])]
2019-01-18 15:09:58,380 *** End Major Checkpoint

2019-01-18 15:09:58,380 41 loss=0.06951759058786484
2019-01-18 15:09:58,381 42 loss=0.06720287706073652
2019-01-18 15:09:58,381 43 loss=0.06497613562164455
2019-01-18 15:09:58,382 44 loss=0.06283517899025814
2019-01-18 15:09:58,382 45 loss=0.06077785374642463
2019-01-18 15:09:58,383 46 loss=0.05880201461200588
2019-01-18 15:09:58,383 47 loss=0.05690550754905353
2019-01-18 15:09:58,384 48 loss=0.05508615984007327
2019-01-18 15:09:58,384 49 loss=0.05334177559731173
2019-01-18 15:09:58,385 50 loss=0.051670135398279034
2019-01-18 15:09:58,385 
*** Major Checkpoint. Computing Stats and Saving
2019-01-18 15:09:58,385 	 Computing Major Stats lazily... 
2019-01-18 15:09:58,386 		 Completed edges=110 good=110 bad=0
2019-01-18 15:09:58,387 Distortion avg=0.19130757787590555 wc=2.6306136337707544 me=1.3556079936135015 mc=1.9405415475299792 nan_elements=0
2019-01-18 15:09:58,387 MAP = 1.0
2019-01-18 15:09:58,388 scale=[array([1.])]
2019-01-18 15:09:58,388 *** End Major Checkpoint

2019-01-18 15:09:58,388 final loss=0.051670135398279034
2019-01-18 15:09:58,388 best loss=0.051670135398279034, distortion=0.19130757787590555, map=1.0, wc_dist=2.6306136337707544
2019-01-18 15:09:58,388 	 Computing Major Stats lazily... 
2019-01-18 15:09:58,389 		 Completed edges=110 good=110 bad=0
2019-01-18 15:09:58,390 Distortion avg=0.1913075778759056 wc=2.6306136337707544 me=1.3556079936135015 mc=1.9405415475299792 nan_elements=0
2019-01-18 15:09:58,390 MAP = 1.0
2019-01-18 15:09:58,391 scale=[array([1.])]
