2019-01-18 14:43:08,512 Commandline ['pytorch/pytorch_hyperbolic.py', 'learn', 'data/edges/parsing/ewt/ewt_dev/841.edges', '--dim', '0', '--hyp', '0', '--edim', '10', '--euc', '1', '--sdim', '0', '--sph', '0', '--log-name', 'ewt_devr2/841.edges.E10-1.lr1.log', '--batch-size', '65536', '--epochs', '50', '-g', '--subsample', '1024', '--learning-rate', '1']
2019-01-18 14:43:08,513 No Model Save selected!
2019-01-18 14:43:08,514 Loaded Graph data/edges/parsing/ewt/ewt_dev/841.edges with 8 nodes scale=1.0
2019-01-18 14:43:08,514 Building dataset
2019-01-18 14:43:08,515 Subsample: 8 points with scale 1.0 subsample=7
2019-01-18 14:43:08,521 Built Data Sampler
2019-01-18 14:43:08,521 Creating a fresh model warm_start?=None
2019-01-18 14:43:08,521 	 Warmstarting? None None 8
2019-01-18 14:43:08,522 Embedding() torch.Size([8, 10])
2019-01-18 14:43:08,522 relative No Rescale
2019-01-18 14:43:08,522 Constructed model with dim=0 and epochs=0 isnan=False
2019-01-18 14:43:08,522 SGD (
Parameter Group 0
    dampening: 0
    initial_lr: 0.1
    lr: 1.0
    momentum: 0.0
    nesterov: False
    weight_decay: 0

Parameter Group 1
    dampening: 0
    initial_lr: 0.1
    lr: 1.0
    momentum: 0.0
    nesterov: False
    weight_decay: 0

Parameter Group 2
    dampening: 0
    initial_lr: 0.1
    lr: 1.0
    momentum: 0.0
    nesterov: False
    weight_decay: 0

Parameter Group 3
    dampening: 0
    initial_lr: 0.0001
    lr: 0.001
    momentum: 0.0
    nesterov: False
    weight_decay: 0
)
2019-01-18 14:43:08,522 *** Initial Checkpoint. Computing Stats
2019-01-18 14:43:08,522 	 Computing Major Stats lazily... 
2019-01-18 14:43:08,523 		 Completed edges=56 good=56 bad=0
2019-01-18 14:43:08,525 Distortion avg=0.9973157950604111 wc=6.001124680688818 me=0.005941110731069004 mc=1010.1014696302445 nan_elements=0
2019-01-18 14:43:08,525 MAP = 0.6245238095238096
2019-01-18 14:43:08,525 scale=[array([1.])]
2019-01-18 14:43:08,525 *** End Initial Checkpoint

2019-01-18 14:43:08,584 1 loss=0.9946404959451708
2019-01-18 14:43:08,584 2 loss=0.6605767023635517
2019-01-18 14:43:08,585 3 loss=0.481098518878572
2019-01-18 14:43:08,585 4 loss=0.3830569335568595
2019-01-18 14:43:08,586 5 loss=0.3216954975230987
2019-01-18 14:43:08,586 6 loss=0.27874387955746277
2019-01-18 14:43:08,587 7 loss=0.2462854130058562
2019-01-18 14:43:08,587 8 loss=0.2205010347110004
2019-01-18 14:43:08,588 9 loss=0.19932459093879945
2019-01-18 14:43:08,588 10 loss=0.1815146856985683
2019-01-18 14:43:08,589 11 loss=0.16625885413341676
2019-01-18 14:43:08,589 12 loss=0.15299138941481338
2019-01-18 14:43:08,590 13 loss=0.1413026483040648
2019-01-18 14:43:08,590 14 loss=0.13088961651103817
2019-01-18 14:43:08,591 15 loss=0.12152597259790035
2019-01-18 14:43:08,591 16 loss=0.11304197129470804
2019-01-18 14:43:08,592 17 loss=0.10530981425120736
2019-01-18 14:43:08,592 18 loss=0.09823254954452747
2019-01-18 14:43:08,593 19 loss=0.09173555867665499
2019-01-18 14:43:08,593 20 loss=0.08576009782560125
2019-01-18 14:43:08,594 21 loss=0.08025851163150173
2019-01-18 14:43:08,594 22 loss=0.07519079548952413
2019-01-18 14:43:08,595 23 loss=0.07052221538495189
2019-01-18 14:43:08,595 24 loss=0.06622172737737018
2019-01-18 14:43:08,596 25 loss=0.0622609769839706
2019-01-18 14:43:08,596 26 loss=0.05861369976346085
2019-01-18 14:43:08,597 27 loss=0.05525538462743392
2019-01-18 14:43:08,597 28 loss=0.05216309773910434
2019-01-18 14:43:08,597 29 loss=0.04931539550812237
2019-01-18 14:43:08,598 30 loss=0.046692279544682365
2019-01-18 14:43:08,598 31 loss=0.044275164742258906
2019-01-18 14:43:08,599 32 loss=0.04204684467148723
2019-01-18 14:43:08,599 33 loss=0.03999144716994667
2019-01-18 14:43:08,600 34 loss=0.03809437841398238
2019-01-18 14:43:08,601 35 loss=0.036342256776792925
2019-01-18 14:43:08,601 36 loss=0.03472283917729847
2019-01-18 14:43:08,602 37 loss=0.03322494300318938
2019-01-18 14:43:08,602 38 loss=0.031838366485768
2019-01-18 14:43:08,603 39 loss=0.030553809914161095
2019-01-18 14:43:08,603 40 loss=0.029362799494711274
2019-01-18 14:43:08,604 41 loss=0.028257615100413323
2019-01-18 14:43:08,604 42 loss=0.027231222672110332
2019-01-18 14:43:08,605 43 loss=0.026277211648744327
2019-01-18 14:43:08,605 44 loss=0.02538973751780359
2019-01-18 14:43:08,606 45 loss=0.024563469377608903
2019-01-18 14:43:08,606 46 loss=0.023793542274151043
2019-01-18 14:43:08,606 47 loss=0.02307551400030153
2019-01-18 14:43:08,607 48 loss=0.022405326009518757
2019-01-18 14:43:08,607 49 loss=0.02177926808739441
2019-01-18 14:43:08,608 50 loss=0.021193946433008707
2019-01-18 14:43:08,608 final loss=0.021193946433008707
2019-01-18 14:43:08,608 best loss=10000000000.0, distortion=10000000000.0, map=0.0, wc_dist=10000000000.0
2019-01-18 14:43:08,608 	 Computing Major Stats lazily... 
2019-01-18 14:43:08,609 		 Completed edges=56 good=56 bad=0
2019-01-18 14:43:08,610 Distortion avg=0.12311901828042722 wc=1.6803884104671527 me=1.1894455001361548 mc=1.4127493948018637 nan_elements=0
2019-01-18 14:43:08,610 MAP = 1.0
2019-01-18 14:43:08,610 scale=[array([1.])]
2019-01-18 15:09:33,643 Commandline ['pytorch/pytorch_hyperbolic.py', 'learn', 'data/edges/parsing/ewt/ewt_dev/841.edges', '--dim', '0', '--hyp', '0', '--edim', '10', '--euc', '1', '--sdim', '0', '--sph', '0', '--log-name', 'ewt_devr2/841.edges.E10-1.lr1.log', '--batch-size', '65536', '--epochs', '50', '--checkpoint-freq', '10', '-g', '--subsample', '1024', '--learning-rate', '1']
2019-01-18 15:09:33,644 No Model Save selected!
2019-01-18 15:09:33,646 Loaded Graph data/edges/parsing/ewt/ewt_dev/841.edges with 8 nodes scale=1.0
2019-01-18 15:09:33,646 Building dataset
2019-01-18 15:09:33,646 Subsample: 8 points with scale 1.0 subsample=7
2019-01-18 15:09:33,653 Built Data Sampler
2019-01-18 15:09:33,653 Creating a fresh model warm_start?=None
2019-01-18 15:09:33,653 	 Warmstarting? None None 8
2019-01-18 15:09:33,653 Embedding() torch.Size([8, 10])
2019-01-18 15:09:33,653 relative No Rescale
2019-01-18 15:09:33,654 Constructed model with dim=0 and epochs=0 isnan=False
2019-01-18 15:09:33,654 SGD (
Parameter Group 0
    dampening: 0
    initial_lr: 0.1
    lr: 1.0
    momentum: 0.0
    nesterov: False
    weight_decay: 0

Parameter Group 1
    dampening: 0
    initial_lr: 0.1
    lr: 1.0
    momentum: 0.0
    nesterov: False
    weight_decay: 0

Parameter Group 2
    dampening: 0
    initial_lr: 0.1
    lr: 1.0
    momentum: 0.0
    nesterov: False
    weight_decay: 0

Parameter Group 3
    dampening: 0
    initial_lr: 0.0001
    lr: 0.001
    momentum: 0.0
    nesterov: False
    weight_decay: 0
)
2019-01-18 15:09:33,654 *** Initial Checkpoint. Computing Stats
2019-01-18 15:09:33,654 	 Computing Major Stats lazily... 
2019-01-18 15:09:33,655 		 Completed edges=56 good=56 bad=0
2019-01-18 15:09:33,656 Distortion avg=0.9973157950604111 wc=6.001124680688818 me=0.005941110731069004 mc=1010.1014696302445 nan_elements=0
2019-01-18 15:09:33,656 MAP = 0.6245238095238096
2019-01-18 15:09:33,657 scale=[array([1.])]
2019-01-18 15:09:33,657 *** End Initial Checkpoint

2019-01-18 15:09:33,714 1 loss=0.9946404959451708
2019-01-18 15:09:33,715 2 loss=0.6605767023635517
2019-01-18 15:09:33,715 3 loss=0.481098518878572
2019-01-18 15:09:33,716 4 loss=0.3830569335568595
2019-01-18 15:09:33,716 5 loss=0.3216954975230987
2019-01-18 15:09:33,716 6 loss=0.27874387955746277
2019-01-18 15:09:33,717 7 loss=0.2462854130058562
2019-01-18 15:09:33,718 8 loss=0.2205010347110004
2019-01-18 15:09:33,718 9 loss=0.19932459093879945
2019-01-18 15:09:33,719 10 loss=0.1815146856985683
2019-01-18 15:09:33,719 
*** Major Checkpoint. Computing Stats and Saving
2019-01-18 15:09:33,719 	 Computing Major Stats lazily... 
2019-01-18 15:09:33,719 		 Completed edges=56 good=56 bad=0
2019-01-18 15:09:33,721 Distortion avg=0.3723290384435466 wc=4.962056756159571 me=1.294491929255514 mc=3.833207951333726 nan_elements=0
2019-01-18 15:09:33,721 MAP = 0.5474404761904762
2019-01-18 15:09:33,721 scale=[array([1.])]
2019-01-18 15:09:33,721 *** End Major Checkpoint

2019-01-18 15:09:33,721 11 loss=0.16625885413341687
2019-01-18 15:09:33,722 12 loss=0.15299138941481338
2019-01-18 15:09:33,722 13 loss=0.1413026483040648
2019-01-18 15:09:33,723 14 loss=0.13088961651103817
2019-01-18 15:09:33,723 15 loss=0.12152597259790034
2019-01-18 15:09:33,724 16 loss=0.1130419712947081
2019-01-18 15:09:33,724 17 loss=0.10530981425120738
2019-01-18 15:09:33,725 18 loss=0.09823254954452751
2019-01-18 15:09:33,725 19 loss=0.09173555867665499
2019-01-18 15:09:33,726 20 loss=0.08576009782560123
2019-01-18 15:09:33,726 
*** Major Checkpoint. Computing Stats and Saving
2019-01-18 15:09:33,726 	 Computing Major Stats lazily... 
2019-01-18 15:09:33,726 		 Completed edges=56 good=56 bad=0
2019-01-18 15:09:33,728 Distortion avg=0.24962538599303347 wc=3.0368763230078146 me=1.2998880853075354 mc=2.336259834468236 nan_elements=0
2019-01-18 15:09:33,728 MAP = 1.0
2019-01-18 15:09:33,728 scale=[array([1.])]
2019-01-18 15:09:33,728 *** End Major Checkpoint

2019-01-18 15:09:33,728 21 loss=0.0802585116315017
2019-01-18 15:09:33,729 22 loss=0.07519079548952413
2019-01-18 15:09:33,729 23 loss=0.07052221538495192
2019-01-18 15:09:33,730 24 loss=0.06622172737737021
2019-01-18 15:09:33,730 25 loss=0.06226097698397061
2019-01-18 15:09:33,731 26 loss=0.058613699763460834
2019-01-18 15:09:33,731 27 loss=0.0552553846274339
2019-01-18 15:09:33,732 28 loss=0.05216309773910436
2019-01-18 15:09:33,732 29 loss=0.049315395508122396
2019-01-18 15:09:33,733 30 loss=0.046692279544682365
2019-01-18 15:09:33,733 
*** Major Checkpoint. Computing Stats and Saving
2019-01-18 15:09:33,733 	 Computing Major Stats lazily... 
2019-01-18 15:09:33,733 		 Completed edges=56 good=56 bad=0
2019-01-18 15:09:33,735 Distortion avg=0.18386407274044472 wc=2.1930084075551686 me=1.2144123626239614 mc=1.8058185794623915 nan_elements=0
2019-01-18 15:09:33,735 MAP = 1.0
2019-01-18 15:09:33,735 scale=[array([1.])]
2019-01-18 15:09:33,735 *** End Major Checkpoint

2019-01-18 15:09:33,735 31 loss=0.044275164742258885
2019-01-18 15:09:33,736 32 loss=0.04204684467148722
2019-01-18 15:09:33,737 33 loss=0.03999144716994667
2019-01-18 15:09:33,737 34 loss=0.038094378413982395
2019-01-18 15:09:33,738 35 loss=0.036342256776792925
2019-01-18 15:09:33,738 36 loss=0.034722839177298466
2019-01-18 15:09:33,738 37 loss=0.03322494300318938
2019-01-18 15:09:33,739 38 loss=0.031838366485768
2019-01-18 15:09:33,739 39 loss=0.030553809914161106
2019-01-18 15:09:33,740 40 loss=0.029362799494711274
2019-01-18 15:09:33,740 
*** Major Checkpoint. Computing Stats and Saving
2019-01-18 15:09:33,740 	 Computing Major Stats lazily... 
2019-01-18 15:09:33,740 		 Completed edges=56 good=56 bad=0
2019-01-18 15:09:33,742 Distortion avg=0.14555936849977846 wc=1.8458794441679516 me=1.1891227292280402 mc=1.5523035585790774 nan_elements=0
2019-01-18 15:09:33,742 MAP = 1.0
2019-01-18 15:09:33,742 scale=[array([1.])]
2019-01-18 15:09:33,742 *** End Major Checkpoint

2019-01-18 15:09:33,743 41 loss=0.02825761510041331
2019-01-18 15:09:33,743 42 loss=0.02723122267211033
2019-01-18 15:09:33,744 43 loss=0.026277211648744327
2019-01-18 15:09:33,744 44 loss=0.025389737517803584
2019-01-18 15:09:33,744 45 loss=0.024563469377608897
2019-01-18 15:09:33,745 46 loss=0.023793542274151053
2019-01-18 15:09:33,745 47 loss=0.023075514000301545
2019-01-18 15:09:33,746 48 loss=0.02240532600951876
2019-01-18 15:09:33,746 49 loss=0.021779268087394416
2019-01-18 15:09:33,747 50 loss=0.021193946433008714
2019-01-18 15:09:33,747 
*** Major Checkpoint. Computing Stats and Saving
2019-01-18 15:09:33,747 	 Computing Major Stats lazily... 
2019-01-18 15:09:33,747 		 Completed edges=56 good=56 bad=0
2019-01-18 15:09:33,749 Distortion avg=0.12311901828042722 wc=1.6803884104671527 me=1.1894455001361548 mc=1.4127493948018637 nan_elements=0
2019-01-18 15:09:33,749 MAP = 1.0
2019-01-18 15:09:33,749 scale=[array([1.])]
2019-01-18 15:09:33,749 *** End Major Checkpoint

2019-01-18 15:09:33,749 final loss=0.021193946433008714
2019-01-18 15:09:33,749 best loss=0.021193946433008714, distortion=0.12311901828042722, map=1.0, wc_dist=1.6803884104671527
2019-01-18 15:09:33,749 	 Computing Major Stats lazily... 
2019-01-18 15:09:33,750 		 Completed edges=56 good=56 bad=0
2019-01-18 15:09:33,751 Distortion avg=0.12311901828042725 wc=1.6803884104671527 me=1.1894455001361548 mc=1.4127493948018637 nan_elements=0
2019-01-18 15:09:33,751 MAP = 1.0
2019-01-18 15:09:33,751 scale=[array([1.])]
