2019-01-18 14:53:06,241 Commandline ['pytorch/pytorch_hyperbolic.py', 'learn', 'data/edges/parsing/ewt/ewt_dev/842.edges', '--dim', '0', '--hyp', '0', '--edim', '10', '--euc', '1', '--sdim', '0', '--sph', '0', '--log-name', 'ewt_devr2/842.edges.E10-1.lr1.log', '--batch-size', '65536', '--epochs', '50', '--checkpoint-freq', '10', '-g', '--subsample', '1024', '--learning-rate', '1']
2019-01-18 14:53:06,241 No Model Save selected!
2019-01-18 14:53:06,243 Loaded Graph data/edges/parsing/ewt/ewt_dev/842.edges with 12 nodes scale=1.0
2019-01-18 14:53:06,243 Building dataset
2019-01-18 14:53:06,243 Subsample: 12 points with scale 1.0 subsample=11
2019-01-18 14:53:06,253 Built Data Sampler
2019-01-18 14:53:06,253 Creating a fresh model warm_start?=None
2019-01-18 14:53:06,254 	 Warmstarting? None None 12
2019-01-18 14:53:06,254 Embedding() torch.Size([12, 10])
2019-01-18 14:53:06,254 relative No Rescale
2019-01-18 14:53:06,254 Constructed model with dim=0 and epochs=0 isnan=False
2019-01-18 14:53:06,255 SGD (
Parameter Group 0
    dampening: 0
    initial_lr: 0.1
    lr: 1.0
    momentum: 0.0
    nesterov: False
    weight_decay: 0

Parameter Group 1
    dampening: 0
    initial_lr: 0.1
    lr: 1.0
    momentum: 0.0
    nesterov: False
    weight_decay: 0

Parameter Group 2
    dampening: 0
    initial_lr: 0.1
    lr: 1.0
    momentum: 0.0
    nesterov: False
    weight_decay: 0

Parameter Group 3
    dampening: 0
    initial_lr: 0.0001
    lr: 0.001
    momentum: 0.0
    nesterov: False
    weight_decay: 0
)
2019-01-18 14:53:06,255 *** Initial Checkpoint. Computing Stats
2019-01-18 14:53:06,255 	 Computing Major Stats lazily... 
2019-01-18 14:53:06,256 		 Completed edges=132 good=132 bad=0
2019-01-18 14:53:06,258 Distortion avg=0.9979129939610503 wc=8.314616978715978 me=0.005982886981094694 mc=1389.7332516875733 nan_elements=0
2019-01-18 14:53:06,258 MAP = 0.31231286075036074
2019-01-18 14:53:06,258 scale=[array([1.])]
2019-01-18 14:53:06,258 *** End Initial Checkpoint

2019-01-18 14:53:06,318 1 loss=0.9958317569275329
2019-01-18 14:53:06,318 2 loss=0.8280462129802307
2019-01-18 14:53:06,319 3 loss=0.6992309642826798
2019-01-18 14:53:06,320 4 loss=0.6039591968745397
2019-01-18 14:53:06,320 5 loss=0.5323617583775262
2019-01-18 14:53:06,321 6 loss=0.4773107550653474
2019-01-18 14:53:06,322 7 loss=0.4339358191114613
2019-01-18 14:53:06,322 8 loss=0.3989351944400123
2019-01-18 14:53:06,323 9 loss=0.3700605224067055
2019-01-18 14:53:06,324 10 loss=0.3457656564498986
2019-01-18 14:53:06,324 
*** Major Checkpoint. Computing Stats and Saving
2019-01-18 14:53:06,324 	 Computing Major Stats lazily... 
2019-01-18 14:53:06,324 		 Completed edges=132 good=132 bad=0
2019-01-18 14:53:06,326 Distortion avg=0.5273533419763089 wc=8.197817733116498 me=1.3473889255448332 mc=6.084225257975613 nan_elements=0
2019-01-18 14:53:06,327 MAP = 0.19916927208593874
2019-01-18 14:53:06,327 scale=[array([1.])]
2019-01-18 14:53:06,327 *** End Major Checkpoint

2019-01-18 14:53:06,327 11 loss=0.3249733708923648
2019-01-18 14:53:06,328 12 loss=0.3069214222135819
2019-01-18 14:53:06,329 13 loss=0.2910608889433274
2019-01-18 14:53:06,329 14 loss=0.27698874420296504
2019-01-18 14:53:06,330 15 loss=0.2644028589708517
2019-01-18 14:53:06,330 16 loss=0.25307176235254675
2019-01-18 14:53:06,331 17 loss=0.2428141664384763
2019-01-18 14:53:06,331 18 loss=0.23348499459389313
2019-01-18 14:53:06,332 19 loss=0.2249657701371884
2019-01-18 14:53:06,332 20 loss=0.21715794726244736
2019-01-18 14:53:06,333 
*** Major Checkpoint. Computing Stats and Saving
2019-01-18 14:53:06,333 	 Computing Major Stats lazily... 
2019-01-18 14:53:06,333 		 Completed edges=132 good=132 bad=0
2019-01-18 14:53:06,335 Distortion avg=0.417880015982758 wc=6.173990296641231 me=1.5574833907511236 mc=3.9640809868692823 nan_elements=0
2019-01-18 14:53:06,335 MAP = 0.42850829725829725
2019-01-18 14:53:06,335 scale=[array([1.])]
2019-01-18 14:53:06,336 *** End Major Checkpoint

2019-01-18 14:53:06,336 21 loss=0.20997823890282738
2019-01-18 14:53:06,337 22 loss=0.20335530696479445
2019-01-18 14:53:06,337 23 loss=0.19722738623805822
2019-01-18 14:53:06,338 24 loss=0.19154055082461574
2019-01-18 14:53:06,338 25 loss=0.1862474245496547
2019-01-18 14:53:06,339 26 loss=0.18130619963605243
2019-01-18 14:53:06,339 27 loss=0.17667987078625738
2019-01-18 14:53:06,340 28 loss=0.1723356211895972
2019-01-18 14:53:06,340 29 loss=0.1682443171538797
2019-01-18 14:53:06,341 30 loss=0.16438008192775674
2019-01-18 14:53:06,341 
*** Major Checkpoint. Computing Stats and Saving
2019-01-18 14:53:06,341 	 Computing Major Stats lazily... 
2019-01-18 14:53:06,342 		 Completed edges=132 good=132 bad=0
2019-01-18 14:53:06,343 Distortion avg=0.34731251911069794 wc=4.955377323694976 me=1.5517024920539166 mc=3.193509934456426 nan_elements=0
2019-01-18 14:53:06,344 MAP = 0.6131558641975309
2019-01-18 14:53:06,344 scale=[array([1.])]
2019-01-18 14:53:06,344 *** End Major Checkpoint

2019-01-18 14:53:06,344 31 loss=0.16071992878644514
2019-01-18 14:53:06,345 32 loss=0.1572434399339434
2019-01-18 14:53:06,345 33 loss=0.15393248215284444
2019-01-18 14:53:06,346 34 loss=0.1507709530513996
2019-01-18 14:53:06,346 35 loss=0.14774455366797296
2019-01-18 14:53:06,347 36 loss=0.1448405844137527
2019-01-18 14:53:06,347 37 loss=0.14204776209054967
2019-01-18 14:53:06,348 38 loss=0.13935605617050095
2019-01-18 14:53:06,348 39 loss=0.13675654277985058
2019-01-18 14:53:06,349 40 loss=0.1342412749668503
2019-01-18 14:53:06,349 
*** Major Checkpoint. Computing Stats and Saving
2019-01-18 14:53:06,349 	 Computing Major Stats lazily... 
2019-01-18 14:53:06,350 		 Completed edges=132 good=132 bad=0
2019-01-18 14:53:06,352 Distortion avg=0.31211828834108185 wc=4.093914859226156 me=1.482089617479785 mc=2.7622586454573788 nan_elements=0
2019-01-18 14:53:06,352 MAP = 0.9724371693121693
2019-01-18 14:53:06,352 scale=[array([1.])]
2019-01-18 14:53:06,352 *** End Major Checkpoint

2019-01-18 14:53:06,353 41 loss=0.1318031679065211
2019-01-18 14:53:06,353 42 loss=0.12943589773698336
2019-01-18 14:53:06,354 43 loss=0.12713381275484084
2019-01-18 14:53:06,354 44 loss=0.12489185573316769
2019-01-18 14:53:06,355 45 loss=0.12270549617120834
2019-01-18 14:53:06,355 46 loss=0.12057067134200866
2019-01-18 14:53:06,356 47 loss=0.11848373507230571
2019-01-18 14:53:06,356 48 loss=0.11644141326607715
2019-01-18 14:53:06,357 49 loss=0.11444076526647096
2019-01-18 14:53:06,357 50 loss=0.11247915023751107
2019-01-18 14:53:06,357 
*** Major Checkpoint. Computing Stats and Saving
2019-01-18 14:53:06,357 	 Computing Major Stats lazily... 
2019-01-18 14:53:06,358 		 Completed edges=132 good=132 bad=0
2019-01-18 14:53:06,360 Distortion avg=0.28438408341821625 wc=3.4792006118339147 me=1.4139644919716816 mc=2.460599705005601 nan_elements=0
2019-01-18 14:53:06,360 MAP = 0.9958333333333332
2019-01-18 14:53:06,360 scale=[array([1.])]
2019-01-18 14:53:06,360 *** End Major Checkpoint

2019-01-18 14:53:06,360 final loss=0.11247915023751107
2019-01-18 14:53:06,360 best loss=0.11247915023751107, distortion=0.28438408341821625, map=0.9958333333333332, wc_dist=3.4792006118339147
2019-01-18 14:53:06,360 	 Computing Major Stats lazily... 
2019-01-18 14:53:06,361 		 Completed edges=132 good=132 bad=0
2019-01-18 14:53:06,363 Distortion avg=0.2843840834182165 wc=3.4792006118339147 me=1.4139644919716816 mc=2.460599705005601 nan_elements=0
2019-01-18 14:53:06,363 MAP = 0.9958333333333332
2019-01-18 14:53:06,363 scale=[array([1.])]
