2019-01-18 15:00:40,681 Commandline ['pytorch/pytorch_hyperbolic.py', 'learn', 'data/edges/parsing/ewt/ewt_dev/843.edges', '--dim', '0', '--hyp', '0', '--edim', '10', '--euc', '1', '--sdim', '0', '--sph', '0', '--log-name', 'ewt_devr2/843.edges.E10-1.lr1.log', '--batch-size', '65536', '--epochs', '50', '--checkpoint-freq', '10', '-g', '--subsample', '1024', '--learning-rate', '1']
2019-01-18 15:00:40,681 No Model Save selected!
2019-01-18 15:00:40,683 Loaded Graph data/edges/parsing/ewt/ewt_dev/843.edges with 15 nodes scale=1.0
2019-01-18 15:00:40,683 Building dataset
2019-01-18 15:00:40,683 Subsample: 15 points with scale 1.0 subsample=14
2019-01-18 15:00:40,697 Built Data Sampler
2019-01-18 15:00:40,697 Creating a fresh model warm_start?=None
2019-01-18 15:00:40,697 	 Warmstarting? None None 15
2019-01-18 15:00:40,698 Embedding() torch.Size([15, 10])
2019-01-18 15:00:40,698 relative No Rescale
2019-01-18 15:00:40,698 Constructed model with dim=0 and epochs=0 isnan=False
2019-01-18 15:00:40,698 SGD (
Parameter Group 0
    dampening: 0
    initial_lr: 0.1
    lr: 1.0
    momentum: 0.0
    nesterov: False
    weight_decay: 0

Parameter Group 1
    dampening: 0
    initial_lr: 0.1
    lr: 1.0
    momentum: 0.0
    nesterov: False
    weight_decay: 0

Parameter Group 2
    dampening: 0
    initial_lr: 0.1
    lr: 1.0
    momentum: 0.0
    nesterov: False
    weight_decay: 0

Parameter Group 3
    dampening: 0
    initial_lr: 0.0001
    lr: 0.001
    momentum: 0.0
    nesterov: False
    weight_decay: 0
)
2019-01-18 15:00:40,699 *** Initial Checkpoint. Computing Stats
2019-01-18 15:00:40,699 	 Computing Major Stats lazily... 
2019-01-18 15:00:40,700 		 Completed edges=210 good=210 bad=0
2019-01-18 15:00:40,703 Distortion avg=0.9979379268757848 wc=8.930602614333012 me=0.0059960279104134965 mc=1489.4197871932756 nan_elements=0
2019-01-18 15:00:40,703 MAP = 0.30444905887763024
2019-01-18 15:00:40,703 scale=[array([1.])]
2019-01-18 15:00:40,703 *** End Initial Checkpoint

2019-01-18 15:00:40,760 1 loss=0.9958813628776575
2019-01-18 15:00:40,761 2 loss=0.8713200638983369
2019-01-18 15:00:40,761 3 loss=0.7674687088159005
2019-01-18 15:00:40,762 4 loss=0.6840692635728128
2019-01-18 15:00:40,763 5 loss=0.6165567680280513
2019-01-18 15:00:40,763 6 loss=0.5612027493617057
2019-01-18 15:00:40,764 7 loss=0.5151940867814484
2019-01-18 15:00:40,764 8 loss=0.4764383865377258
2019-01-18 15:00:40,765 9 loss=0.4433788925508256
2019-01-18 15:00:40,766 10 loss=0.41485066976522933
2019-01-18 15:00:40,766 
*** Major Checkpoint. Computing Stats and Saving
2019-01-18 15:00:40,766 	 Computing Major Stats lazily... 
2019-01-18 15:00:40,767 		 Completed edges=210 good=210 bad=0
2019-01-18 15:00:40,769 Distortion avg=0.5852419135694252 wc=9.254211421482161 me=1.3127747442043545 mc=7.049352116452352 nan_elements=0
2019-01-18 15:00:40,769 MAP = 0.15159721231149803
2019-01-18 15:00:40,769 scale=[array([1.])]
2019-01-18 15:00:40,769 *** End Major Checkpoint

2019-01-18 15:00:40,770 11 loss=0.389974548941375
2019-01-18 15:00:40,771 12 loss=0.3680803005307432
2019-01-18 15:00:40,771 13 loss=0.34865128750211416
2019-01-18 15:00:40,772 14 loss=0.33128458631658014
2019-01-18 15:00:40,772 15 loss=0.3156621610715493
2019-01-18 15:00:40,773 16 loss=0.30152992183654415
2019-01-18 15:00:40,774 17 loss=0.28868241545572915
2019-01-18 15:00:40,774 18 loss=0.27695155474107247
2019-01-18 15:00:40,775 19 loss=0.2661982575746541
2019-01-18 15:00:40,775 20 loss=0.25630619519548603
2019-01-18 15:00:40,775 
*** Major Checkpoint. Computing Stats and Saving
2019-01-18 15:00:40,775 	 Computing Major Stats lazily... 
2019-01-18 15:00:40,776 		 Completed edges=210 good=210 bad=0
2019-01-18 15:00:40,779 Distortion avg=0.4685460262616954 wc=7.000974136876292 me=1.5323040387505777 mc=4.568919718168205 nan_elements=0
2019-01-18 15:00:40,779 MAP = 0.23239620696763555
2019-01-18 15:00:40,779 scale=[array([1.])]
2019-01-18 15:00:40,779 *** End Major Checkpoint

2019-01-18 15:00:40,780 21 loss=0.2471770792868655
2019-01-18 15:00:40,780 22 loss=0.23872707950646663
2019-01-18 15:00:40,781 23 loss=0.23088407738357994
2019-01-18 15:00:40,781 24 loss=0.22358554344196155
2019-01-18 15:00:40,782 25 loss=0.21677688201544854
2019-01-18 15:00:40,782 26 loss=0.21041012947028212
2019-01-18 15:00:40,783 27 loss=0.20444292127103877
2019-01-18 15:00:40,784 28 loss=0.19883766489301422
2019-01-18 15:00:40,784 29 loss=0.193560871342624
2019-01-18 15:00:40,785 30 loss=0.18858260964529855
2019-01-18 15:00:40,785 
*** Major Checkpoint. Computing Stats and Saving
2019-01-18 15:00:40,785 	 Computing Major Stats lazily... 
2019-01-18 15:00:40,786 		 Completed edges=210 good=210 bad=0
2019-01-18 15:00:40,788 Distortion avg=0.391133396724531 wc=6.441591083361626 me=1.725151401859229 mc=3.7339279766514397 nan_elements=0
2019-01-18 15:00:40,789 MAP = 0.47538188266759707
2019-01-18 15:00:40,789 scale=[array([1.])]
2019-01-18 15:00:40,789 *** End Major Checkpoint

2019-01-18 15:00:40,789 31 loss=0.18387605725673484
2019-01-18 15:00:40,790 32 loss=0.1794171257689883
2019-01-18 15:00:40,791 33 loss=0.17518414610254274
2019-01-18 15:00:40,791 34 loss=0.17115760101853988
2019-01-18 15:00:40,792 35 loss=0.16731989555463136
2019-01-18 15:00:40,792 36 loss=0.16365515810364728
2019-01-18 15:00:40,793 37 loss=0.16014906647770838
2019-01-18 15:00:40,793 38 loss=0.15678869455045794
2019-01-18 15:00:40,794 39 loss=0.15356237603505013
2019-01-18 15:00:40,795 40 loss=0.15045958270144377
2019-01-18 15:00:40,795 
*** Major Checkpoint. Computing Stats and Saving
2019-01-18 15:00:40,795 	 Computing Major Stats lazily... 
2019-01-18 15:00:40,796 		 Completed edges=210 good=210 bad=0
2019-01-18 15:00:40,798 Distortion avg=0.34200469257104094 wc=5.876493882757261 me=1.7873907238972375 mc=3.2877500169320104 nan_elements=0
2019-01-18 15:00:40,798 MAP = 0.6405925925925924
2019-01-18 15:00:40,798 scale=[array([1.])]
2019-01-18 15:00:40,798 *** End Major Checkpoint

2019-01-18 15:00:40,799 41 loss=0.1474708149132057
2019-01-18 15:00:40,800 42 loss=0.14458750280923618
2019-01-18 15:00:40,800 43 loss=0.14180191679861576
2019-01-18 15:00:40,801 44 loss=0.13910708629958754
2019-01-18 15:00:40,801 45 loss=0.1364967258540914
2019-01-18 15:00:40,802 46 loss=0.13396516790111063
2019-01-18 15:00:40,802 47 loss=0.131507301606389
2019-01-18 15:00:40,803 48 loss=0.12911851723162737
2019-01-18 15:00:40,804 49 loss=0.12679465559011702
2019-01-18 15:00:40,804 50 loss=0.12453196218352634
2019-01-18 15:00:40,804 
*** Major Checkpoint. Computing Stats and Saving
2019-01-18 15:00:40,804 	 Computing Major Stats lazily... 
2019-01-18 15:00:40,805 		 Completed edges=210 good=210 bad=0
2019-01-18 15:00:40,808 Distortion avg=0.3080421770105073 wc=5.317851645617329 me=1.7822684006153837 mc=2.983754659949744 nan_elements=0
2019-01-18 15:00:40,808 MAP = 0.797644746787604
2019-01-18 15:00:40,808 scale=[array([1.])]
2019-01-18 15:00:40,808 *** End Major Checkpoint

2019-01-18 15:00:40,808 final loss=0.12453196218352634
2019-01-18 15:00:40,808 best loss=0.12453196218352634, distortion=0.3080421770105073, map=0.797644746787604, wc_dist=5.317851645617329
2019-01-18 15:00:40,808 	 Computing Major Stats lazily... 
2019-01-18 15:00:40,809 		 Completed edges=210 good=210 bad=0
2019-01-18 15:00:40,811 Distortion avg=0.3080421770105073 wc=5.317851645617329 me=1.7822684006153837 mc=2.983754659949744 nan_elements=0
2019-01-18 15:00:40,812 MAP = 0.797644746787604
2019-01-18 15:00:40,812 scale=[array([1.])]
