2019-01-18 15:09:20,422 Commandline ['pytorch/pytorch_hyperbolic.py', 'learn', 'data/edges/parsing/ewt/ewt_dev/844.edges', '--dim', '0', '--hyp', '0', '--edim', '10', '--euc', '1', '--sdim', '0', '--sph', '0', '--log-name', 'ewt_devr2/844.edges.E10-1.lr1.log', '--batch-size', '65536', '--epochs', '50', '--checkpoint-freq', '10', '-g', '--subsample', '1024', '--learning-rate', '1']
2019-01-18 15:09:20,422 No Model Save selected!
2019-01-18 15:09:20,424 Loaded Graph data/edges/parsing/ewt/ewt_dev/844.edges with 13 nodes scale=1.0
2019-01-18 15:09:20,424 Building dataset
2019-01-18 15:09:20,424 Subsample: 13 points with scale 1.0 subsample=12
2019-01-18 15:09:20,436 Built Data Sampler
2019-01-18 15:09:20,436 Creating a fresh model warm_start?=None
2019-01-18 15:09:20,436 	 Warmstarting? None None 13
2019-01-18 15:09:20,437 Embedding() torch.Size([13, 10])
2019-01-18 15:09:20,437 relative No Rescale
2019-01-18 15:09:20,437 Constructed model with dim=0 and epochs=0 isnan=False
2019-01-18 15:09:20,437 SGD (
Parameter Group 0
    dampening: 0
    initial_lr: 0.1
    lr: 1.0
    momentum: 0.0
    nesterov: False
    weight_decay: 0

Parameter Group 1
    dampening: 0
    initial_lr: 0.1
    lr: 1.0
    momentum: 0.0
    nesterov: False
    weight_decay: 0

Parameter Group 2
    dampening: 0
    initial_lr: 0.1
    lr: 1.0
    momentum: 0.0
    nesterov: False
    weight_decay: 0

Parameter Group 3
    dampening: 0
    initial_lr: 0.0001
    lr: 0.001
    momentum: 0.0
    nesterov: False
    weight_decay: 0
)
2019-01-18 15:09:20,437 *** Initial Checkpoint. Computing Stats
2019-01-18 15:09:20,437 	 Computing Major Stats lazily... 
2019-01-18 15:09:20,439 		 Completed edges=156 good=156 bad=0
2019-01-18 15:09:20,441 Distortion avg=0.9979790071463563 wc=8.427788954634368 me=0.005982886981094694 mc=1408.649199168447 nan_elements=0
2019-01-18 15:09:20,441 MAP = 0.3413235375735376
2019-01-18 15:09:20,442 scale=[array([1.])]
2019-01-18 15:09:20,442 *** End Initial Checkpoint

2019-01-18 15:09:20,501 1 loss=0.9959634215012948
2019-01-18 15:09:20,502 2 loss=0.8528159133034061
2019-01-18 15:09:20,503 3 loss=0.7369495685251096
2019-01-18 15:09:20,504 4 loss=0.6477488148513868
2019-01-18 15:09:20,505 5 loss=0.5785410925512939
2019-01-18 15:09:20,505 6 loss=0.523989791033398
2019-01-18 15:09:20,506 7 loss=0.4802024741494911
2019-01-18 15:09:20,507 8 loss=0.44439525929123647
2019-01-18 15:09:20,507 9 loss=0.41458300282013755
2019-01-18 15:09:20,508 10 loss=0.38934494677725506
2019-01-18 15:09:20,508 
*** Major Checkpoint. Computing Stats and Saving
2019-01-18 15:09:20,508 	 Computing Major Stats lazily... 
2019-01-18 15:09:20,509 		 Completed edges=156 good=156 bad=0
2019-01-18 15:09:20,511 Distortion avg=0.5645270933763445 wc=9.52596322189347 me=1.361711781872954 mc=6.995579643726861 nan_elements=0
2019-01-18 15:09:20,511 MAP = 0.1676184926184926
2019-01-18 15:09:20,511 scale=[array([1.])]
2019-01-18 15:09:20,511 *** End Major Checkpoint

2019-01-18 15:09:20,512 11 loss=0.3676567478919981
2019-01-18 15:09:20,512 12 loss=0.3487724597827428
2019-01-18 15:09:20,513 13 loss=0.33214224841628603
2019-01-18 15:09:20,513 14 loss=0.3173551437170031
2019-01-18 15:09:20,514 15 loss=0.30409917631716604
2019-01-18 15:09:20,515 16 loss=0.2921335469176734
2019-01-18 15:09:20,515 17 loss=0.2812691218251521
2019-01-18 15:09:20,516 18 loss=0.2713546990949663
2019-01-18 15:09:20,516 19 loss=0.2622672849345364
2019-01-18 15:09:20,517 20 loss=0.25390516653306733
2019-01-18 15:09:20,517 
*** Major Checkpoint. Computing Stats and Saving
2019-01-18 15:09:20,517 	 Computing Major Stats lazily... 
2019-01-18 15:09:20,518 		 Completed edges=156 good=156 bad=0
2019-01-18 15:09:20,520 Distortion avg=0.464101139651695 wc=7.065855652883144 me=1.582746733364077 mc=4.464299627941671 nan_elements=0
2019-01-18 15:09:20,520 MAP = 0.2815925740925741
2019-01-18 15:09:20,520 scale=[array([1.])]
2019-01-18 15:09:20,520 *** End Major Checkpoint

2019-01-18 15:09:20,521 21 loss=0.24618294239838348
2019-01-18 15:09:20,522 22 loss=0.2390279286007263
2019-01-18 15:09:20,522 23 loss=0.23237753627704896
2019-01-18 15:09:20,523 24 loss=0.22617733779350369
2019-01-18 15:09:20,523 25 loss=0.22037962343589407
2019-01-18 15:09:20,524 26 loss=0.21494230919312257
2019-01-18 15:09:20,525 27 loss=0.20982809714861028
2019-01-18 15:09:20,525 28 loss=0.20500381868037848
2019-01-18 15:09:20,526 29 loss=0.2004399108445356
2019-01-18 15:09:20,526 30 loss=0.19610999055858536
2019-01-18 15:09:20,526 
*** Major Checkpoint. Computing Stats and Saving
2019-01-18 15:09:20,526 	 Computing Major Stats lazily... 
2019-01-18 15:09:20,527 		 Completed edges=156 good=156 bad=0
2019-01-18 15:09:20,529 Distortion avg=0.394675665539402 wc=5.841488976857498 me=1.6480104672560465 mc=3.5445703124590184 nan_elements=0
2019-01-18 15:09:20,530 MAP = 0.5075116550116551
2019-01-18 15:09:20,530 scale=[array([1.])]
2019-01-18 15:09:20,530 *** End Major Checkpoint

2019-01-18 15:09:20,530 31 loss=0.1919905012905773
2019-01-18 15:09:20,531 32 loss=0.18806041413196095
2019-01-18 15:09:20,532 33 loss=0.18430097024541447
2019-01-18 15:09:20,532 34 loss=0.18069545533455939
2019-01-18 15:09:20,533 35 loss=0.17722899940171752
2019-01-18 15:09:20,533 36 loss=0.17388839693923908
2019-01-18 15:09:20,534 37 loss=0.1706619440487935
2019-01-18 15:09:20,534 38 loss=0.16753928994967793
2019-01-18 15:09:20,535 39 loss=0.16451130102717934
2019-01-18 15:09:20,535 40 loss=0.1615699360608384
2019-01-18 15:09:20,535 
*** Major Checkpoint. Computing Stats and Saving
2019-01-18 15:09:20,536 	 Computing Major Stats lazily... 
2019-01-18 15:09:20,536 		 Completed edges=156 good=156 bad=0
2019-01-18 15:09:20,538 Distortion avg=0.3496543908109923 wc=5.115936127471386 me=1.6390219018881338 mc=3.1213348165621753 nan_elements=0
2019-01-18 15:09:20,538 MAP = 0.6754120879120878
2019-01-18 15:09:20,539 scale=[array([1.])]
2019-01-18 15:09:20,539 *** End Major Checkpoint

2019-01-18 15:09:20,539 41 loss=0.15870813161456068
2019-01-18 15:09:20,540 42 loss=0.1559196968055584
2019-01-18 15:09:20,540 43 loss=0.15319921682630624
2019-01-18 15:09:20,541 44 loss=0.15054196469483747
2019-01-18 15:09:20,541 45 loss=0.14794382077020135
2019-01-18 15:09:20,542 46 loss=0.14540119960419282
2019-01-18 15:09:20,543 47 loss=0.14291098371699
2019-01-18 15:09:20,543 48 loss=0.14047046389018478
2019-01-18 15:09:20,544 49 loss=0.138077285571128
2019-01-18 15:09:20,544 50 loss=0.13572940098127034
2019-01-18 15:09:20,544 
*** Major Checkpoint. Computing Stats and Saving
2019-01-18 15:09:20,544 	 Computing Major Stats lazily... 
2019-01-18 15:09:20,545 		 Completed edges=156 good=156 bad=0
2019-01-18 15:09:20,547 Distortion avg=0.3154684423207043 wc=4.531768853501875 me=1.5943647085701256 mc=2.8423665107126603 nan_elements=0
2019-01-18 15:09:20,547 MAP = 0.8351556776556777
2019-01-18 15:09:20,548 scale=[array([1.])]
2019-01-18 15:09:20,548 *** End Major Checkpoint

2019-01-18 15:09:20,548 final loss=0.13572940098127034
2019-01-18 15:09:20,548 best loss=0.13572940098127034, distortion=0.3154684423207043, map=0.8351556776556777, wc_dist=4.531768853501875
2019-01-18 15:09:20,548 	 Computing Major Stats lazily... 
2019-01-18 15:09:20,549 		 Completed edges=156 good=156 bad=0
2019-01-18 15:09:20,551 Distortion avg=0.31546844232070426 wc=4.531768853501875 me=1.5943647085701256 mc=2.8423665107126603 nan_elements=0
2019-01-18 15:09:20,551 MAP = 0.8351556776556777
2019-01-18 15:09:20,551 scale=[array([1.])]
