2019-01-18 15:06:30,392 Commandline ['pytorch/pytorch_hyperbolic.py', 'learn', 'data/edges/parsing/ewt/ewt_dev/849.edges', '--dim', '0', '--hyp', '0', '--edim', '10', '--euc', '1', '--sdim', '0', '--sph', '0', '--log-name', 'ewt_devr2/849.edges.E10-1.lr1.log', '--batch-size', '65536', '--epochs', '50', '--checkpoint-freq', '10', '-g', '--subsample', '1024', '--learning-rate', '1']
2019-01-18 15:06:30,392 No Model Save selected!
2019-01-18 15:06:30,394 Loaded Graph data/edges/parsing/ewt/ewt_dev/849.edges with 15 nodes scale=1.0
2019-01-18 15:06:30,394 Building dataset
2019-01-18 15:06:30,394 Subsample: 15 points with scale 1.0 subsample=14
2019-01-18 15:06:30,409 Built Data Sampler
2019-01-18 15:06:30,409 Creating a fresh model warm_start?=None
2019-01-18 15:06:30,409 	 Warmstarting? None None 15
2019-01-18 15:06:30,409 Embedding() torch.Size([15, 10])
2019-01-18 15:06:30,410 relative No Rescale
2019-01-18 15:06:30,410 Constructed model with dim=0 and epochs=0 isnan=False
2019-01-18 15:06:30,410 SGD (
Parameter Group 0
    dampening: 0
    initial_lr: 0.1
    lr: 1.0
    momentum: 0.0
    nesterov: False
    weight_decay: 0

Parameter Group 1
    dampening: 0
    initial_lr: 0.1
    lr: 1.0
    momentum: 0.0
    nesterov: False
    weight_decay: 0

Parameter Group 2
    dampening: 0
    initial_lr: 0.1
    lr: 1.0
    momentum: 0.0
    nesterov: False
    weight_decay: 0

Parameter Group 3
    dampening: 0
    initial_lr: 0.0001
    lr: 0.001
    momentum: 0.0
    nesterov: False
    weight_decay: 0
)
2019-01-18 15:06:30,410 *** Initial Checkpoint. Computing Stats
2019-01-18 15:06:30,410 	 Computing Major Stats lazily... 
2019-01-18 15:06:30,412 		 Completed edges=210 good=210 bad=0
2019-01-18 15:06:30,414 Distortion avg=0.9981533869022804 wc=9.468145003110804 me=0.00635693515322028 mc=1489.4197871932756 nan_elements=0
2019-01-18 15:06:30,414 MAP = 0.2857169682169682
2019-01-18 15:06:30,415 scale=[array([1.])]
2019-01-18 15:06:30,415 *** End Initial Checkpoint

2019-01-18 15:06:30,472 1 loss=0.9963115407190345
2019-01-18 15:06:30,473 2 loss=0.8945161604510349
2019-01-18 15:06:30,474 3 loss=0.8060327649788328
2019-01-18 15:06:30,474 4 loss=0.7326299995889237
2019-01-18 15:06:30,475 5 loss=0.6718791680677196
2019-01-18 15:06:30,475 6 loss=0.6214065082489258
2019-01-18 15:06:30,476 7 loss=0.5792162822421181
2019-01-18 15:06:30,477 8 loss=0.5436901646018858
2019-01-18 15:06:30,477 9 loss=0.5135328272672837
2019-01-18 15:06:30,478 10 loss=0.48771278758318604
2019-01-18 15:06:30,478 
*** Major Checkpoint. Computing Stats and Saving
2019-01-18 15:06:30,478 	 Computing Major Stats lazily... 
2019-01-18 15:06:30,479 		 Completed edges=210 good=210 bad=0
2019-01-18 15:06:30,481 Distortion avg=0.6337052259156676 wc=13.373487141972321 me=1.3179302615869901 mc=10.1473405169926 nan_elements=0
2019-01-18 15:06:30,481 MAP = 0.1287532220865554
2019-01-18 15:06:30,482 scale=[array([1.])]
2019-01-18 15:06:30,482 *** End Major Checkpoint

2019-01-18 15:06:30,482 11 loss=0.46540999933390326
2019-01-18 15:06:30,483 12 loss=0.44597234392975066
2019-01-18 15:06:30,484 13 loss=0.42888050836893993
2019-01-18 15:06:30,484 14 loss=0.4137200244423714
2019-01-18 15:06:30,485 15 loss=0.40015917163996945
2019-01-18 15:06:30,485 16 loss=0.387931581350727
2019-01-18 15:06:30,486 17 loss=0.3768225672538457
2019-01-18 15:06:30,487 18 loss=0.3666583898307476
2019-01-18 15:06:30,488 19 loss=0.3572978228566044
2019-01-18 15:06:30,488 20 loss=0.34862552252810686
2019-01-18 15:06:30,488 
*** Major Checkpoint. Computing Stats and Saving
2019-01-18 15:06:30,489 	 Computing Major Stats lazily... 
2019-01-18 15:06:30,490 		 Completed edges=210 good=210 bad=0
2019-01-18 15:06:30,493 Distortion avg=0.553125062849004 wc=9.456328954086679 me=1.5347897668833381 mc=6.1613187409305095 nan_elements=0
2019-01-18 15:06:30,493 MAP = 0.16620580037246707
2019-01-18 15:06:30,493 scale=[array([1.])]
2019-01-18 15:06:30,493 *** End Major Checkpoint

2019-01-18 15:06:30,494 21 loss=0.3405468071974671
2019-01-18 15:06:30,495 22 loss=0.33298354104089367
2019-01-18 15:06:30,496 23 loss=0.32587088223165783
2019-01-18 15:06:30,497 24 loss=0.31915470884067265
2019-01-18 15:06:30,497 25 loss=0.3127895767647785
2019-01-18 15:06:30,498 26 loss=0.30673709596182774
2019-01-18 15:06:30,499 27 loss=0.3009646361427259
2019-01-18 15:06:30,499 28 loss=0.29544429241036496
2019-01-18 15:06:30,500 29 loss=0.29015205638094255
2019-01-18 15:06:30,501 30 loss=0.28506715003895283
2019-01-18 15:06:30,501 
*** Major Checkpoint. Computing Stats and Saving
2019-01-18 15:06:30,501 	 Computing Major Stats lazily... 
2019-01-18 15:06:30,502 		 Completed edges=210 good=210 bad=0
2019-01-18 15:06:30,505 Distortion avg=0.4950527991019388 wc=7.874222293040377 me=1.6025919856548554 mc=4.913429221863225 nan_elements=0
2019-01-18 15:06:30,505 MAP = 0.2364076664076664
2019-01-18 15:06:30,505 scale=[array([1.])]
2019-01-18 15:06:30,505 *** End Major Checkpoint

2019-01-18 15:06:30,505 31 loss=0.2801714887120416
2019-01-18 15:06:30,506 32 loss=0.2754492466857879
2019-01-18 15:06:30,507 33 loss=0.27088650455968805
2019-01-18 15:06:30,507 34 loss=0.2664709618205849
2019-01-18 15:06:30,508 35 loss=0.2621917015462039
2019-01-18 15:06:30,509 36 loss=0.25803899685631154
2019-01-18 15:06:30,509 37 loss=0.25400415086249156
2019-01-18 15:06:30,510 38 loss=0.25007936355380295
2019-01-18 15:06:30,510 39 loss=0.24625762039103605
2019-01-18 15:06:30,511 40 loss=0.2425325984418923
2019-01-18 15:06:30,511 
*** Major Checkpoint. Computing Stats and Saving
2019-01-18 15:06:30,511 	 Computing Major Stats lazily... 
2019-01-18 15:06:30,512 		 Completed edges=210 good=210 bad=0
2019-01-18 15:06:30,514 Distortion avg=0.4471670550107101 wc=7.399781820982776 me=1.649631587688773 mc=4.48571782706361 nan_elements=0
2019-01-18 15:06:30,515 MAP = 0.4519312169312169
2019-01-18 15:06:30,515 scale=[array([1.])]
2019-01-18 15:06:30,515 *** End Major Checkpoint

2019-01-18 15:06:30,515 41 loss=0.23889858673159875
2019-01-18 15:06:30,516 42 loss=0.2353504181538798
2019-01-18 15:06:30,517 43 loss=0.23188341082154973
2019-01-18 15:06:30,517 44 loss=0.2284933171623106
2019-01-18 15:06:30,518 45 loss=0.22517627940566304
2019-01-18 15:06:30,518 46 loss=0.22192879037858548
2019-01-18 15:06:30,519 47 loss=0.21874765874453223
2019-01-18 15:06:30,520 48 loss=0.21562997799328443
2019-01-18 15:06:30,520 49 loss=0.2125730986269271
2019-01-18 15:06:30,521 50 loss=0.2095746030966756
2019-01-18 15:06:30,521 
*** Major Checkpoint. Computing Stats and Saving
2019-01-18 15:06:30,521 	 Computing Major Stats lazily... 
2019-01-18 15:06:30,522 		 Completed edges=210 good=210 bad=0
2019-01-18 15:06:30,524 Distortion avg=0.4065338363202664 wc=6.8846357940095695 me=1.6663845840214202 mc=4.1314807278132335 nan_elements=0
2019-01-18 15:06:30,524 MAP = 0.5817328042328042
2019-01-18 15:06:30,525 scale=[array([1.])]
2019-01-18 15:06:30,525 *** End Major Checkpoint

2019-01-18 15:06:30,525 final loss=0.2095746030966756
2019-01-18 15:06:30,525 best loss=0.2095746030966756, distortion=0.4065338363202664, map=0.5817328042328042, wc_dist=6.8846357940095695
2019-01-18 15:06:30,525 	 Computing Major Stats lazily... 
2019-01-18 15:06:30,526 		 Completed edges=210 good=210 bad=0
2019-01-18 15:06:30,528 Distortion avg=0.4065338363202664 wc=6.8846357940095695 me=1.6663845840214202 mc=4.1314807278132335 nan_elements=0
2019-01-18 15:06:30,528 MAP = 0.5817328042328042
2019-01-18 15:06:30,529 scale=[array([1.])]
