2019-01-18 14:56:33,520 Commandline ['pytorch/pytorch_hyperbolic.py', 'learn', 'data/edges/parsing/ewt/ewt_dev/853.edges', '--dim', '0', '--hyp', '0', '--edim', '10', '--euc', '1', '--sdim', '0', '--sph', '0', '--log-name', 'ewt_devr2/853.edges.E10-1.lr1.log', '--batch-size', '65536', '--epochs', '50', '--checkpoint-freq', '10', '-g', '--subsample', '1024', '--learning-rate', '1']
2019-01-18 14:56:33,521 No Model Save selected!
2019-01-18 14:56:33,523 Loaded Graph data/edges/parsing/ewt/ewt_dev/853.edges with 24 nodes scale=1.0
2019-01-18 14:56:33,523 Building dataset
2019-01-18 14:56:33,523 Subsample: 24 points with scale 1.0 subsample=23
2019-01-18 14:56:33,551 Built Data Sampler
2019-01-18 14:56:33,551 Creating a fresh model warm_start?=None
2019-01-18 14:56:33,552 	 Warmstarting? None None 24
2019-01-18 14:56:33,552 Embedding() torch.Size([24, 10])
2019-01-18 14:56:33,552 relative No Rescale
2019-01-18 14:56:33,552 Constructed model with dim=0 and epochs=0 isnan=False
2019-01-18 14:56:33,553 SGD (
Parameter Group 0
    dampening: 0
    initial_lr: 0.1
    lr: 1.0
    momentum: 0.0
    nesterov: False
    weight_decay: 0

Parameter Group 1
    dampening: 0
    initial_lr: 0.1
    lr: 1.0
    momentum: 0.0
    nesterov: False
    weight_decay: 0

Parameter Group 2
    dampening: 0
    initial_lr: 0.1
    lr: 1.0
    momentum: 0.0
    nesterov: False
    weight_decay: 0

Parameter Group 3
    dampening: 0
    initial_lr: 0.0001
    lr: 0.001
    momentum: 0.0
    nesterov: False
    weight_decay: 0
)
2019-01-18 14:56:33,553 *** Initial Checkpoint. Computing Stats
2019-01-18 14:56:33,553 	 Computing Major Stats lazily... 
2019-01-18 14:56:33,555 		 Completed edges=552 good=552 bad=0
2019-01-18 14:56:33,559 Distortion avg=0.9984099568984306 wc=13.44714399199638 me=0.005982886981094694 mc=2247.601205653386 nan_elements=0
2019-01-18 14:56:33,559 MAP = 0.12731379566193582
2019-01-18 14:56:33,559 scale=[array([1.])]
2019-01-18 14:56:33,560 *** End Initial Checkpoint

2019-01-18 14:56:33,616 1 loss=0.9968236016365046
2019-01-18 14:56:33,617 2 loss=0.9505466252036644
2019-01-18 14:56:33,618 3 loss=0.9063811475968152
2019-01-18 14:56:33,619 4 loss=0.8657150250415958
2019-01-18 14:56:33,620 5 loss=0.8284129953689057
2019-01-18 14:56:33,621 6 loss=0.794207060666569
2019-01-18 14:56:33,622 7 loss=0.7628165770557216
2019-01-18 14:56:33,623 8 loss=0.7339747081196519
2019-01-18 14:56:33,624 9 loss=0.7074357024349931
2019-01-18 14:56:33,625 10 loss=0.6829763434107324
2019-01-18 14:56:33,625 
*** Major Checkpoint. Computing Stats and Saving
2019-01-18 14:56:33,626 	 Computing Major Stats lazily... 
2019-01-18 14:56:33,629 		 Completed edges=552 good=552 bad=0
2019-01-18 14:56:33,634 Distortion avg=0.794325834667374 wc=23.87421129448719 me=0.9723276336753885 mc=24.553669429555256 nan_elements=0
2019-01-18 14:56:33,634 MAP = 0.07672503722473996
2019-01-18 14:56:33,634 scale=[array([1.])]
2019-01-18 14:56:33,634 *** End Major Checkpoint

2019-01-18 14:56:33,635 11 loss=0.6603952850370473
2019-01-18 14:56:33,636 12 loss=0.639511584217153
2019-01-18 14:56:33,637 13 loss=0.6201629627125355
2019-01-18 14:56:33,638 14 loss=0.6022040336751735
2019-01-18 14:56:33,639 15 loss=0.5855045994079288
2019-01-18 14:56:33,640 16 loss=0.5699480671088628
2019-01-18 14:56:33,641 17 loss=0.5554299999038007
2019-01-18 14:56:33,642 18 loss=0.5418568055923225
2019-01-18 14:56:33,643 19 loss=0.5291445580308767
2019-01-18 14:56:33,644 20 loss=0.5172179424637424
2019-01-18 14:56:33,644 
*** Major Checkpoint. Computing Stats and Saving
2019-01-18 14:56:33,644 	 Computing Major Stats lazily... 
2019-01-18 14:56:33,646 		 Completed edges=552 good=552 bad=0
2019-01-18 14:56:33,650 Distortion avg=0.6795887005294639 wc=19.706189797197897 me=1.4515692617610787 mc=13.575783337606554 nan_elements=0
2019-01-18 14:56:33,650 MAP = 0.07814051938568893
2019-01-18 14:56:33,650 scale=[array([1.])]
2019-01-18 14:56:33,650 *** End Major Checkpoint

2019-01-18 14:56:33,651 21 loss=0.5060093146026248
2019-01-18 14:56:33,652 22 loss=0.49545786289500066
2019-01-18 14:56:33,653 23 loss=0.48550886368314417
2019-01-18 14:56:33,654 24 loss=0.47611301954201113
2019-01-18 14:56:33,655 25 loss=0.46722587182357533
2019-01-18 14:56:33,655 26 loss=0.4588072792289232
2019-01-18 14:56:33,656 27 loss=0.4508209550208365
2019-01-18 14:56:33,657 28 loss=0.44323405624719675
2019-01-18 14:56:33,658 29 loss=0.4360168190528961
2019-01-18 14:56:33,659 30 loss=0.42914223480762415
2019-01-18 14:56:33,659 
*** Major Checkpoint. Computing Stats and Saving
2019-01-18 14:56:33,660 	 Computing Major Stats lazily... 
2019-01-18 14:56:33,662 		 Completed edges=552 good=552 bad=0
2019-01-18 14:56:33,666 Distortion avg=0.6243772700455061 wc=16.46671277229041 me=1.6621812217338299 mc=9.906689208721716 nan_elements=0
2019-01-18 14:56:33,666 MAP = 0.08540009230724388
2019-01-18 14:56:33,666 scale=[array([1.])]
2019-01-18 14:56:33,666 *** End Major Checkpoint

2019-01-18 14:56:33,667 31 loss=0.42258576236697193
2019-01-18 14:56:33,667 32 loss=0.41632507231593907
2019-01-18 14:56:33,668 33 loss=0.4103398195201844
2019-01-18 14:56:33,669 34 loss=0.4046114407351409
2019-01-18 14:56:33,670 35 loss=0.39912297440078015
2019-01-18 14:56:33,671 36 loss=0.39385890008474683
2019-01-18 14:56:33,672 37 loss=0.38880499533309
2019-01-18 14:56:33,672 38 loss=0.3839482079499191
2019-01-18 14:56:33,673 39 loss=0.37927654195875804
2019-01-18 14:56:33,674 40 loss=0.374778955702597
2019-01-18 14:56:33,674 
*** Major Checkpoint. Computing Stats and Saving
2019-01-18 14:56:33,674 	 Computing Major Stats lazily... 
2019-01-18 14:56:33,676 		 Completed edges=552 good=552 bad=0
2019-01-18 14:56:33,680 Distortion avg=0.5803508778617177 wc=13.985182014481683 me=1.736742076622983 mc=8.052538256961702 nan_elements=0
2019-01-18 14:56:33,680 MAP = 0.10060459029525916
2019-01-18 14:56:33,680 scale=[array([1.])]
2019-01-18 14:56:33,680 *** End Major Checkpoint

2019-01-18 14:56:33,681 41 loss=0.3704452707197265
2019-01-18 14:56:33,682 42 loss=0.36626609019119877
2019-01-18 14:56:33,683 43 loss=0.3622327258956747
2019-01-18 14:56:33,684 44 loss=0.3583371327307102
2019-01-18 14:56:33,684 45 loss=0.35457184996819163
2019-01-18 14:56:33,685 46 loss=0.3509299485073912
2019-01-18 14:56:33,686 47 loss=0.34740498347351934
2019-01-18 14:56:33,687 48 loss=0.34399095158408294
2019-01-18 14:56:33,688 49 loss=0.34068225277099456
2019-01-18 14:56:33,688 50 loss=0.3374736556042997
2019-01-18 14:56:33,689 
*** Major Checkpoint. Computing Stats and Saving
2019-01-18 14:56:33,689 	 Computing Major Stats lazily... 
2019-01-18 14:56:33,691 		 Completed edges=552 good=552 bad=0
2019-01-18 14:56:33,694 Distortion avg=0.5433167245633097 wc=12.62882146162573 me=1.8264572223906963 mc=6.91438118933634 nan_elements=0
2019-01-18 14:56:33,694 MAP = 0.12280359193282082
2019-01-18 14:56:33,695 scale=[array([1.])]
2019-01-18 14:56:33,695 *** End Major Checkpoint

2019-01-18 14:56:33,695 final loss=0.3374736556042997
2019-01-18 14:56:33,695 best loss=0.3374736556042997, distortion=0.5433167245633097, map=0.12280359193282082, wc_dist=12.62882146162573
2019-01-18 14:56:33,695 	 Computing Major Stats lazily... 
2019-01-18 14:56:33,697 		 Completed edges=552 good=552 bad=0
2019-01-18 14:56:33,701 Distortion avg=0.5433167245633099 wc=12.62882146162573 me=1.8264572223906963 mc=6.91438118933634 nan_elements=0
2019-01-18 14:56:33,701 MAP = 0.12280359193282085
2019-01-18 14:56:33,701 scale=[array([1.])]
