2019-01-18 15:02:59,883 Commandline ['pytorch/pytorch_hyperbolic.py', 'learn', 'data/edges/parsing/ewt/ewt_dev/858.edges', '--dim', '0', '--hyp', '0', '--edim', '10', '--euc', '1', '--sdim', '0', '--sph', '0', '--log-name', 'ewt_devr2/858.edges.E10-1.lr1.log', '--batch-size', '65536', '--epochs', '50', '--checkpoint-freq', '10', '-g', '--subsample', '1024', '--learning-rate', '1']
2019-01-18 15:02:59,883 No Model Save selected!
2019-01-18 15:02:59,885 Loaded Graph data/edges/parsing/ewt/ewt_dev/858.edges with 17 nodes scale=1.0
2019-01-18 15:02:59,885 Building dataset
2019-01-18 15:02:59,885 Subsample: 17 points with scale 1.0 subsample=16
2019-01-18 15:02:59,902 Built Data Sampler
2019-01-18 15:02:59,902 Creating a fresh model warm_start?=None
2019-01-18 15:02:59,902 	 Warmstarting? None None 17
2019-01-18 15:02:59,902 Embedding() torch.Size([17, 10])
2019-01-18 15:02:59,903 relative No Rescale
2019-01-18 15:02:59,903 Constructed model with dim=0 and epochs=0 isnan=False
2019-01-18 15:02:59,903 SGD (
Parameter Group 0
    dampening: 0
    initial_lr: 0.1
    lr: 1.0
    momentum: 0.0
    nesterov: False
    weight_decay: 0

Parameter Group 1
    dampening: 0
    initial_lr: 0.1
    lr: 1.0
    momentum: 0.0
    nesterov: False
    weight_decay: 0

Parameter Group 2
    dampening: 0
    initial_lr: 0.1
    lr: 1.0
    momentum: 0.0
    nesterov: False
    weight_decay: 0

Parameter Group 3
    dampening: 0
    initial_lr: 0.0001
    lr: 0.001
    momentum: 0.0
    nesterov: False
    weight_decay: 0
)
2019-01-18 15:02:59,903 *** Initial Checkpoint. Computing Stats
2019-01-18 15:02:59,903 	 Computing Major Stats lazily... 
2019-01-18 15:02:59,905 		 Completed edges=272 good=272 bad=0
2019-01-18 15:02:59,907 Distortion avg=0.9982802431144885 wc=15.891872074392516 me=0.00607253907908975 mc=2617.0061431329063 nan_elements=0
2019-01-18 15:02:59,908 MAP = 0.23275082760376878
2019-01-18 15:02:59,908 scale=[array([1.])]
2019-01-18 15:02:59,908 *** End Initial Checkpoint

2019-01-18 15:02:59,965 1 loss=0.9965649571250674
2019-01-18 15:02:59,965 2 loss=0.9161493731102233
2019-01-18 15:02:59,966 3 loss=0.8448204180458243
2019-01-18 15:02:59,967 4 loss=0.7835029266897973
2019-01-18 15:02:59,967 5 loss=0.7308473923374159
2019-01-18 15:02:59,968 6 loss=0.6855092945298299
2019-01-18 15:02:59,969 7 loss=0.646316312062682
2019-01-18 15:02:59,969 8 loss=0.6122783442326631
2019-01-18 15:02:59,970 9 loss=0.5825687398898196
2019-01-18 15:02:59,970 10 loss=0.5565005250905338
2019-01-18 15:02:59,971 
*** Major Checkpoint. Computing Stats and Saving
2019-01-18 15:02:59,971 	 Computing Major Stats lazily... 
2019-01-18 15:02:59,972 		 Completed edges=272 good=272 bad=0
2019-01-18 15:02:59,975 Distortion avg=0.6893033693229073 wc=16.72377827225258 me=1.1686515387163456 mc=14.310320671482694 nan_elements=0
2019-01-18 15:02:59,975 MAP = 0.10948016036251328
2019-01-18 15:02:59,975 scale=[array([1.])]
2019-01-18 15:02:59,975 *** End Major Checkpoint

2019-01-18 15:02:59,976 11 loss=0.5335037595181648
2019-01-18 15:02:59,976 12 loss=0.5131056564359147
2019-01-18 15:02:59,977 13 loss=0.49491370673031243
2019-01-18 15:02:59,977 14 loss=0.4786015870178196
2019-01-18 15:02:59,978 15 loss=0.4638974957370652
2019-01-18 15:02:59,979 16 loss=0.45057454612215325
2019-01-18 15:02:59,979 17 loss=0.4384428746825328
2019-01-18 15:02:59,980 18 loss=0.42734316766269176
2019-01-18 15:02:59,981 19 loss=0.4171413532915933
2019-01-18 15:02:59,981 20 loss=0.4077242494238435
2019-01-18 15:02:59,981 
*** Major Checkpoint. Computing Stats and Saving
2019-01-18 15:02:59,981 	 Computing Major Stats lazily... 
2019-01-18 15:02:59,983 		 Completed edges=272 good=272 bad=0
2019-01-18 15:02:59,985 Distortion avg=0.5991728582491707 wc=12.969185847866603 me=1.4951936436560367 mc=8.673917189852709 nan_elements=0
2019-01-18 15:02:59,985 MAP = 0.12102475955417127
2019-01-18 15:02:59,985 scale=[array([1.])]
2019-01-18 15:02:59,985 *** End Major Checkpoint

2019-01-18 15:02:59,986 21 loss=0.398995992716432
2019-01-18 15:02:59,987 22 loss=0.39087510653868607
2019-01-18 15:02:59,987 23 loss=0.3832920907627776
2019-01-18 15:02:59,988 24 loss=0.37618743803977267
2019-01-18 15:02:59,989 25 loss=0.36950999878911506
2019-01-18 15:02:59,989 26 loss=0.36321563153832087
2019-01-18 15:02:59,990 27 loss=0.3572660869962688
2019-01-18 15:02:59,991 28 loss=0.35162808380194877
2019-01-18 15:02:59,991 29 loss=0.3462725416600218
2019-01-18 15:02:59,992 30 loss=0.34117394388664873
2019-01-18 15:02:59,992 
*** Major Checkpoint. Computing Stats and Saving
2019-01-18 15:02:59,992 	 Computing Major Stats lazily... 
2019-01-18 15:02:59,993 		 Completed edges=272 good=272 bad=0
2019-01-18 15:02:59,996 Distortion avg=0.5455857304027081 wc=10.981951941979593 me=1.5752471648159962 mc=6.971573850293131 nan_elements=0
2019-01-18 15:02:59,996 MAP = 0.17683993022228317
2019-01-18 15:02:59,996 scale=[array([1.])]
2019-01-18 15:02:59,996 *** End Major Checkpoint

2019-01-18 15:02:59,997 31 loss=0.33630980651674713
2019-01-18 15:02:59,998 32 loss=0.33166023529049743
2019-01-18 15:02:59,998 33 loss=0.3272075552245007
2019-01-18 15:02:59,999 34 loss=0.32293600022926167
2019-01-18 15:03:00,000 35 loss=0.3188314524794142
2019-01-18 15:03:00,000 36 loss=0.3148812230732428
2019-01-18 15:03:00,001 37 loss=0.3110738670119934
2019-01-18 15:03:00,002 38 loss=0.30739902675055947
2019-01-18 15:03:00,003 39 loss=0.3038472995706285
2019-01-18 15:03:00,004 40 loss=0.3004101248466783
2019-01-18 15:03:00,004 
*** Major Checkpoint. Computing Stats and Saving
2019-01-18 15:03:00,004 	 Computing Major Stats lazily... 
2019-01-18 15:03:00,006 		 Completed edges=272 good=272 bad=0
2019-01-18 15:03:00,008 Distortion avg=0.5030367016121515 wc=9.92258003588008 me=1.6428136117398482 mc=6.039991369058241 nan_elements=0
2019-01-18 15:03:00,008 MAP = 0.22828924343630225
2019-01-18 15:03:00,009 scale=[array([1.])]
2019-01-18 15:03:00,009 *** End Major Checkpoint

2019-01-18 15:03:00,009 41 loss=0.29707968794786227
2019-01-18 15:03:00,010 42 loss=0.29384883807193596
2019-01-18 15:03:00,011 43 loss=0.29071101776295294
2019-01-18 15:03:00,011 44 loss=0.28766020224034056
2019-01-18 15:03:00,012 45 loss=0.2846908469776367
2019-01-18 15:03:00,012 46 loss=0.28179784222641924
2019-01-18 15:03:00,013 47 loss=0.2789764733943817
2019-01-18 15:03:00,014 48 loss=0.2762223863639127
2019-01-18 15:03:00,014 49 loss=0.273531556985319
2019-01-18 15:03:00,015 50 loss=0.27090026410218854
2019-01-18 15:03:00,015 
*** Major Checkpoint. Computing Stats and Saving
2019-01-18 15:03:00,015 	 Computing Major Stats lazily... 
2019-01-18 15:03:00,016 		 Completed edges=272 good=272 bad=0
2019-01-18 15:03:00,019 Distortion avg=0.47034019150034073 wc=9.58091273983741 me=1.6981004626371503 mc=5.642135404025655 nan_elements=0
2019-01-18 15:03:00,019 MAP = 0.3554585773703421
2019-01-18 15:03:00,019 scale=[array([1.])]
2019-01-18 15:03:00,019 *** End Major Checkpoint

2019-01-18 15:03:00,019 final loss=0.27090026410218854
2019-01-18 15:03:00,019 best loss=0.27090026410218854, distortion=0.47034019150034073, map=0.3554585773703421, wc_dist=9.58091273983741
2019-01-18 15:03:00,020 	 Computing Major Stats lazily... 
2019-01-18 15:03:00,021 		 Completed edges=272 good=272 bad=0
2019-01-18 15:03:00,024 Distortion avg=0.47034019150034084 wc=9.58091273983741 me=1.6981004626371503 mc=5.642135404025655 nan_elements=0
2019-01-18 15:03:00,024 MAP = 0.35545857737034214
2019-01-18 15:03:00,024 scale=[array([1.])]
