2019-01-18 15:00:24,767 Commandline ['pytorch/pytorch_hyperbolic.py', 'learn', 'data/edges/parsing/ewt/ewt_dev/860.edges', '--dim', '0', '--hyp', '0', '--edim', '10', '--euc', '1', '--sdim', '0', '--sph', '0', '--log-name', 'ewt_devr2/860.edges.E10-1.lr1.log', '--batch-size', '65536', '--epochs', '50', '--checkpoint-freq', '10', '-g', '--subsample', '1024', '--learning-rate', '1']
2019-01-18 15:00:24,767 No Model Save selected!
2019-01-18 15:00:24,769 Loaded Graph data/edges/parsing/ewt/ewt_dev/860.edges with 23 nodes scale=1.0
2019-01-18 15:00:24,769 Building dataset
2019-01-18 15:00:24,770 Subsample: 23 points with scale 1.0 subsample=22
2019-01-18 15:00:24,796 Built Data Sampler
2019-01-18 15:00:24,796 Creating a fresh model warm_start?=None
2019-01-18 15:00:24,796 	 Warmstarting? None None 23
2019-01-18 15:00:24,797 Embedding() torch.Size([23, 10])
2019-01-18 15:00:24,797 relative No Rescale
2019-01-18 15:00:24,797 Constructed model with dim=0 and epochs=0 isnan=False
2019-01-18 15:00:24,797 SGD (
Parameter Group 0
    dampening: 0
    initial_lr: 0.1
    lr: 1.0
    momentum: 0.0
    nesterov: False
    weight_decay: 0

Parameter Group 1
    dampening: 0
    initial_lr: 0.1
    lr: 1.0
    momentum: 0.0
    nesterov: False
    weight_decay: 0

Parameter Group 2
    dampening: 0
    initial_lr: 0.1
    lr: 1.0
    momentum: 0.0
    nesterov: False
    weight_decay: 0

Parameter Group 3
    dampening: 0
    initial_lr: 0.0001
    lr: 0.001
    momentum: 0.0
    nesterov: False
    weight_decay: 0
)
2019-01-18 15:00:24,798 *** Initial Checkpoint. Computing Stats
2019-01-18 15:00:24,798 	 Computing Major Stats lazily... 
2019-01-18 15:00:24,800 		 Completed edges=506 good=506 bad=0
2019-01-18 15:00:24,804 Distortion avg=0.9985112492081613 wc=18.06020616602574 me=0.006253593838536124 mc=2887.972361545849 nan_elements=0
2019-01-18 15:00:24,804 MAP = 0.2135568952243471
2019-01-18 15:00:24,804 scale=[array([1.])]
2019-01-18 15:00:24,804 *** End Initial Checkpoint

2019-01-18 15:00:24,865 1 loss=0.9970259548866447
2019-01-18 15:00:24,866 2 loss=0.9539146253972243
2019-01-18 15:00:24,867 3 loss=0.9125814597008539
2019-01-18 15:00:24,868 4 loss=0.8743745510069578
2019-01-18 15:00:24,868 5 loss=0.8392354551669327
2019-01-18 15:00:24,869 6 loss=0.8069491674461436
2019-01-18 15:00:24,870 7 loss=0.7772756784320803
2019-01-18 15:00:24,871 8 loss=0.7499808380433329
2019-01-18 15:00:24,872 9 loss=0.7248457192731108
2019-01-18 15:00:24,872 10 loss=0.7016693199364534
2019-01-18 15:00:24,872 
*** Major Checkpoint. Computing Stats and Saving
2019-01-18 15:00:24,873 	 Computing Major Stats lazily... 
2019-01-18 15:00:24,875 		 Completed edges=506 good=506 bad=0
2019-01-18 15:00:24,878 Distortion avg=0.8069512554865069 wc=36.032433718799155 me=0.9574418717243962 mc=37.63406926616141 nan_elements=0
2019-01-18 15:00:24,878 MAP = 0.09033710366897876
2019-01-18 15:00:24,878 scale=[array([1.])]
2019-01-18 15:00:24,878 *** End Major Checkpoint

2019-01-18 15:00:24,879 11 loss=0.6802687704193933
2019-01-18 15:00:24,880 12 loss=0.6604785262185138
2019-01-18 15:00:24,881 13 loss=0.642149153036295
2019-01-18 15:00:24,882 14 loss=0.6251459784585246
2019-01-18 15:00:24,882 15 loss=0.6093477402226001
2019-01-18 15:00:24,883 16 loss=0.5946452933788049
2019-01-18 15:00:24,884 17 loss=0.5809404048255273
2019-01-18 15:00:24,885 18 loss=0.5681446461236399
2019-01-18 15:00:24,886 19 loss=0.5561783861858657
2019-01-18 15:00:24,886 20 loss=0.5449698805302505
2019-01-18 15:00:24,886 
*** Major Checkpoint. Computing Stats and Saving
2019-01-18 15:00:24,886 	 Computing Major Stats lazily... 
2019-01-18 15:00:24,889 		 Completed edges=506 good=506 bad=0
2019-01-18 15:00:24,892 Distortion avg=0.6958151398325737 wc=29.68366945561917 me=1.391335966055381 mc=21.334652578396465 nan_elements=0
2019-01-18 15:00:24,892 MAP = 0.09297671919222598
2019-01-18 15:00:24,892 scale=[array([1.])]
2019-01-18 15:00:24,892 *** End Major Checkpoint

2019-01-18 15:00:24,893 21 loss=0.5344544513045901
2019-01-18 15:00:24,894 22 loss=0.5245737511707459
2019-01-18 15:00:24,895 23 loss=0.515275103794702
2019-01-18 15:00:24,895 24 loss=0.5065109137826097
2019-01-18 15:00:24,896 25 loss=0.49823813923739735
2019-01-18 15:00:24,897 26 loss=0.4904178205677402
2019-01-18 15:00:24,898 27 loss=0.483014659691221
2019-01-18 15:00:24,899 28 loss=0.4759966442948336
2019-01-18 15:00:24,901 29 loss=0.4693347123242201
2019-01-18 15:00:24,902 30 loss=0.4630024523546051
2019-01-18 15:00:24,902 
*** Major Checkpoint. Computing Stats and Saving
2019-01-18 15:00:24,902 	 Computing Major Stats lazily... 
2019-01-18 15:00:24,904 		 Completed edges=506 good=506 bad=0
2019-01-18 15:00:24,907 Distortion avg=0.6452801034549227 wc=23.77828879218678 me=1.5512301657801657 mc=15.32866580133057 nan_elements=0
2019-01-18 15:00:24,907 MAP = 0.09528068753385079
2019-01-18 15:00:24,907 scale=[array([1.])]
2019-01-18 15:00:24,908 *** End Major Checkpoint

2019-01-18 15:00:24,908 31 loss=0.4569758359442193
2019-01-18 15:00:24,909 32 loss=0.45123297848223004
2019-01-18 15:00:24,910 33 loss=0.44575392541736397
2019-01-18 15:00:24,911 34 loss=0.4405204610916416
2019-01-18 15:00:24,912 35 loss=0.4355159377078911
2019-01-18 15:00:24,912 36 loss=0.43072512223237397
2019-01-18 15:00:24,913 37 loss=0.42613405927752873
2019-01-18 15:00:24,914 38 loss=0.42172994822713256
2019-01-18 15:00:24,915 39 loss=0.41750103305964
2019-01-18 15:00:24,915 40 loss=0.4134365034974593
2019-01-18 15:00:24,916 
*** Major Checkpoint. Computing Stats and Saving
2019-01-18 15:00:24,916 	 Computing Major Stats lazily... 
2019-01-18 15:00:24,918 		 Completed edges=506 good=506 bad=0
2019-01-18 15:00:24,921 Distortion avg=0.6069614247038804 wc=20.161480370387242 me=1.662126656481188 mc=12.129930226298269 nan_elements=0
2019-01-18 15:00:24,921 MAP = 0.11348531760935854
2019-01-18 15:00:24,921 scale=[array([1.])]
2019-01-18 15:00:24,921 *** End Major Checkpoint

2019-01-18 15:00:24,922 41 loss=0.4095264062627317
2019-01-18 15:00:24,923 42 loss=0.4057615653558052
2019-01-18 15:00:24,924 43 loss=0.40213351039293777
2019-01-18 15:00:24,925 44 loss=0.39863441214649475
2019-01-18 15:00:24,925 45 loss=0.3952570245255517
2019-01-18 15:00:24,926 46 loss=0.3919946323187316
2019-01-18 15:00:24,927 47 loss=0.3888410040955189
2019-01-18 15:00:24,928 48 loss=0.3857903497282818
2019-01-18 15:00:24,928 49 loss=0.38283728205576395
2019-01-18 15:00:24,929 50 loss=0.37997678226073217
2019-01-18 15:00:24,929 
*** Major Checkpoint. Computing Stats and Saving
2019-01-18 15:00:24,929 	 Computing Major Stats lazily... 
2019-01-18 15:00:24,931 		 Completed edges=506 good=506 bad=0
2019-01-18 15:00:24,935 Distortion avg=0.5752276351439802 wc=17.732494476527805 me=1.7531382801946762 mc=10.114715237727118 nan_elements=0
2019-01-18 15:00:24,935 MAP = 0.1350010283024484
2019-01-18 15:00:24,935 scale=[array([1.])]
2019-01-18 15:00:24,935 *** End Major Checkpoint

2019-01-18 15:00:24,935 final loss=0.37997678226073217
2019-01-18 15:00:24,935 best loss=0.37997678226073217, distortion=0.5752276351439802, map=0.1350010283024484, wc_dist=17.732494476527805
2019-01-18 15:00:24,935 	 Computing Major Stats lazily... 
2019-01-18 15:00:24,937 		 Completed edges=506 good=506 bad=0
2019-01-18 15:00:24,941 Distortion avg=0.57522763514398 wc=17.732494476527805 me=1.7531382801946762 mc=10.114715237727118 nan_elements=0
2019-01-18 15:00:24,941 MAP = 0.13500102830244842
2019-01-18 15:00:24,941 scale=[array([1.])]
