2019-01-18 15:05:27,356 Commandline ['pytorch/pytorch_hyperbolic.py', 'learn', 'data/edges/parsing/ewt/ewt_dev/868.edges', '--dim', '0', '--hyp', '0', '--edim', '10', '--euc', '1', '--sdim', '0', '--sph', '0', '--log-name', 'ewt_devr2/868.edges.E10-1.lr1.log', '--batch-size', '65536', '--epochs', '50', '--checkpoint-freq', '10', '-g', '--subsample', '1024', '--learning-rate', '1']
2019-01-18 15:05:27,356 No Model Save selected!
2019-01-18 15:05:27,358 Loaded Graph data/edges/parsing/ewt/ewt_dev/868.edges with 17 nodes scale=1.0
2019-01-18 15:05:27,358 Building dataset
2019-01-18 15:05:27,359 Subsample: 17 points with scale 1.0 subsample=16
2019-01-18 15:05:27,376 Built Data Sampler
2019-01-18 15:05:27,376 Creating a fresh model warm_start?=None
2019-01-18 15:05:27,376 	 Warmstarting? None None 17
2019-01-18 15:05:27,376 Embedding() torch.Size([17, 10])
2019-01-18 15:05:27,376 relative No Rescale
2019-01-18 15:05:27,377 Constructed model with dim=0 and epochs=0 isnan=False
2019-01-18 15:05:27,377 SGD (
Parameter Group 0
    dampening: 0
    initial_lr: 0.1
    lr: 1.0
    momentum: 0.0
    nesterov: False
    weight_decay: 0

Parameter Group 1
    dampening: 0
    initial_lr: 0.1
    lr: 1.0
    momentum: 0.0
    nesterov: False
    weight_decay: 0

Parameter Group 2
    dampening: 0
    initial_lr: 0.1
    lr: 1.0
    momentum: 0.0
    nesterov: False
    weight_decay: 0

Parameter Group 3
    dampening: 0
    initial_lr: 0.0001
    lr: 0.001
    momentum: 0.0
    nesterov: False
    weight_decay: 0
)
2019-01-18 15:05:27,377 *** Initial Checkpoint. Computing Stats
2019-01-18 15:05:27,377 	 Computing Major Stats lazily... 
2019-01-18 15:05:27,379 		 Completed edges=272 good=272 bad=0
2019-01-18 15:05:27,382 Distortion avg=0.9981266848188328 wc=8.371016360250092 me=0.00607253907908975 mc=1378.5034976678776 nan_elements=0
2019-01-18 15:05:27,382 MAP = 0.21268976121917302
2019-01-18 15:05:27,382 scale=[array([1.])]
2019-01-18 15:05:27,382 *** End Initial Checkpoint

2019-01-18 15:05:27,441 1 loss=0.9962581344336181
2019-01-18 15:05:27,442 2 loss=0.8987252949579329
2019-01-18 15:05:27,442 3 loss=0.8142329897666785
2019-01-18 15:05:27,443 4 loss=0.7432825718705416
2019-01-18 15:05:27,444 5 loss=0.6834251018096726
2019-01-18 15:05:27,444 6 loss=0.632531294480427
2019-01-18 15:05:27,445 7 loss=0.5888910252632131
2019-01-18 15:05:27,446 8 loss=0.5511533824518631
2019-01-18 15:05:27,447 9 loss=0.5182543314442294
2019-01-18 15:05:27,447 10 loss=0.48935404028607793
2019-01-18 15:05:27,447 
*** Major Checkpoint. Computing Stats and Saving
2019-01-18 15:05:27,447 	 Computing Major Stats lazily... 
2019-01-18 15:05:27,449 		 Completed edges=272 good=272 bad=0
2019-01-18 15:05:27,451 Distortion avg=0.6429283692456397 wc=15.245799199815606 me=1.2597501431205553 mc=12.102240498302223 nan_elements=0
2019-01-18 15:05:27,452 MAP = 0.11453672766697978
2019-01-18 15:05:27,452 scale=[array([1.])]
2019-01-18 15:05:27,452 *** End Major Checkpoint

2019-01-18 15:05:27,453 11 loss=0.46378661821284023
2019-01-18 15:05:27,453 12 loss=0.4410209230336828
2019-01-18 15:05:27,454 13 loss=0.4206303567986608
2019-01-18 15:05:27,455 14 loss=0.40226969885400937
2019-01-18 15:05:27,456 15 loss=0.38565735717460736
2019-01-18 15:05:27,456 16 loss=0.3705617575358595
2019-01-18 15:05:27,457 17 loss=0.3567908810022157
2019-01-18 15:05:27,457 18 loss=0.34418419420419044
2019-01-18 15:05:27,458 19 loss=0.3326063992583907
2019-01-18 15:05:27,459 20 loss=0.32194256995114306
2019-01-18 15:05:27,459 
*** Major Checkpoint. Computing Stats and Saving
2019-01-18 15:05:27,459 	 Computing Major Stats lazily... 
2019-01-18 15:05:27,460 		 Completed edges=272 good=272 bad=0
2019-01-18 15:05:27,463 Distortion avg=0.5273868032519957 wc=11.32073328014315 me=1.505807319791595 mc=7.5180490434260525 nan_elements=0
2019-01-18 15:05:27,463 MAP = 0.15510288031296438
2019-01-18 15:05:27,463 scale=[array([1.])]
2019-01-18 15:05:27,463 *** End Major Checkpoint

2019-01-18 15:05:27,464 21 loss=0.3120943468779491
2019-01-18 15:05:27,465 22 loss=0.3029769442766011
2019-01-18 15:05:27,466 23 loss=0.29451678150826743
2019-01-18 15:05:27,466 24 loss=0.28664959737723716
2019-01-18 15:05:27,467 25 loss=0.2793189394598963
2019-01-18 15:05:27,468 26 loss=0.2724749461623812
2019-01-18 15:05:27,468 27 loss=0.26607335847126534
2019-01-18 15:05:27,469 28 loss=0.2600747128953077
2019-01-18 15:05:27,470 29 loss=0.2544436781070652
2019-01-18 15:05:27,471 30 loss=0.2491485061658274
2019-01-18 15:05:27,471 
*** Major Checkpoint. Computing Stats and Saving
2019-01-18 15:05:27,471 	 Computing Major Stats lazily... 
2019-01-18 15:05:27,472 		 Completed edges=272 good=272 bad=0
2019-01-18 15:05:27,475 Distortion avg=0.4554261127824941 wc=9.812869622589648 me=1.6650848317215472 mc=5.893315124637841 nan_elements=0
2019-01-18 15:05:27,475 MAP = 0.2766326577250946
2019-01-18 15:05:27,475 scale=[array([1.])]
2019-01-18 15:05:27,475 *** End Major Checkpoint

2019-01-18 15:05:27,476 31 loss=0.24416057559600599
2019-01-18 15:05:27,476 32 loss=0.23945400849743828
2019-01-18 15:05:27,477 33 loss=0.23500534764071718
2019-01-18 15:05:27,478 34 loss=0.23079328242375508
2019-01-18 15:05:27,478 35 loss=0.22679841483894278
2019-01-18 15:05:27,479 36 loss=0.22300305837629814
2019-01-18 15:05:27,479 37 loss=0.21939106418207227
2019-01-18 15:05:27,480 38 loss=0.215947669891497
2019-01-18 15:05:27,481 39 loss=0.21265936742491146
2019-01-18 15:05:27,481 40 loss=0.20951378672890547
2019-01-18 15:05:27,481 
*** Major Checkpoint. Computing Stats and Saving
2019-01-18 15:05:27,482 	 Computing Major Stats lazily... 
2019-01-18 15:05:27,483 		 Completed edges=272 good=272 bad=0
2019-01-18 15:05:27,486 Distortion avg=0.4038103545454516 wc=8.957292231211142 me=1.7899638697019784 mc=5.004174879073115 nan_elements=0
2019-01-18 15:05:27,486 MAP = 0.44390992993934164
2019-01-18 15:05:27,486 scale=[array([1.])]
2019-01-18 15:05:27,486 *** End Major Checkpoint

2019-01-18 15:05:27,487 41 loss=0.20649959299710366
2019-01-18 15:05:27,487 42 loss=0.20360639534861116
2019-01-18 15:05:27,488 43 loss=0.20082466529903945
2019-01-18 15:05:27,489 44 loss=0.19814566364736547
2019-01-18 15:05:27,489 45 loss=0.19556137463566078
2019-01-18 15:05:27,490 46 loss=0.19306444642892923
2019-01-18 15:05:27,491 47 loss=0.19064813711755899
2019-01-18 15:05:27,491 48 loss=0.18830626557205773
2019-01-18 15:05:27,492 49 loss=0.18603316658419802
2019-01-18 15:05:27,493 50 loss=0.18382364981478383
2019-01-18 15:05:27,493 
*** Major Checkpoint. Computing Stats and Saving
2019-01-18 15:05:27,493 	 Computing Major Stats lazily... 
2019-01-18 15:05:27,494 		 Completed edges=272 good=272 bad=0
2019-01-18 15:05:27,497 Distortion avg=0.3702215774357516 wc=8.115187930589535 me=1.8431523923857065 mc=4.402884950867 nan_elements=0
2019-01-18 15:05:27,497 MAP = 0.5257060361051957
2019-01-18 15:05:27,497 scale=[array([1.])]
2019-01-18 15:05:27,497 *** End Major Checkpoint

2019-01-18 15:05:27,497 final loss=0.18382364981478383
2019-01-18 15:05:27,497 best loss=0.18382364981478383, distortion=0.3702215774357516, map=0.5257060361051957, wc_dist=8.115187930589535
2019-01-18 15:05:27,497 	 Computing Major Stats lazily... 
2019-01-18 15:05:27,498 		 Completed edges=272 good=272 bad=0
2019-01-18 15:05:27,501 Distortion avg=0.3702215774357513 wc=8.115187930589535 me=1.8431523923857065 mc=4.402884950867 nan_elements=0
2019-01-18 15:05:27,501 MAP = 0.5257060361051957
2019-01-18 15:05:27,501 scale=[array([1.])]
