2019-01-18 15:10:41,004 Commandline ['pytorch/pytorch_hyperbolic.py', 'learn', 'data/edges/parsing/ewt/ewt_dev/876.edges', '--dim', '0', '--hyp', '0', '--edim', '10', '--euc', '1', '--sdim', '0', '--sph', '0', '--log-name', 'ewt_devr2/876.edges.E10-1.lr1.log', '--batch-size', '65536', '--epochs', '50', '--checkpoint-freq', '10', '-g', '--subsample', '1024', '--learning-rate', '1']
2019-01-18 15:10:41,004 No Model Save selected!
2019-01-18 15:10:41,006 Loaded Graph data/edges/parsing/ewt/ewt_dev/876.edges with 23 nodes scale=1.0
2019-01-18 15:10:41,006 Building dataset
2019-01-18 15:10:41,007 Subsample: 23 points with scale 1.0 subsample=22
2019-01-18 15:10:41,033 Built Data Sampler
2019-01-18 15:10:41,033 Creating a fresh model warm_start?=None
2019-01-18 15:10:41,033 	 Warmstarting? None None 23
2019-01-18 15:10:41,033 Embedding() torch.Size([23, 10])
2019-01-18 15:10:41,033 relative No Rescale
2019-01-18 15:10:41,034 Constructed model with dim=0 and epochs=0 isnan=False
2019-01-18 15:10:41,034 SGD (
Parameter Group 0
    dampening: 0
    initial_lr: 0.1
    lr: 1.0
    momentum: 0.0
    nesterov: False
    weight_decay: 0

Parameter Group 1
    dampening: 0
    initial_lr: 0.1
    lr: 1.0
    momentum: 0.0
    nesterov: False
    weight_decay: 0

Parameter Group 2
    dampening: 0
    initial_lr: 0.1
    lr: 1.0
    momentum: 0.0
    nesterov: False
    weight_decay: 0

Parameter Group 3
    dampening: 0
    initial_lr: 0.0001
    lr: 0.001
    momentum: 0.0
    nesterov: False
    weight_decay: 0
)
2019-01-18 15:10:41,034 *** Initial Checkpoint. Computing Stats
2019-01-18 15:10:41,034 	 Computing Major Stats lazily... 
2019-01-18 15:10:41,037 		 Completed edges=506 good=506 bad=0
2019-01-18 15:10:41,040 Distortion avg=0.9984327076687691 wc=15.187072348314361 me=0.006009979300171955 mc=2526.9758163526176 nan_elements=0
2019-01-18 15:10:41,041 MAP = 0.1449884602243601
2019-01-18 15:10:41,041 scale=[array([1.])]
2019-01-18 15:10:41,041 *** End Initial Checkpoint

2019-01-18 15:10:41,097 1 loss=0.9968690987998696
2019-01-18 15:10:41,098 2 loss=0.9495389235895955
2019-01-18 15:10:41,099 3 loss=0.9047405306172078
2019-01-18 15:10:41,100 4 loss=0.8636255090594617
2019-01-18 15:10:41,100 5 loss=0.8260318363255429
2019-01-18 15:10:41,101 6 loss=0.7916712057149589
2019-01-18 15:10:41,102 7 loss=0.7602439906778128
2019-01-18 15:10:41,103 8 loss=0.731465929832446
2019-01-18 15:10:41,104 9 loss=0.7050755872092399
2019-01-18 15:10:41,105 10 loss=0.6808358087968901
2019-01-18 15:10:41,105 
*** Major Checkpoint. Computing Stats and Saving
2019-01-18 15:10:41,105 	 Computing Major Stats lazily... 
2019-01-18 15:10:41,107 		 Completed edges=506 good=506 bad=0
2019-01-18 15:10:41,111 Distortion avg=0.791855344270367 wc=27.01334453534329 me=0.9431294117634323 mc=28.642245908580698 nan_elements=0
2019-01-18 15:10:41,111 MAP = 0.07865245685948338
2019-01-18 15:10:41,111 scale=[array([1.])]
2019-01-18 15:10:41,111 *** End Major Checkpoint

2019-01-18 15:10:41,112 11 loss=0.6585329705314134
2019-01-18 15:10:41,113 12 loss=0.6379753810266555
2019-01-18 15:10:41,114 13 loss=0.6189913996552078
2019-01-18 15:10:41,115 14 loss=0.6014275189623124
2019-01-18 15:10:41,115 15 loss=0.5851465250100857
2019-01-18 15:10:41,116 16 loss=0.5700257856497911
2019-01-18 15:10:41,117 17 loss=0.5559556852777432
2019-01-18 15:10:41,118 18 loss=0.5428382086763249
2019-01-18 15:10:41,119 19 loss=0.530585668466434
2019-01-18 15:10:41,120 20 loss=0.5191195667922818
2019-01-18 15:10:41,120 
*** Major Checkpoint. Computing Stats and Saving
2019-01-18 15:10:41,120 	 Computing Major Stats lazily... 
2019-01-18 15:10:41,122 		 Completed edges=506 good=506 bad=0
2019-01-18 15:10:41,126 Distortion avg=0.6803266570366887 wc=22.713734478632986 me=1.4005258420597013 mc=16.21800454979734 nan_elements=0
2019-01-18 15:10:41,126 MAP = 0.08024842770013722
2019-01-18 15:10:41,126 scale=[array([1.])]
2019-01-18 15:10:41,126 *** End Major Checkpoint

2019-01-18 15:10:41,127 21 loss=0.5083695802175012
2019-01-18 15:10:41,128 22 loss=0.49827265641080587
2019-01-18 15:10:41,129 23 loss=0.48877221147352223
2019-01-18 15:10:41,129 24 loss=0.4798174173886804
2019-01-18 15:10:41,130 25 loss=0.47136256986668074
2019-01-18 15:10:41,131 26 loss=0.46336652771855324
2019-01-18 15:10:41,132 27 loss=0.4557922157428456
2019-01-18 15:10:41,133 28 loss=0.4486061839317286
2019-01-18 15:10:41,133 29 loss=0.44177821656787547
2019-01-18 15:10:41,134 30 loss=0.4352809854878128
2019-01-18 15:10:41,134 
*** Major Checkpoint. Computing Stats and Saving
2019-01-18 15:10:41,134 	 Computing Major Stats lazily... 
2019-01-18 15:10:41,136 		 Completed edges=506 good=506 bad=0
2019-01-18 15:10:41,140 Distortion avg=0.6284200795847924 wc=19.24236322901252 me=1.6185375480520603 mc=11.888734525912641 nan_elements=0
2019-01-18 15:10:41,140 MAP = 0.08789239939377912
2019-01-18 15:10:41,140 scale=[array([1.])]
2019-01-18 15:10:41,140 *** End Major Checkpoint

2019-01-18 15:10:41,141 31 loss=0.4290897424273822
2019-01-18 15:10:41,142 32 loss=0.42318204594191716
2019-01-18 15:10:41,143 33 loss=0.41753751891081686
2019-01-18 15:10:41,144 34 loss=0.4121376330976069
2019-01-18 15:10:41,144 35 loss=0.40696551764693967
2019-01-18 15:10:41,145 36 loss=0.40200578876403575
2019-01-18 15:10:41,146 37 loss=0.3972443981444128
2019-01-18 15:10:41,147 38 loss=0.3926684980067419
2019-01-18 15:10:41,148 39 loss=0.38826632083337115
2019-01-18 15:10:41,148 40 loss=0.3840270721451575
2019-01-18 15:10:41,149 
*** Major Checkpoint. Computing Stats and Saving
2019-01-18 15:10:41,149 	 Computing Major Stats lazily... 
2019-01-18 15:10:41,151 		 Completed edges=506 good=506 bad=0
2019-01-18 15:10:41,154 Distortion avg=0.5875448298090931 wc=16.588358138432515 me=1.714668040638118 mc=9.674384630309618 nan_elements=0
2019-01-18 15:10:41,154 MAP = 0.10278586376008637
2019-01-18 15:10:41,154 scale=[array([1.])]
2019-01-18 15:10:41,155 *** End Major Checkpoint

2019-01-18 15:10:41,155 41 loss=0.3799408348331174
2019-01-18 15:10:41,156 42 loss=0.3759984837420714
2019-01-18 15:10:41,157 43 loss=0.3721916093536293
2019-01-18 15:10:41,158 44 loss=0.36851244954994133
2019-01-18 15:10:41,159 45 loss=0.3649538285578033
2019-01-18 15:10:41,159 46 loss=0.3615091022768167
2019-01-18 15:10:41,160 47 loss=0.35817210928707566
2019-01-18 15:10:41,161 48 loss=0.3549371269127511
2019-01-18 15:10:41,162 49 loss=0.3517988317892809
2019-01-18 15:10:41,163 50 loss=0.3487522644448004
2019-01-18 15:10:41,163 
*** Major Checkpoint. Computing Stats and Saving
2019-01-18 15:10:41,163 	 Computing Major Stats lazily... 
2019-01-18 15:10:41,165 		 Completed edges=506 good=506 bad=0
2019-01-18 15:10:41,168 Distortion avg=0.5533097881477147 wc=15.081037864775062 me=1.812330774491156 mc=8.321349544488825 nan_elements=0
2019-01-18 15:10:41,168 MAP = 0.12998990915382763
2019-01-18 15:10:41,169 scale=[array([1.])]
2019-01-18 15:10:41,169 *** End Major Checkpoint

2019-01-18 15:10:41,169 final loss=0.3487522644448004
2019-01-18 15:10:41,169 best loss=0.3487522644448004, distortion=0.5533097881477147, map=0.12998990915382763, wc_dist=15.081037864775062
2019-01-18 15:10:41,169 	 Computing Major Stats lazily... 
2019-01-18 15:10:41,171 		 Completed edges=506 good=506 bad=0
2019-01-18 15:10:41,175 Distortion avg=0.5533097881477144 wc=15.081037864775062 me=1.812330774491156 mc=8.321349544488825 nan_elements=0
2019-01-18 15:10:41,175 MAP = 0.1299899091538276
2019-01-18 15:10:41,175 scale=[array([1.])]
