2019-01-18 15:09:16,547 Commandline ['pytorch/pytorch_hyperbolic.py', 'learn', 'data/edges/parsing/ewt/ewt_dev/878.edges', '--dim', '0', '--hyp', '0', '--edim', '10', '--euc', '1', '--sdim', '0', '--sph', '0', '--log-name', 'ewt_devr2/878.edges.E10-1.lr1.log', '--batch-size', '65536', '--epochs', '50', '--checkpoint-freq', '10', '-g', '--subsample', '1024', '--learning-rate', '1']
2019-01-18 15:09:16,548 No Model Save selected!
2019-01-18 15:09:16,550 Loaded Graph data/edges/parsing/ewt/ewt_dev/878.edges with 6 nodes scale=1.0
2019-01-18 15:09:16,550 Building dataset
2019-01-18 15:09:16,550 Subsample: 6 points with scale 1.0 subsample=5
2019-01-18 15:09:16,555 Built Data Sampler
2019-01-18 15:09:16,555 Creating a fresh model warm_start?=None
2019-01-18 15:09:16,555 	 Warmstarting? None None 6
2019-01-18 15:09:16,556 Embedding() torch.Size([6, 10])
2019-01-18 15:09:16,556 relative No Rescale
2019-01-18 15:09:16,556 Constructed model with dim=0 and epochs=0 isnan=False
2019-01-18 15:09:16,556 SGD (
Parameter Group 0
    dampening: 0
    initial_lr: 0.1
    lr: 1.0
    momentum: 0.0
    nesterov: False
    weight_decay: 0

Parameter Group 1
    dampening: 0
    initial_lr: 0.1
    lr: 1.0
    momentum: 0.0
    nesterov: False
    weight_decay: 0

Parameter Group 2
    dampening: 0
    initial_lr: 0.1
    lr: 1.0
    momentum: 0.0
    nesterov: False
    weight_decay: 0

Parameter Group 3
    dampening: 0
    initial_lr: 0.0001
    lr: 0.001
    momentum: 0.0
    nesterov: False
    weight_decay: 0
)
2019-01-18 15:09:16,556 *** Initial Checkpoint. Computing Stats
2019-01-18 15:09:16,556 	 Computing Major Stats lazily... 
2019-01-18 15:09:16,557 		 Completed edges=30 good=30 bad=0
2019-01-18 15:09:16,558 Distortion avg=0.9973316668057507 wc=5.448327215027938 me=0.005628252251848828 mc=968.0318100949036 nan_elements=0
2019-01-18 15:09:16,558 MAP = 0.6138888888888888
2019-01-18 15:09:16,559 scale=[array([1.])]
2019-01-18 15:09:16,559 *** End Initial Checkpoint

2019-01-18 15:09:16,616 1 loss=0.9946723995525192
2019-01-18 15:09:16,617 2 loss=0.513084075163007
2019-01-18 15:09:16,617 3 loss=0.35094716165294815
2019-01-18 15:09:16,618 4 loss=0.2889922789386226
2019-01-18 15:09:16,618 5 loss=0.2556648705606703
2019-01-18 15:09:16,619 6 loss=0.232402851051547
2019-01-18 15:09:16,619 7 loss=0.21386081689259856
2019-01-18 15:09:16,620 8 loss=0.19810851584399902
2019-01-18 15:09:16,620 9 loss=0.1842077820863886
2019-01-18 15:09:16,621 10 loss=0.17159020375960415
2019-01-18 15:09:16,621 
*** Major Checkpoint. Computing Stats and Saving
2019-01-18 15:09:16,621 	 Computing Major Stats lazily... 
2019-01-18 15:09:16,621 		 Completed edges=30 good=30 bad=0
2019-01-18 15:09:16,623 Distortion avg=0.35475881477828913 wc=3.973335401442206 me=1.3265728720446517 mc=2.9951881914471006 nan_elements=0
2019-01-18 15:09:16,623 MAP = 0.8564814814814814
2019-01-18 15:09:16,623 scale=[array([1.])]
2019-01-18 15:09:16,623 *** End Major Checkpoint

2019-01-18 15:09:16,624 11 loss=0.15988613266282475
2019-01-18 15:09:16,624 12 loss=0.14886458078748782
2019-01-18 15:09:16,624 13 loss=0.1383976893704613
2019-01-18 15:09:16,625 14 loss=0.12843054300085666
2019-01-18 15:09:16,625 15 loss=0.11895429471440175
2019-01-18 15:09:16,626 16 loss=0.10998392650787481
2019-01-18 15:09:16,626 17 loss=0.10154167453529502
2019-01-18 15:09:16,627 18 loss=0.09364618118885377
2019-01-18 15:09:16,627 19 loss=0.08630664518271838
2019-01-18 15:09:16,628 20 loss=0.07952080711635531
2019-01-18 15:09:16,628 
*** Major Checkpoint. Computing Stats and Saving
2019-01-18 15:09:16,628 	 Computing Major Stats lazily... 
2019-01-18 15:09:16,628 		 Completed edges=30 good=30 bad=0
2019-01-18 15:09:16,629 Distortion avg=0.232059867094238 wc=2.425692838671477 me=1.195660482112287 mc=2.0287471861461714 nan_elements=0
2019-01-18 15:09:16,629 MAP = 1.0
2019-01-18 15:09:16,629 scale=[array([1.])]
2019-01-18 15:09:16,629 *** End Major Checkpoint

2019-01-18 15:09:16,630 21 loss=0.07327550154204238
2019-01-18 15:09:16,630 22 loss=0.0675486344804179
2019-01-18 15:09:16,631 23 loss=0.06231170346055673
2019-01-18 15:09:16,631 24 loss=0.057532272772485585
2019-01-18 15:09:16,632 25 loss=0.053176082508559215
2019-01-18 15:09:16,632 26 loss=0.04920867043030818
2019-01-18 15:09:16,633 27 loss=0.04559651312503994
2019-01-18 15:09:16,633 28 loss=0.042307758139491086
2019-01-18 15:09:16,634 29 loss=0.03931264032385399
2019-01-18 15:09:16,634 30 loss=0.0365836717452286
2019-01-18 15:09:16,634 
*** Major Checkpoint. Computing Stats and Saving
2019-01-18 15:09:16,634 	 Computing Major Stats lazily... 
2019-01-18 15:09:16,635 		 Completed edges=30 good=30 bad=0
2019-01-18 15:09:16,636 Distortion avg=0.15671661029431627 wc=1.805605687925387 me=1.1371775720719284 mc=1.587795725372589 nan_elements=0
2019-01-18 15:09:16,636 MAP = 1.0
2019-01-18 15:09:16,636 scale=[array([1.])]
2019-01-18 15:09:16,636 *** End Major Checkpoint

2019-01-18 15:09:16,637 31 loss=0.03409567918052536
2019-01-18 15:09:16,637 32 loss=0.03182574514250607
2019-01-18 15:09:16,638 33 loss=0.029753092108096905
2019-01-18 15:09:16,638 34 loss=0.027858936736250724
2019-01-18 15:09:16,638 35 loss=0.026126331459875543
2019-01-18 15:09:16,639 36 loss=0.02454000433063279
2019-01-18 15:09:16,639 37 loss=0.023086203654903263
2019-01-18 15:09:16,640 38 loss=0.021752551133960196
2019-01-18 15:09:16,640 39 loss=0.020527905414012417
2019-01-18 15:09:16,641 40 loss=0.01940223681207957
2019-01-18 15:09:16,641 
*** Major Checkpoint. Computing Stats and Saving
2019-01-18 15:09:16,641 	 Computing Major Stats lazily... 
2019-01-18 15:09:16,641 		 Completed edges=30 good=30 bad=0
2019-01-18 15:09:16,642 Distortion avg=0.11484955632371305 wc=1.5499412611778294 me=1.1231361109708484 mc=1.3800119558421524 nan_elements=0
2019-01-18 15:09:16,642 MAP = 1.0
2019-01-18 15:09:16,642 scale=[array([1.])]
2019-01-18 15:09:16,642 *** End Major Checkpoint

2019-01-18 15:09:16,643 41 loss=0.018366513276934067
2019-01-18 15:09:16,643 42 loss=0.01741259721751353
2019-01-18 15:09:16,644 43 loss=0.016533152585502964
2019-01-18 15:09:16,644 44 loss=0.015721561470417086
2019-01-18 15:09:16,645 45 loss=0.01497184941290445
2019-01-18 15:09:16,645 46 loss=0.01427861863774139
2019-01-18 15:09:16,645 47 loss=0.01363698843380602
2019-01-18 15:09:16,646 48 loss=0.013042541951959688
2019-01-18 15:09:16,646 49 loss=0.012491278744975179
2019-01-18 15:09:16,647 50 loss=0.011979572430953177
2019-01-18 15:09:16,647 
*** Major Checkpoint. Computing Stats and Saving
2019-01-18 15:09:16,647 	 Computing Major Stats lazily... 
2019-01-18 15:09:16,647 		 Completed edges=30 good=30 bad=0
2019-01-18 15:09:16,648 Distortion avg=0.09192787488549818 wc=1.4128504794194545 me=1.111825257913365 mc=1.2707486804815382 nan_elements=0
2019-01-18 15:09:16,649 MAP = 1.0
2019-01-18 15:09:16,649 scale=[array([1.])]
2019-01-18 15:09:16,649 *** End Major Checkpoint

2019-01-18 15:09:16,649 final loss=0.011979572430953177
2019-01-18 15:09:16,649 best loss=0.011979572430953177, distortion=0.09192787488549818, map=1.0, wc_dist=1.4128504794194545
2019-01-18 15:09:16,649 	 Computing Major Stats lazily... 
2019-01-18 15:09:16,649 		 Completed edges=30 good=30 bad=0
2019-01-18 15:09:16,650 Distortion avg=0.09192787488549818 wc=1.4128504794194545 me=1.111825257913365 mc=1.2707486804815382 nan_elements=0
2019-01-18 15:09:16,650 MAP = 1.0
2019-01-18 15:09:16,651 scale=[array([1.])]
