2019-01-18 15:03:44,040 Commandline ['pytorch/pytorch_hyperbolic.py', 'learn', 'data/edges/parsing/ewt/ewt_dev/880.edges', '--dim', '0', '--hyp', '0', '--edim', '10', '--euc', '1', '--sdim', '0', '--sph', '0', '--log-name', 'ewt_devr2/880.edges.E10-1.lr1.log', '--batch-size', '65536', '--epochs', '50', '--checkpoint-freq', '10', '-g', '--subsample', '1024', '--learning-rate', '1']
2019-01-18 15:03:44,040 No Model Save selected!
2019-01-18 15:03:44,041 Loaded Graph data/edges/parsing/ewt/ewt_dev/880.edges with 29 nodes scale=1.0
2019-01-18 15:03:44,041 Building dataset
2019-01-18 15:03:44,042 Subsample: 29 points with scale 1.0 subsample=28
2019-01-18 15:03:44,079 Built Data Sampler
2019-01-18 15:03:44,079 Creating a fresh model warm_start?=None
2019-01-18 15:03:44,079 	 Warmstarting? None None 29
2019-01-18 15:03:44,080 Embedding() torch.Size([29, 10])
2019-01-18 15:03:44,080 relative No Rescale
2019-01-18 15:03:44,080 Constructed model with dim=0 and epochs=0 isnan=False
2019-01-18 15:03:44,080 SGD (
Parameter Group 0
    dampening: 0
    initial_lr: 0.1
    lr: 1.0
    momentum: 0.0
    nesterov: False
    weight_decay: 0

Parameter Group 1
    dampening: 0
    initial_lr: 0.1
    lr: 1.0
    momentum: 0.0
    nesterov: False
    weight_decay: 0

Parameter Group 2
    dampening: 0
    initial_lr: 0.1
    lr: 1.0
    momentum: 0.0
    nesterov: False
    weight_decay: 0

Parameter Group 3
    dampening: 0
    initial_lr: 0.0001
    lr: 0.001
    momentum: 0.0
    nesterov: False
    weight_decay: 0
)
2019-01-18 15:03:44,081 *** Initial Checkpoint. Computing Stats
2019-01-18 15:03:44,081 	 Computing Major Stats lazily... 
2019-01-18 15:03:44,084 		 Completed edges=812 good=812 bad=0
2019-01-18 15:03:44,089 Distortion avg=0.9985104555375145 wc=17.806499082197902 me=0.006196519622161948 mc=2873.6290963257316 nan_elements=0
2019-01-18 15:03:44,089 MAP = 0.13591332983911075
2019-01-18 15:03:44,089 scale=[array([1.])]
2019-01-18 15:03:44,089 *** End Initial Checkpoint

2019-01-18 15:03:44,146 1 loss=0.9970242507141788
2019-01-18 15:03:44,148 2 loss=0.9631179110080278
2019-01-18 15:03:44,149 3 loss=0.9303446909380272
2019-01-18 15:03:44,150 4 loss=0.899479538910315
2019-01-18 15:03:44,151 5 loss=0.8704944329181621
2019-01-18 15:03:44,152 6 loss=0.8432862388373273
2019-01-18 15:03:44,153 7 loss=0.8177384799228226
2019-01-18 15:03:44,154 8 loss=0.7937354411834903
2019-01-18 15:03:44,155 9 loss=0.7711666448328789
2019-01-18 15:03:44,157 10 loss=0.7499283776979048
2019-01-18 15:03:44,157 
*** Major Checkpoint. Computing Stats and Saving
2019-01-18 15:03:44,157 	 Computing Major Stats lazily... 
2019-01-18 15:03:44,160 		 Completed edges=812 good=812 bad=0
2019-01-18 15:03:44,165 Distortion avg=0.8438041442977227 wc=28.184816085745073 me=0.829272883331095 mc=33.98738419195605 nan_elements=0
2019-01-18 15:03:44,165 MAP = 0.0705000921526463
2019-01-18 15:03:44,165 scale=[array([1.])]
2019-01-18 15:03:44,165 *** End Major Checkpoint

2019-01-18 15:03:44,166 11 loss=0.7299240958791292
2019-01-18 15:03:44,167 12 loss=0.7110643472126527
2019-01-18 15:03:44,168 13 loss=0.6932664756652743
2019-01-18 15:03:44,169 14 loss=0.6764542291496423
2019-01-18 15:03:44,170 15 loss=0.6605573309065391
2019-01-18 15:03:44,171 16 loss=0.6455110456168928
2019-01-18 15:03:44,172 17 loss=0.6312557566949177
2019-01-18 15:03:44,174 18 loss=0.6177365633323304
2019-01-18 15:03:44,175 19 loss=0.6049029014706313
2019-01-18 15:03:44,176 20 loss=0.5927081903641951
2019-01-18 15:03:44,176 
*** Major Checkpoint. Computing Stats and Saving
2019-01-18 15:03:44,176 	 Computing Major Stats lazily... 
2019-01-18 15:03:44,179 		 Completed edges=812 good=812 bad=0
2019-01-18 15:03:44,184 Distortion avg=0.735864956527398 wc=24.530228765657647 me=1.3117398020246516 mc=18.70052942496339 nan_elements=0
2019-01-18 15:03:44,184 MAP = 0.07083963529973304
2019-01-18 15:03:44,184 scale=[array([1.])]
2019-01-18 15:03:44,184 *** End Major Checkpoint

2019-01-18 15:03:44,185 21 loss=0.5811095049387924
2019-01-18 15:03:44,187 22 loss=0.5700672733065265
2019-01-18 15:03:44,188 23 loss=0.5595449983217364
2019-01-18 15:03:44,189 24 loss=0.5495090018097591
2019-01-18 15:03:44,189 25 loss=0.5399281899857953
2019-01-18 15:03:44,190 26 loss=0.5307738385519495
2019-01-18 15:03:44,192 27 loss=0.5220193959838973
2019-01-18 15:03:44,193 28 loss=0.513640303573709
2019-01-18 15:03:44,193 29 loss=0.5056138308686211
2019-01-18 15:03:44,194 30 loss=0.4979189252283697
2019-01-18 15:03:44,195 
*** Major Checkpoint. Computing Stats and Saving
2019-01-18 15:03:44,195 	 Computing Major Stats lazily... 
2019-01-18 15:03:44,198 		 Completed edges=812 good=812 bad=0
2019-01-18 15:03:44,203 Distortion avg=0.6737551424621778 wc=21.346972550585342 me=1.5685753986299003 mc=13.60914659839191 nan_elements=0
2019-01-18 15:03:44,203 MAP = 0.07225396515506066
2019-01-18 15:03:44,203 scale=[array([1.])]
2019-01-18 15:03:44,203 *** End Major Checkpoint

2019-01-18 15:03:44,204 31 loss=0.49053607431032453
2019-01-18 15:03:44,205 32 loss=0.4834471803785674
2019-01-18 15:03:44,206 33 loss=0.47663544541783104
2019-01-18 15:03:44,207 34 loss=0.4700852661144864
2019-01-18 15:03:44,208 35 loss=0.4637821378436898
2019-01-18 15:03:44,209 36 loss=0.4577125668739387
2019-01-18 15:03:44,210 37 loss=0.4518639900674863
2019-01-18 15:03:44,211 38 loss=0.4462247014173432
2019-01-18 15:03:44,212 39 loss=0.4407837848190583
2019-01-18 15:03:44,213 40 loss=0.4355310525283648
2019-01-18 15:03:44,213 
*** Major Checkpoint. Computing Stats and Saving
2019-01-18 15:03:44,213 	 Computing Major Stats lazily... 
2019-01-18 15:03:44,216 		 Completed edges=812 good=812 bad=0
2019-01-18 15:03:44,221 Distortion avg=0.6289248668767629 wc=18.72819679571344 me=1.6910267728392556 mc=11.07504452118671 nan_elements=0
2019-01-18 15:03:44,221 MAP = 0.07754570116585473
2019-01-18 15:03:44,221 scale=[array([1.])]
2019-01-18 15:03:44,221 *** End Major Checkpoint

2019-01-18 15:03:44,222 41 loss=0.43045698880429933
2019-01-18 15:03:44,223 42 loss=0.4255526982818569
2019-01-18 15:03:44,224 43 loss=0.42080985865889725
2019-01-18 15:03:44,225 44 loss=0.4162206773191249
2019-01-18 15:03:44,226 45 loss=0.4117778515468498
2019-01-18 15:03:44,227 46 loss=0.4074745320200855
2019-01-18 15:03:44,228 47 loss=0.40330428929666495
2019-01-18 15:03:44,229 48 loss=0.39926108303364727
2019-01-18 15:03:44,230 49 loss=0.3953392337035755
2019-01-18 15:03:44,231 50 loss=0.39153339659232655
2019-01-18 15:03:44,231 
*** Major Checkpoint. Computing Stats and Saving
2019-01-18 15:03:44,231 	 Computing Major Stats lazily... 
2019-01-18 15:03:44,234 		 Completed edges=812 good=812 bad=0
2019-01-18 15:03:44,238 Distortion avg=0.5923055943121266 wc=16.588682494360718 me=1.7349041191946515 mc=9.561728691993217 nan_elements=0
2019-01-18 15:03:44,238 MAP = 0.08587529915962062
2019-01-18 15:03:44,238 scale=[array([1.])]
2019-01-18 15:03:44,239 *** End Major Checkpoint

2019-01-18 15:03:44,239 final loss=0.39153339659232655
2019-01-18 15:03:44,239 best loss=0.39153339659232655, distortion=0.5923055943121266, map=0.08587529915962062, wc_dist=16.588682494360718
2019-01-18 15:03:44,239 	 Computing Major Stats lazily... 
2019-01-18 15:03:44,242 		 Completed edges=812 good=812 bad=0
2019-01-18 15:03:44,246 Distortion avg=0.592305594312127 wc=16.588682494360718 me=1.7349041191946515 mc=9.561728691993217 nan_elements=0
2019-01-18 15:03:44,246 MAP = 0.08587529915962062
2019-01-18 15:03:44,246 scale=[array([1.])]
