2019-01-18 15:10:13,985 Commandline ['pytorch/pytorch_hyperbolic.py', 'learn', 'data/edges/parsing/ewt/ewt_dev/893.edges', '--dim', '0', '--hyp', '0', '--edim', '10', '--euc', '1', '--sdim', '0', '--sph', '0', '--log-name', 'ewt_devr2/893.edges.E10-1.lr1.log', '--batch-size', '65536', '--epochs', '50', '--checkpoint-freq', '10', '-g', '--subsample', '1024', '--learning-rate', '1']
2019-01-18 15:10:13,985 No Model Save selected!
2019-01-18 15:10:13,987 Loaded Graph data/edges/parsing/ewt/ewt_dev/893.edges with 13 nodes scale=1.0
2019-01-18 15:10:13,987 Building dataset
2019-01-18 15:10:13,988 Subsample: 13 points with scale 1.0 subsample=12
2019-01-18 15:10:14,000 Built Data Sampler
2019-01-18 15:10:14,000 Creating a fresh model warm_start?=None
2019-01-18 15:10:14,000 	 Warmstarting? None None 13
2019-01-18 15:10:14,001 Embedding() torch.Size([13, 10])
2019-01-18 15:10:14,001 relative No Rescale
2019-01-18 15:10:14,001 Constructed model with dim=0 and epochs=0 isnan=False
2019-01-18 15:10:14,001 SGD (
Parameter Group 0
    dampening: 0
    initial_lr: 0.1
    lr: 1.0
    momentum: 0.0
    nesterov: False
    weight_decay: 0

Parameter Group 1
    dampening: 0
    initial_lr: 0.1
    lr: 1.0
    momentum: 0.0
    nesterov: False
    weight_decay: 0

Parameter Group 2
    dampening: 0
    initial_lr: 0.1
    lr: 1.0
    momentum: 0.0
    nesterov: False
    weight_decay: 0

Parameter Group 3
    dampening: 0
    initial_lr: 0.0001
    lr: 0.001
    momentum: 0.0
    nesterov: False
    weight_decay: 0
)
2019-01-18 15:10:14,001 *** Initial Checkpoint. Computing Stats
2019-01-18 15:10:14,001 	 Computing Major Stats lazily... 
2019-01-18 15:10:14,002 		 Completed edges=156 good=156 bad=0
2019-01-18 15:10:14,005 Distortion avg=0.9981270562765556 wc=13.27752426096676 me=0.005982886981094694 mc=2219.2503891386164 nan_elements=0
2019-01-18 15:10:14,005 MAP = 0.26732545232545235
2019-01-18 15:10:14,005 scale=[array([1.])]
2019-01-18 15:10:14,005 *** End Initial Checkpoint

2019-01-18 15:10:14,065 1 loss=0.9962592846505516
2019-01-18 15:10:14,065 2 loss=0.8745395777509208
2019-01-18 15:10:14,066 3 loss=0.7740687294904701
2019-01-18 15:10:14,067 4 loss=0.6943314399988982
2019-01-18 15:10:14,068 5 loss=0.6309100710605947
2019-01-18 15:10:14,069 6 loss=0.5800614366173151
2019-01-18 15:10:14,069 7 loss=0.538875684147554
2019-01-18 15:10:14,070 8 loss=0.5051366812467877
2019-01-18 15:10:14,071 9 loss=0.4771661562173413
2019-01-18 15:10:14,071 10 loss=0.4536935485520273
2019-01-18 15:10:14,071 
*** Major Checkpoint. Computing Stats and Saving
2019-01-18 15:10:14,071 	 Computing Major Stats lazily... 
2019-01-18 15:10:14,072 		 Completed edges=156 good=156 bad=0
2019-01-18 15:10:14,075 Distortion avg=0.6050561059189581 wc=13.39210076006782 me=1.2118527484911628 mc=11.050930714760415 nan_elements=0
2019-01-18 15:10:14,075 MAP = 0.15678488178488179
2019-01-18 15:10:14,075 scale=[array([1.])]
2019-01-18 15:10:14,076 *** End Major Checkpoint

2019-01-18 15:10:14,076 11 loss=0.43375484072353787
2019-01-18 15:10:14,077 12 loss=0.4166159451447072
2019-01-18 15:10:14,078 13 loss=0.40171530627306545
2019-01-18 15:10:14,078 14 loss=0.3886210769690286
2019-01-18 15:10:14,079 15 loss=0.3769991972293874
2019-01-18 15:10:14,080 16 loss=0.3665895791240604
2019-01-18 15:10:14,081 17 loss=0.35718830611799457
2019-01-18 15:10:14,081 18 loss=0.34863429502576343
2019-01-18 15:10:14,082 19 loss=0.34079927358799506
2019-01-18 15:10:14,083 20 loss=0.33358022653510605
2019-01-18 15:10:14,083 
*** Major Checkpoint. Computing Stats and Saving
2019-01-18 15:10:14,083 	 Computing Major Stats lazily... 
2019-01-18 15:10:14,084 		 Completed edges=156 good=156 bad=0
2019-01-18 15:10:14,086 Distortion avg=0.5303949896064534 wc=10.6704230042046 me=1.4870555729675021 mc=7.175537483721054 nan_elements=0
2019-01-18 15:10:14,086 MAP = 0.22910228660228663
2019-01-18 15:10:14,087 scale=[array([1.])]
2019-01-18 15:10:14,087 *** End Major Checkpoint

2019-01-18 15:10:14,087 21 loss=0.3268936839781602
2019-01-18 15:10:14,088 22 loss=0.32067138847415233
2019-01-18 15:10:14,089 23 loss=0.31485699663476
2019-01-18 15:10:14,090 24 loss=0.3094035591775383
2019-01-18 15:10:14,090 25 loss=0.30427158829795414
2019-01-18 15:10:14,091 26 loss=0.2994275693348735
2019-01-18 15:10:14,092 27 loss=0.2948428094041709
2019-01-18 15:10:14,092 28 loss=0.2904925422591259
2019-01-18 15:10:14,093 29 loss=0.28635522849118444
2019-01-18 15:10:14,094 30 loss=0.2824120050574451
2019-01-18 15:10:14,094 
*** Major Checkpoint. Computing Stats and Saving
2019-01-18 15:10:14,094 	 Computing Major Stats lazily... 
2019-01-18 15:10:14,095 		 Completed edges=156 good=156 bad=0
2019-01-18 15:10:14,098 Distortion avg=0.47561754602228007 wc=8.884621409451464 me=1.521443313738439 mc=5.839600679975695 nan_elements=0
2019-01-18 15:10:14,098 MAP = 0.36205128205128206
2019-01-18 15:10:14,098 scale=[array([1.])]
2019-01-18 15:10:14,098 *** End Major Checkpoint

2019-01-18 15:10:14,099 31 loss=0.278646249292955
2019-01-18 15:10:14,100 32 loss=0.27504323097890887
2019-01-18 15:10:14,100 33 loss=0.27158983238768114
2019-01-18 15:10:14,101 34 loss=0.2682743210275113
2019-01-18 15:10:14,102 35 loss=0.2650861634466045
2019-01-18 15:10:14,102 36 loss=0.2620158712142259
2019-01-18 15:10:14,103 37 loss=0.25905487228913865
2019-01-18 15:10:14,104 38 loss=0.25619540257440243
2019-01-18 15:10:14,104 39 loss=0.25343041366357827
2019-01-18 15:10:14,105 40 loss=0.2507534936987001
2019-01-18 15:10:14,105 
*** Major Checkpoint. Computing Stats and Saving
2019-01-18 15:10:14,105 	 Computing Major Stats lazily... 
2019-01-18 15:10:14,106 		 Completed edges=156 good=156 bad=0
2019-01-18 15:10:14,109 Distortion avg=0.43860391705051444 wc=8.303509027123022 me=1.5256862716898743 mc=5.442474761161693 nan_elements=0
2019-01-18 15:10:14,109 MAP = 0.6011172161172161
2019-01-18 15:10:14,109 scale=[array([1.])]
2019-01-18 15:10:14,109 *** End Major Checkpoint

2019-01-18 15:10:14,110 41 loss=0.24815879895481957
2019-01-18 15:10:14,111 42 loss=0.2456409942926397
2019-01-18 15:10:14,111 43 loss=0.2431952010202614
2019-01-18 15:10:14,112 44 loss=0.24081695100829803
2019-01-18 15:10:14,113 45 loss=0.23850214613316495
2019-01-18 15:10:14,113 46 loss=0.23624702229919514
2019-01-18 15:10:14,114 47 loss=0.2340481174250513
2019-01-18 15:10:14,115 48 loss=0.23190224288402314
2019-01-18 15:10:14,115 49 loss=0.2298064579690471
2019-01-18 15:10:14,116 50 loss=0.22775804701746954
2019-01-18 15:10:14,116 
*** Major Checkpoint. Computing Stats and Saving
2019-01-18 15:10:14,116 	 Computing Major Stats lazily... 
2019-01-18 15:10:14,117 		 Completed edges=156 good=156 bad=0
2019-01-18 15:10:14,120 Distortion avg=0.410704362553054 wc=8.346193499977847 me=1.5204232595517264 mc=5.489388199992806 nan_elements=0
2019-01-18 15:10:14,120 MAP = 0.77007326007326
2019-01-18 15:10:14,120 scale=[array([1.])]
2019-01-18 15:10:14,121 *** End Major Checkpoint

2019-01-18 15:10:14,121 final loss=0.22775804701746954
2019-01-18 15:10:14,121 best loss=0.22775804701746954, distortion=0.410704362553054, map=0.77007326007326, wc_dist=8.303509027123022
2019-01-18 15:10:14,121 	 Computing Major Stats lazily... 
2019-01-18 15:10:14,122 		 Completed edges=156 good=156 bad=0
2019-01-18 15:10:14,125 Distortion avg=0.4107043625530539 wc=8.346193499977847 me=1.5204232595517264 mc=5.489388199992806 nan_elements=0
2019-01-18 15:10:14,125 MAP = 0.77007326007326
2019-01-18 15:10:14,125 scale=[array([1.])]
