2019-01-18 14:51:44,047 Commandline ['pytorch/pytorch_hyperbolic.py', 'learn', 'data/edges/parsing/ewt/ewt_dev/894.edges', '--dim', '0', '--hyp', '0', '--edim', '10', '--euc', '1', '--sdim', '0', '--sph', '0', '--log-name', 'ewt_devr2/894.edges.E10-1.lr1.log', '--batch-size', '65536', '--epochs', '50', '--checkpoint-freq', '10', '-g', '--subsample', '1024', '--learning-rate', '1']
2019-01-18 14:51:44,047 No Model Save selected!
2019-01-18 14:51:44,048 Loaded Graph data/edges/parsing/ewt/ewt_dev/894.edges with 11 nodes scale=1.0
2019-01-18 14:51:44,048 Building dataset
2019-01-18 14:51:44,049 Subsample: 11 points with scale 1.0 subsample=10
2019-01-18 14:51:44,058 Built Data Sampler
2019-01-18 14:51:44,058 Creating a fresh model warm_start?=None
2019-01-18 14:51:44,058 	 Warmstarting? None None 11
2019-01-18 14:51:44,058 Embedding() torch.Size([11, 10])
2019-01-18 14:51:44,059 relative No Rescale
2019-01-18 14:51:44,059 Constructed model with dim=0 and epochs=0 isnan=False
2019-01-18 14:51:44,059 SGD (
Parameter Group 0
    dampening: 0
    initial_lr: 0.1
    lr: 1.0
    momentum: 0.0
    nesterov: False
    weight_decay: 0

Parameter Group 1
    dampening: 0
    initial_lr: 0.1
    lr: 1.0
    momentum: 0.0
    nesterov: False
    weight_decay: 0

Parameter Group 2
    dampening: 0
    initial_lr: 0.1
    lr: 1.0
    momentum: 0.0
    nesterov: False
    weight_decay: 0

Parameter Group 3
    dampening: 0
    initial_lr: 0.0001
    lr: 0.001
    momentum: 0.0
    nesterov: False
    weight_decay: 0
)
2019-01-18 14:51:44,059 *** Initial Checkpoint. Computing Stats
2019-01-18 14:51:44,059 	 Computing Major Stats lazily... 
2019-01-18 14:51:44,060 		 Completed edges=110 good=110 bad=0
2019-01-18 14:51:44,062 Distortion avg=0.997763594568597 wc=5.716855157920024 me=0.005628252251848828 mc=1015.7425257622544 nan_elements=0
2019-01-18 14:51:44,062 MAP = 0.39740259740259737
2019-01-18 14:51:44,062 scale=[array([1.])]
2019-01-18 14:51:44,063 *** End Initial Checkpoint

2019-01-18 14:51:44,121 1 loss=0.995533523999963
2019-01-18 14:51:44,122 2 loss=0.7931434907442884
2019-01-18 14:51:44,123 3 loss=0.648384342479521
2019-01-18 14:51:44,123 4 loss=0.5475468210481921
2019-01-18 14:51:44,124 5 loss=0.47450650941947403
2019-01-18 14:51:44,124 6 loss=0.4192802270643282
2019-01-18 14:51:44,125 7 loss=0.3758718846464809
2019-01-18 14:51:44,125 8 loss=0.34063993356489664
2019-01-18 14:51:44,126 9 loss=0.3113160650055593
2019-01-18 14:51:44,126 10 loss=0.28643924310519403
2019-01-18 14:51:44,126 
*** Major Checkpoint. Computing Stats and Saving
2019-01-18 14:51:44,126 	 Computing Major Stats lazily... 
2019-01-18 14:51:44,127 		 Completed edges=110 good=110 bad=0
2019-01-18 14:51:44,129 Distortion avg=0.47516023926170253 wc=6.577323585514537 me=1.3345454611086578 mc=4.928512199240109 nan_elements=0
2019-01-18 14:51:44,129 MAP = 0.30163540163540165
2019-01-18 14:51:44,129 scale=[array([1.])]
2019-01-18 14:51:44,129 *** End Major Checkpoint

2019-01-18 14:51:44,130 11 loss=0.2650313160492443
2019-01-18 14:51:44,130 12 loss=0.24640989812004044
2019-01-18 14:51:44,131 13 loss=0.23007903877764616
2019-01-18 14:51:44,131 14 loss=0.215664249097098
2019-01-18 14:51:44,132 15 loss=0.20287310571195225
2019-01-18 14:51:44,132 16 loss=0.1914708100217869
2019-01-18 14:51:44,133 17 loss=0.18126462805623392
2019-01-18 14:51:44,133 18 loss=0.17209369033582375
2019-01-18 14:51:44,134 19 loss=0.16382208179265526
2019-01-18 14:51:44,135 20 loss=0.15633398743595797
2019-01-18 14:51:44,135 
*** Major Checkpoint. Computing Stats and Saving
2019-01-18 14:51:44,136 	 Computing Major Stats lazily... 
2019-01-18 14:51:44,137 		 Completed edges=110 good=110 bad=0
2019-01-18 14:51:44,139 Distortion avg=0.3480134154577854 wc=4.692881346498952 me=1.471174232312069 mc=3.189888215431636 nan_elements=0
2019-01-18 14:51:44,139 MAP = 0.6286075036075037
2019-01-18 14:51:44,139 scale=[array([1.])]
2019-01-18 14:51:44,139 *** End Major Checkpoint

2019-01-18 14:51:44,140 21 loss=0.1495301481456111
2019-01-18 14:51:44,140 22 loss=0.14332517114484938
2019-01-18 14:51:44,141 23 loss=0.13764541435783484
2019-01-18 14:51:44,141 24 loss=0.13242727010566493
2019-01-18 14:51:44,142 25 loss=0.12761573863304246
2019-01-18 14:51:44,142 26 loss=0.12316322180662677
2019-01-18 14:51:44,143 27 loss=0.11902849162686618
2019-01-18 14:51:44,143 28 loss=0.115175802875197
2019-01-18 14:51:44,144 29 loss=0.11157412798608891
2019-01-18 14:51:44,144 30 loss=0.10819649743222497
2019-01-18 14:51:44,144 
*** Major Checkpoint. Computing Stats and Saving
2019-01-18 14:51:44,144 	 Computing Major Stats lazily... 
2019-01-18 14:51:44,145 		 Completed edges=110 good=110 bad=0
2019-01-18 14:51:44,147 Distortion avg=0.27883445444313 wc=3.9825592314026124 me=1.504686543502961 mc=2.6467700190440198 nan_elements=0
2019-01-18 14:51:44,147 MAP = 0.9372294372294373
2019-01-18 14:51:44,147 scale=[array([1.])]
2019-01-18 14:51:44,147 *** End Major Checkpoint

2019-01-18 14:51:44,148 31 loss=0.10501943202166904
2019-01-18 14:51:44,148 32 loss=0.10202245545029862
2019-01-18 14:51:44,149 33 loss=0.09918767678791814
2019-01-18 14:51:44,149 34 loss=0.09649943362132285
2019-01-18 14:51:44,150 35 loss=0.09394398749976315
2019-01-18 14:51:44,150 36 loss=0.09150926420302855
2019-01-18 14:51:44,151 37 loss=0.08918463220262275
2019-01-18 14:51:44,151 38 loss=0.08696071350877548
2019-01-18 14:51:44,152 39 loss=0.08482922187668526
2019-01-18 14:51:44,152 40 loss=0.08278282406965289
2019-01-18 14:51:44,152 
*** Major Checkpoint. Computing Stats and Saving
2019-01-18 14:51:44,153 	 Computing Major Stats lazily... 
2019-01-18 14:51:44,153 		 Completed edges=110 good=110 bad=0
2019-01-18 14:51:44,155 Distortion avg=0.24046510076122296 wc=3.39181386476065 me=1.4555583274932116 mc=2.330249362526126 nan_elements=0
2019-01-18 14:51:44,155 MAP = 0.9848484848484848
2019-01-18 14:51:44,155 scale=[array([1.])]
2019-01-18 14:51:44,155 *** End Major Checkpoint

2019-01-18 14:51:44,156 41 loss=0.0808150205332918
2019-01-18 14:51:44,156 42 loss=0.07892004241737319
2019-01-18 14:51:44,157 43 loss=0.0770927623885156
2019-01-18 14:51:44,157 44 loss=0.07532861711026903
2019-01-18 14:51:44,158 45 loss=0.07362353963238265
2019-01-18 14:51:44,158 46 loss=0.07197390023510984
2019-01-18 14:51:44,159 47 loss=0.0703764545249782
2019-01-18 14:51:44,159 48 loss=0.06882829778331041
2019-01-18 14:51:44,160 49 loss=0.06732682473529607
2019-01-18 14:51:44,161 50 loss=0.06586969404227892
2019-01-18 14:51:44,161 
*** Major Checkpoint. Computing Stats and Saving
2019-01-18 14:51:44,161 	 Computing Major Stats lazily... 
2019-01-18 14:51:44,162 		 Completed edges=110 good=110 bad=0
2019-01-18 14:51:44,163 Distortion avg=0.21179010207847127 wc=2.9512538377086153 me=1.390406968280429 mc=2.122582743783676 nan_elements=0
2019-01-18 14:51:44,164 MAP = 1.0
2019-01-18 14:51:44,164 scale=[array([1.])]
2019-01-18 14:51:44,164 *** End Major Checkpoint

2019-01-18 14:51:44,164 final loss=0.06586969404227892
2019-01-18 14:51:44,164 best loss=0.06586969404227892, distortion=0.21179010207847127, map=1.0, wc_dist=2.9512538377086153
2019-01-18 14:51:44,164 	 Computing Major Stats lazily... 
2019-01-18 14:51:44,165 		 Completed edges=110 good=110 bad=0
2019-01-18 14:51:44,167 Distortion avg=0.21179010207847132 wc=2.9512538377086153 me=1.390406968280429 mc=2.122582743783676 nan_elements=0
2019-01-18 14:51:44,167 MAP = 1.0
2019-01-18 14:51:44,167 scale=[array([1.])]
