2019-01-18 14:41:08,324 Commandline ['pytorch/pytorch_hyperbolic.py', 'learn', 'data/edges/parsing/ewt/ewt_dev/896.edges', '--dim', '0', '--hyp', '0', '--edim', '10', '--euc', '1', '--sdim', '0', '--sph', '0', '--log-name', 'ewt_devr2/896.edges.E10-1.lr1.log', '--batch-size', '65536', '--epochs', '50', '-g', '--subsample', '1024', '--learning-rate', '1']
2019-01-18 14:41:08,324 No Model Save selected!
2019-01-18 14:41:08,326 Loaded Graph data/edges/parsing/ewt/ewt_dev/896.edges with 30 nodes scale=1.0
2019-01-18 14:41:08,326 Building dataset
2019-01-18 14:41:08,326 Subsample: 30 points with scale 1.0 subsample=29
2019-01-18 14:41:08,365 Built Data Sampler
2019-01-18 14:41:08,366 Creating a fresh model warm_start?=None
2019-01-18 14:41:08,366 	 Warmstarting? None None 30
2019-01-18 14:41:08,366 Embedding() torch.Size([30, 10])
2019-01-18 14:41:08,366 relative No Rescale
2019-01-18 14:41:08,367 Constructed model with dim=0 and epochs=0 isnan=False
2019-01-18 14:41:08,367 SGD (
Parameter Group 0
    dampening: 0
    initial_lr: 0.1
    lr: 1.0
    momentum: 0.0
    nesterov: False
    weight_decay: 0

Parameter Group 1
    dampening: 0
    initial_lr: 0.1
    lr: 1.0
    momentum: 0.0
    nesterov: False
    weight_decay: 0

Parameter Group 2
    dampening: 0
    initial_lr: 0.1
    lr: 1.0
    momentum: 0.0
    nesterov: False
    weight_decay: 0

Parameter Group 3
    dampening: 0
    initial_lr: 0.0001
    lr: 0.001
    momentum: 0.0
    nesterov: False
    weight_decay: 0
)
2019-01-18 14:41:08,367 *** Initial Checkpoint. Computing Stats
2019-01-18 14:41:08,367 	 Computing Major Stats lazily... 
2019-01-18 14:41:08,371 		 Completed edges=870 good=870 bad=0
2019-01-18 14:41:08,375 Distortion avg=0.9985919718255916 wc=28.32442179643951 me=0.007048654353541345 mc=4018.4154841142 nan_elements=0
2019-01-18 14:41:08,375 MAP = 0.12497533198304135
2019-01-18 14:41:08,376 scale=[array([1.])]
2019-01-18 14:41:08,376 *** End Initial Checkpoint

2019-01-18 14:41:08,434 1 loss=0.9971869891127776
2019-01-18 14:41:08,435 2 loss=0.9670174198905478
2019-01-18 14:41:08,436 3 loss=0.937703192122696
2019-01-18 14:41:08,437 4 loss=0.9098860910079318
2019-01-18 14:41:08,438 5 loss=0.8835757808638404
2019-01-18 14:41:08,439 6 loss=0.8587114004687102
2019-01-18 14:41:08,440 7 loss=0.8352154778559792
2019-01-18 14:41:08,441 8 loss=0.8130072237629423
2019-01-18 14:41:08,443 9 loss=0.7920071613653294
2019-01-18 14:41:08,444 10 loss=0.7721389960094198
2019-01-18 14:41:08,445 11 loss=0.7533303875415402
2019-01-18 14:41:08,446 12 loss=0.7355132229469218
2019-01-18 14:41:08,447 13 loss=0.7186236416919863
2019-01-18 14:41:08,448 14 loss=0.7026019331212413
2019-01-18 14:41:08,449 15 loss=0.687392367177476
2019-01-18 14:41:08,450 16 loss=0.6729429918354464
2019-01-18 14:41:08,451 17 loss=0.6592054162311037
2019-01-18 14:41:08,453 18 loss=0.6461345905725403
2019-01-18 14:41:08,454 19 loss=0.6336885893849085
2019-01-18 14:41:08,455 20 loss=0.6218284019399893
2019-01-18 14:41:08,456 21 loss=0.610517732064536
2019-01-18 14:41:08,457 22 loss=0.5997228084840812
2019-01-18 14:41:08,458 23 loss=0.5894122062002226
2019-01-18 14:41:08,459 24 loss=0.5795566789787019
2019-01-18 14:41:08,460 25 loss=0.5701290027578053
2019-01-18 14:41:08,461 26 loss=0.561103829618815
2019-01-18 14:41:08,462 27 loss=0.552457551858723
2019-01-18 14:41:08,464 28 loss=0.5441681756483076
2019-01-18 14:41:08,465 29 loss=0.5362152037313817
2019-01-18 14:41:08,466 30 loss=0.5285795266138386
2019-01-18 14:41:08,467 31 loss=0.5212433216973436
2019-01-18 14:41:08,468 32 loss=0.5141899598275874
2019-01-18 14:41:08,469 33 loss=0.5074039187477292
2019-01-18 14:41:08,470 34 loss=0.5008707029718009
2019-01-18 14:41:08,471 35 loss=0.49457676961886377
2019-01-18 14:41:08,472 36 loss=0.4885094597755162
2019-01-18 14:41:08,474 37 loss=0.4826569349812016
2019-01-18 14:41:08,475 38 loss=0.4770081184571328
2019-01-18 14:41:08,476 39 loss=0.4715526407251977
2019-01-18 14:41:08,477 40 loss=0.46628078928769623
2019-01-18 14:41:08,478 41 loss=0.46118346206207683
2019-01-18 14:41:08,479 42 loss=0.45625212428686907
2019-01-18 14:41:08,481 43 loss=0.4514787686357698
2019-01-18 14:41:08,482 44 loss=0.4468558782962923
2019-01-18 14:41:08,483 45 loss=0.44237639278757945
2019-01-18 14:41:08,484 46 loss=0.43803367630895435
2019-01-18 14:41:08,485 47 loss=0.43382148842656304
2019-01-18 14:41:08,486 48 loss=0.4297339569201413
2019-01-18 14:41:08,487 49 loss=0.4257655526255396
2019-01-18 14:41:08,488 50 loss=0.4219110661212588
2019-01-18 14:41:08,488 final loss=0.4219110661212588
2019-01-18 14:41:08,488 best loss=10000000000.0, distortion=10000000000.0, map=0.0, wc_dist=10000000000.0
2019-01-18 14:41:08,488 	 Computing Major Stats lazily... 
2019-01-18 14:41:08,492 		 Completed edges=870 good=870 bad=0
2019-01-18 14:41:08,496 Distortion avg=0.6167470397497707 wc=23.245995585710535 me=1.7287423210353878 mc=13.44676722658581 nan_elements=0
2019-01-18 14:41:08,496 MAP = 0.08211615479776534
2019-01-18 14:41:08,496 scale=[array([1.])]
2019-01-18 15:03:03,597 Commandline ['pytorch/pytorch_hyperbolic.py', 'learn', 'data/edges/parsing/ewt/ewt_dev/896.edges', '--dim', '0', '--hyp', '0', '--edim', '10', '--euc', '1', '--sdim', '0', '--sph', '0', '--log-name', 'ewt_devr2/896.edges.E10-1.lr1.log', '--batch-size', '65536', '--epochs', '50', '--checkpoint-freq', '10', '-g', '--subsample', '1024', '--learning-rate', '1']
2019-01-18 15:03:03,598 No Model Save selected!
2019-01-18 15:03:03,599 Loaded Graph data/edges/parsing/ewt/ewt_dev/896.edges with 30 nodes scale=1.0
2019-01-18 15:03:03,599 Building dataset
2019-01-18 15:03:03,600 Subsample: 30 points with scale 1.0 subsample=29
2019-01-18 15:03:03,641 Built Data Sampler
2019-01-18 15:03:03,641 Creating a fresh model warm_start?=None
2019-01-18 15:03:03,641 	 Warmstarting? None None 30
2019-01-18 15:03:03,641 Embedding() torch.Size([30, 10])
2019-01-18 15:03:03,642 relative No Rescale
2019-01-18 15:03:03,642 Constructed model with dim=0 and epochs=0 isnan=False
2019-01-18 15:03:03,642 SGD (
Parameter Group 0
    dampening: 0
    initial_lr: 0.1
    lr: 1.0
    momentum: 0.0
    nesterov: False
    weight_decay: 0

Parameter Group 1
    dampening: 0
    initial_lr: 0.1
    lr: 1.0
    momentum: 0.0
    nesterov: False
    weight_decay: 0

Parameter Group 2
    dampening: 0
    initial_lr: 0.1
    lr: 1.0
    momentum: 0.0
    nesterov: False
    weight_decay: 0

Parameter Group 3
    dampening: 0
    initial_lr: 0.0001
    lr: 0.001
    momentum: 0.0
    nesterov: False
    weight_decay: 0
)
2019-01-18 15:03:03,642 *** Initial Checkpoint. Computing Stats
2019-01-18 15:03:03,642 	 Computing Major Stats lazily... 
2019-01-18 15:03:03,646 		 Completed edges=870 good=870 bad=0
2019-01-18 15:03:03,651 Distortion avg=0.9985919718255916 wc=28.32442179643951 me=0.007048654353541345 mc=4018.4154841142 nan_elements=0
2019-01-18 15:03:03,651 MAP = 0.12497533198304135
2019-01-18 15:03:03,651 scale=[array([1.])]
2019-01-18 15:03:03,651 *** End Initial Checkpoint

2019-01-18 15:03:03,714 1 loss=0.9971869891127776
2019-01-18 15:03:03,716 2 loss=0.9670174198905478
2019-01-18 15:03:03,717 3 loss=0.937703192122696
2019-01-18 15:03:03,718 4 loss=0.9098860910079318
2019-01-18 15:03:03,719 5 loss=0.8835757808638404
2019-01-18 15:03:03,720 6 loss=0.8587114004687102
2019-01-18 15:03:03,721 7 loss=0.8352154778559792
2019-01-18 15:03:03,722 8 loss=0.8130072237629423
2019-01-18 15:03:03,723 9 loss=0.7920071613653294
2019-01-18 15:03:03,724 10 loss=0.7721389960094198
2019-01-18 15:03:03,724 
*** Major Checkpoint. Computing Stats and Saving
2019-01-18 15:03:03,724 	 Computing Major Stats lazily... 
2019-01-18 15:03:03,728 		 Completed edges=870 good=870 bad=0
2019-01-18 15:03:03,732 Distortion avg=0.8591925176129159 wc=38.613652692216334 me=0.7056727160212638 mc=54.718925382192054 nan_elements=0
2019-01-18 15:03:03,732 MAP = 0.06820833519826566
2019-01-18 15:03:03,733 scale=[array([1.])]
2019-01-18 15:03:03,733 *** End Major Checkpoint

2019-01-18 15:03:03,734 11 loss=0.7533303875415401
2019-01-18 15:03:03,735 12 loss=0.7355132229469217
2019-01-18 15:03:03,736 13 loss=0.718623641691986
2019-01-18 15:03:03,737 14 loss=0.7026019331212414
2019-01-18 15:03:03,738 15 loss=0.687392367177476
2019-01-18 15:03:03,739 16 loss=0.6729429918354466
2019-01-18 15:03:03,740 17 loss=0.6592054162311036
2019-01-18 15:03:03,741 18 loss=0.6461345905725403
2019-01-18 15:03:03,742 19 loss=0.6336885893849084
2019-01-18 15:03:03,743 20 loss=0.6218284019399895
2019-01-18 15:03:03,743 
*** Major Checkpoint. Computing Stats and Saving
2019-01-18 15:03:03,744 	 Computing Major Stats lazily... 
2019-01-18 15:03:03,747 		 Completed edges=870 good=870 bad=0
2019-01-18 15:03:03,752 Distortion avg=0.7550786142933634 wc=33.444526105182376 me=1.1417034176148808 mc=29.293532443873158 nan_elements=0
2019-01-18 15:03:03,752 MAP = 0.06779147337122081
2019-01-18 15:03:03,752 scale=[array([1.])]
2019-01-18 15:03:03,752 *** End Major Checkpoint

2019-01-18 15:03:03,753 21 loss=0.6105177320645359
2019-01-18 15:03:03,754 22 loss=0.599722808484081
2019-01-18 15:03:03,755 23 loss=0.5894122062002229
2019-01-18 15:03:03,756 24 loss=0.5795566789787019
2019-01-18 15:03:03,757 25 loss=0.5701290027578055
2019-01-18 15:03:03,758 26 loss=0.561103829618815
2019-01-18 15:03:03,759 27 loss=0.552457551858723
2019-01-18 15:03:03,760 28 loss=0.5441681756483076
2019-01-18 15:03:03,762 29 loss=0.5362152037313815
2019-01-18 15:03:03,763 30 loss=0.5285795266138384
2019-01-18 15:03:03,763 
*** Major Checkpoint. Computing Stats and Saving
2019-01-18 15:03:03,763 	 Computing Major Stats lazily... 
2019-01-18 15:03:03,767 		 Completed edges=870 good=870 bad=0
2019-01-18 15:03:03,772 Distortion avg=0.6942241777374215 wc=28.633262871128384 me=1.392105056310651 mc=20.568320430508383 nan_elements=0
2019-01-18 15:03:03,772 MAP = 0.07069567063986008
2019-01-18 15:03:03,772 scale=[array([1.])]
2019-01-18 15:03:03,772 *** End Major Checkpoint

2019-01-18 15:03:03,773 31 loss=0.5212433216973436
2019-01-18 15:03:03,774 32 loss=0.5141899598275873
2019-01-18 15:03:03,775 33 loss=0.5074039187477292
2019-01-18 15:03:03,776 34 loss=0.5008707029718008
2019-01-18 15:03:03,777 35 loss=0.4945767696188638
2019-01-18 15:03:03,778 36 loss=0.4885094597755163
2019-01-18 15:03:03,779 37 loss=0.4826569349812015
2019-01-18 15:03:03,780 38 loss=0.4770081184571329
2019-01-18 15:03:03,781 39 loss=0.4715526407251977
2019-01-18 15:03:03,782 40 loss=0.4662807892876964
2019-01-18 15:03:03,782 
*** Major Checkpoint. Computing Stats and Saving
2019-01-18 15:03:03,783 	 Computing Major Stats lazily... 
2019-01-18 15:03:03,786 		 Completed edges=870 good=870 bad=0
2019-01-18 15:03:03,790 Distortion avg=0.6517228543392926 wc=25.704801107904167 me=1.5928821968733184 mc=16.137289473358628 nan_elements=0
2019-01-18 15:03:03,790 MAP = 0.0746706375380215
2019-01-18 15:03:03,791 scale=[array([1.])]
2019-01-18 15:03:03,791 *** End Major Checkpoint

2019-01-18 15:03:03,792 41 loss=0.4611834620620767
2019-01-18 15:03:03,793 42 loss=0.4562521242868689
2019-01-18 15:03:03,794 43 loss=0.4514787686357698
2019-01-18 15:03:03,795 44 loss=0.44685587829629225
2019-01-18 15:03:03,796 45 loss=0.4423763927875795
2019-01-18 15:03:03,797 46 loss=0.43803367630895435
2019-01-18 15:03:03,798 47 loss=0.4338214884265632
2019-01-18 15:03:03,799 48 loss=0.42973395692014127
2019-01-18 15:03:03,800 49 loss=0.42576555262553967
2019-01-18 15:03:03,801 50 loss=0.42191106612125884
2019-01-18 15:03:03,801 
*** Major Checkpoint. Computing Stats and Saving
2019-01-18 15:03:03,802 	 Computing Major Stats lazily... 
2019-01-18 15:03:03,805 		 Completed edges=870 good=870 bad=0
2019-01-18 15:03:03,810 Distortion avg=0.6167470397497713 wc=23.24599558571054 me=1.7287423210353878 mc=13.446767226585811 nan_elements=0
2019-01-18 15:03:03,810 MAP = 0.08211615479776538
2019-01-18 15:03:03,810 scale=[array([1.])]
2019-01-18 15:03:03,810 *** End Major Checkpoint

2019-01-18 15:03:03,810 final loss=0.42191106612125884
2019-01-18 15:03:03,810 best loss=0.42191106612125884, distortion=0.6167470397497713, map=0.08211615479776538, wc_dist=23.24599558571054
2019-01-18 15:03:03,810 	 Computing Major Stats lazily... 
2019-01-18 15:03:03,813 		 Completed edges=870 good=870 bad=0
2019-01-18 15:03:03,818 Distortion avg=0.6167470397497717 wc=23.24599558571054 me=1.7287423210353878 mc=13.446767226585811 nan_elements=0
2019-01-18 15:03:03,818 MAP = 0.08211615479776536
2019-01-18 15:03:03,818 scale=[array([1.])]
