2019-01-18 14:42:41,702 Commandline ['pytorch/pytorch_hyperbolic.py', 'learn', 'data/edges/parsing/ewt/ewt_dev/9.edges', '--dim', '0', '--hyp', '0', '--edim', '10', '--euc', '1', '--sdim', '0', '--sph', '0', '--log-name', 'ewt_devr2/9.edges.E10-1.lr1.log', '--batch-size', '65536', '--epochs', '50', '-g', '--subsample', '1024', '--learning-rate', '1']
2019-01-18 14:42:41,702 No Model Save selected!
2019-01-18 14:42:41,703 Loaded Graph data/edges/parsing/ewt/ewt_dev/9.edges with 9 nodes scale=1.0
2019-01-18 14:42:41,704 Building dataset
2019-01-18 14:42:41,704 Subsample: 9 points with scale 1.0 subsample=8
2019-01-18 14:42:41,711 Built Data Sampler
2019-01-18 14:42:41,711 Creating a fresh model warm_start?=None
2019-01-18 14:42:41,711 	 Warmstarting? None None 9
2019-01-18 14:42:41,711 Embedding() torch.Size([9, 10])
2019-01-18 14:42:41,711 relative No Rescale
2019-01-18 14:42:41,712 Constructed model with dim=0 and epochs=0 isnan=False
2019-01-18 14:42:41,712 SGD (
Parameter Group 0
    dampening: 0
    initial_lr: 0.1
    lr: 1.0
    momentum: 0.0
    nesterov: False
    weight_decay: 0

Parameter Group 1
    dampening: 0
    initial_lr: 0.1
    lr: 1.0
    momentum: 0.0
    nesterov: False
    weight_decay: 0

Parameter Group 2
    dampening: 0
    initial_lr: 0.1
    lr: 1.0
    momentum: 0.0
    nesterov: False
    weight_decay: 0

Parameter Group 3
    dampening: 0
    initial_lr: 0.0001
    lr: 0.001
    momentum: 0.0
    nesterov: False
    weight_decay: 0
)
2019-01-18 14:42:41,712 *** Initial Checkpoint. Computing Stats
2019-01-18 14:42:41,712 	 Computing Major Stats lazily... 
2019-01-18 14:42:41,713 		 Completed edges=72 good=72 bad=0
2019-01-18 14:42:41,715 Distortion avg=0.9971928554574101 wc=4.07183912388702 me=0.005941110731069004 mc=685.3666440844742 nan_elements=0
2019-01-18 14:42:41,715 MAP = 0.3566137566137566
2019-01-18 14:42:41,715 scale=[array([1.])]
2019-01-18 14:42:41,715 *** End Initial Checkpoint

2019-01-18 14:42:41,772 1 loss=0.994394885201825
2019-01-18 14:42:41,773 2 loss=0.6555980841525769
2019-01-18 14:42:41,773 3 loss=0.4699070563399913
2019-01-18 14:42:41,774 4 loss=0.35923495456443066
2019-01-18 14:42:41,774 5 loss=0.2833746263473369
2019-01-18 14:42:41,775 6 loss=0.2273082207903379
2019-01-18 14:42:41,775 7 loss=0.184369620331342
2019-01-18 14:42:41,776 8 loss=0.15092023720190514
2019-01-18 14:42:41,776 9 loss=0.1246348607066938
2019-01-18 14:42:41,777 10 loss=0.10387926697433578
2019-01-18 14:42:41,777 11 loss=0.08744295764861279
2019-01-18 14:42:41,778 12 loss=0.07440277685059933
2019-01-18 14:42:41,778 13 loss=0.06404275562403233
2019-01-18 14:42:41,779 14 loss=0.05580203802778857
2019-01-18 14:42:41,779 15 loss=0.04923868307028185
2019-01-18 14:42:41,780 16 loss=0.04400331371370207
2019-01-18 14:42:41,780 17 loss=0.039819305876150644
2019-01-18 14:42:41,781 18 loss=0.036467552960904606
2019-01-18 14:42:41,781 19 loss=0.033774564358641325
2019-01-18 14:42:41,782 20 loss=0.03160307174739271
2019-01-18 14:42:41,782 21 loss=0.02984456799665078
2019-01-18 14:42:41,783 22 loss=0.028413361815661366
2019-01-18 14:42:41,783 23 loss=0.027241835384230605
2019-01-18 14:42:41,784 24 loss=0.026276663594067842
2019-01-18 14:42:41,784 25 loss=0.025475804633381758
2019-01-18 14:42:41,785 26 loss=0.024806109761298302
2019-01-18 14:42:41,785 27 loss=0.02424142956889351
2019-01-18 14:42:41,786 28 loss=0.023761117405636342
2019-01-18 14:42:41,786 29 loss=0.023348849552858937
2019-01-18 14:42:41,787 30 loss=0.02299169716070401
2019-01-18 14:42:41,787 31 loss=0.02267939761477051
2019-01-18 14:42:41,788 32 loss=0.022403783359355518
2019-01-18 14:42:41,788 33 loss=0.022158334661762043
2019-01-18 14:42:41,789 34 loss=0.021937829672919105
2019-01-18 14:42:41,789 35 loss=0.021738070690572105
2019-01-18 14:42:41,790 36 loss=0.021555669990659415
2019-01-18 14:42:41,790 37 loss=0.021387882155101606
2019-01-18 14:42:41,791 38 loss=0.02123247265560528
2019-01-18 14:42:41,791 39 loss=0.021087614692511678
2019-01-18 14:42:41,792 40 loss=0.020951808051250406
2019-01-18 14:42:41,792 41 loss=0.020823815122329056
2019-01-18 14:42:41,793 42 loss=0.020702610312245004
2019-01-18 14:42:41,793 43 loss=0.020587339915648303
2019-01-18 14:42:41,794 44 loss=0.020477290174492756
2019-01-18 14:42:41,794 45 loss=0.020371861758482743
2019-01-18 14:42:41,795 46 loss=0.020270549295148196
2019-01-18 14:42:41,795 47 loss=0.020172924882831875
2019-01-18 14:42:41,796 48 loss=0.020078624755747652
2019-01-18 14:42:41,796 49 loss=0.019987338452693484
2019-01-18 14:42:41,797 50 loss=0.019898799982140128
2019-01-18 14:42:41,797 final loss=0.019898799982140128
2019-01-18 14:42:41,797 best loss=10000000000.0, distortion=10000000000.0, map=0.0, wc_dist=10000000000.0
2019-01-18 14:42:41,797 	 Computing Major Stats lazily... 
2019-01-18 14:42:41,797 		 Completed edges=72 good=72 bad=0
2019-01-18 14:42:41,799 Distortion avg=0.12601012729955358 wc=1.5064219571214221 me=1.2154105902498764 mc=1.2394346151054325 nan_elements=0
2019-01-18 14:42:41,799 MAP = 1.0
2019-01-18 14:42:41,799 scale=[array([1.])]
2019-01-18 15:08:15,777 Commandline ['pytorch/pytorch_hyperbolic.py', 'learn', 'data/edges/parsing/ewt/ewt_dev/9.edges', '--dim', '0', '--hyp', '0', '--edim', '10', '--euc', '1', '--sdim', '0', '--sph', '0', '--log-name', 'ewt_devr2/9.edges.E10-1.lr1.log', '--batch-size', '65536', '--epochs', '50', '--checkpoint-freq', '10', '-g', '--subsample', '1024', '--learning-rate', '1']
2019-01-18 15:08:15,778 No Model Save selected!
2019-01-18 15:08:15,780 Loaded Graph data/edges/parsing/ewt/ewt_dev/9.edges with 9 nodes scale=1.0
2019-01-18 15:08:15,780 Building dataset
2019-01-18 15:08:15,780 Subsample: 9 points with scale 1.0 subsample=8
2019-01-18 15:08:15,788 Built Data Sampler
2019-01-18 15:08:15,788 Creating a fresh model warm_start?=None
2019-01-18 15:08:15,788 	 Warmstarting? None None 9
2019-01-18 15:08:15,788 Embedding() torch.Size([9, 10])
2019-01-18 15:08:15,788 relative No Rescale
2019-01-18 15:08:15,789 Constructed model with dim=0 and epochs=0 isnan=False
2019-01-18 15:08:15,789 SGD (
Parameter Group 0
    dampening: 0
    initial_lr: 0.1
    lr: 1.0
    momentum: 0.0
    nesterov: False
    weight_decay: 0

Parameter Group 1
    dampening: 0
    initial_lr: 0.1
    lr: 1.0
    momentum: 0.0
    nesterov: False
    weight_decay: 0

Parameter Group 2
    dampening: 0
    initial_lr: 0.1
    lr: 1.0
    momentum: 0.0
    nesterov: False
    weight_decay: 0

Parameter Group 3
    dampening: 0
    initial_lr: 0.0001
    lr: 0.001
    momentum: 0.0
    nesterov: False
    weight_decay: 0
)
2019-01-18 15:08:15,789 *** Initial Checkpoint. Computing Stats
2019-01-18 15:08:15,789 	 Computing Major Stats lazily... 
2019-01-18 15:08:15,790 		 Completed edges=72 good=72 bad=0
2019-01-18 15:08:15,791 Distortion avg=0.9971928554574101 wc=4.07183912388702 me=0.005941110731069004 mc=685.3666440844742 nan_elements=0
2019-01-18 15:08:15,791 MAP = 0.3566137566137566
2019-01-18 15:08:15,792 scale=[array([1.])]
2019-01-18 15:08:15,792 *** End Initial Checkpoint

2019-01-18 15:08:15,849 1 loss=0.994394885201825
2019-01-18 15:08:15,850 2 loss=0.6555980841525769
2019-01-18 15:08:15,851 3 loss=0.4699070563399913
2019-01-18 15:08:15,851 4 loss=0.35923495456443066
2019-01-18 15:08:15,852 5 loss=0.2833746263473369
2019-01-18 15:08:15,852 6 loss=0.2273082207903379
2019-01-18 15:08:15,853 7 loss=0.184369620331342
2019-01-18 15:08:15,854 8 loss=0.15092023720190514
2019-01-18 15:08:15,855 9 loss=0.1246348607066938
2019-01-18 15:08:15,855 10 loss=0.10387926697433578
2019-01-18 15:08:15,855 
*** Major Checkpoint. Computing Stats and Saving
2019-01-18 15:08:15,855 	 Computing Major Stats lazily... 
2019-01-18 15:08:15,856 		 Completed edges=72 good=72 bad=0
2019-01-18 15:08:15,858 Distortion avg=0.27242291929323353 wc=2.28356762821682 me=1.2854245306414411 mc=1.7765085182226097 nan_elements=0
2019-01-18 15:08:15,858 MAP = 0.7814814814814814
2019-01-18 15:08:15,858 scale=[array([1.])]
2019-01-18 15:08:15,858 *** End Major Checkpoint

2019-01-18 15:08:15,859 11 loss=0.08744295764861278
2019-01-18 15:08:15,859 12 loss=0.07440277685059932
2019-01-18 15:08:15,859 13 loss=0.06404275562403233
2019-01-18 15:08:15,860 14 loss=0.05580203802778857
2019-01-18 15:08:15,860 15 loss=0.04923868307028185
2019-01-18 15:08:15,861 16 loss=0.04400331371370207
2019-01-18 15:08:15,862 17 loss=0.03981930587615065
2019-01-18 15:08:15,862 18 loss=0.0364675529609046
2019-01-18 15:08:15,863 19 loss=0.03377456435864132
2019-01-18 15:08:15,863 20 loss=0.03160307174739271
2019-01-18 15:08:15,863 
*** Major Checkpoint. Computing Stats and Saving
2019-01-18 15:08:15,863 	 Computing Major Stats lazily... 
2019-01-18 15:08:15,864 		 Completed edges=72 good=72 bad=0
2019-01-18 15:08:15,866 Distortion avg=0.15492822987747115 wc=1.6922819883937668 me=1.2143047356191958 mc=1.3936221598698137 nan_elements=0
2019-01-18 15:08:15,866 MAP = 1.0
2019-01-18 15:08:15,866 scale=[array([1.])]
2019-01-18 15:08:15,866 *** End Major Checkpoint

2019-01-18 15:08:15,866 21 loss=0.02984456799665079
2019-01-18 15:08:15,867 22 loss=0.02841336181566136
2019-01-18 15:08:15,867 23 loss=0.0272418353842306
2019-01-18 15:08:15,868 24 loss=0.026276663594067842
2019-01-18 15:08:15,868 25 loss=0.025475804633381758
2019-01-18 15:08:15,869 26 loss=0.02480610976129829
2019-01-18 15:08:15,869 27 loss=0.024241429568893517
2019-01-18 15:08:15,870 28 loss=0.02376111740563634
2019-01-18 15:08:15,870 29 loss=0.02334884955285895
2019-01-18 15:08:15,871 30 loss=0.022991697160704015
2019-01-18 15:08:15,871 
*** Major Checkpoint. Computing Stats and Saving
2019-01-18 15:08:15,871 	 Computing Major Stats lazily... 
2019-01-18 15:08:15,871 		 Completed edges=72 good=72 bad=0
2019-01-18 15:08:15,873 Distortion avg=0.1358432564940219 wc=1.5737707741754807 me=1.2058947689901693 mc=1.3050647657202918 nan_elements=0
2019-01-18 15:08:15,873 MAP = 1.0
2019-01-18 15:08:15,873 scale=[array([1.])]
2019-01-18 15:08:15,873 *** End Major Checkpoint

2019-01-18 15:08:15,874 31 loss=0.022679397614770502
2019-01-18 15:08:15,874 32 loss=0.022403783359355518
2019-01-18 15:08:15,875 33 loss=0.022158334661762043
2019-01-18 15:08:15,875 34 loss=0.02193782967291909
2019-01-18 15:08:15,876 35 loss=0.021738070690572094
2019-01-18 15:08:15,876 36 loss=0.02155566999065941
2019-01-18 15:08:15,877 37 loss=0.02138788215510161
2019-01-18 15:08:15,877 38 loss=0.02123247265560528
2019-01-18 15:08:15,878 39 loss=0.021087614692511684
2019-01-18 15:08:15,878 40 loss=0.02095180805125041
2019-01-18 15:08:15,878 
*** Major Checkpoint. Computing Stats and Saving
2019-01-18 15:08:15,879 	 Computing Major Stats lazily... 
2019-01-18 15:08:15,879 		 Completed edges=72 good=72 bad=0
2019-01-18 15:08:15,881 Distortion avg=0.12959113133638747 wc=1.5377035098248275 me=1.2143651197295453 mc=1.2662612626483325 nan_elements=0
2019-01-18 15:08:15,881 MAP = 1.0
2019-01-18 15:08:15,881 scale=[array([1.])]
2019-01-18 15:08:15,882 *** End Major Checkpoint

2019-01-18 15:08:15,882 41 loss=0.020823815122329063
2019-01-18 15:08:15,883 42 loss=0.020702610312245004
2019-01-18 15:08:15,884 43 loss=0.020587339915648303
2019-01-18 15:08:15,884 44 loss=0.020477290174492752
2019-01-18 15:08:15,885 45 loss=0.02037186175848274
2019-01-18 15:08:15,885 46 loss=0.020270549295148196
2019-01-18 15:08:15,886 47 loss=0.020172924882831886
2019-01-18 15:08:15,886 48 loss=0.020078624755747655
2019-01-18 15:08:15,887 49 loss=0.019987338452693473
2019-01-18 15:08:15,887 50 loss=0.019898799982140128
2019-01-18 15:08:15,887 
*** Major Checkpoint. Computing Stats and Saving
2019-01-18 15:08:15,887 	 Computing Major Stats lazily... 
2019-01-18 15:08:15,888 		 Completed edges=72 good=72 bad=0
2019-01-18 15:08:15,889 Distortion avg=0.12601012729955358 wc=1.5064219571214226 me=1.2154105902498764 mc=1.239434615105433 nan_elements=0
2019-01-18 15:08:15,889 MAP = 1.0
2019-01-18 15:08:15,889 scale=[array([1.])]
2019-01-18 15:08:15,889 *** End Major Checkpoint

2019-01-18 15:08:15,890 final loss=0.019898799982140128
2019-01-18 15:08:15,890 best loss=0.019898799982140128, distortion=0.12601012729955358, map=1.0, wc_dist=1.5064219571214226
2019-01-18 15:08:15,890 	 Computing Major Stats lazily... 
2019-01-18 15:08:15,890 		 Completed edges=72 good=72 bad=0
2019-01-18 15:08:15,892 Distortion avg=0.12601012729955358 wc=1.5064219571214226 me=1.2154105902498764 mc=1.239434615105433 nan_elements=0
2019-01-18 15:08:15,892 MAP = 1.0
2019-01-18 15:08:15,892 scale=[array([1.])]
