2019-01-18 14:51:47,655 Commandline ['pytorch/pytorch_hyperbolic.py', 'learn', 'data/edges/parsing/ewt/ewt_dev/902.edges', '--dim', '0', '--hyp', '0', '--edim', '10', '--euc', '1', '--sdim', '0', '--sph', '0', '--log-name', 'ewt_devr2/902.edges.E10-1.lr1.log', '--batch-size', '65536', '--epochs', '50', '--checkpoint-freq', '10', '-g', '--subsample', '1024', '--learning-rate', '1']
2019-01-18 14:51:47,656 No Model Save selected!
2019-01-18 14:51:47,657 Loaded Graph data/edges/parsing/ewt/ewt_dev/902.edges with 34 nodes scale=1.0
2019-01-18 14:51:47,657 Building dataset
2019-01-18 14:51:47,658 Subsample: 34 points with scale 1.0 subsample=33
2019-01-18 14:51:47,708 Built Data Sampler
2019-01-18 14:51:47,708 Creating a fresh model warm_start?=None
2019-01-18 14:51:47,708 	 Warmstarting? None None 34
2019-01-18 14:51:47,709 Embedding() torch.Size([34, 10])
2019-01-18 14:51:47,709 relative No Rescale
2019-01-18 14:51:47,709 Constructed model with dim=0 and epochs=0 isnan=False
2019-01-18 14:51:47,709 SGD (
Parameter Group 0
    dampening: 0
    initial_lr: 0.1
    lr: 1.0
    momentum: 0.0
    nesterov: False
    weight_decay: 0

Parameter Group 1
    dampening: 0
    initial_lr: 0.1
    lr: 1.0
    momentum: 0.0
    nesterov: False
    weight_decay: 0

Parameter Group 2
    dampening: 0
    initial_lr: 0.1
    lr: 1.0
    momentum: 0.0
    nesterov: False
    weight_decay: 0

Parameter Group 3
    dampening: 0
    initial_lr: 0.0001
    lr: 0.001
    momentum: 0.0
    nesterov: False
    weight_decay: 0
)
2019-01-18 14:51:47,710 *** Initial Checkpoint. Computing Stats
2019-01-18 14:51:47,710 	 Computing Major Stats lazily... 
2019-01-18 14:51:47,714 		 Completed edges=1122 good=1122 bad=0
2019-01-18 14:51:47,720 Distortion avg=0.998672370027627 wc=20.026395487300903 me=0.006196519622161948 mc=3231.8780070793596 nan_elements=0
2019-01-18 14:51:47,720 MAP = 0.13370937440139555
2019-01-18 14:51:47,720 scale=[array([1.])]
2019-01-18 14:51:47,720 *** End Initial Checkpoint

2019-01-18 14:51:47,778 1 loss=0.9973474489278142
2019-01-18 14:51:47,780 2 loss=0.9741656658551642
2019-01-18 14:51:47,781 3 loss=0.9512178946626707
2019-01-18 14:51:47,782 4 loss=0.9291054660015218
2019-01-18 14:51:47,783 5 loss=0.9078940644377081
2019-01-18 14:51:47,785 6 loss=0.8875785700561551
2019-01-18 14:51:47,786 7 loss=0.8681332506570735
2019-01-18 14:51:47,787 8 loss=0.8495248374273671
2019-01-18 14:51:47,788 9 loss=0.8317173354775914
2019-01-18 14:51:47,789 10 loss=0.8146741487069162
2019-01-18 14:51:47,789 
*** Major Checkpoint. Computing Stats and Saving
2019-01-18 14:51:47,789 	 Computing Major Stats lazily... 
2019-01-18 14:51:47,794 		 Completed edges=1122 good=1122 bad=0
2019-01-18 14:51:47,799 Distortion avg=0.8879623425164115 wc=29.639806139965547 me=0.6153144361600235 mc=48.17017836431386 nan_elements=0
2019-01-18 14:51:47,799 MAP = 0.05940973236790234
2019-01-18 14:51:47,799 scale=[array([1.])]
2019-01-18 14:51:47,799 *** End Major Checkpoint

2019-01-18 14:51:47,800 11 loss=0.7983591221392177
2019-01-18 14:51:47,802 12 loss=0.7827370819291976
2019-01-18 14:51:47,803 13 loss=0.7677741182152569
2019-01-18 14:51:47,805 14 loss=0.7534377267318464
2019-01-18 14:51:47,806 15 loss=0.7396968688498019
2019-01-18 14:51:47,808 16 loss=0.7265219828687044
2019-01-18 14:51:47,809 17 loss=0.7138849655941691
2019-01-18 14:51:47,810 18 loss=0.7017591357100241
2019-01-18 14:51:47,811 19 loss=0.690119186142657
2019-01-18 14:51:47,812 20 loss=0.6789411300372846
2019-01-18 14:51:47,812 
*** Major Checkpoint. Computing Stats and Saving
2019-01-18 14:51:47,812 	 Computing Major Stats lazily... 
2019-01-18 14:51:47,817 		 Completed edges=1122 good=1122 bad=0
2019-01-18 14:51:47,822 Distortion avg=0.7990439042756539 wc=28.005338785609524 me=1.0602039626462565 mc=26.415048209882684 nan_elements=0
2019-01-18 14:51:47,822 MAP = 0.05874366220053306
2019-01-18 14:51:47,822 scale=[array([1.])]
2019-01-18 14:51:47,822 *** End Major Checkpoint

2019-01-18 14:51:47,824 21 loss=0.6682022433703207
2019-01-18 14:51:47,825 22 loss=0.6578810062043559
2019-01-18 14:51:47,826 23 loss=0.647957043926648
2019-01-18 14:51:47,827 24 loss=0.6384110693672921
2019-01-18 14:51:47,829 25 loss=0.6292248263907985
2019-01-18 14:51:47,830 26 loss=0.6203810353461704
2019-01-18 14:51:47,831 27 loss=0.6118633406150171
2019-01-18 14:51:47,832 28 loss=0.6036562603948862
2019-01-18 14:51:47,833 29 loss=0.595745138782684
2019-01-18 14:51:47,835 30 loss=0.5881161001719243
2019-01-18 14:51:47,835 
*** Major Checkpoint. Computing Stats and Saving
2019-01-18 14:51:47,835 	 Computing Major Stats lazily... 
2019-01-18 14:51:47,839 		 Completed edges=1122 good=1122 bad=0
2019-01-18 14:51:47,844 Distortion avg=0.7364861036722549 wc=25.673991403347152 me=1.366069125986628 mc=18.794064601089936 nan_elements=0
2019-01-18 14:51:47,844 MAP = 0.059289202457435894
2019-01-18 14:51:47,844 scale=[array([1.])]
2019-01-18 14:51:47,845 *** End Major Checkpoint

2019-01-18 14:51:47,846 31 loss=0.5807560059415171
2019-01-18 14:51:47,847 32 loss=0.5736524133886463
2019-01-18 14:51:47,848 33 loss=0.5667935368410401
2019-01-18 14:51:47,849 34 loss=0.5601682108724274
2019-01-18 14:51:47,850 35 loss=0.5537658555377188
2019-01-18 14:51:47,852 36 loss=0.5475764435402728
2019-01-18 14:51:47,853 37 loss=0.5415904692417415
2019-01-18 14:51:47,854 38 loss=0.5357989194247615
2019-01-18 14:51:47,855 39 loss=0.530193245719767
2019-01-18 14:51:47,856 40 loss=0.5247653386090713
2019-01-18 14:51:47,856 
*** Major Checkpoint. Computing Stats and Saving
2019-01-18 14:51:47,857 	 Computing Major Stats lazily... 
2019-01-18 14:51:47,861 		 Completed edges=1122 good=1122 bad=0
2019-01-18 14:51:47,866 Distortion avg=0.6945938022585404 wc=23.701999323792872 me=1.5915769972009286 mc=14.89214745216666 nan_elements=0
2019-01-18 14:51:47,866 MAP = 0.0609890287447547
2019-01-18 14:51:47,866 scale=[array([1.])]
2019-01-18 14:51:47,866 *** End Major Checkpoint

2019-01-18 14:51:47,867 41 loss=0.5195075029238483
2019-01-18 14:51:47,869 42 loss=0.5144124347525643
2019-01-18 14:51:47,870 43 loss=0.5094731996825775
2019-01-18 14:51:47,871 44 loss=0.5046832122999947
2019-01-18 14:51:47,872 45 loss=0.5000362168762762
2019-01-18 14:51:47,873 46 loss=0.49552626917355275
2019-01-18 14:51:47,874 47 loss=0.4911477193040138
2019-01-18 14:51:47,876 48 loss=0.4868951955820979
2019-01-18 14:51:47,877 49 loss=0.48276358931147595
2019-01-18 14:51:47,878 50 loss=0.47874804045197805
2019-01-18 14:51:47,878 
*** Major Checkpoint. Computing Stats and Saving
2019-01-18 14:51:47,878 	 Computing Major Stats lazily... 
2019-01-18 14:51:47,882 		 Completed edges=1122 good=1122 bad=0
2019-01-18 14:51:47,887 Distortion avg=0.6630909714866751 wc=21.924344374974158 me=1.7522257354464192 mc=12.512283053181179 nan_elements=0
2019-01-18 14:51:47,887 MAP = 0.06607996030269433
2019-01-18 14:51:47,888 scale=[array([1.])]
2019-01-18 14:51:47,888 *** End Major Checkpoint

2019-01-18 14:51:47,888 final loss=0.47874804045197805
2019-01-18 14:51:47,888 best loss=0.47874804045197805, distortion=0.6630909714866751, map=0.06607996030269433, wc_dist=21.924344374974158
2019-01-18 14:51:47,888 	 Computing Major Stats lazily... 
2019-01-18 14:51:47,892 		 Completed edges=1122 good=1122 bad=0
2019-01-18 14:51:47,898 Distortion avg=0.6630909714866743 wc=21.924344374974158 me=1.7522257354464192 mc=12.512283053181179 nan_elements=0
2019-01-18 14:51:47,898 MAP = 0.06607996030269435
2019-01-18 14:51:47,898 scale=[array([1.])]
