2019-01-18 14:47:35,486 Commandline ['pytorch/pytorch_hyperbolic.py', 'learn', 'data/edges/parsing/ewt/ewt_dev/903.edges', '--dim', '0', '--hyp', '0', '--edim', '10', '--euc', '1', '--sdim', '0', '--sph', '0', '--log-name', 'ewt_devr2/903.edges.E10-1.lr1.log', '--batch-size', '65536', '--epochs', '50', '--checkpoint-freq', '10', '-g', '--subsample', '1024', '--learning-rate', '1']
2019-01-18 14:47:35,487 No Model Save selected!
2019-01-18 14:47:35,488 Loaded Graph data/edges/parsing/ewt/ewt_dev/903.edges with 7 nodes scale=1.0
2019-01-18 14:47:35,489 Building dataset
2019-01-18 14:47:35,489 Subsample: 7 points with scale 1.0 subsample=6
2019-01-18 14:47:35,494 Built Data Sampler
2019-01-18 14:47:35,494 Creating a fresh model warm_start?=None
2019-01-18 14:47:35,494 	 Warmstarting? None None 7
2019-01-18 14:47:35,495 Embedding() torch.Size([7, 10])
2019-01-18 14:47:35,495 relative No Rescale
2019-01-18 14:47:35,495 Constructed model with dim=0 and epochs=0 isnan=False
2019-01-18 14:47:35,495 SGD (
Parameter Group 0
    dampening: 0
    initial_lr: 0.1
    lr: 1.0
    momentum: 0.0
    nesterov: False
    weight_decay: 0

Parameter Group 1
    dampening: 0
    initial_lr: 0.1
    lr: 1.0
    momentum: 0.0
    nesterov: False
    weight_decay: 0

Parameter Group 2
    dampening: 0
    initial_lr: 0.1
    lr: 1.0
    momentum: 0.0
    nesterov: False
    weight_decay: 0

Parameter Group 3
    dampening: 0
    initial_lr: 0.0001
    lr: 0.001
    momentum: 0.0
    nesterov: False
    weight_decay: 0
)
2019-01-18 14:47:35,496 *** Initial Checkpoint. Computing Stats
2019-01-18 14:47:35,496 	 Computing Major Stats lazily... 
2019-01-18 14:47:35,496 		 Completed edges=42 good=42 bad=0
2019-01-18 14:47:35,498 Distortion avg=0.9973602928158436 wc=6.561795867197805 me=0.005939956548066182 mc=1104.687519866466 nan_elements=0
2019-01-18 14:47:35,498 MAP = 0.4793650793650794
2019-01-18 14:47:35,498 scale=[array([1.])]
2019-01-18 14:47:35,498 *** End Initial Checkpoint

2019-01-18 14:47:35,555 1 loss=0.9947295380976467
2019-01-18 14:47:35,556 2 loss=0.6064975961118029
2019-01-18 14:47:35,556 3 loss=0.42726509209823266
2019-01-18 14:47:35,557 4 loss=0.34306481410682566
2019-01-18 14:47:35,557 5 loss=0.29680540726976357
2019-01-18 14:47:35,558 6 loss=0.2668382418565862
2019-01-18 14:47:35,558 7 loss=0.24480055689139674
2019-01-18 14:47:35,559 8 loss=0.2271882236813827
2019-01-18 14:47:35,559 9 loss=0.21234592886076728
2019-01-18 14:47:35,560 10 loss=0.19938047320301422
2019-01-18 14:47:35,560 
*** Major Checkpoint. Computing Stats and Saving
2019-01-18 14:47:35,560 	 Computing Major Stats lazily... 
2019-01-18 14:47:35,560 		 Completed edges=42 good=42 bad=0
2019-01-18 14:47:35,561 Distortion avg=0.3938576385936277 wc=4.818594230229955 me=1.370033851190298 mc=3.51713516132723 nan_elements=0
2019-01-18 14:47:35,561 MAP = 0.6007936507936508
2019-01-18 14:47:35,562 scale=[array([1.])]
2019-01-18 14:47:35,562 *** End Major Checkpoint

2019-01-18 14:47:35,562 11 loss=0.18775249889677412
2019-01-18 14:47:35,563 12 loss=0.17711237088920825
2019-01-18 14:47:35,563 13 loss=0.1672267463735761
2019-01-18 14:47:35,563 14 loss=0.15794036480183696
2019-01-18 14:47:35,564 15 loss=0.14915256937957647
2019-01-18 14:47:35,564 16 loss=0.14080087476221012
2019-01-18 14:47:35,565 17 loss=0.13284866061974285
2019-01-18 14:47:35,565 18 loss=0.12527582668973908
2019-01-18 14:47:35,566 19 loss=0.11807184948873559
2019-01-18 14:47:35,566 20 loss=0.11123085246301027
2019-01-18 14:47:35,566 
*** Major Checkpoint. Computing Stats and Saving
2019-01-18 14:47:35,566 	 Computing Major Stats lazily... 
2019-01-18 14:47:35,567 		 Completed edges=42 good=42 bad=0
2019-01-18 14:47:35,568 Distortion avg=0.28793036073580935 wc=3.238140682591801 me=1.3021661006496092 mc=2.4867339742421457 nan_elements=0
2019-01-18 14:47:35,568 MAP = 1.0
2019-01-18 14:47:35,568 scale=[array([1.])]
2019-01-18 14:47:35,568 *** End Major Checkpoint

2019-01-18 14:47:35,569 21 loss=0.10474833008688533
2019-01-18 14:47:35,569 22 loss=0.09861916921720774
2019-01-18 14:47:35,570 23 loss=0.09283662897243564
2019-01-18 14:47:35,570 24 loss=0.08739198031676387
2019-01-18 14:47:35,571 25 loss=0.08227456130259182
2019-01-18 14:47:35,571 26 loss=0.07747206321362278
2019-01-18 14:47:35,572 27 loss=0.07297091810803805
2019-01-18 14:47:35,572 28 loss=0.06875670439560315
2019-01-18 14:47:35,573 29 loss=0.06481452226567917
2019-01-18 14:47:35,573 30 loss=0.061129315488945214
2019-01-18 14:47:35,573 
*** Major Checkpoint. Computing Stats and Saving
2019-01-18 14:47:35,573 	 Computing Major Stats lazily... 
2019-01-18 14:47:35,574 		 Completed edges=42 good=42 bad=0
2019-01-18 14:47:35,575 Distortion avg=0.21047062488877283 wc=2.3047694150999276 me=1.1976236064738988 mc=1.92445222575876 nan_elements=0
2019-01-18 14:47:35,575 MAP = 1.0
2019-01-18 14:47:35,575 scale=[array([1.])]
2019-01-18 14:47:35,575 *** End Major Checkpoint

2019-01-18 14:47:35,576 31 loss=0.05768613206517733
2019-01-18 14:47:35,576 32 loss=0.054470325518549856
2019-01-18 14:47:35,576 33 loss=0.05146770337750123
2019-01-18 14:47:35,577 34 loss=0.04866463118108698
2019-01-18 14:47:35,577 35 loss=0.04604810045803225
2019-01-18 14:47:35,578 36 loss=0.0436057683624472
2019-01-18 14:47:35,578 37 loss=0.041325975541041816
2019-01-18 14:47:35,579 38 loss=0.03919774764500513
2019-01-18 14:47:35,579 39 loss=0.03721078483185761
2019-01-18 14:47:35,580 40 loss=0.03535544268584885
2019-01-18 14:47:35,580 
*** Major Checkpoint. Computing Stats and Saving
2019-01-18 14:47:35,580 	 Computing Major Stats lazily... 
2019-01-18 14:47:35,580 		 Completed edges=42 good=42 bad=0
2019-01-18 14:47:35,581 Distortion avg=0.15739337192190223 wc=1.8800178651586787 me=1.164328819847714 mc=1.6146794901156634 nan_elements=0
2019-01-18 14:47:35,581 MAP = 1.0
2019-01-18 14:47:35,582 scale=[array([1.])]
2019-01-18 14:47:35,582 *** End Major Checkpoint

2019-01-18 14:47:35,582 41 loss=0.0336227072287235
2019-01-18 14:47:35,583 42 loss=0.032004166081965005
2019-01-18 14:47:35,583 43 loss=0.03049197735490992
2019-01-18 14:47:35,584 44 loss=0.029078837447789767
2019-01-18 14:47:35,584 45 loss=0.027757948654845772
2019-01-18 14:47:35,585 46 loss=0.026522987213741123
2019-01-18 14:47:35,585 47 loss=0.025368072260469547
2019-01-18 14:47:35,586 48 loss=0.02428773600348475
2019-01-18 14:47:35,586 49 loss=0.02327689531863238
2019-01-18 14:47:35,586 50 loss=0.022330824881066774
2019-01-18 14:47:35,586 
*** Major Checkpoint. Computing Stats and Saving
2019-01-18 14:47:35,587 	 Computing Major Stats lazily... 
2019-01-18 14:47:35,587 		 Completed edges=42 good=42 bad=0
2019-01-18 14:47:35,588 Distortion avg=0.12303771385583702 wc=1.6715731522291173 me=1.1612030387549381 mc=1.439518410166586 nan_elements=0
2019-01-18 14:47:35,588 MAP = 1.0
2019-01-18 14:47:35,588 scale=[array([1.])]
2019-01-18 14:47:35,588 *** End Major Checkpoint

2019-01-18 14:47:35,588 final loss=0.022330824881066774
2019-01-18 14:47:35,589 best loss=0.022330824881066774, distortion=0.12303771385583702, map=1.0, wc_dist=1.6715731522291173
2019-01-18 14:47:35,589 	 Computing Major Stats lazily... 
2019-01-18 14:47:35,589 		 Completed edges=42 good=42 bad=0
2019-01-18 14:47:35,590 Distortion avg=0.12303771385583698 wc=1.6715731522291173 me=1.1612030387549381 mc=1.439518410166586 nan_elements=0
2019-01-18 14:47:35,590 MAP = 1.0
2019-01-18 14:47:35,590 scale=[array([1.])]
