2019-01-18 14:56:44,972 Commandline ['pytorch/pytorch_hyperbolic.py', 'learn', 'data/edges/parsing/ewt/ewt_dev/908.edges', '--dim', '0', '--hyp', '0', '--edim', '10', '--euc', '1', '--sdim', '0', '--sph', '0', '--log-name', 'ewt_devr2/908.edges.E10-1.lr1.log', '--batch-size', '65536', '--epochs', '50', '--checkpoint-freq', '10', '-g', '--subsample', '1024', '--learning-rate', '1']
2019-01-18 14:56:44,972 No Model Save selected!
2019-01-18 14:56:44,974 Loaded Graph data/edges/parsing/ewt/ewt_dev/908.edges with 34 nodes scale=1.0
2019-01-18 14:56:44,974 Building dataset
2019-01-18 14:56:44,975 Subsample: 34 points with scale 1.0 subsample=33
2019-01-18 14:56:45,024 Built Data Sampler
2019-01-18 14:56:45,024 Creating a fresh model warm_start?=None
2019-01-18 14:56:45,024 	 Warmstarting? None None 34
2019-01-18 14:56:45,025 Embedding() torch.Size([34, 10])
2019-01-18 14:56:45,025 relative No Rescale
2019-01-18 14:56:45,025 Constructed model with dim=0 and epochs=0 isnan=False
2019-01-18 14:56:45,025 SGD (
Parameter Group 0
    dampening: 0
    initial_lr: 0.1
    lr: 1.0
    momentum: 0.0
    nesterov: False
    weight_decay: 0

Parameter Group 1
    dampening: 0
    initial_lr: 0.1
    lr: 1.0
    momentum: 0.0
    nesterov: False
    weight_decay: 0

Parameter Group 2
    dampening: 0
    initial_lr: 0.1
    lr: 1.0
    momentum: 0.0
    nesterov: False
    weight_decay: 0

Parameter Group 3
    dampening: 0
    initial_lr: 0.0001
    lr: 0.001
    momentum: 0.0
    nesterov: False
    weight_decay: 0
)
2019-01-18 14:56:45,025 *** Initial Checkpoint. Computing Stats
2019-01-18 14:56:45,026 	 Computing Major Stats lazily... 
2019-01-18 14:56:45,030 		 Completed edges=1122 good=1122 bad=0
2019-01-18 14:56:45,036 Distortion avg=0.9986097492309055 wc=16.808929989995477 me=0.005982886981094694 mc=2809.5015070667323 nan_elements=0
2019-01-18 14:56:45,036 MAP = 0.0996597219405144
2019-01-18 14:56:45,036 scale=[array([1.])]
2019-01-18 14:56:45,036 *** End Initial Checkpoint

2019-01-18 14:56:45,094 1 loss=0.9972223250282685
2019-01-18 14:56:45,095 2 loss=0.9714621588584067
2019-01-18 14:56:45,097 3 loss=0.9460273990307029
2019-01-18 14:56:45,098 4 loss=0.9216373510362379
2019-01-18 14:56:45,099 5 loss=0.8983451285221097
2019-01-18 14:56:45,100 6 loss=0.8761286714859
2019-01-18 14:56:45,101 7 loss=0.8549460287584847
2019-01-18 14:56:45,102 8 loss=0.8347489903822458
2019-01-18 14:56:45,104 9 loss=0.8154879222167767
2019-01-18 14:56:45,105 10 loss=0.797113816548757
2019-01-18 14:56:45,105 
*** Major Checkpoint. Computing Stats and Saving
2019-01-18 14:56:45,105 	 Computing Major Stats lazily... 
2019-01-18 14:56:45,109 		 Completed edges=1122 good=1122 bad=0
2019-01-18 14:56:45,114 Distortion avg=0.8765065462935672 wc=36.880546892210354 me=0.7322197426960129 mc=50.36814052079121 nan_elements=0
2019-01-18 14:56:45,114 MAP = 0.05710797736432771
2019-01-18 14:56:45,115 scale=[array([1.])]
2019-01-18 14:56:45,115 *** End Major Checkpoint

2019-01-18 14:56:45,116 11 loss=0.7795792400480757
2019-01-18 14:56:45,117 12 loss=0.762838778314845
2019-01-18 14:56:45,118 13 loss=0.7468492277542944
2019-01-18 14:56:45,119 14 loss=0.7315696523929598
2019-01-18 14:56:45,120 15 loss=0.716961365695495
2019-01-18 14:56:45,122 16 loss=0.7029878700956521
2019-01-18 14:56:45,123 17 loss=0.6896147729598013
2019-01-18 14:56:45,124 18 loss=0.676809690097448
2019-01-18 14:56:45,125 19 loss=0.6645421435954522
2019-01-18 14:56:45,126 20 loss=0.6527834581770512
2019-01-18 14:56:45,126 
*** Major Checkpoint. Computing Stats and Saving
2019-01-18 14:56:45,126 	 Computing Major Stats lazily... 
2019-01-18 14:56:45,131 		 Completed edges=1122 good=1122 bad=0
2019-01-18 14:56:45,136 Distortion avg=0.7807794626973352 wc=33.209607407463295 me=1.1917630390706386 mc=27.86594844673219 nan_elements=0
2019-01-18 14:56:45,136 MAP = 0.056145117289280816
2019-01-18 14:56:45,136 scale=[array([1.])]
2019-01-18 14:56:45,136 *** End Major Checkpoint

2019-01-18 14:56:45,137 21 loss=0.6415066587065258
2019-01-18 14:56:45,138 22 loss=0.6306863704645741
2019-01-18 14:56:45,140 23 loss=0.6202987231786209
2019-01-18 14:56:45,141 24 loss=0.610321259373189
2019-01-18 14:56:45,142 25 loss=0.6007328473284216
2019-01-18 14:56:45,143 26 loss=0.5915135987506627
2019-01-18 14:56:45,145 27 loss=0.5826447911366786
2019-01-18 14:56:45,146 28 loss=0.5741087947325431
2019-01-18 14:56:45,147 29 loss=0.5658890039361962
2019-01-18 14:56:45,148 30 loss=0.5579697729603813
2019-01-18 14:56:45,149 
*** Major Checkpoint. Computing Stats and Saving
2019-01-18 14:56:45,149 	 Computing Major Stats lazily... 
2019-01-18 14:56:45,153 		 Completed edges=1122 good=1122 bad=0
2019-01-18 14:56:45,158 Distortion avg=0.7171461681060943 wc=28.89740596644072 me=1.4632126823926008 mc=19.749286152433125 nan_elements=0
2019-01-18 14:56:45,158 MAP = 0.056378661462380186
2019-01-18 14:56:45,158 scale=[array([1.])]
2019-01-18 14:56:45,158 *** End Major Checkpoint

2019-01-18 14:56:45,159 31 loss=0.5503363555539866
2019-01-18 14:56:45,161 32 loss=0.5429748485706491
2019-01-18 14:56:45,162 33 loss=0.5358721391708859
2019-01-18 14:56:45,163 34 loss=0.5290158554459551
2019-01-18 14:56:45,164 35 loss=0.5223943202566824
2019-01-18 14:56:45,165 36 loss=0.5159965080875536
2019-01-18 14:56:45,167 37 loss=0.5098120047247524
2019-01-18 14:56:45,168 38 loss=0.5038309695759576
2019-01-18 14:56:45,169 39 loss=0.4980441004592451
2019-01-18 14:56:45,170 40 loss=0.49244260069807255
2019-01-18 14:56:45,170 
*** Major Checkpoint. Computing Stats and Saving
2019-01-18 14:56:45,170 	 Computing Major Stats lazily... 
2019-01-18 14:56:45,174 		 Completed edges=1122 good=1122 bad=0
2019-01-18 14:56:45,180 Distortion avg=0.6738542158934135 wc=25.01800670166627 me=1.6127748398341228 mc=15.512398931173443 nan_elements=0
2019-01-18 14:56:45,181 MAP = 0.057809920827504
2019-01-18 14:56:45,181 scale=[array([1.])]
2019-01-18 14:56:45,181 *** End Major Checkpoint

2019-01-18 14:56:45,182 41 loss=0.4870181483688864
2019-01-18 14:56:45,183 42 loss=0.4817628675572272
2019-01-18 14:56:45,185 43 loss=0.4766693014872431
2019-01-18 14:56:45,186 44 loss=0.47173038739819245
2019-01-18 14:56:45,187 45 loss=0.466939433049768
2019-01-18 14:56:45,188 46 loss=0.4622900947459194
2019-01-18 14:56:45,189 47 loss=0.45777635677425216
2019-01-18 14:56:45,190 48 loss=0.4533925121650552
2019-01-18 14:56:45,192 49 loss=0.4491331446805635
2019-01-18 14:56:45,193 50 loss=0.44499311195119823
2019-01-18 14:56:45,193 
*** Major Checkpoint. Computing Stats and Saving
2019-01-18 14:56:45,193 	 Computing Major Stats lazily... 
2019-01-18 14:56:45,197 		 Completed edges=1122 good=1122 bad=0
2019-01-18 14:56:45,202 Distortion avg=0.6397590114355668 wc=21.707021701639288 me=1.6838841541354128 mc=12.891042206394962 nan_elements=0
2019-01-18 14:56:45,202 MAP = 0.060108375988409006
2019-01-18 14:56:45,202 scale=[array([1.])]
2019-01-18 14:56:45,203 *** End Major Checkpoint

2019-01-18 14:56:45,203 final loss=0.44499311195119823
2019-01-18 14:56:45,203 best loss=0.44499311195119823, distortion=0.6397590114355668, map=0.060108375988409006, wc_dist=21.707021701639288
2019-01-18 14:56:45,203 	 Computing Major Stats lazily... 
2019-01-18 14:56:45,207 		 Completed edges=1122 good=1122 bad=0
2019-01-18 14:56:45,212 Distortion avg=0.6397590114355663 wc=21.707021701639288 me=1.6838841541354128 mc=12.891042206394962 nan_elements=0
2019-01-18 14:56:45,212 MAP = 0.06010837598840899
2019-01-18 14:56:45,212 scale=[array([1.])]
