2019-01-18 14:57:39,779 Commandline ['pytorch/pytorch_hyperbolic.py', 'learn', 'data/edges/parsing/ewt/ewt_dev/911.edges', '--dim', '0', '--hyp', '0', '--edim', '10', '--euc', '1', '--sdim', '0', '--sph', '0', '--log-name', 'ewt_devr2/911.edges.E10-1.lr1.log', '--batch-size', '65536', '--epochs', '50', '--checkpoint-freq', '10', '-g', '--subsample', '1024', '--learning-rate', '1']
2019-01-18 14:57:39,779 No Model Save selected!
2019-01-18 14:57:39,781 Loaded Graph data/edges/parsing/ewt/ewt_dev/911.edges with 18 nodes scale=1.0
2019-01-18 14:57:39,782 Building dataset
2019-01-18 14:57:39,782 Subsample: 18 points with scale 1.0 subsample=17
2019-01-18 14:57:39,800 Built Data Sampler
2019-01-18 14:57:39,800 Creating a fresh model warm_start?=None
2019-01-18 14:57:39,800 	 Warmstarting? None None 18
2019-01-18 14:57:39,801 Embedding() torch.Size([18, 10])
2019-01-18 14:57:39,801 relative No Rescale
2019-01-18 14:57:39,801 Constructed model with dim=0 and epochs=0 isnan=False
2019-01-18 14:57:39,801 SGD (
Parameter Group 0
    dampening: 0
    initial_lr: 0.1
    lr: 1.0
    momentum: 0.0
    nesterov: False
    weight_decay: 0

Parameter Group 1
    dampening: 0
    initial_lr: 0.1
    lr: 1.0
    momentum: 0.0
    nesterov: False
    weight_decay: 0

Parameter Group 2
    dampening: 0
    initial_lr: 0.1
    lr: 1.0
    momentum: 0.0
    nesterov: False
    weight_decay: 0

Parameter Group 3
    dampening: 0
    initial_lr: 0.0001
    lr: 0.001
    momentum: 0.0
    nesterov: False
    weight_decay: 0
)
2019-01-18 14:57:39,801 *** Initial Checkpoint. Computing Stats
2019-01-18 14:57:39,802 	 Computing Major Stats lazily... 
2019-01-18 14:57:39,803 		 Completed edges=306 good=306 bad=0
2019-01-18 14:57:39,806 Distortion avg=0.9982882283814144 wc=15.639008715752505 me=0.007220294729497291 mc=2165.979271159387 nan_elements=0
2019-01-18 14:57:39,806 MAP = 0.21036316171120098
2019-01-18 14:57:39,807 scale=[array([1.])]
2019-01-18 14:57:39,807 *** End Initial Checkpoint

2019-01-18 14:57:39,865 1 loss=0.9965808880911496
2019-01-18 14:57:39,866 2 loss=0.9225260167927536
2019-01-18 14:57:39,867 3 loss=0.8560577360322402
2019-01-18 14:57:39,868 4 loss=0.7980599772480449
2019-01-18 14:57:39,868 5 loss=0.7475566088707364
2019-01-18 14:57:39,869 6 loss=0.7035154282938635
2019-01-18 14:57:39,870 7 loss=0.6650064420895893
2019-01-18 14:57:39,870 8 loss=0.6312235994647336
2019-01-18 14:57:39,871 9 loss=0.6014782580332482
2019-01-18 14:57:39,871 10 loss=0.5751857391897863
2019-01-18 14:57:39,872 
*** Major Checkpoint. Computing Stats and Saving
2019-01-18 14:57:39,872 	 Computing Major Stats lazily... 
2019-01-18 14:57:39,873 		 Completed edges=306 good=306 bad=0
2019-01-18 14:57:39,876 Distortion avg=0.7081853946390939 wc=17.339472466372342 me=1.1935498637696604 mc=14.52764814668743 nan_elements=0
2019-01-18 14:57:39,876 MAP = 0.10458528550848813
2019-01-18 14:57:39,876 scale=[array([1.])]
2019-01-18 14:57:39,876 *** End Major Checkpoint

2019-01-18 14:57:39,877 11 loss=0.5518509723820165
2019-01-18 14:57:39,877 12 loss=0.5310551395979632
2019-01-18 14:57:39,878 13 loss=0.5124438851461175
2019-01-18 14:57:39,879 14 loss=0.4957171621610389
2019-01-18 14:57:39,879 15 loss=0.4806206026885295
2019-01-18 14:57:39,880 16 loss=0.46693823670487483
2019-01-18 14:57:39,881 17 loss=0.4544863752075226
2019-01-18 14:57:39,881 18 loss=0.443108483461862
2019-01-18 14:57:39,882 19 loss=0.4326708892877931
2019-01-18 14:57:39,883 20 loss=0.42305919190557795
2019-01-18 14:57:39,883 
*** Major Checkpoint. Computing Stats and Saving
2019-01-18 14:57:39,883 	 Computing Major Stats lazily... 
2019-01-18 14:57:39,884 		 Completed edges=306 good=306 bad=0
2019-01-18 14:57:39,887 Distortion avg=0.6120761816720973 wc=13.342056197149015 me=1.574705917010259 mc=8.472728814330157 nan_elements=0
2019-01-18 14:57:39,887 MAP = 0.1097547928348582
2019-01-18 14:57:39,887 scale=[array([1.])]
2019-01-18 14:57:39,887 *** End Major Checkpoint

2019-01-18 14:57:39,888 21 loss=0.4141752566595029
2019-01-18 14:57:39,888 22 loss=0.40593469880855787
2019-01-18 14:57:39,889 23 loss=0.3982647751820281
2019-01-18 14:57:39,890 24 loss=0.39110261586858075
2019-01-18 14:57:39,890 25 loss=0.38439373942248883
2019-01-18 14:57:39,891 26 loss=0.37809080457079636
2019-01-18 14:57:39,892 27 loss=0.3721525593401643
2019-01-18 14:57:39,892 28 loss=0.36654295512695273
2019-01-18 14:57:39,893 29 loss=0.3612303987195322
2019-01-18 14:57:39,894 30 loss=0.35618711983135404
2019-01-18 14:57:39,894 
*** Major Checkpoint. Computing Stats and Saving
2019-01-18 14:57:39,894 	 Computing Major Stats lazily... 
2019-01-18 14:57:39,895 		 Completed edges=306 good=306 bad=0
2019-01-18 14:57:39,898 Distortion avg=0.561924585122561 wc=11.862016087197663 me=1.8287343911183223 mc=6.486461973268687 nan_elements=0
2019-01-18 14:57:39,898 MAP = 0.13779927286463234
2019-01-18 14:57:39,898 scale=[array([1.])]
2019-01-18 14:57:39,898 *** End Major Checkpoint

2019-01-18 14:57:39,899 31 loss=0.35138863547384047
2019-01-18 14:57:39,899 32 loss=0.34681329562221197
2019-01-18 14:57:39,900 33 loss=0.3424418972160329
2019-01-18 14:57:39,901 34 loss=0.3382573556820385
2019-01-18 14:57:39,901 35 loss=0.3342444249465622
2019-01-18 14:57:39,902 36 loss=0.33038945838213113
2019-01-18 14:57:39,903 37 loss=0.32668020436011447
2019-01-18 14:57:39,903 38 loss=0.3231056311020098
2019-01-18 14:57:39,904 39 loss=0.31965577637178266
2019-01-18 14:57:39,905 40 loss=0.3163216182601125
2019-01-18 14:57:39,905 
*** Major Checkpoint. Computing Stats and Saving
2019-01-18 14:57:39,905 	 Computing Major Stats lazily... 
2019-01-18 14:57:39,906 		 Completed edges=306 good=306 bad=0
2019-01-18 14:57:39,909 Distortion avg=0.523072216440768 wc=10.772800576818419 me=1.955964117640538 mc=5.507667793933537 nan_elements=0
2019-01-18 14:57:39,909 MAP = 0.1911592462246057
2019-01-18 14:57:39,909 scale=[array([1.])]
2019-01-18 14:57:39,909 *** End Major Checkpoint

2019-01-18 14:57:39,910 41 loss=0.3130949639027071
2019-01-18 14:57:39,911 42 loss=0.3099683534690825
2019-01-18 14:57:39,911 43 loss=0.3069349771718528
2019-01-18 14:57:39,912 44 loss=0.3039886033932827
2019-01-18 14:57:39,913 45 loss=0.3011235163168824
2019-01-18 14:57:39,913 46 loss=0.29833446169645755
2019-01-18 14:57:39,914 47 loss=0.29561659960098213
2019-01-18 14:57:39,915 48 loss=0.29296546314729893
2019-01-18 14:57:39,915 49 loss=0.2903769223792667
2019-01-18 14:57:39,916 50 loss=0.2878471525759403
2019-01-18 14:57:39,916 
*** Major Checkpoint. Computing Stats and Saving
2019-01-18 14:57:39,916 	 Computing Major Stats lazily... 
2019-01-18 14:57:39,917 		 Completed edges=306 good=306 bad=0
2019-01-18 14:57:39,920 Distortion avg=0.4920499323311465 wc=10.007567295321198 me=2.014124994726793 mc=4.968692271592945 nan_elements=0
2019-01-18 14:57:39,920 MAP = 0.2520201702799742
2019-01-18 14:57:39,920 scale=[array([1.])]
2019-01-18 14:57:39,920 *** End Major Checkpoint

2019-01-18 14:57:39,921 final loss=0.2878471525759403
2019-01-18 14:57:39,921 best loss=0.2878471525759403, distortion=0.4920499323311465, map=0.2520201702799742, wc_dist=10.007567295321198
2019-01-18 14:57:39,921 	 Computing Major Stats lazily... 
2019-01-18 14:57:39,922 		 Completed edges=306 good=306 bad=0
2019-01-18 14:57:39,925 Distortion avg=0.4920499323311465 wc=10.007567295321198 me=2.014124994726793 mc=4.968692271592945 nan_elements=0
2019-01-18 14:57:39,925 MAP = 0.25202017027997425
2019-01-18 14:57:39,925 scale=[array([1.])]
