2019-01-18 14:45:04,116 Commandline ['pytorch/pytorch_hyperbolic.py', 'learn', 'data/edges/parsing/ewt/ewt_dev/913.edges', '--dim', '0', '--hyp', '0', '--edim', '10', '--euc', '1', '--sdim', '0', '--sph', '0', '--log-name', 'ewt_devr2/913.edges.E10-1.lr1.log', '--batch-size', '65536', '--epochs', '50', '--checkpoint-freq', '10', '-g', '--subsample', '1024', '--learning-rate', '1']
2019-01-18 14:45:04,116 No Model Save selected!
2019-01-18 14:45:04,118 Loaded Graph data/edges/parsing/ewt/ewt_dev/913.edges with 25 nodes scale=1.0
2019-01-18 14:45:04,118 Building dataset
2019-01-18 14:45:04,118 Subsample: 25 points with scale 1.0 subsample=24
2019-01-18 14:45:04,148 Built Data Sampler
2019-01-18 14:45:04,148 Creating a fresh model warm_start?=None
2019-01-18 14:45:04,148 	 Warmstarting? None None 25
2019-01-18 14:45:04,148 Embedding() torch.Size([25, 10])
2019-01-18 14:45:04,149 relative No Rescale
2019-01-18 14:45:04,149 Constructed model with dim=0 and epochs=0 isnan=False
2019-01-18 14:45:04,149 SGD (
Parameter Group 0
    dampening: 0
    initial_lr: 0.1
    lr: 1.0
    momentum: 0.0
    nesterov: False
    weight_decay: 0

Parameter Group 1
    dampening: 0
    initial_lr: 0.1
    lr: 1.0
    momentum: 0.0
    nesterov: False
    weight_decay: 0

Parameter Group 2
    dampening: 0
    initial_lr: 0.1
    lr: 1.0
    momentum: 0.0
    nesterov: False
    weight_decay: 0

Parameter Group 3
    dampening: 0
    initial_lr: 0.0001
    lr: 0.001
    momentum: 0.0
    nesterov: False
    weight_decay: 0
)
2019-01-18 14:45:04,149 *** Initial Checkpoint. Computing Stats
2019-01-18 14:45:04,149 	 Computing Major Stats lazily... 
2019-01-18 14:45:04,152 		 Completed edges=600 good=600 bad=0
2019-01-18 14:45:04,156 Distortion avg=0.9983946865699032 wc=20.890957460439086 me=0.006196519622161948 mc=3371.4018084800787 nan_elements=0
2019-01-18 14:45:04,157 MAP = 0.22936606389577174
2019-01-18 14:45:04,157 scale=[array([1.])]
2019-01-18 14:45:04,157 *** End Initial Checkpoint

2019-01-18 14:45:04,215 1 loss=0.9967929623342379
2019-01-18 14:45:04,216 2 loss=0.9506697141305857
2019-01-18 14:45:04,217 3 loss=0.9064752201110057
2019-01-18 14:45:04,218 4 loss=0.8655989710653775
2019-01-18 14:45:04,219 5 loss=0.8279486698915194
2019-01-18 14:45:04,220 6 loss=0.7932844439081943
2019-01-18 14:45:04,220 7 loss=0.7613468154504013
2019-01-18 14:45:04,221 8 loss=0.7318857532717408
2019-01-18 14:45:04,222 9 loss=0.7046691643993889
2019-01-18 14:45:04,223 10 loss=0.6794850699388051
2019-01-18 14:45:04,223 
*** Major Checkpoint. Computing Stats and Saving
2019-01-18 14:45:04,223 	 Computing Major Stats lazily... 
2019-01-18 14:45:04,226 		 Completed edges=600 good=600 bad=0
2019-01-18 14:45:04,230 Distortion avg=0.7933468538785036 wc=23.787617719532367 me=0.9282161795788564 mc=25.627238829563513 nan_elements=0
2019-01-18 14:45:04,230 MAP = 0.08062861532073068
2019-01-18 14:45:04,230 scale=[array([1.])]
2019-01-18 14:45:04,230 *** End Major Checkpoint

2019-01-18 14:45:04,231 11 loss=0.6561414390708555
2019-01-18 14:45:04,232 12 loss=0.6344650901801323
2019-01-18 14:45:04,233 13 loss=0.6143002376142435
2019-01-18 14:45:04,234 14 loss=0.5955069437161691
2019-01-18 14:45:04,235 15 loss=0.5779595978713029
2019-01-18 14:45:04,236 16 loss=0.5615454794258719
2019-01-18 14:45:04,237 17 loss=0.5461634289799322
2019-01-18 14:45:04,238 18 loss=0.531722635844178
2019-01-18 14:45:04,239 19 loss=0.5181415407069859
2019-01-18 14:45:04,240 20 loss=0.5053468480602507
2019-01-18 14:45:04,240 
*** Major Checkpoint. Computing Stats and Saving
2019-01-18 14:45:04,240 	 Computing Major Stats lazily... 
2019-01-18 14:45:04,242 		 Completed edges=600 good=600 bad=0
2019-01-18 14:45:04,246 Distortion avg=0.6713085841499151 wc=19.242824277401645 me=1.3625255246754702 mc=14.122909207139404 nan_elements=0
2019-01-18 14:45:04,246 MAP = 0.08362333708540802
2019-01-18 14:45:04,246 scale=[array([1.])]
2019-01-18 14:45:04,247 *** End Major Checkpoint

2019-01-18 14:45:04,248 21 loss=0.493272640766455
2019-01-18 14:45:04,248 22 loss=0.48185958828757824
2019-01-18 14:45:04,249 23 loss=0.47105423996713264
2019-01-18 14:45:04,250 24 loss=0.4608083950326692
2019-01-18 14:45:04,251 25 loss=0.45107854147660276
2019-01-18 14:45:04,252 26 loss=0.4418253565654583
2019-01-18 14:45:04,253 27 loss=0.43301326235495746
2019-01-18 14:45:04,254 28 loss=0.4246100302116917
2019-01-18 14:45:04,255 29 loss=0.41658642893918063
2019-01-18 14:45:04,256 30 loss=0.40891591166506003
2019-01-18 14:45:04,256 
*** Major Checkpoint. Computing Stats and Saving
2019-01-18 14:45:04,256 	 Computing Major Stats lazily... 
2019-01-18 14:45:04,259 		 Completed edges=600 good=600 bad=0
2019-01-18 14:45:04,262 Distortion avg=0.6069970628831776 wc=16.18026805222154 me=1.57973602788807 mc=10.24238718784729 nan_elements=0
2019-01-18 14:45:04,263 MAP = 0.09331239700209949
2019-01-18 14:45:04,263 scale=[array([1.])]
2019-01-18 14:45:04,263 *** End Major Checkpoint

2019-01-18 14:45:04,264 31 loss=0.40157433716133295
2019-01-18 14:45:04,265 32 loss=0.39453972173949553
2019-01-18 14:45:04,267 33 loss=0.3877920182875342
2019-01-18 14:45:04,268 34 loss=0.3813129193983877
2019-01-18 14:45:04,269 35 loss=0.37508568188224384
2019-01-18 14:45:04,270 36 loss=0.36909497026115873
2019-01-18 14:45:04,271 37 loss=0.3633267171171573
2019-01-18 14:45:04,272 38 loss=0.35776799840740653
2019-01-18 14:45:04,273 39 loss=0.3524069220752518
2019-01-18 14:45:04,274 40 loss=0.3472325284767236
2019-01-18 14:45:04,274 
*** Major Checkpoint. Computing Stats and Saving
2019-01-18 14:45:04,274 	 Computing Major Stats lazily... 
2019-01-18 14:45:04,277 		 Completed edges=600 good=600 bad=0
2019-01-18 14:45:04,280 Distortion avg=0.5565535807539582 wc=13.99278489163772 me=1.6907415865596354 mc=8.276122739791715 nan_elements=0
2019-01-18 14:45:04,280 MAP = 0.11744055051602499
2019-01-18 14:45:04,281 scale=[array([1.])]
2019-01-18 14:45:04,281 *** End Major Checkpoint

2019-01-18 14:45:04,282 41 loss=0.3422347013111598
2019-01-18 14:45:04,283 42 loss=0.3374040878942368
2019-01-18 14:45:04,284 43 loss=0.3327320277441187
2019-01-18 14:45:04,285 44 loss=0.3282104885685534
2019-01-18 14:45:04,285 45 loss=0.32383200884432495
2019-01-18 14:45:04,286 46 loss=0.3195896462720572
2019-01-18 14:45:04,287 47 loss=0.3154769314703421
2019-01-18 14:45:04,288 48 loss=0.31148782634476785
2019-01-18 14:45:04,289 49 loss=0.3076166866307562
2019-01-18 14:45:04,290 50 loss=0.30385822816511326
2019-01-18 14:45:04,290 
*** Major Checkpoint. Computing Stats and Saving
2019-01-18 14:45:04,291 	 Computing Major Stats lazily... 
2019-01-18 14:45:04,293 		 Completed edges=600 good=600 bad=0
2019-01-18 14:45:04,297 Distortion avg=0.5145457647218841 wc=12.608353200022643 me=1.782133638271951 mc=7.074864044566464 nan_elements=0
2019-01-18 14:45:04,297 MAP = 0.15737127065114684
2019-01-18 14:45:04,297 scale=[array([1.])]
2019-01-18 14:45:04,297 *** End Major Checkpoint

2019-01-18 14:45:04,297 final loss=0.30385822816511326
2019-01-18 14:45:04,297 best loss=0.30385822816511326, distortion=0.5145457647218841, map=0.15737127065114684, wc_dist=12.608353200022643
2019-01-18 14:45:04,297 	 Computing Major Stats lazily... 
2019-01-18 14:45:04,300 		 Completed edges=600 good=600 bad=0
2019-01-18 14:45:04,304 Distortion avg=0.5145457647218854 wc=12.608353200022643 me=1.782133638271951 mc=7.074864044566464 nan_elements=0
2019-01-18 14:45:04,304 MAP = 0.15737127065114684
2019-01-18 14:45:04,304 scale=[array([1.])]
