2019-01-18 14:49:08,958 Commandline ['pytorch/pytorch_hyperbolic.py', 'learn', 'data/edges/parsing/ewt/ewt_dev/922.edges', '--dim', '0', '--hyp', '0', '--edim', '10', '--euc', '1', '--sdim', '0', '--sph', '0', '--log-name', 'ewt_devr2/922.edges.E10-1.lr1.log', '--batch-size', '65536', '--epochs', '50', '--checkpoint-freq', '10', '-g', '--subsample', '1024', '--learning-rate', '1']
2019-01-18 14:49:08,958 No Model Save selected!
2019-01-18 14:49:08,960 Loaded Graph data/edges/parsing/ewt/ewt_dev/922.edges with 23 nodes scale=1.0
2019-01-18 14:49:08,960 Building dataset
2019-01-18 14:49:08,960 Subsample: 23 points with scale 1.0 subsample=22
2019-01-18 14:49:08,986 Built Data Sampler
2019-01-18 14:49:08,986 Creating a fresh model warm_start?=None
2019-01-18 14:49:08,986 	 Warmstarting? None None 23
2019-01-18 14:49:08,987 Embedding() torch.Size([23, 10])
2019-01-18 14:49:08,987 relative No Rescale
2019-01-18 14:49:08,987 Constructed model with dim=0 and epochs=0 isnan=False
2019-01-18 14:49:08,987 SGD (
Parameter Group 0
    dampening: 0
    initial_lr: 0.1
    lr: 1.0
    momentum: 0.0
    nesterov: False
    weight_decay: 0

Parameter Group 1
    dampening: 0
    initial_lr: 0.1
    lr: 1.0
    momentum: 0.0
    nesterov: False
    weight_decay: 0

Parameter Group 2
    dampening: 0
    initial_lr: 0.1
    lr: 1.0
    momentum: 0.0
    nesterov: False
    weight_decay: 0

Parameter Group 3
    dampening: 0
    initial_lr: 0.0001
    lr: 0.001
    momentum: 0.0
    nesterov: False
    weight_decay: 0
)
2019-01-18 14:49:08,987 *** Initial Checkpoint. Computing Stats
2019-01-18 14:49:08,987 	 Computing Major Stats lazily... 
2019-01-18 14:49:08,990 		 Completed edges=506 good=506 bad=0
2019-01-18 14:49:08,994 Distortion avg=0.9983809298166608 wc=14.091180145875756 me=0.005988741940966903 mc=2352.9449565163072 nan_elements=0
2019-01-18 14:49:08,994 MAP = 0.1810228184841188
2019-01-18 14:49:08,994 scale=[array([1.])]
2019-01-18 14:49:08,994 *** End Initial Checkpoint

2019-01-18 14:49:09,051 1 loss=0.9967656082780323
2019-01-18 14:49:09,052 2 loss=0.945994278951824
2019-01-18 14:49:09,053 3 loss=0.897863553056772
2019-01-18 14:49:09,054 4 loss=0.8538328158968658
2019-01-18 14:49:09,054 5 loss=0.8137091404398354
2019-01-18 14:49:09,055 6 loss=0.7771495011437322
2019-01-18 14:49:09,056 7 loss=0.7438030127927017
2019-01-18 14:49:09,057 8 loss=0.7133412014035914
2019-01-18 14:49:09,058 9 loss=0.6854654245429732
2019-01-18 14:49:09,059 10 loss=0.6599075406313917
2019-01-18 14:49:09,059 
*** Major Checkpoint. Computing Stats and Saving
2019-01-18 14:49:09,059 	 Computing Major Stats lazily... 
2019-01-18 14:49:09,061 		 Completed edges=506 good=506 bad=0
2019-01-18 14:49:09,064 Distortion avg=0.777598966734561 wc=26.98786705060303 me=1.0333430228582001 mc=26.11704579565001 nan_elements=0
2019-01-18 14:49:09,064 MAP = 0.08680745782138971
2019-01-18 14:49:09,065 scale=[array([1.])]
2019-01-18 14:49:09,065 *** End Major Checkpoint

2019-01-18 14:49:09,066 11 loss=0.6364282533250099
2019-01-18 14:49:09,067 12 loss=0.6148146646195054
2019-01-18 14:49:09,068 13 loss=0.5948776433859947
2019-01-18 14:49:09,068 14 loss=0.5764492648886846
2019-01-18 14:49:09,069 15 loss=0.5593804279668486
2019-01-18 14:49:09,071 16 loss=0.5435386886746192
2019-01-18 14:49:09,071 17 loss=0.5288063169696998
2019-01-18 14:49:09,072 18 loss=0.5150785677189199
2019-01-18 14:49:09,073 19 loss=0.5022621503573256
2019-01-18 14:49:09,074 20 loss=0.4902738789091888
2019-01-18 14:49:09,074 
*** Major Checkpoint. Computing Stats and Saving
2019-01-18 14:49:09,074 	 Computing Major Stats lazily... 
2019-01-18 14:49:09,076 		 Completed edges=506 good=506 bad=0
2019-01-18 14:49:09,079 Distortion avg=0.6597193909319147 wc=21.284048443361602 me=1.4399729172354832 mc=14.780867187574305 nan_elements=0
2019-01-18 14:49:09,079 MAP = 0.0917996776658777
2019-01-18 14:49:09,080 scale=[array([1.])]
2019-01-18 14:49:09,080 *** End Major Checkpoint

2019-01-18 14:49:09,081 21 loss=0.4790394836809312
2019-01-18 14:49:09,081 22 loss=0.4684925666752233
2019-01-18 14:49:09,082 23 loss=0.4585736840616095
2019-01-18 14:49:09,083 24 loss=0.4492295405475631
2019-01-18 14:49:09,084 25 loss=0.44041228204695293
2019-01-18 14:49:09,084 26 loss=0.4320788745448254
2019-01-18 14:49:09,085 27 loss=0.424190558459494
2019-01-18 14:49:09,086 28 loss=0.416712369083519
2019-01-18 14:49:09,087 29 loss=0.40961271483810274
2019-01-18 14:49:09,088 30 loss=0.4028630061032422
2019-01-18 14:49:09,088 
*** Major Checkpoint. Computing Stats and Saving
2019-01-18 14:49:09,088 	 Computing Major Stats lazily... 
2019-01-18 14:49:09,090 		 Completed edges=506 good=506 bad=0
2019-01-18 14:49:09,093 Distortion avg=0.6011778776653929 wc=16.698994277007255 me=1.5492100974572107 mc=10.779037849298863 nan_elements=0
2019-01-18 14:49:09,093 MAP = 0.10854870823776464
2019-01-18 14:49:09,093 scale=[array([1.])]
2019-01-18 14:49:09,094 *** End Major Checkpoint

2019-01-18 14:49:09,094 31 loss=0.3964373282958828
2019-01-18 14:49:09,095 32 loss=0.3903121536697799
2019-01-18 14:49:09,096 33 loss=0.3844660870141057
2019-01-18 14:49:09,097 34 loss=0.3788796410433893
2019-01-18 14:49:09,097 35 loss=0.37353503780899994
2019-01-18 14:49:09,098 36 loss=0.36841603293126124
2019-01-18 14:49:09,099 37 loss=0.363507759859785
2019-01-18 14:49:09,100 38 loss=0.35879659172523426
2019-01-18 14:49:09,101 39 loss=0.3542700186551962
2019-01-18 14:49:09,101 40 loss=0.3499165386960751
2019-01-18 14:49:09,101 
*** Major Checkpoint. Computing Stats and Saving
2019-01-18 14:49:09,102 	 Computing Major Stats lazily... 
2019-01-18 14:49:09,104 		 Completed edges=506 good=506 bad=0
2019-01-18 14:49:09,107 Distortion avg=0.5556694145798607 wc=14.9113807413367 me=1.718077334410301 mc=8.679109166209193 nan_elements=0
2019-01-18 14:49:09,107 MAP = 0.14399474004804463
2019-01-18 14:49:09,107 scale=[array([1.])]
2019-01-18 14:49:09,107 *** End Major Checkpoint

2019-01-18 14:49:09,108 41 loss=0.34572556071712957
2019-01-18 14:49:09,109 42 loss=0.3416873178765553
2019-01-18 14:49:09,110 43 loss=0.3377927904068397
2019-01-18 14:49:09,110 44 loss=0.33403363663098945
2019-01-18 14:49:09,111 45 loss=0.3304021312556692
2019-01-18 14:49:09,112 46 loss=0.32689111010443167
2019-01-18 14:49:09,113 47 loss=0.3234939205563562
2019-01-18 14:49:09,114 48 loss=0.3202043770445089
2019-01-18 14:49:09,114 49 loss=0.3170167210464279
2019-01-18 14:49:09,115 50 loss=0.3139255850667868
2019-01-18 14:49:09,115 
*** Major Checkpoint. Computing Stats and Saving
2019-01-18 14:49:09,115 	 Computing Major Stats lazily... 
2019-01-18 14:49:09,117 		 Completed edges=506 good=506 bad=0
2019-01-18 14:49:09,121 Distortion avg=0.5193807439219333 wc=13.429165178619131 me=1.8250251979857937 mc=7.358345075695588 nan_elements=0
2019-01-18 14:49:09,121 MAP = 0.16813550043207467
2019-01-18 14:49:09,121 scale=[array([1.])]
2019-01-18 14:49:09,122 *** End Major Checkpoint

2019-01-18 14:49:09,122 final loss=0.3139255850667868
2019-01-18 14:49:09,122 best loss=0.3139255850667868, distortion=0.5193807439219333, map=0.16813550043207467, wc_dist=13.429165178619131
2019-01-18 14:49:09,122 	 Computing Major Stats lazily... 
2019-01-18 14:49:09,124 		 Completed edges=506 good=506 bad=0
2019-01-18 14:49:09,128 Distortion avg=0.5193807439219329 wc=13.429165178619131 me=1.8250251979857937 mc=7.358345075695588 nan_elements=0
2019-01-18 14:49:09,128 MAP = 0.1681355004320747
2019-01-18 14:49:09,128 scale=[array([1.])]
