2019-01-18 14:44:46,602 Commandline ['pytorch/pytorch_hyperbolic.py', 'learn', 'data/edges/parsing/ewt/ewt_dev/923.edges', '--dim', '0', '--hyp', '0', '--edim', '10', '--euc', '1', '--sdim', '0', '--sph', '0', '--log-name', 'ewt_devr2/923.edges.E10-1.lr1.log', '--batch-size', '65536', '--epochs', '50', '--checkpoint-freq', '10', '-g', '--subsample', '1024', '--learning-rate', '1']
2019-01-18 14:44:46,603 No Model Save selected!
2019-01-18 14:44:46,604 Loaded Graph data/edges/parsing/ewt/ewt_dev/923.edges with 23 nodes scale=1.0
2019-01-18 14:44:46,604 Building dataset
2019-01-18 14:44:46,605 Subsample: 23 points with scale 1.0 subsample=22
2019-01-18 14:44:46,631 Built Data Sampler
2019-01-18 14:44:46,631 Creating a fresh model warm_start?=None
2019-01-18 14:44:46,631 	 Warmstarting? None None 23
2019-01-18 14:44:46,631 Embedding() torch.Size([23, 10])
2019-01-18 14:44:46,631 relative No Rescale
2019-01-18 14:44:46,632 Constructed model with dim=0 and epochs=0 isnan=False
2019-01-18 14:44:46,632 SGD (
Parameter Group 0
    dampening: 0
    initial_lr: 0.1
    lr: 1.0
    momentum: 0.0
    nesterov: False
    weight_decay: 0

Parameter Group 1
    dampening: 0
    initial_lr: 0.1
    lr: 1.0
    momentum: 0.0
    nesterov: False
    weight_decay: 0

Parameter Group 2
    dampening: 0
    initial_lr: 0.1
    lr: 1.0
    momentum: 0.0
    nesterov: False
    weight_decay: 0

Parameter Group 3
    dampening: 0
    initial_lr: 0.0001
    lr: 0.001
    momentum: 0.0
    nesterov: False
    weight_decay: 0
)
2019-01-18 14:44:46,632 *** Initial Checkpoint. Computing Stats
2019-01-18 14:44:46,632 	 Computing Major Stats lazily... 
2019-01-18 14:44:46,634 		 Completed edges=506 good=506 bad=0
2019-01-18 14:44:46,638 Distortion avg=0.9983284482485891 wc=13.927304973626057 me=0.006196519622161948 mc=2247.601205653386 nan_elements=0
2019-01-18 14:44:46,638 MAP = 0.2469864795304433
2019-01-18 14:44:46,639 scale=[array([1.])]
2019-01-18 14:44:46,639 *** End Initial Checkpoint

2019-01-18 14:44:46,697 1 loss=0.9966608140582384
2019-01-18 14:44:46,698 2 loss=0.943164013732117
2019-01-18 14:44:46,699 3 loss=0.8927229491318772
2019-01-18 14:44:46,700 4 loss=0.8467549016652123
2019-01-18 14:44:46,701 5 loss=0.8050160279797804
2019-01-18 14:44:46,702 6 loss=0.7671157185098065
2019-01-18 14:44:46,703 7 loss=0.7326605474674788
2019-01-18 14:44:46,703 8 loss=0.7012849304113566
2019-01-18 14:44:46,704 9 loss=0.6726582669604891
2019-01-18 14:44:46,705 10 loss=0.6464850959670639
2019-01-18 14:44:46,705 
*** Major Checkpoint. Computing Stats and Saving
2019-01-18 14:44:46,705 	 Computing Major Stats lazily... 
2019-01-18 14:44:46,707 		 Completed edges=506 good=506 bad=0
2019-01-18 14:44:46,711 Distortion avg=0.7673664013429092 wc=17.640869939981744 me=0.9806368004900335 mc=17.989198377183513 nan_elements=0
2019-01-18 14:44:46,711 MAP = 0.09075730129228245
2019-01-18 14:44:46,711 scale=[array([1.])]
2019-01-18 14:44:46,712 *** End Major Checkpoint

2019-01-18 14:44:46,713 11 loss=0.6225028724071895
2019-01-18 14:44:46,713 12 loss=0.6004789743500883
2019-01-18 14:44:46,714 13 loss=0.5802075751821059
2019-01-18 14:44:46,715 14 loss=0.561506644880067
2019-01-18 14:44:46,716 15 loss=0.5442151863500838
2019-01-18 14:44:46,717 16 loss=0.5281907411940059
2019-01-18 14:44:46,717 17 loss=0.5133071657158126
2019-01-18 14:44:46,718 18 loss=0.49945266245447306
2019-01-18 14:44:46,719 19 loss=0.48652804592345283
2019-01-18 14:44:46,720 20 loss=0.4744452191538079
2019-01-18 14:44:46,720 
*** Major Checkpoint. Computing Stats and Saving
2019-01-18 14:44:46,720 	 Computing Major Stats lazily... 
2019-01-18 14:44:46,722 		 Completed edges=506 good=506 bad=0
2019-01-18 14:44:46,726 Distortion avg=0.6512108387065975 wc=14.683012036101998 me=1.4665602501667498 mc=10.011870998434956 nan_elements=0
2019-01-18 14:44:46,726 MAP = 0.09490338698408424
2019-01-18 14:44:46,726 scale=[array([1.])]
2019-01-18 14:44:46,726 *** End Major Checkpoint

2019-01-18 14:44:46,727 21 loss=0.46312583785038586
2019-01-18 14:44:46,728 22 loss=0.4525001403107395
2019-01-18 14:44:46,728 23 loss=0.44250592309762177
2019-01-18 14:44:46,729 24 loss=0.4330876444599844
2019-01-18 14:44:46,730 25 loss=0.4241956394833816
2019-01-18 14:44:46,731 26 loss=0.41578543282555797
2019-01-18 14:44:46,732 27 loss=0.4078171366134
2019-01-18 14:44:46,732 28 loss=0.4002549226279148
2019-01-18 14:44:46,733 29 loss=0.3930665592846354
2019-01-18 14:44:46,734 30 loss=0.38622300513633023
2019-01-18 14:44:46,734 
*** Major Checkpoint. Computing Stats and Saving
2019-01-18 14:44:46,734 	 Computing Major Stats lazily... 
2019-01-18 14:44:46,736 		 Completed edges=506 good=506 bad=0
2019-01-18 14:44:46,740 Distortion avg=0.5890978948804507 wc=12.08695558128806 me=1.6740318443601585 mc=7.2202662225388465 nan_elements=0
2019-01-18 14:44:46,740 MAP = 0.11324213266542311
2019-01-18 14:44:46,740 scale=[array([1.])]
2019-01-18 14:44:46,740 *** End Major Checkpoint

2019-01-18 14:44:46,741 31 loss=0.3796980516957306
2019-01-18 14:44:46,742 32 loss=0.3734680093124204
2019-01-18 14:44:46,743 33 loss=0.3675114306545261
2019-01-18 14:44:46,744 34 loss=0.3618088670562683
2019-01-18 14:44:46,745 35 loss=0.3563426536097056
2019-01-18 14:44:46,746 36 loss=0.35109671941480836
2019-01-18 14:44:46,746 37 loss=0.3460564198668633
2019-01-18 14:44:46,747 38 loss=0.3412083882634192
2019-01-18 14:44:46,748 39 loss=0.33654040436272925
2019-01-18 14:44:46,749 40 loss=0.3320412778290777
2019-01-18 14:44:46,749 
*** Major Checkpoint. Computing Stats and Saving
2019-01-18 14:44:46,749 	 Computing Major Stats lazily... 
2019-01-18 14:44:46,751 		 Completed edges=506 good=506 bad=0
2019-01-18 14:44:46,755 Distortion avg=0.541643508784223 wc=10.04990914299206 me=1.7398417320383175 mc=5.776335259654943 nan_elements=0
2019-01-18 14:44:46,755 MAP = 0.1372387118209475
2019-01-18 14:44:46,755 scale=[array([1.])]
2019-01-18 14:44:46,755 *** End Major Checkpoint

2019-01-18 14:44:46,756 41 loss=0.3277007447637282
2019-01-18 14:44:46,757 42 loss=0.3235093757489106
2019-01-18 14:44:46,758 43 loss=0.31945849403092724
2019-01-18 14:44:46,758 44 loss=0.31554010264118304
2019-01-18 14:44:46,759 45 loss=0.3117468194041786
2019-01-18 14:44:46,760 46 loss=0.30807181891227964
2019-01-18 14:44:46,761 47 loss=0.30450878066096704
2019-01-18 14:44:46,762 48 loss=0.3010518426375212
2019-01-18 14:44:46,763 49 loss=0.2976955597426277
2019-01-18 14:44:46,763 50 loss=0.29443486649986295
2019-01-18 14:44:46,764 
*** Major Checkpoint. Computing Stats and Saving
2019-01-18 14:44:46,764 	 Computing Major Stats lazily... 
2019-01-18 14:44:46,766 		 Completed edges=506 good=506 bad=0
2019-01-18 14:44:46,769 Distortion avg=0.5027174924098398 wc=8.783836861827305 me=1.7926169730938808 mc=4.900007638925379 nan_elements=0
2019-01-18 14:44:46,770 MAP = 0.1810001544530803
2019-01-18 14:44:46,770 scale=[array([1.])]
2019-01-18 14:44:46,770 *** End Major Checkpoint

2019-01-18 14:44:46,770 final loss=0.29443486649986295
2019-01-18 14:44:46,770 best loss=0.29443486649986295, distortion=0.5027174924098398, map=0.1810001544530803, wc_dist=8.783836861827305
2019-01-18 14:44:46,770 	 Computing Major Stats lazily... 
2019-01-18 14:44:46,772 		 Completed edges=506 good=506 bad=0
2019-01-18 14:44:46,776 Distortion avg=0.5027174924098399 wc=8.783836861827305 me=1.7926169730938808 mc=4.900007638925379 nan_elements=0
2019-01-18 14:44:46,776 MAP = 0.18100015445308024
2019-01-18 14:44:46,776 scale=[array([1.])]
