2019-01-18 15:03:26,288 Commandline ['pytorch/pytorch_hyperbolic.py', 'learn', 'data/edges/parsing/ewt/ewt_dev/924.edges', '--dim', '0', '--hyp', '0', '--edim', '10', '--euc', '1', '--sdim', '0', '--sph', '0', '--log-name', 'ewt_devr2/924.edges.E10-1.lr1.log', '--batch-size', '65536', '--epochs', '50', '--checkpoint-freq', '10', '-g', '--subsample', '1024', '--learning-rate', '1']
2019-01-18 15:03:26,288 No Model Save selected!
2019-01-18 15:03:26,290 Loaded Graph data/edges/parsing/ewt/ewt_dev/924.edges with 15 nodes scale=1.0
2019-01-18 15:03:26,290 Building dataset
2019-01-18 15:03:26,291 Subsample: 15 points with scale 1.0 subsample=14
2019-01-18 15:03:26,304 Built Data Sampler
2019-01-18 15:03:26,304 Creating a fresh model warm_start?=None
2019-01-18 15:03:26,305 	 Warmstarting? None None 15
2019-01-18 15:03:26,305 Embedding() torch.Size([15, 10])
2019-01-18 15:03:26,305 relative No Rescale
2019-01-18 15:03:26,305 Constructed model with dim=0 and epochs=0 isnan=False
2019-01-18 15:03:26,306 SGD (
Parameter Group 0
    dampening: 0
    initial_lr: 0.1
    lr: 1.0
    momentum: 0.0
    nesterov: False
    weight_decay: 0

Parameter Group 1
    dampening: 0
    initial_lr: 0.1
    lr: 1.0
    momentum: 0.0
    nesterov: False
    weight_decay: 0

Parameter Group 2
    dampening: 0
    initial_lr: 0.1
    lr: 1.0
    momentum: 0.0
    nesterov: False
    weight_decay: 0

Parameter Group 3
    dampening: 0
    initial_lr: 0.0001
    lr: 0.001
    momentum: 0.0
    nesterov: False
    weight_decay: 0
)
2019-01-18 15:03:26,306 *** Initial Checkpoint. Computing Stats
2019-01-18 15:03:26,306 	 Computing Major Stats lazily... 
2019-01-18 15:03:26,307 		 Completed edges=210 good=210 bad=0
2019-01-18 15:03:26,310 Distortion avg=0.9982501136554437 wc=14.210981246616882 me=0.0059960279104134965 mc=2370.0658934452604 nan_elements=0
2019-01-18 15:03:26,310 MAP = 0.3506118881118881
2019-01-18 15:03:26,310 scale=[array([1.])]
2019-01-18 15:03:26,310 *** End Initial Checkpoint

2019-01-18 15:03:26,367 1 loss=0.9965049917869748
2019-01-18 15:03:26,368 2 loss=0.9077243612169015
2019-01-18 15:03:26,368 3 loss=0.8299107010918884
2019-01-18 15:03:26,369 4 loss=0.7641802591641745
2019-01-18 15:03:26,369 5 loss=0.7089045352459653
2019-01-18 15:03:26,370 6 loss=0.6623679034095248
2019-01-18 15:03:26,371 7 loss=0.6230575574082656
2019-01-18 15:03:26,371 8 loss=0.5896988825898544
2019-01-18 15:03:26,372 9 loss=0.5612367736818421
2019-01-18 15:03:26,372 10 loss=0.5368049813808446
2019-01-18 15:03:26,372 
*** Major Checkpoint. Computing Stats and Saving
2019-01-18 15:03:26,372 	 Computing Major Stats lazily... 
2019-01-18 15:03:26,373 		 Completed edges=210 good=210 bad=0
2019-01-18 15:03:26,376 Distortion avg=0.6703914167472176 wc=18.746178240889947 me=1.2196343320469598 mc=15.370326784280913 nan_elements=0
2019-01-18 15:03:26,376 MAP = 0.12591837175170506
2019-01-18 15:03:26,376 scale=[array([1.])]
2019-01-18 15:03:26,376 *** End Major Checkpoint

2019-01-18 15:03:26,377 11 loss=0.5156952046904452
2019-01-18 15:03:26,377 12 loss=0.49732941429857647
2019-01-18 15:03:26,378 13 loss=0.48123621664624033
2019-01-18 15:03:26,378 14 loss=0.4670311318204578
2019-01-18 15:03:26,379 15 loss=0.45440034547573366
2019-01-18 15:03:26,380 16 loss=0.4430874227277881
2019-01-18 15:03:26,380 17 loss=0.4328824936830708
2019-01-18 15:03:26,381 18 loss=0.42361347570477204
2019-01-18 15:03:26,381 19 loss=0.4151389610911568
2019-01-18 15:03:26,382 20 loss=0.40734245983390877
2019-01-18 15:03:26,382 
*** Major Checkpoint. Computing Stats and Saving
2019-01-18 15:03:26,382 	 Computing Major Stats lazily... 
2019-01-18 15:03:26,383 		 Completed edges=210 good=210 bad=0
2019-01-18 15:03:26,385 Distortion avg=0.5992446916067714 wc=15.34385058160086 me=1.534090591897036 mc=10.001919484185649 nan_elements=0
2019-01-18 15:03:26,385 MAP = 0.14920597920597922
2019-01-18 15:03:26,385 scale=[array([1.])]
2019-01-18 15:03:26,386 *** End Major Checkpoint

2019-01-18 15:03:26,386 21 loss=0.40012774144004865
2019-01-18 15:03:26,387 22 loss=0.3934150663468162
2019-01-18 15:03:26,387 23 loss=0.38713813646773065
2019-01-18 15:03:26,388 24 loss=0.38124162665100436
2019-01-18 15:03:26,388 25 loss=0.37567918524310534
2019-01-18 15:03:26,389 26 loss=0.37041181345501334
2019-01-18 15:03:26,390 27 loss=0.36540655066640715
2019-01-18 15:03:26,390 28 loss=0.3606354069033189
2019-01-18 15:03:26,391 29 loss=0.3560744951049397
2019-01-18 15:03:26,391 30 loss=0.35170332496887646
2019-01-18 15:03:26,391 
*** Major Checkpoint. Computing Stats and Saving
2019-01-18 15:03:26,391 	 Computing Major Stats lazily... 
2019-01-18 15:03:26,392 		 Completed edges=210 good=210 bad=0
2019-01-18 15:03:26,395 Distortion avg=0.5528863392608561 wc=13.83843219173283 me=1.6939094534979406 mc=8.16952297134674 nan_elements=0
2019-01-18 15:03:26,395 MAP = 0.19244736744736743
2019-01-18 15:03:26,395 scale=[array([1.])]
2019-01-18 15:03:26,395 *** End Major Checkpoint

2019-01-18 15:03:26,396 31 loss=0.3475042275536604
2019-01-18 15:03:26,396 32 loss=0.3434618857676522
2019-01-18 15:03:26,397 33 loss=0.3395629506646252
2019-01-18 15:03:26,398 34 loss=0.33579572732476853
2019-01-18 15:03:26,398 35 loss=0.3321499172082569
2019-01-18 15:03:26,399 36 loss=0.3286164063739635
2019-01-18 15:03:26,400 37 loss=0.3251870909765537
2019-01-18 15:03:26,401 38 loss=0.32185473308605417
2019-01-18 15:03:26,401 39 loss=0.31861284119129935
2019-01-18 15:03:26,402 40 loss=0.31545557081359843
2019-01-18 15:03:26,402 
*** Major Checkpoint. Computing Stats and Saving
2019-01-18 15:03:26,402 	 Computing Major Stats lazily... 
2019-01-18 15:03:26,403 		 Completed edges=210 good=210 bad=0
2019-01-18 15:03:26,405 Distortion avg=0.5145835685809127 wc=12.6696118961403 me=1.758495584057126 mc=7.204801656032318 nan_elements=0
2019-01-18 15:03:26,405 MAP = 0.3018127088960422
2019-01-18 15:03:26,406 scale=[array([1.])]
2019-01-18 15:03:26,406 *** End Major Checkpoint

2019-01-18 15:03:26,406 41 loss=0.31237764151868264
2019-01-18 15:03:26,407 42 loss=0.30937426731291057
2019-01-18 15:03:26,407 43 loss=0.3064410979755076
2019-01-18 15:03:26,408 44 loss=0.3035741693377414
2019-01-18 15:03:26,409 45 loss=0.30076986089283037
2019-01-18 15:03:26,409 46 loss=0.29802485942351775
2019-01-18 15:03:26,410 47 loss=0.2953361275808311
2019-01-18 15:03:26,410 48 loss=0.2927008765482862
2019-01-18 15:03:26,411 49 loss=0.29011654208924076
2019-01-18 15:03:26,412 50 loss=0.2875807634082371
2019-01-18 15:03:26,412 
*** Major Checkpoint. Computing Stats and Saving
2019-01-18 15:03:26,412 	 Computing Major Stats lazily... 
2019-01-18 15:03:26,413 		 Completed edges=210 good=210 bad=0
2019-01-18 15:03:26,415 Distortion avg=0.48378329462018516 wc=11.624722989425752 me=1.765239838720339 mc=6.585350463114842 nan_elements=0
2019-01-18 15:03:26,415 MAP = 0.4747089947089947
2019-01-18 15:03:26,416 scale=[array([1.])]
2019-01-18 15:03:26,416 *** End Major Checkpoint

2019-01-18 15:03:26,416 final loss=0.2875807634082371
2019-01-18 15:03:26,416 best loss=0.2875807634082371, distortion=0.48378329462018516, map=0.4747089947089947, wc_dist=11.624722989425752
2019-01-18 15:03:26,416 	 Computing Major Stats lazily... 
2019-01-18 15:03:26,417 		 Completed edges=210 good=210 bad=0
2019-01-18 15:03:26,419 Distortion avg=0.4837832946201851 wc=11.624722989425752 me=1.765239838720339 mc=6.585350463114842 nan_elements=0
2019-01-18 15:03:26,419 MAP = 0.4747089947089947
2019-01-18 15:03:26,419 scale=[array([1.])]
