2019-01-18 14:51:53,082 Commandline ['pytorch/pytorch_hyperbolic.py', 'learn', 'data/edges/parsing/ewt/ewt_dev/927.edges', '--dim', '0', '--hyp', '0', '--edim', '10', '--euc', '1', '--sdim', '0', '--sph', '0', '--log-name', 'ewt_devr2/927.edges.E10-1.lr1.log', '--batch-size', '65536', '--epochs', '50', '--checkpoint-freq', '10', '-g', '--subsample', '1024', '--learning-rate', '1']
2019-01-18 14:51:53,082 No Model Save selected!
2019-01-18 14:51:53,084 Loaded Graph data/edges/parsing/ewt/ewt_dev/927.edges with 24 nodes scale=1.0
2019-01-18 14:51:53,084 Building dataset
2019-01-18 14:51:53,085 Subsample: 24 points with scale 1.0 subsample=23
2019-01-18 14:51:53,112 Built Data Sampler
2019-01-18 14:51:53,112 Creating a fresh model warm_start?=None
2019-01-18 14:51:53,112 	 Warmstarting? None None 24
2019-01-18 14:51:53,112 Embedding() torch.Size([24, 10])
2019-01-18 14:51:53,113 relative No Rescale
2019-01-18 14:51:53,113 Constructed model with dim=0 and epochs=0 isnan=False
2019-01-18 14:51:53,113 SGD (
Parameter Group 0
    dampening: 0
    initial_lr: 0.1
    lr: 1.0
    momentum: 0.0
    nesterov: False
    weight_decay: 0

Parameter Group 1
    dampening: 0
    initial_lr: 0.1
    lr: 1.0
    momentum: 0.0
    nesterov: False
    weight_decay: 0

Parameter Group 2
    dampening: 0
    initial_lr: 0.1
    lr: 1.0
    momentum: 0.0
    nesterov: False
    weight_decay: 0

Parameter Group 3
    dampening: 0
    initial_lr: 0.0001
    lr: 0.001
    momentum: 0.0
    nesterov: False
    weight_decay: 0
)
2019-01-18 14:51:53,113 *** Initial Checkpoint. Computing Stats
2019-01-18 14:51:53,113 	 Computing Major Stats lazily... 
2019-01-18 14:51:53,116 		 Completed edges=552 good=552 bad=0
2019-01-18 14:51:53,120 Distortion avg=0.9983666369081907 wc=19.222564193145114 me=0.006841983940850235 mc=2809.5015070667323 nan_elements=0
2019-01-18 14:51:53,120 MAP = 0.25333163809829723
2019-01-18 14:51:53,120 scale=[array([1.])]
2019-01-18 14:51:53,120 *** End Initial Checkpoint

2019-01-18 14:51:53,179 1 loss=0.9967370875585154
2019-01-18 14:51:53,181 2 loss=0.9487932923216059
2019-01-18 14:51:53,181 3 loss=0.9031339580935731
2019-01-18 14:51:53,182 4 loss=0.8610664857478206
2019-01-18 14:51:53,183 5 loss=0.8224531368687849
2019-01-18 14:51:53,184 6 loss=0.7870149831563559
2019-01-18 14:51:53,185 7 loss=0.7544600756089257
2019-01-18 14:51:53,186 8 loss=0.7245118629370946
2019-01-18 14:51:53,186 9 loss=0.6969167678468342
2019-01-18 14:51:53,187 10 loss=0.6714454777375748
2019-01-18 14:51:53,187 
*** Major Checkpoint. Computing Stats and Saving
2019-01-18 14:51:53,187 	 Computing Major Stats lazily... 
2019-01-18 14:51:53,190 		 Completed edges=552 good=552 bad=0
2019-01-18 14:51:53,193 Distortion avg=0.7870811656102626 wc=21.468108803556966 me=0.9983215579121292 mc=21.504202361867215 nan_elements=0
2019-01-18 14:51:53,193 MAP = 0.09900640313405464
2019-01-18 14:51:53,194 scale=[array([1.])]
2019-01-18 14:51:53,194 *** End Major Checkpoint

2019-01-18 14:51:53,195 11 loss=0.6478920045473939
2019-01-18 14:51:53,195 12 loss=0.6260719337924548
2019-01-18 14:51:53,196 13 loss=0.6058204319192273
2019-01-18 14:51:53,197 14 loss=0.586990256855181
2019-01-18 14:51:53,198 15 loss=0.569449878375167
2019-01-18 14:51:53,199 16 loss=0.5530817513168399
2019-01-18 14:51:53,200 17 loss=0.537780754096612
2019-01-18 14:51:53,201 18 loss=0.5234527900552997
2019-01-18 14:51:53,202 19 loss=0.5100135420646513
2019-01-18 14:51:53,202 20 loss=0.4973873677738176
2019-01-18 14:51:53,202 
*** Major Checkpoint. Computing Stats and Saving
2019-01-18 14:51:53,203 	 Computing Major Stats lazily... 
2019-01-18 14:51:53,205 		 Completed edges=552 good=552 bad=0
2019-01-18 14:51:53,208 Distortion avg=0.6640172661793966 wc=17.3734429789266 me=1.406726135238264 mc=12.350266724790734 nan_elements=0
2019-01-18 14:51:53,209 MAP = 0.10400705935314813
2019-01-18 14:51:53,209 scale=[array([1.])]
2019-01-18 14:51:53,209 *** End Major Checkpoint

2019-01-18 14:51:53,210 21 loss=0.48550632195018983
2019-01-18 14:51:53,210 22 loss=0.4743092925585699
2019-01-18 14:51:53,211 23 loss=0.46374123797558053
2019-01-18 14:51:53,212 24 loss=0.45375251374774783
2019-01-18 14:51:53,213 25 loss=0.4442982784022027
2019-01-18 14:51:53,214 26 loss=0.43533796891501086
2019-01-18 14:51:53,215 27 loss=0.426834837483995
2019-01-18 14:51:53,215 28 loss=0.418755542216146
2019-01-18 14:51:53,216 29 loss=0.41106978521457244
2019-01-18 14:51:53,217 30 loss=0.40374999233512765
2019-01-18 14:51:53,217 
*** Major Checkpoint. Computing Stats and Saving
2019-01-18 14:51:53,217 	 Computing Major Stats lazily... 
2019-01-18 14:51:53,219 		 Completed edges=552 good=552 bad=0
2019-01-18 14:51:53,223 Distortion avg=0.5985471441929309 wc=14.659586891408217 me=1.5292145368603245 mc=9.586350729771539 nan_elements=0
2019-01-18 14:51:53,223 MAP = 0.11723612196343636
2019-01-18 14:51:53,223 scale=[array([1.])]
2019-01-18 14:51:53,223 *** End Major Checkpoint

2019-01-18 14:51:53,224 31 loss=0.39677102958173155
2019-01-18 14:51:53,225 32 loss=0.39010995172785584
2019-01-18 14:51:53,226 33 loss=0.3837457792965856
2019-01-18 14:51:53,227 34 loss=0.3776593005104174
2019-01-18 14:51:53,228 35 loss=0.37183289524162155
2019-01-18 14:51:53,228 36 loss=0.36625037836130875
2019-01-18 14:51:53,229 37 loss=0.36089686020652056
2019-01-18 14:51:53,230 38 loss=0.3557586221653133
2019-01-18 14:51:53,231 39 loss=0.3508230056249599
2019-01-18 14:51:53,232 40 loss=0.34607831274253936
2019-01-18 14:51:53,232 
*** Major Checkpoint. Computing Stats and Saving
2019-01-18 14:51:53,232 	 Computing Major Stats lazily... 
2019-01-18 14:51:53,234 		 Completed edges=552 good=552 bad=0
2019-01-18 14:51:53,238 Distortion avg=0.5494922209166527 wc=13.748500650240878 me=1.6631194681748722 mc=8.266694554017008 nan_elements=0
2019-01-18 14:51:53,238 MAP = 0.13657786548942266
2019-01-18 14:51:53,238 scale=[array([1.])]
2019-01-18 14:51:53,238 *** End Major Checkpoint

2019-01-18 14:51:53,239 41 loss=0.34151371768425476
2019-01-18 14:51:53,240 42 loss=0.3371191871432933
2019-01-18 14:51:53,240 43 loss=0.33288540908895015
2019-01-18 14:51:53,241 44 loss=0.3288037288247393
2019-01-18 14:51:53,242 45 loss=0.32486609154260965
2019-01-18 14:51:53,243 46 loss=0.32106499065620103
2019-01-18 14:51:53,244 47 loss=0.3173934212800442
2019-01-18 14:51:53,245 48 loss=0.313844838295256
2019-01-18 14:51:53,245 49 loss=0.3104131185069398
2019-01-18 14:51:53,246 50 loss=0.3070925264552864
2019-01-18 14:51:53,246 
*** Major Checkpoint. Computing Stats and Saving
2019-01-18 14:51:53,246 	 Computing Major Stats lazily... 
2019-01-18 14:51:53,249 		 Completed edges=552 good=552 bad=0
2019-01-18 14:51:53,252 Distortion avg=0.5092805646700823 wc=12.94986139861147 me=1.7240189429565003 mc=7.511437998705456 nan_elements=0
2019-01-18 14:51:53,252 MAP = 0.167876239851845
2019-01-18 14:51:53,252 scale=[array([1.])]
2019-01-18 14:51:53,253 *** End Major Checkpoint

2019-01-18 14:51:53,253 final loss=0.3070925264552864
2019-01-18 14:51:53,253 best loss=0.3070925264552864, distortion=0.5092805646700823, map=0.167876239851845, wc_dist=12.94986139861147
2019-01-18 14:51:53,253 	 Computing Major Stats lazily... 
2019-01-18 14:51:53,255 		 Completed edges=552 good=552 bad=0
2019-01-18 14:51:53,259 Distortion avg=0.509280564670083 wc=12.94986139861147 me=1.7240189429565003 mc=7.511437998705456 nan_elements=0
2019-01-18 14:51:53,259 MAP = 0.16787623985184505
2019-01-18 14:51:53,259 scale=[array([1.])]
