2019-01-18 14:39:58,789 Commandline ['pytorch/pytorch_hyperbolic.py', 'learn', 'data/edges/parsing/ewt/ewt_dev/940.edges', '--dim', '0', '--hyp', '0', '--edim', '10', '--euc', '1', '--sdim', '0', '--sph', '0', '--log-name', 'ewt_devr2/940.edges.E10-1.lr1.log', '--batch-size', '65536', '--epochs', '50', '-g', '--subsample', '1024', '--learning-rate', '1']
2019-01-18 14:39:58,789 No Model Save selected!
2019-01-18 14:39:58,791 Loaded Graph data/edges/parsing/ewt/ewt_dev/940.edges with 47 nodes scale=1.0
2019-01-18 14:39:58,791 Building dataset
2019-01-18 14:39:58,792 Subsample: 47 points with scale 1.0 subsample=46
2019-01-18 14:39:58,878 Built Data Sampler
2019-01-18 14:39:58,878 Creating a fresh model warm_start?=None
2019-01-18 14:39:58,878 	 Warmstarting? None None 47
2019-01-18 14:39:58,878 Embedding() torch.Size([47, 10])
2019-01-18 14:39:58,879 relative No Rescale
2019-01-18 14:39:58,879 Constructed model with dim=0 and epochs=0 isnan=False
2019-01-18 14:39:58,879 SGD (
Parameter Group 0
    dampening: 0
    initial_lr: 0.1
    lr: 1.0
    momentum: 0.0
    nesterov: False
    weight_decay: 0

Parameter Group 1
    dampening: 0
    initial_lr: 0.1
    lr: 1.0
    momentum: 0.0
    nesterov: False
    weight_decay: 0

Parameter Group 2
    dampening: 0
    initial_lr: 0.1
    lr: 1.0
    momentum: 0.0
    nesterov: False
    weight_decay: 0

Parameter Group 3
    dampening: 0
    initial_lr: 0.0001
    lr: 0.001
    momentum: 0.0
    nesterov: False
    weight_decay: 0
)
2019-01-18 14:39:58,879 *** Initial Checkpoint. Computing Stats
2019-01-18 14:39:58,879 	 Computing Major Stats lazily... 
2019-01-18 14:39:58,888 		 Completed edges=2162 good=2162 bad=0
2019-01-18 14:39:58,895 Distortion avg=0.9987820790310379 wc=22.49210200299668 me=0.006359069067667888 mc=3537.0117486780796 nan_elements=0
2019-01-18 14:39:58,895 MAP = 0.08628708756777183
2019-01-18 14:39:58,895 scale=[array([1.])]
2019-01-18 14:39:58,895 *** End Initial Checkpoint

2019-01-18 14:39:58,955 1 loss=0.9975664396720756
2019-01-18 14:39:58,957 2 loss=0.983674454639276
2019-01-18 14:39:58,959 3 loss=0.9697773048839755
2019-01-18 14:39:58,961 4 loss=0.9561598065630892
2019-01-18 14:39:58,963 5 loss=0.942863177766128
2019-01-18 14:39:58,965 6 loss=0.9298961608100996
2019-01-18 14:39:58,966 7 loss=0.9172578223228355
2019-01-18 14:39:58,968 8 loss=0.904943307493053
2019-01-18 14:39:58,970 9 loss=0.8929459228125234
2019-01-18 14:39:58,972 10 loss=0.8812580603632896
2019-01-18 14:39:58,974 11 loss=0.8698716652553391
2019-01-18 14:39:58,976 12 loss=0.8587784940598802
2019-01-18 14:39:58,977 13 loss=0.8479702668750759
2019-01-18 14:39:58,979 14 loss=0.8374387607408639
2019-01-18 14:39:58,981 15 loss=0.8271758686372809
2019-01-18 14:39:58,983 16 loss=0.8171736372660693
2019-01-18 14:39:58,985 17 loss=0.8074242912248191
2019-01-18 14:39:58,986 18 loss=0.7979202481709018
2019-01-18 14:39:58,988 19 loss=0.7886541278643029
2019-01-18 14:39:58,990 20 loss=0.7796187569667139
2019-01-18 14:39:58,992 21 loss=0.7708071708522365
2019-01-18 14:39:58,994 22 loss=0.7622126132900469
2019-01-18 14:39:58,996 23 loss=0.7538285346013393
2019-01-18 14:39:58,998 24 loss=0.7456485887200391
2019-01-18 14:39:59,000 25 loss=0.7376666294684358
2019-01-18 14:39:59,002 26 loss=0.7298767062762275
2019-01-18 14:39:59,004 27 loss=0.7222730595127155
2019-01-18 14:39:59,005 28 loss=0.7148501155594553
2019-01-18 14:39:59,007 29 loss=0.7076024817195826
2019-01-18 14:39:59,009 30 loss=0.700524941036979
2019-01-18 14:39:59,011 31 loss=0.6936124470811211
2019-01-18 14:39:59,013 32 loss=0.6868601187403409
2019-01-18 14:39:59,015 33 loss=0.680263235056179
2019-01-18 14:39:59,017 34 loss=0.6738172301237548
2019-01-18 14:39:59,019 35 loss=0.6675176880770686
2019-01-18 14:39:59,021 36 loss=0.6613603381734263
2019-01-18 14:39:59,023 37 loss=0.6553410499874877
2019-01-18 14:39:59,024 38 loss=0.6494558287225068
2019-01-18 14:39:59,026 39 loss=0.6437008106440207
2019-01-18 14:39:59,028 40 loss=0.6380722586393996
2019-01-18 14:39:59,030 41 loss=0.632566557905213
2019-01-18 14:39:59,032 42 loss=0.627180211763189
2019-01-18 14:39:59,034 43 loss=0.6219098376046349
2019-01-18 14:39:59,036 44 loss=0.6167521629624305
2019-01-18 14:39:59,038 45 loss=0.6117040217091452
2019-01-18 14:39:59,039 46 loss=0.6067623503793561
2019-01-18 14:39:59,041 47 loss=0.6019241846139025
2019-01-18 14:39:59,043 48 loss=0.5971866557235275
2019-01-18 14:39:59,045 49 loss=0.5925469873691673
2019-01-18 14:39:59,047 50 loss=0.588002492355975
2019-01-18 14:39:59,047 final loss=0.588002492355975
2019-01-18 14:39:59,047 best loss=10000000000.0, distortion=10000000000.0, map=0.0, wc_dist=10000000000.0
2019-01-18 14:39:59,047 	 Computing Major Stats lazily... 
2019-01-18 14:39:59,055 		 Completed edges=2162 good=2162 bad=0
2019-01-18 14:39:59,062 Distortion avg=0.7425039443949221 wc=34.349036687555966 me=1.4973450776961985 mc=22.939960333262043 nan_elements=0
2019-01-18 14:39:59,063 MAP = 0.04422075938329247
2019-01-18 14:39:59,063 scale=[array([1.])]
2019-01-18 15:03:57,555 Commandline ['pytorch/pytorch_hyperbolic.py', 'learn', 'data/edges/parsing/ewt/ewt_dev/940.edges', '--dim', '0', '--hyp', '0', '--edim', '10', '--euc', '1', '--sdim', '0', '--sph', '0', '--log-name', 'ewt_devr2/940.edges.E10-1.lr1.log', '--batch-size', '65536', '--epochs', '50', '--checkpoint-freq', '10', '-g', '--subsample', '1024', '--learning-rate', '1']
2019-01-18 15:03:57,556 No Model Save selected!
2019-01-18 15:03:57,557 Loaded Graph data/edges/parsing/ewt/ewt_dev/940.edges with 47 nodes scale=1.0
2019-01-18 15:03:57,558 Building dataset
2019-01-18 15:03:57,558 Subsample: 47 points with scale 1.0 subsample=46
2019-01-18 15:03:57,643 Built Data Sampler
2019-01-18 15:03:57,643 Creating a fresh model warm_start?=None
2019-01-18 15:03:57,643 	 Warmstarting? None None 47
2019-01-18 15:03:57,644 Embedding() torch.Size([47, 10])
2019-01-18 15:03:57,644 relative No Rescale
2019-01-18 15:03:57,644 Constructed model with dim=0 and epochs=0 isnan=False
2019-01-18 15:03:57,644 SGD (
Parameter Group 0
    dampening: 0
    initial_lr: 0.1
    lr: 1.0
    momentum: 0.0
    nesterov: False
    weight_decay: 0

Parameter Group 1
    dampening: 0
    initial_lr: 0.1
    lr: 1.0
    momentum: 0.0
    nesterov: False
    weight_decay: 0

Parameter Group 2
    dampening: 0
    initial_lr: 0.1
    lr: 1.0
    momentum: 0.0
    nesterov: False
    weight_decay: 0

Parameter Group 3
    dampening: 0
    initial_lr: 0.0001
    lr: 0.001
    momentum: 0.0
    nesterov: False
    weight_decay: 0
)
2019-01-18 15:03:57,644 *** Initial Checkpoint. Computing Stats
2019-01-18 15:03:57,644 	 Computing Major Stats lazily... 
2019-01-18 15:03:57,653 		 Completed edges=2162 good=2162 bad=0
2019-01-18 15:03:57,660 Distortion avg=0.9987820790310379 wc=22.49210200299668 me=0.006359069067667888 mc=3537.0117486780796 nan_elements=0
2019-01-18 15:03:57,660 MAP = 0.08628708756777183
2019-01-18 15:03:57,661 scale=[array([1.])]
2019-01-18 15:03:57,661 *** End Initial Checkpoint

2019-01-18 15:03:57,720 1 loss=0.9975664396720756
2019-01-18 15:03:57,722 2 loss=0.983674454639276
2019-01-18 15:03:57,724 3 loss=0.9697773048839755
2019-01-18 15:03:57,726 4 loss=0.9561598065630892
2019-01-18 15:03:57,727 5 loss=0.942863177766128
2019-01-18 15:03:57,729 6 loss=0.9298961608100996
2019-01-18 15:03:57,731 7 loss=0.9172578223228355
2019-01-18 15:03:57,733 8 loss=0.904943307493053
2019-01-18 15:03:57,735 9 loss=0.8929459228125234
2019-01-18 15:03:57,737 10 loss=0.8812580603632896
2019-01-18 15:03:57,737 
*** Major Checkpoint. Computing Stats and Saving
2019-01-18 15:03:57,737 	 Computing Major Stats lazily... 
2019-01-18 15:03:57,744 		 Completed edges=2162 good=2162 bad=0
2019-01-18 15:03:57,752 Distortion avg=0.9305877457956495 wc=44.093814699820875 me=0.4441764487001587 mc=99.27094250237117 nan_elements=0
2019-01-18 15:03:57,752 MAP = 0.04408365507432278
2019-01-18 15:03:57,753 scale=[array([1.])]
2019-01-18 15:03:57,753 *** End Major Checkpoint

2019-01-18 15:03:57,755 11 loss=0.8698716652553393
2019-01-18 15:03:57,757 12 loss=0.8587784940598802
2019-01-18 15:03:57,759 13 loss=0.8479702668750759
2019-01-18 15:03:57,761 14 loss=0.837438760740864
2019-01-18 15:03:57,762 15 loss=0.827175868637281
2019-01-18 15:03:57,764 16 loss=0.8171736372660695
2019-01-18 15:03:57,766 17 loss=0.8074242912248191
2019-01-18 15:03:57,768 18 loss=0.7979202481709021
2019-01-18 15:03:57,770 19 loss=0.7886541278643027
2019-01-18 15:03:57,772 20 loss=0.7796187569667138
2019-01-18 15:03:57,772 
*** Major Checkpoint. Computing Stats and Saving
2019-01-18 15:03:57,772 	 Computing Major Stats lazily... 
2019-01-18 15:03:57,780 		 Completed edges=2162 good=2162 bad=0
2019-01-18 15:03:57,787 Distortion avg=0.8704208787199352 wc=41.9389683937617 me=0.8083778125462342 mc=51.880405106199085 nan_elements=0
2019-01-18 15:03:57,787 MAP = 0.04332155321435337
2019-01-18 15:03:57,787 scale=[array([1.])]
2019-01-18 15:03:57,787 *** End Major Checkpoint

2019-01-18 15:03:57,789 21 loss=0.7708071708522364
2019-01-18 15:03:57,791 22 loss=0.7622126132900466
2019-01-18 15:03:57,793 23 loss=0.7538285346013394
2019-01-18 15:03:57,795 24 loss=0.7456485887200393
2019-01-18 15:03:57,796 25 loss=0.7376666294684356
2019-01-18 15:03:57,798 26 loss=0.7298767062762275
2019-01-18 15:03:57,800 27 loss=0.7222730595127154
2019-01-18 15:03:57,802 28 loss=0.7148501155594551
2019-01-18 15:03:57,804 29 loss=0.7076024817195826
2019-01-18 15:03:57,805 30 loss=0.700524941036979
2019-01-18 15:03:57,805 
*** Major Checkpoint. Computing Stats and Saving
2019-01-18 15:03:57,806 	 Computing Major Stats lazily... 
2019-01-18 15:03:57,814 		 Completed edges=2162 good=2162 bad=0
2019-01-18 15:03:57,822 Distortion avg=0.8179780925759114 wc=39.260211234732196 me=1.096726280725599 mc=35.79763877706793 nan_elements=0
2019-01-18 15:03:57,822 MAP = 0.04325184788921997
2019-01-18 15:03:57,822 scale=[array([1.])]
2019-01-18 15:03:57,822 *** End Major Checkpoint

2019-01-18 15:03:57,825 31 loss=0.6936124470811211
2019-01-18 15:03:57,827 32 loss=0.6868601187403409
2019-01-18 15:03:57,829 33 loss=0.6802632350561791
2019-01-18 15:03:57,831 34 loss=0.6738172301237549
2019-01-18 15:03:57,833 35 loss=0.6675176880770685
2019-01-18 15:03:57,835 36 loss=0.6613603381734263
2019-01-18 15:03:57,836 37 loss=0.6553410499874874
2019-01-18 15:03:57,838 38 loss=0.6494558287225068
2019-01-18 15:03:57,840 39 loss=0.6437008106440206
2019-01-18 15:03:57,842 40 loss=0.6380722586393998
2019-01-18 15:03:57,842 
*** Major Checkpoint. Computing Stats and Saving
2019-01-18 15:03:57,842 	 Computing Major Stats lazily... 
2019-01-18 15:03:57,850 		 Completed edges=2162 good=2162 bad=0
2019-01-18 15:03:57,858 Distortion avg=0.7750876389583989 wc=36.70288433469685 me=1.3224851359230752 mc=27.752965487267105 nan_elements=0
2019-01-18 15:03:57,858 MAP = 0.043588636689628736
2019-01-18 15:03:57,858 scale=[array([1.])]
2019-01-18 15:03:57,858 *** End Major Checkpoint

2019-01-18 15:03:57,860 41 loss=0.6325665579052129
2019-01-18 15:03:57,862 42 loss=0.6271802117631892
2019-01-18 15:03:57,864 43 loss=0.621909837604635
2019-01-18 15:03:57,866 44 loss=0.6167521629624305
2019-01-18 15:03:57,868 45 loss=0.6117040217091451
2019-01-18 15:03:57,870 46 loss=0.6067623503793561
2019-01-18 15:03:57,871 47 loss=0.6019241846139022
2019-01-18 15:03:57,873 48 loss=0.5971866557235276
2019-01-18 15:03:57,875 49 loss=0.5925469873691673
2019-01-18 15:03:57,877 50 loss=0.588002492355975
2019-01-18 15:03:57,877 
*** Major Checkpoint. Computing Stats and Saving
2019-01-18 15:03:57,877 	 Computing Major Stats lazily... 
2019-01-18 15:03:57,885 		 Completed edges=2162 good=2162 bad=0
2019-01-18 15:03:57,893 Distortion avg=0.7425039443949223 wc=34.349036687555966 me=1.4973450776961985 mc=22.939960333262043 nan_elements=0
2019-01-18 15:03:57,893 MAP = 0.044220759383292466
2019-01-18 15:03:57,893 scale=[array([1.])]
2019-01-18 15:03:57,893 *** End Major Checkpoint

2019-01-18 15:03:57,893 final loss=0.588002492355975
2019-01-18 15:03:57,893 best loss=0.588002492355975, distortion=0.7425039443949223, map=0.044220759383292466, wc_dist=34.349036687555966
2019-01-18 15:03:57,893 	 Computing Major Stats lazily... 
2019-01-18 15:03:57,901 		 Completed edges=2162 good=2162 bad=0
2019-01-18 15:03:57,908 Distortion avg=0.7425039443949205 wc=34.349036687555966 me=1.4973450776961985 mc=22.939960333262043 nan_elements=0
2019-01-18 15:03:57,908 MAP = 0.04422075938329247
2019-01-18 15:03:57,909 scale=[array([1.])]
