2019-01-18 14:49:57,871 Commandline ['pytorch/pytorch_hyperbolic.py', 'learn', 'data/edges/parsing/ewt/ewt_dev/941.edges', '--dim', '0', '--hyp', '0', '--edim', '10', '--euc', '1', '--sdim', '0', '--sph', '0', '--log-name', 'ewt_devr2/941.edges.E10-1.lr1.log', '--batch-size', '65536', '--epochs', '50', '--checkpoint-freq', '10', '-g', '--subsample', '1024', '--learning-rate', '1']
2019-01-18 14:49:57,871 No Model Save selected!
2019-01-18 14:49:57,873 Loaded Graph data/edges/parsing/ewt/ewt_dev/941.edges with 44 nodes scale=1.0
2019-01-18 14:49:57,873 Building dataset
2019-01-18 14:49:57,874 Subsample: 44 points with scale 1.0 subsample=43
2019-01-18 14:49:57,949 Built Data Sampler
2019-01-18 14:49:57,949 Creating a fresh model warm_start?=None
2019-01-18 14:49:57,949 	 Warmstarting? None None 44
2019-01-18 14:49:57,949 Embedding() torch.Size([44, 10])
2019-01-18 14:49:57,950 relative No Rescale
2019-01-18 14:49:57,950 Constructed model with dim=0 and epochs=0 isnan=False
2019-01-18 14:49:57,950 SGD (
Parameter Group 0
    dampening: 0
    initial_lr: 0.1
    lr: 1.0
    momentum: 0.0
    nesterov: False
    weight_decay: 0

Parameter Group 1
    dampening: 0
    initial_lr: 0.1
    lr: 1.0
    momentum: 0.0
    nesterov: False
    weight_decay: 0

Parameter Group 2
    dampening: 0
    initial_lr: 0.1
    lr: 1.0
    momentum: 0.0
    nesterov: False
    weight_decay: 0

Parameter Group 3
    dampening: 0
    initial_lr: 0.0001
    lr: 0.001
    momentum: 0.0
    nesterov: False
    weight_decay: 0
)
2019-01-18 14:49:57,950 *** Initial Checkpoint. Computing Stats
2019-01-18 14:49:57,950 	 Computing Major Stats lazily... 
2019-01-18 14:49:57,958 		 Completed edges=1892 good=1892 bad=0
2019-01-18 14:49:57,965 Distortion avg=0.9987583728014071 wc=27.951706373610136 me=0.006218119634235663 mc=4495.202411306772 nan_elements=0
2019-01-18 14:49:57,965 MAP = 0.0919950735310481
2019-01-18 14:49:57,965 scale=[array([1.])]
2019-01-18 14:49:57,965 *** End Initial Checkpoint

2019-01-18 14:49:58,023 1 loss=0.9975190872048024
2019-01-18 14:49:58,026 2 loss=0.9815211635232278
2019-01-18 14:49:58,027 3 loss=0.9654964093692389
2019-01-18 14:49:58,029 4 loss=0.949852799157862
2019-01-18 14:49:58,030 5 loss=0.9346427577286923
2019-01-18 14:49:58,032 6 loss=0.9198744854894362
2019-01-18 14:49:58,034 7 loss=0.9055433427688799
2019-01-18 14:49:58,036 8 loss=0.8916396819479482
2019-01-18 14:49:58,038 9 loss=0.8781516603144965
2019-01-18 14:49:58,040 10 loss=0.8650664744967294
2019-01-18 14:49:58,040 
*** Major Checkpoint. Computing Stats and Saving
2019-01-18 14:49:58,040 	 Computing Major Stats lazily... 
2019-01-18 14:49:58,047 		 Completed edges=1892 good=1892 bad=0
2019-01-18 14:49:58,053 Distortion avg=0.9204443659318398 wc=59.47300952286351 me=0.5658024780049993 mc=105.1126706488868 nan_elements=0
2019-01-18 14:49:58,054 MAP = 0.04819364534429127
2019-01-18 14:49:58,054 scale=[array([1.])]
2019-01-18 14:49:58,054 *** End Major Checkpoint

2019-01-18 14:49:58,056 11 loss=0.852370974202994
2019-01-18 14:49:58,057 12 loss=0.8400519930706903
2019-01-18 14:49:58,059 13 loss=0.8280965363209992
2019-01-18 14:49:58,061 14 loss=0.8164918900610366
2019-01-18 14:49:58,062 15 loss=0.8052256850981327
2019-01-18 14:49:58,064 16 loss=0.7942859331187596
2019-01-18 14:49:58,066 17 loss=0.7836610454869888
2019-01-18 14:49:58,067 18 loss=0.7733398408289323
2019-01-18 14:49:58,069 19 loss=0.7633115452543506
2019-01-18 14:49:58,071 20 loss=0.7535657876976577
2019-01-18 14:49:58,071 
*** Major Checkpoint. Computing Stats and Saving
2019-01-18 14:49:58,071 	 Computing Major Stats lazily... 
2019-01-18 14:49:58,078 		 Completed edges=1892 good=1892 bad=0
2019-01-18 14:49:58,084 Distortion avg=0.8527843258822423 wc=55.87765026848337 me=0.9791446380656122 mc=57.06782031597974 nan_elements=0
2019-01-18 14:49:58,084 MAP = 0.04629261927580026
2019-01-18 14:49:58,085 scale=[array([1.])]
2019-01-18 14:49:58,085 *** End Major Checkpoint

2019-01-18 14:49:58,086 21 loss=0.7440925920207745
2019-01-18 14:49:58,088 22 loss=0.7348823669884706
2019-01-18 14:49:58,090 23 loss=0.7259258948806341
2019-01-18 14:49:58,091 24 loss=0.7172143192750804
2019-01-18 14:49:58,093 25 loss=0.7087391323773181
2019-01-18 14:49:58,095 26 loss=0.7004921621646855
2019-01-18 14:49:58,096 27 loss=0.6924655595354697
2019-01-18 14:49:58,098 28 loss=0.6846517855987269
2019-01-18 14:49:58,100 29 loss=0.6770435992008802
2019-01-18 14:49:58,102 30 loss=0.6696340447561963
2019-01-18 14:49:58,102 
*** Major Checkpoint. Computing Stats and Saving
2019-01-18 14:49:58,102 	 Computing Major Stats lazily... 
2019-01-18 14:49:58,109 		 Completed edges=1892 good=1892 bad=0
2019-01-18 14:49:58,115 Distortion avg=0.7960803117830072 wc=50.49520865667818 me=1.2696258418198954 mc=39.77172407289521 nan_elements=0
2019-01-18 14:49:58,115 MAP = 0.046674607421060915
2019-01-18 14:49:58,115 scale=[array([1.])]
2019-01-18 14:49:58,116 *** End Major Checkpoint

2019-01-18 14:49:58,117 31 loss=0.6624164404269322
2019-01-18 14:49:58,119 32 loss=0.6553843666831731
2019-01-18 14:49:58,122 33 loss=0.6485316552606224
2019-01-18 14:49:58,123 34 loss=0.6418523785258714
2019-01-18 14:49:58,125 35 loss=0.6353408392521335
2019-01-18 14:49:58,127 36 loss=0.6289915608035964
2019-01-18 14:49:58,128 37 loss=0.6227992777229288
2019-01-18 14:49:58,130 38 loss=0.6167589267138748
2019-01-18 14:49:58,132 39 loss=0.6108656380089655
2019-01-18 14:49:58,133 40 loss=0.6051147271110573
2019-01-18 14:49:58,133 
*** Major Checkpoint. Computing Stats and Saving
2019-01-18 14:49:58,133 	 Computing Major Stats lazily... 
2019-01-18 14:49:58,140 		 Completed edges=1892 good=1892 bad=0
2019-01-18 14:49:58,147 Distortion avg=0.7521928911774575 wc=45.205778893853946 me=1.4688849378354383 mc=30.775575219982564 nan_elements=0
2019-01-18 14:49:58,147 MAP = 0.04721920579764482
2019-01-18 14:49:58,147 scale=[array([1.])]
2019-01-18 14:49:58,147 *** End Major Checkpoint

2019-01-18 14:49:58,149 41 loss=0.5995016868964974
2019-01-18 14:49:58,151 42 loss=0.5940221800671759
2019-01-18 14:49:58,153 43 loss=0.5886720319383973
2019-01-18 14:49:58,154 44 loss=0.5834472235494116
2019-01-18 14:49:58,157 45 loss=0.5783438850834753
2019-01-18 14:49:58,159 46 loss=0.5733582895844787
2019-01-18 14:49:58,160 47 loss=0.5684868469574023
2019-01-18 14:49:58,162 48 loss=0.5637260982401869
2019-01-18 14:49:58,164 49 loss=0.5590727101349405
2019-01-18 14:49:58,166 50 loss=0.5545234697867876
2019-01-18 14:49:58,166 
*** Major Checkpoint. Computing Stats and Saving
2019-01-18 14:49:58,166 	 Computing Major Stats lazily... 
2019-01-18 14:49:58,173 		 Completed edges=1892 good=1892 bad=0
2019-01-18 14:49:58,180 Distortion avg=0.7176981698583382 wc=40.39629553761651 me=1.6007529590014666 mc=25.23580875515939 nan_elements=0
2019-01-18 14:49:58,180 MAP = 0.04802393647003282
2019-01-18 14:49:58,180 scale=[array([1.])]
2019-01-18 14:49:58,180 *** End Major Checkpoint

2019-01-18 14:49:58,180 final loss=0.5545234697867876
2019-01-18 14:49:58,180 best loss=0.5545234697867876, distortion=0.7176981698583382, map=0.04819364534429127, wc_dist=40.39629553761651
2019-01-18 14:49:58,180 	 Computing Major Stats lazily... 
2019-01-18 14:49:58,187 		 Completed edges=1892 good=1892 bad=0
2019-01-18 14:49:58,194 Distortion avg=0.7176981698583362 wc=40.39629553761651 me=1.6007529590014666 mc=25.23580875515939 nan_elements=0
2019-01-18 14:49:58,194 MAP = 0.04802393647003281
2019-01-18 14:49:58,194 scale=[array([1.])]
