2019-01-18 14:54:50,219 Commandline ['pytorch/pytorch_hyperbolic.py', 'learn', 'data/edges/parsing/ewt/ewt_dev/944.edges', '--dim', '0', '--hyp', '0', '--edim', '10', '--euc', '1', '--sdim', '0', '--sph', '0', '--log-name', 'ewt_devr2/944.edges.E10-1.lr1.log', '--batch-size', '65536', '--epochs', '50', '--checkpoint-freq', '10', '-g', '--subsample', '1024', '--learning-rate', '1']
2019-01-18 14:54:50,220 No Model Save selected!
2019-01-18 14:54:50,221 Loaded Graph data/edges/parsing/ewt/ewt_dev/944.edges with 8 nodes scale=1.0
2019-01-18 14:54:50,221 Building dataset
2019-01-18 14:54:50,222 Subsample: 8 points with scale 1.0 subsample=7
2019-01-18 14:54:50,228 Built Data Sampler
2019-01-18 14:54:50,228 Creating a fresh model warm_start?=None
2019-01-18 14:54:50,228 	 Warmstarting? None None 8
2019-01-18 14:54:50,228 Embedding() torch.Size([8, 10])
2019-01-18 14:54:50,228 relative No Rescale
2019-01-18 14:54:50,229 Constructed model with dim=0 and epochs=0 isnan=False
2019-01-18 14:54:50,229 SGD (
Parameter Group 0
    dampening: 0
    initial_lr: 0.1
    lr: 1.0
    momentum: 0.0
    nesterov: False
    weight_decay: 0

Parameter Group 1
    dampening: 0
    initial_lr: 0.1
    lr: 1.0
    momentum: 0.0
    nesterov: False
    weight_decay: 0

Parameter Group 2
    dampening: 0
    initial_lr: 0.1
    lr: 1.0
    momentum: 0.0
    nesterov: False
    weight_decay: 0

Parameter Group 3
    dampening: 0
    initial_lr: 0.0001
    lr: 0.001
    momentum: 0.0
    nesterov: False
    weight_decay: 0
)
2019-01-18 14:54:50,229 *** Initial Checkpoint. Computing Stats
2019-01-18 14:54:50,229 	 Computing Major Stats lazily... 
2019-01-18 14:54:50,230 		 Completed edges=56 good=56 bad=0
2019-01-18 14:54:50,232 Distortion avg=0.9973459034963675 wc=5.751184174970984 me=0.005941110731069004 mc=968.0318100949036 nan_elements=0
2019-01-18 14:54:50,232 MAP = 0.3317460317460318
2019-01-18 14:54:50,232 scale=[array([1.])]
2019-01-18 14:54:50,232 *** End Initial Checkpoint

2019-01-18 14:54:50,289 1 loss=0.9947009441676113
2019-01-18 14:54:50,289 2 loss=0.6687111616436369
2019-01-18 14:54:50,290 3 loss=0.4957868867573249
2019-01-18 14:54:50,290 4 loss=0.4042621765183912
2019-01-18 14:54:50,291 5 loss=0.3497900158517373
2019-01-18 14:54:50,291 6 loss=0.3131991111454718
2019-01-18 14:54:50,292 7 loss=0.2861267145761847
2019-01-18 14:54:50,292 8 loss=0.26471732582610735
2019-01-18 14:54:50,293 9 loss=0.24703696437547398
2019-01-18 14:54:50,293 10 loss=0.23200655712796592
2019-01-18 14:54:50,293 
*** Major Checkpoint. Computing Stats and Saving
2019-01-18 14:54:50,293 	 Computing Major Stats lazily... 
2019-01-18 14:54:50,294 		 Completed edges=56 good=56 bad=0
2019-01-18 14:54:50,295 Distortion avg=0.4371220771595669 wc=4.369437173183358 me=1.3754935150796046 mc=3.1766323325271975 nan_elements=0
2019-01-18 14:54:50,295 MAP = 0.33973214285714287
2019-01-18 14:54:50,296 scale=[array([1.])]
2019-01-18 14:54:50,296 *** End Major Checkpoint

2019-01-18 14:54:50,296 11 loss=0.21895184679154797
2019-01-18 14:54:50,297 12 loss=0.20740788188153217
2019-01-18 14:54:50,297 13 loss=0.19703116527517942
2019-01-18 14:54:50,297 14 loss=0.18755832137496278
2019-01-18 14:54:50,298 15 loss=0.17878513708725927
2019-01-18 14:54:50,298 16 loss=0.1705545434177147
2019-01-18 14:54:50,299 17 loss=0.16274848272729053
2019-01-18 14:54:50,299 18 loss=0.15528144828054194
2019-01-18 14:54:50,300 19 loss=0.14809477645203437
2019-01-18 14:54:50,300 20 loss=0.14115136876676868
2019-01-18 14:54:50,300 
*** Major Checkpoint. Computing Stats and Saving
2019-01-18 14:54:50,300 	 Computing Major Stats lazily... 
2019-01-18 14:54:50,301 		 Completed edges=56 good=56 bad=0
2019-01-18 14:54:50,302 Distortion avg=0.3275669139834902 wc=3.229994048521305 me=1.4141881231991982 mc=2.2839917798307927 nan_elements=0
2019-01-18 14:54:50,302 MAP = 0.7845486111111111
2019-01-18 14:54:50,302 scale=[array([1.])]
2019-01-18 14:54:50,302 *** End Major Checkpoint

2019-01-18 14:54:50,303 21 loss=0.13443079323913207
2019-01-18 14:54:50,303 22 loss=0.12792482775511116
2019-01-18 14:54:50,304 23 loss=0.12163353837463597
2019-01-18 14:54:50,304 24 loss=0.11556197048002195
2019-01-18 14:54:50,305 25 loss=0.10971749316293458
2019-01-18 14:54:50,305 26 loss=0.10410779250009124
2019-01-18 14:54:50,306 27 loss=0.09873946813526513
2019-01-18 14:54:50,306 28 loss=0.09361715642852513
2019-01-18 14:54:50,307 29 loss=0.08874308512361626
2019-01-18 14:54:50,307 30 loss=0.08411695874379767
2019-01-18 14:54:50,307 
*** Major Checkpoint. Computing Stats and Saving
2019-01-18 14:54:50,307 	 Computing Major Stats lazily... 
2019-01-18 14:54:50,308 		 Completed edges=56 good=56 bad=0
2019-01-18 14:54:50,309 Distortion avg=0.25393586980636107 wc=2.4187420197213383 me=1.291731000360616 mc=1.8724812047137458 nan_elements=0
2019-01-18 14:54:50,309 MAP = 1.0
2019-01-18 14:54:50,309 scale=[array([1.])]
2019-01-18 14:54:50,309 *** End Major Checkpoint

2019-01-18 14:54:50,310 31 loss=0.07973607848015889
2019-01-18 14:54:50,310 32 loss=0.07559561198364415
2019-01-18 14:54:50,311 33 loss=0.07168894395212058
2019-01-18 14:54:50,311 34 loss=0.0680080549535843
2019-01-18 14:54:50,312 35 loss=0.06454389153732916
2019-01-18 14:54:50,312 36 loss=0.06128670413105649
2019-01-18 14:54:50,313 37 loss=0.058226339949871773
2019-01-18 14:54:50,313 38 loss=0.05535248609829484
2019-01-18 14:54:50,314 39 loss=0.05265486349383032
2019-01-18 14:54:50,314 40 loss=0.05012337561109502
2019-01-18 14:54:50,314 
*** Major Checkpoint. Computing Stats and Saving
2019-01-18 14:54:50,314 	 Computing Major Stats lazily... 
2019-01-18 14:54:50,315 		 Completed edges=56 good=56 bad=0
2019-01-18 14:54:50,316 Distortion avg=0.1961272978425261 wc=1.9697758773757348 me=1.2140447611897953 mc=1.6224903235407098 nan_elements=0
2019-01-18 14:54:50,316 MAP = 1.0
2019-01-18 14:54:50,316 scale=[array([1.])]
2019-01-18 14:54:50,316 *** End Major Checkpoint

2019-01-18 14:54:50,317 41 loss=0.04774821782040043
2019-01-18 14:54:50,317 42 loss=0.04551995373064447
2019-01-18 14:54:50,318 43 loss=0.04342956483353987
2019-01-18 14:54:50,318 44 loss=0.041468479192030006
2019-01-18 14:54:50,319 45 loss=0.03962858414544078
2019-01-18 14:54:50,319 46 loss=0.03790222717057148
2019-01-18 14:54:50,319 47 loss=0.036282208236724366
2019-01-18 14:54:50,320 48 loss=0.03476176627568433
2019-01-18 14:54:50,320 49 loss=0.03333456177710275
2019-01-18 14:54:50,321 50 loss=0.03199465701874654
2019-01-18 14:54:50,321 
*** Major Checkpoint. Computing Stats and Saving
2019-01-18 14:54:50,321 	 Computing Major Stats lazily... 
2019-01-18 14:54:50,321 		 Completed edges=56 good=56 bad=0
2019-01-18 14:54:50,323 Distortion avg=0.1547643097131117 wc=1.7395450933020953 me=1.1864777292837383 mc=1.466142221103667 nan_elements=0
2019-01-18 14:54:50,323 MAP = 1.0
2019-01-18 14:54:50,323 scale=[array([1.])]
2019-01-18 14:54:50,323 *** End Major Checkpoint

2019-01-18 14:54:50,323 final loss=0.03199465701874654
2019-01-18 14:54:50,323 best loss=0.03199465701874654, distortion=0.1547643097131117, map=1.0, wc_dist=1.7395450933020953
2019-01-18 14:54:50,323 	 Computing Major Stats lazily... 
2019-01-18 14:54:50,324 		 Completed edges=56 good=56 bad=0
2019-01-18 14:54:50,325 Distortion avg=0.15476430971311164 wc=1.7395450933020953 me=1.1864777292837383 mc=1.466142221103667 nan_elements=0
2019-01-18 14:54:50,325 MAP = 1.0
2019-01-18 14:54:50,325 scale=[array([1.])]
