2019-01-18 15:07:02,853 Commandline ['pytorch/pytorch_hyperbolic.py', 'learn', 'data/edges/parsing/ewt/ewt_dev/949.edges', '--dim', '0', '--hyp', '0', '--edim', '10', '--euc', '1', '--sdim', '0', '--sph', '0', '--log-name', 'ewt_devr2/949.edges.E10-1.lr1.log', '--batch-size', '65536', '--epochs', '50', '--checkpoint-freq', '10', '-g', '--subsample', '1024', '--learning-rate', '1']
2019-01-18 15:07:02,853 No Model Save selected!
2019-01-18 15:07:02,855 Loaded Graph data/edges/parsing/ewt/ewt_dev/949.edges with 26 nodes scale=1.0
2019-01-18 15:07:02,855 Building dataset
2019-01-18 15:07:02,856 Subsample: 26 points with scale 1.0 subsample=25
2019-01-18 15:07:02,888 Built Data Sampler
2019-01-18 15:07:02,888 Creating a fresh model warm_start?=None
2019-01-18 15:07:02,888 	 Warmstarting? None None 26
2019-01-18 15:07:02,889 Embedding() torch.Size([26, 10])
2019-01-18 15:07:02,889 relative No Rescale
2019-01-18 15:07:02,889 Constructed model with dim=0 and epochs=0 isnan=False
2019-01-18 15:07:02,889 SGD (
Parameter Group 0
    dampening: 0
    initial_lr: 0.1
    lr: 1.0
    momentum: 0.0
    nesterov: False
    weight_decay: 0

Parameter Group 1
    dampening: 0
    initial_lr: 0.1
    lr: 1.0
    momentum: 0.0
    nesterov: False
    weight_decay: 0

Parameter Group 2
    dampening: 0
    initial_lr: 0.1
    lr: 1.0
    momentum: 0.0
    nesterov: False
    weight_decay: 0

Parameter Group 3
    dampening: 0
    initial_lr: 0.0001
    lr: 0.001
    momentum: 0.0
    nesterov: False
    weight_decay: 0
)
2019-01-18 15:07:02,890 *** Initial Checkpoint. Computing Stats
2019-01-18 15:07:02,890 	 Computing Major Stats lazily... 
2019-01-18 15:07:02,893 		 Completed edges=650 good=650 bad=0
2019-01-18 15:07:02,897 Distortion avg=0.9983673383570387 wc=17.807166323415117 me=0.006338194259239511 mc=2809.5015070667323 nan_elements=0
2019-01-18 15:07:02,897 MAP = 0.15536776159661267
2019-01-18 15:07:02,897 scale=[array([1.])]
2019-01-18 15:07:02,897 *** End Initial Checkpoint

2019-01-18 15:07:02,955 1 loss=0.9967384656994166
2019-01-18 15:07:02,956 2 loss=0.9549279000268857
2019-01-18 15:07:02,957 3 loss=0.9145696951842057
2019-01-18 15:07:02,958 4 loss=0.8769840261032595
2019-01-18 15:07:02,959 5 loss=0.8421308396852053
2019-01-18 15:07:02,960 6 loss=0.8098346525635485
2019-01-18 15:07:02,961 7 loss=0.7798972888617935
2019-01-18 15:07:02,962 8 loss=0.7521238131996628
2019-01-18 15:07:02,963 9 loss=0.7263305427884839
2019-01-18 15:07:02,964 10 loss=0.7023475355558974
2019-01-18 15:07:02,964 
*** Major Checkpoint. Computing Stats and Saving
2019-01-18 15:07:02,964 	 Computing Major Stats lazily... 
2019-01-18 15:07:02,966 		 Completed edges=650 good=650 bad=0
2019-01-18 15:07:02,970 Distortion avg=0.810051625413038 wc=28.07336040905763 me=0.9117080652698153 mc=30.79205008540696 nan_elements=0
2019-01-18 15:07:02,971 MAP = 0.07261265970883686
2019-01-18 15:07:02,971 scale=[array([1.])]
2019-01-18 15:07:02,971 *** End Major Checkpoint

2019-01-18 15:07:02,972 11 loss=0.6800189928558455
2019-01-18 15:07:02,973 12 loss=0.6592027937163373
2019-01-18 15:07:02,974 13 loss=0.6397696626657354
2019-01-18 15:07:02,975 14 loss=0.6216021997463249
2019-01-18 15:07:02,976 15 loss=0.604593883162146
2019-01-18 15:07:02,977 16 loss=0.5886480992056218
2019-01-18 15:07:02,978 17 loss=0.573677226003077
2019-01-18 15:07:02,979 18 loss=0.5596017828192771
2019-01-18 15:07:02,980 19 loss=0.5463496486570051
2019-01-18 15:07:02,981 20 loss=0.5338553495256264
2019-01-18 15:07:02,981 
*** Major Checkpoint. Computing Stats and Saving
2019-01-18 15:07:02,981 	 Computing Major Stats lazily... 
2019-01-18 15:07:02,983 		 Completed edges=650 good=650 bad=0
2019-01-18 15:07:02,988 Distortion avg=0.690655063598161 wc=23.168273898312854 me=1.3517524286522946 mc=17.139435748165635 nan_elements=0
2019-01-18 15:07:02,988 MAP = 0.07335513109358073
2019-01-18 15:07:02,988 scale=[array([1.])]
2019-01-18 15:07:02,988 *** End Major Checkpoint

2019-01-18 15:07:02,989 21 loss=0.5220594114151512
2019-01-18 15:07:02,990 22 loss=0.5109077748301674
2019-01-18 15:07:02,991 23 loss=0.500351266225655
2019-01-18 15:07:02,992 24 loss=0.49034512156428034
2019-01-18 15:07:02,992 25 loss=0.48084855731705506
2019-01-18 15:07:02,993 26 loss=0.4718243844568179
2019-01-18 15:07:02,994 27 loss=0.46323866128641333
2019-01-18 15:07:02,995 28 loss=0.45506038126371845
2019-01-18 15:07:02,996 29 loss=0.44726119231135936
2019-01-18 15:07:02,997 30 loss=0.43981514441666125
2019-01-18 15:07:02,997 
*** Major Checkpoint. Computing Stats and Saving
2019-01-18 15:07:02,997 	 Computing Major Stats lazily... 
2019-01-18 15:07:03,000 		 Completed edges=650 good=650 bad=0
2019-01-18 15:07:03,004 Distortion avg=0.6312247340039356 wc=18.9753551901502 me=1.5316194348930379 mc=12.389079661603642 nan_elements=0
2019-01-18 15:07:03,004 MAP = 0.07706020946984762
2019-01-18 15:07:03,004 scale=[array([1.])]
2019-01-18 15:07:03,004 *** End Major Checkpoint

2019-01-18 15:07:03,005 31 loss=0.43269846262932965
2019-01-18 15:07:03,006 32 loss=0.4258893428465208
2019-01-18 15:07:03,007 33 loss=0.4193677680354419
2019-01-18 15:07:03,008 34 loss=0.41311534278211104
2019-01-18 15:07:03,009 35 loss=0.40711514427184825
2019-01-18 15:07:03,010 36 loss=0.40135158800348886
2019-01-18 15:07:03,011 37 loss=0.3958103067165591
2019-01-18 15:07:03,012 38 loss=0.39047804117010343
2019-01-18 15:07:03,012 39 loss=0.3853425415550449
2019-01-18 15:07:03,013 40 loss=0.3803924784503135
2019-01-18 15:07:03,014 
*** Major Checkpoint. Computing Stats and Saving
2019-01-18 15:07:03,014 	 Computing Major Stats lazily... 
2019-01-18 15:07:03,016 		 Completed edges=650 good=650 bad=0
2019-01-18 15:07:03,020 Distortion avg=0.585630888811019 wc=15.725601669341938 me=1.5797416333143057 mc=9.954540247413464 nan_elements=0
2019-01-18 15:07:03,020 MAP = 0.0861298188511125
2019-01-18 15:07:03,021 scale=[array([1.])]
2019-01-18 15:07:03,021 *** End Major Checkpoint

2019-01-18 15:07:03,022 41 loss=0.37561736234789844
2019-01-18 15:07:03,023 42 loss=0.3710074708747788
2019-01-18 15:07:03,024 43 loss=0.3665537829315682
2019-01-18 15:07:03,025 44 loss=0.36224791904980336
2019-01-18 15:07:03,026 45 loss=0.3580820873431198
2019-01-18 15:07:03,027 46 loss=0.35404903449302055
2019-01-18 15:07:03,028 47 loss=0.35014200126838213
2019-01-18 15:07:03,029 48 loss=0.3463546821300254
2019-01-18 15:07:03,030 49 loss=0.34268118851825546
2019-01-18 15:07:03,030 50 loss=0.33911601546287296
2019-01-18 15:07:03,031 
*** Major Checkpoint. Computing Stats and Saving
2019-01-18 15:07:03,031 	 Computing Major Stats lazily... 
2019-01-18 15:07:03,033 		 Completed edges=650 good=650 bad=0
2019-01-18 15:07:03,037 Distortion avg=0.5480949309155252 wc=14.088589044779786 me=1.6652885763614684 mc=8.46014873624024 nan_elements=0
2019-01-18 15:07:03,037 MAP = 0.10720596695632803
2019-01-18 15:07:03,038 scale=[array([1.])]
2019-01-18 15:07:03,038 *** End Major Checkpoint

2019-01-18 15:07:03,038 final loss=0.33911601546287296
2019-01-18 15:07:03,038 best loss=0.33911601546287296, distortion=0.5480949309155252, map=0.10720596695632803, wc_dist=14.088589044779786
2019-01-18 15:07:03,038 	 Computing Major Stats lazily... 
2019-01-18 15:07:03,040 		 Completed edges=650 good=650 bad=0
2019-01-18 15:07:03,044 Distortion avg=0.5480949309155252 wc=14.088589044779786 me=1.6652885763614684 mc=8.46014873624024 nan_elements=0
2019-01-18 15:07:03,045 MAP = 0.10720596695632809
2019-01-18 15:07:03,045 scale=[array([1.])]
