2019-01-18 15:04:35,761 Commandline ['pytorch/pytorch_hyperbolic.py', 'learn', 'data/edges/parsing/ewt/ewt_dev/95.edges', '--dim', '0', '--hyp', '0', '--edim', '10', '--euc', '1', '--sdim', '0', '--sph', '0', '--log-name', 'ewt_devr2/95.edges.E10-1.lr1.log', '--batch-size', '65536', '--epochs', '50', '--checkpoint-freq', '10', '-g', '--subsample', '1024', '--learning-rate', '1']
2019-01-18 15:04:35,761 No Model Save selected!
2019-01-18 15:04:35,762 Loaded Graph data/edges/parsing/ewt/ewt_dev/95.edges with 14 nodes scale=1.0
2019-01-18 15:04:35,762 Building dataset
2019-01-18 15:04:35,763 Subsample: 14 points with scale 1.0 subsample=13
2019-01-18 15:04:35,776 Built Data Sampler
2019-01-18 15:04:35,776 Creating a fresh model warm_start?=None
2019-01-18 15:04:35,776 	 Warmstarting? None None 14
2019-01-18 15:04:35,777 Embedding() torch.Size([14, 10])
2019-01-18 15:04:35,777 relative No Rescale
2019-01-18 15:04:35,777 Constructed model with dim=0 and epochs=0 isnan=False
2019-01-18 15:04:35,777 SGD (
Parameter Group 0
    dampening: 0
    initial_lr: 0.1
    lr: 1.0
    momentum: 0.0
    nesterov: False
    weight_decay: 0

Parameter Group 1
    dampening: 0
    initial_lr: 0.1
    lr: 1.0
    momentum: 0.0
    nesterov: False
    weight_decay: 0

Parameter Group 2
    dampening: 0
    initial_lr: 0.1
    lr: 1.0
    momentum: 0.0
    nesterov: False
    weight_decay: 0

Parameter Group 3
    dampening: 0
    initial_lr: 0.0001
    lr: 0.001
    momentum: 0.0
    nesterov: False
    weight_decay: 0
)
2019-01-18 15:04:35,777 *** Initial Checkpoint. Computing Stats
2019-01-18 15:04:35,777 	 Computing Major Stats lazily... 
2019-01-18 15:04:35,779 		 Completed edges=182 good=182 bad=0
2019-01-18 15:04:35,781 Distortion avg=0.9981572581451742 wc=11.162083273597876 me=0.005970386167530054 mc=1869.5747578779522 nan_elements=0
2019-01-18 15:04:35,781 MAP = 0.3610688914260343
2019-01-18 15:04:35,781 scale=[array([1.])]
2019-01-18 15:04:35,781 *** End Initial Checkpoint

2019-01-18 15:04:35,840 1 loss=0.9963194447524355
2019-01-18 15:04:35,840 2 loss=0.8842084892560201
2019-01-18 15:04:35,841 3 loss=0.7894677369479104
2019-01-18 15:04:35,842 4 loss=0.7128301707111736
2019-01-18 15:04:35,842 5 loss=0.6508477401923117
2019-01-18 15:04:35,843 6 loss=0.6004168679463178
2019-01-18 15:04:35,843 7 loss=0.5590397859068758
2019-01-18 15:04:35,844 8 loss=0.52476097953066
2019-01-18 15:04:35,845 9 loss=0.4960637244794249
2019-01-18 15:04:35,845 10 loss=0.4717750494711012
2019-01-18 15:04:35,845 
*** Major Checkpoint. Computing Stats and Saving
2019-01-18 15:04:35,845 	 Computing Major Stats lazily... 
2019-01-18 15:04:35,846 		 Completed edges=182 good=182 bad=0
2019-01-18 15:04:35,849 Distortion avg=0.6248683845591415 wc=18.29903174173623 me=1.3241676301065282 mc=13.81927131103793 nan_elements=0
2019-01-18 15:04:35,849 MAP = 0.1394631327667042
2019-01-18 15:04:35,849 scale=[array([1.])]
2019-01-18 15:04:35,849 *** End Major Checkpoint

2019-01-18 15:04:35,849 11 loss=0.45098776100188664
2019-01-18 15:04:35,850 12 loss=0.43299899761947397
2019-01-18 15:04:35,851 13 loss=0.4172626654057969
2019-01-18 15:04:35,851 14 loss=0.40335293312902953
2019-01-18 15:04:35,852 15 loss=0.3909363292901213
2019-01-18 15:04:35,852 16 loss=0.3797504483183879
2019-01-18 15:04:35,853 17 loss=0.3695877025552204
2019-01-18 15:04:35,854 18 loss=0.36028291427111203
2019-01-18 15:04:35,854 19 loss=0.35170382640920567
2019-01-18 15:04:35,855 20 loss=0.34374383168853107
2019-01-18 15:04:35,855 
*** Major Checkpoint. Computing Stats and Saving
2019-01-18 15:04:35,855 	 Computing Major Stats lazily... 
2019-01-18 15:04:35,856 		 Completed edges=182 good=182 bad=0
2019-01-18 15:04:35,858 Distortion avg=0.5484239556529737 wc=12.477772844381821 me=1.5324259615496003 mc=8.142496379899624 nan_elements=0
2019-01-18 15:04:35,858 MAP = 0.1653285372035372
2019-01-18 15:04:35,859 scale=[array([1.])]
2019-01-18 15:04:35,859 *** End Major Checkpoint

2019-01-18 15:04:35,859 21 loss=0.3363163890462596
2019-01-18 15:04:35,860 22 loss=0.32935072520808567
2019-01-18 15:04:35,860 23 loss=0.3227885167261174
2019-01-18 15:04:35,861 24 loss=0.3165813215320068
2019-01-18 15:04:35,862 25 loss=0.31068858469669314
2019-01-18 15:04:35,862 26 loss=0.3050760850974643
2019-01-18 15:04:35,863 27 loss=0.2997147214335246
2019-01-18 15:04:35,863 28 loss=0.29457956004434716
2019-01-18 15:04:35,864 29 loss=0.289649085183159
2019-01-18 15:04:35,865 30 loss=0.28490460621705493
2019-01-18 15:04:35,865 
*** Major Checkpoint. Computing Stats and Saving
2019-01-18 15:04:35,865 	 Computing Major Stats lazily... 
2019-01-18 15:04:35,866 		 Completed edges=182 good=182 bad=0
2019-01-18 15:04:35,868 Distortion avg=0.49256944569441374 wc=9.896419669907436 me=1.6479152438439273 mc=6.005417879880185 nan_elements=0
2019-01-18 15:04:35,868 MAP = 0.23293199855699856
2019-01-18 15:04:35,868 scale=[array([1.])]
2019-01-18 15:04:35,868 *** End Major Checkpoint

2019-01-18 15:04:35,869 31 loss=0.28032978674294806
2019-01-18 15:04:35,869 32 loss=0.2759102686331974
2019-01-18 15:04:35,870 33 loss=0.27163337016307987
2019-01-18 15:04:35,871 34 loss=0.26748784208023785
2019-01-18 15:04:35,871 35 loss=0.26346366909689684
2019-01-18 15:04:35,872 36 loss=0.2595519070776417
2019-01-18 15:04:35,872 37 loss=0.25574454835416405
2019-01-18 15:04:35,873 38 loss=0.2520344092715188
2019-01-18 15:04:35,873 39 loss=0.24841503537025017
2019-01-18 15:04:35,874 40 loss=0.2448806206206123
2019-01-18 15:04:35,874 
*** Major Checkpoint. Computing Stats and Saving
2019-01-18 15:04:35,874 	 Computing Major Stats lazily... 
2019-01-18 15:04:35,875 		 Completed edges=182 good=182 bad=0
2019-01-18 15:04:35,877 Distortion avg=0.4490728278479435 wc=8.110435204554442 me=1.6715692550919987 mc=4.851988740429462 nan_elements=0
2019-01-18 15:04:35,877 MAP = 0.454421768707483
2019-01-18 15:04:35,878 scale=[array([1.])]
2019-01-18 15:04:35,878 *** End Major Checkpoint

2019-01-18 15:04:35,878 41 loss=0.24142593791416525
2019-01-18 15:04:35,879 42 loss=0.238046278634077
2019-01-18 15:04:35,879 43 loss=0.23473739960679774
2019-01-18 15:04:35,880 44 loss=0.2314954761138344
2019-01-18 15:04:35,881 45 loss=0.2283170599359473
2019-01-18 15:04:35,881 46 loss=0.22519904163090468
2019-01-18 15:04:35,882 47 loss=0.22213861642374483
2019-01-18 15:04:35,883 48 loss=0.2191332532261271
2019-01-18 15:04:35,883 49 loss=0.2161806664072835
2019-01-18 15:04:35,884 50 loss=0.21327879002003963
2019-01-18 15:04:35,884 
*** Major Checkpoint. Computing Stats and Saving
2019-01-18 15:04:35,884 	 Computing Major Stats lazily... 
2019-01-18 15:04:35,885 		 Completed edges=182 good=182 bad=0
2019-01-18 15:04:35,887 Distortion avg=0.4130433594636144 wc=6.866064884854286 me=1.6614578933065756 mc=4.132554254017045 nan_elements=0
2019-01-18 15:04:35,887 MAP = 0.7304421768707483
2019-01-18 15:04:35,887 scale=[array([1.])]
2019-01-18 15:04:35,887 *** End Major Checkpoint

2019-01-18 15:04:35,888 final loss=0.21327879002003963
2019-01-18 15:04:35,888 best loss=0.21327879002003963, distortion=0.4130433594636144, map=0.7304421768707483, wc_dist=6.866064884854286
2019-01-18 15:04:35,888 	 Computing Major Stats lazily... 
2019-01-18 15:04:35,889 		 Completed edges=182 good=182 bad=0
2019-01-18 15:04:35,891 Distortion avg=0.41304335946361415 wc=6.866064884854286 me=1.6614578933065756 mc=4.132554254017045 nan_elements=0
2019-01-18 15:04:35,891 MAP = 0.7304421768707482
2019-01-18 15:04:35,891 scale=[array([1.])]
