2019-01-18 15:12:54,698 Commandline ['pytorch/pytorch_hyperbolic.py', 'learn', 'data/edges/parsing/ewt/ewt_dev/955.edges', '--dim', '0', '--hyp', '0', '--edim', '10', '--euc', '1', '--sdim', '0', '--sph', '0', '--log-name', 'ewt_devr2/955.edges.E10-1.lr1.log', '--batch-size', '65536', '--epochs', '50', '--checkpoint-freq', '10', '-g', '--subsample', '1024', '--learning-rate', '1']
2019-01-18 15:12:54,698 No Model Save selected!
2019-01-18 15:12:54,700 Loaded Graph data/edges/parsing/ewt/ewt_dev/955.edges with 29 nodes scale=1.0
2019-01-18 15:12:54,700 Building dataset
2019-01-18 15:12:54,701 Subsample: 29 points with scale 1.0 subsample=28
2019-01-18 15:12:54,739 Built Data Sampler
2019-01-18 15:12:54,739 Creating a fresh model warm_start?=None
2019-01-18 15:12:54,739 	 Warmstarting? None None 29
2019-01-18 15:12:54,739 Embedding() torch.Size([29, 10])
2019-01-18 15:12:54,740 relative No Rescale
2019-01-18 15:12:54,740 Constructed model with dim=0 and epochs=0 isnan=False
2019-01-18 15:12:54,740 SGD (
Parameter Group 0
    dampening: 0
    initial_lr: 0.1
    lr: 1.0
    momentum: 0.0
    nesterov: False
    weight_decay: 0

Parameter Group 1
    dampening: 0
    initial_lr: 0.1
    lr: 1.0
    momentum: 0.0
    nesterov: False
    weight_decay: 0

Parameter Group 2
    dampening: 0
    initial_lr: 0.1
    lr: 1.0
    momentum: 0.0
    nesterov: False
    weight_decay: 0

Parameter Group 3
    dampening: 0
    initial_lr: 0.0001
    lr: 0.001
    momentum: 0.0
    nesterov: False
    weight_decay: 0
)
2019-01-18 15:12:54,740 *** Initial Checkpoint. Computing Stats
2019-01-18 15:12:54,740 	 Computing Major Stats lazily... 
2019-01-18 15:12:54,744 		 Completed edges=812 good=812 bad=0
2019-01-18 15:12:54,748 Distortion avg=0.9985968599152312 wc=16.064282389701273 me=0.005941110731069004 mc=2703.9190341451135 nan_elements=0
2019-01-18 15:12:54,749 MAP = 0.13169740157920215
2019-01-18 15:12:54,749 scale=[array([1.])]
2019-01-18 15:12:54,749 *** End Initial Checkpoint

2019-01-18 15:12:54,808 1 loss=0.997196674642623
2019-01-18 15:12:54,809 2 loss=0.9666096290161894
2019-01-18 15:12:54,811 3 loss=0.936605000621283
2019-01-18 15:12:54,812 4 loss=0.9080996776902275
2019-01-18 15:12:54,813 5 loss=0.8811493519776479
2019-01-18 15:12:54,814 6 loss=0.8557076824058296
2019-01-18 15:12:54,815 7 loss=0.8317017435722096
2019-01-18 15:12:54,816 8 loss=0.8090510739446887
2019-01-18 15:12:54,817 9 loss=0.7876744887852213
2019-01-18 15:12:54,818 10 loss=0.7674929485569661
2019-01-18 15:12:54,818 
*** Major Checkpoint. Computing Stats and Saving
2019-01-18 15:12:54,818 	 Computing Major Stats lazily... 
2019-01-18 15:12:54,821 		 Completed edges=812 good=812 bad=0
2019-01-18 15:12:54,826 Distortion avg=0.8558958753860915 wc=26.891486262200413 me=0.7813860114915537 mc=34.41511092688801 nan_elements=0
2019-01-18 15:12:54,826 MAP = 0.06623984978792677
2019-01-18 15:12:54,827 scale=[array([1.])]
2019-01-18 15:12:54,827 *** End Major Checkpoint

2019-01-18 15:12:54,828 11 loss=0.7484308440336458
2019-01-18 15:12:54,829 12 loss=0.7304165527914706
2019-01-18 15:12:54,830 13 loss=0.7133826295098091
2019-01-18 15:12:54,831 14 loss=0.6972658020060541
2019-01-18 15:12:54,832 15 loss=0.6820068615679775
2019-01-18 15:12:54,833 16 loss=0.6675504960928854
2019-01-18 15:12:54,834 17 loss=0.653845093833992
2019-01-18 15:12:54,835 18 loss=0.6408425342019811
2019-01-18 15:12:54,836 19 loss=0.6284979755457845
2019-01-18 15:12:54,837 20 loss=0.6167696459421765
2019-01-18 15:12:54,838 
*** Major Checkpoint. Computing Stats and Saving
2019-01-18 15:12:54,838 	 Computing Major Stats lazily... 
2019-01-18 15:12:54,841 		 Completed edges=812 good=812 bad=0
2019-01-18 15:12:54,845 Distortion avg=0.7511701836826082 wc=23.53676326348224 me=1.2740931928186694 mc=18.47334511803802 nan_elements=0
2019-01-18 15:12:54,845 MAP = 0.06533857967297402
2019-01-18 15:12:54,846 scale=[array([1.])]
2019-01-18 15:12:54,846 *** End Major Checkpoint

2019-01-18 15:12:54,847 21 loss=0.6056186406274779
2019-01-18 15:12:54,848 22 loss=0.5950087281950305
2019-01-18 15:12:54,849 23 loss=0.584906166714601
2019-01-18 15:12:54,850 24 loss=0.5752795303029398
2019-01-18 15:12:54,851 25 loss=0.5660995462668255
2019-01-18 15:12:54,852 26 loss=0.5573389426755215
2019-01-18 15:12:54,853 27 loss=0.5489723060507016
2019-01-18 15:12:54,854 28 loss=0.5409759487573323
2019-01-18 15:12:54,855 29 loss=0.5333277856181076
2019-01-18 15:12:54,856 30 loss=0.5260072192428967
2019-01-18 15:12:54,856 
*** Major Checkpoint. Computing Stats and Saving
2019-01-18 15:12:54,856 	 Computing Major Stats lazily... 
2019-01-18 15:12:54,859 		 Completed edges=812 good=812 bad=0
2019-01-18 15:12:54,864 Distortion avg=0.6919780010601423 wc=20.35308523625672 me=1.5673210502031014 mc=12.985906897389826 nan_elements=0
2019-01-18 15:12:54,864 MAP = 0.06679335638030535
2019-01-18 15:12:54,864 scale=[array([1.])]
2019-01-18 15:12:54,864 *** End Major Checkpoint

2019-01-18 15:12:54,865 31 loss=0.5189950335538148
2019-01-18 15:12:54,866 32 loss=0.5122732949894367
2019-01-18 15:12:54,867 33 loss=0.5058252608837464
2019-01-18 15:12:54,868 34 loss=0.4996352945335012
2019-01-18 15:12:54,869 35 loss=0.49368878648950515
2019-01-18 15:12:54,870 36 loss=0.4879720816312578
2019-01-18 15:12:54,871 37 loss=0.48247241160944154
2019-01-18 15:12:54,872 38 loss=0.47717783226596067
2019-01-18 15:12:54,873 39 loss=0.4720771656661919
2019-01-18 15:12:54,874 40 loss=0.46715994640237724
2019-01-18 15:12:54,874 
*** Major Checkpoint. Computing Stats and Saving
2019-01-18 15:12:54,874 	 Computing Major Stats lazily... 
2019-01-18 15:12:54,878 		 Completed edges=812 good=812 bad=0
2019-01-18 15:12:54,882 Distortion avg=0.6546767105099549 wc=17.692579797867232 me=1.7334188065444316 mc=10.206754265656878 nan_elements=0
2019-01-18 15:12:54,882 MAP = 0.070085207650092
2019-01-18 15:12:54,882 scale=[array([1.])]
2019-01-18 15:12:54,882 *** End Major Checkpoint

2019-01-18 15:12:54,883 41 loss=0.4624163718504537
2019-01-18 15:12:54,884 42 loss=0.4578372560848913
2019-01-18 15:12:54,885 43 loss=0.45341398717723835
2019-01-18 15:12:54,886 44 loss=0.4491384876239837
2019-01-18 15:12:54,887 45 loss=0.4450031776680542
2019-01-18 15:12:54,888 46 loss=0.4410009412957641
2019-01-18 15:12:54,889 47 loss=0.4371250947073803
2019-01-18 15:12:54,891 48 loss=0.43336935707467983
2019-01-18 15:12:54,892 49 loss=0.4297278234130312
2019-01-18 15:12:54,893 50 loss=0.4261949394086596
2019-01-18 15:12:54,893 
*** Major Checkpoint. Computing Stats and Saving
2019-01-18 15:12:54,893 	 Computing Major Stats lazily... 
2019-01-18 15:12:54,896 		 Completed edges=812 good=812 bad=0
2019-01-18 15:12:54,900 Distortion avg=0.6231754500368214 wc=15.672973587110965 me=1.819186128040527 mc=8.61537659370378 nan_elements=0
2019-01-18 15:12:54,900 MAP = 0.07453318762839119
2019-01-18 15:12:54,901 scale=[array([1.])]
2019-01-18 15:12:54,901 *** End Major Checkpoint

2019-01-18 15:12:54,901 final loss=0.4261949394086596
2019-01-18 15:12:54,901 best loss=0.4261949394086596, distortion=0.6231754500368214, map=0.07453318762839119, wc_dist=15.672973587110965
2019-01-18 15:12:54,901 	 Computing Major Stats lazily... 
2019-01-18 15:12:54,904 		 Completed edges=812 good=812 bad=0
2019-01-18 15:12:54,908 Distortion avg=0.6231754500368215 wc=15.672973587110965 me=1.819186128040527 mc=8.61537659370378 nan_elements=0
2019-01-18 15:12:54,908 MAP = 0.0745331876283912
2019-01-18 15:12:54,909 scale=[array([1.])]
