2019-01-18 15:01:24,039 Commandline ['pytorch/pytorch_hyperbolic.py', 'learn', 'data/edges/parsing/ewt/ewt_dev/956.edges', '--dim', '0', '--hyp', '0', '--edim', '10', '--euc', '1', '--sdim', '0', '--sph', '0', '--log-name', 'ewt_devr2/956.edges.E10-1.lr1.log', '--batch-size', '65536', '--epochs', '50', '--checkpoint-freq', '10', '-g', '--subsample', '1024', '--learning-rate', '1']
2019-01-18 15:01:24,039 No Model Save selected!
2019-01-18 15:01:24,042 Loaded Graph data/edges/parsing/ewt/ewt_dev/956.edges with 65 nodes scale=1.0
2019-01-18 15:01:24,042 Building dataset
2019-01-18 15:01:24,042 Subsample: 65 points with scale 1.0 subsample=64
2019-01-18 15:01:24,201 Built Data Sampler
2019-01-18 15:01:24,201 Creating a fresh model warm_start?=None
2019-01-18 15:01:24,201 	 Warmstarting? None None 65
2019-01-18 15:01:24,201 Embedding() torch.Size([65, 10])
2019-01-18 15:01:24,201 relative No Rescale
2019-01-18 15:01:24,202 Constructed model with dim=0 and epochs=0 isnan=False
2019-01-18 15:01:24,202 SGD (
Parameter Group 0
    dampening: 0
    initial_lr: 0.1
    lr: 1.0
    momentum: 0.0
    nesterov: False
    weight_decay: 0

Parameter Group 1
    dampening: 0
    initial_lr: 0.1
    lr: 1.0
    momentum: 0.0
    nesterov: False
    weight_decay: 0

Parameter Group 2
    dampening: 0
    initial_lr: 0.1
    lr: 1.0
    momentum: 0.0
    nesterov: False
    weight_decay: 0

Parameter Group 3
    dampening: 0
    initial_lr: 0.0001
    lr: 0.001
    momentum: 0.0
    nesterov: False
    weight_decay: 0
)
2019-01-18 15:01:24,202 *** Initial Checkpoint. Computing Stats
2019-01-18 15:01:24,202 	 Computing Major Stats lazily... 
2019-01-18 15:01:24,218 		 Completed edges=4160 good=4160 bad=0
2019-01-18 15:01:24,228 Distortion avg=0.9990035750100438 wc=49.63085545305229 me=0.007186184189801174 mc=6906.426852165818 nan_elements=0
2019-01-18 15:01:24,228 MAP = 0.08814883873728517
2019-01-18 15:01:24,228 scale=[array([1.])]
2019-01-18 15:01:24,229 *** End Initial Checkpoint

2019-01-18 15:01:24,289 1 loss=0.9980088298455682
2019-01-18 15:01:24,292 2 loss=0.9914360730139345
2019-01-18 15:01:24,295 3 loss=0.9847833547729883
2019-01-18 15:01:24,299 4 loss=0.9781733786266986
2019-01-18 15:01:24,302 5 loss=0.9716317223093794
2019-01-18 15:01:24,305 6 loss=0.9651673360482962
2019-01-18 15:01:24,308 7 loss=0.9587839821479269
2019-01-18 15:01:24,311 8 loss=0.9524832533781188
2019-01-18 15:01:24,314 9 loss=0.9462656637978014
2019-01-18 15:01:24,316 10 loss=0.9401311276496433
2019-01-18 15:01:24,317 
*** Major Checkpoint. Computing Stats and Saving
2019-01-18 15:01:24,317 	 Computing Major Stats lazily... 
2019-01-18 15:01:24,331 		 Completed edges=4160 good=4160 bad=0
2019-01-18 15:01:24,342 Distortion avg=0.9658788915133415 wc=74.50833742891673 me=0.2908076623063463 mc=256.21174090807557 nan_elements=0
2019-01-18 15:01:24,342 MAP = 0.03642867269886439
2019-01-18 15:01:24,342 scale=[array([1.])]
2019-01-18 15:01:24,342 *** End Major Checkpoint

2019-01-18 15:01:24,345 11 loss=0.9340791993384929
2019-01-18 15:01:24,348 12 loss=0.9281092057658175
2019-01-18 15:01:24,351 13 loss=0.9222203247787422
2019-01-18 15:01:24,354 14 loss=0.9164116343734042
2019-01-18 15:01:24,357 15 loss=0.9106821449752335
2019-01-18 15:01:24,361 16 loss=0.9050308214034488
2019-01-18 15:01:24,364 17 loss=0.8994565982703241
2019-01-18 15:01:24,367 18 loss=0.8939583910478187
2019-01-18 15:01:24,370 19 loss=0.8885351041851548
2019-01-18 15:01:24,373 20 loss=0.8831856371649096
2019-01-18 15:01:24,373 
*** Major Checkpoint. Computing Stats and Saving
2019-01-18 15:01:24,373 	 Computing Major Stats lazily... 
2019-01-18 15:01:24,389 		 Completed edges=4160 good=4160 bad=0
2019-01-18 15:01:24,399 Distortion avg=0.9346865918028746 wc=69.3959462835456 me=0.5468966273306076 mc=126.8904264819952 nan_elements=0
2019-01-18 15:01:24,399 MAP = 0.03497822257212042
2019-01-18 15:01:24,399 scale=[array([1.])]
2019-01-18 15:01:24,399 *** End Major Checkpoint

2019-01-18 15:01:24,402 21 loss=0.8779088890843502
2019-01-18 15:01:24,405 22 loss=0.8727037621601428
2019-01-18 15:01:24,408 23 loss=0.8675691644329788
2019-01-18 15:01:24,411 24 loss=0.8625040118681665
2019-01-18 15:01:24,414 25 loss=0.8575072299937803
2019-01-18 15:01:24,417 26 loss=0.8525777551803438
2019-01-18 15:01:24,420 27 loss=0.8477145356395307
2019-01-18 15:01:24,423 28 loss=0.8429165322004539
2019-01-18 15:01:24,426 29 loss=0.8381827189083284
2019-01-18 15:01:24,429 30 loss=0.8335120834801775
2019-01-18 15:01:24,429 
*** Major Checkpoint. Computing Stats and Saving
2019-01-18 15:01:24,430 	 Computing Major Stats lazily... 
2019-01-18 15:01:24,445 		 Completed edges=4160 good=4160 bad=0
2019-01-18 15:01:24,454 Distortion avg=0.9055786387684144 wc=66.97133595982815 me=0.7695947889385778 mc=87.02155591801078 nan_elements=0
2019-01-18 15:01:24,455 MAP = 0.03445818161223482
2019-01-18 15:01:24,455 scale=[array([1.])]
2019-01-18 15:01:24,455 *** End Major Checkpoint

2019-01-18 15:01:24,458 31 loss=0.8289036276446815
2019-01-18 15:01:24,461 32 loss=0.8243563673875588
2019-01-18 15:01:24,464 33 loss=0.8198693331195122
2019-01-18 15:01:24,467 34 loss=0.8154415697804157
2019-01-18 15:01:24,470 35 loss=0.8110721368908033
2019-01-18 15:01:24,473 36 loss=0.8067601085596622
2019-01-18 15:01:24,477 37 loss=0.8025045734559176
2019-01-18 15:01:24,480 38 loss=0.7983046347496873
2019-01-18 15:01:24,483 39 loss=0.7941594100283644
2019-01-18 15:01:24,486 40 loss=0.7900680311917149
2019-01-18 15:01:24,486 
*** Major Checkpoint. Computing Stats and Saving
2019-01-18 15:01:24,486 	 Computing Major Stats lazily... 
2019-01-18 15:01:24,501 		 Completed edges=4160 good=4160 bad=0
2019-01-18 15:01:24,511 Distortion avg=0.8784148959834325 wc=64.60487133388564 me=0.962340752951647 mc=67.13305150564659 nan_elements=0
2019-01-18 15:01:24,512 MAP = 0.034085136739097036
2019-01-18 15:01:24,512 scale=[array([1.])]
2019-01-18 15:01:24,512 *** End Major Checkpoint

2019-01-18 15:01:24,515 41 loss=0.7860296443295237
2019-01-18 15:01:24,518 42 loss=0.7820434095847363
2019-01-18 15:01:24,522 43 loss=0.7781085010045985
2019-01-18 15:01:24,525 44 loss=0.7742241063819015
2019-01-18 15:01:24,528 45 loss=0.7703894270881336
2019-01-18 15:01:24,531 46 loss=0.7666036779000712
2019-01-18 15:01:24,534 47 loss=0.7628660868211061
2019-01-18 15:01:24,537 48 loss=0.7591758948984421
2019-01-18 15:01:24,540 49 loss=0.755532356037115
2019-01-18 15:01:24,543 50 loss=0.751934736811662
2019-01-18 15:01:24,543 
*** Major Checkpoint. Computing Stats and Saving
2019-01-18 15:01:24,543 	 Computing Major Stats lazily... 
2019-01-18 15:01:24,558 		 Completed edges=4160 good=4160 bad=0
2019-01-18 15:01:24,568 Distortion avg=0.8533220942763625 wc=62.09764048000303 me=1.1285261468194447 mc=55.02543353117202 nan_elements=0
2019-01-18 15:01:24,568 MAP = 0.033329991799317296
2019-01-18 15:01:24,568 scale=[array([1.])]
2019-01-18 15:01:24,568 *** End Major Checkpoint

2019-01-18 15:01:24,568 final loss=0.751934736811662
2019-01-18 15:01:24,568 best loss=0.751934736811662, distortion=0.8533220942763625, map=0.03642867269886439, wc_dist=62.09764048000303
2019-01-18 15:01:24,568 	 Computing Major Stats lazily... 
2019-01-18 15:01:24,583 		 Completed edges=4160 good=4160 bad=0
2019-01-18 15:01:24,593 Distortion avg=0.8533220942763641 wc=62.09764048000303 me=1.1285261468194447 mc=55.02543353117202 nan_elements=0
2019-01-18 15:01:24,593 MAP = 0.033329991799317296
2019-01-18 15:01:24,593 scale=[array([1.])]
