2019-01-18 14:52:25,490 Commandline ['pytorch/pytorch_hyperbolic.py', 'learn', 'data/edges/parsing/ewt/ewt_dev/96.edges', '--dim', '0', '--hyp', '0', '--edim', '10', '--euc', '1', '--sdim', '0', '--sph', '0', '--log-name', 'ewt_devr2/96.edges.E10-1.lr1.log', '--batch-size', '65536', '--epochs', '50', '--checkpoint-freq', '10', '-g', '--subsample', '1024', '--learning-rate', '1']
2019-01-18 14:52:25,491 No Model Save selected!
2019-01-18 14:52:25,492 Loaded Graph data/edges/parsing/ewt/ewt_dev/96.edges with 19 nodes scale=1.0
2019-01-18 14:52:25,492 Building dataset
2019-01-18 14:52:25,493 Subsample: 19 points with scale 1.0 subsample=18
2019-01-18 14:52:25,513 Built Data Sampler
2019-01-18 14:52:25,513 Creating a fresh model warm_start?=None
2019-01-18 14:52:25,513 	 Warmstarting? None None 19
2019-01-18 14:52:25,514 Embedding() torch.Size([19, 10])
2019-01-18 14:52:25,514 relative No Rescale
2019-01-18 14:52:25,514 Constructed model with dim=0 and epochs=0 isnan=False
2019-01-18 14:52:25,514 SGD (
Parameter Group 0
    dampening: 0
    initial_lr: 0.1
    lr: 1.0
    momentum: 0.0
    nesterov: False
    weight_decay: 0

Parameter Group 1
    dampening: 0
    initial_lr: 0.1
    lr: 1.0
    momentum: 0.0
    nesterov: False
    weight_decay: 0

Parameter Group 2
    dampening: 0
    initial_lr: 0.1
    lr: 1.0
    momentum: 0.0
    nesterov: False
    weight_decay: 0

Parameter Group 3
    dampening: 0
    initial_lr: 0.0001
    lr: 0.001
    momentum: 0.0
    nesterov: False
    weight_decay: 0
)
2019-01-18 14:52:25,514 *** Initial Checkpoint. Computing Stats
2019-01-18 14:52:25,514 	 Computing Major Stats lazily... 
2019-01-18 14:52:25,516 		 Completed edges=342 good=342 bad=0
2019-01-18 14:52:25,519 Distortion avg=0.9981978461775451 wc=11.138787817729348 me=0.005982886981094694 mc=1861.7747339915945 nan_elements=0
2019-01-18 14:52:25,519 MAP = 0.2417623369635754
2019-01-18 14:52:25,520 scale=[array([1.])]
2019-01-18 14:52:25,520 *** End Initial Checkpoint

2019-01-18 14:52:25,577 1 loss=0.9964001141250994
2019-01-18 14:52:25,578 2 loss=0.9207820287440812
2019-01-18 14:52:25,578 3 loss=0.8518403250923559
2019-01-18 14:52:25,579 4 loss=0.7915194649348731
2019-01-18 14:52:25,580 5 loss=0.7388405764295272
2019-01-18 14:52:25,581 6 loss=0.6927140994007321
2019-01-18 14:52:25,581 7 loss=0.6521636403681899
2019-01-18 14:52:25,582 8 loss=0.616353095787812
2019-01-18 14:52:25,583 9 loss=0.5845773731796305
2019-01-18 14:52:25,583 10 loss=0.5562453042136387
2019-01-18 14:52:25,583 
*** Major Checkpoint. Computing Stats and Saving
2019-01-18 14:52:25,584 	 Computing Major Stats lazily... 
2019-01-18 14:52:25,585 		 Completed edges=342 good=342 bad=0
2019-01-18 14:52:25,588 Distortion avg=0.6959800013028641 wc=17.605839439123628 me=1.2029989290679526 mc=14.634958530481905 nan_elements=0
2019-01-18 14:52:25,588 MAP = 0.11739768301300808
2019-01-18 14:52:25,588 scale=[array([1.])]
2019-01-18 14:52:25,588 *** End Major Checkpoint

2019-01-18 14:52:25,589 11 loss=0.5308621301547688
2019-01-18 14:52:25,590 12 loss=0.508013686245784
2019-01-18 14:52:25,591 13 loss=0.48735278933972487
2019-01-18 14:52:25,591 14 loss=0.46858778117857547
2019-01-18 14:52:25,592 15 loss=0.4514729969291902
2019-01-18 14:52:25,593 16 loss=0.4358008847290782
2019-01-18 14:52:25,593 17 loss=0.42139551162018263
2019-01-18 14:52:25,594 18 loss=0.4081072200339645
2019-01-18 14:52:25,595 19 loss=0.39580823258568415
2019-01-18 14:52:25,595 20 loss=0.38438903537522856
2019-01-18 14:52:25,596 
*** Major Checkpoint. Computing Stats and Saving
2019-01-18 14:52:25,596 	 Computing Major Stats lazily... 
2019-01-18 14:52:25,597 		 Completed edges=342 good=342 bad=0
2019-01-18 14:52:25,600 Distortion avg=0.5810573479747886 wc=12.697671079964596 me=1.476427587682746 mc=8.600266742437128 nan_elements=0
2019-01-18 14:52:25,600 MAP = 0.1326299009155046
2019-01-18 14:52:25,600 scale=[array([1.])]
2019-01-18 14:52:25,600 *** End Major Checkpoint

2019-01-18 14:52:25,601 21 loss=0.3737553989970475
2019-01-18 14:52:25,602 22 loss=0.3638259214037231
2019-01-18 14:52:25,603 23 loss=0.35452999774391897
2019-01-18 14:52:25,603 24 loss=0.34580613969845375
2019-01-18 14:52:25,604 25 loss=0.3376005811523185
2019-01-18 14:52:25,605 26 loss=0.32986611874784566
2019-01-18 14:52:25,605 27 loss=0.32256114540473124
2019-01-18 14:52:25,606 28 loss=0.3156488426494055
2019-01-18 14:52:25,607 29 loss=0.30909650389440024
2019-01-18 14:52:25,608 30 loss=0.3028749659190327
2019-01-18 14:52:25,608 
*** Major Checkpoint. Computing Stats and Saving
2019-01-18 14:52:25,608 	 Computing Major Stats lazily... 
2019-01-18 14:52:25,609 		 Completed edges=342 good=342 bad=0
2019-01-18 14:52:25,612 Distortion avg=0.5141037357917222 wc=10.789414809324505 me=1.6501107475174634 mc=6.538600409431197 nan_elements=0
2019-01-18 14:52:25,612 MAP = 0.17481461392065106
2019-01-18 14:52:25,612 scale=[array([1.])]
2019-01-18 14:52:25,612 *** End Major Checkpoint

2019-01-18 14:52:25,613 31 loss=0.296958129949535
2019-01-18 14:52:25,614 32 loss=0.2913225571027721
2019-01-18 14:52:25,615 33 loss=0.28594712569194064
2019-01-18 14:52:25,615 34 loss=0.28081274011602364
2019-01-18 14:52:25,616 35 loss=0.2759020828650532
2019-01-18 14:52:25,617 36 loss=0.2711994026494394
2019-01-18 14:52:25,618 37 loss=0.2666903328674229
2019-01-18 14:52:25,619 38 loss=0.26236173561150483
2019-01-18 14:52:25,619 39 loss=0.2582015672238859
2019-01-18 14:52:25,620 40 loss=0.25419876207591113
2019-01-18 14:52:25,620 
*** Major Checkpoint. Computing Stats and Saving
2019-01-18 14:52:25,620 	 Computing Major Stats lazily... 
2019-01-18 14:52:25,622 		 Completed edges=342 good=342 bad=0
2019-01-18 14:52:25,625 Distortion avg=0.46131154859626106 wc=9.543458917553297 me=1.7531005273464162 mc=5.443760222922738 nan_elements=0
2019-01-18 14:52:25,625 MAP = 0.29263733342680714
2019-01-18 14:52:25,625 scale=[array([1.])]
2019-01-18 14:52:25,625 *** End Major Checkpoint

2019-01-18 14:52:25,626 41 loss=0.25034313179418183
2019-01-18 14:52:25,626 42 loss=0.2466252776081095
2019-01-18 14:52:25,627 43 loss=0.2430365138678087
2019-01-18 14:52:25,628 44 loss=0.2395688010915671
2019-01-18 14:52:25,628 45 loss=0.23621468716019664
2019-01-18 14:52:25,629 46 loss=0.2329672554907006
2019-01-18 14:52:25,630 47 loss=0.2298200792014757
2019-01-18 14:52:25,630 48 loss=0.2267671804318704
2019-01-18 14:52:25,631 49 loss=0.22380299410539245
2019-01-18 14:52:25,632 50 loss=0.22092233553230456
2019-01-18 14:52:25,632 
*** Major Checkpoint. Computing Stats and Saving
2019-01-18 14:52:25,632 	 Computing Major Stats lazily... 
2019-01-18 14:52:25,633 		 Completed edges=342 good=342 bad=0
2019-01-18 14:52:25,636 Distortion avg=0.4212407773246677 wc=8.457842024771322 me=1.7905169338260702 mc=4.723687257566541 nan_elements=0
2019-01-18 14:52:25,636 MAP = 0.40188028345923077
2019-01-18 14:52:25,636 scale=[array([1.])]
2019-01-18 14:52:25,636 *** End Major Checkpoint

2019-01-18 14:52:25,637 final loss=0.22092233553230456
2019-01-18 14:52:25,637 best loss=0.22092233553230456, distortion=0.4212407773246677, map=0.40188028345923077, wc_dist=8.457842024771322
2019-01-18 14:52:25,637 	 Computing Major Stats lazily... 
2019-01-18 14:52:25,638 		 Completed edges=342 good=342 bad=0
2019-01-18 14:52:25,641 Distortion avg=0.4212407773246677 wc=8.457842024771322 me=1.7905169338260702 mc=4.723687257566541 nan_elements=0
2019-01-18 14:52:25,641 MAP = 0.4018802834592308
2019-01-18 14:52:25,641 scale=[array([1.])]
