2019-01-18 14:59:31,033 Commandline ['pytorch/pytorch_hyperbolic.py', 'learn', 'data/edges/parsing/ewt/ewt_dev/960.edges', '--dim', '0', '--hyp', '0', '--edim', '10', '--euc', '1', '--sdim', '0', '--sph', '0', '--log-name', 'ewt_devr2/960.edges.E10-1.lr1.log', '--batch-size', '65536', '--epochs', '50', '--checkpoint-freq', '10', '-g', '--subsample', '1024', '--learning-rate', '1']
2019-01-18 14:59:31,033 No Model Save selected!
2019-01-18 14:59:31,035 Loaded Graph data/edges/parsing/ewt/ewt_dev/960.edges with 19 nodes scale=1.0
2019-01-18 14:59:31,035 Building dataset
2019-01-18 14:59:31,035 Subsample: 19 points with scale 1.0 subsample=18
2019-01-18 14:59:31,054 Built Data Sampler
2019-01-18 14:59:31,054 Creating a fresh model warm_start?=None
2019-01-18 14:59:31,055 	 Warmstarting? None None 19
2019-01-18 14:59:31,055 Embedding() torch.Size([19, 10])
2019-01-18 14:59:31,055 relative No Rescale
2019-01-18 14:59:31,055 Constructed model with dim=0 and epochs=0 isnan=False
2019-01-18 14:59:31,056 SGD (
Parameter Group 0
    dampening: 0
    initial_lr: 0.1
    lr: 1.0
    momentum: 0.0
    nesterov: False
    weight_decay: 0

Parameter Group 1
    dampening: 0
    initial_lr: 0.1
    lr: 1.0
    momentum: 0.0
    nesterov: False
    weight_decay: 0

Parameter Group 2
    dampening: 0
    initial_lr: 0.1
    lr: 1.0
    momentum: 0.0
    nesterov: False
    weight_decay: 0

Parameter Group 3
    dampening: 0
    initial_lr: 0.0001
    lr: 0.001
    momentum: 0.0
    nesterov: False
    weight_decay: 0
)
2019-01-18 14:59:31,056 *** Initial Checkpoint. Computing Stats
2019-01-18 14:59:31,056 	 Computing Major Stats lazily... 
2019-01-18 14:59:31,058 		 Completed edges=342 good=342 bad=0
2019-01-18 14:59:31,061 Distortion avg=0.9981806422868675 wc=12.722699349448268 me=0.007048654353541345 mc=1804.9827259661556 nan_elements=0
2019-01-18 14:59:31,061 MAP = 0.2549516794050463
2019-01-18 14:59:31,061 scale=[array([1.])]
2019-01-18 14:59:31,061 *** End Initial Checkpoint

2019-01-18 14:59:31,118 1 loss=0.9963658462344362
2019-01-18 14:59:31,119 2 loss=0.9196341126202475
2019-01-18 14:59:31,120 3 loss=0.8500918393456796
2019-01-18 14:59:31,120 4 loss=0.7892915814492995
2019-01-18 14:59:31,121 5 loss=0.7361681025677609
2019-01-18 14:59:31,122 6 loss=0.6896095907872946
2019-01-18 14:59:31,122 7 loss=0.6486369110660135
2019-01-18 14:59:31,123 8 loss=0.6124190301187825
2019-01-18 14:59:31,124 9 loss=0.5802587689321831
2019-01-18 14:59:31,124 10 loss=0.5515732017774527
2019-01-18 14:59:31,125 
*** Major Checkpoint. Computing Stats and Saving
2019-01-18 14:59:31,125 	 Computing Major Stats lazily... 
2019-01-18 14:59:31,126 		 Completed edges=342 good=342 bad=0
2019-01-18 14:59:31,129 Distortion avg=0.6921556049124163 wc=16.925754388065485 me=1.193070503283434 mc=14.186717667970447 nan_elements=0
2019-01-18 14:59:31,129 MAP = 0.11667585725248267
2019-01-18 14:59:31,129 scale=[array([1.])]
2019-01-18 14:59:31,129 *** End Major Checkpoint

2019-01-18 14:59:31,130 11 loss=0.5258748544357115
2019-01-18 14:59:31,131 12 loss=0.5027552977182121
2019-01-18 14:59:31,131 13 loss=0.4818713521322715
2019-01-18 14:59:31,132 14 loss=0.46293368211701685
2019-01-18 14:59:31,133 15 loss=0.4456974406347815
2019-01-18 14:59:31,133 16 loss=0.4299546216780173
2019-01-18 14:59:31,134 17 loss=0.4155278142245212
2019-01-18 14:59:31,135 18 loss=0.40226509723336185
2019-01-18 14:59:31,136 19 loss=0.3900358601379445
2019-01-18 14:59:31,136 20 loss=0.3787273729611968
2019-01-18 14:59:31,136 
*** Major Checkpoint. Computing Stats and Saving
2019-01-18 14:59:31,136 	 Computing Major Stats lazily... 
2019-01-18 14:59:31,138 		 Completed edges=342 good=342 bad=0
2019-01-18 14:59:31,141 Distortion avg=0.5732614084902676 wc=12.500230677667886 me=1.4821821880797437 mc=8.433666777403856 nan_elements=0
2019-01-18 14:59:31,141 MAP = 0.13471836130988607
2019-01-18 14:59:31,141 scale=[array([1.])]
2019-01-18 14:59:31,141 *** End Major Checkpoint

2019-01-18 14:59:31,142 21 loss=0.3682419636865201
2019-01-18 14:59:31,142 22 loss=0.3584946881362556
2019-01-18 14:59:31,143 23 loss=0.34941140005280114
2019-01-18 14:59:31,144 24 loss=0.34092714716413797
2019-01-18 14:59:31,145 25 loss=0.33298483352061
2019-01-18 14:59:31,145 26 loss=0.32553409999247285
2019-01-18 14:59:31,146 27 loss=0.3185303840890017
2019-01-18 14:59:31,147 28 loss=0.31193412766864625
2019-01-18 14:59:31,147 29 loss=0.3057101070351584
2019-01-18 14:59:31,149 30 loss=0.29982686466080133
2019-01-18 14:59:31,149 
*** Major Checkpoint. Computing Stats and Saving
2019-01-18 14:59:31,149 	 Computing Major Stats lazily... 
2019-01-18 14:59:31,150 		 Completed edges=342 good=342 bad=0
2019-01-18 14:59:31,153 Distortion avg=0.5064941802695198 wc=10.57579588466002 me=1.631280929637909 mc=6.483123594786031 nan_elements=0
2019-01-18 14:59:31,153 MAP = 0.1816998976828698
2019-01-18 14:59:31,153 scale=[array([1.])]
2019-01-18 14:59:31,153 *** End Major Checkpoint

2019-01-18 14:59:31,154 31 loss=0.29425622558691716
2019-01-18 14:59:31,155 32 loss=0.2889728846164993
2019-01-18 14:59:31,156 33 loss=0.2839540528852226
2019-01-18 14:59:31,156 34 loss=0.27917915439705565
2019-01-18 14:59:31,157 35 loss=0.27462956473331307
2019-01-18 14:59:31,158 36 loss=0.2702883854651683
2019-01-18 14:59:31,158 37 loss=0.2661402488788664
2019-01-18 14:59:31,159 38 loss=0.2621711485074917
2019-01-18 14:59:31,160 39 loss=0.2583682916907269
2019-01-18 14:59:31,160 40 loss=0.2547199709845197
2019-01-18 14:59:31,160 
*** Major Checkpoint. Computing Stats and Saving
2019-01-18 14:59:31,161 	 Computing Major Stats lazily... 
2019-01-18 14:59:31,162 		 Completed edges=342 good=342 bad=0
2019-01-18 14:59:31,165 Distortion avg=0.4570703794662095 wc=9.749031406707937 me=1.7781661770609383 mc=5.482632350381184 nan_elements=0
2019-01-18 14:59:31,165 MAP = 0.2720344928549263
2019-01-18 14:59:31,165 scale=[array([1.])]
2019-01-18 14:59:31,165 *** End Major Checkpoint

2019-01-18 14:59:31,166 41 loss=0.25121545173984133
2019-01-18 14:59:31,167 42 loss=0.24784487358288687
2019-01-18 14:59:31,167 43 loss=0.24459916387346473
2019-01-18 14:59:31,168 44 loss=0.24146996150631192
2019-01-18 14:59:31,169 45 loss=0.2384495496616098
2019-01-18 14:59:31,169 46 loss=0.23553079631415275
2019-01-18 14:59:31,170 47 loss=0.2327071014819945
2019-01-18 14:59:31,171 48 loss=0.2299723503403353
2019-01-18 14:59:31,171 49 loss=0.22732087144928467
2019-01-18 14:59:31,172 50 loss=0.22474739944856517
2019-01-18 14:59:31,172 
*** Major Checkpoint. Computing Stats and Saving
2019-01-18 14:59:31,172 	 Computing Major Stats lazily... 
2019-01-18 14:59:31,174 		 Completed edges=342 good=342 bad=0
2019-01-18 14:59:31,177 Distortion avg=0.4232732653385292 wc=9.00235374564382 me=1.8540261947520502 mc=4.855569878745838 nan_elements=0
2019-01-18 14:59:31,177 MAP = 0.3510376319586846
2019-01-18 14:59:31,177 scale=[array([1.])]
2019-01-18 14:59:31,177 *** End Major Checkpoint

2019-01-18 14:59:31,177 final loss=0.22474739944856517
2019-01-18 14:59:31,177 best loss=0.22474739944856517, distortion=0.4232732653385292, map=0.3510376319586846, wc_dist=9.00235374564382
2019-01-18 14:59:31,177 	 Computing Major Stats lazily... 
2019-01-18 14:59:31,179 		 Completed edges=342 good=342 bad=0
2019-01-18 14:59:31,181 Distortion avg=0.42327326533852944 wc=9.00235374564382 me=1.8540261947520502 mc=4.855569878745838 nan_elements=0
2019-01-18 14:59:31,182 MAP = 0.35103763195868465
2019-01-18 14:59:31,182 scale=[array([1.])]
