2019-01-18 14:41:00,896 Commandline ['pytorch/pytorch_hyperbolic.py', 'learn', 'data/edges/parsing/ewt/ewt_dev/962.edges', '--dim', '0', '--hyp', '0', '--edim', '10', '--euc', '1', '--sdim', '0', '--sph', '0', '--log-name', 'ewt_devr2/962.edges.E10-1.lr1.log', '--batch-size', '65536', '--epochs', '50', '-g', '--subsample', '1024', '--learning-rate', '1']
2019-01-18 14:41:00,896 No Model Save selected!
2019-01-18 14:41:00,897 Loaded Graph data/edges/parsing/ewt/ewt_dev/962.edges with 28 nodes scale=1.0
2019-01-18 14:41:00,898 Building dataset
2019-01-18 14:41:00,898 Subsample: 28 points with scale 1.0 subsample=27
2019-01-18 14:41:00,933 Built Data Sampler
2019-01-18 14:41:00,933 Creating a fresh model warm_start?=None
2019-01-18 14:41:00,933 	 Warmstarting? None None 28
2019-01-18 14:41:00,934 Embedding() torch.Size([28, 10])
2019-01-18 14:41:00,934 relative No Rescale
2019-01-18 14:41:00,934 Constructed model with dim=0 and epochs=0 isnan=False
2019-01-18 14:41:00,934 SGD (
Parameter Group 0
    dampening: 0
    initial_lr: 0.1
    lr: 1.0
    momentum: 0.0
    nesterov: False
    weight_decay: 0

Parameter Group 1
    dampening: 0
    initial_lr: 0.1
    lr: 1.0
    momentum: 0.0
    nesterov: False
    weight_decay: 0

Parameter Group 2
    dampening: 0
    initial_lr: 0.1
    lr: 1.0
    momentum: 0.0
    nesterov: False
    weight_decay: 0

Parameter Group 3
    dampening: 0
    initial_lr: 0.0001
    lr: 0.001
    momentum: 0.0
    nesterov: False
    weight_decay: 0
)
2019-01-18 14:41:00,934 *** Initial Checkpoint. Computing Stats
2019-01-18 14:41:00,935 	 Computing Major Stats lazily... 
2019-01-18 14:41:00,938 		 Completed edges=756 good=756 bad=0
2019-01-18 14:41:00,942 Distortion avg=0.9985898093011759 wc=24.527856254867203 me=0.005935337598003825 mc=4132.5124055481565 nan_elements=0
2019-01-18 14:41:00,942 MAP = 0.1092160075084648
2019-01-18 14:41:00,943 scale=[array([1.])]
2019-01-18 14:41:00,943 *** End Initial Checkpoint

2019-01-18 14:41:01,005 1 loss=0.9971827925334346
2019-01-18 14:41:01,007 2 loss=0.9660719186616552
2019-01-18 14:41:01,008 3 loss=0.9358906781326174
2019-01-18 14:41:01,009 4 loss=0.90735346321571
2019-01-18 14:41:01,010 5 loss=0.8804697019050914
2019-01-18 14:41:01,011 6 loss=0.8551684962619273
2019-01-18 14:41:01,012 7 loss=0.831360460058643
2019-01-18 14:41:01,013 8 loss=0.8089529091497992
2019-01-18 14:41:01,014 9 loss=0.7878550818111605
2019-01-18 14:41:01,015 10 loss=0.7679801991605173
2019-01-18 14:41:01,016 11 loss=0.7492462800767345
2019-01-18 14:41:01,017 12 loss=0.7315763956924418
2019-01-18 14:41:01,018 13 loss=0.7148986509429247
2019-01-18 14:41:01,019 14 loss=0.6991460280812765
2019-01-18 14:41:01,020 15 loss=0.6842561607823477
2019-01-18 14:41:01,021 16 loss=0.6701710758159655
2019-01-18 14:41:01,022 17 loss=0.656836923017855
2019-01-18 14:41:01,023 18 loss=0.6442037054429299
2019-01-18 14:41:01,024 19 loss=0.6322250165485999
2019-01-18 14:41:01,025 20 loss=0.6208577882830993
2019-01-18 14:41:01,026 21 loss=0.6100620521520738
2019-01-18 14:41:01,027 22 loss=0.599800714224315
2019-01-18 14:41:01,028 23 loss=0.5900393443440742
2019-01-18 14:41:01,029 24 loss=0.5807459793849904
2019-01-18 14:41:01,030 25 loss=0.5718909401144706
2019-01-18 14:41:01,031 26 loss=0.5634466610786381
2019-01-18 14:41:01,032 27 loss=0.5553875328295405
2019-01-18 14:41:01,033 28 loss=0.5476897557741675
2019-01-18 14:41:01,034 29 loss=0.5403312049131757
2019-01-18 14:41:01,035 30 loss=0.5332913047455156
2019-01-18 14:41:01,036 31 loss=0.5265509136362881
2019-01-18 14:41:01,037 32 loss=0.5200922169743049
2019-01-18 14:41:01,038 33 loss=0.5138986284796684
2019-01-18 14:41:01,039 34 loss=0.5079546990579619
2019-01-18 14:41:01,040 35 loss=0.5022460326347851
2019-01-18 14:41:01,041 36 loss=0.496759208441372
2019-01-18 14:41:01,041 37 loss=0.4914817092581178
2019-01-18 14:41:01,042 38 loss=0.4864018551576428
2019-01-18 14:41:01,043 39 loss=0.48150874232217183
2019-01-18 14:41:01,044 40 loss=0.4767921865414182
2019-01-18 14:41:01,045 41 loss=0.47224267102668605
2019-01-18 14:41:01,046 42 loss=0.4678512982045928
2019-01-18 14:41:01,047 43 loss=0.4636097451796449
2019-01-18 14:41:01,048 44 loss=0.4595102225789456
2019-01-18 14:41:01,049 45 loss=0.45554543651464946
2019-01-18 14:41:01,050 46 loss=0.45170855342048316
2019-01-18 14:41:01,052 47 loss=0.44799316753780877
2019-01-18 14:41:01,053 48 loss=0.44439327084441915
2019-01-18 14:41:01,054 49 loss=0.4409032252356162
2019-01-18 14:41:01,055 50 loss=0.43751773678220524
2019-01-18 14:41:01,055 final loss=0.43751773678220524
2019-01-18 14:41:01,055 best loss=10000000000.0, distortion=10000000000.0, map=0.0, wc_dist=10000000000.0
2019-01-18 14:41:01,055 	 Computing Major Stats lazily... 
2019-01-18 14:41:01,058 		 Completed edges=756 good=756 bad=0
2019-01-18 14:41:01,062 Distortion avg=0.6298423522263561 wc=24.703252506292106 me=1.7626096849397783 mc=14.01515759124864 nan_elements=0
2019-01-18 14:41:01,063 MAP = 0.07667457452504169
2019-01-18 14:41:01,063 scale=[array([1.])]
2019-01-18 14:50:28,898 Commandline ['pytorch/pytorch_hyperbolic.py', 'learn', 'data/edges/parsing/ewt/ewt_dev/962.edges', '--dim', '0', '--hyp', '0', '--edim', '10', '--euc', '1', '--sdim', '0', '--sph', '0', '--log-name', 'ewt_devr2/962.edges.E10-1.lr1.log', '--batch-size', '65536', '--epochs', '50', '--checkpoint-freq', '10', '-g', '--subsample', '1024', '--learning-rate', '1']
2019-01-18 14:50:28,899 No Model Save selected!
2019-01-18 14:50:28,900 Loaded Graph data/edges/parsing/ewt/ewt_dev/962.edges with 28 nodes scale=1.0
2019-01-18 14:50:28,901 Building dataset
2019-01-18 14:50:28,901 Subsample: 28 points with scale 1.0 subsample=27
2019-01-18 14:50:28,937 Built Data Sampler
2019-01-18 14:50:28,938 Creating a fresh model warm_start?=None
2019-01-18 14:50:28,938 	 Warmstarting? None None 28
2019-01-18 14:50:28,938 Embedding() torch.Size([28, 10])
2019-01-18 14:50:28,938 relative No Rescale
2019-01-18 14:50:28,938 Constructed model with dim=0 and epochs=0 isnan=False
2019-01-18 14:50:28,939 SGD (
Parameter Group 0
    dampening: 0
    initial_lr: 0.1
    lr: 1.0
    momentum: 0.0
    nesterov: False
    weight_decay: 0

Parameter Group 1
    dampening: 0
    initial_lr: 0.1
    lr: 1.0
    momentum: 0.0
    nesterov: False
    weight_decay: 0

Parameter Group 2
    dampening: 0
    initial_lr: 0.1
    lr: 1.0
    momentum: 0.0
    nesterov: False
    weight_decay: 0

Parameter Group 3
    dampening: 0
    initial_lr: 0.0001
    lr: 0.001
    momentum: 0.0
    nesterov: False
    weight_decay: 0
)
2019-01-18 14:50:28,939 *** Initial Checkpoint. Computing Stats
2019-01-18 14:50:28,939 	 Computing Major Stats lazily... 
2019-01-18 14:50:28,942 		 Completed edges=756 good=756 bad=0
2019-01-18 14:50:28,947 Distortion avg=0.9985898093011759 wc=24.527856254867203 me=0.005935337598003825 mc=4132.5124055481565 nan_elements=0
2019-01-18 14:50:28,947 MAP = 0.1092160075084648
2019-01-18 14:50:28,947 scale=[array([1.])]
2019-01-18 14:50:28,947 *** End Initial Checkpoint

2019-01-18 14:50:29,005 1 loss=0.9971827925334346
2019-01-18 14:50:29,007 2 loss=0.9660719186616552
2019-01-18 14:50:29,008 3 loss=0.9358906781326174
2019-01-18 14:50:29,009 4 loss=0.90735346321571
2019-01-18 14:50:29,009 5 loss=0.8804697019050914
2019-01-18 14:50:29,010 6 loss=0.8551684962619273
2019-01-18 14:50:29,011 7 loss=0.831360460058643
2019-01-18 14:50:29,012 8 loss=0.8089529091497992
2019-01-18 14:50:29,013 9 loss=0.7878550818111605
2019-01-18 14:50:29,014 10 loss=0.7679801991605173
2019-01-18 14:50:29,014 
*** Major Checkpoint. Computing Stats and Saving
2019-01-18 14:50:29,014 	 Computing Major Stats lazily... 
2019-01-18 14:50:29,017 		 Completed edges=756 good=756 bad=0
2019-01-18 14:50:29,022 Distortion avg=0.8555788184923234 wc=42.71922601405937 me=0.7720336539622854 mc=55.33337283266443 nan_elements=0
2019-01-18 14:50:29,022 MAP = 0.06750256053518365
2019-01-18 14:50:29,022 scale=[array([1.])]
2019-01-18 14:50:29,022 *** End Major Checkpoint

2019-01-18 14:50:29,024 11 loss=0.7492462800767345
2019-01-18 14:50:29,025 12 loss=0.7315763956924421
2019-01-18 14:50:29,025 13 loss=0.7148986509429245
2019-01-18 14:50:29,026 14 loss=0.6991460280812765
2019-01-18 14:50:29,027 15 loss=0.6842561607823477
2019-01-18 14:50:29,028 16 loss=0.6701710758159656
2019-01-18 14:50:29,029 17 loss=0.6568369230178548
2019-01-18 14:50:29,030 18 loss=0.6442037054429298
2019-01-18 14:50:29,031 19 loss=0.6322250165485996
2019-01-18 14:50:29,032 20 loss=0.6208577882830995
2019-01-18 14:50:29,032 
*** Major Checkpoint. Computing Stats and Saving
2019-01-18 14:50:29,032 	 Computing Major Stats lazily... 
2019-01-18 14:50:29,036 		 Completed edges=756 good=756 bad=0
2019-01-18 14:50:29,040 Distortion avg=0.7531508995856474 wc=36.8266317286984 me=1.2262977272298037 mc=30.03074287015883 nan_elements=0
2019-01-18 14:50:29,040 MAP = 0.06687371902273327
2019-01-18 14:50:29,040 scale=[array([1.])]
2019-01-18 14:50:29,040 *** End Major Checkpoint

2019-01-18 14:50:29,041 21 loss=0.6100620521520739
2019-01-18 14:50:29,042 22 loss=0.5998007142243149
2019-01-18 14:50:29,043 23 loss=0.5900393443440745
2019-01-18 14:50:29,044 24 loss=0.5807459793849904
2019-01-18 14:50:29,045 25 loss=0.5718909401144706
2019-01-18 14:50:29,046 26 loss=0.5634466610786381
2019-01-18 14:50:29,047 27 loss=0.5553875328295406
2019-01-18 14:50:29,048 28 loss=0.5476897557741675
2019-01-18 14:50:29,049 29 loss=0.5403312049131757
2019-01-18 14:50:29,050 30 loss=0.5332913047455157
2019-01-18 14:50:29,050 
*** Major Checkpoint. Computing Stats and Saving
2019-01-18 14:50:29,050 	 Computing Major Stats lazily... 
2019-01-18 14:50:29,053 		 Completed edges=756 good=756 bad=0
2019-01-18 14:50:29,058 Distortion avg=0.6960699449850701 wc=31.410878319449974 me=1.4769012564533 mc=21.26809641619612 nan_elements=0
2019-01-18 14:50:29,058 MAP = 0.06906206108799048
2019-01-18 14:50:29,058 scale=[array([1.])]
2019-01-18 14:50:29,058 *** End Major Checkpoint

2019-01-18 14:50:29,059 31 loss=0.526550913636288
2019-01-18 14:50:29,060 32 loss=0.5200922169743049
2019-01-18 14:50:29,061 33 loss=0.5138986284796685
2019-01-18 14:50:29,062 34 loss=0.5079546990579619
2019-01-18 14:50:29,063 35 loss=0.5022460326347851
2019-01-18 14:50:29,064 36 loss=0.4967592084413719
2019-01-18 14:50:29,065 37 loss=0.4914817092581179
2019-01-18 14:50:29,066 38 loss=0.4864018551576427
2019-01-18 14:50:29,067 39 loss=0.48150874232217206
2019-01-18 14:50:29,068 40 loss=0.4767921865414183
2019-01-18 14:50:29,068 
*** Major Checkpoint. Computing Stats and Saving
2019-01-18 14:50:29,068 	 Computing Major Stats lazily... 
2019-01-18 14:50:29,071 		 Completed edges=756 good=756 bad=0
2019-01-18 14:50:29,076 Distortion avg=0.660085784811579 wc=27.567791572991766 me=1.643480368529536 mc=16.774031561847845 nan_elements=0
2019-01-18 14:50:29,076 MAP = 0.07124125962858584
2019-01-18 14:50:29,076 scale=[array([1.])]
2019-01-18 14:50:29,076 *** End Major Checkpoint

2019-01-18 14:50:29,077 41 loss=0.47224267102668605
2019-01-18 14:50:29,078 42 loss=0.46785129820459265
2019-01-18 14:50:29,079 43 loss=0.4636097451796448
2019-01-18 14:50:29,080 44 loss=0.4595102225789454
2019-01-18 14:50:29,081 45 loss=0.4555454365146494
2019-01-18 14:50:29,082 46 loss=0.4517085534204832
2019-01-18 14:50:29,083 47 loss=0.44799316753780877
2019-01-18 14:50:29,084 48 loss=0.44439327084441915
2019-01-18 14:50:29,085 49 loss=0.44090322523561637
2019-01-18 14:50:29,086 50 loss=0.4375177367822051
2019-01-18 14:50:29,086 
*** Major Checkpoint. Computing Stats and Saving
2019-01-18 14:50:29,086 	 Computing Major Stats lazily... 
2019-01-18 14:50:29,089 		 Completed edges=756 good=756 bad=0
2019-01-18 14:50:29,094 Distortion avg=0.6298423522263558 wc=24.70325250629211 me=1.7626096849397783 mc=14.015157591248641 nan_elements=0
2019-01-18 14:50:29,094 MAP = 0.07667457452504169
2019-01-18 14:50:29,094 scale=[array([1.])]
2019-01-18 14:50:29,094 *** End Major Checkpoint

2019-01-18 14:50:29,094 final loss=0.4375177367822051
2019-01-18 14:50:29,094 best loss=0.4375177367822051, distortion=0.6298423522263558, map=0.07667457452504169, wc_dist=24.70325250629211
2019-01-18 14:50:29,094 	 Computing Major Stats lazily... 
2019-01-18 14:50:29,097 		 Completed edges=756 good=756 bad=0
2019-01-18 14:50:29,101 Distortion avg=0.6298423522263557 wc=24.70325250629211 me=1.7626096849397783 mc=14.015157591248641 nan_elements=0
2019-01-18 14:50:29,101 MAP = 0.07667457452504167
2019-01-18 14:50:29,102 scale=[array([1.])]
