2019-01-18 14:51:30,288 Commandline ['pytorch/pytorch_hyperbolic.py', 'learn', 'data/edges/parsing/ewt/ewt_dev/964.edges', '--dim', '0', '--hyp', '0', '--edim', '10', '--euc', '1', '--sdim', '0', '--sph', '0', '--log-name', 'ewt_devr2/964.edges.E10-1.lr1.log', '--batch-size', '65536', '--epochs', '50', '--checkpoint-freq', '10', '-g', '--subsample', '1024', '--learning-rate', '1']
2019-01-18 14:51:30,289 No Model Save selected!
2019-01-18 14:51:30,290 Loaded Graph data/edges/parsing/ewt/ewt_dev/964.edges with 20 nodes scale=1.0
2019-01-18 14:51:30,290 Building dataset
2019-01-18 14:51:30,291 Subsample: 20 points with scale 1.0 subsample=19
2019-01-18 14:51:30,312 Built Data Sampler
2019-01-18 14:51:30,313 Creating a fresh model warm_start?=None
2019-01-18 14:51:30,313 	 Warmstarting? None None 20
2019-01-18 14:51:30,313 Embedding() torch.Size([20, 10])
2019-01-18 14:51:30,313 relative No Rescale
2019-01-18 14:51:30,313 Constructed model with dim=0 and epochs=0 isnan=False
2019-01-18 14:51:30,314 SGD (
Parameter Group 0
    dampening: 0
    initial_lr: 0.1
    lr: 1.0
    momentum: 0.0
    nesterov: False
    weight_decay: 0

Parameter Group 1
    dampening: 0
    initial_lr: 0.1
    lr: 1.0
    momentum: 0.0
    nesterov: False
    weight_decay: 0

Parameter Group 2
    dampening: 0
    initial_lr: 0.1
    lr: 1.0
    momentum: 0.0
    nesterov: False
    weight_decay: 0

Parameter Group 3
    dampening: 0
    initial_lr: 0.0001
    lr: 0.001
    momentum: 0.0
    nesterov: False
    weight_decay: 0
)
2019-01-18 14:51:30,314 *** Initial Checkpoint. Computing Stats
2019-01-18 14:51:30,314 	 Computing Major Stats lazily... 
2019-01-18 14:51:30,316 		 Completed edges=380 good=380 bad=0
2019-01-18 14:51:30,319 Distortion avg=0.9983149101837405 wc=11.911009822267939 me=0.005988741940966903 mc=1988.9001629522318 nan_elements=0
2019-01-18 14:51:30,319 MAP = 0.2588220613808849
2019-01-18 14:51:30,319 scale=[array([1.])]
2019-01-18 14:51:30,320 *** End Initial Checkpoint

2019-01-18 14:51:30,377 1 loss=0.9966339797722381
2019-01-18 14:51:30,378 2 loss=0.9337082403338847
2019-01-18 14:51:30,379 3 loss=0.875561008803816
2019-01-18 14:51:30,380 4 loss=0.8236329412246383
2019-01-18 14:51:30,380 5 loss=0.7774094265723375
2019-01-18 14:51:30,381 6 loss=0.7362439374357718
2019-01-18 14:51:30,382 7 loss=0.6995204456024953
2019-01-18 14:51:30,383 8 loss=0.6666850323112821
2019-01-18 14:51:30,383 9 loss=0.6372498136187308
2019-01-18 14:51:30,384 10 loss=0.6107889473393896
2019-01-18 14:51:30,384 
*** Major Checkpoint. Computing Stats and Saving
2019-01-18 14:51:30,384 	 Computing Major Stats lazily... 
2019-01-18 14:51:30,386 		 Completed edges=380 good=380 bad=0
2019-01-18 14:51:30,389 Distortion avg=0.7364227431227768 wc=20.3219482420608 me=1.034958957279748 mc=19.635511243338904 nan_elements=0
2019-01-18 14:51:30,389 MAP = 0.09537830971344903
2019-01-18 14:51:30,390 scale=[array([1.])]
2019-01-18 14:51:30,390 *** End Major Checkpoint

2019-01-18 14:51:30,390 11 loss=0.5869323384856766
2019-01-18 14:51:30,391 12 loss=0.5653589755735835
2019-01-18 14:51:30,392 13 loss=0.5457906142511284
2019-01-18 14:51:30,393 14 loss=0.5279860616117854
2019-01-18 14:51:30,393 15 loss=0.5117361231081569
2019-01-18 14:51:30,394 16 loss=0.49685919255412836
2019-01-18 14:51:30,395 17 loss=0.48319743245619584
2019-01-18 14:51:30,396 18 loss=0.4706134807841888
2019-01-18 14:51:30,397 19 loss=0.4589876194763021
2019-01-18 14:51:30,398 20 loss=0.44821534384724254
2019-01-18 14:51:30,398 
*** Major Checkpoint. Computing Stats and Saving
2019-01-18 14:51:30,398 	 Computing Major Stats lazily... 
2019-01-18 14:51:30,399 		 Completed edges=380 good=380 bad=0
2019-01-18 14:51:30,402 Distortion avg=0.6290195011105181 wc=16.391041658228325 me=1.4784858132317062 mc=11.086370603990058 nan_elements=0
2019-01-18 14:51:30,403 MAP = 0.10027089641524625
2019-01-18 14:51:30,403 scale=[array([1.])]
2019-01-18 14:51:30,403 *** End Major Checkpoint

2019-01-18 14:51:30,404 21 loss=0.4382052778607251
2019-01-18 14:51:30,404 22 loss=0.4288773865567779
2019-01-18 14:51:30,405 23 loss=0.420161443110337
2019-01-18 14:51:30,406 24 loss=0.41199571372408467
2019-01-18 14:51:30,407 25 loss=0.40432582869981554
2019-01-18 14:51:30,407 26 loss=0.39710381256274174
2019-01-18 14:51:30,408 27 loss=0.3902872500564718
2019-01-18 14:51:30,409 28 loss=0.38383856823096735
2019-01-18 14:51:30,409 29 loss=0.3777244177687308
2019-01-18 14:51:30,410 30 loss=0.3719151391941434
2019-01-18 14:51:30,410 
*** Major Checkpoint. Computing Stats and Saving
2019-01-18 14:51:30,410 	 Computing Major Stats lazily... 
2019-01-18 14:51:30,412 		 Completed edges=380 good=380 bad=0
2019-01-18 14:51:30,415 Distortion avg=0.5752144201022279 wc=13.546033667933742 me=1.6829068226163109 mc=8.049188158186062 nan_elements=0
2019-01-18 14:51:30,415 MAP = 0.12323448371087689
2019-01-18 14:51:30,415 scale=[array([1.])]
2019-01-18 14:51:30,415 *** End Major Checkpoint

2019-01-18 14:51:30,416 31 loss=0.3663843017427279
2019-01-18 14:51:30,417 32 loss=0.36110830448189973
2019-01-18 14:51:30,417 33 loss=0.35606603081771315
2019-01-18 14:51:30,418 34 loss=0.35123854883295325
2019-01-18 14:51:30,419 35 loss=0.346608851015093
2019-01-18 14:51:30,420 36 loss=0.3421616278778654
2019-01-18 14:51:30,420 37 loss=0.33788307078288016
2019-01-18 14:51:30,421 38 loss=0.3337606999495427
2019-01-18 14:51:30,422 39 loss=0.3297832142209587
2019-01-18 14:51:30,423 40 loss=0.3259403596461573
2019-01-18 14:51:30,423 
*** Major Checkpoint. Computing Stats and Saving
2019-01-18 14:51:30,423 	 Computing Major Stats lazily... 
2019-01-18 14:51:30,424 		 Completed edges=380 good=380 bad=0
2019-01-18 14:51:30,427 Distortion avg=0.5324912648832251 wc=11.679225076035037 me=1.8079596645221319 mc=6.4598924993838365 nan_elements=0
2019-01-18 14:51:30,427 MAP = 0.154154723028949
2019-01-18 14:51:30,428 scale=[array([1.])]
2019-01-18 14:51:30,428 *** End Major Checkpoint

2019-01-18 14:51:30,428 41 loss=0.3222228143581146
2019-01-18 14:51:30,429 42 loss=0.3186220875839219
2019-01-18 14:51:30,430 43 loss=0.3151304309275179
2019-01-18 14:51:30,431 44 loss=0.31174076032471193
2019-01-18 14:51:30,431 45 loss=0.3084465872915662
2019-01-18 14:51:30,432 46 loss=0.30524195827632095
2019-01-18 14:51:30,433 47 loss=0.3021214010867842
2019-01-18 14:51:30,434 48 loss=0.2990798775036022
2019-01-18 14:51:30,434 49 loss=0.2961127413085339
2019-01-18 14:51:30,435 50 loss=0.29321570105874983
2019-01-18 14:51:30,435 
*** Major Checkpoint. Computing Stats and Saving
2019-01-18 14:51:30,435 	 Computing Major Stats lazily... 
2019-01-18 14:51:30,437 		 Completed edges=380 good=380 bad=0
2019-01-18 14:51:30,440 Distortion avg=0.49726122669087036 wc=10.278279519235939 me=1.8786849037114086 mc=5.470997025063029 nan_elements=0
2019-01-18 14:51:30,440 MAP = 0.21542887586269938
2019-01-18 14:51:30,441 scale=[array([1.])]
2019-01-18 14:51:30,441 *** End Major Checkpoint

2019-01-18 14:51:30,441 final loss=0.29321570105874983
2019-01-18 14:51:30,441 best loss=0.29321570105874983, distortion=0.49726122669087036, map=0.21542887586269938, wc_dist=10.278279519235939
2019-01-18 14:51:30,441 	 Computing Major Stats lazily... 
2019-01-18 14:51:30,442 		 Completed edges=380 good=380 bad=0
2019-01-18 14:51:30,446 Distortion avg=0.49726122669087 wc=10.278279519235939 me=1.8786849037114086 mc=5.470997025063029 nan_elements=0
2019-01-18 14:51:30,446 MAP = 0.21542887586269935
2019-01-18 14:51:30,446 scale=[array([1.])]
