2019-01-18 15:12:58,787 Commandline ['pytorch/pytorch_hyperbolic.py', 'learn', 'data/edges/parsing/ewt/ewt_dev/966.edges', '--dim', '0', '--hyp', '0', '--edim', '10', '--euc', '1', '--sdim', '0', '--sph', '0', '--log-name', 'ewt_devr2/966.edges.E10-1.lr1.log', '--batch-size', '65536', '--epochs', '50', '--checkpoint-freq', '10', '-g', '--subsample', '1024', '--learning-rate', '1']
2019-01-18 15:12:58,787 No Model Save selected!
2019-01-18 15:12:58,789 Loaded Graph data/edges/parsing/ewt/ewt_dev/966.edges with 29 nodes scale=1.0
2019-01-18 15:12:58,789 Building dataset
2019-01-18 15:12:58,790 Subsample: 29 points with scale 1.0 subsample=28
2019-01-18 15:12:58,828 Built Data Sampler
2019-01-18 15:12:58,828 Creating a fresh model warm_start?=None
2019-01-18 15:12:58,828 	 Warmstarting? None None 29
2019-01-18 15:12:58,828 Embedding() torch.Size([29, 10])
2019-01-18 15:12:58,828 relative No Rescale
2019-01-18 15:12:58,829 Constructed model with dim=0 and epochs=0 isnan=False
2019-01-18 15:12:58,829 SGD (
Parameter Group 0
    dampening: 0
    initial_lr: 0.1
    lr: 1.0
    momentum: 0.0
    nesterov: False
    weight_decay: 0

Parameter Group 1
    dampening: 0
    initial_lr: 0.1
    lr: 1.0
    momentum: 0.0
    nesterov: False
    weight_decay: 0

Parameter Group 2
    dampening: 0
    initial_lr: 0.1
    lr: 1.0
    momentum: 0.0
    nesterov: False
    weight_decay: 0

Parameter Group 3
    dampening: 0
    initial_lr: 0.0001
    lr: 0.001
    momentum: 0.0
    nesterov: False
    weight_decay: 0
)
2019-01-18 15:12:58,829 *** Initial Checkpoint. Computing Stats
2019-01-18 15:12:58,829 	 Computing Major Stats lazily... 
2019-01-18 15:12:58,833 		 Completed edges=812 good=812 bad=0
2019-01-18 15:12:58,837 Distortion avg=0.998546156394378 wc=20.889766338492045 me=0.006841983940850235 mc=3053.173833655057 nan_elements=0
2019-01-18 15:12:58,837 MAP = 0.13266135581973854
2019-01-18 15:12:58,838 scale=[array([1.])]
2019-01-18 15:12:58,838 *** End Initial Checkpoint

2019-01-18 15:12:58,903 1 loss=0.9970955500550457
2019-01-18 15:12:58,904 2 loss=0.9648351584940209
2019-01-18 15:12:58,905 3 loss=0.9335970597408201
2019-01-18 15:12:58,906 4 loss=0.9040730127152653
2019-01-18 15:12:58,907 5 loss=0.8762568263172035
2019-01-18 15:12:58,908 6 loss=0.8500688867191291
2019-01-18 15:12:58,909 7 loss=0.8254134784126183
2019-01-18 15:12:58,910 8 loss=0.8021928430719819
2019-01-18 15:12:58,911 9 loss=0.7803119901726299
2019-01-18 15:12:58,912 10 loss=0.7596805583633639
2019-01-18 15:12:58,912 
*** Major Checkpoint. Computing Stats and Saving
2019-01-18 15:12:58,913 	 Computing Major Stats lazily... 
2019-01-18 15:12:58,916 		 Completed edges=812 good=812 bad=0
2019-01-18 15:12:58,920 Distortion avg=0.8505153208930402 wc=26.734472318912086 me=0.763726212367893 mc=35.00530934511631 nan_elements=0
2019-01-18 15:12:58,920 MAP = 0.06618579149409037
2019-01-18 15:12:58,920 scale=[array([1.])]
2019-01-18 15:12:58,921 *** End Major Checkpoint

2019-01-18 15:12:58,922 11 loss=0.7402135100285787
2019-01-18 15:12:58,923 12 loss=0.7218313013466228
2019-01-18 15:12:58,924 13 loss=0.7044597988760547
2019-01-18 15:12:58,925 14 loss=0.6880300702962541
2019-01-18 15:12:58,926 15 loss=0.6724781142711014
2019-01-18 15:12:58,927 16 loss=0.6577445643589349
2019-01-18 15:12:58,928 17 loss=0.643774386409791
2019-01-18 15:12:58,929 18 loss=0.6305165804514601
2019-01-18 15:12:58,930 19 loss=0.6179238932593767
2019-01-18 15:12:58,931 20 loss=0.6059525449751225
2019-01-18 15:12:58,931 
*** Major Checkpoint. Computing Stats and Saving
2019-01-18 15:12:58,931 	 Computing Major Stats lazily... 
2019-01-18 15:12:58,934 		 Completed edges=812 good=812 bad=0
2019-01-18 15:12:58,939 Distortion avg=0.7443011331857614 wc=24.14970882277327 me=1.2539732372696626 mc=19.258552020899277 nan_elements=0
2019-01-18 15:12:58,939 MAP = 0.0661434876266408
2019-01-18 15:12:58,939 scale=[array([1.])]
2019-01-18 15:12:58,939 *** End Major Checkpoint

2019-01-18 15:12:58,940 21 loss=0.594561971431381
2019-01-18 15:12:58,941 22 loss=0.5837145827964866
2019-01-18 15:12:58,942 23 loss=0.573375538509295
2019-01-18 15:12:58,943 24 loss=0.563512538083078
2019-01-18 15:12:58,944 25 loss=0.5540956271239825
2019-01-18 15:12:58,945 26 loss=0.5450970177785809
2019-01-18 15:12:58,946 27 loss=0.5364909227603245
2019-01-18 15:12:58,947 28 loss=0.5282534020830738
2019-01-18 15:12:58,948 29 loss=0.5203622216361363
2019-01-18 15:12:58,949 30 loss=0.5127967227592702
2019-01-18 15:12:58,949 
*** Major Checkpoint. Computing Stats and Saving
2019-01-18 15:12:58,949 	 Computing Major Stats lazily... 
2019-01-18 15:12:58,953 		 Completed edges=812 good=812 bad=0
2019-01-18 15:12:58,957 Distortion avg=0.6822686599839574 wc=21.493961528096367 me=1.549823065632905 mc=13.8686550772935 nan_elements=0
2019-01-18 15:12:58,957 MAP = 0.06900818407286884
2019-01-18 15:12:58,957 scale=[array([1.])]
2019-01-18 15:12:58,957 *** End Major Checkpoint

2019-01-18 15:12:58,958 31 loss=0.5055377020111229
2019-01-18 15:12:58,959 32 loss=0.4985673003659862
2019-01-18 15:12:58,960 33 loss=0.4918689011184518
2019-01-18 15:12:58,962 34 loss=0.48542703582145846
2019-01-18 15:12:58,963 35 loss=0.47922729762890953
2019-01-18 15:12:58,964 36 loss=0.4732562614585935
2019-01-18 15:12:58,965 37 loss=0.46750141043395477
2019-01-18 15:12:58,966 38 loss=0.461951068103986
2019-01-18 15:12:58,967 39 loss=0.45659433597892185
2019-01-18 15:12:58,968 40 loss=0.4514210359554659
2019-01-18 15:12:58,968 
*** Major Checkpoint. Computing Stats and Saving
2019-01-18 15:12:58,968 	 Computing Major Stats lazily... 
2019-01-18 15:12:58,971 		 Completed edges=812 good=812 bad=0
2019-01-18 15:12:58,975 Distortion avg=0.6414934692850891 wc=19.13396439412823 me=1.7196088443376198 mc=11.126928346020742 nan_elements=0
2019-01-18 15:12:58,975 MAP = 0.0753922327860844
2019-01-18 15:12:58,976 scale=[array([1.])]
2019-01-18 15:12:58,976 *** End Major Checkpoint

2019-01-18 15:12:58,977 41 loss=0.4464216572388981
2019-01-18 15:12:58,978 42 loss=0.44158730740071866
2019-01-18 15:12:58,979 43 loss=0.4369096672394756
2019-01-18 15:12:58,980 44 loss=0.4323809491392782
2019-01-18 15:12:58,981 45 loss=0.42799385864527795
2019-01-18 15:12:58,982 46 loss=0.42374155899824223
2019-01-18 15:12:58,983 47 loss=0.41961763839139915
2019-01-18 15:12:58,984 48 loss=0.41561607973206316
2019-01-18 15:12:58,985 49 loss=0.41173123270836504
2019-01-18 15:12:58,986 50 loss=0.40795778797771787
2019-01-18 15:12:58,986 
*** Major Checkpoint. Computing Stats and Saving
2019-01-18 15:12:58,986 	 Computing Major Stats lazily... 
2019-01-18 15:12:58,989 		 Completed edges=812 good=812 bad=0
2019-01-18 15:12:58,993 Distortion avg=0.6065278637560044 wc=17.098838057006873 me=1.8083744153197239 mc=9.455363840670001 nan_elements=0
2019-01-18 15:12:58,993 MAP = 0.08511058488706097
2019-01-18 15:12:58,993 scale=[array([1.])]
2019-01-18 15:12:58,994 *** End Major Checkpoint

2019-01-18 15:12:58,994 final loss=0.40795778797771787
2019-01-18 15:12:58,994 best loss=0.40795778797771787, distortion=0.6065278637560044, map=0.08511058488706097, wc_dist=17.098838057006873
2019-01-18 15:12:58,994 	 Computing Major Stats lazily... 
2019-01-18 15:12:58,997 		 Completed edges=812 good=812 bad=0
2019-01-18 15:12:59,001 Distortion avg=0.6065278637560039 wc=17.098838057006873 me=1.8083744153197239 mc=9.455363840670001 nan_elements=0
2019-01-18 15:12:59,001 MAP = 0.08511058488706097
2019-01-18 15:12:59,001 scale=[array([1.])]
