2019-01-18 14:40:34,600 Commandline ['pytorch/pytorch_hyperbolic.py', 'learn', 'data/edges/parsing/ewt/ewt_dev/969.edges', '--dim', '0', '--hyp', '0', '--edim', '10', '--euc', '1', '--sdim', '0', '--sph', '0', '--log-name', 'ewt_devr2/969.edges.E10-1.lr1.log', '--batch-size', '65536', '--epochs', '50', '-g', '--subsample', '1024', '--learning-rate', '1']
2019-01-18 14:40:34,601 No Model Save selected!
2019-01-18 14:40:34,602 Loaded Graph data/edges/parsing/ewt/ewt_dev/969.edges with 19 nodes scale=1.0
2019-01-18 14:40:34,602 Building dataset
2019-01-18 14:40:34,602 Subsample: 19 points with scale 1.0 subsample=18
2019-01-18 14:40:34,622 Built Data Sampler
2019-01-18 14:40:34,622 Creating a fresh model warm_start?=None
2019-01-18 14:40:34,622 	 Warmstarting? None None 19
2019-01-18 14:40:34,623 Embedding() torch.Size([19, 10])
2019-01-18 14:40:34,623 relative No Rescale
2019-01-18 14:40:34,623 Constructed model with dim=0 and epochs=0 isnan=False
2019-01-18 14:40:34,623 SGD (
Parameter Group 0
    dampening: 0
    initial_lr: 0.1
    lr: 1.0
    momentum: 0.0
    nesterov: False
    weight_decay: 0

Parameter Group 1
    dampening: 0
    initial_lr: 0.1
    lr: 1.0
    momentum: 0.0
    nesterov: False
    weight_decay: 0

Parameter Group 2
    dampening: 0
    initial_lr: 0.1
    lr: 1.0
    momentum: 0.0
    nesterov: False
    weight_decay: 0

Parameter Group 3
    dampening: 0
    initial_lr: 0.0001
    lr: 0.001
    momentum: 0.0
    nesterov: False
    weight_decay: 0
)
2019-01-18 14:40:34,624 *** Initial Checkpoint. Computing Stats
2019-01-18 14:40:34,624 	 Computing Major Stats lazily... 
2019-01-18 14:40:34,626 		 Completed edges=342 good=342 bad=0
2019-01-18 14:40:34,629 Distortion avg=0.9982939815089216 wc=13.528733930088993 me=0.006196519622161948 mc=2183.2794463690984 nan_elements=0
2019-01-18 14:40:34,629 MAP = 0.289360542708066
2019-01-18 14:40:34,629 scale=[array([1.])]
2019-01-18 14:40:34,629 *** End Initial Checkpoint

2019-01-18 14:40:34,687 1 loss=0.9965922307498738
2019-01-18 14:40:34,688 2 loss=0.9296026325225337
2019-01-18 14:40:34,689 3 loss=0.8681862982576788
2019-01-18 14:40:34,689 4 loss=0.8138021071429665
2019-01-18 14:40:34,690 5 loss=0.7657799348533104
2019-01-18 14:40:34,691 6 loss=0.7233297182756886
2019-01-18 14:40:34,692 7 loss=0.6857168825047113
2019-01-18 14:40:34,692 8 loss=0.6522929680495188
2019-01-18 14:40:34,693 9 loss=0.6224959746625945
2019-01-18 14:40:34,694 10 loss=0.5958425945171478
2019-01-18 14:40:34,694 11 loss=0.5719185645895326
2019-01-18 14:40:34,695 12 loss=0.5503691962010606
2019-01-18 14:40:34,696 13 loss=0.5308907740034512
2019-01-18 14:40:34,697 14 loss=0.5132230095464282
2019-01-18 14:40:34,698 15 loss=0.497142535754058
2019-01-18 14:40:34,698 16 loss=0.4824573527851226
2019-01-18 14:40:34,699 17 loss=0.4690021120793358
2019-01-18 14:40:34,700 18 loss=0.45663412433040124
2019-01-18 14:40:34,700 19 loss=0.4452299855424477
2019-01-18 14:40:34,701 20 loss=0.4346827271641797
2019-01-18 14:40:34,702 21 loss=0.42489940873936405
2019-01-18 14:40:34,702 22 loss=0.4157990832906632
2019-01-18 14:40:34,703 23 loss=0.40731107624784946
2019-01-18 14:40:34,704 24 loss=0.39937352799280446
2019-01-18 14:40:34,705 25 loss=0.3919321580518591
2019-01-18 14:40:34,705 26 loss=0.38493921573007284
2019-01-18 14:40:34,706 27 loss=0.37835258769034324
2019-01-18 14:40:34,707 28 loss=0.37213503777504403
2019-01-18 14:40:34,707 29 loss=0.3662535583831414
2019-01-18 14:40:34,708 30 loss=0.36067881607174007
2019-01-18 14:40:34,709 31 loss=0.3553846768530069
2019-01-18 14:40:34,710 32 loss=0.3503477989956935
2019-01-18 14:40:34,710 33 loss=0.34554728309177896
2019-01-18 14:40:34,711 34 loss=0.34096437077765046
2019-01-18 14:40:34,712 35 loss=0.336582184859806
2019-01-18 14:40:34,712 36 loss=0.3323855047324611
2019-01-18 14:40:34,713 37 loss=0.32836057192617185
2019-01-18 14:40:34,714 38 loss=0.324494921423865
2019-01-18 14:40:34,715 39 loss=0.3207772350493352
2019-01-18 14:40:34,715 40 loss=0.3171972137947956
2019-01-18 14:40:34,716 41 loss=0.3137454664262487
2019-01-18 14:40:34,717 42 loss=0.310413412102998
2019-01-18 14:40:34,717 43 loss=0.30719319508284365
2019-01-18 14:40:34,718 44 loss=0.3040776098675183
2019-01-18 14:40:34,719 45 loss=0.3010600353822139
2019-01-18 14:40:34,720 46 loss=0.29813437698565065
2019-01-18 14:40:34,720 47 loss=0.2952950152789062
2019-01-18 14:40:34,721 48 loss=0.2925367608270742
2019-01-18 14:40:34,722 49 loss=0.28985481403181923
2019-01-18 14:40:34,722 50 loss=0.2872447294984872
2019-01-18 14:40:34,722 final loss=0.2872447294984872
2019-01-18 14:40:34,723 best loss=10000000000.0, distortion=10000000000.0, map=0.0, wc_dist=10000000000.0
2019-01-18 14:40:34,723 	 Computing Major Stats lazily... 
2019-01-18 14:40:34,724 		 Completed edges=342 good=342 bad=0
2019-01-18 14:40:34,727 Distortion avg=0.4868755133777413 wc=10.589168221628313 me=1.764092740440873 mc=6.0026142497371895 nan_elements=0
2019-01-18 14:40:34,727 MAP = 0.24186135501924974
2019-01-18 14:40:34,727 scale=[array([1.])]
2019-01-18 15:03:35,156 Commandline ['pytorch/pytorch_hyperbolic.py', 'learn', 'data/edges/parsing/ewt/ewt_dev/969.edges', '--dim', '0', '--hyp', '0', '--edim', '10', '--euc', '1', '--sdim', '0', '--sph', '0', '--log-name', 'ewt_devr2/969.edges.E10-1.lr1.log', '--batch-size', '65536', '--epochs', '50', '--checkpoint-freq', '10', '-g', '--subsample', '1024', '--learning-rate', '1']
2019-01-18 15:03:35,157 No Model Save selected!
2019-01-18 15:03:35,158 Loaded Graph data/edges/parsing/ewt/ewt_dev/969.edges with 19 nodes scale=1.0
2019-01-18 15:03:35,158 Building dataset
2019-01-18 15:03:35,159 Subsample: 19 points with scale 1.0 subsample=18
2019-01-18 15:03:35,178 Built Data Sampler
2019-01-18 15:03:35,178 Creating a fresh model warm_start?=None
2019-01-18 15:03:35,178 	 Warmstarting? None None 19
2019-01-18 15:03:35,178 Embedding() torch.Size([19, 10])
2019-01-18 15:03:35,179 relative No Rescale
2019-01-18 15:03:35,179 Constructed model with dim=0 and epochs=0 isnan=False
2019-01-18 15:03:35,179 SGD (
Parameter Group 0
    dampening: 0
    initial_lr: 0.1
    lr: 1.0
    momentum: 0.0
    nesterov: False
    weight_decay: 0

Parameter Group 1
    dampening: 0
    initial_lr: 0.1
    lr: 1.0
    momentum: 0.0
    nesterov: False
    weight_decay: 0

Parameter Group 2
    dampening: 0
    initial_lr: 0.1
    lr: 1.0
    momentum: 0.0
    nesterov: False
    weight_decay: 0

Parameter Group 3
    dampening: 0
    initial_lr: 0.0001
    lr: 0.001
    momentum: 0.0
    nesterov: False
    weight_decay: 0
)
2019-01-18 15:03:35,179 *** Initial Checkpoint. Computing Stats
2019-01-18 15:03:35,179 	 Computing Major Stats lazily... 
2019-01-18 15:03:35,181 		 Completed edges=342 good=342 bad=0
2019-01-18 15:03:35,184 Distortion avg=0.9982939815089216 wc=13.528733930088993 me=0.006196519622161948 mc=2183.2794463690984 nan_elements=0
2019-01-18 15:03:35,184 MAP = 0.289360542708066
2019-01-18 15:03:35,185 scale=[array([1.])]
2019-01-18 15:03:35,185 *** End Initial Checkpoint

2019-01-18 15:03:35,241 1 loss=0.9965922307498738
2019-01-18 15:03:35,242 2 loss=0.9296026325225337
2019-01-18 15:03:35,243 3 loss=0.8681862982576788
2019-01-18 15:03:35,243 4 loss=0.8138021071429665
2019-01-18 15:03:35,244 5 loss=0.7657799348533104
2019-01-18 15:03:35,245 6 loss=0.7233297182756886
2019-01-18 15:03:35,245 7 loss=0.6857168825047113
2019-01-18 15:03:35,246 8 loss=0.6522929680495188
2019-01-18 15:03:35,247 9 loss=0.6224959746625945
2019-01-18 15:03:35,247 10 loss=0.5958425945171478
2019-01-18 15:03:35,248 
*** Major Checkpoint. Computing Stats and Saving
2019-01-18 15:03:35,248 	 Computing Major Stats lazily... 
2019-01-18 15:03:35,249 		 Completed edges=342 good=342 bad=0
2019-01-18 15:03:35,252 Distortion avg=0.7249118121607243 wc=23.108290914267446 me=1.141607812164028 mc=20.24188225417225 nan_elements=0
2019-01-18 15:03:35,252 MAP = 0.11174385470051106
2019-01-18 15:03:35,252 scale=[array([1.])]
2019-01-18 15:03:35,252 *** End Major Checkpoint

2019-01-18 15:03:35,253 11 loss=0.5719185645895325
2019-01-18 15:03:35,254 12 loss=0.5503691962010606
2019-01-18 15:03:35,255 13 loss=0.5308907740034511
2019-01-18 15:03:35,255 14 loss=0.5132230095464281
2019-01-18 15:03:35,256 15 loss=0.497142535754058
2019-01-18 15:03:35,257 16 loss=0.48245735278512264
2019-01-18 15:03:35,257 17 loss=0.4690021120793358
2019-01-18 15:03:35,258 18 loss=0.4566341243304013
2019-01-18 15:03:35,259 19 loss=0.44522998554244786
2019-01-18 15:03:35,259 20 loss=0.4346827271641796
2019-01-18 15:03:35,259 
*** Major Checkpoint. Computing Stats and Saving
2019-01-18 15:03:35,260 	 Computing Major Stats lazily... 
2019-01-18 15:03:35,261 		 Completed edges=342 good=342 bad=0
2019-01-18 15:03:35,264 Distortion avg=0.6173739695268836 wc=17.302605349090303 me=1.483193367365208 mc=11.665778535557507 nan_elements=0
2019-01-18 15:03:35,264 MAP = 0.11441919793312981
2019-01-18 15:03:35,264 scale=[array([1.])]
2019-01-18 15:03:35,264 *** End Major Checkpoint

2019-01-18 15:03:35,265 21 loss=0.4248994087393641
2019-01-18 15:03:35,266 22 loss=0.415799083290663
2019-01-18 15:03:35,267 23 loss=0.40731107624784935
2019-01-18 15:03:35,267 24 loss=0.3993735279928044
2019-01-18 15:03:35,268 25 loss=0.391932158051859
2019-01-18 15:03:35,269 26 loss=0.38493921573007295
2019-01-18 15:03:35,270 27 loss=0.37835258769034313
2019-01-18 15:03:35,271 28 loss=0.37213503777504414
2019-01-18 15:03:35,271 29 loss=0.3662535583831414
2019-01-18 15:03:35,272 30 loss=0.36067881607174
2019-01-18 15:03:35,272 
*** Major Checkpoint. Computing Stats and Saving
2019-01-18 15:03:35,272 	 Computing Major Stats lazily... 
2019-01-18 15:03:35,274 		 Completed edges=342 good=342 bad=0
2019-01-18 15:03:35,277 Distortion avg=0.5624373494915728 wc=14.023194895756811 me=1.6245441382837846 mc=8.632079957255774 nan_elements=0
2019-01-18 15:03:35,277 MAP = 0.1369972133130028
2019-01-18 15:03:35,277 scale=[array([1.])]
2019-01-18 15:03:35,277 *** End Major Checkpoint

2019-01-18 15:03:35,278 31 loss=0.355384676853007
2019-01-18 15:03:35,278 32 loss=0.35034779899569357
2019-01-18 15:03:35,279 33 loss=0.34554728309177907
2019-01-18 15:03:35,280 34 loss=0.3409643707776505
2019-01-18 15:03:35,280 35 loss=0.3365821848598061
2019-01-18 15:03:35,281 36 loss=0.332385504732461
2019-01-18 15:03:35,282 37 loss=0.3283605719261717
2019-01-18 15:03:35,283 38 loss=0.32449492142386516
2019-01-18 15:03:35,283 39 loss=0.3207772350493353
2019-01-18 15:03:35,284 40 loss=0.3171972137947957
2019-01-18 15:03:35,284 
*** Major Checkpoint. Computing Stats and Saving
2019-01-18 15:03:35,284 	 Computing Major Stats lazily... 
2019-01-18 15:03:35,286 		 Completed edges=342 good=342 bad=0
2019-01-18 15:03:35,289 Distortion avg=0.5198592898562703 wc=11.965481778040088 me=1.703519420825845 mc=7.023977321162191 nan_elements=0
2019-01-18 15:03:35,289 MAP = 0.1656005787584735
2019-01-18 15:03:35,289 scale=[array([1.])]
2019-01-18 15:03:35,289 *** End Major Checkpoint

2019-01-18 15:03:35,290 41 loss=0.3137454664262487
2019-01-18 15:03:35,290 42 loss=0.31041341210299805
2019-01-18 15:03:35,291 43 loss=0.30719319508284365
2019-01-18 15:03:35,292 44 loss=0.3040776098675183
2019-01-18 15:03:35,292 45 loss=0.30106003538221393
2019-01-18 15:03:35,293 46 loss=0.29813437698565054
2019-01-18 15:03:35,294 47 loss=0.29529501527890617
2019-01-18 15:03:35,295 48 loss=0.29253676082707425
2019-01-18 15:03:35,295 49 loss=0.2898548140318192
2019-01-18 15:03:35,296 50 loss=0.2872447294984872
2019-01-18 15:03:35,296 
*** Major Checkpoint. Computing Stats and Saving
2019-01-18 15:03:35,296 	 Computing Major Stats lazily... 
2019-01-18 15:03:35,298 		 Completed edges=342 good=342 bad=0
2019-01-18 15:03:35,301 Distortion avg=0.4868755133777414 wc=10.589168221628313 me=1.764092740440873 mc=6.0026142497371895 nan_elements=0
2019-01-18 15:03:35,301 MAP = 0.2418613550192498
2019-01-18 15:03:35,301 scale=[array([1.])]
2019-01-18 15:03:35,301 *** End Major Checkpoint

2019-01-18 15:03:35,301 final loss=0.2872447294984872
2019-01-18 15:03:35,301 best loss=0.2872447294984872, distortion=0.4868755133777414, map=0.2418613550192498, wc_dist=10.589168221628313
2019-01-18 15:03:35,301 	 Computing Major Stats lazily... 
2019-01-18 15:03:35,303 		 Completed edges=342 good=342 bad=0
2019-01-18 15:03:35,306 Distortion avg=0.48687551337774115 wc=10.589168221628313 me=1.764092740440873 mc=6.0026142497371895 nan_elements=0
2019-01-18 15:03:35,306 MAP = 0.2418613550192498
2019-01-18 15:03:35,306 scale=[array([1.])]
