2019-01-18 15:13:31,582 Commandline ['pytorch/pytorch_hyperbolic.py', 'learn', 'data/edges/parsing/ewt/ewt_dev/970.edges', '--dim', '0', '--hyp', '0', '--edim', '10', '--euc', '1', '--sdim', '0', '--sph', '0', '--log-name', 'ewt_devr2/970.edges.E10-1.lr1.log', '--batch-size', '65536', '--epochs', '50', '--checkpoint-freq', '10', '-g', '--subsample', '1024', '--learning-rate', '1']
2019-01-18 15:13:31,582 No Model Save selected!
2019-01-18 15:13:31,583 Loaded Graph data/edges/parsing/ewt/ewt_dev/970.edges with 20 nodes scale=1.0
2019-01-18 15:13:31,583 Building dataset
2019-01-18 15:13:31,584 Subsample: 20 points with scale 1.0 subsample=19
2019-01-18 15:13:31,605 Built Data Sampler
2019-01-18 15:13:31,605 Creating a fresh model warm_start?=None
2019-01-18 15:13:31,605 	 Warmstarting? None None 20
2019-01-18 15:13:31,606 Embedding() torch.Size([20, 10])
2019-01-18 15:13:31,606 relative No Rescale
2019-01-18 15:13:31,606 Constructed model with dim=0 and epochs=0 isnan=False
2019-01-18 15:13:31,606 SGD (
Parameter Group 0
    dampening: 0
    initial_lr: 0.1
    lr: 1.0
    momentum: 0.0
    nesterov: False
    weight_decay: 0

Parameter Group 1
    dampening: 0
    initial_lr: 0.1
    lr: 1.0
    momentum: 0.0
    nesterov: False
    weight_decay: 0

Parameter Group 2
    dampening: 0
    initial_lr: 0.1
    lr: 1.0
    momentum: 0.0
    nesterov: False
    weight_decay: 0

Parameter Group 3
    dampening: 0
    initial_lr: 0.0001
    lr: 0.001
    momentum: 0.0
    nesterov: False
    weight_decay: 0
)
2019-01-18 15:13:31,606 *** Initial Checkpoint. Computing Stats
2019-01-18 15:13:31,606 	 Computing Major Stats lazily... 
2019-01-18 15:13:31,608 		 Completed edges=380 good=380 bad=0
2019-01-18 15:13:31,612 Distortion avg=0.9982419901897454 wc=15.366980714657416 me=0.005941110731069004 mc=2586.550126779472 nan_elements=0
2019-01-18 15:13:31,612 MAP = 0.2646420147405054
2019-01-18 15:13:31,612 scale=[array([1.])]
2019-01-18 15:13:31,612 *** End Initial Checkpoint

2019-01-18 15:13:31,671 1 loss=0.9964882397237054
2019-01-18 15:13:31,672 2 loss=0.9278027401418758
2019-01-18 15:13:31,673 3 loss=0.8645796403018694
2019-01-18 15:13:31,674 4 loss=0.8085583339417164
2019-01-18 15:13:31,675 5 loss=0.7590583524785425
2019-01-18 15:13:31,675 6 loss=0.7152559974902502
2019-01-18 15:13:31,676 7 loss=0.6763864323426729
2019-01-18 15:13:31,677 8 loss=0.6417770642014163
2019-01-18 15:13:31,677 9 loss=0.6108474314693261
2019-01-18 15:13:31,678 10 loss=0.5831004782479704
2019-01-18 15:13:31,678 
*** Major Checkpoint. Computing Stats and Saving
2019-01-18 15:13:31,679 	 Computing Major Stats lazily... 
2019-01-18 15:13:31,680 		 Completed edges=380 good=380 bad=0
2019-01-18 15:13:31,683 Distortion avg=0.71687796124581 wc=20.856216129118526 me=1.152321673592347 mc=18.099300401162775 nan_elements=0
2019-01-18 15:13:31,684 MAP = 0.09789363032764734
2019-01-18 15:13:31,684 scale=[array([1.])]
2019-01-18 15:13:31,684 *** End Major Checkpoint

2019-01-18 15:13:31,685 11 loss=0.5581119613772321
2019-01-18 15:13:31,685 12 loss=0.5355201590813106
2019-01-18 15:13:31,686 13 loss=0.5150165882394658
2019-01-18 15:13:31,687 14 loss=0.4963379042899827
2019-01-18 15:13:31,688 15 loss=0.4792589525856261
2019-01-18 15:13:31,688 16 loss=0.46358686384020525
2019-01-18 15:13:31,689 17 loss=0.44915606423546556
2019-01-18 15:13:31,690 18 loss=0.4358240718216461
2019-01-18 15:13:31,690 19 loss=0.42346796139429255
2019-01-18 15:13:31,691 20 loss=0.41198139382385746
2019-01-18 15:13:31,691 
*** Major Checkpoint. Computing Stats and Saving
2019-01-18 15:13:31,691 	 Computing Major Stats lazily... 
2019-01-18 15:13:31,693 		 Completed edges=380 good=380 bad=0
2019-01-18 15:13:31,696 Distortion avg=0.6045333726737552 wc=15.320903553462728 me=1.473964177808498 mc=10.39435271503136 nan_elements=0
2019-01-18 15:13:31,696 MAP = 0.10464276578827662
2019-01-18 15:13:31,696 scale=[array([1.])]
2019-01-18 15:13:31,696 *** End Major Checkpoint

2019-01-18 15:13:31,697 21 loss=0.4012721199793831
2019-01-18 15:13:31,698 22 loss=0.39125988264515804
2019-01-18 15:13:31,699 23 loss=0.3818746516772214
2019-01-18 15:13:31,699 24 loss=0.37305513796043804
2019-01-18 15:13:31,700 25 loss=0.36474754056183045
2019-01-18 15:13:31,701 26 loss=0.35690448896582033
2019-01-18 15:13:31,702 27 loss=0.34948414858307636
2019-01-18 15:13:31,702 28 loss=0.3424494630092239
2019-01-18 15:13:31,703 29 loss=0.3357675109242287
2019-01-18 15:13:31,704 30 loss=0.3294089592032644
2019-01-18 15:13:31,704 
*** Major Checkpoint. Computing Stats and Saving
2019-01-18 15:13:31,704 	 Computing Major Stats lazily... 
2019-01-18 15:13:31,706 		 Completed edges=380 good=380 bad=0
2019-01-18 15:13:31,709 Distortion avg=0.5415085789117577 wc=12.358068254795477 me=1.567534968598091 mc=7.883759215813724 nan_elements=0
2019-01-18 15:13:31,709 MAP = 0.1269210687331817
2019-01-18 15:13:31,709 scale=[array([1.])]
2019-01-18 15:13:31,709 *** End Major Checkpoint

2019-01-18 15:13:31,710 31 loss=0.32334759687334585
2019-01-18 15:13:31,711 32 loss=0.3175599370981942
2019-01-18 15:13:31,712 33 loss=0.3120248764924898
2019-01-18 15:13:31,712 34 loss=0.30672340282807936
2019-01-18 15:13:31,713 35 loss=0.3016383436592887
2019-01-18 15:13:31,714 36 loss=0.2967541496126076
2019-01-18 15:13:31,715 37 loss=0.29205670709960446
2019-01-18 15:13:31,715 38 loss=0.2875331760557447
2019-01-18 15:13:31,716 39 loss=0.2831718490107164
2019-01-18 15:13:31,717 40 loss=0.27896202838180967
2019-01-18 15:13:31,717 
*** Major Checkpoint. Computing Stats and Saving
2019-01-18 15:13:31,717 	 Computing Major Stats lazily... 
2019-01-18 15:13:31,719 		 Completed edges=380 good=380 bad=0
2019-01-18 15:13:31,722 Distortion avg=0.4921176219214094 wc=11.14674964568122 me=1.6899375354308268 mc=6.595953644428347 nan_elements=0
2019-01-18 15:13:31,722 MAP = 0.15633500486441662
2019-01-18 15:13:31,722 scale=[array([1.])]
2019-01-18 15:13:31,722 *** End Major Checkpoint

2019-01-18 15:13:31,723 41 loss=0.27489391937068186
2019-01-18 15:13:31,724 42 loss=0.2709585362519136
2019-01-18 15:13:31,725 43 loss=0.2671476201827408
2019-01-18 15:13:31,725 44 loss=0.2634535669485564
2019-01-18 15:13:31,726 45 loss=0.2598693632975875
2019-01-18 15:13:31,727 46 loss=0.25638853071837825
2019-01-18 15:13:31,727 47 loss=0.25300507568180786
2019-01-18 15:13:31,728 48 loss=0.2497134455107299
2019-01-18 15:13:31,729 49 loss=0.24650848915940324
2019-01-18 15:13:31,730 50 loss=0.2433854222854001
2019-01-18 15:13:31,730 
*** Major Checkpoint. Computing Stats and Saving
2019-01-18 15:13:31,730 	 Computing Major Stats lazily... 
2019-01-18 15:13:31,731 		 Completed edges=380 good=380 bad=0
2019-01-18 15:13:31,734 Distortion avg=0.4536146600134506 wc=10.279646750621692 me=1.7776561235947101 mc=5.78269700994508 nan_elements=0
2019-01-18 15:13:31,734 MAP = 0.2489700345950346
2019-01-18 15:13:31,735 scale=[array([1.])]
2019-01-18 15:13:31,735 *** End Major Checkpoint

2019-01-18 15:13:31,735 final loss=0.2433854222854001
2019-01-18 15:13:31,735 best loss=0.2433854222854001, distortion=0.4536146600134506, map=0.2489700345950346, wc_dist=10.279646750621692
2019-01-18 15:13:31,735 	 Computing Major Stats lazily... 
2019-01-18 15:13:31,737 		 Completed edges=380 good=380 bad=0
2019-01-18 15:13:31,740 Distortion avg=0.45361466001345074 wc=10.279646750621692 me=1.7776561235947101 mc=5.78269700994508 nan_elements=0
2019-01-18 15:13:31,740 MAP = 0.24897003459503458
2019-01-18 15:13:31,740 scale=[array([1.])]
