2019-01-18 15:01:45,362 Commandline ['pytorch/pytorch_hyperbolic.py', 'learn', 'data/edges/parsing/ewt/ewt_dev/971.edges', '--dim', '0', '--hyp', '0', '--edim', '10', '--euc', '1', '--sdim', '0', '--sph', '0', '--log-name', 'ewt_devr2/971.edges.E10-1.lr1.log', '--batch-size', '65536', '--epochs', '50', '--checkpoint-freq', '10', '-g', '--subsample', '1024', '--learning-rate', '1']
2019-01-18 15:01:45,362 No Model Save selected!
2019-01-18 15:01:45,364 Loaded Graph data/edges/parsing/ewt/ewt_dev/971.edges with 11 nodes scale=1.0
2019-01-18 15:01:45,364 Building dataset
2019-01-18 15:01:45,365 Subsample: 11 points with scale 1.0 subsample=10
2019-01-18 15:01:45,374 Built Data Sampler
2019-01-18 15:01:45,374 Creating a fresh model warm_start?=None
2019-01-18 15:01:45,374 	 Warmstarting? None None 11
2019-01-18 15:01:45,374 Embedding() torch.Size([11, 10])
2019-01-18 15:01:45,374 relative No Rescale
2019-01-18 15:01:45,375 Constructed model with dim=0 and epochs=0 isnan=False
2019-01-18 15:01:45,375 SGD (
Parameter Group 0
    dampening: 0
    initial_lr: 0.1
    lr: 1.0
    momentum: 0.0
    nesterov: False
    weight_decay: 0

Parameter Group 1
    dampening: 0
    initial_lr: 0.1
    lr: 1.0
    momentum: 0.0
    nesterov: False
    weight_decay: 0

Parameter Group 2
    dampening: 0
    initial_lr: 0.1
    lr: 1.0
    momentum: 0.0
    nesterov: False
    weight_decay: 0

Parameter Group 3
    dampening: 0
    initial_lr: 0.0001
    lr: 0.001
    momentum: 0.0
    nesterov: False
    weight_decay: 0
)
2019-01-18 15:01:45,375 *** Initial Checkpoint. Computing Stats
2019-01-18 15:01:45,375 	 Computing Major Stats lazily... 
2019-01-18 15:01:45,376 		 Completed edges=110 good=110 bad=0
2019-01-18 15:01:45,378 Distortion avg=0.9977866372513915 wc=8.83192345047564 me=0.005941110731069004 mc=1486.5778219364179 nan_elements=0
2019-01-18 15:01:45,378 MAP = 0.2417478354978355
2019-01-18 15:01:45,378 scale=[array([1.])]
2019-01-18 15:01:45,378 *** End Initial Checkpoint

2019-01-18 15:01:45,435 1 loss=0.9955799466378882
2019-01-18 15:01:45,436 2 loss=0.8016637918367122
2019-01-18 15:01:45,437 3 loss=0.6633502773713484
2019-01-18 15:01:45,437 4 loss=0.5671472586375632
2019-01-18 15:01:45,438 5 loss=0.4981469945702287
2019-01-18 15:01:45,438 6 loss=0.44679543412715594
2019-01-18 15:01:45,439 7 loss=0.40716281611941957
2019-01-18 15:01:45,439 8 loss=0.3755549181456454
2019-01-18 15:01:45,440 9 loss=0.349634097843782
2019-01-18 15:01:45,440 10 loss=0.3278874487325498
2019-01-18 15:01:45,440 
*** Major Checkpoint. Computing Stats and Saving
2019-01-18 15:01:45,440 	 Computing Major Stats lazily... 
2019-01-18 15:01:45,441 		 Completed edges=110 good=110 bad=0
2019-01-18 15:01:45,443 Distortion avg=0.5192672632890403 wc=8.137854331707496 me=1.3817066837116656 mc=5.889711924854307 nan_elements=0
2019-01-18 15:01:45,443 MAP = 0.1936796536796537
2019-01-18 15:01:45,443 scale=[array([1.])]
2019-01-18 15:01:45,443 *** End Major Checkpoint

2019-01-18 15:01:45,443 11 loss=0.3093084098235022
2019-01-18 15:01:45,444 12 loss=0.29320594391212235
2019-01-18 15:01:45,444 13 loss=0.2790893760561258
2019-01-18 15:01:45,445 14 loss=0.2665981595763441
2019-01-18 15:01:45,445 15 loss=0.25545847993238163
2019-01-18 15:01:45,446 16 loss=0.2454560336866234
2019-01-18 15:01:45,447 17 loss=0.23641866155035235
2019-01-18 15:01:45,447 18 loss=0.22820505637093433
2019-01-18 15:01:45,448 19 loss=0.22069726320997854
2019-01-18 15:01:45,448 20 loss=0.21379557682366296
2019-01-18 15:01:45,448 
*** Major Checkpoint. Computing Stats and Saving
2019-01-18 15:01:45,448 	 Computing Major Stats lazily... 
2019-01-18 15:01:45,449 		 Completed edges=110 good=110 bad=0
2019-01-18 15:01:45,450 Distortion avg=0.4184167171762331 wc=6.333669226843569 me=1.5572601174706693 mc=4.067187720141984 nan_elements=0
2019-01-18 15:01:45,451 MAP = 0.40809884559884557
2019-01-18 15:01:45,451 scale=[array([1.])]
2019-01-18 15:01:45,451 *** End Major Checkpoint

2019-01-18 15:01:45,451 21 loss=0.20741497450059213
2019-01-18 15:01:45,452 22 loss=0.20148254534821655
2019-01-18 15:01:45,452 23 loss=0.19593557553472976
2019-01-18 15:01:45,453 24 loss=0.19072007230508967
2019-01-18 15:01:45,453 25 loss=0.18578958711799348
2019-01-18 15:01:45,454 26 loss=0.18110424751776363
2019-01-18 15:01:45,454 27 loss=0.17662993895657955
2019-01-18 15:01:45,455 28 loss=0.172337598200104
2019-01-18 15:01:45,455 29 loss=0.1682025931943431
2019-01-18 15:01:45,456 30 loss=0.16420417285564656
2019-01-18 15:01:45,456 
*** Major Checkpoint. Computing Stats and Saving
2019-01-18 15:01:45,456 	 Computing Major Stats lazily... 
2019-01-18 15:01:45,457 		 Completed edges=110 good=110 bad=0
2019-01-18 15:01:45,458 Distortion avg=0.35988793905418437 wc=5.373364538314892 me=1.6122577966653777 mc=3.3328196951061964 nan_elements=0
2019-01-18 15:01:45,458 MAP = 0.7018831168831169
2019-01-18 15:01:45,458 scale=[array([1.])]
2019-01-18 15:01:45,459 *** End Major Checkpoint

2019-01-18 15:01:45,459 31 loss=0.16032497576486118
2019-01-18 15:01:45,460 32 loss=0.15655059023290496
2019-01-18 15:01:45,460 33 loss=0.15286916034132772
2019-01-18 15:01:45,461 34 loss=0.1492710338111333
2019-01-18 15:01:45,461 35 loss=0.14574844823777375
2019-01-18 15:01:45,462 36 loss=0.14229525257533016
2019-01-18 15:01:45,462 37 loss=0.13890666091549198
2019-01-18 15:01:45,462 38 loss=0.13557903569259672
2019-01-18 15:01:45,463 39 loss=0.1323096975207331
2019-01-18 15:01:45,463 40 loss=0.12909675896866227
2019-01-18 15:01:45,464 
*** Major Checkpoint. Computing Stats and Saving
2019-01-18 15:01:45,464 	 Computing Major Stats lazily... 
2019-01-18 15:01:45,464 		 Completed edges=110 good=110 bad=0
2019-01-18 15:01:45,466 Distortion avg=0.31788125991792354 wc=4.386429119687666 me=1.5580015814636017 mc=2.8154201971778567 nan_elements=0
2019-01-18 15:01:45,466 MAP = 0.8181818181818182
2019-01-18 15:01:45,466 scale=[array([1.])]
2019-01-18 15:01:45,466 *** End Major Checkpoint

2019-01-18 15:01:45,467 41 loss=0.1259389797170072
2019-01-18 15:01:45,467 42 loss=0.12283564071893473
2019-01-18 15:01:45,468 43 loss=0.11978643519087455
2019-01-18 15:01:45,468 44 loss=0.1167913744803428
2019-01-18 15:01:45,469 45 loss=0.11385070708007518
2019-01-18 15:01:45,469 46 loss=0.11096484926983932
2019-01-18 15:01:45,470 47 loss=0.10813432606101503
2019-01-18 15:01:45,470 48 loss=0.10535972128926656
2019-01-18 15:01:45,471 49 loss=0.10264163584545491
2019-01-18 15:01:45,471 50 loss=0.09998065315493344
2019-01-18 15:01:45,471 
*** Major Checkpoint. Computing Stats and Saving
2019-01-18 15:01:45,471 	 Computing Major Stats lazily... 
2019-01-18 15:01:45,472 		 Completed edges=110 good=110 bad=0
2019-01-18 15:01:45,474 Distortion avg=0.2787576854616776 wc=3.5380372604263166 me=1.468251991830244 mc=2.4096934859362866 nan_elements=0
2019-01-18 15:01:45,474 MAP = 0.9393939393939393
2019-01-18 15:01:45,474 scale=[array([1.])]
2019-01-18 15:01:45,474 *** End Major Checkpoint

2019-01-18 15:01:45,474 final loss=0.09998065315493344
2019-01-18 15:01:45,474 best loss=0.09998065315493344, distortion=0.2787576854616776, map=0.9393939393939393, wc_dist=3.5380372604263166
2019-01-18 15:01:45,474 	 Computing Major Stats lazily... 
2019-01-18 15:01:45,475 		 Completed edges=110 good=110 bad=0
2019-01-18 15:01:45,476 Distortion avg=0.2787576854616774 wc=3.5380372604263166 me=1.468251991830244 mc=2.4096934859362866 nan_elements=0
2019-01-18 15:01:45,476 MAP = 0.9393939393939394
2019-01-18 15:01:45,477 scale=[array([1.])]
