2019-01-18 15:03:13,832 Commandline ['pytorch/pytorch_hyperbolic.py', 'learn', 'data/edges/parsing/ewt/ewt_dev/972.edges', '--dim', '0', '--hyp', '0', '--edim', '10', '--euc', '1', '--sdim', '0', '--sph', '0', '--log-name', 'ewt_devr2/972.edges.E10-1.lr1.log', '--batch-size', '65536', '--epochs', '50', '--checkpoint-freq', '10', '-g', '--subsample', '1024', '--learning-rate', '1']
2019-01-18 15:03:13,833 No Model Save selected!
2019-01-18 15:03:13,834 Loaded Graph data/edges/parsing/ewt/ewt_dev/972.edges with 23 nodes scale=1.0
2019-01-18 15:03:13,834 Building dataset
2019-01-18 15:03:13,835 Subsample: 23 points with scale 1.0 subsample=22
2019-01-18 15:03:13,861 Built Data Sampler
2019-01-18 15:03:13,861 Creating a fresh model warm_start?=None
2019-01-18 15:03:13,861 	 Warmstarting? None None 23
2019-01-18 15:03:13,862 Embedding() torch.Size([23, 10])
2019-01-18 15:03:13,862 relative No Rescale
2019-01-18 15:03:13,862 Constructed model with dim=0 and epochs=0 isnan=False
2019-01-18 15:03:13,862 SGD (
Parameter Group 0
    dampening: 0
    initial_lr: 0.1
    lr: 1.0
    momentum: 0.0
    nesterov: False
    weight_decay: 0

Parameter Group 1
    dampening: 0
    initial_lr: 0.1
    lr: 1.0
    momentum: 0.0
    nesterov: False
    weight_decay: 0

Parameter Group 2
    dampening: 0
    initial_lr: 0.1
    lr: 1.0
    momentum: 0.0
    nesterov: False
    weight_decay: 0

Parameter Group 3
    dampening: 0
    initial_lr: 0.0001
    lr: 0.001
    momentum: 0.0
    nesterov: False
    weight_decay: 0
)
2019-01-18 15:03:13,862 *** Initial Checkpoint. Computing Stats
2019-01-18 15:03:13,863 	 Computing Major Stats lazily... 
2019-01-18 15:03:13,865 		 Completed edges=506 good=506 bad=0
2019-01-18 15:03:13,869 Distortion avg=0.9984449553926236 wc=17.728986955584094 me=0.006009979300171955 mc=2949.9247950948584 nan_elements=0
2019-01-18 15:03:13,869 MAP = 0.19238678566103182
2019-01-18 15:03:13,869 scale=[array([1.])]
2019-01-18 15:03:13,870 *** End Initial Checkpoint

2019-01-18 15:03:13,928 1 loss=0.9968935069992697
2019-01-18 15:03:13,929 2 loss=0.9502263293754944
2019-01-18 15:03:13,930 3 loss=0.9057248570410906
2019-01-18 15:03:13,930 4 loss=0.8647670329304669
2019-01-18 15:03:13,931 5 loss=0.827243062489972
2019-01-18 15:03:13,932 6 loss=0.7928894166832082
2019-01-18 15:03:13,933 7 loss=0.7614228791508757
2019-01-18 15:03:13,934 8 loss=0.7325714158366137
2019-01-18 15:03:13,934 9 loss=0.7060831234322825
2019-01-18 15:03:13,935 10 loss=0.6817284180266324
2019-01-18 15:03:13,935 
*** Major Checkpoint. Computing Stats and Saving
2019-01-18 15:03:13,935 	 Computing Major Stats lazily... 
2019-01-18 15:03:13,937 		 Completed edges=506 good=506 bad=0
2019-01-18 15:03:13,941 Distortion avg=0.7930706738890012 wc=28.389379185578345 me=1.011963167780419 mc=28.053767260962623 nan_elements=0
2019-01-18 15:03:13,941 MAP = 0.08613692179641501
2019-01-18 15:03:13,941 scale=[array([1.])]
2019-01-18 15:03:13,941 *** End Major Checkpoint

2019-01-18 15:03:13,942 11 loss=0.6592997282149098
2019-01-18 15:03:13,943 12 loss=0.6386102057132932
2019-01-18 15:03:13,944 13 loss=0.6194920730393128
2019-01-18 15:03:13,945 14 loss=0.601794884797909
2019-01-18 15:03:13,946 15 loss=0.5853838310420917
2019-01-18 15:03:13,947 16 loss=0.5701381417279834
2019-01-18 15:03:13,948 17 loss=0.555949616813343
2019-01-18 15:03:13,949 18 loss=0.5427212888592589
2019-01-18 15:03:13,950 19 loss=0.5303662158354167
2019-01-18 15:03:13,950 20 loss=0.518806397196988
2019-01-18 15:03:13,950 
*** Major Checkpoint. Computing Stats and Saving
2019-01-18 15:03:13,951 	 Computing Major Stats lazily... 
2019-01-18 15:03:13,953 		 Completed edges=506 good=506 bad=0
2019-01-18 15:03:13,956 Distortion avg=0.6781131343814542 wc=23.925126562234695 me=1.510011718330162 mc=15.84433171730095 nan_elements=0
2019-01-18 15:03:13,956 MAP = 0.08941261025559047
2019-01-18 15:03:13,957 scale=[array([1.])]
2019-01-18 15:03:13,957 *** End Major Checkpoint

2019-01-18 15:03:13,957 21 loss=0.5079718041437716
2019-01-18 15:03:13,958 22 loss=0.4977995141901258
2019-01-18 15:03:13,959 23 loss=0.48823294015702445
2019-01-18 15:03:13,960 24 loss=0.4792211440971382
2019-01-18 15:03:13,961 25 loss=0.47071822727793944
2019-01-18 15:03:13,961 26 loss=0.46268278805775115
2019-01-18 15:03:13,962 27 loss=0.45507744022579777
2019-01-18 15:03:13,963 28 loss=0.44786838509944793
2019-01-18 15:03:13,964 29 loss=0.4410250313574973
2019-01-18 15:03:13,965 30 loss=0.43451965722601826
2019-01-18 15:03:13,965 
*** Major Checkpoint. Computing Stats and Saving
2019-01-18 15:03:13,965 	 Computing Major Stats lazily... 
2019-01-18 15:03:13,967 		 Completed edges=506 good=506 bad=0
2019-01-18 15:03:13,970 Distortion avg=0.6237657786431291 wc=20.050318972458957 me=1.7186884509559588 mc=11.666057895080803 nan_elements=0
2019-01-18 15:03:13,970 MAP = 0.09592422176518287
2019-01-18 15:03:13,971 scale=[array([1.])]
2019-01-18 15:03:13,971 *** End Major Checkpoint

2019-01-18 15:03:13,972 31 loss=0.4283271102180699
2019-01-18 15:03:13,972 32 loss=0.4224245401595783
2019-01-18 15:03:13,973 33 loss=0.41679116171246844
2019-01-18 15:03:13,974 34 loss=0.41140804303553347
2019-01-18 15:03:13,975 35 loss=0.40625791760712493
2019-01-18 15:03:13,976 36 loss=0.4013250165753909
2019-01-18 15:03:13,976 37 loss=0.3965949193053708
2019-01-18 15:03:13,977 38 loss=0.3920544200615171
2019-01-18 15:03:13,978 39 loss=0.38769140900271587
2019-01-18 15:03:13,979 40 loss=0.3834947658779006
2019-01-18 15:03:13,979 
*** Major Checkpoint. Computing Stats and Saving
2019-01-18 15:03:13,979 	 Computing Major Stats lazily... 
2019-01-18 15:03:13,981 		 Completed edges=506 good=506 bad=0
2019-01-18 15:03:13,985 Distortion avg=0.5826079297976057 wc=16.9487594093054 me=1.779469464089943 mc=9.52461379716529 nan_elements=0
2019-01-18 15:03:13,985 MAP = 0.11124789737540441
2019-01-18 15:03:13,985 scale=[array([1.])]
2019-01-18 15:03:13,985 *** End Major Checkpoint

2019-01-18 15:03:13,986 41 loss=0.3794542649969309
2019-01-18 15:03:13,987 42 loss=0.3755604902162293
2019-01-18 15:03:13,988 43 loss=0.3718047588242637
2019-01-18 15:03:13,989 44 loss=0.36817905334048423
2019-01-18 15:03:13,990 45 loss=0.36467596035478195
2019-01-18 15:03:13,990 46 loss=0.36128861563467274
2019-01-18 15:03:13,991 47 loss=0.35801065481580285
2019-01-18 15:03:13,992 48 loss=0.35483616906938115
2019-01-18 15:03:13,993 49 loss=0.35175966520901797
2019-01-18 15:03:13,994 50 loss=0.3487760297602634
2019-01-18 15:03:13,994 
*** Major Checkpoint. Computing Stats and Saving
2019-01-18 15:03:13,994 	 Computing Major Stats lazily... 
2019-01-18 15:03:13,996 		 Completed edges=506 good=506 bad=0
2019-01-18 15:03:13,999 Distortion avg=0.5482827286687683 wc=14.76869397891497 me=1.800010926367529 mc=8.204780183595105 nan_elements=0
2019-01-18 15:03:14,000 MAP = 0.13187631565475152
2019-01-18 15:03:14,000 scale=[array([1.])]
2019-01-18 15:03:14,000 *** End Major Checkpoint

2019-01-18 15:03:14,000 final loss=0.3487760297602634
2019-01-18 15:03:14,000 best loss=0.3487760297602634, distortion=0.5482827286687683, map=0.13187631565475152, wc_dist=14.76869397891497
2019-01-18 15:03:14,000 	 Computing Major Stats lazily... 
2019-01-18 15:03:14,002 		 Completed edges=506 good=506 bad=0
2019-01-18 15:03:14,006 Distortion avg=0.5482827286687685 wc=14.76869397891497 me=1.800010926367529 mc=8.204780183595105 nan_elements=0
2019-01-18 15:03:14,006 MAP = 0.1318763156547515
2019-01-18 15:03:14,006 scale=[array([1.])]
