2019-01-18 14:51:38,945 Commandline ['pytorch/pytorch_hyperbolic.py', 'learn', 'data/edges/parsing/ewt/ewt_dev/98.edges', '--dim', '0', '--hyp', '0', '--edim', '10', '--euc', '1', '--sdim', '0', '--sph', '0', '--log-name', 'ewt_devr2/98.edges.E10-1.lr1.log', '--batch-size', '65536', '--epochs', '50', '--checkpoint-freq', '10', '-g', '--subsample', '1024', '--learning-rate', '1']
2019-01-18 14:51:38,945 No Model Save selected!
2019-01-18 14:51:38,947 Loaded Graph data/edges/parsing/ewt/ewt_dev/98.edges with 21 nodes scale=1.0
2019-01-18 14:51:38,947 Building dataset
2019-01-18 14:51:38,947 Subsample: 21 points with scale 1.0 subsample=20
2019-01-18 14:51:38,970 Built Data Sampler
2019-01-18 14:51:38,970 Creating a fresh model warm_start?=None
2019-01-18 14:51:38,970 	 Warmstarting? None None 21
2019-01-18 14:51:38,971 Embedding() torch.Size([21, 10])
2019-01-18 14:51:38,971 relative No Rescale
2019-01-18 14:51:38,971 Constructed model with dim=0 and epochs=0 isnan=False
2019-01-18 14:51:38,971 SGD (
Parameter Group 0
    dampening: 0
    initial_lr: 0.1
    lr: 1.0
    momentum: 0.0
    nesterov: False
    weight_decay: 0

Parameter Group 1
    dampening: 0
    initial_lr: 0.1
    lr: 1.0
    momentum: 0.0
    nesterov: False
    weight_decay: 0

Parameter Group 2
    dampening: 0
    initial_lr: 0.1
    lr: 1.0
    momentum: 0.0
    nesterov: False
    weight_decay: 0

Parameter Group 3
    dampening: 0
    initial_lr: 0.0001
    lr: 0.001
    momentum: 0.0
    nesterov: False
    weight_decay: 0
)
2019-01-18 14:51:38,972 *** Initial Checkpoint. Computing Stats
2019-01-18 14:51:38,972 	 Computing Major Stats lazily... 
2019-01-18 14:51:38,974 		 Completed edges=420 good=420 bad=0
2019-01-18 14:51:38,977 Distortion avg=0.9984159565486539 wc=15.492687409439583 me=0.005941110731069004 mc=2607.7089134899747 nan_elements=0
2019-01-18 14:51:38,977 MAP = 0.2580695948549406
2019-01-18 14:51:38,978 scale=[array([1.])]
2019-01-18 14:51:38,978 *** End Initial Checkpoint

2019-01-18 14:51:39,037 1 loss=0.9968354896845888
2019-01-18 14:51:39,038 2 loss=0.942302189589819
2019-01-18 14:51:39,039 3 loss=0.8906330860397259
2019-01-18 14:51:39,040 4 loss=0.8435559919580121
2019-01-18 14:51:39,041 5 loss=0.8009076918542657
2019-01-18 14:51:39,042 6 loss=0.7623157866454325
2019-01-18 14:51:39,043 7 loss=0.7273812742629535
2019-01-18 14:51:39,043 8 loss=0.6957230075317217
2019-01-18 14:51:39,044 9 loss=0.6669908162590453
2019-01-18 14:51:39,045 10 loss=0.6408685571230578
2019-01-18 14:51:39,045 
*** Major Checkpoint. Computing Stats and Saving
2019-01-18 14:51:39,045 	 Computing Major Stats lazily... 
2019-01-18 14:51:39,047 		 Completed edges=420 good=420 bad=0
2019-01-18 14:51:39,051 Distortion avg=0.7619977997617047 wc=17.124077693727973 me=0.9840601973838079 mc=17.40145342658256 nan_elements=0
2019-01-18 14:51:39,051 MAP = 0.09441847112964245
2019-01-18 14:51:39,051 scale=[array([1.])]
2019-01-18 14:51:39,051 *** End Major Checkpoint

2019-01-18 14:51:39,052 11 loss=0.6170733696947217
2019-01-18 14:51:39,053 12 loss=0.5953534432546184
2019-01-18 14:51:39,054 13 loss=0.5754852578805189
2019-01-18 14:51:39,054 14 loss=0.5572707330636485
2019-01-18 14:51:39,055 15 loss=0.5405344834451942
2019-01-18 14:51:39,056 16 loss=0.5251212703352283
2019-01-18 14:51:39,057 17 loss=0.510893682464393
2019-01-18 14:51:39,058 18 loss=0.49773005132442844
2019-01-18 14:51:39,059 19 loss=0.48552259225694827
2019-01-18 14:51:39,059 20 loss=0.4741757556382238
2019-01-18 14:51:39,059 
*** Major Checkpoint. Computing Stats and Saving
2019-01-18 14:51:39,059 	 Computing Major Stats lazily... 
2019-01-18 14:51:39,061 		 Completed edges=420 good=420 bad=0
2019-01-18 14:51:39,064 Distortion avg=0.6448489194288791 wc=15.086599376939533 me=1.4073536518441212 mc=10.719835314436324 nan_elements=0
2019-01-18 14:51:39,065 MAP = 0.09945607865278364
2019-01-18 14:51:39,065 scale=[array([1.])]
2019-01-18 14:51:39,065 *** End Major Checkpoint

2019-01-18 14:51:39,066 21 loss=0.463604769705812
2019-01-18 14:51:39,066 22 loss=0.45373435596032563
2019-01-18 14:51:39,067 23 loss=0.4444975986406662
2019-01-18 14:51:39,068 24 loss=0.4358349509395465
2019-01-18 14:51:39,069 25 loss=0.4276933620686919
2019-01-18 14:51:39,069 26 loss=0.4200255108107707
2019-01-18 14:51:39,070 27 loss=0.4127891327011195
2019-01-18 14:51:39,071 28 loss=0.40594642940874825
2019-01-18 14:51:39,072 29 loss=0.39946355020408336
2019-01-18 14:51:39,072 30 loss=0.39331013659892955
2019-01-18 14:51:39,072 
*** Major Checkpoint. Computing Stats and Saving
2019-01-18 14:51:39,073 	 Computing Major Stats lazily... 
2019-01-18 14:51:39,074 		 Completed edges=420 good=420 bad=0
2019-01-18 14:51:39,078 Distortion avg=0.5925414522136093 wc=13.384892193865243 me=1.5588466885627459 mc=8.586407048281375 nan_elements=0
2019-01-18 14:51:39,078 MAP = 0.11603284465955847
2019-01-18 14:51:39,078 scale=[array([1.])]
2019-01-18 14:51:39,078 *** End Major Checkpoint

2019-01-18 14:51:39,079 31 loss=0.3874589223209458
2019-01-18 14:51:39,079 32 loss=0.3818853817450505
2019-01-18 14:51:39,080 33 loss=0.3765674207552693
2019-01-18 14:51:39,081 34 loss=0.37148510476173907
2019-01-18 14:51:39,082 35 loss=0.3666204192584885
2019-01-18 14:51:39,082 36 loss=0.3619570588876476
2019-01-18 14:51:39,083 37 loss=0.3574802414839024
2019-01-18 14:51:39,084 38 loss=0.35317654401756937
2019-01-18 14:51:39,085 39 loss=0.3490337577432244
2019-01-18 14:51:39,085 40 loss=0.34504076020016505
2019-01-18 14:51:39,085 
*** Major Checkpoint. Computing Stats and Saving
2019-01-18 14:51:39,086 	 Computing Major Stats lazily... 
2019-01-18 14:51:39,087 		 Completed edges=420 good=420 bad=0
2019-01-18 14:51:39,091 Distortion avg=0.5504458029154929 wc=12.573899064332032 me=1.6719431281469592 mc=7.520530365328803 nan_elements=0
2019-01-18 14:51:39,091 MAP = 0.14135324137424976
2019-01-18 14:51:39,091 scale=[array([1.])]
2019-01-18 14:51:39,091 *** End Major Checkpoint

2019-01-18 14:51:39,092 41 loss=0.3411874020072169
2019-01-18 14:51:39,093 42 loss=0.33746440665290184
2019-01-18 14:51:39,094 43 loss=0.33386328170753343
2019-01-18 14:51:39,095 44 loss=0.33037624008058397
2019-01-18 14:51:39,095 45 loss=0.32699613011835615
2019-01-18 14:51:39,096 46 loss=0.3237163734867981
2019-01-18 14:51:39,097 47 loss=0.3205309099150479
2019-01-18 14:51:39,098 48 loss=0.3174341479894202
2019-01-18 14:51:39,099 49 loss=0.31442092128720384
2019-01-18 14:51:39,100 50 loss=0.3114864492266849
2019-01-18 14:51:39,100 
*** Major Checkpoint. Computing Stats and Saving
2019-01-18 14:51:39,100 	 Computing Major Stats lazily... 
2019-01-18 14:51:39,102 		 Completed edges=420 good=420 bad=0
2019-01-18 14:51:39,105 Distortion avg=0.5157227234312777 wc=11.98707107657868 me=1.7539703908711963 mc=6.8342493915331755 nan_elements=0
2019-01-18 14:51:39,105 MAP = 0.19627745892451778
2019-01-18 14:51:39,105 scale=[array([1.])]
2019-01-18 14:51:39,105 *** End Major Checkpoint

2019-01-18 14:51:39,106 final loss=0.3114864492266849
2019-01-18 14:51:39,106 best loss=0.3114864492266849, distortion=0.5157227234312777, map=0.19627745892451778, wc_dist=11.98707107657868
2019-01-18 14:51:39,106 	 Computing Major Stats lazily... 
2019-01-18 14:51:39,107 		 Completed edges=420 good=420 bad=0
2019-01-18 14:51:39,111 Distortion avg=0.515722723431278 wc=11.98707107657868 me=1.7539703908711963 mc=6.8342493915331755 nan_elements=0
2019-01-18 14:51:39,111 MAP = 0.19627745892451778
2019-01-18 14:51:39,111 scale=[array([1.])]
