2019-01-18 15:03:28,841 Commandline ['pytorch/pytorch_hyperbolic.py', 'learn', 'data/edges/parsing/ewt/ewt_dev/980.edges', '--dim', '0', '--hyp', '0', '--edim', '10', '--euc', '1', '--sdim', '0', '--sph', '0', '--log-name', 'ewt_devr2/980.edges.E10-1.lr1.log', '--batch-size', '65536', '--epochs', '50', '--checkpoint-freq', '10', '-g', '--subsample', '1024', '--learning-rate', '1']
2019-01-18 15:03:28,841 No Model Save selected!
2019-01-18 15:03:28,843 Loaded Graph data/edges/parsing/ewt/ewt_dev/980.edges with 21 nodes scale=1.0
2019-01-18 15:03:28,843 Building dataset
2019-01-18 15:03:28,843 Subsample: 21 points with scale 1.0 subsample=20
2019-01-18 15:03:28,872 Built Data Sampler
2019-01-18 15:03:28,872 Creating a fresh model warm_start?=None
2019-01-18 15:03:28,872 	 Warmstarting? None None 21
2019-01-18 15:03:28,873 Embedding() torch.Size([21, 10])
2019-01-18 15:03:28,873 relative No Rescale
2019-01-18 15:03:28,873 Constructed model with dim=0 and epochs=0 isnan=False
2019-01-18 15:03:28,873 SGD (
Parameter Group 0
    dampening: 0
    initial_lr: 0.1
    lr: 1.0
    momentum: 0.0
    nesterov: False
    weight_decay: 0

Parameter Group 1
    dampening: 0
    initial_lr: 0.1
    lr: 1.0
    momentum: 0.0
    nesterov: False
    weight_decay: 0

Parameter Group 2
    dampening: 0
    initial_lr: 0.1
    lr: 1.0
    momentum: 0.0
    nesterov: False
    weight_decay: 0

Parameter Group 3
    dampening: 0
    initial_lr: 0.0001
    lr: 0.001
    momentum: 0.0
    nesterov: False
    weight_decay: 0
)
2019-01-18 15:03:28,873 *** Initial Checkpoint. Computing Stats
2019-01-18 15:03:28,874 	 Computing Major Stats lazily... 
2019-01-18 15:03:28,876 		 Completed edges=420 good=420 bad=0
2019-01-18 15:03:28,879 Distortion avg=0.998337144290971 wc=16.24631343701027 me=0.006196519622161948 mc=2621.8449109569633 nan_elements=0
2019-01-18 15:03:28,879 MAP = 0.1308826691075972
2019-01-18 15:03:28,880 scale=[array([1.])]
2019-01-18 15:03:28,880 *** End Initial Checkpoint

2019-01-18 15:03:28,937 1 loss=0.9966784599574557
2019-01-18 15:03:28,938 2 loss=0.9377874582302985
2019-01-18 15:03:28,939 3 loss=0.8835164778982967
2019-01-18 15:03:28,939 4 loss=0.834823137719691
2019-01-18 15:03:28,940 5 loss=0.7912013612372859
2019-01-18 15:03:28,941 6 loss=0.7520734042667077
2019-01-18 15:03:28,941 7 loss=0.7169017681221074
2019-01-18 15:03:28,942 8 loss=0.6852077067574281
2019-01-18 15:03:28,943 9 loss=0.6565711578735551
2019-01-18 15:03:28,944 10 loss=0.6306257987405239
2019-01-18 15:03:28,944 
*** Major Checkpoint. Computing Stats and Saving
2019-01-18 15:03:28,944 	 Computing Major Stats lazily... 
2019-01-18 15:03:28,945 		 Completed edges=420 good=420 bad=0
2019-01-18 15:03:28,949 Distortion avg=0.7524550844640636 wc=23.362302929341197 me=1.003210341568837 mc=23.28754196533385 nan_elements=0
2019-01-18 15:03:28,949 MAP = 0.08638624475574387
2019-01-18 15:03:28,949 scale=[array([1.])]
2019-01-18 15:03:28,949 *** End Major Checkpoint

2019-01-18 15:03:28,950 11 loss=0.6070529625690698
2019-01-18 15:03:28,951 12 loss=0.5855756365812474
2019-01-18 15:03:28,951 13 loss=0.5659529569068515
2019-01-18 15:03:28,952 14 loss=0.5479753185444824
2019-01-18 15:03:28,953 15 loss=0.5314601015361808
2019-01-18 15:03:28,954 16 loss=0.5162479685471338
2019-01-18 15:03:28,954 17 loss=0.5021996733251695
2019-01-18 15:03:28,955 18 loss=0.4891933171005932
2019-01-18 15:03:28,956 19 loss=0.4771219933597968
2019-01-18 15:03:28,956 20 loss=0.4658917670971003
2019-01-18 15:03:28,957 
*** Major Checkpoint. Computing Stats and Saving
2019-01-18 15:03:28,957 	 Computing Major Stats lazily... 
2019-01-18 15:03:28,958 		 Completed edges=420 good=420 bad=0
2019-01-18 15:03:28,961 Distortion avg=0.6417171063654418 wc=19.482060301552966 me=1.4856759390356962 mc=13.113263659771011 nan_elements=0
2019-01-18 15:03:28,961 MAP = 0.09280861431596728
2019-01-18 15:03:28,962 scale=[array([1.])]
2019-01-18 15:03:28,962 *** End Major Checkpoint

2019-01-18 15:03:28,963 21 loss=0.455419940963837
2019-01-18 15:03:28,963 22 loss=0.44563356691337197
2019-01-18 15:03:28,964 23 loss=0.436468167639647
2019-01-18 15:03:28,965 24 loss=0.42786663719585294
2019-01-18 15:03:28,965 25 loss=0.41977829463820443
2019-01-18 15:03:28,966 26 loss=0.41215806839912117
2019-01-18 15:03:28,967 27 loss=0.4049657924089662
2019-01-18 15:03:28,968 28 loss=0.3981655978180498
2019-01-18 15:03:28,968 29 loss=0.3917253865828408
2019-01-18 15:03:28,969 30 loss=0.385616375230039
2019-01-18 15:03:28,969 
*** Major Checkpoint. Computing Stats and Saving
2019-01-18 15:03:28,969 	 Computing Major Stats lazily... 
2019-01-18 15:03:28,971 		 Completed edges=420 good=420 bad=0
2019-01-18 15:03:28,974 Distortion avg=0.5838617360933764 wc=16.185761966950693 me=1.68631265955268 mc=9.598316110159674 nan_elements=0
2019-01-18 15:03:28,974 MAP = 0.10679360992137418
2019-01-18 15:03:28,974 scale=[array([1.])]
2019-01-18 15:03:28,974 *** End Major Checkpoint

2019-01-18 15:03:28,975 31 loss=0.3798126988514859
2019-01-18 15:03:28,976 32 loss=0.37429106685770436
2019-01-18 15:03:28,977 33 loss=0.36903046326803174
2019-01-18 15:03:28,977 34 loss=0.3640118853751084
2019-01-18 15:03:28,978 35 loss=0.3592181155202081
2019-01-18 15:03:28,979 36 loss=0.3546335214784126
2019-01-18 15:03:28,979 37 loss=0.3502438816000649
2019-01-18 15:03:28,980 38 loss=0.3460362314050767
2019-01-18 15:03:28,981 39 loss=0.341998728794616
2019-01-18 15:03:28,982 40 loss=0.33812053544311393
2019-01-18 15:03:28,982 
*** Major Checkpoint. Computing Stats and Saving
2019-01-18 15:03:28,982 	 Computing Major Stats lazily... 
2019-01-18 15:03:28,983 		 Completed edges=420 good=420 bad=0
2019-01-18 15:03:28,987 Distortion avg=0.538453566777848 wc=13.5467174958032 me=1.7442662061207106 mc=7.766427766740618 nan_elements=0
2019-01-18 15:03:28,987 MAP = 0.12834894334783764
2019-01-18 15:03:28,987 scale=[array([1.])]
2019-01-18 15:03:28,987 *** End Major Checkpoint

2019-01-18 15:03:28,988 41 loss=0.334391712273119
2019-01-18 15:03:28,989 42 loss=0.33080312720531924
2019-01-18 15:03:28,989 43 loss=0.3273463736236284
2019-01-18 15:03:28,990 44 loss=0.32401369820701265
2019-01-18 15:03:28,991 45 loss=0.3207979369611069
2019-01-18 15:03:28,991 46 loss=0.3176924584382256
2019-01-18 15:03:28,992 47 loss=0.31469111326791765
2019-01-18 15:03:28,993 48 loss=0.31178818923506946
2019-01-18 15:03:28,994 49 loss=0.30897837124141236
2019-01-18 15:03:28,994 50 loss=0.30625670557153944
2019-01-18 15:03:28,994 
*** Major Checkpoint. Computing Stats and Saving
2019-01-18 15:03:28,995 	 Computing Major Stats lazily... 
2019-01-18 15:03:28,996 		 Completed edges=420 good=420 bad=0
2019-01-18 15:03:28,999 Distortion avg=0.5028161794429687 wc=11.597348879261714 me=1.7306137397049115 mc=6.701292502877729 nan_elements=0
2019-01-18 15:03:29,000 MAP = 0.16655672952941858
2019-01-18 15:03:29,000 scale=[array([1.])]
2019-01-18 15:03:29,000 *** End Major Checkpoint

2019-01-18 15:03:29,000 final loss=0.30625670557153944
2019-01-18 15:03:29,000 best loss=0.30625670557153944, distortion=0.5028161794429687, map=0.16655672952941858, wc_dist=11.597348879261714
2019-01-18 15:03:29,000 	 Computing Major Stats lazily... 
2019-01-18 15:03:29,002 		 Completed edges=420 good=420 bad=0
2019-01-18 15:03:29,005 Distortion avg=0.5028161794429687 wc=11.597348879261714 me=1.7306137397049115 mc=6.701292502877729 nan_elements=0
2019-01-18 15:03:29,005 MAP = 0.16655672952941863
2019-01-18 15:03:29,006 scale=[array([1.])]
