2019-01-18 14:55:55,934 Commandline ['pytorch/pytorch_hyperbolic.py', 'learn', 'data/edges/parsing/ewt/ewt_dev/981.edges', '--dim', '0', '--hyp', '0', '--edim', '10', '--euc', '1', '--sdim', '0', '--sph', '0', '--log-name', 'ewt_devr2/981.edges.E10-1.lr1.log', '--batch-size', '65536', '--epochs', '50', '--checkpoint-freq', '10', '-g', '--subsample', '1024', '--learning-rate', '1']
2019-01-18 14:55:55,935 No Model Save selected!
2019-01-18 14:55:55,937 Loaded Graph data/edges/parsing/ewt/ewt_dev/981.edges with 32 nodes scale=1.0
2019-01-18 14:55:55,937 Building dataset
2019-01-18 14:55:55,937 Subsample: 32 points with scale 1.0 subsample=31
2019-01-18 14:55:55,982 Built Data Sampler
2019-01-18 14:55:55,982 Creating a fresh model warm_start?=None
2019-01-18 14:55:55,982 	 Warmstarting? None None 32
2019-01-18 14:55:55,983 Embedding() torch.Size([32, 10])
2019-01-18 14:55:55,983 relative No Rescale
2019-01-18 14:55:55,983 Constructed model with dim=0 and epochs=0 isnan=False
2019-01-18 14:55:55,983 SGD (
Parameter Group 0
    dampening: 0
    initial_lr: 0.1
    lr: 1.0
    momentum: 0.0
    nesterov: False
    weight_decay: 0

Parameter Group 1
    dampening: 0
    initial_lr: 0.1
    lr: 1.0
    momentum: 0.0
    nesterov: False
    weight_decay: 0

Parameter Group 2
    dampening: 0
    initial_lr: 0.1
    lr: 1.0
    momentum: 0.0
    nesterov: False
    weight_decay: 0

Parameter Group 3
    dampening: 0
    initial_lr: 0.0001
    lr: 0.001
    momentum: 0.0
    nesterov: False
    weight_decay: 0
)
2019-01-18 14:55:55,983 *** Initial Checkpoint. Computing Stats
2019-01-18 14:55:55,984 	 Computing Major Stats lazily... 
2019-01-18 14:55:55,988 		 Completed edges=992 good=992 bad=0
2019-01-18 14:55:55,993 Distortion avg=0.9986533298283566 wc=23.941048474216387 me=0.006841983940850235 mc=3499.1383612106665 nan_elements=0
2019-01-18 14:55:55,993 MAP = 0.1255477692786607
2019-01-18 14:55:55,994 scale=[array([1.])]
2019-01-18 14:55:55,994 *** End Initial Checkpoint

2019-01-18 14:55:56,052 1 loss=0.9973095617981227
2019-01-18 14:55:56,053 2 loss=0.9718279528395314
2019-01-18 14:55:56,054 3 loss=0.946787808211708
2019-01-18 14:55:56,055 4 loss=0.9228411636493103
2019-01-18 14:55:56,057 5 loss=0.900034586163053
2019-01-18 14:55:56,058 6 loss=0.8783398620676753
2019-01-18 14:55:56,060 7 loss=0.857709434826621
2019-01-18 14:55:56,061 8 loss=0.8380900464663209
2019-01-18 14:55:56,062 9 loss=0.819427512275626
2019-01-18 14:55:56,063 10 loss=0.8016687124901405
2019-01-18 14:55:56,063 
*** Major Checkpoint. Computing Stats and Saving
2019-01-18 14:55:56,063 	 Computing Major Stats lazily... 
2019-01-18 14:55:56,067 		 Completed edges=992 good=992 bad=0
2019-01-18 14:55:56,072 Distortion avg=0.8787395098860556 wc=40.724029328503754 me=0.7334104985352086 mc=55.52692443023261 nan_elements=0
2019-01-18 14:55:56,072 MAP = 0.056629635610421336
2019-01-18 14:55:56,072 scale=[array([1.])]
2019-01-18 14:55:56,072 *** End Major Checkpoint

2019-01-18 14:55:56,074 11 loss=0.7847624920563441
2019-01-18 14:55:56,075 12 loss=0.7686600663457493
2019-01-18 14:55:56,076 13 loss=0.7533151810490973
2019-01-18 14:55:56,077 14 loss=0.7386841418960661
2019-01-18 14:55:56,078 15 loss=0.7247257729090334
2019-01-18 14:55:56,079 16 loss=0.7114013350059817
2019-01-18 14:55:56,080 17 loss=0.6986744230730939
2019-01-18 14:55:56,081 18 loss=0.6865108522184609
2019-01-18 14:55:56,082 19 loss=0.6748785397064219
2019-01-18 14:55:56,083 20 loss=0.6637473865784069
2019-01-18 14:55:56,083 
*** Major Checkpoint. Computing Stats and Saving
2019-01-18 14:55:56,084 	 Computing Major Stats lazily... 
2019-01-18 14:55:56,087 		 Completed edges=992 good=992 bad=0
2019-01-18 14:55:56,092 Distortion avg=0.7865749482183767 wc=37.352213622349836 me=1.2231566479522367 mc=30.53755517323437 nan_elements=0
2019-01-18 14:55:56,092 MAP = 0.05606666806042793
2019-01-18 14:55:56,092 scale=[array([1.])]
2019-01-18 14:55:56,093 *** End Major Checkpoint

2019-01-18 14:55:56,094 21 loss=0.6530891614397234
2019-01-18 14:55:56,095 22 loss=0.6428773879317926
2019-01-18 14:55:56,096 23 loss=0.6330872367925976
2019-01-18 14:55:56,097 24 loss=0.6236954230054519
2019-01-18 14:55:56,098 25 loss=0.6146801082704771
2019-01-18 14:55:56,099 26 loss=0.6060208088569673
2019-01-18 14:55:56,100 27 loss=0.5976983087781337
2019-01-18 14:55:56,101 28 loss=0.5896945781532923
2019-01-18 14:55:56,102 29 loss=0.5819926965736201
2019-01-18 14:55:56,104 30 loss=0.5745767812576461
2019-01-18 14:55:56,104 
*** Major Checkpoint. Computing Stats and Saving
2019-01-18 14:55:56,104 	 Computing Major Stats lazily... 
2019-01-18 14:55:56,107 		 Completed edges=992 good=992 bad=0
2019-01-18 14:55:56,112 Distortion avg=0.7260049361625724 wc=32.93627090597469 me=1.530776463364044 mc=21.516055213962286 nan_elements=0
2019-01-18 14:55:56,112 MAP = 0.05704790165191175
2019-01-18 14:55:56,112 scale=[array([1.])]
2019-01-18 14:55:56,112 *** End Major Checkpoint

2019-01-18 14:55:56,114 31 loss=0.5674319197658604
2019-01-18 14:55:56,115 32 loss=0.5605441070361907
2019-01-18 14:55:56,116 33 loss=0.5539001865008373
2019-01-18 14:55:56,117 34 loss=0.5474877950480628
2019-01-18 14:55:56,118 35 loss=0.5412953115986459
2019-01-18 14:55:56,119 36 loss=0.5353118090747667
2019-01-18 14:55:56,120 37 loss=0.5295270095484297
2019-01-18 14:55:56,121 38 loss=0.5239312423665738
2019-01-18 14:55:56,122 39 loss=0.5185154050604532
2019-01-18 14:55:56,124 40 loss=0.5132709268573591
2019-01-18 14:55:56,124 
*** Major Checkpoint. Computing Stats and Saving
2019-01-18 14:55:56,124 	 Computing Major Stats lazily... 
2019-01-18 14:55:56,128 		 Completed edges=992 good=992 bad=0
2019-01-18 14:55:56,132 Distortion avg=0.688291284497831 wc=28.862812369814964 me=1.716087343715021 mc=16.818964649743386 nan_elements=0
2019-01-18 14:55:56,132 MAP = 0.05871348751295905
2019-01-18 14:55:56,133 scale=[array([1.])]
2019-01-18 14:55:56,133 *** End Major Checkpoint

2019-01-18 14:55:56,134 41 loss=0.5081897346231738
2019-01-18 14:55:56,135 42 loss=0.5032642210744146
2019-01-18 14:55:56,136 43 loss=0.498487215108266
2019-01-18 14:55:56,137 44 loss=0.49385195410856697
2019-01-18 14:55:56,138 45 loss=0.4893520580947502
2019-01-18 14:55:56,139 46 loss=0.4849815055893167
2019-01-18 14:55:56,140 47 loss=0.4807346110875729
2019-01-18 14:55:56,142 48 loss=0.47660600402103614
2019-01-18 14:55:56,143 49 loss=0.47259060911314976
2019-01-18 14:55:56,144 50 loss=0.46868362803275987
2019-01-18 14:55:56,144 
*** Major Checkpoint. Computing Stats and Saving
2019-01-18 14:55:56,144 	 Computing Major Stats lazily... 
2019-01-18 14:55:56,148 		 Completed edges=992 good=992 bad=0
2019-01-18 14:55:56,153 Distortion avg=0.6567324700363951 wc=25.34118790750473 me=1.820089040743925 mc=13.923048455446457 nan_elements=0
2019-01-18 14:55:56,153 MAP = 0.0641907443192366
2019-01-18 14:55:56,153 scale=[array([1.])]
2019-01-18 14:55:56,153 *** End Major Checkpoint

2019-01-18 14:55:56,153 final loss=0.46868362803275987
2019-01-18 14:55:56,153 best loss=0.46868362803275987, distortion=0.6567324700363951, map=0.0641907443192366, wc_dist=25.34118790750473
2019-01-18 14:55:56,153 	 Computing Major Stats lazily... 
2019-01-18 14:55:56,157 		 Completed edges=992 good=992 bad=0
2019-01-18 14:55:56,162 Distortion avg=0.6567324700363945 wc=25.34118790750473 me=1.820089040743925 mc=13.923048455446457 nan_elements=0
2019-01-18 14:55:56,162 MAP = 0.06419074431923659
2019-01-18 14:55:56,162 scale=[array([1.])]
