2019-01-18 15:07:22,074 Commandline ['pytorch/pytorch_hyperbolic.py', 'learn', 'data/edges/parsing/ewt/ewt_dev/986.edges', '--dim', '0', '--hyp', '0', '--edim', '10', '--euc', '1', '--sdim', '0', '--sph', '0', '--log-name', 'ewt_devr2/986.edges.E10-1.lr1.log', '--batch-size', '65536', '--epochs', '50', '--checkpoint-freq', '10', '-g', '--subsample', '1024', '--learning-rate', '1']
2019-01-18 15:07:22,074 No Model Save selected!
2019-01-18 15:07:22,076 Loaded Graph data/edges/parsing/ewt/ewt_dev/986.edges with 14 nodes scale=1.0
2019-01-18 15:07:22,077 Building dataset
2019-01-18 15:07:22,077 Subsample: 14 points with scale 1.0 subsample=13
2019-01-18 15:07:22,090 Built Data Sampler
2019-01-18 15:07:22,090 Creating a fresh model warm_start?=None
2019-01-18 15:07:22,090 	 Warmstarting? None None 14
2019-01-18 15:07:22,090 Embedding() torch.Size([14, 10])
2019-01-18 15:07:22,091 relative No Rescale
2019-01-18 15:07:22,091 Constructed model with dim=0 and epochs=0 isnan=False
2019-01-18 15:07:22,091 SGD (
Parameter Group 0
    dampening: 0
    initial_lr: 0.1
    lr: 1.0
    momentum: 0.0
    nesterov: False
    weight_decay: 0

Parameter Group 1
    dampening: 0
    initial_lr: 0.1
    lr: 1.0
    momentum: 0.0
    nesterov: False
    weight_decay: 0

Parameter Group 2
    dampening: 0
    initial_lr: 0.1
    lr: 1.0
    momentum: 0.0
    nesterov: False
    weight_decay: 0

Parameter Group 3
    dampening: 0
    initial_lr: 0.0001
    lr: 0.001
    momentum: 0.0
    nesterov: False
    weight_decay: 0
)
2019-01-18 15:07:22,091 *** Initial Checkpoint. Computing Stats
2019-01-18 15:07:22,091 	 Computing Major Stats lazily... 
2019-01-18 15:07:22,093 		 Completed edges=182 good=182 bad=0
2019-01-18 15:07:22,095 Distortion avg=0.9980437479727499 wc=10.438167988796467 me=0.005982886981094694 mc=1744.670762088604 nan_elements=0
2019-01-18 15:07:22,095 MAP = 0.2800795765081479
2019-01-18 15:07:22,096 scale=[array([1.])]
2019-01-18 15:07:22,096 *** End Initial Checkpoint

2019-01-18 15:07:22,152 1 loss=0.9960928457405506
2019-01-18 15:07:22,153 2 loss=0.8704087309669463
2019-01-18 15:07:22,154 3 loss=0.767006984500282
2019-01-18 15:07:22,155 4 loss=0.6848997644218717
2019-01-18 15:07:22,155 5 loss=0.6192701057665443
2019-01-18 15:07:22,156 6 loss=0.5662194287468253
2019-01-18 15:07:22,156 7 loss=0.5228010572986393
2019-01-18 15:07:22,157 8 loss=0.48681636070501355
2019-01-18 15:07:22,158 9 loss=0.4566247929184301
2019-01-18 15:07:22,158 10 loss=0.430996142987796
2019-01-18 15:07:22,158 
*** Major Checkpoint. Computing Stats and Saving
2019-01-18 15:07:22,158 	 Computing Major Stats lazily... 
2019-01-18 15:07:22,159 		 Completed edges=182 good=182 bad=0
2019-01-18 15:07:22,161 Distortion avg=0.5934941467519557 wc=14.602910250227326 me=1.3452801845028162 mc=10.854921092608093 nan_elements=0
2019-01-18 15:07:22,161 MAP = 0.13449672021100592
2019-01-18 15:07:22,162 scale=[array([1.])]
2019-01-18 15:07:22,162 *** End Major Checkpoint

2019-01-18 15:07:22,162 11 loss=0.40900107639724276
2019-01-18 15:07:22,163 12 loss=0.38993139897608003
2019-01-18 15:07:22,164 13 loss=0.3732422732164547
2019-01-18 15:07:22,164 14 loss=0.3585103344755626
2019-01-18 15:07:22,165 15 loss=0.3454032368582023
2019-01-18 15:07:22,165 16 loss=0.33365740127447757
2019-01-18 15:07:22,166 17 loss=0.323061658489527
2019-01-18 15:07:22,166 18 loss=0.31344514380784105
2019-01-18 15:07:22,167 19 loss=0.3046682728617955
2019-01-18 15:07:22,168 20 loss=0.2966159628841248
2019-01-18 15:07:22,168 
*** Major Checkpoint. Computing Stats and Saving
2019-01-18 15:07:22,168 	 Computing Major Stats lazily... 
2019-01-18 15:07:22,169 		 Completed edges=182 good=182 bad=0
2019-01-18 15:07:22,171 Distortion avg=0.5042621012641088 wc=9.8224446979089 me=1.512418062039595 mc=6.494530146421742 nan_elements=0
2019-01-18 15:07:22,171 MAP = 0.19621892657606943
2019-01-18 15:07:22,171 scale=[array([1.])]
2019-01-18 15:07:22,171 *** End Major Checkpoint

2019-01-18 15:07:22,172 21 loss=0.28919250069911945
2019-01-18 15:07:22,172 22 loss=0.2823176263436392
2019-01-18 15:07:22,173 23 loss=0.27592352025491945
2019-01-18 15:07:22,174 24 loss=0.26995246678513724
2019-01-18 15:07:22,174 25 loss=0.26435502754001333
2019-01-18 15:07:22,175 26 loss=0.2590886017626448
2019-01-18 15:07:22,175 27 loss=0.2541162826405506
2019-01-18 15:07:22,176 28 loss=0.24940594147031622
2019-01-18 15:07:22,177 29 loss=0.24492948850832452
2019-01-18 15:07:22,177 30 loss=0.24066227178992103
2019-01-18 15:07:22,177 
*** Major Checkpoint. Computing Stats and Saving
2019-01-18 15:07:22,177 	 Computing Major Stats lazily... 
2019-01-18 15:07:22,178 		 Completed edges=182 good=182 bad=0
2019-01-18 15:07:22,180 Distortion avg=0.44411035001821514 wc=8.026732111909919 me=1.6553320517325476 mc=4.8490163067336045 nan_elements=0
2019-01-18 15:07:22,180 MAP = 0.31923679825465545
2019-01-18 15:07:22,181 scale=[array([1.])]
2019-01-18 15:07:22,181 *** End Major Checkpoint

2019-01-18 15:07:22,181 31 loss=0.2365825844354431
2019-01-18 15:07:22,182 32 loss=0.23267125785226087
2019-01-18 15:07:22,183 33 loss=0.22891132341349804
2019-01-18 15:07:22,183 34 loss=0.22528772909830327
2019-01-18 15:07:22,184 35 loss=0.22178710054332193
2019-01-18 15:07:22,184 36 loss=0.21839753821959482
2019-01-18 15:07:22,185 37 loss=0.21510844418882885
2019-01-18 15:07:22,186 38 loss=0.21191037323711368
2019-01-18 15:07:22,186 39 loss=0.2087949042283705
2019-01-18 15:07:22,187 40 loss=0.20575452833539667
2019-01-18 15:07:22,187 
*** Major Checkpoint. Computing Stats and Saving
2019-01-18 15:07:22,187 	 Computing Major Stats lazily... 
2019-01-18 15:07:22,188 		 Completed edges=182 good=182 bad=0
2019-01-18 15:07:22,190 Distortion avg=0.399729917751104 wc=6.631245571805485 me=1.6799359894094643 mc=3.9473203822108234 nan_elements=0
2019-01-18 15:07:22,190 MAP = 0.5168934240362811
2019-01-18 15:07:22,190 scale=[array([1.])]
2019-01-18 15:07:22,190 *** End Major Checkpoint

2019-01-18 15:07:22,191 41 loss=0.20278255144662719
2019-01-18 15:07:22,192 42 loss=0.19987300855182197
2019-01-18 15:07:22,192 43 loss=0.19702058831024488
2019-01-18 15:07:22,193 44 loss=0.1942205663236794
2019-01-18 15:07:22,193 45 loss=0.19146874589163
2019-01-18 15:07:22,194 46 loss=0.1887614052310109
2019-01-18 15:07:22,195 47 loss=0.18609525030815113
2019-01-18 15:07:22,195 48 loss=0.1834673725653667
2019-01-18 15:07:22,196 49 loss=0.18087521093413791
2019-01-18 15:07:22,196 50 loss=0.1783165176171636
2019-01-18 15:07:22,196 
*** Major Checkpoint. Computing Stats and Saving
2019-01-18 15:07:22,196 	 Computing Major Stats lazily... 
2019-01-18 15:07:22,197 		 Completed edges=182 good=182 bad=0
2019-01-18 15:07:22,199 Distortion avg=0.36558897006613766 wc=5.769649169751941 me=1.703038099193995 mc=3.3878567792949377 nan_elements=0
2019-01-18 15:07:22,200 MAP = 0.6051162131519275
2019-01-18 15:07:22,200 scale=[array([1.])]
2019-01-18 15:07:22,200 *** End Major Checkpoint

2019-01-18 15:07:22,200 final loss=0.1783165176171636
2019-01-18 15:07:22,200 best loss=0.1783165176171636, distortion=0.36558897006613766, map=0.6051162131519275, wc_dist=5.769649169751941
2019-01-18 15:07:22,200 	 Computing Major Stats lazily... 
2019-01-18 15:07:22,201 		 Completed edges=182 good=182 bad=0
2019-01-18 15:07:22,203 Distortion avg=0.36558897006613783 wc=5.769649169751941 me=1.703038099193995 mc=3.3878567792949377 nan_elements=0
2019-01-18 15:07:22,203 MAP = 0.6051162131519275
2019-01-18 15:07:22,203 scale=[array([1.])]
