2019-01-18 15:08:27,186 Commandline ['pytorch/pytorch_hyperbolic.py', 'learn', 'data/edges/parsing/ewt/ewt_dev/99.edges', '--dim', '0', '--hyp', '0', '--edim', '10', '--euc', '1', '--sdim', '0', '--sph', '0', '--log-name', 'ewt_devr2/99.edges.E10-1.lr1.log', '--batch-size', '65536', '--epochs', '50', '--checkpoint-freq', '10', '-g', '--subsample', '1024', '--learning-rate', '1']
2019-01-18 15:08:27,186 No Model Save selected!
2019-01-18 15:08:27,188 Loaded Graph data/edges/parsing/ewt/ewt_dev/99.edges with 23 nodes scale=1.0
2019-01-18 15:08:27,188 Building dataset
2019-01-18 15:08:27,188 Subsample: 23 points with scale 1.0 subsample=22
2019-01-18 15:08:27,216 Built Data Sampler
2019-01-18 15:08:27,216 Creating a fresh model warm_start?=None
2019-01-18 15:08:27,216 	 Warmstarting? None None 23
2019-01-18 15:08:27,216 Embedding() torch.Size([23, 10])
2019-01-18 15:08:27,216 relative No Rescale
2019-01-18 15:08:27,217 Constructed model with dim=0 and epochs=0 isnan=False
2019-01-18 15:08:27,217 SGD (
Parameter Group 0
    dampening: 0
    initial_lr: 0.1
    lr: 1.0
    momentum: 0.0
    nesterov: False
    weight_decay: 0

Parameter Group 1
    dampening: 0
    initial_lr: 0.1
    lr: 1.0
    momentum: 0.0
    nesterov: False
    weight_decay: 0

Parameter Group 2
    dampening: 0
    initial_lr: 0.1
    lr: 1.0
    momentum: 0.0
    nesterov: False
    weight_decay: 0

Parameter Group 3
    dampening: 0
    initial_lr: 0.0001
    lr: 0.001
    momentum: 0.0
    nesterov: False
    weight_decay: 0
)
2019-01-18 15:08:27,217 *** Initial Checkpoint. Computing Stats
2019-01-18 15:08:27,217 	 Computing Major Stats lazily... 
2019-01-18 15:08:27,220 		 Completed edges=506 good=506 bad=0
2019-01-18 15:08:27,223 Distortion avg=0.9983268936872145 wc=10.297573184304396 me=0.005935337598003825 mc=1734.9599773006473 nan_elements=0
2019-01-18 15:08:27,223 MAP = 0.18097065432137446
2019-01-18 15:08:27,224 scale=[array([1.])]
2019-01-18 15:08:27,224 *** End Initial Checkpoint

2019-01-18 15:08:27,281 1 loss=0.996657638676352
2019-01-18 15:08:27,283 2 loss=0.941717886872232
2019-01-18 15:08:27,283 3 loss=0.8899162124587998
2019-01-18 15:08:27,284 4 loss=0.8428411406698418
2019-01-18 15:08:27,285 5 loss=0.8001810121827074
2019-01-18 15:08:27,286 6 loss=0.7614904055344603
2019-01-18 15:08:27,287 7 loss=0.7263352637186341
2019-01-18 15:08:27,288 8 loss=0.6943205415118212
2019-01-18 15:08:27,288 9 loss=0.665094734520513
2019-01-18 15:08:27,289 10 loss=0.6383479800560653
2019-01-18 15:08:27,289 
*** Major Checkpoint. Computing Stats and Saving
2019-01-18 15:08:27,289 	 Computing Major Stats lazily... 
2019-01-18 15:08:27,291 		 Completed edges=506 good=506 bad=0
2019-01-18 15:08:27,295 Distortion avg=0.7623491946862502 wc=31.441121843338575 me=1.08697133544274 mc=28.92543788243701 nan_elements=0
2019-01-18 15:08:27,295 MAP = 0.08527672743044933
2019-01-18 15:08:27,295 scale=[array([1.])]
2019-01-18 15:08:27,295 *** End Major Checkpoint

2019-01-18 15:08:27,296 11 loss=0.6138082353314468
2019-01-18 15:08:27,297 12 loss=0.5912370410279592
2019-01-18 15:08:27,298 13 loss=0.5704254273533517
2019-01-18 15:08:27,299 14 loss=0.5511901665415297
2019-01-18 15:08:27,299 15 loss=0.5333704314653361
2019-01-18 15:08:27,300 16 loss=0.5168248584502194
2019-01-18 15:08:27,301 17 loss=0.5014289864907628
2019-01-18 15:08:27,302 18 loss=0.4870730354825429
2019-01-18 15:08:27,303 19 loss=0.4736599841326116
2019-01-18 15:08:27,304 20 loss=0.4611039098142205
2019-01-18 15:08:27,304 
*** Major Checkpoint. Computing Stats and Saving
2019-01-18 15:08:27,304 	 Computing Major Stats lazily... 
2019-01-18 15:08:27,306 		 Completed edges=506 good=506 bad=0
2019-01-18 15:08:27,310 Distortion avg=0.638611316331895 wc=24.35258181520958 me=1.488241771004866 mc=16.363323681451725 nan_elements=0
2019-01-18 15:08:27,310 MAP = 0.09139596985252525
2019-01-18 15:08:27,310 scale=[array([1.])]
2019-01-18 15:08:27,310 *** End Major Checkpoint

2019-01-18 15:08:27,311 21 loss=0.4493285557770502
2019-01-18 15:08:27,312 22 loss=0.43826609480664935
2019-01-18 15:08:27,313 23 loss=0.42785606214226246
2019-01-18 15:08:27,313 24 loss=0.4180444339671768
2019-01-18 15:08:27,314 25 loss=0.40878283097362234
2019-01-18 15:08:27,315 26 loss=0.4000278293410707
2019-01-18 15:08:27,316 27 loss=0.39174036395607054
2019-01-18 15:08:27,317 28 loss=0.383885210865867
2019-01-18 15:08:27,318 29 loss=0.3764305378274004
2019-01-18 15:08:27,318 30 loss=0.36934751342085853
2019-01-18 15:08:27,319 
*** Major Checkpoint. Computing Stats and Saving
2019-01-18 15:08:27,319 	 Computing Major Stats lazily... 
2019-01-18 15:08:27,321 		 Completed edges=506 good=506 bad=0
2019-01-18 15:08:27,324 Distortion avg=0.5726855246465725 wc=19.995592415490698 me=1.700659377906457 mc=11.757552791144834 nan_elements=0
2019-01-18 15:08:27,324 MAP = 0.10358233772404589
2019-01-18 15:08:27,325 scale=[array([1.])]
2019-01-18 15:08:27,325 *** End Major Checkpoint

2019-01-18 15:08:27,326 31 loss=0.36260996657502464
2019-01-18 15:08:27,326 32 loss=0.3561940895304597
2019-01-18 15:08:27,327 33 loss=0.3500781782733198
2019-01-18 15:08:27,328 34 loss=0.34424240533165107
2019-01-18 15:08:27,329 35 loss=0.3386686205585595
2019-01-18 15:08:27,330 36 loss=0.3333401761511943
2019-01-18 15:08:27,331 37 loss=0.32824177268695426
2019-01-18 15:08:27,332 38 loss=0.3233593234124017
2019-01-18 15:08:27,333 39 loss=0.3186798344077444
2019-01-18 15:08:27,333 40 loss=0.3141912985804329
2019-01-18 15:08:27,333 
*** Major Checkpoint. Computing Stats and Saving
2019-01-18 15:08:27,333 	 Computing Major Stats lazily... 
2019-01-18 15:08:27,336 		 Completed edges=506 good=506 bad=0
2019-01-18 15:08:27,339 Distortion avg=0.5220931950804444 wc=16.533811456112353 me=1.7779703141725485 mc=9.299261817994436 nan_elements=0
2019-01-18 15:08:27,339 MAP = 0.13969329011949147
2019-01-18 15:08:27,340 scale=[array([1.])]
2019-01-18 15:08:27,340 *** End Major Checkpoint

2019-01-18 15:08:27,341 41 loss=0.30988260172388776
2019-01-18 15:08:27,341 42 loss=0.30574343911886936
2019-01-18 15:08:27,342 43 loss=0.30176424136166236
2019-01-18 15:08:27,343 44 loss=0.2979361082802701
2019-01-18 15:08:27,344 45 loss=0.2942507499516212
2019-01-18 15:08:27,345 46 loss=0.29070043396312784
2019-01-18 15:08:27,346 47 loss=0.2872779381739761
2019-01-18 15:08:27,346 48 loss=0.28397650832795746
2019-01-18 15:08:27,347 49 loss=0.28078981995276503
2019-01-18 15:08:27,348 50 loss=0.2777119440524065
2019-01-18 15:08:27,348 
*** Major Checkpoint. Computing Stats and Saving
2019-01-18 15:08:27,348 	 Computing Major Stats lazily... 
2019-01-18 15:08:27,350 		 Completed edges=506 good=506 bad=0
2019-01-18 15:08:27,354 Distortion avg=0.48218957408921637 wc=13.842286394877867 me=1.7890944944777432 mc=7.7370348171120975 nan_elements=0
2019-01-18 15:08:27,354 MAP = 0.18851663041594388
2019-01-18 15:08:27,354 scale=[array([1.])]
2019-01-18 15:08:27,354 *** End Major Checkpoint

2019-01-18 15:08:27,354 final loss=0.2777119440524065
2019-01-18 15:08:27,354 best loss=0.2777119440524065, distortion=0.48218957408921637, map=0.18851663041594388, wc_dist=13.842286394877867
2019-01-18 15:08:27,355 	 Computing Major Stats lazily... 
2019-01-18 15:08:27,357 		 Completed edges=506 good=506 bad=0
2019-01-18 15:08:27,361 Distortion avg=0.48218957408921587 wc=13.842286394877867 me=1.7890944944777432 mc=7.7370348171120975 nan_elements=0
2019-01-18 15:08:27,361 MAP = 0.18851663041594394
2019-01-18 15:08:27,361 scale=[array([1.])]
