2019-01-18 15:12:40,614 Commandline ['pytorch/pytorch_hyperbolic.py', 'learn', 'data/edges/parsing/ewt/ewt_dev/992.edges', '--dim', '0', '--hyp', '0', '--edim', '10', '--euc', '1', '--sdim', '0', '--sph', '0', '--log-name', 'ewt_devr2/992.edges.E10-1.lr1.log', '--batch-size', '65536', '--epochs', '50', '--checkpoint-freq', '10', '-g', '--subsample', '1024', '--learning-rate', '1']
2019-01-18 15:12:40,614 No Model Save selected!
2019-01-18 15:12:40,616 Loaded Graph data/edges/parsing/ewt/ewt_dev/992.edges with 7 nodes scale=1.0
2019-01-18 15:12:40,616 Building dataset
2019-01-18 15:12:40,616 Subsample: 7 points with scale 1.0 subsample=6
2019-01-18 15:12:40,622 Built Data Sampler
2019-01-18 15:12:40,622 Creating a fresh model warm_start?=None
2019-01-18 15:12:40,622 	 Warmstarting? None None 7
2019-01-18 15:12:40,622 Embedding() torch.Size([7, 10])
2019-01-18 15:12:40,622 relative No Rescale
2019-01-18 15:12:40,623 Constructed model with dim=0 and epochs=0 isnan=False
2019-01-18 15:12:40,623 SGD (
Parameter Group 0
    dampening: 0
    initial_lr: 0.1
    lr: 1.0
    momentum: 0.0
    nesterov: False
    weight_decay: 0

Parameter Group 1
    dampening: 0
    initial_lr: 0.1
    lr: 1.0
    momentum: 0.0
    nesterov: False
    weight_decay: 0

Parameter Group 2
    dampening: 0
    initial_lr: 0.1
    lr: 1.0
    momentum: 0.0
    nesterov: False
    weight_decay: 0

Parameter Group 3
    dampening: 0
    initial_lr: 0.0001
    lr: 0.001
    momentum: 0.0
    nesterov: False
    weight_decay: 0
)
2019-01-18 15:12:40,623 *** Initial Checkpoint. Computing Stats
2019-01-18 15:12:40,623 	 Computing Major Stats lazily... 
2019-01-18 15:12:40,624 		 Completed edges=42 good=42 bad=0
2019-01-18 15:12:40,625 Distortion avg=0.9973151820121111 wc=5.107569028143865 me=0.005628252251848828 mc=907.4875822180992 nan_elements=0
2019-01-18 15:12:40,625 MAP = 0.43571428571428567
2019-01-18 15:12:40,625 scale=[array([1.])]
2019-01-18 15:12:40,625 *** End Initial Checkpoint

2019-01-18 15:12:40,683 1 loss=0.994639463167105
2019-01-18 15:12:40,684 2 loss=0.5920390608710794
2019-01-18 15:12:40,684 3 loss=0.415113665215894
2019-01-18 15:12:40,684 4 loss=0.33203477589083186
2019-01-18 15:12:40,685 5 loss=0.28427864169986966
2019-01-18 15:12:40,685 6 loss=0.2518733114437604
2019-01-18 15:12:40,686 7 loss=0.22736908589192278
2019-01-18 15:12:40,686 8 loss=0.20755789488484971
2019-01-18 15:12:40,687 9 loss=0.1908272667097287
2019-01-18 15:12:40,687 10 loss=0.17625289869167957
2019-01-18 15:12:40,687 
*** Major Checkpoint. Computing Stats and Saving
2019-01-18 15:12:40,687 	 Computing Major Stats lazily... 
2019-01-18 15:12:40,688 		 Completed edges=42 good=42 bad=0
2019-01-18 15:12:40,689 Distortion avg=0.36884997195659014 wc=4.483426170049691 me=1.3725842574010947 mc=3.266412350188824 nan_elements=0
2019-01-18 15:12:40,689 MAP = 0.5880952380952381
2019-01-18 15:12:40,689 scale=[array([1.])]
2019-01-18 15:12:40,689 *** End Major Checkpoint

2019-01-18 15:12:40,690 11 loss=0.16325721398144022
2019-01-18 15:12:40,690 12 loss=0.15146468003386088
2019-01-18 15:12:40,691 13 loss=0.14062997544791278
2019-01-18 15:12:40,691 14 loss=0.13059538242148994
2019-01-18 15:12:40,692 15 loss=0.12126175974970967
2019-01-18 15:12:40,692 16 loss=0.11256745867375871
2019-01-18 15:12:40,692 17 loss=0.10447300384124898
2019-01-18 15:12:40,693 18 loss=0.09695041335676999
2019-01-18 15:12:40,693 19 loss=0.08997626708210121
2019-01-18 15:12:40,694 20 loss=0.08352766626053325
2019-01-18 15:12:40,694 
*** Major Checkpoint. Computing Stats and Saving
2019-01-18 15:12:40,694 	 Computing Major Stats lazily... 
2019-01-18 15:12:40,694 		 Completed edges=42 good=42 bad=0
2019-01-18 15:12:40,695 Distortion avg=0.2461941262767569 wc=2.789690693281446 me=1.2872494900676268 mc=2.1671717214157815 nan_elements=0
2019-01-18 15:12:40,696 MAP = 1.0
2019-01-18 15:12:40,696 scale=[array([1.])]
2019-01-18 15:12:40,696 *** End Major Checkpoint

2019-01-18 15:12:40,696 21 loss=0.0775802734422207
2019-01-18 15:12:40,697 22 loss=0.07210772488812409
2019-01-18 15:12:40,697 23 loss=0.06708185103243075
2019-01-18 15:12:40,698 24 loss=0.062473293559900854
2019-01-18 15:12:40,698 25 loss=0.058252246036972065
2019-01-18 15:12:40,699 26 loss=0.05438915609440479
2019-01-18 15:12:40,699 27 loss=0.05085530786343005
2019-01-18 15:12:40,699 28 loss=0.047623256706345
2019-01-18 15:12:40,700 29 loss=0.04466711993960127
2019-01-18 15:12:40,700 30 loss=0.041962743353357784
2019-01-18 15:12:40,700 
*** Major Checkpoint. Computing Stats and Saving
2019-01-18 15:12:40,700 	 Computing Major Stats lazily... 
2019-01-18 15:12:40,701 		 Completed edges=42 good=42 bad=0
2019-01-18 15:12:40,702 Distortion avg=0.17416720548877726 wc=2.0056903744478958 me=1.175262159779828 mc=1.706589766170672 nan_elements=0
2019-01-18 15:12:40,702 MAP = 1.0
2019-01-18 15:12:40,702 scale=[array([1.])]
2019-01-18 15:12:40,702 *** End Major Checkpoint

2019-01-18 15:12:40,703 31 loss=0.03948776926250781
2019-01-18 15:12:40,703 32 loss=0.03722163174661047
2019-01-18 15:12:40,704 33 loss=0.03514550158806783
2019-01-18 15:12:40,704 34 loss=0.033242199098122635
2019-01-18 15:12:40,705 35 loss=0.03149608864108117
2019-01-18 15:12:40,705 36 loss=0.029892964795297332
2019-01-18 15:12:40,705 37 loss=0.028419936943316477
2019-01-18 15:12:40,706 38 loss=0.027065316679626313
2019-01-18 15:12:40,706 39 loss=0.025818510677233127
2019-01-18 15:12:40,707 40 loss=0.02466992043951823
2019-01-18 15:12:40,707 
*** Major Checkpoint. Computing Stats and Saving
2019-01-18 15:12:40,707 	 Computing Major Stats lazily... 
2019-01-18 15:12:40,707 		 Completed edges=42 good=42 bad=0
2019-01-18 15:12:40,708 Distortion avg=0.13324312328008392 wc=1.7240990693669322 me=1.1642207216926201 mc=1.4809039533846506 nan_elements=0
2019-01-18 15:12:40,708 MAP = 1.0
2019-01-18 15:12:40,709 scale=[array([1.])]
2019-01-18 15:12:40,709 *** End Major Checkpoint

2019-01-18 15:12:40,709 41 loss=0.023610849554634158
2019-01-18 15:12:40,710 42 loss=0.022633418554467145
2019-01-18 15:12:40,710 43 loss=0.021730487169163953
2019-01-18 15:12:40,711 44 loss=0.02089558359367976
2019-01-18 15:12:40,711 45 loss=0.02012284029614487
2019-01-18 15:12:40,711 46 loss=0.01940693586565132
2019-01-18 15:12:40,712 47 loss=0.01874304239717896
2019-01-18 15:12:40,712 48 loss=0.01812677792965441
2019-01-18 15:12:40,713 49 loss=0.017554163480800862
2019-01-18 15:12:40,713 50 loss=0.017021584254252212
2019-01-18 15:12:40,713 
*** Major Checkpoint. Computing Stats and Saving
2019-01-18 15:12:40,713 	 Computing Major Stats lazily... 
2019-01-18 15:12:40,714 		 Completed edges=42 good=42 bad=0
2019-01-18 15:12:40,715 Distortion avg=0.1108635192643098 wc=1.572431723375895 me=1.1581026203393834 mc=1.3577654482079422 nan_elements=0
2019-01-18 15:12:40,715 MAP = 1.0
2019-01-18 15:12:40,715 scale=[array([1.])]
2019-01-18 15:12:40,715 *** End Major Checkpoint

2019-01-18 15:12:40,715 final loss=0.017021584254252212
2019-01-18 15:12:40,715 best loss=0.017021584254252212, distortion=0.1108635192643098, map=1.0, wc_dist=1.572431723375895
2019-01-18 15:12:40,715 	 Computing Major Stats lazily... 
2019-01-18 15:12:40,716 		 Completed edges=42 good=42 bad=0
2019-01-18 15:12:40,717 Distortion avg=0.1108635192643098 wc=1.572431723375895 me=1.1581026203393834 mc=1.3577654482079422 nan_elements=0
2019-01-18 15:12:40,717 MAP = 1.0
2019-01-18 15:12:40,717 scale=[array([1.])]
