2019-01-18 14:43:09,739 Commandline ['pytorch/pytorch_hyperbolic.py', 'learn', 'data/edges/parsing/ewt/ewt_dev/994.edges', '--dim', '0', '--hyp', '0', '--edim', '10', '--euc', '1', '--sdim', '0', '--sph', '0', '--log-name', 'ewt_devr2/994.edges.E10-1.lr1.log', '--batch-size', '65536', '--epochs', '50', '-g', '--subsample', '1024', '--learning-rate', '1']
2019-01-18 14:43:09,739 No Model Save selected!
2019-01-18 14:43:09,741 Loaded Graph data/edges/parsing/ewt/ewt_dev/994.edges with 5 nodes scale=1.0
2019-01-18 14:43:09,741 Building dataset
2019-01-18 14:43:09,741 Subsample: 5 points with scale 1.0 subsample=4
2019-01-18 14:43:09,745 Built Data Sampler
2019-01-18 14:43:09,745 Creating a fresh model warm_start?=None
2019-01-18 14:43:09,745 	 Warmstarting? None None 5
2019-01-18 14:43:09,746 Embedding() torch.Size([5, 10])
2019-01-18 14:43:09,746 relative No Rescale
2019-01-18 14:43:09,746 Constructed model with dim=0 and epochs=0 isnan=False
2019-01-18 14:43:09,746 SGD (
Parameter Group 0
    dampening: 0
    initial_lr: 0.1
    lr: 1.0
    momentum: 0.0
    nesterov: False
    weight_decay: 0

Parameter Group 1
    dampening: 0
    initial_lr: 0.1
    lr: 1.0
    momentum: 0.0
    nesterov: False
    weight_decay: 0

Parameter Group 2
    dampening: 0
    initial_lr: 0.1
    lr: 1.0
    momentum: 0.0
    nesterov: False
    weight_decay: 0

Parameter Group 3
    dampening: 0
    initial_lr: 0.0001
    lr: 0.001
    momentum: 0.0
    nesterov: False
    weight_decay: 0
)
2019-01-18 14:43:09,746 *** Initial Checkpoint. Computing Stats
2019-01-18 14:43:09,747 	 Computing Major Stats lazily... 
2019-01-18 14:43:09,747 		 Completed edges=20 good=20 bad=0
2019-01-18 14:43:09,748 Distortion avg=0.996888193681215 wc=4.7900427106326955 me=0.005628252251848828 mc=851.0710778926463 nan_elements=0
2019-01-18 14:43:09,748 MAP = 0.4777777777777777
2019-01-18 14:43:09,748 scale=[array([1.])]
2019-01-18 14:43:09,749 *** End Initial Checkpoint

2019-01-18 14:43:09,806 1 loss=0.9937883375237689
2019-01-18 14:43:09,807 2 loss=0.3504264268182566
2019-01-18 14:43:09,807 3 loss=0.2480168754038476
2019-01-18 14:43:09,808 4 loss=0.19943389426559932
2019-01-18 14:43:09,808 5 loss=0.16272865801281136
2019-01-18 14:43:09,808 6 loss=0.13387183017820897
2019-01-18 14:43:09,809 7 loss=0.11105342640564086
2019-01-18 14:43:09,809 8 loss=0.09279649129941057
2019-01-18 14:43:09,810 9 loss=0.07799204797276951
2019-01-18 14:43:09,810 10 loss=0.06587865323493293
2019-01-18 14:43:09,811 11 loss=0.05593087799906813
2019-01-18 14:43:09,811 12 loss=0.047755878012593886
2019-01-18 14:43:09,812 13 loss=0.04103536301910622
2019-01-18 14:43:09,812 14 loss=0.03550267217142346
2019-01-18 14:43:09,813 15 loss=0.030935172849448245
2019-01-18 14:43:09,813 16 loss=0.02714995158430201
2019-01-18 14:43:09,814 17 loss=0.023998898261343663
2019-01-18 14:43:09,814 18 loss=0.021363135824328548
2019-01-18 14:43:09,815 19 loss=0.019147583947647227
2019-01-18 14:43:09,815 20 loss=0.017276186372559153
2019-01-18 14:43:09,816 21 loss=0.01568796736703692
2019-01-18 14:43:09,816 22 loss=0.014333873532837518
2019-01-18 14:43:09,817 23 loss=0.013174281156760276
2019-01-18 14:43:09,817 24 loss=0.01217704053107198
2019-01-18 14:43:09,817 25 loss=0.011315944213835662
2019-01-18 14:43:09,818 26 loss=0.010569526826342001
2019-01-18 14:43:09,818 27 loss=0.009920123049933303
2019-01-18 14:43:09,819 28 loss=0.009353126382886236
2019-01-18 14:43:09,819 29 loss=0.008856403977927741
2019-01-18 14:43:09,820 30 loss=0.008419832945387857
2019-01-18 14:43:09,820 31 loss=0.008034931365567922
2019-01-18 14:43:09,820 32 loss=0.007694563347559959
2019-01-18 14:43:09,821 33 loss=0.007392702173566024
2019-01-18 14:43:09,821 34 loss=0.007124239183850976
2019-01-18 14:43:09,822 35 loss=0.0068848288336685135
2019-01-18 14:43:09,822 36 loss=0.006670762483991237
2019-01-18 14:43:09,823 37 loss=0.006478865123986001
2019-01-18 14:43:09,823 38 loss=0.006306410481693896
2019-01-18 14:43:09,823 39 loss=0.006151050949783915
2019-01-18 14:43:09,824 40 loss=0.006010759503784784
2019-01-18 14:43:09,824 41 loss=0.0058837813727361694
2019-01-18 14:43:09,825 42 loss=0.005768593676121774
2019-01-18 14:43:09,825 43 loss=0.005663871596145712
2019-01-18 14:43:09,826 44 loss=0.005568459933595928
2019-01-18 14:43:09,826 45 loss=0.005481349115979484
2019-01-18 14:43:09,827 46 loss=0.005401654901485761
2019-01-18 14:43:09,827 47 loss=0.005328601161704747
2019-01-18 14:43:09,827 48 loss=0.005261505237623972
2019-01-18 14:43:09,828 49 loss=0.0051997654531932905
2019-01-18 14:43:09,828 50 loss=0.005142850443277305
2019-01-18 14:43:09,828 final loss=0.005142850443277305
2019-01-18 14:43:09,828 best loss=10000000000.0, distortion=10000000000.0, map=0.0, wc_dist=10000000000.0
2019-01-18 14:43:09,828 	 Computing Major Stats lazily... 
2019-01-18 14:43:09,829 		 Completed edges=20 good=20 bad=0
2019-01-18 14:43:09,830 Distortion avg=0.06690398690176776 wc=1.193501935975749 me=1.0826587238513359 mc=1.1023805652533896 nan_elements=0
2019-01-18 14:43:09,830 MAP = 1.0
2019-01-18 14:43:09,830 scale=[array([1.])]
2019-01-18 14:57:38,560 Commandline ['pytorch/pytorch_hyperbolic.py', 'learn', 'data/edges/parsing/ewt/ewt_dev/994.edges', '--dim', '0', '--hyp', '0', '--edim', '10', '--euc', '1', '--sdim', '0', '--sph', '0', '--log-name', 'ewt_devr2/994.edges.E10-1.lr1.log', '--batch-size', '65536', '--epochs', '50', '--checkpoint-freq', '10', '-g', '--subsample', '1024', '--learning-rate', '1']
2019-01-18 14:57:38,561 No Model Save selected!
2019-01-18 14:57:38,562 Loaded Graph data/edges/parsing/ewt/ewt_dev/994.edges with 5 nodes scale=1.0
2019-01-18 14:57:38,563 Building dataset
2019-01-18 14:57:38,563 Subsample: 5 points with scale 1.0 subsample=4
2019-01-18 14:57:38,567 Built Data Sampler
2019-01-18 14:57:38,567 Creating a fresh model warm_start?=None
2019-01-18 14:57:38,567 	 Warmstarting? None None 5
2019-01-18 14:57:38,567 Embedding() torch.Size([5, 10])
2019-01-18 14:57:38,567 relative No Rescale
2019-01-18 14:57:38,568 Constructed model with dim=0 and epochs=0 isnan=False
2019-01-18 14:57:38,568 SGD (
Parameter Group 0
    dampening: 0
    initial_lr: 0.1
    lr: 1.0
    momentum: 0.0
    nesterov: False
    weight_decay: 0

Parameter Group 1
    dampening: 0
    initial_lr: 0.1
    lr: 1.0
    momentum: 0.0
    nesterov: False
    weight_decay: 0

Parameter Group 2
    dampening: 0
    initial_lr: 0.1
    lr: 1.0
    momentum: 0.0
    nesterov: False
    weight_decay: 0

Parameter Group 3
    dampening: 0
    initial_lr: 0.0001
    lr: 0.001
    momentum: 0.0
    nesterov: False
    weight_decay: 0
)
2019-01-18 14:57:38,568 *** Initial Checkpoint. Computing Stats
2019-01-18 14:57:38,568 	 Computing Major Stats lazily... 
2019-01-18 14:57:38,569 		 Completed edges=20 good=20 bad=0
2019-01-18 14:57:38,570 Distortion avg=0.996888193681215 wc=4.7900427106326955 me=0.005628252251848828 mc=851.0710778926463 nan_elements=0
2019-01-18 14:57:38,570 MAP = 0.4777777777777777
2019-01-18 14:57:38,570 scale=[array([1.])]
2019-01-18 14:57:38,570 *** End Initial Checkpoint

2019-01-18 14:57:38,628 1 loss=0.9937883375237689
2019-01-18 14:57:38,628 2 loss=0.3504264268182566
2019-01-18 14:57:38,629 3 loss=0.2480168754038476
2019-01-18 14:57:38,629 4 loss=0.19943389426559932
2019-01-18 14:57:38,630 5 loss=0.16272865801281136
2019-01-18 14:57:38,630 6 loss=0.13387183017820897
2019-01-18 14:57:38,631 7 loss=0.11105342640564086
2019-01-18 14:57:38,631 8 loss=0.09279649129941057
2019-01-18 14:57:38,631 9 loss=0.07799204797276951
2019-01-18 14:57:38,632 10 loss=0.06587865323493293
2019-01-18 14:57:38,632 
*** Major Checkpoint. Computing Stats and Saving
2019-01-18 14:57:38,632 	 Computing Major Stats lazily... 
2019-01-18 14:57:38,632 		 Completed edges=20 good=20 bad=0
2019-01-18 14:57:38,633 Distortion avg=0.211509245903798 wc=1.9370374310018443 me=1.1407579980702722 mc=1.6980266053611488 nan_elements=0
2019-01-18 14:57:38,633 MAP = 1.0
2019-01-18 14:57:38,633 scale=[array([1.])]
2019-01-18 14:57:38,634 *** End Major Checkpoint

2019-01-18 14:57:38,634 11 loss=0.05593087799906812
2019-01-18 14:57:38,634 12 loss=0.047755878012593886
2019-01-18 14:57:38,635 13 loss=0.041035363019106236
2019-01-18 14:57:38,635 14 loss=0.03550267217142346
2019-01-18 14:57:38,636 15 loss=0.030935172849448238
2019-01-18 14:57:38,636 16 loss=0.027149951584302008
2019-01-18 14:57:38,637 17 loss=0.023998898261343653
2019-01-18 14:57:38,637 18 loss=0.021363135824328548
2019-01-18 14:57:38,637 19 loss=0.019147583947647234
2019-01-18 14:57:38,638 20 loss=0.017276186372559146
2019-01-18 14:57:38,638 
*** Major Checkpoint. Computing Stats and Saving
2019-01-18 14:57:38,638 	 Computing Major Stats lazily... 
2019-01-18 14:57:38,638 		 Completed edges=20 good=20 bad=0
2019-01-18 14:57:38,639 Distortion avg=0.11424671987669824 wc=1.4304162690039148 me=1.1102861752371094 mc=1.2883311536311253 nan_elements=0
2019-01-18 14:57:38,640 MAP = 1.0
2019-01-18 14:57:38,640 scale=[array([1.])]
2019-01-18 14:57:38,640 *** End Major Checkpoint

2019-01-18 14:57:38,641 21 loss=0.01568796736703692
2019-01-18 14:57:38,641 22 loss=0.014333873532837525
2019-01-18 14:57:38,642 23 loss=0.013174281156760281
2019-01-18 14:57:38,642 24 loss=0.012177040531071978
2019-01-18 14:57:38,643 25 loss=0.011315944213835666
2019-01-18 14:57:38,643 26 loss=0.010569526826342001
2019-01-18 14:57:38,643 27 loss=0.0099201230499333
2019-01-18 14:57:38,644 28 loss=0.009353126382886236
2019-01-18 14:57:38,644 29 loss=0.008856403977927741
2019-01-18 14:57:38,645 30 loss=0.008419832945387852
2019-01-18 14:57:38,645 
*** Major Checkpoint. Computing Stats and Saving
2019-01-18 14:57:38,645 	 Computing Major Stats lazily... 
2019-01-18 14:57:38,645 		 Completed edges=20 good=20 bad=0
2019-01-18 14:57:38,646 Distortion avg=0.08273557506631915 wc=1.2839581144650059 me=1.095716746853783 mc=1.1717974724323006 nan_elements=0
2019-01-18 14:57:38,646 MAP = 1.0
2019-01-18 14:57:38,646 scale=[array([1.])]
2019-01-18 14:57:38,646 *** End Major Checkpoint

2019-01-18 14:57:38,647 31 loss=0.008034931365567922
2019-01-18 14:57:38,647 32 loss=0.007694563347559957
2019-01-18 14:57:38,647 33 loss=0.007392702173566022
2019-01-18 14:57:38,648 34 loss=0.0071242391838509805
2019-01-18 14:57:38,648 35 loss=0.0068848288336685135
2019-01-18 14:57:38,649 36 loss=0.006670762483991241
2019-01-18 14:57:38,649 37 loss=0.006478865123986002
2019-01-18 14:57:38,650 38 loss=0.006306410481693897
2019-01-18 14:57:38,650 39 loss=0.006151050949783921
2019-01-18 14:57:38,650 40 loss=0.006010759503784784
2019-01-18 14:57:38,651 
*** Major Checkpoint. Computing Stats and Saving
2019-01-18 14:57:38,651 	 Computing Major Stats lazily... 
2019-01-18 14:57:38,651 		 Completed edges=20 good=20 bad=0
2019-01-18 14:57:38,652 Distortion avg=0.0706452861707141 wc=1.222291586816377 me=1.0864226942853727 mc=1.1250608011464416 nan_elements=0
2019-01-18 14:57:38,652 MAP = 1.0
2019-01-18 14:57:38,652 scale=[array([1.])]
2019-01-18 14:57:38,652 *** End Major Checkpoint

2019-01-18 14:57:38,653 41 loss=0.00588378137273617
2019-01-18 14:57:38,653 42 loss=0.005768593676121776
2019-01-18 14:57:38,653 43 loss=0.0056638715961457135
2019-01-18 14:57:38,654 44 loss=0.005568459933595927
2019-01-18 14:57:38,654 45 loss=0.00548134911597948
2019-01-18 14:57:38,655 46 loss=0.005401654901485756
2019-01-18 14:57:38,655 47 loss=0.005328601161704741
2019-01-18 14:57:38,655 48 loss=0.005261505237623972
2019-01-18 14:57:38,656 49 loss=0.0051997654531932905
2019-01-18 14:57:38,656 50 loss=0.005142850443277304
2019-01-18 14:57:38,656 
*** Major Checkpoint. Computing Stats and Saving
2019-01-18 14:57:38,656 	 Computing Major Stats lazily... 
2019-01-18 14:57:38,657 		 Completed edges=20 good=20 bad=0
2019-01-18 14:57:38,658 Distortion avg=0.06690398690176778 wc=1.193501935975749 me=1.0826587238513359 mc=1.1023805652533896 nan_elements=0
2019-01-18 14:57:38,658 MAP = 1.0
2019-01-18 14:57:38,658 scale=[array([1.])]
2019-01-18 14:57:38,658 *** End Major Checkpoint

2019-01-18 14:57:38,658 final loss=0.005142850443277304
2019-01-18 14:57:38,658 best loss=0.005142850443277304, distortion=0.06690398690176778, map=1.0, wc_dist=1.193501935975749
2019-01-18 14:57:38,658 	 Computing Major Stats lazily... 
2019-01-18 14:57:38,659 		 Completed edges=20 good=20 bad=0
2019-01-18 14:57:38,659 Distortion avg=0.06690398690176777 wc=1.193501935975749 me=1.0826587238513359 mc=1.1023805652533896 nan_elements=0
2019-01-18 14:57:38,660 MAP = 1.0
2019-01-18 14:57:38,660 scale=[array([1.])]
