2019-01-18 15:02:55,806 Commandline ['pytorch/pytorch_hyperbolic.py', 'learn', 'data/edges/parsing/ewt/ewt_dev/995.edges', '--dim', '0', '--hyp', '0', '--edim', '10', '--euc', '1', '--sdim', '0', '--sph', '0', '--log-name', 'ewt_devr2/995.edges.E10-1.lr1.log', '--batch-size', '65536', '--epochs', '50', '--checkpoint-freq', '10', '-g', '--subsample', '1024', '--learning-rate', '1']
2019-01-18 15:02:55,806 No Model Save selected!
2019-01-18 15:02:55,808 Loaded Graph data/edges/parsing/ewt/ewt_dev/995.edges with 40 nodes scale=1.0
2019-01-18 15:02:55,808 Building dataset
2019-01-18 15:02:55,809 Subsample: 40 points with scale 1.0 subsample=39
2019-01-18 15:02:55,873 Built Data Sampler
2019-01-18 15:02:55,873 Creating a fresh model warm_start?=None
2019-01-18 15:02:55,873 	 Warmstarting? None None 40
2019-01-18 15:02:55,873 Embedding() torch.Size([40, 10])
2019-01-18 15:02:55,873 relative No Rescale
2019-01-18 15:02:55,874 Constructed model with dim=0 and epochs=0 isnan=False
2019-01-18 15:02:55,874 SGD (
Parameter Group 0
    dampening: 0
    initial_lr: 0.1
    lr: 1.0
    momentum: 0.0
    nesterov: False
    weight_decay: 0

Parameter Group 1
    dampening: 0
    initial_lr: 0.1
    lr: 1.0
    momentum: 0.0
    nesterov: False
    weight_decay: 0

Parameter Group 2
    dampening: 0
    initial_lr: 0.1
    lr: 1.0
    momentum: 0.0
    nesterov: False
    weight_decay: 0

Parameter Group 3
    dampening: 0
    initial_lr: 0.0001
    lr: 0.001
    momentum: 0.0
    nesterov: False
    weight_decay: 0
)
2019-01-18 15:02:55,874 *** Initial Checkpoint. Computing Stats
2019-01-18 15:02:55,874 	 Computing Major Stats lazily... 
2019-01-18 15:02:55,880 		 Completed edges=1560 good=1560 bad=0
2019-01-18 15:02:55,887 Distortion avg=0.9986863167368988 wc=22.11245742322404 me=0.006841983940850235 mc=3231.8780070793596 nan_elements=0
2019-01-18 15:02:55,887 MAP = 0.1270241949859757
2019-01-18 15:02:55,887 scale=[array([1.])]
2019-01-18 15:02:55,887 *** End Initial Checkpoint

2019-01-18 15:02:55,947 1 loss=0.9973752763236293
2019-01-18 15:02:55,949 2 loss=0.9787381009449881
2019-01-18 15:02:55,950 3 loss=0.960251379616778
2019-01-18 15:02:55,952 4 loss=0.9422976836668069
2019-01-18 15:02:55,953 5 loss=0.9249232407009921
2019-01-18 15:02:55,955 6 loss=0.9081295375965031
2019-01-18 15:02:55,956 7 loss=0.8919051013373179
2019-01-18 15:02:55,957 8 loss=0.8762335317483253
2019-01-18 15:02:55,959 9 loss=0.8610964060663513
2019-01-18 15:02:55,960 10 loss=0.8464745592444192
2019-01-18 15:02:55,960 
*** Major Checkpoint. Computing Stats and Saving
2019-01-18 15:02:55,961 	 Computing Major Stats lazily... 
2019-01-18 15:02:55,966 		 Completed edges=1560 good=1560 bad=0
2019-01-18 15:02:55,973 Distortion avg=0.9087644303404812 wc=38.73624335040167 me=0.5096047041540402 mc=76.0123347265898 nan_elements=0
2019-01-18 15:02:55,973 MAP = 0.05118624765510484
2019-01-18 15:02:55,973 scale=[array([1.])]
2019-01-18 15:02:55,973 *** End Major Checkpoint

2019-01-18 15:02:55,975 11 loss=0.832348720972203
2019-01-18 15:02:55,976 12 loss=0.8186998573448276
2019-01-18 15:02:55,978 13 loss=0.8055093619530286
2019-01-18 15:02:55,979 14 loss=0.7927591640428708
2019-01-18 15:02:55,981 15 loss=0.7804317882733347
2019-01-18 15:02:55,982 16 loss=0.768510384962407
2019-01-18 15:02:55,983 17 loss=0.7569787417501258
2019-01-18 15:02:55,985 18 loss=0.7458212832955293
2019-01-18 15:02:55,986 19 loss=0.7350230631671507
2019-01-18 15:02:55,988 20 loss=0.7245697506243538
2019-01-18 15:02:55,988 
*** Major Checkpoint. Computing Stats and Saving
2019-01-18 15:02:55,988 	 Computing Major Stats lazily... 
2019-01-18 15:02:55,994 		 Completed edges=1560 good=1560 bad=0
2019-01-18 15:02:56,000 Distortion avg=0.8328189466431962 wc=35.60389596272569 me=0.8964608227799814 mc=39.716064615423754 nan_elements=0
2019-01-18 15:02:56,000 MAP = 0.05041178545370473
2019-01-18 15:02:56,000 scale=[array([1.])]
2019-01-18 15:02:56,000 *** End Major Checkpoint

2019-01-18 15:02:56,001 21 loss=0.71444761408387
2019-01-18 15:02:56,003 22 loss=0.7046435024904044
2019-01-18 15:02:56,004 23 loss=0.6951448254331186
2019-01-18 15:02:56,006 24 loss=0.6859395325968571
2019-01-18 15:02:56,007 25 loss=0.6770160929636353
2019-01-18 15:02:56,008 26 loss=0.6683634740590189
2019-01-18 15:02:56,010 27 loss=0.6599711214523472
2019-01-18 15:02:56,011 28 loss=0.6518289386582216
2019-01-18 15:02:56,013 29 loss=0.6439272675419788
2019-01-18 15:02:56,014 30 loss=0.6362568692990858
2019-01-18 15:02:56,014 
*** Major Checkpoint. Computing Stats and Saving
2019-01-18 15:02:56,014 	 Computing Major Stats lazily... 
2019-01-18 15:02:56,020 		 Completed edges=1560 good=1560 bad=0
2019-01-18 15:02:56,027 Distortion avg=0.7711354175886779 wc=32.45311028522333 me=1.1922550660418354 mc=27.219939096559543 nan_elements=0
2019-01-18 15:02:56,027 MAP = 0.05081986130173133
2019-01-18 15:02:56,027 scale=[array([1.])]
2019-01-18 15:02:56,027 *** End Major Checkpoint

2019-01-18 15:02:56,028 31 loss=0.6288089060541864
2019-01-18 15:02:56,030 32 loss=0.6215749231075247
2019-01-18 15:02:56,031 33 loss=0.614546831843064
2019-01-18 15:02:56,033 34 loss=0.6077168933026079
2019-01-18 15:02:56,034 35 loss=0.6010777024227635
2019-01-18 15:02:56,036 36 loss=0.5946221729260532
2019-01-18 15:02:56,037 37 loss=0.5883435228534089
2019-01-18 15:02:56,039 38 loss=0.5822352607223247
2019-01-18 15:02:56,040 39 loss=0.5762911722928514
2019-01-18 15:02:56,041 40 loss=0.5705053079221883
2019-01-18 15:02:56,041 
*** Major Checkpoint. Computing Stats and Saving
2019-01-18 15:02:56,042 	 Computing Major Stats lazily... 
2019-01-18 15:02:56,047 		 Completed edges=1560 good=1560 bad=0
2019-01-18 15:02:56,053 Distortion avg=0.7279410168433923 wc=29.64376272766145 me=1.4187224017230937 mc=20.894688553347677 nan_elements=0
2019-01-18 15:02:56,053 MAP = 0.05220560924890548
2019-01-18 15:02:56,053 scale=[array([1.])]
2019-01-18 15:02:56,053 *** End Major Checkpoint

2019-01-18 15:02:56,055 41 loss=0.5648719704876992
2019-01-18 15:02:56,056 42 loss=0.5593857038576582
2019-01-18 15:02:56,058 43 loss=0.5540412818888145
2019-01-18 15:02:56,059 44 loss=0.5488336979298674
2019-01-18 15:02:56,061 45 loss=0.5437581548101506
2019-01-18 15:02:56,062 46 loss=0.5388100552931454
2019-01-18 15:02:56,064 47 loss=0.5339849929748838
2019-01-18 15:02:56,065 48 loss=0.5292787436078054
2019-01-18 15:02:56,066 49 loss=0.5246872568312033
2019-01-18 15:02:56,068 50 loss=0.5202066482899915
2019-01-18 15:02:56,068 
*** Major Checkpoint. Computing Stats and Saving
2019-01-18 15:02:56,068 	 Computing Major Stats lazily... 
2019-01-18 15:02:56,074 		 Completed edges=1560 good=1560 bad=0
2019-01-18 15:02:56,080 Distortion avg=0.6946355386282925 wc=27.469885002975555 me=1.5921512533315347 mc=17.253313682035888 nan_elements=0
2019-01-18 15:02:56,080 MAP = 0.05410710251484687
2019-01-18 15:02:56,080 scale=[array([1.])]
2019-01-18 15:02:56,080 *** End Major Checkpoint

2019-01-18 15:02:56,080 final loss=0.5202066482899915
2019-01-18 15:02:56,080 best loss=0.5202066482899915, distortion=0.6946355386282925, map=0.05410710251484687, wc_dist=27.469885002975555
2019-01-18 15:02:56,080 	 Computing Major Stats lazily... 
2019-01-18 15:02:56,086 		 Completed edges=1560 good=1560 bad=0
2019-01-18 15:02:56,092 Distortion avg=0.694635538628293 wc=27.469885002975555 me=1.5921512533315347 mc=17.253313682035888 nan_elements=0
2019-01-18 15:02:56,092 MAP = 0.05410710251484689
2019-01-18 15:02:56,092 scale=[array([1.])]
