2019-01-18 15:02:13,837 Commandline ['pytorch/pytorch_hyperbolic.py', 'learn', 'data/edges/parsing/ewt/ewt_dev/999.edges', '--dim', '0', '--hyp', '0', '--edim', '10', '--euc', '1', '--sdim', '0', '--sph', '0', '--log-name', 'ewt_devr2/999.edges.E10-1.lr1.log', '--batch-size', '65536', '--epochs', '50', '--checkpoint-freq', '10', '-g', '--subsample', '1024', '--learning-rate', '1']
2019-01-18 15:02:13,837 No Model Save selected!
2019-01-18 15:02:13,839 Loaded Graph data/edges/parsing/ewt/ewt_dev/999.edges with 35 nodes scale=1.0
2019-01-18 15:02:13,839 Building dataset
2019-01-18 15:02:13,840 Subsample: 35 points with scale 1.0 subsample=34
2019-01-18 15:02:13,894 Built Data Sampler
2019-01-18 15:02:13,894 Creating a fresh model warm_start?=None
2019-01-18 15:02:13,894 	 Warmstarting? None None 35
2019-01-18 15:02:13,894 Embedding() torch.Size([35, 10])
2019-01-18 15:02:13,894 relative No Rescale
2019-01-18 15:02:13,895 Constructed model with dim=0 and epochs=0 isnan=False
2019-01-18 15:02:13,895 SGD (
Parameter Group 0
    dampening: 0
    initial_lr: 0.1
    lr: 1.0
    momentum: 0.0
    nesterov: False
    weight_decay: 0

Parameter Group 1
    dampening: 0
    initial_lr: 0.1
    lr: 1.0
    momentum: 0.0
    nesterov: False
    weight_decay: 0

Parameter Group 2
    dampening: 0
    initial_lr: 0.1
    lr: 1.0
    momentum: 0.0
    nesterov: False
    weight_decay: 0

Parameter Group 3
    dampening: 0
    initial_lr: 0.0001
    lr: 0.001
    momentum: 0.0
    nesterov: False
    weight_decay: 0
)
2019-01-18 15:02:13,895 *** Initial Checkpoint. Computing Stats
2019-01-18 15:02:13,895 	 Computing Major Stats lazily... 
2019-01-18 15:02:13,900 		 Completed edges=1190 good=1190 bad=0
2019-01-18 15:02:13,905 Distortion avg=0.9987747445933018 wc=26.272773731746998 me=0.006322757085624978 mc=4155.271723387748 nan_elements=0
2019-01-18 15:02:13,905 MAP = 0.10422637649506036
2019-01-18 15:02:13,906 scale=[array([1.])]
2019-01-18 15:02:13,906 *** End Initial Checkpoint

2019-01-18 15:02:13,964 1 loss=0.9975519226284248
2019-01-18 15:02:13,965 2 loss=0.9774593125832682
2019-01-18 15:02:13,967 3 loss=0.9574352785930498
2019-01-18 15:02:13,968 4 loss=0.9380611095729687
2019-01-18 15:02:13,969 5 loss=0.9194037421967288
2019-01-18 15:02:13,970 6 loss=0.901466173858977
2019-01-18 15:02:13,971 7 loss=0.8842328306096965
2019-01-18 15:02:13,973 8 loss=0.8676810743742551
2019-01-18 15:02:13,974 9 loss=0.8517854008406127
2019-01-18 15:02:13,975 10 loss=0.8365193000291001
2019-01-18 15:02:13,975 
*** Major Checkpoint. Computing Stats and Saving
2019-01-18 15:02:13,975 	 Computing Major Stats lazily... 
2019-01-18 15:02:13,980 		 Completed edges=1190 good=1190 bad=0
2019-01-18 15:02:13,985 Distortion avg=0.9017580847756212 wc=36.136450910191954 me=0.5430147871711662 mc=66.54782109792015 nan_elements=0
2019-01-18 15:02:13,985 MAP = 0.05751447147385528
2019-01-18 15:02:13,985 scale=[array([1.])]
2019-01-18 15:02:13,985 *** End Major Checkpoint

2019-01-18 15:02:13,987 11 loss=0.821856182763494
2019-01-18 15:02:13,988 12 loss=0.8077698752935194
2019-01-18 15:02:13,989 13 loss=0.7942348927587178
2019-01-18 15:02:13,991 14 loss=0.781226590608642
2019-01-18 15:02:13,992 15 loss=0.7687212448384352
2019-01-18 15:02:13,993 16 loss=0.7566960889746185
2019-01-18 15:02:13,994 17 loss=0.7451293240131819
2019-01-18 15:02:13,996 18 loss=0.7340001111314876
2019-01-18 15:02:13,997 19 loss=0.7232885533464235
2019-01-18 15:02:13,998 20 loss=0.7129756701138517
2019-01-18 15:02:13,998 
*** Major Checkpoint. Computing Stats and Saving
2019-01-18 15:02:13,998 	 Computing Major Stats lazily... 
2019-01-18 15:02:14,003 		 Completed edges=1190 good=1190 bad=0
2019-01-18 15:02:14,008 Distortion avg=0.8219667395642412 wc=33.940477058972654 me=0.956705376601554 mc=35.47641508981306 nan_elements=0
2019-01-18 15:02:14,008 MAP = 0.056492268913865475
2019-01-18 15:02:14,008 scale=[array([1.])]
2019-01-18 15:02:14,008 *** End Major Checkpoint

2019-01-18 15:02:14,010 21 loss=0.7030433675174818
2019-01-18 15:02:14,011 22 loss=0.6934744058358748
2019-01-18 15:02:14,012 23 loss=0.6842523657131357
2019-01-18 15:02:14,013 24 loss=0.6753616137812197
2019-01-18 15:02:14,014 25 loss=0.6667872683234952
2019-01-18 15:02:14,016 26 loss=0.6585151653895351
2019-01-18 15:02:14,017 27 loss=0.6505318256442618
2019-01-18 15:02:14,018 28 loss=0.642824422143986
2019-01-18 15:02:14,019 29 loss=0.6353807491665276
2019-01-18 15:02:14,021 30 loss=0.6281891921750996
2019-01-18 15:02:14,021 
*** Major Checkpoint. Computing Stats and Saving
2019-01-18 15:02:14,021 	 Computing Major Stats lazily... 
2019-01-18 15:02:14,025 		 Completed edges=1190 good=1190 bad=0
2019-01-18 15:02:14,031 Distortion avg=0.7633666257134729 wc=31.51952679437153 me=1.2703378795516178 mc=24.81192389972403 nan_elements=0
2019-01-18 15:02:14,031 MAP = 0.0565788790040873
2019-01-18 15:02:14,031 scale=[array([1.])]
2019-01-18 15:02:14,031 *** End Major Checkpoint

2019-01-18 15:02:14,032 31 loss=0.6212386989609622
2019-01-18 15:02:14,033 32 loss=0.6145187519844324
2019-01-18 15:02:14,034 33 loss=0.6080193419152465
2019-01-18 15:02:14,036 34 loss=0.6017309423596969
2019-01-18 15:02:14,037 35 loss=0.5956444857521638
2019-01-18 15:02:14,038 36 loss=0.5897513403816386
2019-01-18 15:02:14,039 37 loss=0.584043288518991
2019-01-18 15:02:14,041 38 loss=0.5785125056074195
2019-01-18 15:02:14,042 39 loss=0.5731515404764969
2019-01-18 15:02:14,043 40 loss=0.5679532965390761
2019-01-18 15:02:14,043 
*** Major Checkpoint. Computing Stats and Saving
2019-01-18 15:02:14,043 	 Computing Major Stats lazily... 
2019-01-18 15:02:14,048 		 Completed edges=1190 good=1190 bad=0
2019-01-18 15:02:14,053 Distortion avg=0.724965574186904 wc=29.2889259638788 me=1.5088671204921615 mc=19.411202992033754 nan_elements=0
2019-01-18 15:02:14,053 MAP = 0.057161515701858914
2019-01-18 15:02:14,053 scale=[array([1.])]
2019-01-18 15:02:14,053 *** End Major Checkpoint

2019-01-18 15:02:14,055 41 loss=0.5629110139298956
2019-01-18 15:02:14,056 42 loss=0.5580182525448073
2019-01-18 15:02:14,057 43 loss=0.5532688759400647
2019-01-18 15:02:14,058 44 loss=0.5486570360518691
2019-01-18 15:02:14,060 45 loss=0.5441771586973997
2019-01-18 15:02:14,062 46 loss=0.5398239298196951
2019-01-18 15:02:14,063 47 loss=0.5355922824400223
2019-01-18 15:02:14,064 48 loss=0.5314773842827004
2019-01-18 15:02:14,065 49 loss=0.527474626038723
2019-01-18 15:02:14,067 50 loss=0.5235796102359044
2019-01-18 15:02:14,067 
*** Major Checkpoint. Computing Stats and Saving
2019-01-18 15:02:14,067 	 Computing Major Stats lazily... 
2019-01-18 15:02:14,071 		 Completed edges=1190 good=1190 bad=0
2019-01-18 15:02:14,077 Distortion avg=0.6955371023982164 wc=27.29006276272239 me=1.690762673438394 mc=16.140682067001375 nan_elements=0
2019-01-18 15:02:14,077 MAP = 0.058767887328645775
2019-01-18 15:02:14,077 scale=[array([1.])]
2019-01-18 15:02:14,077 *** End Major Checkpoint

2019-01-18 15:02:14,077 final loss=0.5235796102359044
2019-01-18 15:02:14,077 best loss=0.5235796102359044, distortion=0.6955371023982164, map=0.058767887328645775, wc_dist=27.29006276272239
2019-01-18 15:02:14,077 	 Computing Major Stats lazily... 
2019-01-18 15:02:14,081 		 Completed edges=1190 good=1190 bad=0
2019-01-18 15:02:14,087 Distortion avg=0.6955371023982164 wc=27.29006276272239 me=1.690762673438394 mc=16.140682067001375 nan_elements=0
2019-01-18 15:02:14,087 MAP = 0.058767887328645796
2019-01-18 15:02:14,087 scale=[array([1.])]
